submitit INFO (2022-10-02 00:56:25,496) - Starting with JobEnvironment(job_id=883327_8, hostname=g2-compute-97.coecis.cornell.edu, local_rank=0(1), node=0(1), global_rank=0(1))
submitit INFO (2022-10-02 00:56:25,496) - Loading pickle: /home/gid-cakmaks/contextual_rs/experiments/wsc_experiments/logs/883327_8/883327_8_submitted.pkl
Starting label LEVI, seed 8, iteration 0, time: 0.0003962516784667969
Starting label LEVI, seed 8, iteration 10, time: 2.1622986793518066
Starting label LEVI, seed 8, iteration 20, time: 4.353524923324585
Starting label LEVI, seed 8, iteration 30, time: 6.488963842391968
Starting label LEVI, seed 8, iteration 40, time: 8.704538106918335
Starting label LEVI, seed 8, iteration 50, time: 10.907256126403809
Starting label LEVI, seed 8, iteration 60, time: 13.213774681091309
Starting label LEVI, seed 8, iteration 70, time: 15.424101114273071
Starting label LEVI, seed 8, iteration 80, time: 17.66072940826416
Starting label LEVI, seed 8, iteration 90, time: 19.960046768188477
Starting label LEVI, seed 8, iteration 100, time: 22.12298583984375
Starting label LEVI, seed 8, iteration 110, time: 24.353198289871216
Starting label LEVI, seed 8, iteration 120, time: 26.629007577896118
Starting label LEVI, seed 8, iteration 130, time: 28.941428899765015
Starting label LEVI, seed 8, iteration 140, time: 31.236085414886475
Starting label LEVI, seed 8, iteration 150, time: 33.46508526802063
Starting label LEVI, seed 8, iteration 160, time: 35.688122510910034
Starting label LEVI, seed 8, iteration 170, time: 38.075035095214844
Starting label LEVI, seed 8, iteration 180, time: 40.35747838020325
Starting label LEVI, seed 8, iteration 190, time: 42.72013974189758
Starting label LEVI, seed 8, iteration 200, time: 45.13780903816223
Starting label LEVI, seed 8, iteration 210, time: 47.463576555252075
Starting label LEVI, seed 8, iteration 220, time: 49.920644998550415
Starting label LEVI, seed 8, iteration 230, time: 52.32932162284851
Starting label LEVI, seed 8, iteration 240, time: 54.70375084877014
Starting label LEVI, seed 8, iteration 250, time: 57.120357275009155
Starting label LEVI, seed 8, iteration 260, time: 59.410844564437866
Starting label LEVI, seed 8, iteration 270, time: 61.7211799621582
Starting label LEVI, seed 8, iteration 280, time: 64.21881341934204
Starting label LEVI, seed 8, iteration 290, time: 66.68222498893738
Starting label LEVI, seed 8, iteration 300, time: 69.18541526794434
Starting label LEVI, seed 8, iteration 310, time: 71.7538104057312
Starting label LEVI, seed 8, iteration 320, time: 74.32276391983032
Starting label LEVI, seed 8, iteration 330, time: 76.83022093772888
Starting label LEVI, seed 8, iteration 340, time: 79.46386098861694
Starting label LEVI, seed 8, iteration 350, time: 82.10205864906311
Starting label LEVI, seed 8, iteration 360, time: 84.62774562835693
Starting label LEVI, seed 8, iteration 370, time: 87.23702931404114
Starting label LEVI, seed 8, iteration 380, time: 89.9808406829834
Starting label LEVI, seed 8, iteration 390, time: 92.64694476127625
Starting label LEVI, seed 8, iteration 400, time: 95.21030831336975
Starting label LEVI, seed 8, iteration 410, time: 97.91765689849854
Starting label LEVI, seed 8, iteration 420, time: 100.44802379608154
Starting label LEVI, seed 8, iteration 430, time: 103.09110140800476
Starting label LEVI, seed 8, iteration 440, time: 105.80755472183228
Starting label LEVI, seed 8, iteration 450, time: 108.42952251434326
Starting label LEVI, seed 8, iteration 460, time: 111.12997031211853
Starting label LEVI, seed 8, iteration 470, time: 113.81650018692017
Starting label LEVI, seed 8, iteration 480, time: 116.53065991401672
Starting label LEVI, seed 8, iteration 490, time: 119.25116515159607
Starting label LEVI, seed 8, iteration 500, time: 121.8678081035614
Starting label LEVI, seed 8, iteration 510, time: 124.72710919380188
Starting label LEVI, seed 8, iteration 520, time: 127.79503965377808
Starting label LEVI, seed 8, iteration 530, time: 130.78192520141602
Starting label LEVI, seed 8, iteration 540, time: 133.55531096458435
Starting label LEVI, seed 8, iteration 550, time: 136.5462670326233
Starting label LEVI, seed 8, iteration 560, time: 139.52744603157043
Starting label LEVI, seed 8, iteration 570, time: 142.69965195655823
Starting label LEVI, seed 8, iteration 580, time: 145.96036958694458
Starting label LEVI, seed 8, iteration 590, time: 149.38247060775757
Starting label LEVI, seed 8, iteration 600, time: 152.43393421173096
Starting label LEVI, seed 8, iteration 610, time: 155.41280579566956
Starting label LEVI, seed 8, iteration 620, time: 158.6392822265625
Starting label LEVI, seed 8, iteration 630, time: 161.74275469779968
Starting label LEVI, seed 8, iteration 640, time: 165.65890431404114
Starting label LEVI, seed 8, iteration 650, time: 169.44229173660278
Starting label LEVI, seed 8, iteration 660, time: 173.47380447387695
Starting label LEVI, seed 8, iteration 670, time: 177.67197394371033
Starting label LEVI, seed 8, iteration 680, time: 181.83764553070068
Starting label LEVI, seed 8, iteration 690, time: 186.0002167224884
Starting label LEVI, seed 8, iteration 700, time: 190.39598178863525
Starting label LEVI, seed 8, iteration 710, time: 194.43099999427795
Starting label LEVI, seed 8, iteration 720, time: 198.38537621498108
Starting label LEVI, seed 8, iteration 730, time: 202.4044647216797
Starting label LEVI, seed 8, iteration 740, time: 206.41677856445312
Starting label LEVI, seed 8, iteration 750, time: 211.21723675727844
Starting label LEVI, seed 8, iteration 760, time: 215.46644854545593
Starting label LEVI, seed 8, iteration 770, time: 220.34606456756592
Starting label LEVI, seed 8, iteration 780, time: 225.4976396560669
Starting label LEVI, seed 8, iteration 790, time: 230.63567805290222
Starting label LEVI, seed 8, iteration 800, time: 235.8340301513672
Starting label LEVI, seed 8, iteration 810, time: 241.30717015266418
Starting label LEVI, seed 8, iteration 820, time: 246.76870584487915
Starting label LEVI, seed 8, iteration 830, time: 251.74340987205505
Starting label LEVI, seed 8, iteration 840, time: 258.3400688171387
Starting label LEVI, seed 8, iteration 850, time: 265.04160952568054
Starting label LEVI, seed 8, iteration 860, time: 271.59803104400635
Starting label LEVI, seed 8, iteration 870, time: 277.3727135658264
Starting label LEVI, seed 8, iteration 880, time: 283.82744431495667
Starting label LEVI, seed 8, iteration 890, time: 289.839572429657
Starting label LEVI, seed 8, iteration 900, time: 295.81974935531616
Starting label LEVI, seed 8, iteration 910, time: 301.9006886482239
Starting label LEVI, seed 8, iteration 920, time: 308.86774349212646
Starting label LEVI, seed 8, iteration 930, time: 315.866242647171
Starting label LEVI, seed 8, iteration 940, time: 322.7505383491516
Starting label LEVI, seed 8, iteration 950, time: 328.44331979751587
Starting label LEVI, seed 8, iteration 960, time: 334.2631804943085
Starting label LEVI, seed 8, iteration 970, time: 340.9261291027069
Starting label LEVI, seed 8, iteration 980, time: 346.87107610702515
Starting label LEVI, seed 8, iteration 990, time: 352.8848419189453
Starting label LEVI, seed 8, iteration 1000, time: 359.02285861968994
Starting label LEVI, seed 8, iteration 1010, time: 366.7849931716919
Starting label LEVI, seed 8, iteration 1020, time: 373.7131395339966
Starting label LEVI, seed 8, iteration 1030, time: 380.23745703697205
Starting label LEVI, seed 8, iteration 1040, time: 387.6506803035736
Starting label LEVI, seed 8, iteration 1050, time: 395.52737832069397
Starting label LEVI, seed 8, iteration 1060, time: 402.3559339046478
Starting label LEVI, seed 8, iteration 1070, time: 409.47945761680603
Starting label LEVI, seed 8, iteration 1080, time: 418.5287215709686
Starting label LEVI, seed 8, iteration 1090, time: 428.185914516449
Starting label LEVI, seed 8, iteration 1100, time: 437.9255657196045
Starting label LEVI, seed 8, iteration 1110, time: 448.0330903530121
Starting label LEVI, seed 8, iteration 1120, time: 456.0936291217804
Starting label LEVI, seed 8, iteration 1130, time: 464.1035168170929
Starting label LEVI, seed 8, iteration 1140, time: 486.52777338027954
Starting label LEVI, seed 8, iteration 1150, time: 494.98067808151245
Starting label LEVI, seed 8, iteration 1160, time: 503.28019094467163
Starting label LEVI, seed 8, iteration 1170, time: 512.0544331073761
Starting label LEVI, seed 8, iteration 1180, time: 520.9000186920166
Starting label LEVI, seed 8, iteration 1190, time: 529.8119518756866
Starting label LEVI, seed 8, iteration 1200, time: 538.6889989376068
Starting label LEVI, seed 8, iteration 1210, time: 547.6418397426605
Starting label LEVI, seed 8, iteration 1220, time: 556.6139793395996
Starting label LEVI, seed 8, iteration 1230, time: 565.5927662849426
Starting label LEVI, seed 8, iteration 1240, time: 574.9018688201904
Starting label LEVI, seed 8, iteration 1250, time: 583.9974060058594
Starting label LEVI, seed 8, iteration 1260, time: 593.2848837375641
Starting label LEVI, seed 8, iteration 1270, time: 603.2145290374756
Starting label LEVI, seed 8, iteration 1280, time: 612.8510665893555
Starting label LEVI, seed 8, iteration 1290, time: 624.3374004364014
Starting label LEVI, seed 8, iteration 1300, time: 636.5359795093536
Starting label LEVI, seed 8, iteration 1310, time: 649.9262704849243
Starting label LEVI, seed 8, iteration 1320, time: 663.071938753128
Starting label LEVI, seed 8, iteration 1330, time: 676.683666229248
Starting label LEVI, seed 8, iteration 1340, time: 691.2852971553802
Starting label LEVI, seed 8, iteration 1350, time: 705.8709216117859
Starting label LEVI, seed 8, iteration 1360, time: 720.8660788536072
Starting label LEVI, seed 8, iteration 1370, time: 735.3328514099121
Starting label LEVI, seed 8, iteration 1380, time: 748.9611196517944
Starting label LEVI, seed 8, iteration 1390, time: 763.1877534389496
Starting label LEVI, seed 8, iteration 1400, time: 778.5137481689453
Starting label LEVI, seed 8, iteration 1410, time: 794.7641139030457
Starting label LEVI, seed 8, iteration 1420, time: 812.3124189376831
Starting label LEVI, seed 8, iteration 1430, time: 829.8270213603973
Starting label LEVI, seed 8, iteration 1440, time: 847.2550048828125
Starting label LEVI, seed 8, iteration 1450, time: 864.5632112026215
Starting label LEVI, seed 8, iteration 1460, time: 881.0908567905426
Starting label LEVI, seed 8, iteration 1470, time: 895.8810641765594
Starting label LEVI, seed 8, iteration 1480, time: 915.4498860836029
Starting label LEVI, seed 8, iteration 1490, time: 934.5908527374268
Starting label LEVI, seed 8, iteration 1500, time: 952.4929885864258
Starting label LEVI, seed 8, iteration 1510, time: 972.7427787780762
Starting label LEVI, seed 8, iteration 1520, time: 991.7161622047424
Starting label LEVI, seed 8, iteration 1530, time: 1011.9987201690674
Starting label LEVI, seed 8, iteration 1540, time: 1031.0427527427673
Starting label LEVI, seed 8, iteration 1550, time: 1050.646279335022
Starting label LEVI, seed 8, iteration 1560, time: 1071.772851228714
Starting label LEVI, seed 8, iteration 1570, time: 1090.6994860172272
Starting label LEVI, seed 8, iteration 1580, time: 1113.0609102249146
Starting label LEVI, seed 8, iteration 1590, time: 1135.552073955536
Starting label LEVI, seed 8, iteration 1600, time: 1151.6603214740753
Starting label LEVI, seed 8, iteration 1610, time: 1171.9582483768463
Starting label LEVI, seed 8, iteration 1620, time: 1193.4335811138153
Starting label LEVI, seed 8, iteration 1630, time: 1215.226800918579
Starting label LEVI, seed 8, iteration 1640, time: 1240.8647339344025
Starting label LEVI, seed 8, iteration 1650, time: 1266.7240602970123
Starting label LEVI, seed 8, iteration 1660, time: 1290.9469420909882
Starting label LEVI, seed 8, iteration 1670, time: 1313.8455066680908
Starting label LEVI, seed 8, iteration 1680, time: 1339.759786605835
Starting label LEVI, seed 8, iteration 1690, time: 1365.30437541008
Starting label LEVI, seed 8, iteration 1700, time: 1392.2062377929688
Starting label LEVI, seed 8, iteration 1710, time: 1420.6130363941193
Starting label LEVI, seed 8, iteration 1720, time: 1448.943925857544
Starting label LEVI, seed 8, iteration 1730, time: 1477.1089506149292
Starting label LEVI, seed 8, iteration 1740, time: 1505.3616337776184
Starting label LEVI, seed 8, iteration 1750, time: 1535.786497592926
Starting label LEVI, seed 8, iteration 1760, time: 1559.853425502777
submitit WARNING (2022-10-02 01:22:36,295) - Bypassing signal SIGTERM
submitit WARNING (2022-10-02 01:22:36,296) - Bypassing signal SIGCONT
Starting label LEVI, seed 8, iteration 1770, time: 1582.9212186336517
