submitit INFO (2022-10-02 01:49:59,757) - Starting with JobEnvironment(job_id=883540_7, hostname=hariharan-compute-02.cs.cornell.edu, local_rank=0(1), node=0(1), global_rank=0(1))
submitit INFO (2022-10-02 01:49:59,757) - Loading pickle: /home/gid-cakmaks/contextual_rs/experiments/wsc_experiments/logs/883540_7/883540_7_submitted.pkl
Starting label LEVI, seed 27, iteration 0, time: 0.0007281303405761719
Starting label LEVI, seed 27, iteration 10, time: 5.813471794128418
Starting label LEVI, seed 27, iteration 20, time: 11.604515314102173
Starting label LEVI, seed 27, iteration 30, time: 17.31294870376587
Starting label LEVI, seed 27, iteration 40, time: 23.08522915840149
Starting label LEVI, seed 27, iteration 50, time: 28.795411825180054
Starting label LEVI, seed 27, iteration 60, time: 34.50834584236145
Starting label LEVI, seed 27, iteration 70, time: 40.639967918395996
Starting label LEVI, seed 27, iteration 80, time: 46.814581871032715
Starting label LEVI, seed 27, iteration 90, time: 52.7770779132843
Starting label LEVI, seed 27, iteration 100, time: 59.13233542442322
Starting label LEVI, seed 27, iteration 110, time: 65.85667562484741
Starting label LEVI, seed 27, iteration 120, time: 72.50119161605835
Starting label LEVI, seed 27, iteration 130, time: 79.04403591156006
Starting label LEVI, seed 27, iteration 140, time: 85.52347326278687
Starting label LEVI, seed 27, iteration 150, time: 91.92241764068604
Starting label LEVI, seed 27, iteration 160, time: 98.78073859214783
Starting label LEVI, seed 27, iteration 170, time: 105.86131238937378
Starting label LEVI, seed 27, iteration 180, time: 113.06305408477783
Starting label LEVI, seed 27, iteration 190, time: 120.12044048309326
Starting label LEVI, seed 27, iteration 200, time: 127.06472611427307
Starting label LEVI, seed 27, iteration 210, time: 133.9708206653595
Starting label LEVI, seed 27, iteration 220, time: 140.74120092391968
Starting label LEVI, seed 27, iteration 230, time: 147.72695183753967
Starting label LEVI, seed 27, iteration 240, time: 154.56259727478027
Starting label LEVI, seed 27, iteration 250, time: 161.41156196594238
Starting label LEVI, seed 27, iteration 260, time: 168.01211643218994
Starting label LEVI, seed 27, iteration 270, time: 175.173748254776
Starting label LEVI, seed 27, iteration 280, time: 182.11523723602295
Starting label LEVI, seed 27, iteration 290, time: 189.04641366004944
Starting label LEVI, seed 27, iteration 300, time: 196.02946996688843
Starting label LEVI, seed 27, iteration 310, time: 202.96555733680725
Starting label LEVI, seed 27, iteration 320, time: 210.1549322605133
Starting label LEVI, seed 27, iteration 330, time: 217.65567827224731
Starting label LEVI, seed 27, iteration 340, time: 224.95108795166016
Starting label LEVI, seed 27, iteration 350, time: 232.79561018943787
Starting label LEVI, seed 27, iteration 360, time: 240.19599151611328
Starting label LEVI, seed 27, iteration 370, time: 247.5383243560791
Starting label LEVI, seed 27, iteration 380, time: 254.9285387992859
Starting label LEVI, seed 27, iteration 390, time: 262.4460415840149
Starting label LEVI, seed 27, iteration 400, time: 269.77574396133423
Starting label LEVI, seed 27, iteration 410, time: 277.0882890224457
Starting label LEVI, seed 27, iteration 420, time: 284.6081063747406
Starting label LEVI, seed 27, iteration 430, time: 292.12349462509155
Starting label LEVI, seed 27, iteration 440, time: 299.5415949821472
Starting label LEVI, seed 27, iteration 450, time: 306.8736836910248
submitit WARNING (2022-10-02 01:55:12,525) - Bypassing signal SIGCONT
submitit WARNING (2022-10-02 01:55:12,626) - Bypassing signal SIGTERM
Starting label LEVI, seed 27, iteration 460, time: 314.2586569786072
Starting label LEVI, seed 27, iteration 470, time: 321.75208950042725
Starting label LEVI, seed 27, iteration 480, time: 328.999502658844
Starting label LEVI, seed 27, iteration 490, time: 336.59018421173096
