submitit INFO (2022-10-02 01:49:59,596) - Starting with JobEnvironment(job_id=883540_0, hostname=nikola-compute-04.cs.cornell.edu, local_rank=0(1), node=0(1), global_rank=0(1))
submitit INFO (2022-10-02 01:49:59,597) - Loading pickle: /home/gid-cakmaks/contextual_rs/experiments/wsc_experiments/logs/883540_0/883540_0_submitted.pkl
Starting label LEVI, seed 20, iteration 0, time: 0.00040912628173828125
Starting label LEVI, seed 20, iteration 10, time: 5.18986964225769
Starting label LEVI, seed 20, iteration 20, time: 10.31645917892456
Starting label LEVI, seed 20, iteration 30, time: 15.467587232589722
Starting label LEVI, seed 20, iteration 40, time: 20.59386920928955
Starting label LEVI, seed 20, iteration 50, time: 25.906731605529785
Starting label LEVI, seed 20, iteration 60, time: 31.1861355304718
Starting label LEVI, seed 20, iteration 70, time: 36.557294845581055
Starting label LEVI, seed 20, iteration 80, time: 41.985416650772095
Starting label LEVI, seed 20, iteration 90, time: 47.351505756378174
Starting label LEVI, seed 20, iteration 100, time: 52.9491605758667
Starting label LEVI, seed 20, iteration 110, time: 58.30204224586487
Starting label LEVI, seed 20, iteration 120, time: 63.88716459274292
Starting label LEVI, seed 20, iteration 130, time: 69.78926348686218
Starting label LEVI, seed 20, iteration 140, time: 75.50464081764221
Starting label LEVI, seed 20, iteration 150, time: 81.39026117324829
Starting label LEVI, seed 20, iteration 160, time: 87.22661232948303
Starting label LEVI, seed 20, iteration 170, time: 93.1684045791626
Starting label LEVI, seed 20, iteration 180, time: 99.12964725494385
Starting label LEVI, seed 20, iteration 190, time: 105.15106272697449
Starting label LEVI, seed 20, iteration 200, time: 110.91332459449768
Starting label LEVI, seed 20, iteration 210, time: 116.67007899284363
Starting label LEVI, seed 20, iteration 220, time: 122.54853630065918
Starting label LEVI, seed 20, iteration 230, time: 128.69365429878235
Starting label LEVI, seed 20, iteration 240, time: 134.7053782939911
Starting label LEVI, seed 20, iteration 250, time: 141.30552530288696
Starting label LEVI, seed 20, iteration 260, time: 147.9206621646881
Starting label LEVI, seed 20, iteration 270, time: 154.66138124465942
Starting label LEVI, seed 20, iteration 280, time: 161.19712734222412
Starting label LEVI, seed 20, iteration 290, time: 167.60053610801697
Starting label LEVI, seed 20, iteration 300, time: 174.05891513824463
Starting label LEVI, seed 20, iteration 310, time: 180.8450949192047
Starting label LEVI, seed 20, iteration 320, time: 187.50974225997925
Starting label LEVI, seed 20, iteration 330, time: 194.11702418327332
Starting label LEVI, seed 20, iteration 340, time: 200.60254645347595
Starting label LEVI, seed 20, iteration 350, time: 207.24713373184204
Starting label LEVI, seed 20, iteration 360, time: 213.99780201911926
Starting label LEVI, seed 20, iteration 370, time: 220.6826193332672
Starting label LEVI, seed 20, iteration 380, time: 227.54545307159424
Starting label LEVI, seed 20, iteration 390, time: 234.18904399871826
Starting label LEVI, seed 20, iteration 400, time: 240.9271068572998
Starting label LEVI, seed 20, iteration 410, time: 247.65945291519165
Starting label LEVI, seed 20, iteration 420, time: 254.2396903038025
Starting label LEVI, seed 20, iteration 430, time: 260.85864329338074
Starting label LEVI, seed 20, iteration 440, time: 267.4930613040924
Starting label LEVI, seed 20, iteration 450, time: 274.24051427841187
Starting label LEVI, seed 20, iteration 460, time: 280.8407018184662
Starting label LEVI, seed 20, iteration 470, time: 287.2224078178406
Starting label LEVI, seed 20, iteration 480, time: 293.8164162635803
Starting label LEVI, seed 20, iteration 490, time: 300.4382257461548
Starting label LEVI, seed 20, iteration 500, time: 306.46232628822327
submitit WARNING (2022-10-02 01:55:12,454) - Bypassing signal SIGCONT
submitit WARNING (2022-10-02 01:55:12,459) - Bypassing signal SIGTERM
Starting label LEVI, seed 20, iteration 510, time: 312.8129503726959
Starting label LEVI, seed 20, iteration 520, time: 319.36465978622437
Starting label LEVI, seed 20, iteration 530, time: 325.8600399494171
Starting label LEVI, seed 20, iteration 540, time: 332.6565611362457
Starting label LEVI, seed 20, iteration 550, time: 339.62931871414185
