submitit INFO (2022-10-02 02:24:57,489) - Starting with JobEnvironment(job_id=883704_5, hostname=sablab-gpu-02.ece.cornell.edu, local_rank=0(1), node=0(1), global_rank=0(1))
submitit INFO (2022-10-02 02:24:57,489) - Loading pickle: /home/gid-cakmaks/contextual_rs/experiments/wsc_experiments/logs/883704_5/883704_5_submitted.pkl
Appending iterations to existing output!Warning: If parameters other than `iterations` have been changed, this will corrupt the output!
Starting label LEVI, seed 49, iteration 1800, time: 1559.844871520996
Starting label LEVI, seed 49, iteration 1810, time: 1577.2399508953094
Starting label LEVI, seed 49, iteration 1820, time: 1593.7908473014832
Starting label LEVI, seed 49, iteration 1830, time: 1612.5613090991974
Starting label LEVI, seed 49, iteration 1840, time: 1629.4219868183136
Starting label LEVI, seed 49, iteration 1850, time: 1645.724663734436
Starting label LEVI, seed 49, iteration 1860, time: 1663.287218093872
Starting label LEVI, seed 49, iteration 1870, time: 1680.9911704063416
Starting label LEVI, seed 49, iteration 1880, time: 1705.0346131324768
Starting label LEVI, seed 49, iteration 1890, time: 1730.3358297348022
Starting label LEVI, seed 49, iteration 1900, time: 1748.228030204773
Starting label LEVI, seed 49, iteration 1910, time: 1769.403254032135
Starting label LEVI, seed 49, iteration 1920, time: 1788.6712517738342
Starting label LEVI, seed 49, iteration 1930, time: 1813.0226843357086
Starting label LEVI, seed 49, iteration 1940, time: 1832.9879958629608
Starting label LEVI, seed 49, iteration 1950, time: 1851.5987436771393
Starting label LEVI, seed 49, iteration 1960, time: 1872.7442598342896
Starting label LEVI, seed 49, iteration 1970, time: 1890.7449598312378
Starting label LEVI, seed 49, iteration 1980, time: 1908.6886281967163
Starting label LEVI, seed 49, iteration 1990, time: 1930.929042816162
submitit INFO (2022-10-02 02:31:34,671) - Job completed successfully
