submitit INFO (2022-10-02 01:56:32,619) - Starting with JobEnvironment(job_id=883587_1, hostname=nikola-compute-03.cs.cornell.edu, local_rank=0(1), node=0(1), global_rank=0(1))
submitit INFO (2022-10-02 01:56:32,619) - Loading pickle: /home/gid-cakmaks/contextual_rs/experiments/wsc_experiments/logs/883587_1/883587_1_submitted.pkl
Appending iterations to existing output!Warning: If parameters other than `iterations` have been changed, this will corrupt the output!
Starting label LEVI, seed 29, iteration 600, time: 1560.3284707069397
Starting label LEVI, seed 29, iteration 610, time: 1563.4924111366272
Starting label LEVI, seed 29, iteration 620, time: 1566.3655698299408
Starting label LEVI, seed 29, iteration 630, time: 1569.3021326065063
Starting label LEVI, seed 29, iteration 640, time: 1572.223687171936
Starting label LEVI, seed 29, iteration 650, time: 1575.073121547699
Starting label LEVI, seed 29, iteration 660, time: 1578.0094909667969
Starting label LEVI, seed 29, iteration 670, time: 1580.8190071582794
Starting label LEVI, seed 29, iteration 680, time: 1583.7463219165802
Starting label LEVI, seed 29, iteration 690, time: 1586.57555270195
Starting label LEVI, seed 29, iteration 700, time: 1589.4120156764984
Starting label LEVI, seed 29, iteration 710, time: 1592.2396018505096
Starting label LEVI, seed 29, iteration 720, time: 1595.1044878959656
Starting label LEVI, seed 29, iteration 730, time: 1597.9448945522308
Starting label LEVI, seed 29, iteration 740, time: 1600.9157345294952
Starting label LEVI, seed 29, iteration 750, time: 1603.824496269226
Starting label LEVI, seed 29, iteration 760, time: 1606.7767796516418
Starting label LEVI, seed 29, iteration 770, time: 1609.668046951294
Starting label LEVI, seed 29, iteration 780, time: 1612.6234278678894
Starting label LEVI, seed 29, iteration 790, time: 1615.6311674118042
Starting label LEVI, seed 29, iteration 800, time: 1618.696012020111
Starting label LEVI, seed 29, iteration 810, time: 1621.9328308105469
Starting label LEVI, seed 29, iteration 820, time: 1625.0945961475372
Starting label LEVI, seed 29, iteration 830, time: 1628.2120172977448
Starting label LEVI, seed 29, iteration 840, time: 1631.3035118579865
Starting label LEVI, seed 29, iteration 850, time: 1634.5223190784454
Starting label LEVI, seed 29, iteration 860, time: 1637.6919429302216
Starting label LEVI, seed 29, iteration 870, time: 1640.7084774971008
Starting label LEVI, seed 29, iteration 880, time: 1643.7615938186646
Starting label LEVI, seed 29, iteration 890, time: 1646.8270931243896
Starting label LEVI, seed 29, iteration 900, time: 1649.9942772388458
Starting label LEVI, seed 29, iteration 910, time: 1653.1078305244446
Starting label LEVI, seed 29, iteration 920, time: 1656.27148604393
Starting label LEVI, seed 29, iteration 930, time: 1659.2374832630157
Starting label LEVI, seed 29, iteration 940, time: 1662.2818746566772
Starting label LEVI, seed 29, iteration 950, time: 1665.2315373420715
Starting label LEVI, seed 29, iteration 960, time: 1668.2968838214874
Starting label LEVI, seed 29, iteration 970, time: 1671.3406467437744
Starting label LEVI, seed 29, iteration 980, time: 1674.453180551529
Starting label LEVI, seed 29, iteration 990, time: 1677.676208972931
Starting label LEVI, seed 29, iteration 1000, time: 1680.708001613617
Starting label LEVI, seed 29, iteration 1010, time: 1683.7836110591888
Starting label LEVI, seed 29, iteration 1020, time: 1686.922195672989
Starting label LEVI, seed 29, iteration 1030, time: 1690.0430989265442
Starting label LEVI, seed 29, iteration 1040, time: 1693.261123418808
Starting label LEVI, seed 29, iteration 1050, time: 1696.5017461776733
Starting label LEVI, seed 29, iteration 1060, time: 1699.691090106964
Starting label LEVI, seed 29, iteration 1070, time: 1703.0526669025421
Starting label LEVI, seed 29, iteration 1080, time: 1706.4463939666748
Starting label LEVI, seed 29, iteration 1090, time: 1709.6138858795166
Starting label LEVI, seed 29, iteration 1100, time: 1712.7883925437927
Starting label LEVI, seed 29, iteration 1110, time: 1715.9440021514893
Starting label LEVI, seed 29, iteration 1120, time: 1719.2155520915985
Starting label LEVI, seed 29, iteration 1130, time: 1722.5276772975922
Starting label LEVI, seed 29, iteration 1140, time: 1725.8419239521027
Starting label LEVI, seed 29, iteration 1150, time: 1729.28874874115
submitit WARNING (2022-10-02 01:59:26,692) - Bypassing signal SIGCONT
submitit WARNING (2022-10-02 01:59:26,712) - Bypassing signal SIGTERM
Starting label LEVI, seed 29, iteration 1160, time: 1732.7457423210144
Starting label LEVI, seed 29, iteration 1170, time: 1736.05113530159
Starting label LEVI, seed 29, iteration 1180, time: 1739.360562801361
Starting label LEVI, seed 29, iteration 1190, time: 1742.7498579025269
Starting label LEVI, seed 29, iteration 1200, time: 1746.1383020877838
Starting label LEVI, seed 29, iteration 1210, time: 1749.5691285133362
Starting label LEVI, seed 29, iteration 1220, time: 1753.1120138168335
Starting label LEVI, seed 29, iteration 1230, time: 1756.6527202129364
Starting label LEVI, seed 29, iteration 1240, time: 1760.120328426361
