submitit INFO (2022-10-02 02:25:27,506) - Starting with JobEnvironment(job_id=883724_5, hostname=rush-compute-01.tech.cornell.edu, local_rank=0(1), node=0(1), global_rank=0(1))
submitit INFO (2022-10-02 02:25:27,506) - Loading pickle: /home/gid-cakmaks/contextual_rs/experiments/wsc_experiments/logs/883724_5/883724_5_submitted.pkl
Appending iterations to existing output!Warning: If parameters other than `iterations` have been changed, this will corrupt the output!
Starting label LEVI, seed 75, iteration 690, time: 212.77219152450562
Starting label LEVI, seed 75, iteration 700, time: 217.60514616966248
Starting label LEVI, seed 75, iteration 710, time: 221.74152278900146
Starting label LEVI, seed 75, iteration 720, time: 225.90636110305786
Starting label LEVI, seed 75, iteration 730, time: 230.20310759544373
Starting label LEVI, seed 75, iteration 740, time: 234.8666272163391
Starting label LEVI, seed 75, iteration 750, time: 239.72132444381714
Starting label LEVI, seed 75, iteration 760, time: 244.4348225593567
Starting label LEVI, seed 75, iteration 770, time: 249.16366720199585
Starting label LEVI, seed 75, iteration 780, time: 253.87227702140808
Starting label LEVI, seed 75, iteration 790, time: 259.0695049762726
Starting label LEVI, seed 75, iteration 800, time: 263.82102274894714
Starting label LEVI, seed 75, iteration 810, time: 268.4820899963379
Starting label LEVI, seed 75, iteration 820, time: 273.41324377059937
Starting label LEVI, seed 75, iteration 830, time: 278.3308947086334
Starting label LEVI, seed 75, iteration 840, time: 283.1032371520996
Starting label LEVI, seed 75, iteration 850, time: 288.15305256843567
Starting label LEVI, seed 75, iteration 860, time: 293.3077030181885
Starting label LEVI, seed 75, iteration 870, time: 298.37298011779785
Starting label LEVI, seed 75, iteration 880, time: 303.23867106437683
Starting label LEVI, seed 75, iteration 890, time: 308.5044801235199
Starting label LEVI, seed 75, iteration 900, time: 313.86011505126953
Starting label LEVI, seed 75, iteration 910, time: 319.33753204345703
Starting label LEVI, seed 75, iteration 920, time: 325.6491484642029
Starting label LEVI, seed 75, iteration 930, time: 330.76032066345215
Starting label LEVI, seed 75, iteration 940, time: 336.2383131980896
Starting label LEVI, seed 75, iteration 950, time: 342.1548523902893
Starting label LEVI, seed 75, iteration 960, time: 348.4400336742401
Starting label LEVI, seed 75, iteration 970, time: 354.7077388763428
Starting label LEVI, seed 75, iteration 980, time: 361.0984716415405
Starting label LEVI, seed 75, iteration 990, time: 366.8830373287201
Starting label LEVI, seed 75, iteration 1000, time: 373.0924859046936
Starting label LEVI, seed 75, iteration 1010, time: 379.04900789260864
Starting label LEVI, seed 75, iteration 1020, time: 384.9893093109131
Starting label LEVI, seed 75, iteration 1030, time: 391.125732421875
Starting label LEVI, seed 75, iteration 1040, time: 397.8908393383026
Starting label LEVI, seed 75, iteration 1050, time: 404.54361367225647
Starting label LEVI, seed 75, iteration 1060, time: 411.52055168151855
Starting label LEVI, seed 75, iteration 1070, time: 418.1700668334961
Starting label LEVI, seed 75, iteration 1080, time: 424.6177833080292
Starting label LEVI, seed 75, iteration 1090, time: 432.195100069046
Starting label LEVI, seed 75, iteration 1100, time: 438.47503566741943
Starting label LEVI, seed 75, iteration 1110, time: 445.2913234233856
Starting label LEVI, seed 75, iteration 1120, time: 452.585821390152
Starting label LEVI, seed 75, iteration 1130, time: 459.3388879299164
Starting label LEVI, seed 75, iteration 1140, time: 465.9522774219513
Starting label LEVI, seed 75, iteration 1150, time: 473.1657381057739
Starting label LEVI, seed 75, iteration 1160, time: 480.570597410202
Starting label LEVI, seed 75, iteration 1170, time: 487.6356313228607
Starting label LEVI, seed 75, iteration 1180, time: 493.9085133075714
Starting label LEVI, seed 75, iteration 1190, time: 500.51238775253296
Starting label LEVI, seed 75, iteration 1200, time: 507.2691617012024
Starting label LEVI, seed 75, iteration 1210, time: 514.2693374156952
Starting label LEVI, seed 75, iteration 1220, time: 522.2442193031311
Starting label LEVI, seed 75, iteration 1230, time: 529.1050922870636
Starting label LEVI, seed 75, iteration 1240, time: 537.4614269733429
Starting label LEVI, seed 75, iteration 1250, time: 544.9313914775848
Starting label LEVI, seed 75, iteration 1260, time: 554.0018117427826
Starting label LEVI, seed 75, iteration 1270, time: 562.203605890274
Starting label LEVI, seed 75, iteration 1280, time: 570.5673868656158
Starting label LEVI, seed 75, iteration 1290, time: 579.2942028045654
Starting label LEVI, seed 75, iteration 1300, time: 586.8366765975952
Starting label LEVI, seed 75, iteration 1310, time: 596.4746987819672
Starting label LEVI, seed 75, iteration 1320, time: 605.1980097293854
Starting label LEVI, seed 75, iteration 1330, time: 613.9710373878479
Starting label LEVI, seed 75, iteration 1340, time: 622.2894563674927
Starting label LEVI, seed 75, iteration 1350, time: 630.4083547592163
Starting label LEVI, seed 75, iteration 1360, time: 639.5391030311584
Starting label LEVI, seed 75, iteration 1370, time: 649.5257015228271
Starting label LEVI, seed 75, iteration 1380, time: 659.2176682949066
Starting label LEVI, seed 75, iteration 1390, time: 667.4455349445343
Starting label LEVI, seed 75, iteration 1400, time: 677.6096646785736
Starting label LEVI, seed 75, iteration 1410, time: 687.2689340114594
Starting label LEVI, seed 75, iteration 1420, time: 698.2938122749329
Starting label LEVI, seed 75, iteration 1430, time: 708.5965840816498
Starting label LEVI, seed 75, iteration 1440, time: 717.3716983795166
Starting label LEVI, seed 75, iteration 1450, time: 726.3733334541321
Starting label LEVI, seed 75, iteration 1460, time: 736.8391473293304
Starting label LEVI, seed 75, iteration 1470, time: 747.9494595527649
Starting label LEVI, seed 75, iteration 1480, time: 759.680449962616
Starting label LEVI, seed 75, iteration 1490, time: 770.5051951408386
Starting label LEVI, seed 75, iteration 1500, time: 780.9210166931152
Starting label LEVI, seed 75, iteration 1510, time: 791.8307073116302
Starting label LEVI, seed 75, iteration 1520, time: 801.4934544563293
Starting label LEVI, seed 75, iteration 1530, time: 812.8136160373688
Starting label LEVI, seed 75, iteration 1540, time: 825.1395626068115
Starting label LEVI, seed 75, iteration 1550, time: 837.7394328117371
Starting label LEVI, seed 75, iteration 1560, time: 848.221346616745
Starting label LEVI, seed 75, iteration 1570, time: 860.913496017456
Starting label LEVI, seed 75, iteration 1580, time: 873.9190788269043
Starting label LEVI, seed 75, iteration 1590, time: 885.2817008495331
Starting label LEVI, seed 75, iteration 1600, time: 899.2989504337311
Starting label LEVI, seed 75, iteration 1610, time: 914.4146194458008
Starting label LEVI, seed 75, iteration 1620, time: 929.2250926494598
Starting label LEVI, seed 75, iteration 1630, time: 941.8416168689728
Starting label LEVI, seed 75, iteration 1640, time: 954.9422039985657
Starting label LEVI, seed 75, iteration 1650, time: 970.5745813846588
Starting label LEVI, seed 75, iteration 1660, time: 984.8191132545471
Starting label LEVI, seed 75, iteration 1670, time: 1000.9644994735718
Starting label LEVI, seed 75, iteration 1680, time: 1016.973888874054
Starting label LEVI, seed 75, iteration 1690, time: 1033.3859457969666
Starting label LEVI, seed 75, iteration 1700, time: 1051.3743917942047
Starting label LEVI, seed 75, iteration 1710, time: 1069.0265820026398
Starting label LEVI, seed 75, iteration 1720, time: 1087.4193580150604
Starting label LEVI, seed 75, iteration 1730, time: 1102.3322443962097
Starting label LEVI, seed 75, iteration 1740, time: 1117.2411217689514
Starting label LEVI, seed 75, iteration 1750, time: 1132.3659942150116
Starting label LEVI, seed 75, iteration 1760, time: 1148.1122708320618
Starting label LEVI, seed 75, iteration 1770, time: 1164.2971267700195
Starting label LEVI, seed 75, iteration 1780, time: 1181.8007500171661
Starting label LEVI, seed 75, iteration 1790, time: 1199.1633989810944
Starting label LEVI, seed 75, iteration 1800, time: 1218.7884883880615
Starting label LEVI, seed 75, iteration 1810, time: 1234.915890455246
Starting label LEVI, seed 75, iteration 1820, time: 1253.7714865207672
Starting label LEVI, seed 75, iteration 1830, time: 1270.3100082874298
Starting label LEVI, seed 75, iteration 1840, time: 1291.2203023433685
Starting label LEVI, seed 75, iteration 1850, time: 1308.0882892608643
Starting label LEVI, seed 75, iteration 1860, time: 1324.3596358299255
Starting label LEVI, seed 75, iteration 1870, time: 1344.8540070056915
Starting label LEVI, seed 75, iteration 1880, time: 1360.6982717514038
Starting label LEVI, seed 75, iteration 1890, time: 1376.7229075431824
Starting label LEVI, seed 75, iteration 1900, time: 1393.0652902126312
Starting label LEVI, seed 75, iteration 1910, time: 1411.7062048912048
Starting label LEVI, seed 75, iteration 1920, time: 1429.0687522888184
Starting label LEVI, seed 75, iteration 1930, time: 1451.4857959747314
Starting label LEVI, seed 75, iteration 1940, time: 1467.752835035324
Starting label LEVI, seed 75, iteration 1950, time: 1485.3240807056427
Starting label LEVI, seed 75, iteration 1960, time: 1506.1153726577759
Starting label LEVI, seed 75, iteration 1970, time: 1529.779800415039
Starting label LEVI, seed 75, iteration 1980, time: 1547.478298664093
Starting label LEVI, seed 75, iteration 1990, time: 1567.3190894126892
submitit INFO (2022-10-02 02:48:36,833) - Job completed successfully
