submitit INFO (2022-10-02 04:15:44,418) - Starting with JobEnvironment(job_id=884064_9, hostname=compling-compute-02.compling.cornell.edu, local_rank=0(1), node=0(1), global_rank=0(1))
submitit INFO (2022-10-02 04:15:44,418) - Loading pickle: /home/gid-cakmaks/contextual_rs/experiments/wsc_experiments/logs/884064_9/884064_9_submitted.pkl
Appending iterations to existing output!Warning: If parameters other than `iterations` have been changed, this will corrupt the output!
Starting label LEVI, seed 79, iteration 430, time: 260.45160484313965
Starting label LEVI, seed 79, iteration 440, time: 265.24885869026184
Starting label LEVI, seed 79, iteration 450, time: 268.96052956581116
Starting label LEVI, seed 79, iteration 460, time: 272.72045493125916
Starting label LEVI, seed 79, iteration 470, time: 276.31820344924927
Starting label LEVI, seed 79, iteration 480, time: 280.1211447715759
Starting label LEVI, seed 79, iteration 490, time: 283.8225312232971
Starting label LEVI, seed 79, iteration 500, time: 287.5702340602875
Starting label LEVI, seed 79, iteration 510, time: 291.44239044189453
Starting label LEVI, seed 79, iteration 520, time: 295.14527702331543
Starting label LEVI, seed 79, iteration 530, time: 299.0372142791748
Starting label LEVI, seed 79, iteration 540, time: 302.83040475845337
Starting label LEVI, seed 79, iteration 550, time: 306.5648510456085
Starting label LEVI, seed 79, iteration 560, time: 310.26445508003235
Starting label LEVI, seed 79, iteration 570, time: 313.8997337818146
Starting label LEVI, seed 79, iteration 580, time: 317.570543050766
Starting label LEVI, seed 79, iteration 590, time: 321.2271726131439
Starting label LEVI, seed 79, iteration 600, time: 324.85705518722534
Starting label LEVI, seed 79, iteration 610, time: 328.6212680339813
Starting label LEVI, seed 79, iteration 620, time: 332.15523767471313
Starting label LEVI, seed 79, iteration 630, time: 335.7590489387512
Starting label LEVI, seed 79, iteration 640, time: 339.3955171108246
Starting label LEVI, seed 79, iteration 650, time: 343.12238025665283
Starting label LEVI, seed 79, iteration 660, time: 346.92352199554443
Starting label LEVI, seed 79, iteration 670, time: 350.7045636177063
Starting label LEVI, seed 79, iteration 680, time: 354.4841663837433
Starting label LEVI, seed 79, iteration 690, time: 358.326078414917
Starting label LEVI, seed 79, iteration 700, time: 362.1842532157898
Starting label LEVI, seed 79, iteration 710, time: 365.9908242225647
Starting label LEVI, seed 79, iteration 720, time: 369.7493486404419
Starting label LEVI, seed 79, iteration 730, time: 373.4302725791931
Starting label LEVI, seed 79, iteration 740, time: 377.29903078079224
Starting label LEVI, seed 79, iteration 750, time: 381.01806473731995
Starting label LEVI, seed 79, iteration 760, time: 384.8612928390503
Starting label LEVI, seed 79, iteration 770, time: 388.6541757583618
Starting label LEVI, seed 79, iteration 780, time: 392.4486668109894
Starting label LEVI, seed 79, iteration 790, time: 396.1839852333069
Starting label LEVI, seed 79, iteration 800, time: 399.96974420547485
Starting label LEVI, seed 79, iteration 810, time: 403.8582420349121
Starting label LEVI, seed 79, iteration 820, time: 407.6835765838623
Starting label LEVI, seed 79, iteration 830, time: 411.39627027511597
Starting label LEVI, seed 79, iteration 840, time: 415.1805069446564
Starting label LEVI, seed 79, iteration 850, time: 418.8661835193634
Starting label LEVI, seed 79, iteration 860, time: 422.5839214324951
Starting label LEVI, seed 79, iteration 870, time: 426.27462673187256
Starting label LEVI, seed 79, iteration 880, time: 430.0980885028839
Starting label LEVI, seed 79, iteration 890, time: 433.9282851219177
Starting label LEVI, seed 79, iteration 900, time: 437.6074495315552
Starting label LEVI, seed 79, iteration 910, time: 441.5205383300781
Starting label LEVI, seed 79, iteration 920, time: 445.8690376281738
Starting label LEVI, seed 79, iteration 930, time: 450.2248191833496
Starting label LEVI, seed 79, iteration 940, time: 454.5057830810547
Starting label LEVI, seed 79, iteration 950, time: 458.6002085208893
Starting label LEVI, seed 79, iteration 960, time: 462.589173078537
Starting label LEVI, seed 79, iteration 970, time: 466.8121192455292
Starting label LEVI, seed 79, iteration 980, time: 471.0338718891144
Starting label LEVI, seed 79, iteration 990, time: 475.2435235977173
Starting label LEVI, seed 79, iteration 1000, time: 479.5914590358734
Starting label LEVI, seed 79, iteration 1010, time: 483.8957989215851
Starting label LEVI, seed 79, iteration 1020, time: 488.2035276889801
Starting label LEVI, seed 79, iteration 1030, time: 492.5792832374573
Starting label LEVI, seed 79, iteration 1040, time: 496.73775839805603
Starting label LEVI, seed 79, iteration 1050, time: 500.81936049461365
Starting label LEVI, seed 79, iteration 1060, time: 505.227343082428
Starting label LEVI, seed 79, iteration 1070, time: 509.81512784957886
Starting label LEVI, seed 79, iteration 1080, time: 514.4374017715454
Starting label LEVI, seed 79, iteration 1090, time: 518.9977531433105
Starting label LEVI, seed 79, iteration 1100, time: 523.5543377399445
Starting label LEVI, seed 79, iteration 1110, time: 527.9739475250244
Starting label LEVI, seed 79, iteration 1120, time: 532.4543786048889
Starting label LEVI, seed 79, iteration 1130, time: 536.8987567424774
Starting label LEVI, seed 79, iteration 1140, time: 541.479434967041
Starting label LEVI, seed 79, iteration 1150, time: 545.8962745666504
Starting label LEVI, seed 79, iteration 1160, time: 550.2869427204132
Starting label LEVI, seed 79, iteration 1170, time: 554.7133388519287
Starting label LEVI, seed 79, iteration 1180, time: 561.2106401920319
Starting label LEVI, seed 79, iteration 1190, time: 565.8847010135651
Starting label LEVI, seed 79, iteration 1200, time: 569.9449791908264
Starting label LEVI, seed 79, iteration 1210, time: 574.1744155883789
Starting label LEVI, seed 79, iteration 1220, time: 578.3578417301178
Starting label LEVI, seed 79, iteration 1230, time: 582.6375889778137
Starting label LEVI, seed 79, iteration 1240, time: 586.6814806461334
Starting label LEVI, seed 79, iteration 1250, time: 590.791417837143
Starting label LEVI, seed 79, iteration 1260, time: 594.9319076538086
Starting label LEVI, seed 79, iteration 1270, time: 599.0618436336517
Starting label LEVI, seed 79, iteration 1280, time: 603.2216560840607
Starting label LEVI, seed 79, iteration 1290, time: 607.3128106594086
Starting label LEVI, seed 79, iteration 1300, time: 611.3736705780029
Starting label LEVI, seed 79, iteration 1310, time: 615.4140427112579
Starting label LEVI, seed 79, iteration 1320, time: 619.3914275169373
Starting label LEVI, seed 79, iteration 1330, time: 623.5314662456512
Starting label LEVI, seed 79, iteration 1340, time: 627.6518280506134
Starting label LEVI, seed 79, iteration 1350, time: 631.6797242164612
Starting label LEVI, seed 79, iteration 1360, time: 635.6715967655182
Starting label LEVI, seed 79, iteration 1370, time: 639.6781702041626
Starting label LEVI, seed 79, iteration 1380, time: 643.4935250282288
Starting label LEVI, seed 79, iteration 1390, time: 647.3837921619415
Starting label LEVI, seed 79, iteration 1400, time: 651.3001461029053
Starting label LEVI, seed 79, iteration 1410, time: 655.0322468280792
Starting label LEVI, seed 79, iteration 1420, time: 658.8337614536285
Starting label LEVI, seed 79, iteration 1430, time: 662.7853710651398
Starting label LEVI, seed 79, iteration 1440, time: 666.6011357307434
Starting label LEVI, seed 79, iteration 1450, time: 670.3734641075134
Starting label LEVI, seed 79, iteration 1460, time: 674.2588646411896
Starting label LEVI, seed 79, iteration 1470, time: 678.0344965457916
Starting label LEVI, seed 79, iteration 1480, time: 681.8484253883362
Starting label LEVI, seed 79, iteration 1490, time: 685.7361736297607
Starting label LEVI, seed 79, iteration 1500, time: 689.4554286003113
Starting label LEVI, seed 79, iteration 1510, time: 693.4340076446533
Starting label LEVI, seed 79, iteration 1520, time: 697.2657465934753
Starting label LEVI, seed 79, iteration 1530, time: 701.2101712226868
Starting label LEVI, seed 79, iteration 1540, time: 705.1532201766968
Starting label LEVI, seed 79, iteration 1550, time: 709.2755870819092
Starting label LEVI, seed 79, iteration 1560, time: 713.4151303768158
Starting label LEVI, seed 79, iteration 1570, time: 717.5043959617615
Starting label LEVI, seed 79, iteration 1580, time: 721.5595190525055
Starting label LEVI, seed 79, iteration 1590, time: 725.8856143951416
Starting label LEVI, seed 79, iteration 1600, time: 730.2486715316772
Starting label LEVI, seed 79, iteration 1610, time: 734.8664047718048
Starting label LEVI, seed 79, iteration 1620, time: 739.3498418331146
Starting label LEVI, seed 79, iteration 1630, time: 743.6754939556122
Starting label LEVI, seed 79, iteration 1640, time: 748.1563715934753
Starting label LEVI, seed 79, iteration 1650, time: 752.5567259788513
Starting label LEVI, seed 79, iteration 1660, time: 756.9753723144531
Starting label LEVI, seed 79, iteration 1670, time: 761.5563294887543
Starting label LEVI, seed 79, iteration 1680, time: 766.0896728038788
Starting label LEVI, seed 79, iteration 1690, time: 770.579776763916
Starting label LEVI, seed 79, iteration 1700, time: 774.9054477214813
Starting label LEVI, seed 79, iteration 1710, time: 779.2372334003448
Starting label LEVI, seed 79, iteration 1720, time: 783.667727470398
Starting label LEVI, seed 79, iteration 1730, time: 788.0646450519562
Starting label LEVI, seed 79, iteration 1740, time: 792.5257253646851
Starting label LEVI, seed 79, iteration 1750, time: 797.0398151874542
Starting label LEVI, seed 79, iteration 1760, time: 801.2882311344147
Starting label LEVI, seed 79, iteration 1770, time: 805.9952549934387
Starting label LEVI, seed 79, iteration 1780, time: 810.9609894752502
Starting label LEVI, seed 79, iteration 1790, time: 815.861368894577
Starting label LEVI, seed 79, iteration 1800, time: 820.7175936698914
Starting label LEVI, seed 79, iteration 1810, time: 825.4185757637024
Starting label LEVI, seed 79, iteration 1820, time: 830.6458151340485
Starting label LEVI, seed 79, iteration 1830, time: 835.7206597328186
Starting label LEVI, seed 79, iteration 1840, time: 840.7872903347015
Starting label LEVI, seed 79, iteration 1850, time: 846.0640361309052
Starting label LEVI, seed 79, iteration 1860, time: 851.2380306720734
Starting label LEVI, seed 79, iteration 1870, time: 856.6791763305664
Starting label LEVI, seed 79, iteration 1880, time: 862.2593343257904
Starting label LEVI, seed 79, iteration 1890, time: 867.448860168457
Starting label LEVI, seed 79, iteration 1900, time: 872.457884311676
Starting label LEVI, seed 79, iteration 1910, time: 877.7632827758789
Starting label LEVI, seed 79, iteration 1920, time: 883.0405089855194
Starting label LEVI, seed 79, iteration 1930, time: 888.085305929184
Starting label LEVI, seed 79, iteration 1940, time: 893.544891834259
Starting label LEVI, seed 79, iteration 1950, time: 898.8656234741211
Starting label LEVI, seed 79, iteration 1960, time: 904.1154570579529
Starting label LEVI, seed 79, iteration 1970, time: 909.6334149837494
Starting label LEVI, seed 79, iteration 1980, time: 914.9250848293304
Starting label LEVI, seed 79, iteration 1990, time: 920.0782525539398
submitit INFO (2022-10-02 04:26:51,738) - Job completed successfully
