submitit INFO (2022-10-02 00:56:26,134) - Starting with JobEnvironment(job_id=883347_6, hostname=sablab-gpu-06.ece.cornell.edu, local_rank=0(1), node=0(1), global_rank=0(1))
submitit INFO (2022-10-02 00:56:26,134) - Loading pickle: /home/gid-cakmaks/contextual_rs/experiments/wsc_experiments/logs/883347_6/883347_6_submitted.pkl
Starting label LEVI, seed 26, iteration 0, time: 0.0005958080291748047
Starting label LEVI, seed 26, iteration 10, time: 2.814753532409668
Starting label LEVI, seed 26, iteration 20, time: 5.495476722717285
Starting label LEVI, seed 26, iteration 30, time: 8.137155294418335
Starting label LEVI, seed 26, iteration 40, time: 10.791776657104492
Starting label LEVI, seed 26, iteration 50, time: 13.945810556411743
Starting label LEVI, seed 26, iteration 60, time: 17.20264482498169
Starting label LEVI, seed 26, iteration 70, time: 19.91655397415161
Starting label LEVI, seed 26, iteration 80, time: 22.71923828125
Starting label LEVI, seed 26, iteration 90, time: 26.019184112548828
Starting label LEVI, seed 26, iteration 100, time: 28.943601369857788
Starting label LEVI, seed 26, iteration 110, time: 32.16739511489868
Starting label LEVI, seed 26, iteration 120, time: 34.99284911155701
Starting label LEVI, seed 26, iteration 130, time: 38.216734647750854
Starting label LEVI, seed 26, iteration 140, time: 41.54016399383545
Starting label LEVI, seed 26, iteration 150, time: 44.81986927986145
Starting label LEVI, seed 26, iteration 160, time: 47.57405686378479
Starting label LEVI, seed 26, iteration 170, time: 50.35265064239502
Starting label LEVI, seed 26, iteration 180, time: 53.12121796607971
Starting label LEVI, seed 26, iteration 190, time: 56.22469758987427
Starting label LEVI, seed 26, iteration 200, time: 59.50503325462341
Starting label LEVI, seed 26, iteration 210, time: 62.814396381378174
Starting label LEVI, seed 26, iteration 220, time: 66.24581289291382
Starting label LEVI, seed 26, iteration 230, time: 69.60134935379028
Starting label LEVI, seed 26, iteration 240, time: 72.93451595306396
Starting label LEVI, seed 26, iteration 250, time: 75.83370518684387
Starting label LEVI, seed 26, iteration 260, time: 78.67819213867188
Starting label LEVI, seed 26, iteration 270, time: 81.47955465316772
Starting label LEVI, seed 26, iteration 280, time: 84.43189334869385
Starting label LEVI, seed 26, iteration 290, time: 87.37298274040222
Starting label LEVI, seed 26, iteration 300, time: 90.83452820777893
Starting label LEVI, seed 26, iteration 310, time: 94.2627010345459
Starting label LEVI, seed 26, iteration 320, time: 97.82603573799133
Starting label LEVI, seed 26, iteration 330, time: 101.3174889087677
Starting label LEVI, seed 26, iteration 340, time: 104.28757643699646
Starting label LEVI, seed 26, iteration 350, time: 107.73575067520142
Starting label LEVI, seed 26, iteration 360, time: 110.69633913040161
Starting label LEVI, seed 26, iteration 370, time: 113.89373874664307
Starting label LEVI, seed 26, iteration 380, time: 117.08645033836365
Starting label LEVI, seed 26, iteration 390, time: 120.81762957572937
Starting label LEVI, seed 26, iteration 400, time: 124.47080755233765
Starting label LEVI, seed 26, iteration 410, time: 128.141508102417
Starting label LEVI, seed 26, iteration 420, time: 131.83920216560364
Starting label LEVI, seed 26, iteration 430, time: 135.49541926383972
Starting label LEVI, seed 26, iteration 440, time: 138.69505906105042
Starting label LEVI, seed 26, iteration 450, time: 142.22287774085999
Starting label LEVI, seed 26, iteration 460, time: 146.33663868904114
Starting label LEVI, seed 26, iteration 470, time: 149.88772106170654
Starting label LEVI, seed 26, iteration 480, time: 153.4833037853241
Starting label LEVI, seed 26, iteration 490, time: 156.84361815452576
Starting label LEVI, seed 26, iteration 500, time: 160.68770265579224
Starting label LEVI, seed 26, iteration 510, time: 164.46633124351501
Starting label LEVI, seed 26, iteration 520, time: 168.05644917488098
Starting label LEVI, seed 26, iteration 530, time: 171.86527061462402
Starting label LEVI, seed 26, iteration 540, time: 175.66698002815247
Starting label LEVI, seed 26, iteration 550, time: 179.58939814567566
Starting label LEVI, seed 26, iteration 560, time: 183.56616759300232
Starting label LEVI, seed 26, iteration 570, time: 187.60977149009705
Starting label LEVI, seed 26, iteration 580, time: 191.32729840278625
Starting label LEVI, seed 26, iteration 590, time: 195.24174976348877
Starting label LEVI, seed 26, iteration 600, time: 199.39148259162903
Starting label LEVI, seed 26, iteration 610, time: 203.28455471992493
Starting label LEVI, seed 26, iteration 620, time: 207.35600519180298
Starting label LEVI, seed 26, iteration 630, time: 212.13610744476318
Starting label LEVI, seed 26, iteration 640, time: 216.17006921768188
Starting label LEVI, seed 26, iteration 650, time: 220.2829623222351
Starting label LEVI, seed 26, iteration 660, time: 224.50723433494568
Starting label LEVI, seed 26, iteration 670, time: 228.60715246200562
Starting label LEVI, seed 26, iteration 680, time: 233.51052165031433
Starting label LEVI, seed 26, iteration 690, time: 238.19606113433838
Starting label LEVI, seed 26, iteration 700, time: 242.8715856075287
Starting label LEVI, seed 26, iteration 710, time: 247.76812505722046
Starting label LEVI, seed 26, iteration 720, time: 252.710205078125
Starting label LEVI, seed 26, iteration 730, time: 257.2184085845947
Starting label LEVI, seed 26, iteration 740, time: 262.21039485931396
Starting label LEVI, seed 26, iteration 750, time: 267.37261748313904
Starting label LEVI, seed 26, iteration 760, time: 273.1170289516449
Starting label LEVI, seed 26, iteration 770, time: 278.0886285305023
Starting label LEVI, seed 26, iteration 780, time: 283.6042585372925
Starting label LEVI, seed 26, iteration 790, time: 289.23853969573975
Starting label LEVI, seed 26, iteration 800, time: 294.97212862968445
Starting label LEVI, seed 26, iteration 810, time: 300.47137117385864
Starting label LEVI, seed 26, iteration 820, time: 306.3518512248993
Starting label LEVI, seed 26, iteration 830, time: 311.3604111671448
Starting label LEVI, seed 26, iteration 840, time: 317.7803542613983
Starting label LEVI, seed 26, iteration 850, time: 324.2361538410187
Starting label LEVI, seed 26, iteration 860, time: 330.1060440540314
Starting label LEVI, seed 26, iteration 870, time: 336.5406062602997
Starting label LEVI, seed 26, iteration 880, time: 342.85512614250183
Starting label LEVI, seed 26, iteration 890, time: 348.8285377025604
Starting label LEVI, seed 26, iteration 900, time: 354.46370816230774
Starting label LEVI, seed 26, iteration 910, time: 360.7913250923157
Starting label LEVI, seed 26, iteration 920, time: 366.74107933044434
Starting label LEVI, seed 26, iteration 930, time: 372.7538113594055
Starting label LEVI, seed 26, iteration 940, time: 378.6492168903351
Starting label LEVI, seed 26, iteration 950, time: 385.74283385276794
Starting label LEVI, seed 26, iteration 960, time: 391.7499134540558
Starting label LEVI, seed 26, iteration 970, time: 398.6219391822815
Starting label LEVI, seed 26, iteration 980, time: 406.03694224357605
Starting label LEVI, seed 26, iteration 990, time: 413.1634273529053
Starting label LEVI, seed 26, iteration 1000, time: 420.2583522796631
Starting label LEVI, seed 26, iteration 1010, time: 426.9749524593353
Starting label LEVI, seed 26, iteration 1020, time: 435.15844225883484
Starting label LEVI, seed 26, iteration 1030, time: 442.1054883003235
Starting label LEVI, seed 26, iteration 1040, time: 449.7910852432251
Starting label LEVI, seed 26, iteration 1050, time: 458.89103507995605
Starting label LEVI, seed 26, iteration 1060, time: 466.46825075149536
Starting label LEVI, seed 26, iteration 1070, time: 475.72407579421997
Starting label LEVI, seed 26, iteration 1080, time: 483.97027254104614
Starting label LEVI, seed 26, iteration 1090, time: 492.08847761154175
Starting label LEVI, seed 26, iteration 1100, time: 501.1487991809845
Starting label LEVI, seed 26, iteration 1110, time: 510.15106868743896
Starting label LEVI, seed 26, iteration 1120, time: 517.9342126846313
Starting label LEVI, seed 26, iteration 1130, time: 525.9181385040283
Starting label LEVI, seed 26, iteration 1140, time: 536.1053037643433
Starting label LEVI, seed 26, iteration 1150, time: 544.3976073265076
Starting label LEVI, seed 26, iteration 1160, time: 552.9182860851288
Starting label LEVI, seed 26, iteration 1170, time: 561.1836745738983
Starting label LEVI, seed 26, iteration 1180, time: 570.2097189426422
Starting label LEVI, seed 26, iteration 1190, time: 578.8852646350861
Starting label LEVI, seed 26, iteration 1200, time: 588.1390438079834
Starting label LEVI, seed 26, iteration 1210, time: 598.610714673996
Starting label LEVI, seed 26, iteration 1220, time: 609.6836979389191
Starting label LEVI, seed 26, iteration 1230, time: 620.3327949047089
Starting label LEVI, seed 26, iteration 1240, time: 632.0000791549683
Starting label LEVI, seed 26, iteration 1250, time: 643.8691728115082
Starting label LEVI, seed 26, iteration 1260, time: 655.7545549869537
Starting label LEVI, seed 26, iteration 1270, time: 666.5906772613525
Starting label LEVI, seed 26, iteration 1280, time: 678.5630769729614
Starting label LEVI, seed 26, iteration 1290, time: 690.3115184307098
Starting label LEVI, seed 26, iteration 1300, time: 700.4391162395477
Starting label LEVI, seed 26, iteration 1310, time: 713.9041662216187
Starting label LEVI, seed 26, iteration 1320, time: 724.2388935089111
Starting label LEVI, seed 26, iteration 1330, time: 736.1597545146942
Starting label LEVI, seed 26, iteration 1340, time: 749.4012987613678
Starting label LEVI, seed 26, iteration 1350, time: 760.9137077331543
Starting label LEVI, seed 26, iteration 1360, time: 772.6678433418274
Starting label LEVI, seed 26, iteration 1370, time: 785.3427927494049
Starting label LEVI, seed 26, iteration 1380, time: 800.2644574642181
Starting label LEVI, seed 26, iteration 1390, time: 812.9521503448486
Starting label LEVI, seed 26, iteration 1400, time: 826.9944293498993
Starting label LEVI, seed 26, iteration 1410, time: 841.3638973236084
Starting label LEVI, seed 26, iteration 1420, time: 853.9823665618896
Starting label LEVI, seed 26, iteration 1430, time: 865.9414522647858
Starting label LEVI, seed 26, iteration 1440, time: 881.3454067707062
Starting label LEVI, seed 26, iteration 1450, time: 897.422593832016
Starting label LEVI, seed 26, iteration 1460, time: 909.8097057342529
Starting label LEVI, seed 26, iteration 1470, time: 923.6211194992065
Starting label LEVI, seed 26, iteration 1480, time: 937.9229414463043
Starting label LEVI, seed 26, iteration 1490, time: 951.4355766773224
Starting label LEVI, seed 26, iteration 1500, time: 965.0719239711761
Starting label LEVI, seed 26, iteration 1510, time: 981.7338306903839
Starting label LEVI, seed 26, iteration 1520, time: 996.7391486167908
Starting label LEVI, seed 26, iteration 1530, time: 1011.9269845485687
Starting label LEVI, seed 26, iteration 1540, time: 1026.3212904930115
Starting label LEVI, seed 26, iteration 1550, time: 1040.774501800537
Starting label LEVI, seed 26, iteration 1560, time: 1058.151997089386
Starting label LEVI, seed 26, iteration 1570, time: 1072.5900402069092
Starting label LEVI, seed 26, iteration 1580, time: 1088.500578403473
Starting label LEVI, seed 26, iteration 1590, time: 1104.37606716156
Starting label LEVI, seed 26, iteration 1600, time: 1123.6670279502869
Starting label LEVI, seed 26, iteration 1610, time: 1140.2791938781738
Starting label LEVI, seed 26, iteration 1620, time: 1160.6921925544739
Starting label LEVI, seed 26, iteration 1630, time: 1178.8874802589417
Starting label LEVI, seed 26, iteration 1640, time: 1195.92294049263
Starting label LEVI, seed 26, iteration 1650, time: 1215.8151535987854
Starting label LEVI, seed 26, iteration 1660, time: 1233.1484010219574
Starting label LEVI, seed 26, iteration 1670, time: 1249.9528028964996
Starting label LEVI, seed 26, iteration 1680, time: 1267.2975208759308
Starting label LEVI, seed 26, iteration 1690, time: 1284.2676403522491
Starting label LEVI, seed 26, iteration 1700, time: 1304.3778347969055
Starting label LEVI, seed 26, iteration 1710, time: 1322.35298037529
Starting label LEVI, seed 26, iteration 1720, time: 1343.1692571640015
Starting label LEVI, seed 26, iteration 1730, time: 1359.330188035965
Starting label LEVI, seed 26, iteration 1740, time: 1376.2515602111816
Starting label LEVI, seed 26, iteration 1750, time: 1394.6345119476318
Starting label LEVI, seed 26, iteration 1760, time: 1412.903995513916
Starting label LEVI, seed 26, iteration 1770, time: 1435.6064183712006
Starting label LEVI, seed 26, iteration 1780, time: 1453.0619144439697
Starting label LEVI, seed 26, iteration 1790, time: 1471.155603170395
Starting label LEVI, seed 26, iteration 1800, time: 1489.591079711914
Starting label LEVI, seed 26, iteration 1810, time: 1508.0667068958282
Starting label LEVI, seed 26, iteration 1820, time: 1525.478935956955
Starting label LEVI, seed 26, iteration 1830, time: 1543.2498271465302
Starting label LEVI, seed 26, iteration 1840, time: 1561.2221894264221
submitit WARNING (2022-10-02 01:22:36,104) - Bypassing signal SIGCONT
submitit WARNING (2022-10-02 01:22:36,111) - Bypassing signal SIGTERM
Starting label LEVI, seed 26, iteration 1850, time: 1579.0768809318542
