submitit INFO (2022-10-02 13:26:42,464) - Starting with JobEnvironment(job_id=884531_2, hostname=hariharan-compute-02.cs.cornell.edu, local_rank=0(1), node=0(1), global_rank=0(1))
submitit INFO (2022-10-02 13:26:42,464) - Loading pickle: /home/gid-cakmaks/contextual_rs/experiments/wsc_experiments/logs/884531_2/884531_2_submitted.pkl
Appending iterations to existing output!Warning: If parameters other than `iterations` have been changed, this will corrupt the output!
Starting label LEVI, seed 12, iteration 540, time: 343.6131544113159
Starting label LEVI, seed 12, iteration 550, time: 350.86166310310364
Starting label LEVI, seed 12, iteration 560, time: 357.97259879112244
Starting label LEVI, seed 12, iteration 570, time: 365.136004447937
Starting label LEVI, seed 12, iteration 580, time: 372.1683382987976
Starting label LEVI, seed 12, iteration 590, time: 379.36713886260986
Starting label LEVI, seed 12, iteration 600, time: 386.57465624809265
Starting label LEVI, seed 12, iteration 610, time: 393.73104906082153
Starting label LEVI, seed 12, iteration 620, time: 400.83964133262634
Starting label LEVI, seed 12, iteration 630, time: 407.95295548439026
Starting label LEVI, seed 12, iteration 640, time: 415.21701216697693
Starting label LEVI, seed 12, iteration 650, time: 422.656405210495
Starting label LEVI, seed 12, iteration 660, time: 431.091525554657
Starting label LEVI, seed 12, iteration 670, time: 439.3746027946472
Starting label LEVI, seed 12, iteration 680, time: 447.0778138637543
Starting label LEVI, seed 12, iteration 690, time: 455.00571966171265
Starting label LEVI, seed 12, iteration 700, time: 466.48787474632263
Starting label LEVI, seed 12, iteration 710, time: 479.6703643798828
Starting label LEVI, seed 12, iteration 720, time: 490.90615797042847
Starting label LEVI, seed 12, iteration 730, time: 502.7079989910126
Starting label LEVI, seed 12, iteration 740, time: 512.243723154068
Starting label LEVI, seed 12, iteration 750, time: 522.2878556251526
Starting label LEVI, seed 12, iteration 760, time: 532.1360023021698
Starting label LEVI, seed 12, iteration 770, time: 544.0092148780823
Starting label LEVI, seed 12, iteration 780, time: 553.8929505348206
Starting label LEVI, seed 12, iteration 790, time: 564.7511322498322
Starting label LEVI, seed 12, iteration 800, time: 576.0323283672333
Starting label LEVI, seed 12, iteration 810, time: 586.3264269828796
Starting label LEVI, seed 12, iteration 820, time: 596.7788240909576
Starting label LEVI, seed 12, iteration 830, time: 606.1251375675201
Starting label LEVI, seed 12, iteration 840, time: 615.333827495575
Starting label LEVI, seed 12, iteration 850, time: 624.2083194255829
Starting label LEVI, seed 12, iteration 860, time: 632.9186651706696
Starting label LEVI, seed 12, iteration 870, time: 641.9452641010284
Starting label LEVI, seed 12, iteration 880, time: 650.4818017482758
Starting label LEVI, seed 12, iteration 890, time: 659.0447609424591
Starting label LEVI, seed 12, iteration 900, time: 667.9030437469482
Starting label LEVI, seed 12, iteration 910, time: 676.480916261673
Starting label LEVI, seed 12, iteration 920, time: 684.888302564621
Starting label LEVI, seed 12, iteration 930, time: 692.9024024009705
Starting label LEVI, seed 12, iteration 940, time: 701.0291366577148
Starting label LEVI, seed 12, iteration 950, time: 709.3178703784943
Starting label LEVI, seed 12, iteration 960, time: 717.7389459609985
Starting label LEVI, seed 12, iteration 970, time: 726.1217670440674
Starting label LEVI, seed 12, iteration 980, time: 734.5325162410736
Starting label LEVI, seed 12, iteration 990, time: 742.8854911327362
Starting label LEVI, seed 12, iteration 1000, time: 751.3587284088135
Starting label LEVI, seed 12, iteration 1010, time: 759.4557118415833
Starting label LEVI, seed 12, iteration 1020, time: 767.9338140487671
Starting label LEVI, seed 12, iteration 1030, time: 776.32914686203
Starting label LEVI, seed 12, iteration 1040, time: 784.2089655399323
Starting label LEVI, seed 12, iteration 1050, time: 792.3735723495483
Starting label LEVI, seed 12, iteration 1060, time: 800.5202124118805
Starting label LEVI, seed 12, iteration 1070, time: 808.9959540367126
Starting label LEVI, seed 12, iteration 1080, time: 818.2545435428619
Starting label LEVI, seed 12, iteration 1090, time: 827.4196202754974
Starting label LEVI, seed 12, iteration 1100, time: 836.0944037437439
Starting label LEVI, seed 12, iteration 1110, time: 844.6237485408783
Starting label LEVI, seed 12, iteration 1120, time: 853.3050801753998
Starting label LEVI, seed 12, iteration 1130, time: 861.7867963314056
Starting label LEVI, seed 12, iteration 1140, time: 870.0346822738647
Starting label LEVI, seed 12, iteration 1150, time: 878.6047310829163
Starting label LEVI, seed 12, iteration 1160, time: 887.752571105957
Starting label LEVI, seed 12, iteration 1170, time: 897.1532278060913
Starting label LEVI, seed 12, iteration 1180, time: 906.5160455703735
Starting label LEVI, seed 12, iteration 1190, time: 915.3978791236877
Starting label LEVI, seed 12, iteration 1200, time: 924.0840466022491
Starting label LEVI, seed 12, iteration 1210, time: 933.0141277313232
Starting label LEVI, seed 12, iteration 1220, time: 942.187849521637
Starting label LEVI, seed 12, iteration 1230, time: 951.2768688201904
Starting label LEVI, seed 12, iteration 1240, time: 960.3745591640472
Starting label LEVI, seed 12, iteration 1250, time: 969.3673269748688
Starting label LEVI, seed 12, iteration 1260, time: 978.6515455245972
Starting label LEVI, seed 12, iteration 1270, time: 988.033066034317
Starting label LEVI, seed 12, iteration 1280, time: 997.2557349205017
Starting label LEVI, seed 12, iteration 1290, time: 1006.4345016479492
Starting label LEVI, seed 12, iteration 1300, time: 1015.5215117931366
Starting label LEVI, seed 12, iteration 1310, time: 1025.4356791973114
Starting label LEVI, seed 12, iteration 1320, time: 1035.1661953926086
Starting label LEVI, seed 12, iteration 1330, time: 1044.714170217514
Starting label LEVI, seed 12, iteration 1340, time: 1054.3983170986176
Starting label LEVI, seed 12, iteration 1350, time: 1064.0621185302734
Starting label LEVI, seed 12, iteration 1360, time: 1073.2553770542145
Starting label LEVI, seed 12, iteration 1370, time: 1082.9522864818573
Starting label LEVI, seed 12, iteration 1380, time: 1092.1117568016052
Starting label LEVI, seed 12, iteration 1390, time: 1101.6240499019623
Starting label LEVI, seed 12, iteration 1400, time: 1110.9074544906616
Starting label LEVI, seed 12, iteration 1410, time: 1120.5308239459991
Starting label LEVI, seed 12, iteration 1420, time: 1130.4915237426758
Starting label LEVI, seed 12, iteration 1430, time: 1140.303894996643
Starting label LEVI, seed 12, iteration 1440, time: 1150.5614461898804
Starting label LEVI, seed 12, iteration 1450, time: 1159.7848329544067
Starting label LEVI, seed 12, iteration 1460, time: 1169.7855513095856
Starting label LEVI, seed 12, iteration 1470, time: 1179.7949433326721
Starting label LEVI, seed 12, iteration 1480, time: 1189.7345087528229
Starting label LEVI, seed 12, iteration 1490, time: 1200.2210597991943
Starting label LEVI, seed 12, iteration 1500, time: 1210.3734555244446
Starting label LEVI, seed 12, iteration 1510, time: 1220.7489750385284
Starting label LEVI, seed 12, iteration 1520, time: 1230.8160722255707
Starting label LEVI, seed 12, iteration 1530, time: 1241.591988325119
Starting label LEVI, seed 12, iteration 1540, time: 1253.9889779090881
Starting label LEVI, seed 12, iteration 1550, time: 1264.3208358287811
Starting label LEVI, seed 12, iteration 1560, time: 1275.077424287796
Starting label LEVI, seed 12, iteration 1570, time: 1285.5944349765778
Starting label LEVI, seed 12, iteration 1580, time: 1296.158543586731
Starting label LEVI, seed 12, iteration 1590, time: 1307.0824675559998
Starting label LEVI, seed 12, iteration 1600, time: 1317.5846302509308
Starting label LEVI, seed 12, iteration 1610, time: 1327.643553495407
Starting label LEVI, seed 12, iteration 1620, time: 1337.9928932189941
Starting label LEVI, seed 12, iteration 1630, time: 1347.4853796958923
Starting label LEVI, seed 12, iteration 1640, time: 1358.803412437439
Starting label LEVI, seed 12, iteration 1650, time: 1369.64111661911
Starting label LEVI, seed 12, iteration 1660, time: 1381.2472841739655
Starting label LEVI, seed 12, iteration 1670, time: 1393.5244097709656
Starting label LEVI, seed 12, iteration 1680, time: 1404.813159942627
Starting label LEVI, seed 12, iteration 1690, time: 1417.3211600780487
Starting label LEVI, seed 12, iteration 1700, time: 1428.612493276596
Starting label LEVI, seed 12, iteration 1710, time: 1440.1551260948181
Starting label LEVI, seed 12, iteration 1720, time: 1451.5731239318848
Starting label LEVI, seed 12, iteration 1730, time: 1463.5186817646027
Starting label LEVI, seed 12, iteration 1740, time: 1475.2987830638885
Starting label LEVI, seed 12, iteration 1750, time: 1488.3592348098755
Starting label LEVI, seed 12, iteration 1760, time: 1500.2126951217651
Starting label LEVI, seed 12, iteration 1770, time: 1514.2552642822266
Starting label LEVI, seed 12, iteration 1780, time: 1526.5368866920471
Starting label LEVI, seed 12, iteration 1790, time: 1539.5771906375885
Starting label LEVI, seed 12, iteration 1800, time: 1552.1980595588684
Starting label LEVI, seed 12, iteration 1810, time: 1564.9286811351776
Starting label LEVI, seed 12, iteration 1820, time: 1577.7577996253967
Starting label LEVI, seed 12, iteration 1830, time: 1590.4780106544495
Starting label LEVI, seed 12, iteration 1840, time: 1602.535096168518
Starting label LEVI, seed 12, iteration 1850, time: 1616.1849558353424
Starting label LEVI, seed 12, iteration 1860, time: 1630.7704515457153
Starting label LEVI, seed 12, iteration 1870, time: 1645.5986287593842
Starting label LEVI, seed 12, iteration 1880, time: 1660.1356399059296
Starting label LEVI, seed 12, iteration 1890, time: 1674.8556983470917
Starting label LEVI, seed 12, iteration 1900, time: 1687.395854473114
Starting label LEVI, seed 12, iteration 1910, time: 1700.4941945075989
Starting label LEVI, seed 12, iteration 1920, time: 1713.283257484436
Starting label LEVI, seed 12, iteration 1930, time: 1726.2381761074066
Starting label LEVI, seed 12, iteration 1940, time: 1739.0169253349304
Starting label LEVI, seed 12, iteration 1950, time: 1753.1305317878723
Starting label LEVI, seed 12, iteration 1960, time: 1766.0127007961273
Starting label LEVI, seed 12, iteration 1970, time: 1780.0894062519073
Starting label LEVI, seed 12, iteration 1980, time: 1795.0850865840912
Starting label LEVI, seed 12, iteration 1990, time: 1809.2359523773193
submitit INFO (2022-10-02 13:51:26,152) - Job completed successfully
