submitit INFO (2022-10-02 02:26:31,496) - Starting with JobEnvironment(job_id=883734_6, hostname=nikola-compute-03.cs.cornell.edu, local_rank=0(1), node=0(1), global_rank=0(1))
submitit INFO (2022-10-02 02:26:31,496) - Loading pickle: /home/gid-cakmaks/contextual_rs/experiments/wsc_experiments/logs/883734_6/883734_6_submitted.pkl
Appending iterations to existing output!Warning: If parameters other than `iterations` have been changed, this will corrupt the output!
Starting label LEVI, seed 86, iteration 140, time: 41.874248027801514
Starting label LEVI, seed 86, iteration 150, time: 44.9098961353302
Starting label LEVI, seed 86, iteration 160, time: 47.82345652580261
Starting label LEVI, seed 86, iteration 170, time: 50.79472899436951
Starting label LEVI, seed 86, iteration 180, time: 53.765976905822754
Starting label LEVI, seed 86, iteration 190, time: 56.73289680480957
Starting label LEVI, seed 86, iteration 200, time: 59.83802151679993
Starting label LEVI, seed 86, iteration 210, time: 62.811434507369995
Starting label LEVI, seed 86, iteration 220, time: 65.74702715873718
Starting label LEVI, seed 86, iteration 230, time: 68.9574556350708
Starting label LEVI, seed 86, iteration 240, time: 72.03746271133423
Starting label LEVI, seed 86, iteration 250, time: 75.14540195465088
Starting label LEVI, seed 86, iteration 260, time: 78.31112623214722
Starting label LEVI, seed 86, iteration 270, time: 81.50092673301697
Starting label LEVI, seed 86, iteration 280, time: 84.79791355133057
Starting label LEVI, seed 86, iteration 290, time: 87.92037606239319
Starting label LEVI, seed 86, iteration 300, time: 90.99412965774536
Starting label LEVI, seed 86, iteration 310, time: 94.06248736381531
Starting label LEVI, seed 86, iteration 320, time: 97.20922112464905
Starting label LEVI, seed 86, iteration 330, time: 100.44279599189758
Starting label LEVI, seed 86, iteration 340, time: 103.68704319000244
Starting label LEVI, seed 86, iteration 350, time: 106.99989485740662
Starting label LEVI, seed 86, iteration 360, time: 110.31263971328735
Starting label LEVI, seed 86, iteration 370, time: 113.71891045570374
Starting label LEVI, seed 86, iteration 380, time: 117.17328310012817
Starting label LEVI, seed 86, iteration 390, time: 120.48016214370728
Starting label LEVI, seed 86, iteration 400, time: 123.87284302711487
Starting label LEVI, seed 86, iteration 410, time: 127.42150545120239
Starting label LEVI, seed 86, iteration 420, time: 130.91242575645447
Starting label LEVI, seed 86, iteration 430, time: 134.47099661827087
Starting label LEVI, seed 86, iteration 440, time: 138.14191603660583
Starting label LEVI, seed 86, iteration 450, time: 141.75419878959656
Starting label LEVI, seed 86, iteration 460, time: 145.04722332954407
Starting label LEVI, seed 86, iteration 470, time: 148.61650013923645
Starting label LEVI, seed 86, iteration 480, time: 152.04712510108948
Starting label LEVI, seed 86, iteration 490, time: 155.5038161277771
Starting label LEVI, seed 86, iteration 500, time: 159.03952550888062
Starting label LEVI, seed 86, iteration 510, time: 162.61969590187073
Starting label LEVI, seed 86, iteration 520, time: 166.29155278205872
Starting label LEVI, seed 86, iteration 530, time: 170.27510929107666
Starting label LEVI, seed 86, iteration 540, time: 174.16960096359253
Starting label LEVI, seed 86, iteration 550, time: 177.86090993881226
Starting label LEVI, seed 86, iteration 560, time: 181.77006077766418
Starting label LEVI, seed 86, iteration 570, time: 185.68010783195496
Starting label LEVI, seed 86, iteration 580, time: 189.4112524986267
Starting label LEVI, seed 86, iteration 590, time: 193.23136949539185
Starting label LEVI, seed 86, iteration 600, time: 197.0850715637207
Starting label LEVI, seed 86, iteration 610, time: 201.0734634399414
Starting label LEVI, seed 86, iteration 620, time: 204.85419869422913
Starting label LEVI, seed 86, iteration 630, time: 209.1609971523285
Starting label LEVI, seed 86, iteration 640, time: 213.761736869812
Starting label LEVI, seed 86, iteration 650, time: 217.75258803367615
Starting label LEVI, seed 86, iteration 660, time: 221.60364890098572
Starting label LEVI, seed 86, iteration 670, time: 225.9796998500824
Starting label LEVI, seed 86, iteration 680, time: 230.26599526405334
Starting label LEVI, seed 86, iteration 690, time: 234.79281497001648
Starting label LEVI, seed 86, iteration 700, time: 239.3457546234131
Starting label LEVI, seed 86, iteration 710, time: 243.67125415802002
Starting label LEVI, seed 86, iteration 720, time: 247.98061895370483
Starting label LEVI, seed 86, iteration 730, time: 252.56592416763306
Starting label LEVI, seed 86, iteration 740, time: 257.29074001312256
Starting label LEVI, seed 86, iteration 750, time: 261.6548693180084
Starting label LEVI, seed 86, iteration 760, time: 266.3596556186676
Starting label LEVI, seed 86, iteration 770, time: 271.0145974159241
Starting label LEVI, seed 86, iteration 780, time: 275.7989559173584
Starting label LEVI, seed 86, iteration 790, time: 280.69800758361816
Starting label LEVI, seed 86, iteration 800, time: 285.6475610733032
Starting label LEVI, seed 86, iteration 810, time: 290.66649055480957
Starting label LEVI, seed 86, iteration 820, time: 295.9362988471985
Starting label LEVI, seed 86, iteration 830, time: 300.58543610572815
Starting label LEVI, seed 86, iteration 840, time: 305.54001903533936
Starting label LEVI, seed 86, iteration 850, time: 310.52781414985657
Starting label LEVI, seed 86, iteration 860, time: 315.6075165271759
Starting label LEVI, seed 86, iteration 870, time: 320.5269412994385
Starting label LEVI, seed 86, iteration 880, time: 325.75227975845337
Starting label LEVI, seed 86, iteration 890, time: 330.8547954559326
Starting label LEVI, seed 86, iteration 900, time: 335.5593309402466
Starting label LEVI, seed 86, iteration 910, time: 340.9961459636688
Starting label LEVI, seed 86, iteration 920, time: 346.03804659843445
Starting label LEVI, seed 86, iteration 930, time: 351.66299057006836
Starting label LEVI, seed 86, iteration 940, time: 357.4527335166931
Starting label LEVI, seed 86, iteration 950, time: 362.4539339542389
Starting label LEVI, seed 86, iteration 960, time: 368.0114917755127
Starting label LEVI, seed 86, iteration 970, time: 373.3059341907501
Starting label LEVI, seed 86, iteration 980, time: 378.8470571041107
Starting label LEVI, seed 86, iteration 990, time: 385.0533809661865
Starting label LEVI, seed 86, iteration 1000, time: 390.61678314208984
Starting label LEVI, seed 86, iteration 1010, time: 397.18594193458557
Starting label LEVI, seed 86, iteration 1020, time: 403.1379249095917
Starting label LEVI, seed 86, iteration 1030, time: 408.98314929008484
Starting label LEVI, seed 86, iteration 1040, time: 414.831924200058
Starting label LEVI, seed 86, iteration 1050, time: 420.59111404418945
Starting label LEVI, seed 86, iteration 1060, time: 427.6621494293213
Starting label LEVI, seed 86, iteration 1070, time: 434.6814515590668
Starting label LEVI, seed 86, iteration 1080, time: 442.38673877716064
Starting label LEVI, seed 86, iteration 1090, time: 448.70234394073486
Starting label LEVI, seed 86, iteration 1100, time: 455.00544023513794
Starting label LEVI, seed 86, iteration 1110, time: 461.5754220485687
Starting label LEVI, seed 86, iteration 1120, time: 468.3123290538788
Starting label LEVI, seed 86, iteration 1130, time: 476.06554985046387
Starting label LEVI, seed 86, iteration 1140, time: 482.9191734790802
Starting label LEVI, seed 86, iteration 1150, time: 491.84611892700195
Starting label LEVI, seed 86, iteration 1160, time: 498.93252873420715
Starting label LEVI, seed 86, iteration 1170, time: 507.73645758628845
Starting label LEVI, seed 86, iteration 1180, time: 515.19802069664
Starting label LEVI, seed 86, iteration 1190, time: 522.8637933731079
Starting label LEVI, seed 86, iteration 1200, time: 530.9454936981201
Starting label LEVI, seed 86, iteration 1210, time: 538.893319606781
Starting label LEVI, seed 86, iteration 1220, time: 549.1337404251099
Starting label LEVI, seed 86, iteration 1230, time: 557.1307516098022
Starting label LEVI, seed 86, iteration 1240, time: 566.5958497524261
Starting label LEVI, seed 86, iteration 1250, time: 577.0423860549927
Starting label LEVI, seed 86, iteration 1260, time: 586.8104071617126
Starting label LEVI, seed 86, iteration 1270, time: 597.5409944057465
Starting label LEVI, seed 86, iteration 1280, time: 607.3181827068329
Starting label LEVI, seed 86, iteration 1290, time: 618.0186996459961
Starting label LEVI, seed 86, iteration 1300, time: 626.6330025196075
Starting label LEVI, seed 86, iteration 1310, time: 636.9234223365784
Starting label LEVI, seed 86, iteration 1320, time: 647.3943245410919
Starting label LEVI, seed 86, iteration 1330, time: 658.6010730266571
Starting label LEVI, seed 86, iteration 1340, time: 669.2804961204529
Starting label LEVI, seed 86, iteration 1350, time: 678.7797255516052
Starting label LEVI, seed 86, iteration 1360, time: 688.373443365097
Starting label LEVI, seed 86, iteration 1370, time: 697.9641416072845
Starting label LEVI, seed 86, iteration 1380, time: 706.4654445648193
Starting label LEVI, seed 86, iteration 1390, time: 718.9768996238708
Starting label LEVI, seed 86, iteration 1400, time: 728.7833733558655
Starting label LEVI, seed 86, iteration 1410, time: 739.061520576477
Starting label LEVI, seed 86, iteration 1420, time: 749.3529539108276
Starting label LEVI, seed 86, iteration 1430, time: 759.2887713909149
Starting label LEVI, seed 86, iteration 1440, time: 771.411698102951
Starting label LEVI, seed 86, iteration 1450, time: 783.664276599884
Starting label LEVI, seed 86, iteration 1460, time: 793.5576033592224
Starting label LEVI, seed 86, iteration 1470, time: 807.8053774833679
Starting label LEVI, seed 86, iteration 1480, time: 818.6158230304718
Starting label LEVI, seed 86, iteration 1490, time: 833.350358247757
Starting label LEVI, seed 86, iteration 1500, time: 848.5912549495697
Starting label LEVI, seed 86, iteration 1510, time: 862.6806356906891
Starting label LEVI, seed 86, iteration 1520, time: 876.3408446311951
Starting label LEVI, seed 86, iteration 1530, time: 889.7658700942993
Starting label LEVI, seed 86, iteration 1540, time: 901.6557219028473
Starting label LEVI, seed 86, iteration 1550, time: 912.9836182594299
Starting label LEVI, seed 86, iteration 1560, time: 927.708060503006
Starting label LEVI, seed 86, iteration 1570, time: 942.4314556121826
Starting label LEVI, seed 86, iteration 1580, time: 955.0722107887268
Starting label LEVI, seed 86, iteration 1590, time: 967.9393339157104
Starting label LEVI, seed 86, iteration 1600, time: 980.1995975971222
Starting label LEVI, seed 86, iteration 1610, time: 996.2528703212738
Starting label LEVI, seed 86, iteration 1620, time: 1012.471470117569
Starting label LEVI, seed 86, iteration 1630, time: 1028.290692806244
Starting label LEVI, seed 86, iteration 1640, time: 1041.5138626098633
Starting label LEVI, seed 86, iteration 1650, time: 1054.9917912483215
Starting label LEVI, seed 86, iteration 1660, time: 1067.3308227062225
Starting label LEVI, seed 86, iteration 1670, time: 1080.8922746181488
Starting label LEVI, seed 86, iteration 1680, time: 1096.3399195671082
Starting label LEVI, seed 86, iteration 1690, time: 1113.783681154251
Starting label LEVI, seed 86, iteration 1700, time: 1128.6292927265167
Starting label LEVI, seed 86, iteration 1710, time: 1147.3941249847412
Starting label LEVI, seed 86, iteration 1720, time: 1165.6286568641663
Starting label LEVI, seed 86, iteration 1730, time: 1179.9749426841736
Starting label LEVI, seed 86, iteration 1740, time: 1200.8459331989288
Starting label LEVI, seed 86, iteration 1750, time: 1216.547636270523
Starting label LEVI, seed 86, iteration 1760, time: 1236.3706731796265
Starting label LEVI, seed 86, iteration 1770, time: 1257.4743185043335
Starting label LEVI, seed 86, iteration 1780, time: 1278.8802752494812
Starting label LEVI, seed 86, iteration 1790, time: 1296.640768289566
Starting label LEVI, seed 86, iteration 1800, time: 1313.9376645088196
Starting label LEVI, seed 86, iteration 1810, time: 1331.2326655387878
Starting label LEVI, seed 86, iteration 1820, time: 1349.245670080185
Starting label LEVI, seed 86, iteration 1830, time: 1367.0276749134064
Starting label LEVI, seed 86, iteration 1840, time: 1384.7077968120575
Starting label LEVI, seed 86, iteration 1850, time: 1402.0454940795898
Starting label LEVI, seed 86, iteration 1860, time: 1420.1676049232483
Starting label LEVI, seed 86, iteration 1870, time: 1437.4818556308746
Starting label LEVI, seed 86, iteration 1880, time: 1454.9031434059143
Starting label LEVI, seed 86, iteration 1890, time: 1472.2108709812164
Starting label LEVI, seed 86, iteration 1900, time: 1489.5498926639557
Starting label LEVI, seed 86, iteration 1910, time: 1506.8429923057556
Starting label LEVI, seed 86, iteration 1920, time: 1524.1188759803772
Starting label LEVI, seed 86, iteration 1930, time: 1541.466810464859
Starting label LEVI, seed 86, iteration 1940, time: 1558.899585723877
Starting label LEVI, seed 86, iteration 1950, time: 1576.2442197799683
Starting label LEVI, seed 86, iteration 1960, time: 1593.7601239681244
Starting label LEVI, seed 86, iteration 1970, time: 1611.5968630313873
Starting label LEVI, seed 86, iteration 1980, time: 1634.4228320121765
Starting label LEVI, seed 86, iteration 1990, time: 1656.38498544693
submitit INFO (2022-10-02 02:53:45,404) - Job completed successfully
