submitit INFO (2022-10-02 04:26:24,113) - Starting with JobEnvironment(job_id=884077_5, hostname=rush-compute-01.tech.cornell.edu, local_rank=0(1), node=0(1), global_rank=0(1))
submitit INFO (2022-10-02 04:26:24,114) - Loading pickle: /home/gid-cakmaks/contextual_rs/experiments/wsc_experiments/logs/884077_5/884077_5_submitted.pkl
Appending iterations to existing output!Warning: If parameters other than `iterations` have been changed, this will corrupt the output!
Starting label LEVI, seed 85, iteration 480, time: 250.40363144874573
Starting label LEVI, seed 85, iteration 490, time: 256.3829469680786
Starting label LEVI, seed 85, iteration 500, time: 262.15923833847046
Starting label LEVI, seed 85, iteration 510, time: 268.03746485710144
Starting label LEVI, seed 85, iteration 520, time: 273.90358328819275
Starting label LEVI, seed 85, iteration 530, time: 279.97841358184814
Starting label LEVI, seed 85, iteration 540, time: 286.0101466178894
Starting label LEVI, seed 85, iteration 550, time: 292.015362739563
Starting label LEVI, seed 85, iteration 560, time: 297.9624516963959
Starting label LEVI, seed 85, iteration 570, time: 304.0341477394104
Starting label LEVI, seed 85, iteration 580, time: 310.1948699951172
Starting label LEVI, seed 85, iteration 590, time: 316.1444034576416
Starting label LEVI, seed 85, iteration 600, time: 322.2766230106354
Starting label LEVI, seed 85, iteration 610, time: 328.327196598053
Starting label LEVI, seed 85, iteration 620, time: 334.51065492630005
Starting label LEVI, seed 85, iteration 630, time: 340.7883427143097
Starting label LEVI, seed 85, iteration 640, time: 347.028888463974
Starting label LEVI, seed 85, iteration 650, time: 353.4614007472992
Starting label LEVI, seed 85, iteration 660, time: 359.9879343509674
Starting label LEVI, seed 85, iteration 670, time: 366.3698718547821
Starting label LEVI, seed 85, iteration 680, time: 372.8467240333557
Starting label LEVI, seed 85, iteration 690, time: 379.23231744766235
Starting label LEVI, seed 85, iteration 700, time: 385.561105966568
Starting label LEVI, seed 85, iteration 710, time: 392.12804794311523
Starting label LEVI, seed 85, iteration 720, time: 398.4031398296356
Starting label LEVI, seed 85, iteration 730, time: 404.82282638549805
Starting label LEVI, seed 85, iteration 740, time: 411.2660355567932
Starting label LEVI, seed 85, iteration 750, time: 417.7058720588684
Starting label LEVI, seed 85, iteration 760, time: 424.2732172012329
Starting label LEVI, seed 85, iteration 770, time: 430.72094225883484
Starting label LEVI, seed 85, iteration 780, time: 437.0754747390747
Starting label LEVI, seed 85, iteration 790, time: 443.6795446872711
Starting label LEVI, seed 85, iteration 800, time: 450.15806794166565
Starting label LEVI, seed 85, iteration 810, time: 456.7473020553589
Starting label LEVI, seed 85, iteration 820, time: 463.21908164024353
Starting label LEVI, seed 85, iteration 830, time: 469.6869843006134
Starting label LEVI, seed 85, iteration 840, time: 476.10657930374146
Starting label LEVI, seed 85, iteration 850, time: 482.5300393104553
Starting label LEVI, seed 85, iteration 860, time: 489.03057765960693
Starting label LEVI, seed 85, iteration 870, time: 495.53570914268494
Starting label LEVI, seed 85, iteration 880, time: 502.00372433662415
Starting label LEVI, seed 85, iteration 890, time: 508.5297899246216
Starting label LEVI, seed 85, iteration 900, time: 514.9582736492157
Starting label LEVI, seed 85, iteration 910, time: 521.4717450141907
Starting label LEVI, seed 85, iteration 920, time: 527.8195068836212
Starting label LEVI, seed 85, iteration 930, time: 534.0803699493408
Starting label LEVI, seed 85, iteration 940, time: 540.634843826294
Starting label LEVI, seed 85, iteration 950, time: 547.1192021369934
Starting label LEVI, seed 85, iteration 960, time: 553.5331888198853
Starting label LEVI, seed 85, iteration 970, time: 559.7834272384644
Starting label LEVI, seed 85, iteration 980, time: 565.9824883937836
Starting label LEVI, seed 85, iteration 990, time: 572.5929255485535
Starting label LEVI, seed 85, iteration 1000, time: 579.2435462474823
Starting label LEVI, seed 85, iteration 1010, time: 585.7252621650696
Starting label LEVI, seed 85, iteration 1020, time: 592.1851255893707
Starting label LEVI, seed 85, iteration 1030, time: 598.7180502414703
Starting label LEVI, seed 85, iteration 1040, time: 605.2633006572723
Starting label LEVI, seed 85, iteration 1050, time: 611.8826415538788
Starting label LEVI, seed 85, iteration 1060, time: 618.287791967392
Starting label LEVI, seed 85, iteration 1070, time: 625.0373260974884
Starting label LEVI, seed 85, iteration 1080, time: 631.6365830898285
Starting label LEVI, seed 85, iteration 1090, time: 638.4714591503143
Starting label LEVI, seed 85, iteration 1100, time: 645.3952140808105
Starting label LEVI, seed 85, iteration 1110, time: 652.0899648666382
Starting label LEVI, seed 85, iteration 1120, time: 658.819331407547
Starting label LEVI, seed 85, iteration 1130, time: 665.6146993637085
Starting label LEVI, seed 85, iteration 1140, time: 672.498260974884
Starting label LEVI, seed 85, iteration 1150, time: 679.4587488174438
Starting label LEVI, seed 85, iteration 1160, time: 686.4041724205017
Starting label LEVI, seed 85, iteration 1170, time: 693.5940017700195
Starting label LEVI, seed 85, iteration 1180, time: 700.8809113502502
Starting label LEVI, seed 85, iteration 1190, time: 707.8962242603302
Starting label LEVI, seed 85, iteration 1200, time: 715.2862067222595
Starting label LEVI, seed 85, iteration 1210, time: 722.3085260391235
Starting label LEVI, seed 85, iteration 1220, time: 729.4419209957123
Starting label LEVI, seed 85, iteration 1230, time: 736.585483789444
Starting label LEVI, seed 85, iteration 1240, time: 743.5969216823578
Starting label LEVI, seed 85, iteration 1250, time: 750.6218655109406
Starting label LEVI, seed 85, iteration 1260, time: 757.6929886341095
Starting label LEVI, seed 85, iteration 1270, time: 764.8425159454346
Starting label LEVI, seed 85, iteration 1280, time: 772.0058219432831
Starting label LEVI, seed 85, iteration 1290, time: 779.153235912323
Starting label LEVI, seed 85, iteration 1300, time: 786.4201259613037
Starting label LEVI, seed 85, iteration 1310, time: 794.0334646701813
Starting label LEVI, seed 85, iteration 1320, time: 801.6714663505554
Starting label LEVI, seed 85, iteration 1330, time: 809.2855050563812
Starting label LEVI, seed 85, iteration 1340, time: 816.6900725364685
Starting label LEVI, seed 85, iteration 1350, time: 824.4306802749634
Starting label LEVI, seed 85, iteration 1360, time: 832.1623456478119
Starting label LEVI, seed 85, iteration 1370, time: 839.6327900886536
Starting label LEVI, seed 85, iteration 1380, time: 847.570125579834
Starting label LEVI, seed 85, iteration 1390, time: 855.4388720989227
Starting label LEVI, seed 85, iteration 1400, time: 863.3061656951904
Starting label LEVI, seed 85, iteration 1410, time: 871.2780754566193
Starting label LEVI, seed 85, iteration 1420, time: 879.0825502872467
Starting label LEVI, seed 85, iteration 1430, time: 887.1549446582794
Starting label LEVI, seed 85, iteration 1440, time: 895.0479733943939
Starting label LEVI, seed 85, iteration 1450, time: 902.9457178115845
Starting label LEVI, seed 85, iteration 1460, time: 910.7487413883209
Starting label LEVI, seed 85, iteration 1470, time: 918.5392022132874
Starting label LEVI, seed 85, iteration 1480, time: 926.2467291355133
Starting label LEVI, seed 85, iteration 1490, time: 934.0065367221832
Starting label LEVI, seed 85, iteration 1500, time: 941.7191503047943
Starting label LEVI, seed 85, iteration 1510, time: 949.5020163059235
Starting label LEVI, seed 85, iteration 1520, time: 957.2039480209351
Starting label LEVI, seed 85, iteration 1530, time: 965.1736769676208
Starting label LEVI, seed 85, iteration 1540, time: 973.3470163345337
Starting label LEVI, seed 85, iteration 1550, time: 981.4915890693665
Starting label LEVI, seed 85, iteration 1560, time: 989.594358921051
Starting label LEVI, seed 85, iteration 1570, time: 997.4669816493988
Starting label LEVI, seed 85, iteration 1580, time: 1005.4628145694733
Starting label LEVI, seed 85, iteration 1590, time: 1013.4211874008179
Starting label LEVI, seed 85, iteration 1600, time: 1021.3064959049225
Starting label LEVI, seed 85, iteration 1610, time: 1029.6151685714722
Starting label LEVI, seed 85, iteration 1620, time: 1038.1180200576782
Starting label LEVI, seed 85, iteration 1630, time: 1046.6964042186737
Starting label LEVI, seed 85, iteration 1640, time: 1055.1968076229095
Starting label LEVI, seed 85, iteration 1650, time: 1063.6870560646057
Starting label LEVI, seed 85, iteration 1660, time: 1072.2234735488892
Starting label LEVI, seed 85, iteration 1670, time: 1080.5958194732666
Starting label LEVI, seed 85, iteration 1680, time: 1089.1158425807953
Starting label LEVI, seed 85, iteration 1690, time: 1097.3785274028778
Starting label LEVI, seed 85, iteration 1700, time: 1105.8174993991852
Starting label LEVI, seed 85, iteration 1710, time: 1114.4561641216278
Starting label LEVI, seed 85, iteration 1720, time: 1123.3384733200073
Starting label LEVI, seed 85, iteration 1730, time: 1131.6564483642578
Starting label LEVI, seed 85, iteration 1740, time: 1140.00772190094
Starting label LEVI, seed 85, iteration 1750, time: 1148.4046120643616
Starting label LEVI, seed 85, iteration 1760, time: 1156.5368645191193
Starting label LEVI, seed 85, iteration 1770, time: 1165.0025629997253
Starting label LEVI, seed 85, iteration 1780, time: 1173.156497001648
Starting label LEVI, seed 85, iteration 1790, time: 1181.4608483314514
Starting label LEVI, seed 85, iteration 1800, time: 1189.7647197246552
Starting label LEVI, seed 85, iteration 1810, time: 1198.2440748214722
Starting label LEVI, seed 85, iteration 1820, time: 1209.4774913787842
Starting label LEVI, seed 85, iteration 1830, time: 1218.163190126419
Starting label LEVI, seed 85, iteration 1840, time: 1226.7313570976257
Starting label LEVI, seed 85, iteration 1850, time: 1235.3240253925323
Starting label LEVI, seed 85, iteration 1860, time: 1243.989087820053
Starting label LEVI, seed 85, iteration 1870, time: 1252.4135506153107
Starting label LEVI, seed 85, iteration 1880, time: 1261.2522234916687
Starting label LEVI, seed 85, iteration 1890, time: 1270.0508902072906
Starting label LEVI, seed 85, iteration 1900, time: 1278.6664733886719
Starting label LEVI, seed 85, iteration 1910, time: 1287.1558527946472
Starting label LEVI, seed 85, iteration 1920, time: 1296.1990213394165
Starting label LEVI, seed 85, iteration 1930, time: 1304.873857975006
Starting label LEVI, seed 85, iteration 1940, time: 1313.9227046966553
Starting label LEVI, seed 85, iteration 1950, time: 1322.6846878528595
Starting label LEVI, seed 85, iteration 1960, time: 1331.4189312458038
Starting label LEVI, seed 85, iteration 1970, time: 1340.0859205722809
Starting label LEVI, seed 85, iteration 1980, time: 1348.7502887248993
Starting label LEVI, seed 85, iteration 1990, time: 1357.501925945282
submitit INFO (2022-10-02 04:45:01,640) - Job completed successfully
