submitit INFO (2022-10-02 01:23:42,610) - Starting with JobEnvironment(job_id=883469_5, hostname=davis-compute-01.cs.cornell.edu, local_rank=0(1), node=0(1), global_rank=0(1))
submitit INFO (2022-10-02 01:23:42,610) - Loading pickle: /home/gid-cakmaks/contextual_rs/experiments/wsc_experiments/logs/883469_5/883469_5_submitted.pkl
Starting label LEVI, seed 55, iteration 0, time: 0.00046181678771972656
Starting label LEVI, seed 55, iteration 10, time: 2.917788505554199
Starting label LEVI, seed 55, iteration 20, time: 6.001993417739868
Starting label LEVI, seed 55, iteration 30, time: 8.897599697113037
Starting label LEVI, seed 55, iteration 40, time: 11.71998119354248
Starting label LEVI, seed 55, iteration 50, time: 14.839853048324585
Starting label LEVI, seed 55, iteration 60, time: 18.01590895652771
Starting label LEVI, seed 55, iteration 70, time: 21.155109882354736
Starting label LEVI, seed 55, iteration 80, time: 24.29489302635193
Starting label LEVI, seed 55, iteration 90, time: 27.591764450073242
Starting label LEVI, seed 55, iteration 100, time: 31.013391971588135
Starting label LEVI, seed 55, iteration 110, time: 34.29473161697388
Starting label LEVI, seed 55, iteration 120, time: 37.70459794998169
Starting label LEVI, seed 55, iteration 130, time: 41.15041732788086
Starting label LEVI, seed 55, iteration 140, time: 44.625086069107056
Starting label LEVI, seed 55, iteration 150, time: 48.11578679084778
Starting label LEVI, seed 55, iteration 160, time: 51.5742609500885
Starting label LEVI, seed 55, iteration 170, time: 55.02344846725464
Starting label LEVI, seed 55, iteration 180, time: 58.532060623168945
Starting label LEVI, seed 55, iteration 190, time: 61.9925479888916
Starting label LEVI, seed 55, iteration 200, time: 65.59830451011658
Starting label LEVI, seed 55, iteration 210, time: 69.1440978050232
Starting label LEVI, seed 55, iteration 220, time: 72.95199656486511
Starting label LEVI, seed 55, iteration 230, time: 76.96144390106201
Starting label LEVI, seed 55, iteration 240, time: 80.80665755271912
Starting label LEVI, seed 55, iteration 250, time: 84.72129940986633
Starting label LEVI, seed 55, iteration 260, time: 88.59315323829651
Starting label LEVI, seed 55, iteration 270, time: 92.4369957447052
Starting label LEVI, seed 55, iteration 280, time: 96.21723508834839
Starting label LEVI, seed 55, iteration 290, time: 99.94079327583313
Starting label LEVI, seed 55, iteration 300, time: 103.72860288619995
Starting label LEVI, seed 55, iteration 310, time: 107.62038230895996
Starting label LEVI, seed 55, iteration 320, time: 111.69333934783936
Starting label LEVI, seed 55, iteration 330, time: 115.6512508392334
Starting label LEVI, seed 55, iteration 340, time: 119.45589137077332
Starting label LEVI, seed 55, iteration 350, time: 123.30586957931519
Starting label LEVI, seed 55, iteration 360, time: 127.26711130142212
Starting label LEVI, seed 55, iteration 370, time: 131.12380146980286
Starting label LEVI, seed 55, iteration 380, time: 135.04875230789185
Starting label LEVI, seed 55, iteration 390, time: 138.9065864086151
Starting label LEVI, seed 55, iteration 400, time: 142.92023825645447
Starting label LEVI, seed 55, iteration 410, time: 147.1258590221405
Starting label LEVI, seed 55, iteration 420, time: 151.05512881278992
Starting label LEVI, seed 55, iteration 430, time: 155.04555082321167
Starting label LEVI, seed 55, iteration 440, time: 159.01924347877502
Starting label LEVI, seed 55, iteration 450, time: 162.90104985237122
Starting label LEVI, seed 55, iteration 460, time: 166.92875981330872
Starting label LEVI, seed 55, iteration 470, time: 170.9578652381897
Starting label LEVI, seed 55, iteration 480, time: 175.00610280036926
Starting label LEVI, seed 55, iteration 490, time: 179.03518557548523
Starting label LEVI, seed 55, iteration 500, time: 183.05077838897705
Starting label LEVI, seed 55, iteration 510, time: 187.25175070762634
Starting label LEVI, seed 55, iteration 520, time: 191.35982298851013
Starting label LEVI, seed 55, iteration 530, time: 195.72401118278503
Starting label LEVI, seed 55, iteration 540, time: 200.13545417785645
Starting label LEVI, seed 55, iteration 550, time: 204.38353657722473
Starting label LEVI, seed 55, iteration 560, time: 208.65105772018433
Starting label LEVI, seed 55, iteration 570, time: 212.93657040596008
Starting label LEVI, seed 55, iteration 580, time: 217.3108320236206
Starting label LEVI, seed 55, iteration 590, time: 221.62742972373962
Starting label LEVI, seed 55, iteration 600, time: 225.7412624359131
Starting label LEVI, seed 55, iteration 610, time: 229.8208405971527
Starting label LEVI, seed 55, iteration 620, time: 233.81403517723083
Starting label LEVI, seed 55, iteration 630, time: 237.892352104187
Starting label LEVI, seed 55, iteration 640, time: 241.88236927986145
Starting label LEVI, seed 55, iteration 650, time: 245.88022589683533
Starting label LEVI, seed 55, iteration 660, time: 249.93778371810913
Starting label LEVI, seed 55, iteration 670, time: 254.03677487373352
Starting label LEVI, seed 55, iteration 680, time: 258.1811668872833
Starting label LEVI, seed 55, iteration 690, time: 262.37276458740234
Starting label LEVI, seed 55, iteration 700, time: 266.5490138530731
Starting label LEVI, seed 55, iteration 710, time: 270.7424578666687
Starting label LEVI, seed 55, iteration 720, time: 274.97155475616455
Starting label LEVI, seed 55, iteration 730, time: 279.0875585079193
Starting label LEVI, seed 55, iteration 740, time: 283.37381291389465
Starting label LEVI, seed 55, iteration 750, time: 287.3992700576782
Starting label LEVI, seed 55, iteration 760, time: 291.48680782318115
Starting label LEVI, seed 55, iteration 770, time: 295.6779851913452
Starting label LEVI, seed 55, iteration 780, time: 299.8199827671051
Starting label LEVI, seed 55, iteration 790, time: 304.095730304718
Starting label LEVI, seed 55, iteration 800, time: 308.30306935310364
Starting label LEVI, seed 55, iteration 810, time: 312.38615322113037
Starting label LEVI, seed 55, iteration 820, time: 316.65552735328674
Starting label LEVI, seed 55, iteration 830, time: 320.87378001213074
Starting label LEVI, seed 55, iteration 840, time: 325.219290971756
Starting label LEVI, seed 55, iteration 850, time: 329.74986839294434
Starting label LEVI, seed 55, iteration 860, time: 334.1670069694519
Starting label LEVI, seed 55, iteration 870, time: 338.684809923172
Starting label LEVI, seed 55, iteration 880, time: 343.2451767921448
Starting label LEVI, seed 55, iteration 890, time: 347.7007246017456
Starting label LEVI, seed 55, iteration 900, time: 352.31023621559143
Starting label LEVI, seed 55, iteration 910, time: 356.86283683776855
Starting label LEVI, seed 55, iteration 920, time: 361.46114015579224
Starting label LEVI, seed 55, iteration 930, time: 366.03020334243774
Starting label LEVI, seed 55, iteration 940, time: 370.47267413139343
Starting label LEVI, seed 55, iteration 950, time: 374.9960882663727
Starting label LEVI, seed 55, iteration 960, time: 379.4508056640625
Starting label LEVI, seed 55, iteration 970, time: 384.00635051727295
Starting label LEVI, seed 55, iteration 980, time: 388.6238491535187
Starting label LEVI, seed 55, iteration 990, time: 393.12271189689636
Starting label LEVI, seed 55, iteration 1000, time: 397.82723593711853
Starting label LEVI, seed 55, iteration 1010, time: 402.38780879974365
Starting label LEVI, seed 55, iteration 1020, time: 407.02358508110046
Starting label LEVI, seed 55, iteration 1030, time: 411.5203311443329
Starting label LEVI, seed 55, iteration 1040, time: 415.9524793624878
Starting label LEVI, seed 55, iteration 1050, time: 420.3127386569977
Starting label LEVI, seed 55, iteration 1060, time: 424.62351083755493
Starting label LEVI, seed 55, iteration 1070, time: 429.0435531139374
Starting label LEVI, seed 55, iteration 1080, time: 433.6072714328766
Starting label LEVI, seed 55, iteration 1090, time: 438.10011315345764
Starting label LEVI, seed 55, iteration 1100, time: 442.55507826805115
Starting label LEVI, seed 55, iteration 1110, time: 447.0558397769928
Starting label LEVI, seed 55, iteration 1120, time: 451.6085638999939
Starting label LEVI, seed 55, iteration 1130, time: 456.37212800979614
Starting label LEVI, seed 55, iteration 1140, time: 461.17823457717896
Starting label LEVI, seed 55, iteration 1150, time: 466.1363248825073
Starting label LEVI, seed 55, iteration 1160, time: 470.91465306282043
Starting label LEVI, seed 55, iteration 1170, time: 475.32996368408203
Starting label LEVI, seed 55, iteration 1180, time: 479.85489320755005
Starting label LEVI, seed 55, iteration 1190, time: 484.31304693222046
Starting label LEVI, seed 55, iteration 1200, time: 488.81957364082336
Starting label LEVI, seed 55, iteration 1210, time: 493.51450514793396
Starting label LEVI, seed 55, iteration 1220, time: 498.4305565357208
Starting label LEVI, seed 55, iteration 1230, time: 503.34639739990234
Starting label LEVI, seed 55, iteration 1240, time: 508.02834844589233
Starting label LEVI, seed 55, iteration 1250, time: 512.6785311698914
Starting label LEVI, seed 55, iteration 1260, time: 517.5291574001312
Starting label LEVI, seed 55, iteration 1270, time: 522.3523380756378
Starting label LEVI, seed 55, iteration 1280, time: 527.1632163524628
Starting label LEVI, seed 55, iteration 1290, time: 531.9543731212616
Starting label LEVI, seed 55, iteration 1300, time: 536.6043212413788
Starting label LEVI, seed 55, iteration 1310, time: 541.2700605392456
Starting label LEVI, seed 55, iteration 1320, time: 545.7353355884552
Starting label LEVI, seed 55, iteration 1330, time: 550.5150368213654
Starting label LEVI, seed 55, iteration 1340, time: 555.2912964820862
Starting label LEVI, seed 55, iteration 1350, time: 560.4352719783783
Starting label LEVI, seed 55, iteration 1360, time: 565.5591790676117
Starting label LEVI, seed 55, iteration 1370, time: 570.3364281654358
Starting label LEVI, seed 55, iteration 1380, time: 575.0441725254059
Starting label LEVI, seed 55, iteration 1390, time: 579.8055732250214
Starting label LEVI, seed 55, iteration 1400, time: 584.6480052471161
Starting label LEVI, seed 55, iteration 1410, time: 589.8092575073242
Starting label LEVI, seed 55, iteration 1420, time: 594.7956120967865
Starting label LEVI, seed 55, iteration 1430, time: 599.6404783725739
Starting label LEVI, seed 55, iteration 1440, time: 604.8643004894257
Starting label LEVI, seed 55, iteration 1450, time: 610.0826237201691
Starting label LEVI, seed 55, iteration 1460, time: 615.3254251480103
Starting label LEVI, seed 55, iteration 1470, time: 620.3658652305603
Starting label LEVI, seed 55, iteration 1480, time: 625.2367506027222
Starting label LEVI, seed 55, iteration 1490, time: 630.4120781421661
Starting label LEVI, seed 55, iteration 1500, time: 635.5549285411835
Starting label LEVI, seed 55, iteration 1510, time: 640.9305737018585
submitit WARNING (2022-10-02 01:34:27,962) - Bypassing signal SIGTERM
submitit WARNING (2022-10-02 01:34:28,005) - Bypassing signal SIGCONT
submitit WARNING (2022-10-02 01:34:28,026) - Bypassing signal SIGTERM
Starting label LEVI, seed 55, iteration 1520, time: 646.2754862308502
Starting label LEVI, seed 55, iteration 1530, time: 651.1771759986877
Starting label LEVI, seed 55, iteration 1540, time: 656.1318552494049
Starting label LEVI, seed 55, iteration 1550, time: 661.395369052887
Starting label LEVI, seed 55, iteration 1560, time: 666.5654726028442
Starting label LEVI, seed 55, iteration 1570, time: 671.6698622703552
