submitit INFO (2022-10-02 00:56:36,233) - Starting with JobEnvironment(job_id=883357_4, hostname=coecis-compute-01.coecis.cornell.edu, local_rank=0(1), node=0(1), global_rank=0(1))
submitit INFO (2022-10-02 00:56:36,234) - Loading pickle: /home/gid-cakmaks/contextual_rs/experiments/wsc_experiments/logs/883357_4/883357_4_submitted.pkl
Starting label LEVI, seed 34, iteration 0, time: 0.0006182193756103516
Starting label LEVI, seed 34, iteration 10, time: 3.0746989250183105
Starting label LEVI, seed 34, iteration 20, time: 6.176734209060669
Starting label LEVI, seed 34, iteration 30, time: 9.327455282211304
Starting label LEVI, seed 34, iteration 40, time: 12.53166937828064
Starting label LEVI, seed 34, iteration 50, time: 15.726783275604248
Starting label LEVI, seed 34, iteration 60, time: 18.962074041366577
Starting label LEVI, seed 34, iteration 70, time: 22.146895170211792
Starting label LEVI, seed 34, iteration 80, time: 25.30417561531067
Starting label LEVI, seed 34, iteration 90, time: 28.401338815689087
Starting label LEVI, seed 34, iteration 100, time: 31.63850975036621
Starting label LEVI, seed 34, iteration 110, time: 34.87499928474426
Starting label LEVI, seed 34, iteration 120, time: 38.175772190093994
Starting label LEVI, seed 34, iteration 130, time: 41.35223650932312
Starting label LEVI, seed 34, iteration 140, time: 44.63356852531433
Starting label LEVI, seed 34, iteration 150, time: 47.899638175964355
Starting label LEVI, seed 34, iteration 160, time: 51.18884229660034
Starting label LEVI, seed 34, iteration 170, time: 54.378660678863525
Starting label LEVI, seed 34, iteration 180, time: 57.668434381484985
Starting label LEVI, seed 34, iteration 190, time: 62.11056351661682
Starting label LEVI, seed 34, iteration 200, time: 66.5785322189331
Starting label LEVI, seed 34, iteration 210, time: 71.03596329689026
Starting label LEVI, seed 34, iteration 220, time: 75.8041832447052
Starting label LEVI, seed 34, iteration 230, time: 80.41387629508972
Starting label LEVI, seed 34, iteration 240, time: 85.38819217681885
Starting label LEVI, seed 34, iteration 250, time: 90.13229465484619
Starting label LEVI, seed 34, iteration 260, time: 95.00693845748901
Starting label LEVI, seed 34, iteration 270, time: 99.52150225639343
Starting label LEVI, seed 34, iteration 280, time: 104.16814875602722
Starting label LEVI, seed 34, iteration 290, time: 107.63001489639282
Starting label LEVI, seed 34, iteration 300, time: 111.11230659484863
Starting label LEVI, seed 34, iteration 310, time: 114.77288961410522
Starting label LEVI, seed 34, iteration 320, time: 118.38248801231384
Starting label LEVI, seed 34, iteration 330, time: 121.82601428031921
Starting label LEVI, seed 34, iteration 340, time: 125.24804711341858
Starting label LEVI, seed 34, iteration 350, time: 128.72546482086182
Starting label LEVI, seed 34, iteration 360, time: 132.03001594543457
Starting label LEVI, seed 34, iteration 370, time: 135.54182267189026
Starting label LEVI, seed 34, iteration 380, time: 139.08397912979126
Starting label LEVI, seed 34, iteration 390, time: 142.58369064331055
Starting label LEVI, seed 34, iteration 400, time: 146.08674836158752
Starting label LEVI, seed 34, iteration 410, time: 149.5655655860901
Starting label LEVI, seed 34, iteration 420, time: 153.10989832878113
Starting label LEVI, seed 34, iteration 430, time: 157.9048206806183
Starting label LEVI, seed 34, iteration 440, time: 162.8821713924408
Starting label LEVI, seed 34, iteration 450, time: 167.76909947395325
Starting label LEVI, seed 34, iteration 460, time: 172.76579356193542
Starting label LEVI, seed 34, iteration 470, time: 177.39877557754517
Starting label LEVI, seed 34, iteration 480, time: 182.1905562877655
Starting label LEVI, seed 34, iteration 490, time: 186.85513186454773
Starting label LEVI, seed 34, iteration 500, time: 191.32909512519836
Starting label LEVI, seed 34, iteration 510, time: 195.97536206245422
Starting label LEVI, seed 34, iteration 520, time: 200.77425074577332
Starting label LEVI, seed 34, iteration 530, time: 205.34019446372986
Starting label LEVI, seed 34, iteration 540, time: 210.05136609077454
Starting label LEVI, seed 34, iteration 550, time: 214.84507179260254
Starting label LEVI, seed 34, iteration 560, time: 219.05738973617554
Starting label LEVI, seed 34, iteration 570, time: 223.74691152572632
Starting label LEVI, seed 34, iteration 580, time: 228.79422736167908
Starting label LEVI, seed 34, iteration 590, time: 233.90828108787537
Starting label LEVI, seed 34, iteration 600, time: 239.10739827156067
Starting label LEVI, seed 34, iteration 610, time: 244.62431049346924
Starting label LEVI, seed 34, iteration 620, time: 250.45529675483704
Starting label LEVI, seed 34, iteration 630, time: 256.15751910209656
Starting label LEVI, seed 34, iteration 640, time: 261.83847403526306
Starting label LEVI, seed 34, iteration 650, time: 267.3147141933441
Starting label LEVI, seed 34, iteration 660, time: 272.64998626708984
Starting label LEVI, seed 34, iteration 670, time: 277.76711773872375
Starting label LEVI, seed 34, iteration 680, time: 283.1753120422363
Starting label LEVI, seed 34, iteration 690, time: 289.170969247818
Starting label LEVI, seed 34, iteration 700, time: 294.59880328178406
Starting label LEVI, seed 34, iteration 710, time: 300.1830360889435
Starting label LEVI, seed 34, iteration 720, time: 306.0636327266693
Starting label LEVI, seed 34, iteration 730, time: 311.43317222595215
Starting label LEVI, seed 34, iteration 740, time: 317.8976788520813
Starting label LEVI, seed 34, iteration 750, time: 324.26234793663025
Starting label LEVI, seed 34, iteration 760, time: 330.5967667102814
Starting label LEVI, seed 34, iteration 770, time: 336.7010016441345
Starting label LEVI, seed 34, iteration 780, time: 343.08050060272217
Starting label LEVI, seed 34, iteration 790, time: 350.073926448822
Starting label LEVI, seed 34, iteration 800, time: 356.7320125102997
Starting label LEVI, seed 34, iteration 810, time: 363.2510690689087
Starting label LEVI, seed 34, iteration 820, time: 369.7364270687103
Starting label LEVI, seed 34, iteration 830, time: 376.8675146102905
Starting label LEVI, seed 34, iteration 840, time: 383.845587015152
Starting label LEVI, seed 34, iteration 850, time: 390.78054690361023
Starting label LEVI, seed 34, iteration 860, time: 397.9624593257904
Starting label LEVI, seed 34, iteration 870, time: 405.2508285045624
Starting label LEVI, seed 34, iteration 880, time: 412.85590386390686
Starting label LEVI, seed 34, iteration 890, time: 420.2342121601105
Starting label LEVI, seed 34, iteration 900, time: 428.04498767852783
Starting label LEVI, seed 34, iteration 910, time: 435.90148091316223
Starting label LEVI, seed 34, iteration 920, time: 443.7673063278198
Starting label LEVI, seed 34, iteration 930, time: 451.98061871528625
Starting label LEVI, seed 34, iteration 940, time: 459.51293110847473
Starting label LEVI, seed 34, iteration 950, time: 467.6797864437103
Starting label LEVI, seed 34, iteration 960, time: 475.47242069244385
Starting label LEVI, seed 34, iteration 970, time: 484.17114305496216
Starting label LEVI, seed 34, iteration 980, time: 493.0747046470642
Starting label LEVI, seed 34, iteration 990, time: 501.63032364845276
Starting label LEVI, seed 34, iteration 1000, time: 510.8780925273895
Starting label LEVI, seed 34, iteration 1010, time: 519.9577248096466
Starting label LEVI, seed 34, iteration 1020, time: 527.8825433254242
Starting label LEVI, seed 34, iteration 1030, time: 535.7636566162109
Starting label LEVI, seed 34, iteration 1040, time: 543.7141184806824
Starting label LEVI, seed 34, iteration 1050, time: 551.5668816566467
Starting label LEVI, seed 34, iteration 1060, time: 561.7582004070282
Starting label LEVI, seed 34, iteration 1070, time: 569.7954833507538
Starting label LEVI, seed 34, iteration 1080, time: 578.2281658649445
Starting label LEVI, seed 34, iteration 1090, time: 586.8424496650696
Starting label LEVI, seed 34, iteration 1100, time: 596.9889814853668
Starting label LEVI, seed 34, iteration 1110, time: 607.7209300994873
Starting label LEVI, seed 34, iteration 1120, time: 616.6672296524048
Starting label LEVI, seed 34, iteration 1130, time: 627.3488557338715
Starting label LEVI, seed 34, iteration 1140, time: 637.0528645515442
Starting label LEVI, seed 34, iteration 1150, time: 648.6328604221344
Starting label LEVI, seed 34, iteration 1160, time: 658.4261076450348
Starting label LEVI, seed 34, iteration 1170, time: 669.5304539203644
Starting label LEVI, seed 34, iteration 1180, time: 680.3312718868256
Starting label LEVI, seed 34, iteration 1190, time: 691.7280468940735
Starting label LEVI, seed 34, iteration 1200, time: 703.8831541538239
Starting label LEVI, seed 34, iteration 1210, time: 714.0526559352875
Starting label LEVI, seed 34, iteration 1220, time: 725.1299188137054
Starting label LEVI, seed 34, iteration 1230, time: 737.0122368335724
Starting label LEVI, seed 34, iteration 1240, time: 749.6624155044556
Starting label LEVI, seed 34, iteration 1250, time: 763.6666283607483
Starting label LEVI, seed 34, iteration 1260, time: 777.3137555122375
Starting label LEVI, seed 34, iteration 1270, time: 788.8328621387482
Starting label LEVI, seed 34, iteration 1280, time: 801.3649573326111
Starting label LEVI, seed 34, iteration 1290, time: 816.0633351802826
Starting label LEVI, seed 34, iteration 1300, time: 828.1288359165192
Starting label LEVI, seed 34, iteration 1310, time: 842.8948028087616
Starting label LEVI, seed 34, iteration 1320, time: 857.0234739780426
Starting label LEVI, seed 34, iteration 1330, time: 869.5239362716675
Starting label LEVI, seed 34, iteration 1340, time: 883.5194270610809
Starting label LEVI, seed 34, iteration 1350, time: 895.87322306633
Starting label LEVI, seed 34, iteration 1360, time: 911.3376622200012
Starting label LEVI, seed 34, iteration 1370, time: 928.190447807312
Starting label LEVI, seed 34, iteration 1380, time: 941.5192432403564
Starting label LEVI, seed 34, iteration 1390, time: 956.6750881671906
Starting label LEVI, seed 34, iteration 1400, time: 971.8345642089844
Starting label LEVI, seed 34, iteration 1410, time: 990.4556577205658
Starting label LEVI, seed 34, iteration 1420, time: 1007.3033497333527
Starting label LEVI, seed 34, iteration 1430, time: 1021.6001930236816
Starting label LEVI, seed 34, iteration 1440, time: 1039.0998265743256
Starting label LEVI, seed 34, iteration 1450, time: 1053.601241827011
Starting label LEVI, seed 34, iteration 1460, time: 1072.3084506988525
Starting label LEVI, seed 34, iteration 1470, time: 1087.4725487232208
Starting label LEVI, seed 34, iteration 1480, time: 1106.3137216567993
Starting label LEVI, seed 34, iteration 1490, time: 1125.165947675705
Starting label LEVI, seed 34, iteration 1500, time: 1141.1509878635406
Starting label LEVI, seed 34, iteration 1510, time: 1161.924266576767
Starting label LEVI, seed 34, iteration 1520, time: 1180.9405319690704
Starting label LEVI, seed 34, iteration 1530, time: 1201.6086423397064
Starting label LEVI, seed 34, iteration 1540, time: 1221.1969017982483
Starting label LEVI, seed 34, iteration 1550, time: 1242.7557826042175
Starting label LEVI, seed 34, iteration 1560, time: 1264.3644075393677
Starting label LEVI, seed 34, iteration 1570, time: 1285.7943542003632
Starting label LEVI, seed 34, iteration 1580, time: 1306.66202044487
Starting label LEVI, seed 34, iteration 1590, time: 1326.3087356090546
Starting label LEVI, seed 34, iteration 1600, time: 1349.0680849552155
Starting label LEVI, seed 34, iteration 1610, time: 1370.0738911628723
Starting label LEVI, seed 34, iteration 1620, time: 1391.5473012924194
Starting label LEVI, seed 34, iteration 1630, time: 1414.8678295612335
Starting label LEVI, seed 34, iteration 1640, time: 1438.6632838249207
Starting label LEVI, seed 34, iteration 1650, time: 1460.2874875068665
Starting label LEVI, seed 34, iteration 1660, time: 1484.4544899463654
Starting label LEVI, seed 34, iteration 1670, time: 1509.2648768424988
Starting label LEVI, seed 34, iteration 1680, time: 1534.5063049793243
submitit WARNING (2022-10-02 01:22:36,050) - Bypassing signal SIGCONT
submitit WARNING (2022-10-02 01:22:36,154) - Bypassing signal SIGTERM
Starting label LEVI, seed 34, iteration 1690, time: 1560.9414639472961
Starting label LEVI, seed 34, iteration 1700, time: 1585.2994453907013
