submitit INFO (2022-10-01 23:48:07,289) - Starting with JobEnvironment(job_id=883087_8, hostname=joachims-compute-02.cs.cornell.edu, local_rank=0(1), node=0(1), global_rank=0(1))
submitit INFO (2022-10-01 23:48:07,289) - Loading pickle: /home/gid-cakmaks/contextual_rs/experiments/wsc_experiments/logs/883087_8/883087_8_submitted.pkl
Starting label LEVI, seed 78, iteration 0, time: 9.775161743164062e-05
Starting label LEVI, seed 78, iteration 10, time: 2.4786531925201416
Starting label LEVI, seed 78, iteration 20, time: 4.973387956619263
Starting label LEVI, seed 78, iteration 30, time: 7.433270692825317
Starting label LEVI, seed 78, iteration 40, time: 9.826862335205078
Starting label LEVI, seed 78, iteration 50, time: 12.209980249404907
Starting label LEVI, seed 78, iteration 60, time: 14.674981117248535
Starting label LEVI, seed 78, iteration 70, time: 17.133366584777832
Starting label LEVI, seed 78, iteration 80, time: 19.581531286239624
Starting label LEVI, seed 78, iteration 90, time: 22.06173348426819
Starting label LEVI, seed 78, iteration 100, time: 24.534226655960083
Starting label LEVI, seed 78, iteration 110, time: 27.023547172546387
Starting label LEVI, seed 78, iteration 120, time: 29.481029748916626
Starting label LEVI, seed 78, iteration 130, time: 31.985027313232422
Starting label LEVI, seed 78, iteration 140, time: 34.52594256401062
Starting label LEVI, seed 78, iteration 150, time: 37.03240966796875
Starting label LEVI, seed 78, iteration 160, time: 39.48988938331604
Starting label LEVI, seed 78, iteration 170, time: 42.01635694503784
Starting label LEVI, seed 78, iteration 180, time: 44.58046078681946
Starting label LEVI, seed 78, iteration 190, time: 47.185784578323364
Starting label LEVI, seed 78, iteration 200, time: 49.847228050231934
Starting label LEVI, seed 78, iteration 210, time: 52.458946228027344
Starting label LEVI, seed 78, iteration 220, time: 55.231764793395996
Starting label LEVI, seed 78, iteration 230, time: 57.88723158836365
Starting label LEVI, seed 78, iteration 240, time: 60.54671621322632
Starting label LEVI, seed 78, iteration 250, time: 63.17483687400818
Starting label LEVI, seed 78, iteration 260, time: 65.81675481796265
Starting label LEVI, seed 78, iteration 270, time: 68.42903423309326
Starting label LEVI, seed 78, iteration 280, time: 71.02668523788452
Starting label LEVI, seed 78, iteration 290, time: 73.59254002571106
Starting label LEVI, seed 78, iteration 300, time: 76.12196159362793
Starting label LEVI, seed 78, iteration 310, time: 78.70936226844788
Starting label LEVI, seed 78, iteration 320, time: 81.24349474906921
Starting label LEVI, seed 78, iteration 330, time: 83.78350472450256
Starting label LEVI, seed 78, iteration 340, time: 86.28283071517944
Starting label LEVI, seed 78, iteration 350, time: 88.81523847579956
Starting label LEVI, seed 78, iteration 360, time: 91.35006952285767
Starting label LEVI, seed 78, iteration 370, time: 93.78314137458801
Starting label LEVI, seed 78, iteration 380, time: 96.32465744018555
Starting label LEVI, seed 78, iteration 390, time: 98.89465403556824
Starting label LEVI, seed 78, iteration 400, time: 101.41267704963684
Starting label LEVI, seed 78, iteration 410, time: 103.95603919029236
Starting label LEVI, seed 78, iteration 420, time: 106.4714765548706
Starting label LEVI, seed 78, iteration 430, time: 109.01473736763
Starting label LEVI, seed 78, iteration 440, time: 111.53457856178284
Starting label LEVI, seed 78, iteration 450, time: 114.1127028465271
Starting label LEVI, seed 78, iteration 460, time: 116.69928479194641
Starting label LEVI, seed 78, iteration 470, time: 119.20182871818542
Starting label LEVI, seed 78, iteration 480, time: 121.80404996871948
Starting label LEVI, seed 78, iteration 490, time: 124.27423429489136
Starting label LEVI, seed 78, iteration 500, time: 126.77798008918762
Starting label LEVI, seed 78, iteration 510, time: 129.32065057754517
Starting label LEVI, seed 78, iteration 520, time: 131.86196279525757
Starting label LEVI, seed 78, iteration 530, time: 134.45061445236206
Starting label LEVI, seed 78, iteration 540, time: 137.03178215026855
Starting label LEVI, seed 78, iteration 550, time: 139.64359211921692
Starting label LEVI, seed 78, iteration 560, time: 142.36915397644043
Starting label LEVI, seed 78, iteration 570, time: 145.0691044330597
Starting label LEVI, seed 78, iteration 580, time: 147.77111077308655
Starting label LEVI, seed 78, iteration 590, time: 150.5347285270691
Starting label LEVI, seed 78, iteration 600, time: 153.21353483200073
Starting label LEVI, seed 78, iteration 610, time: 156.06761717796326
Starting label LEVI, seed 78, iteration 620, time: 158.86877989768982
Starting label LEVI, seed 78, iteration 630, time: 161.67076110839844
Starting label LEVI, seed 78, iteration 640, time: 164.57290148735046
Starting label LEVI, seed 78, iteration 650, time: 167.3389391899109
Starting label LEVI, seed 78, iteration 660, time: 170.20317578315735
Starting label LEVI, seed 78, iteration 670, time: 173.09383463859558
Starting label LEVI, seed 78, iteration 680, time: 175.86535739898682
Starting label LEVI, seed 78, iteration 690, time: 178.66175842285156
Starting label LEVI, seed 78, iteration 700, time: 181.53920483589172
Starting label LEVI, seed 78, iteration 710, time: 184.36672973632812
Starting label LEVI, seed 78, iteration 720, time: 187.26873636245728
Starting label LEVI, seed 78, iteration 730, time: 190.1308114528656
Starting label LEVI, seed 78, iteration 740, time: 192.96651935577393
Starting label LEVI, seed 78, iteration 750, time: 195.8215582370758
Starting label LEVI, seed 78, iteration 760, time: 198.67698454856873
Starting label LEVI, seed 78, iteration 770, time: 201.55100274085999
Starting label LEVI, seed 78, iteration 780, time: 204.4036626815796
Starting label LEVI, seed 78, iteration 790, time: 207.2923936843872
Starting label LEVI, seed 78, iteration 800, time: 210.1768639087677
Starting label LEVI, seed 78, iteration 810, time: 213.1308355331421
Starting label LEVI, seed 78, iteration 820, time: 216.02876138687134
Starting label LEVI, seed 78, iteration 830, time: 218.93707132339478
Starting label LEVI, seed 78, iteration 840, time: 221.86525464057922
Starting label LEVI, seed 78, iteration 850, time: 224.79388093948364
Starting label LEVI, seed 78, iteration 860, time: 227.7241928577423
Starting label LEVI, seed 78, iteration 870, time: 230.61785340309143
Starting label LEVI, seed 78, iteration 880, time: 233.628342628479
Starting label LEVI, seed 78, iteration 890, time: 236.73998880386353
Starting label LEVI, seed 78, iteration 900, time: 239.75979089736938
Starting label LEVI, seed 78, iteration 910, time: 242.83054900169373
Starting label LEVI, seed 78, iteration 920, time: 245.9251492023468
Starting label LEVI, seed 78, iteration 930, time: 249.06940245628357
Starting label LEVI, seed 78, iteration 940, time: 252.14933252334595
Starting label LEVI, seed 78, iteration 950, time: 255.29937481880188
Starting label LEVI, seed 78, iteration 960, time: 258.5734133720398
Starting label LEVI, seed 78, iteration 970, time: 261.8534429073334
Starting label LEVI, seed 78, iteration 980, time: 265.14369654655457
Starting label LEVI, seed 78, iteration 990, time: 268.39465856552124
Starting label LEVI, seed 78, iteration 1000, time: 271.66949915885925
Starting label LEVI, seed 78, iteration 1010, time: 274.9288330078125
Starting label LEVI, seed 78, iteration 1020, time: 278.14009070396423
Starting label LEVI, seed 78, iteration 1030, time: 281.4106230735779
Starting label LEVI, seed 78, iteration 1040, time: 284.68075370788574
Starting label LEVI, seed 78, iteration 1050, time: 288.01393723487854
Starting label LEVI, seed 78, iteration 1060, time: 291.51237177848816
Starting label LEVI, seed 78, iteration 1070, time: 295.03968238830566
Starting label LEVI, seed 78, iteration 1080, time: 298.656210899353
Starting label LEVI, seed 78, iteration 1090, time: 302.11956691741943
Starting label LEVI, seed 78, iteration 1100, time: 305.838161945343
Starting label LEVI, seed 78, iteration 1110, time: 309.2083914279938
Starting label LEVI, seed 78, iteration 1120, time: 312.7029802799225
Starting label LEVI, seed 78, iteration 1130, time: 316.33520436286926
Starting label LEVI, seed 78, iteration 1140, time: 319.79109597206116
Starting label LEVI, seed 78, iteration 1150, time: 323.2427899837494
Starting label LEVI, seed 78, iteration 1160, time: 326.7552227973938
Starting label LEVI, seed 78, iteration 1170, time: 330.4197747707367
Starting label LEVI, seed 78, iteration 1180, time: 334.0764560699463
Starting label LEVI, seed 78, iteration 1190, time: 337.8436772823334
Starting label LEVI, seed 78, iteration 1200, time: 341.3956706523895
Starting label LEVI, seed 78, iteration 1210, time: 345.17932510375977
Starting label LEVI, seed 78, iteration 1220, time: 348.9338982105255
Starting label LEVI, seed 78, iteration 1230, time: 352.78149700164795
Starting label LEVI, seed 78, iteration 1240, time: 356.6398208141327
Starting label LEVI, seed 78, iteration 1250, time: 360.48557233810425
Starting label LEVI, seed 78, iteration 1260, time: 364.41577196121216
Starting label LEVI, seed 78, iteration 1270, time: 368.28748297691345
Starting label LEVI, seed 78, iteration 1280, time: 372.3573191165924
Starting label LEVI, seed 78, iteration 1290, time: 376.24446988105774
Starting label LEVI, seed 78, iteration 1300, time: 380.1419246196747
Starting label LEVI, seed 78, iteration 1310, time: 384.28553462028503
Starting label LEVI, seed 78, iteration 1320, time: 388.2316505908966
Starting label LEVI, seed 78, iteration 1330, time: 392.356511592865
Starting label LEVI, seed 78, iteration 1340, time: 396.4489233493805
Starting label LEVI, seed 78, iteration 1350, time: 400.3467164039612
Starting label LEVI, seed 78, iteration 1360, time: 404.5275628566742
Starting label LEVI, seed 78, iteration 1370, time: 408.4517788887024
Starting label LEVI, seed 78, iteration 1380, time: 412.45142340660095
Starting label LEVI, seed 78, iteration 1390, time: 416.4425759315491
Starting label LEVI, seed 78, iteration 1400, time: 420.4162690639496
Starting label LEVI, seed 78, iteration 1410, time: 424.3733308315277
Starting label LEVI, seed 78, iteration 1420, time: 428.36563420295715
Starting label LEVI, seed 78, iteration 1430, time: 432.31424140930176
Starting label LEVI, seed 78, iteration 1440, time: 436.2594630718231
Starting label LEVI, seed 78, iteration 1450, time: 440.2276155948639
Starting label LEVI, seed 78, iteration 1460, time: 444.29145550727844
Starting label LEVI, seed 78, iteration 1470, time: 448.4039490222931
Starting label LEVI, seed 78, iteration 1480, time: 452.4662969112396
Starting label LEVI, seed 78, iteration 1490, time: 456.53157782554626
Starting label LEVI, seed 78, iteration 1500, time: 460.67277336120605
Starting label LEVI, seed 78, iteration 1510, time: 464.8617866039276
Starting label LEVI, seed 78, iteration 1520, time: 469.0014991760254
Starting label LEVI, seed 78, iteration 1530, time: 473.2895362377167
Starting label LEVI, seed 78, iteration 1540, time: 477.778963804245
Starting label LEVI, seed 78, iteration 1550, time: 482.19644379615784
Starting label LEVI, seed 78, iteration 1560, time: 486.695520401001
Starting label LEVI, seed 78, iteration 1570, time: 491.2516043186188
Starting label LEVI, seed 78, iteration 1580, time: 495.6799383163452
Starting label LEVI, seed 78, iteration 1590, time: 500.1372272968292
Starting label LEVI, seed 78, iteration 1600, time: 504.7244544029236
Starting label LEVI, seed 78, iteration 1610, time: 509.4027416706085
Starting label LEVI, seed 78, iteration 1620, time: 513.9477653503418
Starting label LEVI, seed 78, iteration 1630, time: 518.5415554046631
Starting label LEVI, seed 78, iteration 1640, time: 523.1996629238129
Starting label LEVI, seed 78, iteration 1650, time: 527.8948056697845
Starting label LEVI, seed 78, iteration 1660, time: 532.5043251514435
Starting label LEVI, seed 78, iteration 1670, time: 537.5345017910004
Starting label LEVI, seed 78, iteration 1680, time: 542.7527711391449
Starting label LEVI, seed 78, iteration 1690, time: 548.1955966949463
Starting label LEVI, seed 78, iteration 1700, time: 552.9634613990784
Starting label LEVI, seed 78, iteration 1710, time: 557.6660966873169
Starting label LEVI, seed 78, iteration 1720, time: 562.6244888305664
Starting label LEVI, seed 78, iteration 1730, time: 567.405914068222
Starting label LEVI, seed 78, iteration 1740, time: 572.6451478004456
Starting label LEVI, seed 78, iteration 1750, time: 577.9014365673065
Starting label LEVI, seed 78, iteration 1760, time: 583.0998115539551
Starting label LEVI, seed 78, iteration 1770, time: 588.3844799995422
Starting label LEVI, seed 78, iteration 1780, time: 594.018970489502
Starting label LEVI, seed 78, iteration 1790, time: 599.2665672302246
Starting label LEVI, seed 78, iteration 1800, time: 604.7211611270905
Starting label LEVI, seed 78, iteration 1810, time: 610.095813035965
Starting label LEVI, seed 78, iteration 1820, time: 615.3541715145111
Starting label LEVI, seed 78, iteration 1830, time: 620.4986839294434
Starting label LEVI, seed 78, iteration 1840, time: 625.6072101593018
Starting label LEVI, seed 78, iteration 1850, time: 630.8381333351135
Starting label LEVI, seed 78, iteration 1860, time: 636.3145759105682
Starting label LEVI, seed 78, iteration 1870, time: 641.3396699428558
Starting label LEVI, seed 78, iteration 1880, time: 646.4590718746185
Starting label LEVI, seed 78, iteration 1890, time: 651.8842208385468
Starting label LEVI, seed 78, iteration 1900, time: 656.906998872757
Starting label LEVI, seed 78, iteration 1910, time: 661.6528804302216
Starting label LEVI, seed 78, iteration 1920, time: 666.5104312896729
Starting label LEVI, seed 78, iteration 1930, time: 671.4121127128601
Starting label LEVI, seed 78, iteration 1940, time: 676.7346320152283
Starting label LEVI, seed 78, iteration 1950, time: 682.069179058075
Starting label LEVI, seed 78, iteration 1960, time: 687.3306932449341
Starting label LEVI, seed 78, iteration 1970, time: 692.6048789024353
Starting label LEVI, seed 78, iteration 1980, time: 698.3146171569824
Starting label LEVI, seed 78, iteration 1990, time: 703.9351646900177
submitit INFO (2022-10-01 23:59:58,257) - Job completed successfully
