submitit INFO (2022-10-02 13:26:42,202) - Starting with JobEnvironment(job_id=884531_8, hostname=coecis-compute-01.coecis.cornell.edu, local_rank=0(1), node=0(1), global_rank=0(1))
submitit INFO (2022-10-02 13:26:42,202) - Loading pickle: /home/gid-cakmaks/contextual_rs/experiments/wsc_experiments/logs/884531_8/884531_8_submitted.pkl
Appending iterations to existing output!Warning: If parameters other than `iterations` have been changed, this will corrupt the output!
Starting label LEVI, seed 18, iteration 580, time: 337.6796042919159
Starting label LEVI, seed 18, iteration 590, time: 345.6839153766632
Starting label LEVI, seed 18, iteration 600, time: 353.5471258163452
Starting label LEVI, seed 18, iteration 610, time: 361.46877574920654
Starting label LEVI, seed 18, iteration 620, time: 369.3025104999542
Starting label LEVI, seed 18, iteration 630, time: 377.06531858444214
Starting label LEVI, seed 18, iteration 640, time: 384.6631746292114
Starting label LEVI, seed 18, iteration 650, time: 392.60573291778564
Starting label LEVI, seed 18, iteration 660, time: 400.63344740867615
Starting label LEVI, seed 18, iteration 670, time: 408.45745611190796
Starting label LEVI, seed 18, iteration 680, time: 416.41857266426086
Starting label LEVI, seed 18, iteration 690, time: 424.27747869491577
Starting label LEVI, seed 18, iteration 700, time: 432.28724431991577
Starting label LEVI, seed 18, iteration 710, time: 440.3391823768616
Starting label LEVI, seed 18, iteration 720, time: 449.3325753211975
Starting label LEVI, seed 18, iteration 730, time: 458.0772547721863
Starting label LEVI, seed 18, iteration 740, time: 466.9681363105774
Starting label LEVI, seed 18, iteration 750, time: 476.3162331581116
Starting label LEVI, seed 18, iteration 760, time: 485.67047691345215
Starting label LEVI, seed 18, iteration 770, time: 494.8438518047333
Starting label LEVI, seed 18, iteration 780, time: 504.9884765148163
Starting label LEVI, seed 18, iteration 790, time: 514.4077055454254
Starting label LEVI, seed 18, iteration 800, time: 525.9625444412231
Starting label LEVI, seed 18, iteration 810, time: 537.5126259326935
Starting label LEVI, seed 18, iteration 820, time: 549.3393802642822
Starting label LEVI, seed 18, iteration 830, time: 561.180255651474
Starting label LEVI, seed 18, iteration 840, time: 574.9687247276306
Starting label LEVI, seed 18, iteration 850, time: 587.2701988220215
Starting label LEVI, seed 18, iteration 860, time: 600.1863820552826
Starting label LEVI, seed 18, iteration 870, time: 611.9951620101929
Starting label LEVI, seed 18, iteration 880, time: 622.3961341381073
Starting label LEVI, seed 18, iteration 890, time: 633.1708333492279
Starting label LEVI, seed 18, iteration 900, time: 643.6913557052612
Starting label LEVI, seed 18, iteration 910, time: 653.3859438896179
Starting label LEVI, seed 18, iteration 920, time: 664.3045446872711
Starting label LEVI, seed 18, iteration 930, time: 675.0804128646851
Starting label LEVI, seed 18, iteration 940, time: 686.0659508705139
Starting label LEVI, seed 18, iteration 950, time: 696.6275932788849
Starting label LEVI, seed 18, iteration 960, time: 706.6178901195526
Starting label LEVI, seed 18, iteration 970, time: 716.5942759513855
Starting label LEVI, seed 18, iteration 980, time: 726.1930413246155
Starting label LEVI, seed 18, iteration 990, time: 736.4476025104523
Starting label LEVI, seed 18, iteration 1000, time: 746.5878145694733
Starting label LEVI, seed 18, iteration 1010, time: 757.101042509079
Starting label LEVI, seed 18, iteration 1020, time: 767.2328288555145
Starting label LEVI, seed 18, iteration 1030, time: 777.5406241416931
Starting label LEVI, seed 18, iteration 1040, time: 787.5947687625885
Starting label LEVI, seed 18, iteration 1050, time: 796.9950542449951
Starting label LEVI, seed 18, iteration 1060, time: 806.9992372989655
Starting label LEVI, seed 18, iteration 1070, time: 816.5890610218048
Starting label LEVI, seed 18, iteration 1080, time: 826.4325115680695
Starting label LEVI, seed 18, iteration 1090, time: 836.8172056674957
Starting label LEVI, seed 18, iteration 1100, time: 846.3326036930084
Starting label LEVI, seed 18, iteration 1110, time: 856.3200898170471
Starting label LEVI, seed 18, iteration 1120, time: 865.7511701583862
Starting label LEVI, seed 18, iteration 1130, time: 875.6632781028748
Starting label LEVI, seed 18, iteration 1140, time: 885.7693185806274
Starting label LEVI, seed 18, iteration 1150, time: 895.4129683971405
Starting label LEVI, seed 18, iteration 1160, time: 904.6322989463806
Starting label LEVI, seed 18, iteration 1170, time: 914.0197596549988
Starting label LEVI, seed 18, iteration 1180, time: 923.7637042999268
Starting label LEVI, seed 18, iteration 1190, time: 934.3629157543182
Starting label LEVI, seed 18, iteration 1200, time: 944.5166585445404
Starting label LEVI, seed 18, iteration 1210, time: 954.4996964931488
Starting label LEVI, seed 18, iteration 1220, time: 964.376945734024
Starting label LEVI, seed 18, iteration 1230, time: 974.5980508327484
Starting label LEVI, seed 18, iteration 1240, time: 984.5376348495483
Starting label LEVI, seed 18, iteration 1250, time: 994.837322473526
Starting label LEVI, seed 18, iteration 1260, time: 1005.1424431800842
Starting label LEVI, seed 18, iteration 1270, time: 1015.3895900249481
Starting label LEVI, seed 18, iteration 1280, time: 1026.1353871822357
Starting label LEVI, seed 18, iteration 1290, time: 1036.2966430187225
Starting label LEVI, seed 18, iteration 1300, time: 1046.3024168014526
Starting label LEVI, seed 18, iteration 1310, time: 1056.8442215919495
Starting label LEVI, seed 18, iteration 1320, time: 1067.6639540195465
Starting label LEVI, seed 18, iteration 1330, time: 1077.7056770324707
Starting label LEVI, seed 18, iteration 1340, time: 1088.717782497406
Starting label LEVI, seed 18, iteration 1350, time: 1099.923038482666
Starting label LEVI, seed 18, iteration 1360, time: 1109.648134469986
Starting label LEVI, seed 18, iteration 1370, time: 1119.690729379654
Starting label LEVI, seed 18, iteration 1380, time: 1129.6478650569916
Starting label LEVI, seed 18, iteration 1390, time: 1140.4334750175476
Starting label LEVI, seed 18, iteration 1400, time: 1150.8442680835724
Starting label LEVI, seed 18, iteration 1410, time: 1161.739753961563
Starting label LEVI, seed 18, iteration 1420, time: 1172.8776092529297
Starting label LEVI, seed 18, iteration 1430, time: 1183.8017060756683
Starting label LEVI, seed 18, iteration 1440, time: 1195.0197260379791
Starting label LEVI, seed 18, iteration 1450, time: 1206.4274621009827
Starting label LEVI, seed 18, iteration 1460, time: 1217.7495391368866
Starting label LEVI, seed 18, iteration 1470, time: 1228.728420972824
Starting label LEVI, seed 18, iteration 1480, time: 1240.5708394050598
Starting label LEVI, seed 18, iteration 1490, time: 1251.2923204898834
Starting label LEVI, seed 18, iteration 1500, time: 1261.9469089508057
Starting label LEVI, seed 18, iteration 1510, time: 1272.5135872364044
Starting label LEVI, seed 18, iteration 1520, time: 1283.8447332382202
Starting label LEVI, seed 18, iteration 1530, time: 1295.4758388996124
Starting label LEVI, seed 18, iteration 1540, time: 1306.8113260269165
Starting label LEVI, seed 18, iteration 1550, time: 1317.5951199531555
Starting label LEVI, seed 18, iteration 1560, time: 1328.8664813041687
Starting label LEVI, seed 18, iteration 1570, time: 1339.8831949234009
Starting label LEVI, seed 18, iteration 1580, time: 1352.1099400520325
Starting label LEVI, seed 18, iteration 1590, time: 1364.8109376430511
Starting label LEVI, seed 18, iteration 1600, time: 1377.0187027454376
Starting label LEVI, seed 18, iteration 1610, time: 1387.8822479248047
Starting label LEVI, seed 18, iteration 1620, time: 1400.2480359077454
Starting label LEVI, seed 18, iteration 1630, time: 1412.8484055995941
Starting label LEVI, seed 18, iteration 1640, time: 1425.3930642604828
Starting label LEVI, seed 18, iteration 1650, time: 1437.6078743934631
Starting label LEVI, seed 18, iteration 1660, time: 1450.3006064891815
Starting label LEVI, seed 18, iteration 1670, time: 1462.7133977413177
Starting label LEVI, seed 18, iteration 1680, time: 1474.8787565231323
Starting label LEVI, seed 18, iteration 1690, time: 1486.6382503509521
Starting label LEVI, seed 18, iteration 1700, time: 1499.208930015564
Starting label LEVI, seed 18, iteration 1710, time: 1510.9778809547424
Starting label LEVI, seed 18, iteration 1720, time: 1524.2367572784424
Starting label LEVI, seed 18, iteration 1730, time: 1536.8298933506012
Starting label LEVI, seed 18, iteration 1740, time: 1550.4107463359833
Starting label LEVI, seed 18, iteration 1750, time: 1564.4340686798096
Starting label LEVI, seed 18, iteration 1760, time: 1578.5663058757782
Starting label LEVI, seed 18, iteration 1770, time: 1592.6632149219513
Starting label LEVI, seed 18, iteration 1780, time: 1606.4352796077728
Starting label LEVI, seed 18, iteration 1790, time: 1618.8295953273773
Starting label LEVI, seed 18, iteration 1800, time: 1631.797615289688
Starting label LEVI, seed 18, iteration 1810, time: 1645.5897257328033
Starting label LEVI, seed 18, iteration 1820, time: 1659.7567496299744
Starting label LEVI, seed 18, iteration 1830, time: 1675.1948056221008
Starting label LEVI, seed 18, iteration 1840, time: 1691.2936906814575
Starting label LEVI, seed 18, iteration 1850, time: 1706.7370102405548
Starting label LEVI, seed 18, iteration 1860, time: 1722.5296001434326
Starting label LEVI, seed 18, iteration 1870, time: 1737.817672252655
Starting label LEVI, seed 18, iteration 1880, time: 1753.0674886703491
Starting label LEVI, seed 18, iteration 1890, time: 1769.3634235858917
Starting label LEVI, seed 18, iteration 1900, time: 1785.470404624939
Starting label LEVI, seed 18, iteration 1910, time: 1801.2084758281708
Starting label LEVI, seed 18, iteration 1920, time: 1816.0104613304138
Starting label LEVI, seed 18, iteration 1930, time: 1832.9541869163513
Starting label LEVI, seed 18, iteration 1940, time: 1850.7575871944427
Starting label LEVI, seed 18, iteration 1950, time: 1867.5515882968903
Starting label LEVI, seed 18, iteration 1960, time: 1883.7851922512054
Starting label LEVI, seed 18, iteration 1970, time: 1902.7131068706512
Starting label LEVI, seed 18, iteration 1980, time: 1921.0261931419373
Starting label LEVI, seed 18, iteration 1990, time: 1939.1434516906738
submitit INFO (2022-10-02 13:53:44,344) - Job completed successfully
