submitit INFO (2022-10-02 02:25:27,391) - Starting with JobEnvironment(job_id=883724_2, hostname=lecun.cs.cornell.edu, local_rank=0(1), node=0(1), global_rank=0(1))
submitit INFO (2022-10-02 02:25:27,392) - Loading pickle: /home/gid-cakmaks/contextual_rs/experiments/wsc_experiments/logs/883724_2/883724_2_submitted.pkl
Appending iterations to existing output!Warning: If parameters other than `iterations` have been changed, this will corrupt the output!
Starting label LEVI, seed 72, iteration 810, time: 308.78697896003723
Starting label LEVI, seed 72, iteration 820, time: 313.94156861305237
Starting label LEVI, seed 72, iteration 830, time: 318.6360812187195
Starting label LEVI, seed 72, iteration 840, time: 323.5188477039337
Starting label LEVI, seed 72, iteration 850, time: 328.9020826816559
Starting label LEVI, seed 72, iteration 860, time: 333.6946358680725
Starting label LEVI, seed 72, iteration 870, time: 338.7976129055023
Starting label LEVI, seed 72, iteration 880, time: 345.0005829334259
Starting label LEVI, seed 72, iteration 890, time: 350.1608862876892
Starting label LEVI, seed 72, iteration 900, time: 354.8339035511017
Starting label LEVI, seed 72, iteration 910, time: 359.7191164493561
Starting label LEVI, seed 72, iteration 920, time: 364.7709515094757
Starting label LEVI, seed 72, iteration 930, time: 369.9152133464813
Starting label LEVI, seed 72, iteration 940, time: 375.2091279029846
Starting label LEVI, seed 72, iteration 950, time: 380.4967129230499
Starting label LEVI, seed 72, iteration 960, time: 385.88340997695923
Starting label LEVI, seed 72, iteration 970, time: 390.94636392593384
Starting label LEVI, seed 72, iteration 980, time: 395.9230453968048
Starting label LEVI, seed 72, iteration 990, time: 401.9703595638275
Starting label LEVI, seed 72, iteration 1000, time: 407.57795333862305
Starting label LEVI, seed 72, iteration 1010, time: 414.2401878833771
Starting label LEVI, seed 72, iteration 1020, time: 419.9696900844574
Starting label LEVI, seed 72, iteration 1030, time: 426.12041425704956
Starting label LEVI, seed 72, iteration 1040, time: 431.3008842468262
Starting label LEVI, seed 72, iteration 1050, time: 436.49195194244385
Starting label LEVI, seed 72, iteration 1060, time: 442.66081714630127
Starting label LEVI, seed 72, iteration 1070, time: 448.69474625587463
Starting label LEVI, seed 72, iteration 1080, time: 453.9934916496277
Starting label LEVI, seed 72, iteration 1090, time: 459.9863877296448
Starting label LEVI, seed 72, iteration 1100, time: 465.22949171066284
Starting label LEVI, seed 72, iteration 1110, time: 471.38832211494446
Starting label LEVI, seed 72, iteration 1120, time: 476.7989902496338
Starting label LEVI, seed 72, iteration 1130, time: 483.2749135494232
Starting label LEVI, seed 72, iteration 1140, time: 489.1084532737732
Starting label LEVI, seed 72, iteration 1150, time: 495.5855667591095
Starting label LEVI, seed 72, iteration 1160, time: 502.3795464038849
Starting label LEVI, seed 72, iteration 1170, time: 508.8914432525635
Starting label LEVI, seed 72, iteration 1180, time: 515.4387414455414
Starting label LEVI, seed 72, iteration 1190, time: 521.5442249774933
Starting label LEVI, seed 72, iteration 1200, time: 528.6292970180511
Starting label LEVI, seed 72, iteration 1210, time: 535.4655406475067
Starting label LEVI, seed 72, iteration 1220, time: 542.8779630661011
Starting label LEVI, seed 72, iteration 1230, time: 549.3531556129456
Starting label LEVI, seed 72, iteration 1240, time: 556.0615391731262
Starting label LEVI, seed 72, iteration 1250, time: 563.6325755119324
Starting label LEVI, seed 72, iteration 1260, time: 571.6058495044708
Starting label LEVI, seed 72, iteration 1270, time: 578.936847448349
Starting label LEVI, seed 72, iteration 1280, time: 586.6204266548157
Starting label LEVI, seed 72, iteration 1290, time: 595.902161359787
Starting label LEVI, seed 72, iteration 1300, time: 604.5257413387299
Starting label LEVI, seed 72, iteration 1310, time: 612.940699338913
Starting label LEVI, seed 72, iteration 1320, time: 621.0019223690033
Starting label LEVI, seed 72, iteration 1330, time: 629.0216844081879
Starting label LEVI, seed 72, iteration 1340, time: 638.2136209011078
Starting label LEVI, seed 72, iteration 1350, time: 647.6223945617676
Starting label LEVI, seed 72, iteration 1360, time: 656.5764932632446
Starting label LEVI, seed 72, iteration 1370, time: 666.2390072345734
Starting label LEVI, seed 72, iteration 1380, time: 676.2491652965546
Starting label LEVI, seed 72, iteration 1390, time: 686.9430160522461
Starting label LEVI, seed 72, iteration 1400, time: 695.045892238617
Starting label LEVI, seed 72, iteration 1410, time: 705.6936962604523
Starting label LEVI, seed 72, iteration 1420, time: 716.030868768692
Starting label LEVI, seed 72, iteration 1430, time: 725.5394926071167
Starting label LEVI, seed 72, iteration 1440, time: 736.405957698822
Starting label LEVI, seed 72, iteration 1450, time: 746.5596790313721
Starting label LEVI, seed 72, iteration 1460, time: 755.7711489200592
Starting label LEVI, seed 72, iteration 1470, time: 765.187353849411
Starting label LEVI, seed 72, iteration 1480, time: 776.5831472873688
Starting label LEVI, seed 72, iteration 1490, time: 786.1190581321716
Starting label LEVI, seed 72, iteration 1500, time: 796.2597432136536
Starting label LEVI, seed 72, iteration 1510, time: 807.576856136322
Starting label LEVI, seed 72, iteration 1520, time: 817.2357590198517
Starting label LEVI, seed 72, iteration 1530, time: 827.5410006046295
Starting label LEVI, seed 72, iteration 1540, time: 837.7616562843323
Starting label LEVI, seed 72, iteration 1550, time: 850.2113418579102
Starting label LEVI, seed 72, iteration 1560, time: 862.5305738449097
Starting label LEVI, seed 72, iteration 1570, time: 873.4165990352631
Starting label LEVI, seed 72, iteration 1580, time: 887.1531689167023
Starting label LEVI, seed 72, iteration 1590, time: 898.1919341087341
Starting label LEVI, seed 72, iteration 1600, time: 911.7634444236755
Starting label LEVI, seed 72, iteration 1610, time: 923.9175298213959
Starting label LEVI, seed 72, iteration 1620, time: 937.818651676178
Starting label LEVI, seed 72, iteration 1630, time: 951.9274706840515
Starting label LEVI, seed 72, iteration 1640, time: 966.0476324558258
Starting label LEVI, seed 72, iteration 1650, time: 978.8267693519592
Starting label LEVI, seed 72, iteration 1660, time: 992.7868609428406
Starting label LEVI, seed 72, iteration 1670, time: 1006.7493829727173
Starting label LEVI, seed 72, iteration 1680, time: 1019.0984597206116
Starting label LEVI, seed 72, iteration 1690, time: 1031.0112380981445
Starting label LEVI, seed 72, iteration 1700, time: 1043.9389860630035
Starting label LEVI, seed 72, iteration 1710, time: 1059.4302513599396
Starting label LEVI, seed 72, iteration 1720, time: 1074.872623205185
Starting label LEVI, seed 72, iteration 1730, time: 1087.5930655002594
Starting label LEVI, seed 72, iteration 1740, time: 1100.845137834549
Starting label LEVI, seed 72, iteration 1750, time: 1116.4146659374237
Starting label LEVI, seed 72, iteration 1760, time: 1132.5689551830292
Starting label LEVI, seed 72, iteration 1770, time: 1146.1915202140808
Starting label LEVI, seed 72, iteration 1780, time: 1163.8222279548645
Starting label LEVI, seed 72, iteration 1790, time: 1181.1580128669739
Starting label LEVI, seed 72, iteration 1800, time: 1195.4724867343903
Starting label LEVI, seed 72, iteration 1810, time: 1208.833930015564
Starting label LEVI, seed 72, iteration 1820, time: 1224.6187598705292
Starting label LEVI, seed 72, iteration 1830, time: 1238.8880951404572
Starting label LEVI, seed 72, iteration 1840, time: 1255.7763922214508
Starting label LEVI, seed 72, iteration 1850, time: 1271.6660416126251
Starting label LEVI, seed 72, iteration 1860, time: 1289.73486328125
Starting label LEVI, seed 72, iteration 1870, time: 1303.5599579811096
Starting label LEVI, seed 72, iteration 1880, time: 1322.0107367038727
Starting label LEVI, seed 72, iteration 1890, time: 1338.8144371509552
Starting label LEVI, seed 72, iteration 1900, time: 1357.769085407257
Starting label LEVI, seed 72, iteration 1910, time: 1376.9117367267609
Starting label LEVI, seed 72, iteration 1920, time: 1392.775703907013
Starting label LEVI, seed 72, iteration 1930, time: 1412.2732830047607
Starting label LEVI, seed 72, iteration 1940, time: 1427.5698928833008
Starting label LEVI, seed 72, iteration 1950, time: 1442.7541439533234
Starting label LEVI, seed 72, iteration 1960, time: 1459.8161237239838
Starting label LEVI, seed 72, iteration 1970, time: 1479.506932258606
Starting label LEVI, seed 72, iteration 1980, time: 1495.258457183838
Starting label LEVI, seed 72, iteration 1990, time: 1514.6944439411163
submitit INFO (2022-10-02 02:45:53,406) - Job completed successfully
