submitit INFO (2022-10-02 13:27:23,490) - Starting with JobEnvironment(job_id=884571_2, hostname=badfellow.cs.cornell.edu, local_rank=0(1), node=0(1), global_rank=0(1))
submitit INFO (2022-10-02 13:27:23,490) - Loading pickle: /home/gid-cakmaks/contextual_rs/experiments/wsc_experiments/logs/884571_2/884571_2_submitted.pkl
Appending iterations to existing output!Warning: If parameters other than `iterations` have been changed, this will corrupt the output!
Starting label LEVI, seed 52, iteration 500, time: 310.6499288082123
Starting label LEVI, seed 52, iteration 510, time: 316.1703200340271
Starting label LEVI, seed 52, iteration 520, time: 320.4559414386749
Starting label LEVI, seed 52, iteration 530, time: 324.26501965522766
Starting label LEVI, seed 52, iteration 540, time: 328.23276805877686
Starting label LEVI, seed 52, iteration 550, time: 332.2633695602417
Starting label LEVI, seed 52, iteration 560, time: 336.14576625823975
Starting label LEVI, seed 52, iteration 570, time: 339.98470187187195
Starting label LEVI, seed 52, iteration 580, time: 343.8452339172363
Starting label LEVI, seed 52, iteration 590, time: 347.91717410087585
Starting label LEVI, seed 52, iteration 600, time: 352.1955759525299
Starting label LEVI, seed 52, iteration 610, time: 356.59112668037415
Starting label LEVI, seed 52, iteration 620, time: 360.8999466896057
Starting label LEVI, seed 52, iteration 630, time: 365.2560279369354
Starting label LEVI, seed 52, iteration 640, time: 369.57568430900574
Starting label LEVI, seed 52, iteration 650, time: 373.99546909332275
Starting label LEVI, seed 52, iteration 660, time: 378.2552664279938
Starting label LEVI, seed 52, iteration 670, time: 382.62552213668823
Starting label LEVI, seed 52, iteration 680, time: 387.0945725440979
Starting label LEVI, seed 52, iteration 690, time: 391.36423921585083
Starting label LEVI, seed 52, iteration 700, time: 395.72216510772705
Starting label LEVI, seed 52, iteration 710, time: 400.18712854385376
Starting label LEVI, seed 52, iteration 720, time: 404.55879950523376
Starting label LEVI, seed 52, iteration 730, time: 408.84419202804565
Starting label LEVI, seed 52, iteration 740, time: 413.3384997844696
Starting label LEVI, seed 52, iteration 750, time: 417.8817455768585
Starting label LEVI, seed 52, iteration 760, time: 422.47525572776794
Starting label LEVI, seed 52, iteration 770, time: 427.14673924446106
Starting label LEVI, seed 52, iteration 780, time: 431.92527437210083
Starting label LEVI, seed 52, iteration 790, time: 436.69824719429016
Starting label LEVI, seed 52, iteration 800, time: 441.83480620384216
Starting label LEVI, seed 52, iteration 810, time: 446.770676612854
Starting label LEVI, seed 52, iteration 820, time: 451.6852934360504
Starting label LEVI, seed 52, iteration 830, time: 456.72698616981506
Starting label LEVI, seed 52, iteration 840, time: 461.5096971988678
Starting label LEVI, seed 52, iteration 850, time: 466.65493059158325
Starting label LEVI, seed 52, iteration 860, time: 472.02981901168823
Starting label LEVI, seed 52, iteration 870, time: 477.49300026893616
Starting label LEVI, seed 52, iteration 880, time: 482.8387448787689
Starting label LEVI, seed 52, iteration 890, time: 488.31178879737854
Starting label LEVI, seed 52, iteration 900, time: 493.2152364253998
Starting label LEVI, seed 52, iteration 910, time: 498.22634744644165
Starting label LEVI, seed 52, iteration 920, time: 503.00809621810913
Starting label LEVI, seed 52, iteration 930, time: 507.8618519306183
Starting label LEVI, seed 52, iteration 940, time: 513.2671172618866
Starting label LEVI, seed 52, iteration 950, time: 518.7014153003693
Starting label LEVI, seed 52, iteration 960, time: 523.8802258968353
Starting label LEVI, seed 52, iteration 970, time: 529.1341462135315
Starting label LEVI, seed 52, iteration 980, time: 534.0064098834991
Starting label LEVI, seed 52, iteration 990, time: 539.2112364768982
Starting label LEVI, seed 52, iteration 1000, time: 544.2368948459625
Starting label LEVI, seed 52, iteration 1010, time: 549.7741889953613
Starting label LEVI, seed 52, iteration 1020, time: 555.4882640838623
Starting label LEVI, seed 52, iteration 1030, time: 561.1845214366913
Starting label LEVI, seed 52, iteration 1040, time: 567.0075449943542
Starting label LEVI, seed 52, iteration 1050, time: 572.4610247612
Starting label LEVI, seed 52, iteration 1060, time: 578.0641539096832
Starting label LEVI, seed 52, iteration 1070, time: 583.0730059146881
Starting label LEVI, seed 52, iteration 1080, time: 588.5004167556763
Starting label LEVI, seed 52, iteration 1090, time: 594.0941767692566
Starting label LEVI, seed 52, iteration 1100, time: 599.3656008243561
Starting label LEVI, seed 52, iteration 1110, time: 604.5333271026611
Starting label LEVI, seed 52, iteration 1120, time: 609.5644373893738
Starting label LEVI, seed 52, iteration 1130, time: 614.6746349334717
Starting label LEVI, seed 52, iteration 1140, time: 620.0812010765076
Starting label LEVI, seed 52, iteration 1150, time: 625.3373641967773
Starting label LEVI, seed 52, iteration 1160, time: 630.6171469688416
Starting label LEVI, seed 52, iteration 1170, time: 635.9531292915344
Starting label LEVI, seed 52, iteration 1180, time: 640.829540014267
Starting label LEVI, seed 52, iteration 1190, time: 645.7501466274261
Starting label LEVI, seed 52, iteration 1200, time: 650.6445190906525
Starting label LEVI, seed 52, iteration 1210, time: 655.6720962524414
Starting label LEVI, seed 52, iteration 1220, time: 660.8254280090332
Starting label LEVI, seed 52, iteration 1230, time: 665.6882886886597
Starting label LEVI, seed 52, iteration 1240, time: 670.6119914054871
Starting label LEVI, seed 52, iteration 1250, time: 675.760823726654
Starting label LEVI, seed 52, iteration 1260, time: 680.8616030216217
Starting label LEVI, seed 52, iteration 1270, time: 686.1386609077454
Starting label LEVI, seed 52, iteration 1280, time: 691.0928566455841
Starting label LEVI, seed 52, iteration 1290, time: 696.2061457633972
Starting label LEVI, seed 52, iteration 1300, time: 701.3936381340027
Starting label LEVI, seed 52, iteration 1310, time: 706.4581515789032
Starting label LEVI, seed 52, iteration 1320, time: 711.3070137500763
Starting label LEVI, seed 52, iteration 1330, time: 716.6553347110748
Starting label LEVI, seed 52, iteration 1340, time: 722.0482194423676
Starting label LEVI, seed 52, iteration 1350, time: 727.5838854312897
Starting label LEVI, seed 52, iteration 1360, time: 732.8601803779602
Starting label LEVI, seed 52, iteration 1370, time: 738.0250425338745
Starting label LEVI, seed 52, iteration 1380, time: 743.3315811157227
Starting label LEVI, seed 52, iteration 1390, time: 748.56325340271
Starting label LEVI, seed 52, iteration 1400, time: 753.8926270008087
Starting label LEVI, seed 52, iteration 1410, time: 759.4708232879639
Starting label LEVI, seed 52, iteration 1420, time: 764.666752576828
Starting label LEVI, seed 52, iteration 1430, time: 770.17773270607
Starting label LEVI, seed 52, iteration 1440, time: 775.4872179031372
Starting label LEVI, seed 52, iteration 1450, time: 780.5828740596771
Starting label LEVI, seed 52, iteration 1460, time: 785.7371966838837
Starting label LEVI, seed 52, iteration 1470, time: 790.9239301681519
Starting label LEVI, seed 52, iteration 1480, time: 796.4893362522125
Starting label LEVI, seed 52, iteration 1490, time: 801.9168076515198
Starting label LEVI, seed 52, iteration 1500, time: 807.3609063625336
Starting label LEVI, seed 52, iteration 1510, time: 813.0485854148865
Starting label LEVI, seed 52, iteration 1520, time: 818.896910905838
Starting label LEVI, seed 52, iteration 1530, time: 824.5410189628601
Starting label LEVI, seed 52, iteration 1540, time: 830.3225374221802
Starting label LEVI, seed 52, iteration 1550, time: 836.0510189533234
Starting label LEVI, seed 52, iteration 1560, time: 842.0839831829071
Starting label LEVI, seed 52, iteration 1570, time: 848.1201395988464
Starting label LEVI, seed 52, iteration 1580, time: 853.9905095100403
Starting label LEVI, seed 52, iteration 1590, time: 859.6982991695404
Starting label LEVI, seed 52, iteration 1600, time: 865.4256205558777
Starting label LEVI, seed 52, iteration 1610, time: 871.0240836143494
Starting label LEVI, seed 52, iteration 1620, time: 876.9586269855499
Starting label LEVI, seed 52, iteration 1630, time: 883.1565532684326
Starting label LEVI, seed 52, iteration 1640, time: 889.0570809841156
Starting label LEVI, seed 52, iteration 1650, time: 894.8121535778046
Starting label LEVI, seed 52, iteration 1660, time: 900.7961573600769
Starting label LEVI, seed 52, iteration 1670, time: 906.3574242591858
Starting label LEVI, seed 52, iteration 1680, time: 911.9641075134277
Starting label LEVI, seed 52, iteration 1690, time: 917.5450031757355
Starting label LEVI, seed 52, iteration 1700, time: 923.7838940620422
Starting label LEVI, seed 52, iteration 1710, time: 929.8544979095459
Starting label LEVI, seed 52, iteration 1720, time: 935.7555849552155
Starting label LEVI, seed 52, iteration 1730, time: 942.3689959049225
Starting label LEVI, seed 52, iteration 1740, time: 948.1846349239349
Starting label LEVI, seed 52, iteration 1750, time: 954.5088057518005
Starting label LEVI, seed 52, iteration 1760, time: 960.7501029968262
Starting label LEVI, seed 52, iteration 1770, time: 966.965389251709
Starting label LEVI, seed 52, iteration 1780, time: 972.7666807174683
Starting label LEVI, seed 52, iteration 1790, time: 979.5181035995483
Starting label LEVI, seed 52, iteration 1800, time: 985.555849313736
Starting label LEVI, seed 52, iteration 1810, time: 992.0832326412201
Starting label LEVI, seed 52, iteration 1820, time: 998.2238638401031
Starting label LEVI, seed 52, iteration 1830, time: 1005.0343134403229
Starting label LEVI, seed 52, iteration 1840, time: 1011.8087556362152
Starting label LEVI, seed 52, iteration 1850, time: 1018.3930077552795
Starting label LEVI, seed 52, iteration 1860, time: 1024.6677570343018
Starting label LEVI, seed 52, iteration 1870, time: 1031.502482175827
Starting label LEVI, seed 52, iteration 1880, time: 1039.0865950584412
Starting label LEVI, seed 52, iteration 1890, time: 1045.477784872055
Starting label LEVI, seed 52, iteration 1900, time: 1051.6383647918701
Starting label LEVI, seed 52, iteration 1910, time: 1057.9544088840485
Starting label LEVI, seed 52, iteration 1920, time: 1064.8190984725952
Starting label LEVI, seed 52, iteration 1930, time: 1071.7530398368835
Starting label LEVI, seed 52, iteration 1940, time: 1078.276219367981
Starting label LEVI, seed 52, iteration 1950, time: 1085.0735976696014
Starting label LEVI, seed 52, iteration 1960, time: 1092.3231599330902
Starting label LEVI, seed 52, iteration 1970, time: 1099.9085445404053
Starting label LEVI, seed 52, iteration 1980, time: 1107.111802816391
Starting label LEVI, seed 52, iteration 1990, time: 1114.6042747497559
submitit INFO (2022-10-02 13:40:56,642) - Job completed successfully
