submitit INFO (2022-10-02 13:26:52,524) - Starting with JobEnvironment(job_id=884541_7, hostname=snavely-compute-01.tech.cornell.edu, local_rank=0(1), node=0(1), global_rank=0(1))
submitit INFO (2022-10-02 13:26:52,525) - Loading pickle: /home/gid-cakmaks/contextual_rs/experiments/wsc_experiments/logs/884541_7/884541_7_submitted.pkl
Appending iterations to existing output!Warning: If parameters other than `iterations` have been changed, this will corrupt the output!
Starting label LEVI, seed 27, iteration 490, time: 336.608943939209
Starting label LEVI, seed 27, iteration 500, time: 344.66234040260315
Starting label LEVI, seed 27, iteration 510, time: 352.73540472984314
Starting label LEVI, seed 27, iteration 520, time: 360.57111072540283
Starting label LEVI, seed 27, iteration 530, time: 368.5110716819763
Starting label LEVI, seed 27, iteration 540, time: 376.59860944747925
Starting label LEVI, seed 27, iteration 550, time: 384.7206208705902
Starting label LEVI, seed 27, iteration 560, time: 392.93349957466125
Starting label LEVI, seed 27, iteration 570, time: 401.3576629161835
Starting label LEVI, seed 27, iteration 580, time: 409.74863481521606
Starting label LEVI, seed 27, iteration 590, time: 418.0875153541565
Starting label LEVI, seed 27, iteration 600, time: 426.5518624782562
Starting label LEVI, seed 27, iteration 610, time: 434.90470123291016
Starting label LEVI, seed 27, iteration 620, time: 443.3733515739441
Starting label LEVI, seed 27, iteration 630, time: 451.6488747596741
Starting label LEVI, seed 27, iteration 640, time: 460.2416808605194
Starting label LEVI, seed 27, iteration 650, time: 468.33228635787964
Starting label LEVI, seed 27, iteration 660, time: 476.4726037979126
Starting label LEVI, seed 27, iteration 670, time: 484.8946976661682
Starting label LEVI, seed 27, iteration 680, time: 493.3358187675476
Starting label LEVI, seed 27, iteration 690, time: 503.2017090320587
Starting label LEVI, seed 27, iteration 700, time: 513.5666918754578
Starting label LEVI, seed 27, iteration 710, time: 522.6174902915955
Starting label LEVI, seed 27, iteration 720, time: 532.3952555656433
Starting label LEVI, seed 27, iteration 730, time: 542.3191106319427
Starting label LEVI, seed 27, iteration 740, time: 551.9746203422546
Starting label LEVI, seed 27, iteration 750, time: 561.8254733085632
Starting label LEVI, seed 27, iteration 760, time: 572.3116829395294
Starting label LEVI, seed 27, iteration 770, time: 582.0129487514496
Starting label LEVI, seed 27, iteration 780, time: 591.9676446914673
Starting label LEVI, seed 27, iteration 790, time: 602.6070368289948
Starting label LEVI, seed 27, iteration 800, time: 613.2220637798309
Starting label LEVI, seed 27, iteration 810, time: 623.6716556549072
Starting label LEVI, seed 27, iteration 820, time: 634.4187150001526
Starting label LEVI, seed 27, iteration 830, time: 644.3035266399384
Starting label LEVI, seed 27, iteration 840, time: 653.4927620887756
Starting label LEVI, seed 27, iteration 850, time: 662.945467710495
Starting label LEVI, seed 27, iteration 860, time: 672.9248826503754
Starting label LEVI, seed 27, iteration 870, time: 683.192967414856
Starting label LEVI, seed 27, iteration 880, time: 693.5555782318115
Starting label LEVI, seed 27, iteration 890, time: 703.5931403636932
Starting label LEVI, seed 27, iteration 900, time: 713.6977226734161
Starting label LEVI, seed 27, iteration 910, time: 722.9792492389679
Starting label LEVI, seed 27, iteration 920, time: 732.4245278835297
Starting label LEVI, seed 27, iteration 930, time: 741.4047899246216
Starting label LEVI, seed 27, iteration 940, time: 750.5528531074524
Starting label LEVI, seed 27, iteration 950, time: 759.5611171722412
Starting label LEVI, seed 27, iteration 960, time: 768.5969812870026
Starting label LEVI, seed 27, iteration 970, time: 777.0187411308289
Starting label LEVI, seed 27, iteration 980, time: 785.6347589492798
Starting label LEVI, seed 27, iteration 990, time: 793.8240163326263
Starting label LEVI, seed 27, iteration 1000, time: 802.2418224811554
Starting label LEVI, seed 27, iteration 1010, time: 810.730625629425
Starting label LEVI, seed 27, iteration 1020, time: 819.1493344306946
Starting label LEVI, seed 27, iteration 1030, time: 827.4668538570404
Starting label LEVI, seed 27, iteration 1040, time: 836.0736989974976
Starting label LEVI, seed 27, iteration 1050, time: 845.2725174427032
Starting label LEVI, seed 27, iteration 1060, time: 854.3358623981476
Starting label LEVI, seed 27, iteration 1070, time: 864.3033349514008
Starting label LEVI, seed 27, iteration 1080, time: 873.8305971622467
Starting label LEVI, seed 27, iteration 1090, time: 882.7743592262268
Starting label LEVI, seed 27, iteration 1100, time: 891.4050815105438
Starting label LEVI, seed 27, iteration 1110, time: 900.2430219650269
Starting label LEVI, seed 27, iteration 1120, time: 909.1644756793976
Starting label LEVI, seed 27, iteration 1130, time: 918.9821085929871
Starting label LEVI, seed 27, iteration 1140, time: 928.6259582042694
Starting label LEVI, seed 27, iteration 1150, time: 938.1451652050018
Starting label LEVI, seed 27, iteration 1160, time: 947.8664975166321
Starting label LEVI, seed 27, iteration 1170, time: 957.3985636234283
Starting label LEVI, seed 27, iteration 1180, time: 966.9325230121613
Starting label LEVI, seed 27, iteration 1190, time: 976.2695689201355
Starting label LEVI, seed 27, iteration 1200, time: 985.94336104393
Starting label LEVI, seed 27, iteration 1210, time: 995.5597887039185
Starting label LEVI, seed 27, iteration 1220, time: 1005.3757259845734
Starting label LEVI, seed 27, iteration 1230, time: 1015.1589987277985
Starting label LEVI, seed 27, iteration 1240, time: 1025.0878324508667
Starting label LEVI, seed 27, iteration 1250, time: 1035.2078957557678
Starting label LEVI, seed 27, iteration 1260, time: 1045.0932264328003
Starting label LEVI, seed 27, iteration 1270, time: 1054.8441095352173
Starting label LEVI, seed 27, iteration 1280, time: 1064.562224149704
Starting label LEVI, seed 27, iteration 1290, time: 1074.5485315322876
Starting label LEVI, seed 27, iteration 1300, time: 1083.9237694740295
Starting label LEVI, seed 27, iteration 1310, time: 1093.5018067359924
Starting label LEVI, seed 27, iteration 1320, time: 1102.9649646282196
Starting label LEVI, seed 27, iteration 1330, time: 1113.0598304271698
Starting label LEVI, seed 27, iteration 1340, time: 1122.7128949165344
Starting label LEVI, seed 27, iteration 1350, time: 1132.9034976959229
Starting label LEVI, seed 27, iteration 1360, time: 1142.9336273670197
Starting label LEVI, seed 27, iteration 1370, time: 1153.4114270210266
Starting label LEVI, seed 27, iteration 1380, time: 1163.4335219860077
Starting label LEVI, seed 27, iteration 1390, time: 1173.5845401287079
Starting label LEVI, seed 27, iteration 1400, time: 1183.9865534305573
Starting label LEVI, seed 27, iteration 1410, time: 1194.1667292118073
Starting label LEVI, seed 27, iteration 1420, time: 1203.9446613788605
Starting label LEVI, seed 27, iteration 1430, time: 1213.9723529815674
Starting label LEVI, seed 27, iteration 1440, time: 1224.2168171405792
Starting label LEVI, seed 27, iteration 1450, time: 1234.2134492397308
Starting label LEVI, seed 27, iteration 1460, time: 1244.3498001098633
Starting label LEVI, seed 27, iteration 1470, time: 1255.712349653244
Starting label LEVI, seed 27, iteration 1480, time: 1266.5015649795532
Starting label LEVI, seed 27, iteration 1490, time: 1277.1968431472778
Starting label LEVI, seed 27, iteration 1500, time: 1287.1597979068756
Starting label LEVI, seed 27, iteration 1510, time: 1297.155133008957
Starting label LEVI, seed 27, iteration 1520, time: 1308.099305152893
Starting label LEVI, seed 27, iteration 1530, time: 1319.855266571045
Starting label LEVI, seed 27, iteration 1540, time: 1331.5642063617706
Starting label LEVI, seed 27, iteration 1550, time: 1343.176997423172
Starting label LEVI, seed 27, iteration 1560, time: 1353.822187423706
Starting label LEVI, seed 27, iteration 1570, time: 1366.8116211891174
Starting label LEVI, seed 27, iteration 1580, time: 1378.2970371246338
Starting label LEVI, seed 27, iteration 1590, time: 1389.1380319595337
Starting label LEVI, seed 27, iteration 1600, time: 1401.2433133125305
Starting label LEVI, seed 27, iteration 1610, time: 1412.1994798183441
Starting label LEVI, seed 27, iteration 1620, time: 1425.2907135486603
Starting label LEVI, seed 27, iteration 1630, time: 1437.541203737259
Starting label LEVI, seed 27, iteration 1640, time: 1450.0505146980286
Starting label LEVI, seed 27, iteration 1650, time: 1462.662329673767
Starting label LEVI, seed 27, iteration 1660, time: 1474.6261031627655
Starting label LEVI, seed 27, iteration 1670, time: 1485.9170200824738
Starting label LEVI, seed 27, iteration 1680, time: 1498.0301795005798
Starting label LEVI, seed 27, iteration 1690, time: 1509.6670033931732
Starting label LEVI, seed 27, iteration 1700, time: 1522.1018319129944
Starting label LEVI, seed 27, iteration 1710, time: 1535.2256128787994
Starting label LEVI, seed 27, iteration 1720, time: 1548.5778498649597
Starting label LEVI, seed 27, iteration 1730, time: 1561.2802691459656
Starting label LEVI, seed 27, iteration 1740, time: 1573.8816833496094
Starting label LEVI, seed 27, iteration 1750, time: 1586.993618965149
Starting label LEVI, seed 27, iteration 1760, time: 1600.4446539878845
Starting label LEVI, seed 27, iteration 1770, time: 1614.1862123012543
Starting label LEVI, seed 27, iteration 1780, time: 1627.8541650772095
Starting label LEVI, seed 27, iteration 1790, time: 1640.3434748649597
Starting label LEVI, seed 27, iteration 1800, time: 1652.0823321342468
Starting label LEVI, seed 27, iteration 1810, time: 1665.2956185340881
Starting label LEVI, seed 27, iteration 1820, time: 1678.6355893611908
Starting label LEVI, seed 27, iteration 1830, time: 1693.7418591976166
Starting label LEVI, seed 27, iteration 1840, time: 1707.195424079895
Starting label LEVI, seed 27, iteration 1850, time: 1720.833604335785
Starting label LEVI, seed 27, iteration 1860, time: 1734.8695051670074
Starting label LEVI, seed 27, iteration 1870, time: 1748.715099811554
Starting label LEVI, seed 27, iteration 1880, time: 1762.6622738838196
Starting label LEVI, seed 27, iteration 1890, time: 1778.54123544693
Starting label LEVI, seed 27, iteration 1900, time: 1793.9323744773865
Starting label LEVI, seed 27, iteration 1910, time: 1809.0326688289642
Starting label LEVI, seed 27, iteration 1920, time: 1823.611184835434
Starting label LEVI, seed 27, iteration 1930, time: 1836.546463727951
Starting label LEVI, seed 27, iteration 1940, time: 1849.5846889019012
Starting label LEVI, seed 27, iteration 1950, time: 1864.5361597537994
Starting label LEVI, seed 27, iteration 1960, time: 1880.0396296977997
Starting label LEVI, seed 27, iteration 1970, time: 1896.3028945922852
Starting label LEVI, seed 27, iteration 1980, time: 1911.6726868152618
Starting label LEVI, seed 27, iteration 1990, time: 1927.3956110477448
submitit INFO (2022-10-02 13:53:42,566) - Job completed successfully
