submitit INFO (2022-10-02 02:23:02,194) - Starting with JobEnvironment(job_id=883635_1, hostname=sablab-gpu-02.ece.cornell.edu, local_rank=0(1), node=0(1), global_rank=0(1))
submitit INFO (2022-10-02 02:23:02,195) - Loading pickle: /home/gid-cakmaks/contextual_rs/experiments/wsc_experiments/logs/883635_1/883635_1_submitted.pkl
Appending iterations to existing output!Warning: If parameters other than `iterations` have been changed, this will corrupt the output!
Starting label LEVI, seed 32, iteration 110, time: 1484.7457149028778
Starting label LEVI, seed 32, iteration 120, time: 1488.2300708293915
Starting label LEVI, seed 32, iteration 130, time: 1491.781082391739
Starting label LEVI, seed 32, iteration 140, time: 1495.1851408481598
Starting label LEVI, seed 32, iteration 150, time: 1499.0708594322205
Starting label LEVI, seed 32, iteration 160, time: 1502.5273509025574
Starting label LEVI, seed 32, iteration 170, time: 1506.0364496707916
Starting label LEVI, seed 32, iteration 180, time: 1509.3553581237793
Starting label LEVI, seed 32, iteration 190, time: 1512.6516852378845
Starting label LEVI, seed 32, iteration 200, time: 1516.4960851669312
Starting label LEVI, seed 32, iteration 210, time: 1520.3252184391022
Starting label LEVI, seed 32, iteration 220, time: 1524.2458944320679
Starting label LEVI, seed 32, iteration 230, time: 1527.226582288742
Starting label LEVI, seed 32, iteration 240, time: 1530.4013409614563
Starting label LEVI, seed 32, iteration 250, time: 1533.8150761127472
Starting label LEVI, seed 32, iteration 260, time: 1537.0046682357788
Starting label LEVI, seed 32, iteration 270, time: 1540.6406831741333
submitit WARNING (2022-10-02 02:24:01,383) - Bypassing signal SIGCONT
submitit WARNING (2022-10-02 02:24:01,396) - Bypassing signal SIGTERM
Starting label LEVI, seed 32, iteration 280, time: 1544.0613508224487
Starting label LEVI, seed 32, iteration 290, time: 1547.6316957473755
Starting label LEVI, seed 32, iteration 300, time: 1550.834655046463
Starting label LEVI, seed 32, iteration 310, time: 1553.5851509571075
Starting label LEVI, seed 32, iteration 320, time: 1556.126324415207
Starting label LEVI, seed 32, iteration 330, time: 1558.6958167552948
Starting label LEVI, seed 32, iteration 340, time: 1561.4975454807281
Starting label LEVI, seed 32, iteration 350, time: 1564.538783788681
Starting label LEVI, seed 32, iteration 360, time: 1567.638560295105
Starting label LEVI, seed 32, iteration 370, time: 1570.7581839561462
