submitit INFO (2022-10-02 01:23:22,688) - Starting with JobEnvironment(job_id=883449_3, hostname=coecis-compute-01.coecis.cornell.edu, local_rank=0(1), node=0(1), global_rank=0(1))
submitit INFO (2022-10-02 01:23:22,688) - Loading pickle: /home/gid-cakmaks/contextual_rs/experiments/wsc_experiments/logs/883449_3/883449_3_submitted.pkl
Starting label LEVI, seed 33, iteration 0, time: 0.0005526542663574219
Starting label LEVI, seed 33, iteration 10, time: 5.286832094192505
Starting label LEVI, seed 33, iteration 20, time: 10.69150185585022
Starting label LEVI, seed 33, iteration 30, time: 15.917872667312622
Starting label LEVI, seed 33, iteration 40, time: 21.150938510894775
Starting label LEVI, seed 33, iteration 50, time: 27.153630256652832
Starting label LEVI, seed 33, iteration 60, time: 32.53921175003052
Starting label LEVI, seed 33, iteration 70, time: 38.04544687271118
Starting label LEVI, seed 33, iteration 80, time: 43.86236262321472
Starting label LEVI, seed 33, iteration 90, time: 49.42026352882385
Starting label LEVI, seed 33, iteration 100, time: 55.37421727180481
Starting label LEVI, seed 33, iteration 110, time: 60.98275423049927
Starting label LEVI, seed 33, iteration 120, time: 66.85216093063354
Starting label LEVI, seed 33, iteration 130, time: 72.98814535140991
Starting label LEVI, seed 33, iteration 140, time: 79.23987603187561
Starting label LEVI, seed 33, iteration 150, time: 85.56976199150085
Starting label LEVI, seed 33, iteration 160, time: 91.8103199005127
Starting label LEVI, seed 33, iteration 170, time: 98.31995177268982
Starting label LEVI, seed 33, iteration 180, time: 104.89763045310974
Starting label LEVI, seed 33, iteration 190, time: 111.2675449848175
Starting label LEVI, seed 33, iteration 200, time: 117.71941375732422
Starting label LEVI, seed 33, iteration 210, time: 124.51243567466736
Starting label LEVI, seed 33, iteration 220, time: 131.43066000938416
Starting label LEVI, seed 33, iteration 230, time: 138.3463568687439
Starting label LEVI, seed 33, iteration 240, time: 145.13752555847168
Starting label LEVI, seed 33, iteration 250, time: 151.945219039917
Starting label LEVI, seed 33, iteration 260, time: 158.84782123565674
Starting label LEVI, seed 33, iteration 270, time: 165.72408986091614
Starting label LEVI, seed 33, iteration 280, time: 172.73459720611572
Starting label LEVI, seed 33, iteration 290, time: 179.5001928806305
Starting label LEVI, seed 33, iteration 300, time: 186.2796287536621
Starting label LEVI, seed 33, iteration 310, time: 193.08205556869507
Starting label LEVI, seed 33, iteration 320, time: 199.7445285320282
Starting label LEVI, seed 33, iteration 330, time: 207.297847032547
Starting label LEVI, seed 33, iteration 340, time: 214.2624316215515
Starting label LEVI, seed 33, iteration 350, time: 221.21535444259644
Starting label LEVI, seed 33, iteration 360, time: 228.05604195594788
Starting label LEVI, seed 33, iteration 370, time: 234.94526767730713
Starting label LEVI, seed 33, iteration 380, time: 241.838942527771
Starting label LEVI, seed 33, iteration 390, time: 248.71193933486938
Starting label LEVI, seed 33, iteration 400, time: 255.48170924186707
Starting label LEVI, seed 33, iteration 410, time: 262.4131634235382
Starting label LEVI, seed 33, iteration 420, time: 269.36563634872437
Starting label LEVI, seed 33, iteration 430, time: 276.40287256240845
Starting label LEVI, seed 33, iteration 440, time: 283.1759865283966
Starting label LEVI, seed 33, iteration 450, time: 289.7827868461609
Starting label LEVI, seed 33, iteration 460, time: 296.7035388946533
Starting label LEVI, seed 33, iteration 470, time: 303.6152653694153
Starting label LEVI, seed 33, iteration 480, time: 310.4392988681793
Starting label LEVI, seed 33, iteration 490, time: 317.3503029346466
Starting label LEVI, seed 33, iteration 500, time: 324.27604126930237
Starting label LEVI, seed 33, iteration 510, time: 331.38382840156555
Starting label LEVI, seed 33, iteration 520, time: 338.2889540195465
Starting label LEVI, seed 33, iteration 530, time: 345.2618350982666
Starting label LEVI, seed 33, iteration 540, time: 352.0743477344513
Starting label LEVI, seed 33, iteration 550, time: 358.9167573451996
Starting label LEVI, seed 33, iteration 560, time: 366.03353333473206
Starting label LEVI, seed 33, iteration 570, time: 373.04973459243774
Starting label LEVI, seed 33, iteration 580, time: 380.04138445854187
Starting label LEVI, seed 33, iteration 590, time: 387.07933807373047
Starting label LEVI, seed 33, iteration 600, time: 394.1869065761566
Starting label LEVI, seed 33, iteration 610, time: 401.3045346736908
Starting label LEVI, seed 33, iteration 620, time: 408.53123354911804
Starting label LEVI, seed 33, iteration 630, time: 415.631915807724
Starting label LEVI, seed 33, iteration 640, time: 422.86102652549744
Starting label LEVI, seed 33, iteration 650, time: 430.10982751846313
Starting label LEVI, seed 33, iteration 660, time: 437.236004114151
Starting label LEVI, seed 33, iteration 670, time: 444.31127858161926
Starting label LEVI, seed 33, iteration 680, time: 451.78887391090393
Starting label LEVI, seed 33, iteration 690, time: 459.2583439350128
Starting label LEVI, seed 33, iteration 700, time: 466.6806619167328
Starting label LEVI, seed 33, iteration 710, time: 474.4175899028778
Starting label LEVI, seed 33, iteration 720, time: 482.05685663223267
Starting label LEVI, seed 33, iteration 730, time: 489.6233367919922
Starting label LEVI, seed 33, iteration 740, time: 497.14758491516113
Starting label LEVI, seed 33, iteration 750, time: 504.3292181491852
Starting label LEVI, seed 33, iteration 760, time: 511.3525791168213
Starting label LEVI, seed 33, iteration 770, time: 518.5561184883118
Starting label LEVI, seed 33, iteration 780, time: 525.6885378360748
Starting label LEVI, seed 33, iteration 790, time: 532.9584443569183
Starting label LEVI, seed 33, iteration 800, time: 540.0542571544647
Starting label LEVI, seed 33, iteration 810, time: 547.4156196117401
Starting label LEVI, seed 33, iteration 820, time: 554.6605198383331
Starting label LEVI, seed 33, iteration 830, time: 561.9158346652985
Starting label LEVI, seed 33, iteration 840, time: 569.0326673984528
Starting label LEVI, seed 33, iteration 850, time: 575.8759541511536
Starting label LEVI, seed 33, iteration 860, time: 582.696962594986
Starting label LEVI, seed 33, iteration 870, time: 589.6634478569031
Starting label LEVI, seed 33, iteration 880, time: 596.9035713672638
Starting label LEVI, seed 33, iteration 890, time: 604.0742218494415
Starting label LEVI, seed 33, iteration 900, time: 611.2248427867889
Starting label LEVI, seed 33, iteration 910, time: 618.4617872238159
Starting label LEVI, seed 33, iteration 920, time: 625.7329301834106
Starting label LEVI, seed 33, iteration 930, time: 632.937338590622
Starting label LEVI, seed 33, iteration 940, time: 641.5044395923615
Starting label LEVI, seed 33, iteration 950, time: 651.363597869873
Starting label LEVI, seed 33, iteration 960, time: 661.0962779521942
Starting label LEVI, seed 33, iteration 970, time: 669.6485238075256
Starting label LEVI, seed 33, iteration 980, time: 678.6094818115234
Starting label LEVI, seed 33, iteration 990, time: 686.907201051712
Starting label LEVI, seed 33, iteration 1000, time: 694.3910112380981
Starting label LEVI, seed 33, iteration 1010, time: 703.0679814815521
Starting label LEVI, seed 33, iteration 1020, time: 711.6431272029877
Starting label LEVI, seed 33, iteration 1030, time: 720.2332348823547
Starting label LEVI, seed 33, iteration 1040, time: 729.2514116764069
Starting label LEVI, seed 33, iteration 1050, time: 737.6867988109589
Starting label LEVI, seed 33, iteration 1060, time: 747.2114689350128
Starting label LEVI, seed 33, iteration 1070, time: 757.4642660617828
Starting label LEVI, seed 33, iteration 1080, time: 766.7884142398834
Starting label LEVI, seed 33, iteration 1090, time: 776.5971610546112
Starting label LEVI, seed 33, iteration 1100, time: 786.2938568592072
Starting label LEVI, seed 33, iteration 1110, time: 796.1147756576538
Starting label LEVI, seed 33, iteration 1120, time: 805.8267967700958
Starting label LEVI, seed 33, iteration 1130, time: 815.463870048523
Starting label LEVI, seed 33, iteration 1140, time: 825.5063934326172
Starting label LEVI, seed 33, iteration 1150, time: 835.2806241512299
Starting label LEVI, seed 33, iteration 1160, time: 846.3200786113739
Starting label LEVI, seed 33, iteration 1170, time: 858.4089765548706
Starting label LEVI, seed 33, iteration 1180, time: 869.71315574646
Starting label LEVI, seed 33, iteration 1190, time: 880.5925281047821
Starting label LEVI, seed 33, iteration 1200, time: 891.7489206790924
Starting label LEVI, seed 33, iteration 1210, time: 901.427163362503
Starting label LEVI, seed 33, iteration 1220, time: 912.0050909519196
Starting label LEVI, seed 33, iteration 1230, time: 922.6975872516632
Starting label LEVI, seed 33, iteration 1240, time: 933.5554068088531
Starting label LEVI, seed 33, iteration 1250, time: 943.3624289035797
Starting label LEVI, seed 33, iteration 1260, time: 952.2361876964569
Starting label LEVI, seed 33, iteration 1270, time: 963.0671746730804
Starting label LEVI, seed 33, iteration 1280, time: 973.7276613712311
Starting label LEVI, seed 33, iteration 1290, time: 983.2079701423645
Starting label LEVI, seed 33, iteration 1300, time: 991.7834479808807
Starting label LEVI, seed 33, iteration 1310, time: 1001.6442382335663
Starting label LEVI, seed 33, iteration 1320, time: 1010.2637624740601
Starting label LEVI, seed 33, iteration 1330, time: 1019.124924659729
Starting label LEVI, seed 33, iteration 1340, time: 1027.5138745307922
Starting label LEVI, seed 33, iteration 1350, time: 1035.9956681728363
Starting label LEVI, seed 33, iteration 1360, time: 1046.8246102333069
Starting label LEVI, seed 33, iteration 1370, time: 1057.5936398506165
Starting label LEVI, seed 33, iteration 1380, time: 1067.4765603542328
Starting label LEVI, seed 33, iteration 1390, time: 1078.2199201583862
Starting label LEVI, seed 33, iteration 1400, time: 1088.3789839744568
Starting label LEVI, seed 33, iteration 1410, time: 1098.4944939613342
Starting label LEVI, seed 33, iteration 1420, time: 1108.273669719696
Starting label LEVI, seed 33, iteration 1430, time: 1119.377869129181
Starting label LEVI, seed 33, iteration 1440, time: 1129.680034160614
Starting label LEVI, seed 33, iteration 1450, time: 1140.9203090667725
Starting label LEVI, seed 33, iteration 1460, time: 1154.0250787734985
Starting label LEVI, seed 33, iteration 1470, time: 1163.2265996932983
Starting label LEVI, seed 33, iteration 1480, time: 1173.4409132003784
Starting label LEVI, seed 33, iteration 1490, time: 1184.7624201774597
Starting label LEVI, seed 33, iteration 1500, time: 1196.3365228176117
Starting label LEVI, seed 33, iteration 1510, time: 1207.5404901504517
Starting label LEVI, seed 33, iteration 1520, time: 1218.749276638031
Starting label LEVI, seed 33, iteration 1530, time: 1229.9711685180664
Starting label LEVI, seed 33, iteration 1540, time: 1240.9946970939636
Starting label LEVI, seed 33, iteration 1550, time: 1250.7466313838959
Starting label LEVI, seed 33, iteration 1560, time: 1260.3757328987122
Starting label LEVI, seed 33, iteration 1570, time: 1270.01487326622
Starting label LEVI, seed 33, iteration 1580, time: 1279.476211309433
Starting label LEVI, seed 33, iteration 1590, time: 1288.6662521362305
Starting label LEVI, seed 33, iteration 1600, time: 1298.0702302455902
Starting label LEVI, seed 33, iteration 1610, time: 1308.6987340450287
Starting label LEVI, seed 33, iteration 1620, time: 1318.7747786045074
Starting label LEVI, seed 33, iteration 1630, time: 1328.8453826904297
Starting label LEVI, seed 33, iteration 1640, time: 1337.987381696701
Starting label LEVI, seed 33, iteration 1650, time: 1347.2096722126007
Starting label LEVI, seed 33, iteration 1660, time: 1357.6438794136047
Starting label LEVI, seed 33, iteration 1670, time: 1368.3385767936707
Starting label LEVI, seed 33, iteration 1680, time: 1379.110650062561
Starting label LEVI, seed 33, iteration 1690, time: 1390.8669381141663
Starting label LEVI, seed 33, iteration 1700, time: 1402.3062665462494
Starting label LEVI, seed 33, iteration 1710, time: 1413.0869812965393
Starting label LEVI, seed 33, iteration 1720, time: 1424.0669538974762
Starting label LEVI, seed 33, iteration 1730, time: 1435.1018979549408
Starting label LEVI, seed 33, iteration 1740, time: 1446.092481136322
Starting label LEVI, seed 33, iteration 1750, time: 1456.702700138092
Starting label LEVI, seed 33, iteration 1760, time: 1468.3028869628906
Starting label LEVI, seed 33, iteration 1770, time: 1479.1349565982819
Starting label LEVI, seed 33, iteration 1780, time: 1490.9661631584167
Starting label LEVI, seed 33, iteration 1790, time: 1501.899344921112
Starting label LEVI, seed 33, iteration 1800, time: 1512.0610072612762
Starting label LEVI, seed 33, iteration 1810, time: 1523.410127878189
Starting label LEVI, seed 33, iteration 1820, time: 1534.1012618541718
Starting label LEVI, seed 33, iteration 1830, time: 1545.1465497016907
Starting label LEVI, seed 33, iteration 1840, time: 1555.0616233348846
submitit WARNING (2022-10-02 01:49:22,438) - Bypassing signal SIGCONT
submitit WARNING (2022-10-02 01:49:22,499) - Bypassing signal SIGTERM
Starting label LEVI, seed 33, iteration 1850, time: 1564.8478555679321
Starting label LEVI, seed 33, iteration 1860, time: 1575.2310338020325
Starting label LEVI, seed 33, iteration 1870, time: 1586.1808395385742
