submitit INFO (2022-10-02 00:29:42,886) - Starting with JobEnvironment(job_id=883252_8, hostname=tripods-compute-02.cs.cornell.edu, local_rank=0(1), node=0(1), global_rank=0(1))
submitit INFO (2022-10-02 00:29:42,887) - Loading pickle: /home/gid-cakmaks/contextual_rs/experiments/wsc_experiments/logs/883252_8/883252_8_submitted.pkl
Starting label LEVI, seed 28, iteration 0, time: 0.03113102912902832
Starting label LEVI, seed 28, iteration 10, time: 3.115189790725708
Starting label LEVI, seed 28, iteration 20, time: 6.066559553146362
Starting label LEVI, seed 28, iteration 30, time: 9.14725637435913
Starting label LEVI, seed 28, iteration 40, time: 12.196815252304077
Starting label LEVI, seed 28, iteration 50, time: 15.305863618850708
Starting label LEVI, seed 28, iteration 60, time: 18.466795444488525
Starting label LEVI, seed 28, iteration 70, time: 21.61937689781189
Starting label LEVI, seed 28, iteration 80, time: 24.77408242225647
Starting label LEVI, seed 28, iteration 90, time: 27.86135458946228
Starting label LEVI, seed 28, iteration 100, time: 30.939672708511353
Starting label LEVI, seed 28, iteration 110, time: 34.093591928482056
Starting label LEVI, seed 28, iteration 120, time: 37.206278800964355
Starting label LEVI, seed 28, iteration 130, time: 40.37582612037659
Starting label LEVI, seed 28, iteration 140, time: 43.685046434402466
Starting label LEVI, seed 28, iteration 150, time: 46.89656329154968
Starting label LEVI, seed 28, iteration 160, time: 50.03179693222046
Starting label LEVI, seed 28, iteration 170, time: 54.149356842041016
Starting label LEVI, seed 28, iteration 180, time: 57.802300214767456
Starting label LEVI, seed 28, iteration 190, time: 61.880515813827515
Starting label LEVI, seed 28, iteration 200, time: 66.66011095046997
Starting label LEVI, seed 28, iteration 210, time: 70.64262580871582
Starting label LEVI, seed 28, iteration 220, time: 75.24212050437927
Starting label LEVI, seed 28, iteration 230, time: 79.22909474372864
Starting label LEVI, seed 28, iteration 240, time: 82.98540377616882
Starting label LEVI, seed 28, iteration 250, time: 86.34996342658997
Starting label LEVI, seed 28, iteration 260, time: 89.83335518836975
Starting label LEVI, seed 28, iteration 270, time: 93.11952495574951
Starting label LEVI, seed 28, iteration 280, time: 96.65307426452637
Starting label LEVI, seed 28, iteration 290, time: 100.25278830528259
Starting label LEVI, seed 28, iteration 300, time: 103.91391396522522
Starting label LEVI, seed 28, iteration 310, time: 107.50452637672424
Starting label LEVI, seed 28, iteration 320, time: 110.94833397865295
Starting label LEVI, seed 28, iteration 330, time: 114.35150957107544
Starting label LEVI, seed 28, iteration 340, time: 117.83261036872864
Starting label LEVI, seed 28, iteration 350, time: 121.20018315315247
Starting label LEVI, seed 28, iteration 360, time: 124.72555422782898
Starting label LEVI, seed 28, iteration 370, time: 128.1735246181488
Starting label LEVI, seed 28, iteration 380, time: 131.7040252685547
Starting label LEVI, seed 28, iteration 390, time: 135.43641018867493
Starting label LEVI, seed 28, iteration 400, time: 138.87706804275513
Starting label LEVI, seed 28, iteration 410, time: 142.40162467956543
Starting label LEVI, seed 28, iteration 420, time: 146.00678849220276
Starting label LEVI, seed 28, iteration 430, time: 150.49360466003418
Starting label LEVI, seed 28, iteration 440, time: 154.9010305404663
Starting label LEVI, seed 28, iteration 450, time: 159.2497227191925
Starting label LEVI, seed 28, iteration 460, time: 163.75690698623657
Starting label LEVI, seed 28, iteration 470, time: 168.58405017852783
Starting label LEVI, seed 28, iteration 480, time: 173.30037307739258
Starting label LEVI, seed 28, iteration 490, time: 178.08824968338013
Starting label LEVI, seed 28, iteration 500, time: 182.5551836490631
Starting label LEVI, seed 28, iteration 510, time: 187.21135139465332
Starting label LEVI, seed 28, iteration 520, time: 192.61442494392395
Starting label LEVI, seed 28, iteration 530, time: 199.07518482208252
Starting label LEVI, seed 28, iteration 540, time: 204.89335680007935
Starting label LEVI, seed 28, iteration 550, time: 210.94613027572632
Starting label LEVI, seed 28, iteration 560, time: 216.50306344032288
Starting label LEVI, seed 28, iteration 570, time: 221.4949312210083
Starting label LEVI, seed 28, iteration 580, time: 226.66646718978882
Starting label LEVI, seed 28, iteration 590, time: 231.19840836524963
Starting label LEVI, seed 28, iteration 600, time: 236.36655402183533
Starting label LEVI, seed 28, iteration 610, time: 241.24853515625
Starting label LEVI, seed 28, iteration 620, time: 246.2993733882904
Starting label LEVI, seed 28, iteration 630, time: 252.43745374679565
Starting label LEVI, seed 28, iteration 640, time: 257.6269483566284
Starting label LEVI, seed 28, iteration 650, time: 262.907728433609
Starting label LEVI, seed 28, iteration 660, time: 267.7636389732361
Starting label LEVI, seed 28, iteration 670, time: 272.152090549469
Starting label LEVI, seed 28, iteration 680, time: 276.74777841567993
Starting label LEVI, seed 28, iteration 690, time: 281.68007826805115
Starting label LEVI, seed 28, iteration 700, time: 286.620356798172
Starting label LEVI, seed 28, iteration 710, time: 291.2045705318451
Starting label LEVI, seed 28, iteration 720, time: 295.93918466567993
Starting label LEVI, seed 28, iteration 730, time: 300.8964569568634
Starting label LEVI, seed 28, iteration 740, time: 306.1882212162018
Starting label LEVI, seed 28, iteration 750, time: 311.1853814125061
Starting label LEVI, seed 28, iteration 760, time: 316.228821516037
Starting label LEVI, seed 28, iteration 770, time: 321.6056001186371
Starting label LEVI, seed 28, iteration 780, time: 326.4800443649292
Starting label LEVI, seed 28, iteration 790, time: 331.5451817512512
Starting label LEVI, seed 28, iteration 800, time: 336.88831758499146
Starting label LEVI, seed 28, iteration 810, time: 342.6829752922058
Starting label LEVI, seed 28, iteration 820, time: 347.9155216217041
Starting label LEVI, seed 28, iteration 830, time: 352.962233543396
Starting label LEVI, seed 28, iteration 840, time: 357.8026432991028
Starting label LEVI, seed 28, iteration 850, time: 363.1766366958618
Starting label LEVI, seed 28, iteration 860, time: 368.6281144618988
Starting label LEVI, seed 28, iteration 870, time: 374.01899814605713
Starting label LEVI, seed 28, iteration 880, time: 379.85380506515503
Starting label LEVI, seed 28, iteration 890, time: 385.66095662117004
Starting label LEVI, seed 28, iteration 900, time: 391.41936326026917
Starting label LEVI, seed 28, iteration 910, time: 396.89060139656067
Starting label LEVI, seed 28, iteration 920, time: 402.9978401660919
Starting label LEVI, seed 28, iteration 930, time: 408.7612798213959
Starting label LEVI, seed 28, iteration 940, time: 414.3516137599945
Starting label LEVI, seed 28, iteration 950, time: 420.44397020339966
Starting label LEVI, seed 28, iteration 960, time: 425.99253726005554
Starting label LEVI, seed 28, iteration 970, time: 431.9427502155304
Starting label LEVI, seed 28, iteration 980, time: 437.8600170612335
Starting label LEVI, seed 28, iteration 990, time: 444.44729256629944
Starting label LEVI, seed 28, iteration 1000, time: 451.1571662425995
Starting label LEVI, seed 28, iteration 1010, time: 457.21534872055054
Starting label LEVI, seed 28, iteration 1020, time: 463.3902208805084
Starting label LEVI, seed 28, iteration 1030, time: 469.97910046577454
Starting label LEVI, seed 28, iteration 1040, time: 476.5248980522156
Starting label LEVI, seed 28, iteration 1050, time: 482.89342308044434
Starting label LEVI, seed 28, iteration 1060, time: 489.8148875236511
Starting label LEVI, seed 28, iteration 1070, time: 496.4654176235199
Starting label LEVI, seed 28, iteration 1080, time: 503.21854519844055
Starting label LEVI, seed 28, iteration 1090, time: 509.68991255760193
Starting label LEVI, seed 28, iteration 1100, time: 516.5734176635742
Starting label LEVI, seed 28, iteration 1110, time: 524.0771932601929
Starting label LEVI, seed 28, iteration 1120, time: 530.8716535568237
Starting label LEVI, seed 28, iteration 1130, time: 538.0751953125
Starting label LEVI, seed 28, iteration 1140, time: 545.3476076126099
Starting label LEVI, seed 28, iteration 1150, time: 552.2137112617493
Starting label LEVI, seed 28, iteration 1160, time: 559.5212428569794
Starting label LEVI, seed 28, iteration 1170, time: 567.923590183258
Starting label LEVI, seed 28, iteration 1180, time: 575.5192356109619
Starting label LEVI, seed 28, iteration 1190, time: 584.4670624732971
Starting label LEVI, seed 28, iteration 1200, time: 591.8916709423065
Starting label LEVI, seed 28, iteration 1210, time: 599.930656671524
Starting label LEVI, seed 28, iteration 1220, time: 608.1040003299713
Starting label LEVI, seed 28, iteration 1230, time: 616.8914752006531
Starting label LEVI, seed 28, iteration 1240, time: 624.0053205490112
Starting label LEVI, seed 28, iteration 1250, time: 632.0319368839264
Starting label LEVI, seed 28, iteration 1260, time: 640.6189756393433
Starting label LEVI, seed 28, iteration 1270, time: 649.2608456611633
Starting label LEVI, seed 28, iteration 1280, time: 656.9990482330322
Starting label LEVI, seed 28, iteration 1290, time: 665.1843876838684
Starting label LEVI, seed 28, iteration 1300, time: 673.6545238494873
Starting label LEVI, seed 28, iteration 1310, time: 681.5586693286896
Starting label LEVI, seed 28, iteration 1320, time: 690.9815239906311
Starting label LEVI, seed 28, iteration 1330, time: 699.620849609375
Starting label LEVI, seed 28, iteration 1340, time: 708.4852728843689
Starting label LEVI, seed 28, iteration 1350, time: 717.5718460083008
Starting label LEVI, seed 28, iteration 1360, time: 726.4971976280212
Starting label LEVI, seed 28, iteration 1370, time: 737.009192943573
Starting label LEVI, seed 28, iteration 1380, time: 745.9853115081787
Starting label LEVI, seed 28, iteration 1390, time: 758.0354499816895
Starting label LEVI, seed 28, iteration 1400, time: 768.9237344264984
Starting label LEVI, seed 28, iteration 1410, time: 781.2776362895966
Starting label LEVI, seed 28, iteration 1420, time: 792.30841755867
Starting label LEVI, seed 28, iteration 1430, time: 803.6007080078125
Starting label LEVI, seed 28, iteration 1440, time: 814.336827993393
Starting label LEVI, seed 28, iteration 1450, time: 826.756261587143
Starting label LEVI, seed 28, iteration 1460, time: 838.3579535484314
Starting label LEVI, seed 28, iteration 1470, time: 851.7242529392242
Starting label LEVI, seed 28, iteration 1480, time: 862.9372689723969
Starting label LEVI, seed 28, iteration 1490, time: 876.073529958725
Starting label LEVI, seed 28, iteration 1500, time: 887.3084888458252
Starting label LEVI, seed 28, iteration 1510, time: 898.5342011451721
Starting label LEVI, seed 28, iteration 1520, time: 912.5699310302734
Starting label LEVI, seed 28, iteration 1530, time: 926.6324203014374
Starting label LEVI, seed 28, iteration 1540, time: 940.2488255500793
Starting label LEVI, seed 28, iteration 1550, time: 953.801034450531
Starting label LEVI, seed 28, iteration 1560, time: 967.7366104125977
Starting label LEVI, seed 28, iteration 1570, time: 982.7738161087036
Starting label LEVI, seed 28, iteration 1580, time: 995.7807893753052
Starting label LEVI, seed 28, iteration 1590, time: 1008.215473651886
Starting label LEVI, seed 28, iteration 1600, time: 1020.7537059783936
Starting label LEVI, seed 28, iteration 1610, time: 1034.1414394378662
Starting label LEVI, seed 28, iteration 1620, time: 1049.778025150299
Starting label LEVI, seed 28, iteration 1630, time: 1065.505696773529
Starting label LEVI, seed 28, iteration 1640, time: 1082.1330709457397
Starting label LEVI, seed 28, iteration 1650, time: 1099.8590178489685
Starting label LEVI, seed 28, iteration 1660, time: 1114.0394685268402
Starting label LEVI, seed 28, iteration 1670, time: 1128.3374993801117
Starting label LEVI, seed 28, iteration 1680, time: 1142.9409010410309
Starting label LEVI, seed 28, iteration 1690, time: 1157.1395151615143
Starting label LEVI, seed 28, iteration 1700, time: 1176.9458434581757
Starting label LEVI, seed 28, iteration 1710, time: 1195.2810475826263
Starting label LEVI, seed 28, iteration 1720, time: 1213.9409041404724
Starting label LEVI, seed 28, iteration 1730, time: 1230.1623303890228
Starting label LEVI, seed 28, iteration 1740, time: 1248.6562678813934
Starting label LEVI, seed 28, iteration 1750, time: 1267.1896772384644
Starting label LEVI, seed 28, iteration 1760, time: 1287.6508874893188
Starting label LEVI, seed 28, iteration 1770, time: 1309.158076763153
Starting label LEVI, seed 28, iteration 1780, time: 1329.574312210083
Starting label LEVI, seed 28, iteration 1790, time: 1350.04443693161
Starting label LEVI, seed 28, iteration 1800, time: 1372.552174091339
Starting label LEVI, seed 28, iteration 1810, time: 1394.4471747875214
Starting label LEVI, seed 28, iteration 1820, time: 1414.4726164340973
Starting label LEVI, seed 28, iteration 1830, time: 1435.3378674983978
Starting label LEVI, seed 28, iteration 1840, time: 1454.2400116920471
Starting label LEVI, seed 28, iteration 1850, time: 1473.4435679912567
Starting label LEVI, seed 28, iteration 1860, time: 1493.939330816269
Starting label LEVI, seed 28, iteration 1870, time: 1515.1050264835358
Starting label LEVI, seed 28, iteration 1880, time: 1536.330224275589
Starting label LEVI, seed 28, iteration 1890, time: 1556.8205490112305
submitit WARNING (2022-10-02 00:55:52,024) - Bypassing signal SIGTERM
submitit WARNING (2022-10-02 00:55:52,024) - Bypassing signal SIGCONT
Starting label LEVI, seed 28, iteration 1900, time: 1578.355138540268
