submitit INFO (2022-10-02 00:16:45,367) - Starting with JobEnvironment(job_id=883191_6, hostname=harpo.cs.cornell.edu, local_rank=0(1), node=0(1), global_rank=0(1))
submitit INFO (2022-10-02 00:16:45,367) - Loading pickle: /home/gid-cakmaks/contextual_rs/experiments/wsc_experiments/logs/883191_6/883191_6_submitted.pkl
Starting label LEVI, seed 96, iteration 0, time: 0.00016689300537109375
Starting label LEVI, seed 96, iteration 10, time: 2.6949455738067627
Starting label LEVI, seed 96, iteration 20, time: 5.416396856307983
Starting label LEVI, seed 96, iteration 30, time: 8.147945404052734
Starting label LEVI, seed 96, iteration 40, time: 10.857648849487305
Starting label LEVI, seed 96, iteration 50, time: 13.658934831619263
Starting label LEVI, seed 96, iteration 60, time: 16.504783391952515
Starting label LEVI, seed 96, iteration 70, time: 19.33695697784424
Starting label LEVI, seed 96, iteration 80, time: 22.06392240524292
Starting label LEVI, seed 96, iteration 90, time: 24.79899311065674
Starting label LEVI, seed 96, iteration 100, time: 27.584137439727783
Starting label LEVI, seed 96, iteration 110, time: 30.50940489768982
Starting label LEVI, seed 96, iteration 120, time: 33.41307187080383
Starting label LEVI, seed 96, iteration 130, time: 36.29765272140503
Starting label LEVI, seed 96, iteration 140, time: 39.31709408760071
Starting label LEVI, seed 96, iteration 150, time: 42.30721068382263
Starting label LEVI, seed 96, iteration 160, time: 45.14756178855896
Starting label LEVI, seed 96, iteration 170, time: 47.99298715591431
Starting label LEVI, seed 96, iteration 180, time: 50.78092932701111
Starting label LEVI, seed 96, iteration 190, time: 53.601017475128174
Starting label LEVI, seed 96, iteration 200, time: 56.398316383361816
Starting label LEVI, seed 96, iteration 210, time: 59.31588172912598
Starting label LEVI, seed 96, iteration 220, time: 62.21926140785217
Starting label LEVI, seed 96, iteration 230, time: 65.21075487136841
Starting label LEVI, seed 96, iteration 240, time: 68.06991338729858
Starting label LEVI, seed 96, iteration 250, time: 71.01368069648743
Starting label LEVI, seed 96, iteration 260, time: 73.93875741958618
Starting label LEVI, seed 96, iteration 270, time: 76.89510774612427
Starting label LEVI, seed 96, iteration 280, time: 79.86330962181091
Starting label LEVI, seed 96, iteration 290, time: 82.88332533836365
Starting label LEVI, seed 96, iteration 300, time: 85.9196138381958
Starting label LEVI, seed 96, iteration 310, time: 89.0857789516449
Starting label LEVI, seed 96, iteration 320, time: 92.1078405380249
Starting label LEVI, seed 96, iteration 330, time: 95.1859405040741
Starting label LEVI, seed 96, iteration 340, time: 98.28653597831726
Starting label LEVI, seed 96, iteration 350, time: 101.37814664840698
Starting label LEVI, seed 96, iteration 360, time: 104.48940992355347
Starting label LEVI, seed 96, iteration 370, time: 107.51965141296387
Starting label LEVI, seed 96, iteration 380, time: 110.53313612937927
Starting label LEVI, seed 96, iteration 390, time: 114.25500726699829
Starting label LEVI, seed 96, iteration 400, time: 117.51128101348877
Starting label LEVI, seed 96, iteration 410, time: 120.7328896522522
Starting label LEVI, seed 96, iteration 420, time: 123.9609489440918
Starting label LEVI, seed 96, iteration 430, time: 127.04339361190796
Starting label LEVI, seed 96, iteration 440, time: 130.1410014629364
Starting label LEVI, seed 96, iteration 450, time: 133.22420048713684
Starting label LEVI, seed 96, iteration 460, time: 136.43721842765808
Starting label LEVI, seed 96, iteration 470, time: 139.71994495391846
Starting label LEVI, seed 96, iteration 480, time: 143.12474751472473
Starting label LEVI, seed 96, iteration 490, time: 146.64861536026
Starting label LEVI, seed 96, iteration 500, time: 150.67291474342346
Starting label LEVI, seed 96, iteration 510, time: 153.96139812469482
Starting label LEVI, seed 96, iteration 520, time: 157.42366194725037
Starting label LEVI, seed 96, iteration 530, time: 160.65909433364868
Starting label LEVI, seed 96, iteration 540, time: 163.72112441062927
Starting label LEVI, seed 96, iteration 550, time: 166.75845408439636
Starting label LEVI, seed 96, iteration 560, time: 170.04755663871765
Starting label LEVI, seed 96, iteration 570, time: 173.2092525959015
Starting label LEVI, seed 96, iteration 580, time: 176.34559798240662
Starting label LEVI, seed 96, iteration 590, time: 179.45695543289185
Starting label LEVI, seed 96, iteration 600, time: 182.60676789283752
Starting label LEVI, seed 96, iteration 610, time: 185.7959005832672
Starting label LEVI, seed 96, iteration 620, time: 188.8853681087494
Starting label LEVI, seed 96, iteration 630, time: 191.9397749900818
Starting label LEVI, seed 96, iteration 640, time: 195.03152799606323
Starting label LEVI, seed 96, iteration 650, time: 198.24503684043884
Starting label LEVI, seed 96, iteration 660, time: 201.3703532218933
Starting label LEVI, seed 96, iteration 670, time: 204.4585907459259
Starting label LEVI, seed 96, iteration 680, time: 207.57713270187378
Starting label LEVI, seed 96, iteration 690, time: 210.67768478393555
Starting label LEVI, seed 96, iteration 700, time: 213.90319180488586
Starting label LEVI, seed 96, iteration 710, time: 217.17917895317078
Starting label LEVI, seed 96, iteration 720, time: 220.36339497566223
Starting label LEVI, seed 96, iteration 730, time: 223.6049780845642
Starting label LEVI, seed 96, iteration 740, time: 226.6553819179535
Starting label LEVI, seed 96, iteration 750, time: 229.7441897392273
Starting label LEVI, seed 96, iteration 760, time: 232.85470819473267
Starting label LEVI, seed 96, iteration 770, time: 236.05170345306396
Starting label LEVI, seed 96, iteration 780, time: 239.27299690246582
Starting label LEVI, seed 96, iteration 790, time: 242.47563815116882
Starting label LEVI, seed 96, iteration 800, time: 245.74880695343018
Starting label LEVI, seed 96, iteration 810, time: 250.10133361816406
Starting label LEVI, seed 96, iteration 820, time: 254.31739330291748
Starting label LEVI, seed 96, iteration 830, time: 257.98556089401245
Starting label LEVI, seed 96, iteration 840, time: 262.48762226104736
Starting label LEVI, seed 96, iteration 850, time: 266.6683645248413
Starting label LEVI, seed 96, iteration 860, time: 270.30962204933167
Starting label LEVI, seed 96, iteration 870, time: 274.4372296333313
Starting label LEVI, seed 96, iteration 880, time: 277.957825422287
Starting label LEVI, seed 96, iteration 890, time: 281.3473813533783
Starting label LEVI, seed 96, iteration 900, time: 284.97352838516235
Starting label LEVI, seed 96, iteration 910, time: 288.33111214637756
Starting label LEVI, seed 96, iteration 920, time: 291.67519640922546
Starting label LEVI, seed 96, iteration 930, time: 295.04766845703125
Starting label LEVI, seed 96, iteration 940, time: 298.3145081996918
Starting label LEVI, seed 96, iteration 950, time: 301.7349727153778
Starting label LEVI, seed 96, iteration 960, time: 305.0689506530762
Starting label LEVI, seed 96, iteration 970, time: 308.5742738246918
Starting label LEVI, seed 96, iteration 980, time: 312.2226459980011
Starting label LEVI, seed 96, iteration 990, time: 315.8722791671753
Starting label LEVI, seed 96, iteration 1000, time: 319.0953862667084
Starting label LEVI, seed 96, iteration 1010, time: 322.65584897994995
Starting label LEVI, seed 96, iteration 1020, time: 326.18360233306885
Starting label LEVI, seed 96, iteration 1030, time: 329.6351537704468
Starting label LEVI, seed 96, iteration 1040, time: 333.1597912311554
Starting label LEVI, seed 96, iteration 1050, time: 336.60087418556213
Starting label LEVI, seed 96, iteration 1060, time: 340.2640166282654
Starting label LEVI, seed 96, iteration 1070, time: 343.8006374835968
Starting label LEVI, seed 96, iteration 1080, time: 347.4447994232178
Starting label LEVI, seed 96, iteration 1090, time: 350.9587721824646
Starting label LEVI, seed 96, iteration 1100, time: 354.5293562412262
Starting label LEVI, seed 96, iteration 1110, time: 358.1148314476013
Starting label LEVI, seed 96, iteration 1120, time: 361.8131902217865
Starting label LEVI, seed 96, iteration 1130, time: 365.4113380908966
Starting label LEVI, seed 96, iteration 1140, time: 368.98494267463684
Starting label LEVI, seed 96, iteration 1150, time: 372.6616015434265
Starting label LEVI, seed 96, iteration 1160, time: 376.3610146045685
Starting label LEVI, seed 96, iteration 1170, time: 380.1066195964813
Starting label LEVI, seed 96, iteration 1180, time: 383.7947006225586
Starting label LEVI, seed 96, iteration 1190, time: 387.64349389076233
Starting label LEVI, seed 96, iteration 1200, time: 391.4918794631958
Starting label LEVI, seed 96, iteration 1210, time: 395.3715114593506
Starting label LEVI, seed 96, iteration 1220, time: 399.47821283340454
Starting label LEVI, seed 96, iteration 1230, time: 403.3055968284607
Starting label LEVI, seed 96, iteration 1240, time: 407.05156922340393
Starting label LEVI, seed 96, iteration 1250, time: 410.8768928050995
Starting label LEVI, seed 96, iteration 1260, time: 414.7382130622864
Starting label LEVI, seed 96, iteration 1270, time: 418.70229506492615
Starting label LEVI, seed 96, iteration 1280, time: 422.63322496414185
Starting label LEVI, seed 96, iteration 1290, time: 426.58857893943787
Starting label LEVI, seed 96, iteration 1300, time: 431.04198145866394
Starting label LEVI, seed 96, iteration 1310, time: 434.962069272995
Starting label LEVI, seed 96, iteration 1320, time: 438.9192702770233
Starting label LEVI, seed 96, iteration 1330, time: 443.0292706489563
Starting label LEVI, seed 96, iteration 1340, time: 447.1066093444824
Starting label LEVI, seed 96, iteration 1350, time: 451.0166084766388
Starting label LEVI, seed 96, iteration 1360, time: 455.0847375392914
Starting label LEVI, seed 96, iteration 1370, time: 459.07545256614685
Starting label LEVI, seed 96, iteration 1380, time: 463.27121448516846
Starting label LEVI, seed 96, iteration 1390, time: 467.3559374809265
Starting label LEVI, seed 96, iteration 1400, time: 471.4130356311798
Starting label LEVI, seed 96, iteration 1410, time: 475.6345999240875
Starting label LEVI, seed 96, iteration 1420, time: 480.9831509590149
Starting label LEVI, seed 96, iteration 1430, time: 486.99826312065125
Starting label LEVI, seed 96, iteration 1440, time: 491.92579102516174
Starting label LEVI, seed 96, iteration 1450, time: 497.03374195098877
Starting label LEVI, seed 96, iteration 1460, time: 501.82810068130493
Starting label LEVI, seed 96, iteration 1470, time: 506.58239817619324
Starting label LEVI, seed 96, iteration 1480, time: 511.72767877578735
Starting label LEVI, seed 96, iteration 1490, time: 517.1516015529633
Starting label LEVI, seed 96, iteration 1500, time: 522.537647485733
Starting label LEVI, seed 96, iteration 1510, time: 527.7646086215973
Starting label LEVI, seed 96, iteration 1520, time: 532.8688809871674
Starting label LEVI, seed 96, iteration 1530, time: 538.186359167099
Starting label LEVI, seed 96, iteration 1540, time: 543.9793500900269
Starting label LEVI, seed 96, iteration 1550, time: 549.8503768444061
Starting label LEVI, seed 96, iteration 1560, time: 555.1303060054779
Starting label LEVI, seed 96, iteration 1570, time: 560.9170575141907
Starting label LEVI, seed 96, iteration 1580, time: 566.2035539150238
Starting label LEVI, seed 96, iteration 1590, time: 570.8690223693848
Starting label LEVI, seed 96, iteration 1600, time: 575.4283545017242
Starting label LEVI, seed 96, iteration 1610, time: 580.1800215244293
Starting label LEVI, seed 96, iteration 1620, time: 584.8735082149506
Starting label LEVI, seed 96, iteration 1630, time: 589.7015647888184
Starting label LEVI, seed 96, iteration 1640, time: 594.2789783477783
Starting label LEVI, seed 96, iteration 1650, time: 599.1339225769043
Starting label LEVI, seed 96, iteration 1660, time: 603.9206871986389
Starting label LEVI, seed 96, iteration 1670, time: 608.9023106098175
Starting label LEVI, seed 96, iteration 1680, time: 613.8493120670319
Starting label LEVI, seed 96, iteration 1690, time: 619.1554145812988
Starting label LEVI, seed 96, iteration 1700, time: 624.2917969226837
Starting label LEVI, seed 96, iteration 1710, time: 629.3220217227936
Starting label LEVI, seed 96, iteration 1720, time: 634.1517109870911
Starting label LEVI, seed 96, iteration 1730, time: 639.2611656188965
Starting label LEVI, seed 96, iteration 1740, time: 644.5218825340271
Starting label LEVI, seed 96, iteration 1750, time: 649.8463551998138
Starting label LEVI, seed 96, iteration 1760, time: 655.0852756500244
Starting label LEVI, seed 96, iteration 1770, time: 660.3891801834106
Starting label LEVI, seed 96, iteration 1780, time: 665.6606070995331
Starting label LEVI, seed 96, iteration 1790, time: 670.9314222335815
Starting label LEVI, seed 96, iteration 1800, time: 676.201890707016
Starting label LEVI, seed 96, iteration 1810, time: 681.5833733081818
Starting label LEVI, seed 96, iteration 1820, time: 686.9487001895905
Starting label LEVI, seed 96, iteration 1830, time: 692.7711021900177
Starting label LEVI, seed 96, iteration 1840, time: 698.4228842258453
Starting label LEVI, seed 96, iteration 1850, time: 703.839542388916
Starting label LEVI, seed 96, iteration 1860, time: 709.1941554546356
Starting label LEVI, seed 96, iteration 1870, time: 715.0760209560394
Starting label LEVI, seed 96, iteration 1880, time: 720.6875228881836
Starting label LEVI, seed 96, iteration 1890, time: 726.0444982051849
Starting label LEVI, seed 96, iteration 1900, time: 731.632937669754
Starting label LEVI, seed 96, iteration 1910, time: 737.0690913200378
submitit WARNING (2022-10-02 00:29:08,077) - Bypassing signal SIGTERM
submitit WARNING (2022-10-02 00:29:08,077) - Bypassing signal SIGCONT
Starting label LEVI, seed 96, iteration 1920, time: 742.8390691280365
Starting label LEVI, seed 96, iteration 1930, time: 748.292154788971
Starting label LEVI, seed 96, iteration 1940, time: 753.9234082698822
Starting label LEVI, seed 96, iteration 1950, time: 759.329122543335
Starting label LEVI, seed 96, iteration 1960, time: 764.9494800567627
