submitit INFO (2022-10-02 04:32:34,472) - Starting with JobEnvironment(job_id=884079_3, hostname=desa-compute-01.cs.cornell.edu, local_rank=0(1), node=0(1), global_rank=0(1))
submitit INFO (2022-10-02 04:32:34,472) - Loading pickle: /home/gid-cakmaks/contextual_rs/experiments/wsc_experiments/logs/884079_3/884079_3_submitted.pkl
Appending iterations to existing output!Warning: If parameters other than `iterations` have been changed, this will corrupt the output!
Starting label LEVI, seed 93, iteration 390, time: 203.7497866153717
Starting label LEVI, seed 93, iteration 400, time: 207.67744898796082
Starting label LEVI, seed 93, iteration 410, time: 211.7200620174408
Starting label LEVI, seed 93, iteration 420, time: 215.73190760612488
Starting label LEVI, seed 93, iteration 430, time: 219.84422516822815
Starting label LEVI, seed 93, iteration 440, time: 224.06590366363525
Starting label LEVI, seed 93, iteration 450, time: 228.18525981903076
Starting label LEVI, seed 93, iteration 460, time: 232.38018369674683
Starting label LEVI, seed 93, iteration 470, time: 236.7067244052887
Starting label LEVI, seed 93, iteration 480, time: 240.84262037277222
Starting label LEVI, seed 93, iteration 490, time: 245.15523982048035
Starting label LEVI, seed 93, iteration 500, time: 249.3092131614685
Starting label LEVI, seed 93, iteration 510, time: 253.43002605438232
Starting label LEVI, seed 93, iteration 520, time: 257.66131377220154
Starting label LEVI, seed 93, iteration 530, time: 261.7651197910309
Starting label LEVI, seed 93, iteration 540, time: 266.0505063533783
Starting label LEVI, seed 93, iteration 550, time: 270.2633898258209
Starting label LEVI, seed 93, iteration 560, time: 274.53608870506287
Starting label LEVI, seed 93, iteration 570, time: 278.8001892566681
Starting label LEVI, seed 93, iteration 580, time: 282.9319248199463
Starting label LEVI, seed 93, iteration 590, time: 287.0802125930786
Starting label LEVI, seed 93, iteration 600, time: 291.1841299533844
Starting label LEVI, seed 93, iteration 610, time: 295.2673690319061
Starting label LEVI, seed 93, iteration 620, time: 299.39282512664795
Starting label LEVI, seed 93, iteration 630, time: 303.5758807659149
Starting label LEVI, seed 93, iteration 640, time: 307.57616686820984
Starting label LEVI, seed 93, iteration 650, time: 311.67699098587036
Starting label LEVI, seed 93, iteration 660, time: 315.8428781032562
Starting label LEVI, seed 93, iteration 670, time: 320.120400428772
Starting label LEVI, seed 93, iteration 680, time: 324.5173571109772
Starting label LEVI, seed 93, iteration 690, time: 328.7641930580139
Starting label LEVI, seed 93, iteration 700, time: 332.891991853714
Starting label LEVI, seed 93, iteration 710, time: 336.99479484558105
Starting label LEVI, seed 93, iteration 720, time: 341.0952889919281
Starting label LEVI, seed 93, iteration 730, time: 345.19469928741455
Starting label LEVI, seed 93, iteration 740, time: 349.2969024181366
Starting label LEVI, seed 93, iteration 750, time: 353.4487829208374
Starting label LEVI, seed 93, iteration 760, time: 357.4696683883667
Starting label LEVI, seed 93, iteration 770, time: 361.8778872489929
Starting label LEVI, seed 93, iteration 780, time: 366.37638330459595
Starting label LEVI, seed 93, iteration 790, time: 371.02834701538086
Starting label LEVI, seed 93, iteration 800, time: 375.30926728248596
Starting label LEVI, seed 93, iteration 810, time: 379.361394405365
Starting label LEVI, seed 93, iteration 820, time: 383.63683700561523
Starting label LEVI, seed 93, iteration 830, time: 387.97641468048096
Starting label LEVI, seed 93, iteration 840, time: 392.4461278915405
Starting label LEVI, seed 93, iteration 850, time: 396.63445711135864
Starting label LEVI, seed 93, iteration 860, time: 400.72639298439026
Starting label LEVI, seed 93, iteration 870, time: 404.83024740219116
Starting label LEVI, seed 93, iteration 880, time: 409.2659137248993
Starting label LEVI, seed 93, iteration 890, time: 413.76462602615356
Starting label LEVI, seed 93, iteration 900, time: 418.127370595932
Starting label LEVI, seed 93, iteration 910, time: 422.4923667907715
Starting label LEVI, seed 93, iteration 920, time: 426.78551197052
Starting label LEVI, seed 93, iteration 930, time: 431.11014890670776
Starting label LEVI, seed 93, iteration 940, time: 435.19864869117737
Starting label LEVI, seed 93, iteration 950, time: 439.4241409301758
Starting label LEVI, seed 93, iteration 960, time: 444.0163605213165
Starting label LEVI, seed 93, iteration 970, time: 448.50210309028625
Starting label LEVI, seed 93, iteration 980, time: 452.89530658721924
Starting label LEVI, seed 93, iteration 990, time: 457.37080693244934
Starting label LEVI, seed 93, iteration 1000, time: 461.8040726184845
Starting label LEVI, seed 93, iteration 1010, time: 466.1717519760132
Starting label LEVI, seed 93, iteration 1020, time: 470.5498995780945
Starting label LEVI, seed 93, iteration 1030, time: 474.953320980072
Starting label LEVI, seed 93, iteration 1040, time: 479.30470180511475
Starting label LEVI, seed 93, iteration 1050, time: 483.6342124938965
Starting label LEVI, seed 93, iteration 1060, time: 488.06587171554565
Starting label LEVI, seed 93, iteration 1070, time: 492.31600642204285
Starting label LEVI, seed 93, iteration 1080, time: 496.74573397636414
Starting label LEVI, seed 93, iteration 1090, time: 501.25658345222473
Starting label LEVI, seed 93, iteration 1100, time: 505.82853150367737
Starting label LEVI, seed 93, iteration 1110, time: 510.42790508270264
Starting label LEVI, seed 93, iteration 1120, time: 514.9766187667847
Starting label LEVI, seed 93, iteration 1130, time: 519.5847587585449
Starting label LEVI, seed 93, iteration 1140, time: 524.1662118434906
Starting label LEVI, seed 93, iteration 1150, time: 528.6443605422974
Starting label LEVI, seed 93, iteration 1160, time: 533.2549667358398
Starting label LEVI, seed 93, iteration 1170, time: 537.8217377662659
Starting label LEVI, seed 93, iteration 1180, time: 542.4732713699341
Starting label LEVI, seed 93, iteration 1190, time: 547.1010541915894
Starting label LEVI, seed 93, iteration 1200, time: 551.7230589389801
Starting label LEVI, seed 93, iteration 1210, time: 556.391598701477
Starting label LEVI, seed 93, iteration 1220, time: 560.9620440006256
Starting label LEVI, seed 93, iteration 1230, time: 565.5765042304993
Starting label LEVI, seed 93, iteration 1240, time: 570.396940946579
Starting label LEVI, seed 93, iteration 1250, time: 575.0502660274506
Starting label LEVI, seed 93, iteration 1260, time: 579.6420848369598
Starting label LEVI, seed 93, iteration 1270, time: 584.2242522239685
Starting label LEVI, seed 93, iteration 1280, time: 589.0387144088745
Starting label LEVI, seed 93, iteration 1290, time: 593.9921424388885
Starting label LEVI, seed 93, iteration 1300, time: 599.1170988082886
Starting label LEVI, seed 93, iteration 1310, time: 603.9434230327606
Starting label LEVI, seed 93, iteration 1320, time: 608.9059844017029
Starting label LEVI, seed 93, iteration 1330, time: 613.6909794807434
Starting label LEVI, seed 93, iteration 1340, time: 618.5550854206085
Starting label LEVI, seed 93, iteration 1350, time: 623.4640092849731
Starting label LEVI, seed 93, iteration 1360, time: 628.2541809082031
Starting label LEVI, seed 93, iteration 1370, time: 633.0985462665558
Starting label LEVI, seed 93, iteration 1380, time: 637.8937723636627
Starting label LEVI, seed 93, iteration 1390, time: 642.7988121509552
Starting label LEVI, seed 93, iteration 1400, time: 647.8742053508759
Starting label LEVI, seed 93, iteration 1410, time: 652.7401161193848
Starting label LEVI, seed 93, iteration 1420, time: 657.8455440998077
Starting label LEVI, seed 93, iteration 1430, time: 662.9147162437439
Starting label LEVI, seed 93, iteration 1440, time: 668.0758445262909
Starting label LEVI, seed 93, iteration 1450, time: 673.3110117912292
Starting label LEVI, seed 93, iteration 1460, time: 678.8352525234222
Starting label LEVI, seed 93, iteration 1470, time: 684.3866419792175
Starting label LEVI, seed 93, iteration 1480, time: 689.7604744434357
Starting label LEVI, seed 93, iteration 1490, time: 694.8043165206909
Starting label LEVI, seed 93, iteration 1500, time: 699.9416644573212
Starting label LEVI, seed 93, iteration 1510, time: 705.0863842964172
Starting label LEVI, seed 93, iteration 1520, time: 710.3509497642517
Starting label LEVI, seed 93, iteration 1530, time: 715.9230058193207
Starting label LEVI, seed 93, iteration 1540, time: 721.515611410141
Starting label LEVI, seed 93, iteration 1550, time: 727.0393328666687
Starting label LEVI, seed 93, iteration 1560, time: 732.403605222702
Starting label LEVI, seed 93, iteration 1570, time: 738.3997263908386
Starting label LEVI, seed 93, iteration 1580, time: 744.3288931846619
Starting label LEVI, seed 93, iteration 1590, time: 750.0634760856628
Starting label LEVI, seed 93, iteration 1600, time: 755.7729275226593
Starting label LEVI, seed 93, iteration 1610, time: 761.4570960998535
Starting label LEVI, seed 93, iteration 1620, time: 767.2206983566284
Starting label LEVI, seed 93, iteration 1630, time: 773.2072880268097
Starting label LEVI, seed 93, iteration 1640, time: 779.1789996623993
Starting label LEVI, seed 93, iteration 1650, time: 784.8394780158997
Starting label LEVI, seed 93, iteration 1660, time: 791.7851645946503
Starting label LEVI, seed 93, iteration 1670, time: 797.8880305290222
Starting label LEVI, seed 93, iteration 1680, time: 804.0337853431702
Starting label LEVI, seed 93, iteration 1690, time: 810.6791529655457
Starting label LEVI, seed 93, iteration 1700, time: 816.9462251663208
Starting label LEVI, seed 93, iteration 1710, time: 822.8293192386627
Starting label LEVI, seed 93, iteration 1720, time: 828.679342508316
Starting label LEVI, seed 93, iteration 1730, time: 834.6247744560242
Starting label LEVI, seed 93, iteration 1740, time: 840.5928432941437
Starting label LEVI, seed 93, iteration 1750, time: 846.5940918922424
Starting label LEVI, seed 93, iteration 1760, time: 852.5988321304321
Starting label LEVI, seed 93, iteration 1770, time: 858.2895798683167
Starting label LEVI, seed 93, iteration 1780, time: 864.5484039783478
Starting label LEVI, seed 93, iteration 1790, time: 870.9181246757507
Starting label LEVI, seed 93, iteration 1800, time: 876.9318761825562
Starting label LEVI, seed 93, iteration 1810, time: 882.8608241081238
Starting label LEVI, seed 93, iteration 1820, time: 888.7465744018555
Starting label LEVI, seed 93, iteration 1830, time: 895.0069382190704
Starting label LEVI, seed 93, iteration 1840, time: 900.8905971050262
Starting label LEVI, seed 93, iteration 1850, time: 906.7634859085083
Starting label LEVI, seed 93, iteration 1860, time: 912.6614902019501
Starting label LEVI, seed 93, iteration 1870, time: 918.7599675655365
Starting label LEVI, seed 93, iteration 1880, time: 924.8929147720337
Starting label LEVI, seed 93, iteration 1890, time: 930.7866494655609
Starting label LEVI, seed 93, iteration 1900, time: 936.8771796226501
Starting label LEVI, seed 93, iteration 1910, time: 943.0924987792969
Starting label LEVI, seed 93, iteration 1920, time: 949.0832464694977
Starting label LEVI, seed 93, iteration 1930, time: 955.3740167617798
Starting label LEVI, seed 93, iteration 1940, time: 961.4257011413574
Starting label LEVI, seed 93, iteration 1950, time: 967.5911912918091
Starting label LEVI, seed 93, iteration 1960, time: 973.7254862785339
Starting label LEVI, seed 93, iteration 1970, time: 980.2225062847137
Starting label LEVI, seed 93, iteration 1980, time: 986.4311487674713
Starting label LEVI, seed 93, iteration 1990, time: 992.1541302204132
submitit INFO (2022-10-02 04:45:50,767) - Job completed successfully
