submitit INFO (2022-10-02 00:10:35,446) - Starting with JobEnvironment(job_id=883180_7, hostname=compling-compute-02.compling.cornell.edu, local_rank=0(1), node=0(1), global_rank=0(1))
submitit INFO (2022-10-02 00:10:35,446) - Loading pickle: /home/gid-cakmaks/contextual_rs/experiments/wsc_experiments/logs/883180_7/883180_7_submitted.pkl
Starting label LEVI, seed 57, iteration 0, time: 8.034706115722656e-05
Starting label LEVI, seed 57, iteration 10, time: 1.5213477611541748
Starting label LEVI, seed 57, iteration 20, time: 3.0112648010253906
Starting label LEVI, seed 57, iteration 30, time: 4.5054850578308105
Starting label LEVI, seed 57, iteration 40, time: 5.972515106201172
Starting label LEVI, seed 57, iteration 50, time: 7.441880941390991
Starting label LEVI, seed 57, iteration 60, time: 8.976290941238403
Starting label LEVI, seed 57, iteration 70, time: 10.46558165550232
Starting label LEVI, seed 57, iteration 80, time: 11.914926290512085
Starting label LEVI, seed 57, iteration 90, time: 13.395443201065063
Starting label LEVI, seed 57, iteration 100, time: 14.945241451263428
Starting label LEVI, seed 57, iteration 110, time: 16.476062774658203
Starting label LEVI, seed 57, iteration 120, time: 18.010267734527588
Starting label LEVI, seed 57, iteration 130, time: 19.560612440109253
Starting label LEVI, seed 57, iteration 140, time: 21.194270610809326
Starting label LEVI, seed 57, iteration 150, time: 22.741003274917603
Starting label LEVI, seed 57, iteration 160, time: 24.282769203186035
Starting label LEVI, seed 57, iteration 170, time: 25.84592318534851
Starting label LEVI, seed 57, iteration 180, time: 27.421810388565063
Starting label LEVI, seed 57, iteration 190, time: 28.986048936843872
Starting label LEVI, seed 57, iteration 200, time: 30.55357813835144
Starting label LEVI, seed 57, iteration 210, time: 32.12770104408264
Starting label LEVI, seed 57, iteration 220, time: 33.780587911605835
Starting label LEVI, seed 57, iteration 230, time: 35.37151598930359
Starting label LEVI, seed 57, iteration 240, time: 36.93452978134155
Starting label LEVI, seed 57, iteration 250, time: 38.480971813201904
Starting label LEVI, seed 57, iteration 260, time: 40.01201367378235
Starting label LEVI, seed 57, iteration 270, time: 41.54035425186157
Starting label LEVI, seed 57, iteration 280, time: 43.07835650444031
Starting label LEVI, seed 57, iteration 290, time: 44.657756328582764
Starting label LEVI, seed 57, iteration 300, time: 46.22389030456543
Starting label LEVI, seed 57, iteration 310, time: 47.84215974807739
Starting label LEVI, seed 57, iteration 320, time: 49.41178750991821
Starting label LEVI, seed 57, iteration 330, time: 51.04147815704346
Starting label LEVI, seed 57, iteration 340, time: 52.687992095947266
Starting label LEVI, seed 57, iteration 350, time: 54.32787251472473
Starting label LEVI, seed 57, iteration 360, time: 55.9554283618927
Starting label LEVI, seed 57, iteration 370, time: 57.57171177864075
Starting label LEVI, seed 57, iteration 380, time: 59.19376087188721
Starting label LEVI, seed 57, iteration 390, time: 60.89630174636841
Starting label LEVI, seed 57, iteration 400, time: 62.511310338974
Starting label LEVI, seed 57, iteration 410, time: 64.14764714241028
Starting label LEVI, seed 57, iteration 420, time: 65.92784762382507
Starting label LEVI, seed 57, iteration 430, time: 67.67685389518738
Starting label LEVI, seed 57, iteration 440, time: 69.42922472953796
Starting label LEVI, seed 57, iteration 450, time: 71.17525148391724
Starting label LEVI, seed 57, iteration 460, time: 73.0064947605133
Starting label LEVI, seed 57, iteration 470, time: 74.78099799156189
Starting label LEVI, seed 57, iteration 480, time: 76.61203813552856
Starting label LEVI, seed 57, iteration 490, time: 78.52168393135071
Starting label LEVI, seed 57, iteration 500, time: 80.65649557113647
Starting label LEVI, seed 57, iteration 510, time: 82.71330547332764
Starting label LEVI, seed 57, iteration 520, time: 84.91237020492554
Starting label LEVI, seed 57, iteration 530, time: 87.0175940990448
Starting label LEVI, seed 57, iteration 540, time: 89.11965084075928
Starting label LEVI, seed 57, iteration 550, time: 91.36322402954102
Starting label LEVI, seed 57, iteration 560, time: 93.57870364189148
Starting label LEVI, seed 57, iteration 570, time: 95.7981767654419
Starting label LEVI, seed 57, iteration 580, time: 97.8535897731781
Starting label LEVI, seed 57, iteration 590, time: 99.72466588020325
Starting label LEVI, seed 57, iteration 600, time: 101.77077007293701
Starting label LEVI, seed 57, iteration 610, time: 103.80522418022156
Starting label LEVI, seed 57, iteration 620, time: 106.04956865310669
Starting label LEVI, seed 57, iteration 630, time: 108.13084816932678
Starting label LEVI, seed 57, iteration 640, time: 110.21871566772461
Starting label LEVI, seed 57, iteration 650, time: 112.32719588279724
Starting label LEVI, seed 57, iteration 660, time: 114.37665343284607
Starting label LEVI, seed 57, iteration 670, time: 116.51472783088684
Starting label LEVI, seed 57, iteration 680, time: 118.52588152885437
Starting label LEVI, seed 57, iteration 690, time: 120.54650497436523
Starting label LEVI, seed 57, iteration 700, time: 122.56331658363342
Starting label LEVI, seed 57, iteration 710, time: 124.575688123703
Starting label LEVI, seed 57, iteration 720, time: 126.58068108558655
Starting label LEVI, seed 57, iteration 730, time: 128.61373138427734
Starting label LEVI, seed 57, iteration 740, time: 130.58596873283386
Starting label LEVI, seed 57, iteration 750, time: 132.55394005775452
Starting label LEVI, seed 57, iteration 760, time: 134.59678173065186
Starting label LEVI, seed 57, iteration 770, time: 136.58737993240356
Starting label LEVI, seed 57, iteration 780, time: 138.58917045593262
Starting label LEVI, seed 57, iteration 790, time: 140.66307735443115
Starting label LEVI, seed 57, iteration 800, time: 142.71253371238708
Starting label LEVI, seed 57, iteration 810, time: 144.74255323410034
Starting label LEVI, seed 57, iteration 820, time: 146.72650122642517
Starting label LEVI, seed 57, iteration 830, time: 148.6686418056488
Starting label LEVI, seed 57, iteration 840, time: 150.6561074256897
Starting label LEVI, seed 57, iteration 850, time: 152.6291468143463
Starting label LEVI, seed 57, iteration 860, time: 154.6230092048645
Starting label LEVI, seed 57, iteration 870, time: 156.62710428237915
Starting label LEVI, seed 57, iteration 880, time: 158.60222959518433
Starting label LEVI, seed 57, iteration 890, time: 160.63879656791687
Starting label LEVI, seed 57, iteration 900, time: 162.5248782634735
Starting label LEVI, seed 57, iteration 910, time: 164.4242968559265
Starting label LEVI, seed 57, iteration 920, time: 166.30325865745544
Starting label LEVI, seed 57, iteration 930, time: 168.2000892162323
Starting label LEVI, seed 57, iteration 940, time: 170.1324007511139
Starting label LEVI, seed 57, iteration 950, time: 172.1270945072174
Starting label LEVI, seed 57, iteration 960, time: 174.1368327140808
Starting label LEVI, seed 57, iteration 970, time: 176.04352021217346
Starting label LEVI, seed 57, iteration 980, time: 178.0335988998413
Starting label LEVI, seed 57, iteration 990, time: 179.95899844169617
Starting label LEVI, seed 57, iteration 1000, time: 181.87832808494568
Starting label LEVI, seed 57, iteration 1010, time: 183.82417345046997
Starting label LEVI, seed 57, iteration 1020, time: 185.706848859787
Starting label LEVI, seed 57, iteration 1030, time: 187.63373637199402
Starting label LEVI, seed 57, iteration 1040, time: 189.55909633636475
Starting label LEVI, seed 57, iteration 1050, time: 191.47505021095276
Starting label LEVI, seed 57, iteration 1060, time: 193.44011211395264
Starting label LEVI, seed 57, iteration 1070, time: 195.36513805389404
Starting label LEVI, seed 57, iteration 1080, time: 197.36399745941162
Starting label LEVI, seed 57, iteration 1090, time: 199.3656063079834
Starting label LEVI, seed 57, iteration 1100, time: 201.42429661750793
Starting label LEVI, seed 57, iteration 1110, time: 203.47902178764343
Starting label LEVI, seed 57, iteration 1120, time: 205.45379543304443
Starting label LEVI, seed 57, iteration 1130, time: 207.4203372001648
Starting label LEVI, seed 57, iteration 1140, time: 209.44643759727478
Starting label LEVI, seed 57, iteration 1150, time: 211.33861351013184
Starting label LEVI, seed 57, iteration 1160, time: 213.3922300338745
Starting label LEVI, seed 57, iteration 1170, time: 215.48151063919067
Starting label LEVI, seed 57, iteration 1180, time: 217.5260829925537
Starting label LEVI, seed 57, iteration 1190, time: 219.54709339141846
Starting label LEVI, seed 57, iteration 1200, time: 221.53303217887878
Starting label LEVI, seed 57, iteration 1210, time: 223.51382613182068
Starting label LEVI, seed 57, iteration 1220, time: 225.6234838962555
Starting label LEVI, seed 57, iteration 1230, time: 227.6497220993042
Starting label LEVI, seed 57, iteration 1240, time: 229.63637256622314
Starting label LEVI, seed 57, iteration 1250, time: 231.72801756858826
Starting label LEVI, seed 57, iteration 1260, time: 233.78726530075073
Starting label LEVI, seed 57, iteration 1270, time: 235.92446327209473
Starting label LEVI, seed 57, iteration 1280, time: 238.05630612373352
Starting label LEVI, seed 57, iteration 1290, time: 240.10428643226624
Starting label LEVI, seed 57, iteration 1300, time: 242.25304579734802
Starting label LEVI, seed 57, iteration 1310, time: 244.54911041259766
Starting label LEVI, seed 57, iteration 1320, time: 246.81734800338745
Starting label LEVI, seed 57, iteration 1330, time: 249.11238360404968
Starting label LEVI, seed 57, iteration 1340, time: 251.3335657119751
Starting label LEVI, seed 57, iteration 1350, time: 253.6333589553833
Starting label LEVI, seed 57, iteration 1360, time: 255.90192985534668
Starting label LEVI, seed 57, iteration 1370, time: 258.15393829345703
Starting label LEVI, seed 57, iteration 1380, time: 260.47566962242126
Starting label LEVI, seed 57, iteration 1390, time: 262.9631359577179
Starting label LEVI, seed 57, iteration 1400, time: 265.3108386993408
Starting label LEVI, seed 57, iteration 1410, time: 267.675017118454
Starting label LEVI, seed 57, iteration 1420, time: 270.0004529953003
Starting label LEVI, seed 57, iteration 1430, time: 272.38081765174866
Starting label LEVI, seed 57, iteration 1440, time: 274.87760305404663
Starting label LEVI, seed 57, iteration 1450, time: 277.3167793750763
Starting label LEVI, seed 57, iteration 1460, time: 279.771071434021
Starting label LEVI, seed 57, iteration 1470, time: 282.1624083518982
Starting label LEVI, seed 57, iteration 1480, time: 284.6480624675751
Starting label LEVI, seed 57, iteration 1490, time: 287.20200514793396
Starting label LEVI, seed 57, iteration 1500, time: 289.7798662185669
Starting label LEVI, seed 57, iteration 1510, time: 292.36134600639343
Starting label LEVI, seed 57, iteration 1520, time: 294.9323220252991
Starting label LEVI, seed 57, iteration 1530, time: 297.49727272987366
Starting label LEVI, seed 57, iteration 1540, time: 300.12225317955017
Starting label LEVI, seed 57, iteration 1550, time: 302.7307484149933
Starting label LEVI, seed 57, iteration 1560, time: 305.3550136089325
Starting label LEVI, seed 57, iteration 1570, time: 308.10636830329895
Starting label LEVI, seed 57, iteration 1580, time: 310.6650638580322
Starting label LEVI, seed 57, iteration 1590, time: 313.3255772590637
Starting label LEVI, seed 57, iteration 1600, time: 316.10619854927063
Starting label LEVI, seed 57, iteration 1610, time: 318.82065534591675
Starting label LEVI, seed 57, iteration 1620, time: 321.7539641857147
Starting label LEVI, seed 57, iteration 1630, time: 324.6235706806183
Starting label LEVI, seed 57, iteration 1640, time: 327.3943202495575
Starting label LEVI, seed 57, iteration 1650, time: 330.14658665657043
Starting label LEVI, seed 57, iteration 1660, time: 333.0558683872223
Starting label LEVI, seed 57, iteration 1670, time: 335.94196462631226
Starting label LEVI, seed 57, iteration 1680, time: 338.65261459350586
Starting label LEVI, seed 57, iteration 1690, time: 341.44829416275024
Starting label LEVI, seed 57, iteration 1700, time: 344.4102828502655
Starting label LEVI, seed 57, iteration 1710, time: 347.4644548892975
Starting label LEVI, seed 57, iteration 1720, time: 350.3599286079407
Starting label LEVI, seed 57, iteration 1730, time: 353.41425347328186
Starting label LEVI, seed 57, iteration 1740, time: 356.5530962944031
Starting label LEVI, seed 57, iteration 1750, time: 359.6073842048645
Starting label LEVI, seed 57, iteration 1760, time: 362.45773243904114
Starting label LEVI, seed 57, iteration 1770, time: 365.3409900665283
Starting label LEVI, seed 57, iteration 1780, time: 368.4352903366089
Starting label LEVI, seed 57, iteration 1790, time: 371.6447937488556
Starting label LEVI, seed 57, iteration 1800, time: 374.6820693016052
Starting label LEVI, seed 57, iteration 1810, time: 377.912291765213
Starting label LEVI, seed 57, iteration 1820, time: 381.14284777641296
Starting label LEVI, seed 57, iteration 1830, time: 384.5396354198456
Starting label LEVI, seed 57, iteration 1840, time: 387.6598834991455
Starting label LEVI, seed 57, iteration 1850, time: 390.8560965061188
Starting label LEVI, seed 57, iteration 1860, time: 394.0585479736328
Starting label LEVI, seed 57, iteration 1870, time: 397.2720491886139
Starting label LEVI, seed 57, iteration 1880, time: 400.6005280017853
Starting label LEVI, seed 57, iteration 1890, time: 403.7748475074768
Starting label LEVI, seed 57, iteration 1900, time: 406.99296736717224
Starting label LEVI, seed 57, iteration 1910, time: 410.3436040878296
Starting label LEVI, seed 57, iteration 1920, time: 413.38282108306885
Starting label LEVI, seed 57, iteration 1930, time: 416.54108691215515
Starting label LEVI, seed 57, iteration 1940, time: 419.76682448387146
Starting label LEVI, seed 57, iteration 1950, time: 423.1018714904785
Starting label LEVI, seed 57, iteration 1960, time: 426.2635576725006
Starting label LEVI, seed 57, iteration 1970, time: 429.5949070453644
Starting label LEVI, seed 57, iteration 1980, time: 432.8036358356476
Starting label LEVI, seed 57, iteration 1990, time: 436.2777347564697
submitit INFO (2022-10-02 00:17:56,320) - Job completed successfully
