submitit INFO (2022-10-02 13:26:52,350) - Starting with JobEnvironment(job_id=884541_5, hostname=belongie-compute-01.tech.cornell.edu, local_rank=0(1), node=0(1), global_rank=0(1))
submitit INFO (2022-10-02 13:26:52,350) - Loading pickle: /home/gid-cakmaks/contextual_rs/experiments/wsc_experiments/logs/884541_5/884541_5_submitted.pkl
Appending iterations to existing output!Warning: If parameters other than `iterations` have been changed, this will corrupt the output!
Starting label LEVI, seed 25, iteration 540, time: 333.60303950309753
Starting label LEVI, seed 25, iteration 550, time: 342.10580682754517
Starting label LEVI, seed 25, iteration 560, time: 350.5806791782379
Starting label LEVI, seed 25, iteration 570, time: 359.141384601593
Starting label LEVI, seed 25, iteration 580, time: 367.6324989795685
Starting label LEVI, seed 25, iteration 590, time: 375.6405029296875
Starting label LEVI, seed 25, iteration 600, time: 383.98414301872253
Starting label LEVI, seed 25, iteration 610, time: 392.13569140434265
Starting label LEVI, seed 25, iteration 620, time: 400.4072949886322
Starting label LEVI, seed 25, iteration 630, time: 408.37719106674194
Starting label LEVI, seed 25, iteration 640, time: 416.70627093315125
Starting label LEVI, seed 25, iteration 650, time: 425.2285795211792
Starting label LEVI, seed 25, iteration 660, time: 433.8466019630432
Starting label LEVI, seed 25, iteration 670, time: 442.89750576019287
Starting label LEVI, seed 25, iteration 680, time: 451.52158641815186
Starting label LEVI, seed 25, iteration 690, time: 460.09087228775024
Starting label LEVI, seed 25, iteration 700, time: 468.75659132003784
Starting label LEVI, seed 25, iteration 710, time: 477.50660848617554
Starting label LEVI, seed 25, iteration 720, time: 486.09188628196716
Starting label LEVI, seed 25, iteration 730, time: 494.96585512161255
Starting label LEVI, seed 25, iteration 740, time: 504.3516354560852
Starting label LEVI, seed 25, iteration 750, time: 513.5974113941193
Starting label LEVI, seed 25, iteration 760, time: 522.8912715911865
Starting label LEVI, seed 25, iteration 770, time: 532.4207391738892
Starting label LEVI, seed 25, iteration 780, time: 541.7003827095032
Starting label LEVI, seed 25, iteration 790, time: 550.7939014434814
Starting label LEVI, seed 25, iteration 800, time: 559.7655827999115
Starting label LEVI, seed 25, iteration 810, time: 569.0781836509705
Starting label LEVI, seed 25, iteration 820, time: 578.3753015995026
Starting label LEVI, seed 25, iteration 830, time: 588.1441793441772
Starting label LEVI, seed 25, iteration 840, time: 598.8483288288116
Starting label LEVI, seed 25, iteration 850, time: 609.0909311771393
Starting label LEVI, seed 25, iteration 860, time: 620.5294289588928
Starting label LEVI, seed 25, iteration 870, time: 631.6173434257507
Starting label LEVI, seed 25, iteration 880, time: 641.7962238788605
Starting label LEVI, seed 25, iteration 890, time: 652.5925223827362
Starting label LEVI, seed 25, iteration 900, time: 663.5210599899292
Starting label LEVI, seed 25, iteration 910, time: 674.1776025295258
Starting label LEVI, seed 25, iteration 920, time: 685.4310877323151
Starting label LEVI, seed 25, iteration 930, time: 695.456948518753
Starting label LEVI, seed 25, iteration 940, time: 706.6385650634766
Starting label LEVI, seed 25, iteration 950, time: 717.7554233074188
Starting label LEVI, seed 25, iteration 960, time: 728.1713154315948
Starting label LEVI, seed 25, iteration 970, time: 739.092161655426
Starting label LEVI, seed 25, iteration 980, time: 749.7413618564606
Starting label LEVI, seed 25, iteration 990, time: 760.1239280700684
Starting label LEVI, seed 25, iteration 1000, time: 770.5971267223358
Starting label LEVI, seed 25, iteration 1010, time: 781.4186599254608
Starting label LEVI, seed 25, iteration 1020, time: 792.8665075302124
Starting label LEVI, seed 25, iteration 1030, time: 804.7430417537689
Starting label LEVI, seed 25, iteration 1040, time: 817.0625166893005
Starting label LEVI, seed 25, iteration 1050, time: 828.2347559928894
Starting label LEVI, seed 25, iteration 1060, time: 839.0397055149078
Starting label LEVI, seed 25, iteration 1070, time: 848.6580767631531
Starting label LEVI, seed 25, iteration 1080, time: 858.6208319664001
Starting label LEVI, seed 25, iteration 1090, time: 868.5917797088623
Starting label LEVI, seed 25, iteration 1100, time: 878.6943511962891
Starting label LEVI, seed 25, iteration 1110, time: 888.7039186954498
Starting label LEVI, seed 25, iteration 1120, time: 899.1265513896942
Starting label LEVI, seed 25, iteration 1130, time: 909.8823075294495
Starting label LEVI, seed 25, iteration 1140, time: 920.8115458488464
Starting label LEVI, seed 25, iteration 1150, time: 931.9665215015411
Starting label LEVI, seed 25, iteration 1160, time: 943.3184251785278
Starting label LEVI, seed 25, iteration 1170, time: 954.029895067215
Starting label LEVI, seed 25, iteration 1180, time: 964.6893775463104
Starting label LEVI, seed 25, iteration 1190, time: 975.4696619510651
Starting label LEVI, seed 25, iteration 1200, time: 986.4419729709625
Starting label LEVI, seed 25, iteration 1210, time: 997.0853242874146
Starting label LEVI, seed 25, iteration 1220, time: 1008.4291110038757
Starting label LEVI, seed 25, iteration 1230, time: 1019.9484324455261
Starting label LEVI, seed 25, iteration 1240, time: 1030.9049708843231
Starting label LEVI, seed 25, iteration 1250, time: 1042.5589056015015
Starting label LEVI, seed 25, iteration 1260, time: 1053.5345168113708
Starting label LEVI, seed 25, iteration 1270, time: 1064.514924287796
Starting label LEVI, seed 25, iteration 1280, time: 1075.4493536949158
Starting label LEVI, seed 25, iteration 1290, time: 1086.6409108638763
Starting label LEVI, seed 25, iteration 1300, time: 1097.817242383957
Starting label LEVI, seed 25, iteration 1310, time: 1109.8997321128845
Starting label LEVI, seed 25, iteration 1320, time: 1121.4873707294464
Starting label LEVI, seed 25, iteration 1330, time: 1133.4862415790558
Starting label LEVI, seed 25, iteration 1340, time: 1145.210197687149
Starting label LEVI, seed 25, iteration 1350, time: 1156.811895608902
Starting label LEVI, seed 25, iteration 1360, time: 1167.879259109497
Starting label LEVI, seed 25, iteration 1370, time: 1178.7005190849304
Starting label LEVI, seed 25, iteration 1380, time: 1189.75789809227
Starting label LEVI, seed 25, iteration 1390, time: 1202.0298290252686
Starting label LEVI, seed 25, iteration 1400, time: 1214.3477759361267
Starting label LEVI, seed 25, iteration 1410, time: 1226.8033571243286
Starting label LEVI, seed 25, iteration 1420, time: 1238.173109292984
Starting label LEVI, seed 25, iteration 1430, time: 1249.498122215271
Starting label LEVI, seed 25, iteration 1440, time: 1261.8665058612823
Starting label LEVI, seed 25, iteration 1450, time: 1273.8434150218964
Starting label LEVI, seed 25, iteration 1460, time: 1286.0109124183655
Starting label LEVI, seed 25, iteration 1470, time: 1297.5119051933289
Starting label LEVI, seed 25, iteration 1480, time: 1308.838015794754
Starting label LEVI, seed 25, iteration 1490, time: 1320.04913687706
Starting label LEVI, seed 25, iteration 1500, time: 1332.0170214176178
Starting label LEVI, seed 25, iteration 1510, time: 1343.800654411316
Starting label LEVI, seed 25, iteration 1520, time: 1356.0259373188019
Starting label LEVI, seed 25, iteration 1530, time: 1367.8823449611664
Starting label LEVI, seed 25, iteration 1540, time: 1380.7987294197083
Starting label LEVI, seed 25, iteration 1550, time: 1393.7393622398376
Starting label LEVI, seed 25, iteration 1560, time: 1406.2885475158691
Starting label LEVI, seed 25, iteration 1570, time: 1418.3836104869843
Starting label LEVI, seed 25, iteration 1580, time: 1430.7856738567352
Starting label LEVI, seed 25, iteration 1590, time: 1443.3870730400085
Starting label LEVI, seed 25, iteration 1600, time: 1455.6920173168182
Starting label LEVI, seed 25, iteration 1610, time: 1469.0520753860474
Starting label LEVI, seed 25, iteration 1620, time: 1481.9613637924194
Starting label LEVI, seed 25, iteration 1630, time: 1494.7914226055145
Starting label LEVI, seed 25, iteration 1640, time: 1507.345244884491
Starting label LEVI, seed 25, iteration 1650, time: 1521.8158402442932
Starting label LEVI, seed 25, iteration 1660, time: 1536.0829689502716
Starting label LEVI, seed 25, iteration 1670, time: 1551.0472807884216
Starting label LEVI, seed 25, iteration 1680, time: 1565.6141233444214
Starting label LEVI, seed 25, iteration 1690, time: 1581.1230382919312
Starting label LEVI, seed 25, iteration 1700, time: 1595.1661865711212
Starting label LEVI, seed 25, iteration 1710, time: 1608.9467425346375
Starting label LEVI, seed 25, iteration 1720, time: 1624.4798707962036
Starting label LEVI, seed 25, iteration 1730, time: 1640.0615935325623
Starting label LEVI, seed 25, iteration 1740, time: 1657.6450247764587
Starting label LEVI, seed 25, iteration 1750, time: 1672.6453449726105
Starting label LEVI, seed 25, iteration 1760, time: 1688.6206514835358
Starting label LEVI, seed 25, iteration 1770, time: 1704.9625418186188
Starting label LEVI, seed 25, iteration 1780, time: 1720.1779026985168
Starting label LEVI, seed 25, iteration 1790, time: 1734.6536922454834
Starting label LEVI, seed 25, iteration 1800, time: 1749.0459384918213
Starting label LEVI, seed 25, iteration 1810, time: 1764.510332584381
Starting label LEVI, seed 25, iteration 1820, time: 1779.2868871688843
Starting label LEVI, seed 25, iteration 1830, time: 1793.4410808086395
Starting label LEVI, seed 25, iteration 1840, time: 1807.6288096904755
Starting label LEVI, seed 25, iteration 1850, time: 1822.0793669223785
Starting label LEVI, seed 25, iteration 1860, time: 1836.4607238769531
Starting label LEVI, seed 25, iteration 1870, time: 1851.5831844806671
Starting label LEVI, seed 25, iteration 1880, time: 1867.4358367919922
Starting label LEVI, seed 25, iteration 1890, time: 1882.3787038326263
Starting label LEVI, seed 25, iteration 1900, time: 1896.5919425487518
Starting label LEVI, seed 25, iteration 1910, time: 1911.2898135185242
Starting label LEVI, seed 25, iteration 1920, time: 1926.9256958961487
Starting label LEVI, seed 25, iteration 1930, time: 1942.5766320228577
Starting label LEVI, seed 25, iteration 1940, time: 1957.1482481956482
Starting label LEVI, seed 25, iteration 1950, time: 1972.6323399543762
Starting label LEVI, seed 25, iteration 1960, time: 1990.1485364437103
Starting label LEVI, seed 25, iteration 1970, time: 2005.5636620521545
Starting label LEVI, seed 25, iteration 1980, time: 2021.4217438697815
Starting label LEVI, seed 25, iteration 1990, time: 2036.1947865486145
submitit INFO (2022-10-02 13:55:32,278) - Job completed successfully
