submitit INFO (2022-10-02 04:21:07,774) - Starting with JobEnvironment(job_id=884077_0, hostname=sablab-gpu-02.ece.cornell.edu, local_rank=0(1), node=0(1), global_rank=0(1))
submitit INFO (2022-10-02 04:21:07,774) - Loading pickle: /home/gid-cakmaks/contextual_rs/experiments/wsc_experiments/logs/884077_0/884077_0_submitted.pkl
Appending iterations to existing output!Warning: If parameters other than `iterations` have been changed, this will corrupt the output!
Starting label LEVI, seed 80, iteration 570, time: 263.3806166648865
Starting label LEVI, seed 80, iteration 580, time: 269.4444189071655
Starting label LEVI, seed 80, iteration 590, time: 275.54897832870483
Starting label LEVI, seed 80, iteration 600, time: 281.4423542022705
Starting label LEVI, seed 80, iteration 610, time: 287.5854842662811
Starting label LEVI, seed 80, iteration 620, time: 293.61095666885376
Starting label LEVI, seed 80, iteration 630, time: 299.51743030548096
Starting label LEVI, seed 80, iteration 640, time: 305.4476046562195
Starting label LEVI, seed 80, iteration 650, time: 311.59581995010376
Starting label LEVI, seed 80, iteration 660, time: 317.669246673584
Starting label LEVI, seed 80, iteration 670, time: 323.7300543785095
Starting label LEVI, seed 80, iteration 680, time: 329.77276039123535
Starting label LEVI, seed 80, iteration 690, time: 335.98676466941833
Starting label LEVI, seed 80, iteration 700, time: 342.2460024356842
Starting label LEVI, seed 80, iteration 710, time: 348.5122754573822
Starting label LEVI, seed 80, iteration 720, time: 354.8200087547302
Starting label LEVI, seed 80, iteration 730, time: 361.2290289402008
Starting label LEVI, seed 80, iteration 740, time: 367.82887053489685
Starting label LEVI, seed 80, iteration 750, time: 374.3913996219635
Starting label LEVI, seed 80, iteration 760, time: 381.4462003707886
Starting label LEVI, seed 80, iteration 770, time: 388.0088906288147
Starting label LEVI, seed 80, iteration 780, time: 394.88378643989563
Starting label LEVI, seed 80, iteration 790, time: 401.5968863964081
Starting label LEVI, seed 80, iteration 800, time: 408.44881081581116
Starting label LEVI, seed 80, iteration 810, time: 415.02840518951416
Starting label LEVI, seed 80, iteration 820, time: 421.4541549682617
Starting label LEVI, seed 80, iteration 830, time: 428.26730251312256
Starting label LEVI, seed 80, iteration 840, time: 435.11179208755493
Starting label LEVI, seed 80, iteration 850, time: 441.7186155319214
Starting label LEVI, seed 80, iteration 860, time: 448.16896629333496
Starting label LEVI, seed 80, iteration 870, time: 454.4762427806854
Starting label LEVI, seed 80, iteration 880, time: 460.86796975135803
Starting label LEVI, seed 80, iteration 890, time: 467.26565384864807
Starting label LEVI, seed 80, iteration 900, time: 473.64334535598755
Starting label LEVI, seed 80, iteration 910, time: 480.07242345809937
Starting label LEVI, seed 80, iteration 920, time: 486.9228672981262
Starting label LEVI, seed 80, iteration 930, time: 493.7223291397095
Starting label LEVI, seed 80, iteration 940, time: 500.58605122566223
Starting label LEVI, seed 80, iteration 950, time: 508.1033844947815
Starting label LEVI, seed 80, iteration 960, time: 515.7216837406158
Starting label LEVI, seed 80, iteration 970, time: 522.7913088798523
Starting label LEVI, seed 80, iteration 980, time: 529.7734632492065
Starting label LEVI, seed 80, iteration 990, time: 536.6711189746857
Starting label LEVI, seed 80, iteration 1000, time: 543.5795738697052
Starting label LEVI, seed 80, iteration 1010, time: 550.4766058921814
Starting label LEVI, seed 80, iteration 1020, time: 557.5307631492615
Starting label LEVI, seed 80, iteration 1030, time: 564.6312212944031
Starting label LEVI, seed 80, iteration 1040, time: 571.7369110584259
Starting label LEVI, seed 80, iteration 1050, time: 578.7112107276917
Starting label LEVI, seed 80, iteration 1060, time: 585.5927572250366
Starting label LEVI, seed 80, iteration 1070, time: 592.3477463722229
Starting label LEVI, seed 80, iteration 1080, time: 599.130984544754
Starting label LEVI, seed 80, iteration 1090, time: 605.9792635440826
Starting label LEVI, seed 80, iteration 1100, time: 612.9443264007568
Starting label LEVI, seed 80, iteration 1110, time: 620.1166281700134
Starting label LEVI, seed 80, iteration 1120, time: 627.0559782981873
Starting label LEVI, seed 80, iteration 1130, time: 633.9037806987762
Starting label LEVI, seed 80, iteration 1140, time: 641.2504713535309
Starting label LEVI, seed 80, iteration 1150, time: 648.3917462825775
Starting label LEVI, seed 80, iteration 1160, time: 655.5040519237518
Starting label LEVI, seed 80, iteration 1170, time: 662.6724207401276
Starting label LEVI, seed 80, iteration 1180, time: 670.32967877388
Starting label LEVI, seed 80, iteration 1190, time: 677.6620619297028
Starting label LEVI, seed 80, iteration 1200, time: 684.9539806842804
Starting label LEVI, seed 80, iteration 1210, time: 692.088490486145
Starting label LEVI, seed 80, iteration 1220, time: 699.1590890884399
Starting label LEVI, seed 80, iteration 1230, time: 706.2163031101227
Starting label LEVI, seed 80, iteration 1240, time: 713.3889019489288
Starting label LEVI, seed 80, iteration 1250, time: 720.3292779922485
Starting label LEVI, seed 80, iteration 1260, time: 727.4371581077576
Starting label LEVI, seed 80, iteration 1270, time: 734.2653608322144
Starting label LEVI, seed 80, iteration 1280, time: 741.2217495441437
Starting label LEVI, seed 80, iteration 1290, time: 748.2019362449646
Starting label LEVI, seed 80, iteration 1300, time: 755.1749496459961
Starting label LEVI, seed 80, iteration 1310, time: 762.1756479740143
Starting label LEVI, seed 80, iteration 1320, time: 769.3273794651031
Starting label LEVI, seed 80, iteration 1330, time: 776.8473069667816
Starting label LEVI, seed 80, iteration 1340, time: 783.9565577507019
Starting label LEVI, seed 80, iteration 1350, time: 791.1038014888763
Starting label LEVI, seed 80, iteration 1360, time: 798.439980506897
Starting label LEVI, seed 80, iteration 1370, time: 805.6542024612427
Starting label LEVI, seed 80, iteration 1380, time: 812.6656770706177
Starting label LEVI, seed 80, iteration 1390, time: 819.869295835495
Starting label LEVI, seed 80, iteration 1400, time: 827.0026445388794
Starting label LEVI, seed 80, iteration 1410, time: 834.2073068618774
Starting label LEVI, seed 80, iteration 1420, time: 841.584762096405
Starting label LEVI, seed 80, iteration 1430, time: 848.6131837368011
Starting label LEVI, seed 80, iteration 1440, time: 855.7489819526672
Starting label LEVI, seed 80, iteration 1450, time: 862.9994885921478
Starting label LEVI, seed 80, iteration 1460, time: 870.1756703853607
Starting label LEVI, seed 80, iteration 1470, time: 877.258457660675
Starting label LEVI, seed 80, iteration 1480, time: 884.4009773731232
Starting label LEVI, seed 80, iteration 1490, time: 891.3198215961456
Starting label LEVI, seed 80, iteration 1500, time: 898.1875307559967
Starting label LEVI, seed 80, iteration 1510, time: 904.8893988132477
Starting label LEVI, seed 80, iteration 1520, time: 911.54980301857
Starting label LEVI, seed 80, iteration 1530, time: 918.1923480033875
Starting label LEVI, seed 80, iteration 1540, time: 924.8323862552643
Starting label LEVI, seed 80, iteration 1550, time: 931.6209964752197
Starting label LEVI, seed 80, iteration 1560, time: 938.3571672439575
Starting label LEVI, seed 80, iteration 1570, time: 945.199807882309
Starting label LEVI, seed 80, iteration 1580, time: 952.1383657455444
Starting label LEVI, seed 80, iteration 1590, time: 959.1467592716217
Starting label LEVI, seed 80, iteration 1600, time: 966.0882370471954
Starting label LEVI, seed 80, iteration 1610, time: 972.9220938682556
Starting label LEVI, seed 80, iteration 1620, time: 979.8363215923309
Starting label LEVI, seed 80, iteration 1630, time: 986.791063785553
Starting label LEVI, seed 80, iteration 1640, time: 993.8085033893585
Starting label LEVI, seed 80, iteration 1650, time: 1000.753383398056
Starting label LEVI, seed 80, iteration 1660, time: 1007.9128663539886
Starting label LEVI, seed 80, iteration 1670, time: 1015.5822718143463
Starting label LEVI, seed 80, iteration 1680, time: 1022.9285869598389
Starting label LEVI, seed 80, iteration 1690, time: 1030.2824921607971
Starting label LEVI, seed 80, iteration 1700, time: 1039.0120329856873
Starting label LEVI, seed 80, iteration 1710, time: 1046.9912657737732
Starting label LEVI, seed 80, iteration 1720, time: 1054.5397567749023
Starting label LEVI, seed 80, iteration 1730, time: 1062.0127921104431
Starting label LEVI, seed 80, iteration 1740, time: 1069.8496096134186
Starting label LEVI, seed 80, iteration 1750, time: 1077.6092748641968
Starting label LEVI, seed 80, iteration 1760, time: 1085.3677773475647
Starting label LEVI, seed 80, iteration 1770, time: 1093.0540919303894
Starting label LEVI, seed 80, iteration 1780, time: 1100.3987929821014
Starting label LEVI, seed 80, iteration 1790, time: 1107.9755277633667
Starting label LEVI, seed 80, iteration 1800, time: 1115.8237872123718
Starting label LEVI, seed 80, iteration 1810, time: 1123.4282319545746
Starting label LEVI, seed 80, iteration 1820, time: 1131.147536277771
Starting label LEVI, seed 80, iteration 1830, time: 1138.8350875377655
Starting label LEVI, seed 80, iteration 1840, time: 1146.6812934875488
Starting label LEVI, seed 80, iteration 1850, time: 1154.4298198223114
Starting label LEVI, seed 80, iteration 1860, time: 1161.9491481781006
Starting label LEVI, seed 80, iteration 1870, time: 1169.453687429428
Starting label LEVI, seed 80, iteration 1880, time: 1177.1006166934967
Starting label LEVI, seed 80, iteration 1890, time: 1184.665185213089
Starting label LEVI, seed 80, iteration 1900, time: 1192.3835020065308
Starting label LEVI, seed 80, iteration 1910, time: 1200.068256855011
Starting label LEVI, seed 80, iteration 1920, time: 1207.5125257968903
Starting label LEVI, seed 80, iteration 1930, time: 1215.7380859851837
Starting label LEVI, seed 80, iteration 1940, time: 1224.2025163173676
Starting label LEVI, seed 80, iteration 1950, time: 1231.742324590683
Starting label LEVI, seed 80, iteration 1960, time: 1239.0227653980255
Starting label LEVI, seed 80, iteration 1970, time: 1246.2966992855072
Starting label LEVI, seed 80, iteration 1980, time: 1253.8308174610138
Starting label LEVI, seed 80, iteration 1990, time: 1261.5267269611359
submitit INFO (2022-10-02 04:37:55,828) - Job completed successfully
