submitit INFO (2022-10-02 01:28:05,040) - Starting with JobEnvironment(job_id=883479_3, hostname=hariharan-compute-01.cs.cornell.edu, local_rank=0(1), node=0(1), global_rank=0(1))
submitit INFO (2022-10-02 01:28:05,041) - Loading pickle: /home/gid-cakmaks/contextual_rs/experiments/wsc_experiments/logs/883479_3/883479_3_submitted.pkl
Starting label LEVI, seed 63, iteration 0, time: 0.0007584095001220703
Starting label LEVI, seed 63, iteration 10, time: 4.154150485992432
Starting label LEVI, seed 63, iteration 20, time: 8.569464206695557
Starting label LEVI, seed 63, iteration 30, time: 12.97598671913147
Starting label LEVI, seed 63, iteration 40, time: 17.421190977096558
Starting label LEVI, seed 63, iteration 50, time: 21.87310290336609
Starting label LEVI, seed 63, iteration 60, time: 26.096597909927368
Starting label LEVI, seed 63, iteration 70, time: 30.792766332626343
Starting label LEVI, seed 63, iteration 80, time: 35.44763422012329
Starting label LEVI, seed 63, iteration 90, time: 40.252307415008545
Starting label LEVI, seed 63, iteration 100, time: 45.28487038612366
Starting label LEVI, seed 63, iteration 110, time: 50.673696517944336
Starting label LEVI, seed 63, iteration 120, time: 56.0399603843689
Starting label LEVI, seed 63, iteration 130, time: 61.20173192024231
Starting label LEVI, seed 63, iteration 140, time: 66.25152802467346
Starting label LEVI, seed 63, iteration 150, time: 71.57385802268982
Starting label LEVI, seed 63, iteration 160, time: 76.70807409286499
Starting label LEVI, seed 63, iteration 170, time: 82.08237099647522
Starting label LEVI, seed 63, iteration 180, time: 87.79032635688782
Starting label LEVI, seed 63, iteration 190, time: 93.68463945388794
Starting label LEVI, seed 63, iteration 200, time: 99.60553407669067
Starting label LEVI, seed 63, iteration 210, time: 105.49328422546387
Starting label LEVI, seed 63, iteration 220, time: 111.3667061328888
Starting label LEVI, seed 63, iteration 230, time: 117.35905623435974
Starting label LEVI, seed 63, iteration 240, time: 123.1611578464508
Starting label LEVI, seed 63, iteration 250, time: 129.36515402793884
Starting label LEVI, seed 63, iteration 260, time: 135.5861804485321
Starting label LEVI, seed 63, iteration 270, time: 141.78590536117554
Starting label LEVI, seed 63, iteration 280, time: 148.21121048927307
Starting label LEVI, seed 63, iteration 290, time: 154.56364369392395
Starting label LEVI, seed 63, iteration 300, time: 160.97498655319214
Starting label LEVI, seed 63, iteration 310, time: 167.6808795928955
Starting label LEVI, seed 63, iteration 320, time: 174.12595772743225
Starting label LEVI, seed 63, iteration 330, time: 180.75060486793518
Starting label LEVI, seed 63, iteration 340, time: 187.40035891532898
Starting label LEVI, seed 63, iteration 350, time: 194.1137979030609
Starting label LEVI, seed 63, iteration 360, time: 200.67753672599792
Starting label LEVI, seed 63, iteration 370, time: 207.15967750549316
Starting label LEVI, seed 63, iteration 380, time: 213.63135719299316
Starting label LEVI, seed 63, iteration 390, time: 219.8865463733673
Starting label LEVI, seed 63, iteration 400, time: 226.29381608963013
Starting label LEVI, seed 63, iteration 410, time: 232.7551531791687
Starting label LEVI, seed 63, iteration 420, time: 239.0421187877655
Starting label LEVI, seed 63, iteration 430, time: 245.4610471725464
Starting label LEVI, seed 63, iteration 440, time: 251.71514558792114
Starting label LEVI, seed 63, iteration 450, time: 258.2213900089264
Starting label LEVI, seed 63, iteration 460, time: 264.81166553497314
Starting label LEVI, seed 63, iteration 470, time: 270.8556649684906
Starting label LEVI, seed 63, iteration 480, time: 277.1041979789734
Starting label LEVI, seed 63, iteration 490, time: 283.27558279037476
Starting label LEVI, seed 63, iteration 500, time: 289.41170048713684
Starting label LEVI, seed 63, iteration 510, time: 295.58025074005127
Starting label LEVI, seed 63, iteration 520, time: 301.73049092292786
Starting label LEVI, seed 63, iteration 530, time: 307.90195083618164
Starting label LEVI, seed 63, iteration 540, time: 314.29942655563354
Starting label LEVI, seed 63, iteration 550, time: 320.59171199798584
Starting label LEVI, seed 63, iteration 560, time: 327.0502133369446
Starting label LEVI, seed 63, iteration 570, time: 333.30653715133667
Starting label LEVI, seed 63, iteration 580, time: 339.7342805862427
Starting label LEVI, seed 63, iteration 590, time: 346.01857829093933
Starting label LEVI, seed 63, iteration 600, time: 352.32270073890686
Starting label LEVI, seed 63, iteration 610, time: 358.7552545070648
Starting label LEVI, seed 63, iteration 620, time: 365.1774344444275
Starting label LEVI, seed 63, iteration 630, time: 371.63461089134216
Starting label LEVI, seed 63, iteration 640, time: 377.9903652667999
Starting label LEVI, seed 63, iteration 650, time: 384.3518235683441
Starting label LEVI, seed 63, iteration 660, time: 391.028564453125
Starting label LEVI, seed 63, iteration 670, time: 397.86431097984314
Starting label LEVI, seed 63, iteration 680, time: 404.7490246295929
Starting label LEVI, seed 63, iteration 690, time: 411.6297039985657
Starting label LEVI, seed 63, iteration 700, time: 418.2484714984894
Starting label LEVI, seed 63, iteration 710, time: 424.99413871765137
Starting label LEVI, seed 63, iteration 720, time: 431.7462844848633
Starting label LEVI, seed 63, iteration 730, time: 438.41385316848755
Starting label LEVI, seed 63, iteration 740, time: 445.4329752922058
Starting label LEVI, seed 63, iteration 750, time: 452.4420702457428
Starting label LEVI, seed 63, iteration 760, time: 459.3360164165497
Starting label LEVI, seed 63, iteration 770, time: 466.3011848926544
Starting label LEVI, seed 63, iteration 780, time: 473.3906979560852
Starting label LEVI, seed 63, iteration 790, time: 480.41574001312256
Starting label LEVI, seed 63, iteration 800, time: 487.28274512290955
Starting label LEVI, seed 63, iteration 810, time: 494.06610798835754
Starting label LEVI, seed 63, iteration 820, time: 501.1258981227875
Starting label LEVI, seed 63, iteration 830, time: 507.93146419525146
Starting label LEVI, seed 63, iteration 840, time: 514.9088451862335
Starting label LEVI, seed 63, iteration 850, time: 522.056617975235
Starting label LEVI, seed 63, iteration 860, time: 528.8168749809265
Starting label LEVI, seed 63, iteration 870, time: 535.816686630249
Starting label LEVI, seed 63, iteration 880, time: 542.8260459899902
Starting label LEVI, seed 63, iteration 890, time: 550.8908240795135
Starting label LEVI, seed 63, iteration 900, time: 558.8073909282684
Starting label LEVI, seed 63, iteration 910, time: 566.2633249759674
Starting label LEVI, seed 63, iteration 920, time: 574.0912849903107
Starting label LEVI, seed 63, iteration 930, time: 581.7812769412994
Starting label LEVI, seed 63, iteration 940, time: 590.1296043395996
Starting label LEVI, seed 63, iteration 950, time: 598.7410242557526
Starting label LEVI, seed 63, iteration 960, time: 607.4487359523773
Starting label LEVI, seed 63, iteration 970, time: 616.0397810935974
Starting label LEVI, seed 63, iteration 980, time: 624.99782538414
Starting label LEVI, seed 63, iteration 990, time: 632.681313753128
Starting label LEVI, seed 63, iteration 1000, time: 640.2626230716705
Starting label LEVI, seed 63, iteration 1010, time: 647.7648079395294
Starting label LEVI, seed 63, iteration 1020, time: 655.2793464660645
Starting label LEVI, seed 63, iteration 1030, time: 662.9249143600464
Starting label LEVI, seed 63, iteration 1040, time: 670.5550425052643
Starting label LEVI, seed 63, iteration 1050, time: 678.2575147151947
Starting label LEVI, seed 63, iteration 1060, time: 685.4237241744995
Starting label LEVI, seed 63, iteration 1070, time: 693.013069152832
Starting label LEVI, seed 63, iteration 1080, time: 700.9626131057739
Starting label LEVI, seed 63, iteration 1090, time: 708.28906416893
Starting label LEVI, seed 63, iteration 1100, time: 715.5746099948883
Starting label LEVI, seed 63, iteration 1110, time: 723.04137134552
Starting label LEVI, seed 63, iteration 1120, time: 730.4143905639648
Starting label LEVI, seed 63, iteration 1130, time: 737.6478822231293
Starting label LEVI, seed 63, iteration 1140, time: 744.9518857002258
Starting label LEVI, seed 63, iteration 1150, time: 752.180014371872
Starting label LEVI, seed 63, iteration 1160, time: 759.2972047328949
Starting label LEVI, seed 63, iteration 1170, time: 767.3531739711761
Starting label LEVI, seed 63, iteration 1180, time: 775.8126530647278
Starting label LEVI, seed 63, iteration 1190, time: 784.4857602119446
Starting label LEVI, seed 63, iteration 1200, time: 792.9547665119171
Starting label LEVI, seed 63, iteration 1210, time: 801.2472105026245
Starting label LEVI, seed 63, iteration 1220, time: 809.8128168582916
Starting label LEVI, seed 63, iteration 1230, time: 818.7062842845917
Starting label LEVI, seed 63, iteration 1240, time: 827.2381517887115
Starting label LEVI, seed 63, iteration 1250, time: 835.8829157352448
Starting label LEVI, seed 63, iteration 1260, time: 843.670159816742
Starting label LEVI, seed 63, iteration 1270, time: 851.268883228302
Starting label LEVI, seed 63, iteration 1280, time: 860.2767331600189
Starting label LEVI, seed 63, iteration 1290, time: 869.0651350021362
Starting label LEVI, seed 63, iteration 1300, time: 877.9398016929626
Starting label LEVI, seed 63, iteration 1310, time: 887.0312843322754
Starting label LEVI, seed 63, iteration 1320, time: 895.7502579689026
Starting label LEVI, seed 63, iteration 1330, time: 903.8473997116089
Starting label LEVI, seed 63, iteration 1340, time: 912.0228886604309
Starting label LEVI, seed 63, iteration 1350, time: 920.8733994960785
Starting label LEVI, seed 63, iteration 1360, time: 929.9119925498962
Starting label LEVI, seed 63, iteration 1370, time: 939.090667963028
Starting label LEVI, seed 63, iteration 1380, time: 948.4159598350525
Starting label LEVI, seed 63, iteration 1390, time: 957.727240562439
Starting label LEVI, seed 63, iteration 1400, time: 966.6851599216461
Starting label LEVI, seed 63, iteration 1410, time: 975.0276901721954
Starting label LEVI, seed 63, iteration 1420, time: 984.523726940155
Starting label LEVI, seed 63, iteration 1430, time: 994.4927372932434
Starting label LEVI, seed 63, iteration 1440, time: 1004.8862988948822
Starting label LEVI, seed 63, iteration 1450, time: 1015.2252612113953
Starting label LEVI, seed 63, iteration 1460, time: 1025.3714475631714
Starting label LEVI, seed 63, iteration 1470, time: 1034.7194998264313
Starting label LEVI, seed 63, iteration 1480, time: 1043.3012471199036
Starting label LEVI, seed 63, iteration 1490, time: 1051.8092303276062
Starting label LEVI, seed 63, iteration 1500, time: 1060.58269906044
Starting label LEVI, seed 63, iteration 1510, time: 1068.8324360847473
Starting label LEVI, seed 63, iteration 1520, time: 1077.9042043685913
Starting label LEVI, seed 63, iteration 1530, time: 1087.134914636612
Starting label LEVI, seed 63, iteration 1540, time: 1097.077810049057
Starting label LEVI, seed 63, iteration 1550, time: 1107.9112448692322
Starting label LEVI, seed 63, iteration 1560, time: 1117.9820985794067
Starting label LEVI, seed 63, iteration 1570, time: 1128.0523812770844
Starting label LEVI, seed 63, iteration 1580, time: 1137.4556350708008
Starting label LEVI, seed 63, iteration 1590, time: 1147.223445892334
Starting label LEVI, seed 63, iteration 1600, time: 1157.0963757038116
Starting label LEVI, seed 63, iteration 1610, time: 1166.98970079422
Starting label LEVI, seed 63, iteration 1620, time: 1176.8856658935547
Starting label LEVI, seed 63, iteration 1630, time: 1186.9447932243347
Starting label LEVI, seed 63, iteration 1640, time: 1197.2056376934052
Starting label LEVI, seed 63, iteration 1650, time: 1206.5794994831085
Starting label LEVI, seed 63, iteration 1660, time: 1215.7663733959198
Starting label LEVI, seed 63, iteration 1670, time: 1225.1202414035797
Starting label LEVI, seed 63, iteration 1680, time: 1235.4167959690094
Starting label LEVI, seed 63, iteration 1690, time: 1244.884062051773
Starting label LEVI, seed 63, iteration 1700, time: 1254.248323917389
Starting label LEVI, seed 63, iteration 1710, time: 1263.2457489967346
Starting label LEVI, seed 63, iteration 1720, time: 1273.6172335147858
submitit WARNING (2022-10-02 01:49:22,441) - Bypassing signal SIGCONT
submitit WARNING (2022-10-02 01:49:22,475) - Bypassing signal SIGTERM
Starting label LEVI, seed 63, iteration 1730, time: 1284.0871081352234
Starting label LEVI, seed 63, iteration 1740, time: 1293.978630065918
Starting label LEVI, seed 63, iteration 1750, time: 1303.8221247196198
