submitit INFO (2022-10-02 13:27:41,699) - Starting with JobEnvironment(job_id=884571_5, hostname=campbell-compute-01.mae.cornell.edu, local_rank=0(1), node=0(1), global_rank=0(1))
submitit INFO (2022-10-02 13:27:41,699) - Loading pickle: /home/gid-cakmaks/contextual_rs/experiments/wsc_experiments/logs/884571_5/884571_5_submitted.pkl
Appending iterations to existing output!Warning: If parameters other than `iterations` have been changed, this will corrupt the output!
Starting label LEVI, seed 55, iteration 500, time: 307.86432099342346
Starting label LEVI, seed 55, iteration 510, time: 315.0652961730957
Starting label LEVI, seed 55, iteration 520, time: 321.58351731300354
Starting label LEVI, seed 55, iteration 530, time: 328.2473497390747
Starting label LEVI, seed 55, iteration 540, time: 334.8756082057953
Starting label LEVI, seed 55, iteration 550, time: 341.4736382961273
Starting label LEVI, seed 55, iteration 560, time: 348.09260869026184
Starting label LEVI, seed 55, iteration 570, time: 354.7405514717102
Starting label LEVI, seed 55, iteration 580, time: 361.3502550125122
Starting label LEVI, seed 55, iteration 590, time: 367.97863960266113
Starting label LEVI, seed 55, iteration 600, time: 374.7114942073822
Starting label LEVI, seed 55, iteration 610, time: 381.68098616600037
Starting label LEVI, seed 55, iteration 620, time: 388.6402757167816
Starting label LEVI, seed 55, iteration 630, time: 395.35291814804077
Starting label LEVI, seed 55, iteration 640, time: 401.7992651462555
Starting label LEVI, seed 55, iteration 650, time: 408.3051815032959
Starting label LEVI, seed 55, iteration 660, time: 414.94888377189636
Starting label LEVI, seed 55, iteration 670, time: 421.64857244491577
Starting label LEVI, seed 55, iteration 680, time: 428.4505624771118
Starting label LEVI, seed 55, iteration 690, time: 435.18229818344116
Starting label LEVI, seed 55, iteration 700, time: 441.8218426704407
Starting label LEVI, seed 55, iteration 710, time: 448.8952512741089
Starting label LEVI, seed 55, iteration 720, time: 456.09750270843506
Starting label LEVI, seed 55, iteration 730, time: 463.3087022304535
Starting label LEVI, seed 55, iteration 740, time: 470.7624099254608
Starting label LEVI, seed 55, iteration 750, time: 478.11549496650696
Starting label LEVI, seed 55, iteration 760, time: 485.59574007987976
Starting label LEVI, seed 55, iteration 770, time: 493.03686809539795
Starting label LEVI, seed 55, iteration 780, time: 500.3097846508026
Starting label LEVI, seed 55, iteration 790, time: 507.3514745235443
Starting label LEVI, seed 55, iteration 800, time: 514.3505616188049
Starting label LEVI, seed 55, iteration 810, time: 521.5457291603088
Starting label LEVI, seed 55, iteration 820, time: 528.5113668441772
Starting label LEVI, seed 55, iteration 830, time: 535.6208503246307
Starting label LEVI, seed 55, iteration 840, time: 542.7878885269165
Starting label LEVI, seed 55, iteration 850, time: 550.5031986236572
Starting label LEVI, seed 55, iteration 860, time: 558.6212854385376
Starting label LEVI, seed 55, iteration 870, time: 566.3226816654205
Starting label LEVI, seed 55, iteration 880, time: 574.0430200099945
Starting label LEVI, seed 55, iteration 890, time: 581.5290944576263
Starting label LEVI, seed 55, iteration 900, time: 588.9619970321655
Starting label LEVI, seed 55, iteration 910, time: 596.3883848190308
Starting label LEVI, seed 55, iteration 920, time: 604.0562636852264
Starting label LEVI, seed 55, iteration 930, time: 611.6485562324524
Starting label LEVI, seed 55, iteration 940, time: 619.6352202892303
Starting label LEVI, seed 55, iteration 950, time: 627.0356938838959
Starting label LEVI, seed 55, iteration 960, time: 634.4527578353882
Starting label LEVI, seed 55, iteration 970, time: 642.0321180820465
Starting label LEVI, seed 55, iteration 980, time: 649.5456156730652
Starting label LEVI, seed 55, iteration 990, time: 656.7922847270966
Starting label LEVI, seed 55, iteration 1000, time: 663.7894124984741
Starting label LEVI, seed 55, iteration 1010, time: 670.8104677200317
Starting label LEVI, seed 55, iteration 1020, time: 677.819075345993
Starting label LEVI, seed 55, iteration 1030, time: 685.0874354839325
Starting label LEVI, seed 55, iteration 1040, time: 692.1223323345184
Starting label LEVI, seed 55, iteration 1050, time: 699.048947095871
Starting label LEVI, seed 55, iteration 1060, time: 706.0700488090515
Starting label LEVI, seed 55, iteration 1070, time: 713.2335135936737
Starting label LEVI, seed 55, iteration 1080, time: 720.0433523654938
Starting label LEVI, seed 55, iteration 1090, time: 727.4175164699554
Starting label LEVI, seed 55, iteration 1100, time: 734.7820408344269
Starting label LEVI, seed 55, iteration 1110, time: 742.3156187534332
Starting label LEVI, seed 55, iteration 1120, time: 749.796571969986
Starting label LEVI, seed 55, iteration 1130, time: 757.2027115821838
Starting label LEVI, seed 55, iteration 1140, time: 764.4955947399139
Starting label LEVI, seed 55, iteration 1150, time: 771.9256565570831
Starting label LEVI, seed 55, iteration 1160, time: 779.2804033756256
Starting label LEVI, seed 55, iteration 1170, time: 786.3807785511017
Starting label LEVI, seed 55, iteration 1180, time: 793.6190099716187
Starting label LEVI, seed 55, iteration 1190, time: 801.3852996826172
Starting label LEVI, seed 55, iteration 1200, time: 808.5012884140015
Starting label LEVI, seed 55, iteration 1210, time: 816.3772962093353
Starting label LEVI, seed 55, iteration 1220, time: 823.6154453754425
Starting label LEVI, seed 55, iteration 1230, time: 831.2781534194946
Starting label LEVI, seed 55, iteration 1240, time: 838.6075510978699
Starting label LEVI, seed 55, iteration 1250, time: 846.3018608093262
Starting label LEVI, seed 55, iteration 1260, time: 854.367369890213
Starting label LEVI, seed 55, iteration 1270, time: 862.2734181880951
Starting label LEVI, seed 55, iteration 1280, time: 869.6757962703705
Starting label LEVI, seed 55, iteration 1290, time: 877.4934597015381
Starting label LEVI, seed 55, iteration 1300, time: 884.791256904602
Starting label LEVI, seed 55, iteration 1310, time: 892.1603465080261
Starting label LEVI, seed 55, iteration 1320, time: 899.9730513095856
Starting label LEVI, seed 55, iteration 1330, time: 908.1584753990173
Starting label LEVI, seed 55, iteration 1340, time: 916.289627790451
Starting label LEVI, seed 55, iteration 1350, time: 924.2655642032623
Starting label LEVI, seed 55, iteration 1360, time: 932.3248572349548
Starting label LEVI, seed 55, iteration 1370, time: 940.7121477127075
Starting label LEVI, seed 55, iteration 1380, time: 948.7837288379669
Starting label LEVI, seed 55, iteration 1390, time: 957.1779708862305
Starting label LEVI, seed 55, iteration 1400, time: 965.1682114601135
Starting label LEVI, seed 55, iteration 1410, time: 973.0346698760986
Starting label LEVI, seed 55, iteration 1420, time: 981.5701501369476
Starting label LEVI, seed 55, iteration 1430, time: 990.0588240623474
Starting label LEVI, seed 55, iteration 1440, time: 998.527783870697
Starting label LEVI, seed 55, iteration 1450, time: 1007.2167892456055
Starting label LEVI, seed 55, iteration 1460, time: 1016.0698533058167
Starting label LEVI, seed 55, iteration 1470, time: 1024.6377654075623
Starting label LEVI, seed 55, iteration 1480, time: 1033.145872592926
Starting label LEVI, seed 55, iteration 1490, time: 1040.9263150691986
Starting label LEVI, seed 55, iteration 1500, time: 1049.6608452796936
Starting label LEVI, seed 55, iteration 1510, time: 1058.315209388733
Starting label LEVI, seed 55, iteration 1520, time: 1066.6856310367584
Starting label LEVI, seed 55, iteration 1530, time: 1075.4352316856384
Starting label LEVI, seed 55, iteration 1540, time: 1084.5378284454346
Starting label LEVI, seed 55, iteration 1550, time: 1093.719075202942
Starting label LEVI, seed 55, iteration 1560, time: 1103.0262768268585
Starting label LEVI, seed 55, iteration 1570, time: 1112.3055839538574
Starting label LEVI, seed 55, iteration 1580, time: 1120.9956731796265
Starting label LEVI, seed 55, iteration 1590, time: 1129.9938271045685
Starting label LEVI, seed 55, iteration 1600, time: 1139.5863418579102
Starting label LEVI, seed 55, iteration 1610, time: 1149.2987923622131
Starting label LEVI, seed 55, iteration 1620, time: 1158.7628219127655
Starting label LEVI, seed 55, iteration 1630, time: 1168.840726852417
Starting label LEVI, seed 55, iteration 1640, time: 1178.1052639484406
Starting label LEVI, seed 55, iteration 1650, time: 1187.2778878211975
Starting label LEVI, seed 55, iteration 1660, time: 1197.2938313484192
Starting label LEVI, seed 55, iteration 1670, time: 1206.3142504692078
Starting label LEVI, seed 55, iteration 1680, time: 1215.1205961704254
Starting label LEVI, seed 55, iteration 1690, time: 1224.204879283905
Starting label LEVI, seed 55, iteration 1700, time: 1235.021635055542
Starting label LEVI, seed 55, iteration 1710, time: 1244.9385080337524
Starting label LEVI, seed 55, iteration 1720, time: 1255.3119459152222
Starting label LEVI, seed 55, iteration 1730, time: 1265.8815302848816
Starting label LEVI, seed 55, iteration 1740, time: 1276.03426527977
Starting label LEVI, seed 55, iteration 1750, time: 1286.5176367759705
Starting label LEVI, seed 55, iteration 1760, time: 1297.4420919418335
Starting label LEVI, seed 55, iteration 1770, time: 1308.2467560768127
Starting label LEVI, seed 55, iteration 1780, time: 1319.846474647522
Starting label LEVI, seed 55, iteration 1790, time: 1330.2915642261505
Starting label LEVI, seed 55, iteration 1800, time: 1341.286145210266
Starting label LEVI, seed 55, iteration 1810, time: 1351.4493906497955
Starting label LEVI, seed 55, iteration 1820, time: 1362.2005105018616
Starting label LEVI, seed 55, iteration 1830, time: 1372.7921078205109
Starting label LEVI, seed 55, iteration 1840, time: 1384.2609226703644
Starting label LEVI, seed 55, iteration 1850, time: 1395.6718490123749
Starting label LEVI, seed 55, iteration 1860, time: 1407.0441420078278
Starting label LEVI, seed 55, iteration 1870, time: 1417.7360060214996
Starting label LEVI, seed 55, iteration 1880, time: 1429.6285226345062
Starting label LEVI, seed 55, iteration 1890, time: 1442.2490146160126
Starting label LEVI, seed 55, iteration 1900, time: 1454.2349190711975
Starting label LEVI, seed 55, iteration 1910, time: 1465.46959400177
Starting label LEVI, seed 55, iteration 1920, time: 1476.6339905261993
Starting label LEVI, seed 55, iteration 1930, time: 1487.75093460083
Starting label LEVI, seed 55, iteration 1940, time: 1498.4985692501068
Starting label LEVI, seed 55, iteration 1950, time: 1509.6168596744537
Starting label LEVI, seed 55, iteration 1960, time: 1521.3373339176178
Starting label LEVI, seed 55, iteration 1970, time: 1532.6143355369568
Starting label LEVI, seed 55, iteration 1980, time: 1543.8801519870758
Starting label LEVI, seed 55, iteration 1990, time: 1555.6157495975494
submitit INFO (2022-10-02 13:48:42,634) - Job completed successfully
