submitit INFO (2022-10-02 02:24:37,573) - Starting with JobEnvironment(job_id=883691_1, hostname=nikola-compute-02.cs.cornell.edu, local_rank=0(1), node=0(1), global_rank=0(1))
submitit INFO (2022-10-02 02:24:37,573) - Loading pickle: /home/gid-cakmaks/contextual_rs/experiments/wsc_experiments/logs/883691_1/883691_1_submitted.pkl
Appending iterations to existing output!Warning: If parameters other than `iterations` have been changed, this will corrupt the output!
Starting label LEVI, seed 22, iteration 1690, time: 1593.3818521499634
Starting label LEVI, seed 22, iteration 1700, time: 1615.6673793792725
Starting label LEVI, seed 22, iteration 1710, time: 1634.5743081569672
Starting label LEVI, seed 22, iteration 1720, time: 1654.0202140808105
Starting label LEVI, seed 22, iteration 1730, time: 1671.3376109600067
Starting label LEVI, seed 22, iteration 1740, time: 1686.5374252796173
Starting label LEVI, seed 22, iteration 1750, time: 1701.9845094680786
Starting label LEVI, seed 22, iteration 1760, time: 1722.1324996948242
Starting label LEVI, seed 22, iteration 1770, time: 1740.6251020431519
Starting label LEVI, seed 22, iteration 1780, time: 1763.6464414596558
Starting label LEVI, seed 22, iteration 1790, time: 1779.9515340328217
Starting label LEVI, seed 22, iteration 1800, time: 1799.7008595466614
Starting label LEVI, seed 22, iteration 1810, time: 1821.0583441257477
Starting label LEVI, seed 22, iteration 1820, time: 1838.2485835552216
Starting label LEVI, seed 22, iteration 1830, time: 1857.696533203125
Starting label LEVI, seed 22, iteration 1840, time: 1877.5913228988647
Starting label LEVI, seed 22, iteration 1850, time: 1895.3319869041443
Starting label LEVI, seed 22, iteration 1860, time: 1916.5320115089417
Starting label LEVI, seed 22, iteration 1870, time: 1933.4850664138794
Starting label LEVI, seed 22, iteration 1880, time: 1952.9584710597992
Starting label LEVI, seed 22, iteration 1890, time: 1974.8566899299622
Starting label LEVI, seed 22, iteration 1900, time: 1997.6797251701355
Starting label LEVI, seed 22, iteration 1910, time: 2018.9703147411346
Starting label LEVI, seed 22, iteration 1920, time: 2040.9851696491241
Starting label LEVI, seed 22, iteration 1930, time: 2061.210540294647
Starting label LEVI, seed 22, iteration 1940, time: 2084.3287632465363
Starting label LEVI, seed 22, iteration 1950, time: 2109.689224720001
Starting label LEVI, seed 22, iteration 1960, time: 2134.030701637268
Starting label LEVI, seed 22, iteration 1970, time: 2156.913178920746
Starting label LEVI, seed 22, iteration 1980, time: 2178.454316139221
Starting label LEVI, seed 22, iteration 1990, time: 2205.6081795692444
submitit INFO (2022-10-02 02:35:19,204) - Job completed successfully
