submitit INFO (2022-10-02 13:20:25,425) - Starting with JobEnvironment(job_id=884506_1, hostname=nikola-compute-02.cs.cornell.edu, local_rank=0(1), node=0(1), global_rank=0(1))
submitit INFO (2022-10-02 13:20:25,425) - Loading pickle: /home/gid-cakmaks/contextual_rs/experiments/wsc_experiments/logs/884506_1/884506_1_submitted.pkl
Appending iterations to existing output!Warning: If parameters other than `iterations` have been changed, this will corrupt the output!
Starting label LEVI, seed 3, iteration 850, time: 1563.8918459415436
Starting label LEVI, seed 3, iteration 860, time: 1570.6106209754944
Starting label LEVI, seed 3, iteration 870, time: 1577.285617351532
Starting label LEVI, seed 3, iteration 880, time: 1583.9264273643494
Starting label LEVI, seed 3, iteration 890, time: 1590.3845975399017
Starting label LEVI, seed 3, iteration 900, time: 1596.9320151805878
Starting label LEVI, seed 3, iteration 910, time: 1603.3416092395782
Starting label LEVI, seed 3, iteration 920, time: 1609.7896718978882
Starting label LEVI, seed 3, iteration 930, time: 1616.3098838329315
Starting label LEVI, seed 3, iteration 940, time: 1622.7880806922913
Starting label LEVI, seed 3, iteration 950, time: 1629.353309392929
Starting label LEVI, seed 3, iteration 960, time: 1635.8241381645203
Starting label LEVI, seed 3, iteration 970, time: 1642.5390758514404
Starting label LEVI, seed 3, iteration 980, time: 1649.6128430366516
Starting label LEVI, seed 3, iteration 990, time: 1656.6068229675293
Starting label LEVI, seed 3, iteration 1000, time: 1663.0097527503967
Starting label LEVI, seed 3, iteration 1010, time: 1669.467948436737
Starting label LEVI, seed 3, iteration 1020, time: 1675.9934940338135
Starting label LEVI, seed 3, iteration 1030, time: 1682.5531911849976
Starting label LEVI, seed 3, iteration 1040, time: 1689.0109696388245
Starting label LEVI, seed 3, iteration 1050, time: 1695.7961256504059
Starting label LEVI, seed 3, iteration 1060, time: 1702.502597808838
Starting label LEVI, seed 3, iteration 1070, time: 1709.0341761112213
Starting label LEVI, seed 3, iteration 1080, time: 1715.6812691688538
Starting label LEVI, seed 3, iteration 1090, time: 1722.2464649677277
Starting label LEVI, seed 3, iteration 1100, time: 1728.87393116951
Starting label LEVI, seed 3, iteration 1110, time: 1735.495910167694
Starting label LEVI, seed 3, iteration 1120, time: 1742.0713922977448
Starting label LEVI, seed 3, iteration 1130, time: 1748.8542375564575
Starting label LEVI, seed 3, iteration 1140, time: 1755.7296175956726
Starting label LEVI, seed 3, iteration 1150, time: 1762.752673149109
Starting label LEVI, seed 3, iteration 1160, time: 1769.8963778018951
Starting label LEVI, seed 3, iteration 1170, time: 1776.9483697414398
Starting label LEVI, seed 3, iteration 1180, time: 1784.1064898967743
Starting label LEVI, seed 3, iteration 1190, time: 1790.7855489253998
Starting label LEVI, seed 3, iteration 1200, time: 1797.857774734497
Starting label LEVI, seed 3, iteration 1210, time: 1804.7738513946533
Starting label LEVI, seed 3, iteration 1220, time: 1811.7955198287964
Starting label LEVI, seed 3, iteration 1230, time: 1818.9614350795746
Starting label LEVI, seed 3, iteration 1240, time: 1826.328384399414
Starting label LEVI, seed 3, iteration 1250, time: 1833.6887288093567
Starting label LEVI, seed 3, iteration 1260, time: 1841.1549408435822
Starting label LEVI, seed 3, iteration 1270, time: 1848.465374469757
Starting label LEVI, seed 3, iteration 1280, time: 1855.5072345733643
Starting label LEVI, seed 3, iteration 1290, time: 1862.4929542541504
Starting label LEVI, seed 3, iteration 1300, time: 1869.5063285827637
Starting label LEVI, seed 3, iteration 1310, time: 1876.4922592639923
Starting label LEVI, seed 3, iteration 1320, time: 1883.6944766044617
Starting label LEVI, seed 3, iteration 1330, time: 1890.9369502067566
Starting label LEVI, seed 3, iteration 1340, time: 1898.3107149600983
Starting label LEVI, seed 3, iteration 1350, time: 1905.3445632457733
Starting label LEVI, seed 3, iteration 1360, time: 1912.2463147640228
Starting label LEVI, seed 3, iteration 1370, time: 1919.2037363052368
Starting label LEVI, seed 3, iteration 1380, time: 1926.1262946128845
Starting label LEVI, seed 3, iteration 1390, time: 1932.9259526729584
Starting label LEVI, seed 3, iteration 1400, time: 1939.7214419841766
Starting label LEVI, seed 3, iteration 1410, time: 1946.8483717441559
Starting label LEVI, seed 3, iteration 1420, time: 1953.7370960712433
Starting label LEVI, seed 3, iteration 1430, time: 1960.9068734645844
Starting label LEVI, seed 3, iteration 1440, time: 1968.0009577274323
Starting label LEVI, seed 3, iteration 1450, time: 1975.2839114665985
Starting label LEVI, seed 3, iteration 1460, time: 1982.6826124191284
Starting label LEVI, seed 3, iteration 1470, time: 1989.8302083015442
Starting label LEVI, seed 3, iteration 1480, time: 1996.9983541965485
Starting label LEVI, seed 3, iteration 1490, time: 2004.3302626609802
Starting label LEVI, seed 3, iteration 1500, time: 2011.5061130523682
Starting label LEVI, seed 3, iteration 1510, time: 2018.841450214386
Starting label LEVI, seed 3, iteration 1520, time: 2026.2175710201263
Starting label LEVI, seed 3, iteration 1530, time: 2033.547131538391
Starting label LEVI, seed 3, iteration 1540, time: 2041.0985958576202
Starting label LEVI, seed 3, iteration 1550, time: 2048.6935057640076
Starting label LEVI, seed 3, iteration 1560, time: 2056.257467985153
Starting label LEVI, seed 3, iteration 1570, time: 2063.870108604431
Starting label LEVI, seed 3, iteration 1580, time: 2071.6878790855408
Starting label LEVI, seed 3, iteration 1590, time: 2079.450372695923
Starting label LEVI, seed 3, iteration 1600, time: 2087.064224720001
Starting label LEVI, seed 3, iteration 1610, time: 2094.7289237976074
Starting label LEVI, seed 3, iteration 1620, time: 2102.128195285797
Starting label LEVI, seed 3, iteration 1630, time: 2109.4925816059113
Starting label LEVI, seed 3, iteration 1640, time: 2117.170818090439
Starting label LEVI, seed 3, iteration 1650, time: 2124.931031227112
Starting label LEVI, seed 3, iteration 1660, time: 2132.5377707481384
Starting label LEVI, seed 3, iteration 1670, time: 2140.3019258975983
Starting label LEVI, seed 3, iteration 1680, time: 2147.9860463142395
Starting label LEVI, seed 3, iteration 1690, time: 2155.702849149704
Starting label LEVI, seed 3, iteration 1700, time: 2163.275396347046
Starting label LEVI, seed 3, iteration 1710, time: 2171.157532930374
Starting label LEVI, seed 3, iteration 1720, time: 2179.179983139038
Starting label LEVI, seed 3, iteration 1730, time: 2187.231360912323
Starting label LEVI, seed 3, iteration 1740, time: 2195.0474438667297
Starting label LEVI, seed 3, iteration 1750, time: 2202.697347640991
Starting label LEVI, seed 3, iteration 1760, time: 2210.3418946266174
Starting label LEVI, seed 3, iteration 1770, time: 2218.1920108795166
Starting label LEVI, seed 3, iteration 1780, time: 2226.029719352722
Starting label LEVI, seed 3, iteration 1790, time: 2233.7895579338074
Starting label LEVI, seed 3, iteration 1800, time: 2241.469481945038
Starting label LEVI, seed 3, iteration 1810, time: 2249.0702929496765
Starting label LEVI, seed 3, iteration 1820, time: 2256.816114425659
Starting label LEVI, seed 3, iteration 1830, time: 2264.3748037815094
Starting label LEVI, seed 3, iteration 1840, time: 2272.0134603977203
Starting label LEVI, seed 3, iteration 1850, time: 2279.872180223465
Starting label LEVI, seed 3, iteration 1860, time: 2287.6643166542053
Starting label LEVI, seed 3, iteration 1870, time: 2295.3100469112396
Starting label LEVI, seed 3, iteration 1880, time: 2303.1057772636414
Starting label LEVI, seed 3, iteration 1890, time: 2310.8359637260437
Starting label LEVI, seed 3, iteration 1900, time: 2318.7805514335632
Starting label LEVI, seed 3, iteration 1910, time: 2326.801401615143
Starting label LEVI, seed 3, iteration 1920, time: 2334.987594604492
Starting label LEVI, seed 3, iteration 1930, time: 2343.871846675873
Starting label LEVI, seed 3, iteration 1940, time: 2351.977568626404
Starting label LEVI, seed 3, iteration 1950, time: 2360.148429632187
Starting label LEVI, seed 3, iteration 1960, time: 2368.381122112274
Starting label LEVI, seed 3, iteration 1970, time: 2376.507364988327
Starting label LEVI, seed 3, iteration 1980, time: 2384.440559864044
Starting label LEVI, seed 3, iteration 1990, time: 2392.2722058296204
submitit INFO (2022-10-02 13:34:24,378) - Job completed successfully
