submitit INFO (2022-10-02 00:56:46,194) - Starting with JobEnvironment(job_id=883367_9, hostname=rush-compute-01.tech.cornell.edu, local_rank=0(1), node=0(1), global_rank=0(1))
submitit INFO (2022-10-02 00:56:46,194) - Loading pickle: /home/gid-cakmaks/contextual_rs/experiments/wsc_experiments/logs/883367_9/883367_9_submitted.pkl
Starting label LEVI, seed 49, iteration 0, time: 0.027377843856811523
Starting label LEVI, seed 49, iteration 10, time: 2.4148430824279785
Starting label LEVI, seed 49, iteration 20, time: 13.301389217376709
Starting label LEVI, seed 49, iteration 30, time: 16.01085138320923
Starting label LEVI, seed 49, iteration 40, time: 18.74297785758972
Starting label LEVI, seed 49, iteration 50, time: 21.50372624397278
Starting label LEVI, seed 49, iteration 60, time: 24.41515040397644
Starting label LEVI, seed 49, iteration 70, time: 27.209795236587524
Starting label LEVI, seed 49, iteration 80, time: 30.034845113754272
Starting label LEVI, seed 49, iteration 90, time: 32.82674551010132
Starting label LEVI, seed 49, iteration 100, time: 35.686009883880615
Starting label LEVI, seed 49, iteration 110, time: 38.56544542312622
Starting label LEVI, seed 49, iteration 120, time: 41.46354031562805
Starting label LEVI, seed 49, iteration 130, time: 44.28143048286438
Starting label LEVI, seed 49, iteration 140, time: 47.20435428619385
Starting label LEVI, seed 49, iteration 150, time: 49.94116568565369
Starting label LEVI, seed 49, iteration 160, time: 52.81986355781555
Starting label LEVI, seed 49, iteration 170, time: 55.64991879463196
Starting label LEVI, seed 49, iteration 180, time: 58.615118741989136
Starting label LEVI, seed 49, iteration 190, time: 63.42174983024597
Starting label LEVI, seed 49, iteration 200, time: 67.71986031532288
Starting label LEVI, seed 49, iteration 210, time: 74.06715202331543
Starting label LEVI, seed 49, iteration 220, time: 78.41075348854065
Starting label LEVI, seed 49, iteration 230, time: 82.63545966148376
Starting label LEVI, seed 49, iteration 240, time: 87.88230228424072
Starting label LEVI, seed 49, iteration 250, time: 91.2974865436554
Starting label LEVI, seed 49, iteration 260, time: 94.93617105484009
Starting label LEVI, seed 49, iteration 270, time: 98.60015058517456
Starting label LEVI, seed 49, iteration 280, time: 102.30906558036804
Starting label LEVI, seed 49, iteration 290, time: 106.1254711151123
Starting label LEVI, seed 49, iteration 300, time: 109.66451287269592
Starting label LEVI, seed 49, iteration 310, time: 113.35216331481934
Starting label LEVI, seed 49, iteration 320, time: 116.9535551071167
Starting label LEVI, seed 49, iteration 330, time: 120.5235047340393
Starting label LEVI, seed 49, iteration 340, time: 124.12426590919495
Starting label LEVI, seed 49, iteration 350, time: 127.80247092247009
Starting label LEVI, seed 49, iteration 360, time: 131.38889741897583
Starting label LEVI, seed 49, iteration 370, time: 134.96359968185425
Starting label LEVI, seed 49, iteration 380, time: 138.35969924926758
Starting label LEVI, seed 49, iteration 390, time: 141.96878790855408
Starting label LEVI, seed 49, iteration 400, time: 145.71224737167358
Starting label LEVI, seed 49, iteration 410, time: 149.38653826713562
Starting label LEVI, seed 49, iteration 420, time: 153.13021683692932
Starting label LEVI, seed 49, iteration 430, time: 156.84515810012817
Starting label LEVI, seed 49, iteration 440, time: 160.56177139282227
Starting label LEVI, seed 49, iteration 450, time: 164.40869855880737
Starting label LEVI, seed 49, iteration 460, time: 168.3079879283905
Starting label LEVI, seed 49, iteration 470, time: 172.48768734931946
Starting label LEVI, seed 49, iteration 480, time: 176.4367971420288
Starting label LEVI, seed 49, iteration 490, time: 180.35259294509888
Starting label LEVI, seed 49, iteration 500, time: 184.22907376289368
Starting label LEVI, seed 49, iteration 510, time: 188.77618980407715
Starting label LEVI, seed 49, iteration 520, time: 193.82843327522278
Starting label LEVI, seed 49, iteration 530, time: 199.49055099487305
Starting label LEVI, seed 49, iteration 540, time: 205.2778172492981
Starting label LEVI, seed 49, iteration 550, time: 210.74853110313416
Starting label LEVI, seed 49, iteration 560, time: 216.25836992263794
Starting label LEVI, seed 49, iteration 570, time: 221.48997473716736
Starting label LEVI, seed 49, iteration 580, time: 226.27388334274292
Starting label LEVI, seed 49, iteration 590, time: 231.87159514427185
Starting label LEVI, seed 49, iteration 600, time: 237.59280037879944
Starting label LEVI, seed 49, iteration 610, time: 242.36811661720276
Starting label LEVI, seed 49, iteration 620, time: 248.4134693145752
Starting label LEVI, seed 49, iteration 630, time: 255.48584127426147
Starting label LEVI, seed 49, iteration 640, time: 261.13148307800293
Starting label LEVI, seed 49, iteration 650, time: 268.9231605529785
Starting label LEVI, seed 49, iteration 660, time: 276.0213088989258
Starting label LEVI, seed 49, iteration 670, time: 282.5630488395691
Starting label LEVI, seed 49, iteration 680, time: 289.06800985336304
Starting label LEVI, seed 49, iteration 690, time: 295.53331303596497
Starting label LEVI, seed 49, iteration 700, time: 302.4411759376526
Starting label LEVI, seed 49, iteration 710, time: 308.8209795951843
Starting label LEVI, seed 49, iteration 720, time: 316.1631462574005
Starting label LEVI, seed 49, iteration 730, time: 323.458212852478
Starting label LEVI, seed 49, iteration 740, time: 330.8510711193085
Starting label LEVI, seed 49, iteration 750, time: 338.82262563705444
Starting label LEVI, seed 49, iteration 760, time: 344.8895125389099
Starting label LEVI, seed 49, iteration 770, time: 351.205917596817
Starting label LEVI, seed 49, iteration 780, time: 358.1039798259735
Starting label LEVI, seed 49, iteration 790, time: 364.29810547828674
Starting label LEVI, seed 49, iteration 800, time: 372.17173433303833
Starting label LEVI, seed 49, iteration 810, time: 379.8170530796051
Starting label LEVI, seed 49, iteration 820, time: 387.3530731201172
Starting label LEVI, seed 49, iteration 830, time: 395.02553486824036
Starting label LEVI, seed 49, iteration 840, time: 401.8003497123718
Starting label LEVI, seed 49, iteration 850, time: 408.0067949295044
Starting label LEVI, seed 49, iteration 860, time: 414.4333679676056
Starting label LEVI, seed 49, iteration 870, time: 420.8603296279907
Starting label LEVI, seed 49, iteration 880, time: 427.45843267440796
Starting label LEVI, seed 49, iteration 890, time: 435.8480625152588
Starting label LEVI, seed 49, iteration 900, time: 443.77187991142273
Starting label LEVI, seed 49, iteration 910, time: 452.06463742256165
Starting label LEVI, seed 49, iteration 920, time: 460.22356128692627
Starting label LEVI, seed 49, iteration 930, time: 468.26609086990356
Starting label LEVI, seed 49, iteration 940, time: 475.504025220871
Starting label LEVI, seed 49, iteration 950, time: 483.24026465415955
Starting label LEVI, seed 49, iteration 960, time: 490.92858362197876
Starting label LEVI, seed 49, iteration 970, time: 498.69602036476135
Starting label LEVI, seed 49, iteration 980, time: 506.1573350429535
Starting label LEVI, seed 49, iteration 990, time: 513.457546710968
Starting label LEVI, seed 49, iteration 1000, time: 520.6171791553497
Starting label LEVI, seed 49, iteration 1010, time: 527.7334198951721
Starting label LEVI, seed 49, iteration 1020, time: 535.7910981178284
Starting label LEVI, seed 49, iteration 1030, time: 543.814935207367
Starting label LEVI, seed 49, iteration 1040, time: 551.7486093044281
Starting label LEVI, seed 49, iteration 1050, time: 559.2289791107178
Starting label LEVI, seed 49, iteration 1060, time: 566.7751398086548
Starting label LEVI, seed 49, iteration 1070, time: 573.5816307067871
Starting label LEVI, seed 49, iteration 1080, time: 580.9238822460175
Starting label LEVI, seed 49, iteration 1090, time: 588.7720274925232
Starting label LEVI, seed 49, iteration 1100, time: 597.3033909797668
Starting label LEVI, seed 49, iteration 1110, time: 606.0598726272583
Starting label LEVI, seed 49, iteration 1120, time: 614.5108666419983
Starting label LEVI, seed 49, iteration 1130, time: 623.4844489097595
Starting label LEVI, seed 49, iteration 1140, time: 632.3664844036102
Starting label LEVI, seed 49, iteration 1150, time: 641.1607856750488
Starting label LEVI, seed 49, iteration 1160, time: 650.4874448776245
Starting label LEVI, seed 49, iteration 1170, time: 660.5432260036469
Starting label LEVI, seed 49, iteration 1180, time: 670.4985947608948
Starting label LEVI, seed 49, iteration 1190, time: 680.016847372055
Starting label LEVI, seed 49, iteration 1200, time: 688.3577334880829
Starting label LEVI, seed 49, iteration 1210, time: 696.7263281345367
Starting label LEVI, seed 49, iteration 1220, time: 704.8934140205383
Starting label LEVI, seed 49, iteration 1230, time: 712.713711977005
Starting label LEVI, seed 49, iteration 1240, time: 721.9666774272919
Starting label LEVI, seed 49, iteration 1250, time: 732.2080256938934
Starting label LEVI, seed 49, iteration 1260, time: 742.4542882442474
Starting label LEVI, seed 49, iteration 1270, time: 753.4302077293396
Starting label LEVI, seed 49, iteration 1280, time: 764.1358368396759
Starting label LEVI, seed 49, iteration 1290, time: 775.2756962776184
Starting label LEVI, seed 49, iteration 1300, time: 786.0358874797821
Starting label LEVI, seed 49, iteration 1310, time: 797.1488227844238
Starting label LEVI, seed 49, iteration 1320, time: 807.6817138195038
Starting label LEVI, seed 49, iteration 1330, time: 818.7540998458862
Starting label LEVI, seed 49, iteration 1340, time: 828.2091822624207
Starting label LEVI, seed 49, iteration 1350, time: 838.9127621650696
Starting label LEVI, seed 49, iteration 1360, time: 851.1485047340393
Starting label LEVI, seed 49, iteration 1370, time: 862.6310594081879
Starting label LEVI, seed 49, iteration 1380, time: 874.5387589931488
Starting label LEVI, seed 49, iteration 1390, time: 884.8139162063599
Starting label LEVI, seed 49, iteration 1400, time: 897.9229941368103
Starting label LEVI, seed 49, iteration 1410, time: 909.3795566558838
Starting label LEVI, seed 49, iteration 1420, time: 921.2384624481201
Starting label LEVI, seed 49, iteration 1430, time: 935.4166307449341
Starting label LEVI, seed 49, iteration 1440, time: 947.6317834854126
Starting label LEVI, seed 49, iteration 1450, time: 958.732164144516
Starting label LEVI, seed 49, iteration 1460, time: 971.8203432559967
Starting label LEVI, seed 49, iteration 1470, time: 985.4747252464294
Starting label LEVI, seed 49, iteration 1480, time: 997.4321286678314
Starting label LEVI, seed 49, iteration 1490, time: 1010.0212516784668
Starting label LEVI, seed 49, iteration 1500, time: 1022.5984280109406
Starting label LEVI, seed 49, iteration 1510, time: 1038.7801280021667
Starting label LEVI, seed 49, iteration 1520, time: 1053.4246077537537
Starting label LEVI, seed 49, iteration 1530, time: 1068.5403249263763
Starting label LEVI, seed 49, iteration 1540, time: 1082.1406555175781
Starting label LEVI, seed 49, iteration 1550, time: 1098.8106360435486
Starting label LEVI, seed 49, iteration 1560, time: 1115.5732707977295
Starting label LEVI, seed 49, iteration 1570, time: 1131.7305676937103
Starting label LEVI, seed 49, iteration 1580, time: 1145.784390449524
Starting label LEVI, seed 49, iteration 1590, time: 1162.5231890678406
Starting label LEVI, seed 49, iteration 1600, time: 1176.8523843288422
Starting label LEVI, seed 49, iteration 1610, time: 1190.8938202857971
Starting label LEVI, seed 49, iteration 1620, time: 1208.529938697815
Starting label LEVI, seed 49, iteration 1630, time: 1224.2064628601074
Starting label LEVI, seed 49, iteration 1640, time: 1239.3258340358734
Starting label LEVI, seed 49, iteration 1650, time: 1256.5899794101715
Starting label LEVI, seed 49, iteration 1660, time: 1273.6990435123444
Starting label LEVI, seed 49, iteration 1670, time: 1295.1254668235779
Starting label LEVI, seed 49, iteration 1680, time: 1312.824776172638
Starting label LEVI, seed 49, iteration 1690, time: 1330.6372363567352
Starting label LEVI, seed 49, iteration 1700, time: 1351.3160772323608
Starting label LEVI, seed 49, iteration 1710, time: 1372.52658700943
Starting label LEVI, seed 49, iteration 1720, time: 1393.9089319705963
Starting label LEVI, seed 49, iteration 1730, time: 1412.0787270069122
Starting label LEVI, seed 49, iteration 1740, time: 1431.8195145130157
Starting label LEVI, seed 49, iteration 1750, time: 1458.8110024929047
Starting label LEVI, seed 49, iteration 1760, time: 1481.7934739589691
Starting label LEVI, seed 49, iteration 1770, time: 1501.8517928123474
Starting label LEVI, seed 49, iteration 1780, time: 1518.6475336551666
Starting label LEVI, seed 49, iteration 1790, time: 1539.4656171798706
submitit WARNING (2022-10-02 01:22:36,149) - Bypassing signal SIGCONT
submitit WARNING (2022-10-02 01:22:36,166) - Bypassing signal SIGTERM
Starting label LEVI, seed 49, iteration 1800, time: 1559.8546521663666
