submitit INFO (2022-10-02 00:42:40,219) - Starting with JobEnvironment(job_id=883292_2, hostname=badfellow.cs.cornell.edu, local_rank=0(1), node=0(1), global_rank=0(1))
submitit INFO (2022-10-02 00:42:40,220) - Loading pickle: /home/gid-cakmaks/contextual_rs/experiments/wsc_experiments/logs/883292_2/883292_2_submitted.pkl
Starting label LEVI, seed 62, iteration 0, time: 0.0004401206970214844
Starting label LEVI, seed 62, iteration 10, time: 6.016377210617065
Starting label LEVI, seed 62, iteration 20, time: 7.6182098388671875
Starting label LEVI, seed 62, iteration 30, time: 9.241390705108643
Starting label LEVI, seed 62, iteration 40, time: 10.824025630950928
Starting label LEVI, seed 62, iteration 50, time: 12.422929763793945
Starting label LEVI, seed 62, iteration 60, time: 14.072671890258789
Starting label LEVI, seed 62, iteration 70, time: 15.71432638168335
Starting label LEVI, seed 62, iteration 80, time: 17.34938335418701
Starting label LEVI, seed 62, iteration 90, time: 18.966923475265503
Starting label LEVI, seed 62, iteration 100, time: 20.59062933921814
Starting label LEVI, seed 62, iteration 110, time: 22.171189546585083
Starting label LEVI, seed 62, iteration 120, time: 23.75967526435852
Starting label LEVI, seed 62, iteration 130, time: 25.386932611465454
Starting label LEVI, seed 62, iteration 140, time: 27.06488037109375
Starting label LEVI, seed 62, iteration 150, time: 28.66988444328308
Starting label LEVI, seed 62, iteration 160, time: 30.28651475906372
Starting label LEVI, seed 62, iteration 170, time: 31.903777837753296
Starting label LEVI, seed 62, iteration 180, time: 33.572171688079834
Starting label LEVI, seed 62, iteration 190, time: 35.15965795516968
Starting label LEVI, seed 62, iteration 200, time: 37.50150680541992
Starting label LEVI, seed 62, iteration 210, time: 39.823846101760864
Starting label LEVI, seed 62, iteration 220, time: 42.35640239715576
Starting label LEVI, seed 62, iteration 230, time: 44.95373582839966
Starting label LEVI, seed 62, iteration 240, time: 47.231276750564575
Starting label LEVI, seed 62, iteration 250, time: 49.27409386634827
Starting label LEVI, seed 62, iteration 260, time: 51.72849082946777
Starting label LEVI, seed 62, iteration 270, time: 53.900861501693726
Starting label LEVI, seed 62, iteration 280, time: 55.72091484069824
Starting label LEVI, seed 62, iteration 290, time: 57.62150764465332
Starting label LEVI, seed 62, iteration 300, time: 60.073376178741455
Starting label LEVI, seed 62, iteration 310, time: 62.33785843849182
Starting label LEVI, seed 62, iteration 320, time: 64.27848505973816
Starting label LEVI, seed 62, iteration 330, time: 66.0162878036499
Starting label LEVI, seed 62, iteration 340, time: 67.69763660430908
Starting label LEVI, seed 62, iteration 350, time: 69.39194583892822
Starting label LEVI, seed 62, iteration 360, time: 71.12065172195435
Starting label LEVI, seed 62, iteration 370, time: 72.87704801559448
Starting label LEVI, seed 62, iteration 380, time: 74.60929822921753
Starting label LEVI, seed 62, iteration 390, time: 76.43268847465515
Starting label LEVI, seed 62, iteration 400, time: 78.25953197479248
Starting label LEVI, seed 62, iteration 410, time: 80.0646562576294
Starting label LEVI, seed 62, iteration 420, time: 81.85739302635193
Starting label LEVI, seed 62, iteration 430, time: 83.69486808776855
Starting label LEVI, seed 62, iteration 440, time: 85.54136085510254
Starting label LEVI, seed 62, iteration 450, time: 87.4561755657196
Starting label LEVI, seed 62, iteration 460, time: 89.32685375213623
Starting label LEVI, seed 62, iteration 470, time: 91.20389366149902
Starting label LEVI, seed 62, iteration 480, time: 93.15869736671448
Starting label LEVI, seed 62, iteration 490, time: 95.05585813522339
Starting label LEVI, seed 62, iteration 500, time: 96.95882844924927
Starting label LEVI, seed 62, iteration 510, time: 98.8500714302063
Starting label LEVI, seed 62, iteration 520, time: 100.77677154541016
Starting label LEVI, seed 62, iteration 530, time: 102.751540184021
Starting label LEVI, seed 62, iteration 540, time: 105.49278020858765
Starting label LEVI, seed 62, iteration 550, time: 108.38871502876282
Starting label LEVI, seed 62, iteration 560, time: 110.92047190666199
Starting label LEVI, seed 62, iteration 570, time: 113.06748461723328
Starting label LEVI, seed 62, iteration 580, time: 115.48351240158081
Starting label LEVI, seed 62, iteration 590, time: 118.35489463806152
Starting label LEVI, seed 62, iteration 600, time: 120.72351717948914
Starting label LEVI, seed 62, iteration 610, time: 123.05437922477722
Starting label LEVI, seed 62, iteration 620, time: 125.60590934753418
Starting label LEVI, seed 62, iteration 630, time: 128.38600707054138
Starting label LEVI, seed 62, iteration 640, time: 130.60734248161316
Starting label LEVI, seed 62, iteration 650, time: 133.3437373638153
Starting label LEVI, seed 62, iteration 660, time: 136.60097861289978
Starting label LEVI, seed 62, iteration 670, time: 139.5072295665741
Starting label LEVI, seed 62, iteration 680, time: 142.43309116363525
Starting label LEVI, seed 62, iteration 690, time: 144.84181904792786
Starting label LEVI, seed 62, iteration 700, time: 147.81788420677185
Starting label LEVI, seed 62, iteration 710, time: 150.44527077674866
Starting label LEVI, seed 62, iteration 720, time: 153.17948961257935
Starting label LEVI, seed 62, iteration 730, time: 155.894428730011
Starting label LEVI, seed 62, iteration 740, time: 159.03973078727722
Starting label LEVI, seed 62, iteration 750, time: 161.90403842926025
Starting label LEVI, seed 62, iteration 760, time: 164.8050525188446
Starting label LEVI, seed 62, iteration 770, time: 167.78426146507263
Starting label LEVI, seed 62, iteration 780, time: 170.29891300201416
Starting label LEVI, seed 62, iteration 790, time: 173.32909631729126
Starting label LEVI, seed 62, iteration 800, time: 176.72150111198425
Starting label LEVI, seed 62, iteration 810, time: 179.7446174621582
Starting label LEVI, seed 62, iteration 820, time: 182.55277633666992
Starting label LEVI, seed 62, iteration 830, time: 185.41912722587585
Starting label LEVI, seed 62, iteration 840, time: 188.35912775993347
Starting label LEVI, seed 62, iteration 850, time: 191.4336495399475
Starting label LEVI, seed 62, iteration 860, time: 194.68569469451904
Starting label LEVI, seed 62, iteration 870, time: 197.82100772857666
Starting label LEVI, seed 62, iteration 880, time: 200.55680441856384
Starting label LEVI, seed 62, iteration 890, time: 203.63671851158142
Starting label LEVI, seed 62, iteration 900, time: 206.57711338996887
Starting label LEVI, seed 62, iteration 910, time: 210.3324363231659
Starting label LEVI, seed 62, iteration 920, time: 213.60308861732483
Starting label LEVI, seed 62, iteration 930, time: 216.63481068611145
Starting label LEVI, seed 62, iteration 940, time: 220.02637767791748
Starting label LEVI, seed 62, iteration 950, time: 223.25780153274536
Starting label LEVI, seed 62, iteration 960, time: 226.51085305213928
Starting label LEVI, seed 62, iteration 970, time: 230.34857654571533
Starting label LEVI, seed 62, iteration 980, time: 234.0773799419403
Starting label LEVI, seed 62, iteration 990, time: 236.9652214050293
Starting label LEVI, seed 62, iteration 1000, time: 239.9211220741272
Starting label LEVI, seed 62, iteration 1010, time: 242.76331329345703
Starting label LEVI, seed 62, iteration 1020, time: 245.88916611671448
Starting label LEVI, seed 62, iteration 1030, time: 248.91425490379333
Starting label LEVI, seed 62, iteration 1040, time: 251.9348065853119
Starting label LEVI, seed 62, iteration 1050, time: 255.38373112678528
Starting label LEVI, seed 62, iteration 1060, time: 258.504677772522
Starting label LEVI, seed 62, iteration 1070, time: 261.5987358093262
Starting label LEVI, seed 62, iteration 1080, time: 265.1140847206116
Starting label LEVI, seed 62, iteration 1090, time: 268.65476155281067
Starting label LEVI, seed 62, iteration 1100, time: 271.9218940734863
Starting label LEVI, seed 62, iteration 1110, time: 274.683278799057
Starting label LEVI, seed 62, iteration 1120, time: 277.71728706359863
Starting label LEVI, seed 62, iteration 1130, time: 281.2235884666443
Starting label LEVI, seed 62, iteration 1140, time: 284.4764473438263
Starting label LEVI, seed 62, iteration 1150, time: 288.3353343009949
Starting label LEVI, seed 62, iteration 1160, time: 291.7404110431671
Starting label LEVI, seed 62, iteration 1170, time: 295.6001627445221
Starting label LEVI, seed 62, iteration 1180, time: 298.9619233608246
Starting label LEVI, seed 62, iteration 1190, time: 302.25331568717957
Starting label LEVI, seed 62, iteration 1200, time: 305.75361609458923
Starting label LEVI, seed 62, iteration 1210, time: 309.3376979827881
Starting label LEVI, seed 62, iteration 1220, time: 312.8976299762726
Starting label LEVI, seed 62, iteration 1230, time: 316.1798493862152
Starting label LEVI, seed 62, iteration 1240, time: 319.629700422287
Starting label LEVI, seed 62, iteration 1250, time: 323.4700918197632
Starting label LEVI, seed 62, iteration 1260, time: 326.36567544937134
Starting label LEVI, seed 62, iteration 1270, time: 330.28485655784607
Starting label LEVI, seed 62, iteration 1280, time: 334.0818350315094
Starting label LEVI, seed 62, iteration 1290, time: 338.0169916152954
Starting label LEVI, seed 62, iteration 1300, time: 343.33115553855896
Starting label LEVI, seed 62, iteration 1310, time: 347.2565677165985
Starting label LEVI, seed 62, iteration 1320, time: 351.4662039279938
Starting label LEVI, seed 62, iteration 1330, time: 356.0386164188385
Starting label LEVI, seed 62, iteration 1340, time: 360.7618498802185
Starting label LEVI, seed 62, iteration 1350, time: 365.8502984046936
Starting label LEVI, seed 62, iteration 1360, time: 370.23771595954895
Starting label LEVI, seed 62, iteration 1370, time: 374.0317749977112
Starting label LEVI, seed 62, iteration 1380, time: 379.0433351993561
Starting label LEVI, seed 62, iteration 1390, time: 383.49124479293823
Starting label LEVI, seed 62, iteration 1400, time: 387.46320056915283
Starting label LEVI, seed 62, iteration 1410, time: 392.14438557624817
Starting label LEVI, seed 62, iteration 1420, time: 396.92653584480286
Starting label LEVI, seed 62, iteration 1430, time: 401.8725163936615
Starting label LEVI, seed 62, iteration 1440, time: 407.64347314834595
Starting label LEVI, seed 62, iteration 1450, time: 412.0482966899872
Starting label LEVI, seed 62, iteration 1460, time: 416.7628285884857
Starting label LEVI, seed 62, iteration 1470, time: 421.6743459701538
Starting label LEVI, seed 62, iteration 1480, time: 425.4918189048767
Starting label LEVI, seed 62, iteration 1490, time: 430.30836749076843
Starting label LEVI, seed 62, iteration 1500, time: 435.1902346611023
Starting label LEVI, seed 62, iteration 1510, time: 439.2868580818176
Starting label LEVI, seed 62, iteration 1520, time: 444.0089602470398
Starting label LEVI, seed 62, iteration 1530, time: 448.90197253227234
Starting label LEVI, seed 62, iteration 1540, time: 454.3064317703247
Starting label LEVI, seed 62, iteration 1550, time: 459.84140396118164
Starting label LEVI, seed 62, iteration 1560, time: 466.441579580307
Starting label LEVI, seed 62, iteration 1570, time: 471.8732159137726
Starting label LEVI, seed 62, iteration 1580, time: 478.07961988449097
Starting label LEVI, seed 62, iteration 1590, time: 483.9624300003052
Starting label LEVI, seed 62, iteration 1600, time: 489.82830476760864
Starting label LEVI, seed 62, iteration 1610, time: 495.36618876457214
Starting label LEVI, seed 62, iteration 1620, time: 501.16571974754333
Starting label LEVI, seed 62, iteration 1630, time: 508.0686368942261
Starting label LEVI, seed 62, iteration 1640, time: 514.9542262554169
Starting label LEVI, seed 62, iteration 1650, time: 520.9273769855499
Starting label LEVI, seed 62, iteration 1660, time: 527.666428565979
Starting label LEVI, seed 62, iteration 1670, time: 533.7819848060608
Starting label LEVI, seed 62, iteration 1680, time: 541.4664628505707
Starting label LEVI, seed 62, iteration 1690, time: 548.6935625076294
Starting label LEVI, seed 62, iteration 1700, time: 555.1050617694855
Starting label LEVI, seed 62, iteration 1710, time: 563.0041210651398
Starting label LEVI, seed 62, iteration 1720, time: 570.5930144786835
Starting label LEVI, seed 62, iteration 1730, time: 577.0141253471375
Starting label LEVI, seed 62, iteration 1740, time: 585.552990436554
Starting label LEVI, seed 62, iteration 1750, time: 592.906631231308
Starting label LEVI, seed 62, iteration 1760, time: 601.4902667999268
Starting label LEVI, seed 62, iteration 1770, time: 610.2379283905029
Starting label LEVI, seed 62, iteration 1780, time: 618.8975083827972
Starting label LEVI, seed 62, iteration 1790, time: 627.255035161972
Starting label LEVI, seed 62, iteration 1800, time: 634.9816255569458
Starting label LEVI, seed 62, iteration 1810, time: 642.2765607833862
Starting label LEVI, seed 62, iteration 1820, time: 648.882562160492
Starting label LEVI, seed 62, iteration 1830, time: 655.9548099040985
Starting label LEVI, seed 62, iteration 1840, time: 662.8212866783142
Starting label LEVI, seed 62, iteration 1850, time: 670.2936160564423
Starting label LEVI, seed 62, iteration 1860, time: 677.510146856308
Starting label LEVI, seed 62, iteration 1870, time: 685.0815055370331
Starting label LEVI, seed 62, iteration 1880, time: 694.0149564743042
Starting label LEVI, seed 62, iteration 1890, time: 702.0408051013947
Starting label LEVI, seed 62, iteration 1900, time: 711.0388395786285
Starting label LEVI, seed 62, iteration 1910, time: 718.9081394672394
Starting label LEVI, seed 62, iteration 1920, time: 726.5628638267517
Starting label LEVI, seed 62, iteration 1930, time: 734.4268074035645
Starting label LEVI, seed 62, iteration 1940, time: 742.6347224712372
Starting label LEVI, seed 62, iteration 1950, time: 751.1139590740204
Starting label LEVI, seed 62, iteration 1960, time: 759.3696649074554
Starting label LEVI, seed 62, iteration 1970, time: 769.7263715267181
Starting label LEVI, seed 62, iteration 1980, time: 778.5771298408508
Starting label LEVI, seed 62, iteration 1990, time: 788.8811204433441
submitit WARNING (2022-10-02 00:55:52,097) - Bypassing signal SIGCONT
submitit WARNING (2022-10-02 00:55:52,258) - Bypassing signal SIGTERM
submitit INFO (2022-10-02 00:56:01,230) - Job completed successfully
