submitit INFO (2022-10-02 01:17:34,536) - Starting with JobEnvironment(job_id=883390_0, hostname=nikola-compute-04.cs.cornell.edu, local_rank=0(1), node=0(1), global_rank=0(1))
submitit INFO (2022-10-02 01:17:34,537) - Loading pickle: /home/gid-cakmaks/contextual_rs/experiments/wsc_experiments/logs/883390_0/883390_0_submitted.pkl
Starting label LEVI, seed 70, iteration 0, time: 0.0005228519439697266
Starting label LEVI, seed 70, iteration 10, time: 3.114699602127075
Starting label LEVI, seed 70, iteration 20, time: 5.89612078666687
Starting label LEVI, seed 70, iteration 30, time: 8.819818496704102
Starting label LEVI, seed 70, iteration 40, time: 11.845617055892944
Starting label LEVI, seed 70, iteration 50, time: 14.910672903060913
Starting label LEVI, seed 70, iteration 60, time: 18.08396291732788
Starting label LEVI, seed 70, iteration 70, time: 21.16132879257202
Starting label LEVI, seed 70, iteration 80, time: 24.174515962600708
Starting label LEVI, seed 70, iteration 90, time: 26.904510974884033
Starting label LEVI, seed 70, iteration 100, time: 30.157540559768677
Starting label LEVI, seed 70, iteration 110, time: 33.532182455062866
Starting label LEVI, seed 70, iteration 120, time: 36.86321544647217
Starting label LEVI, seed 70, iteration 130, time: 40.11189937591553
Starting label LEVI, seed 70, iteration 140, time: 43.62696981430054
Starting label LEVI, seed 70, iteration 150, time: 46.81084418296814
Starting label LEVI, seed 70, iteration 160, time: 50.00380539894104
Starting label LEVI, seed 70, iteration 170, time: 53.25076627731323
Starting label LEVI, seed 70, iteration 180, time: 56.639119386672974
Starting label LEVI, seed 70, iteration 190, time: 59.94034504890442
Starting label LEVI, seed 70, iteration 200, time: 63.20485305786133
Starting label LEVI, seed 70, iteration 210, time: 66.40225076675415
Starting label LEVI, seed 70, iteration 220, time: 69.47238230705261
Starting label LEVI, seed 70, iteration 230, time: 72.68918633460999
Starting label LEVI, seed 70, iteration 240, time: 75.93659663200378
Starting label LEVI, seed 70, iteration 250, time: 79.14025449752808
Starting label LEVI, seed 70, iteration 260, time: 82.48888230323792
Starting label LEVI, seed 70, iteration 270, time: 85.64321041107178
Starting label LEVI, seed 70, iteration 280, time: 88.65882992744446
Starting label LEVI, seed 70, iteration 290, time: 91.96065497398376
Starting label LEVI, seed 70, iteration 300, time: 95.36717772483826
Starting label LEVI, seed 70, iteration 310, time: 98.85572743415833
Starting label LEVI, seed 70, iteration 320, time: 102.18413925170898
Starting label LEVI, seed 70, iteration 330, time: 105.5403151512146
Starting label LEVI, seed 70, iteration 340, time: 108.5246193408966
Starting label LEVI, seed 70, iteration 350, time: 111.83003735542297
Starting label LEVI, seed 70, iteration 360, time: 115.15916895866394
Starting label LEVI, seed 70, iteration 370, time: 118.43364143371582
Starting label LEVI, seed 70, iteration 380, time: 121.73740220069885
Starting label LEVI, seed 70, iteration 390, time: 125.08705639839172
Starting label LEVI, seed 70, iteration 400, time: 128.20866799354553
Starting label LEVI, seed 70, iteration 410, time: 131.4540057182312
Starting label LEVI, seed 70, iteration 420, time: 134.73168349266052
Starting label LEVI, seed 70, iteration 430, time: 138.0672459602356
Starting label LEVI, seed 70, iteration 440, time: 141.294695854187
Starting label LEVI, seed 70, iteration 450, time: 144.3293673992157
Starting label LEVI, seed 70, iteration 460, time: 147.7460117340088
Starting label LEVI, seed 70, iteration 470, time: 151.1498727798462
Starting label LEVI, seed 70, iteration 480, time: 154.57167649269104
Starting label LEVI, seed 70, iteration 490, time: 157.81698751449585
Starting label LEVI, seed 70, iteration 500, time: 161.03965830802917
Starting label LEVI, seed 70, iteration 510, time: 164.12095260620117
Starting label LEVI, seed 70, iteration 520, time: 167.56287622451782
Starting label LEVI, seed 70, iteration 530, time: 171.07567429542542
Starting label LEVI, seed 70, iteration 540, time: 174.50644040107727
Starting label LEVI, seed 70, iteration 550, time: 177.96845650672913
Starting label LEVI, seed 70, iteration 560, time: 181.50823378562927
Starting label LEVI, seed 70, iteration 570, time: 184.941650390625
Starting label LEVI, seed 70, iteration 580, time: 188.67684412002563
Starting label LEVI, seed 70, iteration 590, time: 192.31912565231323
Starting label LEVI, seed 70, iteration 600, time: 195.9945855140686
Starting label LEVI, seed 70, iteration 610, time: 199.47732424736023
Starting label LEVI, seed 70, iteration 620, time: 203.10575079917908
Starting label LEVI, seed 70, iteration 630, time: 207.05027794837952
Starting label LEVI, seed 70, iteration 640, time: 210.8616919517517
Starting label LEVI, seed 70, iteration 650, time: 214.62384748458862
Starting label LEVI, seed 70, iteration 660, time: 217.98845553398132
Starting label LEVI, seed 70, iteration 670, time: 221.81657028198242
Starting label LEVI, seed 70, iteration 680, time: 225.64602184295654
Starting label LEVI, seed 70, iteration 690, time: 229.66012835502625
Starting label LEVI, seed 70, iteration 700, time: 233.7888069152832
Starting label LEVI, seed 70, iteration 710, time: 237.62218070030212
Starting label LEVI, seed 70, iteration 720, time: 241.77330541610718
Starting label LEVI, seed 70, iteration 730, time: 245.9133539199829
Starting label LEVI, seed 70, iteration 740, time: 249.85026931762695
Starting label LEVI, seed 70, iteration 750, time: 253.88520860671997
Starting label LEVI, seed 70, iteration 760, time: 257.6116166114807
Starting label LEVI, seed 70, iteration 770, time: 261.988196849823
Starting label LEVI, seed 70, iteration 780, time: 266.0830223560333
Starting label LEVI, seed 70, iteration 790, time: 270.2749297618866
Starting label LEVI, seed 70, iteration 800, time: 274.47144389152527
Starting label LEVI, seed 70, iteration 810, time: 278.84716629981995
Starting label LEVI, seed 70, iteration 820, time: 283.49704813957214
Starting label LEVI, seed 70, iteration 830, time: 287.91254901885986
Starting label LEVI, seed 70, iteration 840, time: 292.4593594074249
Starting label LEVI, seed 70, iteration 850, time: 296.85321259498596
submitit WARNING (2022-10-02 01:22:35,989) - Bypassing signal SIGCONT
submitit WARNING (2022-10-02 01:22:36,028) - Bypassing signal SIGTERM
Starting label LEVI, seed 70, iteration 860, time: 301.47985577583313
Starting label LEVI, seed 70, iteration 870, time: 306.15655636787415
Starting label LEVI, seed 70, iteration 880, time: 310.7121937274933
Starting label LEVI, seed 70, iteration 890, time: 315.46638464927673
Starting label LEVI, seed 70, iteration 900, time: 319.7018795013428
Starting label LEVI, seed 70, iteration 910, time: 324.24476313591003
