submitit INFO (2022-10-02 13:26:32,430) - Starting with JobEnvironment(job_id=884521_9, hostname=sablab-gpu-06.ece.cornell.edu, local_rank=0(1), node=0(1), global_rank=0(1))
submitit INFO (2022-10-02 13:26:32,430) - Loading pickle: /home/gid-cakmaks/contextual_rs/experiments/wsc_experiments/logs/884521_9/884521_9_submitted.pkl
Appending iterations to existing output!Warning: If parameters other than `iterations` have been changed, this will corrupt the output!
Starting label LEVI, seed 9, iteration 650, time: 338.3857147693634
Starting label LEVI, seed 9, iteration 660, time: 345.3588116168976
Starting label LEVI, seed 9, iteration 670, time: 352.5338730812073
Starting label LEVI, seed 9, iteration 680, time: 359.5727686882019
Starting label LEVI, seed 9, iteration 690, time: 366.53971433639526
Starting label LEVI, seed 9, iteration 700, time: 373.5771017074585
Starting label LEVI, seed 9, iteration 710, time: 380.5734760761261
Starting label LEVI, seed 9, iteration 720, time: 387.52360820770264
Starting label LEVI, seed 9, iteration 730, time: 394.44169783592224
Starting label LEVI, seed 9, iteration 740, time: 401.4332025051117
Starting label LEVI, seed 9, iteration 750, time: 408.3990087509155
Starting label LEVI, seed 9, iteration 760, time: 415.60461926460266
Starting label LEVI, seed 9, iteration 770, time: 422.70209860801697
Starting label LEVI, seed 9, iteration 780, time: 430.0648729801178
Starting label LEVI, seed 9, iteration 790, time: 437.4509012699127
Starting label LEVI, seed 9, iteration 800, time: 444.70919847488403
Starting label LEVI, seed 9, iteration 810, time: 452.2301695346832
Starting label LEVI, seed 9, iteration 820, time: 459.8505485057831
Starting label LEVI, seed 9, iteration 830, time: 467.49530816078186
Starting label LEVI, seed 9, iteration 840, time: 475.25781631469727
Starting label LEVI, seed 9, iteration 850, time: 482.7414677143097
Starting label LEVI, seed 9, iteration 860, time: 490.49681329727173
Starting label LEVI, seed 9, iteration 870, time: 497.94124698638916
Starting label LEVI, seed 9, iteration 880, time: 505.6731286048889
Starting label LEVI, seed 9, iteration 890, time: 513.4466180801392
Starting label LEVI, seed 9, iteration 900, time: 521.1623764038086
Starting label LEVI, seed 9, iteration 910, time: 528.4055995941162
Starting label LEVI, seed 9, iteration 920, time: 535.9626135826111
Starting label LEVI, seed 9, iteration 930, time: 543.6493117809296
Starting label LEVI, seed 9, iteration 940, time: 551.4166560173035
Starting label LEVI, seed 9, iteration 950, time: 559.2918689250946
Starting label LEVI, seed 9, iteration 960, time: 567.2640419006348
Starting label LEVI, seed 9, iteration 970, time: 575.2644834518433
Starting label LEVI, seed 9, iteration 980, time: 583.1243450641632
Starting label LEVI, seed 9, iteration 990, time: 591.0293138027191
Starting label LEVI, seed 9, iteration 1000, time: 599.0110683441162
Starting label LEVI, seed 9, iteration 1010, time: 606.8328046798706
Starting label LEVI, seed 9, iteration 1020, time: 614.6147174835205
Starting label LEVI, seed 9, iteration 1030, time: 622.6935622692108
Starting label LEVI, seed 9, iteration 1040, time: 631.033189535141
Starting label LEVI, seed 9, iteration 1050, time: 639.3646030426025
Starting label LEVI, seed 9, iteration 1060, time: 647.7659342288971
Starting label LEVI, seed 9, iteration 1070, time: 655.9759609699249
Starting label LEVI, seed 9, iteration 1080, time: 663.4261498451233
Starting label LEVI, seed 9, iteration 1090, time: 671.1777994632721
Starting label LEVI, seed 9, iteration 1100, time: 678.9892880916595
Starting label LEVI, seed 9, iteration 1110, time: 687.1194636821747
Starting label LEVI, seed 9, iteration 1120, time: 695.2643904685974
Starting label LEVI, seed 9, iteration 1130, time: 703.1439576148987
Starting label LEVI, seed 9, iteration 1140, time: 711.831120967865
Starting label LEVI, seed 9, iteration 1150, time: 720.2512469291687
Starting label LEVI, seed 9, iteration 1160, time: 728.2498383522034
Starting label LEVI, seed 9, iteration 1170, time: 736.157199382782
Starting label LEVI, seed 9, iteration 1180, time: 744.346179485321
Starting label LEVI, seed 9, iteration 1190, time: 753.9857025146484
Starting label LEVI, seed 9, iteration 1200, time: 763.0681855678558
Starting label LEVI, seed 9, iteration 1210, time: 771.9129207134247
Starting label LEVI, seed 9, iteration 1220, time: 780.4634401798248
Starting label LEVI, seed 9, iteration 1230, time: 788.921213388443
Starting label LEVI, seed 9, iteration 1240, time: 797.4661283493042
Starting label LEVI, seed 9, iteration 1250, time: 806.3252172470093
Starting label LEVI, seed 9, iteration 1260, time: 815.1025357246399
Starting label LEVI, seed 9, iteration 1270, time: 824.0296249389648
Starting label LEVI, seed 9, iteration 1280, time: 832.4541132450104
Starting label LEVI, seed 9, iteration 1290, time: 841.7462749481201
Starting label LEVI, seed 9, iteration 1300, time: 850.2825446128845
Starting label LEVI, seed 9, iteration 1310, time: 859.5351784229279
Starting label LEVI, seed 9, iteration 1320, time: 868.5991809368134
Starting label LEVI, seed 9, iteration 1330, time: 877.5874783992767
Starting label LEVI, seed 9, iteration 1340, time: 887.0510087013245
Starting label LEVI, seed 9, iteration 1350, time: 896.947767496109
Starting label LEVI, seed 9, iteration 1360, time: 906.1754448413849
Starting label LEVI, seed 9, iteration 1370, time: 915.159939289093
Starting label LEVI, seed 9, iteration 1380, time: 923.9992837905884
Starting label LEVI, seed 9, iteration 1390, time: 933.1314468383789
Starting label LEVI, seed 9, iteration 1400, time: 942.59486079216
Starting label LEVI, seed 9, iteration 1410, time: 951.8679616451263
Starting label LEVI, seed 9, iteration 1420, time: 960.8753085136414
Starting label LEVI, seed 9, iteration 1430, time: 969.5989763736725
Starting label LEVI, seed 9, iteration 1440, time: 979.0135090351105
Starting label LEVI, seed 9, iteration 1450, time: 987.3390882015228
Starting label LEVI, seed 9, iteration 1460, time: 995.7475473880768
Starting label LEVI, seed 9, iteration 1470, time: 1003.9996464252472
Starting label LEVI, seed 9, iteration 1480, time: 1013.2399725914001
Starting label LEVI, seed 9, iteration 1490, time: 1022.754492521286
Starting label LEVI, seed 9, iteration 1500, time: 1031.6311297416687
Starting label LEVI, seed 9, iteration 1510, time: 1041.3663914203644
Starting label LEVI, seed 9, iteration 1520, time: 1051.368593454361
Starting label LEVI, seed 9, iteration 1530, time: 1061.0155143737793
Starting label LEVI, seed 9, iteration 1540, time: 1071.4072952270508
Starting label LEVI, seed 9, iteration 1550, time: 1081.2436771392822
Starting label LEVI, seed 9, iteration 1560, time: 1092.3207669258118
Starting label LEVI, seed 9, iteration 1570, time: 1102.579708814621
Starting label LEVI, seed 9, iteration 1580, time: 1112.536197423935
Starting label LEVI, seed 9, iteration 1590, time: 1123.4439980983734
Starting label LEVI, seed 9, iteration 1600, time: 1134.0996148586273
Starting label LEVI, seed 9, iteration 1610, time: 1144.7633628845215
Starting label LEVI, seed 9, iteration 1620, time: 1155.80721783638
Starting label LEVI, seed 9, iteration 1630, time: 1166.173246383667
Starting label LEVI, seed 9, iteration 1640, time: 1176.4062564373016
Starting label LEVI, seed 9, iteration 1650, time: 1186.7507948875427
Starting label LEVI, seed 9, iteration 1660, time: 1198.0013604164124
Starting label LEVI, seed 9, iteration 1670, time: 1208.0483136177063
Starting label LEVI, seed 9, iteration 1680, time: 1218.2836904525757
Starting label LEVI, seed 9, iteration 1690, time: 1228.7632427215576
Starting label LEVI, seed 9, iteration 1700, time: 1240.1076385974884
Starting label LEVI, seed 9, iteration 1710, time: 1251.1630380153656
Starting label LEVI, seed 9, iteration 1720, time: 1262.7047247886658
Starting label LEVI, seed 9, iteration 1730, time: 1273.6526498794556
Starting label LEVI, seed 9, iteration 1740, time: 1285.1132531166077
Starting label LEVI, seed 9, iteration 1750, time: 1296.3693845272064
Starting label LEVI, seed 9, iteration 1760, time: 1308.4192571640015
Starting label LEVI, seed 9, iteration 1770, time: 1319.5002012252808
Starting label LEVI, seed 9, iteration 1780, time: 1332.3579168319702
Starting label LEVI, seed 9, iteration 1790, time: 1343.8494684696198
Starting label LEVI, seed 9, iteration 1800, time: 1355.6184735298157
Starting label LEVI, seed 9, iteration 1810, time: 1366.4202361106873
Starting label LEVI, seed 9, iteration 1820, time: 1377.5659267902374
Starting label LEVI, seed 9, iteration 1830, time: 1388.5803589820862
Starting label LEVI, seed 9, iteration 1840, time: 1401.3883328437805
Starting label LEVI, seed 9, iteration 1850, time: 1413.5804002285004
Starting label LEVI, seed 9, iteration 1860, time: 1425.3977346420288
Starting label LEVI, seed 9, iteration 1870, time: 1437.2482492923737
Starting label LEVI, seed 9, iteration 1880, time: 1449.064789533615
Starting label LEVI, seed 9, iteration 1890, time: 1460.623621225357
Starting label LEVI, seed 9, iteration 1900, time: 1472.2460305690765
Starting label LEVI, seed 9, iteration 1910, time: 1483.7649540901184
Starting label LEVI, seed 9, iteration 1920, time: 1495.7232213020325
Starting label LEVI, seed 9, iteration 1930, time: 1508.3157768249512
Starting label LEVI, seed 9, iteration 1940, time: 1521.982937335968
Starting label LEVI, seed 9, iteration 1950, time: 1534.8496747016907
Starting label LEVI, seed 9, iteration 1960, time: 1547.952065229416
Starting label LEVI, seed 9, iteration 1970, time: 1561.0603551864624
Starting label LEVI, seed 9, iteration 1980, time: 1575.119205236435
Starting label LEVI, seed 9, iteration 1990, time: 1588.8439605236053
submitit INFO (2022-10-02 13:47:38,237) - Job completed successfully
