submitit INFO (2022-10-02 00:16:25,366) - Starting with JobEnvironment(job_id=883191_3, hostname=nikola-compute-02.cs.cornell.edu, local_rank=0(1), node=0(1), global_rank=0(1))
submitit INFO (2022-10-02 00:16:25,366) - Loading pickle: /home/gid-cakmaks/contextual_rs/experiments/wsc_experiments/logs/883191_3/883191_3_submitted.pkl
Starting label LEVI, seed 93, iteration 0, time: 0.00013780593872070312
Starting label LEVI, seed 93, iteration 10, time: 2.7418549060821533
Starting label LEVI, seed 93, iteration 20, time: 5.39326024055481
Starting label LEVI, seed 93, iteration 30, time: 8.095473051071167
Starting label LEVI, seed 93, iteration 40, time: 10.76425576210022
Starting label LEVI, seed 93, iteration 50, time: 13.47357726097107
Starting label LEVI, seed 93, iteration 60, time: 16.25055956840515
Starting label LEVI, seed 93, iteration 70, time: 18.98010778427124
Starting label LEVI, seed 93, iteration 80, time: 21.71142029762268
Starting label LEVI, seed 93, iteration 90, time: 24.400038957595825
Starting label LEVI, seed 93, iteration 100, time: 27.056941032409668
Starting label LEVI, seed 93, iteration 110, time: 29.756473779678345
Starting label LEVI, seed 93, iteration 120, time: 32.31624388694763
Starting label LEVI, seed 93, iteration 130, time: 34.90132260322571
Starting label LEVI, seed 93, iteration 140, time: 37.54208445549011
Starting label LEVI, seed 93, iteration 150, time: 40.08654737472534
Starting label LEVI, seed 93, iteration 160, time: 42.630571603775024
Starting label LEVI, seed 93, iteration 170, time: 45.511744022369385
Starting label LEVI, seed 93, iteration 180, time: 48.243961572647095
Starting label LEVI, seed 93, iteration 190, time: 51.597822189331055
Starting label LEVI, seed 93, iteration 200, time: 54.8547728061676
Starting label LEVI, seed 93, iteration 210, time: 58.35798478126526
Starting label LEVI, seed 93, iteration 220, time: 62.450353384017944
Starting label LEVI, seed 93, iteration 230, time: 66.99344849586487
Starting label LEVI, seed 93, iteration 240, time: 71.75851058959961
Starting label LEVI, seed 93, iteration 250, time: 76.37163233757019
Starting label LEVI, seed 93, iteration 260, time: 81.25096368789673
Starting label LEVI, seed 93, iteration 270, time: 86.0829803943634
Starting label LEVI, seed 93, iteration 280, time: 90.75179553031921
Starting label LEVI, seed 93, iteration 290, time: 95.31269431114197
Starting label LEVI, seed 93, iteration 300, time: 100.1064555644989
Starting label LEVI, seed 93, iteration 310, time: 104.91720652580261
Starting label LEVI, seed 93, iteration 320, time: 108.84550881385803
Starting label LEVI, seed 93, iteration 330, time: 112.5323793888092
Starting label LEVI, seed 93, iteration 340, time: 115.49916005134583
Starting label LEVI, seed 93, iteration 350, time: 118.65335083007812
Starting label LEVI, seed 93, iteration 360, time: 121.56653046607971
Starting label LEVI, seed 93, iteration 370, time: 124.42416715621948
Starting label LEVI, seed 93, iteration 380, time: 127.33258390426636
Starting label LEVI, seed 93, iteration 390, time: 130.1556625366211
Starting label LEVI, seed 93, iteration 400, time: 132.91678094863892
Starting label LEVI, seed 93, iteration 410, time: 135.68419528007507
Starting label LEVI, seed 93, iteration 420, time: 138.37682604789734
Starting label LEVI, seed 93, iteration 430, time: 141.080739736557
Starting label LEVI, seed 93, iteration 440, time: 143.74816155433655
Starting label LEVI, seed 93, iteration 450, time: 146.37896418571472
Starting label LEVI, seed 93, iteration 460, time: 149.38769388198853
Starting label LEVI, seed 93, iteration 470, time: 152.29325032234192
Starting label LEVI, seed 93, iteration 480, time: 155.06097102165222
Starting label LEVI, seed 93, iteration 490, time: 157.77924251556396
Starting label LEVI, seed 93, iteration 500, time: 160.5732204914093
Starting label LEVI, seed 93, iteration 510, time: 163.44454312324524
Starting label LEVI, seed 93, iteration 520, time: 166.30856275558472
Starting label LEVI, seed 93, iteration 530, time: 169.16884684562683
Starting label LEVI, seed 93, iteration 540, time: 172.02533674240112
Starting label LEVI, seed 93, iteration 550, time: 174.90627574920654
Starting label LEVI, seed 93, iteration 560, time: 177.84358644485474
Starting label LEVI, seed 93, iteration 570, time: 180.7076096534729
Starting label LEVI, seed 93, iteration 580, time: 183.6810908317566
Starting label LEVI, seed 93, iteration 590, time: 186.5462772846222
Starting label LEVI, seed 93, iteration 600, time: 189.4755232334137
Starting label LEVI, seed 93, iteration 610, time: 192.42637658119202
Starting label LEVI, seed 93, iteration 620, time: 195.39181852340698
Starting label LEVI, seed 93, iteration 630, time: 198.2592179775238
Starting label LEVI, seed 93, iteration 640, time: 201.40269422531128
Starting label LEVI, seed 93, iteration 650, time: 204.34851145744324
Starting label LEVI, seed 93, iteration 660, time: 207.2809600830078
Starting label LEVI, seed 93, iteration 670, time: 210.38963627815247
Starting label LEVI, seed 93, iteration 680, time: 213.30840301513672
Starting label LEVI, seed 93, iteration 690, time: 216.28649306297302
Starting label LEVI, seed 93, iteration 700, time: 219.2788529396057
Starting label LEVI, seed 93, iteration 710, time: 222.3122375011444
Starting label LEVI, seed 93, iteration 720, time: 225.28164792060852
Starting label LEVI, seed 93, iteration 730, time: 228.36467266082764
Starting label LEVI, seed 93, iteration 740, time: 231.22008657455444
Starting label LEVI, seed 93, iteration 750, time: 234.19129061698914
Starting label LEVI, seed 93, iteration 760, time: 237.1428771018982
Starting label LEVI, seed 93, iteration 770, time: 240.08256316184998
Starting label LEVI, seed 93, iteration 780, time: 243.02639031410217
Starting label LEVI, seed 93, iteration 790, time: 245.9578869342804
Starting label LEVI, seed 93, iteration 800, time: 249.8892502784729
Starting label LEVI, seed 93, iteration 810, time: 253.05371713638306
Starting label LEVI, seed 93, iteration 820, time: 256.02451372146606
Starting label LEVI, seed 93, iteration 830, time: 258.9970688819885
Starting label LEVI, seed 93, iteration 840, time: 262.0543723106384
Starting label LEVI, seed 93, iteration 850, time: 265.1121940612793
Starting label LEVI, seed 93, iteration 860, time: 268.12813544273376
Starting label LEVI, seed 93, iteration 870, time: 271.3660752773285
Starting label LEVI, seed 93, iteration 880, time: 274.529789686203
Starting label LEVI, seed 93, iteration 890, time: 277.79759097099304
Starting label LEVI, seed 93, iteration 900, time: 280.94290947914124
Starting label LEVI, seed 93, iteration 910, time: 284.05074167251587
Starting label LEVI, seed 93, iteration 920, time: 287.3361256122589
Starting label LEVI, seed 93, iteration 930, time: 290.34312415122986
Starting label LEVI, seed 93, iteration 940, time: 293.3332703113556
Starting label LEVI, seed 93, iteration 950, time: 296.43410754203796
Starting label LEVI, seed 93, iteration 960, time: 299.581716299057
Starting label LEVI, seed 93, iteration 970, time: 302.81000328063965
Starting label LEVI, seed 93, iteration 980, time: 305.96704864501953
Starting label LEVI, seed 93, iteration 990, time: 309.09580087661743
Starting label LEVI, seed 93, iteration 1000, time: 312.4020094871521
Starting label LEVI, seed 93, iteration 1010, time: 315.64936685562134
Starting label LEVI, seed 93, iteration 1020, time: 318.8146502971649
Starting label LEVI, seed 93, iteration 1030, time: 322.0110116004944
Starting label LEVI, seed 93, iteration 1040, time: 325.17748832702637
Starting label LEVI, seed 93, iteration 1050, time: 328.4363582134247
Starting label LEVI, seed 93, iteration 1060, time: 331.7768476009369
Starting label LEVI, seed 93, iteration 1070, time: 335.06094193458557
Starting label LEVI, seed 93, iteration 1080, time: 338.3771414756775
Starting label LEVI, seed 93, iteration 1090, time: 341.54436206817627
Starting label LEVI, seed 93, iteration 1100, time: 344.7469685077667
Starting label LEVI, seed 93, iteration 1110, time: 348.16861391067505
Starting label LEVI, seed 93, iteration 1120, time: 351.37250232696533
Starting label LEVI, seed 93, iteration 1130, time: 354.62292432785034
Starting label LEVI, seed 93, iteration 1140, time: 357.9573702812195
Starting label LEVI, seed 93, iteration 1150, time: 361.34737277030945
Starting label LEVI, seed 93, iteration 1160, time: 364.73961329460144
Starting label LEVI, seed 93, iteration 1170, time: 368.0869083404541
Starting label LEVI, seed 93, iteration 1180, time: 371.39362692832947
Starting label LEVI, seed 93, iteration 1190, time: 374.721533536911
Starting label LEVI, seed 93, iteration 1200, time: 378.02032256126404
Starting label LEVI, seed 93, iteration 1210, time: 381.31141090393066
Starting label LEVI, seed 93, iteration 1220, time: 384.9769206047058
Starting label LEVI, seed 93, iteration 1230, time: 388.8927402496338
Starting label LEVI, seed 93, iteration 1240, time: 392.42602038383484
Starting label LEVI, seed 93, iteration 1250, time: 395.9822175502777
Starting label LEVI, seed 93, iteration 1260, time: 399.8816795349121
Starting label LEVI, seed 93, iteration 1270, time: 403.8739604949951
Starting label LEVI, seed 93, iteration 1280, time: 407.41119742393494
Starting label LEVI, seed 93, iteration 1290, time: 410.92306447029114
Starting label LEVI, seed 93, iteration 1300, time: 414.46675419807434
Starting label LEVI, seed 93, iteration 1310, time: 418.08467984199524
Starting label LEVI, seed 93, iteration 1320, time: 421.60078620910645
Starting label LEVI, seed 93, iteration 1330, time: 425.1186857223511
Starting label LEVI, seed 93, iteration 1340, time: 428.64987206459045
Starting label LEVI, seed 93, iteration 1350, time: 432.1423144340515
Starting label LEVI, seed 93, iteration 1360, time: 435.78565406799316
Starting label LEVI, seed 93, iteration 1370, time: 439.33845710754395
Starting label LEVI, seed 93, iteration 1380, time: 442.86607813835144
Starting label LEVI, seed 93, iteration 1390, time: 446.51209902763367
Starting label LEVI, seed 93, iteration 1400, time: 450.2951033115387
Starting label LEVI, seed 93, iteration 1410, time: 453.91674637794495
Starting label LEVI, seed 93, iteration 1420, time: 457.84207820892334
Starting label LEVI, seed 93, iteration 1430, time: 461.6650309562683
Starting label LEVI, seed 93, iteration 1440, time: 465.4864614009857
Starting label LEVI, seed 93, iteration 1450, time: 469.4308989048004
Starting label LEVI, seed 93, iteration 1460, time: 473.39486622810364
Starting label LEVI, seed 93, iteration 1470, time: 477.64183354377747
Starting label LEVI, seed 93, iteration 1480, time: 481.7270596027374
Starting label LEVI, seed 93, iteration 1490, time: 485.7510793209076
Starting label LEVI, seed 93, iteration 1500, time: 489.73359084129333
Starting label LEVI, seed 93, iteration 1510, time: 494.12143325805664
Starting label LEVI, seed 93, iteration 1520, time: 498.24184918403625
Starting label LEVI, seed 93, iteration 1530, time: 502.3450171947479
Starting label LEVI, seed 93, iteration 1540, time: 506.7005853652954
Starting label LEVI, seed 93, iteration 1550, time: 510.9995324611664
Starting label LEVI, seed 93, iteration 1560, time: 515.8397476673126
Starting label LEVI, seed 93, iteration 1570, time: 520.2593405246735
Starting label LEVI, seed 93, iteration 1580, time: 524.6392347812653
Starting label LEVI, seed 93, iteration 1590, time: 529.1079664230347
Starting label LEVI, seed 93, iteration 1600, time: 533.7134118080139
Starting label LEVI, seed 93, iteration 1610, time: 537.988329410553
Starting label LEVI, seed 93, iteration 1620, time: 542.4202773571014
Starting label LEVI, seed 93, iteration 1630, time: 546.9823112487793
Starting label LEVI, seed 93, iteration 1640, time: 551.6127142906189
Starting label LEVI, seed 93, iteration 1650, time: 556.1084887981415
Starting label LEVI, seed 93, iteration 1660, time: 560.7260031700134
Starting label LEVI, seed 93, iteration 1670, time: 565.4081618785858
Starting label LEVI, seed 93, iteration 1680, time: 570.2619106769562
Starting label LEVI, seed 93, iteration 1690, time: 575.1527554988861
Starting label LEVI, seed 93, iteration 1700, time: 580.1553540229797
Starting label LEVI, seed 93, iteration 1710, time: 585.0975441932678
Starting label LEVI, seed 93, iteration 1720, time: 589.9631254673004
Starting label LEVI, seed 93, iteration 1730, time: 594.7849431037903
Starting label LEVI, seed 93, iteration 1740, time: 600.3427248001099
Starting label LEVI, seed 93, iteration 1750, time: 606.8824541568756
Starting label LEVI, seed 93, iteration 1760, time: 612.190099477768
Starting label LEVI, seed 93, iteration 1770, time: 616.8201463222504
Starting label LEVI, seed 93, iteration 1780, time: 621.5835375785828
Starting label LEVI, seed 93, iteration 1790, time: 626.7415909767151
Starting label LEVI, seed 93, iteration 1800, time: 631.7975323200226
Starting label LEVI, seed 93, iteration 1810, time: 637.1347944736481
Starting label LEVI, seed 93, iteration 1820, time: 642.6365575790405
Starting label LEVI, seed 93, iteration 1830, time: 648.3110275268555
Starting label LEVI, seed 93, iteration 1840, time: 655.5730018615723
Starting label LEVI, seed 93, iteration 1850, time: 663.8213355541229
Starting label LEVI, seed 93, iteration 1860, time: 670.6511738300323
Starting label LEVI, seed 93, iteration 1870, time: 676.4679985046387
Starting label LEVI, seed 93, iteration 1880, time: 682.9512701034546
Starting label LEVI, seed 93, iteration 1890, time: 689.4128110408783
Starting label LEVI, seed 93, iteration 1900, time: 696.5697436332703
Starting label LEVI, seed 93, iteration 1910, time: 702.9887189865112
Starting label LEVI, seed 93, iteration 1920, time: 710.013459444046
Starting label LEVI, seed 93, iteration 1930, time: 718.211309671402
Starting label LEVI, seed 93, iteration 1940, time: 725.3938946723938
Starting label LEVI, seed 93, iteration 1950, time: 731.80708527565
Starting label LEVI, seed 93, iteration 1960, time: 738.0209798812866
Starting label LEVI, seed 93, iteration 1970, time: 745.0924973487854
Starting label LEVI, seed 93, iteration 1980, time: 752.6734395027161
submitit WARNING (2022-10-02 00:29:08,067) - Bypassing signal SIGCONT
submitit WARNING (2022-10-02 00:29:08,069) - Bypassing signal SIGTERM
Starting label LEVI, seed 93, iteration 1990, time: 760.807493686676
submitit INFO (2022-10-02 00:29:18,896) - Job completed successfully
