submitit INFO (2022-10-02 02:02:35,171) - Starting with JobEnvironment(job_id=883601_1, hostname=nikola-compute-02.cs.cornell.edu, local_rank=0(1), node=0(1), global_rank=0(1))
submitit INFO (2022-10-02 02:02:35,171) - Loading pickle: /home/gid-cakmaks/contextual_rs/experiments/wsc_experiments/logs/883601_1/883601_1_submitted.pkl
Appending iterations to existing output!Warning: If parameters other than `iterations` have been changed, this will corrupt the output!
Starting label LEVI, seed 36, iteration 670, time: 1558.0545399188995
Starting label LEVI, seed 36, iteration 680, time: 1560.98619389534
Starting label LEVI, seed 36, iteration 690, time: 1563.7034242153168
Starting label LEVI, seed 36, iteration 700, time: 1566.4302153587341
Starting label LEVI, seed 36, iteration 710, time: 1569.2714622020721
Starting label LEVI, seed 36, iteration 720, time: 1572.0980615615845
Starting label LEVI, seed 36, iteration 730, time: 1574.9388332366943
Starting label LEVI, seed 36, iteration 740, time: 1577.7712268829346
Starting label LEVI, seed 36, iteration 750, time: 1580.6039869785309
Starting label LEVI, seed 36, iteration 760, time: 1583.4045343399048
Starting label LEVI, seed 36, iteration 770, time: 1586.1822369098663
Starting label LEVI, seed 36, iteration 780, time: 1588.9382228851318
Starting label LEVI, seed 36, iteration 790, time: 1591.7100160121918
Starting label LEVI, seed 36, iteration 800, time: 1594.4910049438477
Starting label LEVI, seed 36, iteration 810, time: 1597.4241120815277
Starting label LEVI, seed 36, iteration 820, time: 1600.2938158512115
Starting label LEVI, seed 36, iteration 830, time: 1603.1155569553375
Starting label LEVI, seed 36, iteration 840, time: 1605.904684305191
Starting label LEVI, seed 36, iteration 850, time: 1608.7526252269745
Starting label LEVI, seed 36, iteration 860, time: 1611.5476038455963
Starting label LEVI, seed 36, iteration 870, time: 1614.3690433502197
Starting label LEVI, seed 36, iteration 880, time: 1617.2795958518982
Starting label LEVI, seed 36, iteration 890, time: 1620.2439413070679
Starting label LEVI, seed 36, iteration 900, time: 1623.1370511054993
Starting label LEVI, seed 36, iteration 910, time: 1625.9473414421082
Starting label LEVI, seed 36, iteration 920, time: 1628.7468795776367
Starting label LEVI, seed 36, iteration 930, time: 1631.5691847801208
Starting label LEVI, seed 36, iteration 940, time: 1634.4244799613953
Starting label LEVI, seed 36, iteration 950, time: 1637.1553118228912
Starting label LEVI, seed 36, iteration 960, time: 1639.8915588855743
Starting label LEVI, seed 36, iteration 970, time: 1642.5954818725586
Starting label LEVI, seed 36, iteration 980, time: 1645.4413542747498
Starting label LEVI, seed 36, iteration 990, time: 1648.3398287296295
Starting label LEVI, seed 36, iteration 1000, time: 1651.2184405326843
Starting label LEVI, seed 36, iteration 1010, time: 1654.0844993591309
Starting label LEVI, seed 36, iteration 1020, time: 1656.9796996116638
Starting label LEVI, seed 36, iteration 1030, time: 1659.920696735382
Starting label LEVI, seed 36, iteration 1040, time: 1662.9009809494019
Starting label LEVI, seed 36, iteration 1050, time: 1665.921783208847
Starting label LEVI, seed 36, iteration 1060, time: 1668.9225471019745
Starting label LEVI, seed 36, iteration 1070, time: 1671.927404642105
Starting label LEVI, seed 36, iteration 1080, time: 1674.8433389663696
Starting label LEVI, seed 36, iteration 1090, time: 1677.751373052597
Starting label LEVI, seed 36, iteration 1100, time: 1680.8207426071167
Starting label LEVI, seed 36, iteration 1110, time: 1683.9254975318909
Starting label LEVI, seed 36, iteration 1120, time: 1687.0229041576385
Starting label LEVI, seed 36, iteration 1130, time: 1690.1033668518066
Starting label LEVI, seed 36, iteration 1140, time: 1693.3669111728668
Starting label LEVI, seed 36, iteration 1150, time: 1696.514907360077
Starting label LEVI, seed 36, iteration 1160, time: 1699.660953760147
Starting label LEVI, seed 36, iteration 1170, time: 1702.8366153240204
Starting label LEVI, seed 36, iteration 1180, time: 1705.9596478939056
Starting label LEVI, seed 36, iteration 1190, time: 1709.1206398010254
Starting label LEVI, seed 36, iteration 1200, time: 1712.2882900238037
Starting label LEVI, seed 36, iteration 1210, time: 1715.6135647296906
Starting label LEVI, seed 36, iteration 1220, time: 1718.8893461227417
Starting label LEVI, seed 36, iteration 1230, time: 1722.1690311431885
Starting label LEVI, seed 36, iteration 1240, time: 1725.453910112381
Starting label LEVI, seed 36, iteration 1250, time: 1728.795181274414
Starting label LEVI, seed 36, iteration 1260, time: 1732.1069040298462
Starting label LEVI, seed 36, iteration 1270, time: 1735.5157527923584
Starting label LEVI, seed 36, iteration 1280, time: 1739.0470759868622
Starting label LEVI, seed 36, iteration 1290, time: 1742.4818980693817
Starting label LEVI, seed 36, iteration 1300, time: 1745.9503529071808
Starting label LEVI, seed 36, iteration 1310, time: 1749.3747100830078
Starting label LEVI, seed 36, iteration 1320, time: 1752.7131135463715
Starting label LEVI, seed 36, iteration 1330, time: 1756.0935218334198
Starting label LEVI, seed 36, iteration 1340, time: 1759.6045699119568
Starting label LEVI, seed 36, iteration 1350, time: 1763.0264616012573
Starting label LEVI, seed 36, iteration 1360, time: 1766.506418466568
Starting label LEVI, seed 36, iteration 1370, time: 1770.0275881290436
Starting label LEVI, seed 36, iteration 1380, time: 1773.5344343185425
Starting label LEVI, seed 36, iteration 1390, time: 1777.2272152900696
Starting label LEVI, seed 36, iteration 1400, time: 1781.0967426300049
Starting label LEVI, seed 36, iteration 1410, time: 1784.6244897842407
Starting label LEVI, seed 36, iteration 1420, time: 1788.3174755573273
Starting label LEVI, seed 36, iteration 1430, time: 1791.92822432518
Starting label LEVI, seed 36, iteration 1440, time: 1795.419275522232
Starting label LEVI, seed 36, iteration 1450, time: 1799.0701806545258
Starting label LEVI, seed 36, iteration 1460, time: 1802.7375934123993
Starting label LEVI, seed 36, iteration 1470, time: 1806.371336221695
Starting label LEVI, seed 36, iteration 1480, time: 1809.787945508957
Starting label LEVI, seed 36, iteration 1490, time: 1813.4212291240692
Starting label LEVI, seed 36, iteration 1500, time: 1817.151921749115
Starting label LEVI, seed 36, iteration 1510, time: 1820.8159461021423
Starting label LEVI, seed 36, iteration 1520, time: 1824.6098086833954
Starting label LEVI, seed 36, iteration 1530, time: 1828.3455119132996
Starting label LEVI, seed 36, iteration 1540, time: 1831.9955134391785
Starting label LEVI, seed 36, iteration 1550, time: 1835.6342833042145
Starting label LEVI, seed 36, iteration 1560, time: 1839.4238770008087
Starting label LEVI, seed 36, iteration 1570, time: 1843.0314671993256
Starting label LEVI, seed 36, iteration 1580, time: 1846.8605840206146
Starting label LEVI, seed 36, iteration 1590, time: 1850.7806406021118
Starting label LEVI, seed 36, iteration 1600, time: 1854.624543428421
Starting label LEVI, seed 36, iteration 1610, time: 1858.5308332443237
Starting label LEVI, seed 36, iteration 1620, time: 1862.7073938846588
Starting label LEVI, seed 36, iteration 1630, time: 1866.887039899826
Starting label LEVI, seed 36, iteration 1640, time: 1871.2829008102417
Starting label LEVI, seed 36, iteration 1650, time: 1875.2838172912598
Starting label LEVI, seed 36, iteration 1660, time: 1879.5268821716309
Starting label LEVI, seed 36, iteration 1670, time: 1883.7772631645203
Starting label LEVI, seed 36, iteration 1680, time: 1888.1075875759125
Starting label LEVI, seed 36, iteration 1690, time: 1892.2550859451294
Starting label LEVI, seed 36, iteration 1700, time: 1896.2611858844757
Starting label LEVI, seed 36, iteration 1710, time: 1900.2803702354431
Starting label LEVI, seed 36, iteration 1720, time: 1904.4836359024048
Starting label LEVI, seed 36, iteration 1730, time: 1908.6544530391693
Starting label LEVI, seed 36, iteration 1740, time: 1912.947766304016
Starting label LEVI, seed 36, iteration 1750, time: 1917.2430982589722
Starting label LEVI, seed 36, iteration 1760, time: 1921.7908866405487
Starting label LEVI, seed 36, iteration 1770, time: 1926.2333989143372
Starting label LEVI, seed 36, iteration 1780, time: 1930.6673548221588
Starting label LEVI, seed 36, iteration 1790, time: 1934.9648914337158
Starting label LEVI, seed 36, iteration 1800, time: 1939.2580027580261
Starting label LEVI, seed 36, iteration 1810, time: 1943.4036030769348
Starting label LEVI, seed 36, iteration 1820, time: 1947.7481544017792
Starting label LEVI, seed 36, iteration 1830, time: 1952.4880530834198
Starting label LEVI, seed 36, iteration 1840, time: 1957.0688638687134
Starting label LEVI, seed 36, iteration 1850, time: 1961.4958624839783
Starting label LEVI, seed 36, iteration 1860, time: 1965.8840789794922
Starting label LEVI, seed 36, iteration 1870, time: 1970.7344665527344
Starting label LEVI, seed 36, iteration 1880, time: 1975.1321382522583
Starting label LEVI, seed 36, iteration 1890, time: 1979.7295043468475
Starting label LEVI, seed 36, iteration 1900, time: 1984.228700876236
Starting label LEVI, seed 36, iteration 1910, time: 1988.5233132839203
Starting label LEVI, seed 36, iteration 1920, time: 1992.9878377914429
Starting label LEVI, seed 36, iteration 1930, time: 1997.5417351722717
Starting label LEVI, seed 36, iteration 1940, time: 2002.155935049057
Starting label LEVI, seed 36, iteration 1950, time: 2006.8269517421722
Starting label LEVI, seed 36, iteration 1960, time: 2011.3154001235962
Starting label LEVI, seed 36, iteration 1970, time: 2015.7360796928406
Starting label LEVI, seed 36, iteration 1980, time: 2020.156182050705
Starting label LEVI, seed 36, iteration 1990, time: 2024.621478319168
submitit INFO (2022-10-02 02:10:28,746) - Job completed successfully
