submitit INFO (2022-10-02 01:49:55,637) - Starting with JobEnvironment(job_id=883520_9, hostname=g2-compute-96.coecis.cornell.edu, local_rank=0(1), node=0(1), global_rank=0(1))
submitit INFO (2022-10-02 01:49:55,638) - Loading pickle: /home/gid-cakmaks/contextual_rs/experiments/wsc_experiments/logs/883520_9/883520_9_submitted.pkl
Starting label LEVI, seed 9, iteration 0, time: 0.0015368461608886719
Starting label LEVI, seed 9, iteration 10, time: 4.048951864242554
Starting label LEVI, seed 9, iteration 20, time: 8.1237313747406
Starting label LEVI, seed 9, iteration 30, time: 12.02072548866272
Starting label LEVI, seed 9, iteration 40, time: 15.9708092212677
Starting label LEVI, seed 9, iteration 50, time: 20.001198768615723
Starting label LEVI, seed 9, iteration 60, time: 23.97253704071045
Starting label LEVI, seed 9, iteration 70, time: 28.029259204864502
Starting label LEVI, seed 9, iteration 80, time: 31.98565673828125
Starting label LEVI, seed 9, iteration 90, time: 36.01562833786011
Starting label LEVI, seed 9, iteration 100, time: 40.66572952270508
Starting label LEVI, seed 9, iteration 110, time: 45.46647047996521
Starting label LEVI, seed 9, iteration 120, time: 49.92985510826111
Starting label LEVI, seed 9, iteration 130, time: 54.386582136154175
Starting label LEVI, seed 9, iteration 140, time: 58.99814009666443
Starting label LEVI, seed 9, iteration 150, time: 63.906137466430664
Starting label LEVI, seed 9, iteration 160, time: 68.97716403007507
Starting label LEVI, seed 9, iteration 170, time: 74.02205467224121
Starting label LEVI, seed 9, iteration 180, time: 78.97461342811584
Starting label LEVI, seed 9, iteration 190, time: 83.73294138908386
Starting label LEVI, seed 9, iteration 200, time: 88.72394251823425
Starting label LEVI, seed 9, iteration 210, time: 93.43789839744568
Starting label LEVI, seed 9, iteration 220, time: 98.1085057258606
Starting label LEVI, seed 9, iteration 230, time: 103.2688672542572
Starting label LEVI, seed 9, iteration 240, time: 108.40515422821045
Starting label LEVI, seed 9, iteration 250, time: 113.3210232257843
Starting label LEVI, seed 9, iteration 260, time: 118.33531427383423
Starting label LEVI, seed 9, iteration 270, time: 123.4329023361206
Starting label LEVI, seed 9, iteration 280, time: 128.62324261665344
Starting label LEVI, seed 9, iteration 290, time: 133.79123306274414
Starting label LEVI, seed 9, iteration 300, time: 139.00681972503662
Starting label LEVI, seed 9, iteration 310, time: 144.22887301445007
Starting label LEVI, seed 9, iteration 320, time: 149.05651187896729
Starting label LEVI, seed 9, iteration 330, time: 153.92885828018188
Starting label LEVI, seed 9, iteration 340, time: 159.0808732509613
Starting label LEVI, seed 9, iteration 350, time: 164.3938009738922
Starting label LEVI, seed 9, iteration 360, time: 169.83163475990295
Starting label LEVI, seed 9, iteration 370, time: 175.08788633346558
Starting label LEVI, seed 9, iteration 380, time: 180.24498391151428
Starting label LEVI, seed 9, iteration 390, time: 185.26696491241455
Starting label LEVI, seed 9, iteration 400, time: 190.28303956985474
Starting label LEVI, seed 9, iteration 410, time: 195.6717095375061
Starting label LEVI, seed 9, iteration 420, time: 200.86293530464172
Starting label LEVI, seed 9, iteration 430, time: 206.48288989067078
Starting label LEVI, seed 9, iteration 440, time: 211.99963760375977
Starting label LEVI, seed 9, iteration 450, time: 217.64689254760742
Starting label LEVI, seed 9, iteration 460, time: 223.23852109909058
Starting label LEVI, seed 9, iteration 470, time: 228.66134595870972
Starting label LEVI, seed 9, iteration 480, time: 234.48444843292236
Starting label LEVI, seed 9, iteration 490, time: 240.4927043914795
Starting label LEVI, seed 9, iteration 500, time: 246.33209800720215
Starting label LEVI, seed 9, iteration 510, time: 252.33236050605774
Starting label LEVI, seed 9, iteration 520, time: 258.3671042919159
Starting label LEVI, seed 9, iteration 530, time: 264.41142749786377
Starting label LEVI, seed 9, iteration 540, time: 270.49580216407776
Starting label LEVI, seed 9, iteration 550, time: 276.4723393917084
Starting label LEVI, seed 9, iteration 560, time: 282.27802991867065
Starting label LEVI, seed 9, iteration 570, time: 288.15395617485046
Starting label LEVI, seed 9, iteration 580, time: 293.9860260486603
Starting label LEVI, seed 9, iteration 590, time: 300.1904547214508
Starting label LEVI, seed 9, iteration 600, time: 306.4125699996948
Starting label LEVI, seed 9, iteration 610, time: 313.10863876342773
submitit WARNING (2022-10-02 01:55:12,457) - Bypassing signal SIGCONT
submitit WARNING (2022-10-02 01:55:12,487) - Bypassing signal SIGTERM
Starting label LEVI, seed 9, iteration 620, time: 319.6036295890808
Starting label LEVI, seed 9, iteration 630, time: 325.7722511291504
Starting label LEVI, seed 9, iteration 640, time: 332.0999834537506
Starting label LEVI, seed 9, iteration 650, time: 338.38728046417236
