submitit INFO (2022-10-02 00:56:55,981) - Starting with JobEnvironment(job_id=883377_0, hostname=rush-compute-01.tech.cornell.edu, local_rank=0(1), node=0(1), global_rank=0(1))
submitit INFO (2022-10-02 00:56:55,981) - Loading pickle: /home/gid-cakmaks/contextual_rs/experiments/wsc_experiments/logs/883377_0/883377_0_submitted.pkl
Starting label LEVI, seed 50, iteration 0, time: 0.00045299530029296875
Starting label LEVI, seed 50, iteration 10, time: 2.864335775375366
Starting label LEVI, seed 50, iteration 20, time: 5.642247438430786
Starting label LEVI, seed 50, iteration 30, time: 8.436327695846558
Starting label LEVI, seed 50, iteration 40, time: 11.308650493621826
Starting label LEVI, seed 50, iteration 50, time: 14.240916013717651
Starting label LEVI, seed 50, iteration 60, time: 17.16482710838318
Starting label LEVI, seed 50, iteration 70, time: 20.0732364654541
Starting label LEVI, seed 50, iteration 80, time: 22.96546244621277
Starting label LEVI, seed 50, iteration 90, time: 25.895743370056152
Starting label LEVI, seed 50, iteration 100, time: 28.827391147613525
Starting label LEVI, seed 50, iteration 110, time: 31.794289112091064
Starting label LEVI, seed 50, iteration 120, time: 34.772446632385254
Starting label LEVI, seed 50, iteration 130, time: 37.65946435928345
Starting label LEVI, seed 50, iteration 140, time: 40.62017750740051
Starting label LEVI, seed 50, iteration 150, time: 43.64608311653137
Starting label LEVI, seed 50, iteration 160, time: 46.52872109413147
Starting label LEVI, seed 50, iteration 170, time: 49.746923208236694
Starting label LEVI, seed 50, iteration 180, time: 52.79591655731201
Starting label LEVI, seed 50, iteration 190, time: 55.89777588844299
Starting label LEVI, seed 50, iteration 200, time: 59.06742286682129
Starting label LEVI, seed 50, iteration 210, time: 62.210108041763306
Starting label LEVI, seed 50, iteration 220, time: 65.4460678100586
Starting label LEVI, seed 50, iteration 230, time: 68.68634486198425
Starting label LEVI, seed 50, iteration 240, time: 71.89507222175598
Starting label LEVI, seed 50, iteration 250, time: 75.36398100852966
Starting label LEVI, seed 50, iteration 260, time: 78.47413039207458
Starting label LEVI, seed 50, iteration 270, time: 81.73909068107605
Starting label LEVI, seed 50, iteration 280, time: 84.99013304710388
Starting label LEVI, seed 50, iteration 290, time: 87.97259521484375
Starting label LEVI, seed 50, iteration 300, time: 91.17647910118103
Starting label LEVI, seed 50, iteration 310, time: 94.46878552436829
Starting label LEVI, seed 50, iteration 320, time: 97.71525382995605
Starting label LEVI, seed 50, iteration 330, time: 100.85668730735779
Starting label LEVI, seed 50, iteration 340, time: 103.97133946418762
Starting label LEVI, seed 50, iteration 350, time: 107.15652513504028
Starting label LEVI, seed 50, iteration 360, time: 110.23822140693665
Starting label LEVI, seed 50, iteration 370, time: 113.49530529975891
Starting label LEVI, seed 50, iteration 380, time: 116.63532590866089
Starting label LEVI, seed 50, iteration 390, time: 119.96271347999573
Starting label LEVI, seed 50, iteration 400, time: 123.29104328155518
Starting label LEVI, seed 50, iteration 410, time: 126.44429588317871
Starting label LEVI, seed 50, iteration 420, time: 129.6821641921997
Starting label LEVI, seed 50, iteration 430, time: 133.02785515785217
Starting label LEVI, seed 50, iteration 440, time: 136.22702360153198
Starting label LEVI, seed 50, iteration 450, time: 139.4540445804596
Starting label LEVI, seed 50, iteration 460, time: 142.76945114135742
Starting label LEVI, seed 50, iteration 470, time: 146.14861249923706
Starting label LEVI, seed 50, iteration 480, time: 149.46215867996216
Starting label LEVI, seed 50, iteration 490, time: 153.03843212127686
Starting label LEVI, seed 50, iteration 500, time: 156.63060808181763
Starting label LEVI, seed 50, iteration 510, time: 160.1389284133911
Starting label LEVI, seed 50, iteration 520, time: 163.59251165390015
Starting label LEVI, seed 50, iteration 530, time: 167.22213745117188
Starting label LEVI, seed 50, iteration 540, time: 171.14599895477295
Starting label LEVI, seed 50, iteration 550, time: 174.65483450889587
Starting label LEVI, seed 50, iteration 560, time: 178.39021682739258
Starting label LEVI, seed 50, iteration 570, time: 182.0566430091858
Starting label LEVI, seed 50, iteration 580, time: 186.18883085250854
Starting label LEVI, seed 50, iteration 590, time: 190.22133469581604
Starting label LEVI, seed 50, iteration 600, time: 194.49119758605957
Starting label LEVI, seed 50, iteration 610, time: 198.70237469673157
Starting label LEVI, seed 50, iteration 620, time: 202.84074878692627
Starting label LEVI, seed 50, iteration 630, time: 206.96613764762878
Starting label LEVI, seed 50, iteration 640, time: 211.2175168991089
Starting label LEVI, seed 50, iteration 650, time: 215.48074650764465
Starting label LEVI, seed 50, iteration 660, time: 219.56809329986572
Starting label LEVI, seed 50, iteration 670, time: 224.25557947158813
Starting label LEVI, seed 50, iteration 680, time: 228.9684476852417
Starting label LEVI, seed 50, iteration 690, time: 233.58718585968018
Starting label LEVI, seed 50, iteration 700, time: 238.134286403656
Starting label LEVI, seed 50, iteration 710, time: 242.27569222450256
Starting label LEVI, seed 50, iteration 720, time: 246.9500012397766
Starting label LEVI, seed 50, iteration 730, time: 251.87602591514587
Starting label LEVI, seed 50, iteration 740, time: 256.3263144493103
Starting label LEVI, seed 50, iteration 750, time: 260.66891407966614
Starting label LEVI, seed 50, iteration 760, time: 265.1996839046478
Starting label LEVI, seed 50, iteration 770, time: 270.21123814582825
Starting label LEVI, seed 50, iteration 780, time: 275.46284890174866
Starting label LEVI, seed 50, iteration 790, time: 280.6491627693176
Starting label LEVI, seed 50, iteration 800, time: 285.82918190956116
Starting label LEVI, seed 50, iteration 810, time: 291.3543710708618
Starting label LEVI, seed 50, iteration 820, time: 297.18586111068726
Starting label LEVI, seed 50, iteration 830, time: 302.40850806236267
Starting label LEVI, seed 50, iteration 840, time: 308.0750391483307
Starting label LEVI, seed 50, iteration 850, time: 312.9670491218567
Starting label LEVI, seed 50, iteration 860, time: 319.0708267688751
Starting label LEVI, seed 50, iteration 870, time: 324.67061853408813
Starting label LEVI, seed 50, iteration 880, time: 330.3525822162628
Starting label LEVI, seed 50, iteration 890, time: 336.3296699523926
Starting label LEVI, seed 50, iteration 900, time: 342.007248878479
Starting label LEVI, seed 50, iteration 910, time: 347.840717792511
Starting label LEVI, seed 50, iteration 920, time: 354.22837805747986
Starting label LEVI, seed 50, iteration 930, time: 360.6818115711212
Starting label LEVI, seed 50, iteration 940, time: 366.50707817077637
Starting label LEVI, seed 50, iteration 950, time: 372.3035020828247
Starting label LEVI, seed 50, iteration 960, time: 378.039363861084
Starting label LEVI, seed 50, iteration 970, time: 384.50614738464355
Starting label LEVI, seed 50, iteration 980, time: 391.13731932640076
Starting label LEVI, seed 50, iteration 990, time: 397.78791332244873
Starting label LEVI, seed 50, iteration 1000, time: 404.05672907829285
Starting label LEVI, seed 50, iteration 1010, time: 410.367470741272
Starting label LEVI, seed 50, iteration 1020, time: 417.65932512283325
Starting label LEVI, seed 50, iteration 1030, time: 424.55644249916077
Starting label LEVI, seed 50, iteration 1040, time: 430.85018134117126
Starting label LEVI, seed 50, iteration 1050, time: 437.0502815246582
Starting label LEVI, seed 50, iteration 1060, time: 443.9208400249481
Starting label LEVI, seed 50, iteration 1070, time: 451.79971981048584
Starting label LEVI, seed 50, iteration 1080, time: 458.58831548690796
Starting label LEVI, seed 50, iteration 1090, time: 465.0743033885956
Starting label LEVI, seed 50, iteration 1100, time: 472.9972803592682
Starting label LEVI, seed 50, iteration 1110, time: 479.7390296459198
Starting label LEVI, seed 50, iteration 1120, time: 487.53933572769165
Starting label LEVI, seed 50, iteration 1130, time: 494.66240906715393
Starting label LEVI, seed 50, iteration 1140, time: 502.23608684539795
Starting label LEVI, seed 50, iteration 1150, time: 510.7742669582367
Starting label LEVI, seed 50, iteration 1160, time: 518.4978113174438
Starting label LEVI, seed 50, iteration 1170, time: 525.7272074222565
Starting label LEVI, seed 50, iteration 1180, time: 533.4641404151917
Starting label LEVI, seed 50, iteration 1190, time: 541.2063961029053
Starting label LEVI, seed 50, iteration 1200, time: 549.343935251236
Starting label LEVI, seed 50, iteration 1210, time: 559.3854014873505
Starting label LEVI, seed 50, iteration 1220, time: 568.6191911697388
Starting label LEVI, seed 50, iteration 1230, time: 576.99618268013
Starting label LEVI, seed 50, iteration 1240, time: 585.4907529354095
Starting label LEVI, seed 50, iteration 1250, time: 594.4102077484131
Starting label LEVI, seed 50, iteration 1260, time: 603.5897631645203
Starting label LEVI, seed 50, iteration 1270, time: 614.4513306617737
Starting label LEVI, seed 50, iteration 1280, time: 623.8870527744293
Starting label LEVI, seed 50, iteration 1290, time: 634.5712261199951
Starting label LEVI, seed 50, iteration 1300, time: 645.9976079463959
Starting label LEVI, seed 50, iteration 1310, time: 655.6722507476807
Starting label LEVI, seed 50, iteration 1320, time: 666.8453683853149
Starting label LEVI, seed 50, iteration 1330, time: 675.8451068401337
Starting label LEVI, seed 50, iteration 1340, time: 688.2604424953461
Starting label LEVI, seed 50, iteration 1350, time: 700.1687536239624
Starting label LEVI, seed 50, iteration 1360, time: 710.5979554653168
Starting label LEVI, seed 50, iteration 1370, time: 723.1182832717896
Starting label LEVI, seed 50, iteration 1380, time: 733.7458231449127
Starting label LEVI, seed 50, iteration 1390, time: 744.1584739685059
Starting label LEVI, seed 50, iteration 1400, time: 756.3198873996735
Starting label LEVI, seed 50, iteration 1410, time: 766.103241443634
Starting label LEVI, seed 50, iteration 1420, time: 777.5054247379303
Starting label LEVI, seed 50, iteration 1430, time: 788.9166150093079
Starting label LEVI, seed 50, iteration 1440, time: 801.2466549873352
Starting label LEVI, seed 50, iteration 1450, time: 812.6969997882843
Starting label LEVI, seed 50, iteration 1460, time: 824.3911423683167
Starting label LEVI, seed 50, iteration 1470, time: 838.2115666866302
Starting label LEVI, seed 50, iteration 1480, time: 852.0212736129761
Starting label LEVI, seed 50, iteration 1490, time: 864.2119042873383
Starting label LEVI, seed 50, iteration 1500, time: 876.1263887882233
Starting label LEVI, seed 50, iteration 1510, time: 887.7999150753021
Starting label LEVI, seed 50, iteration 1520, time: 902.5689606666565
Starting label LEVI, seed 50, iteration 1530, time: 914.0570487976074
Starting label LEVI, seed 50, iteration 1540, time: 925.6774430274963
Starting label LEVI, seed 50, iteration 1550, time: 938.1420841217041
Starting label LEVI, seed 50, iteration 1560, time: 951.2563428878784
Starting label LEVI, seed 50, iteration 1570, time: 964.8067569732666
Starting label LEVI, seed 50, iteration 1580, time: 981.0384109020233
Starting label LEVI, seed 50, iteration 1590, time: 997.9872858524323
Starting label LEVI, seed 50, iteration 1600, time: 1012.676504611969
Starting label LEVI, seed 50, iteration 1610, time: 1026.823612689972
Starting label LEVI, seed 50, iteration 1620, time: 1041.6037108898163
Starting label LEVI, seed 50, iteration 1630, time: 1057.258549451828
Starting label LEVI, seed 50, iteration 1640, time: 1074.163628578186
Starting label LEVI, seed 50, iteration 1650, time: 1087.9947085380554
Starting label LEVI, seed 50, iteration 1660, time: 1105.1190979480743
Starting label LEVI, seed 50, iteration 1670, time: 1120.5223715305328
Starting label LEVI, seed 50, iteration 1680, time: 1140.2972769737244
Starting label LEVI, seed 50, iteration 1690, time: 1155.693372964859
Starting label LEVI, seed 50, iteration 1700, time: 1170.7614753246307
Starting label LEVI, seed 50, iteration 1710, time: 1188.0023934841156
Starting label LEVI, seed 50, iteration 1720, time: 1205.2429099082947
Starting label LEVI, seed 50, iteration 1730, time: 1226.3138735294342
Starting label LEVI, seed 50, iteration 1740, time: 1244.205257177353
Starting label LEVI, seed 50, iteration 1750, time: 1263.848622560501
Starting label LEVI, seed 50, iteration 1760, time: 1281.5566365718842
Starting label LEVI, seed 50, iteration 1770, time: 1305.318397283554
Starting label LEVI, seed 50, iteration 1780, time: 1323.5029346942902
Starting label LEVI, seed 50, iteration 1790, time: 1342.6109852790833
Starting label LEVI, seed 50, iteration 1800, time: 1361.7310919761658
Starting label LEVI, seed 50, iteration 1810, time: 1388.1161193847656
Starting label LEVI, seed 50, iteration 1820, time: 1407.5887489318848
Starting label LEVI, seed 50, iteration 1830, time: 1434.0116000175476
Starting label LEVI, seed 50, iteration 1840, time: 1456.245432138443
Starting label LEVI, seed 50, iteration 1850, time: 1476.1706235408783
Starting label LEVI, seed 50, iteration 1860, time: 1497.9219346046448
Starting label LEVI, seed 50, iteration 1870, time: 1521.2966392040253
submitit WARNING (2022-10-02 01:22:36,015) - Bypassing signal SIGCONT
submitit WARNING (2022-10-02 01:22:36,356) - Bypassing signal SIGTERM
Starting label LEVI, seed 50, iteration 1880, time: 1546.0264513492584
Starting label LEVI, seed 50, iteration 1890, time: 1565.5102844238281
