submitit INFO (2022-10-02 04:15:34,459) - Starting with JobEnvironment(job_id=884045_7, hostname=lecun.cs.cornell.edu, local_rank=0(1), node=0(1), global_rank=0(1))
submitit INFO (2022-10-02 04:15:34,459) - Loading pickle: /home/gid-cakmaks/contextual_rs/experiments/wsc_experiments/logs/884045_7/884045_7_submitted.pkl
Appending iterations to existing output!Warning: If parameters other than `iterations` have been changed, this will corrupt the output!
Starting label LEVI, seed 68, iteration 800, time: 417.92586040496826
Starting label LEVI, seed 68, iteration 810, time: 423.9364502429962
Starting label LEVI, seed 68, iteration 820, time: 431.4865937232971
Starting label LEVI, seed 68, iteration 830, time: 438.1625921726227
Starting label LEVI, seed 68, iteration 840, time: 444.5516815185547
Starting label LEVI, seed 68, iteration 850, time: 451.13239073753357
Starting label LEVI, seed 68, iteration 860, time: 459.75359988212585
Starting label LEVI, seed 68, iteration 870, time: 466.4381387233734
Starting label LEVI, seed 68, iteration 880, time: 473.19931268692017
Starting label LEVI, seed 68, iteration 890, time: 480.7992215156555
Starting label LEVI, seed 68, iteration 900, time: 487.970908164978
Starting label LEVI, seed 68, iteration 910, time: 494.8595361709595
Starting label LEVI, seed 68, iteration 920, time: 501.8904449939728
Starting label LEVI, seed 68, iteration 930, time: 508.5859832763672
Starting label LEVI, seed 68, iteration 940, time: 515.2727370262146
Starting label LEVI, seed 68, iteration 950, time: 522.0939419269562
Starting label LEVI, seed 68, iteration 960, time: 529.0013692378998
Starting label LEVI, seed 68, iteration 970, time: 535.5698828697205
Starting label LEVI, seed 68, iteration 980, time: 542.2335736751556
Starting label LEVI, seed 68, iteration 990, time: 550.1101334095001
Starting label LEVI, seed 68, iteration 1000, time: 557.606294631958
Starting label LEVI, seed 68, iteration 1010, time: 563.6613409519196
Starting label LEVI, seed 68, iteration 1020, time: 569.6182932853699
Starting label LEVI, seed 68, iteration 1030, time: 575.6555180549622
Starting label LEVI, seed 68, iteration 1040, time: 581.5217707157135
Starting label LEVI, seed 68, iteration 1050, time: 587.6946711540222
Starting label LEVI, seed 68, iteration 1060, time: 594.1027052402496
Starting label LEVI, seed 68, iteration 1070, time: 600.6613957881927
Starting label LEVI, seed 68, iteration 1080, time: 607.2864615917206
Starting label LEVI, seed 68, iteration 1090, time: 613.9248349666595
Starting label LEVI, seed 68, iteration 1100, time: 620.623862028122
Starting label LEVI, seed 68, iteration 1110, time: 627.4221489429474
Starting label LEVI, seed 68, iteration 1120, time: 637.2604875564575
Starting label LEVI, seed 68, iteration 1130, time: 644.1617102622986
Starting label LEVI, seed 68, iteration 1140, time: 650.8317031860352
Starting label LEVI, seed 68, iteration 1150, time: 657.7640376091003
Starting label LEVI, seed 68, iteration 1160, time: 664.8114511966705
Starting label LEVI, seed 68, iteration 1170, time: 671.8295922279358
Starting label LEVI, seed 68, iteration 1180, time: 678.8236830234528
Starting label LEVI, seed 68, iteration 1190, time: 686.2138586044312
Starting label LEVI, seed 68, iteration 1200, time: 693.3189661502838
Starting label LEVI, seed 68, iteration 1210, time: 700.6074278354645
Starting label LEVI, seed 68, iteration 1220, time: 707.909674167633
Starting label LEVI, seed 68, iteration 1230, time: 715.5227153301239
Starting label LEVI, seed 68, iteration 1240, time: 723.0177891254425
Starting label LEVI, seed 68, iteration 1250, time: 730.6167974472046
Starting label LEVI, seed 68, iteration 1260, time: 738.0514945983887
Starting label LEVI, seed 68, iteration 1270, time: 745.4528167247772
Starting label LEVI, seed 68, iteration 1280, time: 753.2230107784271
Starting label LEVI, seed 68, iteration 1290, time: 761.2648558616638
Starting label LEVI, seed 68, iteration 1300, time: 769.0941557884216
Starting label LEVI, seed 68, iteration 1310, time: 778.8187289237976
Starting label LEVI, seed 68, iteration 1320, time: 786.9616146087646
Starting label LEVI, seed 68, iteration 1330, time: 794.8153257369995
Starting label LEVI, seed 68, iteration 1340, time: 802.9382560253143
Starting label LEVI, seed 68, iteration 1350, time: 811.2007780075073
Starting label LEVI, seed 68, iteration 1360, time: 819.4843413829803
Starting label LEVI, seed 68, iteration 1370, time: 830.2060763835907
Starting label LEVI, seed 68, iteration 1380, time: 838.7206158638
Starting label LEVI, seed 68, iteration 1390, time: 846.9059791564941
Starting label LEVI, seed 68, iteration 1400, time: 854.6388487815857
Starting label LEVI, seed 68, iteration 1410, time: 862.2999210357666
Starting label LEVI, seed 68, iteration 1420, time: 870.7772660255432
Starting label LEVI, seed 68, iteration 1430, time: 878.3401765823364
Starting label LEVI, seed 68, iteration 1440, time: 885.750372171402
Starting label LEVI, seed 68, iteration 1450, time: 893.5413722991943
Starting label LEVI, seed 68, iteration 1460, time: 901.3824870586395
Starting label LEVI, seed 68, iteration 1470, time: 909.4738788604736
Starting label LEVI, seed 68, iteration 1480, time: 917.2014708518982
Starting label LEVI, seed 68, iteration 1490, time: 924.9034011363983
Starting label LEVI, seed 68, iteration 1500, time: 932.7862777709961
Starting label LEVI, seed 68, iteration 1510, time: 943.2598302364349
Starting label LEVI, seed 68, iteration 1520, time: 950.9391617774963
Starting label LEVI, seed 68, iteration 1530, time: 959.1712210178375
Starting label LEVI, seed 68, iteration 1540, time: 967.7065169811249
Starting label LEVI, seed 68, iteration 1550, time: 976.3032567501068
Starting label LEVI, seed 68, iteration 1560, time: 985.1222960948944
Starting label LEVI, seed 68, iteration 1570, time: 993.5349543094635
Starting label LEVI, seed 68, iteration 1580, time: 1001.3603546619415
Starting label LEVI, seed 68, iteration 1590, time: 1009.3280348777771
Starting label LEVI, seed 68, iteration 1600, time: 1017.2820661067963
Starting label LEVI, seed 68, iteration 1610, time: 1025.3083219528198
Starting label LEVI, seed 68, iteration 1620, time: 1036.2494156360626
Starting label LEVI, seed 68, iteration 1630, time: 1043.9562673568726
Starting label LEVI, seed 68, iteration 1640, time: 1053.8873074054718
Starting label LEVI, seed 68, iteration 1650, time: 1062.079910993576
Starting label LEVI, seed 68, iteration 1660, time: 1070.5912539958954
Starting label LEVI, seed 68, iteration 1670, time: 1078.8613188266754
Starting label LEVI, seed 68, iteration 1680, time: 1086.955735206604
Starting label LEVI, seed 68, iteration 1690, time: 1095.349589586258
Starting label LEVI, seed 68, iteration 1700, time: 1103.2907724380493
Starting label LEVI, seed 68, iteration 1710, time: 1112.23437666893
Starting label LEVI, seed 68, iteration 1720, time: 1120.7248668670654
Starting label LEVI, seed 68, iteration 1730, time: 1128.6272649765015
Starting label LEVI, seed 68, iteration 1740, time: 1136.5066249370575
Starting label LEVI, seed 68, iteration 1750, time: 1146.096314907074
Starting label LEVI, seed 68, iteration 1760, time: 1154.2813262939453
Starting label LEVI, seed 68, iteration 1770, time: 1161.9794609546661
Starting label LEVI, seed 68, iteration 1780, time: 1169.655249118805
Starting label LEVI, seed 68, iteration 1790, time: 1177.8829655647278
Starting label LEVI, seed 68, iteration 1800, time: 1185.5843901634216
Starting label LEVI, seed 68, iteration 1810, time: 1193.6958122253418
Starting label LEVI, seed 68, iteration 1820, time: 1201.4249830245972
Starting label LEVI, seed 68, iteration 1830, time: 1210.102884054184
Starting label LEVI, seed 68, iteration 1840, time: 1218.691243648529
Starting label LEVI, seed 68, iteration 1850, time: 1226.3283376693726
Starting label LEVI, seed 68, iteration 1860, time: 1234.333151102066
Starting label LEVI, seed 68, iteration 1870, time: 1241.96724152565
Starting label LEVI, seed 68, iteration 1880, time: 1249.4522137641907
Starting label LEVI, seed 68, iteration 1890, time: 1256.9166719913483
Starting label LEVI, seed 68, iteration 1900, time: 1264.535930633545
Starting label LEVI, seed 68, iteration 1910, time: 1272.2579417228699
Starting label LEVI, seed 68, iteration 1920, time: 1279.6615917682648
Starting label LEVI, seed 68, iteration 1930, time: 1287.203055381775
Starting label LEVI, seed 68, iteration 1940, time: 1294.8496630191803
Starting label LEVI, seed 68, iteration 1950, time: 1302.8955512046814
Starting label LEVI, seed 68, iteration 1960, time: 1310.102370262146
Starting label LEVI, seed 68, iteration 1970, time: 1317.3433237075806
Starting label LEVI, seed 68, iteration 1980, time: 1324.9520297050476
Starting label LEVI, seed 68, iteration 1990, time: 1332.6827733516693
submitit INFO (2022-10-02 04:30:59,880) - Job completed successfully
