submitit INFO (2022-10-02 02:24:34,643) - Starting with JobEnvironment(job_id=883679_3, hostname=g2-compute-95.coecis.cornell.edu, local_rank=0(1), node=0(1), global_rank=0(1))
submitit INFO (2022-10-02 02:24:34,643) - Loading pickle: /home/gid-cakmaks/contextual_rs/experiments/wsc_experiments/logs/883679_3/883679_3_submitted.pkl
Appending iterations to existing output!Warning: If parameters other than `iterations` have been changed, this will corrupt the output!
Starting label LEVI, seed 5, iteration 1800, time: 1580.3901715278625
Starting label LEVI, seed 5, iteration 1810, time: 1622.0122656822205
Starting label LEVI, seed 5, iteration 1820, time: 1655.7897636890411
Starting label LEVI, seed 5, iteration 1830, time: 1688.9669773578644
Starting label LEVI, seed 5, iteration 1840, time: 1732.2798254489899
Starting label LEVI, seed 5, iteration 1850, time: 1767.822268486023
Starting label LEVI, seed 5, iteration 1860, time: 1802.3173928260803
Starting label LEVI, seed 5, iteration 1870, time: 1844.96728348732
Starting label LEVI, seed 5, iteration 1880, time: 1878.3866038322449
Starting label LEVI, seed 5, iteration 1890, time: 1919.670310497284
Starting label LEVI, seed 5, iteration 1900, time: 1953.7901928424835
Starting label LEVI, seed 5, iteration 1910, time: 1987.9495558738708
Starting label LEVI, seed 5, iteration 1920, time: 2022.0434851646423
Starting label LEVI, seed 5, iteration 1930, time: 2057.3377134799957
Starting label LEVI, seed 5, iteration 1940, time: 2095.4928302764893
Starting label LEVI, seed 5, iteration 1950, time: 2131.921980381012
Starting label LEVI, seed 5, iteration 1960, time: 2168.492255449295
Starting label LEVI, seed 5, iteration 1970, time: 2208.1942381858826
Starting label LEVI, seed 5, iteration 1980, time: 2249.4599606990814
Starting label LEVI, seed 5, iteration 1990, time: 2289.3125689029694
submitit INFO (2022-10-02 02:37:15,230) - Job completed successfully
