submitit INFO (2022-10-02 13:20:34,648) - Starting with JobEnvironment(job_id=884508_1, hostname=nikola-compute-03.cs.cornell.edu, local_rank=0(1), node=0(1), global_rank=0(1))
submitit INFO (2022-10-02 13:20:34,649) - Loading pickle: /home/gid-cakmaks/contextual_rs/experiments/wsc_experiments/logs/884508_1/884508_1_submitted.pkl
Appending iterations to existing output!Warning: If parameters other than `iterations` have been changed, this will corrupt the output!
Starting label LEVI, seed 15, iteration 1790, time: 1642.4802043437958
Starting label LEVI, seed 15, iteration 1800, time: 1650.3175573349
Starting label LEVI, seed 15, iteration 1810, time: 1658.2854771614075
Starting label LEVI, seed 15, iteration 1820, time: 1666.441670179367
Starting label LEVI, seed 15, iteration 1830, time: 1674.0027151107788
Starting label LEVI, seed 15, iteration 1840, time: 1681.3510389328003
Starting label LEVI, seed 15, iteration 1850, time: 1689.1755604743958
Starting label LEVI, seed 15, iteration 1860, time: 1697.0749351978302
Starting label LEVI, seed 15, iteration 1870, time: 1704.5403215885162
Starting label LEVI, seed 15, iteration 1880, time: 1712.2073051929474
Starting label LEVI, seed 15, iteration 1890, time: 1719.7962436676025
Starting label LEVI, seed 15, iteration 1900, time: 1727.0426478385925
Starting label LEVI, seed 15, iteration 1910, time: 1734.696151971817
Starting label LEVI, seed 15, iteration 1920, time: 1741.9559054374695
Starting label LEVI, seed 15, iteration 1930, time: 1749.5149433612823
Starting label LEVI, seed 15, iteration 1940, time: 1757.775344133377
Starting label LEVI, seed 15, iteration 1950, time: 1765.4214940071106
Starting label LEVI, seed 15, iteration 1960, time: 1773.210753917694
Starting label LEVI, seed 15, iteration 1970, time: 1781.173097372055
Starting label LEVI, seed 15, iteration 1980, time: 1789.339715719223
Starting label LEVI, seed 15, iteration 1990, time: 1797.5996372699738
submitit INFO (2022-10-02 13:23:20,644) - Job completed successfully
