submitit INFO (2022-10-01 23:37:32,000) - Starting with JobEnvironment(job_id=883079_8, hostname=campbell-compute-01.mae.cornell.edu, local_rank=0(1), node=0(1), global_rank=0(1))
submitit INFO (2022-10-01 23:37:32,000) - Loading pickle: /home/gid-cakmaks/contextual_rs/experiments/wsc_experiments/logs/883079_8/883079_8_submitted.pkl
Starting label LEVI, seed 58, iteration 0, time: 0.00010848045349121094
Starting label LEVI, seed 58, iteration 10, time: 12.134085178375244
Starting label LEVI, seed 58, iteration 20, time: 15.837732791900635
Starting label LEVI, seed 58, iteration 30, time: 20.55794930458069
Starting label LEVI, seed 58, iteration 40, time: 27.072495698928833
Starting label LEVI, seed 58, iteration 50, time: 32.285210847854614
Starting label LEVI, seed 58, iteration 60, time: 40.00551891326904
Starting label LEVI, seed 58, iteration 70, time: 45.18220376968384
Starting label LEVI, seed 58, iteration 80, time: 47.518739223480225
Starting label LEVI, seed 58, iteration 90, time: 49.856545209884644
Starting label LEVI, seed 58, iteration 100, time: 52.18889808654785
Starting label LEVI, seed 58, iteration 110, time: 54.502954721450806
Starting label LEVI, seed 58, iteration 120, time: 56.86724805831909
Starting label LEVI, seed 58, iteration 130, time: 59.24875235557556
Starting label LEVI, seed 58, iteration 140, time: 61.64007496833801
Starting label LEVI, seed 58, iteration 150, time: 64.02370929718018
Starting label LEVI, seed 58, iteration 160, time: 66.43243265151978
Starting label LEVI, seed 58, iteration 170, time: 68.88772869110107
Starting label LEVI, seed 58, iteration 180, time: 71.31785655021667
Starting label LEVI, seed 58, iteration 190, time: 73.67303657531738
Starting label LEVI, seed 58, iteration 200, time: 76.11689639091492
Starting label LEVI, seed 58, iteration 210, time: 78.49122095108032
Starting label LEVI, seed 58, iteration 220, time: 80.88710403442383
Starting label LEVI, seed 58, iteration 230, time: 83.4490180015564
Starting label LEVI, seed 58, iteration 240, time: 85.85708689689636
Starting label LEVI, seed 58, iteration 250, time: 88.26510906219482
Starting label LEVI, seed 58, iteration 260, time: 90.68440699577332
Starting label LEVI, seed 58, iteration 270, time: 93.09033679962158
Starting label LEVI, seed 58, iteration 280, time: 95.46878337860107
Starting label LEVI, seed 58, iteration 290, time: 97.8372266292572
Starting label LEVI, seed 58, iteration 300, time: 100.19120144844055
Starting label LEVI, seed 58, iteration 310, time: 102.65653800964355
Starting label LEVI, seed 58, iteration 320, time: 105.10339093208313
Starting label LEVI, seed 58, iteration 330, time: 107.72898960113525
Starting label LEVI, seed 58, iteration 340, time: 110.41413831710815
Starting label LEVI, seed 58, iteration 350, time: 113.39373755455017
Starting label LEVI, seed 58, iteration 360, time: 115.89865946769714
Starting label LEVI, seed 58, iteration 370, time: 118.40018010139465
Starting label LEVI, seed 58, iteration 380, time: 120.93379759788513
Starting label LEVI, seed 58, iteration 390, time: 123.61306595802307
Starting label LEVI, seed 58, iteration 400, time: 126.2736566066742
Starting label LEVI, seed 58, iteration 410, time: 128.96540713310242
Starting label LEVI, seed 58, iteration 420, time: 131.6271107196808
Starting label LEVI, seed 58, iteration 430, time: 134.1935169696808
Starting label LEVI, seed 58, iteration 440, time: 136.872385263443
Starting label LEVI, seed 58, iteration 450, time: 139.56945371627808
Starting label LEVI, seed 58, iteration 460, time: 142.34129762649536
Starting label LEVI, seed 58, iteration 470, time: 145.21529746055603
Starting label LEVI, seed 58, iteration 480, time: 147.87124180793762
Starting label LEVI, seed 58, iteration 490, time: 150.51862621307373
Starting label LEVI, seed 58, iteration 500, time: 153.17184853553772
Starting label LEVI, seed 58, iteration 510, time: 155.7643358707428
Starting label LEVI, seed 58, iteration 520, time: 161.423002243042
Starting label LEVI, seed 58, iteration 530, time: 164.21806979179382
Starting label LEVI, seed 58, iteration 540, time: 166.9267497062683
Starting label LEVI, seed 58, iteration 550, time: 169.69476556777954
Starting label LEVI, seed 58, iteration 560, time: 172.5765256881714
Starting label LEVI, seed 58, iteration 570, time: 175.20539689064026
Starting label LEVI, seed 58, iteration 580, time: 177.8760039806366
Starting label LEVI, seed 58, iteration 590, time: 180.62676000595093
Starting label LEVI, seed 58, iteration 600, time: 183.38057827949524
Starting label LEVI, seed 58, iteration 610, time: 186.2300510406494
Starting label LEVI, seed 58, iteration 620, time: 194.73430633544922
Starting label LEVI, seed 58, iteration 630, time: 197.62045621871948
Starting label LEVI, seed 58, iteration 640, time: 200.67733502388
Starting label LEVI, seed 58, iteration 650, time: 212.9208459854126
Starting label LEVI, seed 58, iteration 660, time: 258.46646308898926
Starting label LEVI, seed 58, iteration 670, time: 264.60128235816956
Starting label LEVI, seed 58, iteration 680, time: 288.8323850631714
Starting label LEVI, seed 58, iteration 690, time: 301.5464503765106
Starting label LEVI, seed 58, iteration 700, time: 304.47766518592834
Starting label LEVI, seed 58, iteration 710, time: 307.3965027332306
Starting label LEVI, seed 58, iteration 720, time: 310.3464698791504
Starting label LEVI, seed 58, iteration 730, time: 313.2876150608063
Starting label LEVI, seed 58, iteration 740, time: 347.0603244304657
Starting label LEVI, seed 58, iteration 750, time: 376.5890648365021
Starting label LEVI, seed 58, iteration 760, time: 391.23707485198975
Starting label LEVI, seed 58, iteration 770, time: 433.55645966529846
Starting label LEVI, seed 58, iteration 780, time: 465.1982226371765
Starting label LEVI, seed 58, iteration 790, time: 506.4125397205353
Starting label LEVI, seed 58, iteration 800, time: 559.3796699047089
Starting label LEVI, seed 58, iteration 810, time: 585.5316803455353
Starting label LEVI, seed 58, iteration 820, time: 608.2080874443054
Starting label LEVI, seed 58, iteration 830, time: 631.0276527404785
Starting label LEVI, seed 58, iteration 840, time: 639.5666718482971
Starting label LEVI, seed 58, iteration 850, time: 672.9127116203308
Starting label LEVI, seed 58, iteration 860, time: 681.772323846817
Starting label LEVI, seed 58, iteration 870, time: 685.4755718708038
Starting label LEVI, seed 58, iteration 880, time: 688.416090965271
Starting label LEVI, seed 58, iteration 890, time: 695.6297161579132
Starting label LEVI, seed 58, iteration 900, time: 721.6784138679504
Starting label LEVI, seed 58, iteration 910, time: 761.7610161304474
Starting label LEVI, seed 58, iteration 920, time: 800.5683150291443
Starting label LEVI, seed 58, iteration 930, time: 815.4438016414642
Starting label LEVI, seed 58, iteration 940, time: 851.9654242992401
Starting label LEVI, seed 58, iteration 950, time: 872.0985107421875
Starting label LEVI, seed 58, iteration 960, time: 884.2098188400269
Starting label LEVI, seed 58, iteration 970, time: 932.6055247783661
Starting label LEVI, seed 58, iteration 980, time: 967.5778124332428
Starting label LEVI, seed 58, iteration 990, time: 995.8899118900299
Starting label LEVI, seed 58, iteration 1000, time: 1051.702572107315
Starting label LEVI, seed 58, iteration 1010, time: 1089.496217250824
Starting label LEVI, seed 58, iteration 1020, time: 1092.3991239070892
Starting label LEVI, seed 58, iteration 1030, time: 1095.410672903061
Starting label LEVI, seed 58, iteration 1040, time: 1098.4834659099579
Starting label LEVI, seed 58, iteration 1050, time: 1101.6309056282043
Starting label LEVI, seed 58, iteration 1060, time: 1105.0577671527863
Starting label LEVI, seed 58, iteration 1070, time: 1108.232824087143
Starting label LEVI, seed 58, iteration 1080, time: 1111.4169068336487
Starting label LEVI, seed 58, iteration 1090, time: 1114.705108165741
Starting label LEVI, seed 58, iteration 1100, time: 1118.01677942276
Starting label LEVI, seed 58, iteration 1110, time: 1121.13538479805
Starting label LEVI, seed 58, iteration 1120, time: 1124.399906873703
Starting label LEVI, seed 58, iteration 1130, time: 1127.5978276729584
Starting label LEVI, seed 58, iteration 1140, time: 1130.8485765457153
Starting label LEVI, seed 58, iteration 1150, time: 1134.099556684494
Starting label LEVI, seed 58, iteration 1160, time: 1137.5588722229004
Starting label LEVI, seed 58, iteration 1170, time: 1140.8762369155884
Starting label LEVI, seed 58, iteration 1180, time: 1144.19362616539
Starting label LEVI, seed 58, iteration 1190, time: 1147.463308095932
Starting label LEVI, seed 58, iteration 1200, time: 1150.804490327835
Starting label LEVI, seed 58, iteration 1210, time: 1154.2857689857483
Starting label LEVI, seed 58, iteration 1220, time: 1157.9820249080658
Starting label LEVI, seed 58, iteration 1230, time: 1161.3748338222504
Starting label LEVI, seed 58, iteration 1240, time: 1165.0650913715363
Starting label LEVI, seed 58, iteration 1250, time: 1168.421851158142
Starting label LEVI, seed 58, iteration 1260, time: 1171.9890055656433
Starting label LEVI, seed 58, iteration 1270, time: 1175.5187582969666
Starting label LEVI, seed 58, iteration 1280, time: 1179.2966628074646
Starting label LEVI, seed 58, iteration 1290, time: 1182.883704662323
Starting label LEVI, seed 58, iteration 1300, time: 1186.490867137909
Starting label LEVI, seed 58, iteration 1310, time: 1190.0886373519897
Starting label LEVI, seed 58, iteration 1320, time: 1193.7782747745514
Starting label LEVI, seed 58, iteration 1330, time: 1197.4583687782288
Starting label LEVI, seed 58, iteration 1340, time: 1201.2410070896149
Starting label LEVI, seed 58, iteration 1350, time: 1204.7557318210602
Starting label LEVI, seed 58, iteration 1360, time: 1208.303555727005
Starting label LEVI, seed 58, iteration 1370, time: 1212.0173163414001
Starting label LEVI, seed 58, iteration 1380, time: 1215.7093074321747
Starting label LEVI, seed 58, iteration 1390, time: 1219.5242075920105
Starting label LEVI, seed 58, iteration 1400, time: 1223.2261292934418
Starting label LEVI, seed 58, iteration 1410, time: 1227.1792340278625
Starting label LEVI, seed 58, iteration 1420, time: 1230.981375694275
Starting label LEVI, seed 58, iteration 1430, time: 1234.7908158302307
Starting label LEVI, seed 58, iteration 1440, time: 1238.7197654247284
Starting label LEVI, seed 58, iteration 1450, time: 1242.598883152008
Starting label LEVI, seed 58, iteration 1460, time: 1246.5136358737946
Starting label LEVI, seed 58, iteration 1470, time: 1250.5875627994537
Starting label LEVI, seed 58, iteration 1480, time: 1254.3610486984253
Starting label LEVI, seed 58, iteration 1490, time: 1258.1923899650574
Starting label LEVI, seed 58, iteration 1500, time: 1262.3819150924683
Starting label LEVI, seed 58, iteration 1510, time: 1266.4283986091614
Starting label LEVI, seed 58, iteration 1520, time: 1270.5706527233124
Starting label LEVI, seed 58, iteration 1530, time: 1275.1163713932037
Starting label LEVI, seed 58, iteration 1540, time: 1279.0534949302673
Starting label LEVI, seed 58, iteration 1550, time: 1283.0077395439148
Starting label LEVI, seed 58, iteration 1560, time: 1287.304218530655
Starting label LEVI, seed 58, iteration 1570, time: 1291.5558333396912
Starting label LEVI, seed 58, iteration 1580, time: 1296.0676250457764
Starting label LEVI, seed 58, iteration 1590, time: 1300.7455146312714
Starting label LEVI, seed 58, iteration 1600, time: 1304.9657487869263
Starting label LEVI, seed 58, iteration 1610, time: 1309.4648110866547
Starting label LEVI, seed 58, iteration 1620, time: 1313.6662783622742
Starting label LEVI, seed 58, iteration 1630, time: 1317.9449689388275
Starting label LEVI, seed 58, iteration 1640, time: 1322.3706693649292
Starting label LEVI, seed 58, iteration 1650, time: 1327.3581068515778
Starting label LEVI, seed 58, iteration 1660, time: 1331.7882657051086
Starting label LEVI, seed 58, iteration 1670, time: 1336.3343150615692
Starting label LEVI, seed 58, iteration 1680, time: 1340.6328310966492
Starting label LEVI, seed 58, iteration 1690, time: 1345.1645798683167
Starting label LEVI, seed 58, iteration 1700, time: 1349.748812198639
Starting label LEVI, seed 58, iteration 1710, time: 1354.3009057044983
Starting label LEVI, seed 58, iteration 1720, time: 1359.0764095783234
Starting label LEVI, seed 58, iteration 1730, time: 1363.853024482727
Starting label LEVI, seed 58, iteration 1740, time: 1368.478934288025
Starting label LEVI, seed 58, iteration 1750, time: 1373.2069072723389
Starting label LEVI, seed 58, iteration 1760, time: 1378.4720418453217
Starting label LEVI, seed 58, iteration 1770, time: 1383.512882232666
Starting label LEVI, seed 58, iteration 1780, time: 1388.2396521568298
Starting label LEVI, seed 58, iteration 1790, time: 1393.0850749015808
Starting label LEVI, seed 58, iteration 1800, time: 1398.0889837741852
Starting label LEVI, seed 58, iteration 1810, time: 1403.4433507919312
Starting label LEVI, seed 58, iteration 1820, time: 1408.4042024612427
Starting label LEVI, seed 58, iteration 1830, time: 1413.4318556785583
Starting label LEVI, seed 58, iteration 1840, time: 1418.653570175171
Starting label LEVI, seed 58, iteration 1850, time: 1423.6234967708588
Starting label LEVI, seed 58, iteration 1860, time: 1428.0295078754425
Starting label LEVI, seed 58, iteration 1870, time: 1432.4899632930756
Starting label LEVI, seed 58, iteration 1880, time: 1437.2534058094025
Starting label LEVI, seed 58, iteration 1890, time: 1441.7823963165283
Starting label LEVI, seed 58, iteration 1900, time: 1446.377580165863
Starting label LEVI, seed 58, iteration 1910, time: 1450.7968094348907
Starting label LEVI, seed 58, iteration 1920, time: 1455.580155134201
Starting label LEVI, seed 58, iteration 1930, time: 1460.3578927516937
Starting label LEVI, seed 58, iteration 1940, time: 1465.0495524406433
Starting label LEVI, seed 58, iteration 1950, time: 1469.8304133415222
Starting label LEVI, seed 58, iteration 1960, time: 1474.768984079361
Starting label LEVI, seed 58, iteration 1970, time: 1479.6452775001526
Starting label LEVI, seed 58, iteration 1980, time: 1484.319537639618
Starting label LEVI, seed 58, iteration 1990, time: 1489.377506017685
submitit WARNING (2022-10-02 00:02:24,220) - Bypassing signal SIGCONT
submitit WARNING (2022-10-02 00:02:24,279) - Bypassing signal SIGTERM
submitit INFO (2022-10-02 00:02:28,032) - Job completed successfully
