submitit INFO (2022-10-02 02:24:57,448) - Starting with JobEnvironment(job_id=883704_0, hostname=sablab-gpu-06.ece.cornell.edu, local_rank=0(1), node=0(1), global_rank=0(1))
submitit INFO (2022-10-02 02:24:57,449) - Loading pickle: /home/gid-cakmaks/contextual_rs/experiments/wsc_experiments/logs/883704_0/883704_0_submitted.pkl
Appending iterations to existing output!Warning: If parameters other than `iterations` have been changed, this will corrupt the output!
Starting label LEVI, seed 40, iteration 1660, time: 1573.6645348072052
Starting label LEVI, seed 40, iteration 1670, time: 1588.3245995044708
Starting label LEVI, seed 40, iteration 1680, time: 1605.472406387329
Starting label LEVI, seed 40, iteration 1690, time: 1619.103774547577
Starting label LEVI, seed 40, iteration 1700, time: 1632.8886053562164
Starting label LEVI, seed 40, iteration 1710, time: 1646.6285829544067
Starting label LEVI, seed 40, iteration 1720, time: 1662.5060064792633
Starting label LEVI, seed 40, iteration 1730, time: 1677.5582203865051
Starting label LEVI, seed 40, iteration 1740, time: 1693.4175086021423
Starting label LEVI, seed 40, iteration 1750, time: 1709.5153498649597
Starting label LEVI, seed 40, iteration 1760, time: 1723.6430711746216
Starting label LEVI, seed 40, iteration 1770, time: 1738.5800201892853
Starting label LEVI, seed 40, iteration 1780, time: 1757.3896753787994
Starting label LEVI, seed 40, iteration 1790, time: 1774.865552663803
Starting label LEVI, seed 40, iteration 1800, time: 1795.637041568756
Starting label LEVI, seed 40, iteration 1810, time: 1812.8379490375519
Starting label LEVI, seed 40, iteration 1820, time: 1829.565817117691
Starting label LEVI, seed 40, iteration 1830, time: 1843.2350103855133
Starting label LEVI, seed 40, iteration 1840, time: 1859.853563785553
Starting label LEVI, seed 40, iteration 1850, time: 1878.2912302017212
Starting label LEVI, seed 40, iteration 1860, time: 1893.2263987064362
Starting label LEVI, seed 40, iteration 1870, time: 1909.2918620109558
Starting label LEVI, seed 40, iteration 1880, time: 1924.1283874511719
Starting label LEVI, seed 40, iteration 1890, time: 1943.4122259616852
Starting label LEVI, seed 40, iteration 1900, time: 1959.1515407562256
Starting label LEVI, seed 40, iteration 1910, time: 1974.8986823558807
Starting label LEVI, seed 40, iteration 1920, time: 1993.3244762420654
Starting label LEVI, seed 40, iteration 1930, time: 2007.6881861686707
Starting label LEVI, seed 40, iteration 1940, time: 2024.523738861084
Starting label LEVI, seed 40, iteration 1950, time: 2044.7463974952698
Starting label LEVI, seed 40, iteration 1960, time: 2061.0923039913177
Starting label LEVI, seed 40, iteration 1970, time: 2078.3652160167694
Starting label LEVI, seed 40, iteration 1980, time: 2099.7227363586426
Starting label LEVI, seed 40, iteration 1990, time: 2122.2984466552734
submitit INFO (2022-10-02 02:34:29,947) - Job completed successfully
