submitit INFO (2022-10-02 00:14:03,774) - Starting with JobEnvironment(job_id=883188_9, hostname=nikola-compute-03.cs.cornell.edu, local_rank=0(1), node=0(1), global_rank=0(1))
submitit INFO (2022-10-02 00:14:03,775) - Loading pickle: /home/gid-cakmaks/contextual_rs/experiments/wsc_experiments/logs/883188_9/883188_9_submitted.pkl
Starting label LEVI, seed 69, iteration 0, time: 9.894371032714844e-05
Starting label LEVI, seed 69, iteration 10, time: 2.460325002670288
Starting label LEVI, seed 69, iteration 20, time: 4.907330513000488
Starting label LEVI, seed 69, iteration 30, time: 7.429483413696289
Starting label LEVI, seed 69, iteration 40, time: 9.93912124633789
Starting label LEVI, seed 69, iteration 50, time: 12.476522207260132
Starting label LEVI, seed 69, iteration 60, time: 14.982874631881714
Starting label LEVI, seed 69, iteration 70, time: 17.499340295791626
Starting label LEVI, seed 69, iteration 80, time: 20.024311065673828
Starting label LEVI, seed 69, iteration 90, time: 22.552887439727783
Starting label LEVI, seed 69, iteration 100, time: 25.191490650177002
Starting label LEVI, seed 69, iteration 110, time: 27.693324327468872
Starting label LEVI, seed 69, iteration 120, time: 30.19266676902771
Starting label LEVI, seed 69, iteration 130, time: 32.70522856712341
Starting label LEVI, seed 69, iteration 140, time: 35.27683711051941
Starting label LEVI, seed 69, iteration 150, time: 37.82089948654175
Starting label LEVI, seed 69, iteration 160, time: 40.380470514297485
Starting label LEVI, seed 69, iteration 170, time: 42.93349266052246
Starting label LEVI, seed 69, iteration 180, time: 45.54251956939697
Starting label LEVI, seed 69, iteration 190, time: 48.12640309333801
Starting label LEVI, seed 69, iteration 200, time: 50.67771077156067
Starting label LEVI, seed 69, iteration 210, time: 53.29577326774597
Starting label LEVI, seed 69, iteration 220, time: 56.029269218444824
Starting label LEVI, seed 69, iteration 230, time: 58.90402889251709
Starting label LEVI, seed 69, iteration 240, time: 61.71397089958191
Starting label LEVI, seed 69, iteration 250, time: 64.46796488761902
Starting label LEVI, seed 69, iteration 260, time: 67.31172800064087
Starting label LEVI, seed 69, iteration 270, time: 70.16500473022461
Starting label LEVI, seed 69, iteration 280, time: 73.01219892501831
Starting label LEVI, seed 69, iteration 290, time: 75.93411874771118
Starting label LEVI, seed 69, iteration 300, time: 78.65628027915955
Starting label LEVI, seed 69, iteration 310, time: 81.4461281299591
Starting label LEVI, seed 69, iteration 320, time: 84.17337727546692
Starting label LEVI, seed 69, iteration 330, time: 86.87093782424927
Starting label LEVI, seed 69, iteration 340, time: 89.59904551506042
Starting label LEVI, seed 69, iteration 350, time: 92.2159070968628
Starting label LEVI, seed 69, iteration 360, time: 94.88997626304626
Starting label LEVI, seed 69, iteration 370, time: 97.64216876029968
Starting label LEVI, seed 69, iteration 380, time: 100.41594362258911
Starting label LEVI, seed 69, iteration 390, time: 103.34704661369324
Starting label LEVI, seed 69, iteration 400, time: 106.16501045227051
Starting label LEVI, seed 69, iteration 410, time: 108.92716670036316
Starting label LEVI, seed 69, iteration 420, time: 111.72496032714844
Starting label LEVI, seed 69, iteration 430, time: 114.48651576042175
Starting label LEVI, seed 69, iteration 440, time: 117.26618528366089
Starting label LEVI, seed 69, iteration 450, time: 120.06109976768494
Starting label LEVI, seed 69, iteration 460, time: 122.78962206840515
Starting label LEVI, seed 69, iteration 470, time: 125.73327875137329
Starting label LEVI, seed 69, iteration 480, time: 128.53707909584045
Starting label LEVI, seed 69, iteration 490, time: 131.39326214790344
Starting label LEVI, seed 69, iteration 500, time: 134.16699123382568
Starting label LEVI, seed 69, iteration 510, time: 136.85385417938232
Starting label LEVI, seed 69, iteration 520, time: 139.53805708885193
Starting label LEVI, seed 69, iteration 530, time: 142.397287607193
Starting label LEVI, seed 69, iteration 540, time: 145.11029624938965
Starting label LEVI, seed 69, iteration 550, time: 147.8360583782196
Starting label LEVI, seed 69, iteration 560, time: 150.64923691749573
Starting label LEVI, seed 69, iteration 570, time: 153.2710611820221
Starting label LEVI, seed 69, iteration 580, time: 155.88702535629272
Starting label LEVI, seed 69, iteration 590, time: 158.55951309204102
Starting label LEVI, seed 69, iteration 600, time: 161.14643502235413
Starting label LEVI, seed 69, iteration 610, time: 163.75487184524536
Starting label LEVI, seed 69, iteration 620, time: 166.42918848991394
Starting label LEVI, seed 69, iteration 630, time: 169.0866186618805
Starting label LEVI, seed 69, iteration 640, time: 171.81218886375427
Starting label LEVI, seed 69, iteration 650, time: 174.55501198768616
Starting label LEVI, seed 69, iteration 660, time: 177.25504422187805
Starting label LEVI, seed 69, iteration 670, time: 179.8507068157196
Starting label LEVI, seed 69, iteration 680, time: 182.58757781982422
Starting label LEVI, seed 69, iteration 690, time: 185.31668376922607
Starting label LEVI, seed 69, iteration 700, time: 188.15497398376465
Starting label LEVI, seed 69, iteration 710, time: 191.01312828063965
Starting label LEVI, seed 69, iteration 720, time: 193.8802468776703
Starting label LEVI, seed 69, iteration 730, time: 196.6525797843933
Starting label LEVI, seed 69, iteration 740, time: 199.52253460884094
Starting label LEVI, seed 69, iteration 750, time: 202.31492400169373
Starting label LEVI, seed 69, iteration 760, time: 205.1392195224762
Starting label LEVI, seed 69, iteration 770, time: 207.9741551876068
Starting label LEVI, seed 69, iteration 780, time: 210.8028380870819
Starting label LEVI, seed 69, iteration 790, time: 213.6442573070526
Starting label LEVI, seed 69, iteration 800, time: 216.5421392917633
Starting label LEVI, seed 69, iteration 810, time: 219.61637592315674
Starting label LEVI, seed 69, iteration 820, time: 222.56413769721985
Starting label LEVI, seed 69, iteration 830, time: 225.61750030517578
Starting label LEVI, seed 69, iteration 840, time: 228.5594563484192
Starting label LEVI, seed 69, iteration 850, time: 231.45559191703796
Starting label LEVI, seed 69, iteration 860, time: 234.41505098342896
Starting label LEVI, seed 69, iteration 870, time: 237.25782585144043
Starting label LEVI, seed 69, iteration 880, time: 240.13050365447998
Starting label LEVI, seed 69, iteration 890, time: 243.1721475124359
Starting label LEVI, seed 69, iteration 900, time: 246.13910269737244
Starting label LEVI, seed 69, iteration 910, time: 249.09628629684448
Starting label LEVI, seed 69, iteration 920, time: 252.09784865379333
Starting label LEVI, seed 69, iteration 930, time: 255.05370211601257
Starting label LEVI, seed 69, iteration 940, time: 258.0910451412201
Starting label LEVI, seed 69, iteration 950, time: 261.14485454559326
Starting label LEVI, seed 69, iteration 960, time: 264.22640919685364
Starting label LEVI, seed 69, iteration 970, time: 267.3319661617279
Starting label LEVI, seed 69, iteration 980, time: 270.6365530490875
Starting label LEVI, seed 69, iteration 990, time: 273.64527583122253
Starting label LEVI, seed 69, iteration 1000, time: 276.64088797569275
Starting label LEVI, seed 69, iteration 1010, time: 279.67381143569946
Starting label LEVI, seed 69, iteration 1020, time: 282.6951229572296
Starting label LEVI, seed 69, iteration 1030, time: 285.71508955955505
Starting label LEVI, seed 69, iteration 1040, time: 288.7814919948578
Starting label LEVI, seed 69, iteration 1050, time: 291.8221528530121
Starting label LEVI, seed 69, iteration 1060, time: 295.15628814697266
Starting label LEVI, seed 69, iteration 1070, time: 298.2828731536865
Starting label LEVI, seed 69, iteration 1080, time: 301.3918926715851
Starting label LEVI, seed 69, iteration 1090, time: 304.49874782562256
Starting label LEVI, seed 69, iteration 1100, time: 307.6023292541504
Starting label LEVI, seed 69, iteration 1110, time: 310.75546741485596
Starting label LEVI, seed 69, iteration 1120, time: 314.0293838977814
Starting label LEVI, seed 69, iteration 1130, time: 317.232652425766
Starting label LEVI, seed 69, iteration 1140, time: 320.5780417919159
Starting label LEVI, seed 69, iteration 1150, time: 323.956818819046
Starting label LEVI, seed 69, iteration 1160, time: 327.07224798202515
Starting label LEVI, seed 69, iteration 1170, time: 330.4039294719696
Starting label LEVI, seed 69, iteration 1180, time: 333.749263048172
Starting label LEVI, seed 69, iteration 1190, time: 337.159396648407
Starting label LEVI, seed 69, iteration 1200, time: 340.4492537975311
Starting label LEVI, seed 69, iteration 1210, time: 343.7756543159485
Starting label LEVI, seed 69, iteration 1220, time: 347.2800495624542
Starting label LEVI, seed 69, iteration 1230, time: 350.56850576400757
Starting label LEVI, seed 69, iteration 1240, time: 353.9149537086487
Starting label LEVI, seed 69, iteration 1250, time: 357.1033890247345
Starting label LEVI, seed 69, iteration 1260, time: 360.38081669807434
Starting label LEVI, seed 69, iteration 1270, time: 363.7565791606903
Starting label LEVI, seed 69, iteration 1280, time: 367.1984529495239
Starting label LEVI, seed 69, iteration 1290, time: 370.55006766319275
Starting label LEVI, seed 69, iteration 1300, time: 373.95175528526306
Starting label LEVI, seed 69, iteration 1310, time: 377.5269694328308
Starting label LEVI, seed 69, iteration 1320, time: 381.04967069625854
Starting label LEVI, seed 69, iteration 1330, time: 384.64684081077576
Starting label LEVI, seed 69, iteration 1340, time: 388.26557540893555
Starting label LEVI, seed 69, iteration 1350, time: 391.99624013900757
Starting label LEVI, seed 69, iteration 1360, time: 395.6007664203644
Starting label LEVI, seed 69, iteration 1370, time: 399.3400197029114
Starting label LEVI, seed 69, iteration 1380, time: 403.1829845905304
Starting label LEVI, seed 69, iteration 1390, time: 406.9427909851074
Starting label LEVI, seed 69, iteration 1400, time: 410.64856600761414
Starting label LEVI, seed 69, iteration 1410, time: 414.38599491119385
Starting label LEVI, seed 69, iteration 1420, time: 418.18783044815063
Starting label LEVI, seed 69, iteration 1430, time: 421.9449164867401
Starting label LEVI, seed 69, iteration 1440, time: 425.9678363800049
Starting label LEVI, seed 69, iteration 1450, time: 429.9024019241333
Starting label LEVI, seed 69, iteration 1460, time: 433.8625955581665
Starting label LEVI, seed 69, iteration 1470, time: 437.7784833908081
Starting label LEVI, seed 69, iteration 1480, time: 441.7339508533478
Starting label LEVI, seed 69, iteration 1490, time: 445.74285769462585
Starting label LEVI, seed 69, iteration 1500, time: 449.66615533828735
Starting label LEVI, seed 69, iteration 1510, time: 453.6493446826935
Starting label LEVI, seed 69, iteration 1520, time: 457.6210837364197
Starting label LEVI, seed 69, iteration 1530, time: 461.6824200153351
Starting label LEVI, seed 69, iteration 1540, time: 465.8714442253113
Starting label LEVI, seed 69, iteration 1550, time: 469.88330006599426
Starting label LEVI, seed 69, iteration 1560, time: 474.4542660713196
Starting label LEVI, seed 69, iteration 1570, time: 478.6747305393219
Starting label LEVI, seed 69, iteration 1580, time: 482.83724761009216
Starting label LEVI, seed 69, iteration 1590, time: 487.17753291130066
Starting label LEVI, seed 69, iteration 1600, time: 491.3435130119324
Starting label LEVI, seed 69, iteration 1610, time: 495.5830183029175
Starting label LEVI, seed 69, iteration 1620, time: 500.03498458862305
Starting label LEVI, seed 69, iteration 1630, time: 504.33895683288574
Starting label LEVI, seed 69, iteration 1640, time: 508.675843000412
Starting label LEVI, seed 69, iteration 1650, time: 513.2443723678589
Starting label LEVI, seed 69, iteration 1660, time: 517.661500453949
Starting label LEVI, seed 69, iteration 1670, time: 522.325587272644
Starting label LEVI, seed 69, iteration 1680, time: 526.793365240097
Starting label LEVI, seed 69, iteration 1690, time: 531.2862274646759
Starting label LEVI, seed 69, iteration 1700, time: 535.7484962940216
Starting label LEVI, seed 69, iteration 1710, time: 540.1746253967285
Starting label LEVI, seed 69, iteration 1720, time: 544.7151274681091
Starting label LEVI, seed 69, iteration 1730, time: 549.3818213939667
Starting label LEVI, seed 69, iteration 1740, time: 553.8820128440857
Starting label LEVI, seed 69, iteration 1750, time: 558.3402531147003
Starting label LEVI, seed 69, iteration 1760, time: 563.3945870399475
Starting label LEVI, seed 69, iteration 1770, time: 568.0945389270782
Starting label LEVI, seed 69, iteration 1780, time: 572.7110071182251
Starting label LEVI, seed 69, iteration 1790, time: 577.2602756023407
Starting label LEVI, seed 69, iteration 1800, time: 581.8554930686951
Starting label LEVI, seed 69, iteration 1810, time: 586.596971988678
Starting label LEVI, seed 69, iteration 1820, time: 591.4693903923035
Starting label LEVI, seed 69, iteration 1830, time: 596.2483961582184
Starting label LEVI, seed 69, iteration 1840, time: 601.1715233325958
Starting label LEVI, seed 69, iteration 1850, time: 606.0432050228119
Starting label LEVI, seed 69, iteration 1860, time: 611.0831956863403
Starting label LEVI, seed 69, iteration 1870, time: 616.198162317276
Starting label LEVI, seed 69, iteration 1880, time: 621.3758015632629
Starting label LEVI, seed 69, iteration 1890, time: 626.293140411377
Starting label LEVI, seed 69, iteration 1900, time: 631.4021573066711
Starting label LEVI, seed 69, iteration 1910, time: 636.5451066493988
Starting label LEVI, seed 69, iteration 1920, time: 641.893116235733
Starting label LEVI, seed 69, iteration 1930, time: 646.9795506000519
Starting label LEVI, seed 69, iteration 1940, time: 652.125324010849
Starting label LEVI, seed 69, iteration 1950, time: 657.3019561767578
Starting label LEVI, seed 69, iteration 1960, time: 662.4255063533783
Starting label LEVI, seed 69, iteration 1970, time: 667.654833316803
Starting label LEVI, seed 69, iteration 1980, time: 672.6776611804962
Starting label LEVI, seed 69, iteration 1990, time: 677.8043999671936
submitit INFO (2022-10-02 00:25:28,413) - Job completed successfully
