submitit INFO (2022-10-02 00:30:12,631) - Starting with JobEnvironment(job_id=883282_0, hostname=g2-compute-97.coecis.cornell.edu, local_rank=0(1), node=0(1), global_rank=0(1))
submitit INFO (2022-10-02 00:30:12,631) - Loading pickle: /home/gid-cakmaks/contextual_rs/experiments/wsc_experiments/logs/883282_0/883282_0_submitted.pkl
Starting label LEVI, seed 50, iteration 0, time: 0.0003857612609863281
Starting label LEVI, seed 50, iteration 10, time: 2.218456506729126
Starting label LEVI, seed 50, iteration 20, time: 4.445300817489624
Starting label LEVI, seed 50, iteration 30, time: 6.667826175689697
Starting label LEVI, seed 50, iteration 40, time: 9.033565759658813
Starting label LEVI, seed 50, iteration 50, time: 11.365768432617188
Starting label LEVI, seed 50, iteration 60, time: 13.680692195892334
Starting label LEVI, seed 50, iteration 70, time: 15.967849016189575
Starting label LEVI, seed 50, iteration 80, time: 18.27032494544983
Starting label LEVI, seed 50, iteration 90, time: 20.60658097267151
Starting label LEVI, seed 50, iteration 100, time: 22.96713352203369
Starting label LEVI, seed 50, iteration 110, time: 25.358617782592773
Starting label LEVI, seed 50, iteration 120, time: 27.711820363998413
Starting label LEVI, seed 50, iteration 130, time: 30.015814065933228
Starting label LEVI, seed 50, iteration 140, time: 32.3615038394928
Starting label LEVI, seed 50, iteration 150, time: 34.75723934173584
Starting label LEVI, seed 50, iteration 160, time: 37.06093883514404
Starting label LEVI, seed 50, iteration 170, time: 39.44910717010498
Starting label LEVI, seed 50, iteration 180, time: 41.79453229904175
Starting label LEVI, seed 50, iteration 190, time: 44.13823437690735
Starting label LEVI, seed 50, iteration 200, time: 46.49014472961426
Starting label LEVI, seed 50, iteration 210, time: 48.826547622680664
Starting label LEVI, seed 50, iteration 220, time: 51.2240149974823
Starting label LEVI, seed 50, iteration 230, time: 53.684065103530884
Starting label LEVI, seed 50, iteration 240, time: 56.067410707473755
Starting label LEVI, seed 50, iteration 250, time: 58.56030082702637
Starting label LEVI, seed 50, iteration 260, time: 60.96369242668152
Starting label LEVI, seed 50, iteration 270, time: 63.4385986328125
Starting label LEVI, seed 50, iteration 280, time: 65.98377180099487
Starting label LEVI, seed 50, iteration 290, time: 68.3802261352539
Starting label LEVI, seed 50, iteration 300, time: 70.99072456359863
Starting label LEVI, seed 50, iteration 310, time: 73.79208278656006
Starting label LEVI, seed 50, iteration 320, time: 76.45462584495544
Starting label LEVI, seed 50, iteration 330, time: 79.01777338981628
Starting label LEVI, seed 50, iteration 340, time: 81.59077501296997
Starting label LEVI, seed 50, iteration 350, time: 84.22110748291016
Starting label LEVI, seed 50, iteration 360, time: 86.77419424057007
Starting label LEVI, seed 50, iteration 370, time: 89.49120593070984
Starting label LEVI, seed 50, iteration 380, time: 92.1004569530487
Starting label LEVI, seed 50, iteration 390, time: 94.98431468009949
Starting label LEVI, seed 50, iteration 400, time: 97.80244255065918
Starting label LEVI, seed 50, iteration 410, time: 100.43808817863464
Starting label LEVI, seed 50, iteration 420, time: 103.19521903991699
Starting label LEVI, seed 50, iteration 430, time: 106.07169222831726
Starting label LEVI, seed 50, iteration 440, time: 108.77211785316467
Starting label LEVI, seed 50, iteration 450, time: 111.52154779434204
Starting label LEVI, seed 50, iteration 460, time: 114.43165063858032
Starting label LEVI, seed 50, iteration 470, time: 117.35608744621277
Starting label LEVI, seed 50, iteration 480, time: 120.23658871650696
Starting label LEVI, seed 50, iteration 490, time: 123.44002056121826
Starting label LEVI, seed 50, iteration 500, time: 126.62891626358032
Starting label LEVI, seed 50, iteration 510, time: 129.77430176734924
Starting label LEVI, seed 50, iteration 520, time: 132.83085942268372
Starting label LEVI, seed 50, iteration 530, time: 136.21052289009094
Starting label LEVI, seed 50, iteration 540, time: 139.9278302192688
Starting label LEVI, seed 50, iteration 550, time: 143.37286615371704
Starting label LEVI, seed 50, iteration 560, time: 146.78863835334778
Starting label LEVI, seed 50, iteration 570, time: 150.18315196037292
Starting label LEVI, seed 50, iteration 580, time: 154.13318252563477
Starting label LEVI, seed 50, iteration 590, time: 158.06635308265686
Starting label LEVI, seed 50, iteration 600, time: 162.31043577194214
Starting label LEVI, seed 50, iteration 610, time: 166.44652462005615
Starting label LEVI, seed 50, iteration 620, time: 170.4455065727234
Starting label LEVI, seed 50, iteration 630, time: 174.53005123138428
Starting label LEVI, seed 50, iteration 640, time: 178.7706754207611
Starting label LEVI, seed 50, iteration 650, time: 183.15012121200562
Starting label LEVI, seed 50, iteration 660, time: 187.25527477264404
Starting label LEVI, seed 50, iteration 670, time: 191.93605518341064
Starting label LEVI, seed 50, iteration 680, time: 196.82066202163696
Starting label LEVI, seed 50, iteration 690, time: 201.5797724723816
Starting label LEVI, seed 50, iteration 700, time: 206.25779223442078
Starting label LEVI, seed 50, iteration 710, time: 210.3706831932068
Starting label LEVI, seed 50, iteration 720, time: 215.29921674728394
Starting label LEVI, seed 50, iteration 730, time: 220.6070568561554
Starting label LEVI, seed 50, iteration 740, time: 225.18821620941162
Starting label LEVI, seed 50, iteration 750, time: 229.6509292125702
Starting label LEVI, seed 50, iteration 760, time: 234.2908067703247
Starting label LEVI, seed 50, iteration 770, time: 239.81511402130127
Starting label LEVI, seed 50, iteration 780, time: 245.60742807388306
Starting label LEVI, seed 50, iteration 790, time: 251.23902416229248
Starting label LEVI, seed 50, iteration 800, time: 256.84168696403503
Starting label LEVI, seed 50, iteration 810, time: 263.10491490364075
Starting label LEVI, seed 50, iteration 820, time: 269.7582643032074
Starting label LEVI, seed 50, iteration 830, time: 275.78390526771545
Starting label LEVI, seed 50, iteration 840, time: 282.1617121696472
Starting label LEVI, seed 50, iteration 850, time: 287.3469762802124
Starting label LEVI, seed 50, iteration 860, time: 294.3961672782898
Starting label LEVI, seed 50, iteration 870, time: 300.6263153553009
Starting label LEVI, seed 50, iteration 880, time: 307.14060139656067
Starting label LEVI, seed 50, iteration 890, time: 313.92413806915283
Starting label LEVI, seed 50, iteration 900, time: 320.4539682865143
Starting label LEVI, seed 50, iteration 910, time: 327.32427167892456
Starting label LEVI, seed 50, iteration 920, time: 334.2203929424286
Starting label LEVI, seed 50, iteration 930, time: 341.8423709869385
Starting label LEVI, seed 50, iteration 940, time: 348.653196811676
Starting label LEVI, seed 50, iteration 950, time: 355.2324604988098
Starting label LEVI, seed 50, iteration 960, time: 362.86144614219666
Starting label LEVI, seed 50, iteration 970, time: 370.3008351325989
Starting label LEVI, seed 50, iteration 980, time: 376.80892968177795
Starting label LEVI, seed 50, iteration 990, time: 383.3839547634125
Starting label LEVI, seed 50, iteration 1000, time: 389.976087808609
Starting label LEVI, seed 50, iteration 1010, time: 396.589084148407
Starting label LEVI, seed 50, iteration 1020, time: 403.2270908355713
Starting label LEVI, seed 50, iteration 1030, time: 409.78594064712524
Starting label LEVI, seed 50, iteration 1040, time: 416.3104045391083
Starting label LEVI, seed 50, iteration 1050, time: 425.1803767681122
Starting label LEVI, seed 50, iteration 1060, time: 433.567019701004
Starting label LEVI, seed 50, iteration 1070, time: 440.4428639411926
Starting label LEVI, seed 50, iteration 1080, time: 449.01856660842896
Starting label LEVI, seed 50, iteration 1090, time: 456.034147977829
Starting label LEVI, seed 50, iteration 1100, time: 463.75112557411194
Starting label LEVI, seed 50, iteration 1110, time: 473.61472749710083
Starting label LEVI, seed 50, iteration 1120, time: 483.2964377403259
Starting label LEVI, seed 50, iteration 1130, time: 492.62769389152527
Starting label LEVI, seed 50, iteration 1140, time: 502.63354778289795
Starting label LEVI, seed 50, iteration 1150, time: 510.7819564342499
Starting label LEVI, seed 50, iteration 1160, time: 519.6834547519684
Starting label LEVI, seed 50, iteration 1170, time: 527.7377445697784
Starting label LEVI, seed 50, iteration 1180, time: 535.6716430187225
Starting label LEVI, seed 50, iteration 1190, time: 543.6159944534302
Starting label LEVI, seed 50, iteration 1200, time: 551.6094536781311
Starting label LEVI, seed 50, iteration 1210, time: 561.2387866973877
Starting label LEVI, seed 50, iteration 1220, time: 571.263671875
Starting label LEVI, seed 50, iteration 1230, time: 579.836198091507
Starting label LEVI, seed 50, iteration 1240, time: 590.8867700099945
Starting label LEVI, seed 50, iteration 1250, time: 601.5591249465942
Starting label LEVI, seed 50, iteration 1260, time: 611.2091698646545
Starting label LEVI, seed 50, iteration 1270, time: 621.0855004787445
Starting label LEVI, seed 50, iteration 1280, time: 631.8925092220306
Starting label LEVI, seed 50, iteration 1290, time: 644.303525686264
Starting label LEVI, seed 50, iteration 1300, time: 655.8297493457794
Starting label LEVI, seed 50, iteration 1310, time: 666.7195875644684
Starting label LEVI, seed 50, iteration 1320, time: 676.4964101314545
Starting label LEVI, seed 50, iteration 1330, time: 689.0181541442871
Starting label LEVI, seed 50, iteration 1340, time: 703.287186384201
Starting label LEVI, seed 50, iteration 1350, time: 716.7365386486053
Starting label LEVI, seed 50, iteration 1360, time: 731.1456739902496
Starting label LEVI, seed 50, iteration 1370, time: 742.8752827644348
Starting label LEVI, seed 50, iteration 1380, time: 757.7825584411621
Starting label LEVI, seed 50, iteration 1390, time: 772.6475026607513
Starting label LEVI, seed 50, iteration 1400, time: 785.3322875499725
Starting label LEVI, seed 50, iteration 1410, time: 797.6460285186768
Starting label LEVI, seed 50, iteration 1420, time: 810.6561794281006
Starting label LEVI, seed 50, iteration 1430, time: 823.1219201087952
Starting label LEVI, seed 50, iteration 1440, time: 836.7728922367096
Starting label LEVI, seed 50, iteration 1450, time: 852.5927410125732
Starting label LEVI, seed 50, iteration 1460, time: 869.303230047226
Starting label LEVI, seed 50, iteration 1470, time: 887.1711721420288
Starting label LEVI, seed 50, iteration 1480, time: 905.4025013446808
Starting label LEVI, seed 50, iteration 1490, time: 917.9920742511749
Starting label LEVI, seed 50, iteration 1500, time: 930.7852051258087
Starting label LEVI, seed 50, iteration 1510, time: 945.5508689880371
Starting label LEVI, seed 50, iteration 1520, time: 962.8515756130219
Starting label LEVI, seed 50, iteration 1530, time: 978.1845653057098
Starting label LEVI, seed 50, iteration 1540, time: 997.4888751506805
Starting label LEVI, seed 50, iteration 1550, time: 1012.8675382137299
Starting label LEVI, seed 50, iteration 1560, time: 1028.9167275428772
Starting label LEVI, seed 50, iteration 1570, time: 1049.137085199356
Starting label LEVI, seed 50, iteration 1580, time: 1066.7536318302155
Starting label LEVI, seed 50, iteration 1590, time: 1087.5451567173004
Starting label LEVI, seed 50, iteration 1600, time: 1104.5370507240295
Starting label LEVI, seed 50, iteration 1610, time: 1124.6742639541626
Starting label LEVI, seed 50, iteration 1620, time: 1141.1972935199738
Starting label LEVI, seed 50, iteration 1630, time: 1157.8858568668365
Starting label LEVI, seed 50, iteration 1640, time: 1174.7890629768372
Starting label LEVI, seed 50, iteration 1650, time: 1191.5117237567902
Starting label LEVI, seed 50, iteration 1660, time: 1208.9546229839325
Starting label LEVI, seed 50, iteration 1670, time: 1232.4581408500671
Starting label LEVI, seed 50, iteration 1680, time: 1261.3273181915283
Starting label LEVI, seed 50, iteration 1690, time: 1283.1394941806793
Starting label LEVI, seed 50, iteration 1700, time: 1307.4180347919464
Starting label LEVI, seed 50, iteration 1710, time: 1325.4776368141174
Starting label LEVI, seed 50, iteration 1720, time: 1356.5717191696167
Starting label LEVI, seed 50, iteration 1730, time: 1377.1965878009796
Starting label LEVI, seed 50, iteration 1740, time: 1403.166234254837
Starting label LEVI, seed 50, iteration 1750, time: 1424.07377243042
Starting label LEVI, seed 50, iteration 1760, time: 1445.6614444255829
Starting label LEVI, seed 50, iteration 1770, time: 1466.165646314621
Starting label LEVI, seed 50, iteration 1780, time: 1488.472872018814
Starting label LEVI, seed 50, iteration 1790, time: 1510.2061371803284
submitit WARNING (2022-10-02 00:55:52,262) - Bypassing signal SIGTERM
submitit WARNING (2022-10-02 00:55:52,262) - Bypassing signal SIGCONT
Starting label LEVI, seed 50, iteration 1800, time: 1543.3969991207123
Starting label LEVI, seed 50, iteration 1810, time: 1566.9278936386108
