submitit INFO (2022-10-02 04:33:29,337) - Starting with JobEnvironment(job_id=884079_5, hostname=nikola-compute-01.cs.cornell.edu, local_rank=0(1), node=0(1), global_rank=0(1))
submitit INFO (2022-10-02 04:33:29,337) - Loading pickle: /home/gid-cakmaks/contextual_rs/experiments/wsc_experiments/logs/884079_5/884079_5_submitted.pkl
Appending iterations to existing output!Warning: If parameters other than `iterations` have been changed, this will corrupt the output!
Starting label LEVI, seed 95, iteration 340, time: 184.02964973449707
Starting label LEVI, seed 95, iteration 350, time: 190.49369192123413
Starting label LEVI, seed 95, iteration 360, time: 196.895521402359
Starting label LEVI, seed 95, iteration 370, time: 203.14488887786865
Starting label LEVI, seed 95, iteration 380, time: 209.39090657234192
Starting label LEVI, seed 95, iteration 390, time: 215.69775581359863
Starting label LEVI, seed 95, iteration 400, time: 221.66748356819153
Starting label LEVI, seed 95, iteration 410, time: 227.5381600856781
Starting label LEVI, seed 95, iteration 420, time: 233.84172010421753
Starting label LEVI, seed 95, iteration 430, time: 239.83937525749207
Starting label LEVI, seed 95, iteration 440, time: 246.22147917747498
Starting label LEVI, seed 95, iteration 450, time: 252.3066554069519
Starting label LEVI, seed 95, iteration 460, time: 258.2367241382599
Starting label LEVI, seed 95, iteration 470, time: 264.38599276542664
Starting label LEVI, seed 95, iteration 480, time: 270.73271107673645
Starting label LEVI, seed 95, iteration 490, time: 277.2980215549469
Starting label LEVI, seed 95, iteration 500, time: 283.38402223587036
Starting label LEVI, seed 95, iteration 510, time: 289.55172300338745
Starting label LEVI, seed 95, iteration 520, time: 295.7212007045746
Starting label LEVI, seed 95, iteration 530, time: 302.11195516586304
Starting label LEVI, seed 95, iteration 540, time: 308.5928988456726
Starting label LEVI, seed 95, iteration 550, time: 315.19085454940796
Starting label LEVI, seed 95, iteration 560, time: 323.0282144546509
Starting label LEVI, seed 95, iteration 570, time: 329.92391896247864
Starting label LEVI, seed 95, iteration 580, time: 336.89681601524353
Starting label LEVI, seed 95, iteration 590, time: 344.30707454681396
Starting label LEVI, seed 95, iteration 600, time: 353.6806173324585
Starting label LEVI, seed 95, iteration 610, time: 367.0509719848633
Starting label LEVI, seed 95, iteration 620, time: 376.7040376663208
Starting label LEVI, seed 95, iteration 630, time: 385.6964521408081
Starting label LEVI, seed 95, iteration 640, time: 393.1310374736786
Starting label LEVI, seed 95, iteration 650, time: 400.8454804420471
Starting label LEVI, seed 95, iteration 660, time: 408.5948398113251
Starting label LEVI, seed 95, iteration 670, time: 416.52661538124084
Starting label LEVI, seed 95, iteration 680, time: 424.7405800819397
Starting label LEVI, seed 95, iteration 690, time: 432.1048686504364
Starting label LEVI, seed 95, iteration 700, time: 440.2841787338257
Starting label LEVI, seed 95, iteration 710, time: 446.7984642982483
Starting label LEVI, seed 95, iteration 720, time: 453.83629846572876
Starting label LEVI, seed 95, iteration 730, time: 460.8320276737213
Starting label LEVI, seed 95, iteration 740, time: 467.7074167728424
Starting label LEVI, seed 95, iteration 750, time: 474.94540524482727
Starting label LEVI, seed 95, iteration 760, time: 481.42064785957336
Starting label LEVI, seed 95, iteration 770, time: 488.6558246612549
Starting label LEVI, seed 95, iteration 780, time: 495.6888017654419
Starting label LEVI, seed 95, iteration 790, time: 502.8912305831909
Starting label LEVI, seed 95, iteration 800, time: 510.2152819633484
Starting label LEVI, seed 95, iteration 810, time: 517.8033063411713
Starting label LEVI, seed 95, iteration 820, time: 524.7340915203094
Starting label LEVI, seed 95, iteration 830, time: 531.9131183624268
Starting label LEVI, seed 95, iteration 840, time: 538.8089499473572
Starting label LEVI, seed 95, iteration 850, time: 546.0768094062805
Starting label LEVI, seed 95, iteration 860, time: 553.6345663070679
Starting label LEVI, seed 95, iteration 870, time: 561.1082637310028
Starting label LEVI, seed 95, iteration 880, time: 568.5923924446106
Starting label LEVI, seed 95, iteration 890, time: 576.593986749649
Starting label LEVI, seed 95, iteration 900, time: 583.9506163597107
Starting label LEVI, seed 95, iteration 910, time: 591.7656936645508
Starting label LEVI, seed 95, iteration 920, time: 599.0991086959839
Starting label LEVI, seed 95, iteration 930, time: 607.3253836631775
Starting label LEVI, seed 95, iteration 940, time: 615.1883866786957
Starting label LEVI, seed 95, iteration 950, time: 623.6749317646027
Starting label LEVI, seed 95, iteration 960, time: 631.5101494789124
Starting label LEVI, seed 95, iteration 970, time: 639.612090587616
Starting label LEVI, seed 95, iteration 980, time: 647.6751503944397
Starting label LEVI, seed 95, iteration 990, time: 655.9343817234039
Starting label LEVI, seed 95, iteration 1000, time: 663.9067797660828
Starting label LEVI, seed 95, iteration 1010, time: 672.2609009742737
Starting label LEVI, seed 95, iteration 1020, time: 680.5787172317505
Starting label LEVI, seed 95, iteration 1030, time: 688.6835865974426
Starting label LEVI, seed 95, iteration 1040, time: 696.3192868232727
Starting label LEVI, seed 95, iteration 1050, time: 704.471971988678
Starting label LEVI, seed 95, iteration 1060, time: 712.3597559928894
Starting label LEVI, seed 95, iteration 1070, time: 720.2450122833252
Starting label LEVI, seed 95, iteration 1080, time: 728.4688441753387
Starting label LEVI, seed 95, iteration 1090, time: 736.2845087051392
Starting label LEVI, seed 95, iteration 1100, time: 744.3735928535461
Starting label LEVI, seed 95, iteration 1110, time: 752.1572599411011
Starting label LEVI, seed 95, iteration 1120, time: 760.1689310073853
Starting label LEVI, seed 95, iteration 1130, time: 772.3510904312134
Starting label LEVI, seed 95, iteration 1140, time: 781.5940318107605
Starting label LEVI, seed 95, iteration 1150, time: 793.0021259784698
Starting label LEVI, seed 95, iteration 1160, time: 803.8238487243652
Starting label LEVI, seed 95, iteration 1170, time: 817.0135533809662
Starting label LEVI, seed 95, iteration 1180, time: 828.5731334686279
Starting label LEVI, seed 95, iteration 1190, time: 842.4963450431824
Starting label LEVI, seed 95, iteration 1200, time: 855.0017545223236
Starting label LEVI, seed 95, iteration 1210, time: 868.3502652645111
Starting label LEVI, seed 95, iteration 1220, time: 893.5693302154541
Starting label LEVI, seed 95, iteration 1230, time: 913.1574459075928
Starting label LEVI, seed 95, iteration 1240, time: 929.0200660228729
Starting label LEVI, seed 95, iteration 1250, time: 943.1781356334686
Starting label LEVI, seed 95, iteration 1260, time: 958.5945911407471
Starting label LEVI, seed 95, iteration 1270, time: 973.590279340744
Starting label LEVI, seed 95, iteration 1280, time: 982.6059694290161
Starting label LEVI, seed 95, iteration 1290, time: 991.5222828388214
Starting label LEVI, seed 95, iteration 1300, time: 999.5902268886566
Starting label LEVI, seed 95, iteration 1310, time: 1008.8070766925812
Starting label LEVI, seed 95, iteration 1320, time: 1017.3311443328857
Starting label LEVI, seed 95, iteration 1330, time: 1025.8853735923767
Starting label LEVI, seed 95, iteration 1340, time: 1034.251182794571
Starting label LEVI, seed 95, iteration 1350, time: 1042.700876235962
Starting label LEVI, seed 95, iteration 1360, time: 1050.8423483371735
Starting label LEVI, seed 95, iteration 1370, time: 1058.8613901138306
Starting label LEVI, seed 95, iteration 1380, time: 1066.6207873821259
Starting label LEVI, seed 95, iteration 1390, time: 1074.2172901630402
Starting label LEVI, seed 95, iteration 1400, time: 1081.7594683170319
Starting label LEVI, seed 95, iteration 1410, time: 1100.115617275238
Starting label LEVI, seed 95, iteration 1420, time: 1109.7579622268677
Starting label LEVI, seed 95, iteration 1430, time: 1117.389464378357
Starting label LEVI, seed 95, iteration 1440, time: 1126.0406181812286
Starting label LEVI, seed 95, iteration 1450, time: 1135.5483839511871
Starting label LEVI, seed 95, iteration 1460, time: 1143.8170483112335
Starting label LEVI, seed 95, iteration 1470, time: 1152.4823381900787
Starting label LEVI, seed 95, iteration 1480, time: 1160.9267547130585
Starting label LEVI, seed 95, iteration 1490, time: 1169.0543546676636
Starting label LEVI, seed 95, iteration 1500, time: 1177.3326694965363
Starting label LEVI, seed 95, iteration 1510, time: 1185.7859117984772
Starting label LEVI, seed 95, iteration 1520, time: 1193.808123588562
Starting label LEVI, seed 95, iteration 1530, time: 1201.9705498218536
Starting label LEVI, seed 95, iteration 1540, time: 1209.8312413692474
Starting label LEVI, seed 95, iteration 1550, time: 1217.8555784225464
Starting label LEVI, seed 95, iteration 1560, time: 1226.0233790874481
Starting label LEVI, seed 95, iteration 1570, time: 1234.0157959461212
Starting label LEVI, seed 95, iteration 1580, time: 1241.5707838535309
Starting label LEVI, seed 95, iteration 1590, time: 1248.834885597229
Starting label LEVI, seed 95, iteration 1600, time: 1255.9758853912354
Starting label LEVI, seed 95, iteration 1610, time: 1264.3836090564728
Starting label LEVI, seed 95, iteration 1620, time: 1272.2160241603851
Starting label LEVI, seed 95, iteration 1630, time: 1279.6102442741394
Starting label LEVI, seed 95, iteration 1640, time: 1286.9886405467987
Starting label LEVI, seed 95, iteration 1650, time: 1294.795328617096
Starting label LEVI, seed 95, iteration 1660, time: 1302.2862288951874
Starting label LEVI, seed 95, iteration 1670, time: 1309.876113653183
Starting label LEVI, seed 95, iteration 1680, time: 1317.806824207306
Starting label LEVI, seed 95, iteration 1690, time: 1325.5451822280884
Starting label LEVI, seed 95, iteration 1700, time: 1333.4617125988007
Starting label LEVI, seed 95, iteration 1710, time: 1341.5135307312012
Starting label LEVI, seed 95, iteration 1720, time: 1350.593181848526
Starting label LEVI, seed 95, iteration 1730, time: 1358.7585980892181
Starting label LEVI, seed 95, iteration 1740, time: 1366.9143705368042
Starting label LEVI, seed 95, iteration 1750, time: 1378.3186252117157
Starting label LEVI, seed 95, iteration 1760, time: 1396.3295600414276
Starting label LEVI, seed 95, iteration 1770, time: 1404.7031254768372
Starting label LEVI, seed 95, iteration 1780, time: 1413.4413690567017
Starting label LEVI, seed 95, iteration 1790, time: 1425.645911693573
Starting label LEVI, seed 95, iteration 1800, time: 1437.7664437294006
Starting label LEVI, seed 95, iteration 1810, time: 1450.516695022583
Starting label LEVI, seed 95, iteration 1820, time: 1461.9968795776367
Starting label LEVI, seed 95, iteration 1830, time: 1475.4099380970001
Starting label LEVI, seed 95, iteration 1840, time: 1487.520310640335
Starting label LEVI, seed 95, iteration 1850, time: 1500.9672584533691
Starting label LEVI, seed 95, iteration 1860, time: 1513.66454911232
Starting label LEVI, seed 95, iteration 1870, time: 1526.2014317512512
Starting label LEVI, seed 95, iteration 1880, time: 1564.7214555740356
Starting label LEVI, seed 95, iteration 1890, time: 1583.4325776100159
Starting label LEVI, seed 95, iteration 1900, time: 1595.0731182098389
Starting label LEVI, seed 95, iteration 1910, time: 1607.3355162143707
Starting label LEVI, seed 95, iteration 1920, time: 1618.630756855011
Starting label LEVI, seed 95, iteration 1930, time: 1632.0759706497192
Starting label LEVI, seed 95, iteration 1940, time: 1644.4780423641205
Starting label LEVI, seed 95, iteration 1950, time: 1659.5931649208069
Starting label LEVI, seed 95, iteration 1960, time: 1671.9319610595703
Starting label LEVI, seed 95, iteration 1970, time: 1685.9802284240723
Starting label LEVI, seed 95, iteration 1980, time: 1697.8272700309753
Starting label LEVI, seed 95, iteration 1990, time: 1710.9682416915894
submitit INFO (2022-10-02 04:59:13,700) - Job completed successfully
