submitit INFO (2022-10-02 13:26:32,152) - Starting with JobEnvironment(job_id=884521_2, hostname=nikola-compute-03.cs.cornell.edu, local_rank=0(1), node=0(1), global_rank=0(1))
submitit INFO (2022-10-02 13:26:32,152) - Loading pickle: /home/gid-cakmaks/contextual_rs/experiments/wsc_experiments/logs/884521_2/884521_2_submitted.pkl
Appending iterations to existing output!Warning: If parameters other than `iterations` have been changed, this will corrupt the output!
Starting label LEVI, seed 2, iteration 630, time: 344.36808681488037
Starting label LEVI, seed 2, iteration 640, time: 351.8235549926758
Starting label LEVI, seed 2, iteration 650, time: 359.2169005870819
Starting label LEVI, seed 2, iteration 660, time: 366.58314418792725
Starting label LEVI, seed 2, iteration 670, time: 373.61179852485657
Starting label LEVI, seed 2, iteration 680, time: 380.6209599971771
Starting label LEVI, seed 2, iteration 690, time: 387.8597586154938
Starting label LEVI, seed 2, iteration 700, time: 395.2600700855255
Starting label LEVI, seed 2, iteration 710, time: 402.849716424942
Starting label LEVI, seed 2, iteration 720, time: 410.3489763736725
Starting label LEVI, seed 2, iteration 730, time: 417.8905894756317
Starting label LEVI, seed 2, iteration 740, time: 425.0668227672577
Starting label LEVI, seed 2, iteration 750, time: 432.2670786380768
Starting label LEVI, seed 2, iteration 760, time: 439.72428369522095
Starting label LEVI, seed 2, iteration 770, time: 447.17517375946045
Starting label LEVI, seed 2, iteration 780, time: 454.67892575263977
Starting label LEVI, seed 2, iteration 790, time: 462.19791650772095
Starting label LEVI, seed 2, iteration 800, time: 469.4294731616974
Starting label LEVI, seed 2, iteration 810, time: 476.69178891181946
Starting label LEVI, seed 2, iteration 820, time: 484.27331161499023
Starting label LEVI, seed 2, iteration 830, time: 491.87005734443665
Starting label LEVI, seed 2, iteration 840, time: 498.94638109207153
Starting label LEVI, seed 2, iteration 850, time: 506.3944821357727
Starting label LEVI, seed 2, iteration 860, time: 514.018486738205
Starting label LEVI, seed 2, iteration 870, time: 521.766407251358
Starting label LEVI, seed 2, iteration 880, time: 529.6280393600464
Starting label LEVI, seed 2, iteration 890, time: 537.273740530014
Starting label LEVI, seed 2, iteration 900, time: 544.9097290039062
Starting label LEVI, seed 2, iteration 910, time: 552.5658855438232
Starting label LEVI, seed 2, iteration 920, time: 560.411054611206
Starting label LEVI, seed 2, iteration 930, time: 567.9898490905762
Starting label LEVI, seed 2, iteration 940, time: 575.6137852668762
Starting label LEVI, seed 2, iteration 950, time: 583.1405119895935
Starting label LEVI, seed 2, iteration 960, time: 590.7520294189453
Starting label LEVI, seed 2, iteration 970, time: 598.676477432251
Starting label LEVI, seed 2, iteration 980, time: 606.791200876236
Starting label LEVI, seed 2, iteration 990, time: 614.862687587738
Starting label LEVI, seed 2, iteration 1000, time: 622.7298829555511
Starting label LEVI, seed 2, iteration 1010, time: 630.694328546524
Starting label LEVI, seed 2, iteration 1020, time: 638.4142796993256
Starting label LEVI, seed 2, iteration 1030, time: 646.0069346427917
Starting label LEVI, seed 2, iteration 1040, time: 653.511127948761
Starting label LEVI, seed 2, iteration 1050, time: 660.9944109916687
Starting label LEVI, seed 2, iteration 1060, time: 668.5188808441162
Starting label LEVI, seed 2, iteration 1070, time: 676.2512595653534
Starting label LEVI, seed 2, iteration 1080, time: 683.86150598526
Starting label LEVI, seed 2, iteration 1090, time: 692.0348825454712
Starting label LEVI, seed 2, iteration 1100, time: 700.1787872314453
Starting label LEVI, seed 2, iteration 1110, time: 707.9956796169281
Starting label LEVI, seed 2, iteration 1120, time: 716.0663921833038
Starting label LEVI, seed 2, iteration 1130, time: 723.9885890483856
Starting label LEVI, seed 2, iteration 1140, time: 732.3034131526947
Starting label LEVI, seed 2, iteration 1150, time: 740.4019870758057
Starting label LEVI, seed 2, iteration 1160, time: 748.4018669128418
Starting label LEVI, seed 2, iteration 1170, time: 756.572892665863
Starting label LEVI, seed 2, iteration 1180, time: 765.0628607273102
Starting label LEVI, seed 2, iteration 1190, time: 773.3791279792786
Starting label LEVI, seed 2, iteration 1200, time: 781.8051288127899
Starting label LEVI, seed 2, iteration 1210, time: 789.986932516098
Starting label LEVI, seed 2, iteration 1220, time: 798.4477956295013
Starting label LEVI, seed 2, iteration 1230, time: 807.0841269493103
Starting label LEVI, seed 2, iteration 1240, time: 815.9627404212952
Starting label LEVI, seed 2, iteration 1250, time: 824.8391823768616
Starting label LEVI, seed 2, iteration 1260, time: 833.3229541778564
Starting label LEVI, seed 2, iteration 1270, time: 841.8342065811157
Starting label LEVI, seed 2, iteration 1280, time: 850.3101124763489
Starting label LEVI, seed 2, iteration 1290, time: 859.1104736328125
Starting label LEVI, seed 2, iteration 1300, time: 868.2384202480316
Starting label LEVI, seed 2, iteration 1310, time: 877.3177440166473
Starting label LEVI, seed 2, iteration 1320, time: 886.5044965744019
Starting label LEVI, seed 2, iteration 1330, time: 895.5779662132263
Starting label LEVI, seed 2, iteration 1340, time: 904.663033246994
Starting label LEVI, seed 2, iteration 1350, time: 913.7396430969238
Starting label LEVI, seed 2, iteration 1360, time: 923.0696895122528
Starting label LEVI, seed 2, iteration 1370, time: 932.1825070381165
Starting label LEVI, seed 2, iteration 1380, time: 940.6657485961914
Starting label LEVI, seed 2, iteration 1390, time: 949.6305227279663
Starting label LEVI, seed 2, iteration 1400, time: 958.8044509887695
Starting label LEVI, seed 2, iteration 1410, time: 967.9173014163971
Starting label LEVI, seed 2, iteration 1420, time: 976.6352591514587
Starting label LEVI, seed 2, iteration 1430, time: 985.5706021785736
Starting label LEVI, seed 2, iteration 1440, time: 995.3367438316345
Starting label LEVI, seed 2, iteration 1450, time: 1004.6884450912476
Starting label LEVI, seed 2, iteration 1460, time: 1014.2289745807648
Starting label LEVI, seed 2, iteration 1470, time: 1023.9983170032501
Starting label LEVI, seed 2, iteration 1480, time: 1033.4346656799316
Starting label LEVI, seed 2, iteration 1490, time: 1042.3037457466125
Starting label LEVI, seed 2, iteration 1500, time: 1051.2776544094086
Starting label LEVI, seed 2, iteration 1510, time: 1061.0518386363983
Starting label LEVI, seed 2, iteration 1520, time: 1069.7987534999847
Starting label LEVI, seed 2, iteration 1530, time: 1078.4827888011932
Starting label LEVI, seed 2, iteration 1540, time: 1087.5212454795837
Starting label LEVI, seed 2, iteration 1550, time: 1096.9385993480682
Starting label LEVI, seed 2, iteration 1560, time: 1106.4107842445374
Starting label LEVI, seed 2, iteration 1570, time: 1116.2659480571747
Starting label LEVI, seed 2, iteration 1580, time: 1125.8170244693756
Starting label LEVI, seed 2, iteration 1590, time: 1135.36861038208
Starting label LEVI, seed 2, iteration 1600, time: 1145.1354155540466
Starting label LEVI, seed 2, iteration 1610, time: 1154.5044903755188
Starting label LEVI, seed 2, iteration 1620, time: 1163.7936232089996
Starting label LEVI, seed 2, iteration 1630, time: 1173.2438986301422
Starting label LEVI, seed 2, iteration 1640, time: 1182.3353834152222
Starting label LEVI, seed 2, iteration 1650, time: 1191.0560855865479
Starting label LEVI, seed 2, iteration 1660, time: 1201.2829756736755
Starting label LEVI, seed 2, iteration 1670, time: 1210.8693282604218
Starting label LEVI, seed 2, iteration 1680, time: 1221.3309626579285
Starting label LEVI, seed 2, iteration 1690, time: 1231.0299882888794
Starting label LEVI, seed 2, iteration 1700, time: 1240.4694020748138
Starting label LEVI, seed 2, iteration 1710, time: 1250.3723170757294
Starting label LEVI, seed 2, iteration 1720, time: 1260.8311700820923
Starting label LEVI, seed 2, iteration 1730, time: 1271.2385704517365
Starting label LEVI, seed 2, iteration 1740, time: 1280.7512707710266
Starting label LEVI, seed 2, iteration 1750, time: 1290.2445533275604
Starting label LEVI, seed 2, iteration 1760, time: 1300.3851063251495
Starting label LEVI, seed 2, iteration 1770, time: 1310.6686384677887
Starting label LEVI, seed 2, iteration 1780, time: 1321.0094075202942
Starting label LEVI, seed 2, iteration 1790, time: 1330.8976545333862
Starting label LEVI, seed 2, iteration 1800, time: 1340.4000763893127
Starting label LEVI, seed 2, iteration 1810, time: 1351.5409960746765
Starting label LEVI, seed 2, iteration 1820, time: 1361.8814566135406
Starting label LEVI, seed 2, iteration 1830, time: 1372.2747147083282
Starting label LEVI, seed 2, iteration 1840, time: 1382.0882041454315
Starting label LEVI, seed 2, iteration 1850, time: 1392.437310218811
Starting label LEVI, seed 2, iteration 1860, time: 1402.7632296085358
Starting label LEVI, seed 2, iteration 1870, time: 1412.2990143299103
Starting label LEVI, seed 2, iteration 1880, time: 1421.7655446529388
Starting label LEVI, seed 2, iteration 1890, time: 1433.5212450027466
Starting label LEVI, seed 2, iteration 1900, time: 1445.17054605484
Starting label LEVI, seed 2, iteration 1910, time: 1455.5587811470032
Starting label LEVI, seed 2, iteration 1920, time: 1465.6655218601227
Starting label LEVI, seed 2, iteration 1930, time: 1476.8866617679596
Starting label LEVI, seed 2, iteration 1940, time: 1487.7538557052612
Starting label LEVI, seed 2, iteration 1950, time: 1498.549369096756
Starting label LEVI, seed 2, iteration 1960, time: 1509.411431312561
Starting label LEVI, seed 2, iteration 1970, time: 1520.0576124191284
Starting label LEVI, seed 2, iteration 1980, time: 1531.4303541183472
Starting label LEVI, seed 2, iteration 1990, time: 1542.0726618766785
submitit INFO (2022-10-02 13:46:44,644) - Job completed successfully
