submitit INFO (2022-10-02 04:15:34,957) - Starting with JobEnvironment(job_id=884045_0, hostname=snavely-compute-01.tech.cornell.edu, local_rank=0(1), node=0(1), global_rank=0(1))
submitit INFO (2022-10-02 04:15:34,957) - Loading pickle: /home/gid-cakmaks/contextual_rs/experiments/wsc_experiments/logs/884045_0/884045_0_submitted.pkl
Appending iterations to existing output!Warning: If parameters other than `iterations` have been changed, this will corrupt the output!
Starting label LEVI, seed 61, iteration 1450, time: 1513.5781586170197
Starting label LEVI, seed 61, iteration 1460, time: 1522.5397872924805
Starting label LEVI, seed 61, iteration 1470, time: 1531.1665127277374
Starting label LEVI, seed 61, iteration 1480, time: 1539.6809165477753
Starting label LEVI, seed 61, iteration 1490, time: 1548.0652701854706
Starting label LEVI, seed 61, iteration 1500, time: 1556.647412776947
Starting label LEVI, seed 61, iteration 1510, time: 1565.3574795722961
Starting label LEVI, seed 61, iteration 1520, time: 1574.383452653885
Starting label LEVI, seed 61, iteration 1530, time: 1583.5978016853333
Starting label LEVI, seed 61, iteration 1540, time: 1592.8742249011993
Starting label LEVI, seed 61, iteration 1550, time: 1602.6771385669708
Starting label LEVI, seed 61, iteration 1560, time: 1612.2954187393188
Starting label LEVI, seed 61, iteration 1570, time: 1621.6995277404785
Starting label LEVI, seed 61, iteration 1580, time: 1631.0762417316437
Starting label LEVI, seed 61, iteration 1590, time: 1639.8985664844513
Starting label LEVI, seed 61, iteration 1600, time: 1648.7324242591858
Starting label LEVI, seed 61, iteration 1610, time: 1657.8998470306396
Starting label LEVI, seed 61, iteration 1620, time: 1666.6683099269867
Starting label LEVI, seed 61, iteration 1630, time: 1675.7755336761475
Starting label LEVI, seed 61, iteration 1640, time: 1684.9375767707825
Starting label LEVI, seed 61, iteration 1650, time: 1693.8009204864502
Starting label LEVI, seed 61, iteration 1660, time: 1703.2330696582794
Starting label LEVI, seed 61, iteration 1670, time: 1712.7772884368896
Starting label LEVI, seed 61, iteration 1680, time: 1722.6916744709015
Starting label LEVI, seed 61, iteration 1690, time: 1732.0328998565674
Starting label LEVI, seed 61, iteration 1700, time: 1740.927968263626
Starting label LEVI, seed 61, iteration 1710, time: 1750.59437251091
Starting label LEVI, seed 61, iteration 1720, time: 1759.4829154014587
Starting label LEVI, seed 61, iteration 1730, time: 1768.323784828186
Starting label LEVI, seed 61, iteration 1740, time: 1777.261402130127
Starting label LEVI, seed 61, iteration 1750, time: 1786.3199260234833
Starting label LEVI, seed 61, iteration 1760, time: 1795.5688903331757
Starting label LEVI, seed 61, iteration 1770, time: 1804.8607461452484
Starting label LEVI, seed 61, iteration 1780, time: 1814.0532822608948
Starting label LEVI, seed 61, iteration 1790, time: 1823.2092921733856
Starting label LEVI, seed 61, iteration 1800, time: 1832.8307628631592
Starting label LEVI, seed 61, iteration 1810, time: 1842.104868888855
Starting label LEVI, seed 61, iteration 1820, time: 1852.1090502738953
Starting label LEVI, seed 61, iteration 1830, time: 1862.1379907131195
Starting label LEVI, seed 61, iteration 1840, time: 1872.2297673225403
Starting label LEVI, seed 61, iteration 1850, time: 1882.3570485115051
Starting label LEVI, seed 61, iteration 1860, time: 1892.6751210689545
Starting label LEVI, seed 61, iteration 1870, time: 1902.8774106502533
Starting label LEVI, seed 61, iteration 1880, time: 1913.9979186058044
Starting label LEVI, seed 61, iteration 1890, time: 1924.664384841919
Starting label LEVI, seed 61, iteration 1900, time: 1934.6896617412567
Starting label LEVI, seed 61, iteration 1910, time: 1944.8563256263733
Starting label LEVI, seed 61, iteration 1920, time: 1955.1916046142578
Starting label LEVI, seed 61, iteration 1930, time: 1965.1582927703857
Starting label LEVI, seed 61, iteration 1940, time: 1975.5436396598816
Starting label LEVI, seed 61, iteration 1950, time: 1985.8186902999878
Starting label LEVI, seed 61, iteration 1960, time: 1995.951886177063
Starting label LEVI, seed 61, iteration 1970, time: 2006.0238416194916
Starting label LEVI, seed 61, iteration 1980, time: 2015.8439528942108
Starting label LEVI, seed 61, iteration 1990, time: 2026.2085528373718
submitit INFO (2022-10-02 04:24:21,765) - Job completed successfully
