submitit INFO (2022-10-02 00:56:25,739) - Starting with JobEnvironment(job_id=883327_1, hostname=snavely-compute-01.tech.cornell.edu, local_rank=0(1), node=0(1), global_rank=0(1))
submitit INFO (2022-10-02 00:56:25,740) - Loading pickle: /home/gid-cakmaks/contextual_rs/experiments/wsc_experiments/logs/883327_1/883327_1_submitted.pkl
Starting label LEVI, seed 1, iteration 0, time: 0.07570481300354004
Starting label LEVI, seed 1, iteration 10, time: 118.80067753791809
Starting label LEVI, seed 1, iteration 20, time: 166.3679633140564
Starting label LEVI, seed 1, iteration 30, time: 169.70651173591614
Starting label LEVI, seed 1, iteration 40, time: 173.03124141693115
Starting label LEVI, seed 1, iteration 50, time: 176.35031294822693
Starting label LEVI, seed 1, iteration 60, time: 179.86090660095215
Starting label LEVI, seed 1, iteration 70, time: 183.225524187088
Starting label LEVI, seed 1, iteration 80, time: 186.62305545806885
Starting label LEVI, seed 1, iteration 90, time: 189.99768996238708
Starting label LEVI, seed 1, iteration 100, time: 193.4438135623932
Starting label LEVI, seed 1, iteration 110, time: 196.8941457271576
Starting label LEVI, seed 1, iteration 120, time: 200.37980103492737
Starting label LEVI, seed 1, iteration 130, time: 204.03964757919312
Starting label LEVI, seed 1, iteration 140, time: 207.54927778244019
Starting label LEVI, seed 1, iteration 150, time: 210.88380527496338
Starting label LEVI, seed 1, iteration 160, time: 214.07299542427063
Starting label LEVI, seed 1, iteration 170, time: 217.30998396873474
Starting label LEVI, seed 1, iteration 180, time: 220.68399691581726
Starting label LEVI, seed 1, iteration 190, time: 224.2347927093506
Starting label LEVI, seed 1, iteration 200, time: 227.63605093955994
Starting label LEVI, seed 1, iteration 210, time: 230.89627623558044
Starting label LEVI, seed 1, iteration 220, time: 234.3182737827301
Starting label LEVI, seed 1, iteration 230, time: 237.72739124298096
Starting label LEVI, seed 1, iteration 240, time: 241.26197957992554
Starting label LEVI, seed 1, iteration 250, time: 283.6397588253021
Starting label LEVI, seed 1, iteration 260, time: 403.0847911834717
Starting label LEVI, seed 1, iteration 270, time: 524.7770090103149
Starting label LEVI, seed 1, iteration 280, time: 649.6049189567566
Starting label LEVI, seed 1, iteration 290, time: 785.0332267284393
Starting label LEVI, seed 1, iteration 300, time: 957.5212233066559
Starting label LEVI, seed 1, iteration 310, time: 1186.1170213222504
Starting label LEVI, seed 1, iteration 320, time: 1357.4636392593384
Starting label LEVI, seed 1, iteration 330, time: 1384.929533481598
submitit WARNING (2022-10-02 01:22:36,020) - Bypassing signal SIGTERM
submitit WARNING (2022-10-02 01:22:36,021) - Bypassing signal SIGCONT
