submitit INFO (2022-10-02 04:15:44,608) - Starting with JobEnvironment(job_id=884064_2, hostname=scaglione-compute-01.tech.cornell.edu, local_rank=0(1), node=0(1), global_rank=0(1))
submitit INFO (2022-10-02 04:15:44,608) - Loading pickle: /home/gid-cakmaks/contextual_rs/experiments/wsc_experiments/logs/884064_2/884064_2_submitted.pkl
Appending iterations to existing output!Warning: If parameters other than `iterations` have been changed, this will corrupt the output!
Starting label LEVI, seed 72, iteration 610, time: 333.6918203830719
Starting label LEVI, seed 72, iteration 620, time: 340.15300846099854
Starting label LEVI, seed 72, iteration 630, time: 346.2751114368439
Starting label LEVI, seed 72, iteration 640, time: 352.39892077445984
Starting label LEVI, seed 72, iteration 650, time: 358.41614532470703
Starting label LEVI, seed 72, iteration 660, time: 364.85881328582764
Starting label LEVI, seed 72, iteration 670, time: 370.98515224456787
Starting label LEVI, seed 72, iteration 680, time: 377.19500279426575
Starting label LEVI, seed 72, iteration 690, time: 383.4161334037781
Starting label LEVI, seed 72, iteration 700, time: 389.7766304016113
Starting label LEVI, seed 72, iteration 710, time: 396.12479305267334
Starting label LEVI, seed 72, iteration 720, time: 402.40304493904114
Starting label LEVI, seed 72, iteration 730, time: 408.98456954956055
Starting label LEVI, seed 72, iteration 740, time: 415.4179902076721
Starting label LEVI, seed 72, iteration 750, time: 421.7726080417633
Starting label LEVI, seed 72, iteration 760, time: 428.0171813964844
Starting label LEVI, seed 72, iteration 770, time: 434.79284834861755
Starting label LEVI, seed 72, iteration 780, time: 441.4007933139801
Starting label LEVI, seed 72, iteration 790, time: 448.24532747268677
Starting label LEVI, seed 72, iteration 800, time: 454.86763048171997
Starting label LEVI, seed 72, iteration 810, time: 461.5783405303955
Starting label LEVI, seed 72, iteration 820, time: 468.3514485359192
Starting label LEVI, seed 72, iteration 830, time: 475.42369747161865
Starting label LEVI, seed 72, iteration 840, time: 482.4507875442505
Starting label LEVI, seed 72, iteration 850, time: 489.5692310333252
Starting label LEVI, seed 72, iteration 860, time: 496.5890998840332
Starting label LEVI, seed 72, iteration 870, time: 503.4455771446228
Starting label LEVI, seed 72, iteration 880, time: 510.2642138004303
Starting label LEVI, seed 72, iteration 890, time: 517.1943168640137
Starting label LEVI, seed 72, iteration 900, time: 524.4334733486176
Starting label LEVI, seed 72, iteration 910, time: 531.8914399147034
Starting label LEVI, seed 72, iteration 920, time: 538.8454632759094
Starting label LEVI, seed 72, iteration 930, time: 545.8444559574127
Starting label LEVI, seed 72, iteration 940, time: 552.4350452423096
Starting label LEVI, seed 72, iteration 950, time: 558.8865611553192
Starting label LEVI, seed 72, iteration 960, time: 565.4005689620972
Starting label LEVI, seed 72, iteration 970, time: 571.9753971099854
Starting label LEVI, seed 72, iteration 980, time: 578.8587985038757
Starting label LEVI, seed 72, iteration 990, time: 585.5050046443939
Starting label LEVI, seed 72, iteration 1000, time: 591.9960188865662
Starting label LEVI, seed 72, iteration 1010, time: 598.6738619804382
Starting label LEVI, seed 72, iteration 1020, time: 605.3240287303925
Starting label LEVI, seed 72, iteration 1030, time: 612.1688644886017
Starting label LEVI, seed 72, iteration 1040, time: 619.0586180686951
Starting label LEVI, seed 72, iteration 1050, time: 625.4900047779083
Starting label LEVI, seed 72, iteration 1060, time: 633.9900472164154
Starting label LEVI, seed 72, iteration 1070, time: 640.7241611480713
Starting label LEVI, seed 72, iteration 1080, time: 647.5911626815796
Starting label LEVI, seed 72, iteration 1090, time: 654.5562844276428
Starting label LEVI, seed 72, iteration 1100, time: 661.7272889614105
Starting label LEVI, seed 72, iteration 1110, time: 668.8010194301605
Starting label LEVI, seed 72, iteration 1120, time: 676.1991040706635
Starting label LEVI, seed 72, iteration 1130, time: 683.4204037189484
Starting label LEVI, seed 72, iteration 1140, time: 690.5561532974243
Starting label LEVI, seed 72, iteration 1150, time: 697.8859524726868
Starting label LEVI, seed 72, iteration 1160, time: 705.207061290741
Starting label LEVI, seed 72, iteration 1170, time: 712.5335214138031
Starting label LEVI, seed 72, iteration 1180, time: 719.7631039619446
Starting label LEVI, seed 72, iteration 1190, time: 726.8292932510376
Starting label LEVI, seed 72, iteration 1200, time: 733.928644657135
Starting label LEVI, seed 72, iteration 1210, time: 741.3313882350922
Starting label LEVI, seed 72, iteration 1220, time: 748.7076699733734
Starting label LEVI, seed 72, iteration 1230, time: 756.1560723781586
Starting label LEVI, seed 72, iteration 1240, time: 763.9765770435333
Starting label LEVI, seed 72, iteration 1250, time: 772.0305542945862
Starting label LEVI, seed 72, iteration 1260, time: 779.8098866939545
Starting label LEVI, seed 72, iteration 1270, time: 787.4887125492096
Starting label LEVI, seed 72, iteration 1280, time: 795.0488274097443
Starting label LEVI, seed 72, iteration 1290, time: 802.981024980545
Starting label LEVI, seed 72, iteration 1300, time: 810.7413337230682
Starting label LEVI, seed 72, iteration 1310, time: 818.7551078796387
Starting label LEVI, seed 72, iteration 1320, time: 826.6397240161896
Starting label LEVI, seed 72, iteration 1330, time: 834.9034028053284
Starting label LEVI, seed 72, iteration 1340, time: 842.9222955703735
Starting label LEVI, seed 72, iteration 1350, time: 851.5142641067505
Starting label LEVI, seed 72, iteration 1360, time: 860.1672670841217
Starting label LEVI, seed 72, iteration 1370, time: 868.3649003505707
Starting label LEVI, seed 72, iteration 1380, time: 876.8940169811249
Starting label LEVI, seed 72, iteration 1390, time: 884.9160962104797
Starting label LEVI, seed 72, iteration 1400, time: 892.9941401481628
Starting label LEVI, seed 72, iteration 1410, time: 901.0604116916656
Starting label LEVI, seed 72, iteration 1420, time: 908.9573690891266
Starting label LEVI, seed 72, iteration 1430, time: 916.980729341507
Starting label LEVI, seed 72, iteration 1440, time: 924.7385144233704
Starting label LEVI, seed 72, iteration 1450, time: 932.8548018932343
Starting label LEVI, seed 72, iteration 1460, time: 941.0030536651611
Starting label LEVI, seed 72, iteration 1470, time: 949.427729845047
Starting label LEVI, seed 72, iteration 1480, time: 957.807377576828
Starting label LEVI, seed 72, iteration 1490, time: 966.7534849643707
Starting label LEVI, seed 72, iteration 1500, time: 975.4174695014954
Starting label LEVI, seed 72, iteration 1510, time: 984.3018705844879
Starting label LEVI, seed 72, iteration 1520, time: 993.0467073917389
Starting label LEVI, seed 72, iteration 1530, time: 1002.0499429702759
Starting label LEVI, seed 72, iteration 1540, time: 1010.845454454422
Starting label LEVI, seed 72, iteration 1550, time: 1019.4046597480774
Starting label LEVI, seed 72, iteration 1560, time: 1028.100717306137
Starting label LEVI, seed 72, iteration 1570, time: 1036.678611755371
Starting label LEVI, seed 72, iteration 1580, time: 1045.4132068157196
Starting label LEVI, seed 72, iteration 1590, time: 1053.8279983997345
Starting label LEVI, seed 72, iteration 1600, time: 1062.6266505718231
Starting label LEVI, seed 72, iteration 1610, time: 1071.6676001548767
Starting label LEVI, seed 72, iteration 1620, time: 1080.5440089702606
Starting label LEVI, seed 72, iteration 1630, time: 1089.646537065506
Starting label LEVI, seed 72, iteration 1640, time: 1098.8845806121826
Starting label LEVI, seed 72, iteration 1650, time: 1108.2224802970886
Starting label LEVI, seed 72, iteration 1660, time: 1117.2610087394714
Starting label LEVI, seed 72, iteration 1670, time: 1126.2501759529114
Starting label LEVI, seed 72, iteration 1680, time: 1135.1855721473694
Starting label LEVI, seed 72, iteration 1690, time: 1144.0143873691559
Starting label LEVI, seed 72, iteration 1700, time: 1153.1806244850159
Starting label LEVI, seed 72, iteration 1710, time: 1162.1114218235016
Starting label LEVI, seed 72, iteration 1720, time: 1170.8719873428345
Starting label LEVI, seed 72, iteration 1730, time: 1180.0088255405426
Starting label LEVI, seed 72, iteration 1740, time: 1188.9394042491913
Starting label LEVI, seed 72, iteration 1750, time: 1197.3229277133942
Starting label LEVI, seed 72, iteration 1760, time: 1206.1877403259277
Starting label LEVI, seed 72, iteration 1770, time: 1215.237731218338
Starting label LEVI, seed 72, iteration 1780, time: 1224.5704295635223
Starting label LEVI, seed 72, iteration 1790, time: 1233.900006055832
Starting label LEVI, seed 72, iteration 1800, time: 1243.705168247223
Starting label LEVI, seed 72, iteration 1810, time: 1253.2882871627808
Starting label LEVI, seed 72, iteration 1820, time: 1263.1996314525604
Starting label LEVI, seed 72, iteration 1830, time: 1272.4912440776825
Starting label LEVI, seed 72, iteration 1840, time: 1281.4573621749878
Starting label LEVI, seed 72, iteration 1850, time: 1290.6231245994568
Starting label LEVI, seed 72, iteration 1860, time: 1299.8694984912872
Starting label LEVI, seed 72, iteration 1870, time: 1309.1079185009003
Starting label LEVI, seed 72, iteration 1880, time: 1318.5757324695587
Starting label LEVI, seed 72, iteration 1890, time: 1327.8827781677246
Starting label LEVI, seed 72, iteration 1900, time: 1337.0438520908356
Starting label LEVI, seed 72, iteration 1910, time: 1346.0277194976807
Starting label LEVI, seed 72, iteration 1920, time: 1354.8778052330017
Starting label LEVI, seed 72, iteration 1930, time: 1363.539362668991
Starting label LEVI, seed 72, iteration 1940, time: 1372.3876349925995
Starting label LEVI, seed 72, iteration 1950, time: 1380.9662954807281
Starting label LEVI, seed 72, iteration 1960, time: 1389.401813030243
Starting label LEVI, seed 72, iteration 1970, time: 1398.3367338180542
Starting label LEVI, seed 72, iteration 1980, time: 1407.9117403030396
Starting label LEVI, seed 72, iteration 1990, time: 1417.6176464557648
submitit INFO (2022-10-02 04:34:01,145) - Job completed successfully
