submitit INFO (2022-10-02 13:27:12,572) - Starting with JobEnvironment(job_id=884561_7, hostname=g2-compute-97.coecis.cornell.edu, local_rank=0(1), node=0(1), global_rank=0(1))
submitit INFO (2022-10-02 13:27:12,572) - Loading pickle: /home/gid-cakmaks/contextual_rs/experiments/wsc_experiments/logs/884561_7/884561_7_submitted.pkl
Appending iterations to existing output!Warning: If parameters other than `iterations` have been changed, this will corrupt the output!
Starting label LEVI, seed 47, iteration 540, time: 319.165118932724
Starting label LEVI, seed 47, iteration 550, time: 325.43896412849426
Starting label LEVI, seed 47, iteration 560, time: 331.5914225578308
Starting label LEVI, seed 47, iteration 570, time: 337.8182075023651
Starting label LEVI, seed 47, iteration 580, time: 344.06617045402527
Starting label LEVI, seed 47, iteration 590, time: 350.49714183807373
Starting label LEVI, seed 47, iteration 600, time: 356.76086807250977
Starting label LEVI, seed 47, iteration 610, time: 362.88833022117615
Starting label LEVI, seed 47, iteration 620, time: 368.86178708076477
Starting label LEVI, seed 47, iteration 630, time: 374.93745160102844
Starting label LEVI, seed 47, iteration 640, time: 381.34954476356506
Starting label LEVI, seed 47, iteration 650, time: 387.60945749282837
Starting label LEVI, seed 47, iteration 660, time: 394.0492763519287
Starting label LEVI, seed 47, iteration 670, time: 400.347886800766
Starting label LEVI, seed 47, iteration 680, time: 406.7451252937317
Starting label LEVI, seed 47, iteration 690, time: 413.1338436603546
Starting label LEVI, seed 47, iteration 700, time: 419.5892915725708
Starting label LEVI, seed 47, iteration 710, time: 426.00822043418884
Starting label LEVI, seed 47, iteration 720, time: 432.8106963634491
Starting label LEVI, seed 47, iteration 730, time: 439.53193187713623
Starting label LEVI, seed 47, iteration 740, time: 446.3252716064453
Starting label LEVI, seed 47, iteration 750, time: 453.07233810424805
Starting label LEVI, seed 47, iteration 760, time: 459.69186758995056
Starting label LEVI, seed 47, iteration 770, time: 466.2718198299408
Starting label LEVI, seed 47, iteration 780, time: 472.9626638889313
Starting label LEVI, seed 47, iteration 790, time: 479.6241612434387
Starting label LEVI, seed 47, iteration 800, time: 486.25088143348694
Starting label LEVI, seed 47, iteration 810, time: 493.14019298553467
Starting label LEVI, seed 47, iteration 820, time: 500.1047327518463
Starting label LEVI, seed 47, iteration 830, time: 507.0575113296509
Starting label LEVI, seed 47, iteration 840, time: 514.1885478496552
Starting label LEVI, seed 47, iteration 850, time: 521.1640496253967
Starting label LEVI, seed 47, iteration 860, time: 528.2796800136566
Starting label LEVI, seed 47, iteration 870, time: 535.6240797042847
Starting label LEVI, seed 47, iteration 880, time: 542.7363061904907
Starting label LEVI, seed 47, iteration 890, time: 549.8124294281006
Starting label LEVI, seed 47, iteration 900, time: 557.0203709602356
Starting label LEVI, seed 47, iteration 910, time: 564.2439975738525
Starting label LEVI, seed 47, iteration 920, time: 571.42857837677
Starting label LEVI, seed 47, iteration 930, time: 578.226669549942
Starting label LEVI, seed 47, iteration 940, time: 585.2031643390656
Starting label LEVI, seed 47, iteration 950, time: 592.6046993732452
Starting label LEVI, seed 47, iteration 960, time: 599.6646761894226
Starting label LEVI, seed 47, iteration 970, time: 606.695318698883
Starting label LEVI, seed 47, iteration 980, time: 613.6050872802734
Starting label LEVI, seed 47, iteration 990, time: 620.8239259719849
Starting label LEVI, seed 47, iteration 1000, time: 628.4802250862122
Starting label LEVI, seed 47, iteration 1010, time: 635.8647682666779
Starting label LEVI, seed 47, iteration 1020, time: 643.5226747989655
Starting label LEVI, seed 47, iteration 1030, time: 651.6393001079559
Starting label LEVI, seed 47, iteration 1040, time: 659.3087863922119
Starting label LEVI, seed 47, iteration 1050, time: 667.6700820922852
Starting label LEVI, seed 47, iteration 1060, time: 675.7052156925201
Starting label LEVI, seed 47, iteration 1070, time: 683.6283986568451
Starting label LEVI, seed 47, iteration 1080, time: 691.476450920105
Starting label LEVI, seed 47, iteration 1090, time: 699.7566485404968
Starting label LEVI, seed 47, iteration 1100, time: 707.8213551044464
Starting label LEVI, seed 47, iteration 1110, time: 715.4315500259399
Starting label LEVI, seed 47, iteration 1120, time: 723.3569283485413
Starting label LEVI, seed 47, iteration 1130, time: 731.5364663600922
Starting label LEVI, seed 47, iteration 1140, time: 739.5838329792023
Starting label LEVI, seed 47, iteration 1150, time: 747.7881710529327
Starting label LEVI, seed 47, iteration 1160, time: 755.8415207862854
Starting label LEVI, seed 47, iteration 1170, time: 764.1732888221741
Starting label LEVI, seed 47, iteration 1180, time: 772.4026303291321
Starting label LEVI, seed 47, iteration 1190, time: 780.4869449138641
Starting label LEVI, seed 47, iteration 1200, time: 788.4253754615784
Starting label LEVI, seed 47, iteration 1210, time: 796.9081559181213
Starting label LEVI, seed 47, iteration 1220, time: 805.628909111023
Starting label LEVI, seed 47, iteration 1230, time: 814.4645149707794
Starting label LEVI, seed 47, iteration 1240, time: 823.4108047485352
Starting label LEVI, seed 47, iteration 1250, time: 832.7194242477417
Starting label LEVI, seed 47, iteration 1260, time: 841.0467541217804
Starting label LEVI, seed 47, iteration 1270, time: 849.3451030254364
Starting label LEVI, seed 47, iteration 1280, time: 857.8839573860168
Starting label LEVI, seed 47, iteration 1290, time: 867.4880900382996
Starting label LEVI, seed 47, iteration 1300, time: 876.9471509456635
Starting label LEVI, seed 47, iteration 1310, time: 886.4690930843353
Starting label LEVI, seed 47, iteration 1320, time: 895.1856229305267
Starting label LEVI, seed 47, iteration 1330, time: 904.1034753322601
Starting label LEVI, seed 47, iteration 1340, time: 912.914030790329
Starting label LEVI, seed 47, iteration 1350, time: 922.2204098701477
Starting label LEVI, seed 47, iteration 1360, time: 931.6780989170074
Starting label LEVI, seed 47, iteration 1370, time: 940.817643404007
Starting label LEVI, seed 47, iteration 1380, time: 950.0780923366547
Starting label LEVI, seed 47, iteration 1390, time: 958.9921975135803
Starting label LEVI, seed 47, iteration 1400, time: 968.270720243454
Starting label LEVI, seed 47, iteration 1410, time: 977.4927914142609
Starting label LEVI, seed 47, iteration 1420, time: 986.8584885597229
Starting label LEVI, seed 47, iteration 1430, time: 996.420844078064
Starting label LEVI, seed 47, iteration 1440, time: 1005.8164281845093
Starting label LEVI, seed 47, iteration 1450, time: 1015.6009259223938
Starting label LEVI, seed 47, iteration 1460, time: 1025.1725537776947
Starting label LEVI, seed 47, iteration 1470, time: 1035.025694847107
Starting label LEVI, seed 47, iteration 1480, time: 1044.1641359329224
Starting label LEVI, seed 47, iteration 1490, time: 1053.8479268550873
Starting label LEVI, seed 47, iteration 1500, time: 1063.4718935489655
Starting label LEVI, seed 47, iteration 1510, time: 1073.6763966083527
Starting label LEVI, seed 47, iteration 1520, time: 1084.7478725910187
Starting label LEVI, seed 47, iteration 1530, time: 1096.3475985527039
Starting label LEVI, seed 47, iteration 1540, time: 1106.7645032405853
Starting label LEVI, seed 47, iteration 1550, time: 1116.6535863876343
Starting label LEVI, seed 47, iteration 1560, time: 1127.2699196338654
Starting label LEVI, seed 47, iteration 1570, time: 1137.9232964515686
Starting label LEVI, seed 47, iteration 1580, time: 1148.8249251842499
Starting label LEVI, seed 47, iteration 1590, time: 1159.1161499023438
Starting label LEVI, seed 47, iteration 1600, time: 1168.9527742862701
Starting label LEVI, seed 47, iteration 1610, time: 1178.4104406833649
Starting label LEVI, seed 47, iteration 1620, time: 1188.1861369609833
Starting label LEVI, seed 47, iteration 1630, time: 1197.9337213039398
Starting label LEVI, seed 47, iteration 1640, time: 1209.2185506820679
Starting label LEVI, seed 47, iteration 1650, time: 1219.9610908031464
Starting label LEVI, seed 47, iteration 1660, time: 1231.4987301826477
Starting label LEVI, seed 47, iteration 1670, time: 1243.0361256599426
Starting label LEVI, seed 47, iteration 1680, time: 1254.061579465866
Starting label LEVI, seed 47, iteration 1690, time: 1264.4980618953705
Starting label LEVI, seed 47, iteration 1700, time: 1275.474596977234
Starting label LEVI, seed 47, iteration 1710, time: 1287.3168749809265
Starting label LEVI, seed 47, iteration 1720, time: 1298.9741866588593
Starting label LEVI, seed 47, iteration 1730, time: 1310.7525312900543
Starting label LEVI, seed 47, iteration 1740, time: 1322.3902823925018
Starting label LEVI, seed 47, iteration 1750, time: 1334.674349308014
Starting label LEVI, seed 47, iteration 1760, time: 1346.4572627544403
Starting label LEVI, seed 47, iteration 1770, time: 1358.5130643844604
Starting label LEVI, seed 47, iteration 1780, time: 1372.3800525665283
Starting label LEVI, seed 47, iteration 1790, time: 1384.4047904014587
Starting label LEVI, seed 47, iteration 1800, time: 1397.330759048462
Starting label LEVI, seed 47, iteration 1810, time: 1411.2869369983673
Starting label LEVI, seed 47, iteration 1820, time: 1424.0742454528809
Starting label LEVI, seed 47, iteration 1830, time: 1436.4446821212769
Starting label LEVI, seed 47, iteration 1840, time: 1448.5497996807098
Starting label LEVI, seed 47, iteration 1850, time: 1461.5815336704254
Starting label LEVI, seed 47, iteration 1860, time: 1475.5567004680634
Starting label LEVI, seed 47, iteration 1870, time: 1491.057704925537
Starting label LEVI, seed 47, iteration 1880, time: 1504.3815641403198
Starting label LEVI, seed 47, iteration 1890, time: 1518.5543069839478
Starting label LEVI, seed 47, iteration 1900, time: 1533.814846277237
Starting label LEVI, seed 47, iteration 1910, time: 1549.7923047542572
Starting label LEVI, seed 47, iteration 1920, time: 1564.6767239570618
Starting label LEVI, seed 47, iteration 1930, time: 1579.7484865188599
Starting label LEVI, seed 47, iteration 1940, time: 1595.9779040813446
Starting label LEVI, seed 47, iteration 1950, time: 1611.3358342647552
Starting label LEVI, seed 47, iteration 1960, time: 1625.180463552475
Starting label LEVI, seed 47, iteration 1970, time: 1637.8373174667358
Starting label LEVI, seed 47, iteration 1980, time: 1652.7122073173523
Starting label LEVI, seed 47, iteration 1990, time: 1667.3123281002045
submitit INFO (2022-10-02 13:49:59,063) - Job completed successfully
