submitit INFO (2022-10-02 02:24:47,543) - Starting with JobEnvironment(job_id=883698_3, hostname=joachims-compute-02.cs.cornell.edu, local_rank=0(1), node=0(1), global_rank=0(1))
submitit INFO (2022-10-02 02:24:47,543) - Loading pickle: /home/gid-cakmaks/contextual_rs/experiments/wsc_experiments/logs/883698_3/883698_3_submitted.pkl
Appending iterations to existing output!Warning: If parameters other than `iterations` have been changed, this will corrupt the output!
Starting label LEVI, seed 35, iteration 1740, time: 1569.288004398346
Starting label LEVI, seed 35, iteration 1750, time: 1587.6713271141052
Starting label LEVI, seed 35, iteration 1760, time: 1605.1160018444061
Starting label LEVI, seed 35, iteration 1770, time: 1623.9483652114868
Starting label LEVI, seed 35, iteration 1780, time: 1647.6749773025513
Starting label LEVI, seed 35, iteration 1790, time: 1669.1923625469208
Starting label LEVI, seed 35, iteration 1800, time: 1687.019169807434
Starting label LEVI, seed 35, iteration 1810, time: 1710.174297094345
Starting label LEVI, seed 35, iteration 1820, time: 1726.9486484527588
Starting label LEVI, seed 35, iteration 1830, time: 1745.7021524906158
Starting label LEVI, seed 35, iteration 1840, time: 1766.5194640159607
Starting label LEVI, seed 35, iteration 1850, time: 1782.644227027893
Starting label LEVI, seed 35, iteration 1860, time: 1799.5199971199036
Starting label LEVI, seed 35, iteration 1870, time: 1819.3782260417938
Starting label LEVI, seed 35, iteration 1880, time: 1843.3709344863892
Starting label LEVI, seed 35, iteration 1890, time: 1863.9286758899689
Starting label LEVI, seed 35, iteration 1900, time: 1882.742104768753
Starting label LEVI, seed 35, iteration 1910, time: 1902.3849198818207
Starting label LEVI, seed 35, iteration 1920, time: 1924.151435136795
Starting label LEVI, seed 35, iteration 1930, time: 1943.6888353824615
Starting label LEVI, seed 35, iteration 1940, time: 1964.9274396896362
Starting label LEVI, seed 35, iteration 1950, time: 1984.6612038612366
Starting label LEVI, seed 35, iteration 1960, time: 2005.007449388504
Starting label LEVI, seed 35, iteration 1970, time: 2026.3308143615723
Starting label LEVI, seed 35, iteration 1980, time: 2053.629760503769
Starting label LEVI, seed 35, iteration 1990, time: 2074.930077314377
submitit INFO (2022-10-02 02:33:38,384) - Job completed successfully
