submitit INFO (2022-10-02 00:56:56,333) - Starting with JobEnvironment(job_id=883377_5, hostname=sablab-gpu-11.ece.cornell.edu, local_rank=0(1), node=0(1), global_rank=0(1))
submitit INFO (2022-10-02 00:56:56,333) - Loading pickle: /home/gid-cakmaks/contextual_rs/experiments/wsc_experiments/logs/883377_5/883377_5_submitted.pkl
Starting label LEVI, seed 55, iteration 0, time: 0.0003972053527832031
Starting label LEVI, seed 55, iteration 10, time: 2.807224750518799
Starting label LEVI, seed 55, iteration 20, time: 5.493732929229736
Starting label LEVI, seed 55, iteration 30, time: 8.254693746566772
Starting label LEVI, seed 55, iteration 40, time: 11.02508544921875
Starting label LEVI, seed 55, iteration 50, time: 13.75773811340332
Starting label LEVI, seed 55, iteration 60, time: 16.614389181137085
Starting label LEVI, seed 55, iteration 70, time: 19.348859071731567
Starting label LEVI, seed 55, iteration 80, time: 22.153800010681152
Starting label LEVI, seed 55, iteration 90, time: 24.94199824333191
Starting label LEVI, seed 55, iteration 100, time: 27.78565239906311
Starting label LEVI, seed 55, iteration 110, time: 30.604788303375244
Starting label LEVI, seed 55, iteration 120, time: 33.418001651763916
Starting label LEVI, seed 55, iteration 130, time: 36.28207468986511
Starting label LEVI, seed 55, iteration 140, time: 39.232216119766235
Starting label LEVI, seed 55, iteration 150, time: 42.10607981681824
Starting label LEVI, seed 55, iteration 160, time: 45.23400855064392
Starting label LEVI, seed 55, iteration 170, time: 48.338106632232666
Starting label LEVI, seed 55, iteration 180, time: 51.45779299736023
Starting label LEVI, seed 55, iteration 190, time: 54.75058722496033
Starting label LEVI, seed 55, iteration 200, time: 58.04473614692688
Starting label LEVI, seed 55, iteration 210, time: 61.17166471481323
Starting label LEVI, seed 55, iteration 220, time: 64.41938781738281
Starting label LEVI, seed 55, iteration 230, time: 67.53317022323608
Starting label LEVI, seed 55, iteration 240, time: 70.61103057861328
Starting label LEVI, seed 55, iteration 250, time: 73.92003774642944
Starting label LEVI, seed 55, iteration 260, time: 76.93068385124207
Starting label LEVI, seed 55, iteration 270, time: 79.97330498695374
Starting label LEVI, seed 55, iteration 280, time: 83.07518792152405
Starting label LEVI, seed 55, iteration 290, time: 86.17092442512512
Starting label LEVI, seed 55, iteration 300, time: 89.26436519622803
Starting label LEVI, seed 55, iteration 310, time: 92.5542221069336
Starting label LEVI, seed 55, iteration 320, time: 95.65581226348877
Starting label LEVI, seed 55, iteration 330, time: 98.6919572353363
Starting label LEVI, seed 55, iteration 340, time: 101.79113936424255
Starting label LEVI, seed 55, iteration 350, time: 104.95675110816956
Starting label LEVI, seed 55, iteration 360, time: 108.1339328289032
Starting label LEVI, seed 55, iteration 370, time: 111.44176125526428
Starting label LEVI, seed 55, iteration 380, time: 114.77352142333984
Starting label LEVI, seed 55, iteration 390, time: 118.2673020362854
Starting label LEVI, seed 55, iteration 400, time: 121.56927704811096
Starting label LEVI, seed 55, iteration 410, time: 124.79745984077454
Starting label LEVI, seed 55, iteration 420, time: 128.16832661628723
Starting label LEVI, seed 55, iteration 430, time: 131.5320963859558
Starting label LEVI, seed 55, iteration 440, time: 135.01299834251404
Starting label LEVI, seed 55, iteration 450, time: 138.43928050994873
Starting label LEVI, seed 55, iteration 460, time: 141.97296786308289
Starting label LEVI, seed 55, iteration 470, time: 145.4937663078308
Starting label LEVI, seed 55, iteration 480, time: 149.19692730903625
Starting label LEVI, seed 55, iteration 490, time: 152.80049467086792
Starting label LEVI, seed 55, iteration 500, time: 156.3674831390381
Starting label LEVI, seed 55, iteration 510, time: 160.13550305366516
Starting label LEVI, seed 55, iteration 520, time: 163.9727725982666
Starting label LEVI, seed 55, iteration 530, time: 167.85834956169128
Starting label LEVI, seed 55, iteration 540, time: 171.86952924728394
Starting label LEVI, seed 55, iteration 550, time: 175.7992615699768
Starting label LEVI, seed 55, iteration 560, time: 179.73379397392273
Starting label LEVI, seed 55, iteration 570, time: 183.6201786994934
Starting label LEVI, seed 55, iteration 580, time: 187.83506107330322
Starting label LEVI, seed 55, iteration 590, time: 192.33806228637695
Starting label LEVI, seed 55, iteration 600, time: 196.35468649864197
Starting label LEVI, seed 55, iteration 610, time: 200.73059797286987
Starting label LEVI, seed 55, iteration 620, time: 205.35562586784363
Starting label LEVI, seed 55, iteration 630, time: 209.78050589561462
Starting label LEVI, seed 55, iteration 640, time: 214.2542552947998
Starting label LEVI, seed 55, iteration 650, time: 218.91510224342346
Starting label LEVI, seed 55, iteration 660, time: 223.58994960784912
Starting label LEVI, seed 55, iteration 670, time: 228.27583599090576
Starting label LEVI, seed 55, iteration 680, time: 233.04386568069458
Starting label LEVI, seed 55, iteration 690, time: 238.05053734779358
Starting label LEVI, seed 55, iteration 700, time: 243.18870306015015
Starting label LEVI, seed 55, iteration 710, time: 248.15754079818726
Starting label LEVI, seed 55, iteration 720, time: 253.10258150100708
Starting label LEVI, seed 55, iteration 730, time: 258.1229450702667
Starting label LEVI, seed 55, iteration 740, time: 263.00111722946167
Starting label LEVI, seed 55, iteration 750, time: 267.978150844574
Starting label LEVI, seed 55, iteration 760, time: 272.683687210083
Starting label LEVI, seed 55, iteration 770, time: 277.8851490020752
Starting label LEVI, seed 55, iteration 780, time: 283.0516777038574
Starting label LEVI, seed 55, iteration 790, time: 288.4183247089386
Starting label LEVI, seed 55, iteration 800, time: 293.95342564582825
Starting label LEVI, seed 55, iteration 810, time: 299.53917598724365
Starting label LEVI, seed 55, iteration 820, time: 304.6800606250763
Starting label LEVI, seed 55, iteration 830, time: 309.6997046470642
Starting label LEVI, seed 55, iteration 840, time: 315.61907410621643
Starting label LEVI, seed 55, iteration 850, time: 320.58465909957886
Starting label LEVI, seed 55, iteration 860, time: 325.6979739665985
Starting label LEVI, seed 55, iteration 870, time: 330.84437346458435
Starting label LEVI, seed 55, iteration 880, time: 336.75961351394653
Starting label LEVI, seed 55, iteration 890, time: 342.21741580963135
Starting label LEVI, seed 55, iteration 900, time: 347.8297140598297
Starting label LEVI, seed 55, iteration 910, time: 353.25253558158875
Starting label LEVI, seed 55, iteration 920, time: 359.39145016670227
Starting label LEVI, seed 55, iteration 930, time: 364.98417592048645
Starting label LEVI, seed 55, iteration 940, time: 371.7118470668793
Starting label LEVI, seed 55, iteration 950, time: 378.44009017944336
Starting label LEVI, seed 55, iteration 960, time: 385.34170722961426
Starting label LEVI, seed 55, iteration 970, time: 391.79473996162415
Starting label LEVI, seed 55, iteration 980, time: 398.4001965522766
Starting label LEVI, seed 55, iteration 990, time: 405.5547275543213
Starting label LEVI, seed 55, iteration 1000, time: 413.07028007507324
Starting label LEVI, seed 55, iteration 1010, time: 420.5881812572479
Starting label LEVI, seed 55, iteration 1020, time: 427.0237934589386
Starting label LEVI, seed 55, iteration 1030, time: 434.19756031036377
Starting label LEVI, seed 55, iteration 1040, time: 441.9028239250183
Starting label LEVI, seed 55, iteration 1050, time: 449.707710981369
Starting label LEVI, seed 55, iteration 1060, time: 456.6167342662811
Starting label LEVI, seed 55, iteration 1070, time: 463.55250310897827
Starting label LEVI, seed 55, iteration 1080, time: 470.49974608421326
Starting label LEVI, seed 55, iteration 1090, time: 477.5060954093933
Starting label LEVI, seed 55, iteration 1100, time: 484.7785391807556
Starting label LEVI, seed 55, iteration 1110, time: 494.50099205970764
Starting label LEVI, seed 55, iteration 1120, time: 503.6079914569855
Starting label LEVI, seed 55, iteration 1130, time: 511.0919089317322
Starting label LEVI, seed 55, iteration 1140, time: 520.2897598743439
Starting label LEVI, seed 55, iteration 1150, time: 529.7797131538391
Starting label LEVI, seed 55, iteration 1160, time: 539.0816006660461
Starting label LEVI, seed 55, iteration 1170, time: 548.6466233730316
Starting label LEVI, seed 55, iteration 1180, time: 558.2776439189911
Starting label LEVI, seed 55, iteration 1190, time: 568.168704032898
Starting label LEVI, seed 55, iteration 1200, time: 578.8172125816345
Starting label LEVI, seed 55, iteration 1210, time: 587.1590905189514
Starting label LEVI, seed 55, iteration 1220, time: 597.4600524902344
Starting label LEVI, seed 55, iteration 1230, time: 607.0975248813629
Starting label LEVI, seed 55, iteration 1240, time: 617.5932629108429
Starting label LEVI, seed 55, iteration 1250, time: 626.6942758560181
Starting label LEVI, seed 55, iteration 1260, time: 639.0988087654114
Starting label LEVI, seed 55, iteration 1270, time: 650.1332309246063
Starting label LEVI, seed 55, iteration 1280, time: 661.2727241516113
Starting label LEVI, seed 55, iteration 1290, time: 670.8080215454102
Starting label LEVI, seed 55, iteration 1300, time: 680.6817820072174
Starting label LEVI, seed 55, iteration 1310, time: 692.485711812973
Starting label LEVI, seed 55, iteration 1320, time: 704.3201184272766
Starting label LEVI, seed 55, iteration 1330, time: 714.4807500839233
Starting label LEVI, seed 55, iteration 1340, time: 724.5048596858978
Starting label LEVI, seed 55, iteration 1350, time: 734.4651958942413
Starting label LEVI, seed 55, iteration 1360, time: 747.085597038269
Starting label LEVI, seed 55, iteration 1370, time: 757.1552331447601
Starting label LEVI, seed 55, iteration 1380, time: 769.562814950943
Starting label LEVI, seed 55, iteration 1390, time: 784.305059671402
Starting label LEVI, seed 55, iteration 1400, time: 795.2973001003265
Starting label LEVI, seed 55, iteration 1410, time: 806.1855518817902
Starting label LEVI, seed 55, iteration 1420, time: 820.5966012477875
Starting label LEVI, seed 55, iteration 1430, time: 834.7496998310089
Starting label LEVI, seed 55, iteration 1440, time: 846.5808780193329
Starting label LEVI, seed 55, iteration 1450, time: 858.4629445075989
Starting label LEVI, seed 55, iteration 1460, time: 873.945868730545
Starting label LEVI, seed 55, iteration 1470, time: 888.2223637104034
Starting label LEVI, seed 55, iteration 1480, time: 903.5092461109161
Starting label LEVI, seed 55, iteration 1490, time: 916.460535287857
Starting label LEVI, seed 55, iteration 1500, time: 929.4384350776672
Starting label LEVI, seed 55, iteration 1510, time: 945.1064801216125
Starting label LEVI, seed 55, iteration 1520, time: 961.8041591644287
Starting label LEVI, seed 55, iteration 1530, time: 976.7333769798279
Starting label LEVI, seed 55, iteration 1540, time: 994.5567724704742
Starting label LEVI, seed 55, iteration 1550, time: 1012.2974541187286
Starting label LEVI, seed 55, iteration 1560, time: 1027.5653319358826
Starting label LEVI, seed 55, iteration 1570, time: 1042.5048513412476
Starting label LEVI, seed 55, iteration 1580, time: 1059.7453985214233
Starting label LEVI, seed 55, iteration 1590, time: 1075.8715317249298
Starting label LEVI, seed 55, iteration 1600, time: 1095.4266545772552
Starting label LEVI, seed 55, iteration 1610, time: 1115.2607357501984
Starting label LEVI, seed 55, iteration 1620, time: 1134.6120429039001
Starting label LEVI, seed 55, iteration 1630, time: 1151.2555985450745
Starting label LEVI, seed 55, iteration 1640, time: 1169.7985427379608
Starting label LEVI, seed 55, iteration 1650, time: 1186.4937527179718
Starting label LEVI, seed 55, iteration 1660, time: 1206.3679926395416
Starting label LEVI, seed 55, iteration 1670, time: 1223.636797428131
Starting label LEVI, seed 55, iteration 1680, time: 1248.0208020210266
Starting label LEVI, seed 55, iteration 1690, time: 1266.287627696991
Starting label LEVI, seed 55, iteration 1700, time: 1284.9335386753082
Starting label LEVI, seed 55, iteration 1710, time: 1307.8675606250763
Starting label LEVI, seed 55, iteration 1720, time: 1326.337628364563
Starting label LEVI, seed 55, iteration 1730, time: 1351.410122871399
Starting label LEVI, seed 55, iteration 1740, time: 1376.4930126667023
Starting label LEVI, seed 55, iteration 1750, time: 1401.7643721103668
Starting label LEVI, seed 55, iteration 1760, time: 1427.8501634597778
Starting label LEVI, seed 55, iteration 1770, time: 1452.9062778949738
Starting label LEVI, seed 55, iteration 1780, time: 1478.0522239208221
Starting label LEVI, seed 55, iteration 1790, time: 1503.2781820297241
Starting label LEVI, seed 55, iteration 1800, time: 1529.3113007545471
submitit WARNING (2022-10-02 01:22:36,131) - Bypassing signal SIGTERM
submitit WARNING (2022-10-02 01:22:36,131) - Bypassing signal SIGCONT
Starting label LEVI, seed 55, iteration 1810, time: 1549.5768010616302
