submitit INFO (2022-10-02 00:29:32,489) - Starting with JobEnvironment(job_id=883242_2, hostname=joachims-compute-02.cs.cornell.edu, local_rank=0(1), node=0(1), global_rank=0(1))
submitit INFO (2022-10-02 00:29:32,489) - Loading pickle: /home/gid-cakmaks/contextual_rs/experiments/wsc_experiments/logs/883242_2/883242_2_submitted.pkl
Starting label LEVI, seed 12, iteration 0, time: 0.0004017353057861328
Starting label LEVI, seed 12, iteration 10, time: 2.88765811920166
Starting label LEVI, seed 12, iteration 20, time: 5.692918300628662
Starting label LEVI, seed 12, iteration 30, time: 8.562666177749634
Starting label LEVI, seed 12, iteration 40, time: 11.410135984420776
Starting label LEVI, seed 12, iteration 50, time: 14.25144338607788
Starting label LEVI, seed 12, iteration 60, time: 17.17189931869507
Starting label LEVI, seed 12, iteration 70, time: 20.039748191833496
Starting label LEVI, seed 12, iteration 80, time: 22.914166688919067
Starting label LEVI, seed 12, iteration 90, time: 25.835451364517212
Starting label LEVI, seed 12, iteration 100, time: 28.764869928359985
Starting label LEVI, seed 12, iteration 110, time: 31.801457405090332
Starting label LEVI, seed 12, iteration 120, time: 34.98172068595886
Starting label LEVI, seed 12, iteration 130, time: 38.06942343711853
Starting label LEVI, seed 12, iteration 140, time: 41.14700245857239
Starting label LEVI, seed 12, iteration 150, time: 44.20460534095764
Starting label LEVI, seed 12, iteration 160, time: 47.112276554107666
Starting label LEVI, seed 12, iteration 170, time: 50.01654124259949
Starting label LEVI, seed 12, iteration 180, time: 52.95846962928772
Starting label LEVI, seed 12, iteration 190, time: 55.93714118003845
Starting label LEVI, seed 12, iteration 200, time: 58.98553490638733
Starting label LEVI, seed 12, iteration 210, time: 61.977468729019165
Starting label LEVI, seed 12, iteration 220, time: 65.0879454612732
Starting label LEVI, seed 12, iteration 230, time: 68.23888659477234
Starting label LEVI, seed 12, iteration 240, time: 71.32763242721558
Starting label LEVI, seed 12, iteration 250, time: 74.36625099182129
Starting label LEVI, seed 12, iteration 260, time: 77.51732444763184
Starting label LEVI, seed 12, iteration 270, time: 80.52664804458618
Starting label LEVI, seed 12, iteration 280, time: 83.63013815879822
Starting label LEVI, seed 12, iteration 290, time: 86.72890853881836
Starting label LEVI, seed 12, iteration 300, time: 89.79977583885193
Starting label LEVI, seed 12, iteration 310, time: 92.79804849624634
Starting label LEVI, seed 12, iteration 320, time: 95.88602781295776
Starting label LEVI, seed 12, iteration 330, time: 98.95323276519775
Starting label LEVI, seed 12, iteration 340, time: 102.0988347530365
Starting label LEVI, seed 12, iteration 350, time: 105.25554633140564
Starting label LEVI, seed 12, iteration 360, time: 108.44637846946716
Starting label LEVI, seed 12, iteration 370, time: 111.44008135795593
Starting label LEVI, seed 12, iteration 380, time: 114.60608577728271
Starting label LEVI, seed 12, iteration 390, time: 117.91267490386963
Starting label LEVI, seed 12, iteration 400, time: 121.1973283290863
Starting label LEVI, seed 12, iteration 410, time: 124.5235800743103
Starting label LEVI, seed 12, iteration 420, time: 127.76279783248901
Starting label LEVI, seed 12, iteration 430, time: 131.11868691444397
Starting label LEVI, seed 12, iteration 440, time: 134.4277741909027
Starting label LEVI, seed 12, iteration 450, time: 137.84978318214417
Starting label LEVI, seed 12, iteration 460, time: 141.3528892993927
Starting label LEVI, seed 12, iteration 470, time: 144.92756175994873
Starting label LEVI, seed 12, iteration 480, time: 148.40377140045166
Starting label LEVI, seed 12, iteration 490, time: 151.84551644325256
Starting label LEVI, seed 12, iteration 500, time: 155.2074899673462
Starting label LEVI, seed 12, iteration 510, time: 158.66544222831726
Starting label LEVI, seed 12, iteration 520, time: 162.07165789604187
Starting label LEVI, seed 12, iteration 530, time: 165.55218505859375
Starting label LEVI, seed 12, iteration 540, time: 168.99368977546692
Starting label LEVI, seed 12, iteration 550, time: 172.5616261959076
Starting label LEVI, seed 12, iteration 560, time: 176.12172746658325
Starting label LEVI, seed 12, iteration 570, time: 179.79092621803284
Starting label LEVI, seed 12, iteration 580, time: 183.43755221366882
Starting label LEVI, seed 12, iteration 590, time: 187.22014117240906
Starting label LEVI, seed 12, iteration 600, time: 191.046062707901
Starting label LEVI, seed 12, iteration 610, time: 194.63253331184387
Starting label LEVI, seed 12, iteration 620, time: 198.43148732185364
Starting label LEVI, seed 12, iteration 630, time: 202.51987433433533
Starting label LEVI, seed 12, iteration 640, time: 206.01127815246582
Starting label LEVI, seed 12, iteration 650, time: 210.10422730445862
Starting label LEVI, seed 12, iteration 660, time: 214.2284870147705
Starting label LEVI, seed 12, iteration 670, time: 218.01386141777039
Starting label LEVI, seed 12, iteration 680, time: 222.1194200515747
Starting label LEVI, seed 12, iteration 690, time: 226.29632234573364
Starting label LEVI, seed 12, iteration 700, time: 230.24301052093506
Starting label LEVI, seed 12, iteration 710, time: 234.7630820274353
Starting label LEVI, seed 12, iteration 720, time: 239.07043147087097
Starting label LEVI, seed 12, iteration 730, time: 243.2459418773651
Starting label LEVI, seed 12, iteration 740, time: 247.7517077922821
Starting label LEVI, seed 12, iteration 750, time: 251.85455989837646
Starting label LEVI, seed 12, iteration 760, time: 256.2105038166046
Starting label LEVI, seed 12, iteration 770, time: 260.3240234851837
Starting label LEVI, seed 12, iteration 780, time: 264.838853597641
Starting label LEVI, seed 12, iteration 790, time: 269.0908372402191
Starting label LEVI, seed 12, iteration 800, time: 273.59912180900574
Starting label LEVI, seed 12, iteration 810, time: 278.24223136901855
Starting label LEVI, seed 12, iteration 820, time: 282.9378385543823
Starting label LEVI, seed 12, iteration 830, time: 287.6385955810547
Starting label LEVI, seed 12, iteration 840, time: 292.4751386642456
Starting label LEVI, seed 12, iteration 850, time: 297.3548812866211
Starting label LEVI, seed 12, iteration 860, time: 301.8172011375427
Starting label LEVI, seed 12, iteration 870, time: 306.89301323890686
Starting label LEVI, seed 12, iteration 880, time: 312.21664929389954
Starting label LEVI, seed 12, iteration 890, time: 316.9878261089325
Starting label LEVI, seed 12, iteration 900, time: 322.07182025909424
Starting label LEVI, seed 12, iteration 910, time: 327.12839436531067
Starting label LEVI, seed 12, iteration 920, time: 332.75448298454285
Starting label LEVI, seed 12, iteration 930, time: 338.1770920753479
Starting label LEVI, seed 12, iteration 940, time: 343.87924790382385
Starting label LEVI, seed 12, iteration 950, time: 349.69050312042236
Starting label LEVI, seed 12, iteration 960, time: 355.672842502594
Starting label LEVI, seed 12, iteration 970, time: 361.0902590751648
Starting label LEVI, seed 12, iteration 980, time: 366.32919931411743
Starting label LEVI, seed 12, iteration 990, time: 372.29434752464294
Starting label LEVI, seed 12, iteration 1000, time: 377.2440586090088
Starting label LEVI, seed 12, iteration 1010, time: 382.2674608230591
Starting label LEVI, seed 12, iteration 1020, time: 387.619521856308
Starting label LEVI, seed 12, iteration 1030, time: 393.9551832675934
Starting label LEVI, seed 12, iteration 1040, time: 400.1312565803528
Starting label LEVI, seed 12, iteration 1050, time: 406.20218086242676
Starting label LEVI, seed 12, iteration 1060, time: 411.93871688842773
Starting label LEVI, seed 12, iteration 1070, time: 417.62246346473694
Starting label LEVI, seed 12, iteration 1080, time: 424.0182783603668
Starting label LEVI, seed 12, iteration 1090, time: 430.58560943603516
Starting label LEVI, seed 12, iteration 1100, time: 437.4241247177124
Starting label LEVI, seed 12, iteration 1110, time: 443.280556678772
Starting label LEVI, seed 12, iteration 1120, time: 450.4264006614685
Starting label LEVI, seed 12, iteration 1130, time: 456.8248701095581
Starting label LEVI, seed 12, iteration 1140, time: 463.78438663482666
Starting label LEVI, seed 12, iteration 1150, time: 470.1210994720459
Starting label LEVI, seed 12, iteration 1160, time: 476.2063055038452
Starting label LEVI, seed 12, iteration 1170, time: 482.4943640232086
Starting label LEVI, seed 12, iteration 1180, time: 489.03610014915466
Starting label LEVI, seed 12, iteration 1190, time: 497.4225649833679
Starting label LEVI, seed 12, iteration 1200, time: 505.59776282310486
Starting label LEVI, seed 12, iteration 1210, time: 513.8703784942627
Starting label LEVI, seed 12, iteration 1220, time: 521.9725587368011
Starting label LEVI, seed 12, iteration 1230, time: 530.7269687652588
Starting label LEVI, seed 12, iteration 1240, time: 538.404045343399
Starting label LEVI, seed 12, iteration 1250, time: 546.0802934169769
Starting label LEVI, seed 12, iteration 1260, time: 555.4517040252686
Starting label LEVI, seed 12, iteration 1270, time: 564.9937839508057
Starting label LEVI, seed 12, iteration 1280, time: 574.1149492263794
Starting label LEVI, seed 12, iteration 1290, time: 581.5505931377411
Starting label LEVI, seed 12, iteration 1300, time: 591.35497879982
Starting label LEVI, seed 12, iteration 1310, time: 601.4005796909332
Starting label LEVI, seed 12, iteration 1320, time: 610.5552039146423
Starting label LEVI, seed 12, iteration 1330, time: 621.3310639858246
Starting label LEVI, seed 12, iteration 1340, time: 630.6908824443817
Starting label LEVI, seed 12, iteration 1350, time: 641.4939961433411
Starting label LEVI, seed 12, iteration 1360, time: 650.9422490596771
Starting label LEVI, seed 12, iteration 1370, time: 660.2261092662811
Starting label LEVI, seed 12, iteration 1380, time: 671.9633588790894
Starting label LEVI, seed 12, iteration 1390, time: 681.7076730728149
Starting label LEVI, seed 12, iteration 1400, time: 692.1158783435822
Starting label LEVI, seed 12, iteration 1410, time: 703.7122113704681
Starting label LEVI, seed 12, iteration 1420, time: 713.1946296691895
Starting label LEVI, seed 12, iteration 1430, time: 725.4870026111603
Starting label LEVI, seed 12, iteration 1440, time: 737.4602618217468
Starting label LEVI, seed 12, iteration 1450, time: 749.8969893455505
Starting label LEVI, seed 12, iteration 1460, time: 759.9757928848267
Starting label LEVI, seed 12, iteration 1470, time: 772.6415812969208
Starting label LEVI, seed 12, iteration 1480, time: 784.939145565033
Starting label LEVI, seed 12, iteration 1490, time: 797.3703842163086
Starting label LEVI, seed 12, iteration 1500, time: 810.1024744510651
Starting label LEVI, seed 12, iteration 1510, time: 822.6924850940704
Starting label LEVI, seed 12, iteration 1520, time: 835.5895264148712
Starting label LEVI, seed 12, iteration 1530, time: 847.516738653183
Starting label LEVI, seed 12, iteration 1540, time: 860.7018752098083
Starting label LEVI, seed 12, iteration 1550, time: 874.0085463523865
Starting label LEVI, seed 12, iteration 1560, time: 886.8566491603851
Starting label LEVI, seed 12, iteration 1570, time: 898.7902462482452
Starting label LEVI, seed 12, iteration 1580, time: 910.576064825058
Starting label LEVI, seed 12, iteration 1590, time: 926.4470210075378
Starting label LEVI, seed 12, iteration 1600, time: 940.7412192821503
Starting label LEVI, seed 12, iteration 1610, time: 957.2076139450073
Starting label LEVI, seed 12, iteration 1620, time: 972.2203838825226
Starting label LEVI, seed 12, iteration 1630, time: 987.8640205860138
Starting label LEVI, seed 12, iteration 1640, time: 1002.2732260227203
Starting label LEVI, seed 12, iteration 1650, time: 1016.3204038143158
Starting label LEVI, seed 12, iteration 1660, time: 1030.7017228603363
Starting label LEVI, seed 12, iteration 1670, time: 1045.7676284313202
Starting label LEVI, seed 12, iteration 1680, time: 1061.5834918022156
Starting label LEVI, seed 12, iteration 1690, time: 1081.145789861679
Starting label LEVI, seed 12, iteration 1700, time: 1094.8063962459564
Starting label LEVI, seed 12, iteration 1710, time: 1116.147929430008
Starting label LEVI, seed 12, iteration 1720, time: 1136.0225570201874
Starting label LEVI, seed 12, iteration 1730, time: 1152.522473335266
Starting label LEVI, seed 12, iteration 1740, time: 1173.5301003456116
Starting label LEVI, seed 12, iteration 1750, time: 1193.6607711315155
Starting label LEVI, seed 12, iteration 1760, time: 1214.804028749466
Starting label LEVI, seed 12, iteration 1770, time: 1231.2075521945953
Starting label LEVI, seed 12, iteration 1780, time: 1247.836104631424
Starting label LEVI, seed 12, iteration 1790, time: 1266.4741694927216
Starting label LEVI, seed 12, iteration 1800, time: 1285.286743402481
Starting label LEVI, seed 12, iteration 1810, time: 1302.2441506385803
Starting label LEVI, seed 12, iteration 1820, time: 1320.5429058074951
Starting label LEVI, seed 12, iteration 1830, time: 1343.0391578674316
Starting label LEVI, seed 12, iteration 1840, time: 1359.8541285991669
Starting label LEVI, seed 12, iteration 1850, time: 1383.5394942760468
Starting label LEVI, seed 12, iteration 1860, time: 1399.9843287467957
Starting label LEVI, seed 12, iteration 1870, time: 1417.5972232818604
Starting label LEVI, seed 12, iteration 1880, time: 1433.5569424629211
Starting label LEVI, seed 12, iteration 1890, time: 1449.7685346603394
Starting label LEVI, seed 12, iteration 1900, time: 1473.2345974445343
Starting label LEVI, seed 12, iteration 1910, time: 1490.1230022907257
Starting label LEVI, seed 12, iteration 1920, time: 1506.1857724189758
Starting label LEVI, seed 12, iteration 1930, time: 1525.7386717796326
Starting label LEVI, seed 12, iteration 1940, time: 1544.5698704719543
Starting label LEVI, seed 12, iteration 1950, time: 1562.4066562652588
submitit WARNING (2022-10-02 00:55:52,120) - Bypassing signal SIGCONT
submitit WARNING (2022-10-02 00:55:52,167) - Bypassing signal SIGTERM
Starting label LEVI, seed 12, iteration 1960, time: 1583.1516427993774
Starting label LEVI, seed 12, iteration 1970, time: 1602.2547116279602
