submitit INFO (2022-10-02 01:45:00,051) - Starting with JobEnvironment(job_id=883480_7, hostname=g2-compute-95.coecis.cornell.edu, local_rank=0(1), node=0(1), global_rank=0(1))
submitit INFO (2022-10-02 01:45:00,052) - Loading pickle: /home/gid-cakmaks/contextual_rs/experiments/wsc_experiments/logs/883480_7/883480_7_submitted.pkl
Starting label LEVI, seed 77, iteration 0, time: 0.00045609474182128906
Starting label LEVI, seed 77, iteration 10, time: 3.8280129432678223
Starting label LEVI, seed 77, iteration 20, time: 8.936823606491089
Starting label LEVI, seed 77, iteration 30, time: 12.568460941314697
Starting label LEVI, seed 77, iteration 40, time: 16.154991626739502
Starting label LEVI, seed 77, iteration 50, time: 20.004315614700317
Starting label LEVI, seed 77, iteration 60, time: 23.994523286819458
Starting label LEVI, seed 77, iteration 70, time: 27.865782499313354
Starting label LEVI, seed 77, iteration 80, time: 31.618186235427856
Starting label LEVI, seed 77, iteration 90, time: 35.80361890792847
Starting label LEVI, seed 77, iteration 100, time: 39.89448046684265
Starting label LEVI, seed 77, iteration 110, time: 43.69492530822754
Starting label LEVI, seed 77, iteration 120, time: 47.4606556892395
Starting label LEVI, seed 77, iteration 130, time: 51.10451936721802
Starting label LEVI, seed 77, iteration 140, time: 55.07035040855408
Starting label LEVI, seed 77, iteration 150, time: 59.325862646102905
Starting label LEVI, seed 77, iteration 160, time: 63.75706720352173
Starting label LEVI, seed 77, iteration 170, time: 68.17691946029663
Starting label LEVI, seed 77, iteration 180, time: 72.92588829994202
Starting label LEVI, seed 77, iteration 190, time: 77.54505228996277
Starting label LEVI, seed 77, iteration 200, time: 82.2967278957367
Starting label LEVI, seed 77, iteration 210, time: 86.89579653739929
Starting label LEVI, seed 77, iteration 220, time: 91.51060819625854
Starting label LEVI, seed 77, iteration 230, time: 96.07156014442444
Starting label LEVI, seed 77, iteration 240, time: 100.43835878372192
Starting label LEVI, seed 77, iteration 250, time: 104.8897762298584
Starting label LEVI, seed 77, iteration 260, time: 109.37674331665039
Starting label LEVI, seed 77, iteration 270, time: 113.79311275482178
Starting label LEVI, seed 77, iteration 280, time: 118.35317015647888
Starting label LEVI, seed 77, iteration 290, time: 122.91983604431152
Starting label LEVI, seed 77, iteration 300, time: 127.76697421073914
Starting label LEVI, seed 77, iteration 310, time: 132.52532362937927
Starting label LEVI, seed 77, iteration 320, time: 137.32036900520325
Starting label LEVI, seed 77, iteration 330, time: 142.3111231327057
Starting label LEVI, seed 77, iteration 340, time: 147.15416479110718
Starting label LEVI, seed 77, iteration 350, time: 152.0887680053711
Starting label LEVI, seed 77, iteration 360, time: 157.00151443481445
Starting label LEVI, seed 77, iteration 370, time: 161.73137378692627
Starting label LEVI, seed 77, iteration 380, time: 166.62278604507446
Starting label LEVI, seed 77, iteration 390, time: 171.5707700252533
Starting label LEVI, seed 77, iteration 400, time: 176.55216073989868
Starting label LEVI, seed 77, iteration 410, time: 181.7219202518463
Starting label LEVI, seed 77, iteration 420, time: 186.68645668029785
Starting label LEVI, seed 77, iteration 430, time: 191.49824905395508
Starting label LEVI, seed 77, iteration 440, time: 196.32094311714172
Starting label LEVI, seed 77, iteration 450, time: 201.17814373970032
Starting label LEVI, seed 77, iteration 460, time: 206.05147004127502
Starting label LEVI, seed 77, iteration 470, time: 210.91764545440674
Starting label LEVI, seed 77, iteration 480, time: 215.8814468383789
Starting label LEVI, seed 77, iteration 490, time: 220.73618340492249
Starting label LEVI, seed 77, iteration 500, time: 225.48018169403076
Starting label LEVI, seed 77, iteration 510, time: 230.38321685791016
Starting label LEVI, seed 77, iteration 520, time: 235.09522461891174
Starting label LEVI, seed 77, iteration 530, time: 239.90852761268616
Starting label LEVI, seed 77, iteration 540, time: 244.91127347946167
Starting label LEVI, seed 77, iteration 550, time: 249.91856265068054
Starting label LEVI, seed 77, iteration 560, time: 255.01413297653198
Starting label LEVI, seed 77, iteration 570, time: 259.85667657852173
submitit WARNING (2022-10-02 01:49:22,430) - Bypassing signal SIGCONT
submitit WARNING (2022-10-02 01:49:22,455) - Bypassing signal SIGTERM
Starting label LEVI, seed 77, iteration 580, time: 264.876588344574
Starting label LEVI, seed 77, iteration 590, time: 270.0492100715637
Starting label LEVI, seed 77, iteration 600, time: 274.9985520839691
Starting label LEVI, seed 77, iteration 610, time: 280.15949630737305
Starting label LEVI, seed 77, iteration 620, time: 285.1981165409088
