submitit INFO (2022-10-02 00:56:56,069) - Starting with JobEnvironment(job_id=883377_3, hostname=g2-compute-94.coecis.cornell.edu, local_rank=0(1), node=0(1), global_rank=0(1))
submitit INFO (2022-10-02 00:56:56,069) - Loading pickle: /home/gid-cakmaks/contextual_rs/experiments/wsc_experiments/logs/883377_3/883377_3_submitted.pkl
Starting label LEVI, seed 53, iteration 0, time: 0.00040435791015625
Starting label LEVI, seed 53, iteration 10, time: 2.1250689029693604
Starting label LEVI, seed 53, iteration 20, time: 4.216737270355225
Starting label LEVI, seed 53, iteration 30, time: 6.3731231689453125
Starting label LEVI, seed 53, iteration 40, time: 8.499083757400513
Starting label LEVI, seed 53, iteration 50, time: 10.634925127029419
Starting label LEVI, seed 53, iteration 60, time: 12.841778993606567
Starting label LEVI, seed 53, iteration 70, time: 15.039746046066284
Starting label LEVI, seed 53, iteration 80, time: 17.240223169326782
Starting label LEVI, seed 53, iteration 90, time: 19.46936535835266
Starting label LEVI, seed 53, iteration 100, time: 21.747249126434326
Starting label LEVI, seed 53, iteration 110, time: 24.027350187301636
Starting label LEVI, seed 53, iteration 120, time: 26.318918228149414
Starting label LEVI, seed 53, iteration 130, time: 28.658947706222534
Starting label LEVI, seed 53, iteration 140, time: 31.050886392593384
Starting label LEVI, seed 53, iteration 150, time: 33.40153622627258
Starting label LEVI, seed 53, iteration 160, time: 35.76435923576355
Starting label LEVI, seed 53, iteration 170, time: 38.12312722206116
Starting label LEVI, seed 53, iteration 180, time: 40.44443321228027
Starting label LEVI, seed 53, iteration 190, time: 42.787259578704834
Starting label LEVI, seed 53, iteration 200, time: 45.20438742637634
Starting label LEVI, seed 53, iteration 210, time: 47.60965847969055
Starting label LEVI, seed 53, iteration 220, time: 50.21681070327759
Starting label LEVI, seed 53, iteration 230, time: 52.87804865837097
Starting label LEVI, seed 53, iteration 240, time: 55.415351152420044
Starting label LEVI, seed 53, iteration 250, time: 57.946666955947876
Starting label LEVI, seed 53, iteration 260, time: 60.430455446243286
Starting label LEVI, seed 53, iteration 270, time: 62.844770431518555
Starting label LEVI, seed 53, iteration 280, time: 65.35184574127197
Starting label LEVI, seed 53, iteration 290, time: 67.86884498596191
Starting label LEVI, seed 53, iteration 300, time: 70.46975040435791
Starting label LEVI, seed 53, iteration 310, time: 73.19856309890747
Starting label LEVI, seed 53, iteration 320, time: 75.80985021591187
Starting label LEVI, seed 53, iteration 330, time: 78.4991397857666
Starting label LEVI, seed 53, iteration 340, time: 81.10397601127625
Starting label LEVI, seed 53, iteration 350, time: 83.72550749778748
Starting label LEVI, seed 53, iteration 360, time: 86.52233934402466
Starting label LEVI, seed 53, iteration 370, time: 89.46123456954956
Starting label LEVI, seed 53, iteration 380, time: 92.1178526878357
Starting label LEVI, seed 53, iteration 390, time: 94.99970698356628
Starting label LEVI, seed 53, iteration 400, time: 97.90102481842041
Starting label LEVI, seed 53, iteration 410, time: 100.75866317749023
Starting label LEVI, seed 53, iteration 420, time: 103.61250591278076
Starting label LEVI, seed 53, iteration 430, time: 106.48628282546997
Starting label LEVI, seed 53, iteration 440, time: 109.44065761566162
Starting label LEVI, seed 53, iteration 450, time: 112.75511622428894
Starting label LEVI, seed 53, iteration 460, time: 115.9341766834259
Starting label LEVI, seed 53, iteration 470, time: 118.98431444168091
Starting label LEVI, seed 53, iteration 480, time: 121.94866061210632
Starting label LEVI, seed 53, iteration 490, time: 124.96517896652222
Starting label LEVI, seed 53, iteration 500, time: 128.02297282218933
Starting label LEVI, seed 53, iteration 510, time: 131.15435671806335
Starting label LEVI, seed 53, iteration 520, time: 134.75980281829834
Starting label LEVI, seed 53, iteration 530, time: 138.13777947425842
Starting label LEVI, seed 53, iteration 540, time: 141.6030249595642
Starting label LEVI, seed 53, iteration 550, time: 144.9211368560791
Starting label LEVI, seed 53, iteration 560, time: 148.44850206375122
Starting label LEVI, seed 53, iteration 570, time: 152.07748866081238
Starting label LEVI, seed 53, iteration 580, time: 155.39841747283936
Starting label LEVI, seed 53, iteration 590, time: 159.1222038269043
Starting label LEVI, seed 53, iteration 600, time: 162.91222167015076
Starting label LEVI, seed 53, iteration 610, time: 166.54710936546326
Starting label LEVI, seed 53, iteration 620, time: 170.70926976203918
Starting label LEVI, seed 53, iteration 630, time: 174.52267456054688
Starting label LEVI, seed 53, iteration 640, time: 178.31934881210327
Starting label LEVI, seed 53, iteration 650, time: 182.2536301612854
Starting label LEVI, seed 53, iteration 660, time: 186.59918189048767
Starting label LEVI, seed 53, iteration 670, time: 190.9601023197174
Starting label LEVI, seed 53, iteration 680, time: 195.50177311897278
Starting label LEVI, seed 53, iteration 690, time: 200.27220606803894
Starting label LEVI, seed 53, iteration 700, time: 204.70662713050842
Starting label LEVI, seed 53, iteration 710, time: 209.00972533226013
Starting label LEVI, seed 53, iteration 720, time: 213.4459776878357
Starting label LEVI, seed 53, iteration 730, time: 218.1251244544983
Starting label LEVI, seed 53, iteration 740, time: 223.6253843307495
Starting label LEVI, seed 53, iteration 750, time: 227.81512331962585
Starting label LEVI, seed 53, iteration 760, time: 232.50914096832275
Starting label LEVI, seed 53, iteration 770, time: 237.71307277679443
Starting label LEVI, seed 53, iteration 780, time: 243.52917337417603
Starting label LEVI, seed 53, iteration 790, time: 248.68191361427307
Starting label LEVI, seed 53, iteration 800, time: 254.4492392539978
Starting label LEVI, seed 53, iteration 810, time: 260.64240431785583
Starting label LEVI, seed 53, iteration 820, time: 265.1884891986847
Starting label LEVI, seed 53, iteration 830, time: 271.11174964904785
Starting label LEVI, seed 53, iteration 840, time: 276.4604253768921
Starting label LEVI, seed 53, iteration 850, time: 283.0458176136017
Starting label LEVI, seed 53, iteration 860, time: 288.8559663295746
Starting label LEVI, seed 53, iteration 870, time: 294.52745175361633
Starting label LEVI, seed 53, iteration 880, time: 300.06107544898987
Starting label LEVI, seed 53, iteration 890, time: 305.6334385871887
Starting label LEVI, seed 53, iteration 900, time: 311.15887904167175
Starting label LEVI, seed 53, iteration 910, time: 316.55781078338623
Starting label LEVI, seed 53, iteration 920, time: 323.10519075393677
Starting label LEVI, seed 53, iteration 930, time: 329.4235272407532
Starting label LEVI, seed 53, iteration 940, time: 336.111093044281
Starting label LEVI, seed 53, iteration 950, time: 342.28706407546997
Starting label LEVI, seed 53, iteration 960, time: 349.9521632194519
Starting label LEVI, seed 53, iteration 970, time: 357.5492606163025
Starting label LEVI, seed 53, iteration 980, time: 363.78706645965576
Starting label LEVI, seed 53, iteration 990, time: 371.4153850078583
Starting label LEVI, seed 53, iteration 1000, time: 378.0378930568695
Starting label LEVI, seed 53, iteration 1010, time: 385.30189514160156
Starting label LEVI, seed 53, iteration 1020, time: 391.6402015686035
Starting label LEVI, seed 53, iteration 1030, time: 398.88561725616455
Starting label LEVI, seed 53, iteration 1040, time: 406.83738350868225
Starting label LEVI, seed 53, iteration 1050, time: 414.8191819190979
Starting label LEVI, seed 53, iteration 1060, time: 422.9879319667816
Starting label LEVI, seed 53, iteration 1070, time: 429.6943302154541
Starting label LEVI, seed 53, iteration 1080, time: 444.29541850090027
Starting label LEVI, seed 53, iteration 1090, time: 456.8036468029022
Starting label LEVI, seed 53, iteration 1100, time: 464.2384343147278
Starting label LEVI, seed 53, iteration 1110, time: 472.8222305774689
Starting label LEVI, seed 53, iteration 1120, time: 482.81574749946594
Starting label LEVI, seed 53, iteration 1130, time: 492.09764766693115
Starting label LEVI, seed 53, iteration 1140, time: 501.6118450164795
Starting label LEVI, seed 53, iteration 1150, time: 509.4080424308777
Starting label LEVI, seed 53, iteration 1160, time: 518.163850069046
Starting label LEVI, seed 53, iteration 1170, time: 526.5771491527557
Starting label LEVI, seed 53, iteration 1180, time: 536.7838020324707
Starting label LEVI, seed 53, iteration 1190, time: 545.3376367092133
Starting label LEVI, seed 53, iteration 1200, time: 555.5623841285706
Starting label LEVI, seed 53, iteration 1210, time: 565.7365734577179
Starting label LEVI, seed 53, iteration 1220, time: 574.8595843315125
Starting label LEVI, seed 53, iteration 1230, time: 583.4381077289581
Starting label LEVI, seed 53, iteration 1240, time: 593.7365918159485
Starting label LEVI, seed 53, iteration 1250, time: 604.492415189743
Starting label LEVI, seed 53, iteration 1260, time: 614.1075315475464
Starting label LEVI, seed 53, iteration 1270, time: 626.6262395381927
Starting label LEVI, seed 53, iteration 1280, time: 638.6036126613617
Starting label LEVI, seed 53, iteration 1290, time: 648.3574142456055
Starting label LEVI, seed 53, iteration 1300, time: 658.1993501186371
Starting label LEVI, seed 53, iteration 1310, time: 670.6309387683868
Starting label LEVI, seed 53, iteration 1320, time: 681.8579535484314
Starting label LEVI, seed 53, iteration 1330, time: 695.0137338638306
Starting label LEVI, seed 53, iteration 1340, time: 707.2758693695068
Starting label LEVI, seed 53, iteration 1350, time: 719.7397294044495
Starting label LEVI, seed 53, iteration 1360, time: 732.5251820087433
Starting label LEVI, seed 53, iteration 1370, time: 742.5798337459564
Starting label LEVI, seed 53, iteration 1380, time: 756.175607919693
Starting label LEVI, seed 53, iteration 1390, time: 767.3996765613556
Starting label LEVI, seed 53, iteration 1400, time: 778.9156064987183
Starting label LEVI, seed 53, iteration 1410, time: 793.2421989440918
Starting label LEVI, seed 53, iteration 1420, time: 807.5376460552216
Starting label LEVI, seed 53, iteration 1430, time: 821.1784629821777
Starting label LEVI, seed 53, iteration 1440, time: 836.802054643631
Starting label LEVI, seed 53, iteration 1450, time: 852.1408820152283
Starting label LEVI, seed 53, iteration 1460, time: 867.0122346878052
Starting label LEVI, seed 53, iteration 1470, time: 881.1895866394043
Starting label LEVI, seed 53, iteration 1480, time: 893.9931287765503
Starting label LEVI, seed 53, iteration 1490, time: 908.8152878284454
Starting label LEVI, seed 53, iteration 1500, time: 922.8536458015442
Starting label LEVI, seed 53, iteration 1510, time: 940.9435257911682
Starting label LEVI, seed 53, iteration 1520, time: 959.1764209270477
Starting label LEVI, seed 53, iteration 1530, time: 973.8663015365601
Starting label LEVI, seed 53, iteration 1540, time: 989.3813989162445
Starting label LEVI, seed 53, iteration 1550, time: 1006.2426989078522
Starting label LEVI, seed 53, iteration 1560, time: 1019.7171669006348
Starting label LEVI, seed 53, iteration 1570, time: 1033.168170928955
Starting label LEVI, seed 53, iteration 1580, time: 1050.5689554214478
Starting label LEVI, seed 53, iteration 1590, time: 1068.9870219230652
Starting label LEVI, seed 53, iteration 1600, time: 1082.277776002884
Starting label LEVI, seed 53, iteration 1610, time: 1096.0206639766693
Starting label LEVI, seed 53, iteration 1620, time: 1111.722568511963
Starting label LEVI, seed 53, iteration 1630, time: 1127.08296084404
Starting label LEVI, seed 53, iteration 1640, time: 1143.350641489029
Starting label LEVI, seed 53, iteration 1650, time: 1157.8283066749573
Starting label LEVI, seed 53, iteration 1660, time: 1172.8811628818512
Starting label LEVI, seed 53, iteration 1670, time: 1192.915343761444
Starting label LEVI, seed 53, iteration 1680, time: 1212.4113461971283
Starting label LEVI, seed 53, iteration 1690, time: 1235.1226720809937
Starting label LEVI, seed 53, iteration 1700, time: 1256.409784078598
Starting label LEVI, seed 53, iteration 1710, time: 1274.1152238845825
Starting label LEVI, seed 53, iteration 1720, time: 1293.2089574337006
Starting label LEVI, seed 53, iteration 1730, time: 1310.8111786842346
Starting label LEVI, seed 53, iteration 1740, time: 1332.8092234134674
Starting label LEVI, seed 53, iteration 1750, time: 1351.7638330459595
Starting label LEVI, seed 53, iteration 1760, time: 1375.1696681976318
Starting label LEVI, seed 53, iteration 1770, time: 1393.8169243335724
Starting label LEVI, seed 53, iteration 1780, time: 1414.2834329605103
Starting label LEVI, seed 53, iteration 1790, time: 1439.090725660324
Starting label LEVI, seed 53, iteration 1800, time: 1460.695650100708
Starting label LEVI, seed 53, iteration 1810, time: 1482.9126155376434
Starting label LEVI, seed 53, iteration 1820, time: 1507.6046826839447
Starting label LEVI, seed 53, iteration 1830, time: 1533.9387164115906
submitit WARNING (2022-10-02 01:22:36,188) - Bypassing signal SIGTERM
submitit WARNING (2022-10-02 01:22:36,188) - Bypassing signal SIGCONT
Starting label LEVI, seed 53, iteration 1840, time: 1562.3201723098755
