submitit INFO (2022-10-02 00:56:26,176) - Starting with JobEnvironment(job_id=883347_1, hostname=nikola-compute-03.cs.cornell.edu, local_rank=0(1), node=0(1), global_rank=0(1))
submitit INFO (2022-10-02 00:56:26,176) - Loading pickle: /home/gid-cakmaks/contextual_rs/experiments/wsc_experiments/logs/883347_1/883347_1_submitted.pkl
Starting label LEVI, seed 21, iteration 0, time: 0.00435328483581543
Starting label LEVI, seed 21, iteration 10, time: 2.6872823238372803
Starting label LEVI, seed 21, iteration 20, time: 5.255690336227417
Starting label LEVI, seed 21, iteration 30, time: 7.877751588821411
Starting label LEVI, seed 21, iteration 40, time: 10.42146110534668
Starting label LEVI, seed 21, iteration 50, time: 13.000301122665405
Starting label LEVI, seed 21, iteration 60, time: 15.78324580192566
Starting label LEVI, seed 21, iteration 70, time: 18.550516366958618
Starting label LEVI, seed 21, iteration 80, time: 21.394413948059082
Starting label LEVI, seed 21, iteration 90, time: 23.95722270011902
Starting label LEVI, seed 21, iteration 100, time: 26.75465440750122
Starting label LEVI, seed 21, iteration 110, time: 29.494252681732178
Starting label LEVI, seed 21, iteration 120, time: 32.34676551818848
Starting label LEVI, seed 21, iteration 130, time: 35.040184020996094
Starting label LEVI, seed 21, iteration 140, time: 37.860952377319336
Starting label LEVI, seed 21, iteration 150, time: 40.59213948249817
Starting label LEVI, seed 21, iteration 160, time: 43.24630331993103
Starting label LEVI, seed 21, iteration 170, time: 46.05206894874573
Starting label LEVI, seed 21, iteration 180, time: 48.83569693565369
Starting label LEVI, seed 21, iteration 190, time: 51.61445236206055
Starting label LEVI, seed 21, iteration 200, time: 54.48508262634277
Starting label LEVI, seed 21, iteration 210, time: 57.36668014526367
Starting label LEVI, seed 21, iteration 220, time: 60.30507731437683
Starting label LEVI, seed 21, iteration 230, time: 63.29593777656555
Starting label LEVI, seed 21, iteration 240, time: 66.26366090774536
Starting label LEVI, seed 21, iteration 250, time: 69.2173843383789
Starting label LEVI, seed 21, iteration 260, time: 72.10349607467651
Starting label LEVI, seed 21, iteration 270, time: 74.95678997039795
Starting label LEVI, seed 21, iteration 280, time: 77.85926389694214
Starting label LEVI, seed 21, iteration 290, time: 80.74418258666992
Starting label LEVI, seed 21, iteration 300, time: 83.63338160514832
Starting label LEVI, seed 21, iteration 310, time: 86.67475748062134
Starting label LEVI, seed 21, iteration 320, time: 89.66791677474976
Starting label LEVI, seed 21, iteration 330, time: 92.58372783660889
Starting label LEVI, seed 21, iteration 340, time: 95.3842294216156
Starting label LEVI, seed 21, iteration 350, time: 98.3483555316925
Starting label LEVI, seed 21, iteration 360, time: 101.2591302394867
Starting label LEVI, seed 21, iteration 370, time: 104.2472791671753
Starting label LEVI, seed 21, iteration 380, time: 107.24634218215942
Starting label LEVI, seed 21, iteration 390, time: 110.34541273117065
Starting label LEVI, seed 21, iteration 400, time: 113.3324944972992
Starting label LEVI, seed 21, iteration 410, time: 116.27801942825317
Starting label LEVI, seed 21, iteration 420, time: 119.34180283546448
Starting label LEVI, seed 21, iteration 430, time: 122.47618651390076
Starting label LEVI, seed 21, iteration 440, time: 125.5531816482544
Starting label LEVI, seed 21, iteration 450, time: 128.6790223121643
Starting label LEVI, seed 21, iteration 460, time: 131.84877133369446
Starting label LEVI, seed 21, iteration 470, time: 135.12445783615112
Starting label LEVI, seed 21, iteration 480, time: 138.43137097358704
Starting label LEVI, seed 21, iteration 490, time: 141.78402471542358
Starting label LEVI, seed 21, iteration 500, time: 145.06915760040283
Starting label LEVI, seed 21, iteration 510, time: 148.23483443260193
Starting label LEVI, seed 21, iteration 520, time: 151.2535891532898
Starting label LEVI, seed 21, iteration 530, time: 154.44387102127075
Starting label LEVI, seed 21, iteration 540, time: 157.71378207206726
Starting label LEVI, seed 21, iteration 550, time: 161.1676733493805
Starting label LEVI, seed 21, iteration 560, time: 164.599995136261
Starting label LEVI, seed 21, iteration 570, time: 167.99455308914185
Starting label LEVI, seed 21, iteration 580, time: 171.35957837104797
Starting label LEVI, seed 21, iteration 590, time: 174.87279200553894
Starting label LEVI, seed 21, iteration 600, time: 178.36560654640198
Starting label LEVI, seed 21, iteration 610, time: 181.74629759788513
Starting label LEVI, seed 21, iteration 620, time: 185.59699749946594
Starting label LEVI, seed 21, iteration 630, time: 189.44610977172852
Starting label LEVI, seed 21, iteration 640, time: 193.14527344703674
Starting label LEVI, seed 21, iteration 650, time: 196.92432689666748
Starting label LEVI, seed 21, iteration 660, time: 200.76936554908752
Starting label LEVI, seed 21, iteration 670, time: 204.55801844596863
Starting label LEVI, seed 21, iteration 680, time: 208.6144299507141
Starting label LEVI, seed 21, iteration 690, time: 212.5529305934906
Starting label LEVI, seed 21, iteration 700, time: 216.49297857284546
Starting label LEVI, seed 21, iteration 710, time: 220.69807362556458
Starting label LEVI, seed 21, iteration 720, time: 224.7693316936493
Starting label LEVI, seed 21, iteration 730, time: 228.89404249191284
Starting label LEVI, seed 21, iteration 740, time: 233.42163562774658
Starting label LEVI, seed 21, iteration 750, time: 237.568829536438
Starting label LEVI, seed 21, iteration 760, time: 241.74939274787903
Starting label LEVI, seed 21, iteration 770, time: 246.01615571975708
Starting label LEVI, seed 21, iteration 780, time: 250.28844618797302
Starting label LEVI, seed 21, iteration 790, time: 254.6935555934906
Starting label LEVI, seed 21, iteration 800, time: 259.0955832004547
Starting label LEVI, seed 21, iteration 810, time: 263.7432985305786
Starting label LEVI, seed 21, iteration 820, time: 267.88519287109375
Starting label LEVI, seed 21, iteration 830, time: 272.56596970558167
Starting label LEVI, seed 21, iteration 840, time: 276.86649322509766
Starting label LEVI, seed 21, iteration 850, time: 281.4453592300415
Starting label LEVI, seed 21, iteration 860, time: 286.1624798774719
Starting label LEVI, seed 21, iteration 870, time: 290.669828414917
Starting label LEVI, seed 21, iteration 880, time: 295.0583198070526
Starting label LEVI, seed 21, iteration 890, time: 299.51447796821594
Starting label LEVI, seed 21, iteration 900, time: 304.26593923568726
Starting label LEVI, seed 21, iteration 910, time: 308.79617834091187
Starting label LEVI, seed 21, iteration 920, time: 313.6837420463562
Starting label LEVI, seed 21, iteration 930, time: 318.27964067459106
Starting label LEVI, seed 21, iteration 940, time: 323.5063238143921
Starting label LEVI, seed 21, iteration 950, time: 328.4807507991791
Starting label LEVI, seed 21, iteration 960, time: 333.310019493103
Starting label LEVI, seed 21, iteration 970, time: 338.6246016025543
Starting label LEVI, seed 21, iteration 980, time: 344.13599729537964
Starting label LEVI, seed 21, iteration 990, time: 349.66073966026306
Starting label LEVI, seed 21, iteration 1000, time: 355.15261054039
Starting label LEVI, seed 21, iteration 1010, time: 360.9360897541046
Starting label LEVI, seed 21, iteration 1020, time: 365.95367527008057
Starting label LEVI, seed 21, iteration 1030, time: 370.98989748954773
Starting label LEVI, seed 21, iteration 1040, time: 376.4542088508606
Starting label LEVI, seed 21, iteration 1050, time: 382.7621600627899
Starting label LEVI, seed 21, iteration 1060, time: 388.1917726993561
Starting label LEVI, seed 21, iteration 1070, time: 394.2584309577942
Starting label LEVI, seed 21, iteration 1080, time: 399.9613025188446
Starting label LEVI, seed 21, iteration 1090, time: 406.373948097229
Starting label LEVI, seed 21, iteration 1100, time: 412.55743932724
Starting label LEVI, seed 21, iteration 1110, time: 420.1997539997101
Starting label LEVI, seed 21, iteration 1120, time: 427.7457547187805
Starting label LEVI, seed 21, iteration 1130, time: 435.3950021266937
Starting label LEVI, seed 21, iteration 1140, time: 441.8775198459625
Starting label LEVI, seed 21, iteration 1150, time: 449.80217266082764
Starting label LEVI, seed 21, iteration 1160, time: 457.6256489753723
Starting label LEVI, seed 21, iteration 1170, time: 465.874573469162
Starting label LEVI, seed 21, iteration 1180, time: 473.4943919181824
Starting label LEVI, seed 21, iteration 1190, time: 480.50777673721313
Starting label LEVI, seed 21, iteration 1200, time: 487.5950286388397
Starting label LEVI, seed 21, iteration 1210, time: 494.78340125083923
Starting label LEVI, seed 21, iteration 1220, time: 503.7539715766907
Starting label LEVI, seed 21, iteration 1230, time: 513.3664889335632
Starting label LEVI, seed 21, iteration 1240, time: 521.1973099708557
Starting label LEVI, seed 21, iteration 1250, time: 530.293863773346
Starting label LEVI, seed 21, iteration 1260, time: 539.7283897399902
Starting label LEVI, seed 21, iteration 1270, time: 547.7926332950592
Starting label LEVI, seed 21, iteration 1280, time: 557.501226902008
Starting label LEVI, seed 21, iteration 1290, time: 568.1035537719727
Starting label LEVI, seed 21, iteration 1300, time: 578.1761300563812
Starting label LEVI, seed 21, iteration 1310, time: 587.9053575992584
Starting label LEVI, seed 21, iteration 1320, time: 598.3096091747284
Starting label LEVI, seed 21, iteration 1330, time: 607.2117402553558
Starting label LEVI, seed 21, iteration 1340, time: 617.6150274276733
Starting label LEVI, seed 21, iteration 1350, time: 626.8601951599121
Starting label LEVI, seed 21, iteration 1360, time: 636.1073782444
Starting label LEVI, seed 21, iteration 1370, time: 644.8725743293762
Starting label LEVI, seed 21, iteration 1380, time: 653.3042714595795
Starting label LEVI, seed 21, iteration 1390, time: 662.0487217903137
Starting label LEVI, seed 21, iteration 1400, time: 672.9533298015594
Starting label LEVI, seed 21, iteration 1410, time: 684.9210929870605
Starting label LEVI, seed 21, iteration 1420, time: 694.9363243579865
Starting label LEVI, seed 21, iteration 1430, time: 705.3979256153107
Starting label LEVI, seed 21, iteration 1440, time: 717.4015626907349
Starting label LEVI, seed 21, iteration 1450, time: 727.61869764328
Starting label LEVI, seed 21, iteration 1460, time: 740.4264867305756
Starting label LEVI, seed 21, iteration 1470, time: 753.0525577068329
Starting label LEVI, seed 21, iteration 1480, time: 762.8604776859283
Starting label LEVI, seed 21, iteration 1490, time: 773.6923863887787
Starting label LEVI, seed 21, iteration 1500, time: 786.4493417739868
Starting label LEVI, seed 21, iteration 1510, time: 798.3728113174438
Starting label LEVI, seed 21, iteration 1520, time: 812.0269529819489
Starting label LEVI, seed 21, iteration 1530, time: 822.995316028595
Starting label LEVI, seed 21, iteration 1540, time: 836.3585004806519
Starting label LEVI, seed 21, iteration 1550, time: 851.1139430999756
Starting label LEVI, seed 21, iteration 1560, time: 865.898645401001
Starting label LEVI, seed 21, iteration 1570, time: 877.7946786880493
Starting label LEVI, seed 21, iteration 1580, time: 892.9287197589874
Starting label LEVI, seed 21, iteration 1590, time: 905.1128449440002
Starting label LEVI, seed 21, iteration 1600, time: 919.7846536636353
Starting label LEVI, seed 21, iteration 1610, time: 934.7962603569031
Starting label LEVI, seed 21, iteration 1620, time: 947.2938294410706
Starting label LEVI, seed 21, iteration 1630, time: 962.0480759143829
Starting label LEVI, seed 21, iteration 1640, time: 977.3378882408142
Starting label LEVI, seed 21, iteration 1650, time: 991.4870035648346
Starting label LEVI, seed 21, iteration 1660, time: 1007.1475164890289
Starting label LEVI, seed 21, iteration 1670, time: 1021.5528011322021
Starting label LEVI, seed 21, iteration 1680, time: 1034.801334619522
Starting label LEVI, seed 21, iteration 1690, time: 1051.538070678711
Starting label LEVI, seed 21, iteration 1700, time: 1067.5072402954102
Starting label LEVI, seed 21, iteration 1710, time: 1081.414255619049
Starting label LEVI, seed 21, iteration 1720, time: 1094.8009979724884
Starting label LEVI, seed 21, iteration 1730, time: 1108.6783447265625
Starting label LEVI, seed 21, iteration 1740, time: 1123.2249655723572
Starting label LEVI, seed 21, iteration 1750, time: 1141.7494883537292
Starting label LEVI, seed 21, iteration 1760, time: 1159.4512951374054
Starting label LEVI, seed 21, iteration 1770, time: 1178.3906481266022
Starting label LEVI, seed 21, iteration 1780, time: 1197.3105008602142
Starting label LEVI, seed 21, iteration 1790, time: 1216.9431688785553
Starting label LEVI, seed 21, iteration 1800, time: 1233.861491203308
Starting label LEVI, seed 21, iteration 1810, time: 1250.350180387497
Starting label LEVI, seed 21, iteration 1820, time: 1265.9451475143433
Starting label LEVI, seed 21, iteration 1830, time: 1285.1168196201324
Starting label LEVI, seed 21, iteration 1840, time: 1305.7062664031982
Starting label LEVI, seed 21, iteration 1850, time: 1321.3899548053741
Starting label LEVI, seed 21, iteration 1860, time: 1337.1918942928314
Starting label LEVI, seed 21, iteration 1870, time: 1356.4803926944733
Starting label LEVI, seed 21, iteration 1880, time: 1375.4842398166656
Starting label LEVI, seed 21, iteration 1890, time: 1394.605723142624
Starting label LEVI, seed 21, iteration 1900, time: 1413.5936150550842
Starting label LEVI, seed 21, iteration 1910, time: 1432.3351616859436
Starting label LEVI, seed 21, iteration 1920, time: 1454.2963778972626
Starting label LEVI, seed 21, iteration 1930, time: 1474.2325768470764
Starting label LEVI, seed 21, iteration 1940, time: 1493.2014780044556
Starting label LEVI, seed 21, iteration 1950, time: 1519.4511153697968
Starting label LEVI, seed 21, iteration 1960, time: 1543.0222342014313
Starting label LEVI, seed 21, iteration 1970, time: 1561.5126898288727
submitit WARNING (2022-10-02 01:22:36,103) - Bypassing signal SIGTERM
submitit WARNING (2022-10-02 01:22:36,102) - Bypassing signal SIGCONT
Starting label LEVI, seed 21, iteration 1980, time: 1580.9239239692688
