submitit INFO (2022-10-02 13:26:42,202) - Starting with JobEnvironment(job_id=884531_7, hostname=coecis-compute-01.coecis.cornell.edu, local_rank=0(1), node=0(1), global_rank=0(1))
submitit INFO (2022-10-02 13:26:42,203) - Loading pickle: /home/gid-cakmaks/contextual_rs/experiments/wsc_experiments/logs/884531_7/884531_7_submitted.pkl
Appending iterations to existing output!Warning: If parameters other than `iterations` have been changed, this will corrupt the output!
Starting label LEVI, seed 17, iteration 520, time: 337.01479959487915
Starting label LEVI, seed 17, iteration 530, time: 345.4330675601959
Starting label LEVI, seed 17, iteration 540, time: 354.01987051963806
Starting label LEVI, seed 17, iteration 550, time: 362.68028950691223
Starting label LEVI, seed 17, iteration 560, time: 370.8188169002533
Starting label LEVI, seed 17, iteration 570, time: 379.1947810649872
Starting label LEVI, seed 17, iteration 580, time: 387.5193166732788
Starting label LEVI, seed 17, iteration 590, time: 395.79169487953186
Starting label LEVI, seed 17, iteration 600, time: 404.31619906425476
Starting label LEVI, seed 17, iteration 610, time: 412.71493220329285
Starting label LEVI, seed 17, iteration 620, time: 421.17775654792786
Starting label LEVI, seed 17, iteration 630, time: 429.45228147506714
Starting label LEVI, seed 17, iteration 640, time: 437.0957884788513
Starting label LEVI, seed 17, iteration 650, time: 445.13501238822937
Starting label LEVI, seed 17, iteration 660, time: 453.1435925960541
Starting label LEVI, seed 17, iteration 670, time: 461.7268099784851
Starting label LEVI, seed 17, iteration 680, time: 471.3968856334686
Starting label LEVI, seed 17, iteration 690, time: 481.2337214946747
Starting label LEVI, seed 17, iteration 700, time: 491.64892292022705
Starting label LEVI, seed 17, iteration 710, time: 501.1505091190338
Starting label LEVI, seed 17, iteration 720, time: 510.7231559753418
Starting label LEVI, seed 17, iteration 730, time: 520.0239133834839
Starting label LEVI, seed 17, iteration 740, time: 529.6557338237762
Starting label LEVI, seed 17, iteration 750, time: 539.0580072402954
Starting label LEVI, seed 17, iteration 760, time: 548.1014814376831
Starting label LEVI, seed 17, iteration 770, time: 559.190135717392
Starting label LEVI, seed 17, iteration 780, time: 570.2995388507843
Starting label LEVI, seed 17, iteration 790, time: 579.578596830368
Starting label LEVI, seed 17, iteration 800, time: 588.4948756694794
Starting label LEVI, seed 17, iteration 810, time: 597.7761600017548
Starting label LEVI, seed 17, iteration 820, time: 606.7295336723328
Starting label LEVI, seed 17, iteration 830, time: 617.2123453617096
Starting label LEVI, seed 17, iteration 840, time: 627.2329347133636
Starting label LEVI, seed 17, iteration 850, time: 637.2101490497589
Starting label LEVI, seed 17, iteration 860, time: 647.249100446701
Starting label LEVI, seed 17, iteration 870, time: 656.2246840000153
Starting label LEVI, seed 17, iteration 880, time: 668.8291366100311
Starting label LEVI, seed 17, iteration 890, time: 680.7424848079681
Starting label LEVI, seed 17, iteration 900, time: 690.824921131134
Starting label LEVI, seed 17, iteration 910, time: 700.5661165714264
Starting label LEVI, seed 17, iteration 920, time: 711.5409054756165
Starting label LEVI, seed 17, iteration 930, time: 721.5062291622162
Starting label LEVI, seed 17, iteration 940, time: 730.2584002017975
Starting label LEVI, seed 17, iteration 950, time: 739.623658657074
Starting label LEVI, seed 17, iteration 960, time: 748.9084029197693
Starting label LEVI, seed 17, iteration 970, time: 758.2708840370178
Starting label LEVI, seed 17, iteration 980, time: 767.350617647171
Starting label LEVI, seed 17, iteration 990, time: 776.5480680465698
Starting label LEVI, seed 17, iteration 1000, time: 785.7955904006958
Starting label LEVI, seed 17, iteration 1010, time: 794.8338816165924
Starting label LEVI, seed 17, iteration 1020, time: 803.8169372081757
Starting label LEVI, seed 17, iteration 1030, time: 813.1845126152039
Starting label LEVI, seed 17, iteration 1040, time: 822.5896680355072
Starting label LEVI, seed 17, iteration 1050, time: 831.8464584350586
Starting label LEVI, seed 17, iteration 1060, time: 841.168881893158
Starting label LEVI, seed 17, iteration 1070, time: 850.3023190498352
Starting label LEVI, seed 17, iteration 1080, time: 859.3649315834045
Starting label LEVI, seed 17, iteration 1090, time: 868.3475506305695
Starting label LEVI, seed 17, iteration 1100, time: 877.1357555389404
Starting label LEVI, seed 17, iteration 1110, time: 886.1884229183197
Starting label LEVI, seed 17, iteration 1120, time: 895.129273891449
Starting label LEVI, seed 17, iteration 1130, time: 904.1524415016174
Starting label LEVI, seed 17, iteration 1140, time: 913.3303487300873
Starting label LEVI, seed 17, iteration 1150, time: 922.3609702587128
Starting label LEVI, seed 17, iteration 1160, time: 931.7908720970154
Starting label LEVI, seed 17, iteration 1170, time: 941.0941052436829
Starting label LEVI, seed 17, iteration 1180, time: 950.4196968078613
Starting label LEVI, seed 17, iteration 1190, time: 960.1158716678619
Starting label LEVI, seed 17, iteration 1200, time: 970.237785577774
Starting label LEVI, seed 17, iteration 1210, time: 980.4263525009155
Starting label LEVI, seed 17, iteration 1220, time: 990.5516600608826
Starting label LEVI, seed 17, iteration 1230, time: 1000.7414226531982
Starting label LEVI, seed 17, iteration 1240, time: 1011.3777914047241
Starting label LEVI, seed 17, iteration 1250, time: 1021.8159012794495
Starting label LEVI, seed 17, iteration 1260, time: 1031.8082962036133
Starting label LEVI, seed 17, iteration 1270, time: 1041.510859489441
Starting label LEVI, seed 17, iteration 1280, time: 1051.9068274497986
Starting label LEVI, seed 17, iteration 1290, time: 1062.0579147338867
Starting label LEVI, seed 17, iteration 1300, time: 1072.6409027576447
Starting label LEVI, seed 17, iteration 1310, time: 1083.2125692367554
Starting label LEVI, seed 17, iteration 1320, time: 1093.7127726078033
Starting label LEVI, seed 17, iteration 1330, time: 1103.677085161209
Starting label LEVI, seed 17, iteration 1340, time: 1114.094967842102
Starting label LEVI, seed 17, iteration 1350, time: 1124.1542205810547
Starting label LEVI, seed 17, iteration 1360, time: 1134.1864178180695
Starting label LEVI, seed 17, iteration 1370, time: 1144.4737095832825
Starting label LEVI, seed 17, iteration 1380, time: 1154.6720044612885
Starting label LEVI, seed 17, iteration 1390, time: 1166.9748709201813
Starting label LEVI, seed 17, iteration 1400, time: 1179.118482351303
Starting label LEVI, seed 17, iteration 1410, time: 1190.9650256633759
Starting label LEVI, seed 17, iteration 1420, time: 1201.9381873607635
Starting label LEVI, seed 17, iteration 1430, time: 1213.0811002254486
Starting label LEVI, seed 17, iteration 1440, time: 1223.9181575775146
Starting label LEVI, seed 17, iteration 1450, time: 1235.6114032268524
Starting label LEVI, seed 17, iteration 1460, time: 1246.1942698955536
Starting label LEVI, seed 17, iteration 1470, time: 1257.0660161972046
Starting label LEVI, seed 17, iteration 1480, time: 1268.4062230587006
Starting label LEVI, seed 17, iteration 1490, time: 1279.9489331245422
Starting label LEVI, seed 17, iteration 1500, time: 1291.7086424827576
Starting label LEVI, seed 17, iteration 1510, time: 1302.3754036426544
Starting label LEVI, seed 17, iteration 1520, time: 1313.636222600937
Starting label LEVI, seed 17, iteration 1530, time: 1325.0614688396454
Starting label LEVI, seed 17, iteration 1540, time: 1336.4660384654999
Starting label LEVI, seed 17, iteration 1550, time: 1347.7047493457794
Starting label LEVI, seed 17, iteration 1560, time: 1359.252403497696
Starting label LEVI, seed 17, iteration 1570, time: 1371.5054895877838
Starting label LEVI, seed 17, iteration 1580, time: 1383.4193692207336
Starting label LEVI, seed 17, iteration 1590, time: 1395.3731276988983
Starting label LEVI, seed 17, iteration 1600, time: 1408.0981738567352
Starting label LEVI, seed 17, iteration 1610, time: 1419.8048870563507
Starting label LEVI, seed 17, iteration 1620, time: 1431.9856283664703
Starting label LEVI, seed 17, iteration 1630, time: 1444.9816608428955
Starting label LEVI, seed 17, iteration 1640, time: 1457.4542438983917
Starting label LEVI, seed 17, iteration 1650, time: 1469.7596507072449
Starting label LEVI, seed 17, iteration 1660, time: 1481.3105494976044
Starting label LEVI, seed 17, iteration 1670, time: 1494.2272744178772
Starting label LEVI, seed 17, iteration 1680, time: 1507.253032207489
Starting label LEVI, seed 17, iteration 1690, time: 1521.2173767089844
Starting label LEVI, seed 17, iteration 1700, time: 1535.4632966518402
Starting label LEVI, seed 17, iteration 1710, time: 1548.4838373661041
Starting label LEVI, seed 17, iteration 1720, time: 1561.6693770885468
Starting label LEVI, seed 17, iteration 1730, time: 1576.0122606754303
Starting label LEVI, seed 17, iteration 1740, time: 1589.5505878925323
Starting label LEVI, seed 17, iteration 1750, time: 1602.9489715099335
Starting label LEVI, seed 17, iteration 1760, time: 1616.8504796028137
Starting label LEVI, seed 17, iteration 1770, time: 1631.2975630760193
Starting label LEVI, seed 17, iteration 1780, time: 1644.9715983867645
Starting label LEVI, seed 17, iteration 1790, time: 1659.1679711341858
Starting label LEVI, seed 17, iteration 1800, time: 1673.4980161190033
Starting label LEVI, seed 17, iteration 1810, time: 1689.1589908599854
Starting label LEVI, seed 17, iteration 1820, time: 1704.8335888385773
Starting label LEVI, seed 17, iteration 1830, time: 1719.5561218261719
Starting label LEVI, seed 17, iteration 1840, time: 1734.6265223026276
Starting label LEVI, seed 17, iteration 1850, time: 1751.3083815574646
Starting label LEVI, seed 17, iteration 1860, time: 1767.565459728241
Starting label LEVI, seed 17, iteration 1870, time: 1783.589706659317
Starting label LEVI, seed 17, iteration 1880, time: 1799.3614566326141
Starting label LEVI, seed 17, iteration 1890, time: 1814.4771926403046
Starting label LEVI, seed 17, iteration 1900, time: 1831.645470380783
Starting label LEVI, seed 17, iteration 1910, time: 1847.781985759735
Starting label LEVI, seed 17, iteration 1920, time: 1864.2367131710052
Starting label LEVI, seed 17, iteration 1930, time: 1881.0727849006653
Starting label LEVI, seed 17, iteration 1940, time: 1898.9088015556335
Starting label LEVI, seed 17, iteration 1950, time: 1914.8015716075897
Starting label LEVI, seed 17, iteration 1960, time: 1932.0777587890625
Starting label LEVI, seed 17, iteration 1970, time: 1948.7696280479431
Starting label LEVI, seed 17, iteration 1980, time: 1966.4529829025269
Starting label LEVI, seed 17, iteration 1990, time: 1983.140656709671
submitit INFO (2022-10-02 13:54:28,982) - Job completed successfully
