submitit INFO (2022-10-02 13:21:25,075) - Starting with JobEnvironment(job_id=884519, hostname=sablab-gpu-06.ece.cornell.edu, local_rank=0(1), node=0(1), global_rank=0(1))
submitit INFO (2022-10-02 13:21:25,076) - Loading pickle: /home/gid-cakmaks/contextual_rs/experiments/wsc_experiments/logs/884519/884519_submitted.pkl
Appending iterations to existing output!Warning: If parameters other than `iterations` have been changed, this will corrupt the output!
Starting label LEVI, seed 67, iteration 1330, time: 3861.523826122284
Starting label LEVI, seed 67, iteration 1340, time: 3868.0515434741974
Starting label LEVI, seed 67, iteration 1350, time: 3874.5248239040375
Starting label LEVI, seed 67, iteration 1360, time: 3880.9562175273895
Starting label LEVI, seed 67, iteration 1370, time: 3887.4569697380066
Starting label LEVI, seed 67, iteration 1380, time: 3894.2516329288483
Starting label LEVI, seed 67, iteration 1390, time: 3900.9211843013763
Starting label LEVI, seed 67, iteration 1400, time: 3907.8019897937775
Starting label LEVI, seed 67, iteration 1410, time: 3914.276577949524
Starting label LEVI, seed 67, iteration 1420, time: 3920.645002603531
Starting label LEVI, seed 67, iteration 1430, time: 3927.090065717697
Starting label LEVI, seed 67, iteration 1440, time: 3933.526452064514
Starting label LEVI, seed 67, iteration 1450, time: 3939.9381580352783
Starting label LEVI, seed 67, iteration 1460, time: 3946.4264261722565
Starting label LEVI, seed 67, iteration 1470, time: 3952.9270691871643
Starting label LEVI, seed 67, iteration 1480, time: 3959.167418241501
Starting label LEVI, seed 67, iteration 1490, time: 3965.5633652210236
Starting label LEVI, seed 67, iteration 1500, time: 3971.7642590999603
Starting label LEVI, seed 67, iteration 1510, time: 3978.328664779663
Starting label LEVI, seed 67, iteration 1520, time: 3984.659061193466
Starting label LEVI, seed 67, iteration 1530, time: 3991.189872980118
Starting label LEVI, seed 67, iteration 1540, time: 3997.573511838913
Starting label LEVI, seed 67, iteration 1550, time: 4003.807775735855
Starting label LEVI, seed 67, iteration 1560, time: 4010.280773639679
Starting label LEVI, seed 67, iteration 1570, time: 4016.580260038376
Starting label LEVI, seed 67, iteration 1580, time: 4023.046454668045
Starting label LEVI, seed 67, iteration 1590, time: 4029.6096835136414
Starting label LEVI, seed 67, iteration 1600, time: 4036.3729391098022
Starting label LEVI, seed 67, iteration 1610, time: 4042.9784603118896
Starting label LEVI, seed 67, iteration 1620, time: 4049.7588326931
Starting label LEVI, seed 67, iteration 1630, time: 4056.6309378147125
Starting label LEVI, seed 67, iteration 1640, time: 4063.2649240493774
Starting label LEVI, seed 67, iteration 1650, time: 4070.1459007263184
Starting label LEVI, seed 67, iteration 1660, time: 4076.7284021377563
Starting label LEVI, seed 67, iteration 1670, time: 4083.5066504478455
Starting label LEVI, seed 67, iteration 1680, time: 4090.095625638962
Starting label LEVI, seed 67, iteration 1690, time: 4097.007791042328
Starting label LEVI, seed 67, iteration 1700, time: 4103.9072642326355
Starting label LEVI, seed 67, iteration 1710, time: 4110.817251205444
Starting label LEVI, seed 67, iteration 1720, time: 4117.84587264061
Starting label LEVI, seed 67, iteration 1730, time: 4124.607301712036
Starting label LEVI, seed 67, iteration 1740, time: 4131.761161804199
Starting label LEVI, seed 67, iteration 1750, time: 4138.951716184616
Starting label LEVI, seed 67, iteration 1760, time: 4146.29575586319
Starting label LEVI, seed 67, iteration 1770, time: 4153.511118650436
Starting label LEVI, seed 67, iteration 1780, time: 4160.580792427063
Starting label LEVI, seed 67, iteration 1790, time: 4168.274676799774
Starting label LEVI, seed 67, iteration 1800, time: 4177.039229393005
Starting label LEVI, seed 67, iteration 1810, time: 4185.547781705856
Starting label LEVI, seed 67, iteration 1820, time: 4194.129543066025
Starting label LEVI, seed 67, iteration 1830, time: 4202.728396654129
Starting label LEVI, seed 67, iteration 1840, time: 4211.326529741287
Starting label LEVI, seed 67, iteration 1850, time: 4219.890089273453
Starting label LEVI, seed 67, iteration 1860, time: 4228.427975177765
Starting label LEVI, seed 67, iteration 1870, time: 4237.086702346802
Starting label LEVI, seed 67, iteration 1880, time: 4245.601794958115
Starting label LEVI, seed 67, iteration 1890, time: 4254.110493659973
Starting label LEVI, seed 67, iteration 1900, time: 4262.7213015556335
Starting label LEVI, seed 67, iteration 1910, time: 4271.418419122696
Starting label LEVI, seed 67, iteration 1920, time: 4279.527302503586
Starting label LEVI, seed 67, iteration 1930, time: 4288.297401189804
Starting label LEVI, seed 67, iteration 1940, time: 4297.307051420212
Starting label LEVI, seed 67, iteration 1950, time: 4306.3672461509705
Starting label LEVI, seed 67, iteration 1960, time: 4315.348249435425
Starting label LEVI, seed 67, iteration 1970, time: 4324.234450101852
Starting label LEVI, seed 67, iteration 1980, time: 4333.156920194626
Starting label LEVI, seed 67, iteration 1990, time: 4342.174823760986
submitit INFO (2022-10-02 13:29:38,374) - Job completed successfully
