submitit INFO (2022-10-02 13:26:52,525) - Starting with JobEnvironment(job_id=884541_6, hostname=snavely-compute-01.tech.cornell.edu, local_rank=0(1), node=0(1), global_rank=0(1))
submitit INFO (2022-10-02 13:26:52,525) - Loading pickle: /home/gid-cakmaks/contextual_rs/experiments/wsc_experiments/logs/884541_6/884541_6_submitted.pkl
Appending iterations to existing output!Warning: If parameters other than `iterations` have been changed, this will corrupt the output!
Starting label LEVI, seed 26, iteration 520, time: 334.9426374435425
Starting label LEVI, seed 26, iteration 530, time: 342.81604266166687
Starting label LEVI, seed 26, iteration 540, time: 350.3219816684723
Starting label LEVI, seed 26, iteration 550, time: 357.86929178237915
Starting label LEVI, seed 26, iteration 560, time: 365.5250144004822
Starting label LEVI, seed 26, iteration 570, time: 373.46538376808167
Starting label LEVI, seed 26, iteration 580, time: 381.51759934425354
Starting label LEVI, seed 26, iteration 590, time: 389.5470402240753
Starting label LEVI, seed 26, iteration 600, time: 397.45791006088257
Starting label LEVI, seed 26, iteration 610, time: 405.38862133026123
Starting label LEVI, seed 26, iteration 620, time: 413.4400866031647
Starting label LEVI, seed 26, iteration 630, time: 421.6280527114868
Starting label LEVI, seed 26, iteration 640, time: 429.70517110824585
Starting label LEVI, seed 26, iteration 650, time: 438.143563747406
Starting label LEVI, seed 26, iteration 660, time: 446.10374760627747
Starting label LEVI, seed 26, iteration 670, time: 454.3350465297699
Starting label LEVI, seed 26, iteration 680, time: 462.6995828151703
Starting label LEVI, seed 26, iteration 690, time: 471.0814154148102
Starting label LEVI, seed 26, iteration 700, time: 480.1259672641754
Starting label LEVI, seed 26, iteration 710, time: 488.884907245636
Starting label LEVI, seed 26, iteration 720, time: 497.4459056854248
Starting label LEVI, seed 26, iteration 730, time: 507.1421535015106
Starting label LEVI, seed 26, iteration 740, time: 515.7364211082458
Starting label LEVI, seed 26, iteration 750, time: 524.3310060501099
Starting label LEVI, seed 26, iteration 760, time: 533.1377243995667
Starting label LEVI, seed 26, iteration 770, time: 542.0176796913147
Starting label LEVI, seed 26, iteration 780, time: 550.1021971702576
Starting label LEVI, seed 26, iteration 790, time: 558.3287608623505
Starting label LEVI, seed 26, iteration 800, time: 566.371869802475
Starting label LEVI, seed 26, iteration 810, time: 574.962539434433
Starting label LEVI, seed 26, iteration 820, time: 583.2730076313019
Starting label LEVI, seed 26, iteration 830, time: 591.5935034751892
Starting label LEVI, seed 26, iteration 840, time: 599.9512901306152
Starting label LEVI, seed 26, iteration 850, time: 608.1589028835297
Starting label LEVI, seed 26, iteration 860, time: 616.9148533344269
Starting label LEVI, seed 26, iteration 870, time: 625.6857056617737
Starting label LEVI, seed 26, iteration 880, time: 634.285608291626
Starting label LEVI, seed 26, iteration 890, time: 642.5066180229187
Starting label LEVI, seed 26, iteration 900, time: 650.9480037689209
Starting label LEVI, seed 26, iteration 910, time: 659.094836473465
Starting label LEVI, seed 26, iteration 920, time: 667.2575552463531
Starting label LEVI, seed 26, iteration 930, time: 676.0547616481781
Starting label LEVI, seed 26, iteration 940, time: 684.5423560142517
Starting label LEVI, seed 26, iteration 950, time: 693.0562510490417
Starting label LEVI, seed 26, iteration 960, time: 701.5154302120209
Starting label LEVI, seed 26, iteration 970, time: 709.6750900745392
Starting label LEVI, seed 26, iteration 980, time: 718.5943424701691
Starting label LEVI, seed 26, iteration 990, time: 727.0428996086121
Starting label LEVI, seed 26, iteration 1000, time: 735.7196621894836
Starting label LEVI, seed 26, iteration 1010, time: 744.2226274013519
Starting label LEVI, seed 26, iteration 1020, time: 753.0818860530853
Starting label LEVI, seed 26, iteration 1030, time: 761.7880625724792
Starting label LEVI, seed 26, iteration 1040, time: 770.5194265842438
Starting label LEVI, seed 26, iteration 1050, time: 779.0418291091919
Starting label LEVI, seed 26, iteration 1060, time: 788.2040150165558
Starting label LEVI, seed 26, iteration 1070, time: 797.1664340496063
Starting label LEVI, seed 26, iteration 1080, time: 806.4389564990997
Starting label LEVI, seed 26, iteration 1090, time: 815.6261727809906
Starting label LEVI, seed 26, iteration 1100, time: 825.4489889144897
Starting label LEVI, seed 26, iteration 1110, time: 834.718325138092
Starting label LEVI, seed 26, iteration 1120, time: 844.0134987831116
Starting label LEVI, seed 26, iteration 1130, time: 853.213668346405
Starting label LEVI, seed 26, iteration 1140, time: 862.4845945835114
Starting label LEVI, seed 26, iteration 1150, time: 871.9384055137634
Starting label LEVI, seed 26, iteration 1160, time: 881.3622224330902
Starting label LEVI, seed 26, iteration 1170, time: 890.869863986969
Starting label LEVI, seed 26, iteration 1180, time: 902.2748286724091
Starting label LEVI, seed 26, iteration 1190, time: 912.4942305088043
Starting label LEVI, seed 26, iteration 1200, time: 922.50541472435
Starting label LEVI, seed 26, iteration 1210, time: 933.2306537628174
Starting label LEVI, seed 26, iteration 1220, time: 943.1233336925507
Starting label LEVI, seed 26, iteration 1230, time: 953.2384757995605
Starting label LEVI, seed 26, iteration 1240, time: 963.0333197116852
Starting label LEVI, seed 26, iteration 1250, time: 972.7638938426971
Starting label LEVI, seed 26, iteration 1260, time: 982.878928899765
Starting label LEVI, seed 26, iteration 1270, time: 993.4453356266022
Starting label LEVI, seed 26, iteration 1280, time: 1004.2751801013947
Starting label LEVI, seed 26, iteration 1290, time: 1015.3924639225006
Starting label LEVI, seed 26, iteration 1300, time: 1026.450463294983
Starting label LEVI, seed 26, iteration 1310, time: 1037.1188426017761
Starting label LEVI, seed 26, iteration 1320, time: 1047.8424768447876
Starting label LEVI, seed 26, iteration 1330, time: 1057.7496473789215
Starting label LEVI, seed 26, iteration 1340, time: 1068.1788549423218
Starting label LEVI, seed 26, iteration 1350, time: 1077.8917405605316
Starting label LEVI, seed 26, iteration 1360, time: 1087.642588853836
Starting label LEVI, seed 26, iteration 1370, time: 1098.3578534126282
Starting label LEVI, seed 26, iteration 1380, time: 1109.1179831027985
Starting label LEVI, seed 26, iteration 1390, time: 1120.054134607315
Starting label LEVI, seed 26, iteration 1400, time: 1131.9919419288635
Starting label LEVI, seed 26, iteration 1410, time: 1143.8474638462067
Starting label LEVI, seed 26, iteration 1420, time: 1153.951046705246
Starting label LEVI, seed 26, iteration 1430, time: 1165.869871377945
Starting label LEVI, seed 26, iteration 1440, time: 1176.7497279644012
Starting label LEVI, seed 26, iteration 1450, time: 1187.7892673015594
Starting label LEVI, seed 26, iteration 1460, time: 1198.9050674438477
Starting label LEVI, seed 26, iteration 1470, time: 1210.3310236930847
Starting label LEVI, seed 26, iteration 1480, time: 1221.7403502464294
Starting label LEVI, seed 26, iteration 1490, time: 1233.2410066127777
Starting label LEVI, seed 26, iteration 1500, time: 1244.9762017726898
Starting label LEVI, seed 26, iteration 1510, time: 1256.141273021698
Starting label LEVI, seed 26, iteration 1520, time: 1268.478181362152
Starting label LEVI, seed 26, iteration 1530, time: 1280.5745837688446
Starting label LEVI, seed 26, iteration 1540, time: 1292.57000207901
Starting label LEVI, seed 26, iteration 1550, time: 1304.9526586532593
Starting label LEVI, seed 26, iteration 1560, time: 1317.6339437961578
Starting label LEVI, seed 26, iteration 1570, time: 1330.9188220500946
Starting label LEVI, seed 26, iteration 1580, time: 1343.0471744537354
Starting label LEVI, seed 26, iteration 1590, time: 1355.823991060257
Starting label LEVI, seed 26, iteration 1600, time: 1368.292931318283
Starting label LEVI, seed 26, iteration 1610, time: 1380.9632272720337
Starting label LEVI, seed 26, iteration 1620, time: 1393.9063820838928
Starting label LEVI, seed 26, iteration 1630, time: 1406.827392578125
Starting label LEVI, seed 26, iteration 1640, time: 1418.7786860466003
Starting label LEVI, seed 26, iteration 1650, time: 1432.059588432312
Starting label LEVI, seed 26, iteration 1660, time: 1444.2249298095703
Starting label LEVI, seed 26, iteration 1670, time: 1457.7836256027222
Starting label LEVI, seed 26, iteration 1680, time: 1470.4006085395813
Starting label LEVI, seed 26, iteration 1690, time: 1484.0470488071442
Starting label LEVI, seed 26, iteration 1700, time: 1496.3958926200867
Starting label LEVI, seed 26, iteration 1710, time: 1510.509287595749
Starting label LEVI, seed 26, iteration 1720, time: 1523.225779056549
Starting label LEVI, seed 26, iteration 1730, time: 1536.385978460312
Starting label LEVI, seed 26, iteration 1740, time: 1549.2550671100616
Starting label LEVI, seed 26, iteration 1750, time: 1561.554006099701
Starting label LEVI, seed 26, iteration 1760, time: 1575.165031671524
Starting label LEVI, seed 26, iteration 1770, time: 1588.04376912117
Starting label LEVI, seed 26, iteration 1780, time: 1603.5507810115814
Starting label LEVI, seed 26, iteration 1790, time: 1617.763209104538
Starting label LEVI, seed 26, iteration 1800, time: 1631.3591496944427
Starting label LEVI, seed 26, iteration 1810, time: 1646.4966552257538
Starting label LEVI, seed 26, iteration 1820, time: 1661.6980776786804
Starting label LEVI, seed 26, iteration 1830, time: 1676.676841020584
Starting label LEVI, seed 26, iteration 1840, time: 1692.0984847545624
Starting label LEVI, seed 26, iteration 1850, time: 1707.2724208831787
Starting label LEVI, seed 26, iteration 1860, time: 1723.6251111030579
Starting label LEVI, seed 26, iteration 1870, time: 1740.1652791500092
Starting label LEVI, seed 26, iteration 1880, time: 1753.841845035553
Starting label LEVI, seed 26, iteration 1890, time: 1768.6404168605804
Starting label LEVI, seed 26, iteration 1900, time: 1783.730102300644
Starting label LEVI, seed 26, iteration 1910, time: 1798.9770607948303
Starting label LEVI, seed 26, iteration 1920, time: 1813.657565355301
Starting label LEVI, seed 26, iteration 1930, time: 1830.1933052539825
Starting label LEVI, seed 26, iteration 1940, time: 1846.6464023590088
Starting label LEVI, seed 26, iteration 1950, time: 1861.713697195053
Starting label LEVI, seed 26, iteration 1960, time: 1877.342618227005
Starting label LEVI, seed 26, iteration 1970, time: 1892.7679834365845
Starting label LEVI, seed 26, iteration 1980, time: 1910.0565469264984
Starting label LEVI, seed 26, iteration 1990, time: 1925.7975678443909
submitit INFO (2022-10-02 13:53:44,163) - Job completed successfully
