submitit INFO (2022-10-02 00:14:24,819) - Starting with JobEnvironment(job_id=883189_5, hostname=nikola-compute-03.cs.cornell.edu, local_rank=0(1), node=0(1), global_rank=0(1))
submitit INFO (2022-10-02 00:14:24,820) - Loading pickle: /home/gid-cakmaks/contextual_rs/experiments/wsc_experiments/logs/883189_5/883189_5_submitted.pkl
Starting label LEVI, seed 75, iteration 0, time: 8.797645568847656e-05
Starting label LEVI, seed 75, iteration 10, time: 2.5193638801574707
Starting label LEVI, seed 75, iteration 20, time: 5.130584955215454
Starting label LEVI, seed 75, iteration 30, time: 7.7669079303741455
Starting label LEVI, seed 75, iteration 40, time: 10.393996477127075
Starting label LEVI, seed 75, iteration 50, time: 13.09002947807312
Starting label LEVI, seed 75, iteration 60, time: 15.8232102394104
Starting label LEVI, seed 75, iteration 70, time: 18.519614696502686
Starting label LEVI, seed 75, iteration 80, time: 21.214483737945557
Starting label LEVI, seed 75, iteration 90, time: 23.898547887802124
Starting label LEVI, seed 75, iteration 100, time: 26.476654291152954
Starting label LEVI, seed 75, iteration 110, time: 29.030295610427856
Starting label LEVI, seed 75, iteration 120, time: 31.55037021636963
Starting label LEVI, seed 75, iteration 130, time: 34.183613300323486
Starting label LEVI, seed 75, iteration 140, time: 36.930992603302
Starting label LEVI, seed 75, iteration 150, time: 39.5775785446167
Starting label LEVI, seed 75, iteration 160, time: 42.20244479179382
Starting label LEVI, seed 75, iteration 170, time: 44.79542541503906
Starting label LEVI, seed 75, iteration 180, time: 47.54684352874756
Starting label LEVI, seed 75, iteration 190, time: 50.259217262268066
Starting label LEVI, seed 75, iteration 200, time: 52.97705578804016
Starting label LEVI, seed 75, iteration 210, time: 55.7943229675293
Starting label LEVI, seed 75, iteration 220, time: 58.66665577888489
Starting label LEVI, seed 75, iteration 230, time: 61.683913707733154
Starting label LEVI, seed 75, iteration 240, time: 64.66736960411072
Starting label LEVI, seed 75, iteration 250, time: 67.61845016479492
Starting label LEVI, seed 75, iteration 260, time: 70.57483243942261
Starting label LEVI, seed 75, iteration 270, time: 73.54591417312622
Starting label LEVI, seed 75, iteration 280, time: 76.52500939369202
Starting label LEVI, seed 75, iteration 290, time: 79.43683671951294
Starting label LEVI, seed 75, iteration 300, time: 82.35242128372192
Starting label LEVI, seed 75, iteration 310, time: 85.30002045631409
Starting label LEVI, seed 75, iteration 320, time: 88.1308810710907
Starting label LEVI, seed 75, iteration 330, time: 90.98500418663025
Starting label LEVI, seed 75, iteration 340, time: 93.76637721061707
Starting label LEVI, seed 75, iteration 350, time: 96.54879212379456
Starting label LEVI, seed 75, iteration 360, time: 99.37333369255066
Starting label LEVI, seed 75, iteration 370, time: 102.29593682289124
Starting label LEVI, seed 75, iteration 380, time: 105.15566444396973
Starting label LEVI, seed 75, iteration 390, time: 108.07418179512024
Starting label LEVI, seed 75, iteration 400, time: 110.93732905387878
Starting label LEVI, seed 75, iteration 410, time: 113.83108377456665
Starting label LEVI, seed 75, iteration 420, time: 116.61922907829285
Starting label LEVI, seed 75, iteration 430, time: 119.37332844734192
Starting label LEVI, seed 75, iteration 440, time: 122.15172362327576
Starting label LEVI, seed 75, iteration 450, time: 124.92282247543335
Starting label LEVI, seed 75, iteration 460, time: 127.7541880607605
Starting label LEVI, seed 75, iteration 470, time: 130.60346269607544
Starting label LEVI, seed 75, iteration 480, time: 133.50715923309326
Starting label LEVI, seed 75, iteration 490, time: 136.35673880577087
Starting label LEVI, seed 75, iteration 500, time: 139.1905975341797
Starting label LEVI, seed 75, iteration 510, time: 142.1097846031189
Starting label LEVI, seed 75, iteration 520, time: 145.05055570602417
Starting label LEVI, seed 75, iteration 530, time: 147.94548082351685
Starting label LEVI, seed 75, iteration 540, time: 150.88157725334167
Starting label LEVI, seed 75, iteration 550, time: 153.72046399116516
Starting label LEVI, seed 75, iteration 560, time: 156.6224319934845
Starting label LEVI, seed 75, iteration 570, time: 159.42451786994934
Starting label LEVI, seed 75, iteration 580, time: 162.24623799324036
Starting label LEVI, seed 75, iteration 590, time: 165.06005311012268
Starting label LEVI, seed 75, iteration 600, time: 167.86732053756714
Starting label LEVI, seed 75, iteration 610, time: 170.7982678413391
Starting label LEVI, seed 75, iteration 620, time: 173.66575479507446
Starting label LEVI, seed 75, iteration 630, time: 176.58237075805664
Starting label LEVI, seed 75, iteration 640, time: 179.60603260993958
Starting label LEVI, seed 75, iteration 650, time: 182.51993870735168
Starting label LEVI, seed 75, iteration 660, time: 185.4723825454712
Starting label LEVI, seed 75, iteration 670, time: 188.45383620262146
Starting label LEVI, seed 75, iteration 680, time: 191.42771005630493
Starting label LEVI, seed 75, iteration 690, time: 194.3475320339203
Starting label LEVI, seed 75, iteration 700, time: 197.3177764415741
Starting label LEVI, seed 75, iteration 710, time: 200.20299243927002
Starting label LEVI, seed 75, iteration 720, time: 203.13577032089233
Starting label LEVI, seed 75, iteration 730, time: 206.1512577533722
Starting label LEVI, seed 75, iteration 740, time: 209.08251404762268
Starting label LEVI, seed 75, iteration 750, time: 211.9861581325531
Starting label LEVI, seed 75, iteration 760, time: 214.92864346504211
Starting label LEVI, seed 75, iteration 770, time: 217.83958387374878
Starting label LEVI, seed 75, iteration 780, time: 220.72752952575684
Starting label LEVI, seed 75, iteration 790, time: 223.57912802696228
Starting label LEVI, seed 75, iteration 800, time: 226.43635034561157
Starting label LEVI, seed 75, iteration 810, time: 229.39045548439026
Starting label LEVI, seed 75, iteration 820, time: 232.3310260772705
Starting label LEVI, seed 75, iteration 830, time: 235.23762798309326
Starting label LEVI, seed 75, iteration 840, time: 238.1604287624359
Starting label LEVI, seed 75, iteration 850, time: 241.1085340976715
Starting label LEVI, seed 75, iteration 860, time: 244.05988001823425
Starting label LEVI, seed 75, iteration 870, time: 247.0038287639618
Starting label LEVI, seed 75, iteration 880, time: 249.9112367630005
Starting label LEVI, seed 75, iteration 890, time: 252.87736320495605
Starting label LEVI, seed 75, iteration 900, time: 255.92569184303284
Starting label LEVI, seed 75, iteration 910, time: 258.9846525192261
Starting label LEVI, seed 75, iteration 920, time: 261.9404408931732
Starting label LEVI, seed 75, iteration 930, time: 264.90994095802307
Starting label LEVI, seed 75, iteration 940, time: 267.96825909614563
Starting label LEVI, seed 75, iteration 950, time: 270.9052588939667
Starting label LEVI, seed 75, iteration 960, time: 273.95471835136414
Starting label LEVI, seed 75, iteration 970, time: 277.0437898635864
Starting label LEVI, seed 75, iteration 980, time: 280.1341755390167
Starting label LEVI, seed 75, iteration 990, time: 283.19217896461487
Starting label LEVI, seed 75, iteration 1000, time: 286.14801478385925
Starting label LEVI, seed 75, iteration 1010, time: 289.163104057312
Starting label LEVI, seed 75, iteration 1020, time: 292.3314847946167
Starting label LEVI, seed 75, iteration 1030, time: 295.3381381034851
Starting label LEVI, seed 75, iteration 1040, time: 298.40698432922363
Starting label LEVI, seed 75, iteration 1050, time: 301.6015405654907
Starting label LEVI, seed 75, iteration 1060, time: 304.80123805999756
Starting label LEVI, seed 75, iteration 1070, time: 308.07485604286194
Starting label LEVI, seed 75, iteration 1080, time: 311.2601182460785
Starting label LEVI, seed 75, iteration 1090, time: 314.44521617889404
Starting label LEVI, seed 75, iteration 1100, time: 317.72775387763977
Starting label LEVI, seed 75, iteration 1110, time: 321.00101375579834
Starting label LEVI, seed 75, iteration 1120, time: 324.1992962360382
Starting label LEVI, seed 75, iteration 1130, time: 327.2685241699219
Starting label LEVI, seed 75, iteration 1140, time: 330.46210861206055
Starting label LEVI, seed 75, iteration 1150, time: 333.75775027275085
Starting label LEVI, seed 75, iteration 1160, time: 336.87898874282837
Starting label LEVI, seed 75, iteration 1170, time: 340.0318946838379
Starting label LEVI, seed 75, iteration 1180, time: 343.1552360057831
Starting label LEVI, seed 75, iteration 1190, time: 346.2989640235901
Starting label LEVI, seed 75, iteration 1200, time: 349.396363735199
Starting label LEVI, seed 75, iteration 1210, time: 352.7666485309601
Starting label LEVI, seed 75, iteration 1220, time: 356.0397391319275
Starting label LEVI, seed 75, iteration 1230, time: 359.3483989238739
Starting label LEVI, seed 75, iteration 1240, time: 362.5497090816498
Starting label LEVI, seed 75, iteration 1250, time: 365.74788212776184
Starting label LEVI, seed 75, iteration 1260, time: 368.9587514400482
Starting label LEVI, seed 75, iteration 1270, time: 372.0971932411194
Starting label LEVI, seed 75, iteration 1280, time: 375.2557451725006
Starting label LEVI, seed 75, iteration 1290, time: 378.5462167263031
Starting label LEVI, seed 75, iteration 1300, time: 381.7681210041046
Starting label LEVI, seed 75, iteration 1310, time: 385.0429081916809
Starting label LEVI, seed 75, iteration 1320, time: 388.3840353488922
Starting label LEVI, seed 75, iteration 1330, time: 391.5861904621124
Starting label LEVI, seed 75, iteration 1340, time: 394.81875228881836
Starting label LEVI, seed 75, iteration 1350, time: 398.0072395801544
Starting label LEVI, seed 75, iteration 1360, time: 401.27915835380554
Starting label LEVI, seed 75, iteration 1370, time: 404.56086683273315
Starting label LEVI, seed 75, iteration 1380, time: 407.9339962005615
Starting label LEVI, seed 75, iteration 1390, time: 411.4524190425873
Starting label LEVI, seed 75, iteration 1400, time: 415.0315430164337
Starting label LEVI, seed 75, iteration 1410, time: 418.42738461494446
Starting label LEVI, seed 75, iteration 1420, time: 421.9307653903961
Starting label LEVI, seed 75, iteration 1430, time: 425.4122552871704
Starting label LEVI, seed 75, iteration 1440, time: 428.90207719802856
Starting label LEVI, seed 75, iteration 1450, time: 432.45987367630005
Starting label LEVI, seed 75, iteration 1460, time: 436.06882667541504
Starting label LEVI, seed 75, iteration 1470, time: 439.5842568874359
Starting label LEVI, seed 75, iteration 1480, time: 443.1968376636505
Starting label LEVI, seed 75, iteration 1490, time: 446.867977142334
Starting label LEVI, seed 75, iteration 1500, time: 450.44628047943115
Starting label LEVI, seed 75, iteration 1510, time: 454.1140019893646
Starting label LEVI, seed 75, iteration 1520, time: 457.71337842941284
Starting label LEVI, seed 75, iteration 1530, time: 461.288822889328
Starting label LEVI, seed 75, iteration 1540, time: 464.86854243278503
Starting label LEVI, seed 75, iteration 1550, time: 468.5228497982025
Starting label LEVI, seed 75, iteration 1560, time: 472.2523775100708
Starting label LEVI, seed 75, iteration 1570, time: 476.0398795604706
Starting label LEVI, seed 75, iteration 1580, time: 479.9792408943176
Starting label LEVI, seed 75, iteration 1590, time: 483.80156207084656
Starting label LEVI, seed 75, iteration 1600, time: 487.6363036632538
Starting label LEVI, seed 75, iteration 1610, time: 491.3484981060028
Starting label LEVI, seed 75, iteration 1620, time: 495.15378737449646
Starting label LEVI, seed 75, iteration 1630, time: 499.0197856426239
Starting label LEVI, seed 75, iteration 1640, time: 503.0683081150055
Starting label LEVI, seed 75, iteration 1650, time: 506.79588747024536
Starting label LEVI, seed 75, iteration 1660, time: 510.8083772659302
Starting label LEVI, seed 75, iteration 1670, time: 514.7404718399048
Starting label LEVI, seed 75, iteration 1680, time: 518.7738444805145
Starting label LEVI, seed 75, iteration 1690, time: 522.6964476108551
Starting label LEVI, seed 75, iteration 1700, time: 526.7375013828278
Starting label LEVI, seed 75, iteration 1710, time: 530.6560974121094
Starting label LEVI, seed 75, iteration 1720, time: 534.7119538784027
Starting label LEVI, seed 75, iteration 1730, time: 538.6908810138702
Starting label LEVI, seed 75, iteration 1740, time: 542.6396248340607
Starting label LEVI, seed 75, iteration 1750, time: 546.5986936092377
Starting label LEVI, seed 75, iteration 1760, time: 550.7513241767883
Starting label LEVI, seed 75, iteration 1770, time: 554.8452246189117
Starting label LEVI, seed 75, iteration 1780, time: 559.0330927371979
Starting label LEVI, seed 75, iteration 1790, time: 563.1136507987976
Starting label LEVI, seed 75, iteration 1800, time: 567.1422860622406
Starting label LEVI, seed 75, iteration 1810, time: 571.2386169433594
Starting label LEVI, seed 75, iteration 1820, time: 575.493022441864
Starting label LEVI, seed 75, iteration 1830, time: 579.6701600551605
Starting label LEVI, seed 75, iteration 1840, time: 583.8018097877502
Starting label LEVI, seed 75, iteration 1850, time: 588.2120056152344
Starting label LEVI, seed 75, iteration 1860, time: 592.709105014801
Starting label LEVI, seed 75, iteration 1870, time: 596.7803750038147
Starting label LEVI, seed 75, iteration 1880, time: 601.1298243999481
Starting label LEVI, seed 75, iteration 1890, time: 605.4787971973419
Starting label LEVI, seed 75, iteration 1900, time: 609.9891529083252
Starting label LEVI, seed 75, iteration 1910, time: 614.2690734863281
Starting label LEVI, seed 75, iteration 1920, time: 618.5696396827698
Starting label LEVI, seed 75, iteration 1930, time: 622.8996665477753
Starting label LEVI, seed 75, iteration 1940, time: 627.3981544971466
Starting label LEVI, seed 75, iteration 1950, time: 631.7325756549835
Starting label LEVI, seed 75, iteration 1960, time: 636.0781319141388
Starting label LEVI, seed 75, iteration 1970, time: 640.5757231712341
Starting label LEVI, seed 75, iteration 1980, time: 645.0398724079132
Starting label LEVI, seed 75, iteration 1990, time: 649.533891916275
submitit INFO (2022-10-02 00:25:20,199) - Job completed successfully
