submitit INFO (2022-10-02 13:27:12,572) - Starting with JobEnvironment(job_id=884561_8, hostname=g2-compute-97.coecis.cornell.edu, local_rank=0(1), node=0(1), global_rank=0(1))
submitit INFO (2022-10-02 13:27:12,572) - Loading pickle: /home/gid-cakmaks/contextual_rs/experiments/wsc_experiments/logs/884561_8/884561_8_submitted.pkl
Appending iterations to existing output!Warning: If parameters other than `iterations` have been changed, this will corrupt the output!
Starting label LEVI, seed 48, iteration 560, time: 319.1257083415985
Starting label LEVI, seed 48, iteration 570, time: 325.54180669784546
Starting label LEVI, seed 48, iteration 580, time: 331.71556544303894
Starting label LEVI, seed 48, iteration 590, time: 337.8500738143921
Starting label LEVI, seed 48, iteration 600, time: 344.06878089904785
Starting label LEVI, seed 48, iteration 610, time: 350.2788827419281
Starting label LEVI, seed 48, iteration 620, time: 356.3698585033417
Starting label LEVI, seed 48, iteration 630, time: 362.4941313266754
Starting label LEVI, seed 48, iteration 640, time: 368.84904193878174
Starting label LEVI, seed 48, iteration 650, time: 375.22898602485657
Starting label LEVI, seed 48, iteration 660, time: 381.7190384864807
Starting label LEVI, seed 48, iteration 670, time: 387.88534140586853
Starting label LEVI, seed 48, iteration 680, time: 394.00607538223267
Starting label LEVI, seed 48, iteration 690, time: 400.20485043525696
Starting label LEVI, seed 48, iteration 700, time: 406.3296899795532
Starting label LEVI, seed 48, iteration 710, time: 412.534264087677
Starting label LEVI, seed 48, iteration 720, time: 418.78985047340393
Starting label LEVI, seed 48, iteration 730, time: 424.9565682411194
Starting label LEVI, seed 48, iteration 740, time: 431.04209542274475
Starting label LEVI, seed 48, iteration 750, time: 437.0618460178375
Starting label LEVI, seed 48, iteration 760, time: 443.212792634964
Starting label LEVI, seed 48, iteration 770, time: 449.4607563018799
Starting label LEVI, seed 48, iteration 780, time: 455.91683554649353
Starting label LEVI, seed 48, iteration 790, time: 462.2929627895355
Starting label LEVI, seed 48, iteration 800, time: 468.3803310394287
Starting label LEVI, seed 48, iteration 810, time: 474.3620059490204
Starting label LEVI, seed 48, iteration 820, time: 480.86646342277527
Starting label LEVI, seed 48, iteration 830, time: 487.432279586792
Starting label LEVI, seed 48, iteration 840, time: 494.0463092327118
Starting label LEVI, seed 48, iteration 850, time: 500.70188188552856
Starting label LEVI, seed 48, iteration 860, time: 507.2004065513611
Starting label LEVI, seed 48, iteration 870, time: 513.8704106807709
Starting label LEVI, seed 48, iteration 880, time: 520.6095020771027
Starting label LEVI, seed 48, iteration 890, time: 527.4025530815125
Starting label LEVI, seed 48, iteration 900, time: 534.1610262393951
Starting label LEVI, seed 48, iteration 910, time: 540.8866980075836
Starting label LEVI, seed 48, iteration 920, time: 547.6583585739136
Starting label LEVI, seed 48, iteration 930, time: 554.2772254943848
Starting label LEVI, seed 48, iteration 940, time: 560.6842930316925
Starting label LEVI, seed 48, iteration 950, time: 567.2404818534851
Starting label LEVI, seed 48, iteration 960, time: 573.598123550415
Starting label LEVI, seed 48, iteration 970, time: 580.1647400856018
Starting label LEVI, seed 48, iteration 980, time: 586.7940988540649
Starting label LEVI, seed 48, iteration 990, time: 593.6024675369263
Starting label LEVI, seed 48, iteration 1000, time: 600.2358901500702
Starting label LEVI, seed 48, iteration 1010, time: 606.9806616306305
Starting label LEVI, seed 48, iteration 1020, time: 614.0259947776794
Starting label LEVI, seed 48, iteration 1030, time: 620.8279209136963
Starting label LEVI, seed 48, iteration 1040, time: 627.620546579361
Starting label LEVI, seed 48, iteration 1050, time: 634.5408625602722
Starting label LEVI, seed 48, iteration 1060, time: 641.5402426719666
Starting label LEVI, seed 48, iteration 1070, time: 648.780419588089
Starting label LEVI, seed 48, iteration 1080, time: 656.0132625102997
Starting label LEVI, seed 48, iteration 1090, time: 663.5927095413208
Starting label LEVI, seed 48, iteration 1100, time: 671.3746523857117
Starting label LEVI, seed 48, iteration 1110, time: 678.68909907341
Starting label LEVI, seed 48, iteration 1120, time: 686.2666313648224
Starting label LEVI, seed 48, iteration 1130, time: 693.7292563915253
Starting label LEVI, seed 48, iteration 1140, time: 701.4371845722198
Starting label LEVI, seed 48, iteration 1150, time: 709.2945740222931
Starting label LEVI, seed 48, iteration 1160, time: 716.6968190670013
Starting label LEVI, seed 48, iteration 1170, time: 724.4978182315826
Starting label LEVI, seed 48, iteration 1180, time: 732.3921658992767
Starting label LEVI, seed 48, iteration 1190, time: 740.0218329429626
Starting label LEVI, seed 48, iteration 1200, time: 748.1438236236572
Starting label LEVI, seed 48, iteration 1210, time: 756.3804972171783
Starting label LEVI, seed 48, iteration 1220, time: 764.5261287689209
Starting label LEVI, seed 48, iteration 1230, time: 773.0040192604065
Starting label LEVI, seed 48, iteration 1240, time: 780.672929763794
Starting label LEVI, seed 48, iteration 1250, time: 788.7062780857086
Starting label LEVI, seed 48, iteration 1260, time: 796.772872209549
Starting label LEVI, seed 48, iteration 1270, time: 805.0474030971527
Starting label LEVI, seed 48, iteration 1280, time: 813.1675064563751
Starting label LEVI, seed 48, iteration 1290, time: 821.3066494464874
Starting label LEVI, seed 48, iteration 1300, time: 829.2871227264404
Starting label LEVI, seed 48, iteration 1310, time: 838.0777995586395
Starting label LEVI, seed 48, iteration 1320, time: 846.7187449932098
Starting label LEVI, seed 48, iteration 1330, time: 855.7343022823334
Starting label LEVI, seed 48, iteration 1340, time: 864.5899410247803
Starting label LEVI, seed 48, iteration 1350, time: 873.7528302669525
Starting label LEVI, seed 48, iteration 1360, time: 882.5250120162964
Starting label LEVI, seed 48, iteration 1370, time: 891.0573163032532
Starting label LEVI, seed 48, iteration 1380, time: 900.4269421100616
Starting label LEVI, seed 48, iteration 1390, time: 909.2376766204834
Starting label LEVI, seed 48, iteration 1400, time: 918.5626418590546
Starting label LEVI, seed 48, iteration 1410, time: 927.2803428173065
Starting label LEVI, seed 48, iteration 1420, time: 936.1304519176483
Starting label LEVI, seed 48, iteration 1430, time: 944.9827637672424
Starting label LEVI, seed 48, iteration 1440, time: 954.7449135780334
Starting label LEVI, seed 48, iteration 1450, time: 964.8731689453125
Starting label LEVI, seed 48, iteration 1460, time: 974.4173901081085
Starting label LEVI, seed 48, iteration 1470, time: 984.0884964466095
Starting label LEVI, seed 48, iteration 1480, time: 993.52578997612
Starting label LEVI, seed 48, iteration 1490, time: 1003.1641774177551
Starting label LEVI, seed 48, iteration 1500, time: 1012.6195256710052
Starting label LEVI, seed 48, iteration 1510, time: 1022.4951183795929
Starting label LEVI, seed 48, iteration 1520, time: 1032.320425748825
Starting label LEVI, seed 48, iteration 1530, time: 1041.3427734375
Starting label LEVI, seed 48, iteration 1540, time: 1049.4041681289673
Starting label LEVI, seed 48, iteration 1550, time: 1057.360333442688
Starting label LEVI, seed 48, iteration 1560, time: 1066.5123462677002
Starting label LEVI, seed 48, iteration 1570, time: 1075.8676266670227
Starting label LEVI, seed 48, iteration 1580, time: 1086.0868737697601
Starting label LEVI, seed 48, iteration 1590, time: 1095.8422045707703
Starting label LEVI, seed 48, iteration 1600, time: 1106.9946920871735
Starting label LEVI, seed 48, iteration 1610, time: 1118.2926790714264
Starting label LEVI, seed 48, iteration 1620, time: 1129.219159603119
Starting label LEVI, seed 48, iteration 1630, time: 1140.4938759803772
Starting label LEVI, seed 48, iteration 1640, time: 1150.2004599571228
Starting label LEVI, seed 48, iteration 1650, time: 1160.1552765369415
Starting label LEVI, seed 48, iteration 1660, time: 1169.901756286621
Starting label LEVI, seed 48, iteration 1670, time: 1179.7156398296356
Starting label LEVI, seed 48, iteration 1680, time: 1190.311800956726
Starting label LEVI, seed 48, iteration 1690, time: 1200.9009969234467
Starting label LEVI, seed 48, iteration 1700, time: 1211.8485219478607
Starting label LEVI, seed 48, iteration 1710, time: 1223.0936393737793
Starting label LEVI, seed 48, iteration 1720, time: 1235.2093906402588
Starting label LEVI, seed 48, iteration 1730, time: 1246.0133051872253
Starting label LEVI, seed 48, iteration 1740, time: 1257.8850901126862
Starting label LEVI, seed 48, iteration 1750, time: 1269.1774475574493
Starting label LEVI, seed 48, iteration 1760, time: 1281.1075620651245
Starting label LEVI, seed 48, iteration 1770, time: 1292.4263362884521
Starting label LEVI, seed 48, iteration 1780, time: 1303.4201655387878
Starting label LEVI, seed 48, iteration 1790, time: 1315.589191198349
Starting label LEVI, seed 48, iteration 1800, time: 1327.248750925064
Starting label LEVI, seed 48, iteration 1810, time: 1339.1857500076294
Starting label LEVI, seed 48, iteration 1820, time: 1351.9125480651855
Starting label LEVI, seed 48, iteration 1830, time: 1363.8106353282928
Starting label LEVI, seed 48, iteration 1840, time: 1376.2108340263367
Starting label LEVI, seed 48, iteration 1850, time: 1388.8337080478668
Starting label LEVI, seed 48, iteration 1860, time: 1401.568602323532
Starting label LEVI, seed 48, iteration 1870, time: 1414.5236835479736
Starting label LEVI, seed 48, iteration 1880, time: 1427.352026462555
Starting label LEVI, seed 48, iteration 1890, time: 1440.1195142269135
Starting label LEVI, seed 48, iteration 1900, time: 1453.8614196777344
Starting label LEVI, seed 48, iteration 1910, time: 1467.2512166500092
Starting label LEVI, seed 48, iteration 1920, time: 1481.6910543441772
Starting label LEVI, seed 48, iteration 1930, time: 1495.7646193504333
Starting label LEVI, seed 48, iteration 1940, time: 1511.0772681236267
Starting label LEVI, seed 48, iteration 1950, time: 1525.2911920547485
Starting label LEVI, seed 48, iteration 1960, time: 1539.3003273010254
Starting label LEVI, seed 48, iteration 1970, time: 1552.8501954078674
Starting label LEVI, seed 48, iteration 1980, time: 1567.4475491046906
Starting label LEVI, seed 48, iteration 1990, time: 1582.7474658489227
submitit INFO (2022-10-02 13:48:35,186) - Job completed successfully
