submitit INFO (2022-10-02 01:50:09,538) - Starting with JobEnvironment(job_id=883550_6, hostname=tripods-compute-02.cs.cornell.edu, local_rank=0(1), node=0(1), global_rank=0(1))
submitit INFO (2022-10-02 01:50:09,538) - Loading pickle: /home/gid-cakmaks/contextual_rs/experiments/wsc_experiments/logs/883550_6/883550_6_submitted.pkl
Starting label LEVI, seed 36, iteration 0, time: 0.0009458065032958984
Starting label LEVI, seed 36, iteration 10, time: 6.4881298542022705
Starting label LEVI, seed 36, iteration 20, time: 12.785277128219604
Starting label LEVI, seed 36, iteration 30, time: 18.74714422225952
Starting label LEVI, seed 36, iteration 40, time: 25.003414154052734
Starting label LEVI, seed 36, iteration 50, time: 31.378910541534424
Starting label LEVI, seed 36, iteration 60, time: 37.65601944923401
Starting label LEVI, seed 36, iteration 70, time: 43.95970368385315
Starting label LEVI, seed 36, iteration 80, time: 50.414267778396606
Starting label LEVI, seed 36, iteration 90, time: 56.82330513000488
Starting label LEVI, seed 36, iteration 100, time: 63.20870089530945
Starting label LEVI, seed 36, iteration 110, time: 69.74859285354614
Starting label LEVI, seed 36, iteration 120, time: 76.43059706687927
Starting label LEVI, seed 36, iteration 130, time: 83.52839851379395
Starting label LEVI, seed 36, iteration 140, time: 90.56538939476013
Starting label LEVI, seed 36, iteration 150, time: 97.1757402420044
Starting label LEVI, seed 36, iteration 160, time: 103.7978835105896
Starting label LEVI, seed 36, iteration 170, time: 110.53720831871033
Starting label LEVI, seed 36, iteration 180, time: 117.4515073299408
Starting label LEVI, seed 36, iteration 190, time: 124.28726696968079
Starting label LEVI, seed 36, iteration 200, time: 131.37874245643616
Starting label LEVI, seed 36, iteration 210, time: 138.4092733860016
Starting label LEVI, seed 36, iteration 220, time: 145.33679842948914
Starting label LEVI, seed 36, iteration 230, time: 154.35157656669617
Starting label LEVI, seed 36, iteration 240, time: 161.27757215499878
Starting label LEVI, seed 36, iteration 250, time: 168.33184790611267
Starting label LEVI, seed 36, iteration 260, time: 175.54278779029846
Starting label LEVI, seed 36, iteration 270, time: 182.64115238189697
Starting label LEVI, seed 36, iteration 280, time: 189.7469961643219
Starting label LEVI, seed 36, iteration 290, time: 196.7894687652588
Starting label LEVI, seed 36, iteration 300, time: 204.3610188961029
Starting label LEVI, seed 36, iteration 310, time: 211.81299018859863
Starting label LEVI, seed 36, iteration 320, time: 219.47743010520935
Starting label LEVI, seed 36, iteration 330, time: 227.1661400794983
Starting label LEVI, seed 36, iteration 340, time: 234.3696870803833
Starting label LEVI, seed 36, iteration 350, time: 241.75770139694214
Starting label LEVI, seed 36, iteration 360, time: 249.24569082260132
Starting label LEVI, seed 36, iteration 370, time: 256.45828080177307
Starting label LEVI, seed 36, iteration 380, time: 264.08303117752075
Starting label LEVI, seed 36, iteration 390, time: 271.2850708961487
Starting label LEVI, seed 36, iteration 400, time: 278.61588525772095
Starting label LEVI, seed 36, iteration 410, time: 285.9984800815582
Starting label LEVI, seed 36, iteration 420, time: 293.24852323532104
Starting label LEVI, seed 36, iteration 430, time: 300.60713148117065
submitit WARNING (2022-10-02 01:55:12,480) - Bypassing signal SIGCONT
submitit WARNING (2022-10-02 01:55:12,584) - Bypassing signal SIGTERM
Starting label LEVI, seed 36, iteration 440, time: 307.9512255191803
Starting label LEVI, seed 36, iteration 450, time: 315.4099977016449
Starting label LEVI, seed 36, iteration 460, time: 323.1102867126465
Starting label LEVI, seed 36, iteration 470, time: 330.79575181007385
