submitit INFO (2022-10-02 00:56:46,103) - Starting with JobEnvironment(job_id=883367_2, hostname=lecun.cs.cornell.edu, local_rank=0(1), node=0(1), global_rank=0(1))
submitit INFO (2022-10-02 00:56:46,103) - Loading pickle: /home/gid-cakmaks/contextual_rs/experiments/wsc_experiments/logs/883367_2/883367_2_submitted.pkl
Starting label LEVI, seed 42, iteration 0, time: 0.0003876686096191406
Starting label LEVI, seed 42, iteration 10, time: 2.3826613426208496
Starting label LEVI, seed 42, iteration 20, time: 4.689185619354248
Starting label LEVI, seed 42, iteration 30, time: 7.048722982406616
Starting label LEVI, seed 42, iteration 40, time: 9.41935682296753
Starting label LEVI, seed 42, iteration 50, time: 11.766693353652954
Starting label LEVI, seed 42, iteration 60, time: 14.188194036483765
Starting label LEVI, seed 42, iteration 70, time: 16.57454490661621
Starting label LEVI, seed 42, iteration 80, time: 18.973817586898804
Starting label LEVI, seed 42, iteration 90, time: 21.340108633041382
Starting label LEVI, seed 42, iteration 100, time: 23.66824507713318
Starting label LEVI, seed 42, iteration 110, time: 26.04331398010254
Starting label LEVI, seed 42, iteration 120, time: 28.488912105560303
Starting label LEVI, seed 42, iteration 130, time: 30.929070949554443
Starting label LEVI, seed 42, iteration 140, time: 33.46433734893799
Starting label LEVI, seed 42, iteration 150, time: 35.99986457824707
Starting label LEVI, seed 42, iteration 160, time: 38.491774797439575
Starting label LEVI, seed 42, iteration 170, time: 41.12532186508179
Starting label LEVI, seed 42, iteration 180, time: 43.77813005447388
Starting label LEVI, seed 42, iteration 190, time: 46.40405774116516
Starting label LEVI, seed 42, iteration 200, time: 49.07085990905762
Starting label LEVI, seed 42, iteration 210, time: 51.69264483451843
Starting label LEVI, seed 42, iteration 220, time: 54.38165903091431
Starting label LEVI, seed 42, iteration 230, time: 56.98556661605835
Starting label LEVI, seed 42, iteration 240, time: 59.47697329521179
Starting label LEVI, seed 42, iteration 250, time: 61.99738574028015
Starting label LEVI, seed 42, iteration 260, time: 64.5058867931366
Starting label LEVI, seed 42, iteration 270, time: 67.11886525154114
Starting label LEVI, seed 42, iteration 280, time: 69.65926837921143
Starting label LEVI, seed 42, iteration 290, time: 72.25700807571411
Starting label LEVI, seed 42, iteration 300, time: 74.87494254112244
Starting label LEVI, seed 42, iteration 310, time: 77.56418752670288
Starting label LEVI, seed 42, iteration 320, time: 80.17931628227234
Starting label LEVI, seed 42, iteration 330, time: 82.83228731155396
Starting label LEVI, seed 42, iteration 340, time: 85.49172353744507
Starting label LEVI, seed 42, iteration 350, time: 88.11407399177551
Starting label LEVI, seed 42, iteration 360, time: 90.85196447372437
Starting label LEVI, seed 42, iteration 370, time: 93.5072889328003
Starting label LEVI, seed 42, iteration 380, time: 96.14035153388977
Starting label LEVI, seed 42, iteration 390, time: 99.04488444328308
Starting label LEVI, seed 42, iteration 400, time: 101.85803270339966
Starting label LEVI, seed 42, iteration 410, time: 104.650310754776
Starting label LEVI, seed 42, iteration 420, time: 107.56801152229309
Starting label LEVI, seed 42, iteration 430, time: 110.43958473205566
Starting label LEVI, seed 42, iteration 440, time: 113.29576706886292
Starting label LEVI, seed 42, iteration 450, time: 116.40302896499634
Starting label LEVI, seed 42, iteration 460, time: 120.13996696472168
Starting label LEVI, seed 42, iteration 470, time: 123.475834608078
Starting label LEVI, seed 42, iteration 480, time: 126.52414178848267
Starting label LEVI, seed 42, iteration 490, time: 129.8189570903778
Starting label LEVI, seed 42, iteration 500, time: 133.20129251480103
Starting label LEVI, seed 42, iteration 510, time: 136.165846824646
Starting label LEVI, seed 42, iteration 520, time: 139.48859858512878
Starting label LEVI, seed 42, iteration 530, time: 143.08475542068481
Starting label LEVI, seed 42, iteration 540, time: 146.6320996284485
Starting label LEVI, seed 42, iteration 550, time: 150.04880785942078
Starting label LEVI, seed 42, iteration 560, time: 153.58948612213135
Starting label LEVI, seed 42, iteration 570, time: 157.04883813858032
Starting label LEVI, seed 42, iteration 580, time: 160.8223521709442
Starting label LEVI, seed 42, iteration 590, time: 164.3283851146698
Starting label LEVI, seed 42, iteration 600, time: 167.77684807777405
Starting label LEVI, seed 42, iteration 610, time: 171.19721293449402
Starting label LEVI, seed 42, iteration 620, time: 174.861314535141
Starting label LEVI, seed 42, iteration 630, time: 178.788982629776
Starting label LEVI, seed 42, iteration 640, time: 182.75557494163513
Starting label LEVI, seed 42, iteration 650, time: 187.05903887748718
Starting label LEVI, seed 42, iteration 660, time: 190.68439245224
Starting label LEVI, seed 42, iteration 670, time: 194.5241949558258
Starting label LEVI, seed 42, iteration 680, time: 198.71301794052124
Starting label LEVI, seed 42, iteration 690, time: 203.07263708114624
Starting label LEVI, seed 42, iteration 700, time: 207.2712688446045
Starting label LEVI, seed 42, iteration 710, time: 211.02980375289917
Starting label LEVI, seed 42, iteration 720, time: 214.7660882472992
Starting label LEVI, seed 42, iteration 730, time: 219.13461184501648
Starting label LEVI, seed 42, iteration 740, time: 223.79894495010376
Starting label LEVI, seed 42, iteration 750, time: 228.67916464805603
Starting label LEVI, seed 42, iteration 760, time: 233.15605568885803
Starting label LEVI, seed 42, iteration 770, time: 237.99628496170044
Starting label LEVI, seed 42, iteration 780, time: 242.88203477859497
Starting label LEVI, seed 42, iteration 790, time: 248.49037909507751
Starting label LEVI, seed 42, iteration 800, time: 252.79266452789307
Starting label LEVI, seed 42, iteration 810, time: 257.1805856227875
Starting label LEVI, seed 42, iteration 820, time: 262.54548597335815
Starting label LEVI, seed 42, iteration 830, time: 267.39007210731506
Starting label LEVI, seed 42, iteration 840, time: 272.5741956233978
Starting label LEVI, seed 42, iteration 850, time: 277.9364540576935
Starting label LEVI, seed 42, iteration 860, time: 283.145751953125
Starting label LEVI, seed 42, iteration 870, time: 287.97766637802124
Starting label LEVI, seed 42, iteration 880, time: 293.4582509994507
Starting label LEVI, seed 42, iteration 890, time: 298.87898206710815
Starting label LEVI, seed 42, iteration 900, time: 303.8774037361145
Starting label LEVI, seed 42, iteration 910, time: 309.71068572998047
Starting label LEVI, seed 42, iteration 920, time: 315.56771302223206
Starting label LEVI, seed 42, iteration 930, time: 321.5810158252716
Starting label LEVI, seed 42, iteration 940, time: 326.35668754577637
Starting label LEVI, seed 42, iteration 950, time: 331.8402578830719
Starting label LEVI, seed 42, iteration 960, time: 338.4690580368042
Starting label LEVI, seed 42, iteration 970, time: 343.94664430618286
Starting label LEVI, seed 42, iteration 980, time: 350.38677167892456
Starting label LEVI, seed 42, iteration 990, time: 356.78729820251465
Starting label LEVI, seed 42, iteration 1000, time: 363.6588056087494
Starting label LEVI, seed 42, iteration 1010, time: 370.3930912017822
Starting label LEVI, seed 42, iteration 1020, time: 378.0863833427429
Starting label LEVI, seed 42, iteration 1030, time: 384.3869869709015
Starting label LEVI, seed 42, iteration 1040, time: 392.3245577812195
Starting label LEVI, seed 42, iteration 1050, time: 399.905344247818
Starting label LEVI, seed 42, iteration 1060, time: 406.3242185115814
Starting label LEVI, seed 42, iteration 1070, time: 413.72249579429626
Starting label LEVI, seed 42, iteration 1080, time: 421.321879863739
Starting label LEVI, seed 42, iteration 1090, time: 428.2951521873474
Starting label LEVI, seed 42, iteration 1100, time: 436.6697702407837
Starting label LEVI, seed 42, iteration 1110, time: 443.7566149234772
Starting label LEVI, seed 42, iteration 1120, time: 452.13905930519104
Starting label LEVI, seed 42, iteration 1130, time: 459.3802456855774
Starting label LEVI, seed 42, iteration 1140, time: 466.9899809360504
Starting label LEVI, seed 42, iteration 1150, time: 474.4825048446655
Starting label LEVI, seed 42, iteration 1160, time: 483.42670369148254
Starting label LEVI, seed 42, iteration 1170, time: 491.48645305633545
Starting label LEVI, seed 42, iteration 1180, time: 498.91074538230896
Starting label LEVI, seed 42, iteration 1190, time: 509.2955210208893
Starting label LEVI, seed 42, iteration 1200, time: 519.534637928009
Starting label LEVI, seed 42, iteration 1210, time: 529.9546449184418
Starting label LEVI, seed 42, iteration 1220, time: 538.4077758789062
Starting label LEVI, seed 42, iteration 1230, time: 547.6763474941254
Starting label LEVI, seed 42, iteration 1240, time: 558.3066029548645
Starting label LEVI, seed 42, iteration 1250, time: 567.1240575313568
Starting label LEVI, seed 42, iteration 1260, time: 575.6650795936584
Starting label LEVI, seed 42, iteration 1270, time: 586.8746733665466
Starting label LEVI, seed 42, iteration 1280, time: 598.4988439083099
Starting label LEVI, seed 42, iteration 1290, time: 610.3324496746063
Starting label LEVI, seed 42, iteration 1300, time: 622.825758934021
Starting label LEVI, seed 42, iteration 1310, time: 634.2945744991302
Starting label LEVI, seed 42, iteration 1320, time: 645.7009618282318
Starting label LEVI, seed 42, iteration 1330, time: 655.3050928115845
Starting label LEVI, seed 42, iteration 1340, time: 666.6847116947174
Starting label LEVI, seed 42, iteration 1350, time: 679.9354906082153
Starting label LEVI, seed 42, iteration 1360, time: 692.5136909484863
Starting label LEVI, seed 42, iteration 1370, time: 704.9823794364929
Starting label LEVI, seed 42, iteration 1380, time: 714.9575173854828
Starting label LEVI, seed 42, iteration 1390, time: 725.528754234314
Starting label LEVI, seed 42, iteration 1400, time: 736.1834955215454
Starting label LEVI, seed 42, iteration 1410, time: 748.0914959907532
Starting label LEVI, seed 42, iteration 1420, time: 762.1899464130402
Starting label LEVI, seed 42, iteration 1430, time: 773.6813762187958
Starting label LEVI, seed 42, iteration 1440, time: 788.1770226955414
Starting label LEVI, seed 42, iteration 1450, time: 799.8397438526154
Starting label LEVI, seed 42, iteration 1460, time: 813.6417109966278
Starting label LEVI, seed 42, iteration 1470, time: 825.6067502498627
Starting label LEVI, seed 42, iteration 1480, time: 840.5770671367645
Starting label LEVI, seed 42, iteration 1490, time: 854.6123366355896
Starting label LEVI, seed 42, iteration 1500, time: 865.4633538722992
Starting label LEVI, seed 42, iteration 1510, time: 878.0856533050537
Starting label LEVI, seed 42, iteration 1520, time: 890.4654171466827
Starting label LEVI, seed 42, iteration 1530, time: 903.6065845489502
Starting label LEVI, seed 42, iteration 1540, time: 916.674676656723
Starting label LEVI, seed 42, iteration 1550, time: 930.0136542320251
Starting label LEVI, seed 42, iteration 1560, time: 947.6608803272247
Starting label LEVI, seed 42, iteration 1570, time: 964.9226639270782
Starting label LEVI, seed 42, iteration 1580, time: 983.5324873924255
Starting label LEVI, seed 42, iteration 1590, time: 1002.1505155563354
Starting label LEVI, seed 42, iteration 1600, time: 1021.1353273391724
Starting label LEVI, seed 42, iteration 1610, time: 1040.297866344452
Starting label LEVI, seed 42, iteration 1620, time: 1055.9403944015503
Starting label LEVI, seed 42, iteration 1630, time: 1070.2928364276886
Starting label LEVI, seed 42, iteration 1640, time: 1083.4065191745758
Starting label LEVI, seed 42, iteration 1650, time: 1100.6723036766052
Starting label LEVI, seed 42, iteration 1660, time: 1120.2056560516357
Starting label LEVI, seed 42, iteration 1670, time: 1136.4647691249847
Starting label LEVI, seed 42, iteration 1680, time: 1159.5824615955353
Starting label LEVI, seed 42, iteration 1690, time: 1180.8298757076263
Starting label LEVI, seed 42, iteration 1700, time: 1195.3563439846039
Starting label LEVI, seed 42, iteration 1710, time: 1212.7441787719727
Starting label LEVI, seed 42, iteration 1720, time: 1233.1889338493347
Starting label LEVI, seed 42, iteration 1730, time: 1250.4789733886719
Starting label LEVI, seed 42, iteration 1740, time: 1272.4877347946167
Starting label LEVI, seed 42, iteration 1750, time: 1292.649163722992
Starting label LEVI, seed 42, iteration 1760, time: 1313.379561662674
Starting label LEVI, seed 42, iteration 1770, time: 1334.2285616397858
Starting label LEVI, seed 42, iteration 1780, time: 1357.226764202118
Starting label LEVI, seed 42, iteration 1790, time: 1380.6749653816223
Starting label LEVI, seed 42, iteration 1800, time: 1399.7009811401367
Starting label LEVI, seed 42, iteration 1810, time: 1423.0740683078766
Starting label LEVI, seed 42, iteration 1820, time: 1441.9614741802216
Starting label LEVI, seed 42, iteration 1830, time: 1462.2931940555573
Starting label LEVI, seed 42, iteration 1840, time: 1488.9969956874847
Starting label LEVI, seed 42, iteration 1850, time: 1514.0260436534882
Starting label LEVI, seed 42, iteration 1860, time: 1535.6885089874268
submitit WARNING (2022-10-02 01:22:36,065) - Bypassing signal SIGCONT
submitit WARNING (2022-10-02 01:22:36,120) - Bypassing signal SIGTERM
Starting label LEVI, seed 42, iteration 1870, time: 1556.2250671386719
Starting label LEVI, seed 42, iteration 1880, time: 1575.4424245357513
