submitit INFO (2022-10-02 02:00:30,881) - Starting with JobEnvironment(job_id=883594_0, hostname=nikola-compute-02.cs.cornell.edu, local_rank=0(1), node=0(1), global_rank=0(1))
submitit INFO (2022-10-02 02:00:30,881) - Loading pickle: /home/gid-cakmaks/contextual_rs/experiments/wsc_experiments/logs/883594_0/883594_0_submitted.pkl
Appending iterations to existing output!Warning: If parameters other than `iterations` have been changed, this will corrupt the output!
Starting label LEVI, seed 15, iteration 600, time: 210.47435092926025
Starting label LEVI, seed 15, iteration 610, time: 213.56630158424377
Starting label LEVI, seed 15, iteration 620, time: 216.68254208564758
Starting label LEVI, seed 15, iteration 630, time: 219.42760348320007
Starting label LEVI, seed 15, iteration 640, time: 222.3234634399414
Starting label LEVI, seed 15, iteration 650, time: 226.2502088546753
Starting label LEVI, seed 15, iteration 660, time: 230.59152722358704
Starting label LEVI, seed 15, iteration 670, time: 233.60740494728088
Starting label LEVI, seed 15, iteration 680, time: 237.14077138900757
Starting label LEVI, seed 15, iteration 690, time: 239.91510224342346
Starting label LEVI, seed 15, iteration 700, time: 242.61480355262756
Starting label LEVI, seed 15, iteration 710, time: 245.270902633667
Starting label LEVI, seed 15, iteration 720, time: 247.94811630249023
Starting label LEVI, seed 15, iteration 730, time: 250.69857454299927
Starting label LEVI, seed 15, iteration 740, time: 253.61335611343384
Starting label LEVI, seed 15, iteration 750, time: 256.4259672164917
Starting label LEVI, seed 15, iteration 760, time: 260.96741557121277
Starting label LEVI, seed 15, iteration 770, time: 263.7531404495239
Starting label LEVI, seed 15, iteration 780, time: 266.5886421203613
Starting label LEVI, seed 15, iteration 790, time: 269.5435769557953
Starting label LEVI, seed 15, iteration 800, time: 272.3405382633209
Starting label LEVI, seed 15, iteration 810, time: 275.0733850002289
Starting label LEVI, seed 15, iteration 820, time: 278.0074508190155
Starting label LEVI, seed 15, iteration 830, time: 280.86555576324463
Starting label LEVI, seed 15, iteration 840, time: 283.65376830101013
Starting label LEVI, seed 15, iteration 850, time: 286.5158314704895
submitit WARNING (2022-10-02 02:01:49,552) - Bypassing signal SIGCONT
submitit WARNING (2022-10-02 02:01:49,592) - Bypassing signal SIGTERM
Starting label LEVI, seed 15, iteration 860, time: 289.6521122455597
Starting label LEVI, seed 15, iteration 870, time: 292.51203083992004
Starting label LEVI, seed 15, iteration 880, time: 295.344961643219
Starting label LEVI, seed 15, iteration 890, time: 298.14323902130127
Starting label LEVI, seed 15, iteration 900, time: 301.00066900253296
Starting label LEVI, seed 15, iteration 910, time: 303.94943928718567
Starting label LEVI, seed 15, iteration 920, time: 306.8370635509491
Starting label LEVI, seed 15, iteration 930, time: 309.94490456581116
Starting label LEVI, seed 15, iteration 940, time: 313.17551708221436
Starting label LEVI, seed 15, iteration 950, time: 316.1604642868042
