submitit INFO (2022-10-02 04:15:44,102) - Starting with JobEnvironment(job_id=884064_1, hostname=rush-compute-01.tech.cornell.edu, local_rank=0(1), node=0(1), global_rank=0(1))
submitit INFO (2022-10-02 04:15:44,102) - Loading pickle: /home/gid-cakmaks/contextual_rs/experiments/wsc_experiments/logs/884064_1/884064_1_submitted.pkl
Appending iterations to existing output!Warning: If parameters other than `iterations` have been changed, this will corrupt the output!
Starting label LEVI, seed 71, iteration 730, time: 381.2101032733917
Starting label LEVI, seed 71, iteration 740, time: 387.7654070854187
Starting label LEVI, seed 71, iteration 750, time: 394.2239730358124
Starting label LEVI, seed 71, iteration 760, time: 400.6626350879669
Starting label LEVI, seed 71, iteration 770, time: 407.0643150806427
Starting label LEVI, seed 71, iteration 780, time: 413.36394691467285
Starting label LEVI, seed 71, iteration 790, time: 419.71610927581787
Starting label LEVI, seed 71, iteration 800, time: 426.252712726593
Starting label LEVI, seed 71, iteration 810, time: 432.76468658447266
Starting label LEVI, seed 71, iteration 820, time: 439.1819500923157
Starting label LEVI, seed 71, iteration 830, time: 445.8942174911499
Starting label LEVI, seed 71, iteration 840, time: 452.6353540420532
Starting label LEVI, seed 71, iteration 850, time: 459.34849882125854
Starting label LEVI, seed 71, iteration 860, time: 466.06851863861084
Starting label LEVI, seed 71, iteration 870, time: 472.7162616252899
Starting label LEVI, seed 71, iteration 880, time: 479.4179120063782
Starting label LEVI, seed 71, iteration 890, time: 486.04777550697327
Starting label LEVI, seed 71, iteration 900, time: 492.82334065437317
Starting label LEVI, seed 71, iteration 910, time: 499.6839084625244
Starting label LEVI, seed 71, iteration 920, time: 506.4764051437378
Starting label LEVI, seed 71, iteration 930, time: 513.2427554130554
Starting label LEVI, seed 71, iteration 940, time: 519.8983805179596
Starting label LEVI, seed 71, iteration 950, time: 526.5309743881226
Starting label LEVI, seed 71, iteration 960, time: 533.471432685852
Starting label LEVI, seed 71, iteration 970, time: 540.5284695625305
Starting label LEVI, seed 71, iteration 980, time: 547.4075829982758
Starting label LEVI, seed 71, iteration 990, time: 554.1348371505737
Starting label LEVI, seed 71, iteration 1000, time: 560.7983434200287
Starting label LEVI, seed 71, iteration 1010, time: 567.6665444374084
Starting label LEVI, seed 71, iteration 1020, time: 574.4820830821991
Starting label LEVI, seed 71, iteration 1030, time: 581.34401512146
Starting label LEVI, seed 71, iteration 1040, time: 588.0859282016754
Starting label LEVI, seed 71, iteration 1050, time: 595.3088598251343
Starting label LEVI, seed 71, iteration 1060, time: 602.6020448207855
Starting label LEVI, seed 71, iteration 1070, time: 609.885436296463
Starting label LEVI, seed 71, iteration 1080, time: 617.0290586948395
Starting label LEVI, seed 71, iteration 1090, time: 624.2301762104034
Starting label LEVI, seed 71, iteration 1100, time: 631.7613892555237
Starting label LEVI, seed 71, iteration 1110, time: 639.5514466762543
Starting label LEVI, seed 71, iteration 1120, time: 646.5135970115662
Starting label LEVI, seed 71, iteration 1130, time: 653.6290459632874
Starting label LEVI, seed 71, iteration 1140, time: 660.8390777111053
Starting label LEVI, seed 71, iteration 1150, time: 668.1453809738159
Starting label LEVI, seed 71, iteration 1160, time: 675.764155626297
Starting label LEVI, seed 71, iteration 1170, time: 683.3987443447113
Starting label LEVI, seed 71, iteration 1180, time: 691.0196316242218
Starting label LEVI, seed 71, iteration 1190, time: 698.7077460289001
Starting label LEVI, seed 71, iteration 1200, time: 706.4152626991272
Starting label LEVI, seed 71, iteration 1210, time: 714.1217586994171
Starting label LEVI, seed 71, iteration 1220, time: 721.7701241970062
Starting label LEVI, seed 71, iteration 1230, time: 729.4129605293274
Starting label LEVI, seed 71, iteration 1240, time: 737.0123949050903
Starting label LEVI, seed 71, iteration 1250, time: 744.6202549934387
Starting label LEVI, seed 71, iteration 1260, time: 752.3622694015503
Starting label LEVI, seed 71, iteration 1270, time: 760.1744525432587
Starting label LEVI, seed 71, iteration 1280, time: 767.9789481163025
Starting label LEVI, seed 71, iteration 1290, time: 775.7903020381927
Starting label LEVI, seed 71, iteration 1300, time: 783.2119500637054
Starting label LEVI, seed 71, iteration 1310, time: 790.3681914806366
Starting label LEVI, seed 71, iteration 1320, time: 797.8864622116089
Starting label LEVI, seed 71, iteration 1330, time: 805.6705009937286
Starting label LEVI, seed 71, iteration 1340, time: 812.9547200202942
Starting label LEVI, seed 71, iteration 1350, time: 820.2553288936615
Starting label LEVI, seed 71, iteration 1360, time: 827.6147179603577
Starting label LEVI, seed 71, iteration 1370, time: 835.1990797519684
Starting label LEVI, seed 71, iteration 1380, time: 842.6679487228394
Starting label LEVI, seed 71, iteration 1390, time: 850.2234792709351
Starting label LEVI, seed 71, iteration 1400, time: 858.3229978084564
Starting label LEVI, seed 71, iteration 1410, time: 866.2648687362671
Starting label LEVI, seed 71, iteration 1420, time: 873.9749910831451
Starting label LEVI, seed 71, iteration 1430, time: 881.8141458034515
Starting label LEVI, seed 71, iteration 1440, time: 889.6199154853821
Starting label LEVI, seed 71, iteration 1450, time: 897.0757145881653
Starting label LEVI, seed 71, iteration 1460, time: 904.3937964439392
Starting label LEVI, seed 71, iteration 1470, time: 911.9674143791199
Starting label LEVI, seed 71, iteration 1480, time: 919.5864152908325
Starting label LEVI, seed 71, iteration 1490, time: 927.1806170940399
Starting label LEVI, seed 71, iteration 1500, time: 935.0904629230499
Starting label LEVI, seed 71, iteration 1510, time: 943.0982525348663
Starting label LEVI, seed 71, iteration 1520, time: 951.2882463932037
Starting label LEVI, seed 71, iteration 1530, time: 959.3808827400208
Starting label LEVI, seed 71, iteration 1540, time: 967.1534504890442
Starting label LEVI, seed 71, iteration 1550, time: 975.2053234577179
Starting label LEVI, seed 71, iteration 1560, time: 983.2755441665649
Starting label LEVI, seed 71, iteration 1570, time: 991.4591670036316
Starting label LEVI, seed 71, iteration 1580, time: 999.7377185821533
Starting label LEVI, seed 71, iteration 1590, time: 1008.132847070694
Starting label LEVI, seed 71, iteration 1600, time: 1016.7938919067383
Starting label LEVI, seed 71, iteration 1610, time: 1025.0918095111847
Starting label LEVI, seed 71, iteration 1620, time: 1033.6278898715973
Starting label LEVI, seed 71, iteration 1630, time: 1042.1429469585419
Starting label LEVI, seed 71, iteration 1640, time: 1050.3924851417542
Starting label LEVI, seed 71, iteration 1650, time: 1058.790230512619
Starting label LEVI, seed 71, iteration 1660, time: 1067.4049770832062
Starting label LEVI, seed 71, iteration 1670, time: 1076.2488987445831
Starting label LEVI, seed 71, iteration 1680, time: 1085.662945985794
Starting label LEVI, seed 71, iteration 1690, time: 1094.8345654010773
Starting label LEVI, seed 71, iteration 1700, time: 1103.2603476047516
Starting label LEVI, seed 71, iteration 1710, time: 1112.260377407074
Starting label LEVI, seed 71, iteration 1720, time: 1120.9520661830902
Starting label LEVI, seed 71, iteration 1730, time: 1130.2000420093536
Starting label LEVI, seed 71, iteration 1740, time: 1139.1629750728607
Starting label LEVI, seed 71, iteration 1750, time: 1147.9340333938599
Starting label LEVI, seed 71, iteration 1760, time: 1156.8144776821136
Starting label LEVI, seed 71, iteration 1770, time: 1165.7897675037384
Starting label LEVI, seed 71, iteration 1780, time: 1174.228371143341
Starting label LEVI, seed 71, iteration 1790, time: 1182.766167640686
Starting label LEVI, seed 71, iteration 1800, time: 1191.533795595169
Starting label LEVI, seed 71, iteration 1810, time: 1200.056480884552
Starting label LEVI, seed 71, iteration 1820, time: 1208.5588788986206
Starting label LEVI, seed 71, iteration 1830, time: 1217.0096189975739
Starting label LEVI, seed 71, iteration 1840, time: 1225.4848697185516
Starting label LEVI, seed 71, iteration 1850, time: 1234.2648849487305
Starting label LEVI, seed 71, iteration 1860, time: 1243.2162590026855
Starting label LEVI, seed 71, iteration 1870, time: 1251.958679676056
Starting label LEVI, seed 71, iteration 1880, time: 1260.9669609069824
Starting label LEVI, seed 71, iteration 1890, time: 1269.7815511226654
Starting label LEVI, seed 71, iteration 1900, time: 1278.712141752243
Starting label LEVI, seed 71, iteration 1910, time: 1287.7543075084686
Starting label LEVI, seed 71, iteration 1920, time: 1296.783581495285
Starting label LEVI, seed 71, iteration 1930, time: 1305.498336315155
Starting label LEVI, seed 71, iteration 1940, time: 1314.599341392517
Starting label LEVI, seed 71, iteration 1950, time: 1323.8190846443176
Starting label LEVI, seed 71, iteration 1960, time: 1332.8131830692291
Starting label LEVI, seed 71, iteration 1970, time: 1341.624433517456
Starting label LEVI, seed 71, iteration 1980, time: 1350.444637298584
Starting label LEVI, seed 71, iteration 1990, time: 1359.661940574646
submitit INFO (2022-10-02 04:32:12,529) - Job completed successfully
