submitit INFO (2022-10-02 00:29:42,886) - Starting with JobEnvironment(job_id=883252_9, hostname=tripods-compute-02.cs.cornell.edu, local_rank=0(1), node=0(1), global_rank=0(1))
submitit INFO (2022-10-02 00:29:42,887) - Loading pickle: /home/gid-cakmaks/contextual_rs/experiments/wsc_experiments/logs/883252_9/883252_9_submitted.pkl
Starting label LEVI, seed 29, iteration 0, time: 0.0007641315460205078
Starting label LEVI, seed 29, iteration 10, time: 2.9333503246307373
Starting label LEVI, seed 29, iteration 20, time: 5.758021354675293
Starting label LEVI, seed 29, iteration 30, time: 8.655001163482666
Starting label LEVI, seed 29, iteration 40, time: 11.472619533538818
Starting label LEVI, seed 29, iteration 50, time: 14.421551942825317
Starting label LEVI, seed 29, iteration 60, time: 17.38779044151306
Starting label LEVI, seed 29, iteration 70, time: 20.300771951675415
Starting label LEVI, seed 29, iteration 80, time: 23.17916703224182
Starting label LEVI, seed 29, iteration 90, time: 26.13514494895935
Starting label LEVI, seed 29, iteration 100, time: 29.089464902877808
Starting label LEVI, seed 29, iteration 110, time: 31.99944496154785
Starting label LEVI, seed 29, iteration 120, time: 34.97627115249634
Starting label LEVI, seed 29, iteration 130, time: 38.49675798416138
Starting label LEVI, seed 29, iteration 140, time: 42.95593023300171
Starting label LEVI, seed 29, iteration 150, time: 46.64120602607727
Starting label LEVI, seed 29, iteration 160, time: 51.33978319168091
Starting label LEVI, seed 29, iteration 170, time: 55.15415835380554
Starting label LEVI, seed 29, iteration 180, time: 59.36594820022583
Starting label LEVI, seed 29, iteration 190, time: 62.82949733734131
Starting label LEVI, seed 29, iteration 200, time: 66.07593178749084
Starting label LEVI, seed 29, iteration 210, time: 69.32554602622986
Starting label LEVI, seed 29, iteration 220, time: 72.74811935424805
Starting label LEVI, seed 29, iteration 230, time: 75.82330513000488
Starting label LEVI, seed 29, iteration 240, time: 78.90710473060608
Starting label LEVI, seed 29, iteration 250, time: 81.94812798500061
Starting label LEVI, seed 29, iteration 260, time: 85.0459794998169
Starting label LEVI, seed 29, iteration 270, time: 88.2624032497406
Starting label LEVI, seed 29, iteration 280, time: 91.38615131378174
Starting label LEVI, seed 29, iteration 290, time: 94.51664853096008
Starting label LEVI, seed 29, iteration 300, time: 97.73305892944336
Starting label LEVI, seed 29, iteration 310, time: 100.98977088928223
Starting label LEVI, seed 29, iteration 320, time: 104.30488872528076
Starting label LEVI, seed 29, iteration 330, time: 107.43553853034973
Starting label LEVI, seed 29, iteration 340, time: 110.70572328567505
Starting label LEVI, seed 29, iteration 350, time: 114.00778865814209
Starting label LEVI, seed 29, iteration 360, time: 117.69848799705505
Starting label LEVI, seed 29, iteration 370, time: 121.30987524986267
Starting label LEVI, seed 29, iteration 380, time: 124.87552332878113
Starting label LEVI, seed 29, iteration 390, time: 128.79272198677063
Starting label LEVI, seed 29, iteration 400, time: 132.43367338180542
Starting label LEVI, seed 29, iteration 410, time: 135.9871256351471
Starting label LEVI, seed 29, iteration 420, time: 139.90173983573914
Starting label LEVI, seed 29, iteration 430, time: 143.34322571754456
Starting label LEVI, seed 29, iteration 440, time: 147.01208758354187
Starting label LEVI, seed 29, iteration 450, time: 150.6324245929718
Starting label LEVI, seed 29, iteration 460, time: 154.37813067436218
Starting label LEVI, seed 29, iteration 470, time: 158.71893572807312
Starting label LEVI, seed 29, iteration 480, time: 162.83878755569458
Starting label LEVI, seed 29, iteration 490, time: 167.09974789619446
Starting label LEVI, seed 29, iteration 500, time: 171.0788094997406
Starting label LEVI, seed 29, iteration 510, time: 175.01308012008667
Starting label LEVI, seed 29, iteration 520, time: 179.0143587589264
Starting label LEVI, seed 29, iteration 530, time: 183.50370287895203
Starting label LEVI, seed 29, iteration 540, time: 187.68176531791687
Starting label LEVI, seed 29, iteration 550, time: 192.1547396183014
Starting label LEVI, seed 29, iteration 560, time: 196.69243741035461
Starting label LEVI, seed 29, iteration 570, time: 201.29063057899475
Starting label LEVI, seed 29, iteration 580, time: 205.6381697654724
Starting label LEVI, seed 29, iteration 590, time: 210.58115887641907
Starting label LEVI, seed 29, iteration 600, time: 215.45484066009521
Starting label LEVI, seed 29, iteration 610, time: 220.48381400108337
Starting label LEVI, seed 29, iteration 620, time: 225.11229491233826
Starting label LEVI, seed 29, iteration 630, time: 229.93170046806335
Starting label LEVI, seed 29, iteration 640, time: 234.89522886276245
Starting label LEVI, seed 29, iteration 650, time: 240.10775661468506
Starting label LEVI, seed 29, iteration 660, time: 245.22685956954956
Starting label LEVI, seed 29, iteration 670, time: 250.33288526535034
Starting label LEVI, seed 29, iteration 680, time: 256.2013986110687
Starting label LEVI, seed 29, iteration 690, time: 261.80106472969055
Starting label LEVI, seed 29, iteration 700, time: 266.8677775859833
Starting label LEVI, seed 29, iteration 710, time: 272.5597321987152
Starting label LEVI, seed 29, iteration 720, time: 278.1172194480896
Starting label LEVI, seed 29, iteration 730, time: 283.4213502407074
Starting label LEVI, seed 29, iteration 740, time: 289.47986006736755
Starting label LEVI, seed 29, iteration 750, time: 295.69667983055115
Starting label LEVI, seed 29, iteration 760, time: 301.69677686691284
Starting label LEVI, seed 29, iteration 770, time: 308.26299571990967
Starting label LEVI, seed 29, iteration 780, time: 313.6782183647156
Starting label LEVI, seed 29, iteration 790, time: 319.8124794960022
Starting label LEVI, seed 29, iteration 800, time: 326.1471698284149
Starting label LEVI, seed 29, iteration 810, time: 333.0724287033081
Starting label LEVI, seed 29, iteration 820, time: 338.35122537612915
Starting label LEVI, seed 29, iteration 830, time: 345.22459840774536
Starting label LEVI, seed 29, iteration 840, time: 351.7959711551666
Starting label LEVI, seed 29, iteration 850, time: 357.2395553588867
Starting label LEVI, seed 29, iteration 860, time: 364.15863156318665
Starting label LEVI, seed 29, iteration 870, time: 370.2021942138672
Starting label LEVI, seed 29, iteration 880, time: 376.21469831466675
Starting label LEVI, seed 29, iteration 890, time: 382.33210611343384
Starting label LEVI, seed 29, iteration 900, time: 389.5449221134186
Starting label LEVI, seed 29, iteration 910, time: 396.47925186157227
Starting label LEVI, seed 29, iteration 920, time: 402.6954391002655
Starting label LEVI, seed 29, iteration 930, time: 410.4381732940674
Starting label LEVI, seed 29, iteration 940, time: 417.1835551261902
Starting label LEVI, seed 29, iteration 950, time: 423.50602531433105
Starting label LEVI, seed 29, iteration 960, time: 431.95561814308167
Starting label LEVI, seed 29, iteration 970, time: 438.87450647354126
Starting label LEVI, seed 29, iteration 980, time: 447.0427870750427
Starting label LEVI, seed 29, iteration 990, time: 454.376469373703
Starting label LEVI, seed 29, iteration 1000, time: 462.3253438472748
Starting label LEVI, seed 29, iteration 1010, time: 471.74380230903625
Starting label LEVI, seed 29, iteration 1020, time: 479.47897124290466
Starting label LEVI, seed 29, iteration 1030, time: 488.6342191696167
Starting label LEVI, seed 29, iteration 1040, time: 498.1838068962097
Starting label LEVI, seed 29, iteration 1050, time: 506.0585889816284
Starting label LEVI, seed 29, iteration 1060, time: 514.8197984695435
Starting label LEVI, seed 29, iteration 1070, time: 522.3734197616577
Starting label LEVI, seed 29, iteration 1080, time: 530.5093455314636
Starting label LEVI, seed 29, iteration 1090, time: 539.4111680984497
Starting label LEVI, seed 29, iteration 1100, time: 550.0581934452057
Starting label LEVI, seed 29, iteration 1110, time: 559.9284853935242
Starting label LEVI, seed 29, iteration 1120, time: 568.9613800048828
Starting label LEVI, seed 29, iteration 1130, time: 578.0939917564392
Starting label LEVI, seed 29, iteration 1140, time: 588.981199502945
Starting label LEVI, seed 29, iteration 1150, time: 600.0102157592773
Starting label LEVI, seed 29, iteration 1160, time: 608.6052072048187
Starting label LEVI, seed 29, iteration 1170, time: 617.0972352027893
Starting label LEVI, seed 29, iteration 1180, time: 625.6338632106781
Starting label LEVI, seed 29, iteration 1190, time: 635.7251913547516
Starting label LEVI, seed 29, iteration 1200, time: 645.9213917255402
Starting label LEVI, seed 29, iteration 1210, time: 658.0093953609467
Starting label LEVI, seed 29, iteration 1220, time: 668.1674566268921
Starting label LEVI, seed 29, iteration 1230, time: 681.4277830123901
Starting label LEVI, seed 29, iteration 1240, time: 694.439715385437
Starting label LEVI, seed 29, iteration 1250, time: 706.6019968986511
Starting label LEVI, seed 29, iteration 1260, time: 719.6021316051483
Starting label LEVI, seed 29, iteration 1270, time: 733.7836222648621
Starting label LEVI, seed 29, iteration 1280, time: 744.8824388980865
Starting label LEVI, seed 29, iteration 1290, time: 757.4099385738373
Starting label LEVI, seed 29, iteration 1300, time: 770.4562911987305
Starting label LEVI, seed 29, iteration 1310, time: 784.5023202896118
Starting label LEVI, seed 29, iteration 1320, time: 798.3210020065308
Starting label LEVI, seed 29, iteration 1330, time: 812.8254172801971
Starting label LEVI, seed 29, iteration 1340, time: 826.8996317386627
Starting label LEVI, seed 29, iteration 1350, time: 839.499612569809
Starting label LEVI, seed 29, iteration 1360, time: 855.5829517841339
Starting label LEVI, seed 29, iteration 1370, time: 871.0278742313385
Starting label LEVI, seed 29, iteration 1380, time: 885.833829164505
Starting label LEVI, seed 29, iteration 1390, time: 899.2507300376892
Starting label LEVI, seed 29, iteration 1400, time: 911.9103155136108
Starting label LEVI, seed 29, iteration 1410, time: 926.361170053482
Starting label LEVI, seed 29, iteration 1420, time: 944.8644213676453
Starting label LEVI, seed 29, iteration 1430, time: 962.836323261261
Starting label LEVI, seed 29, iteration 1440, time: 981.6372022628784
Starting label LEVI, seed 29, iteration 1450, time: 999.3064799308777
Starting label LEVI, seed 29, iteration 1460, time: 1018.737096786499
Starting label LEVI, seed 29, iteration 1470, time: 1037.4123177528381
Starting label LEVI, seed 29, iteration 1480, time: 1058.8331146240234
Starting label LEVI, seed 29, iteration 1490, time: 1077.899043560028
Starting label LEVI, seed 29, iteration 1500, time: 1094.2082233428955
Starting label LEVI, seed 29, iteration 1510, time: 1114.0889158248901
Starting label LEVI, seed 29, iteration 1520, time: 1134.8196482658386
Starting label LEVI, seed 29, iteration 1530, time: 1156.9096882343292
Starting label LEVI, seed 29, iteration 1540, time: 1178.7126638889313
Starting label LEVI, seed 29, iteration 1550, time: 1201.8550984859467
Starting label LEVI, seed 29, iteration 1560, time: 1223.4052534103394
Starting label LEVI, seed 29, iteration 1570, time: 1246.1535279750824
Starting label LEVI, seed 29, iteration 1580, time: 1263.9274907112122
Starting label LEVI, seed 29, iteration 1590, time: 1288.3641271591187
Starting label LEVI, seed 29, iteration 1600, time: 1311.4882080554962
Starting label LEVI, seed 29, iteration 1610, time: 1329.8026340007782
Starting label LEVI, seed 29, iteration 1620, time: 1349.1194756031036
Starting label LEVI, seed 29, iteration 1630, time: 1371.3261904716492
Starting label LEVI, seed 29, iteration 1640, time: 1395.502911567688
Starting label LEVI, seed 29, iteration 1650, time: 1420.3597118854523
Starting label LEVI, seed 29, iteration 1660, time: 1443.346584558487
Starting label LEVI, seed 29, iteration 1670, time: 1470.4583444595337
Starting label LEVI, seed 29, iteration 1680, time: 1499.0074589252472
Starting label LEVI, seed 29, iteration 1690, time: 1525.304271697998
Starting label LEVI, seed 29, iteration 1700, time: 1552.3758428096771
submitit WARNING (2022-10-02 00:55:52,045) - Bypassing signal SIGCONT
submitit WARNING (2022-10-02 00:55:52,134) - Bypassing signal SIGTERM
Starting label LEVI, seed 29, iteration 1710, time: 1573.6037504673004
Starting label LEVI, seed 29, iteration 1720, time: 1595.7298333644867
