submitit INFO (2022-10-02 01:45:55,068) - Starting with JobEnvironment(job_id=883481_9, hostname=nikola-compute-04.cs.cornell.edu, local_rank=0(1), node=0(1), global_rank=0(1))
submitit INFO (2022-10-02 01:45:55,068) - Loading pickle: /home/gid-cakmaks/contextual_rs/experiments/wsc_experiments/logs/883481_9/883481_9_submitted.pkl
Starting label LEVI, seed 89, iteration 0, time: 0.0004191398620605469
Starting label LEVI, seed 89, iteration 10, time: 4.236566066741943
Starting label LEVI, seed 89, iteration 20, time: 8.59260082244873
Starting label LEVI, seed 89, iteration 30, time: 12.763258218765259
Starting label LEVI, seed 89, iteration 40, time: 16.967628002166748
Starting label LEVI, seed 89, iteration 50, time: 21.269248962402344
Starting label LEVI, seed 89, iteration 60, time: 25.404160261154175
Starting label LEVI, seed 89, iteration 70, time: 30.226099491119385
Starting label LEVI, seed 89, iteration 80, time: 34.90604376792908
Starting label LEVI, seed 89, iteration 90, time: 39.69995164871216
Starting label LEVI, seed 89, iteration 100, time: 44.64962673187256
Starting label LEVI, seed 89, iteration 110, time: 49.42628812789917
Starting label LEVI, seed 89, iteration 120, time: 54.08401703834534
Starting label LEVI, seed 89, iteration 130, time: 58.72580933570862
Starting label LEVI, seed 89, iteration 140, time: 63.27117466926575
Starting label LEVI, seed 89, iteration 150, time: 68.02739596366882
Starting label LEVI, seed 89, iteration 160, time: 73.01174855232239
Starting label LEVI, seed 89, iteration 170, time: 78.26992750167847
Starting label LEVI, seed 89, iteration 180, time: 83.62920761108398
Starting label LEVI, seed 89, iteration 190, time: 88.96077609062195
Starting label LEVI, seed 89, iteration 200, time: 94.4710922241211
Starting label LEVI, seed 89, iteration 210, time: 99.98444938659668
Starting label LEVI, seed 89, iteration 220, time: 105.44958662986755
Starting label LEVI, seed 89, iteration 230, time: 111.36485552787781
Starting label LEVI, seed 89, iteration 240, time: 117.12904500961304
Starting label LEVI, seed 89, iteration 250, time: 123.22793102264404
Starting label LEVI, seed 89, iteration 260, time: 128.9218466281891
Starting label LEVI, seed 89, iteration 270, time: 134.57907557487488
Starting label LEVI, seed 89, iteration 280, time: 140.20734524726868
Starting label LEVI, seed 89, iteration 290, time: 145.95666646957397
Starting label LEVI, seed 89, iteration 300, time: 151.82459378242493
Starting label LEVI, seed 89, iteration 310, time: 157.63850045204163
Starting label LEVI, seed 89, iteration 320, time: 163.56075835227966
Starting label LEVI, seed 89, iteration 330, time: 169.46141910552979
Starting label LEVI, seed 89, iteration 340, time: 175.49677896499634
Starting label LEVI, seed 89, iteration 350, time: 181.42578840255737
Starting label LEVI, seed 89, iteration 360, time: 188.21933674812317
Starting label LEVI, seed 89, iteration 370, time: 194.18335819244385
Starting label LEVI, seed 89, iteration 380, time: 200.96808671951294
submitit WARNING (2022-10-02 01:49:22,470) - Bypassing signal SIGCONT
submitit WARNING (2022-10-02 01:49:22,498) - Bypassing signal SIGTERM
Starting label LEVI, seed 89, iteration 390, time: 206.99255275726318
Starting label LEVI, seed 89, iteration 400, time: 212.9691195487976
Starting label LEVI, seed 89, iteration 410, time: 218.94534301757812
Starting label LEVI, seed 89, iteration 420, time: 225.0262360572815
Starting label LEVI, seed 89, iteration 430, time: 231.00582766532898
