submitit INFO (2022-10-02 01:45:23,165) - Starting with JobEnvironment(job_id=883480_9, hostname=sablab-gpu-06.ece.cornell.edu, local_rank=0(1), node=0(1), global_rank=0(1))
submitit INFO (2022-10-02 01:45:23,165) - Loading pickle: /home/gid-cakmaks/contextual_rs/experiments/wsc_experiments/logs/883480_9/883480_9_submitted.pkl
Starting label LEVI, seed 79, iteration 0, time: 0.002896547317504883
Starting label LEVI, seed 79, iteration 10, time: 5.736889600753784
Starting label LEVI, seed 79, iteration 20, time: 11.258888959884644
Starting label LEVI, seed 79, iteration 30, time: 16.81381320953369
Starting label LEVI, seed 79, iteration 40, time: 22.234054803848267
Starting label LEVI, seed 79, iteration 50, time: 28.043015480041504
Starting label LEVI, seed 79, iteration 60, time: 33.43305253982544
Starting label LEVI, seed 79, iteration 70, time: 38.685234785079956
Starting label LEVI, seed 79, iteration 80, time: 44.21514916419983
Starting label LEVI, seed 79, iteration 90, time: 49.95242357254028
Starting label LEVI, seed 79, iteration 100, time: 55.84292006492615
Starting label LEVI, seed 79, iteration 110, time: 61.41555047035217
Starting label LEVI, seed 79, iteration 120, time: 67.35023951530457
Starting label LEVI, seed 79, iteration 130, time: 73.40091156959534
Starting label LEVI, seed 79, iteration 140, time: 79.46704339981079
Starting label LEVI, seed 79, iteration 150, time: 85.45454716682434
Starting label LEVI, seed 79, iteration 160, time: 91.64336371421814
Starting label LEVI, seed 79, iteration 170, time: 98.05512237548828
Starting label LEVI, seed 79, iteration 180, time: 104.27631950378418
Starting label LEVI, seed 79, iteration 190, time: 110.26560163497925
Starting label LEVI, seed 79, iteration 200, time: 116.36643862724304
Starting label LEVI, seed 79, iteration 210, time: 122.59922409057617
Starting label LEVI, seed 79, iteration 220, time: 128.65470790863037
Starting label LEVI, seed 79, iteration 230, time: 134.785799741745
Starting label LEVI, seed 79, iteration 240, time: 140.89258003234863
Starting label LEVI, seed 79, iteration 250, time: 147.17256212234497
Starting label LEVI, seed 79, iteration 260, time: 153.39701628684998
Starting label LEVI, seed 79, iteration 270, time: 159.6635296344757
Starting label LEVI, seed 79, iteration 280, time: 165.9388473033905
Starting label LEVI, seed 79, iteration 290, time: 172.13815665245056
Starting label LEVI, seed 79, iteration 300, time: 178.03672647476196
Starting label LEVI, seed 79, iteration 310, time: 183.82837176322937
Starting label LEVI, seed 79, iteration 320, time: 189.80019307136536
Starting label LEVI, seed 79, iteration 330, time: 196.01935410499573
Starting label LEVI, seed 79, iteration 340, time: 202.32334542274475
Starting label LEVI, seed 79, iteration 350, time: 208.57085371017456
Starting label LEVI, seed 79, iteration 360, time: 214.95675683021545
Starting label LEVI, seed 79, iteration 370, time: 221.27533602714539
Starting label LEVI, seed 79, iteration 380, time: 227.56713891029358
Starting label LEVI, seed 79, iteration 390, time: 233.86057949066162
submitit WARNING (2022-10-02 01:49:22,429) - Bypassing signal SIGCONT
submitit WARNING (2022-10-02 01:49:22,440) - Bypassing signal SIGTERM
Starting label LEVI, seed 79, iteration 400, time: 240.37265586853027
Starting label LEVI, seed 79, iteration 410, time: 246.93624782562256
Starting label LEVI, seed 79, iteration 420, time: 253.56089448928833
Starting label LEVI, seed 79, iteration 430, time: 260.4581744670868
