submitit INFO (2022-10-02 13:26:41,988) - Starting with JobEnvironment(job_id=884531_0, hostname=sablab-gpu-06.ece.cornell.edu, local_rank=0(1), node=0(1), global_rank=0(1))
submitit INFO (2022-10-02 13:26:41,988) - Loading pickle: /home/gid-cakmaks/contextual_rs/experiments/wsc_experiments/logs/884531_0/884531_0_submitted.pkl
Appending iterations to existing output!Warning: If parameters other than `iterations` have been changed, this will corrupt the output!
Starting label LEVI, seed 10, iteration 530, time: 337.6964521408081
Starting label LEVI, seed 10, iteration 540, time: 345.07042121887207
Starting label LEVI, seed 10, iteration 550, time: 351.9905071258545
Starting label LEVI, seed 10, iteration 560, time: 359.4246406555176
Starting label LEVI, seed 10, iteration 570, time: 366.51050305366516
Starting label LEVI, seed 10, iteration 580, time: 373.3348128795624
Starting label LEVI, seed 10, iteration 590, time: 380.50613164901733
Starting label LEVI, seed 10, iteration 600, time: 387.5953426361084
Starting label LEVI, seed 10, iteration 610, time: 395.6454408168793
Starting label LEVI, seed 10, iteration 620, time: 402.6115372180939
Starting label LEVI, seed 10, iteration 630, time: 409.8798213005066
Starting label LEVI, seed 10, iteration 640, time: 417.3433198928833
Starting label LEVI, seed 10, iteration 650, time: 425.4147262573242
Starting label LEVI, seed 10, iteration 660, time: 433.1624298095703
Starting label LEVI, seed 10, iteration 670, time: 441.44461822509766
Starting label LEVI, seed 10, iteration 680, time: 449.78426599502563
Starting label LEVI, seed 10, iteration 690, time: 458.35663175582886
Starting label LEVI, seed 10, iteration 700, time: 467.228866815567
Starting label LEVI, seed 10, iteration 710, time: 475.01471304893494
Starting label LEVI, seed 10, iteration 720, time: 482.4184031486511
Starting label LEVI, seed 10, iteration 730, time: 491.2364389896393
Starting label LEVI, seed 10, iteration 740, time: 499.82042384147644
Starting label LEVI, seed 10, iteration 750, time: 508.6849386692047
Starting label LEVI, seed 10, iteration 760, time: 516.7436382770538
Starting label LEVI, seed 10, iteration 770, time: 525.2813196182251
Starting label LEVI, seed 10, iteration 780, time: 532.5530390739441
Starting label LEVI, seed 10, iteration 790, time: 539.9644603729248
Starting label LEVI, seed 10, iteration 800, time: 547.5094072818756
Starting label LEVI, seed 10, iteration 810, time: 555.0577073097229
Starting label LEVI, seed 10, iteration 820, time: 564.1006052494049
Starting label LEVI, seed 10, iteration 830, time: 572.6735663414001
Starting label LEVI, seed 10, iteration 840, time: 580.2057213783264
Starting label LEVI, seed 10, iteration 850, time: 589.1568310260773
Starting label LEVI, seed 10, iteration 860, time: 598.1369667053223
Starting label LEVI, seed 10, iteration 870, time: 605.8330790996552
Starting label LEVI, seed 10, iteration 880, time: 613.9420788288116
Starting label LEVI, seed 10, iteration 890, time: 622.2051637172699
Starting label LEVI, seed 10, iteration 900, time: 629.8685803413391
Starting label LEVI, seed 10, iteration 910, time: 637.4254240989685
Starting label LEVI, seed 10, iteration 920, time: 644.6009073257446
Starting label LEVI, seed 10, iteration 930, time: 652.0862572193146
Starting label LEVI, seed 10, iteration 940, time: 659.8845603466034
Starting label LEVI, seed 10, iteration 950, time: 667.4931313991547
Starting label LEVI, seed 10, iteration 960, time: 675.4641489982605
Starting label LEVI, seed 10, iteration 970, time: 683.1242229938507
Starting label LEVI, seed 10, iteration 980, time: 690.8011627197266
Starting label LEVI, seed 10, iteration 990, time: 699.6867229938507
Starting label LEVI, seed 10, iteration 1000, time: 707.1938123703003
Starting label LEVI, seed 10, iteration 1010, time: 714.3707423210144
Starting label LEVI, seed 10, iteration 1020, time: 721.8490073680878
Starting label LEVI, seed 10, iteration 1030, time: 731.4693183898926
Starting label LEVI, seed 10, iteration 1040, time: 741.1720395088196
Starting label LEVI, seed 10, iteration 1050, time: 750.91015625
Starting label LEVI, seed 10, iteration 1060, time: 760.6585474014282
Starting label LEVI, seed 10, iteration 1070, time: 769.9939799308777
Starting label LEVI, seed 10, iteration 1080, time: 779.1739149093628
Starting label LEVI, seed 10, iteration 1090, time: 787.0731363296509
Starting label LEVI, seed 10, iteration 1100, time: 794.6762380599976
Starting label LEVI, seed 10, iteration 1110, time: 802.8908104896545
Starting label LEVI, seed 10, iteration 1120, time: 810.9663252830505
Starting label LEVI, seed 10, iteration 1130, time: 819.0010740756989
Starting label LEVI, seed 10, iteration 1140, time: 827.291139125824
Starting label LEVI, seed 10, iteration 1150, time: 835.3783838748932
Starting label LEVI, seed 10, iteration 1160, time: 843.6373963356018
Starting label LEVI, seed 10, iteration 1170, time: 852.4193069934845
Starting label LEVI, seed 10, iteration 1180, time: 860.8618354797363
Starting label LEVI, seed 10, iteration 1190, time: 869.1615736484528
Starting label LEVI, seed 10, iteration 1200, time: 878.9358212947845
Starting label LEVI, seed 10, iteration 1210, time: 888.481359243393
Starting label LEVI, seed 10, iteration 1220, time: 897.867476940155
Starting label LEVI, seed 10, iteration 1230, time: 906.487800359726
Starting label LEVI, seed 10, iteration 1240, time: 914.9675459861755
Starting label LEVI, seed 10, iteration 1250, time: 924.2431783676147
Starting label LEVI, seed 10, iteration 1260, time: 934.1387259960175
Starting label LEVI, seed 10, iteration 1270, time: 944.240763425827
Starting label LEVI, seed 10, iteration 1280, time: 953.0334100723267
Starting label LEVI, seed 10, iteration 1290, time: 961.3521268367767
Starting label LEVI, seed 10, iteration 1300, time: 970.2645769119263
Starting label LEVI, seed 10, iteration 1310, time: 978.5883364677429
Starting label LEVI, seed 10, iteration 1320, time: 987.6300363540649
Starting label LEVI, seed 10, iteration 1330, time: 996.6422913074493
Starting label LEVI, seed 10, iteration 1340, time: 1005.1086511611938
Starting label LEVI, seed 10, iteration 1350, time: 1013.9918055534363
Starting label LEVI, seed 10, iteration 1360, time: 1021.7764093875885
Starting label LEVI, seed 10, iteration 1370, time: 1030.3751573562622
Starting label LEVI, seed 10, iteration 1380, time: 1038.8314962387085
Starting label LEVI, seed 10, iteration 1390, time: 1048.8745338916779
Starting label LEVI, seed 10, iteration 1400, time: 1058.5884234905243
Starting label LEVI, seed 10, iteration 1410, time: 1067.8119082450867
Starting label LEVI, seed 10, iteration 1420, time: 1077.5335667133331
Starting label LEVI, seed 10, iteration 1430, time: 1087.0736339092255
Starting label LEVI, seed 10, iteration 1440, time: 1097.3834853172302
Starting label LEVI, seed 10, iteration 1450, time: 1106.5206091403961
Starting label LEVI, seed 10, iteration 1460, time: 1115.5373783111572
Starting label LEVI, seed 10, iteration 1470, time: 1125.9588062763214
Starting label LEVI, seed 10, iteration 1480, time: 1137.252981185913
Starting label LEVI, seed 10, iteration 1490, time: 1148.4660217761993
Starting label LEVI, seed 10, iteration 1500, time: 1158.7614936828613
Starting label LEVI, seed 10, iteration 1510, time: 1170.1913559436798
Starting label LEVI, seed 10, iteration 1520, time: 1181.2551410198212
Starting label LEVI, seed 10, iteration 1530, time: 1190.9415292739868
Starting label LEVI, seed 10, iteration 1540, time: 1203.3975512981415
Starting label LEVI, seed 10, iteration 1550, time: 1213.9510571956635
Starting label LEVI, seed 10, iteration 1560, time: 1224.343453168869
Starting label LEVI, seed 10, iteration 1570, time: 1233.710734128952
Starting label LEVI, seed 10, iteration 1580, time: 1245.0190176963806
Starting label LEVI, seed 10, iteration 1590, time: 1256.147569179535
Starting label LEVI, seed 10, iteration 1600, time: 1266.0775218009949
Starting label LEVI, seed 10, iteration 1610, time: 1276.5009655952454
Starting label LEVI, seed 10, iteration 1620, time: 1287.7545282840729
Starting label LEVI, seed 10, iteration 1630, time: 1298.6760840415955
Starting label LEVI, seed 10, iteration 1640, time: 1309.7040741443634
Starting label LEVI, seed 10, iteration 1650, time: 1320.4049603939056
Starting label LEVI, seed 10, iteration 1660, time: 1331.6220262050629
Starting label LEVI, seed 10, iteration 1670, time: 1342.5895471572876
Starting label LEVI, seed 10, iteration 1680, time: 1354.6665654182434
Starting label LEVI, seed 10, iteration 1690, time: 1365.06160902977
Starting label LEVI, seed 10, iteration 1700, time: 1378.7900037765503
Starting label LEVI, seed 10, iteration 1710, time: 1390.089349269867
Starting label LEVI, seed 10, iteration 1720, time: 1402.1698942184448
Starting label LEVI, seed 10, iteration 1730, time: 1413.7067103385925
Starting label LEVI, seed 10, iteration 1740, time: 1425.8917768001556
Starting label LEVI, seed 10, iteration 1750, time: 1437.7930080890656
Starting label LEVI, seed 10, iteration 1760, time: 1450.058480978012
Starting label LEVI, seed 10, iteration 1770, time: 1461.4582133293152
Starting label LEVI, seed 10, iteration 1780, time: 1475.5271122455597
Starting label LEVI, seed 10, iteration 1790, time: 1487.9369449615479
Starting label LEVI, seed 10, iteration 1800, time: 1501.5128467082977
Starting label LEVI, seed 10, iteration 1810, time: 1515.0635826587677
Starting label LEVI, seed 10, iteration 1820, time: 1530.1854877471924
Starting label LEVI, seed 10, iteration 1830, time: 1542.694982290268
Starting label LEVI, seed 10, iteration 1840, time: 1556.004147052765
Starting label LEVI, seed 10, iteration 1850, time: 1569.4821541309357
Starting label LEVI, seed 10, iteration 1860, time: 1582.0604274272919
Starting label LEVI, seed 10, iteration 1870, time: 1595.391768693924
Starting label LEVI, seed 10, iteration 1880, time: 1607.4259850978851
Starting label LEVI, seed 10, iteration 1890, time: 1621.9967815876007
Starting label LEVI, seed 10, iteration 1900, time: 1636.9879999160767
Starting label LEVI, seed 10, iteration 1910, time: 1651.5394463539124
Starting label LEVI, seed 10, iteration 1920, time: 1667.1815049648285
Starting label LEVI, seed 10, iteration 1930, time: 1682.0633771419525
Starting label LEVI, seed 10, iteration 1940, time: 1696.2006132602692
Starting label LEVI, seed 10, iteration 1950, time: 1711.9490921497345
Starting label LEVI, seed 10, iteration 1960, time: 1727.251214504242
Starting label LEVI, seed 10, iteration 1970, time: 1741.5413467884064
Starting label LEVI, seed 10, iteration 1980, time: 1757.0834844112396
Starting label LEVI, seed 10, iteration 1990, time: 1771.989244222641
submitit INFO (2022-10-02 13:50:52,119) - Job completed successfully
