submitit INFO (2022-10-02 01:46:21,416) - Starting with JobEnvironment(job_id=883484_1, hostname=joachims-compute-02.cs.cornell.edu, local_rank=0(1), node=0(1), global_rank=0(1))
submitit INFO (2022-10-02 01:46:21,416) - Loading pickle: /home/gid-cakmaks/contextual_rs/experiments/wsc_experiments/logs/883484_1/883484_1_submitted.pkl
Starting label LEVI, seed 91, iteration 0, time: 0.000400543212890625
Starting label LEVI, seed 91, iteration 10, time: 5.400321006774902
Starting label LEVI, seed 91, iteration 20, time: 11.041649341583252
Starting label LEVI, seed 91, iteration 30, time: 16.401994466781616
Starting label LEVI, seed 91, iteration 40, time: 21.680901050567627
Starting label LEVI, seed 91, iteration 50, time: 27.05675721168518
Starting label LEVI, seed 91, iteration 60, time: 32.6480233669281
Starting label LEVI, seed 91, iteration 70, time: 38.30243802070618
Starting label LEVI, seed 91, iteration 80, time: 44.00117826461792
Starting label LEVI, seed 91, iteration 90, time: 49.81167387962341
Starting label LEVI, seed 91, iteration 100, time: 55.84614419937134
Starting label LEVI, seed 91, iteration 110, time: 61.86421465873718
Starting label LEVI, seed 91, iteration 120, time: 67.92246270179749
Starting label LEVI, seed 91, iteration 130, time: 73.93895292282104
Starting label LEVI, seed 91, iteration 140, time: 80.0852780342102
Starting label LEVI, seed 91, iteration 150, time: 86.1129240989685
Starting label LEVI, seed 91, iteration 160, time: 92.50765323638916
Starting label LEVI, seed 91, iteration 170, time: 99.04613852500916
Starting label LEVI, seed 91, iteration 180, time: 105.73185634613037
Starting label LEVI, seed 91, iteration 190, time: 111.51438689231873
Starting label LEVI, seed 91, iteration 200, time: 117.50354933738708
Starting label LEVI, seed 91, iteration 210, time: 123.33565545082092
Starting label LEVI, seed 91, iteration 220, time: 129.36767435073853
Starting label LEVI, seed 91, iteration 230, time: 135.33853769302368
Starting label LEVI, seed 91, iteration 240, time: 141.38619112968445
Starting label LEVI, seed 91, iteration 250, time: 147.39286398887634
Starting label LEVI, seed 91, iteration 260, time: 153.2571849822998
Starting label LEVI, seed 91, iteration 270, time: 159.221519947052
Starting label LEVI, seed 91, iteration 280, time: 164.8686363697052
Starting label LEVI, seed 91, iteration 290, time: 170.5694079399109
Starting label LEVI, seed 91, iteration 300, time: 176.3663878440857
submitit WARNING (2022-10-02 01:49:22,429) - Bypassing signal SIGCONT
submitit WARNING (2022-10-02 01:49:22,483) - Bypassing signal SIGTERM
Starting label LEVI, seed 91, iteration 310, time: 182.36821937561035
Starting label LEVI, seed 91, iteration 320, time: 188.4893717765808
Starting label LEVI, seed 91, iteration 330, time: 194.66600799560547
Starting label LEVI, seed 91, iteration 340, time: 200.65460991859436
Starting label LEVI, seed 91, iteration 350, time: 206.836030960083
