submitit INFO (2022-10-01 23:43:39,437) - Starting with JobEnvironment(job_id=883082_1, hostname=compling-compute-02.compling.cornell.edu, local_rank=0(1), node=0(1), global_rank=0(1))
submitit INFO (2022-10-01 23:43:39,438) - Loading pickle: /home/gid-cakmaks/contextual_rs/experiments/wsc_experiments/logs/883082_1/883082_1_submitted.pkl
Starting label LEVI, seed 61, iteration 0, time: 9.393692016601562e-05
Starting label LEVI, seed 61, iteration 10, time: 1.5016071796417236
Starting label LEVI, seed 61, iteration 20, time: 2.963625907897949
Starting label LEVI, seed 61, iteration 30, time: 4.430570840835571
Starting label LEVI, seed 61, iteration 40, time: 5.933650016784668
Starting label LEVI, seed 61, iteration 50, time: 7.420015096664429
Starting label LEVI, seed 61, iteration 60, time: 8.954128980636597
Starting label LEVI, seed 61, iteration 70, time: 10.423012733459473
Starting label LEVI, seed 61, iteration 80, time: 11.929753541946411
Starting label LEVI, seed 61, iteration 90, time: 13.445712327957153
Starting label LEVI, seed 61, iteration 100, time: 14.980939149856567
Starting label LEVI, seed 61, iteration 110, time: 16.523393392562866
Starting label LEVI, seed 61, iteration 120, time: 18.078198432922363
Starting label LEVI, seed 61, iteration 130, time: 19.579130172729492
Starting label LEVI, seed 61, iteration 140, time: 21.177676916122437
Starting label LEVI, seed 61, iteration 150, time: 22.715437650680542
Starting label LEVI, seed 61, iteration 160, time: 24.258679151535034
Starting label LEVI, seed 61, iteration 170, time: 25.814253330230713
Starting label LEVI, seed 61, iteration 180, time: 27.367060661315918
Starting label LEVI, seed 61, iteration 190, time: 28.883057594299316
Starting label LEVI, seed 61, iteration 200, time: 30.366836071014404
Starting label LEVI, seed 61, iteration 210, time: 31.878106832504272
Starting label LEVI, seed 61, iteration 220, time: 33.39358448982239
Starting label LEVI, seed 61, iteration 230, time: 35.039684772491455
Starting label LEVI, seed 61, iteration 240, time: 36.58799910545349
Starting label LEVI, seed 61, iteration 250, time: 38.16435265541077
Starting label LEVI, seed 61, iteration 260, time: 39.75046229362488
Starting label LEVI, seed 61, iteration 270, time: 41.292349338531494
Starting label LEVI, seed 61, iteration 280, time: 42.867995500564575
Starting label LEVI, seed 61, iteration 290, time: 44.4549503326416
Starting label LEVI, seed 61, iteration 300, time: 46.03028964996338
Starting label LEVI, seed 61, iteration 310, time: 47.682811975479126
Starting label LEVI, seed 61, iteration 320, time: 49.26358151435852
Starting label LEVI, seed 61, iteration 330, time: 50.85976243019104
Starting label LEVI, seed 61, iteration 340, time: 52.471165895462036
Starting label LEVI, seed 61, iteration 350, time: 54.06622648239136
Starting label LEVI, seed 61, iteration 360, time: 55.683958292007446
Starting label LEVI, seed 61, iteration 370, time: 57.28352999687195
Starting label LEVI, seed 61, iteration 380, time: 58.89744281768799
Starting label LEVI, seed 61, iteration 390, time: 60.540696144104004
Starting label LEVI, seed 61, iteration 400, time: 62.14053559303284
Starting label LEVI, seed 61, iteration 410, time: 63.74414896965027
Starting label LEVI, seed 61, iteration 420, time: 65.4568829536438
Starting label LEVI, seed 61, iteration 430, time: 67.2280023097992
Starting label LEVI, seed 61, iteration 440, time: 68.97821855545044
Starting label LEVI, seed 61, iteration 450, time: 70.72383856773376
Starting label LEVI, seed 61, iteration 460, time: 72.47791504859924
Starting label LEVI, seed 61, iteration 470, time: 74.26991438865662
Starting label LEVI, seed 61, iteration 480, time: 76.19397234916687
Starting label LEVI, seed 61, iteration 490, time: 78.09899663925171
Starting label LEVI, seed 61, iteration 500, time: 79.8349015712738
Starting label LEVI, seed 61, iteration 510, time: 81.80729675292969
Starting label LEVI, seed 61, iteration 520, time: 83.87030482292175
Starting label LEVI, seed 61, iteration 530, time: 85.96097040176392
Starting label LEVI, seed 61, iteration 540, time: 87.99557614326477
Starting label LEVI, seed 61, iteration 550, time: 90.02267909049988
Starting label LEVI, seed 61, iteration 560, time: 91.94292616844177
Starting label LEVI, seed 61, iteration 570, time: 93.7593252658844
Starting label LEVI, seed 61, iteration 580, time: 95.6248300075531
Starting label LEVI, seed 61, iteration 590, time: 97.53984427452087
Starting label LEVI, seed 61, iteration 600, time: 99.45389127731323
Starting label LEVI, seed 61, iteration 610, time: 101.36908721923828
Starting label LEVI, seed 61, iteration 620, time: 103.42434549331665
Starting label LEVI, seed 61, iteration 630, time: 105.40875363349915
Starting label LEVI, seed 61, iteration 640, time: 107.40330576896667
Starting label LEVI, seed 61, iteration 650, time: 109.3767147064209
Starting label LEVI, seed 61, iteration 660, time: 111.27611351013184
Starting label LEVI, seed 61, iteration 670, time: 113.14154267311096
Starting label LEVI, seed 61, iteration 680, time: 115.0579047203064
Starting label LEVI, seed 61, iteration 690, time: 116.8634717464447
Starting label LEVI, seed 61, iteration 700, time: 118.56570339202881
Starting label LEVI, seed 61, iteration 710, time: 120.41924333572388
Starting label LEVI, seed 61, iteration 720, time: 122.39089727401733
Starting label LEVI, seed 61, iteration 730, time: 124.46758031845093
Starting label LEVI, seed 61, iteration 740, time: 126.36851119995117
Starting label LEVI, seed 61, iteration 750, time: 128.27178931236267
Starting label LEVI, seed 61, iteration 760, time: 130.16897201538086
Starting label LEVI, seed 61, iteration 770, time: 132.07983016967773
Starting label LEVI, seed 61, iteration 780, time: 133.994530916214
Starting label LEVI, seed 61, iteration 790, time: 135.96281599998474
Starting label LEVI, seed 61, iteration 800, time: 137.80110597610474
Starting label LEVI, seed 61, iteration 810, time: 139.71638107299805
Starting label LEVI, seed 61, iteration 820, time: 141.70143365859985
Starting label LEVI, seed 61, iteration 830, time: 143.57423281669617
Starting label LEVI, seed 61, iteration 840, time: 145.49075937271118
Starting label LEVI, seed 61, iteration 850, time: 147.33427667617798
Starting label LEVI, seed 61, iteration 860, time: 149.24489521980286
Starting label LEVI, seed 61, iteration 870, time: 151.13149499893188
Starting label LEVI, seed 61, iteration 880, time: 153.05439972877502
Starting label LEVI, seed 61, iteration 890, time: 155.17864441871643
Starting label LEVI, seed 61, iteration 900, time: 157.19532465934753
Starting label LEVI, seed 61, iteration 910, time: 159.12721943855286
Starting label LEVI, seed 61, iteration 920, time: 160.953919172287
Starting label LEVI, seed 61, iteration 930, time: 162.93206477165222
Starting label LEVI, seed 61, iteration 940, time: 164.91976976394653
Starting label LEVI, seed 61, iteration 950, time: 166.95938062667847
Starting label LEVI, seed 61, iteration 960, time: 168.94978618621826
Starting label LEVI, seed 61, iteration 970, time: 170.93703031539917
Starting label LEVI, seed 61, iteration 980, time: 173.17579770088196
Starting label LEVI, seed 61, iteration 990, time: 175.22980666160583
Starting label LEVI, seed 61, iteration 1000, time: 177.29589319229126
Starting label LEVI, seed 61, iteration 1010, time: 179.43768405914307
Starting label LEVI, seed 61, iteration 1020, time: 181.47853803634644
Starting label LEVI, seed 61, iteration 1030, time: 183.49543046951294
Starting label LEVI, seed 61, iteration 1040, time: 185.42457222938538
Starting label LEVI, seed 61, iteration 1050, time: 187.33162117004395
Starting label LEVI, seed 61, iteration 1060, time: 189.29945373535156
Starting label LEVI, seed 61, iteration 1070, time: 191.16112685203552
Starting label LEVI, seed 61, iteration 1080, time: 193.03982090950012
Starting label LEVI, seed 61, iteration 1090, time: 195.10590147972107
Starting label LEVI, seed 61, iteration 1100, time: 197.25584888458252
Starting label LEVI, seed 61, iteration 1110, time: 199.4196002483368
Starting label LEVI, seed 61, iteration 1120, time: 201.58976817131042
Starting label LEVI, seed 61, iteration 1130, time: 203.71107840538025
Starting label LEVI, seed 61, iteration 1140, time: 205.958167552948
Starting label LEVI, seed 61, iteration 1150, time: 208.10148763656616
Starting label LEVI, seed 61, iteration 1160, time: 210.18243265151978
Starting label LEVI, seed 61, iteration 1170, time: 212.29631328582764
Starting label LEVI, seed 61, iteration 1180, time: 214.4926459789276
Starting label LEVI, seed 61, iteration 1190, time: 216.50381445884705
Starting label LEVI, seed 61, iteration 1200, time: 218.5233941078186
Starting label LEVI, seed 61, iteration 1210, time: 220.611407995224
Starting label LEVI, seed 61, iteration 1220, time: 222.66899609565735
Starting label LEVI, seed 61, iteration 1230, time: 224.9410901069641
Starting label LEVI, seed 61, iteration 1240, time: 227.22341513633728
Starting label LEVI, seed 61, iteration 1250, time: 229.4088671207428
Starting label LEVI, seed 61, iteration 1260, time: 231.67546820640564
Starting label LEVI, seed 61, iteration 1270, time: 233.9719316959381
Starting label LEVI, seed 61, iteration 1280, time: 236.2671766281128
Starting label LEVI, seed 61, iteration 1290, time: 238.68901133537292
Starting label LEVI, seed 61, iteration 1300, time: 241.01500010490417
Starting label LEVI, seed 61, iteration 1310, time: 243.3896734714508
Starting label LEVI, seed 61, iteration 1320, time: 245.80184030532837
Starting label LEVI, seed 61, iteration 1330, time: 248.0909023284912
Starting label LEVI, seed 61, iteration 1340, time: 250.4527552127838
Starting label LEVI, seed 61, iteration 1350, time: 252.82219457626343
Starting label LEVI, seed 61, iteration 1360, time: 255.1565225124359
Starting label LEVI, seed 61, iteration 1370, time: 257.5178427696228
Starting label LEVI, seed 61, iteration 1380, time: 260.0715308189392
Starting label LEVI, seed 61, iteration 1390, time: 262.5479226112366
Starting label LEVI, seed 61, iteration 1400, time: 264.94253754615784
Starting label LEVI, seed 61, iteration 1410, time: 267.3286020755768
Starting label LEVI, seed 61, iteration 1420, time: 269.7084698677063
Starting label LEVI, seed 61, iteration 1430, time: 272.16370129585266
Starting label LEVI, seed 61, iteration 1440, time: 274.731262922287
Starting label LEVI, seed 61, iteration 1450, time: 277.2802879810333
Starting label LEVI, seed 61, iteration 1460, time: 279.7772607803345
Starting label LEVI, seed 61, iteration 1470, time: 282.3878948688507
Starting label LEVI, seed 61, iteration 1480, time: 284.9137601852417
Starting label LEVI, seed 61, iteration 1490, time: 287.5978033542633
Starting label LEVI, seed 61, iteration 1500, time: 290.16192722320557
Starting label LEVI, seed 61, iteration 1510, time: 292.79883551597595
Starting label LEVI, seed 61, iteration 1520, time: 295.3841989040375
Starting label LEVI, seed 61, iteration 1530, time: 298.0501627922058
Starting label LEVI, seed 61, iteration 1540, time: 300.7800931930542
Starting label LEVI, seed 61, iteration 1550, time: 303.3326680660248
Starting label LEVI, seed 61, iteration 1560, time: 306.029372215271
Starting label LEVI, seed 61, iteration 1570, time: 308.8060598373413
Starting label LEVI, seed 61, iteration 1580, time: 311.5494375228882
Starting label LEVI, seed 61, iteration 1590, time: 314.07642364501953
Starting label LEVI, seed 61, iteration 1600, time: 316.74051570892334
Starting label LEVI, seed 61, iteration 1610, time: 319.54846358299255
Starting label LEVI, seed 61, iteration 1620, time: 322.43441700935364
Starting label LEVI, seed 61, iteration 1630, time: 325.2868432998657
Starting label LEVI, seed 61, iteration 1640, time: 328.03189420700073
Starting label LEVI, seed 61, iteration 1650, time: 330.8216118812561
Starting label LEVI, seed 61, iteration 1660, time: 333.8581326007843
Starting label LEVI, seed 61, iteration 1670, time: 336.93310713768005
Starting label LEVI, seed 61, iteration 1680, time: 339.80848717689514
Starting label LEVI, seed 61, iteration 1690, time: 342.62052750587463
Starting label LEVI, seed 61, iteration 1700, time: 345.5837435722351
Starting label LEVI, seed 61, iteration 1710, time: 348.5220594406128
Starting label LEVI, seed 61, iteration 1720, time: 351.51341938972473
Starting label LEVI, seed 61, iteration 1730, time: 354.51637721061707
Starting label LEVI, seed 61, iteration 1740, time: 357.46461820602417
Starting label LEVI, seed 61, iteration 1750, time: 360.3348352909088
Starting label LEVI, seed 61, iteration 1760, time: 363.1749379634857
Starting label LEVI, seed 61, iteration 1770, time: 366.17940163612366
Starting label LEVI, seed 61, iteration 1780, time: 369.1818640232086
Starting label LEVI, seed 61, iteration 1790, time: 372.12200808525085
Starting label LEVI, seed 61, iteration 1800, time: 374.8560824394226
Starting label LEVI, seed 61, iteration 1810, time: 377.6504716873169
Starting label LEVI, seed 61, iteration 1820, time: 380.60442876815796
Starting label LEVI, seed 61, iteration 1830, time: 383.46029019355774
Starting label LEVI, seed 61, iteration 1840, time: 386.44676399230957
Starting label LEVI, seed 61, iteration 1850, time: 389.2213451862335
Starting label LEVI, seed 61, iteration 1860, time: 392.08726811408997
Starting label LEVI, seed 61, iteration 1870, time: 394.92625284194946
Starting label LEVI, seed 61, iteration 1880, time: 397.85388827323914
Starting label LEVI, seed 61, iteration 1890, time: 400.7826807498932
Starting label LEVI, seed 61, iteration 1900, time: 403.71141624450684
Starting label LEVI, seed 61, iteration 1910, time: 406.65589141845703
Starting label LEVI, seed 61, iteration 1920, time: 409.6155936717987
Starting label LEVI, seed 61, iteration 1930, time: 412.6207528114319
Starting label LEVI, seed 61, iteration 1940, time: 415.55849957466125
Starting label LEVI, seed 61, iteration 1950, time: 418.52848267555237
Starting label LEVI, seed 61, iteration 1960, time: 421.51290822029114
Starting label LEVI, seed 61, iteration 1970, time: 424.50890707969666
Starting label LEVI, seed 61, iteration 1980, time: 427.76430892944336
Starting label LEVI, seed 61, iteration 1990, time: 431.0150852203369
submitit INFO (2022-10-01 23:50:55,051) - Job completed successfully
