submitit INFO (2022-10-02 00:56:26,176) - Starting with JobEnvironment(job_id=883347_2, hostname=nikola-compute-03.cs.cornell.edu, local_rank=0(1), node=0(1), global_rank=0(1))
submitit INFO (2022-10-02 00:56:26,176) - Loading pickle: /home/gid-cakmaks/contextual_rs/experiments/wsc_experiments/logs/883347_2/883347_2_submitted.pkl
Starting label LEVI, seed 22, iteration 0, time: 0.007182598114013672
Starting label LEVI, seed 22, iteration 10, time: 2.9680705070495605
Starting label LEVI, seed 22, iteration 20, time: 5.914484262466431
Starting label LEVI, seed 22, iteration 30, time: 8.883648157119751
Starting label LEVI, seed 22, iteration 40, time: 11.738725662231445
Starting label LEVI, seed 22, iteration 50, time: 14.72230315208435
Starting label LEVI, seed 22, iteration 60, time: 18.14446997642517
Starting label LEVI, seed 22, iteration 70, time: 21.185606956481934
Starting label LEVI, seed 22, iteration 80, time: 25.610604524612427
Starting label LEVI, seed 22, iteration 90, time: 30.137458562850952
Starting label LEVI, seed 22, iteration 100, time: 34.544352293014526
Starting label LEVI, seed 22, iteration 110, time: 39.399890422821045
Starting label LEVI, seed 22, iteration 120, time: 43.9454391002655
Starting label LEVI, seed 22, iteration 130, time: 47.93819832801819
Starting label LEVI, seed 22, iteration 140, time: 51.851452112197876
Starting label LEVI, seed 22, iteration 150, time: 55.02951741218567
Starting label LEVI, seed 22, iteration 160, time: 59.637694120407104
Starting label LEVI, seed 22, iteration 170, time: 64.2752091884613
Starting label LEVI, seed 22, iteration 180, time: 68.68377923965454
Starting label LEVI, seed 22, iteration 190, time: 72.75555515289307
Starting label LEVI, seed 22, iteration 200, time: 77.42310667037964
Starting label LEVI, seed 22, iteration 210, time: 81.69958543777466
Starting label LEVI, seed 22, iteration 220, time: 87.15329813957214
Starting label LEVI, seed 22, iteration 230, time: 91.71961545944214
Starting label LEVI, seed 22, iteration 240, time: 96.55227065086365
Starting label LEVI, seed 22, iteration 250, time: 100.81523418426514
Starting label LEVI, seed 22, iteration 260, time: 105.70052003860474
Starting label LEVI, seed 22, iteration 270, time: 110.61765599250793
Starting label LEVI, seed 22, iteration 280, time: 115.48701596260071
Starting label LEVI, seed 22, iteration 290, time: 120.34102773666382
Starting label LEVI, seed 22, iteration 300, time: 125.18177103996277
Starting label LEVI, seed 22, iteration 310, time: 130.143226146698
Starting label LEVI, seed 22, iteration 320, time: 134.62366247177124
Starting label LEVI, seed 22, iteration 330, time: 138.60876536369324
Starting label LEVI, seed 22, iteration 340, time: 144.85625338554382
Starting label LEVI, seed 22, iteration 350, time: 148.86690473556519
Starting label LEVI, seed 22, iteration 360, time: 153.1924331188202
Starting label LEVI, seed 22, iteration 370, time: 156.9691972732544
Starting label LEVI, seed 22, iteration 380, time: 160.68921637535095
Starting label LEVI, seed 22, iteration 390, time: 164.70473885536194
Starting label LEVI, seed 22, iteration 400, time: 170.00324535369873
Starting label LEVI, seed 22, iteration 410, time: 174.29219102859497
Starting label LEVI, seed 22, iteration 420, time: 179.06776905059814
Starting label LEVI, seed 22, iteration 430, time: 183.84363913536072
Starting label LEVI, seed 22, iteration 440, time: 188.94763708114624
Starting label LEVI, seed 22, iteration 450, time: 193.35598587989807
Starting label LEVI, seed 22, iteration 460, time: 198.09049201011658
Starting label LEVI, seed 22, iteration 470, time: 203.09712934494019
Starting label LEVI, seed 22, iteration 480, time: 208.42301440238953
Starting label LEVI, seed 22, iteration 490, time: 213.31442093849182
Starting label LEVI, seed 22, iteration 500, time: 217.463073015213
Starting label LEVI, seed 22, iteration 510, time: 222.74090933799744
Starting label LEVI, seed 22, iteration 520, time: 228.65324068069458
Starting label LEVI, seed 22, iteration 530, time: 233.53765630722046
Starting label LEVI, seed 22, iteration 540, time: 240.53988122940063
Starting label LEVI, seed 22, iteration 550, time: 246.53002953529358
Starting label LEVI, seed 22, iteration 560, time: 252.81261467933655
Starting label LEVI, seed 22, iteration 570, time: 258.1935398578644
Starting label LEVI, seed 22, iteration 580, time: 262.9466938972473
Starting label LEVI, seed 22, iteration 590, time: 268.18429255485535
Starting label LEVI, seed 22, iteration 600, time: 274.82328629493713
Starting label LEVI, seed 22, iteration 610, time: 281.3894066810608
Starting label LEVI, seed 22, iteration 620, time: 287.1919686794281
Starting label LEVI, seed 22, iteration 630, time: 293.4461796283722
Starting label LEVI, seed 22, iteration 640, time: 299.26458525657654
Starting label LEVI, seed 22, iteration 650, time: 305.75066471099854
Starting label LEVI, seed 22, iteration 660, time: 312.4267244338989
Starting label LEVI, seed 22, iteration 670, time: 319.3326213359833
Starting label LEVI, seed 22, iteration 680, time: 326.4079611301422
Starting label LEVI, seed 22, iteration 690, time: 332.4448812007904
Starting label LEVI, seed 22, iteration 700, time: 337.6850423812866
Starting label LEVI, seed 22, iteration 710, time: 345.4780960083008
Starting label LEVI, seed 22, iteration 720, time: 351.93324398994446
Starting label LEVI, seed 22, iteration 730, time: 359.42036056518555
Starting label LEVI, seed 22, iteration 740, time: 366.11927008628845
Starting label LEVI, seed 22, iteration 750, time: 373.506361246109
Starting label LEVI, seed 22, iteration 760, time: 379.55991649627686
Starting label LEVI, seed 22, iteration 770, time: 384.78684091567993
Starting label LEVI, seed 22, iteration 780, time: 391.22506189346313
Starting label LEVI, seed 22, iteration 790, time: 396.34520077705383
Starting label LEVI, seed 22, iteration 800, time: 401.44525146484375
Starting label LEVI, seed 22, iteration 810, time: 407.73508501052856
Starting label LEVI, seed 22, iteration 820, time: 415.6312041282654
Starting label LEVI, seed 22, iteration 830, time: 420.972984790802
Starting label LEVI, seed 22, iteration 840, time: 427.8582787513733
Starting label LEVI, seed 22, iteration 850, time: 436.09656977653503
Starting label LEVI, seed 22, iteration 860, time: 443.8127701282501
Starting label LEVI, seed 22, iteration 870, time: 449.4580228328705
Starting label LEVI, seed 22, iteration 880, time: 456.5708909034729
Starting label LEVI, seed 22, iteration 890, time: 464.550155878067
Starting label LEVI, seed 22, iteration 900, time: 472.2752470970154
Starting label LEVI, seed 22, iteration 910, time: 480.2299118041992
Starting label LEVI, seed 22, iteration 920, time: 487.83473682403564
Starting label LEVI, seed 22, iteration 930, time: 494.94614696502686
Starting label LEVI, seed 22, iteration 940, time: 502.05788111686707
Starting label LEVI, seed 22, iteration 950, time: 509.08028507232666
Starting label LEVI, seed 22, iteration 960, time: 516.070473909378
Starting label LEVI, seed 22, iteration 970, time: 522.8412811756134
Starting label LEVI, seed 22, iteration 980, time: 531.3542196750641
Starting label LEVI, seed 22, iteration 990, time: 539.3017888069153
Starting label LEVI, seed 22, iteration 1000, time: 546.6031017303467
Starting label LEVI, seed 22, iteration 1010, time: 554.0708229541779
Starting label LEVI, seed 22, iteration 1020, time: 563.1739194393158
Starting label LEVI, seed 22, iteration 1030, time: 571.3271629810333
Starting label LEVI, seed 22, iteration 1040, time: 580.7785241603851
Starting label LEVI, seed 22, iteration 1050, time: 587.8900592327118
Starting label LEVI, seed 22, iteration 1060, time: 596.7466173171997
Starting label LEVI, seed 22, iteration 1070, time: 603.9989833831787
Starting label LEVI, seed 22, iteration 1080, time: 612.1327674388885
Starting label LEVI, seed 22, iteration 1090, time: 620.1722159385681
Starting label LEVI, seed 22, iteration 1100, time: 629.7808742523193
Starting label LEVI, seed 22, iteration 1110, time: 640.2179934978485
Starting label LEVI, seed 22, iteration 1120, time: 650.4116315841675
Starting label LEVI, seed 22, iteration 1130, time: 661.291111946106
Starting label LEVI, seed 22, iteration 1140, time: 670.1673574447632
Starting label LEVI, seed 22, iteration 1150, time: 680.6123368740082
Starting label LEVI, seed 22, iteration 1160, time: 691.605030298233
Starting label LEVI, seed 22, iteration 1170, time: 701.1758902072906
Starting label LEVI, seed 22, iteration 1180, time: 710.7059328556061
Starting label LEVI, seed 22, iteration 1190, time: 722.1041388511658
Starting label LEVI, seed 22, iteration 1200, time: 731.8879292011261
Starting label LEVI, seed 22, iteration 1210, time: 743.0237879753113
Starting label LEVI, seed 22, iteration 1220, time: 753.2054138183594
Starting label LEVI, seed 22, iteration 1230, time: 765.6336488723755
Starting label LEVI, seed 22, iteration 1240, time: 779.2217452526093
Starting label LEVI, seed 22, iteration 1250, time: 789.9205539226532
Starting label LEVI, seed 22, iteration 1260, time: 800.9445462226868
Starting label LEVI, seed 22, iteration 1270, time: 812.4751350879669
Starting label LEVI, seed 22, iteration 1280, time: 824.2299683094025
Starting label LEVI, seed 22, iteration 1290, time: 838.0420722961426
Starting label LEVI, seed 22, iteration 1300, time: 854.1755332946777
Starting label LEVI, seed 22, iteration 1310, time: 865.4807267189026
Starting label LEVI, seed 22, iteration 1320, time: 875.9394164085388
Starting label LEVI, seed 22, iteration 1330, time: 888.6395404338837
Starting label LEVI, seed 22, iteration 1340, time: 902.4422562122345
Starting label LEVI, seed 22, iteration 1350, time: 917.2453179359436
Starting label LEVI, seed 22, iteration 1360, time: 931.8416266441345
Starting label LEVI, seed 22, iteration 1370, time: 945.8198144435883
Starting label LEVI, seed 22, iteration 1380, time: 961.8959679603577
Starting label LEVI, seed 22, iteration 1390, time: 977.6435720920563
Starting label LEVI, seed 22, iteration 1400, time: 991.0549108982086
Starting label LEVI, seed 22, iteration 1410, time: 1003.9463293552399
Starting label LEVI, seed 22, iteration 1420, time: 1020.1916837692261
Starting label LEVI, seed 22, iteration 1430, time: 1037.319099664688
Starting label LEVI, seed 22, iteration 1440, time: 1054.7546684741974
Starting label LEVI, seed 22, iteration 1450, time: 1071.1014285087585
Starting label LEVI, seed 22, iteration 1460, time: 1090.9285230636597
Starting label LEVI, seed 22, iteration 1470, time: 1109.7776057720184
Starting label LEVI, seed 22, iteration 1480, time: 1128.7034981250763
Starting label LEVI, seed 22, iteration 1490, time: 1150.963138103485
Starting label LEVI, seed 22, iteration 1500, time: 1169.502034187317
Starting label LEVI, seed 22, iteration 1510, time: 1188.506010055542
Starting label LEVI, seed 22, iteration 1520, time: 1213.273276090622
Starting label LEVI, seed 22, iteration 1530, time: 1232.3272392749786
Starting label LEVI, seed 22, iteration 1540, time: 1252.0127720832825
Starting label LEVI, seed 22, iteration 1550, time: 1273.7804486751556
Starting label LEVI, seed 22, iteration 1560, time: 1292.6630296707153
Starting label LEVI, seed 22, iteration 1570, time: 1317.9111976623535
Starting label LEVI, seed 22, iteration 1580, time: 1337.217913866043
Starting label LEVI, seed 22, iteration 1590, time: 1359.2770614624023
Starting label LEVI, seed 22, iteration 1600, time: 1382.0513758659363
Starting label LEVI, seed 22, iteration 1610, time: 1402.4995737075806
Starting label LEVI, seed 22, iteration 1620, time: 1425.6050283908844
Starting label LEVI, seed 22, iteration 1630, time: 1446.4577386379242
Starting label LEVI, seed 22, iteration 1640, time: 1469.4750719070435
Starting label LEVI, seed 22, iteration 1650, time: 1489.2331628799438
Starting label LEVI, seed 22, iteration 1660, time: 1518.7914488315582
Starting label LEVI, seed 22, iteration 1670, time: 1548.7708594799042
submitit WARNING (2022-10-02 01:22:35,979) - Bypassing signal SIGCONT
submitit WARNING (2022-10-02 01:22:35,982) - Bypassing signal SIGTERM
Starting label LEVI, seed 22, iteration 1680, time: 1567.8493356704712
Starting label LEVI, seed 22, iteration 1690, time: 1593.3719096183777
