submitit INFO (2022-10-02 00:03:09,169) - Starting with JobEnvironment(job_id=883160_2, hostname=snavely-compute-01.tech.cornell.edu, local_rank=0(1), node=0(1), global_rank=0(1))
submitit INFO (2022-10-02 00:03:09,169) - Loading pickle: /home/gid-cakmaks/contextual_rs/experiments/wsc_experiments/logs/883160_2/883160_2_submitted.pkl
Starting label LEVI, seed 32, iteration 0, time: 0.000263214111328125
Starting label LEVI, seed 32, iteration 10, time: 58.67393136024475
Starting label LEVI, seed 32, iteration 20, time: 116.30442237854004
Starting label LEVI, seed 32, iteration 30, time: 173.63654327392578
Starting label LEVI, seed 32, iteration 40, time: 232.8605351448059
Starting label LEVI, seed 32, iteration 50, time: 289.89715480804443
Starting label LEVI, seed 32, iteration 60, time: 348.5463423728943
Starting label LEVI, seed 32, iteration 70, time: 411.16117787361145
Starting label LEVI, seed 32, iteration 80, time: 422.39752101898193
Starting label LEVI, seed 32, iteration 90, time: 425.24977231025696
Starting label LEVI, seed 32, iteration 100, time: 428.21081805229187
Starting label LEVI, seed 32, iteration 110, time: 431.141681432724
Starting label LEVI, seed 32, iteration 120, time: 433.97537541389465
Starting label LEVI, seed 32, iteration 130, time: 436.8047761917114
Starting label LEVI, seed 32, iteration 140, time: 439.809029340744
Starting label LEVI, seed 32, iteration 150, time: 442.66163778305054
Starting label LEVI, seed 32, iteration 160, time: 445.64869570732117
Starting label LEVI, seed 32, iteration 170, time: 448.5760233402252
Starting label LEVI, seed 32, iteration 180, time: 451.43817806243896
Starting label LEVI, seed 32, iteration 190, time: 454.32732677459717
Starting label LEVI, seed 32, iteration 200, time: 457.27222990989685
Starting label LEVI, seed 32, iteration 210, time: 460.1989223957062
Starting label LEVI, seed 32, iteration 220, time: 463.2492277622223
Starting label LEVI, seed 32, iteration 230, time: 466.28970432281494
Starting label LEVI, seed 32, iteration 240, time: 469.40089440345764
Starting label LEVI, seed 32, iteration 250, time: 472.4799406528473
Starting label LEVI, seed 32, iteration 260, time: 475.5089340209961
Starting label LEVI, seed 32, iteration 270, time: 478.5511395931244
Starting label LEVI, seed 32, iteration 280, time: 481.6856620311737
Starting label LEVI, seed 32, iteration 290, time: 484.8469588756561
Starting label LEVI, seed 32, iteration 300, time: 487.99030327796936
Starting label LEVI, seed 32, iteration 310, time: 491.26997685432434
Starting label LEVI, seed 32, iteration 320, time: 494.3703942298889
Starting label LEVI, seed 32, iteration 330, time: 531.8174839019775
Starting label LEVI, seed 32, iteration 340, time: 614.973424911499
Starting label LEVI, seed 32, iteration 350, time: 703.405268907547
Starting label LEVI, seed 32, iteration 360, time: 790.8489162921906
Starting label LEVI, seed 32, iteration 370, time: 885.4140179157257
Starting label LEVI, seed 32, iteration 380, time: 1008.1773798465729
Starting label LEVI, seed 32, iteration 390, time: 1125.9573633670807
Starting label LEVI, seed 32, iteration 400, time: 1245.9171707630157
Starting label LEVI, seed 32, iteration 410, time: 1372.7529408931732
Starting label LEVI, seed 32, iteration 420, time: 1428.7037031650543
Starting label LEVI, seed 32, iteration 430, time: 1548.349208831787
submitit WARNING (2022-10-02 00:29:08,092) - Bypassing signal SIGCONT
submitit WARNING (2022-10-02 00:29:08,184) - Bypassing signal SIGTERM
