submitit INFO (2022-10-02 00:30:02,638) - Starting with JobEnvironment(job_id=883272_2, hostname=rush-compute-01.tech.cornell.edu, local_rank=0(1), node=0(1), global_rank=0(1))
submitit INFO (2022-10-02 00:30:02,638) - Loading pickle: /home/gid-cakmaks/contextual_rs/experiments/wsc_experiments/logs/883272_2/883272_2_submitted.pkl
Starting label LEVI, seed 42, iteration 0, time: 0.010675430297851562
Starting label LEVI, seed 42, iteration 10, time: 3.0196633338928223
Starting label LEVI, seed 42, iteration 20, time: 5.770965814590454
Starting label LEVI, seed 42, iteration 30, time: 8.56735634803772
Starting label LEVI, seed 42, iteration 40, time: 11.40166425704956
Starting label LEVI, seed 42, iteration 50, time: 14.220391750335693
Starting label LEVI, seed 42, iteration 60, time: 17.11901068687439
Starting label LEVI, seed 42, iteration 70, time: 19.98900532722473
Starting label LEVI, seed 42, iteration 80, time: 22.89049196243286
Starting label LEVI, seed 42, iteration 90, time: 25.749969482421875
Starting label LEVI, seed 42, iteration 100, time: 28.57025647163391
Starting label LEVI, seed 42, iteration 110, time: 31.447279691696167
Starting label LEVI, seed 42, iteration 120, time: 34.42706537246704
Starting label LEVI, seed 42, iteration 130, time: 37.4030544757843
Starting label LEVI, seed 42, iteration 140, time: 41.443641662597656
Starting label LEVI, seed 42, iteration 150, time: 45.99890112876892
Starting label LEVI, seed 42, iteration 160, time: 50.38556432723999
Starting label LEVI, seed 42, iteration 170, time: 56.56475830078125
Starting label LEVI, seed 42, iteration 180, time: 61.88608169555664
Starting label LEVI, seed 42, iteration 190, time: 66.5639157295227
Starting label LEVI, seed 42, iteration 200, time: 70.57610249519348
Starting label LEVI, seed 42, iteration 210, time: 74.42360877990723
Starting label LEVI, seed 42, iteration 220, time: 78.40486001968384
Starting label LEVI, seed 42, iteration 230, time: 82.20325589179993
Starting label LEVI, seed 42, iteration 240, time: 85.69984126091003
Starting label LEVI, seed 42, iteration 250, time: 89.2411904335022
Starting label LEVI, seed 42, iteration 260, time: 92.76314973831177
Starting label LEVI, seed 42, iteration 270, time: 96.39773082733154
Starting label LEVI, seed 42, iteration 280, time: 99.95995903015137
Starting label LEVI, seed 42, iteration 290, time: 103.62608504295349
Starting label LEVI, seed 42, iteration 300, time: 107.29176712036133
Starting label LEVI, seed 42, iteration 310, time: 111.08289241790771
Starting label LEVI, seed 42, iteration 320, time: 114.86896634101868
Starting label LEVI, seed 42, iteration 330, time: 118.67691683769226
Starting label LEVI, seed 42, iteration 340, time: 122.46030592918396
Starting label LEVI, seed 42, iteration 350, time: 126.19594359397888
Starting label LEVI, seed 42, iteration 360, time: 130.09922981262207
Starting label LEVI, seed 42, iteration 370, time: 133.74896717071533
Starting label LEVI, seed 42, iteration 380, time: 137.42855405807495
Starting label LEVI, seed 42, iteration 390, time: 141.65237593650818
Starting label LEVI, seed 42, iteration 400, time: 145.69769883155823
Starting label LEVI, seed 42, iteration 410, time: 149.70528364181519
Starting label LEVI, seed 42, iteration 420, time: 153.92531657218933
Starting label LEVI, seed 42, iteration 430, time: 158.06332206726074
Starting label LEVI, seed 42, iteration 440, time: 162.13571166992188
Starting label LEVI, seed 42, iteration 450, time: 166.47821950912476
Starting label LEVI, seed 42, iteration 460, time: 170.78618264198303
Starting label LEVI, seed 42, iteration 470, time: 175.45740628242493
Starting label LEVI, seed 42, iteration 480, time: 179.82277655601501
Starting label LEVI, seed 42, iteration 490, time: 184.0483181476593
Starting label LEVI, seed 42, iteration 500, time: 188.85265588760376
Starting label LEVI, seed 42, iteration 510, time: 193.0956335067749
Starting label LEVI, seed 42, iteration 520, time: 197.72754883766174
Starting label LEVI, seed 42, iteration 530, time: 202.761789560318
Starting label LEVI, seed 42, iteration 540, time: 207.7737774848938
Starting label LEVI, seed 42, iteration 550, time: 212.66455364227295
Starting label LEVI, seed 42, iteration 560, time: 217.67069816589355
Starting label LEVI, seed 42, iteration 570, time: 222.78256249427795
Starting label LEVI, seed 42, iteration 580, time: 228.17542147636414
Starting label LEVI, seed 42, iteration 590, time: 233.27067351341248
Starting label LEVI, seed 42, iteration 600, time: 238.20924758911133
Starting label LEVI, seed 42, iteration 610, time: 243.13889288902283
Starting label LEVI, seed 42, iteration 620, time: 248.38536262512207
Starting label LEVI, seed 42, iteration 630, time: 253.9798755645752
Starting label LEVI, seed 42, iteration 640, time: 259.5995264053345
Starting label LEVI, seed 42, iteration 650, time: 265.58741092681885
Starting label LEVI, seed 42, iteration 660, time: 270.7300970554352
Starting label LEVI, seed 42, iteration 670, time: 276.25738620758057
Starting label LEVI, seed 42, iteration 680, time: 281.9153687953949
Starting label LEVI, seed 42, iteration 690, time: 287.8291172981262
Starting label LEVI, seed 42, iteration 700, time: 293.78650069236755
Starting label LEVI, seed 42, iteration 710, time: 299.2884187698364
Starting label LEVI, seed 42, iteration 720, time: 304.76959347724915
Starting label LEVI, seed 42, iteration 730, time: 310.82663774490356
Starting label LEVI, seed 42, iteration 740, time: 317.43392300605774
Starting label LEVI, seed 42, iteration 750, time: 324.2766375541687
Starting label LEVI, seed 42, iteration 760, time: 330.430383682251
Starting label LEVI, seed 42, iteration 770, time: 337.0395140647888
Starting label LEVI, seed 42, iteration 780, time: 343.23638677597046
Starting label LEVI, seed 42, iteration 790, time: 350.17604303359985
Starting label LEVI, seed 42, iteration 800, time: 355.99878692626953
Starting label LEVI, seed 42, iteration 810, time: 362.0320289134979
Starting label LEVI, seed 42, iteration 820, time: 369.53412079811096
Starting label LEVI, seed 42, iteration 830, time: 376.210675239563
Starting label LEVI, seed 42, iteration 840, time: 383.3629620075226
Starting label LEVI, seed 42, iteration 850, time: 390.79658794403076
Starting label LEVI, seed 42, iteration 860, time: 397.9706184864044
Starting label LEVI, seed 42, iteration 870, time: 404.6130611896515
Starting label LEVI, seed 42, iteration 880, time: 412.1398665904999
Starting label LEVI, seed 42, iteration 890, time: 419.77088832855225
Starting label LEVI, seed 42, iteration 900, time: 426.30127692222595
Starting label LEVI, seed 42, iteration 910, time: 434.2475564479828
Starting label LEVI, seed 42, iteration 920, time: 442.18591141700745
Starting label LEVI, seed 42, iteration 930, time: 450.46526861190796
Starting label LEVI, seed 42, iteration 940, time: 457.34135937690735
Starting label LEVI, seed 42, iteration 950, time: 465.01148295402527
Starting label LEVI, seed 42, iteration 960, time: 474.093731880188
Starting label LEVI, seed 42, iteration 970, time: 481.51404309272766
Starting label LEVI, seed 42, iteration 980, time: 490.269074678421
Starting label LEVI, seed 42, iteration 990, time: 498.83351135253906
Starting label LEVI, seed 42, iteration 1000, time: 508.0900149345398
Starting label LEVI, seed 42, iteration 1010, time: 516.9844281673431
Starting label LEVI, seed 42, iteration 1020, time: 527.3255262374878
Starting label LEVI, seed 42, iteration 1030, time: 535.7504105567932
Starting label LEVI, seed 42, iteration 1040, time: 545.7777628898621
Starting label LEVI, seed 42, iteration 1050, time: 554.8646667003632
Starting label LEVI, seed 42, iteration 1060, time: 563.356449842453
Starting label LEVI, seed 42, iteration 1070, time: 573.3676469326019
Starting label LEVI, seed 42, iteration 1080, time: 583.5263860225677
Starting label LEVI, seed 42, iteration 1090, time: 592.6980218887329
Starting label LEVI, seed 42, iteration 1100, time: 603.5045909881592
Starting label LEVI, seed 42, iteration 1110, time: 612.8550729751587
Starting label LEVI, seed 42, iteration 1120, time: 623.8215081691742
Starting label LEVI, seed 42, iteration 1130, time: 633.3236193656921
Starting label LEVI, seed 42, iteration 1140, time: 643.170773267746
Starting label LEVI, seed 42, iteration 1150, time: 653.1539998054504
Starting label LEVI, seed 42, iteration 1160, time: 664.9444444179535
Starting label LEVI, seed 42, iteration 1170, time: 675.1501984596252
Starting label LEVI, seed 42, iteration 1180, time: 684.5384433269501
Starting label LEVI, seed 42, iteration 1190, time: 698.121955871582
Starting label LEVI, seed 42, iteration 1200, time: 711.3436510562897
Starting label LEVI, seed 42, iteration 1210, time: 725.5785188674927
Starting label LEVI, seed 42, iteration 1220, time: 736.5366287231445
Starting label LEVI, seed 42, iteration 1230, time: 748.8314394950867
Starting label LEVI, seed 42, iteration 1240, time: 762.8136847019196
Starting label LEVI, seed 42, iteration 1250, time: 774.787159204483
Starting label LEVI, seed 42, iteration 1260, time: 786.2962033748627
Starting label LEVI, seed 42, iteration 1270, time: 799.7758345603943
Starting label LEVI, seed 42, iteration 1280, time: 815.0789976119995
Starting label LEVI, seed 42, iteration 1290, time: 830.3131725788116
Starting label LEVI, seed 42, iteration 1300, time: 846.7370347976685
Starting label LEVI, seed 42, iteration 1310, time: 861.6953942775726
Starting label LEVI, seed 42, iteration 1320, time: 876.6234846115112
Starting label LEVI, seed 42, iteration 1330, time: 889.3345408439636
Starting label LEVI, seed 42, iteration 1340, time: 903.9161252975464
Starting label LEVI, seed 42, iteration 1350, time: 921.4183146953583
Starting label LEVI, seed 42, iteration 1360, time: 938.1817481517792
Starting label LEVI, seed 42, iteration 1370, time: 954.5712332725525
Starting label LEVI, seed 42, iteration 1380, time: 968.4042217731476
Starting label LEVI, seed 42, iteration 1390, time: 982.8338494300842
Starting label LEVI, seed 42, iteration 1400, time: 996.7591435909271
Starting label LEVI, seed 42, iteration 1410, time: 1009.8812091350555
Starting label LEVI, seed 42, iteration 1420, time: 1028.2496273517609
Starting label LEVI, seed 42, iteration 1430, time: 1043.4169142246246
Starting label LEVI, seed 42, iteration 1440, time: 1062.8203208446503
Starting label LEVI, seed 42, iteration 1450, time: 1077.9201123714447
Starting label LEVI, seed 42, iteration 1460, time: 1095.6483778953552
Starting label LEVI, seed 42, iteration 1470, time: 1111.1877326965332
Starting label LEVI, seed 42, iteration 1480, time: 1130.8030281066895
Starting label LEVI, seed 42, iteration 1490, time: 1150.3577072620392
Starting label LEVI, seed 42, iteration 1500, time: 1165.095314502716
Starting label LEVI, seed 42, iteration 1510, time: 1182.4528374671936
Starting label LEVI, seed 42, iteration 1520, time: 1198.7159135341644
Starting label LEVI, seed 42, iteration 1530, time: 1216.5573961734772
Starting label LEVI, seed 42, iteration 1540, time: 1234.2013125419617
Starting label LEVI, seed 42, iteration 1550, time: 1252.7576472759247
Starting label LEVI, seed 42, iteration 1560, time: 1275.9741072654724
Starting label LEVI, seed 42, iteration 1570, time: 1298.1291863918304
Starting label LEVI, seed 42, iteration 1580, time: 1321.9906702041626
Starting label LEVI, seed 42, iteration 1590, time: 1345.7003207206726
Starting label LEVI, seed 42, iteration 1600, time: 1369.925462961197
Starting label LEVI, seed 42, iteration 1610, time: 1394.3305306434631
Starting label LEVI, seed 42, iteration 1620, time: 1414.6231129169464
Starting label LEVI, seed 42, iteration 1630, time: 1433.8006374835968
Starting label LEVI, seed 42, iteration 1640, time: 1452.1161341667175
Starting label LEVI, seed 42, iteration 1650, time: 1475.463760137558
Starting label LEVI, seed 42, iteration 1660, time: 1502.1860592365265
Starting label LEVI, seed 42, iteration 1670, time: 1524.8814625740051
submitit WARNING (2022-10-02 00:55:52,089) - Bypassing signal SIGTERM
submitit WARNING (2022-10-02 00:55:52,089) - Bypassing signal SIGCONT
Starting label LEVI, seed 42, iteration 1680, time: 1554.062418460846
