submitit INFO (2022-10-02 13:26:32,228) - Starting with JobEnvironment(job_id=884521_5, hostname=nikola-compute-04.cs.cornell.edu, local_rank=0(1), node=0(1), global_rank=0(1))
submitit INFO (2022-10-02 13:26:32,228) - Loading pickle: /home/gid-cakmaks/contextual_rs/experiments/wsc_experiments/logs/884521_5/884521_5_submitted.pkl
Appending iterations to existing output!Warning: If parameters other than `iterations` have been changed, this will corrupt the output!
Starting label LEVI, seed 5, iteration 560, time: 342.7170476913452
Starting label LEVI, seed 5, iteration 570, time: 350.20049381256104
Starting label LEVI, seed 5, iteration 580, time: 357.1938524246216
Starting label LEVI, seed 5, iteration 590, time: 364.224338054657
Starting label LEVI, seed 5, iteration 600, time: 370.91578555107117
Starting label LEVI, seed 5, iteration 610, time: 377.8895661830902
Starting label LEVI, seed 5, iteration 620, time: 384.66359400749207
Starting label LEVI, seed 5, iteration 630, time: 392.01218938827515
Starting label LEVI, seed 5, iteration 640, time: 399.28535628318787
Starting label LEVI, seed 5, iteration 650, time: 406.49982595443726
Starting label LEVI, seed 5, iteration 660, time: 413.8412404060364
Starting label LEVI, seed 5, iteration 670, time: 420.9802579879761
Starting label LEVI, seed 5, iteration 680, time: 428.7215645313263
Starting label LEVI, seed 5, iteration 690, time: 435.9274671077728
Starting label LEVI, seed 5, iteration 700, time: 443.98673129081726
Starting label LEVI, seed 5, iteration 710, time: 451.8523406982422
Starting label LEVI, seed 5, iteration 720, time: 459.8037221431732
Starting label LEVI, seed 5, iteration 730, time: 468.47268652915955
Starting label LEVI, seed 5, iteration 740, time: 476.5991852283478
Starting label LEVI, seed 5, iteration 750, time: 484.6258330345154
Starting label LEVI, seed 5, iteration 760, time: 492.3111643791199
Starting label LEVI, seed 5, iteration 770, time: 500.08012890815735
Starting label LEVI, seed 5, iteration 780, time: 507.37787103652954
Starting label LEVI, seed 5, iteration 790, time: 515.1507818698883
Starting label LEVI, seed 5, iteration 800, time: 522.0339779853821
Starting label LEVI, seed 5, iteration 810, time: 529.5643026828766
Starting label LEVI, seed 5, iteration 820, time: 536.8955247402191
Starting label LEVI, seed 5, iteration 830, time: 544.101991891861
Starting label LEVI, seed 5, iteration 840, time: 551.2837288379669
Starting label LEVI, seed 5, iteration 850, time: 558.3084807395935
Starting label LEVI, seed 5, iteration 860, time: 565.8361532688141
Starting label LEVI, seed 5, iteration 870, time: 574.0156991481781
Starting label LEVI, seed 5, iteration 880, time: 581.6933467388153
Starting label LEVI, seed 5, iteration 890, time: 589.5264730453491
Starting label LEVI, seed 5, iteration 900, time: 596.9749739170074
Starting label LEVI, seed 5, iteration 910, time: 604.3145143985748
Starting label LEVI, seed 5, iteration 920, time: 611.6908965110779
Starting label LEVI, seed 5, iteration 930, time: 619.0265624523163
Starting label LEVI, seed 5, iteration 940, time: 627.106767654419
Starting label LEVI, seed 5, iteration 950, time: 635.0336706638336
Starting label LEVI, seed 5, iteration 960, time: 642.5699648857117
Starting label LEVI, seed 5, iteration 970, time: 650.7985570430756
Starting label LEVI, seed 5, iteration 980, time: 658.5824508666992
Starting label LEVI, seed 5, iteration 990, time: 666.4989855289459
Starting label LEVI, seed 5, iteration 1000, time: 674.5786604881287
Starting label LEVI, seed 5, iteration 1010, time: 682.558671951294
Starting label LEVI, seed 5, iteration 1020, time: 690.2269916534424
Starting label LEVI, seed 5, iteration 1030, time: 697.6674361228943
Starting label LEVI, seed 5, iteration 1040, time: 705.0629572868347
Starting label LEVI, seed 5, iteration 1050, time: 712.7915396690369
Starting label LEVI, seed 5, iteration 1060, time: 720.371652841568
Starting label LEVI, seed 5, iteration 1070, time: 728.1668787002563
Starting label LEVI, seed 5, iteration 1080, time: 736.3415486812592
Starting label LEVI, seed 5, iteration 1090, time: 744.4508304595947
Starting label LEVI, seed 5, iteration 1100, time: 751.8147864341736
Starting label LEVI, seed 5, iteration 1110, time: 759.4222581386566
Starting label LEVI, seed 5, iteration 1120, time: 767.3112597465515
Starting label LEVI, seed 5, iteration 1130, time: 775.0066876411438
Starting label LEVI, seed 5, iteration 1140, time: 783.4187276363373
Starting label LEVI, seed 5, iteration 1150, time: 791.4081938266754
Starting label LEVI, seed 5, iteration 1160, time: 799.5948083400726
Starting label LEVI, seed 5, iteration 1170, time: 807.6953995227814
Starting label LEVI, seed 5, iteration 1180, time: 815.7359700202942
Starting label LEVI, seed 5, iteration 1190, time: 824.1943686008453
Starting label LEVI, seed 5, iteration 1200, time: 832.3959097862244
Starting label LEVI, seed 5, iteration 1210, time: 840.4274168014526
Starting label LEVI, seed 5, iteration 1220, time: 847.7472975254059
Starting label LEVI, seed 5, iteration 1230, time: 855.1228668689728
Starting label LEVI, seed 5, iteration 1240, time: 863.3781423568726
Starting label LEVI, seed 5, iteration 1250, time: 871.9362993240356
Starting label LEVI, seed 5, iteration 1260, time: 879.8384900093079
Starting label LEVI, seed 5, iteration 1270, time: 887.9592251777649
Starting label LEVI, seed 5, iteration 1280, time: 896.1435010433197
Starting label LEVI, seed 5, iteration 1290, time: 904.1576683521271
Starting label LEVI, seed 5, iteration 1300, time: 912.624968290329
Starting label LEVI, seed 5, iteration 1310, time: 921.0288245677948
Starting label LEVI, seed 5, iteration 1320, time: 929.3852107524872
Starting label LEVI, seed 5, iteration 1330, time: 937.4382629394531
Starting label LEVI, seed 5, iteration 1340, time: 945.590322971344
Starting label LEVI, seed 5, iteration 1350, time: 954.6706557273865
Starting label LEVI, seed 5, iteration 1360, time: 963.0156219005585
Starting label LEVI, seed 5, iteration 1370, time: 970.9152553081512
Starting label LEVI, seed 5, iteration 1380, time: 980.0382831096649
Starting label LEVI, seed 5, iteration 1390, time: 988.0630226135254
Starting label LEVI, seed 5, iteration 1400, time: 996.8769364356995
Starting label LEVI, seed 5, iteration 1410, time: 1005.174232006073
Starting label LEVI, seed 5, iteration 1420, time: 1013.6091520786285
Starting label LEVI, seed 5, iteration 1430, time: 1022.2165994644165
Starting label LEVI, seed 5, iteration 1440, time: 1030.757140159607
Starting label LEVI, seed 5, iteration 1450, time: 1038.6996777057648
Starting label LEVI, seed 5, iteration 1460, time: 1047.0026593208313
Starting label LEVI, seed 5, iteration 1470, time: 1055.5757389068604
Starting label LEVI, seed 5, iteration 1480, time: 1064.1451172828674
Starting label LEVI, seed 5, iteration 1490, time: 1072.5753247737885
Starting label LEVI, seed 5, iteration 1500, time: 1080.534410238266
Starting label LEVI, seed 5, iteration 1510, time: 1088.459037065506
Starting label LEVI, seed 5, iteration 1520, time: 1096.3817100524902
Starting label LEVI, seed 5, iteration 1530, time: 1104.4631984233856
Starting label LEVI, seed 5, iteration 1540, time: 1113.0527110099792
Starting label LEVI, seed 5, iteration 1550, time: 1121.48384475708
Starting label LEVI, seed 5, iteration 1560, time: 1130.0658566951752
Starting label LEVI, seed 5, iteration 1570, time: 1138.7714397907257
Starting label LEVI, seed 5, iteration 1580, time: 1148.2096078395844
Starting label LEVI, seed 5, iteration 1590, time: 1157.5453925132751
Starting label LEVI, seed 5, iteration 1600, time: 1166.564317703247
Starting label LEVI, seed 5, iteration 1610, time: 1175.5122241973877
Starting label LEVI, seed 5, iteration 1620, time: 1184.694729566574
Starting label LEVI, seed 5, iteration 1630, time: 1193.2446508407593
Starting label LEVI, seed 5, iteration 1640, time: 1202.1637170314789
Starting label LEVI, seed 5, iteration 1650, time: 1211.317847251892
Starting label LEVI, seed 5, iteration 1660, time: 1220.9246954917908
Starting label LEVI, seed 5, iteration 1670, time: 1229.9004373550415
Starting label LEVI, seed 5, iteration 1680, time: 1239.520058631897
Starting label LEVI, seed 5, iteration 1690, time: 1249.1328341960907
Starting label LEVI, seed 5, iteration 1700, time: 1258.3649322986603
Starting label LEVI, seed 5, iteration 1710, time: 1268.6939015388489
Starting label LEVI, seed 5, iteration 1720, time: 1277.8121492862701
Starting label LEVI, seed 5, iteration 1730, time: 1286.6157615184784
Starting label LEVI, seed 5, iteration 1740, time: 1295.8090043067932
Starting label LEVI, seed 5, iteration 1750, time: 1304.7906563282013
Starting label LEVI, seed 5, iteration 1760, time: 1314.4654445648193
Starting label LEVI, seed 5, iteration 1770, time: 1324.5815637111664
Starting label LEVI, seed 5, iteration 1780, time: 1335.2742767333984
Starting label LEVI, seed 5, iteration 1790, time: 1345.6444506645203
Starting label LEVI, seed 5, iteration 1800, time: 1355.318784236908
Starting label LEVI, seed 5, iteration 1810, time: 1365.3204731941223
Starting label LEVI, seed 5, iteration 1820, time: 1376.489714384079
Starting label LEVI, seed 5, iteration 1830, time: 1386.89266371727
Starting label LEVI, seed 5, iteration 1840, time: 1398.113231420517
Starting label LEVI, seed 5, iteration 1850, time: 1408.8062207698822
Starting label LEVI, seed 5, iteration 1860, time: 1419.804125547409
Starting label LEVI, seed 5, iteration 1870, time: 1430.3902792930603
Starting label LEVI, seed 5, iteration 1880, time: 1440.8211896419525
Starting label LEVI, seed 5, iteration 1890, time: 1452.2217233181
Starting label LEVI, seed 5, iteration 1900, time: 1462.593689441681
Starting label LEVI, seed 5, iteration 1910, time: 1473.7438714504242
Starting label LEVI, seed 5, iteration 1920, time: 1486.5854377746582
Starting label LEVI, seed 5, iteration 1930, time: 1498.6412618160248
Starting label LEVI, seed 5, iteration 1940, time: 1510.5215620994568
Starting label LEVI, seed 5, iteration 1950, time: 1521.5535736083984
Starting label LEVI, seed 5, iteration 1960, time: 1534.3736600875854
Starting label LEVI, seed 5, iteration 1970, time: 1546.470323562622
Starting label LEVI, seed 5, iteration 1980, time: 1558.4148244857788
Starting label LEVI, seed 5, iteration 1990, time: 1571.3113069534302
submitit INFO (2022-10-02 13:47:14,517) - Job completed successfully
