submitit INFO (2022-10-01 23:50:12,563) - Starting with JobEnvironment(job_id=883091_7, hostname=g2-compute-95.coecis.cornell.edu, local_rank=0(1), node=0(1), global_rank=0(1))
submitit INFO (2022-10-01 23:50:12,564) - Loading pickle: /home/gid-cakmaks/contextual_rs/experiments/wsc_experiments/logs/883091_7/883091_7_submitted.pkl
Starting label LEVI, seed 97, iteration 0, time: 0.0001227855682373047
Starting label LEVI, seed 97, iteration 10, time: 2.3299081325531006
Starting label LEVI, seed 97, iteration 20, time: 4.502556800842285
Starting label LEVI, seed 97, iteration 30, time: 6.756763935089111
Starting label LEVI, seed 97, iteration 40, time: 9.11226749420166
Starting label LEVI, seed 97, iteration 50, time: 11.465001344680786
Starting label LEVI, seed 97, iteration 60, time: 13.861838579177856
Starting label LEVI, seed 97, iteration 70, time: 16.074811458587646
Starting label LEVI, seed 97, iteration 80, time: 18.24148654937744
Starting label LEVI, seed 97, iteration 90, time: 20.421597719192505
Starting label LEVI, seed 97, iteration 100, time: 22.62653398513794
Starting label LEVI, seed 97, iteration 110, time: 24.816741228103638
Starting label LEVI, seed 97, iteration 120, time: 27.122915029525757
Starting label LEVI, seed 97, iteration 130, time: 29.36927342414856
Starting label LEVI, seed 97, iteration 140, time: 31.719305753707886
Starting label LEVI, seed 97, iteration 150, time: 34.023470640182495
Starting label LEVI, seed 97, iteration 160, time: 36.215877294540405
Starting label LEVI, seed 97, iteration 170, time: 38.4693660736084
Starting label LEVI, seed 97, iteration 180, time: 40.99029588699341
Starting label LEVI, seed 97, iteration 190, time: 43.18924045562744
Starting label LEVI, seed 97, iteration 200, time: 45.43539214134216
Starting label LEVI, seed 97, iteration 210, time: 47.983307123184204
Starting label LEVI, seed 97, iteration 220, time: 50.31558847427368
Starting label LEVI, seed 97, iteration 230, time: 52.683982610702515
Starting label LEVI, seed 97, iteration 240, time: 55.02257061004639
Starting label LEVI, seed 97, iteration 250, time: 57.34948229789734
Starting label LEVI, seed 97, iteration 260, time: 59.61071753501892
Starting label LEVI, seed 97, iteration 270, time: 61.853116273880005
Starting label LEVI, seed 97, iteration 280, time: 64.16830348968506
Starting label LEVI, seed 97, iteration 290, time: 66.465252161026
Starting label LEVI, seed 97, iteration 300, time: 68.77143335342407
Starting label LEVI, seed 97, iteration 310, time: 71.27818965911865
Starting label LEVI, seed 97, iteration 320, time: 73.67246699333191
Starting label LEVI, seed 97, iteration 330, time: 76.1245367527008
Starting label LEVI, seed 97, iteration 340, time: 78.4787986278534
Starting label LEVI, seed 97, iteration 350, time: 81.30225968360901
Starting label LEVI, seed 97, iteration 360, time: 83.81648302078247
Starting label LEVI, seed 97, iteration 370, time: 86.28827857971191
Starting label LEVI, seed 97, iteration 380, time: 88.77039313316345
Starting label LEVI, seed 97, iteration 390, time: 91.36781644821167
Starting label LEVI, seed 97, iteration 400, time: 93.83653402328491
Starting label LEVI, seed 97, iteration 410, time: 96.23460245132446
Starting label LEVI, seed 97, iteration 420, time: 98.76384043693542
Starting label LEVI, seed 97, iteration 430, time: 101.16615867614746
Starting label LEVI, seed 97, iteration 440, time: 103.58785486221313
Starting label LEVI, seed 97, iteration 450, time: 106.08674740791321
Starting label LEVI, seed 97, iteration 460, time: 108.6028745174408
Starting label LEVI, seed 97, iteration 470, time: 111.1828670501709
Starting label LEVI, seed 97, iteration 480, time: 113.86991930007935
Starting label LEVI, seed 97, iteration 490, time: 116.41443920135498
Starting label LEVI, seed 97, iteration 500, time: 118.95346808433533
Starting label LEVI, seed 97, iteration 510, time: 121.49247145652771
Starting label LEVI, seed 97, iteration 520, time: 123.98765182495117
Starting label LEVI, seed 97, iteration 530, time: 126.46765184402466
Starting label LEVI, seed 97, iteration 540, time: 128.96735429763794
Starting label LEVI, seed 97, iteration 550, time: 131.55886888504028
Starting label LEVI, seed 97, iteration 560, time: 134.48876976966858
Starting label LEVI, seed 97, iteration 570, time: 137.2444887161255
Starting label LEVI, seed 97, iteration 580, time: 139.84485244750977
Starting label LEVI, seed 97, iteration 590, time: 142.45843267440796
Starting label LEVI, seed 97, iteration 600, time: 145.13228178024292
Starting label LEVI, seed 97, iteration 610, time: 147.82008862495422
Starting label LEVI, seed 97, iteration 620, time: 150.56593871116638
Starting label LEVI, seed 97, iteration 630, time: 153.25986623764038
Starting label LEVI, seed 97, iteration 640, time: 156.1015021800995
Starting label LEVI, seed 97, iteration 650, time: 158.81461238861084
Starting label LEVI, seed 97, iteration 660, time: 161.61532926559448
Starting label LEVI, seed 97, iteration 670, time: 164.23298859596252
Starting label LEVI, seed 97, iteration 680, time: 166.88754415512085
Starting label LEVI, seed 97, iteration 690, time: 169.62869095802307
Starting label LEVI, seed 97, iteration 700, time: 172.43805384635925
Starting label LEVI, seed 97, iteration 710, time: 175.3015320301056
Starting label LEVI, seed 97, iteration 720, time: 178.13943910598755
Starting label LEVI, seed 97, iteration 730, time: 181.12634801864624
Starting label LEVI, seed 97, iteration 740, time: 183.9861273765564
Starting label LEVI, seed 97, iteration 750, time: 186.8165044784546
Starting label LEVI, seed 97, iteration 760, time: 189.72727608680725
Starting label LEVI, seed 97, iteration 770, time: 192.64839887619019
Starting label LEVI, seed 97, iteration 780, time: 195.61796855926514
Starting label LEVI, seed 97, iteration 790, time: 198.71902441978455
Starting label LEVI, seed 97, iteration 800, time: 201.8044171333313
Starting label LEVI, seed 97, iteration 810, time: 204.9004304409027
Starting label LEVI, seed 97, iteration 820, time: 207.83255910873413
Starting label LEVI, seed 97, iteration 830, time: 210.73923420906067
Starting label LEVI, seed 97, iteration 840, time: 213.84611010551453
Starting label LEVI, seed 97, iteration 850, time: 216.8541021347046
Starting label LEVI, seed 97, iteration 860, time: 220.05616426467896
Starting label LEVI, seed 97, iteration 870, time: 223.13988733291626
Starting label LEVI, seed 97, iteration 880, time: 226.2371847629547
Starting label LEVI, seed 97, iteration 890, time: 229.25913405418396
Starting label LEVI, seed 97, iteration 900, time: 232.49421191215515
Starting label LEVI, seed 97, iteration 910, time: 235.46962308883667
Starting label LEVI, seed 97, iteration 920, time: 238.50204014778137
Starting label LEVI, seed 97, iteration 930, time: 241.8346688747406
Starting label LEVI, seed 97, iteration 940, time: 245.18905305862427
Starting label LEVI, seed 97, iteration 950, time: 248.51717829704285
Starting label LEVI, seed 97, iteration 960, time: 251.7602140903473
Starting label LEVI, seed 97, iteration 970, time: 254.95572328567505
Starting label LEVI, seed 97, iteration 980, time: 258.5267369747162
Starting label LEVI, seed 97, iteration 990, time: 262.04231309890747
Starting label LEVI, seed 97, iteration 1000, time: 265.6498692035675
Starting label LEVI, seed 97, iteration 1010, time: 269.1390826702118
Starting label LEVI, seed 97, iteration 1020, time: 272.6555540561676
Starting label LEVI, seed 97, iteration 1030, time: 276.1940221786499
Starting label LEVI, seed 97, iteration 1040, time: 279.854962348938
Starting label LEVI, seed 97, iteration 1050, time: 283.4439706802368
Starting label LEVI, seed 97, iteration 1060, time: 287.32471323013306
Starting label LEVI, seed 97, iteration 1070, time: 290.9388098716736
Starting label LEVI, seed 97, iteration 1080, time: 294.45397686958313
Starting label LEVI, seed 97, iteration 1090, time: 298.13467741012573
Starting label LEVI, seed 97, iteration 1100, time: 301.8201677799225
Starting label LEVI, seed 97, iteration 1110, time: 305.4233810901642
Starting label LEVI, seed 97, iteration 1120, time: 309.17975997924805
Starting label LEVI, seed 97, iteration 1130, time: 313.13832330703735
Starting label LEVI, seed 97, iteration 1140, time: 317.19603872299194
Starting label LEVI, seed 97, iteration 1150, time: 321.09944677352905
Starting label LEVI, seed 97, iteration 1160, time: 324.8075213432312
Starting label LEVI, seed 97, iteration 1170, time: 328.5264148712158
Starting label LEVI, seed 97, iteration 1180, time: 332.2590141296387
Starting label LEVI, seed 97, iteration 1190, time: 336.06665539741516
Starting label LEVI, seed 97, iteration 1200, time: 339.8639860153198
Starting label LEVI, seed 97, iteration 1210, time: 343.55830454826355
Starting label LEVI, seed 97, iteration 1220, time: 347.43114948272705
Starting label LEVI, seed 97, iteration 1230, time: 351.508638381958
Starting label LEVI, seed 97, iteration 1240, time: 355.3844621181488
Starting label LEVI, seed 97, iteration 1250, time: 359.3363935947418
Starting label LEVI, seed 97, iteration 1260, time: 363.28894567489624
Starting label LEVI, seed 97, iteration 1270, time: 367.2849018573761
Starting label LEVI, seed 97, iteration 1280, time: 371.3927552700043
Starting label LEVI, seed 97, iteration 1290, time: 375.4531569480896
Starting label LEVI, seed 97, iteration 1300, time: 379.64887857437134
Starting label LEVI, seed 97, iteration 1310, time: 384.01628494262695
Starting label LEVI, seed 97, iteration 1320, time: 388.5405945777893
Starting label LEVI, seed 97, iteration 1330, time: 392.80947947502136
Starting label LEVI, seed 97, iteration 1340, time: 397.1404402256012
Starting label LEVI, seed 97, iteration 1350, time: 401.7229473590851
Starting label LEVI, seed 97, iteration 1360, time: 406.3486051559448
Starting label LEVI, seed 97, iteration 1370, time: 410.94469571113586
Starting label LEVI, seed 97, iteration 1380, time: 415.73987650871277
Starting label LEVI, seed 97, iteration 1390, time: 420.494033575058
Starting label LEVI, seed 97, iteration 1400, time: 425.35480761528015
Starting label LEVI, seed 97, iteration 1410, time: 429.9962604045868
Starting label LEVI, seed 97, iteration 1420, time: 434.4807860851288
Starting label LEVI, seed 97, iteration 1430, time: 438.8803849220276
Starting label LEVI, seed 97, iteration 1440, time: 443.5466923713684
Starting label LEVI, seed 97, iteration 1450, time: 448.1664526462555
Starting label LEVI, seed 97, iteration 1460, time: 452.8694734573364
Starting label LEVI, seed 97, iteration 1470, time: 458.0688376426697
Starting label LEVI, seed 97, iteration 1480, time: 462.97056579589844
Starting label LEVI, seed 97, iteration 1490, time: 467.79978823661804
Starting label LEVI, seed 97, iteration 1500, time: 472.88322925567627
Starting label LEVI, seed 97, iteration 1510, time: 478.0482177734375
Starting label LEVI, seed 97, iteration 1520, time: 482.8651921749115
Starting label LEVI, seed 97, iteration 1530, time: 488.02277183532715
Starting label LEVI, seed 97, iteration 1540, time: 493.2429976463318
Starting label LEVI, seed 97, iteration 1550, time: 498.561646938324
Starting label LEVI, seed 97, iteration 1560, time: 503.90458583831787
Starting label LEVI, seed 97, iteration 1570, time: 509.23810052871704
Starting label LEVI, seed 97, iteration 1580, time: 514.5370562076569
Starting label LEVI, seed 97, iteration 1590, time: 519.9693591594696
Starting label LEVI, seed 97, iteration 1600, time: 524.8568785190582
Starting label LEVI, seed 97, iteration 1610, time: 530.1094915866852
Starting label LEVI, seed 97, iteration 1620, time: 535.4302232265472
Starting label LEVI, seed 97, iteration 1630, time: 540.9347403049469
Starting label LEVI, seed 97, iteration 1640, time: 546.4203617572784
Starting label LEVI, seed 97, iteration 1650, time: 552.0779213905334
Starting label LEVI, seed 97, iteration 1660, time: 557.4185111522675
Starting label LEVI, seed 97, iteration 1670, time: 562.8672151565552
Starting label LEVI, seed 97, iteration 1680, time: 568.3276979923248
Starting label LEVI, seed 97, iteration 1690, time: 574.0291707515717
Starting label LEVI, seed 97, iteration 1700, time: 579.7815675735474
Starting label LEVI, seed 97, iteration 1710, time: 585.8303294181824
Starting label LEVI, seed 97, iteration 1720, time: 591.8865551948547
Starting label LEVI, seed 97, iteration 1730, time: 597.8794150352478
Starting label LEVI, seed 97, iteration 1740, time: 603.3579018115997
Starting label LEVI, seed 97, iteration 1750, time: 608.3166534900665
Starting label LEVI, seed 97, iteration 1760, time: 613.379011631012
Starting label LEVI, seed 97, iteration 1770, time: 618.5485739707947
Starting label LEVI, seed 97, iteration 1780, time: 623.6762478351593
Starting label LEVI, seed 97, iteration 1790, time: 628.6751730442047
Starting label LEVI, seed 97, iteration 1800, time: 633.6636226177216
Starting label LEVI, seed 97, iteration 1810, time: 638.6710863113403
Starting label LEVI, seed 97, iteration 1820, time: 643.5665414333344
Starting label LEVI, seed 97, iteration 1830, time: 648.6391613483429
Starting label LEVI, seed 97, iteration 1840, time: 653.6563308238983
Starting label LEVI, seed 97, iteration 1850, time: 658.784375667572
Starting label LEVI, seed 97, iteration 1860, time: 664.0830178260803
Starting label LEVI, seed 97, iteration 1870, time: 669.8121094703674
Starting label LEVI, seed 97, iteration 1880, time: 675.4887363910675
Starting label LEVI, seed 97, iteration 1890, time: 681.3444626331329
Starting label LEVI, seed 97, iteration 1900, time: 687.5252785682678
Starting label LEVI, seed 97, iteration 1910, time: 692.9358925819397
Starting label LEVI, seed 97, iteration 1920, time: 698.274409532547
Starting label LEVI, seed 97, iteration 1930, time: 703.8618206977844
Starting label LEVI, seed 97, iteration 1940, time: 709.5259697437286
Starting label LEVI, seed 97, iteration 1950, time: 715.3090355396271
Starting label LEVI, seed 97, iteration 1960, time: 720.9973678588867
Starting label LEVI, seed 97, iteration 1970, time: 726.980539560318
submitit WARNING (2022-10-02 00:02:24,216) - Bypassing signal SIGCONT
submitit WARNING (2022-10-02 00:02:24,285) - Bypassing signal SIGTERM
Starting label LEVI, seed 97, iteration 1980, time: 732.873503446579
Starting label LEVI, seed 97, iteration 1990, time: 739.0545015335083
submitit INFO (2022-10-02 00:02:39,734) - Job completed successfully
