submitit INFO (2022-10-02 13:27:12,777) - Starting with JobEnvironment(job_id=884561_2, hostname=ellis-compute-01.cs.cornell.edu, local_rank=0(1), node=0(1), global_rank=0(1))
submitit INFO (2022-10-02 13:27:12,778) - Loading pickle: /home/gid-cakmaks/contextual_rs/experiments/wsc_experiments/logs/884561_2/884561_2_submitted.pkl
Appending iterations to existing output!Warning: If parameters other than `iterations` have been changed, this will corrupt the output!
Starting label LEVI, seed 42, iteration 780, time: 318.0574834346771
Starting label LEVI, seed 42, iteration 790, time: 323.3166763782501
Starting label LEVI, seed 42, iteration 800, time: 328.5933635234833
Starting label LEVI, seed 42, iteration 810, time: 333.80059242248535
Starting label LEVI, seed 42, iteration 820, time: 338.9358148574829
Starting label LEVI, seed 42, iteration 830, time: 344.28417444229126
Starting label LEVI, seed 42, iteration 840, time: 349.37884545326233
Starting label LEVI, seed 42, iteration 850, time: 354.8073818683624
Starting label LEVI, seed 42, iteration 860, time: 360.11317229270935
Starting label LEVI, seed 42, iteration 870, time: 365.3115990161896
Starting label LEVI, seed 42, iteration 880, time: 370.5743055343628
Starting label LEVI, seed 42, iteration 890, time: 376.2644956111908
Starting label LEVI, seed 42, iteration 900, time: 381.7338123321533
Starting label LEVI, seed 42, iteration 910, time: 387.43718814849854
Starting label LEVI, seed 42, iteration 920, time: 392.7210729122162
Starting label LEVI, seed 42, iteration 930, time: 398.30379271507263
Starting label LEVI, seed 42, iteration 940, time: 403.66176438331604
Starting label LEVI, seed 42, iteration 950, time: 408.8494927883148
Starting label LEVI, seed 42, iteration 960, time: 414.25929713249207
Starting label LEVI, seed 42, iteration 970, time: 419.5989773273468
Starting label LEVI, seed 42, iteration 980, time: 425.2781720161438
Starting label LEVI, seed 42, iteration 990, time: 430.9146041870117
Starting label LEVI, seed 42, iteration 1000, time: 436.2757828235626
Starting label LEVI, seed 42, iteration 1010, time: 442.00049233436584
Starting label LEVI, seed 42, iteration 1020, time: 447.80610370635986
Starting label LEVI, seed 42, iteration 1030, time: 453.5021560192108
Starting label LEVI, seed 42, iteration 1040, time: 459.1311445236206
Starting label LEVI, seed 42, iteration 1050, time: 464.8187861442566
Starting label LEVI, seed 42, iteration 1060, time: 470.4217007160187
Starting label LEVI, seed 42, iteration 1070, time: 475.6215741634369
Starting label LEVI, seed 42, iteration 1080, time: 481.4944574832916
Starting label LEVI, seed 42, iteration 1090, time: 487.5714063644409
Starting label LEVI, seed 42, iteration 1100, time: 493.55415439605713
Starting label LEVI, seed 42, iteration 1110, time: 499.29894375801086
Starting label LEVI, seed 42, iteration 1120, time: 505.1684114933014
Starting label LEVI, seed 42, iteration 1130, time: 511.2284209728241
Starting label LEVI, seed 42, iteration 1140, time: 517.5378875732422
Starting label LEVI, seed 42, iteration 1150, time: 523.8804821968079
Starting label LEVI, seed 42, iteration 1160, time: 530.0592601299286
Starting label LEVI, seed 42, iteration 1170, time: 535.9262883663177
Starting label LEVI, seed 42, iteration 1180, time: 542.2254936695099
Starting label LEVI, seed 42, iteration 1190, time: 548.2536942958832
Starting label LEVI, seed 42, iteration 1200, time: 554.4832932949066
Starting label LEVI, seed 42, iteration 1210, time: 561.0642931461334
Starting label LEVI, seed 42, iteration 1220, time: 567.7414417266846
Starting label LEVI, seed 42, iteration 1230, time: 574.2634611129761
Starting label LEVI, seed 42, iteration 1240, time: 580.7453305721283
Starting label LEVI, seed 42, iteration 1250, time: 586.9648170471191
Starting label LEVI, seed 42, iteration 1260, time: 593.4214973449707
Starting label LEVI, seed 42, iteration 1270, time: 600.3363125324249
Starting label LEVI, seed 42, iteration 1280, time: 606.885576248169
Starting label LEVI, seed 42, iteration 1290, time: 614.2038621902466
Starting label LEVI, seed 42, iteration 1300, time: 620.9025909900665
Starting label LEVI, seed 42, iteration 1310, time: 627.3432676792145
Starting label LEVI, seed 42, iteration 1320, time: 633.5107700824738
Starting label LEVI, seed 42, iteration 1330, time: 639.8593018054962
Starting label LEVI, seed 42, iteration 1340, time: 646.6585612297058
Starting label LEVI, seed 42, iteration 1350, time: 653.5064377784729
Starting label LEVI, seed 42, iteration 1360, time: 660.198664188385
Starting label LEVI, seed 42, iteration 1370, time: 667.4689934253693
Starting label LEVI, seed 42, iteration 1380, time: 674.222615480423
Starting label LEVI, seed 42, iteration 1390, time: 681.5133001804352
Starting label LEVI, seed 42, iteration 1400, time: 688.9569435119629
Starting label LEVI, seed 42, iteration 1410, time: 695.9651882648468
Starting label LEVI, seed 42, iteration 1420, time: 703.101818561554
Starting label LEVI, seed 42, iteration 1430, time: 710.7918727397919
Starting label LEVI, seed 42, iteration 1440, time: 717.8841390609741
Starting label LEVI, seed 42, iteration 1450, time: 724.6818408966064
Starting label LEVI, seed 42, iteration 1460, time: 731.8396425247192
Starting label LEVI, seed 42, iteration 1470, time: 738.4711308479309
Starting label LEVI, seed 42, iteration 1480, time: 745.3699061870575
Starting label LEVI, seed 42, iteration 1490, time: 751.9504091739655
Starting label LEVI, seed 42, iteration 1500, time: 758.6056501865387
Starting label LEVI, seed 42, iteration 1510, time: 765.3346002101898
Starting label LEVI, seed 42, iteration 1520, time: 771.948011636734
Starting label LEVI, seed 42, iteration 1530, time: 778.9079849720001
Starting label LEVI, seed 42, iteration 1540, time: 786.2669661045074
Starting label LEVI, seed 42, iteration 1550, time: 793.7201545238495
Starting label LEVI, seed 42, iteration 1560, time: 800.7130184173584
Starting label LEVI, seed 42, iteration 1570, time: 808.3235113620758
Starting label LEVI, seed 42, iteration 1580, time: 816.146169424057
Starting label LEVI, seed 42, iteration 1590, time: 823.7499406337738
Starting label LEVI, seed 42, iteration 1600, time: 830.8398687839508
Starting label LEVI, seed 42, iteration 1610, time: 838.4705708026886
Starting label LEVI, seed 42, iteration 1620, time: 845.961127281189
Starting label LEVI, seed 42, iteration 1630, time: 853.8500156402588
Starting label LEVI, seed 42, iteration 1640, time: 861.7748694419861
Starting label LEVI, seed 42, iteration 1650, time: 869.4676213264465
Starting label LEVI, seed 42, iteration 1660, time: 877.4462788105011
Starting label LEVI, seed 42, iteration 1670, time: 884.8031435012817
Starting label LEVI, seed 42, iteration 1680, time: 892.3274693489075
Starting label LEVI, seed 42, iteration 1690, time: 899.7719309329987
Starting label LEVI, seed 42, iteration 1700, time: 907.5814373493195
Starting label LEVI, seed 42, iteration 1710, time: 915.5134365558624
Starting label LEVI, seed 42, iteration 1720, time: 923.5139117240906
Starting label LEVI, seed 42, iteration 1730, time: 931.506829738617
Starting label LEVI, seed 42, iteration 1740, time: 939.2692310810089
Starting label LEVI, seed 42, iteration 1750, time: 946.9604902267456
Starting label LEVI, seed 42, iteration 1760, time: 954.7124106884003
Starting label LEVI, seed 42, iteration 1770, time: 962.6829574108124
Starting label LEVI, seed 42, iteration 1780, time: 970.8227479457855
Starting label LEVI, seed 42, iteration 1790, time: 979.0747270584106
Starting label LEVI, seed 42, iteration 1800, time: 986.5680816173553
Starting label LEVI, seed 42, iteration 1810, time: 994.960120677948
Starting label LEVI, seed 42, iteration 1820, time: 1002.6724181175232
Starting label LEVI, seed 42, iteration 1830, time: 1011.0890855789185
Starting label LEVI, seed 42, iteration 1840, time: 1019.0561482906342
Starting label LEVI, seed 42, iteration 1850, time: 1026.8546524047852
Starting label LEVI, seed 42, iteration 1860, time: 1034.806151151657
Starting label LEVI, seed 42, iteration 1870, time: 1043.745200395584
Starting label LEVI, seed 42, iteration 1880, time: 1051.7323138713837
Starting label LEVI, seed 42, iteration 1890, time: 1060.1955506801605
Starting label LEVI, seed 42, iteration 1900, time: 1068.3259897232056
Starting label LEVI, seed 42, iteration 1910, time: 1076.84312915802
Starting label LEVI, seed 42, iteration 1920, time: 1085.24324965477
Starting label LEVI, seed 42, iteration 1930, time: 1093.5672931671143
Starting label LEVI, seed 42, iteration 1940, time: 1101.5817232131958
Starting label LEVI, seed 42, iteration 1950, time: 1109.4610641002655
Starting label LEVI, seed 42, iteration 1960, time: 1117.6621599197388
Starting label LEVI, seed 42, iteration 1970, time: 1125.40793466568
Starting label LEVI, seed 42, iteration 1980, time: 1133.0942606925964
Starting label LEVI, seed 42, iteration 1990, time: 1140.7923293113708
submitit INFO (2022-10-02 13:41:06,461) - Job completed successfully
