submitit INFO (2022-10-02 01:45:46,544) - Starting with JobEnvironment(job_id=883481_7, hostname=joachims-compute-02.cs.cornell.edu, local_rank=0(1), node=0(1), global_rank=0(1))
submitit INFO (2022-10-02 01:45:46,544) - Loading pickle: /home/gid-cakmaks/contextual_rs/experiments/wsc_experiments/logs/883481_7/883481_7_submitted.pkl
Starting label LEVI, seed 87, iteration 0, time: 0.0004925727844238281
Starting label LEVI, seed 87, iteration 10, time: 3.9180831909179688
Starting label LEVI, seed 87, iteration 20, time: 7.902278423309326
Starting label LEVI, seed 87, iteration 30, time: 11.70779299736023
Starting label LEVI, seed 87, iteration 40, time: 15.482273578643799
Starting label LEVI, seed 87, iteration 50, time: 19.216747045516968
Starting label LEVI, seed 87, iteration 60, time: 23.086751699447632
Starting label LEVI, seed 87, iteration 70, time: 27.047699689865112
Starting label LEVI, seed 87, iteration 80, time: 31.186794996261597
Starting label LEVI, seed 87, iteration 90, time: 35.40871977806091
Starting label LEVI, seed 87, iteration 100, time: 39.85243535041809
Starting label LEVI, seed 87, iteration 110, time: 44.47875785827637
Starting label LEVI, seed 87, iteration 120, time: 49.136443853378296
Starting label LEVI, seed 87, iteration 130, time: 53.923656702041626
Starting label LEVI, seed 87, iteration 140, time: 58.71126842498779
Starting label LEVI, seed 87, iteration 150, time: 63.37011933326721
Starting label LEVI, seed 87, iteration 160, time: 68.08139157295227
Starting label LEVI, seed 87, iteration 170, time: 72.7850501537323
Starting label LEVI, seed 87, iteration 180, time: 77.76159763336182
Starting label LEVI, seed 87, iteration 190, time: 82.74911975860596
Starting label LEVI, seed 87, iteration 200, time: 87.95638608932495
Starting label LEVI, seed 87, iteration 210, time: 93.01428508758545
Starting label LEVI, seed 87, iteration 220, time: 98.23781085014343
Starting label LEVI, seed 87, iteration 230, time: 103.9985899925232
Starting label LEVI, seed 87, iteration 240, time: 109.53202962875366
Starting label LEVI, seed 87, iteration 250, time: 115.18842792510986
Starting label LEVI, seed 87, iteration 260, time: 120.74407267570496
Starting label LEVI, seed 87, iteration 270, time: 126.37393021583557
Starting label LEVI, seed 87, iteration 280, time: 131.82377123832703
Starting label LEVI, seed 87, iteration 290, time: 137.41333198547363
Starting label LEVI, seed 87, iteration 300, time: 142.778386592865
Starting label LEVI, seed 87, iteration 310, time: 148.29032683372498
Starting label LEVI, seed 87, iteration 320, time: 153.81687712669373
Starting label LEVI, seed 87, iteration 330, time: 159.25857067108154
Starting label LEVI, seed 87, iteration 340, time: 164.70685863494873
Starting label LEVI, seed 87, iteration 350, time: 170.32096457481384
Starting label LEVI, seed 87, iteration 360, time: 175.98939776420593
Starting label LEVI, seed 87, iteration 370, time: 181.77948236465454
Starting label LEVI, seed 87, iteration 380, time: 187.64291334152222
Starting label LEVI, seed 87, iteration 390, time: 193.54829955101013
Starting label LEVI, seed 87, iteration 400, time: 199.74029779434204
Starting label LEVI, seed 87, iteration 410, time: 205.91093134880066
Starting label LEVI, seed 87, iteration 420, time: 211.9350357055664
submitit WARNING (2022-10-02 01:49:22,428) - Bypassing signal SIGCONT
submitit WARNING (2022-10-02 01:49:22,430) - Bypassing signal SIGTERM
Starting label LEVI, seed 87, iteration 430, time: 218.17684817314148
Starting label LEVI, seed 87, iteration 440, time: 224.29394841194153
Starting label LEVI, seed 87, iteration 450, time: 230.2578935623169
Starting label LEVI, seed 87, iteration 460, time: 236.26089143753052
Starting label LEVI, seed 87, iteration 470, time: 242.29653096199036
