submitit INFO (2022-10-02 00:50:19,130) - Starting with JobEnvironment(job_id=883293_0, hostname=nikola-compute-02.cs.cornell.edu, local_rank=0(1), node=0(1), global_rank=0(1))
submitit INFO (2022-10-02 00:50:19,130) - Loading pickle: /home/gid-cakmaks/contextual_rs/experiments/wsc_experiments/logs/883293_0/883293_0_submitted.pkl
Starting label LEVI, seed 70, iteration 0, time: 0.0005540847778320312
Starting label LEVI, seed 70, iteration 10, time: 2.848477840423584
Starting label LEVI, seed 70, iteration 20, time: 5.5704123973846436
Starting label LEVI, seed 70, iteration 30, time: 8.370257377624512
Starting label LEVI, seed 70, iteration 40, time: 11.152894258499146
Starting label LEVI, seed 70, iteration 50, time: 13.910579442977905
Starting label LEVI, seed 70, iteration 60, time: 16.751927852630615
Starting label LEVI, seed 70, iteration 70, time: 19.576050996780396
Starting label LEVI, seed 70, iteration 80, time: 22.36237359046936
Starting label LEVI, seed 70, iteration 90, time: 25.11871027946472
Starting label LEVI, seed 70, iteration 100, time: 28.148359298706055
Starting label LEVI, seed 70, iteration 110, time: 31.169952869415283
Starting label LEVI, seed 70, iteration 120, time: 34.26140832901001
Starting label LEVI, seed 70, iteration 130, time: 37.26283669471741
Starting label LEVI, seed 70, iteration 140, time: 40.47054648399353
Starting label LEVI, seed 70, iteration 150, time: 43.625837326049805
Starting label LEVI, seed 70, iteration 160, time: 46.5407555103302
Starting label LEVI, seed 70, iteration 170, time: 49.54050087928772
Starting label LEVI, seed 70, iteration 180, time: 52.62617349624634
Starting label LEVI, seed 70, iteration 190, time: 55.62095355987549
Starting label LEVI, seed 70, iteration 200, time: 58.596163272857666
Starting label LEVI, seed 70, iteration 210, time: 61.53220748901367
Starting label LEVI, seed 70, iteration 220, time: 64.45897221565247
Starting label LEVI, seed 70, iteration 230, time: 67.3880033493042
Starting label LEVI, seed 70, iteration 240, time: 70.35450029373169
Starting label LEVI, seed 70, iteration 250, time: 73.28371357917786
Starting label LEVI, seed 70, iteration 260, time: 76.27950382232666
Starting label LEVI, seed 70, iteration 270, time: 79.18947410583496
Starting label LEVI, seed 70, iteration 280, time: 82.12421894073486
Starting label LEVI, seed 70, iteration 290, time: 85.04721570014954
Starting label LEVI, seed 70, iteration 300, time: 88.09105849266052
Starting label LEVI, seed 70, iteration 310, time: 91.21766996383667
Starting label LEVI, seed 70, iteration 320, time: 94.19869208335876
Starting label LEVI, seed 70, iteration 330, time: 97.24546003341675
Starting label LEVI, seed 70, iteration 340, time: 100.25321245193481
Starting label LEVI, seed 70, iteration 350, time: 103.15659928321838
Starting label LEVI, seed 70, iteration 360, time: 106.18930840492249
Starting label LEVI, seed 70, iteration 370, time: 109.19113659858704
Starting label LEVI, seed 70, iteration 380, time: 112.22717523574829
Starting label LEVI, seed 70, iteration 390, time: 115.44206166267395
Starting label LEVI, seed 70, iteration 400, time: 118.51866888999939
Starting label LEVI, seed 70, iteration 410, time: 121.40583753585815
Starting label LEVI, seed 70, iteration 420, time: 124.40661859512329
Starting label LEVI, seed 70, iteration 430, time: 127.487783908844
Starting label LEVI, seed 70, iteration 440, time: 130.53283977508545
Starting label LEVI, seed 70, iteration 450, time: 133.58564805984497
Starting label LEVI, seed 70, iteration 460, time: 136.75763487815857
Starting label LEVI, seed 70, iteration 470, time: 139.91641092300415
Starting label LEVI, seed 70, iteration 480, time: 142.95113277435303
Starting label LEVI, seed 70, iteration 490, time: 145.9574544429779
Starting label LEVI, seed 70, iteration 500, time: 148.96010160446167
Starting label LEVI, seed 70, iteration 510, time: 152.07635164260864
Starting label LEVI, seed 70, iteration 520, time: 155.29946970939636
Starting label LEVI, seed 70, iteration 530, time: 158.59212613105774
Starting label LEVI, seed 70, iteration 540, time: 161.78332233428955
Starting label LEVI, seed 70, iteration 550, time: 164.8453483581543
Starting label LEVI, seed 70, iteration 560, time: 168.31394624710083
Starting label LEVI, seed 70, iteration 570, time: 171.62702870368958
Starting label LEVI, seed 70, iteration 580, time: 175.09367418289185
Starting label LEVI, seed 70, iteration 590, time: 178.45655035972595
Starting label LEVI, seed 70, iteration 600, time: 181.82054209709167
Starting label LEVI, seed 70, iteration 610, time: 185.20089673995972
Starting label LEVI, seed 70, iteration 620, time: 188.50354743003845
Starting label LEVI, seed 70, iteration 630, time: 192.12639927864075
Starting label LEVI, seed 70, iteration 640, time: 195.6311206817627
Starting label LEVI, seed 70, iteration 650, time: 199.1631121635437
Starting label LEVI, seed 70, iteration 660, time: 202.60422039031982
Starting label LEVI, seed 70, iteration 670, time: 206.1074275970459
Starting label LEVI, seed 70, iteration 680, time: 209.52124643325806
Starting label LEVI, seed 70, iteration 690, time: 213.24896478652954
Starting label LEVI, seed 70, iteration 700, time: 217.06739282608032
Starting label LEVI, seed 70, iteration 710, time: 220.86451983451843
Starting label LEVI, seed 70, iteration 720, time: 224.80613207817078
Starting label LEVI, seed 70, iteration 730, time: 228.56796169281006
Starting label LEVI, seed 70, iteration 740, time: 232.16042184829712
Starting label LEVI, seed 70, iteration 750, time: 235.92636036872864
Starting label LEVI, seed 70, iteration 760, time: 239.69533348083496
Starting label LEVI, seed 70, iteration 770, time: 243.84567999839783
Starting label LEVI, seed 70, iteration 780, time: 247.6219277381897
Starting label LEVI, seed 70, iteration 790, time: 251.47285532951355
Starting label LEVI, seed 70, iteration 800, time: 255.55773425102234
Starting label LEVI, seed 70, iteration 810, time: 259.6924364566803
Starting label LEVI, seed 70, iteration 820, time: 263.97950315475464
Starting label LEVI, seed 70, iteration 830, time: 267.8831629753113
Starting label LEVI, seed 70, iteration 840, time: 272.1270799636841
Starting label LEVI, seed 70, iteration 850, time: 276.55483055114746
Starting label LEVI, seed 70, iteration 860, time: 280.88146018981934
Starting label LEVI, seed 70, iteration 870, time: 285.2353994846344
Starting label LEVI, seed 70, iteration 880, time: 289.3641571998596
Starting label LEVI, seed 70, iteration 890, time: 293.7856299877167
Starting label LEVI, seed 70, iteration 900, time: 298.0016541481018
Starting label LEVI, seed 70, iteration 910, time: 302.2133011817932
Starting label LEVI, seed 70, iteration 920, time: 306.7218761444092
Starting label LEVI, seed 70, iteration 930, time: 311.09615087509155
Starting label LEVI, seed 70, iteration 940, time: 315.83234119415283
Starting label LEVI, seed 70, iteration 950, time: 320.5427165031433
Starting label LEVI, seed 70, iteration 960, time: 325.1859335899353
Starting label LEVI, seed 70, iteration 970, time: 329.54293179512024
submitit WARNING (2022-10-02 00:55:52,018) - Bypassing signal SIGCONT
submitit WARNING (2022-10-02 00:55:52,021) - Bypassing signal SIGTERM
Starting label LEVI, seed 70, iteration 980, time: 334.7043995857239
Starting label LEVI, seed 70, iteration 990, time: 339.4401319026947
Starting label LEVI, seed 70, iteration 1000, time: 344.11374139785767
Starting label LEVI, seed 70, iteration 1010, time: 348.9613435268402
Starting label LEVI, seed 70, iteration 1020, time: 354.0912835597992
Starting label LEVI, seed 70, iteration 1030, time: 358.9300651550293
