submitit INFO (2022-10-02 13:27:02,277) - Starting with JobEnvironment(job_id=884551_2, hostname=lecun.cs.cornell.edu, local_rank=0(1), node=0(1), global_rank=0(1))
submitit INFO (2022-10-02 13:27:02,278) - Loading pickle: /home/gid-cakmaks/contextual_rs/experiments/wsc_experiments/logs/884551_2/884551_2_submitted.pkl
Appending iterations to existing output!Warning: If parameters other than `iterations` have been changed, this will corrupt the output!
Starting label LEVI, seed 32, iteration 470, time: 326.35731077194214
Starting label LEVI, seed 32, iteration 480, time: 342.1713442802429
Starting label LEVI, seed 32, iteration 490, time: 357.30540347099304
Starting label LEVI, seed 32, iteration 500, time: 370.164333820343
Starting label LEVI, seed 32, iteration 510, time: 376.7287185192108
Starting label LEVI, seed 32, iteration 520, time: 383.5418133735657
Starting label LEVI, seed 32, iteration 530, time: 390.0535771846771
Starting label LEVI, seed 32, iteration 540, time: 400.0218062400818
Starting label LEVI, seed 32, iteration 550, time: 429.48144793510437
Starting label LEVI, seed 32, iteration 560, time: 466.464718580246
Starting label LEVI, seed 32, iteration 570, time: 548.39151263237
Starting label LEVI, seed 32, iteration 580, time: 580.6292898654938
Starting label LEVI, seed 32, iteration 590, time: 588.3503570556641
Starting label LEVI, seed 32, iteration 600, time: 647.7477097511292
Starting label LEVI, seed 32, iteration 610, time: 702.7795956134796
Starting label LEVI, seed 32, iteration 620, time: 772.2876932621002
Starting label LEVI, seed 32, iteration 630, time: 828.3626356124878
Starting label LEVI, seed 32, iteration 640, time: 902.4821653366089
Starting label LEVI, seed 32, iteration 650, time: 980.9261045455933
Starting label LEVI, seed 32, iteration 660, time: 1058.6029877662659
Starting label LEVI, seed 32, iteration 670, time: 1121.925095319748
Starting label LEVI, seed 32, iteration 680, time: 1199.5693366527557
Starting label LEVI, seed 32, iteration 690, time: 1236.1513786315918
Starting label LEVI, seed 32, iteration 700, time: 1271.2122976779938
Starting label LEVI, seed 32, iteration 710, time: 1332.2701659202576
Starting label LEVI, seed 32, iteration 720, time: 1397.0096726417542
Starting label LEVI, seed 32, iteration 730, time: 1480.8942604064941
Starting label LEVI, seed 32, iteration 740, time: 1560.7642014026642
Starting label LEVI, seed 32, iteration 750, time: 1642.5609855651855
Starting label LEVI, seed 32, iteration 760, time: 1723.8692479133606
Starting label LEVI, seed 32, iteration 770, time: 1844.072903394699
Starting label LEVI, seed 32, iteration 780, time: 1974.2356142997742
Starting label LEVI, seed 32, iteration 790, time: 2079.6569237709045
Starting label LEVI, seed 32, iteration 800, time: 2205.18625164032
Starting label LEVI, seed 32, iteration 810, time: 2305.056183576584
Starting label LEVI, seed 32, iteration 820, time: 2430.5918357372284
Starting label LEVI, seed 32, iteration 830, time: 2542.9481630325317
Starting label LEVI, seed 32, iteration 840, time: 2673.737985610962
Starting label LEVI, seed 32, iteration 850, time: 2808.326523542404
Starting label LEVI, seed 32, iteration 860, time: 2889.596225976944
Starting label LEVI, seed 32, iteration 870, time: 2999.667104959488
Starting label LEVI, seed 32, iteration 880, time: 3105.0248465538025
Starting label LEVI, seed 32, iteration 890, time: 3206.7943255901337
Starting label LEVI, seed 32, iteration 900, time: 3335.6214277744293
Starting label LEVI, seed 32, iteration 910, time: 3463.731805086136
Starting label LEVI, seed 32, iteration 920, time: 3576.749657869339
Starting label LEVI, seed 32, iteration 930, time: 3715.360389471054
submitit INFO (2022-10-02 14:25:11,726) - Job has timed out. Ran 58 minutes out of requested 60 minutes.
submitit WARNING (2022-10-02 14:25:11,727) - Caught signal SIGUSR2 on lecun.cs.cornell.edu: this job is timed-out.
submitit INFO (2022-10-02 14:25:11,727) - Job not requeued because: timed-out and not checkpointable.
submitit WARNING (2022-10-02 14:25:11,727) - Bypassing signal SIGCONT
submitit ERROR (2022-10-02 14:25:11,746) - Submitted job triggered an exception
