submitit INFO (2022-10-02 01:50:30,421) - Starting with JobEnvironment(job_id=883570_6, hostname=badfellow.cs.cornell.edu, local_rank=0(1), node=0(1), global_rank=0(1))
submitit INFO (2022-10-02 01:50:30,421) - Loading pickle: /home/gid-cakmaks/contextual_rs/experiments/wsc_experiments/logs/883570_6/883570_6_submitted.pkl
Starting label LEVI, seed 56, iteration 0, time: 0.013969659805297852
Starting label LEVI, seed 56, iteration 10, time: 7.385337591171265
Starting label LEVI, seed 56, iteration 20, time: 10.411837100982666
Starting label LEVI, seed 56, iteration 30, time: 13.43618130683899
Starting label LEVI, seed 56, iteration 40, time: 16.467382192611694
Starting label LEVI, seed 56, iteration 50, time: 19.738295316696167
Starting label LEVI, seed 56, iteration 60, time: 23.098700284957886
Starting label LEVI, seed 56, iteration 70, time: 26.489075183868408
Starting label LEVI, seed 56, iteration 80, time: 29.76870322227478
Starting label LEVI, seed 56, iteration 90, time: 33.148701190948486
Starting label LEVI, seed 56, iteration 100, time: 36.440345287323
Starting label LEVI, seed 56, iteration 110, time: 39.78390574455261
Starting label LEVI, seed 56, iteration 120, time: 43.0984046459198
Starting label LEVI, seed 56, iteration 130, time: 46.28742551803589
Starting label LEVI, seed 56, iteration 140, time: 49.502620697021484
Starting label LEVI, seed 56, iteration 150, time: 52.900641441345215
Starting label LEVI, seed 56, iteration 160, time: 56.161611557006836
Starting label LEVI, seed 56, iteration 170, time: 59.38838815689087
Starting label LEVI, seed 56, iteration 180, time: 62.54825282096863
Starting label LEVI, seed 56, iteration 190, time: 65.89489603042603
Starting label LEVI, seed 56, iteration 200, time: 69.2802848815918
Starting label LEVI, seed 56, iteration 210, time: 72.51900172233582
Starting label LEVI, seed 56, iteration 220, time: 75.66632175445557
Starting label LEVI, seed 56, iteration 230, time: 78.9507167339325
Starting label LEVI, seed 56, iteration 240, time: 82.22890210151672
Starting label LEVI, seed 56, iteration 250, time: 85.76037549972534
Starting label LEVI, seed 56, iteration 260, time: 89.19691061973572
Starting label LEVI, seed 56, iteration 270, time: 92.66860127449036
Starting label LEVI, seed 56, iteration 280, time: 96.15763068199158
Starting label LEVI, seed 56, iteration 290, time: 99.52817916870117
Starting label LEVI, seed 56, iteration 300, time: 103.01322770118713
Starting label LEVI, seed 56, iteration 310, time: 106.68308639526367
Starting label LEVI, seed 56, iteration 320, time: 110.35989713668823
Starting label LEVI, seed 56, iteration 330, time: 114.09129357337952
Starting label LEVI, seed 56, iteration 340, time: 118.04423427581787
Starting label LEVI, seed 56, iteration 350, time: 121.82715177536011
Starting label LEVI, seed 56, iteration 360, time: 125.67713141441345
Starting label LEVI, seed 56, iteration 370, time: 129.55303621292114
Starting label LEVI, seed 56, iteration 380, time: 133.41833567619324
Starting label LEVI, seed 56, iteration 390, time: 137.21069478988647
Starting label LEVI, seed 56, iteration 400, time: 141.04427909851074
Starting label LEVI, seed 56, iteration 410, time: 144.81245756149292
Starting label LEVI, seed 56, iteration 420, time: 148.52995944023132
Starting label LEVI, seed 56, iteration 430, time: 152.35891151428223
Starting label LEVI, seed 56, iteration 440, time: 156.00882577896118
Starting label LEVI, seed 56, iteration 450, time: 159.62601804733276
Starting label LEVI, seed 56, iteration 460, time: 163.32758402824402
Starting label LEVI, seed 56, iteration 470, time: 167.01847791671753
Starting label LEVI, seed 56, iteration 480, time: 170.915180683136
Starting label LEVI, seed 56, iteration 490, time: 174.6908574104309
Starting label LEVI, seed 56, iteration 500, time: 178.46464562416077
Starting label LEVI, seed 56, iteration 510, time: 182.38237524032593
Starting label LEVI, seed 56, iteration 520, time: 186.3009738922119
Starting label LEVI, seed 56, iteration 530, time: 190.25344681739807
Starting label LEVI, seed 56, iteration 540, time: 194.34310817718506
Starting label LEVI, seed 56, iteration 550, time: 198.1846625804901
Starting label LEVI, seed 56, iteration 560, time: 202.08229064941406
Starting label LEVI, seed 56, iteration 570, time: 205.933611869812
Starting label LEVI, seed 56, iteration 580, time: 209.83552265167236
Starting label LEVI, seed 56, iteration 590, time: 213.66505885124207
Starting label LEVI, seed 56, iteration 600, time: 217.31553149223328
Starting label LEVI, seed 56, iteration 610, time: 221.22980189323425
Starting label LEVI, seed 56, iteration 620, time: 225.0623161792755
Starting label LEVI, seed 56, iteration 630, time: 228.76789236068726
Starting label LEVI, seed 56, iteration 640, time: 232.4938485622406
Starting label LEVI, seed 56, iteration 650, time: 236.23810338974
Starting label LEVI, seed 56, iteration 660, time: 240.1555097103119
Starting label LEVI, seed 56, iteration 670, time: 243.974200963974
Starting label LEVI, seed 56, iteration 680, time: 248.26894545555115
Starting label LEVI, seed 56, iteration 690, time: 252.57933449745178
Starting label LEVI, seed 56, iteration 700, time: 256.8242857456207
Starting label LEVI, seed 56, iteration 710, time: 260.9944038391113
Starting label LEVI, seed 56, iteration 720, time: 265.398521900177
Starting label LEVI, seed 56, iteration 730, time: 269.60201501846313
Starting label LEVI, seed 56, iteration 740, time: 273.6542601585388
Starting label LEVI, seed 56, iteration 750, time: 278.65888476371765
submitit WARNING (2022-10-02 01:55:12,477) - Bypassing signal SIGCONT
submitit WARNING (2022-10-02 01:55:12,535) - Bypassing signal SIGTERM
Starting label LEVI, seed 56, iteration 760, time: 283.3394424915314
Starting label LEVI, seed 56, iteration 770, time: 287.59856128692627
Starting label LEVI, seed 56, iteration 780, time: 292.1978769302368
Starting label LEVI, seed 56, iteration 790, time: 297.0217900276184
Starting label LEVI, seed 56, iteration 800, time: 301.37549924850464
Starting label LEVI, seed 56, iteration 810, time: 305.3687629699707
Starting label LEVI, seed 56, iteration 820, time: 310.1321656703949
