submitit INFO (2022-10-02 00:56:26,134) - Starting with JobEnvironment(job_id=883347_7, hostname=sablab-gpu-06.ece.cornell.edu, local_rank=0(1), node=0(1), global_rank=0(1))
submitit INFO (2022-10-02 00:56:26,134) - Loading pickle: /home/gid-cakmaks/contextual_rs/experiments/wsc_experiments/logs/883347_7/883347_7_submitted.pkl
Starting label LEVI, seed 27, iteration 0, time: 0.004285097122192383
Starting label LEVI, seed 27, iteration 10, time: 2.8687753677368164
Starting label LEVI, seed 27, iteration 20, time: 5.668184280395508
Starting label LEVI, seed 27, iteration 30, time: 8.510369062423706
Starting label LEVI, seed 27, iteration 40, time: 11.38591742515564
Starting label LEVI, seed 27, iteration 50, time: 14.194681406021118
Starting label LEVI, seed 27, iteration 60, time: 17.095890045166016
Starting label LEVI, seed 27, iteration 70, time: 19.923924446105957
Starting label LEVI, seed 27, iteration 80, time: 22.92283844947815
Starting label LEVI, seed 27, iteration 90, time: 25.879587173461914
Starting label LEVI, seed 27, iteration 100, time: 28.856759071350098
Starting label LEVI, seed 27, iteration 110, time: 31.81008553504944
Starting label LEVI, seed 27, iteration 120, time: 34.79320740699768
Starting label LEVI, seed 27, iteration 130, time: 37.76663684844971
Starting label LEVI, seed 27, iteration 140, time: 40.789557456970215
Starting label LEVI, seed 27, iteration 150, time: 43.657946825027466
Starting label LEVI, seed 27, iteration 160, time: 46.63656282424927
Starting label LEVI, seed 27, iteration 170, time: 49.64801025390625
Starting label LEVI, seed 27, iteration 180, time: 52.724085092544556
Starting label LEVI, seed 27, iteration 190, time: 55.80525827407837
Starting label LEVI, seed 27, iteration 200, time: 58.8761830329895
Starting label LEVI, seed 27, iteration 210, time: 61.90414571762085
Starting label LEVI, seed 27, iteration 220, time: 64.96973323822021
Starting label LEVI, seed 27, iteration 230, time: 67.9532642364502
Starting label LEVI, seed 27, iteration 240, time: 70.98441314697266
Starting label LEVI, seed 27, iteration 250, time: 74.11177897453308
Starting label LEVI, seed 27, iteration 260, time: 77.22916054725647
Starting label LEVI, seed 27, iteration 270, time: 80.37548112869263
Starting label LEVI, seed 27, iteration 280, time: 83.54909062385559
Starting label LEVI, seed 27, iteration 290, time: 86.68456959724426
Starting label LEVI, seed 27, iteration 300, time: 89.85220241546631
Starting label LEVI, seed 27, iteration 310, time: 93.10592222213745
Starting label LEVI, seed 27, iteration 320, time: 96.34771370887756
Starting label LEVI, seed 27, iteration 330, time: 99.61185216903687
Starting label LEVI, seed 27, iteration 340, time: 102.80224561691284
Starting label LEVI, seed 27, iteration 350, time: 106.02255010604858
Starting label LEVI, seed 27, iteration 360, time: 109.19368529319763
Starting label LEVI, seed 27, iteration 370, time: 112.45756697654724
Starting label LEVI, seed 27, iteration 380, time: 115.65749478340149
Starting label LEVI, seed 27, iteration 390, time: 119.07519865036011
Starting label LEVI, seed 27, iteration 400, time: 122.41986298561096
Starting label LEVI, seed 27, iteration 410, time: 125.77896285057068
Starting label LEVI, seed 27, iteration 420, time: 129.11406302452087
Starting label LEVI, seed 27, iteration 430, time: 132.45555543899536
Starting label LEVI, seed 27, iteration 440, time: 135.8232934474945
Starting label LEVI, seed 27, iteration 450, time: 139.30249738693237
Starting label LEVI, seed 27, iteration 460, time: 142.88842844963074
Starting label LEVI, seed 27, iteration 470, time: 146.52671194076538
Starting label LEVI, seed 27, iteration 480, time: 150.07108974456787
Starting label LEVI, seed 27, iteration 490, time: 153.538898229599
Starting label LEVI, seed 27, iteration 500, time: 157.08828282356262
Starting label LEVI, seed 27, iteration 510, time: 160.76431727409363
Starting label LEVI, seed 27, iteration 520, time: 164.30552458763123
Starting label LEVI, seed 27, iteration 530, time: 168.2515788078308
Starting label LEVI, seed 27, iteration 540, time: 171.93092274665833
Starting label LEVI, seed 27, iteration 550, time: 175.4105565547943
Starting label LEVI, seed 27, iteration 560, time: 179.2907269001007
Starting label LEVI, seed 27, iteration 570, time: 183.36324429512024
Starting label LEVI, seed 27, iteration 580, time: 187.45082092285156
Starting label LEVI, seed 27, iteration 590, time: 191.54718661308289
Starting label LEVI, seed 27, iteration 600, time: 195.66261649131775
Starting label LEVI, seed 27, iteration 610, time: 199.75054383277893
Starting label LEVI, seed 27, iteration 620, time: 203.60255479812622
Starting label LEVI, seed 27, iteration 630, time: 207.8366825580597
Starting label LEVI, seed 27, iteration 640, time: 212.18014335632324
Starting label LEVI, seed 27, iteration 650, time: 216.36255073547363
Starting label LEVI, seed 27, iteration 660, time: 220.2625482082367
Starting label LEVI, seed 27, iteration 670, time: 224.479736328125
Starting label LEVI, seed 27, iteration 680, time: 228.9816768169403
Starting label LEVI, seed 27, iteration 690, time: 233.21501088142395
Starting label LEVI, seed 27, iteration 700, time: 237.77098679542542
Starting label LEVI, seed 27, iteration 710, time: 242.38020658493042
Starting label LEVI, seed 27, iteration 720, time: 247.1705265045166
Starting label LEVI, seed 27, iteration 730, time: 252.29369258880615
Starting label LEVI, seed 27, iteration 740, time: 257.1254868507385
Starting label LEVI, seed 27, iteration 750, time: 261.94968008995056
Starting label LEVI, seed 27, iteration 760, time: 266.9506769180298
Starting label LEVI, seed 27, iteration 770, time: 271.8231418132782
Starting label LEVI, seed 27, iteration 780, time: 276.68002915382385
Starting label LEVI, seed 27, iteration 790, time: 282.38380885124207
Starting label LEVI, seed 27, iteration 800, time: 287.65772581100464
Starting label LEVI, seed 27, iteration 810, time: 293.10877084732056
Starting label LEVI, seed 27, iteration 820, time: 298.65948963165283
Starting label LEVI, seed 27, iteration 830, time: 304.3289496898651
Starting label LEVI, seed 27, iteration 840, time: 310.03242921829224
Starting label LEVI, seed 27, iteration 850, time: 315.85730051994324
Starting label LEVI, seed 27, iteration 860, time: 321.56349086761475
Starting label LEVI, seed 27, iteration 870, time: 327.2177429199219
Starting label LEVI, seed 27, iteration 880, time: 332.812105178833
Starting label LEVI, seed 27, iteration 890, time: 338.59428668022156
Starting label LEVI, seed 27, iteration 900, time: 344.978910446167
Starting label LEVI, seed 27, iteration 910, time: 350.31330490112305
Starting label LEVI, seed 27, iteration 920, time: 355.95100235939026
Starting label LEVI, seed 27, iteration 930, time: 361.6788580417633
Starting label LEVI, seed 27, iteration 940, time: 367.9545969963074
Starting label LEVI, seed 27, iteration 950, time: 374.2053368091583
Starting label LEVI, seed 27, iteration 960, time: 380.09427857398987
Starting label LEVI, seed 27, iteration 970, time: 386.2577941417694
Starting label LEVI, seed 27, iteration 980, time: 391.97481203079224
Starting label LEVI, seed 27, iteration 990, time: 398.39809012413025
Starting label LEVI, seed 27, iteration 1000, time: 404.7817075252533
Starting label LEVI, seed 27, iteration 1010, time: 411.3332130908966
Starting label LEVI, seed 27, iteration 1020, time: 418.10805320739746
Starting label LEVI, seed 27, iteration 1030, time: 424.98939967155457
Starting label LEVI, seed 27, iteration 1040, time: 432.0374014377594
Starting label LEVI, seed 27, iteration 1050, time: 438.98631262779236
Starting label LEVI, seed 27, iteration 1060, time: 446.04626989364624
Starting label LEVI, seed 27, iteration 1070, time: 453.91236186027527
Starting label LEVI, seed 27, iteration 1080, time: 461.341735124588
Starting label LEVI, seed 27, iteration 1090, time: 468.2495985031128
Starting label LEVI, seed 27, iteration 1100, time: 475.79188299179077
Starting label LEVI, seed 27, iteration 1110, time: 483.5739417076111
Starting label LEVI, seed 27, iteration 1120, time: 491.1531970500946
Starting label LEVI, seed 27, iteration 1130, time: 500.00291204452515
Starting label LEVI, seed 27, iteration 1140, time: 508.5812635421753
Starting label LEVI, seed 27, iteration 1150, time: 516.5530407428741
Starting label LEVI, seed 27, iteration 1160, time: 524.9754295349121
Starting label LEVI, seed 27, iteration 1170, time: 532.6935911178589
Starting label LEVI, seed 27, iteration 1180, time: 540.789510011673
Starting label LEVI, seed 27, iteration 1190, time: 549.9072351455688
Starting label LEVI, seed 27, iteration 1200, time: 558.7927606105804
Starting label LEVI, seed 27, iteration 1210, time: 567.9368677139282
Starting label LEVI, seed 27, iteration 1220, time: 577.218343257904
Starting label LEVI, seed 27, iteration 1230, time: 586.1543555259705
Starting label LEVI, seed 27, iteration 1240, time: 595.7473993301392
Starting label LEVI, seed 27, iteration 1250, time: 605.6281230449677
Starting label LEVI, seed 27, iteration 1260, time: 614.7659912109375
Starting label LEVI, seed 27, iteration 1270, time: 623.0003705024719
Starting label LEVI, seed 27, iteration 1280, time: 631.5073103904724
Starting label LEVI, seed 27, iteration 1290, time: 641.6993775367737
Starting label LEVI, seed 27, iteration 1300, time: 650.6016099452972
Starting label LEVI, seed 27, iteration 1310, time: 660.9359138011932
Starting label LEVI, seed 27, iteration 1320, time: 670.5925581455231
Starting label LEVI, seed 27, iteration 1330, time: 679.4439787864685
Starting label LEVI, seed 27, iteration 1340, time: 688.6955468654633
Starting label LEVI, seed 27, iteration 1350, time: 698.2625269889832
Starting label LEVI, seed 27, iteration 1360, time: 707.3596105575562
Starting label LEVI, seed 27, iteration 1370, time: 718.4749562740326
Starting label LEVI, seed 27, iteration 1380, time: 728.3713767528534
Starting label LEVI, seed 27, iteration 1390, time: 741.1348946094513
Starting label LEVI, seed 27, iteration 1400, time: 751.2991535663605
Starting label LEVI, seed 27, iteration 1410, time: 761.5791068077087
Starting label LEVI, seed 27, iteration 1420, time: 773.1185188293457
Starting label LEVI, seed 27, iteration 1430, time: 785.5556049346924
Starting label LEVI, seed 27, iteration 1440, time: 796.9287779331207
Starting label LEVI, seed 27, iteration 1450, time: 809.3589599132538
Starting label LEVI, seed 27, iteration 1460, time: 821.1764698028564
Starting label LEVI, seed 27, iteration 1470, time: 834.3486425876617
Starting label LEVI, seed 27, iteration 1480, time: 847.282463312149
Starting label LEVI, seed 27, iteration 1490, time: 860.5588986873627
Starting label LEVI, seed 27, iteration 1500, time: 874.0439825057983
Starting label LEVI, seed 27, iteration 1510, time: 886.8999047279358
Starting label LEVI, seed 27, iteration 1520, time: 900.8078701496124
Starting label LEVI, seed 27, iteration 1530, time: 914.2076575756073
Starting label LEVI, seed 27, iteration 1540, time: 928.367249250412
Starting label LEVI, seed 27, iteration 1550, time: 940.2717115879059
Starting label LEVI, seed 27, iteration 1560, time: 955.2116756439209
Starting label LEVI, seed 27, iteration 1570, time: 969.5901618003845
Starting label LEVI, seed 27, iteration 1580, time: 984.0431568622589
Starting label LEVI, seed 27, iteration 1590, time: 998.8131902217865
Starting label LEVI, seed 27, iteration 1600, time: 1012.0795059204102
Starting label LEVI, seed 27, iteration 1610, time: 1026.9663548469543
Starting label LEVI, seed 27, iteration 1620, time: 1041.715543270111
Starting label LEVI, seed 27, iteration 1630, time: 1055.4789237976074
Starting label LEVI, seed 27, iteration 1640, time: 1072.1813626289368
Starting label LEVI, seed 27, iteration 1650, time: 1089.4297688007355
Starting label LEVI, seed 27, iteration 1660, time: 1103.8374531269073
Starting label LEVI, seed 27, iteration 1670, time: 1120.560994386673
Starting label LEVI, seed 27, iteration 1680, time: 1135.5172879695892
Starting label LEVI, seed 27, iteration 1690, time: 1153.6056623458862
Starting label LEVI, seed 27, iteration 1700, time: 1172.0720796585083
Starting label LEVI, seed 27, iteration 1710, time: 1189.0506813526154
Starting label LEVI, seed 27, iteration 1720, time: 1206.5233256816864
Starting label LEVI, seed 27, iteration 1730, time: 1223.9874584674835
Starting label LEVI, seed 27, iteration 1740, time: 1242.0968570709229
Starting label LEVI, seed 27, iteration 1750, time: 1261.3209745883942
Starting label LEVI, seed 27, iteration 1760, time: 1282.6709904670715
Starting label LEVI, seed 27, iteration 1770, time: 1300.6385746002197
Starting label LEVI, seed 27, iteration 1780, time: 1320.8687658309937
Starting label LEVI, seed 27, iteration 1790, time: 1340.4072632789612
Starting label LEVI, seed 27, iteration 1800, time: 1359.1497201919556
Starting label LEVI, seed 27, iteration 1810, time: 1378.866195678711
Starting label LEVI, seed 27, iteration 1820, time: 1395.1916394233704
Starting label LEVI, seed 27, iteration 1830, time: 1415.3091723918915
Starting label LEVI, seed 27, iteration 1840, time: 1435.8092396259308
Starting label LEVI, seed 27, iteration 1850, time: 1461.221034526825
Starting label LEVI, seed 27, iteration 1860, time: 1482.7076542377472
Starting label LEVI, seed 27, iteration 1870, time: 1502.9219799041748
Starting label LEVI, seed 27, iteration 1880, time: 1524.1336398124695
Starting label LEVI, seed 27, iteration 1890, time: 1541.7338631153107
Starting label LEVI, seed 27, iteration 1900, time: 1564.3048989772797
submitit WARNING (2022-10-02 01:22:36,041) - Bypassing signal SIGCONT
submitit WARNING (2022-10-02 01:22:36,110) - Bypassing signal SIGTERM
Starting label LEVI, seed 27, iteration 1910, time: 1581.778295993805
