submitit INFO (2022-10-02 13:27:41,699) - Starting with JobEnvironment(job_id=884571_6, hostname=campbell-compute-01.mae.cornell.edu, local_rank=0(1), node=0(1), global_rank=0(1))
submitit INFO (2022-10-02 13:27:41,700) - Loading pickle: /home/gid-cakmaks/contextual_rs/experiments/wsc_experiments/logs/884571_6/884571_6_submitted.pkl
Appending iterations to existing output!Warning: If parameters other than `iterations` have been changed, this will corrupt the output!
Starting label LEVI, seed 56, iteration 820, time: 310.1655538082123
Starting label LEVI, seed 56, iteration 830, time: 354.229012966156
Starting label LEVI, seed 56, iteration 840, time: 362.3699357509613
Starting label LEVI, seed 56, iteration 850, time: 370.32226276397705
Starting label LEVI, seed 56, iteration 860, time: 378.01658034324646
Starting label LEVI, seed 56, iteration 870, time: 386.23676919937134
Starting label LEVI, seed 56, iteration 880, time: 393.880010843277
Starting label LEVI, seed 56, iteration 890, time: 401.87091970443726
Starting label LEVI, seed 56, iteration 900, time: 409.91189885139465
Starting label LEVI, seed 56, iteration 910, time: 418.26283526420593
Starting label LEVI, seed 56, iteration 920, time: 426.42351031303406
Starting label LEVI, seed 56, iteration 930, time: 434.0632781982422
Starting label LEVI, seed 56, iteration 940, time: 441.43150782585144
Starting label LEVI, seed 56, iteration 950, time: 450.3278932571411
Starting label LEVI, seed 56, iteration 960, time: 457.86009073257446
Starting label LEVI, seed 56, iteration 970, time: 465.9111080169678
Starting label LEVI, seed 56, iteration 980, time: 473.6424160003662
Starting label LEVI, seed 56, iteration 990, time: 481.53148102760315
Starting label LEVI, seed 56, iteration 1000, time: 492.68675565719604
Starting label LEVI, seed 56, iteration 1010, time: 553.9379451274872
Starting label LEVI, seed 56, iteration 1020, time: 562.6328561306
Starting label LEVI, seed 56, iteration 1030, time: 605.1633217334747
Starting label LEVI, seed 56, iteration 1040, time: 619.7045495510101
Starting label LEVI, seed 56, iteration 1050, time: 627.1008970737457
Starting label LEVI, seed 56, iteration 1060, time: 711.3251152038574
Starting label LEVI, seed 56, iteration 1070, time: 799.8628509044647
Starting label LEVI, seed 56, iteration 1080, time: 820.4964783191681
Starting label LEVI, seed 56, iteration 1090, time: 827.8571407794952
Starting label LEVI, seed 56, iteration 1100, time: 835.3697447776794
Starting label LEVI, seed 56, iteration 1110, time: 847.5286681652069
Starting label LEVI, seed 56, iteration 1120, time: 855.0643980503082
Starting label LEVI, seed 56, iteration 1130, time: 862.2627584934235
Starting label LEVI, seed 56, iteration 1140, time: 869.4698722362518
Starting label LEVI, seed 56, iteration 1150, time: 876.2649018764496
Starting label LEVI, seed 56, iteration 1160, time: 882.9819443225861
Starting label LEVI, seed 56, iteration 1170, time: 889.9890625476837
Starting label LEVI, seed 56, iteration 1180, time: 897.4246022701263
Starting label LEVI, seed 56, iteration 1190, time: 904.6696999073029
Starting label LEVI, seed 56, iteration 1200, time: 912.0571489334106
Starting label LEVI, seed 56, iteration 1210, time: 919.6910223960876
Starting label LEVI, seed 56, iteration 1220, time: 927.1181085109711
Starting label LEVI, seed 56, iteration 1230, time: 934.6644587516785
Starting label LEVI, seed 56, iteration 1240, time: 942.0239346027374
Starting label LEVI, seed 56, iteration 1250, time: 949.3695850372314
Starting label LEVI, seed 56, iteration 1260, time: 956.8760983943939
Starting label LEVI, seed 56, iteration 1270, time: 964.6093752384186
Starting label LEVI, seed 56, iteration 1280, time: 972.3176209926605
Starting label LEVI, seed 56, iteration 1290, time: 980.0796167850494
Starting label LEVI, seed 56, iteration 1300, time: 987.842990398407
Starting label LEVI, seed 56, iteration 1310, time: 995.3356306552887
Starting label LEVI, seed 56, iteration 1320, time: 1002.8005950450897
Starting label LEVI, seed 56, iteration 1330, time: 1010.1995482444763
Starting label LEVI, seed 56, iteration 1340, time: 1017.8888473510742
Starting label LEVI, seed 56, iteration 1350, time: 1025.7361814975739
Starting label LEVI, seed 56, iteration 1360, time: 1033.6348598003387
Starting label LEVI, seed 56, iteration 1370, time: 1041.687091588974
Starting label LEVI, seed 56, iteration 1380, time: 1049.7517471313477
Starting label LEVI, seed 56, iteration 1390, time: 1057.9989202022552
Starting label LEVI, seed 56, iteration 1400, time: 1066.0970695018768
Starting label LEVI, seed 56, iteration 1410, time: 1074.400539636612
Starting label LEVI, seed 56, iteration 1420, time: 1083.2286026477814
Starting label LEVI, seed 56, iteration 1430, time: 1092.2662703990936
Starting label LEVI, seed 56, iteration 1440, time: 1101.4181969165802
Starting label LEVI, seed 56, iteration 1450, time: 1110.8156445026398
Starting label LEVI, seed 56, iteration 1460, time: 1120.8017880916595
Starting label LEVI, seed 56, iteration 1470, time: 1130.1845002174377
Starting label LEVI, seed 56, iteration 1480, time: 1139.0863909721375
Starting label LEVI, seed 56, iteration 1490, time: 1148.0065109729767
Starting label LEVI, seed 56, iteration 1500, time: 1157.1451115608215
Starting label LEVI, seed 56, iteration 1510, time: 1167.2564239501953
Starting label LEVI, seed 56, iteration 1520, time: 1176.1677906513214
Starting label LEVI, seed 56, iteration 1530, time: 1184.8173973560333
Starting label LEVI, seed 56, iteration 1540, time: 1214.5830516815186
Starting label LEVI, seed 56, iteration 1550, time: 1317.0230450630188
Starting label LEVI, seed 56, iteration 1560, time: 1326.3131091594696
Starting label LEVI, seed 56, iteration 1570, time: 1335.250869512558
Starting label LEVI, seed 56, iteration 1580, time: 1344.4986698627472
Starting label LEVI, seed 56, iteration 1590, time: 1354.0026750564575
Starting label LEVI, seed 56, iteration 1600, time: 1365.0303902626038
Starting label LEVI, seed 56, iteration 1610, time: 1375.8298332691193
Starting label LEVI, seed 56, iteration 1620, time: 1386.6475734710693
Starting label LEVI, seed 56, iteration 1630, time: 1397.0591595172882
Starting label LEVI, seed 56, iteration 1640, time: 1406.280532836914
Starting label LEVI, seed 56, iteration 1650, time: 1416.5798997879028
Starting label LEVI, seed 56, iteration 1660, time: 1425.933188676834
Starting label LEVI, seed 56, iteration 1670, time: 1436.5941290855408
Starting label LEVI, seed 56, iteration 1680, time: 1447.6769392490387
Starting label LEVI, seed 56, iteration 1690, time: 1458.644023656845
Starting label LEVI, seed 56, iteration 1700, time: 1469.243317604065
Starting label LEVI, seed 56, iteration 1710, time: 1493.179877281189
Starting label LEVI, seed 56, iteration 1720, time: 1533.7745237350464
Starting label LEVI, seed 56, iteration 1730, time: 1570.7922835350037
Starting label LEVI, seed 56, iteration 1740, time: 1599.5285222530365
Starting label LEVI, seed 56, iteration 1750, time: 1638.983858346939
Starting label LEVI, seed 56, iteration 1760, time: 1668.0048575401306
Starting label LEVI, seed 56, iteration 1770, time: 1707.5121250152588
Starting label LEVI, seed 56, iteration 1780, time: 1740.5200910568237
Starting label LEVI, seed 56, iteration 1790, time: 1822.4581077098846
Starting label LEVI, seed 56, iteration 1800, time: 1858.70428109169
Starting label LEVI, seed 56, iteration 1810, time: 1923.998037815094
Starting label LEVI, seed 56, iteration 1820, time: 1963.487620830536
Starting label LEVI, seed 56, iteration 1830, time: 1992.0909242630005
Starting label LEVI, seed 56, iteration 1840, time: 2020.0578672885895
Starting label LEVI, seed 56, iteration 1850, time: 2032.1797246932983
Starting label LEVI, seed 56, iteration 1860, time: 2090.0677287578583
Starting label LEVI, seed 56, iteration 1870, time: 2101.281056880951
Starting label LEVI, seed 56, iteration 1880, time: 2112.662430047989
Starting label LEVI, seed 56, iteration 1890, time: 2124.827905654907
Starting label LEVI, seed 56, iteration 1900, time: 2136.6178686618805
Starting label LEVI, seed 56, iteration 1910, time: 2149.491399049759
Starting label LEVI, seed 56, iteration 1920, time: 2172.0886900424957
Starting label LEVI, seed 56, iteration 1930, time: 2207.5039525032043
Starting label LEVI, seed 56, iteration 1940, time: 2219.8770899772644
Starting label LEVI, seed 56, iteration 1950, time: 2234.066056251526
Starting label LEVI, seed 56, iteration 1960, time: 2319.088194131851
Starting label LEVI, seed 56, iteration 1970, time: 2375.554008245468
Starting label LEVI, seed 56, iteration 1980, time: 2400.810593366623
Starting label LEVI, seed 56, iteration 1990, time: 2432.5213532447815
submitit INFO (2022-10-02 14:03:40,689) - Job completed successfully
