submitit INFO (2022-10-02 03:17:15,574) - Starting with JobEnvironment(job_id=883809_7, hostname=compling-compute-02.compling.cornell.edu, local_rank=0(1), node=0(1), global_rank=0(1))
submitit INFO (2022-10-02 03:17:15,574) - Loading pickle: /home/gid-cakmaks/contextual_rs/experiments/wsc_experiments/logs/883809_7/883809_7_submitted.pkl
Starting label LEVI, seed 87, iteration 0, time: 0.0004076957702636719
Starting label LEVI, seed 87, iteration 10, time: 2.1001904010772705
Starting label LEVI, seed 87, iteration 20, time: 3.9958157539367676
Starting label LEVI, seed 87, iteration 30, time: 5.519160270690918
submitit WARNING (2022-10-02 03:17:24,777) - Bypassing signal SIGCONT
submitit WARNING (2022-10-02 03:17:24,779) - Bypassing signal SIGTERM
Starting label LEVI, seed 87, iteration 40, time: 7.053074359893799
Starting label LEVI, seed 87, iteration 50, time: 8.57568073272705
Starting label LEVI, seed 87, iteration 60, time: 10.236520767211914
Starting label LEVI, seed 87, iteration 70, time: 12.245579719543457
Starting label LEVI, seed 87, iteration 80, time: 13.88736343383789
Starting label LEVI, seed 87, iteration 90, time: 15.414064645767212
Starting label LEVI, seed 87, iteration 100, time: 16.90523099899292
Starting label LEVI, seed 87, iteration 110, time: 18.480510711669922
Starting label LEVI, seed 87, iteration 120, time: 20.054150581359863
Starting label LEVI, seed 87, iteration 130, time: 21.64530873298645
Starting label LEVI, seed 87, iteration 140, time: 23.25541377067566
Starting label LEVI, seed 87, iteration 150, time: 24.871712923049927
Starting label LEVI, seed 87, iteration 160, time: 26.438785791397095
Starting label LEVI, seed 87, iteration 170, time: 28.00438141822815
Starting label LEVI, seed 87, iteration 180, time: 29.619792938232422
Starting label LEVI, seed 87, iteration 190, time: 31.226396799087524
Starting label LEVI, seed 87, iteration 200, time: 33.04052186012268
Starting label LEVI, seed 87, iteration 210, time: 34.77362608909607
Starting label LEVI, seed 87, iteration 220, time: 36.716872692108154
