submitit INFO (2022-10-01 23:36:36,788) - Starting with JobEnvironment(job_id=883069_9, hostname=desa-compute-01.cs.cornell.edu, local_rank=0(1), node=0(1), global_rank=0(1))
submitit INFO (2022-10-01 23:36:36,788) - Loading pickle: /home/gid-cakmaks/contextual_rs/experiments/wsc_experiments/logs/883069_9/883069_9_submitted.pkl
Starting label LEVI, seed 49, iteration 0, time: 8.606910705566406e-05
Starting label LEVI, seed 49, iteration 10, time: 1.7737019062042236
Starting label LEVI, seed 49, iteration 20, time: 3.4662108421325684
Starting label LEVI, seed 49, iteration 30, time: 5.187627553939819
Starting label LEVI, seed 49, iteration 40, time: 6.8547163009643555
Starting label LEVI, seed 49, iteration 50, time: 8.51556921005249
Starting label LEVI, seed 49, iteration 60, time: 10.247169733047485
Starting label LEVI, seed 49, iteration 70, time: 11.919220924377441
Starting label LEVI, seed 49, iteration 80, time: 13.540233850479126
Starting label LEVI, seed 49, iteration 90, time: 15.151578903198242
Starting label LEVI, seed 49, iteration 100, time: 16.810538291931152
Starting label LEVI, seed 49, iteration 110, time: 18.456026315689087
Starting label LEVI, seed 49, iteration 120, time: 20.086220741271973
Starting label LEVI, seed 49, iteration 130, time: 21.741106748580933
Starting label LEVI, seed 49, iteration 140, time: 23.462794065475464
Starting label LEVI, seed 49, iteration 150, time: 25.13324737548828
Starting label LEVI, seed 49, iteration 160, time: 26.777344226837158
Starting label LEVI, seed 49, iteration 170, time: 28.39841103553772
Starting label LEVI, seed 49, iteration 180, time: 30.01935076713562
Starting label LEVI, seed 49, iteration 190, time: 31.669767379760742
Starting label LEVI, seed 49, iteration 200, time: 33.305655002593994
Starting label LEVI, seed 49, iteration 210, time: 34.93052911758423
Starting label LEVI, seed 49, iteration 220, time: 36.54228711128235
Starting label LEVI, seed 49, iteration 230, time: 38.2269651889801
Starting label LEVI, seed 49, iteration 240, time: 39.822487115859985
Starting label LEVI, seed 49, iteration 250, time: 41.475931882858276
Starting label LEVI, seed 49, iteration 260, time: 43.118717670440674
Starting label LEVI, seed 49, iteration 270, time: 44.74344491958618
Starting label LEVI, seed 49, iteration 280, time: 46.39148569107056
Starting label LEVI, seed 49, iteration 290, time: 48.06800293922424
Starting label LEVI, seed 49, iteration 300, time: 49.73639512062073
Starting label LEVI, seed 49, iteration 310, time: 51.45228052139282
Starting label LEVI, seed 49, iteration 320, time: 53.11698246002197
Starting label LEVI, seed 49, iteration 330, time: 54.746527671813965
Starting label LEVI, seed 49, iteration 340, time: 56.39901256561279
Starting label LEVI, seed 49, iteration 350, time: 58.08649563789368
Starting label LEVI, seed 49, iteration 360, time: 59.75420165061951
Starting label LEVI, seed 49, iteration 370, time: 61.448243618011475
Starting label LEVI, seed 49, iteration 380, time: 63.137206077575684
Starting label LEVI, seed 49, iteration 390, time: 64.88593626022339
Starting label LEVI, seed 49, iteration 400, time: 66.5474021434784
Starting label LEVI, seed 49, iteration 410, time: 68.38475942611694
Starting label LEVI, seed 49, iteration 420, time: 70.18669986724854
Starting label LEVI, seed 49, iteration 430, time: 72.00399947166443
Starting label LEVI, seed 49, iteration 440, time: 73.80556392669678
Starting label LEVI, seed 49, iteration 450, time: 75.63454365730286
Starting label LEVI, seed 49, iteration 460, time: 77.47555136680603
Starting label LEVI, seed 49, iteration 470, time: 79.30330324172974
Starting label LEVI, seed 49, iteration 480, time: 81.2445604801178
Starting label LEVI, seed 49, iteration 490, time: 83.09922528266907
Starting label LEVI, seed 49, iteration 500, time: 84.89757680892944
Starting label LEVI, seed 49, iteration 510, time: 86.78136897087097
Starting label LEVI, seed 49, iteration 520, time: 88.70040774345398
Starting label LEVI, seed 49, iteration 530, time: 90.68805742263794
Starting label LEVI, seed 49, iteration 540, time: 92.81137776374817
Starting label LEVI, seed 49, iteration 550, time: 94.9048638343811
Starting label LEVI, seed 49, iteration 560, time: 97.00026345252991
Starting label LEVI, seed 49, iteration 570, time: 98.98767304420471
Starting label LEVI, seed 49, iteration 580, time: 101.01188683509827
Starting label LEVI, seed 49, iteration 590, time: 103.02912998199463
Starting label LEVI, seed 49, iteration 600, time: 105.06099200248718
Starting label LEVI, seed 49, iteration 610, time: 107.14418053627014
Starting label LEVI, seed 49, iteration 620, time: 109.23542046546936
Starting label LEVI, seed 49, iteration 630, time: 111.16550850868225
Starting label LEVI, seed 49, iteration 640, time: 113.26478171348572
Starting label LEVI, seed 49, iteration 650, time: 115.55666780471802
Starting label LEVI, seed 49, iteration 660, time: 117.85353755950928
Starting label LEVI, seed 49, iteration 670, time: 120.04634141921997
Starting label LEVI, seed 49, iteration 680, time: 122.28595471382141
Starting label LEVI, seed 49, iteration 690, time: 124.39761805534363
Starting label LEVI, seed 49, iteration 700, time: 126.60867547988892
Starting label LEVI, seed 49, iteration 710, time: 128.82986450195312
Starting label LEVI, seed 49, iteration 720, time: 131.04564118385315
Starting label LEVI, seed 49, iteration 730, time: 133.50723481178284
Starting label LEVI, seed 49, iteration 740, time: 135.90005230903625
Starting label LEVI, seed 49, iteration 750, time: 138.24242854118347
Starting label LEVI, seed 49, iteration 760, time: 140.6034698486328
Starting label LEVI, seed 49, iteration 770, time: 142.94079637527466
Starting label LEVI, seed 49, iteration 780, time: 145.3612184524536
Starting label LEVI, seed 49, iteration 790, time: 147.74542450904846
Starting label LEVI, seed 49, iteration 800, time: 149.95972514152527
Starting label LEVI, seed 49, iteration 810, time: 152.20560669898987
Starting label LEVI, seed 49, iteration 820, time: 154.51419878005981
Starting label LEVI, seed 49, iteration 830, time: 156.85812759399414
Starting label LEVI, seed 49, iteration 840, time: 159.0377082824707
Starting label LEVI, seed 49, iteration 850, time: 161.24369382858276
Starting label LEVI, seed 49, iteration 860, time: 163.467120885849
Starting label LEVI, seed 49, iteration 870, time: 165.80643224716187
Starting label LEVI, seed 49, iteration 880, time: 168.13724398612976
Starting label LEVI, seed 49, iteration 890, time: 170.49329352378845
Starting label LEVI, seed 49, iteration 900, time: 173.03575038909912
Starting label LEVI, seed 49, iteration 910, time: 175.37167358398438
Starting label LEVI, seed 49, iteration 920, time: 177.7659945487976
Starting label LEVI, seed 49, iteration 930, time: 180.20211458206177
Starting label LEVI, seed 49, iteration 940, time: 182.81555771827698
Starting label LEVI, seed 49, iteration 950, time: 185.22350525856018
Starting label LEVI, seed 49, iteration 960, time: 187.53513765335083
Starting label LEVI, seed 49, iteration 970, time: 189.99657893180847
Starting label LEVI, seed 49, iteration 980, time: 192.50094509124756
Starting label LEVI, seed 49, iteration 990, time: 194.86644792556763
Starting label LEVI, seed 49, iteration 1000, time: 197.25937867164612
Starting label LEVI, seed 49, iteration 1010, time: 199.69987607002258
Starting label LEVI, seed 49, iteration 1020, time: 202.1312050819397
Starting label LEVI, seed 49, iteration 1030, time: 204.61539697647095
Starting label LEVI, seed 49, iteration 1040, time: 207.10120248794556
Starting label LEVI, seed 49, iteration 1050, time: 209.47876048088074
Starting label LEVI, seed 49, iteration 1060, time: 211.8366060256958
Starting label LEVI, seed 49, iteration 1070, time: 214.20832753181458
Starting label LEVI, seed 49, iteration 1080, time: 216.52885580062866
Starting label LEVI, seed 49, iteration 1090, time: 218.96130561828613
Starting label LEVI, seed 49, iteration 1100, time: 221.2692995071411
Starting label LEVI, seed 49, iteration 1110, time: 223.511323928833
Starting label LEVI, seed 49, iteration 1120, time: 225.70792317390442
Starting label LEVI, seed 49, iteration 1130, time: 227.93490171432495
Starting label LEVI, seed 49, iteration 1140, time: 230.24384450912476
Starting label LEVI, seed 49, iteration 1150, time: 232.59566855430603
Starting label LEVI, seed 49, iteration 1160, time: 234.78450798988342
Starting label LEVI, seed 49, iteration 1170, time: 237.0963807106018
Starting label LEVI, seed 49, iteration 1180, time: 239.38758182525635
Starting label LEVI, seed 49, iteration 1190, time: 241.70648837089539
Starting label LEVI, seed 49, iteration 1200, time: 243.98097729682922
Starting label LEVI, seed 49, iteration 1210, time: 246.3648386001587
Starting label LEVI, seed 49, iteration 1220, time: 248.6842017173767
Starting label LEVI, seed 49, iteration 1230, time: 251.22366786003113
Starting label LEVI, seed 49, iteration 1240, time: 253.50024724006653
Starting label LEVI, seed 49, iteration 1250, time: 255.8051779270172
Starting label LEVI, seed 49, iteration 1260, time: 258.0545415878296
Starting label LEVI, seed 49, iteration 1270, time: 260.45759558677673
Starting label LEVI, seed 49, iteration 1280, time: 262.8122754096985
Starting label LEVI, seed 49, iteration 1290, time: 265.24385380744934
Starting label LEVI, seed 49, iteration 1300, time: 267.62983751296997
Starting label LEVI, seed 49, iteration 1310, time: 269.9047791957855
Starting label LEVI, seed 49, iteration 1320, time: 272.246723651886
Starting label LEVI, seed 49, iteration 1330, time: 274.450138092041
Starting label LEVI, seed 49, iteration 1340, time: 276.6974575519562
Starting label LEVI, seed 49, iteration 1350, time: 279.1204559803009
Starting label LEVI, seed 49, iteration 1360, time: 281.3421058654785
Starting label LEVI, seed 49, iteration 1370, time: 283.57392930984497
Starting label LEVI, seed 49, iteration 1380, time: 285.8444197177887
Starting label LEVI, seed 49, iteration 1390, time: 288.2407307624817
Starting label LEVI, seed 49, iteration 1400, time: 290.6274256706238
Starting label LEVI, seed 49, iteration 1410, time: 292.85269355773926
Starting label LEVI, seed 49, iteration 1420, time: 295.30534291267395
Starting label LEVI, seed 49, iteration 1430, time: 297.6519048213959
Starting label LEVI, seed 49, iteration 1440, time: 299.92723774909973
Starting label LEVI, seed 49, iteration 1450, time: 302.3962800502777
Starting label LEVI, seed 49, iteration 1460, time: 304.8898150920868
Starting label LEVI, seed 49, iteration 1470, time: 307.2868936061859
Starting label LEVI, seed 49, iteration 1480, time: 309.7192323207855
Starting label LEVI, seed 49, iteration 1490, time: 312.23062205314636
Starting label LEVI, seed 49, iteration 1500, time: 314.84720849990845
Starting label LEVI, seed 49, iteration 1510, time: 317.4354975223541
Starting label LEVI, seed 49, iteration 1520, time: 320.0376126766205
Starting label LEVI, seed 49, iteration 1530, time: 322.57023310661316
Starting label LEVI, seed 49, iteration 1540, time: 325.0852949619293
Starting label LEVI, seed 49, iteration 1550, time: 327.4597451686859
Starting label LEVI, seed 49, iteration 1560, time: 329.9478974342346
Starting label LEVI, seed 49, iteration 1570, time: 332.3933184146881
Starting label LEVI, seed 49, iteration 1580, time: 335.0317921638489
Starting label LEVI, seed 49, iteration 1590, time: 337.6068136692047
Starting label LEVI, seed 49, iteration 1600, time: 340.2545690536499
Starting label LEVI, seed 49, iteration 1610, time: 342.9647042751312
Starting label LEVI, seed 49, iteration 1620, time: 345.59702944755554
Starting label LEVI, seed 49, iteration 1630, time: 348.1856644153595
Starting label LEVI, seed 49, iteration 1640, time: 350.73656463623047
Starting label LEVI, seed 49, iteration 1650, time: 353.25984025001526
Starting label LEVI, seed 49, iteration 1660, time: 355.85872745513916
Starting label LEVI, seed 49, iteration 1670, time: 358.3211438655853
Starting label LEVI, seed 49, iteration 1680, time: 360.78733491897583
Starting label LEVI, seed 49, iteration 1690, time: 363.3560721874237
Starting label LEVI, seed 49, iteration 1700, time: 366.09776043891907
Starting label LEVI, seed 49, iteration 1710, time: 368.6829586029053
Starting label LEVI, seed 49, iteration 1720, time: 371.31482791900635
Starting label LEVI, seed 49, iteration 1730, time: 373.9729075431824
Starting label LEVI, seed 49, iteration 1740, time: 376.65670466423035
Starting label LEVI, seed 49, iteration 1750, time: 379.1303496360779
Starting label LEVI, seed 49, iteration 1760, time: 381.749037027359
Starting label LEVI, seed 49, iteration 1770, time: 384.39398074150085
Starting label LEVI, seed 49, iteration 1780, time: 387.14826583862305
Starting label LEVI, seed 49, iteration 1790, time: 389.9139220714569
Starting label LEVI, seed 49, iteration 1800, time: 392.51182103157043
Starting label LEVI, seed 49, iteration 1810, time: 395.217404127121
Starting label LEVI, seed 49, iteration 1820, time: 397.9086124897003
Starting label LEVI, seed 49, iteration 1830, time: 400.46574354171753
Starting label LEVI, seed 49, iteration 1840, time: 403.21900725364685
Starting label LEVI, seed 49, iteration 1850, time: 405.93019008636475
Starting label LEVI, seed 49, iteration 1860, time: 408.62563276290894
Starting label LEVI, seed 49, iteration 1870, time: 411.39251232147217
Starting label LEVI, seed 49, iteration 1880, time: 414.3182420730591
Starting label LEVI, seed 49, iteration 1890, time: 417.13853931427
Starting label LEVI, seed 49, iteration 1900, time: 419.9743072986603
Starting label LEVI, seed 49, iteration 1910, time: 422.82400250434875
Starting label LEVI, seed 49, iteration 1920, time: 425.7008526325226
Starting label LEVI, seed 49, iteration 1930, time: 428.7771906852722
Starting label LEVI, seed 49, iteration 1940, time: 431.6021480560303
Starting label LEVI, seed 49, iteration 1950, time: 434.47686290740967
Starting label LEVI, seed 49, iteration 1960, time: 437.4063410758972
Starting label LEVI, seed 49, iteration 1970, time: 440.307341337204
Starting label LEVI, seed 49, iteration 1980, time: 443.25010776519775
Starting label LEVI, seed 49, iteration 1990, time: 446.46628761291504
submitit INFO (2022-10-01 23:44:08,895) - Job completed successfully
