submitit INFO (2022-10-02 04:15:24,681) - Starting with JobEnvironment(job_id=884031_2, hostname=sablab-gpu-02.ece.cornell.edu, local_rank=0(1), node=0(1), global_rank=0(1))
submitit INFO (2022-10-02 04:15:24,681) - Loading pickle: /home/gid-cakmaks/contextual_rs/experiments/wsc_experiments/logs/884031_2/884031_2_submitted.pkl
Appending iterations to existing output!Warning: If parameters other than `iterations` have been changed, this will corrupt the output!
Starting label LEVI, seed 57, iteration 1550, time: 672.1934080123901
Starting label LEVI, seed 57, iteration 1560, time: 679.671915769577
Starting label LEVI, seed 57, iteration 1570, time: 687.0522124767303
Starting label LEVI, seed 57, iteration 1580, time: 694.1858026981354
Starting label LEVI, seed 57, iteration 1590, time: 701.3164720535278
Starting label LEVI, seed 57, iteration 1600, time: 708.7193717956543
Starting label LEVI, seed 57, iteration 1610, time: 716.0380656719208
Starting label LEVI, seed 57, iteration 1620, time: 723.3229467868805
Starting label LEVI, seed 57, iteration 1630, time: 730.8447544574738
Starting label LEVI, seed 57, iteration 1640, time: 738.2255849838257
Starting label LEVI, seed 57, iteration 1650, time: 745.7987167835236
Starting label LEVI, seed 57, iteration 1660, time: 752.9339871406555
Starting label LEVI, seed 57, iteration 1670, time: 760.3229269981384
Starting label LEVI, seed 57, iteration 1680, time: 767.8008711338043
Starting label LEVI, seed 57, iteration 1690, time: 775.2997524738312
Starting label LEVI, seed 57, iteration 1700, time: 782.3737807273865
Starting label LEVI, seed 57, iteration 1710, time: 789.4246835708618
Starting label LEVI, seed 57, iteration 1720, time: 796.8095808029175
Starting label LEVI, seed 57, iteration 1730, time: 804.2553489208221
Starting label LEVI, seed 57, iteration 1740, time: 811.6796188354492
Starting label LEVI, seed 57, iteration 1750, time: 819.2069125175476
Starting label LEVI, seed 57, iteration 1760, time: 826.9370665550232
Starting label LEVI, seed 57, iteration 1770, time: 834.6740260124207
Starting label LEVI, seed 57, iteration 1780, time: 842.7044627666473
Starting label LEVI, seed 57, iteration 1790, time: 850.214685678482
Starting label LEVI, seed 57, iteration 1800, time: 857.7103855609894
Starting label LEVI, seed 57, iteration 1810, time: 865.3722932338715
Starting label LEVI, seed 57, iteration 1820, time: 872.9627346992493
Starting label LEVI, seed 57, iteration 1830, time: 880.6936495304108
Starting label LEVI, seed 57, iteration 1840, time: 888.2993052005768
Starting label LEVI, seed 57, iteration 1850, time: 896.0883166790009
Starting label LEVI, seed 57, iteration 1860, time: 903.4815213680267
Starting label LEVI, seed 57, iteration 1870, time: 911.032452583313
Starting label LEVI, seed 57, iteration 1880, time: 918.6142857074738
Starting label LEVI, seed 57, iteration 1890, time: 926.2304131984711
Starting label LEVI, seed 57, iteration 1900, time: 933.7883052825928
Starting label LEVI, seed 57, iteration 1910, time: 941.4031579494476
Starting label LEVI, seed 57, iteration 1920, time: 949.1407477855682
Starting label LEVI, seed 57, iteration 1930, time: 956.7870714664459
Starting label LEVI, seed 57, iteration 1940, time: 964.1339180469513
Starting label LEVI, seed 57, iteration 1950, time: 971.7214856147766
Starting label LEVI, seed 57, iteration 1960, time: 979.6019744873047
Starting label LEVI, seed 57, iteration 1970, time: 987.4014782905579
Starting label LEVI, seed 57, iteration 1980, time: 995.2150688171387
Starting label LEVI, seed 57, iteration 1990, time: 1002.7268078327179
submitit INFO (2022-10-02 04:21:06,440) - Job completed successfully
