submitit INFO (2022-10-02 04:15:34,957) - Starting with JobEnvironment(job_id=884045_1, hostname=snavely-compute-01.tech.cornell.edu, local_rank=0(1), node=0(1), global_rank=0(1))
submitit INFO (2022-10-02 04:15:34,957) - Loading pickle: /home/gid-cakmaks/contextual_rs/experiments/wsc_experiments/logs/884045_1/884045_1_submitted.pkl
Appending iterations to existing output!Warning: If parameters other than `iterations` have been changed, this will corrupt the output!
Starting label LEVI, seed 62, iteration 1690, time: 1298.3932604789734
Starting label LEVI, seed 62, iteration 1700, time: 1311.1909611225128
Starting label LEVI, seed 62, iteration 1710, time: 1324.5654118061066
Starting label LEVI, seed 62, iteration 1720, time: 1336.765694141388
Starting label LEVI, seed 62, iteration 1730, time: 1348.5859575271606
Starting label LEVI, seed 62, iteration 1740, time: 1360.8328397274017
Starting label LEVI, seed 62, iteration 1750, time: 1373.0414085388184
Starting label LEVI, seed 62, iteration 1760, time: 1384.682000875473
Starting label LEVI, seed 62, iteration 1770, time: 1396.424637556076
Starting label LEVI, seed 62, iteration 1780, time: 1407.9813477993011
Starting label LEVI, seed 62, iteration 1790, time: 1419.0714299678802
Starting label LEVI, seed 62, iteration 1800, time: 1430.0260291099548
Starting label LEVI, seed 62, iteration 1810, time: 1440.9728603363037
Starting label LEVI, seed 62, iteration 1820, time: 1453.0748603343964
Starting label LEVI, seed 62, iteration 1830, time: 1465.2978355884552
Starting label LEVI, seed 62, iteration 1840, time: 1476.6335353851318
Starting label LEVI, seed 62, iteration 1850, time: 1488.6028141975403
Starting label LEVI, seed 62, iteration 1860, time: 1503.2952485084534
Starting label LEVI, seed 62, iteration 1870, time: 1519.6841938495636
Starting label LEVI, seed 62, iteration 1880, time: 1533.772334098816
Starting label LEVI, seed 62, iteration 1890, time: 1547.4077351093292
Starting label LEVI, seed 62, iteration 1900, time: 1560.9799094200134
Starting label LEVI, seed 62, iteration 1910, time: 1574.0416157245636
Starting label LEVI, seed 62, iteration 1920, time: 1587.1303930282593
Starting label LEVI, seed 62, iteration 1930, time: 1600.3724253177643
Starting label LEVI, seed 62, iteration 1940, time: 1613.832465171814
Starting label LEVI, seed 62, iteration 1950, time: 1627.276418685913
Starting label LEVI, seed 62, iteration 1960, time: 1640.7114906311035
Starting label LEVI, seed 62, iteration 1970, time: 1654.255134344101
Starting label LEVI, seed 62, iteration 1980, time: 1667.8373312950134
Starting label LEVI, seed 62, iteration 1990, time: 1681.3569996356964
submitit INFO (2022-10-02 04:22:19,336) - Job completed successfully
