submitit INFO (2022-10-02 00:56:56,133) - Starting with JobEnvironment(job_id=883377_2, hostname=scaglione-compute-01.tech.cornell.edu, local_rank=0(1), node=0(1), global_rank=0(1))
submitit INFO (2022-10-02 00:56:56,133) - Loading pickle: /home/gid-cakmaks/contextual_rs/experiments/wsc_experiments/logs/883377_2/883377_2_submitted.pkl
Starting label LEVI, seed 52, iteration 0, time: 0.0005176067352294922
Starting label LEVI, seed 52, iteration 10, time: 2.706968307495117
Starting label LEVI, seed 52, iteration 20, time: 5.378725528717041
Starting label LEVI, seed 52, iteration 30, time: 8.061229944229126
Starting label LEVI, seed 52, iteration 40, time: 10.747151613235474
Starting label LEVI, seed 52, iteration 50, time: 13.34536623954773
Starting label LEVI, seed 52, iteration 60, time: 16.04723596572876
Starting label LEVI, seed 52, iteration 70, time: 18.721280097961426
Starting label LEVI, seed 52, iteration 80, time: 21.37013030052185
Starting label LEVI, seed 52, iteration 90, time: 24.07274627685547
Starting label LEVI, seed 52, iteration 100, time: 26.70174264907837
Starting label LEVI, seed 52, iteration 110, time: 29.411163806915283
Starting label LEVI, seed 52, iteration 120, time: 32.12794065475464
Starting label LEVI, seed 52, iteration 130, time: 34.859233140945435
Starting label LEVI, seed 52, iteration 140, time: 37.66809129714966
Starting label LEVI, seed 52, iteration 150, time: 40.42850303649902
Starting label LEVI, seed 52, iteration 160, time: 43.15455412864685
Starting label LEVI, seed 52, iteration 170, time: 45.858935594558716
Starting label LEVI, seed 52, iteration 180, time: 48.511698484420776
Starting label LEVI, seed 52, iteration 190, time: 51.24015474319458
Starting label LEVI, seed 52, iteration 200, time: 53.93426156044006
Starting label LEVI, seed 52, iteration 210, time: 56.93150019645691
Starting label LEVI, seed 52, iteration 220, time: 59.82121253013611
Starting label LEVI, seed 52, iteration 230, time: 62.8638710975647
Starting label LEVI, seed 52, iteration 240, time: 65.95200419425964
Starting label LEVI, seed 52, iteration 250, time: 69.11070561408997
Starting label LEVI, seed 52, iteration 260, time: 72.07936096191406
Starting label LEVI, seed 52, iteration 270, time: 75.1930501461029
Starting label LEVI, seed 52, iteration 280, time: 78.1211507320404
Starting label LEVI, seed 52, iteration 290, time: 81.14174842834473
Starting label LEVI, seed 52, iteration 300, time: 84.01530933380127
Starting label LEVI, seed 52, iteration 310, time: 87.06483125686646
Starting label LEVI, seed 52, iteration 320, time: 89.99107241630554
Starting label LEVI, seed 52, iteration 330, time: 92.98842573165894
Starting label LEVI, seed 52, iteration 340, time: 95.89175868034363
Starting label LEVI, seed 52, iteration 350, time: 98.69434857368469
Starting label LEVI, seed 52, iteration 360, time: 101.60153794288635
Starting label LEVI, seed 52, iteration 370, time: 104.46052384376526
Starting label LEVI, seed 52, iteration 380, time: 107.358815908432
Starting label LEVI, seed 52, iteration 390, time: 110.3351559638977
Starting label LEVI, seed 52, iteration 400, time: 113.24930620193481
Starting label LEVI, seed 52, iteration 410, time: 116.50757241249084
Starting label LEVI, seed 52, iteration 420, time: 119.75327014923096
Starting label LEVI, seed 52, iteration 430, time: 123.00867772102356
Starting label LEVI, seed 52, iteration 440, time: 126.38262748718262
Starting label LEVI, seed 52, iteration 450, time: 129.84138560295105
Starting label LEVI, seed 52, iteration 460, time: 133.1968858242035
Starting label LEVI, seed 52, iteration 470, time: 136.80190134048462
Starting label LEVI, seed 52, iteration 480, time: 140.22534823417664
Starting label LEVI, seed 52, iteration 490, time: 143.5782949924469
Starting label LEVI, seed 52, iteration 500, time: 147.02333283424377
Starting label LEVI, seed 52, iteration 510, time: 150.54072093963623
Starting label LEVI, seed 52, iteration 520, time: 154.11339688301086
Starting label LEVI, seed 52, iteration 530, time: 157.64624071121216
Starting label LEVI, seed 52, iteration 540, time: 161.57889533042908
Starting label LEVI, seed 52, iteration 550, time: 165.73588609695435
Starting label LEVI, seed 52, iteration 560, time: 169.6863443851471
Starting label LEVI, seed 52, iteration 570, time: 173.34309148788452
Starting label LEVI, seed 52, iteration 580, time: 176.95506286621094
Starting label LEVI, seed 52, iteration 590, time: 180.81327986717224
Starting label LEVI, seed 52, iteration 600, time: 184.5819730758667
Starting label LEVI, seed 52, iteration 610, time: 188.3480978012085
Starting label LEVI, seed 52, iteration 620, time: 192.2669472694397
Starting label LEVI, seed 52, iteration 630, time: 196.15066242218018
Starting label LEVI, seed 52, iteration 640, time: 200.3805956840515
Starting label LEVI, seed 52, iteration 650, time: 204.44455456733704
Starting label LEVI, seed 52, iteration 660, time: 208.63370060920715
Starting label LEVI, seed 52, iteration 670, time: 213.07426977157593
Starting label LEVI, seed 52, iteration 680, time: 217.56398105621338
Starting label LEVI, seed 52, iteration 690, time: 222.1999614238739
Starting label LEVI, seed 52, iteration 700, time: 227.04906177520752
Starting label LEVI, seed 52, iteration 710, time: 231.77326154708862
Starting label LEVI, seed 52, iteration 720, time: 236.5573546886444
Starting label LEVI, seed 52, iteration 730, time: 241.10355186462402
Starting label LEVI, seed 52, iteration 740, time: 245.73048639297485
Starting label LEVI, seed 52, iteration 750, time: 250.6751310825348
Starting label LEVI, seed 52, iteration 760, time: 255.651020526886
Starting label LEVI, seed 52, iteration 770, time: 260.83600211143494
Starting label LEVI, seed 52, iteration 780, time: 265.994859457016
Starting label LEVI, seed 52, iteration 790, time: 271.34133887290955
Starting label LEVI, seed 52, iteration 800, time: 276.41900849342346
Starting label LEVI, seed 52, iteration 810, time: 282.52906608581543
Starting label LEVI, seed 52, iteration 820, time: 288.1827108860016
Starting label LEVI, seed 52, iteration 830, time: 293.2481265068054
Starting label LEVI, seed 52, iteration 840, time: 298.8582456111908
Starting label LEVI, seed 52, iteration 850, time: 304.6773076057434
Starting label LEVI, seed 52, iteration 860, time: 310.5737669467926
Starting label LEVI, seed 52, iteration 870, time: 316.41237616539
Starting label LEVI, seed 52, iteration 880, time: 322.26558685302734
Starting label LEVI, seed 52, iteration 890, time: 328.31683230400085
Starting label LEVI, seed 52, iteration 900, time: 334.29931926727295
Starting label LEVI, seed 52, iteration 910, time: 340.3671064376831
Starting label LEVI, seed 52, iteration 920, time: 346.873717546463
Starting label LEVI, seed 52, iteration 930, time: 352.9245958328247
Starting label LEVI, seed 52, iteration 940, time: 359.25892972946167
Starting label LEVI, seed 52, iteration 950, time: 365.37307596206665
Starting label LEVI, seed 52, iteration 960, time: 371.66221165657043
Starting label LEVI, seed 52, iteration 970, time: 378.20285844802856
Starting label LEVI, seed 52, iteration 980, time: 384.55336022377014
Starting label LEVI, seed 52, iteration 990, time: 390.8390784263611
Starting label LEVI, seed 52, iteration 1000, time: 396.1911096572876
Starting label LEVI, seed 52, iteration 1010, time: 401.3715159893036
Starting label LEVI, seed 52, iteration 1020, time: 407.5294005870819
Starting label LEVI, seed 52, iteration 1030, time: 412.9059307575226
Starting label LEVI, seed 52, iteration 1040, time: 419.23293924331665
Starting label LEVI, seed 52, iteration 1050, time: 425.787202835083
Starting label LEVI, seed 52, iteration 1060, time: 431.5226900577545
Starting label LEVI, seed 52, iteration 1070, time: 437.2906057834625
Starting label LEVI, seed 52, iteration 1080, time: 444.03411984443665
Starting label LEVI, seed 52, iteration 1090, time: 450.1034026145935
Starting label LEVI, seed 52, iteration 1100, time: 456.024742603302
Starting label LEVI, seed 52, iteration 1110, time: 462.4752678871155
Starting label LEVI, seed 52, iteration 1120, time: 469.88647508621216
Starting label LEVI, seed 52, iteration 1130, time: 475.85642290115356
Starting label LEVI, seed 52, iteration 1140, time: 483.0273401737213
Starting label LEVI, seed 52, iteration 1150, time: 490.5823268890381
Starting label LEVI, seed 52, iteration 1160, time: 497.97163462638855
Starting label LEVI, seed 52, iteration 1170, time: 504.88763093948364
Starting label LEVI, seed 52, iteration 1180, time: 512.404913187027
Starting label LEVI, seed 52, iteration 1190, time: 519.0398960113525
Starting label LEVI, seed 52, iteration 1200, time: 525.9711673259735
Starting label LEVI, seed 52, iteration 1210, time: 533.2277524471283
Starting label LEVI, seed 52, iteration 1220, time: 540.2515785694122
Starting label LEVI, seed 52, iteration 1230, time: 547.4234886169434
Starting label LEVI, seed 52, iteration 1240, time: 554.6972024440765
Starting label LEVI, seed 52, iteration 1250, time: 561.8769435882568
Starting label LEVI, seed 52, iteration 1260, time: 570.5918476581573
Starting label LEVI, seed 52, iteration 1270, time: 579.4665575027466
Starting label LEVI, seed 52, iteration 1280, time: 588.1266314983368
Starting label LEVI, seed 52, iteration 1290, time: 597.1514303684235
Starting label LEVI, seed 52, iteration 1300, time: 605.8605160713196
Starting label LEVI, seed 52, iteration 1310, time: 615.501059293747
Starting label LEVI, seed 52, iteration 1320, time: 623.5232248306274
Starting label LEVI, seed 52, iteration 1330, time: 631.5505924224854
Starting label LEVI, seed 52, iteration 1340, time: 641.604159116745
Starting label LEVI, seed 52, iteration 1350, time: 651.4472532272339
Starting label LEVI, seed 52, iteration 1360, time: 659.9442486763
Starting label LEVI, seed 52, iteration 1370, time: 668.9666738510132
Starting label LEVI, seed 52, iteration 1380, time: 679.4202508926392
Starting label LEVI, seed 52, iteration 1390, time: 688.9215672016144
Starting label LEVI, seed 52, iteration 1400, time: 698.508463382721
Starting label LEVI, seed 52, iteration 1410, time: 708.2472033500671
Starting label LEVI, seed 52, iteration 1420, time: 718.3024761676788
Starting label LEVI, seed 52, iteration 1430, time: 728.3873565196991
Starting label LEVI, seed 52, iteration 1440, time: 738.3210570812225
Starting label LEVI, seed 52, iteration 1450, time: 748.788468837738
Starting label LEVI, seed 52, iteration 1460, time: 758.5528655052185
Starting label LEVI, seed 52, iteration 1470, time: 769.336535692215
Starting label LEVI, seed 52, iteration 1480, time: 779.8328444957733
Starting label LEVI, seed 52, iteration 1490, time: 792.4570405483246
Starting label LEVI, seed 52, iteration 1500, time: 803.3457844257355
Starting label LEVI, seed 52, iteration 1510, time: 814.8624923229218
Starting label LEVI, seed 52, iteration 1520, time: 827.9830071926117
Starting label LEVI, seed 52, iteration 1530, time: 841.7254457473755
Starting label LEVI, seed 52, iteration 1540, time: 853.5500395298004
Starting label LEVI, seed 52, iteration 1550, time: 864.5015335083008
Starting label LEVI, seed 52, iteration 1560, time: 878.2255210876465
Starting label LEVI, seed 52, iteration 1570, time: 889.6310334205627
Starting label LEVI, seed 52, iteration 1580, time: 901.4606409072876
Starting label LEVI, seed 52, iteration 1590, time: 916.1823489665985
Starting label LEVI, seed 52, iteration 1600, time: 930.0795519351959
Starting label LEVI, seed 52, iteration 1610, time: 942.8863551616669
Starting label LEVI, seed 52, iteration 1620, time: 955.918048620224
Starting label LEVI, seed 52, iteration 1630, time: 968.7042558193207
Starting label LEVI, seed 52, iteration 1640, time: 982.4124982357025
Starting label LEVI, seed 52, iteration 1650, time: 995.6986746788025
Starting label LEVI, seed 52, iteration 1660, time: 1011.0082907676697
Starting label LEVI, seed 52, iteration 1670, time: 1026.4364986419678
Starting label LEVI, seed 52, iteration 1680, time: 1040.6762330532074
Starting label LEVI, seed 52, iteration 1690, time: 1054.9805665016174
Starting label LEVI, seed 52, iteration 1700, time: 1069.6243059635162
Starting label LEVI, seed 52, iteration 1710, time: 1086.4600167274475
Starting label LEVI, seed 52, iteration 1720, time: 1103.9372708797455
Starting label LEVI, seed 52, iteration 1730, time: 1121.3953058719635
Starting label LEVI, seed 52, iteration 1740, time: 1136.9618747234344
Starting label LEVI, seed 52, iteration 1750, time: 1151.6147675514221
Starting label LEVI, seed 52, iteration 1760, time: 1167.5265491008759
Starting label LEVI, seed 52, iteration 1770, time: 1185.7787673473358
Starting label LEVI, seed 52, iteration 1780, time: 1205.9509718418121
Starting label LEVI, seed 52, iteration 1790, time: 1225.6623375415802
Starting label LEVI, seed 52, iteration 1800, time: 1245.6249268054962
Starting label LEVI, seed 52, iteration 1810, time: 1266.789410352707
Starting label LEVI, seed 52, iteration 1820, time: 1287.823299407959
Starting label LEVI, seed 52, iteration 1830, time: 1306.4790456295013
Starting label LEVI, seed 52, iteration 1840, time: 1326.8615186214447
Starting label LEVI, seed 52, iteration 1850, time: 1345.5190200805664
Starting label LEVI, seed 52, iteration 1860, time: 1368.8019392490387
Starting label LEVI, seed 52, iteration 1870, time: 1390.985309123993
Starting label LEVI, seed 52, iteration 1880, time: 1409.8424365520477
Starting label LEVI, seed 52, iteration 1890, time: 1428.2080483436584
Starting label LEVI, seed 52, iteration 1900, time: 1447.486632347107
Starting label LEVI, seed 52, iteration 1910, time: 1466.831322669983
Starting label LEVI, seed 52, iteration 1920, time: 1486.3820307254791
Starting label LEVI, seed 52, iteration 1930, time: 1506.4249818325043
Starting label LEVI, seed 52, iteration 1940, time: 1531.8551721572876
submitit WARNING (2022-10-02 01:22:36,051) - Bypassing signal SIGCONT
submitit WARNING (2022-10-02 01:22:36,129) - Bypassing signal SIGTERM
Starting label LEVI, seed 52, iteration 1950, time: 1551.691950082779
