submitit INFO (2022-10-02 13:27:12,580) - Starting with JobEnvironment(job_id=884561_6, hostname=g2-compute-96.coecis.cornell.edu, local_rank=0(1), node=0(1), global_rank=0(1))
submitit INFO (2022-10-02 13:27:12,580) - Loading pickle: /home/gid-cakmaks/contextual_rs/experiments/wsc_experiments/logs/884561_6/884561_6_submitted.pkl
Appending iterations to existing output!Warning: If parameters other than `iterations` have been changed, this will corrupt the output!
Starting label LEVI, seed 46, iteration 570, time: 321.1586880683899
Starting label LEVI, seed 46, iteration 580, time: 326.9439387321472
Starting label LEVI, seed 46, iteration 590, time: 332.6358380317688
Starting label LEVI, seed 46, iteration 600, time: 338.09865522384644
Starting label LEVI, seed 46, iteration 610, time: 343.77507734298706
Starting label LEVI, seed 46, iteration 620, time: 349.8799846172333
Starting label LEVI, seed 46, iteration 630, time: 356.3633108139038
Starting label LEVI, seed 46, iteration 640, time: 362.2091119289398
Starting label LEVI, seed 46, iteration 650, time: 367.93263053894043
Starting label LEVI, seed 46, iteration 660, time: 374.40324664115906
Starting label LEVI, seed 46, iteration 670, time: 380.69947481155396
Starting label LEVI, seed 46, iteration 680, time: 387.32839608192444
Starting label LEVI, seed 46, iteration 690, time: 393.4229986667633
Starting label LEVI, seed 46, iteration 700, time: 399.7037515640259
Starting label LEVI, seed 46, iteration 710, time: 406.095219373703
Starting label LEVI, seed 46, iteration 720, time: 412.62934613227844
Starting label LEVI, seed 46, iteration 730, time: 418.9390037059784
Starting label LEVI, seed 46, iteration 740, time: 425.20260858535767
Starting label LEVI, seed 46, iteration 750, time: 431.37040638923645
Starting label LEVI, seed 46, iteration 760, time: 437.81846809387207
Starting label LEVI, seed 46, iteration 770, time: 444.5666801929474
Starting label LEVI, seed 46, iteration 780, time: 451.8231956958771
Starting label LEVI, seed 46, iteration 790, time: 458.52074551582336
Starting label LEVI, seed 46, iteration 800, time: 464.8731098175049
Starting label LEVI, seed 46, iteration 810, time: 471.43074917793274
Starting label LEVI, seed 46, iteration 820, time: 477.95306372642517
Starting label LEVI, seed 46, iteration 830, time: 484.53232312202454
Starting label LEVI, seed 46, iteration 840, time: 490.9001359939575
Starting label LEVI, seed 46, iteration 850, time: 497.5168242454529
Starting label LEVI, seed 46, iteration 860, time: 503.9969880580902
Starting label LEVI, seed 46, iteration 870, time: 510.3869321346283
Starting label LEVI, seed 46, iteration 880, time: 516.9162976741791
Starting label LEVI, seed 46, iteration 890, time: 523.3229596614838
Starting label LEVI, seed 46, iteration 900, time: 530.4227638244629
Starting label LEVI, seed 46, iteration 910, time: 537.5193285942078
Starting label LEVI, seed 46, iteration 920, time: 544.1506588459015
Starting label LEVI, seed 46, iteration 930, time: 550.6987993717194
Starting label LEVI, seed 46, iteration 940, time: 558.0246822834015
Starting label LEVI, seed 46, iteration 950, time: 565.3848512172699
Starting label LEVI, seed 46, iteration 960, time: 572.6871221065521
Starting label LEVI, seed 46, iteration 970, time: 579.9932589530945
Starting label LEVI, seed 46, iteration 980, time: 587.0118379592896
Starting label LEVI, seed 46, iteration 990, time: 593.6112680435181
Starting label LEVI, seed 46, iteration 1000, time: 600.5189800262451
Starting label LEVI, seed 46, iteration 1010, time: 608.0531778335571
Starting label LEVI, seed 46, iteration 1020, time: 614.9157719612122
Starting label LEVI, seed 46, iteration 1030, time: 622.2696902751923
Starting label LEVI, seed 46, iteration 1040, time: 629.5115764141083
Starting label LEVI, seed 46, iteration 1050, time: 636.3349261283875
Starting label LEVI, seed 46, iteration 1060, time: 643.20880818367
Starting label LEVI, seed 46, iteration 1070, time: 650.2564408779144
Starting label LEVI, seed 46, iteration 1080, time: 656.8232386112213
Starting label LEVI, seed 46, iteration 1090, time: 663.6761028766632
Starting label LEVI, seed 46, iteration 1100, time: 670.8988454341888
Starting label LEVI, seed 46, iteration 1110, time: 678.4876205921173
Starting label LEVI, seed 46, iteration 1120, time: 686.0152652263641
Starting label LEVI, seed 46, iteration 1130, time: 693.6512086391449
Starting label LEVI, seed 46, iteration 1140, time: 701.2117872238159
Starting label LEVI, seed 46, iteration 1150, time: 708.1480650901794
Starting label LEVI, seed 46, iteration 1160, time: 715.9483983516693
Starting label LEVI, seed 46, iteration 1170, time: 724.7292702198029
Starting label LEVI, seed 46, iteration 1180, time: 732.9954040050507
Starting label LEVI, seed 46, iteration 1190, time: 740.8420083522797
Starting label LEVI, seed 46, iteration 1200, time: 749.0967972278595
Starting label LEVI, seed 46, iteration 1210, time: 757.2127661705017
Starting label LEVI, seed 46, iteration 1220, time: 764.845780134201
Starting label LEVI, seed 46, iteration 1230, time: 772.1792545318604
Starting label LEVI, seed 46, iteration 1240, time: 779.588803768158
Starting label LEVI, seed 46, iteration 1250, time: 787.3412897586823
Starting label LEVI, seed 46, iteration 1260, time: 795.4310781955719
Starting label LEVI, seed 46, iteration 1270, time: 803.896719455719
Starting label LEVI, seed 46, iteration 1280, time: 813.0169270038605
Starting label LEVI, seed 46, iteration 1290, time: 821.3675482273102
Starting label LEVI, seed 46, iteration 1300, time: 829.1208136081696
Starting label LEVI, seed 46, iteration 1310, time: 837.9322490692139
Starting label LEVI, seed 46, iteration 1320, time: 847.2917897701263
Starting label LEVI, seed 46, iteration 1330, time: 855.567497253418
Starting label LEVI, seed 46, iteration 1340, time: 864.3702909946442
Starting label LEVI, seed 46, iteration 1350, time: 872.6196346282959
Starting label LEVI, seed 46, iteration 1360, time: 880.8725299835205
Starting label LEVI, seed 46, iteration 1370, time: 890.2143261432648
Starting label LEVI, seed 46, iteration 1380, time: 899.2724459171295
Starting label LEVI, seed 46, iteration 1390, time: 908.4167637825012
Starting label LEVI, seed 46, iteration 1400, time: 917.3549225330353
Starting label LEVI, seed 46, iteration 1410, time: 926.4347560405731
Starting label LEVI, seed 46, iteration 1420, time: 935.4304962158203
Starting label LEVI, seed 46, iteration 1430, time: 944.4741725921631
Starting label LEVI, seed 46, iteration 1440, time: 954.038565158844
Starting label LEVI, seed 46, iteration 1450, time: 963.2254095077515
Starting label LEVI, seed 46, iteration 1460, time: 971.8627457618713
Starting label LEVI, seed 46, iteration 1470, time: 980.5811874866486
Starting label LEVI, seed 46, iteration 1480, time: 989.8181519508362
Starting label LEVI, seed 46, iteration 1490, time: 998.6437447071075
Starting label LEVI, seed 46, iteration 1500, time: 1008.3698878288269
Starting label LEVI, seed 46, iteration 1510, time: 1017.1819770336151
Starting label LEVI, seed 46, iteration 1520, time: 1026.5657296180725
Starting label LEVI, seed 46, iteration 1530, time: 1036.50141954422
Starting label LEVI, seed 46, iteration 1540, time: 1045.5172436237335
Starting label LEVI, seed 46, iteration 1550, time: 1055.4830737113953
Starting label LEVI, seed 46, iteration 1560, time: 1065.658492565155
Starting label LEVI, seed 46, iteration 1570, time: 1074.5351867675781
Starting label LEVI, seed 46, iteration 1580, time: 1084.5945854187012
Starting label LEVI, seed 46, iteration 1590, time: 1094.8352735042572
Starting label LEVI, seed 46, iteration 1600, time: 1105.1791183948517
Starting label LEVI, seed 46, iteration 1610, time: 1114.9791896343231
Starting label LEVI, seed 46, iteration 1620, time: 1123.9618928432465
Starting label LEVI, seed 46, iteration 1630, time: 1133.2905523777008
Starting label LEVI, seed 46, iteration 1640, time: 1143.8870122432709
Starting label LEVI, seed 46, iteration 1650, time: 1155.3579235076904
Starting label LEVI, seed 46, iteration 1660, time: 1166.0996906757355
Starting label LEVI, seed 46, iteration 1670, time: 1177.038168668747
Starting label LEVI, seed 46, iteration 1680, time: 1187.551227092743
Starting label LEVI, seed 46, iteration 1690, time: 1198.2756819725037
Starting label LEVI, seed 46, iteration 1700, time: 1208.6228384971619
Starting label LEVI, seed 46, iteration 1710, time: 1219.5857181549072
Starting label LEVI, seed 46, iteration 1720, time: 1231.6243669986725
Starting label LEVI, seed 46, iteration 1730, time: 1244.7046480178833
Starting label LEVI, seed 46, iteration 1740, time: 1256.0904519557953
Starting label LEVI, seed 46, iteration 1750, time: 1268.3339517116547
Starting label LEVI, seed 46, iteration 1760, time: 1280.349447965622
Starting label LEVI, seed 46, iteration 1770, time: 1292.515068769455
Starting label LEVI, seed 46, iteration 1780, time: 1303.6772575378418
Starting label LEVI, seed 46, iteration 1790, time: 1315.6907062530518
Starting label LEVI, seed 46, iteration 1800, time: 1327.095057964325
Starting label LEVI, seed 46, iteration 1810, time: 1338.7055747509003
Starting label LEVI, seed 46, iteration 1820, time: 1350.7822127342224
Starting label LEVI, seed 46, iteration 1830, time: 1362.8833057880402
Starting label LEVI, seed 46, iteration 1840, time: 1376.6394383907318
Starting label LEVI, seed 46, iteration 1850, time: 1388.882117986679
Starting label LEVI, seed 46, iteration 1860, time: 1400.7431938648224
Starting label LEVI, seed 46, iteration 1870, time: 1414.3806176185608
Starting label LEVI, seed 46, iteration 1880, time: 1428.1277613639832
Starting label LEVI, seed 46, iteration 1890, time: 1442.45037150383
Starting label LEVI, seed 46, iteration 1900, time: 1455.805938243866
Starting label LEVI, seed 46, iteration 1910, time: 1469.2529692649841
Starting label LEVI, seed 46, iteration 1920, time: 1483.2073838710785
Starting label LEVI, seed 46, iteration 1930, time: 1496.603556394577
Starting label LEVI, seed 46, iteration 1940, time: 1510.7555067539215
Starting label LEVI, seed 46, iteration 1950, time: 1526.7505424022675
Starting label LEVI, seed 46, iteration 1960, time: 1540.7306537628174
Starting label LEVI, seed 46, iteration 1970, time: 1554.5231137275696
Starting label LEVI, seed 46, iteration 1980, time: 1570.1822147369385
Starting label LEVI, seed 46, iteration 1990, time: 1586.2263495922089
submitit INFO (2022-10-02 13:48:36,550) - Job completed successfully
