submitit INFO (2022-10-02 00:29:42,887) - Starting with JobEnvironment(job_id=883252_1, hostname=sablab-gpu-07.ece.cornell.edu, local_rank=0(1), node=0(1), global_rank=0(1))
submitit INFO (2022-10-02 00:29:42,887) - Loading pickle: /home/gid-cakmaks/contextual_rs/experiments/wsc_experiments/logs/883252_1/883252_1_submitted.pkl
Starting label LEVI, seed 21, iteration 0, time: 0.030747413635253906
Starting label LEVI, seed 21, iteration 10, time: 62.78236413002014
Starting label LEVI, seed 21, iteration 20, time: 105.6628930568695
Starting label LEVI, seed 21, iteration 30, time: 108.04747891426086
Starting label LEVI, seed 21, iteration 40, time: 110.38438630104065
Starting label LEVI, seed 21, iteration 50, time: 112.73621487617493
Starting label LEVI, seed 21, iteration 60, time: 135.2438189983368
Starting label LEVI, seed 21, iteration 70, time: 148.40437388420105
Starting label LEVI, seed 21, iteration 80, time: 150.73210644721985
Starting label LEVI, seed 21, iteration 90, time: 153.6275532245636
Starting label LEVI, seed 21, iteration 100, time: 155.87148261070251
Starting label LEVI, seed 21, iteration 110, time: 158.30913019180298
Starting label LEVI, seed 21, iteration 120, time: 160.77772498130798
Starting label LEVI, seed 21, iteration 130, time: 163.19061923027039
Starting label LEVI, seed 21, iteration 140, time: 165.78803253173828
Starting label LEVI, seed 21, iteration 150, time: 168.25203943252563
Starting label LEVI, seed 21, iteration 160, time: 224.37423872947693
Starting label LEVI, seed 21, iteration 170, time: 247.56830024719238
Starting label LEVI, seed 21, iteration 180, time: 284.66819524765015
Starting label LEVI, seed 21, iteration 190, time: 369.8182044029236
Starting label LEVI, seed 21, iteration 200, time: 446.14234590530396
Starting label LEVI, seed 21, iteration 210, time: 566.3433785438538
Starting label LEVI, seed 21, iteration 220, time: 699.2057311534882
Starting label LEVI, seed 21, iteration 230, time: 836.4484372138977
Starting label LEVI, seed 21, iteration 240, time: 973.791613817215
Starting label LEVI, seed 21, iteration 250, time: 1083.3136401176453
Starting label LEVI, seed 21, iteration 260, time: 1202.9254915714264
Starting label LEVI, seed 21, iteration 270, time: 1322.240436077118
Starting label LEVI, seed 21, iteration 280, time: 1343.2481927871704
Starting label LEVI, seed 21, iteration 290, time: 1345.6241686344147
Starting label LEVI, seed 21, iteration 300, time: 1347.978405714035
Starting label LEVI, seed 21, iteration 310, time: 1350.4588980674744
Starting label LEVI, seed 21, iteration 320, time: 1352.8305130004883
Starting label LEVI, seed 21, iteration 330, time: 1355.1682920455933
Starting label LEVI, seed 21, iteration 340, time: 1357.4071888923645
Starting label LEVI, seed 21, iteration 350, time: 1359.8094506263733
Starting label LEVI, seed 21, iteration 360, time: 1362.2158935070038
Starting label LEVI, seed 21, iteration 370, time: 1364.6806190013885
Starting label LEVI, seed 21, iteration 380, time: 1367.152745962143
Starting label LEVI, seed 21, iteration 390, time: 1369.7464847564697
Starting label LEVI, seed 21, iteration 400, time: 1372.1856777668
Starting label LEVI, seed 21, iteration 410, time: 1374.6059591770172
Starting label LEVI, seed 21, iteration 420, time: 1377.0671672821045
Starting label LEVI, seed 21, iteration 430, time: 1379.6603484153748
Starting label LEVI, seed 21, iteration 440, time: 1382.2087388038635
Starting label LEVI, seed 21, iteration 450, time: 1384.7985966205597
Starting label LEVI, seed 21, iteration 460, time: 1406.7172150611877
Starting label LEVI, seed 21, iteration 470, time: 1497.8736691474915
Starting label LEVI, seed 21, iteration 480, time: 1565.8847076892853
submitit WARNING (2022-10-02 00:55:52,313) - Bypassing signal SIGTERM
submitit WARNING (2022-10-02 00:55:52,313) - Bypassing signal SIGCONT
