submitit INFO (2022-10-02 00:03:30,627) - Starting with JobEnvironment(job_id=883180_3, hostname=badfellow.cs.cornell.edu, local_rank=0(1), node=0(1), global_rank=0(1))
submitit INFO (2022-10-02 00:03:30,628) - Loading pickle: /home/gid-cakmaks/contextual_rs/experiments/wsc_experiments/logs/883180_3/883180_3_submitted.pkl
Starting label LEVI, seed 53, iteration 0, time: 9.036064147949219e-05
Starting label LEVI, seed 53, iteration 10, time: 6.0176942348480225
Starting label LEVI, seed 53, iteration 20, time: 7.516630172729492
Starting label LEVI, seed 53, iteration 30, time: 9.026709079742432
Starting label LEVI, seed 53, iteration 40, time: 10.538360595703125
Starting label LEVI, seed 53, iteration 50, time: 12.055608749389648
Starting label LEVI, seed 53, iteration 60, time: 13.559326410293579
Starting label LEVI, seed 53, iteration 70, time: 15.047162532806396
Starting label LEVI, seed 53, iteration 80, time: 16.550185441970825
Starting label LEVI, seed 53, iteration 90, time: 18.077975511550903
Starting label LEVI, seed 53, iteration 100, time: 19.583619832992554
Starting label LEVI, seed 53, iteration 110, time: 21.060556650161743
Starting label LEVI, seed 53, iteration 120, time: 22.571555852890015
Starting label LEVI, seed 53, iteration 130, time: 24.110281944274902
Starting label LEVI, seed 53, iteration 140, time: 25.68804144859314
Starting label LEVI, seed 53, iteration 150, time: 27.209415435791016
Starting label LEVI, seed 53, iteration 160, time: 28.720495223999023
Starting label LEVI, seed 53, iteration 170, time: 30.27882194519043
Starting label LEVI, seed 53, iteration 180, time: 31.8240327835083
Starting label LEVI, seed 53, iteration 190, time: 33.3802056312561
Starting label LEVI, seed 53, iteration 200, time: 34.92092561721802
Starting label LEVI, seed 53, iteration 210, time: 36.45164680480957
Starting label LEVI, seed 53, iteration 220, time: 38.058327436447144
Starting label LEVI, seed 53, iteration 230, time: 39.57256007194519
Starting label LEVI, seed 53, iteration 240, time: 41.11951780319214
Starting label LEVI, seed 53, iteration 250, time: 42.64638066291809
Starting label LEVI, seed 53, iteration 260, time: 44.15802025794983
Starting label LEVI, seed 53, iteration 270, time: 45.71932029724121
Starting label LEVI, seed 53, iteration 280, time: 47.26816177368164
Starting label LEVI, seed 53, iteration 290, time: 48.80613136291504
Starting label LEVI, seed 53, iteration 300, time: 50.3595871925354
Starting label LEVI, seed 53, iteration 310, time: 51.987478494644165
Starting label LEVI, seed 53, iteration 320, time: 53.54652523994446
Starting label LEVI, seed 53, iteration 330, time: 55.11211919784546
Starting label LEVI, seed 53, iteration 340, time: 56.68699860572815
Starting label LEVI, seed 53, iteration 350, time: 58.24737048149109
Starting label LEVI, seed 53, iteration 360, time: 59.8372437953949
Starting label LEVI, seed 53, iteration 370, time: 61.405019760131836
Starting label LEVI, seed 53, iteration 380, time: 62.95828294754028
Starting label LEVI, seed 53, iteration 390, time: 64.55635952949524
Starting label LEVI, seed 53, iteration 400, time: 66.11269497871399
Starting label LEVI, seed 53, iteration 410, time: 67.69018745422363
Starting label LEVI, seed 53, iteration 420, time: 69.587406873703
Starting label LEVI, seed 53, iteration 430, time: 71.43399739265442
Starting label LEVI, seed 53, iteration 440, time: 73.17190217971802
Starting label LEVI, seed 53, iteration 450, time: 74.95293235778809
Starting label LEVI, seed 53, iteration 460, time: 76.76345634460449
Starting label LEVI, seed 53, iteration 470, time: 78.63670873641968
Starting label LEVI, seed 53, iteration 480, time: 80.42150521278381
Starting label LEVI, seed 53, iteration 490, time: 82.47372484207153
Starting label LEVI, seed 53, iteration 500, time: 84.51462888717651
Starting label LEVI, seed 53, iteration 510, time: 87.04366731643677
Starting label LEVI, seed 53, iteration 520, time: 90.03304362297058
Starting label LEVI, seed 53, iteration 530, time: 92.45910549163818
Starting label LEVI, seed 53, iteration 540, time: 95.16636323928833
Starting label LEVI, seed 53, iteration 550, time: 98.264324426651
Starting label LEVI, seed 53, iteration 560, time: 101.0312352180481
Starting label LEVI, seed 53, iteration 570, time: 103.96615672111511
Starting label LEVI, seed 53, iteration 580, time: 106.96037983894348
Starting label LEVI, seed 53, iteration 590, time: 110.00688862800598
Starting label LEVI, seed 53, iteration 600, time: 112.94871878623962
Starting label LEVI, seed 53, iteration 610, time: 115.50014686584473
Starting label LEVI, seed 53, iteration 620, time: 118.53989863395691
Starting label LEVI, seed 53, iteration 630, time: 121.43787598609924
Starting label LEVI, seed 53, iteration 640, time: 124.26683211326599
Starting label LEVI, seed 53, iteration 650, time: 127.16952395439148
Starting label LEVI, seed 53, iteration 660, time: 130.1132218837738
Starting label LEVI, seed 53, iteration 670, time: 132.8844439983368
Starting label LEVI, seed 53, iteration 680, time: 135.57754564285278
Starting label LEVI, seed 53, iteration 690, time: 138.1427402496338
Starting label LEVI, seed 53, iteration 700, time: 140.77847480773926
Starting label LEVI, seed 53, iteration 710, time: 143.18463587760925
Starting label LEVI, seed 53, iteration 720, time: 145.61164116859436
Starting label LEVI, seed 53, iteration 730, time: 148.22004389762878
Starting label LEVI, seed 53, iteration 740, time: 150.945791721344
Starting label LEVI, seed 53, iteration 750, time: 153.55316424369812
Starting label LEVI, seed 53, iteration 760, time: 156.12623047828674
Starting label LEVI, seed 53, iteration 770, time: 158.66128611564636
Starting label LEVI, seed 53, iteration 780, time: 161.33655071258545
Starting label LEVI, seed 53, iteration 790, time: 163.89363074302673
Starting label LEVI, seed 53, iteration 800, time: 166.2839391231537
Starting label LEVI, seed 53, iteration 810, time: 168.1974401473999
Starting label LEVI, seed 53, iteration 820, time: 169.91334128379822
Starting label LEVI, seed 53, iteration 830, time: 171.63218569755554
Starting label LEVI, seed 53, iteration 840, time: 173.36359477043152
Starting label LEVI, seed 53, iteration 850, time: 175.10321021080017
Starting label LEVI, seed 53, iteration 860, time: 176.78567957878113
Starting label LEVI, seed 53, iteration 870, time: 178.48855471611023
Starting label LEVI, seed 53, iteration 880, time: 180.27388405799866
Starting label LEVI, seed 53, iteration 890, time: 182.03264117240906
Starting label LEVI, seed 53, iteration 900, time: 183.72229552268982
Starting label LEVI, seed 53, iteration 910, time: 185.43205547332764
Starting label LEVI, seed 53, iteration 920, time: 187.1739866733551
Starting label LEVI, seed 53, iteration 930, time: 188.86596941947937
Starting label LEVI, seed 53, iteration 940, time: 190.5755112171173
Starting label LEVI, seed 53, iteration 950, time: 192.2644543647766
Starting label LEVI, seed 53, iteration 960, time: 193.9450385570526
Starting label LEVI, seed 53, iteration 970, time: 195.744149684906
Starting label LEVI, seed 53, iteration 980, time: 197.48799848556519
Starting label LEVI, seed 53, iteration 990, time: 199.22266745567322
Starting label LEVI, seed 53, iteration 1000, time: 200.97618198394775
Starting label LEVI, seed 53, iteration 1010, time: 202.7240948677063
Starting label LEVI, seed 53, iteration 1020, time: 204.45160055160522
Starting label LEVI, seed 53, iteration 1030, time: 206.22230434417725
Starting label LEVI, seed 53, iteration 1040, time: 207.95998096466064
Starting label LEVI, seed 53, iteration 1050, time: 209.7655565738678
Starting label LEVI, seed 53, iteration 1060, time: 211.5591595172882
Starting label LEVI, seed 53, iteration 1070, time: 213.37336540222168
Starting label LEVI, seed 53, iteration 1080, time: 215.22902297973633
Starting label LEVI, seed 53, iteration 1090, time: 217.07618832588196
Starting label LEVI, seed 53, iteration 1100, time: 218.92324686050415
Starting label LEVI, seed 53, iteration 1110, time: 220.7831907272339
Starting label LEVI, seed 53, iteration 1120, time: 222.63570070266724
Starting label LEVI, seed 53, iteration 1130, time: 224.50162744522095
Starting label LEVI, seed 53, iteration 1140, time: 226.4214005470276
Starting label LEVI, seed 53, iteration 1150, time: 228.33541655540466
Starting label LEVI, seed 53, iteration 1160, time: 230.18234634399414
Starting label LEVI, seed 53, iteration 1170, time: 232.06703662872314
Starting label LEVI, seed 53, iteration 1180, time: 233.96339201927185
Starting label LEVI, seed 53, iteration 1190, time: 235.90188813209534
Starting label LEVI, seed 53, iteration 1200, time: 237.85605788230896
Starting label LEVI, seed 53, iteration 1210, time: 239.86658668518066
Starting label LEVI, seed 53, iteration 1220, time: 241.98501992225647
Starting label LEVI, seed 53, iteration 1230, time: 243.9606227874756
Starting label LEVI, seed 53, iteration 1240, time: 245.93406224250793
Starting label LEVI, seed 53, iteration 1250, time: 247.85999131202698
Starting label LEVI, seed 53, iteration 1260, time: 249.79357886314392
Starting label LEVI, seed 53, iteration 1270, time: 251.74871706962585
Starting label LEVI, seed 53, iteration 1280, time: 253.7917001247406
Starting label LEVI, seed 53, iteration 1290, time: 255.85530519485474
Starting label LEVI, seed 53, iteration 1300, time: 257.9424993991852
Starting label LEVI, seed 53, iteration 1310, time: 260.0531439781189
Starting label LEVI, seed 53, iteration 1320, time: 262.2022159099579
Starting label LEVI, seed 53, iteration 1330, time: 264.2958891391754
Starting label LEVI, seed 53, iteration 1340, time: 266.31227350234985
Starting label LEVI, seed 53, iteration 1350, time: 268.4811301231384
Starting label LEVI, seed 53, iteration 1360, time: 270.67880511283875
Starting label LEVI, seed 53, iteration 1370, time: 272.8680465221405
Starting label LEVI, seed 53, iteration 1380, time: 275.01820945739746
Starting label LEVI, seed 53, iteration 1390, time: 277.18921160697937
Starting label LEVI, seed 53, iteration 1400, time: 279.4668719768524
Starting label LEVI, seed 53, iteration 1410, time: 281.6731402873993
Starting label LEVI, seed 53, iteration 1420, time: 283.8770830631256
Starting label LEVI, seed 53, iteration 1430, time: 286.2066307067871
Starting label LEVI, seed 53, iteration 1440, time: 288.425537109375
Starting label LEVI, seed 53, iteration 1450, time: 290.66840291023254
Starting label LEVI, seed 53, iteration 1460, time: 293.0135943889618
Starting label LEVI, seed 53, iteration 1470, time: 295.31561303138733
Starting label LEVI, seed 53, iteration 1480, time: 297.5623891353607
Starting label LEVI, seed 53, iteration 1490, time: 300.03850865364075
Starting label LEVI, seed 53, iteration 1500, time: 302.37571358680725
Starting label LEVI, seed 53, iteration 1510, time: 304.7620482444763
Starting label LEVI, seed 53, iteration 1520, time: 307.1008460521698
Starting label LEVI, seed 53, iteration 1530, time: 309.4896743297577
Starting label LEVI, seed 53, iteration 1540, time: 312.0101828575134
Starting label LEVI, seed 53, iteration 1550, time: 314.52369451522827
Starting label LEVI, seed 53, iteration 1560, time: 316.87636375427246
Starting label LEVI, seed 53, iteration 1570, time: 319.2784950733185
Starting label LEVI, seed 53, iteration 1580, time: 321.72006273269653
Starting label LEVI, seed 53, iteration 1590, time: 324.2381658554077
Starting label LEVI, seed 53, iteration 1600, time: 326.6810054779053
Starting label LEVI, seed 53, iteration 1610, time: 329.2514729499817
Starting label LEVI, seed 53, iteration 1620, time: 331.8132128715515
Starting label LEVI, seed 53, iteration 1630, time: 334.3688178062439
Starting label LEVI, seed 53, iteration 1640, time: 336.7749843597412
Starting label LEVI, seed 53, iteration 1650, time: 339.2394280433655
Starting label LEVI, seed 53, iteration 1660, time: 341.7889416217804
Starting label LEVI, seed 53, iteration 1670, time: 344.36990094184875
Starting label LEVI, seed 53, iteration 1680, time: 346.82987570762634
Starting label LEVI, seed 53, iteration 1690, time: 349.4836013317108
Starting label LEVI, seed 53, iteration 1700, time: 352.11801266670227
Starting label LEVI, seed 53, iteration 1710, time: 354.92166471481323
Starting label LEVI, seed 53, iteration 1720, time: 357.6083495616913
Starting label LEVI, seed 53, iteration 1730, time: 360.34482741355896
Starting label LEVI, seed 53, iteration 1740, time: 363.17581009864807
Starting label LEVI, seed 53, iteration 1750, time: 365.8895814418793
Starting label LEVI, seed 53, iteration 1760, time: 368.6372504234314
Starting label LEVI, seed 53, iteration 1770, time: 371.4774568080902
Starting label LEVI, seed 53, iteration 1780, time: 374.3402199745178
Starting label LEVI, seed 53, iteration 1790, time: 377.05842089653015
Starting label LEVI, seed 53, iteration 1800, time: 379.95758175849915
Starting label LEVI, seed 53, iteration 1810, time: 382.79552721977234
Starting label LEVI, seed 53, iteration 1820, time: 385.8976151943207
Starting label LEVI, seed 53, iteration 1830, time: 389.01360154151917
Starting label LEVI, seed 53, iteration 1840, time: 392.08284044265747
Starting label LEVI, seed 53, iteration 1850, time: 395.23051857948303
Starting label LEVI, seed 53, iteration 1860, time: 398.14842319488525
Starting label LEVI, seed 53, iteration 1870, time: 401.39411520957947
Starting label LEVI, seed 53, iteration 1880, time: 404.6196708679199
Starting label LEVI, seed 53, iteration 1890, time: 407.70984649658203
Starting label LEVI, seed 53, iteration 1900, time: 410.8225483894348
Starting label LEVI, seed 53, iteration 1910, time: 414.0299623012543
Starting label LEVI, seed 53, iteration 1920, time: 417.23673391342163
Starting label LEVI, seed 53, iteration 1930, time: 420.265953540802
Starting label LEVI, seed 53, iteration 1940, time: 423.4001319408417
Starting label LEVI, seed 53, iteration 1950, time: 426.75503039360046
Starting label LEVI, seed 53, iteration 1960, time: 429.9773771762848
Starting label LEVI, seed 53, iteration 1970, time: 433.1502993106842
Starting label LEVI, seed 53, iteration 1980, time: 436.49652647972107
Starting label LEVI, seed 53, iteration 1990, time: 439.65440940856934
submitit INFO (2022-10-02 00:10:54,968) - Job completed successfully
