submitit INFO (2022-10-02 01:50:30,384) - Starting with JobEnvironment(job_id=883570_7, hostname=compling-compute-02.compling.cornell.edu, local_rank=0(1), node=0(1), global_rank=0(1))
submitit INFO (2022-10-02 01:50:30,384) - Loading pickle: /home/gid-cakmaks/contextual_rs/experiments/wsc_experiments/logs/883570_7/883570_7_submitted.pkl
Starting label LEVI, seed 57, iteration 0, time: 0.0005548000335693359
Starting label LEVI, seed 57, iteration 10, time: 3.773148536682129
Starting label LEVI, seed 57, iteration 20, time: 6.923335790634155
Starting label LEVI, seed 57, iteration 30, time: 10.06110692024231
Starting label LEVI, seed 57, iteration 40, time: 13.124448537826538
Starting label LEVI, seed 57, iteration 50, time: 16.24763584136963
Starting label LEVI, seed 57, iteration 60, time: 19.21713948249817
Starting label LEVI, seed 57, iteration 70, time: 22.447394371032715
Starting label LEVI, seed 57, iteration 80, time: 25.637434720993042
Starting label LEVI, seed 57, iteration 90, time: 28.774158000946045
Starting label LEVI, seed 57, iteration 100, time: 32.010719776153564
Starting label LEVI, seed 57, iteration 110, time: 35.17454981803894
Starting label LEVI, seed 57, iteration 120, time: 38.54337239265442
Starting label LEVI, seed 57, iteration 130, time: 41.974236726760864
Starting label LEVI, seed 57, iteration 140, time: 45.186692237854004
Starting label LEVI, seed 57, iteration 150, time: 48.44867563247681
Starting label LEVI, seed 57, iteration 160, time: 51.783653020858765
Starting label LEVI, seed 57, iteration 170, time: 55.05722641944885
Starting label LEVI, seed 57, iteration 180, time: 58.311192989349365
Starting label LEVI, seed 57, iteration 190, time: 61.5740692615509
Starting label LEVI, seed 57, iteration 200, time: 64.99785614013672
Starting label LEVI, seed 57, iteration 210, time: 68.32041049003601
Starting label LEVI, seed 57, iteration 220, time: 71.53978323936462
Starting label LEVI, seed 57, iteration 230, time: 74.87273573875427
Starting label LEVI, seed 57, iteration 240, time: 78.28223395347595
Starting label LEVI, seed 57, iteration 250, time: 81.79472041130066
Starting label LEVI, seed 57, iteration 260, time: 85.39883065223694
Starting label LEVI, seed 57, iteration 270, time: 88.98142910003662
Starting label LEVI, seed 57, iteration 280, time: 92.58694195747375
Starting label LEVI, seed 57, iteration 290, time: 96.22886228561401
Starting label LEVI, seed 57, iteration 300, time: 99.93528461456299
Starting label LEVI, seed 57, iteration 310, time: 103.66174602508545
Starting label LEVI, seed 57, iteration 320, time: 107.40734529495239
Starting label LEVI, seed 57, iteration 330, time: 111.25505089759827
Starting label LEVI, seed 57, iteration 340, time: 114.86086058616638
Starting label LEVI, seed 57, iteration 350, time: 118.53698348999023
Starting label LEVI, seed 57, iteration 360, time: 122.22337579727173
Starting label LEVI, seed 57, iteration 370, time: 125.7969479560852
Starting label LEVI, seed 57, iteration 380, time: 129.55150270462036
Starting label LEVI, seed 57, iteration 390, time: 133.00827169418335
Starting label LEVI, seed 57, iteration 400, time: 136.4291968345642
Starting label LEVI, seed 57, iteration 410, time: 139.9602210521698
Starting label LEVI, seed 57, iteration 420, time: 143.4932792186737
Starting label LEVI, seed 57, iteration 430, time: 147.08425378799438
Starting label LEVI, seed 57, iteration 440, time: 150.64175009727478
Starting label LEVI, seed 57, iteration 450, time: 154.26017904281616
Starting label LEVI, seed 57, iteration 460, time: 157.65081071853638
Starting label LEVI, seed 57, iteration 470, time: 161.06150460243225
Starting label LEVI, seed 57, iteration 480, time: 164.41320323944092
Starting label LEVI, seed 57, iteration 490, time: 167.79001140594482
Starting label LEVI, seed 57, iteration 500, time: 171.02604246139526
Starting label LEVI, seed 57, iteration 510, time: 174.40269565582275
Starting label LEVI, seed 57, iteration 520, time: 177.87063813209534
Starting label LEVI, seed 57, iteration 530, time: 181.37299227714539
Starting label LEVI, seed 57, iteration 540, time: 184.7434902191162
Starting label LEVI, seed 57, iteration 550, time: 187.9957811832428
Starting label LEVI, seed 57, iteration 560, time: 191.42084956169128
Starting label LEVI, seed 57, iteration 570, time: 194.84974575042725
Starting label LEVI, seed 57, iteration 580, time: 198.29616475105286
Starting label LEVI, seed 57, iteration 590, time: 201.90078592300415
Starting label LEVI, seed 57, iteration 600, time: 205.49286317825317
Starting label LEVI, seed 57, iteration 610, time: 208.99894618988037
Starting label LEVI, seed 57, iteration 620, time: 212.5162811279297
Starting label LEVI, seed 57, iteration 630, time: 216.0989453792572
Starting label LEVI, seed 57, iteration 640, time: 219.73442959785461
Starting label LEVI, seed 57, iteration 650, time: 223.3411250114441
Starting label LEVI, seed 57, iteration 660, time: 226.9859426021576
Starting label LEVI, seed 57, iteration 670, time: 230.61567306518555
Starting label LEVI, seed 57, iteration 680, time: 234.333509683609
Starting label LEVI, seed 57, iteration 690, time: 238.13748931884766
Starting label LEVI, seed 57, iteration 700, time: 241.8197968006134
Starting label LEVI, seed 57, iteration 710, time: 245.55469012260437
Starting label LEVI, seed 57, iteration 720, time: 249.24897003173828
Starting label LEVI, seed 57, iteration 730, time: 252.95214462280273
Starting label LEVI, seed 57, iteration 740, time: 256.7323377132416
Starting label LEVI, seed 57, iteration 750, time: 260.5804603099823
Starting label LEVI, seed 57, iteration 760, time: 264.3424599170685
Starting label LEVI, seed 57, iteration 770, time: 268.2060022354126
Starting label LEVI, seed 57, iteration 780, time: 272.0150420665741
Starting label LEVI, seed 57, iteration 790, time: 275.8414387702942
Starting label LEVI, seed 57, iteration 800, time: 279.7549455165863
submitit WARNING (2022-10-02 01:55:12,534) - Bypassing signal SIGCONT
submitit WARNING (2022-10-02 01:55:12,630) - Bypassing signal SIGTERM
Starting label LEVI, seed 57, iteration 810, time: 283.68808579444885
Starting label LEVI, seed 57, iteration 820, time: 287.6483106613159
Starting label LEVI, seed 57, iteration 830, time: 291.4588522911072
Starting label LEVI, seed 57, iteration 840, time: 295.2706389427185
Starting label LEVI, seed 57, iteration 850, time: 299.2914152145386
Starting label LEVI, seed 57, iteration 860, time: 303.3363552093506
Starting label LEVI, seed 57, iteration 870, time: 307.4495394229889
