submitit INFO (2022-10-02 01:42:48,089) - Starting with JobEnvironment(job_id=883479_8, hostname=g2-compute-96.coecis.cornell.edu, local_rank=0(1), node=0(1), global_rank=0(1))
submitit INFO (2022-10-02 01:42:48,089) - Loading pickle: /home/gid-cakmaks/contextual_rs/experiments/wsc_experiments/logs/883479_8/883479_8_submitted.pkl
Starting label LEVI, seed 68, iteration 0, time: 0.0019366741180419922
Starting label LEVI, seed 68, iteration 10, time: 4.04217791557312
Starting label LEVI, seed 68, iteration 20, time: 7.881544828414917
Starting label LEVI, seed 68, iteration 30, time: 12.011479616165161
Starting label LEVI, seed 68, iteration 40, time: 15.767217874526978
Starting label LEVI, seed 68, iteration 50, time: 19.740542888641357
Starting label LEVI, seed 68, iteration 60, time: 23.765453100204468
Starting label LEVI, seed 68, iteration 70, time: 28.237491846084595
Starting label LEVI, seed 68, iteration 80, time: 32.46206283569336
Starting label LEVI, seed 68, iteration 90, time: 37.041106939315796
Starting label LEVI, seed 68, iteration 100, time: 41.597341775894165
Starting label LEVI, seed 68, iteration 110, time: 46.02800631523132
Starting label LEVI, seed 68, iteration 120, time: 50.683204650878906
Starting label LEVI, seed 68, iteration 130, time: 55.62719535827637
Starting label LEVI, seed 68, iteration 140, time: 60.441150426864624
Starting label LEVI, seed 68, iteration 150, time: 65.61655402183533
Starting label LEVI, seed 68, iteration 160, time: 70.654123544693
Starting label LEVI, seed 68, iteration 170, time: 76.00794506072998
Starting label LEVI, seed 68, iteration 180, time: 81.4568121433258
Starting label LEVI, seed 68, iteration 190, time: 87.00293064117432
Starting label LEVI, seed 68, iteration 200, time: 92.4219765663147
Starting label LEVI, seed 68, iteration 210, time: 98.05633473396301
Starting label LEVI, seed 68, iteration 220, time: 103.75185036659241
Starting label LEVI, seed 68, iteration 230, time: 109.52256226539612
Starting label LEVI, seed 68, iteration 240, time: 115.37828612327576
Starting label LEVI, seed 68, iteration 250, time: 121.07665276527405
Starting label LEVI, seed 68, iteration 260, time: 126.65997886657715
Starting label LEVI, seed 68, iteration 270, time: 132.10678791999817
Starting label LEVI, seed 68, iteration 280, time: 137.2695415019989
Starting label LEVI, seed 68, iteration 290, time: 142.57264375686646
Starting label LEVI, seed 68, iteration 300, time: 147.94235181808472
Starting label LEVI, seed 68, iteration 310, time: 153.63688111305237
Starting label LEVI, seed 68, iteration 320, time: 158.5579068660736
Starting label LEVI, seed 68, iteration 330, time: 163.92312669754028
Starting label LEVI, seed 68, iteration 340, time: 169.23726391792297
Starting label LEVI, seed 68, iteration 350, time: 174.56836700439453
Starting label LEVI, seed 68, iteration 360, time: 179.86367201805115
Starting label LEVI, seed 68, iteration 370, time: 185.07827591896057
Starting label LEVI, seed 68, iteration 380, time: 190.28272104263306
Starting label LEVI, seed 68, iteration 390, time: 195.34714245796204
Starting label LEVI, seed 68, iteration 400, time: 200.26221013069153
Starting label LEVI, seed 68, iteration 410, time: 205.1106834411621
Starting label LEVI, seed 68, iteration 420, time: 210.1384174823761
Starting label LEVI, seed 68, iteration 430, time: 215.28099393844604
Starting label LEVI, seed 68, iteration 440, time: 220.3630895614624
Starting label LEVI, seed 68, iteration 450, time: 225.38678741455078
Starting label LEVI, seed 68, iteration 460, time: 230.59811115264893
Starting label LEVI, seed 68, iteration 470, time: 235.66122698783875
Starting label LEVI, seed 68, iteration 480, time: 240.75932931900024
Starting label LEVI, seed 68, iteration 490, time: 245.76323890686035
Starting label LEVI, seed 68, iteration 500, time: 250.8721866607666
Starting label LEVI, seed 68, iteration 510, time: 255.97313737869263
Starting label LEVI, seed 68, iteration 520, time: 261.04458117485046
Starting label LEVI, seed 68, iteration 530, time: 266.35201621055603
Starting label LEVI, seed 68, iteration 540, time: 271.6783857345581
Starting label LEVI, seed 68, iteration 550, time: 277.0948693752289
Starting label LEVI, seed 68, iteration 560, time: 282.3424527645111
Starting label LEVI, seed 68, iteration 570, time: 287.518869638443
Starting label LEVI, seed 68, iteration 580, time: 292.74010610580444
Starting label LEVI, seed 68, iteration 590, time: 298.35281801223755
Starting label LEVI, seed 68, iteration 600, time: 303.86352372169495
Starting label LEVI, seed 68, iteration 610, time: 309.4667134284973
Starting label LEVI, seed 68, iteration 620, time: 315.0556809902191
Starting label LEVI, seed 68, iteration 630, time: 320.711807012558
Starting label LEVI, seed 68, iteration 640, time: 326.2239046096802
Starting label LEVI, seed 68, iteration 650, time: 332.152138710022
Starting label LEVI, seed 68, iteration 660, time: 337.65560483932495
Starting label LEVI, seed 68, iteration 670, time: 343.3340482711792
Starting label LEVI, seed 68, iteration 680, time: 348.9590721130371
Starting label LEVI, seed 68, iteration 690, time: 354.527841091156
Starting label LEVI, seed 68, iteration 700, time: 360.8601930141449
Starting label LEVI, seed 68, iteration 710, time: 366.46155619621277
Starting label LEVI, seed 68, iteration 720, time: 372.2242286205292
Starting label LEVI, seed 68, iteration 730, time: 377.9022123813629
Starting label LEVI, seed 68, iteration 740, time: 383.65498638153076
Starting label LEVI, seed 68, iteration 750, time: 389.4428246021271
submitit WARNING (2022-10-02 01:49:22,461) - Bypassing signal SIGCONT
submitit WARNING (2022-10-02 01:49:22,465) - Bypassing signal SIGTERM
Starting label LEVI, seed 68, iteration 760, time: 395.058655500412
Starting label LEVI, seed 68, iteration 770, time: 400.7405126094818
Starting label LEVI, seed 68, iteration 780, time: 406.3115975856781
Starting label LEVI, seed 68, iteration 790, time: 412.1780140399933
Starting label LEVI, seed 68, iteration 800, time: 417.9247875213623
