submitit INFO (2022-10-02 00:30:02,622) - Starting with JobEnvironment(job_id=883272_7, hostname=g2-compute-95.coecis.cornell.edu, local_rank=0(1), node=0(1), global_rank=0(1))
submitit INFO (2022-10-02 00:30:02,622) - Loading pickle: /home/gid-cakmaks/contextual_rs/experiments/wsc_experiments/logs/883272_7/883272_7_submitted.pkl
Starting label LEVI, seed 47, iteration 0, time: 0.0004012584686279297
Starting label LEVI, seed 47, iteration 10, time: 2.1898701190948486
Starting label LEVI, seed 47, iteration 20, time: 4.334889650344849
Starting label LEVI, seed 47, iteration 30, time: 6.618669509887695
Starting label LEVI, seed 47, iteration 40, time: 8.84177565574646
Starting label LEVI, seed 47, iteration 50, time: 11.150659561157227
Starting label LEVI, seed 47, iteration 60, time: 13.64096713066101
Starting label LEVI, seed 47, iteration 70, time: 15.96044635772705
Starting label LEVI, seed 47, iteration 80, time: 18.258780002593994
Starting label LEVI, seed 47, iteration 90, time: 20.57974886894226
Starting label LEVI, seed 47, iteration 100, time: 22.94812273979187
Starting label LEVI, seed 47, iteration 110, time: 25.316033363342285
Starting label LEVI, seed 47, iteration 120, time: 27.7007155418396
Starting label LEVI, seed 47, iteration 130, time: 30.061662197113037
Starting label LEVI, seed 47, iteration 140, time: 32.5344340801239
Starting label LEVI, seed 47, iteration 150, time: 34.95422124862671
Starting label LEVI, seed 47, iteration 160, time: 37.385090827941895
Starting label LEVI, seed 47, iteration 170, time: 39.77986192703247
Starting label LEVI, seed 47, iteration 180, time: 42.21249556541443
Starting label LEVI, seed 47, iteration 190, time: 44.618595361709595
Starting label LEVI, seed 47, iteration 200, time: 47.111199617385864
Starting label LEVI, seed 47, iteration 210, time: 49.733442068099976
Starting label LEVI, seed 47, iteration 220, time: 52.38764667510986
Starting label LEVI, seed 47, iteration 230, time: 55.10759735107422
Starting label LEVI, seed 47, iteration 240, time: 57.81969428062439
Starting label LEVI, seed 47, iteration 250, time: 60.66991448402405
Starting label LEVI, seed 47, iteration 260, time: 63.61842656135559
Starting label LEVI, seed 47, iteration 270, time: 66.27461552619934
Starting label LEVI, seed 47, iteration 280, time: 68.93447995185852
Starting label LEVI, seed 47, iteration 290, time: 71.61793994903564
Starting label LEVI, seed 47, iteration 300, time: 74.32015609741211
Starting label LEVI, seed 47, iteration 310, time: 77.04435467720032
Starting label LEVI, seed 47, iteration 320, time: 79.70731592178345
Starting label LEVI, seed 47, iteration 330, time: 82.4481897354126
Starting label LEVI, seed 47, iteration 340, time: 85.14819765090942
Starting label LEVI, seed 47, iteration 350, time: 88.00895190238953
Starting label LEVI, seed 47, iteration 360, time: 91.01826763153076
Starting label LEVI, seed 47, iteration 370, time: 94.01598167419434
Starting label LEVI, seed 47, iteration 380, time: 96.93050026893616
Starting label LEVI, seed 47, iteration 390, time: 99.93603372573853
Starting label LEVI, seed 47, iteration 400, time: 102.92715811729431
Starting label LEVI, seed 47, iteration 410, time: 106.03219079971313
Starting label LEVI, seed 47, iteration 420, time: 109.07901358604431
Starting label LEVI, seed 47, iteration 430, time: 112.23908185958862
Starting label LEVI, seed 47, iteration 440, time: 115.24798274040222
Starting label LEVI, seed 47, iteration 450, time: 118.54615902900696
Starting label LEVI, seed 47, iteration 460, time: 121.8449444770813
Starting label LEVI, seed 47, iteration 470, time: 125.47867131233215
Starting label LEVI, seed 47, iteration 480, time: 128.71524572372437
Starting label LEVI, seed 47, iteration 490, time: 132.17294454574585
Starting label LEVI, seed 47, iteration 500, time: 135.3245506286621
Starting label LEVI, seed 47, iteration 510, time: 138.6324818134308
Starting label LEVI, seed 47, iteration 520, time: 142.1320562362671
Starting label LEVI, seed 47, iteration 530, time: 145.62967944145203
Starting label LEVI, seed 47, iteration 540, time: 148.9774193763733
Starting label LEVI, seed 47, iteration 550, time: 152.35692501068115
Starting label LEVI, seed 47, iteration 560, time: 155.95735812187195
Starting label LEVI, seed 47, iteration 570, time: 159.68919396400452
Starting label LEVI, seed 47, iteration 580, time: 163.071275472641
Starting label LEVI, seed 47, iteration 590, time: 166.39812994003296
Starting label LEVI, seed 47, iteration 600, time: 169.65989112854004
Starting label LEVI, seed 47, iteration 610, time: 172.93092322349548
Starting label LEVI, seed 47, iteration 620, time: 176.37921524047852
Starting label LEVI, seed 47, iteration 630, time: 180.16693472862244
Starting label LEVI, seed 47, iteration 640, time: 184.4152636528015
Starting label LEVI, seed 47, iteration 650, time: 188.42169547080994
Starting label LEVI, seed 47, iteration 660, time: 192.24091482162476
Starting label LEVI, seed 47, iteration 670, time: 196.61464309692383
Starting label LEVI, seed 47, iteration 680, time: 201.47754287719727
Starting label LEVI, seed 47, iteration 690, time: 205.78252983093262
Starting label LEVI, seed 47, iteration 700, time: 209.87994599342346
Starting label LEVI, seed 47, iteration 710, time: 215.11341428756714
Starting label LEVI, seed 47, iteration 720, time: 219.54814839363098
Starting label LEVI, seed 47, iteration 730, time: 224.56581616401672
Starting label LEVI, seed 47, iteration 740, time: 229.6623249053955
Starting label LEVI, seed 47, iteration 750, time: 235.01672053337097
Starting label LEVI, seed 47, iteration 760, time: 240.3605444431305
Starting label LEVI, seed 47, iteration 770, time: 245.68522548675537
Starting label LEVI, seed 47, iteration 780, time: 250.6225621700287
Starting label LEVI, seed 47, iteration 790, time: 256.1362900733948
Starting label LEVI, seed 47, iteration 800, time: 261.11438512802124
Starting label LEVI, seed 47, iteration 810, time: 267.3125789165497
Starting label LEVI, seed 47, iteration 820, time: 272.9730660915375
Starting label LEVI, seed 47, iteration 830, time: 278.63016510009766
Starting label LEVI, seed 47, iteration 840, time: 284.54923701286316
Starting label LEVI, seed 47, iteration 850, time: 290.17674231529236
Starting label LEVI, seed 47, iteration 860, time: 296.0484609603882
Starting label LEVI, seed 47, iteration 870, time: 302.13469314575195
Starting label LEVI, seed 47, iteration 880, time: 309.27853989601135
Starting label LEVI, seed 47, iteration 890, time: 315.1760153770447
Starting label LEVI, seed 47, iteration 900, time: 322.6186668872833
Starting label LEVI, seed 47, iteration 910, time: 331.0316228866577
Starting label LEVI, seed 47, iteration 920, time: 339.3988456726074
Starting label LEVI, seed 47, iteration 930, time: 346.77315306663513
Starting label LEVI, seed 47, iteration 940, time: 354.98708033561707
Starting label LEVI, seed 47, iteration 950, time: 361.8006491661072
Starting label LEVI, seed 47, iteration 960, time: 368.55712366104126
Starting label LEVI, seed 47, iteration 970, time: 376.1078405380249
Starting label LEVI, seed 47, iteration 980, time: 383.1757082939148
Starting label LEVI, seed 47, iteration 990, time: 390.13331627845764
Starting label LEVI, seed 47, iteration 1000, time: 396.8587055206299
Starting label LEVI, seed 47, iteration 1010, time: 405.0923955440521
Starting label LEVI, seed 47, iteration 1020, time: 413.31430411338806
Starting label LEVI, seed 47, iteration 1030, time: 421.98464798927307
Starting label LEVI, seed 47, iteration 1040, time: 430.65549635887146
Starting label LEVI, seed 47, iteration 1050, time: 438.4662973880768
Starting label LEVI, seed 47, iteration 1060, time: 446.3334732055664
Starting label LEVI, seed 47, iteration 1070, time: 454.1776285171509
Starting label LEVI, seed 47, iteration 1080, time: 463.7661578655243
Starting label LEVI, seed 47, iteration 1090, time: 473.08726358413696
Starting label LEVI, seed 47, iteration 1100, time: 481.21876430511475
Starting label LEVI, seed 47, iteration 1110, time: 489.75480699539185
Starting label LEVI, seed 47, iteration 1120, time: 501.056405544281
Starting label LEVI, seed 47, iteration 1130, time: 509.66303539276123
Starting label LEVI, seed 47, iteration 1140, time: 518.3079469203949
Starting label LEVI, seed 47, iteration 1150, time: 528.6046707630157
Starting label LEVI, seed 47, iteration 1160, time: 539.3669579029083
Starting label LEVI, seed 47, iteration 1170, time: 551.5779926776886
Starting label LEVI, seed 47, iteration 1180, time: 561.0013492107391
Starting label LEVI, seed 47, iteration 1190, time: 570.8946306705475
Starting label LEVI, seed 47, iteration 1200, time: 580.625412940979
Starting label LEVI, seed 47, iteration 1210, time: 591.8953440189362
Starting label LEVI, seed 47, iteration 1220, time: 603.6773226261139
Starting label LEVI, seed 47, iteration 1230, time: 615.778612613678
Starting label LEVI, seed 47, iteration 1240, time: 625.8804228305817
Starting label LEVI, seed 47, iteration 1250, time: 638.1379950046539
Starting label LEVI, seed 47, iteration 1260, time: 649.3442823886871
Starting label LEVI, seed 47, iteration 1270, time: 661.1377763748169
Starting label LEVI, seed 47, iteration 1280, time: 675.3883349895477
Starting label LEVI, seed 47, iteration 1290, time: 686.1482653617859
Starting label LEVI, seed 47, iteration 1300, time: 697.60995221138
Starting label LEVI, seed 47, iteration 1310, time: 709.152937412262
Starting label LEVI, seed 47, iteration 1320, time: 725.2315554618835
Starting label LEVI, seed 47, iteration 1330, time: 737.6085453033447
Starting label LEVI, seed 47, iteration 1340, time: 753.2471222877502
Starting label LEVI, seed 47, iteration 1350, time: 768.8685975074768
Starting label LEVI, seed 47, iteration 1360, time: 780.9584383964539
Starting label LEVI, seed 47, iteration 1370, time: 793.5434234142303
Starting label LEVI, seed 47, iteration 1380, time: 806.5539810657501
Starting label LEVI, seed 47, iteration 1390, time: 819.525390625
Starting label LEVI, seed 47, iteration 1400, time: 831.590354681015
Starting label LEVI, seed 47, iteration 1410, time: 848.8624863624573
Starting label LEVI, seed 47, iteration 1420, time: 862.7730324268341
Starting label LEVI, seed 47, iteration 1430, time: 880.1133990287781
Starting label LEVI, seed 47, iteration 1440, time: 895.9471936225891
Starting label LEVI, seed 47, iteration 1450, time: 909.8008990287781
Starting label LEVI, seed 47, iteration 1460, time: 922.6657357215881
Starting label LEVI, seed 47, iteration 1470, time: 940.7790174484253
Starting label LEVI, seed 47, iteration 1480, time: 959.3388793468475
Starting label LEVI, seed 47, iteration 1490, time: 977.6682345867157
Starting label LEVI, seed 47, iteration 1500, time: 996.4732811450958
Starting label LEVI, seed 47, iteration 1510, time: 1015.272718667984
Starting label LEVI, seed 47, iteration 1520, time: 1032.716813325882
Starting label LEVI, seed 47, iteration 1530, time: 1047.8695163726807
Starting label LEVI, seed 47, iteration 1540, time: 1063.0971477031708
Starting label LEVI, seed 47, iteration 1550, time: 1080.1270122528076
Starting label LEVI, seed 47, iteration 1560, time: 1096.5461752414703
Starting label LEVI, seed 47, iteration 1570, time: 1118.1998779773712
Starting label LEVI, seed 47, iteration 1580, time: 1135.6627731323242
Starting label LEVI, seed 47, iteration 1590, time: 1157.8589689731598
Starting label LEVI, seed 47, iteration 1600, time: 1180.260862827301
Starting label LEVI, seed 47, iteration 1610, time: 1203.1770107746124
Starting label LEVI, seed 47, iteration 1620, time: 1223.1884531974792
Starting label LEVI, seed 47, iteration 1630, time: 1245.8455204963684
Starting label LEVI, seed 47, iteration 1640, time: 1269.3228859901428
Starting label LEVI, seed 47, iteration 1650, time: 1294.6612102985382
Starting label LEVI, seed 47, iteration 1660, time: 1315.2007372379303
Starting label LEVI, seed 47, iteration 1670, time: 1335.1583180427551
Starting label LEVI, seed 47, iteration 1680, time: 1360.2106654644012
Starting label LEVI, seed 47, iteration 1690, time: 1380.6478390693665
Starting label LEVI, seed 47, iteration 1700, time: 1406.1388783454895
Starting label LEVI, seed 47, iteration 1710, time: 1431.3821320533752
Starting label LEVI, seed 47, iteration 1720, time: 1455.776893377304
Starting label LEVI, seed 47, iteration 1730, time: 1473.8896389007568
Starting label LEVI, seed 47, iteration 1740, time: 1499.6909313201904
Starting label LEVI, seed 47, iteration 1750, time: 1521.9026515483856
Starting label LEVI, seed 47, iteration 1760, time: 1544.7740354537964
submitit WARNING (2022-10-02 00:55:52,010) - Bypassing signal SIGCONT
submitit WARNING (2022-10-02 00:55:52,030) - Bypassing signal SIGTERM
Starting label LEVI, seed 47, iteration 1770, time: 1567.8520061969757
