submitit INFO (2022-10-02 02:24:34,652) - Starting with JobEnvironment(job_id=883679_2, hostname=g2-compute-97.coecis.cornell.edu, local_rank=0(1), node=0(1), global_rank=0(1))
submitit INFO (2022-10-02 02:24:34,652) - Loading pickle: /home/gid-cakmaks/contextual_rs/experiments/wsc_experiments/logs/883679_2/883679_2_submitted.pkl
Appending iterations to existing output!Warning: If parameters other than `iterations` have been changed, this will corrupt the output!
Starting label LEVI, seed 4, iteration 1600, time: 1583.1528580188751
Starting label LEVI, seed 4, iteration 1610, time: 1620.3034019470215
Starting label LEVI, seed 4, iteration 1620, time: 1657.400019645691
Starting label LEVI, seed 4, iteration 1630, time: 1689.2866401672363
Starting label LEVI, seed 4, iteration 1640, time: 1723.8393428325653
Starting label LEVI, seed 4, iteration 1650, time: 1759.6529505252838
Starting label LEVI, seed 4, iteration 1660, time: 1796.7346341609955
Starting label LEVI, seed 4, iteration 1670, time: 1827.3015582561493
Starting label LEVI, seed 4, iteration 1680, time: 1860.0913817882538
Starting label LEVI, seed 4, iteration 1690, time: 1891.4139354228973
Starting label LEVI, seed 4, iteration 1700, time: 1925.9465429782867
Starting label LEVI, seed 4, iteration 1710, time: 1963.2447664737701
Starting label LEVI, seed 4, iteration 1720, time: 2000.4774582386017
Starting label LEVI, seed 4, iteration 1730, time: 2034.305536031723
Starting label LEVI, seed 4, iteration 1740, time: 2065.973939180374
Starting label LEVI, seed 4, iteration 1750, time: 2098.5155568122864
Starting label LEVI, seed 4, iteration 1760, time: 2132.8486070632935
Starting label LEVI, seed 4, iteration 1770, time: 2169.0767736434937
Starting label LEVI, seed 4, iteration 1780, time: 2208.2414214611053
Starting label LEVI, seed 4, iteration 1790, time: 2251.9630987644196
Starting label LEVI, seed 4, iteration 1800, time: 2295.3262524604797
Starting label LEVI, seed 4, iteration 1810, time: 2331.298722743988
Starting label LEVI, seed 4, iteration 1820, time: 2367.3490324020386
Starting label LEVI, seed 4, iteration 1830, time: 2413.7774426937103
Starting label LEVI, seed 4, iteration 1840, time: 2451.5678255558014
Starting label LEVI, seed 4, iteration 1850, time: 2491.064143896103
Starting label LEVI, seed 4, iteration 1860, time: 2532.9709939956665
Starting label LEVI, seed 4, iteration 1870, time: 2571.269616127014
Starting label LEVI, seed 4, iteration 1880, time: 2622.7537384033203
Starting label LEVI, seed 4, iteration 1890, time: 2662.8064942359924
Starting label LEVI, seed 4, iteration 1900, time: 2704.266878604889
Starting label LEVI, seed 4, iteration 1910, time: 2744.9352054595947
Starting label LEVI, seed 4, iteration 1920, time: 2794.7007958889008
Starting label LEVI, seed 4, iteration 1930, time: 2848.6538276672363
Starting label LEVI, seed 4, iteration 1940, time: 2893.4105553627014
Starting label LEVI, seed 4, iteration 1950, time: 2937.960603237152
Starting label LEVI, seed 4, iteration 1960, time: 2982.703595161438
Starting label LEVI, seed 4, iteration 1970, time: 3029.338757753372
Starting label LEVI, seed 4, iteration 1980, time: 3086.9799830913544
Starting label LEVI, seed 4, iteration 1990, time: 3131.118921279907
submitit INFO (2022-10-02 02:51:17,265) - Job completed successfully
