submitit INFO (2022-10-02 00:56:26,339) - Starting with JobEnvironment(job_id=883347_8, hostname=hariharan-compute-02.cs.cornell.edu, local_rank=0(1), node=0(1), global_rank=0(1))
submitit INFO (2022-10-02 00:56:26,340) - Loading pickle: /home/gid-cakmaks/contextual_rs/experiments/wsc_experiments/logs/883347_8/883347_8_submitted.pkl
Starting label LEVI, seed 28, iteration 0, time: 0.0007047653198242188
Starting label LEVI, seed 28, iteration 10, time: 2.9891557693481445
Starting label LEVI, seed 28, iteration 20, time: 5.862077236175537
Starting label LEVI, seed 28, iteration 30, time: 8.838615655899048
Starting label LEVI, seed 28, iteration 40, time: 11.811736106872559
Starting label LEVI, seed 28, iteration 50, time: 14.85712194442749
Starting label LEVI, seed 28, iteration 60, time: 17.89888834953308
Starting label LEVI, seed 28, iteration 70, time: 20.978895902633667
Starting label LEVI, seed 28, iteration 80, time: 24.05784511566162
Starting label LEVI, seed 28, iteration 90, time: 27.05421733856201
Starting label LEVI, seed 28, iteration 100, time: 30.057137966156006
Starting label LEVI, seed 28, iteration 110, time: 33.140196084976196
Starting label LEVI, seed 28, iteration 120, time: 36.23043346405029
Starting label LEVI, seed 28, iteration 130, time: 39.32929849624634
Starting label LEVI, seed 28, iteration 140, time: 42.56328630447388
Starting label LEVI, seed 28, iteration 150, time: 45.707436084747314
Starting label LEVI, seed 28, iteration 160, time: 48.78696608543396
Starting label LEVI, seed 28, iteration 170, time: 52.885780811309814
Starting label LEVI, seed 28, iteration 180, time: 56.522745847702026
Starting label LEVI, seed 28, iteration 190, time: 60.609910011291504
Starting label LEVI, seed 28, iteration 200, time: 66.06615734100342
Starting label LEVI, seed 28, iteration 210, time: 71.14492630958557
Starting label LEVI, seed 28, iteration 220, time: 75.90636801719666
Starting label LEVI, seed 28, iteration 230, time: 80.00144982337952
Starting label LEVI, seed 28, iteration 240, time: 83.87270092964172
Starting label LEVI, seed 28, iteration 250, time: 87.28259325027466
Starting label LEVI, seed 28, iteration 260, time: 90.71047854423523
Starting label LEVI, seed 28, iteration 270, time: 93.9740560054779
Starting label LEVI, seed 28, iteration 280, time: 97.46763134002686
Starting label LEVI, seed 28, iteration 290, time: 100.9600682258606
Starting label LEVI, seed 28, iteration 300, time: 104.53013038635254
Starting label LEVI, seed 28, iteration 310, time: 107.95719003677368
Starting label LEVI, seed 28, iteration 320, time: 111.24593329429626
Starting label LEVI, seed 28, iteration 330, time: 114.45916509628296
Starting label LEVI, seed 28, iteration 340, time: 117.75298380851746
Starting label LEVI, seed 28, iteration 350, time: 120.96025228500366
Starting label LEVI, seed 28, iteration 360, time: 124.33621573448181
Starting label LEVI, seed 28, iteration 370, time: 127.5821123123169
Starting label LEVI, seed 28, iteration 380, time: 130.90681886672974
Starting label LEVI, seed 28, iteration 390, time: 134.42122721672058
Starting label LEVI, seed 28, iteration 400, time: 137.63102388381958
Starting label LEVI, seed 28, iteration 410, time: 140.98627376556396
Starting label LEVI, seed 28, iteration 420, time: 144.38805866241455
Starting label LEVI, seed 28, iteration 430, time: 149.8771436214447
Starting label LEVI, seed 28, iteration 440, time: 156.43286895751953
Starting label LEVI, seed 28, iteration 450, time: 161.17767000198364
Starting label LEVI, seed 28, iteration 460, time: 165.74006581306458
Starting label LEVI, seed 28, iteration 470, time: 170.98343324661255
Starting label LEVI, seed 28, iteration 480, time: 176.03118538856506
Starting label LEVI, seed 28, iteration 490, time: 180.96107864379883
Starting label LEVI, seed 28, iteration 500, time: 185.59324669837952
Starting label LEVI, seed 28, iteration 510, time: 190.74897289276123
Starting label LEVI, seed 28, iteration 520, time: 196.6440658569336
Starting label LEVI, seed 28, iteration 530, time: 203.41648769378662
Starting label LEVI, seed 28, iteration 540, time: 210.72188901901245
Starting label LEVI, seed 28, iteration 550, time: 217.2478210926056
Starting label LEVI, seed 28, iteration 560, time: 223.09632849693298
Starting label LEVI, seed 28, iteration 570, time: 229.3341007232666
Starting label LEVI, seed 28, iteration 580, time: 234.6550989151001
Starting label LEVI, seed 28, iteration 590, time: 240.26189851760864
Starting label LEVI, seed 28, iteration 600, time: 246.17022347450256
Starting label LEVI, seed 28, iteration 610, time: 250.47395873069763
Starting label LEVI, seed 28, iteration 620, time: 254.82887816429138
Starting label LEVI, seed 28, iteration 630, time: 260.4229357242584
Starting label LEVI, seed 28, iteration 640, time: 267.3641722202301
Starting label LEVI, seed 28, iteration 650, time: 273.9054970741272
Starting label LEVI, seed 28, iteration 660, time: 278.426620721817
Starting label LEVI, seed 28, iteration 670, time: 282.44529700279236
Starting label LEVI, seed 28, iteration 680, time: 286.59759616851807
Starting label LEVI, seed 28, iteration 690, time: 291.05528116226196
Starting label LEVI, seed 28, iteration 700, time: 295.36864829063416
Starting label LEVI, seed 28, iteration 710, time: 299.5859863758087
Starting label LEVI, seed 28, iteration 720, time: 304.1542754173279
Starting label LEVI, seed 28, iteration 730, time: 308.75815439224243
Starting label LEVI, seed 28, iteration 740, time: 313.70170879364014
Starting label LEVI, seed 28, iteration 750, time: 318.1924924850464
Starting label LEVI, seed 28, iteration 760, time: 322.72094655036926
Starting label LEVI, seed 28, iteration 770, time: 327.76745533943176
Starting label LEVI, seed 28, iteration 780, time: 332.44610619544983
Starting label LEVI, seed 28, iteration 790, time: 337.02579283714294
Starting label LEVI, seed 28, iteration 800, time: 342.0840091705322
Starting label LEVI, seed 28, iteration 810, time: 347.6430106163025
Starting label LEVI, seed 28, iteration 820, time: 352.5053369998932
Starting label LEVI, seed 28, iteration 830, time: 357.36300444602966
Starting label LEVI, seed 28, iteration 840, time: 362.0081090927124
Starting label LEVI, seed 28, iteration 850, time: 367.01608419418335
Starting label LEVI, seed 28, iteration 860, time: 372.08473086357117
Starting label LEVI, seed 28, iteration 870, time: 377.27920031547546
Starting label LEVI, seed 28, iteration 880, time: 382.70655393600464
Starting label LEVI, seed 28, iteration 890, time: 388.08969497680664
Starting label LEVI, seed 28, iteration 900, time: 393.55685925483704
Starting label LEVI, seed 28, iteration 910, time: 398.7952105998993
Starting label LEVI, seed 28, iteration 920, time: 404.4300928115845
Starting label LEVI, seed 28, iteration 930, time: 409.5705018043518
Starting label LEVI, seed 28, iteration 940, time: 414.673864364624
Starting label LEVI, seed 28, iteration 950, time: 420.39644622802734
Starting label LEVI, seed 28, iteration 960, time: 425.6883764266968
Starting label LEVI, seed 28, iteration 970, time: 431.3904869556427
Starting label LEVI, seed 28, iteration 980, time: 437.1570472717285
Starting label LEVI, seed 28, iteration 990, time: 443.1992702484131
Starting label LEVI, seed 28, iteration 1000, time: 449.4738464355469
Starting label LEVI, seed 28, iteration 1010, time: 455.2394640445709
Starting label LEVI, seed 28, iteration 1020, time: 462.38184213638306
Starting label LEVI, seed 28, iteration 1030, time: 468.7407088279724
Starting label LEVI, seed 28, iteration 1040, time: 475.1298613548279
Starting label LEVI, seed 28, iteration 1050, time: 481.2138640880585
Starting label LEVI, seed 28, iteration 1060, time: 487.89058089256287
Starting label LEVI, seed 28, iteration 1070, time: 494.0557999610901
Starting label LEVI, seed 28, iteration 1080, time: 500.40110182762146
Starting label LEVI, seed 28, iteration 1090, time: 506.601194858551
Starting label LEVI, seed 28, iteration 1100, time: 513.2222993373871
Starting label LEVI, seed 28, iteration 1110, time: 520.4513669013977
Starting label LEVI, seed 28, iteration 1120, time: 526.9874227046967
Starting label LEVI, seed 28, iteration 1130, time: 533.750118970871
Starting label LEVI, seed 28, iteration 1140, time: 540.5586462020874
Starting label LEVI, seed 28, iteration 1150, time: 547.2228419780731
Starting label LEVI, seed 28, iteration 1160, time: 554.2041330337524
Starting label LEVI, seed 28, iteration 1170, time: 562.2157959938049
Starting label LEVI, seed 28, iteration 1180, time: 569.3648746013641
Starting label LEVI, seed 28, iteration 1190, time: 577.9225771427155
Starting label LEVI, seed 28, iteration 1200, time: 585.109537601471
Starting label LEVI, seed 28, iteration 1210, time: 592.9182188510895
Starting label LEVI, seed 28, iteration 1220, time: 600.8302464485168
Starting label LEVI, seed 28, iteration 1230, time: 609.3295063972473
Starting label LEVI, seed 28, iteration 1240, time: 616.0840339660645
Starting label LEVI, seed 28, iteration 1250, time: 623.741129398346
Starting label LEVI, seed 28, iteration 1260, time: 632.0546627044678
Starting label LEVI, seed 28, iteration 1270, time: 640.4568738937378
Starting label LEVI, seed 28, iteration 1280, time: 647.9307942390442
Starting label LEVI, seed 28, iteration 1290, time: 655.7243044376373
Starting label LEVI, seed 28, iteration 1300, time: 663.98259973526
Starting label LEVI, seed 28, iteration 1310, time: 671.725902557373
Starting label LEVI, seed 28, iteration 1320, time: 680.7180740833282
Starting label LEVI, seed 28, iteration 1330, time: 689.07701420784
Starting label LEVI, seed 28, iteration 1340, time: 697.6960275173187
Starting label LEVI, seed 28, iteration 1350, time: 706.176052570343
Starting label LEVI, seed 28, iteration 1360, time: 714.5551126003265
Starting label LEVI, seed 28, iteration 1370, time: 724.6778664588928
Starting label LEVI, seed 28, iteration 1380, time: 733.242614030838
Starting label LEVI, seed 28, iteration 1390, time: 744.8924915790558
Starting label LEVI, seed 28, iteration 1400, time: 755.1576073169708
Starting label LEVI, seed 28, iteration 1410, time: 767.1916506290436
Starting label LEVI, seed 28, iteration 1420, time: 778.1565489768982
Starting label LEVI, seed 28, iteration 1430, time: 789.2827463150024
Starting label LEVI, seed 28, iteration 1440, time: 799.9072670936584
Starting label LEVI, seed 28, iteration 1450, time: 812.1493964195251
Starting label LEVI, seed 28, iteration 1460, time: 823.6634769439697
Starting label LEVI, seed 28, iteration 1470, time: 836.7868196964264
Starting label LEVI, seed 28, iteration 1480, time: 847.771243095398
Starting label LEVI, seed 28, iteration 1490, time: 860.6475956439972
Starting label LEVI, seed 28, iteration 1500, time: 871.8435399532318
Starting label LEVI, seed 28, iteration 1510, time: 882.8632447719574
Starting label LEVI, seed 28, iteration 1520, time: 896.8999903202057
Starting label LEVI, seed 28, iteration 1530, time: 910.8759455680847
Starting label LEVI, seed 28, iteration 1540, time: 924.1468319892883
Starting label LEVI, seed 28, iteration 1550, time: 937.6470518112183
Starting label LEVI, seed 28, iteration 1560, time: 951.4143986701965
Starting label LEVI, seed 28, iteration 1570, time: 966.323303937912
Starting label LEVI, seed 28, iteration 1580, time: 978.8565893173218
Starting label LEVI, seed 28, iteration 1590, time: 991.0600619316101
Starting label LEVI, seed 28, iteration 1600, time: 1003.4761135578156
Starting label LEVI, seed 28, iteration 1610, time: 1016.516003370285
Starting label LEVI, seed 28, iteration 1620, time: 1031.9198892116547
Starting label LEVI, seed 28, iteration 1630, time: 1047.5194549560547
Starting label LEVI, seed 28, iteration 1640, time: 1063.9342255592346
Starting label LEVI, seed 28, iteration 1650, time: 1080.7674295902252
Starting label LEVI, seed 28, iteration 1660, time: 1094.8788757324219
Starting label LEVI, seed 28, iteration 1670, time: 1108.833720445633
Starting label LEVI, seed 28, iteration 1680, time: 1123.3787589073181
Starting label LEVI, seed 28, iteration 1690, time: 1137.7142260074615
Starting label LEVI, seed 28, iteration 1700, time: 1157.209327697754
Starting label LEVI, seed 28, iteration 1710, time: 1175.4545578956604
Starting label LEVI, seed 28, iteration 1720, time: 1193.6905169487
Starting label LEVI, seed 28, iteration 1730, time: 1209.8634235858917
Starting label LEVI, seed 28, iteration 1740, time: 1228.303588628769
Starting label LEVI, seed 28, iteration 1750, time: 1247.202565908432
Starting label LEVI, seed 28, iteration 1760, time: 1267.591079235077
Starting label LEVI, seed 28, iteration 1770, time: 1288.9597616195679
Starting label LEVI, seed 28, iteration 1780, time: 1309.3850586414337
Starting label LEVI, seed 28, iteration 1790, time: 1329.8962528705597
Starting label LEVI, seed 28, iteration 1800, time: 1352.4800336360931
Starting label LEVI, seed 28, iteration 1810, time: 1374.0990526676178
Starting label LEVI, seed 28, iteration 1820, time: 1394.1127865314484
Starting label LEVI, seed 28, iteration 1830, time: 1414.8524656295776
Starting label LEVI, seed 28, iteration 1840, time: 1433.4467804431915
Starting label LEVI, seed 28, iteration 1850, time: 1452.0222671031952
Starting label LEVI, seed 28, iteration 1860, time: 1471.167993068695
Starting label LEVI, seed 28, iteration 1870, time: 1490.48490691185
Starting label LEVI, seed 28, iteration 1880, time: 1510.9434542655945
Starting label LEVI, seed 28, iteration 1890, time: 1530.3228869438171
Starting label LEVI, seed 28, iteration 1900, time: 1550.3373663425446
submitit WARNING (2022-10-02 01:22:36,094) - Bypassing signal SIGCONT
submitit WARNING (2022-10-02 01:22:36,122) - Bypassing signal SIGTERM
Starting label LEVI, seed 28, iteration 1910, time: 1574.1072161197662
Starting label LEVI, seed 28, iteration 1920, time: 1595.4525032043457
