submitit INFO (2022-10-02 02:17:57,894) - Starting with JobEnvironment(job_id=883607, hostname=nikola-compute-01.cs.cornell.edu, local_rank=0(1), node=0(1), global_rank=0(1))
submitit INFO (2022-10-02 02:17:57,894) - Loading pickle: /home/gid-cakmaks/contextual_rs/experiments/wsc_experiments/logs/883607/883607_submitted.pkl
Appending iterations to existing output!Warning: If parameters other than `iterations` have been changed, this will corrupt the output!
Starting label LEVI, seed 5, iteration 1190, time: 333.7111871242523
Starting label LEVI, seed 5, iteration 1200, time: 337.2490952014923
Starting label LEVI, seed 5, iteration 1210, time: 340.4688239097595
Starting label LEVI, seed 5, iteration 1220, time: 343.6754994392395
Starting label LEVI, seed 5, iteration 1230, time: 346.9861207008362
Starting label LEVI, seed 5, iteration 1240, time: 350.20738530158997
Starting label LEVI, seed 5, iteration 1250, time: 353.5825572013855
Starting label LEVI, seed 5, iteration 1260, time: 356.7467887401581
Starting label LEVI, seed 5, iteration 1270, time: 359.9386308193207
Starting label LEVI, seed 5, iteration 1280, time: 363.0735538005829
Starting label LEVI, seed 5, iteration 1290, time: 366.34940695762634
Starting label LEVI, seed 5, iteration 1300, time: 369.68029379844666
Starting label LEVI, seed 5, iteration 1310, time: 372.83491349220276
Starting label LEVI, seed 5, iteration 1320, time: 376.048300743103
Starting label LEVI, seed 5, iteration 1330, time: 379.5564889907837
Starting label LEVI, seed 5, iteration 1340, time: 382.94882011413574
Starting label LEVI, seed 5, iteration 1350, time: 386.3272135257721
Starting label LEVI, seed 5, iteration 1360, time: 389.651358127594
Starting label LEVI, seed 5, iteration 1370, time: 393.03498673439026
Starting label LEVI, seed 5, iteration 1380, time: 396.3816907405853
Starting label LEVI, seed 5, iteration 1390, time: 399.631178855896
Starting label LEVI, seed 5, iteration 1400, time: 402.8864483833313
Starting label LEVI, seed 5, iteration 1410, time: 406.3057110309601
Starting label LEVI, seed 5, iteration 1420, time: 409.72601675987244
Starting label LEVI, seed 5, iteration 1430, time: 413.06691312789917
Starting label LEVI, seed 5, iteration 1440, time: 416.5091710090637
submitit WARNING (2022-10-02 02:19:27,051) - Bypassing signal SIGCONT
submitit WARNING (2022-10-02 02:19:27,100) - Bypassing signal SIGTERM
Starting label LEVI, seed 5, iteration 1450, time: 419.88552808761597
Starting label LEVI, seed 5, iteration 1460, time: 423.53704714775085
Starting label LEVI, seed 5, iteration 1470, time: 427.0429263114929
Starting label LEVI, seed 5, iteration 1480, time: 430.65820717811584
Starting label LEVI, seed 5, iteration 1490, time: 434.24219584465027
Starting label LEVI, seed 5, iteration 1500, time: 437.7953200340271
Starting label LEVI, seed 5, iteration 1510, time: 441.2750051021576
Starting label LEVI, seed 5, iteration 1520, time: 444.97243189811707
Starting label LEVI, seed 5, iteration 1530, time: 448.53481340408325
