submitit INFO (2022-10-02 01:24:17,570) - Starting with JobEnvironment(job_id=883479_1, hostname=campbell-compute-01.mae.cornell.edu, local_rank=0(1), node=0(1), global_rank=0(1))
submitit INFO (2022-10-02 01:24:17,571) - Loading pickle: /home/gid-cakmaks/contextual_rs/experiments/wsc_experiments/logs/883479_1/883479_1_submitted.pkl
Starting label LEVI, seed 61, iteration 0, time: 0.011114120483398438
Starting label LEVI, seed 61, iteration 10, time: 9.103785037994385
Starting label LEVI, seed 61, iteration 20, time: 14.252255201339722
Starting label LEVI, seed 61, iteration 30, time: 18.190808534622192
Starting label LEVI, seed 61, iteration 40, time: 21.924084901809692
Starting label LEVI, seed 61, iteration 50, time: 26.021664142608643
Starting label LEVI, seed 61, iteration 60, time: 30.151399612426758
Starting label LEVI, seed 61, iteration 70, time: 34.56528043746948
Starting label LEVI, seed 61, iteration 80, time: 38.80525040626526
Starting label LEVI, seed 61, iteration 90, time: 43.10057497024536
Starting label LEVI, seed 61, iteration 100, time: 47.73716974258423
Starting label LEVI, seed 61, iteration 110, time: 52.52313590049744
Starting label LEVI, seed 61, iteration 120, time: 57.31376910209656
Starting label LEVI, seed 61, iteration 130, time: 62.02555203437805
Starting label LEVI, seed 61, iteration 140, time: 66.62916469573975
Starting label LEVI, seed 61, iteration 150, time: 71.04609179496765
Starting label LEVI, seed 61, iteration 160, time: 75.69765901565552
Starting label LEVI, seed 61, iteration 170, time: 80.52453827857971
Starting label LEVI, seed 61, iteration 180, time: 85.48687601089478
Starting label LEVI, seed 61, iteration 190, time: 90.53043937683105
Starting label LEVI, seed 61, iteration 200, time: 95.86764740943909
Starting label LEVI, seed 61, iteration 210, time: 101.03370261192322
Starting label LEVI, seed 61, iteration 220, time: 106.17361998558044
Starting label LEVI, seed 61, iteration 230, time: 111.26968288421631
Starting label LEVI, seed 61, iteration 240, time: 117.45033931732178
Starting label LEVI, seed 61, iteration 250, time: 122.84675073623657
Starting label LEVI, seed 61, iteration 260, time: 128.1201331615448
Starting label LEVI, seed 61, iteration 270, time: 133.3531835079193
Starting label LEVI, seed 61, iteration 280, time: 138.8376431465149
Starting label LEVI, seed 61, iteration 290, time: 144.22614288330078
Starting label LEVI, seed 61, iteration 300, time: 149.72316694259644
Starting label LEVI, seed 61, iteration 310, time: 155.2353594303131
Starting label LEVI, seed 61, iteration 320, time: 160.82203769683838
Starting label LEVI, seed 61, iteration 330, time: 166.3285415172577
Starting label LEVI, seed 61, iteration 340, time: 171.66585850715637
Starting label LEVI, seed 61, iteration 350, time: 177.15212726593018
Starting label LEVI, seed 61, iteration 360, time: 182.70518922805786
Starting label LEVI, seed 61, iteration 370, time: 188.07962250709534
Starting label LEVI, seed 61, iteration 380, time: 193.38157200813293
Starting label LEVI, seed 61, iteration 390, time: 198.60317277908325
Starting label LEVI, seed 61, iteration 400, time: 204.14348602294922
Starting label LEVI, seed 61, iteration 410, time: 209.68902921676636
Starting label LEVI, seed 61, iteration 420, time: 215.03603386878967
Starting label LEVI, seed 61, iteration 430, time: 220.53059887886047
Starting label LEVI, seed 61, iteration 440, time: 225.83291482925415
Starting label LEVI, seed 61, iteration 450, time: 231.1273078918457
Starting label LEVI, seed 61, iteration 460, time: 236.66907262802124
Starting label LEVI, seed 61, iteration 470, time: 242.2420997619629
Starting label LEVI, seed 61, iteration 480, time: 247.8984718322754
Starting label LEVI, seed 61, iteration 490, time: 253.62173008918762
Starting label LEVI, seed 61, iteration 500, time: 259.40978240966797
Starting label LEVI, seed 61, iteration 510, time: 265.70920872688293
Starting label LEVI, seed 61, iteration 520, time: 271.65772771835327
Starting label LEVI, seed 61, iteration 530, time: 277.67273783683777
Starting label LEVI, seed 61, iteration 540, time: 283.7096416950226
Starting label LEVI, seed 61, iteration 550, time: 289.50444889068604
Starting label LEVI, seed 61, iteration 560, time: 295.30153226852417
Starting label LEVI, seed 61, iteration 570, time: 301.1042606830597
Starting label LEVI, seed 61, iteration 580, time: 306.9668879508972
Starting label LEVI, seed 61, iteration 590, time: 312.91600155830383
Starting label LEVI, seed 61, iteration 600, time: 318.78132724761963
Starting label LEVI, seed 61, iteration 610, time: 324.70658659935
Starting label LEVI, seed 61, iteration 620, time: 330.6124105453491
Starting label LEVI, seed 61, iteration 630, time: 336.39603662490845
Starting label LEVI, seed 61, iteration 640, time: 342.5753722190857
Starting label LEVI, seed 61, iteration 650, time: 348.5549011230469
Starting label LEVI, seed 61, iteration 660, time: 354.6553680896759
Starting label LEVI, seed 61, iteration 670, time: 360.82680463790894
Starting label LEVI, seed 61, iteration 680, time: 366.9880208969116
Starting label LEVI, seed 61, iteration 690, time: 373.1922082901001
Starting label LEVI, seed 61, iteration 700, time: 379.2123782634735
Starting label LEVI, seed 61, iteration 710, time: 385.2499988079071
Starting label LEVI, seed 61, iteration 720, time: 391.38578486442566
Starting label LEVI, seed 61, iteration 730, time: 397.3088912963867
Starting label LEVI, seed 61, iteration 740, time: 403.38602447509766
Starting label LEVI, seed 61, iteration 750, time: 410.28859400749207
Starting label LEVI, seed 61, iteration 760, time: 416.94368028640747
Starting label LEVI, seed 61, iteration 770, time: 423.1369273662567
Starting label LEVI, seed 61, iteration 780, time: 429.68830132484436
Starting label LEVI, seed 61, iteration 790, time: 435.69949984550476
Starting label LEVI, seed 61, iteration 800, time: 441.5336675643921
Starting label LEVI, seed 61, iteration 810, time: 447.33110785484314
Starting label LEVI, seed 61, iteration 820, time: 453.4102623462677
Starting label LEVI, seed 61, iteration 830, time: 459.26333832740784
Starting label LEVI, seed 61, iteration 840, time: 465.12768840789795
Starting label LEVI, seed 61, iteration 850, time: 470.94718194007874
Starting label LEVI, seed 61, iteration 860, time: 476.89784145355225
Starting label LEVI, seed 61, iteration 870, time: 482.5917568206787
Starting label LEVI, seed 61, iteration 880, time: 488.6282117366791
Starting label LEVI, seed 61, iteration 890, time: 494.3297338485718
Starting label LEVI, seed 61, iteration 900, time: 500.2219681739807
Starting label LEVI, seed 61, iteration 910, time: 506.0851309299469
Starting label LEVI, seed 61, iteration 920, time: 512.0725765228271
Starting label LEVI, seed 61, iteration 930, time: 518.025937795639
Starting label LEVI, seed 61, iteration 940, time: 523.7911305427551
Starting label LEVI, seed 61, iteration 950, time: 529.8804340362549
Starting label LEVI, seed 61, iteration 960, time: 535.6795060634613
Starting label LEVI, seed 61, iteration 970, time: 541.5478036403656
Starting label LEVI, seed 61, iteration 980, time: 547.4511456489563
Starting label LEVI, seed 61, iteration 990, time: 553.3704874515533
Starting label LEVI, seed 61, iteration 1000, time: 559.3932569026947
Starting label LEVI, seed 61, iteration 1010, time: 565.4451062679291
Starting label LEVI, seed 61, iteration 1020, time: 571.6880462169647
Starting label LEVI, seed 61, iteration 1030, time: 577.8487884998322
Starting label LEVI, seed 61, iteration 1040, time: 584.0456917285919
Starting label LEVI, seed 61, iteration 1050, time: 590.2538573741913
Starting label LEVI, seed 61, iteration 1060, time: 596.3903234004974
Starting label LEVI, seed 61, iteration 1070, time: 602.5653116703033
Starting label LEVI, seed 61, iteration 1080, time: 608.6306006908417
Starting label LEVI, seed 61, iteration 1090, time: 614.9063382148743
Starting label LEVI, seed 61, iteration 1100, time: 621.1119198799133
Starting label LEVI, seed 61, iteration 1110, time: 632.0854215621948
Starting label LEVI, seed 61, iteration 1120, time: 638.3211717605591
Starting label LEVI, seed 61, iteration 1130, time: 645.1772766113281
Starting label LEVI, seed 61, iteration 1140, time: 659.6841511726379
Starting label LEVI, seed 61, iteration 1150, time: 707.3246529102325
Starting label LEVI, seed 61, iteration 1160, time: 781.6977701187134
Starting label LEVI, seed 61, iteration 1170, time: 803.9713287353516
Starting label LEVI, seed 61, iteration 1180, time: 810.5268981456757
Starting label LEVI, seed 61, iteration 1190, time: 821.7151284217834
Starting label LEVI, seed 61, iteration 1200, time: 835.9917764663696
Starting label LEVI, seed 61, iteration 1210, time: 876.477801322937
Starting label LEVI, seed 61, iteration 1220, time: 923.5226128101349
Starting label LEVI, seed 61, iteration 1230, time: 969.3617424964905
Starting label LEVI, seed 61, iteration 1240, time: 1020.4770796298981
Starting label LEVI, seed 61, iteration 1250, time: 1078.5302679538727
Starting label LEVI, seed 61, iteration 1260, time: 1159.6304259300232
Starting label LEVI, seed 61, iteration 1270, time: 1166.2033700942993
Starting label LEVI, seed 61, iteration 1280, time: 1172.8605411052704
Starting label LEVI, seed 61, iteration 1290, time: 1180.2164647579193
Starting label LEVI, seed 61, iteration 1300, time: 1187.3995697498322
Starting label LEVI, seed 61, iteration 1310, time: 1194.5885543823242
Starting label LEVI, seed 61, iteration 1320, time: 1212.7241904735565
Starting label LEVI, seed 61, iteration 1330, time: 1284.7634191513062
Starting label LEVI, seed 61, iteration 1340, time: 1316.7969658374786
Starting label LEVI, seed 61, iteration 1350, time: 1324.0869181156158
Starting label LEVI, seed 61, iteration 1360, time: 1331.3604066371918
Starting label LEVI, seed 61, iteration 1370, time: 1338.7471089363098
Starting label LEVI, seed 61, iteration 1380, time: 1345.8709683418274
Starting label LEVI, seed 61, iteration 1390, time: 1353.3506915569305
Starting label LEVI, seed 61, iteration 1400, time: 1360.6151053905487
Starting label LEVI, seed 61, iteration 1410, time: 1368.0629954338074
Starting label LEVI, seed 61, iteration 1420, time: 1375.557498216629
Starting label LEVI, seed 61, iteration 1430, time: 1403.5211670398712
Starting label LEVI, seed 61, iteration 1440, time: 1469.2368886470795
submitit WARNING (2022-10-02 01:49:22,450) - Bypassing signal SIGCONT
submitit WARNING (2022-10-02 01:49:22,519) - Bypassing signal SIGTERM
Starting label LEVI, seed 61, iteration 1450, time: 1513.5474004745483
