submitit INFO (2022-10-02 14:53:34,431) - Starting with JobEnvironment(job_id=884649, hostname=joachims-compute-02.cs.cornell.edu, local_rank=0(1), node=0(1), global_rank=0(1))
submitit INFO (2022-10-02 14:53:34,431) - Loading pickle: /home/gid-cakmaks/contextual_rs/experiments/wsc_experiments/logs/884649/884649_submitted.pkl
Appending iterations to existing output!Warning: If parameters other than `iterations` have been changed, this will corrupt the output!
Starting label LEVI, seed 13, iteration 740, time: 3642.2925357818604
Starting label LEVI, seed 13, iteration 750, time: 3650.1892268657684
Starting label LEVI, seed 13, iteration 760, time: 3658.2131276130676
Starting label LEVI, seed 13, iteration 770, time: 3665.947984457016
Starting label LEVI, seed 13, iteration 780, time: 3674.1951172351837
Starting label LEVI, seed 13, iteration 790, time: 3681.933836698532
Starting label LEVI, seed 13, iteration 800, time: 3690.0627524852753
Starting label LEVI, seed 13, iteration 810, time: 3698.2777302265167
Starting label LEVI, seed 13, iteration 820, time: 3705.4979989528656
Starting label LEVI, seed 13, iteration 830, time: 3713.235147714615
Starting label LEVI, seed 13, iteration 840, time: 3720.8471879959106
Starting label LEVI, seed 13, iteration 850, time: 3728.66704082489
Starting label LEVI, seed 13, iteration 860, time: 3736.738430261612
Starting label LEVI, seed 13, iteration 870, time: 3744.1576499938965
Starting label LEVI, seed 13, iteration 880, time: 3752.3514869213104
Starting label LEVI, seed 13, iteration 890, time: 3760.009187221527
Starting label LEVI, seed 13, iteration 900, time: 3767.898686647415
Starting label LEVI, seed 13, iteration 910, time: 3776.003120660782
Starting label LEVI, seed 13, iteration 920, time: 3783.664336204529
Starting label LEVI, seed 13, iteration 930, time: 3791.536635875702
Starting label LEVI, seed 13, iteration 940, time: 3799.3685400485992
Starting label LEVI, seed 13, iteration 950, time: 3807.5701315402985
Starting label LEVI, seed 13, iteration 960, time: 3815.5698714256287
Starting label LEVI, seed 13, iteration 970, time: 3823.0848174095154
Starting label LEVI, seed 13, iteration 980, time: 3831.3944680690765
Starting label LEVI, seed 13, iteration 990, time: 3839.377073287964
Starting label LEVI, seed 13, iteration 1000, time: 3847.154482126236
Starting label LEVI, seed 13, iteration 1010, time: 3855.7157576084137
Starting label LEVI, seed 13, iteration 1020, time: 3863.4539198875427
Starting label LEVI, seed 13, iteration 1030, time: 3871.729180574417
Starting label LEVI, seed 13, iteration 1040, time: 3880.140748977661
Starting label LEVI, seed 13, iteration 1050, time: 3888.535178422928
Starting label LEVI, seed 13, iteration 1060, time: 3897.2207596302032
Starting label LEVI, seed 13, iteration 1070, time: 3905.335345506668
Starting label LEVI, seed 13, iteration 1080, time: 3914.352739095688
Starting label LEVI, seed 13, iteration 1090, time: 3923.197612762451
Starting label LEVI, seed 13, iteration 1100, time: 3932.100370645523
Starting label LEVI, seed 13, iteration 1110, time: 3941.1335027217865
Starting label LEVI, seed 13, iteration 1120, time: 3949.553275346756
Starting label LEVI, seed 13, iteration 1130, time: 3957.980595111847
Starting label LEVI, seed 13, iteration 1140, time: 3966.7842881679535
Starting label LEVI, seed 13, iteration 1150, time: 3974.8766901493073
Starting label LEVI, seed 13, iteration 1160, time: 3983.4728348255157
Starting label LEVI, seed 13, iteration 1170, time: 3992.1366279125214
Starting label LEVI, seed 13, iteration 1180, time: 4000.5143735408783
Starting label LEVI, seed 13, iteration 1190, time: 4008.5909860134125
Starting label LEVI, seed 13, iteration 1200, time: 4017.390727996826
Starting label LEVI, seed 13, iteration 1210, time: 4025.759758234024
Starting label LEVI, seed 13, iteration 1220, time: 4034.2382910251617
Starting label LEVI, seed 13, iteration 1230, time: 4042.7911915779114
Starting label LEVI, seed 13, iteration 1240, time: 4051.106864452362
Starting label LEVI, seed 13, iteration 1250, time: 4059.5027379989624
Starting label LEVI, seed 13, iteration 1260, time: 4067.7628931999207
Starting label LEVI, seed 13, iteration 1270, time: 4076.023413658142
Starting label LEVI, seed 13, iteration 1280, time: 4084.9809679985046
Starting label LEVI, seed 13, iteration 1290, time: 4093.6211326122284
Starting label LEVI, seed 13, iteration 1300, time: 4102.528801679611
Starting label LEVI, seed 13, iteration 1310, time: 4110.936849355698
Starting label LEVI, seed 13, iteration 1320, time: 4119.162806749344
Starting label LEVI, seed 13, iteration 1330, time: 4127.374035358429
Starting label LEVI, seed 13, iteration 1340, time: 4135.838011026382
Starting label LEVI, seed 13, iteration 1350, time: 4143.972725391388
Starting label LEVI, seed 13, iteration 1360, time: 4152.355221033096
Starting label LEVI, seed 13, iteration 1370, time: 4160.819211483002
Starting label LEVI, seed 13, iteration 1380, time: 4169.657119750977
Starting label LEVI, seed 13, iteration 1390, time: 4178.317821979523
Starting label LEVI, seed 13, iteration 1400, time: 4187.138958930969
Starting label LEVI, seed 13, iteration 1410, time: 4196.159172296524
Starting label LEVI, seed 13, iteration 1420, time: 4205.717080593109
Starting label LEVI, seed 13, iteration 1430, time: 4214.795776605606
Starting label LEVI, seed 13, iteration 1440, time: 4223.775942802429
Starting label LEVI, seed 13, iteration 1450, time: 4233.314220428467
Starting label LEVI, seed 13, iteration 1460, time: 4242.745987892151
Starting label LEVI, seed 13, iteration 1470, time: 4252.848743915558
Starting label LEVI, seed 13, iteration 1480, time: 4263.016293525696
Starting label LEVI, seed 13, iteration 1490, time: 4272.591756105423
Starting label LEVI, seed 13, iteration 1500, time: 4282.697815179825
Starting label LEVI, seed 13, iteration 1510, time: 4291.802369594574
Starting label LEVI, seed 13, iteration 1520, time: 4301.73251080513
Starting label LEVI, seed 13, iteration 1530, time: 4311.525345802307
Starting label LEVI, seed 13, iteration 1540, time: 4321.549479007721
Starting label LEVI, seed 13, iteration 1550, time: 4331.771549940109
Starting label LEVI, seed 13, iteration 1560, time: 4341.644794464111
Starting label LEVI, seed 13, iteration 1570, time: 4352.1278920173645
Starting label LEVI, seed 13, iteration 1580, time: 4363.3548464775085
Starting label LEVI, seed 13, iteration 1590, time: 4373.873603105545
Starting label LEVI, seed 13, iteration 1600, time: 4384.287902832031
Starting label LEVI, seed 13, iteration 1610, time: 4393.932979106903
Starting label LEVI, seed 13, iteration 1620, time: 4404.432395458221
Starting label LEVI, seed 13, iteration 1630, time: 4414.507585525513
Starting label LEVI, seed 13, iteration 1640, time: 4423.910869836807
Starting label LEVI, seed 13, iteration 1650, time: 4433.55846452713
Starting label LEVI, seed 13, iteration 1660, time: 4443.635967969894
Starting label LEVI, seed 13, iteration 1670, time: 4454.110295057297
Starting label LEVI, seed 13, iteration 1680, time: 4464.469566345215
Starting label LEVI, seed 13, iteration 1690, time: 4475.089803934097
Starting label LEVI, seed 13, iteration 1700, time: 4485.146231412888
Starting label LEVI, seed 13, iteration 1710, time: 4494.961923837662
Starting label LEVI, seed 13, iteration 1720, time: 4505.522446155548
Starting label LEVI, seed 13, iteration 1730, time: 4515.870591878891
Starting label LEVI, seed 13, iteration 1740, time: 4525.891371250153
Starting label LEVI, seed 13, iteration 1750, time: 4536.06213760376
Starting label LEVI, seed 13, iteration 1760, time: 4545.781002998352
Starting label LEVI, seed 13, iteration 1770, time: 4556.76806473732
Starting label LEVI, seed 13, iteration 1780, time: 4567.3697555065155
Starting label LEVI, seed 13, iteration 1790, time: 4579.0564613342285
Starting label LEVI, seed 13, iteration 1800, time: 4590.216406583786
Starting label LEVI, seed 13, iteration 1810, time: 4602.342966556549
Starting label LEVI, seed 13, iteration 1820, time: 4613.290765762329
Starting label LEVI, seed 13, iteration 1830, time: 4624.419137001038
Starting label LEVI, seed 13, iteration 1840, time: 4636.148408174515
Starting label LEVI, seed 13, iteration 1850, time: 4647.396394729614
Starting label LEVI, seed 13, iteration 1860, time: 4658.686111450195
Starting label LEVI, seed 13, iteration 1870, time: 4670.754010677338
Starting label LEVI, seed 13, iteration 1880, time: 4681.641355514526
Starting label LEVI, seed 13, iteration 1890, time: 4693.873912811279
Starting label LEVI, seed 13, iteration 1900, time: 4705.144994258881
Starting label LEVI, seed 13, iteration 1910, time: 4718.454868793488
Starting label LEVI, seed 13, iteration 1920, time: 4730.637998819351
Starting label LEVI, seed 13, iteration 1930, time: 4742.884211540222
Starting label LEVI, seed 13, iteration 1940, time: 4755.418258428574
Starting label LEVI, seed 13, iteration 1950, time: 4767.538640737534
Starting label LEVI, seed 13, iteration 1960, time: 4780.183053255081
Starting label LEVI, seed 13, iteration 1970, time: 4791.279665708542
Starting label LEVI, seed 13, iteration 1980, time: 4804.487908124924
Starting label LEVI, seed 13, iteration 1990, time: 4816.152704000473
submitit INFO (2022-10-02 15:13:21,872) - Job completed successfully
