submitit INFO (2022-10-02 00:29:33,070) - Starting with JobEnvironment(job_id=883242_5, hostname=sablab-gpu-06.ece.cornell.edu, local_rank=0(1), node=0(1), global_rank=0(1))
submitit INFO (2022-10-02 00:29:33,070) - Loading pickle: /home/gid-cakmaks/contextual_rs/experiments/wsc_experiments/logs/883242_5/883242_5_submitted.pkl
Starting label LEVI, seed 15, iteration 0, time: 0.0034394264221191406
Starting label LEVI, seed 15, iteration 10, time: 2.885087490081787
Starting label LEVI, seed 15, iteration 20, time: 5.546931266784668
Starting label LEVI, seed 15, iteration 30, time: 8.333435773849487
Starting label LEVI, seed 15, iteration 40, time: 11.097361087799072
Starting label LEVI, seed 15, iteration 50, time: 13.889104127883911
Starting label LEVI, seed 15, iteration 60, time: 16.796436071395874
Starting label LEVI, seed 15, iteration 70, time: 19.63125514984131
Starting label LEVI, seed 15, iteration 80, time: 22.51737952232361
Starting label LEVI, seed 15, iteration 90, time: 25.396965265274048
Starting label LEVI, seed 15, iteration 100, time: 28.310198307037354
Starting label LEVI, seed 15, iteration 110, time: 31.269919633865356
Starting label LEVI, seed 15, iteration 120, time: 34.10661721229553
Starting label LEVI, seed 15, iteration 130, time: 37.06554841995239
Starting label LEVI, seed 15, iteration 140, time: 39.981643199920654
Starting label LEVI, seed 15, iteration 150, time: 42.8683979511261
Starting label LEVI, seed 15, iteration 160, time: 45.898903608322144
Starting label LEVI, seed 15, iteration 170, time: 48.88459753990173
Starting label LEVI, seed 15, iteration 180, time: 51.83387494087219
Starting label LEVI, seed 15, iteration 190, time: 54.87388873100281
Starting label LEVI, seed 15, iteration 200, time: 57.81058645248413
Starting label LEVI, seed 15, iteration 210, time: 60.79672718048096
Starting label LEVI, seed 15, iteration 220, time: 63.814350605010986
Starting label LEVI, seed 15, iteration 230, time: 66.84464526176453
Starting label LEVI, seed 15, iteration 240, time: 69.91033005714417
Starting label LEVI, seed 15, iteration 250, time: 72.92780470848083
Starting label LEVI, seed 15, iteration 260, time: 75.94731068611145
Starting label LEVI, seed 15, iteration 270, time: 79.02463293075562
Starting label LEVI, seed 15, iteration 280, time: 82.1455614566803
Starting label LEVI, seed 15, iteration 290, time: 85.27556848526001
Starting label LEVI, seed 15, iteration 300, time: 88.34844088554382
Starting label LEVI, seed 15, iteration 310, time: 91.5423514842987
Starting label LEVI, seed 15, iteration 320, time: 94.69096660614014
Starting label LEVI, seed 15, iteration 330, time: 97.84040832519531
Starting label LEVI, seed 15, iteration 340, time: 100.95840907096863
Starting label LEVI, seed 15, iteration 350, time: 104.13918089866638
Starting label LEVI, seed 15, iteration 360, time: 107.3747205734253
Starting label LEVI, seed 15, iteration 370, time: 110.60611701011658
Starting label LEVI, seed 15, iteration 380, time: 113.8610565662384
Starting label LEVI, seed 15, iteration 390, time: 117.3308265209198
Starting label LEVI, seed 15, iteration 400, time: 120.64755034446716
Starting label LEVI, seed 15, iteration 410, time: 123.95211720466614
Starting label LEVI, seed 15, iteration 420, time: 127.33394622802734
Starting label LEVI, seed 15, iteration 430, time: 130.78435277938843
Starting label LEVI, seed 15, iteration 440, time: 134.2435920238495
Starting label LEVI, seed 15, iteration 450, time: 137.90928649902344
Starting label LEVI, seed 15, iteration 460, time: 141.45919680595398
Starting label LEVI, seed 15, iteration 470, time: 145.06028699874878
Starting label LEVI, seed 15, iteration 480, time: 148.70149278640747
Starting label LEVI, seed 15, iteration 490, time: 152.36886310577393
Starting label LEVI, seed 15, iteration 500, time: 155.98287963867188
Starting label LEVI, seed 15, iteration 510, time: 159.66883182525635
Starting label LEVI, seed 15, iteration 520, time: 163.48654675483704
Starting label LEVI, seed 15, iteration 530, time: 167.18358063697815
Starting label LEVI, seed 15, iteration 540, time: 171.38519597053528
Starting label LEVI, seed 15, iteration 550, time: 175.43532967567444
Starting label LEVI, seed 15, iteration 560, time: 179.5763545036316
Starting label LEVI, seed 15, iteration 570, time: 183.411536693573
Starting label LEVI, seed 15, iteration 580, time: 187.5131607055664
Starting label LEVI, seed 15, iteration 590, time: 191.76796340942383
Starting label LEVI, seed 15, iteration 600, time: 195.95858478546143
Starting label LEVI, seed 15, iteration 610, time: 199.99001550674438
Starting label LEVI, seed 15, iteration 620, time: 204.30132055282593
Starting label LEVI, seed 15, iteration 630, time: 208.39882230758667
Starting label LEVI, seed 15, iteration 640, time: 212.8598017692566
Starting label LEVI, seed 15, iteration 650, time: 217.5063648223877
Starting label LEVI, seed 15, iteration 660, time: 222.5963716506958
Starting label LEVI, seed 15, iteration 670, time: 227.27182364463806
Starting label LEVI, seed 15, iteration 680, time: 231.885098695755
Starting label LEVI, seed 15, iteration 690, time: 236.58994603157043
Starting label LEVI, seed 15, iteration 700, time: 241.26834750175476
Starting label LEVI, seed 15, iteration 710, time: 246.41356301307678
Starting label LEVI, seed 15, iteration 720, time: 251.37592434883118
Starting label LEVI, seed 15, iteration 730, time: 256.2093641757965
Starting label LEVI, seed 15, iteration 740, time: 261.3079888820648
Starting label LEVI, seed 15, iteration 750, time: 266.060649394989
Starting label LEVI, seed 15, iteration 760, time: 270.9148380756378
Starting label LEVI, seed 15, iteration 770, time: 275.81557416915894
Starting label LEVI, seed 15, iteration 780, time: 280.6869671344757
Starting label LEVI, seed 15, iteration 790, time: 286.3090150356293
Starting label LEVI, seed 15, iteration 800, time: 291.67073154449463
Starting label LEVI, seed 15, iteration 810, time: 297.2662534713745
Starting label LEVI, seed 15, iteration 820, time: 303.0778806209564
Starting label LEVI, seed 15, iteration 830, time: 308.9229474067688
Starting label LEVI, seed 15, iteration 840, time: 314.6700921058655
Starting label LEVI, seed 15, iteration 850, time: 319.701860666275
Starting label LEVI, seed 15, iteration 860, time: 325.2037422657013
Starting label LEVI, seed 15, iteration 870, time: 330.99571800231934
Starting label LEVI, seed 15, iteration 880, time: 336.9785523414612
Starting label LEVI, seed 15, iteration 890, time: 342.6648163795471
Starting label LEVI, seed 15, iteration 900, time: 347.794260263443
Starting label LEVI, seed 15, iteration 910, time: 353.81416368484497
Starting label LEVI, seed 15, iteration 920, time: 360.2927243709564
Starting label LEVI, seed 15, iteration 930, time: 366.5388779640198
Starting label LEVI, seed 15, iteration 940, time: 372.9280745983124
Starting label LEVI, seed 15, iteration 950, time: 379.3177969455719
Starting label LEVI, seed 15, iteration 960, time: 385.847252368927
Starting label LEVI, seed 15, iteration 970, time: 391.9050099849701
Starting label LEVI, seed 15, iteration 980, time: 398.65293645858765
Starting label LEVI, seed 15, iteration 990, time: 405.0410680770874
Starting label LEVI, seed 15, iteration 1000, time: 411.34926557540894
Starting label LEVI, seed 15, iteration 1010, time: 417.62661361694336
Starting label LEVI, seed 15, iteration 1020, time: 423.92397117614746
Starting label LEVI, seed 15, iteration 1030, time: 431.22351121902466
Starting label LEVI, seed 15, iteration 1040, time: 439.36565804481506
Starting label LEVI, seed 15, iteration 1050, time: 447.39217138290405
Starting label LEVI, seed 15, iteration 1060, time: 455.0728747844696
Starting label LEVI, seed 15, iteration 1070, time: 463.78488945961
Starting label LEVI, seed 15, iteration 1080, time: 471.1764669418335
Starting label LEVI, seed 15, iteration 1090, time: 480.0688679218292
Starting label LEVI, seed 15, iteration 1100, time: 489.0577042102814
Starting label LEVI, seed 15, iteration 1110, time: 496.53857016563416
Starting label LEVI, seed 15, iteration 1120, time: 504.60507822036743
Starting label LEVI, seed 15, iteration 1130, time: 512.7101819515228
Starting label LEVI, seed 15, iteration 1140, time: 521.156495809555
Starting label LEVI, seed 15, iteration 1150, time: 531.2711901664734
Starting label LEVI, seed 15, iteration 1160, time: 539.719703912735
Starting label LEVI, seed 15, iteration 1170, time: 548.3094773292542
Starting label LEVI, seed 15, iteration 1180, time: 558.2581648826599
Starting label LEVI, seed 15, iteration 1190, time: 568.3847851753235
Starting label LEVI, seed 15, iteration 1200, time: 578.7406396865845
Starting label LEVI, seed 15, iteration 1210, time: 587.5338952541351
Starting label LEVI, seed 15, iteration 1220, time: 597.410638332367
Starting label LEVI, seed 15, iteration 1230, time: 606.9167051315308
Starting label LEVI, seed 15, iteration 1240, time: 616.7960512638092
Starting label LEVI, seed 15, iteration 1250, time: 626.5374541282654
Starting label LEVI, seed 15, iteration 1260, time: 638.296370267868
Starting label LEVI, seed 15, iteration 1270, time: 649.5815000534058
Starting label LEVI, seed 15, iteration 1280, time: 659.9798347949982
Starting label LEVI, seed 15, iteration 1290, time: 670.3003334999084
Starting label LEVI, seed 15, iteration 1300, time: 683.2307760715485
Starting label LEVI, seed 15, iteration 1310, time: 695.3816766738892
Starting label LEVI, seed 15, iteration 1320, time: 706.416223526001
Starting label LEVI, seed 15, iteration 1330, time: 717.2132246494293
Starting label LEVI, seed 15, iteration 1340, time: 728.4971070289612
Starting label LEVI, seed 15, iteration 1350, time: 739.6668984889984
Starting label LEVI, seed 15, iteration 1360, time: 753.4134578704834
Starting label LEVI, seed 15, iteration 1370, time: 767.3981609344482
Starting label LEVI, seed 15, iteration 1380, time: 778.9352617263794
Starting label LEVI, seed 15, iteration 1390, time: 793.2414917945862
Starting label LEVI, seed 15, iteration 1400, time: 805.197351694107
Starting label LEVI, seed 15, iteration 1410, time: 819.2809274196625
Starting label LEVI, seed 15, iteration 1420, time: 831.0792210102081
Starting label LEVI, seed 15, iteration 1430, time: 842.8839657306671
Starting label LEVI, seed 15, iteration 1440, time: 855.024649143219
Starting label LEVI, seed 15, iteration 1450, time: 869.4004139900208
Starting label LEVI, seed 15, iteration 1460, time: 884.5388622283936
Starting label LEVI, seed 15, iteration 1470, time: 897.4007425308228
Starting label LEVI, seed 15, iteration 1480, time: 912.6951637268066
Starting label LEVI, seed 15, iteration 1490, time: 927.9664187431335
Starting label LEVI, seed 15, iteration 1500, time: 944.5828211307526
Starting label LEVI, seed 15, iteration 1510, time: 959.5908603668213
Starting label LEVI, seed 15, iteration 1520, time: 976.5177924633026
Starting label LEVI, seed 15, iteration 1530, time: 993.8244376182556
Starting label LEVI, seed 15, iteration 1540, time: 1010.8232522010803
Starting label LEVI, seed 15, iteration 1550, time: 1028.179045200348
Starting label LEVI, seed 15, iteration 1560, time: 1045.7261006832123
Starting label LEVI, seed 15, iteration 1570, time: 1060.4269502162933
Starting label LEVI, seed 15, iteration 1580, time: 1075.7674586772919
Starting label LEVI, seed 15, iteration 1590, time: 1093.401415348053
Starting label LEVI, seed 15, iteration 1600, time: 1109.1829812526703
Starting label LEVI, seed 15, iteration 1610, time: 1123.579604625702
Starting label LEVI, seed 15, iteration 1620, time: 1143.6105706691742
Starting label LEVI, seed 15, iteration 1630, time: 1158.417361497879
Starting label LEVI, seed 15, iteration 1640, time: 1177.7927446365356
Starting label LEVI, seed 15, iteration 1650, time: 1195.2442135810852
Starting label LEVI, seed 15, iteration 1660, time: 1214.2710905075073
Starting label LEVI, seed 15, iteration 1670, time: 1230.4124870300293
Starting label LEVI, seed 15, iteration 1680, time: 1247.5345690250397
Starting label LEVI, seed 15, iteration 1690, time: 1264.7010905742645
Starting label LEVI, seed 15, iteration 1700, time: 1281.4523656368256
Starting label LEVI, seed 15, iteration 1710, time: 1299.7556929588318
Starting label LEVI, seed 15, iteration 1720, time: 1319.0901727676392
Starting label LEVI, seed 15, iteration 1730, time: 1334.7325100898743
Starting label LEVI, seed 15, iteration 1740, time: 1351.0179595947266
Starting label LEVI, seed 15, iteration 1750, time: 1367.7221357822418
Starting label LEVI, seed 15, iteration 1760, time: 1384.9042422771454
Starting label LEVI, seed 15, iteration 1770, time: 1405.9328925609589
Starting label LEVI, seed 15, iteration 1780, time: 1422.7272553443909
Starting label LEVI, seed 15, iteration 1790, time: 1439.5932931900024
Starting label LEVI, seed 15, iteration 1800, time: 1461.4857184886932
Starting label LEVI, seed 15, iteration 1810, time: 1479.9426708221436
Starting label LEVI, seed 15, iteration 1820, time: 1504.3530805110931
Starting label LEVI, seed 15, iteration 1830, time: 1521.9279103279114
Starting label LEVI, seed 15, iteration 1840, time: 1540.0616595745087
Starting label LEVI, seed 15, iteration 1850, time: 1559.4828567504883
submitit WARNING (2022-10-02 00:55:52,006) - Bypassing signal SIGCONT
submitit WARNING (2022-10-02 00:55:52,108) - Bypassing signal SIGTERM
Starting label LEVI, seed 15, iteration 1860, time: 1579.6098051071167
Starting label LEVI, seed 15, iteration 1870, time: 1602.0458409786224
