submitit INFO (2022-10-02 04:15:44,533) - Starting with JobEnvironment(job_id=884064_5, hostname=g2-compute-97.coecis.cornell.edu, local_rank=0(1), node=0(1), global_rank=0(1))
submitit INFO (2022-10-02 04:15:44,533) - Loading pickle: /home/gid-cakmaks/contextual_rs/experiments/wsc_experiments/logs/884064_5/884064_5_submitted.pkl
Appending iterations to existing output!Warning: If parameters other than `iterations` have been changed, this will corrupt the output!
Starting label LEVI, seed 75, iteration 600, time: 301.4669814109802
Starting label LEVI, seed 75, iteration 610, time: 306.42614459991455
Starting label LEVI, seed 75, iteration 620, time: 311.30948638916016
Starting label LEVI, seed 75, iteration 630, time: 316.3165349960327
Starting label LEVI, seed 75, iteration 640, time: 321.3504204750061
Starting label LEVI, seed 75, iteration 650, time: 326.7990942001343
Starting label LEVI, seed 75, iteration 660, time: 332.1745934486389
Starting label LEVI, seed 75, iteration 670, time: 337.7716031074524
Starting label LEVI, seed 75, iteration 680, time: 343.17362427711487
Starting label LEVI, seed 75, iteration 690, time: 348.49227714538574
Starting label LEVI, seed 75, iteration 700, time: 354.41908621788025
Starting label LEVI, seed 75, iteration 710, time: 360.09846806526184
Starting label LEVI, seed 75, iteration 720, time: 365.4561958312988
Starting label LEVI, seed 75, iteration 730, time: 371.0225203037262
Starting label LEVI, seed 75, iteration 740, time: 376.34208250045776
Starting label LEVI, seed 75, iteration 750, time: 381.7992830276489
Starting label LEVI, seed 75, iteration 760, time: 387.11384105682373
Starting label LEVI, seed 75, iteration 770, time: 392.9649918079376
Starting label LEVI, seed 75, iteration 780, time: 398.9158511161804
Starting label LEVI, seed 75, iteration 790, time: 404.16379833221436
Starting label LEVI, seed 75, iteration 800, time: 409.9144456386566
Starting label LEVI, seed 75, iteration 810, time: 415.5120458602905
Starting label LEVI, seed 75, iteration 820, time: 421.4003608226776
Starting label LEVI, seed 75, iteration 830, time: 426.9118638038635
Starting label LEVI, seed 75, iteration 840, time: 432.84795117378235
Starting label LEVI, seed 75, iteration 850, time: 438.55236196517944
Starting label LEVI, seed 75, iteration 860, time: 443.96790170669556
Starting label LEVI, seed 75, iteration 870, time: 449.378760099411
Starting label LEVI, seed 75, iteration 880, time: 454.946005821228
Starting label LEVI, seed 75, iteration 890, time: 460.40918135643005
Starting label LEVI, seed 75, iteration 900, time: 465.85317850112915
Starting label LEVI, seed 75, iteration 910, time: 471.26948142051697
Starting label LEVI, seed 75, iteration 920, time: 476.64889097213745
Starting label LEVI, seed 75, iteration 930, time: 482.0896761417389
Starting label LEVI, seed 75, iteration 940, time: 487.89728593826294
Starting label LEVI, seed 75, iteration 950, time: 493.7413959503174
Starting label LEVI, seed 75, iteration 960, time: 499.2262942790985
Starting label LEVI, seed 75, iteration 970, time: 505.4237117767334
Starting label LEVI, seed 75, iteration 980, time: 510.9975199699402
Starting label LEVI, seed 75, iteration 990, time: 516.5161917209625
Starting label LEVI, seed 75, iteration 1000, time: 522.5259861946106
Starting label LEVI, seed 75, iteration 1010, time: 528.657304763794
Starting label LEVI, seed 75, iteration 1020, time: 534.2350134849548
Starting label LEVI, seed 75, iteration 1030, time: 539.9750168323517
Starting label LEVI, seed 75, iteration 1040, time: 545.699544429779
Starting label LEVI, seed 75, iteration 1050, time: 552.0924699306488
Starting label LEVI, seed 75, iteration 1060, time: 557.8092074394226
Starting label LEVI, seed 75, iteration 1070, time: 563.3966629505157
Starting label LEVI, seed 75, iteration 1080, time: 569.1127305030823
Starting label LEVI, seed 75, iteration 1090, time: 574.8398232460022
Starting label LEVI, seed 75, iteration 1100, time: 580.645229101181
Starting label LEVI, seed 75, iteration 1110, time: 586.5597105026245
Starting label LEVI, seed 75, iteration 1120, time: 592.337717294693
Starting label LEVI, seed 75, iteration 1130, time: 601.1690566539764
Starting label LEVI, seed 75, iteration 1140, time: 607.1874721050262
Starting label LEVI, seed 75, iteration 1150, time: 613.1106398105621
Starting label LEVI, seed 75, iteration 1160, time: 619.298552274704
Starting label LEVI, seed 75, iteration 1170, time: 625.1738104820251
Starting label LEVI, seed 75, iteration 1180, time: 630.9861538410187
Starting label LEVI, seed 75, iteration 1190, time: 637.1716558933258
Starting label LEVI, seed 75, iteration 1200, time: 643.2351295948029
Starting label LEVI, seed 75, iteration 1210, time: 649.2026748657227
Starting label LEVI, seed 75, iteration 1220, time: 655.1783645153046
Starting label LEVI, seed 75, iteration 1230, time: 661.1541821956635
Starting label LEVI, seed 75, iteration 1240, time: 667.3538725376129
Starting label LEVI, seed 75, iteration 1250, time: 673.4825913906097
Starting label LEVI, seed 75, iteration 1260, time: 679.5151624679565
Starting label LEVI, seed 75, iteration 1270, time: 685.8491854667664
Starting label LEVI, seed 75, iteration 1280, time: 691.9344191551208
Starting label LEVI, seed 75, iteration 1290, time: 698.2148740291595
Starting label LEVI, seed 75, iteration 1300, time: 704.3723888397217
Starting label LEVI, seed 75, iteration 1310, time: 710.5663816928864
Starting label LEVI, seed 75, iteration 1320, time: 716.7710447311401
Starting label LEVI, seed 75, iteration 1330, time: 722.899209022522
Starting label LEVI, seed 75, iteration 1340, time: 729.1198406219482
Starting label LEVI, seed 75, iteration 1350, time: 735.1044855117798
Starting label LEVI, seed 75, iteration 1360, time: 741.1507425308228
Starting label LEVI, seed 75, iteration 1370, time: 747.3390779495239
Starting label LEVI, seed 75, iteration 1380, time: 753.6465835571289
Starting label LEVI, seed 75, iteration 1390, time: 759.8872482776642
Starting label LEVI, seed 75, iteration 1400, time: 766.1679775714874
Starting label LEVI, seed 75, iteration 1410, time: 772.1711978912354
Starting label LEVI, seed 75, iteration 1420, time: 778.4154131412506
Starting label LEVI, seed 75, iteration 1430, time: 784.8361582756042
Starting label LEVI, seed 75, iteration 1440, time: 791.2474956512451
Starting label LEVI, seed 75, iteration 1450, time: 797.9956433773041
Starting label LEVI, seed 75, iteration 1460, time: 804.5197467803955
Starting label LEVI, seed 75, iteration 1470, time: 811.2672727108002
Starting label LEVI, seed 75, iteration 1480, time: 817.9317178726196
Starting label LEVI, seed 75, iteration 1490, time: 824.4717855453491
Starting label LEVI, seed 75, iteration 1500, time: 831.2117109298706
Starting label LEVI, seed 75, iteration 1510, time: 837.7676184177399
Starting label LEVI, seed 75, iteration 1520, time: 844.5639007091522
Starting label LEVI, seed 75, iteration 1530, time: 851.1282243728638
Starting label LEVI, seed 75, iteration 1540, time: 857.7895605564117
Starting label LEVI, seed 75, iteration 1550, time: 864.3004930019379
Starting label LEVI, seed 75, iteration 1560, time: 870.9199378490448
Starting label LEVI, seed 75, iteration 1570, time: 877.5808806419373
Starting label LEVI, seed 75, iteration 1580, time: 884.4162209033966
Starting label LEVI, seed 75, iteration 1590, time: 891.1735439300537
Starting label LEVI, seed 75, iteration 1600, time: 898.0418524742126
Starting label LEVI, seed 75, iteration 1610, time: 904.8602788448334
Starting label LEVI, seed 75, iteration 1620, time: 911.8727812767029
Starting label LEVI, seed 75, iteration 1630, time: 919.038450717926
Starting label LEVI, seed 75, iteration 1640, time: 925.9151678085327
Starting label LEVI, seed 75, iteration 1650, time: 932.7313299179077
Starting label LEVI, seed 75, iteration 1660, time: 939.6238706111908
Starting label LEVI, seed 75, iteration 1670, time: 946.8274538516998
Starting label LEVI, seed 75, iteration 1680, time: 953.8326563835144
Starting label LEVI, seed 75, iteration 1690, time: 960.6928367614746
Starting label LEVI, seed 75, iteration 1700, time: 967.7664818763733
Starting label LEVI, seed 75, iteration 1710, time: 974.6945974826813
Starting label LEVI, seed 75, iteration 1720, time: 981.5200154781342
Starting label LEVI, seed 75, iteration 1730, time: 988.6356956958771
Starting label LEVI, seed 75, iteration 1740, time: 995.7953374385834
Starting label LEVI, seed 75, iteration 1750, time: 1002.9033176898956
Starting label LEVI, seed 75, iteration 1760, time: 1009.9569976329803
Starting label LEVI, seed 75, iteration 1770, time: 1017.2711880207062
Starting label LEVI, seed 75, iteration 1780, time: 1024.4754540920258
Starting label LEVI, seed 75, iteration 1790, time: 1031.48322057724
Starting label LEVI, seed 75, iteration 1800, time: 1038.4529871940613
Starting label LEVI, seed 75, iteration 1810, time: 1045.6373648643494
Starting label LEVI, seed 75, iteration 1820, time: 1052.8486788272858
Starting label LEVI, seed 75, iteration 1830, time: 1060.419183254242
Starting label LEVI, seed 75, iteration 1840, time: 1067.827786207199
Starting label LEVI, seed 75, iteration 1850, time: 1075.4042229652405
Starting label LEVI, seed 75, iteration 1860, time: 1082.9965312480927
Starting label LEVI, seed 75, iteration 1870, time: 1090.531598329544
Starting label LEVI, seed 75, iteration 1880, time: 1098.475405216217
Starting label LEVI, seed 75, iteration 1890, time: 1106.4005753993988
Starting label LEVI, seed 75, iteration 1900, time: 1114.1682662963867
Starting label LEVI, seed 75, iteration 1910, time: 1121.8761398792267
Starting label LEVI, seed 75, iteration 1920, time: 1129.3405935764313
Starting label LEVI, seed 75, iteration 1930, time: 1136.8524408340454
Starting label LEVI, seed 75, iteration 1940, time: 1144.243625164032
Starting label LEVI, seed 75, iteration 1950, time: 1151.439612865448
Starting label LEVI, seed 75, iteration 1960, time: 1158.8315415382385
Starting label LEVI, seed 75, iteration 1970, time: 1166.2933604717255
Starting label LEVI, seed 75, iteration 1980, time: 1173.843505859375
Starting label LEVI, seed 75, iteration 1990, time: 1181.3719954490662
submitit INFO (2022-10-02 04:30:35,013) - Job completed successfully
