submitit INFO (2022-10-02 13:27:23,490) - Starting with JobEnvironment(job_id=884571_1, hostname=badfellow.cs.cornell.edu, local_rank=0(1), node=0(1), global_rank=0(1))
submitit INFO (2022-10-02 13:27:23,490) - Loading pickle: /home/gid-cakmaks/contextual_rs/experiments/wsc_experiments/logs/884571_1/884571_1_submitted.pkl
Appending iterations to existing output!Warning: If parameters other than `iterations` have been changed, this will corrupt the output!
Starting label LEVI, seed 51, iteration 510, time: 308.94683957099915
Starting label LEVI, seed 51, iteration 520, time: 317.59524059295654
Starting label LEVI, seed 51, iteration 530, time: 321.4789459705353
Starting label LEVI, seed 51, iteration 540, time: 325.33306670188904
Starting label LEVI, seed 51, iteration 550, time: 329.2997696399689
Starting label LEVI, seed 51, iteration 560, time: 333.62670278549194
Starting label LEVI, seed 51, iteration 570, time: 338.7171280384064
Starting label LEVI, seed 51, iteration 580, time: 344.22814416885376
Starting label LEVI, seed 51, iteration 590, time: 348.69317054748535
Starting label LEVI, seed 51, iteration 600, time: 352.9604392051697
Starting label LEVI, seed 51, iteration 610, time: 357.0983259677887
Starting label LEVI, seed 51, iteration 620, time: 361.25751090049744
Starting label LEVI, seed 51, iteration 630, time: 365.55149698257446
Starting label LEVI, seed 51, iteration 640, time: 369.83157420158386
Starting label LEVI, seed 51, iteration 650, time: 374.0878369808197
Starting label LEVI, seed 51, iteration 660, time: 378.4106180667877
Starting label LEVI, seed 51, iteration 670, time: 383.2206311225891
Starting label LEVI, seed 51, iteration 680, time: 388.3425419330597
Starting label LEVI, seed 51, iteration 690, time: 393.53707242012024
Starting label LEVI, seed 51, iteration 700, time: 398.7723698616028
Starting label LEVI, seed 51, iteration 710, time: 403.826726436615
Starting label LEVI, seed 51, iteration 720, time: 408.3047363758087
Starting label LEVI, seed 51, iteration 730, time: 412.4040780067444
Starting label LEVI, seed 51, iteration 740, time: 416.6745865345001
Starting label LEVI, seed 51, iteration 750, time: 420.84032249450684
Starting label LEVI, seed 51, iteration 760, time: 425.2621240615845
Starting label LEVI, seed 51, iteration 770, time: 429.34739112854004
Starting label LEVI, seed 51, iteration 780, time: 433.2447428703308
Starting label LEVI, seed 51, iteration 790, time: 437.36308336257935
Starting label LEVI, seed 51, iteration 800, time: 441.3463833332062
Starting label LEVI, seed 51, iteration 810, time: 445.54583835601807
Starting label LEVI, seed 51, iteration 820, time: 449.69274258613586
Starting label LEVI, seed 51, iteration 830, time: 453.8065388202667
Starting label LEVI, seed 51, iteration 840, time: 457.9037256240845
Starting label LEVI, seed 51, iteration 850, time: 461.9539785385132
Starting label LEVI, seed 51, iteration 860, time: 466.032071352005
Starting label LEVI, seed 51, iteration 870, time: 470.11738777160645
Starting label LEVI, seed 51, iteration 880, time: 474.1437900066376
Starting label LEVI, seed 51, iteration 890, time: 478.3632209300995
Starting label LEVI, seed 51, iteration 900, time: 482.54974126815796
Starting label LEVI, seed 51, iteration 910, time: 486.77890491485596
Starting label LEVI, seed 51, iteration 920, time: 491.0955443382263
Starting label LEVI, seed 51, iteration 930, time: 495.2168228626251
Starting label LEVI, seed 51, iteration 940, time: 499.43315601348877
Starting label LEVI, seed 51, iteration 950, time: 503.94877314567566
Starting label LEVI, seed 51, iteration 960, time: 508.50494146347046
Starting label LEVI, seed 51, iteration 970, time: 512.9499232769012
Starting label LEVI, seed 51, iteration 980, time: 517.3011908531189
Starting label LEVI, seed 51, iteration 990, time: 521.8164365291595
Starting label LEVI, seed 51, iteration 1000, time: 526.4994757175446
Starting label LEVI, seed 51, iteration 1010, time: 531.252030134201
Starting label LEVI, seed 51, iteration 1020, time: 535.9620554447174
Starting label LEVI, seed 51, iteration 1030, time: 540.836995601654
Starting label LEVI, seed 51, iteration 1040, time: 546.2381563186646
Starting label LEVI, seed 51, iteration 1050, time: 551.0997099876404
Starting label LEVI, seed 51, iteration 1060, time: 555.9854617118835
Starting label LEVI, seed 51, iteration 1070, time: 560.8206334114075
Starting label LEVI, seed 51, iteration 1080, time: 565.8171319961548
Starting label LEVI, seed 51, iteration 1090, time: 570.6921446323395
Starting label LEVI, seed 51, iteration 1100, time: 575.8496389389038
Starting label LEVI, seed 51, iteration 1110, time: 580.848534822464
Starting label LEVI, seed 51, iteration 1120, time: 586.0169813632965
Starting label LEVI, seed 51, iteration 1130, time: 590.920969247818
Starting label LEVI, seed 51, iteration 1140, time: 596.1047122478485
Starting label LEVI, seed 51, iteration 1150, time: 601.4863777160645
Starting label LEVI, seed 51, iteration 1160, time: 606.7733435630798
Starting label LEVI, seed 51, iteration 1170, time: 611.9754247665405
Starting label LEVI, seed 51, iteration 1180, time: 617.2082114219666
Starting label LEVI, seed 51, iteration 1190, time: 622.2573959827423
Starting label LEVI, seed 51, iteration 1200, time: 627.5167038440704
Starting label LEVI, seed 51, iteration 1210, time: 632.5700068473816
Starting label LEVI, seed 51, iteration 1220, time: 637.6234221458435
Starting label LEVI, seed 51, iteration 1230, time: 642.6249508857727
Starting label LEVI, seed 51, iteration 1240, time: 647.2240517139435
Starting label LEVI, seed 51, iteration 1250, time: 652.111124753952
Starting label LEVI, seed 51, iteration 1260, time: 657.0321807861328
Starting label LEVI, seed 51, iteration 1270, time: 661.5976009368896
Starting label LEVI, seed 51, iteration 1280, time: 666.3969304561615
Starting label LEVI, seed 51, iteration 1290, time: 671.2266566753387
Starting label LEVI, seed 51, iteration 1300, time: 676.1327967643738
Starting label LEVI, seed 51, iteration 1310, time: 681.0658259391785
Starting label LEVI, seed 51, iteration 1320, time: 686.1849591732025
Starting label LEVI, seed 51, iteration 1330, time: 691.0894045829773
Starting label LEVI, seed 51, iteration 1340, time: 695.8615617752075
Starting label LEVI, seed 51, iteration 1350, time: 700.9205543994904
Starting label LEVI, seed 51, iteration 1360, time: 706.0749690532684
Starting label LEVI, seed 51, iteration 1370, time: 711.3498451709747
Starting label LEVI, seed 51, iteration 1380, time: 716.6618192195892
Starting label LEVI, seed 51, iteration 1390, time: 721.6934969425201
Starting label LEVI, seed 51, iteration 1400, time: 727.3038551807404
Starting label LEVI, seed 51, iteration 1410, time: 732.6986989974976
Starting label LEVI, seed 51, iteration 1420, time: 737.832202911377
Starting label LEVI, seed 51, iteration 1430, time: 743.1693334579468
Starting label LEVI, seed 51, iteration 1440, time: 748.3436470031738
Starting label LEVI, seed 51, iteration 1450, time: 753.7063012123108
Starting label LEVI, seed 51, iteration 1460, time: 758.921648979187
Starting label LEVI, seed 51, iteration 1470, time: 764.1940081119537
Starting label LEVI, seed 51, iteration 1480, time: 769.5827126502991
Starting label LEVI, seed 51, iteration 1490, time: 775.2860808372498
Starting label LEVI, seed 51, iteration 1500, time: 780.6848833560944
Starting label LEVI, seed 51, iteration 1510, time: 786.6956131458282
Starting label LEVI, seed 51, iteration 1520, time: 792.5758452415466
Starting label LEVI, seed 51, iteration 1530, time: 799.1554737091064
Starting label LEVI, seed 51, iteration 1540, time: 805.3794996738434
Starting label LEVI, seed 51, iteration 1550, time: 811.2934460639954
Starting label LEVI, seed 51, iteration 1560, time: 817.1329476833344
Starting label LEVI, seed 51, iteration 1570, time: 823.0994436740875
Starting label LEVI, seed 51, iteration 1580, time: 828.8627140522003
Starting label LEVI, seed 51, iteration 1590, time: 834.999505519867
Starting label LEVI, seed 51, iteration 1600, time: 840.9154562950134
Starting label LEVI, seed 51, iteration 1610, time: 847.073851108551
Starting label LEVI, seed 51, iteration 1620, time: 853.7676079273224
Starting label LEVI, seed 51, iteration 1630, time: 859.9502022266388
Starting label LEVI, seed 51, iteration 1640, time: 866.3149621486664
Starting label LEVI, seed 51, iteration 1650, time: 872.4052209854126
Starting label LEVI, seed 51, iteration 1660, time: 878.7014772891998
Starting label LEVI, seed 51, iteration 1670, time: 884.6776342391968
Starting label LEVI, seed 51, iteration 1680, time: 890.7641062736511
Starting label LEVI, seed 51, iteration 1690, time: 896.3184194564819
Starting label LEVI, seed 51, iteration 1700, time: 902.560929775238
Starting label LEVI, seed 51, iteration 1710, time: 908.4255254268646
Starting label LEVI, seed 51, iteration 1720, time: 914.3221514225006
Starting label LEVI, seed 51, iteration 1730, time: 921.3319442272186
Starting label LEVI, seed 51, iteration 1740, time: 927.9120357036591
Starting label LEVI, seed 51, iteration 1750, time: 933.9760553836823
Starting label LEVI, seed 51, iteration 1760, time: 940.9689152240753
Starting label LEVI, seed 51, iteration 1770, time: 948.0312767028809
Starting label LEVI, seed 51, iteration 1780, time: 955.1053373813629
Starting label LEVI, seed 51, iteration 1790, time: 962.7287027835846
Starting label LEVI, seed 51, iteration 1800, time: 970.2568564414978
Starting label LEVI, seed 51, iteration 1810, time: 978.6170463562012
Starting label LEVI, seed 51, iteration 1820, time: 986.5340235233307
Starting label LEVI, seed 51, iteration 1830, time: 994.1123850345612
Starting label LEVI, seed 51, iteration 1840, time: 1001.7106034755707
Starting label LEVI, seed 51, iteration 1850, time: 1009.3031072616577
Starting label LEVI, seed 51, iteration 1860, time: 1016.9653663635254
Starting label LEVI, seed 51, iteration 1870, time: 1024.5542998313904
Starting label LEVI, seed 51, iteration 1880, time: 1031.776454925537
Starting label LEVI, seed 51, iteration 1890, time: 1040.8461136817932
Starting label LEVI, seed 51, iteration 1900, time: 1048.5898003578186
Starting label LEVI, seed 51, iteration 1910, time: 1056.0905752182007
Starting label LEVI, seed 51, iteration 1920, time: 1064.823967218399
Starting label LEVI, seed 51, iteration 1930, time: 1073.0420715808868
Starting label LEVI, seed 51, iteration 1940, time: 1081.436180114746
Starting label LEVI, seed 51, iteration 1950, time: 1089.6659314632416
Starting label LEVI, seed 51, iteration 1960, time: 1097.651652097702
Starting label LEVI, seed 51, iteration 1970, time: 1105.4483420848846
Starting label LEVI, seed 51, iteration 1980, time: 1112.6588263511658
Starting label LEVI, seed 51, iteration 1990, time: 1121.0608685016632
submitit INFO (2022-10-02 13:41:04,955) - Job completed successfully
