submitit INFO (2022-10-02 00:29:22,676) - Starting with JobEnvironment(job_id=883232_4, hostname=nikola-compute-03.cs.cornell.edu, local_rank=0(1), node=0(1), global_rank=0(1))
submitit INFO (2022-10-02 00:29:22,677) - Loading pickle: /home/gid-cakmaks/contextual_rs/experiments/wsc_experiments/logs/883232_4/883232_4_submitted.pkl
Starting label LEVI, seed 4, iteration 0, time: 0.0007932186126708984
Starting label LEVI, seed 4, iteration 10, time: 2.8777987957000732
Starting label LEVI, seed 4, iteration 20, time: 5.7146971225738525
Starting label LEVI, seed 4, iteration 30, time: 8.569338083267212
Starting label LEVI, seed 4, iteration 40, time: 11.387308359146118
Starting label LEVI, seed 4, iteration 50, time: 14.18895697593689
Starting label LEVI, seed 4, iteration 60, time: 17.075023889541626
Starting label LEVI, seed 4, iteration 70, time: 20.074193000793457
Starting label LEVI, seed 4, iteration 80, time: 23.015883207321167
Starting label LEVI, seed 4, iteration 90, time: 25.98717188835144
Starting label LEVI, seed 4, iteration 100, time: 28.98210906982422
Starting label LEVI, seed 4, iteration 110, time: 32.011367321014404
Starting label LEVI, seed 4, iteration 120, time: 34.983649015426636
Starting label LEVI, seed 4, iteration 130, time: 37.91949415206909
Starting label LEVI, seed 4, iteration 140, time: 40.9677414894104
Starting label LEVI, seed 4, iteration 150, time: 43.91794943809509
Starting label LEVI, seed 4, iteration 160, time: 46.87831997871399
Starting label LEVI, seed 4, iteration 170, time: 49.8134081363678
Starting label LEVI, seed 4, iteration 180, time: 52.76733374595642
Starting label LEVI, seed 4, iteration 190, time: 55.721285581588745
Starting label LEVI, seed 4, iteration 200, time: 58.67593240737915
Starting label LEVI, seed 4, iteration 210, time: 61.67461395263672
Starting label LEVI, seed 4, iteration 220, time: 64.6421127319336
Starting label LEVI, seed 4, iteration 230, time: 67.51652526855469
Starting label LEVI, seed 4, iteration 240, time: 70.38333249092102
Starting label LEVI, seed 4, iteration 250, time: 73.43523573875427
Starting label LEVI, seed 4, iteration 260, time: 76.32156467437744
Starting label LEVI, seed 4, iteration 270, time: 79.41975903511047
Starting label LEVI, seed 4, iteration 280, time: 82.48537492752075
Starting label LEVI, seed 4, iteration 290, time: 85.45980262756348
Starting label LEVI, seed 4, iteration 300, time: 88.55426383018494
Starting label LEVI, seed 4, iteration 310, time: 91.77988338470459
Starting label LEVI, seed 4, iteration 320, time: 94.84740281105042
Starting label LEVI, seed 4, iteration 330, time: 97.93666172027588
Starting label LEVI, seed 4, iteration 340, time: 100.94543433189392
Starting label LEVI, seed 4, iteration 350, time: 104.12227129936218
Starting label LEVI, seed 4, iteration 360, time: 107.34385013580322
Starting label LEVI, seed 4, iteration 370, time: 110.60635471343994
Starting label LEVI, seed 4, iteration 380, time: 113.8517427444458
Starting label LEVI, seed 4, iteration 390, time: 117.29225397109985
Starting label LEVI, seed 4, iteration 400, time: 120.58345174789429
Starting label LEVI, seed 4, iteration 410, time: 123.88981175422668
Starting label LEVI, seed 4, iteration 420, time: 127.28656721115112
Starting label LEVI, seed 4, iteration 430, time: 130.61855816841125
Starting label LEVI, seed 4, iteration 440, time: 134.13514876365662
Starting label LEVI, seed 4, iteration 450, time: 137.7441680431366
Starting label LEVI, seed 4, iteration 460, time: 141.32104182243347
Starting label LEVI, seed 4, iteration 470, time: 144.97090983390808
Starting label LEVI, seed 4, iteration 480, time: 148.53678059577942
Starting label LEVI, seed 4, iteration 490, time: 152.23307585716248
Starting label LEVI, seed 4, iteration 500, time: 155.9489803314209
Starting label LEVI, seed 4, iteration 510, time: 159.71071195602417
Starting label LEVI, seed 4, iteration 520, time: 163.65843224525452
Starting label LEVI, seed 4, iteration 530, time: 167.46819353103638
Starting label LEVI, seed 4, iteration 540, time: 171.24458837509155
Starting label LEVI, seed 4, iteration 550, time: 174.9692964553833
Starting label LEVI, seed 4, iteration 560, time: 178.9956271648407
Starting label LEVI, seed 4, iteration 570, time: 183.0784592628479
Starting label LEVI, seed 4, iteration 580, time: 186.83720636367798
Starting label LEVI, seed 4, iteration 590, time: 190.9367537498474
Starting label LEVI, seed 4, iteration 600, time: 195.0821590423584
Starting label LEVI, seed 4, iteration 610, time: 199.3207404613495
Starting label LEVI, seed 4, iteration 620, time: 203.47500371932983
Starting label LEVI, seed 4, iteration 630, time: 207.52014255523682
Starting label LEVI, seed 4, iteration 640, time: 211.53373289108276
Starting label LEVI, seed 4, iteration 650, time: 216.02105927467346
Starting label LEVI, seed 4, iteration 660, time: 220.53707075119019
Starting label LEVI, seed 4, iteration 670, time: 225.02365255355835
Starting label LEVI, seed 4, iteration 680, time: 229.52279782295227
Starting label LEVI, seed 4, iteration 690, time: 234.15424919128418
Starting label LEVI, seed 4, iteration 700, time: 238.63737964630127
Starting label LEVI, seed 4, iteration 710, time: 242.9630618095398
Starting label LEVI, seed 4, iteration 720, time: 247.39273262023926
Starting label LEVI, seed 4, iteration 730, time: 252.130939245224
Starting label LEVI, seed 4, iteration 740, time: 256.83323645591736
Starting label LEVI, seed 4, iteration 750, time: 261.29437589645386
Starting label LEVI, seed 4, iteration 760, time: 266.20666575431824
Starting label LEVI, seed 4, iteration 770, time: 270.81078839302063
Starting label LEVI, seed 4, iteration 780, time: 275.8772222995758
Starting label LEVI, seed 4, iteration 790, time: 280.8770680427551
Starting label LEVI, seed 4, iteration 800, time: 286.1485605239868
Starting label LEVI, seed 4, iteration 810, time: 290.86465668678284
Starting label LEVI, seed 4, iteration 820, time: 295.7076334953308
Starting label LEVI, seed 4, iteration 830, time: 301.01067304611206
Starting label LEVI, seed 4, iteration 840, time: 306.24107217788696
Starting label LEVI, seed 4, iteration 850, time: 311.5672113895416
Starting label LEVI, seed 4, iteration 860, time: 316.3466725349426
Starting label LEVI, seed 4, iteration 870, time: 321.62473607063293
Starting label LEVI, seed 4, iteration 880, time: 326.913694858551
Starting label LEVI, seed 4, iteration 890, time: 332.7464563846588
Starting label LEVI, seed 4, iteration 900, time: 337.9584457874298
Starting label LEVI, seed 4, iteration 910, time: 344.1860189437866
Starting label LEVI, seed 4, iteration 920, time: 350.32012152671814
Starting label LEVI, seed 4, iteration 930, time: 355.7513210773468
Starting label LEVI, seed 4, iteration 940, time: 361.1531162261963
Starting label LEVI, seed 4, iteration 950, time: 367.4643201828003
Starting label LEVI, seed 4, iteration 960, time: 374.1604869365692
Starting label LEVI, seed 4, iteration 970, time: 379.6322467327118
Starting label LEVI, seed 4, iteration 980, time: 385.45985293388367
Starting label LEVI, seed 4, iteration 990, time: 392.2069778442383
Starting label LEVI, seed 4, iteration 1000, time: 399.277339220047
Starting label LEVI, seed 4, iteration 1010, time: 406.01909494400024
Starting label LEVI, seed 4, iteration 1020, time: 412.9623272418976
Starting label LEVI, seed 4, iteration 1030, time: 420.16467690467834
Starting label LEVI, seed 4, iteration 1040, time: 426.8057916164398
Starting label LEVI, seed 4, iteration 1050, time: 434.2311131954193
Starting label LEVI, seed 4, iteration 1060, time: 440.8205895423889
Starting label LEVI, seed 4, iteration 1070, time: 447.28211522102356
Starting label LEVI, seed 4, iteration 1080, time: 454.1790177822113
Starting label LEVI, seed 4, iteration 1090, time: 461.8549828529358
Starting label LEVI, seed 4, iteration 1100, time: 468.92993903160095
Starting label LEVI, seed 4, iteration 1110, time: 476.2381384372711
Starting label LEVI, seed 4, iteration 1120, time: 483.2581422328949
Starting label LEVI, seed 4, iteration 1130, time: 492.0349168777466
Starting label LEVI, seed 4, iteration 1140, time: 499.4148349761963
Starting label LEVI, seed 4, iteration 1150, time: 506.5402510166168
Starting label LEVI, seed 4, iteration 1160, time: 514.3263258934021
Starting label LEVI, seed 4, iteration 1170, time: 522.1307044029236
Starting label LEVI, seed 4, iteration 1180, time: 529.9910962581635
Starting label LEVI, seed 4, iteration 1190, time: 537.6639339923859
Starting label LEVI, seed 4, iteration 1200, time: 545.7295582294464
Starting label LEVI, seed 4, iteration 1210, time: 554.2306683063507
Starting label LEVI, seed 4, iteration 1220, time: 562.2497432231903
Starting label LEVI, seed 4, iteration 1230, time: 572.0979835987091
Starting label LEVI, seed 4, iteration 1240, time: 580.6213386058807
Starting label LEVI, seed 4, iteration 1250, time: 589.6183772087097
Starting label LEVI, seed 4, iteration 1260, time: 598.3893210887909
Starting label LEVI, seed 4, iteration 1270, time: 607.6279323101044
Starting label LEVI, seed 4, iteration 1280, time: 616.5489068031311
Starting label LEVI, seed 4, iteration 1290, time: 626.0140247344971
Starting label LEVI, seed 4, iteration 1300, time: 636.2937455177307
Starting label LEVI, seed 4, iteration 1310, time: 645.9531741142273
Starting label LEVI, seed 4, iteration 1320, time: 655.0138380527496
Starting label LEVI, seed 4, iteration 1330, time: 664.6876921653748
Starting label LEVI, seed 4, iteration 1340, time: 674.2226557731628
Starting label LEVI, seed 4, iteration 1350, time: 684.8595526218414
Starting label LEVI, seed 4, iteration 1360, time: 696.6278836727142
Starting label LEVI, seed 4, iteration 1370, time: 708.3526010513306
Starting label LEVI, seed 4, iteration 1380, time: 719.8942594528198
Starting label LEVI, seed 4, iteration 1390, time: 731.9492931365967
Starting label LEVI, seed 4, iteration 1400, time: 744.8463549613953
Starting label LEVI, seed 4, iteration 1410, time: 757.7449605464935
Starting label LEVI, seed 4, iteration 1420, time: 769.1441924571991
Starting label LEVI, seed 4, iteration 1430, time: 781.2258920669556
Starting label LEVI, seed 4, iteration 1440, time: 794.7737469673157
Starting label LEVI, seed 4, iteration 1450, time: 808.450338602066
Starting label LEVI, seed 4, iteration 1460, time: 822.3991074562073
Starting label LEVI, seed 4, iteration 1470, time: 836.4480350017548
Starting label LEVI, seed 4, iteration 1480, time: 851.068727016449
Starting label LEVI, seed 4, iteration 1490, time: 863.7334625720978
Starting label LEVI, seed 4, iteration 1500, time: 878.6210350990295
Starting label LEVI, seed 4, iteration 1510, time: 891.2298123836517
Starting label LEVI, seed 4, iteration 1520, time: 907.0079519748688
Starting label LEVI, seed 4, iteration 1530, time: 919.1279833316803
Starting label LEVI, seed 4, iteration 1540, time: 935.6408407688141
Starting label LEVI, seed 4, iteration 1550, time: 951.1381115913391
Starting label LEVI, seed 4, iteration 1560, time: 966.975305557251
Starting label LEVI, seed 4, iteration 1570, time: 981.3357305526733
Starting label LEVI, seed 4, iteration 1580, time: 999.2905840873718
Starting label LEVI, seed 4, iteration 1590, time: 1011.627995967865
Starting label LEVI, seed 4, iteration 1600, time: 1024.595998764038
Starting label LEVI, seed 4, iteration 1610, time: 1038.221459388733
Starting label LEVI, seed 4, iteration 1620, time: 1052.4423940181732
Starting label LEVI, seed 4, iteration 1630, time: 1066.6823461055756
Starting label LEVI, seed 4, iteration 1640, time: 1081.0554962158203
Starting label LEVI, seed 4, iteration 1650, time: 1095.2857549190521
Starting label LEVI, seed 4, iteration 1660, time: 1109.9792416095734
Starting label LEVI, seed 4, iteration 1670, time: 1124.3906841278076
Starting label LEVI, seed 4, iteration 1680, time: 1139.1890857219696
Starting label LEVI, seed 4, iteration 1690, time: 1156.1080169677734
Starting label LEVI, seed 4, iteration 1700, time: 1172.7027444839478
Starting label LEVI, seed 4, iteration 1710, time: 1191.0744013786316
Starting label LEVI, seed 4, iteration 1720, time: 1210.6265754699707
Starting label LEVI, seed 4, iteration 1730, time: 1226.5879302024841
Starting label LEVI, seed 4, iteration 1740, time: 1243.5210218429565
Starting label LEVI, seed 4, iteration 1750, time: 1263.0937707424164
Starting label LEVI, seed 4, iteration 1760, time: 1279.4120879173279
Starting label LEVI, seed 4, iteration 1770, time: 1293.057309627533
Starting label LEVI, seed 4, iteration 1780, time: 1312.4453418254852
Starting label LEVI, seed 4, iteration 1790, time: 1332.252145767212
Starting label LEVI, seed 4, iteration 1800, time: 1347.0231454372406
Starting label LEVI, seed 4, iteration 1810, time: 1364.535395860672
Starting label LEVI, seed 4, iteration 1820, time: 1379.3481109142303
Starting label LEVI, seed 4, iteration 1830, time: 1397.777441740036
Starting label LEVI, seed 4, iteration 1840, time: 1415.7273721694946
Starting label LEVI, seed 4, iteration 1850, time: 1438.2004237174988
Starting label LEVI, seed 4, iteration 1860, time: 1458.3136765956879
Starting label LEVI, seed 4, iteration 1870, time: 1477.4582197666168
Starting label LEVI, seed 4, iteration 1880, time: 1500.571588754654
Starting label LEVI, seed 4, iteration 1890, time: 1525.2478475570679
Starting label LEVI, seed 4, iteration 1900, time: 1547.8481214046478
Starting label LEVI, seed 4, iteration 1910, time: 1572.6399805545807
submitit WARNING (2022-10-02 00:55:52,184) - Bypassing signal SIGTERM
submitit WARNING (2022-10-02 00:55:52,184) - Bypassing signal SIGCONT
Starting label LEVI, seed 4, iteration 1920, time: 1594.778805732727
Starting label LEVI, seed 4, iteration 1930, time: 1615.2276549339294
