submitit INFO (2022-10-02 13:27:12,489) - Starting with JobEnvironment(job_id=884561_3, hostname=g2-compute-94.coecis.cornell.edu, local_rank=0(1), node=0(1), global_rank=0(1))
submitit INFO (2022-10-02 13:27:12,489) - Loading pickle: /home/gid-cakmaks/contextual_rs/experiments/wsc_experiments/logs/884561_3/884561_3_submitted.pkl
Appending iterations to existing output!Warning: If parameters other than `iterations` have been changed, this will corrupt the output!
Starting label LEVI, seed 43, iteration 630, time: 320.14899349212646
Starting label LEVI, seed 43, iteration 640, time: 325.94057416915894
Starting label LEVI, seed 43, iteration 650, time: 332.15598011016846
Starting label LEVI, seed 43, iteration 660, time: 338.25392842292786
Starting label LEVI, seed 43, iteration 670, time: 344.4431974887848
Starting label LEVI, seed 43, iteration 680, time: 350.3947443962097
Starting label LEVI, seed 43, iteration 690, time: 356.236603975296
Starting label LEVI, seed 43, iteration 700, time: 361.96231985092163
Starting label LEVI, seed 43, iteration 710, time: 368.1527199745178
Starting label LEVI, seed 43, iteration 720, time: 374.1409168243408
Starting label LEVI, seed 43, iteration 730, time: 380.49995136260986
Starting label LEVI, seed 43, iteration 740, time: 386.2927224636078
Starting label LEVI, seed 43, iteration 750, time: 392.14076256752014
Starting label LEVI, seed 43, iteration 760, time: 398.28710412979126
Starting label LEVI, seed 43, iteration 770, time: 404.7137529850006
Starting label LEVI, seed 43, iteration 780, time: 411.1271948814392
Starting label LEVI, seed 43, iteration 790, time: 417.26761984825134
Starting label LEVI, seed 43, iteration 800, time: 423.42611360549927
Starting label LEVI, seed 43, iteration 810, time: 429.7799324989319
Starting label LEVI, seed 43, iteration 820, time: 435.9385483264923
Starting label LEVI, seed 43, iteration 830, time: 442.0782127380371
Starting label LEVI, seed 43, iteration 840, time: 448.351037979126
Starting label LEVI, seed 43, iteration 850, time: 454.7954080104828
Starting label LEVI, seed 43, iteration 860, time: 461.4615206718445
Starting label LEVI, seed 43, iteration 870, time: 468.9941351413727
Starting label LEVI, seed 43, iteration 880, time: 476.10584449768066
Starting label LEVI, seed 43, iteration 890, time: 483.58500027656555
Starting label LEVI, seed 43, iteration 900, time: 490.35656452178955
Starting label LEVI, seed 43, iteration 910, time: 497.1317934989929
Starting label LEVI, seed 43, iteration 920, time: 503.81283712387085
Starting label LEVI, seed 43, iteration 930, time: 511.7355446815491
Starting label LEVI, seed 43, iteration 940, time: 518.9880771636963
Starting label LEVI, seed 43, iteration 950, time: 526.0416746139526
Starting label LEVI, seed 43, iteration 960, time: 533.0516951084137
Starting label LEVI, seed 43, iteration 970, time: 539.9788081645966
Starting label LEVI, seed 43, iteration 980, time: 546.7706580162048
Starting label LEVI, seed 43, iteration 990, time: 553.7268207073212
Starting label LEVI, seed 43, iteration 1000, time: 560.8039419651031
Starting label LEVI, seed 43, iteration 1010, time: 567.6560347080231
Starting label LEVI, seed 43, iteration 1020, time: 574.8491053581238
Starting label LEVI, seed 43, iteration 1030, time: 581.7360143661499
Starting label LEVI, seed 43, iteration 1040, time: 588.6093080043793
Starting label LEVI, seed 43, iteration 1050, time: 595.942330121994
Starting label LEVI, seed 43, iteration 1060, time: 602.860354423523
Starting label LEVI, seed 43, iteration 1070, time: 610.1151776313782
Starting label LEVI, seed 43, iteration 1080, time: 617.2711391448975
Starting label LEVI, seed 43, iteration 1090, time: 624.3651695251465
Starting label LEVI, seed 43, iteration 1100, time: 631.2896566390991
Starting label LEVI, seed 43, iteration 1110, time: 638.1735398769379
Starting label LEVI, seed 43, iteration 1120, time: 645.29598736763
Starting label LEVI, seed 43, iteration 1130, time: 652.3699855804443
Starting label LEVI, seed 43, iteration 1140, time: 659.4982533454895
Starting label LEVI, seed 43, iteration 1150, time: 666.4583175182343
Starting label LEVI, seed 43, iteration 1160, time: 673.480774641037
Starting label LEVI, seed 43, iteration 1170, time: 680.6084253787994
Starting label LEVI, seed 43, iteration 1180, time: 687.7706174850464
Starting label LEVI, seed 43, iteration 1190, time: 695.107168674469
Starting label LEVI, seed 43, iteration 1200, time: 702.2631928920746
Starting label LEVI, seed 43, iteration 1210, time: 709.5248358249664
Starting label LEVI, seed 43, iteration 1220, time: 716.6037726402283
Starting label LEVI, seed 43, iteration 1230, time: 724.0010604858398
Starting label LEVI, seed 43, iteration 1240, time: 731.3457524776459
Starting label LEVI, seed 43, iteration 1250, time: 738.9236433506012
Starting label LEVI, seed 43, iteration 1260, time: 746.7584626674652
Starting label LEVI, seed 43, iteration 1270, time: 754.0621075630188
Starting label LEVI, seed 43, iteration 1280, time: 761.4147710800171
Starting label LEVI, seed 43, iteration 1290, time: 768.9294531345367
Starting label LEVI, seed 43, iteration 1300, time: 776.434168100357
Starting label LEVI, seed 43, iteration 1310, time: 784.2853090763092
Starting label LEVI, seed 43, iteration 1320, time: 792.5303223133087
Starting label LEVI, seed 43, iteration 1330, time: 800.8573250770569
Starting label LEVI, seed 43, iteration 1340, time: 808.4945592880249
Starting label LEVI, seed 43, iteration 1350, time: 816.1168940067291
Starting label LEVI, seed 43, iteration 1360, time: 823.4387054443359
Starting label LEVI, seed 43, iteration 1370, time: 831.0143933296204
Starting label LEVI, seed 43, iteration 1380, time: 838.8433678150177
Starting label LEVI, seed 43, iteration 1390, time: 846.4554026126862
Starting label LEVI, seed 43, iteration 1400, time: 854.4302132129669
Starting label LEVI, seed 43, iteration 1410, time: 862.7785186767578
Starting label LEVI, seed 43, iteration 1420, time: 871.1970918178558
Starting label LEVI, seed 43, iteration 1430, time: 880.0954184532166
Starting label LEVI, seed 43, iteration 1440, time: 888.8370130062103
Starting label LEVI, seed 43, iteration 1450, time: 897.8768298625946
Starting label LEVI, seed 43, iteration 1460, time: 906.2951827049255
Starting label LEVI, seed 43, iteration 1470, time: 914.8948080539703
Starting label LEVI, seed 43, iteration 1480, time: 923.7332956790924
Starting label LEVI, seed 43, iteration 1490, time: 932.2696602344513
Starting label LEVI, seed 43, iteration 1500, time: 940.921998500824
Starting label LEVI, seed 43, iteration 1510, time: 949.6569945812225
Starting label LEVI, seed 43, iteration 1520, time: 958.5734300613403
Starting label LEVI, seed 43, iteration 1530, time: 968.1598510742188
Starting label LEVI, seed 43, iteration 1540, time: 977.6304817199707
Starting label LEVI, seed 43, iteration 1550, time: 986.737562417984
Starting label LEVI, seed 43, iteration 1560, time: 996.2891800403595
Starting label LEVI, seed 43, iteration 1570, time: 1006.6441559791565
Starting label LEVI, seed 43, iteration 1580, time: 1016.5598208904266
Starting label LEVI, seed 43, iteration 1590, time: 1026.378265619278
Starting label LEVI, seed 43, iteration 1600, time: 1036.5353224277496
Starting label LEVI, seed 43, iteration 1610, time: 1046.8250050544739
Starting label LEVI, seed 43, iteration 1620, time: 1057.2961962223053
Starting label LEVI, seed 43, iteration 1630, time: 1068.0627987384796
Starting label LEVI, seed 43, iteration 1640, time: 1079.377028465271
Starting label LEVI, seed 43, iteration 1650, time: 1090.4779386520386
Starting label LEVI, seed 43, iteration 1660, time: 1101.1122934818268
Starting label LEVI, seed 43, iteration 1670, time: 1111.1888432502747
Starting label LEVI, seed 43, iteration 1680, time: 1122.6039769649506
Starting label LEVI, seed 43, iteration 1690, time: 1133.7864155769348
Starting label LEVI, seed 43, iteration 1700, time: 1146.5525329113007
Starting label LEVI, seed 43, iteration 1710, time: 1158.0652842521667
Starting label LEVI, seed 43, iteration 1720, time: 1167.4571363925934
Starting label LEVI, seed 43, iteration 1730, time: 1178.5556523799896
Starting label LEVI, seed 43, iteration 1740, time: 1187.7880487442017
Starting label LEVI, seed 43, iteration 1750, time: 1197.1895780563354
Starting label LEVI, seed 43, iteration 1760, time: 1207.861507177353
Starting label LEVI, seed 43, iteration 1770, time: 1218.4574689865112
Starting label LEVI, seed 43, iteration 1780, time: 1228.4993767738342
Starting label LEVI, seed 43, iteration 1790, time: 1238.5654134750366
Starting label LEVI, seed 43, iteration 1800, time: 1248.3040759563446
Starting label LEVI, seed 43, iteration 1810, time: 1258.0557956695557
Starting label LEVI, seed 43, iteration 1820, time: 1269.584665298462
Starting label LEVI, seed 43, iteration 1830, time: 1281.6798830032349
Starting label LEVI, seed 43, iteration 1840, time: 1293.66587972641
Starting label LEVI, seed 43, iteration 1850, time: 1306.137594461441
Starting label LEVI, seed 43, iteration 1860, time: 1318.3433854579926
Starting label LEVI, seed 43, iteration 1870, time: 1332.1403093338013
Starting label LEVI, seed 43, iteration 1880, time: 1345.3475239276886
Starting label LEVI, seed 43, iteration 1890, time: 1357.274293422699
Starting label LEVI, seed 43, iteration 1900, time: 1369.8374755382538
Starting label LEVI, seed 43, iteration 1910, time: 1384.2466142177582
Starting label LEVI, seed 43, iteration 1920, time: 1396.5714020729065
Starting label LEVI, seed 43, iteration 1930, time: 1409.2511808872223
Starting label LEVI, seed 43, iteration 1940, time: 1423.405604839325
Starting label LEVI, seed 43, iteration 1950, time: 1436.1507658958435
Starting label LEVI, seed 43, iteration 1960, time: 1450.1947190761566
Starting label LEVI, seed 43, iteration 1970, time: 1464.662982225418
Starting label LEVI, seed 43, iteration 1980, time: 1478.8394210338593
Starting label LEVI, seed 43, iteration 1990, time: 1492.9206471443176
submitit INFO (2022-10-02 13:47:01,379) - Job completed successfully
