submitit INFO (2022-10-02 02:02:35,171) - Starting with JobEnvironment(job_id=883601_0, hostname=nikola-compute-02.cs.cornell.edu, local_rank=0(1), node=0(1), global_rank=0(1))
submitit INFO (2022-10-02 02:02:35,171) - Loading pickle: /home/gid-cakmaks/contextual_rs/experiments/wsc_experiments/logs/883601_0/883601_0_submitted.pkl
Appending iterations to existing output!Warning: If parameters other than `iterations` have been changed, this will corrupt the output!
Starting label LEVI, seed 32, iteration 430, time: 1548.329926252365
Starting label LEVI, seed 32, iteration 440, time: 1554.6247951984406
Starting label LEVI, seed 32, iteration 450, time: 1558.1975412368774
Starting label LEVI, seed 32, iteration 460, time: 1562.1079649925232
Starting label LEVI, seed 32, iteration 470, time: 1566.7265701293945
Starting label LEVI, seed 32, iteration 480, time: 1570.8497846126556
Starting label LEVI, seed 32, iteration 490, time: 1575.330463886261
Starting label LEVI, seed 32, iteration 500, time: 1579.6579546928406
Starting label LEVI, seed 32, iteration 510, time: 1583.9865911006927
Starting label LEVI, seed 32, iteration 520, time: 1587.691049337387
Starting label LEVI, seed 32, iteration 530, time: 1591.628629207611
Starting label LEVI, seed 32, iteration 540, time: 1595.4991400241852
Starting label LEVI, seed 32, iteration 550, time: 1598.8918433189392
Starting label LEVI, seed 32, iteration 560, time: 1603.1059818267822
Starting label LEVI, seed 32, iteration 570, time: 1607.7332000732422
Starting label LEVI, seed 32, iteration 580, time: 1610.8917045593262
Starting label LEVI, seed 32, iteration 590, time: 1613.6894364356995
Starting label LEVI, seed 32, iteration 600, time: 1616.7532348632812
Starting label LEVI, seed 32, iteration 610, time: 1619.9615092277527
Starting label LEVI, seed 32, iteration 620, time: 1623.4160277843475
Starting label LEVI, seed 32, iteration 630, time: 1626.683447599411
Starting label LEVI, seed 32, iteration 640, time: 1629.5307977199554
Starting label LEVI, seed 32, iteration 650, time: 1632.7227430343628
Starting label LEVI, seed 32, iteration 660, time: 1635.6459834575653
Starting label LEVI, seed 32, iteration 670, time: 1638.6475460529327
Starting label LEVI, seed 32, iteration 680, time: 1645.7702944278717
Starting label LEVI, seed 32, iteration 690, time: 1648.6534514427185
Starting label LEVI, seed 32, iteration 700, time: 1651.3964579105377
Starting label LEVI, seed 32, iteration 710, time: 1654.4360601902008
Starting label LEVI, seed 32, iteration 720, time: 1657.207157611847
Starting label LEVI, seed 32, iteration 730, time: 1659.8823511600494
Starting label LEVI, seed 32, iteration 740, time: 1662.8511936664581
Starting label LEVI, seed 32, iteration 750, time: 1665.626089811325
Starting label LEVI, seed 32, iteration 760, time: 1668.4940209388733
Starting label LEVI, seed 32, iteration 770, time: 1671.290071964264
Starting label LEVI, seed 32, iteration 780, time: 1674.1200895309448
Starting label LEVI, seed 32, iteration 790, time: 1676.9140248298645
Starting label LEVI, seed 32, iteration 800, time: 1679.6900207996368
Starting label LEVI, seed 32, iteration 810, time: 1682.48397898674
Starting label LEVI, seed 32, iteration 820, time: 1685.373941898346
Starting label LEVI, seed 32, iteration 830, time: 1688.1705391407013
Starting label LEVI, seed 32, iteration 840, time: 1691.0197930335999
Starting label LEVI, seed 32, iteration 850, time: 1694.130454301834
Starting label LEVI, seed 32, iteration 860, time: 1697.0168850421906
Starting label LEVI, seed 32, iteration 870, time: 1699.8672904968262
Starting label LEVI, seed 32, iteration 880, time: 1702.7765905857086
Starting label LEVI, seed 32, iteration 890, time: 1705.6927993297577
Starting label LEVI, seed 32, iteration 900, time: 1708.7487752437592
Starting label LEVI, seed 32, iteration 910, time: 1711.7377541065216
Starting label LEVI, seed 32, iteration 920, time: 1714.808120727539
Starting label LEVI, seed 32, iteration 930, time: 1717.8605258464813
Starting label LEVI, seed 32, iteration 940, time: 1720.8099381923676
Starting label LEVI, seed 32, iteration 950, time: 1723.9388449192047
Starting label LEVI, seed 32, iteration 960, time: 1727.0299310684204
Starting label LEVI, seed 32, iteration 970, time: 1730.1103911399841
Starting label LEVI, seed 32, iteration 980, time: 1733.1236746311188
Starting label LEVI, seed 32, iteration 990, time: 1736.3232371807098
Starting label LEVI, seed 32, iteration 1000, time: 1739.5626225471497
Starting label LEVI, seed 32, iteration 1010, time: 1742.6042404174805
Starting label LEVI, seed 32, iteration 1020, time: 1745.7617709636688
Starting label LEVI, seed 32, iteration 1030, time: 1748.8770649433136
Starting label LEVI, seed 32, iteration 1040, time: 1752.003871679306
Starting label LEVI, seed 32, iteration 1050, time: 1755.159966468811
Starting label LEVI, seed 32, iteration 1060, time: 1759.0514619350433
Starting label LEVI, seed 32, iteration 1070, time: 1763.3382513523102
Starting label LEVI, seed 32, iteration 1080, time: 1767.080706357956
Starting label LEVI, seed 32, iteration 1090, time: 1770.8543555736542
Starting label LEVI, seed 32, iteration 1100, time: 1774.5980241298676
Starting label LEVI, seed 32, iteration 1110, time: 1778.367308139801
Starting label LEVI, seed 32, iteration 1120, time: 1782.0335035324097
Starting label LEVI, seed 32, iteration 1130, time: 1785.7037284374237
Starting label LEVI, seed 32, iteration 1140, time: 1789.5481958389282
Starting label LEVI, seed 32, iteration 1150, time: 1793.4168951511383
Starting label LEVI, seed 32, iteration 1160, time: 1797.1443328857422
Starting label LEVI, seed 32, iteration 1170, time: 1801.706610918045
Starting label LEVI, seed 32, iteration 1180, time: 1805.199060201645
Starting label LEVI, seed 32, iteration 1190, time: 1808.364426612854
Starting label LEVI, seed 32, iteration 1200, time: 1811.7675185203552
Starting label LEVI, seed 32, iteration 1210, time: 1814.990299463272
Starting label LEVI, seed 32, iteration 1220, time: 1818.2391383647919
Starting label LEVI, seed 32, iteration 1230, time: 1821.460379600525
Starting label LEVI, seed 32, iteration 1240, time: 1824.8603529930115
Starting label LEVI, seed 32, iteration 1250, time: 1828.1261966228485
Starting label LEVI, seed 32, iteration 1260, time: 1831.405787229538
Starting label LEVI, seed 32, iteration 1270, time: 1834.7763500213623
Starting label LEVI, seed 32, iteration 1280, time: 1838.0933051109314
Starting label LEVI, seed 32, iteration 1290, time: 1841.414913892746
Starting label LEVI, seed 32, iteration 1300, time: 1844.735096693039
Starting label LEVI, seed 32, iteration 1310, time: 1848.1510064601898
Starting label LEVI, seed 32, iteration 1320, time: 1851.571012020111
Starting label LEVI, seed 32, iteration 1330, time: 1855.081247329712
Starting label LEVI, seed 32, iteration 1340, time: 1858.6192109584808
Starting label LEVI, seed 32, iteration 1350, time: 1862.1011390686035
Starting label LEVI, seed 32, iteration 1360, time: 1865.6409780979156
Starting label LEVI, seed 32, iteration 1370, time: 1869.2870841026306
Starting label LEVI, seed 32, iteration 1380, time: 1872.8732919692993
Starting label LEVI, seed 32, iteration 1390, time: 1876.5565938949585
Starting label LEVI, seed 32, iteration 1400, time: 1880.1096425056458
Starting label LEVI, seed 32, iteration 1410, time: 1883.682160615921
Starting label LEVI, seed 32, iteration 1420, time: 1887.1980075836182
Starting label LEVI, seed 32, iteration 1430, time: 1890.7553219795227
Starting label LEVI, seed 32, iteration 1440, time: 1894.491203069687
Starting label LEVI, seed 32, iteration 1450, time: 1898.0586121082306
Starting label LEVI, seed 32, iteration 1460, time: 1901.6190490722656
Starting label LEVI, seed 32, iteration 1470, time: 1905.2580542564392
Starting label LEVI, seed 32, iteration 1480, time: 1908.8281426429749
Starting label LEVI, seed 32, iteration 1490, time: 1912.4779465198517
Starting label LEVI, seed 32, iteration 1500, time: 1916.1138291358948
Starting label LEVI, seed 32, iteration 1510, time: 1919.8191134929657
Starting label LEVI, seed 32, iteration 1520, time: 1923.5354743003845
Starting label LEVI, seed 32, iteration 1530, time: 1927.304283618927
Starting label LEVI, seed 32, iteration 1540, time: 1931.0193619728088
Starting label LEVI, seed 32, iteration 1550, time: 1934.7931594848633
Starting label LEVI, seed 32, iteration 1560, time: 1938.3821070194244
Starting label LEVI, seed 32, iteration 1570, time: 1942.3404004573822
Starting label LEVI, seed 32, iteration 1580, time: 1946.062421321869
Starting label LEVI, seed 32, iteration 1590, time: 1949.8359580039978
Starting label LEVI, seed 32, iteration 1600, time: 1953.682247877121
Starting label LEVI, seed 32, iteration 1610, time: 1957.651954650879
Starting label LEVI, seed 32, iteration 1620, time: 1961.5551915168762
Starting label LEVI, seed 32, iteration 1630, time: 1965.716632604599
Starting label LEVI, seed 32, iteration 1640, time: 1969.8281474113464
Starting label LEVI, seed 32, iteration 1650, time: 1973.818647146225
Starting label LEVI, seed 32, iteration 1660, time: 1977.846164226532
Starting label LEVI, seed 32, iteration 1670, time: 1981.5374562740326
Starting label LEVI, seed 32, iteration 1680, time: 1985.5863177776337
Starting label LEVI, seed 32, iteration 1690, time: 1989.6590852737427
Starting label LEVI, seed 32, iteration 1700, time: 1994.2921335697174
Starting label LEVI, seed 32, iteration 1710, time: 1998.8352255821228
Starting label LEVI, seed 32, iteration 1720, time: 2003.5408453941345
Starting label LEVI, seed 32, iteration 1730, time: 2008.267741203308
Starting label LEVI, seed 32, iteration 1740, time: 2013.527893781662
Starting label LEVI, seed 32, iteration 1750, time: 2018.5561046600342
Starting label LEVI, seed 32, iteration 1760, time: 2024.4447734355927
Starting label LEVI, seed 32, iteration 1770, time: 2029.8162496089935
Starting label LEVI, seed 32, iteration 1780, time: 2035.600828886032
Starting label LEVI, seed 32, iteration 1790, time: 2041.9126467704773
Starting label LEVI, seed 32, iteration 1800, time: 2047.1083798408508
Starting label LEVI, seed 32, iteration 1810, time: 2053.6753611564636
Starting label LEVI, seed 32, iteration 1820, time: 2060.869611263275
Starting label LEVI, seed 32, iteration 1830, time: 2068.203552722931
Starting label LEVI, seed 32, iteration 1840, time: 2073.070308446884
Starting label LEVI, seed 32, iteration 1850, time: 2081.6035149097443
Starting label LEVI, seed 32, iteration 1860, time: 2087.249536514282
Starting label LEVI, seed 32, iteration 1870, time: 2094.213448047638
Starting label LEVI, seed 32, iteration 1880, time: 2099.6066403388977
Starting label LEVI, seed 32, iteration 1890, time: 2105.020260334015
Starting label LEVI, seed 32, iteration 1900, time: 2111.496772289276
Starting label LEVI, seed 32, iteration 1910, time: 2117.3646767139435
Starting label LEVI, seed 32, iteration 1920, time: 2124.112305164337
Starting label LEVI, seed 32, iteration 1930, time: 2130.5466692447662
Starting label LEVI, seed 32, iteration 1940, time: 2136.8619363307953
Starting label LEVI, seed 32, iteration 1950, time: 2143.479350566864
Starting label LEVI, seed 32, iteration 1960, time: 2151.516247034073
Starting label LEVI, seed 32, iteration 1970, time: 2158.4982573986053
Starting label LEVI, seed 32, iteration 1980, time: 2164.4643354415894
Starting label LEVI, seed 32, iteration 1990, time: 2172.2175290584564
submitit INFO (2022-10-02 02:13:08,363) - Job completed successfully
