submitit INFO (2022-10-01 23:36:14,994) - Starting with JobEnvironment(job_id=883049_9, hostname=lecun.cs.cornell.edu, local_rank=0(1), node=0(1), global_rank=0(1))
submitit INFO (2022-10-01 23:36:14,994) - Loading pickle: /home/gid-cakmaks/contextual_rs/experiments/wsc_experiments/logs/883049_9/883049_9_submitted.pkl
Starting label LEVI, seed 29, iteration 0, time: 0.00012302398681640625
Starting label LEVI, seed 29, iteration 10, time: 4.127449989318848
Starting label LEVI, seed 29, iteration 20, time: 6.3483428955078125
Starting label LEVI, seed 29, iteration 30, time: 9.683930158615112
Starting label LEVI, seed 29, iteration 40, time: 32.46045446395874
Starting label LEVI, seed 29, iteration 50, time: 56.426116704940796
Starting label LEVI, seed 29, iteration 60, time: 81.14979362487793
Starting label LEVI, seed 29, iteration 70, time: 105.31344437599182
Starting label LEVI, seed 29, iteration 80, time: 128.7059440612793
Starting label LEVI, seed 29, iteration 90, time: 152.89306735992432
Starting label LEVI, seed 29, iteration 100, time: 178.96186089515686
Starting label LEVI, seed 29, iteration 110, time: 206.71528601646423
Starting label LEVI, seed 29, iteration 120, time: 234.4783706665039
Starting label LEVI, seed 29, iteration 130, time: 261.61803150177
Starting label LEVI, seed 29, iteration 140, time: 288.8526167869568
Starting label LEVI, seed 29, iteration 150, time: 316.6228060722351
Starting label LEVI, seed 29, iteration 160, time: 344.4499967098236
Starting label LEVI, seed 29, iteration 170, time: 373.040403842926
Starting label LEVI, seed 29, iteration 180, time: 403.3776113986969
Starting label LEVI, seed 29, iteration 190, time: 433.860552072525
Starting label LEVI, seed 29, iteration 200, time: 464.1755516529083
Starting label LEVI, seed 29, iteration 210, time: 495.1601285934448
Starting label LEVI, seed 29, iteration 220, time: 526.3333892822266
Starting label LEVI, seed 29, iteration 230, time: 557.4311859607697
Starting label LEVI, seed 29, iteration 240, time: 587.3467020988464
Starting label LEVI, seed 29, iteration 250, time: 620.029087305069
Starting label LEVI, seed 29, iteration 260, time: 651.0997166633606
Starting label LEVI, seed 29, iteration 270, time: 679.9415469169617
Starting label LEVI, seed 29, iteration 280, time: 704.3690044879913
Starting label LEVI, seed 29, iteration 290, time: 712.2620897293091
Starting label LEVI, seed 29, iteration 300, time: 733.2398862838745
Starting label LEVI, seed 29, iteration 310, time: 735.6463322639465
Starting label LEVI, seed 29, iteration 320, time: 738.0449266433716
Starting label LEVI, seed 29, iteration 330, time: 740.3733606338501
Starting label LEVI, seed 29, iteration 340, time: 742.6540598869324
Starting label LEVI, seed 29, iteration 350, time: 744.9367327690125
Starting label LEVI, seed 29, iteration 360, time: 747.2332212924957
Starting label LEVI, seed 29, iteration 370, time: 769.1592893600464
Starting label LEVI, seed 29, iteration 380, time: 795.1561841964722
Starting label LEVI, seed 29, iteration 390, time: 822.0444030761719
Starting label LEVI, seed 29, iteration 400, time: 854.366131067276
Starting label LEVI, seed 29, iteration 410, time: 884.9715633392334
Starting label LEVI, seed 29, iteration 420, time: 927.2643077373505
Starting label LEVI, seed 29, iteration 430, time: 970.3190910816193
Starting label LEVI, seed 29, iteration 440, time: 1014.4091191291809
Starting label LEVI, seed 29, iteration 450, time: 1059.172964811325
Starting label LEVI, seed 29, iteration 460, time: 1104.585268497467
Starting label LEVI, seed 29, iteration 470, time: 1150.2714533805847
Starting label LEVI, seed 29, iteration 480, time: 1196.2767143249512
Starting label LEVI, seed 29, iteration 490, time: 1241.1107676029205
Starting label LEVI, seed 29, iteration 500, time: 1281.8234028816223
Starting label LEVI, seed 29, iteration 510, time: 1322.4443545341492
Starting label LEVI, seed 29, iteration 520, time: 1363.4295060634613
Starting label LEVI, seed 29, iteration 530, time: 1403.647658586502
Starting label LEVI, seed 29, iteration 540, time: 1411.1763398647308
Starting label LEVI, seed 29, iteration 550, time: 1413.7939491271973
Starting label LEVI, seed 29, iteration 560, time: 1416.5504202842712
Starting label LEVI, seed 29, iteration 570, time: 1442.2410547733307
Starting label LEVI, seed 29, iteration 580, time: 1479.7981617450714
Starting label LEVI, seed 29, iteration 590, time: 1517.9992995262146
Starting label LEVI, seed 29, iteration 600, time: 1560.3355739116669
submitit WARNING (2022-10-02 00:02:24,323) - Bypassing signal SIGTERM
submitit WARNING (2022-10-02 00:02:24,323) - Bypassing signal SIGCONT
