submitit INFO (2022-10-02 04:28:26,014) - Starting with JobEnvironment(job_id=884077_9, hostname=nikola-compute-04.cs.cornell.edu, local_rank=0(1), node=0(1), global_rank=0(1))
submitit INFO (2022-10-02 04:28:26,015) - Loading pickle: /home/gid-cakmaks/contextual_rs/experiments/wsc_experiments/logs/884077_9/884077_9_submitted.pkl
Appending iterations to existing output!Warning: If parameters other than `iterations` have been changed, this will corrupt the output!
Starting label LEVI, seed 89, iteration 430, time: 230.99893808364868
Starting label LEVI, seed 89, iteration 440, time: 236.89692211151123
Starting label LEVI, seed 89, iteration 450, time: 242.7296040058136
Starting label LEVI, seed 89, iteration 460, time: 248.80162858963013
Starting label LEVI, seed 89, iteration 470, time: 254.76457023620605
Starting label LEVI, seed 89, iteration 480, time: 260.7675757408142
Starting label LEVI, seed 89, iteration 490, time: 266.59942293167114
Starting label LEVI, seed 89, iteration 500, time: 272.5781075954437
Starting label LEVI, seed 89, iteration 510, time: 278.6442883014679
Starting label LEVI, seed 89, iteration 520, time: 284.69787430763245
Starting label LEVI, seed 89, iteration 530, time: 290.67445182800293
Starting label LEVI, seed 89, iteration 540, time: 296.6256308555603
Starting label LEVI, seed 89, iteration 550, time: 302.8805799484253
Starting label LEVI, seed 89, iteration 560, time: 309.0976605415344
Starting label LEVI, seed 89, iteration 570, time: 315.33312153816223
Starting label LEVI, seed 89, iteration 580, time: 321.6088762283325
Starting label LEVI, seed 89, iteration 590, time: 327.92859387397766
Starting label LEVI, seed 89, iteration 600, time: 333.9860260486603
Starting label LEVI, seed 89, iteration 610, time: 339.9964988231659
Starting label LEVI, seed 89, iteration 620, time: 346.01016664505005
Starting label LEVI, seed 89, iteration 630, time: 352.12326312065125
Starting label LEVI, seed 89, iteration 640, time: 358.0203809738159
Starting label LEVI, seed 89, iteration 650, time: 363.9628794193268
Starting label LEVI, seed 89, iteration 660, time: 369.88689661026
Starting label LEVI, seed 89, iteration 670, time: 375.76930141448975
Starting label LEVI, seed 89, iteration 680, time: 381.51608991622925
Starting label LEVI, seed 89, iteration 690, time: 387.29827070236206
Starting label LEVI, seed 89, iteration 700, time: 392.98835802078247
Starting label LEVI, seed 89, iteration 710, time: 398.8626527786255
Starting label LEVI, seed 89, iteration 720, time: 404.7243366241455
Starting label LEVI, seed 89, iteration 730, time: 410.6017642021179
Starting label LEVI, seed 89, iteration 740, time: 416.47018790245056
Starting label LEVI, seed 89, iteration 750, time: 422.501580953598
Starting label LEVI, seed 89, iteration 760, time: 428.9561765193939
Starting label LEVI, seed 89, iteration 770, time: 435.118914604187
Starting label LEVI, seed 89, iteration 780, time: 441.27130031585693
Starting label LEVI, seed 89, iteration 790, time: 447.34840655326843
Starting label LEVI, seed 89, iteration 800, time: 453.54173731803894
Starting label LEVI, seed 89, iteration 810, time: 459.6911642551422
Starting label LEVI, seed 89, iteration 820, time: 465.6935234069824
Starting label LEVI, seed 89, iteration 830, time: 471.6538231372833
Starting label LEVI, seed 89, iteration 840, time: 477.7090723514557
Starting label LEVI, seed 89, iteration 850, time: 483.7856914997101
Starting label LEVI, seed 89, iteration 860, time: 489.9376697540283
Starting label LEVI, seed 89, iteration 870, time: 496.0272333621979
Starting label LEVI, seed 89, iteration 880, time: 502.4431028366089
Starting label LEVI, seed 89, iteration 890, time: 508.77231764793396
Starting label LEVI, seed 89, iteration 900, time: 515.0584261417389
Starting label LEVI, seed 89, iteration 910, time: 521.3065958023071
Starting label LEVI, seed 89, iteration 920, time: 527.9128603935242
Starting label LEVI, seed 89, iteration 930, time: 534.3893148899078
Starting label LEVI, seed 89, iteration 940, time: 541.1273922920227
Starting label LEVI, seed 89, iteration 950, time: 547.4159870147705
Starting label LEVI, seed 89, iteration 960, time: 554.0207917690277
Starting label LEVI, seed 89, iteration 970, time: 560.4167602062225
Starting label LEVI, seed 89, iteration 980, time: 566.6055603027344
Starting label LEVI, seed 89, iteration 990, time: 572.8183979988098
Starting label LEVI, seed 89, iteration 1000, time: 579.1673324108124
Starting label LEVI, seed 89, iteration 1010, time: 585.3386092185974
Starting label LEVI, seed 89, iteration 1020, time: 591.7102391719818
Starting label LEVI, seed 89, iteration 1030, time: 597.8624441623688
Starting label LEVI, seed 89, iteration 1040, time: 604.0903108119965
Starting label LEVI, seed 89, iteration 1050, time: 610.3551020622253
Starting label LEVI, seed 89, iteration 1060, time: 616.5954682826996
Starting label LEVI, seed 89, iteration 1070, time: 622.7630417346954
Starting label LEVI, seed 89, iteration 1080, time: 629.0159592628479
Starting label LEVI, seed 89, iteration 1090, time: 635.4358530044556
Starting label LEVI, seed 89, iteration 1100, time: 641.7034788131714
Starting label LEVI, seed 89, iteration 1110, time: 647.979305267334
Starting label LEVI, seed 89, iteration 1120, time: 654.2941954135895
Starting label LEVI, seed 89, iteration 1130, time: 660.9014143943787
Starting label LEVI, seed 89, iteration 1140, time: 667.7211220264435
Starting label LEVI, seed 89, iteration 1150, time: 674.48450922966
Starting label LEVI, seed 89, iteration 1160, time: 681.1916625499725
Starting label LEVI, seed 89, iteration 1170, time: 687.5715887546539
Starting label LEVI, seed 89, iteration 1180, time: 694.0613934993744
Starting label LEVI, seed 89, iteration 1190, time: 700.5681591033936
Starting label LEVI, seed 89, iteration 1200, time: 707.3389801979065
Starting label LEVI, seed 89, iteration 1210, time: 713.919135093689
Starting label LEVI, seed 89, iteration 1220, time: 720.7603831291199
Starting label LEVI, seed 89, iteration 1230, time: 727.5048897266388
Starting label LEVI, seed 89, iteration 1240, time: 733.8958766460419
Starting label LEVI, seed 89, iteration 1250, time: 740.6037018299103
Starting label LEVI, seed 89, iteration 1260, time: 747.2384610176086
Starting label LEVI, seed 89, iteration 1270, time: 754.0311458110809
Starting label LEVI, seed 89, iteration 1280, time: 760.6631546020508
Starting label LEVI, seed 89, iteration 1290, time: 767.3203144073486
Starting label LEVI, seed 89, iteration 1300, time: 774.0116987228394
Starting label LEVI, seed 89, iteration 1310, time: 780.7004055976868
Starting label LEVI, seed 89, iteration 1320, time: 787.6104609966278
Starting label LEVI, seed 89, iteration 1330, time: 794.671334028244
Starting label LEVI, seed 89, iteration 1340, time: 801.6638135910034
Starting label LEVI, seed 89, iteration 1350, time: 808.7570459842682
Starting label LEVI, seed 89, iteration 1360, time: 815.725403547287
Starting label LEVI, seed 89, iteration 1370, time: 823.032644033432
Starting label LEVI, seed 89, iteration 1380, time: 830.0385117530823
Starting label LEVI, seed 89, iteration 1390, time: 837.1407968997955
Starting label LEVI, seed 89, iteration 1400, time: 843.9677102565765
Starting label LEVI, seed 89, iteration 1410, time: 850.9174075126648
Starting label LEVI, seed 89, iteration 1420, time: 857.8194117546082
Starting label LEVI, seed 89, iteration 1430, time: 864.8581836223602
Starting label LEVI, seed 89, iteration 1440, time: 871.9239330291748
Starting label LEVI, seed 89, iteration 1450, time: 879.158885717392
Starting label LEVI, seed 89, iteration 1460, time: 886.6630752086639
Starting label LEVI, seed 89, iteration 1470, time: 893.843638420105
Starting label LEVI, seed 89, iteration 1480, time: 900.9167387485504
Starting label LEVI, seed 89, iteration 1490, time: 908.0400230884552
Starting label LEVI, seed 89, iteration 1500, time: 915.6163210868835
Starting label LEVI, seed 89, iteration 1510, time: 923.1832265853882
Starting label LEVI, seed 89, iteration 1520, time: 930.5594022274017
Starting label LEVI, seed 89, iteration 1530, time: 938.286985874176
Starting label LEVI, seed 89, iteration 1540, time: 945.8186409473419
Starting label LEVI, seed 89, iteration 1550, time: 953.6721615791321
Starting label LEVI, seed 89, iteration 1560, time: 961.1867463588715
Starting label LEVI, seed 89, iteration 1570, time: 968.4865999221802
Starting label LEVI, seed 89, iteration 1580, time: 976.1205208301544
Starting label LEVI, seed 89, iteration 1590, time: 983.5281953811646
Starting label LEVI, seed 89, iteration 1600, time: 990.680624961853
Starting label LEVI, seed 89, iteration 1610, time: 998.0844511985779
Starting label LEVI, seed 89, iteration 1620, time: 1005.661915063858
Starting label LEVI, seed 89, iteration 1630, time: 1012.946918964386
Starting label LEVI, seed 89, iteration 1640, time: 1020.2973008155823
Starting label LEVI, seed 89, iteration 1650, time: 1027.5337450504303
Starting label LEVI, seed 89, iteration 1660, time: 1035.0503299236298
Starting label LEVI, seed 89, iteration 1670, time: 1042.5083589553833
Starting label LEVI, seed 89, iteration 1680, time: 1050.0924212932587
Starting label LEVI, seed 89, iteration 1690, time: 1057.423088312149
Starting label LEVI, seed 89, iteration 1700, time: 1066.8215794563293
Starting label LEVI, seed 89, iteration 1710, time: 1074.3723583221436
Starting label LEVI, seed 89, iteration 1720, time: 1081.7244989871979
Starting label LEVI, seed 89, iteration 1730, time: 1089.2737345695496
Starting label LEVI, seed 89, iteration 1740, time: 1097.0624930858612
Starting label LEVI, seed 89, iteration 1750, time: 1104.6381480693817
Starting label LEVI, seed 89, iteration 1760, time: 1112.2318427562714
Starting label LEVI, seed 89, iteration 1770, time: 1119.7155439853668
Starting label LEVI, seed 89, iteration 1780, time: 1126.8698048591614
Starting label LEVI, seed 89, iteration 1790, time: 1134.1493668556213
Starting label LEVI, seed 89, iteration 1800, time: 1141.6182432174683
Starting label LEVI, seed 89, iteration 1810, time: 1148.9925587177277
Starting label LEVI, seed 89, iteration 1820, time: 1156.578584432602
Starting label LEVI, seed 89, iteration 1830, time: 1164.1400830745697
Starting label LEVI, seed 89, iteration 1840, time: 1171.8501572608948
Starting label LEVI, seed 89, iteration 1850, time: 1179.483422756195
Starting label LEVI, seed 89, iteration 1860, time: 1187.2359652519226
Starting label LEVI, seed 89, iteration 1870, time: 1195.058175086975
Starting label LEVI, seed 89, iteration 1880, time: 1202.8302896022797
Starting label LEVI, seed 89, iteration 1890, time: 1210.590347290039
Starting label LEVI, seed 89, iteration 1900, time: 1218.3899664878845
Starting label LEVI, seed 89, iteration 1910, time: 1226.191490650177
Starting label LEVI, seed 89, iteration 1920, time: 1233.574726819992
Starting label LEVI, seed 89, iteration 1930, time: 1240.9572806358337
Starting label LEVI, seed 89, iteration 1940, time: 1248.5689039230347
Starting label LEVI, seed 89, iteration 1950, time: 1256.1115219593048
Starting label LEVI, seed 89, iteration 1960, time: 1263.8925757408142
Starting label LEVI, seed 89, iteration 1970, time: 1272.183141708374
Starting label LEVI, seed 89, iteration 1980, time: 1279.9552228450775
Starting label LEVI, seed 89, iteration 1990, time: 1287.5283410549164
submitit INFO (2022-10-02 04:46:13,190) - Job completed successfully
