submitit INFO (2022-10-02 13:34:25,780) - Starting with JobEnvironment(job_id=884571_9, hostname=nikola-compute-02.cs.cornell.edu, local_rank=0(1), node=0(1), global_rank=0(1))
submitit INFO (2022-10-02 13:34:25,780) - Loading pickle: /home/gid-cakmaks/contextual_rs/experiments/wsc_experiments/logs/884571_9/884571_9_submitted.pkl
Appending iterations to existing output!Warning: If parameters other than `iterations` have been changed, this will corrupt the output!
Starting label LEVI, seed 59, iteration 470, time: 287.67430424690247
Starting label LEVI, seed 59, iteration 480, time: 294.08776092529297
Starting label LEVI, seed 59, iteration 490, time: 300.84326910972595
Starting label LEVI, seed 59, iteration 500, time: 307.7292537689209
Starting label LEVI, seed 59, iteration 510, time: 314.5457298755646
Starting label LEVI, seed 59, iteration 520, time: 321.68962121009827
Starting label LEVI, seed 59, iteration 530, time: 328.5758218765259
Starting label LEVI, seed 59, iteration 540, time: 335.1333529949188
Starting label LEVI, seed 59, iteration 550, time: 342.1940236091614
Starting label LEVI, seed 59, iteration 560, time: 349.11755299568176
Starting label LEVI, seed 59, iteration 570, time: 355.8505873680115
Starting label LEVI, seed 59, iteration 580, time: 362.6176040172577
Starting label LEVI, seed 59, iteration 590, time: 369.1320490837097
Starting label LEVI, seed 59, iteration 600, time: 375.8560721874237
Starting label LEVI, seed 59, iteration 610, time: 382.8088436126709
Starting label LEVI, seed 59, iteration 620, time: 389.7202134132385
Starting label LEVI, seed 59, iteration 630, time: 396.66154885292053
Starting label LEVI, seed 59, iteration 640, time: 403.59322357177734
Starting label LEVI, seed 59, iteration 650, time: 410.4364719390869
Starting label LEVI, seed 59, iteration 660, time: 417.09084844589233
Starting label LEVI, seed 59, iteration 670, time: 423.6393349170685
Starting label LEVI, seed 59, iteration 680, time: 430.2744462490082
Starting label LEVI, seed 59, iteration 690, time: 436.8446888923645
Starting label LEVI, seed 59, iteration 700, time: 443.83191680908203
Starting label LEVI, seed 59, iteration 710, time: 450.9938886165619
Starting label LEVI, seed 59, iteration 720, time: 458.3907356262207
Starting label LEVI, seed 59, iteration 730, time: 465.7669310569763
Starting label LEVI, seed 59, iteration 740, time: 473.43341994285583
Starting label LEVI, seed 59, iteration 750, time: 480.5484297275543
Starting label LEVI, seed 59, iteration 760, time: 488.0820608139038
Starting label LEVI, seed 59, iteration 770, time: 495.4463768005371
Starting label LEVI, seed 59, iteration 780, time: 502.8036849498749
Starting label LEVI, seed 59, iteration 790, time: 510.2773985862732
Starting label LEVI, seed 59, iteration 800, time: 517.7807903289795
Starting label LEVI, seed 59, iteration 810, time: 525.2522852420807
Starting label LEVI, seed 59, iteration 820, time: 532.8686096668243
Starting label LEVI, seed 59, iteration 830, time: 540.4286382198334
Starting label LEVI, seed 59, iteration 840, time: 547.8414158821106
Starting label LEVI, seed 59, iteration 850, time: 555.2165875434875
Starting label LEVI, seed 59, iteration 860, time: 562.8893778324127
Starting label LEVI, seed 59, iteration 870, time: 570.6433460712433
Starting label LEVI, seed 59, iteration 880, time: 578.2008800506592
Starting label LEVI, seed 59, iteration 890, time: 585.5204560756683
Starting label LEVI, seed 59, iteration 900, time: 593.4121642112732
Starting label LEVI, seed 59, iteration 910, time: 601.4283721446991
Starting label LEVI, seed 59, iteration 920, time: 609.0731799602509
Starting label LEVI, seed 59, iteration 930, time: 617.0009829998016
Starting label LEVI, seed 59, iteration 940, time: 624.7288329601288
Starting label LEVI, seed 59, iteration 950, time: 632.9480023384094
Starting label LEVI, seed 59, iteration 960, time: 640.9980621337891
Starting label LEVI, seed 59, iteration 970, time: 649.2766437530518
Starting label LEVI, seed 59, iteration 980, time: 656.8699357509613
Starting label LEVI, seed 59, iteration 990, time: 665.0713427066803
Starting label LEVI, seed 59, iteration 1000, time: 673.0898535251617
Starting label LEVI, seed 59, iteration 1010, time: 680.8491253852844
Starting label LEVI, seed 59, iteration 1020, time: 688.9604902267456
Starting label LEVI, seed 59, iteration 1030, time: 697.1950414180756
Starting label LEVI, seed 59, iteration 1040, time: 705.4895372390747
Starting label LEVI, seed 59, iteration 1050, time: 713.7327620983124
Starting label LEVI, seed 59, iteration 1060, time: 722.0256695747375
Starting label LEVI, seed 59, iteration 1070, time: 730.0207195281982
Starting label LEVI, seed 59, iteration 1080, time: 738.1224658489227
Starting label LEVI, seed 59, iteration 1090, time: 746.2215957641602
Starting label LEVI, seed 59, iteration 1100, time: 754.2612960338593
Starting label LEVI, seed 59, iteration 1110, time: 762.154091835022
Starting label LEVI, seed 59, iteration 1120, time: 770.3130016326904
Starting label LEVI, seed 59, iteration 1130, time: 778.7352285385132
Starting label LEVI, seed 59, iteration 1140, time: 787.2568960189819
Starting label LEVI, seed 59, iteration 1150, time: 795.5416989326477
Starting label LEVI, seed 59, iteration 1160, time: 804.1704325675964
Starting label LEVI, seed 59, iteration 1170, time: 812.4981343746185
Starting label LEVI, seed 59, iteration 1180, time: 820.9102079868317
Starting label LEVI, seed 59, iteration 1190, time: 829.8559527397156
Starting label LEVI, seed 59, iteration 1200, time: 838.9287641048431
Starting label LEVI, seed 59, iteration 1210, time: 847.5377793312073
Starting label LEVI, seed 59, iteration 1220, time: 856.0618085861206
Starting label LEVI, seed 59, iteration 1230, time: 864.838376045227
Starting label LEVI, seed 59, iteration 1240, time: 874.281800031662
Starting label LEVI, seed 59, iteration 1250, time: 883.2303457260132
Starting label LEVI, seed 59, iteration 1260, time: 892.0063216686249
Starting label LEVI, seed 59, iteration 1270, time: 901.0894439220428
Starting label LEVI, seed 59, iteration 1280, time: 909.9343543052673
Starting label LEVI, seed 59, iteration 1290, time: 918.698872089386
Starting label LEVI, seed 59, iteration 1300, time: 927.2745425701141
Starting label LEVI, seed 59, iteration 1310, time: 935.7277545928955
Starting label LEVI, seed 59, iteration 1320, time: 944.8468885421753
Starting label LEVI, seed 59, iteration 1330, time: 953.7536039352417
Starting label LEVI, seed 59, iteration 1340, time: 962.3827857971191
Starting label LEVI, seed 59, iteration 1350, time: 971.3504350185394
Starting label LEVI, seed 59, iteration 1360, time: 980.7525224685669
Starting label LEVI, seed 59, iteration 1370, time: 989.8746912479401
Starting label LEVI, seed 59, iteration 1380, time: 998.9083869457245
Starting label LEVI, seed 59, iteration 1390, time: 1008.6203680038452
Starting label LEVI, seed 59, iteration 1400, time: 1018.2722198963165
Starting label LEVI, seed 59, iteration 1410, time: 1028.0673837661743
Starting label LEVI, seed 59, iteration 1420, time: 1037.9836556911469
Starting label LEVI, seed 59, iteration 1430, time: 1047.6276354789734
Starting label LEVI, seed 59, iteration 1440, time: 1057.5946397781372
Starting label LEVI, seed 59, iteration 1450, time: 1066.6070351600647
Starting label LEVI, seed 59, iteration 1460, time: 1075.7185668945312
Starting label LEVI, seed 59, iteration 1470, time: 1084.5956029891968
Starting label LEVI, seed 59, iteration 1480, time: 1093.8793904781342
Starting label LEVI, seed 59, iteration 1490, time: 1102.9646310806274
Starting label LEVI, seed 59, iteration 1500, time: 1112.3239767551422
Starting label LEVI, seed 59, iteration 1510, time: 1122.063222169876
Starting label LEVI, seed 59, iteration 1520, time: 1131.71413230896
Starting label LEVI, seed 59, iteration 1530, time: 1141.7633783817291
Starting label LEVI, seed 59, iteration 1540, time: 1151.5412938594818
Starting label LEVI, seed 59, iteration 1550, time: 1160.779595375061
Starting label LEVI, seed 59, iteration 1560, time: 1170.9256031513214
Starting label LEVI, seed 59, iteration 1570, time: 1180.841740846634
Starting label LEVI, seed 59, iteration 1580, time: 1190.833699464798
Starting label LEVI, seed 59, iteration 1590, time: 1199.8685579299927
Starting label LEVI, seed 59, iteration 1600, time: 1208.9058980941772
Starting label LEVI, seed 59, iteration 1610, time: 1218.4503853321075
Starting label LEVI, seed 59, iteration 1620, time: 1227.265474319458
Starting label LEVI, seed 59, iteration 1630, time: 1236.2848069667816
Starting label LEVI, seed 59, iteration 1640, time: 1244.9106187820435
Starting label LEVI, seed 59, iteration 1650, time: 1253.747315645218
Starting label LEVI, seed 59, iteration 1660, time: 1262.7176232337952
Starting label LEVI, seed 59, iteration 1670, time: 1271.8407847881317
Starting label LEVI, seed 59, iteration 1680, time: 1280.8654253482819
Starting label LEVI, seed 59, iteration 1690, time: 1291.6426088809967
Starting label LEVI, seed 59, iteration 1700, time: 1302.296433210373
Starting label LEVI, seed 59, iteration 1710, time: 1313.206629037857
Starting label LEVI, seed 59, iteration 1720, time: 1324.3600833415985
Starting label LEVI, seed 59, iteration 1730, time: 1334.7590885162354
Starting label LEVI, seed 59, iteration 1740, time: 1345.1802005767822
Starting label LEVI, seed 59, iteration 1750, time: 1356.3090739250183
Starting label LEVI, seed 59, iteration 1760, time: 1366.9305291175842
Starting label LEVI, seed 59, iteration 1770, time: 1378.6715352535248
Starting label LEVI, seed 59, iteration 1780, time: 1390.4662990570068
Starting label LEVI, seed 59, iteration 1790, time: 1401.3901419639587
Starting label LEVI, seed 59, iteration 1800, time: 1412.439468383789
Starting label LEVI, seed 59, iteration 1810, time: 1425.0926258563995
Starting label LEVI, seed 59, iteration 1820, time: 1437.8297803401947
Starting label LEVI, seed 59, iteration 1830, time: 1448.5658211708069
Starting label LEVI, seed 59, iteration 1840, time: 1458.8907573223114
Starting label LEVI, seed 59, iteration 1850, time: 1469.8048686981201
Starting label LEVI, seed 59, iteration 1860, time: 1480.706633090973
Starting label LEVI, seed 59, iteration 1870, time: 1492.1081883907318
Starting label LEVI, seed 59, iteration 1880, time: 1504.0207493305206
Starting label LEVI, seed 59, iteration 1890, time: 1515.8590438365936
Starting label LEVI, seed 59, iteration 1900, time: 1527.9315910339355
Starting label LEVI, seed 59, iteration 1910, time: 1539.4534754753113
Starting label LEVI, seed 59, iteration 1920, time: 1552.304568529129
Starting label LEVI, seed 59, iteration 1930, time: 1565.3100128173828
Starting label LEVI, seed 59, iteration 1940, time: 1577.0659437179565
Starting label LEVI, seed 59, iteration 1950, time: 1588.858486175537
Starting label LEVI, seed 59, iteration 1960, time: 1601.165010213852
Starting label LEVI, seed 59, iteration 1970, time: 1614.2102453708649
Starting label LEVI, seed 59, iteration 1980, time: 1626.9724826812744
Starting label LEVI, seed 59, iteration 1990, time: 1639.37304520607
submitit INFO (2022-10-02 13:57:12,487) - Job completed successfully
