submitit INFO (2022-10-02 00:32:07,262) - Starting with JobEnvironment(job_id=883292_1, hostname=luxlab-compute-01.infosci.cornell.edu, local_rank=0(1), node=0(1), global_rank=0(1))
submitit INFO (2022-10-02 00:32:07,262) - Loading pickle: /home/gid-cakmaks/contextual_rs/experiments/wsc_experiments/logs/883292_1/883292_1_submitted.pkl
Starting label LEVI, seed 61, iteration 0, time: 0.0006730556488037109
Starting label LEVI, seed 61, iteration 10, time: 2.8132524490356445
Starting label LEVI, seed 61, iteration 20, time: 5.4401843547821045
Starting label LEVI, seed 61, iteration 30, time: 8.04804253578186
Starting label LEVI, seed 61, iteration 40, time: 10.654954195022583
Starting label LEVI, seed 61, iteration 50, time: 13.288304328918457
Starting label LEVI, seed 61, iteration 60, time: 15.960097312927246
Starting label LEVI, seed 61, iteration 70, time: 18.655580043792725
Starting label LEVI, seed 61, iteration 80, time: 21.360145330429077
Starting label LEVI, seed 61, iteration 90, time: 24.067908763885498
Starting label LEVI, seed 61, iteration 100, time: 26.730304718017578
Starting label LEVI, seed 61, iteration 110, time: 29.447208642959595
Starting label LEVI, seed 61, iteration 120, time: 32.14369511604309
Starting label LEVI, seed 61, iteration 130, time: 34.82442259788513
Starting label LEVI, seed 61, iteration 140, time: 37.6145544052124
Starting label LEVI, seed 61, iteration 150, time: 40.33762216567993
Starting label LEVI, seed 61, iteration 160, time: 43.02643156051636
Starting label LEVI, seed 61, iteration 170, time: 45.73512268066406
Starting label LEVI, seed 61, iteration 180, time: 48.45362591743469
Starting label LEVI, seed 61, iteration 190, time: 51.244863510131836
Starting label LEVI, seed 61, iteration 200, time: 54.21105170249939
Starting label LEVI, seed 61, iteration 210, time: 57.093989610672
Starting label LEVI, seed 61, iteration 220, time: 60.08836579322815
Starting label LEVI, seed 61, iteration 230, time: 62.94702458381653
Starting label LEVI, seed 61, iteration 240, time: 65.74738502502441
Starting label LEVI, seed 61, iteration 250, time: 68.62326216697693
Starting label LEVI, seed 61, iteration 260, time: 71.47515916824341
Starting label LEVI, seed 61, iteration 270, time: 74.32012009620667
Starting label LEVI, seed 61, iteration 280, time: 77.16091990470886
Starting label LEVI, seed 61, iteration 290, time: 80.03432083129883
Starting label LEVI, seed 61, iteration 300, time: 82.94377398490906
Starting label LEVI, seed 61, iteration 310, time: 85.92931628227234
Starting label LEVI, seed 61, iteration 320, time: 88.82998991012573
Starting label LEVI, seed 61, iteration 330, time: 91.78558301925659
Starting label LEVI, seed 61, iteration 340, time: 94.68367624282837
Starting label LEVI, seed 61, iteration 350, time: 97.67661023139954
Starting label LEVI, seed 61, iteration 360, time: 100.50871467590332
Starting label LEVI, seed 61, iteration 370, time: 103.49998140335083
Starting label LEVI, seed 61, iteration 380, time: 106.45539593696594
Starting label LEVI, seed 61, iteration 390, time: 109.6714129447937
Starting label LEVI, seed 61, iteration 400, time: 112.76750135421753
Starting label LEVI, seed 61, iteration 410, time: 115.8716835975647
Starting label LEVI, seed 61, iteration 420, time: 119.06399083137512
Starting label LEVI, seed 61, iteration 430, time: 122.09099650382996
Starting label LEVI, seed 61, iteration 440, time: 125.27550649642944
Starting label LEVI, seed 61, iteration 450, time: 128.56390190124512
Starting label LEVI, seed 61, iteration 460, time: 131.8627336025238
Starting label LEVI, seed 61, iteration 470, time: 135.18568778038025
Starting label LEVI, seed 61, iteration 480, time: 138.29860401153564
Starting label LEVI, seed 61, iteration 490, time: 141.54043579101562
Starting label LEVI, seed 61, iteration 500, time: 144.85585117340088
Starting label LEVI, seed 61, iteration 510, time: 148.31010818481445
Starting label LEVI, seed 61, iteration 520, time: 151.7541220188141
Starting label LEVI, seed 61, iteration 530, time: 155.19533777236938
Starting label LEVI, seed 61, iteration 540, time: 158.50463032722473
Starting label LEVI, seed 61, iteration 550, time: 162.36374878883362
Starting label LEVI, seed 61, iteration 560, time: 166.05724716186523
Starting label LEVI, seed 61, iteration 570, time: 169.36446380615234
Starting label LEVI, seed 61, iteration 580, time: 172.956773519516
Starting label LEVI, seed 61, iteration 590, time: 176.7051796913147
Starting label LEVI, seed 61, iteration 600, time: 180.5573399066925
Starting label LEVI, seed 61, iteration 610, time: 184.40574741363525
Starting label LEVI, seed 61, iteration 620, time: 188.17106819152832
Starting label LEVI, seed 61, iteration 630, time: 192.0261733531952
Starting label LEVI, seed 61, iteration 640, time: 195.9912919998169
Starting label LEVI, seed 61, iteration 650, time: 200.05696368217468
Starting label LEVI, seed 61, iteration 660, time: 203.70274329185486
Starting label LEVI, seed 61, iteration 670, time: 207.82194089889526
Starting label LEVI, seed 61, iteration 680, time: 211.99423623085022
Starting label LEVI, seed 61, iteration 690, time: 216.31049132347107
Starting label LEVI, seed 61, iteration 700, time: 220.5615439414978
Starting label LEVI, seed 61, iteration 710, time: 224.93308758735657
Starting label LEVI, seed 61, iteration 720, time: 228.90349793434143
Starting label LEVI, seed 61, iteration 730, time: 233.37342429161072
Starting label LEVI, seed 61, iteration 740, time: 237.44547271728516
Starting label LEVI, seed 61, iteration 750, time: 241.47128868103027
Starting label LEVI, seed 61, iteration 760, time: 245.71522903442383
Starting label LEVI, seed 61, iteration 770, time: 249.91876101493835
Starting label LEVI, seed 61, iteration 780, time: 254.76733875274658
Starting label LEVI, seed 61, iteration 790, time: 259.7121663093567
Starting label LEVI, seed 61, iteration 800, time: 264.61699748039246
Starting label LEVI, seed 61, iteration 810, time: 269.17223501205444
Starting label LEVI, seed 61, iteration 820, time: 274.0317301750183
Starting label LEVI, seed 61, iteration 830, time: 279.33690452575684
Starting label LEVI, seed 61, iteration 840, time: 284.8033871650696
Starting label LEVI, seed 61, iteration 850, time: 290.22889733314514
Starting label LEVI, seed 61, iteration 860, time: 294.9936740398407
Starting label LEVI, seed 61, iteration 870, time: 300.5417332649231
Starting label LEVI, seed 61, iteration 880, time: 306.1376256942749
Starting label LEVI, seed 61, iteration 890, time: 311.1349494457245
Starting label LEVI, seed 61, iteration 900, time: 317.127605676651
Starting label LEVI, seed 61, iteration 910, time: 321.958242893219
Starting label LEVI, seed 61, iteration 920, time: 327.72669076919556
Starting label LEVI, seed 61, iteration 930, time: 332.6102340221405
Starting label LEVI, seed 61, iteration 940, time: 338.22879123687744
Starting label LEVI, seed 61, iteration 950, time: 343.1425588130951
Starting label LEVI, seed 61, iteration 960, time: 348.12484765052795
Starting label LEVI, seed 61, iteration 970, time: 354.0603172779083
Starting label LEVI, seed 61, iteration 980, time: 359.6054244041443
Starting label LEVI, seed 61, iteration 990, time: 364.70343112945557
Starting label LEVI, seed 61, iteration 1000, time: 370.38087463378906
Starting label LEVI, seed 61, iteration 1010, time: 376.53703784942627
Starting label LEVI, seed 61, iteration 1020, time: 381.7997326850891
Starting label LEVI, seed 61, iteration 1030, time: 388.40000009536743
Starting label LEVI, seed 61, iteration 1040, time: 394.89141964912415
Starting label LEVI, seed 61, iteration 1050, time: 401.2347478866577
Starting label LEVI, seed 61, iteration 1060, time: 407.3930833339691
Starting label LEVI, seed 61, iteration 1070, time: 413.6637773513794
Starting label LEVI, seed 61, iteration 1080, time: 420.6818902492523
Starting label LEVI, seed 61, iteration 1090, time: 426.8621757030487
Starting label LEVI, seed 61, iteration 1100, time: 433.995991230011
Starting label LEVI, seed 61, iteration 1110, time: 440.6954779624939
Starting label LEVI, seed 61, iteration 1120, time: 447.07809710502625
Starting label LEVI, seed 61, iteration 1130, time: 453.4466392993927
Starting label LEVI, seed 61, iteration 1140, time: 461.27076983451843
Starting label LEVI, seed 61, iteration 1150, time: 467.9968192577362
Starting label LEVI, seed 61, iteration 1160, time: 474.61995673179626
Starting label LEVI, seed 61, iteration 1170, time: 481.7453501224518
Starting label LEVI, seed 61, iteration 1180, time: 488.56644797325134
Starting label LEVI, seed 61, iteration 1190, time: 496.50403785705566
Starting label LEVI, seed 61, iteration 1200, time: 503.48914790153503
Starting label LEVI, seed 61, iteration 1210, time: 511.1733863353729
Starting label LEVI, seed 61, iteration 1220, time: 518.4027409553528
Starting label LEVI, seed 61, iteration 1230, time: 525.8600029945374
Starting label LEVI, seed 61, iteration 1240, time: 533.5555028915405
Starting label LEVI, seed 61, iteration 1250, time: 542.6468381881714
Starting label LEVI, seed 61, iteration 1260, time: 550.6098659038544
Starting label LEVI, seed 61, iteration 1270, time: 559.4500358104706
Starting label LEVI, seed 61, iteration 1280, time: 567.994199514389
Starting label LEVI, seed 61, iteration 1290, time: 576.1626133918762
Starting label LEVI, seed 61, iteration 1300, time: 585.9949789047241
Starting label LEVI, seed 61, iteration 1310, time: 594.9086184501648
Starting label LEVI, seed 61, iteration 1320, time: 603.6649694442749
Starting label LEVI, seed 61, iteration 1330, time: 613.0745561122894
Starting label LEVI, seed 61, iteration 1340, time: 624.0657956600189
Starting label LEVI, seed 61, iteration 1350, time: 633.1180460453033
Starting label LEVI, seed 61, iteration 1360, time: 642.3229985237122
Starting label LEVI, seed 61, iteration 1370, time: 651.6007754802704
Starting label LEVI, seed 61, iteration 1380, time: 662.7945613861084
Starting label LEVI, seed 61, iteration 1390, time: 674.2316114902496
Starting label LEVI, seed 61, iteration 1400, time: 683.5620455741882
Starting label LEVI, seed 61, iteration 1410, time: 693.180011510849
Starting label LEVI, seed 61, iteration 1420, time: 703.2006402015686
Starting label LEVI, seed 61, iteration 1430, time: 713.9852259159088
Starting label LEVI, seed 61, iteration 1440, time: 724.2408618927002
Starting label LEVI, seed 61, iteration 1450, time: 735.847142457962
Starting label LEVI, seed 61, iteration 1460, time: 747.9095215797424
Starting label LEVI, seed 61, iteration 1470, time: 758.9730746746063
Starting label LEVI, seed 61, iteration 1480, time: 771.7879033088684
Starting label LEVI, seed 61, iteration 1490, time: 783.0474057197571
Starting label LEVI, seed 61, iteration 1500, time: 797.1040079593658
Starting label LEVI, seed 61, iteration 1510, time: 808.6280858516693
Starting label LEVI, seed 61, iteration 1520, time: 822.6677544116974
Starting label LEVI, seed 61, iteration 1530, time: 834.272723197937
Starting label LEVI, seed 61, iteration 1540, time: 849.4161343574524
Starting label LEVI, seed 61, iteration 1550, time: 861.3915107250214
Starting label LEVI, seed 61, iteration 1560, time: 873.0923366546631
Starting label LEVI, seed 61, iteration 1570, time: 885.6056113243103
Starting label LEVI, seed 61, iteration 1580, time: 902.4997124671936
Starting label LEVI, seed 61, iteration 1590, time: 915.5377383232117
Starting label LEVI, seed 61, iteration 1600, time: 931.1281287670135
Starting label LEVI, seed 61, iteration 1610, time: 944.99533867836
Starting label LEVI, seed 61, iteration 1620, time: 962.3885588645935
Starting label LEVI, seed 61, iteration 1630, time: 976.9341821670532
Starting label LEVI, seed 61, iteration 1640, time: 994.6885485649109
Starting label LEVI, seed 61, iteration 1650, time: 1008.9025726318359
Starting label LEVI, seed 61, iteration 1660, time: 1025.700424671173
Starting label LEVI, seed 61, iteration 1670, time: 1043.392902135849
Starting label LEVI, seed 61, iteration 1680, time: 1062.7029609680176
Starting label LEVI, seed 61, iteration 1690, time: 1081.8716623783112
Starting label LEVI, seed 61, iteration 1700, time: 1099.8211143016815
Starting label LEVI, seed 61, iteration 1710, time: 1115.4348902702332
Starting label LEVI, seed 61, iteration 1720, time: 1133.4946615695953
Starting label LEVI, seed 61, iteration 1730, time: 1152.268678188324
Starting label LEVI, seed 61, iteration 1740, time: 1171.2396206855774
Starting label LEVI, seed 61, iteration 1750, time: 1190.6306397914886
Starting label LEVI, seed 61, iteration 1760, time: 1208.0441069602966
Starting label LEVI, seed 61, iteration 1770, time: 1227.6522130966187
Starting label LEVI, seed 61, iteration 1780, time: 1247.7905626296997
Starting label LEVI, seed 61, iteration 1790, time: 1269.0676538944244
Starting label LEVI, seed 61, iteration 1800, time: 1290.9325277805328
Starting label LEVI, seed 61, iteration 1810, time: 1309.1570363044739
Starting label LEVI, seed 61, iteration 1820, time: 1331.330014705658
Starting label LEVI, seed 61, iteration 1830, time: 1353.8335964679718
Starting label LEVI, seed 61, iteration 1840, time: 1372.6649296283722
Starting label LEVI, seed 61, iteration 1850, time: 1391.0019681453705
Starting label LEVI, seed 61, iteration 1860, time: 1409.2189276218414
submitit WARNING (2022-10-02 00:55:52,072) - Bypassing signal SIGCONT
submitit WARNING (2022-10-02 00:55:52,142) - Bypassing signal SIGTERM
Starting label LEVI, seed 61, iteration 1870, time: 1427.5040044784546
Starting label LEVI, seed 61, iteration 1880, time: 1445.8517968654633
