submitit INFO (2022-10-02 04:27:59,250) - Starting with JobEnvironment(job_id=884077_8, hostname=lecun.cs.cornell.edu, local_rank=0(1), node=0(1), global_rank=0(1))
submitit INFO (2022-10-02 04:27:59,250) - Loading pickle: /home/gid-cakmaks/contextual_rs/experiments/wsc_experiments/logs/884077_8/884077_8_submitted.pkl
Appending iterations to existing output!Warning: If parameters other than `iterations` have been changed, this will corrupt the output!
Starting label LEVI, seed 88, iteration 410, time: 238.6849205493927
Starting label LEVI, seed 88, iteration 420, time: 244.56688737869263
Starting label LEVI, seed 88, iteration 430, time: 250.46744990348816
Starting label LEVI, seed 88, iteration 440, time: 256.24356985092163
Starting label LEVI, seed 88, iteration 450, time: 262.0496711730957
Starting label LEVI, seed 88, iteration 460, time: 267.85915422439575
Starting label LEVI, seed 88, iteration 470, time: 273.5854251384735
Starting label LEVI, seed 88, iteration 480, time: 279.33142828941345
Starting label LEVI, seed 88, iteration 490, time: 284.8419101238251
Starting label LEVI, seed 88, iteration 500, time: 290.46379232406616
Starting label LEVI, seed 88, iteration 510, time: 296.20417761802673
Starting label LEVI, seed 88, iteration 520, time: 302.0940930843353
Starting label LEVI, seed 88, iteration 530, time: 307.9672701358795
Starting label LEVI, seed 88, iteration 540, time: 313.7909405231476
Starting label LEVI, seed 88, iteration 550, time: 319.8092052936554
Starting label LEVI, seed 88, iteration 560, time: 325.80022621154785
Starting label LEVI, seed 88, iteration 570, time: 331.8390474319458
Starting label LEVI, seed 88, iteration 580, time: 337.86808037757874
Starting label LEVI, seed 88, iteration 590, time: 344.01200675964355
Starting label LEVI, seed 88, iteration 600, time: 350.09343814849854
Starting label LEVI, seed 88, iteration 610, time: 356.35907316207886
Starting label LEVI, seed 88, iteration 620, time: 362.3489603996277
Starting label LEVI, seed 88, iteration 630, time: 368.31121802330017
Starting label LEVI, seed 88, iteration 640, time: 374.2357339859009
Starting label LEVI, seed 88, iteration 650, time: 381.59030294418335
Starting label LEVI, seed 88, iteration 660, time: 387.5951409339905
Starting label LEVI, seed 88, iteration 670, time: 393.99044036865234
Starting label LEVI, seed 88, iteration 680, time: 399.9570679664612
Starting label LEVI, seed 88, iteration 690, time: 406.02019929885864
Starting label LEVI, seed 88, iteration 700, time: 412.17234468460083
Starting label LEVI, seed 88, iteration 710, time: 418.2756826877594
Starting label LEVI, seed 88, iteration 720, time: 424.2480900287628
Starting label LEVI, seed 88, iteration 730, time: 430.1910858154297
Starting label LEVI, seed 88, iteration 740, time: 436.35300755500793
Starting label LEVI, seed 88, iteration 750, time: 442.2121398448944
Starting label LEVI, seed 88, iteration 760, time: 448.2055940628052
Starting label LEVI, seed 88, iteration 770, time: 454.28677701950073
Starting label LEVI, seed 88, iteration 780, time: 460.2881443500519
Starting label LEVI, seed 88, iteration 790, time: 466.39965415000916
Starting label LEVI, seed 88, iteration 800, time: 472.6316919326782
Starting label LEVI, seed 88, iteration 810, time: 478.60679745674133
Starting label LEVI, seed 88, iteration 820, time: 484.7737228870392
Starting label LEVI, seed 88, iteration 830, time: 491.1943724155426
Starting label LEVI, seed 88, iteration 840, time: 497.30621790885925
Starting label LEVI, seed 88, iteration 850, time: 503.5370714664459
Starting label LEVI, seed 88, iteration 860, time: 509.61469197273254
Starting label LEVI, seed 88, iteration 870, time: 515.8125357627869
Starting label LEVI, seed 88, iteration 880, time: 522.0806634426117
Starting label LEVI, seed 88, iteration 890, time: 528.2063710689545
Starting label LEVI, seed 88, iteration 900, time: 534.3552770614624
Starting label LEVI, seed 88, iteration 910, time: 540.3331804275513
Starting label LEVI, seed 88, iteration 920, time: 546.3978803157806
Starting label LEVI, seed 88, iteration 930, time: 552.3935303688049
Starting label LEVI, seed 88, iteration 940, time: 558.4203732013702
Starting label LEVI, seed 88, iteration 950, time: 564.524270772934
Starting label LEVI, seed 88, iteration 960, time: 571.1717858314514
Starting label LEVI, seed 88, iteration 970, time: 577.4477095603943
Starting label LEVI, seed 88, iteration 980, time: 584.7312626838684
Starting label LEVI, seed 88, iteration 990, time: 592.3040220737457
Starting label LEVI, seed 88, iteration 1000, time: 598.6463239192963
Starting label LEVI, seed 88, iteration 1010, time: 605.0402684211731
Starting label LEVI, seed 88, iteration 1020, time: 611.3167324066162
Starting label LEVI, seed 88, iteration 1030, time: 617.4438881874084
Starting label LEVI, seed 88, iteration 1040, time: 623.8727812767029
Starting label LEVI, seed 88, iteration 1050, time: 631.5625178813934
Starting label LEVI, seed 88, iteration 1060, time: 637.8173167705536
Starting label LEVI, seed 88, iteration 1070, time: 643.9346721172333
Starting label LEVI, seed 88, iteration 1080, time: 650.1746482849121
Starting label LEVI, seed 88, iteration 1090, time: 656.4810600280762
Starting label LEVI, seed 88, iteration 1100, time: 662.9229295253754
Starting label LEVI, seed 88, iteration 1110, time: 669.3289608955383
Starting label LEVI, seed 88, iteration 1120, time: 675.6195089817047
Starting label LEVI, seed 88, iteration 1130, time: 683.2071571350098
Starting label LEVI, seed 88, iteration 1140, time: 690.1960990428925
Starting label LEVI, seed 88, iteration 1150, time: 696.9124336242676
Starting label LEVI, seed 88, iteration 1160, time: 703.7148065567017
Starting label LEVI, seed 88, iteration 1170, time: 710.2473649978638
Starting label LEVI, seed 88, iteration 1180, time: 717.123058795929
Starting label LEVI, seed 88, iteration 1190, time: 723.7659449577332
Starting label LEVI, seed 88, iteration 1200, time: 730.6918387413025
Starting label LEVI, seed 88, iteration 1210, time: 737.1319954395294
Starting label LEVI, seed 88, iteration 1220, time: 743.4409122467041
Starting label LEVI, seed 88, iteration 1230, time: 749.9834959506989
Starting label LEVI, seed 88, iteration 1240, time: 756.4917738437653
Starting label LEVI, seed 88, iteration 1250, time: 763.1157870292664
Starting label LEVI, seed 88, iteration 1260, time: 770.0199134349823
Starting label LEVI, seed 88, iteration 1270, time: 776.8299942016602
Starting label LEVI, seed 88, iteration 1280, time: 785.0865399837494
Starting label LEVI, seed 88, iteration 1290, time: 792.2196061611176
Starting label LEVI, seed 88, iteration 1300, time: 798.9281923770905
Starting label LEVI, seed 88, iteration 1310, time: 805.4127733707428
Starting label LEVI, seed 88, iteration 1320, time: 811.7788186073303
Starting label LEVI, seed 88, iteration 1330, time: 818.2086112499237
Starting label LEVI, seed 88, iteration 1340, time: 824.8552570343018
Starting label LEVI, seed 88, iteration 1350, time: 831.8252403736115
Starting label LEVI, seed 88, iteration 1360, time: 838.9590320587158
Starting label LEVI, seed 88, iteration 1370, time: 846.3994269371033
Starting label LEVI, seed 88, iteration 1380, time: 854.6457965373993
Starting label LEVI, seed 88, iteration 1390, time: 862.3592844009399
Starting label LEVI, seed 88, iteration 1400, time: 869.9518404006958
Starting label LEVI, seed 88, iteration 1410, time: 879.0104594230652
Starting label LEVI, seed 88, iteration 1420, time: 886.5082802772522
Starting label LEVI, seed 88, iteration 1430, time: 894.1530423164368
Starting label LEVI, seed 88, iteration 1440, time: 901.8092293739319
Starting label LEVI, seed 88, iteration 1450, time: 909.2893223762512
Starting label LEVI, seed 88, iteration 1460, time: 917.0093946456909
Starting label LEVI, seed 88, iteration 1470, time: 924.3798878192902
Starting label LEVI, seed 88, iteration 1480, time: 931.907799243927
Starting label LEVI, seed 88, iteration 1490, time: 939.5327084064484
Starting label LEVI, seed 88, iteration 1500, time: 946.9822630882263
Starting label LEVI, seed 88, iteration 1510, time: 954.6315937042236
Starting label LEVI, seed 88, iteration 1520, time: 962.300906419754
Starting label LEVI, seed 88, iteration 1530, time: 969.8977339267731
Starting label LEVI, seed 88, iteration 1540, time: 977.3287980556488
Starting label LEVI, seed 88, iteration 1550, time: 984.8194181919098
Starting label LEVI, seed 88, iteration 1560, time: 992.5584387779236
Starting label LEVI, seed 88, iteration 1570, time: 1000.4784457683563
Starting label LEVI, seed 88, iteration 1580, time: 1008.3694496154785
Starting label LEVI, seed 88, iteration 1590, time: 1015.6129322052002
Starting label LEVI, seed 88, iteration 1600, time: 1023.2996528148651
Starting label LEVI, seed 88, iteration 1610, time: 1031.2048325538635
Starting label LEVI, seed 88, iteration 1620, time: 1040.8570215702057
Starting label LEVI, seed 88, iteration 1630, time: 1048.8233466148376
Starting label LEVI, seed 88, iteration 1640, time: 1057.087013244629
Starting label LEVI, seed 88, iteration 1650, time: 1065.3895115852356
Starting label LEVI, seed 88, iteration 1660, time: 1073.5766191482544
Starting label LEVI, seed 88, iteration 1670, time: 1081.765976190567
Starting label LEVI, seed 88, iteration 1680, time: 1089.926097393036
Starting label LEVI, seed 88, iteration 1690, time: 1098.0350694656372
Starting label LEVI, seed 88, iteration 1700, time: 1106.0443155765533
Starting label LEVI, seed 88, iteration 1710, time: 1113.9217813014984
Starting label LEVI, seed 88, iteration 1720, time: 1121.8461232185364
Starting label LEVI, seed 88, iteration 1730, time: 1129.7610974311829
Starting label LEVI, seed 88, iteration 1740, time: 1137.7292709350586
Starting label LEVI, seed 88, iteration 1750, time: 1145.2064321041107
Starting label LEVI, seed 88, iteration 1760, time: 1152.4584381580353
Starting label LEVI, seed 88, iteration 1770, time: 1160.0294404029846
Starting label LEVI, seed 88, iteration 1780, time: 1167.7382049560547
Starting label LEVI, seed 88, iteration 1790, time: 1175.7681112289429
Starting label LEVI, seed 88, iteration 1800, time: 1185.7941343784332
Starting label LEVI, seed 88, iteration 1810, time: 1194.1250574588776
Starting label LEVI, seed 88, iteration 1820, time: 1202.2042019367218
Starting label LEVI, seed 88, iteration 1830, time: 1210.2154903411865
Starting label LEVI, seed 88, iteration 1840, time: 1218.3735003471375
Starting label LEVI, seed 88, iteration 1850, time: 1226.8788726329803
Starting label LEVI, seed 88, iteration 1860, time: 1235.4663145542145
Starting label LEVI, seed 88, iteration 1870, time: 1243.638855934143
Starting label LEVI, seed 88, iteration 1880, time: 1251.883374452591
Starting label LEVI, seed 88, iteration 1890, time: 1259.6708335876465
Starting label LEVI, seed 88, iteration 1900, time: 1267.737508058548
Starting label LEVI, seed 88, iteration 1910, time: 1275.8845756053925
Starting label LEVI, seed 88, iteration 1920, time: 1284.4731953144073
Starting label LEVI, seed 88, iteration 1930, time: 1292.6961188316345
Starting label LEVI, seed 88, iteration 1940, time: 1302.8789627552032
Starting label LEVI, seed 88, iteration 1950, time: 1310.8638932704926
Starting label LEVI, seed 88, iteration 1960, time: 1318.4930617809296
Starting label LEVI, seed 88, iteration 1970, time: 1326.0717120170593
Starting label LEVI, seed 88, iteration 1980, time: 1333.6135203838348
Starting label LEVI, seed 88, iteration 1990, time: 1341.0205869674683
submitit INFO (2022-10-02 04:46:31,516) - Job completed successfully
