submitit INFO (2022-10-02 00:17:05,509) - Starting with JobEnvironment(job_id=883191_8, hostname=g2-compute-95.coecis.cornell.edu, local_rank=0(1), node=0(1), global_rank=0(1))
submitit INFO (2022-10-02 00:17:05,509) - Loading pickle: /home/gid-cakmaks/contextual_rs/experiments/wsc_experiments/logs/883191_8/883191_8_submitted.pkl
Starting label LEVI, seed 98, iteration 0, time: 0.00011396408081054688
Starting label LEVI, seed 98, iteration 10, time: 1.9537327289581299
Starting label LEVI, seed 98, iteration 20, time: 3.9360427856445312
Starting label LEVI, seed 98, iteration 30, time: 5.997830629348755
Starting label LEVI, seed 98, iteration 40, time: 7.987253427505493
Starting label LEVI, seed 98, iteration 50, time: 10.045589447021484
Starting label LEVI, seed 98, iteration 60, time: 12.214851140975952
Starting label LEVI, seed 98, iteration 70, time: 14.26404881477356
Starting label LEVI, seed 98, iteration 80, time: 16.316386222839355
Starting label LEVI, seed 98, iteration 90, time: 18.395132780075073
Starting label LEVI, seed 98, iteration 100, time: 20.520084381103516
Starting label LEVI, seed 98, iteration 110, time: 22.60366129875183
Starting label LEVI, seed 98, iteration 120, time: 24.7718448638916
Starting label LEVI, seed 98, iteration 130, time: 26.914804458618164
Starting label LEVI, seed 98, iteration 140, time: 29.153169631958008
Starting label LEVI, seed 98, iteration 150, time: 31.234729051589966
Starting label LEVI, seed 98, iteration 160, time: 33.29277729988098
Starting label LEVI, seed 98, iteration 170, time: 35.365532636642456
Starting label LEVI, seed 98, iteration 180, time: 37.779738664627075
Starting label LEVI, seed 98, iteration 190, time: 39.91462445259094
Starting label LEVI, seed 98, iteration 200, time: 42.040404081344604
Starting label LEVI, seed 98, iteration 210, time: 44.210633277893066
Starting label LEVI, seed 98, iteration 220, time: 46.47167110443115
Starting label LEVI, seed 98, iteration 230, time: 48.64067792892456
Starting label LEVI, seed 98, iteration 240, time: 50.846126317977905
Starting label LEVI, seed 98, iteration 250, time: 53.02970790863037
Starting label LEVI, seed 98, iteration 260, time: 55.264912605285645
Starting label LEVI, seed 98, iteration 270, time: 57.52421307563782
Starting label LEVI, seed 98, iteration 280, time: 59.77602434158325
Starting label LEVI, seed 98, iteration 290, time: 62.01188850402832
Starting label LEVI, seed 98, iteration 300, time: 64.26248407363892
Starting label LEVI, seed 98, iteration 310, time: 66.61938619613647
Starting label LEVI, seed 98, iteration 320, time: 68.9045877456665
Starting label LEVI, seed 98, iteration 330, time: 71.16272497177124
Starting label LEVI, seed 98, iteration 340, time: 73.48634386062622
Starting label LEVI, seed 98, iteration 350, time: 75.73133444786072
Starting label LEVI, seed 98, iteration 360, time: 78.00487089157104
Starting label LEVI, seed 98, iteration 370, time: 80.26546597480774
Starting label LEVI, seed 98, iteration 380, time: 82.53684782981873
Starting label LEVI, seed 98, iteration 390, time: 84.96957349777222
Starting label LEVI, seed 98, iteration 400, time: 87.32852077484131
Starting label LEVI, seed 98, iteration 410, time: 89.62251305580139
Starting label LEVI, seed 98, iteration 420, time: 92.06110167503357
Starting label LEVI, seed 98, iteration 430, time: 94.47239923477173
Starting label LEVI, seed 98, iteration 440, time: 96.85357570648193
Starting label LEVI, seed 98, iteration 450, time: 99.27121329307556
Starting label LEVI, seed 98, iteration 460, time: 101.64439058303833
Starting label LEVI, seed 98, iteration 470, time: 104.18603539466858
Starting label LEVI, seed 98, iteration 480, time: 106.64561724662781
Starting label LEVI, seed 98, iteration 490, time: 109.1427481174469
Starting label LEVI, seed 98, iteration 500, time: 111.58949613571167
Starting label LEVI, seed 98, iteration 510, time: 114.0411536693573
Starting label LEVI, seed 98, iteration 520, time: 116.54255270957947
Starting label LEVI, seed 98, iteration 530, time: 119.02079558372498
Starting label LEVI, seed 98, iteration 540, time: 121.62219667434692
Starting label LEVI, seed 98, iteration 550, time: 124.26761078834534
Starting label LEVI, seed 98, iteration 560, time: 126.94865250587463
Starting label LEVI, seed 98, iteration 570, time: 129.5367796421051
Starting label LEVI, seed 98, iteration 580, time: 132.02392601966858
Starting label LEVI, seed 98, iteration 590, time: 134.56276679039001
Starting label LEVI, seed 98, iteration 600, time: 137.11767625808716
Starting label LEVI, seed 98, iteration 610, time: 139.66556549072266
Starting label LEVI, seed 98, iteration 620, time: 142.37617659568787
Starting label LEVI, seed 98, iteration 630, time: 144.88472962379456
Starting label LEVI, seed 98, iteration 640, time: 147.63099455833435
Starting label LEVI, seed 98, iteration 650, time: 150.22969317436218
Starting label LEVI, seed 98, iteration 660, time: 152.91981959342957
Starting label LEVI, seed 98, iteration 670, time: 155.50551795959473
Starting label LEVI, seed 98, iteration 680, time: 158.11250686645508
Starting label LEVI, seed 98, iteration 690, time: 160.76155400276184
Starting label LEVI, seed 98, iteration 700, time: 163.40545654296875
Starting label LEVI, seed 98, iteration 710, time: 165.99290943145752
Starting label LEVI, seed 98, iteration 720, time: 168.71768736839294
Starting label LEVI, seed 98, iteration 730, time: 171.53183960914612
Starting label LEVI, seed 98, iteration 740, time: 174.25082349777222
Starting label LEVI, seed 98, iteration 750, time: 176.96537518501282
Starting label LEVI, seed 98, iteration 760, time: 179.76700520515442
Starting label LEVI, seed 98, iteration 770, time: 182.6552062034607
Starting label LEVI, seed 98, iteration 780, time: 185.66446113586426
Starting label LEVI, seed 98, iteration 790, time: 188.74274253845215
Starting label LEVI, seed 98, iteration 800, time: 191.6681525707245
Starting label LEVI, seed 98, iteration 810, time: 194.75995874404907
Starting label LEVI, seed 98, iteration 820, time: 197.96520352363586
Starting label LEVI, seed 98, iteration 830, time: 201.10016584396362
Starting label LEVI, seed 98, iteration 840, time: 204.22918677330017
Starting label LEVI, seed 98, iteration 850, time: 207.22485899925232
Starting label LEVI, seed 98, iteration 860, time: 210.30784964561462
Starting label LEVI, seed 98, iteration 870, time: 213.6174442768097
Starting label LEVI, seed 98, iteration 880, time: 216.8772792816162
Starting label LEVI, seed 98, iteration 890, time: 220.2673122882843
Starting label LEVI, seed 98, iteration 900, time: 223.53294372558594
Starting label LEVI, seed 98, iteration 910, time: 226.60607242584229
Starting label LEVI, seed 98, iteration 920, time: 229.83025360107422
Starting label LEVI, seed 98, iteration 930, time: 233.1739993095398
Starting label LEVI, seed 98, iteration 940, time: 236.4494435787201
Starting label LEVI, seed 98, iteration 950, time: 239.65805435180664
Starting label LEVI, seed 98, iteration 960, time: 242.94960641860962
Starting label LEVI, seed 98, iteration 970, time: 246.32599663734436
Starting label LEVI, seed 98, iteration 980, time: 249.86887860298157
Starting label LEVI, seed 98, iteration 990, time: 253.2230236530304
Starting label LEVI, seed 98, iteration 1000, time: 256.70226097106934
Starting label LEVI, seed 98, iteration 1010, time: 260.09351921081543
Starting label LEVI, seed 98, iteration 1020, time: 263.58332896232605
Starting label LEVI, seed 98, iteration 1030, time: 267.33036494255066
Starting label LEVI, seed 98, iteration 1040, time: 271.28700518608093
Starting label LEVI, seed 98, iteration 1050, time: 274.9967496395111
Starting label LEVI, seed 98, iteration 1060, time: 278.77457547187805
Starting label LEVI, seed 98, iteration 1070, time: 282.49786901474
Starting label LEVI, seed 98, iteration 1080, time: 286.39750266075134
Starting label LEVI, seed 98, iteration 1090, time: 290.2057647705078
Starting label LEVI, seed 98, iteration 1100, time: 294.23057079315186
Starting label LEVI, seed 98, iteration 1110, time: 298.12181520462036
Starting label LEVI, seed 98, iteration 1120, time: 302.12228655815125
Starting label LEVI, seed 98, iteration 1130, time: 306.031121969223
Starting label LEVI, seed 98, iteration 1140, time: 309.73418617248535
Starting label LEVI, seed 98, iteration 1150, time: 313.55443596839905
Starting label LEVI, seed 98, iteration 1160, time: 317.8571743965149
Starting label LEVI, seed 98, iteration 1170, time: 322.04103446006775
Starting label LEVI, seed 98, iteration 1180, time: 326.2894139289856
Starting label LEVI, seed 98, iteration 1190, time: 330.45151257514954
Starting label LEVI, seed 98, iteration 1200, time: 334.4841983318329
Starting label LEVI, seed 98, iteration 1210, time: 338.5747456550598
Starting label LEVI, seed 98, iteration 1220, time: 343.3970673084259
Starting label LEVI, seed 98, iteration 1230, time: 347.8779239654541
Starting label LEVI, seed 98, iteration 1240, time: 352.70713090896606
Starting label LEVI, seed 98, iteration 1250, time: 357.60250067710876
Starting label LEVI, seed 98, iteration 1260, time: 362.20309710502625
Starting label LEVI, seed 98, iteration 1270, time: 367.0201930999756
Starting label LEVI, seed 98, iteration 1280, time: 371.99462628364563
Starting label LEVI, seed 98, iteration 1290, time: 376.64290857315063
Starting label LEVI, seed 98, iteration 1300, time: 381.0983176231384
Starting label LEVI, seed 98, iteration 1310, time: 385.5471031665802
Starting label LEVI, seed 98, iteration 1320, time: 390.1101760864258
Starting label LEVI, seed 98, iteration 1330, time: 394.73850178718567
Starting label LEVI, seed 98, iteration 1340, time: 400.040634393692
Starting label LEVI, seed 98, iteration 1350, time: 405.0003492832184
Starting label LEVI, seed 98, iteration 1360, time: 409.84604477882385
Starting label LEVI, seed 98, iteration 1370, time: 414.78513169288635
Starting label LEVI, seed 98, iteration 1380, time: 419.76312255859375
Starting label LEVI, seed 98, iteration 1390, time: 425.08685517311096
Starting label LEVI, seed 98, iteration 1400, time: 430.5473108291626
Starting label LEVI, seed 98, iteration 1410, time: 435.6231224536896
Starting label LEVI, seed 98, iteration 1420, time: 440.74549651145935
Starting label LEVI, seed 98, iteration 1430, time: 445.9428312778473
Starting label LEVI, seed 98, iteration 1440, time: 451.2763888835907
Starting label LEVI, seed 98, iteration 1450, time: 456.4781095981598
Starting label LEVI, seed 98, iteration 1460, time: 461.8241968154907
Starting label LEVI, seed 98, iteration 1470, time: 467.1226444244385
Starting label LEVI, seed 98, iteration 1480, time: 472.440242767334
Starting label LEVI, seed 98, iteration 1490, time: 478.0231125354767
Starting label LEVI, seed 98, iteration 1500, time: 483.5295259952545
Starting label LEVI, seed 98, iteration 1510, time: 489.4616222381592
Starting label LEVI, seed 98, iteration 1520, time: 495.35776114463806
Starting label LEVI, seed 98, iteration 1530, time: 500.8383150100708
Starting label LEVI, seed 98, iteration 1540, time: 506.2322735786438
Starting label LEVI, seed 98, iteration 1550, time: 511.8586814403534
Starting label LEVI, seed 98, iteration 1560, time: 517.4545755386353
Starting label LEVI, seed 98, iteration 1570, time: 523.1325659751892
Starting label LEVI, seed 98, iteration 1580, time: 529.1441717147827
Starting label LEVI, seed 98, iteration 1590, time: 535.5032591819763
Starting label LEVI, seed 98, iteration 1600, time: 541.5170838832855
Starting label LEVI, seed 98, iteration 1610, time: 547.6876609325409
Starting label LEVI, seed 98, iteration 1620, time: 554.9760904312134
Starting label LEVI, seed 98, iteration 1630, time: 561.6928482055664
Starting label LEVI, seed 98, iteration 1640, time: 568.1959102153778
Starting label LEVI, seed 98, iteration 1650, time: 575.453430891037
Starting label LEVI, seed 98, iteration 1660, time: 581.9179832935333
Starting label LEVI, seed 98, iteration 1670, time: 588.0509321689606
Starting label LEVI, seed 98, iteration 1680, time: 594.293842792511
Starting label LEVI, seed 98, iteration 1690, time: 600.8453195095062
Starting label LEVI, seed 98, iteration 1700, time: 607.2104601860046
Starting label LEVI, seed 98, iteration 1710, time: 613.7640166282654
Starting label LEVI, seed 98, iteration 1720, time: 619.9789049625397
Starting label LEVI, seed 98, iteration 1730, time: 625.9972710609436
Starting label LEVI, seed 98, iteration 1740, time: 631.8425512313843
Starting label LEVI, seed 98, iteration 1750, time: 637.5899753570557
Starting label LEVI, seed 98, iteration 1760, time: 643.2865929603577
Starting label LEVI, seed 98, iteration 1770, time: 648.625495672226
Starting label LEVI, seed 98, iteration 1780, time: 654.0797746181488
Starting label LEVI, seed 98, iteration 1790, time: 660.054098367691
Starting label LEVI, seed 98, iteration 1800, time: 665.7104766368866
Starting label LEVI, seed 98, iteration 1810, time: 671.2492282390594
Starting label LEVI, seed 98, iteration 1820, time: 677.0827460289001
Starting label LEVI, seed 98, iteration 1830, time: 683.1570060253143
Starting label LEVI, seed 98, iteration 1840, time: 688.9261486530304
Starting label LEVI, seed 98, iteration 1850, time: 695.037290096283
Starting label LEVI, seed 98, iteration 1860, time: 700.8509156703949
Starting label LEVI, seed 98, iteration 1870, time: 706.6011297702789
Starting label LEVI, seed 98, iteration 1880, time: 712.5571405887604
Starting label LEVI, seed 98, iteration 1890, time: 718.4258258342743
submitit WARNING (2022-10-02 00:29:08,104) - Bypassing signal SIGCONT
submitit WARNING (2022-10-02 00:29:08,123) - Bypassing signal SIGTERM
Starting label LEVI, seed 98, iteration 1900, time: 724.2746150493622
Starting label LEVI, seed 98, iteration 1910, time: 730.2892255783081
Starting label LEVI, seed 98, iteration 1920, time: 736.4095373153687
Starting label LEVI, seed 98, iteration 1930, time: 742.7167131900787
Starting label LEVI, seed 98, iteration 1940, time: 748.8987255096436
