submitit INFO (2022-10-02 13:26:32,274) - Starting with JobEnvironment(job_id=884521_6, hostname=joachims-compute-02.cs.cornell.edu, local_rank=0(1), node=0(1), global_rank=0(1))
submitit INFO (2022-10-02 13:26:32,274) - Loading pickle: /home/gid-cakmaks/contextual_rs/experiments/wsc_experiments/logs/884521_6/884521_6_submitted.pkl
Appending iterations to existing output!Warning: If parameters other than `iterations` have been changed, this will corrupt the output!
Starting label LEVI, seed 6, iteration 620, time: 340.3384168148041
Starting label LEVI, seed 6, iteration 630, time: 346.7913043498993
Starting label LEVI, seed 6, iteration 640, time: 353.19563913345337
Starting label LEVI, seed 6, iteration 650, time: 359.6365933418274
Starting label LEVI, seed 6, iteration 660, time: 366.1624639034271
Starting label LEVI, seed 6, iteration 670, time: 373.35964918136597
Starting label LEVI, seed 6, iteration 680, time: 380.69718408584595
Starting label LEVI, seed 6, iteration 690, time: 387.8465061187744
Starting label LEVI, seed 6, iteration 700, time: 395.4000256061554
Starting label LEVI, seed 6, iteration 710, time: 402.1314911842346
Starting label LEVI, seed 6, iteration 720, time: 408.86833572387695
Starting label LEVI, seed 6, iteration 730, time: 416.0402250289917
Starting label LEVI, seed 6, iteration 740, time: 423.25075221061707
Starting label LEVI, seed 6, iteration 750, time: 430.5445771217346
Starting label LEVI, seed 6, iteration 760, time: 437.67028284072876
Starting label LEVI, seed 6, iteration 770, time: 445.04067277908325
Starting label LEVI, seed 6, iteration 780, time: 452.201758146286
Starting label LEVI, seed 6, iteration 790, time: 459.39021277427673
Starting label LEVI, seed 6, iteration 800, time: 466.71234035491943
Starting label LEVI, seed 6, iteration 810, time: 473.8211944103241
Starting label LEVI, seed 6, iteration 820, time: 481.1656458377838
Starting label LEVI, seed 6, iteration 830, time: 488.4490497112274
Starting label LEVI, seed 6, iteration 840, time: 495.7700924873352
Starting label LEVI, seed 6, iteration 850, time: 503.26046872138977
Starting label LEVI, seed 6, iteration 860, time: 510.7362697124481
Starting label LEVI, seed 6, iteration 870, time: 518.1799018383026
Starting label LEVI, seed 6, iteration 880, time: 525.7082440853119
Starting label LEVI, seed 6, iteration 890, time: 533.0753037929535
Starting label LEVI, seed 6, iteration 900, time: 540.5472428798676
Starting label LEVI, seed 6, iteration 910, time: 548.1435523033142
Starting label LEVI, seed 6, iteration 920, time: 555.761536359787
Starting label LEVI, seed 6, iteration 930, time: 563.5366489887238
Starting label LEVI, seed 6, iteration 940, time: 571.1135821342468
Starting label LEVI, seed 6, iteration 950, time: 578.7061748504639
Starting label LEVI, seed 6, iteration 960, time: 586.1491777896881
Starting label LEVI, seed 6, iteration 970, time: 593.5874679088593
Starting label LEVI, seed 6, iteration 980, time: 601.2523658275604
Starting label LEVI, seed 6, iteration 990, time: 608.8398435115814
Starting label LEVI, seed 6, iteration 1000, time: 616.401871919632
Starting label LEVI, seed 6, iteration 1010, time: 624.0453104972839
Starting label LEVI, seed 6, iteration 1020, time: 631.7881765365601
Starting label LEVI, seed 6, iteration 1030, time: 639.5534887313843
Starting label LEVI, seed 6, iteration 1040, time: 647.2122640609741
Starting label LEVI, seed 6, iteration 1050, time: 654.9749739170074
Starting label LEVI, seed 6, iteration 1060, time: 663.0683388710022
Starting label LEVI, seed 6, iteration 1070, time: 671.1948726177216
Starting label LEVI, seed 6, iteration 1080, time: 679.225748538971
Starting label LEVI, seed 6, iteration 1090, time: 687.4681203365326
Starting label LEVI, seed 6, iteration 1100, time: 695.9975888729095
Starting label LEVI, seed 6, iteration 1110, time: 704.08660197258
Starting label LEVI, seed 6, iteration 1120, time: 712.2377796173096
Starting label LEVI, seed 6, iteration 1130, time: 720.7432076931
Starting label LEVI, seed 6, iteration 1140, time: 729.135411977768
Starting label LEVI, seed 6, iteration 1150, time: 737.0420978069305
Starting label LEVI, seed 6, iteration 1160, time: 745.1377465724945
Starting label LEVI, seed 6, iteration 1170, time: 753.311488866806
Starting label LEVI, seed 6, iteration 1180, time: 761.4401431083679
Starting label LEVI, seed 6, iteration 1190, time: 769.7069351673126
Starting label LEVI, seed 6, iteration 1200, time: 778.1525475978851
Starting label LEVI, seed 6, iteration 1210, time: 786.5854539871216
Starting label LEVI, seed 6, iteration 1220, time: 794.9547045230865
Starting label LEVI, seed 6, iteration 1230, time: 803.3405954837799
Starting label LEVI, seed 6, iteration 1240, time: 811.8912677764893
Starting label LEVI, seed 6, iteration 1250, time: 819.5705745220184
Starting label LEVI, seed 6, iteration 1260, time: 827.8149201869965
Starting label LEVI, seed 6, iteration 1270, time: 836.4640934467316
Starting label LEVI, seed 6, iteration 1280, time: 845.0076384544373
Starting label LEVI, seed 6, iteration 1290, time: 853.337584733963
Starting label LEVI, seed 6, iteration 1300, time: 861.7215960025787
Starting label LEVI, seed 6, iteration 1310, time: 870.4081194400787
Starting label LEVI, seed 6, iteration 1320, time: 879.2817749977112
Starting label LEVI, seed 6, iteration 1330, time: 887.8498387336731
Starting label LEVI, seed 6, iteration 1340, time: 896.944130897522
Starting label LEVI, seed 6, iteration 1350, time: 905.8692824840546
Starting label LEVI, seed 6, iteration 1360, time: 914.6320583820343
Starting label LEVI, seed 6, iteration 1370, time: 923.4453871250153
Starting label LEVI, seed 6, iteration 1380, time: 932.044531583786
Starting label LEVI, seed 6, iteration 1390, time: 940.954549074173
Starting label LEVI, seed 6, iteration 1400, time: 949.3642153739929
Starting label LEVI, seed 6, iteration 1410, time: 958.1655933856964
Starting label LEVI, seed 6, iteration 1420, time: 966.9481019973755
Starting label LEVI, seed 6, iteration 1430, time: 975.8517088890076
Starting label LEVI, seed 6, iteration 1440, time: 984.8357586860657
Starting label LEVI, seed 6, iteration 1450, time: 994.031359910965
Starting label LEVI, seed 6, iteration 1460, time: 1003.5026164054871
Starting label LEVI, seed 6, iteration 1470, time: 1013.1504924297333
Starting label LEVI, seed 6, iteration 1480, time: 1022.5794036388397
Starting label LEVI, seed 6, iteration 1490, time: 1031.8257393836975
Starting label LEVI, seed 6, iteration 1500, time: 1042.0138013362885
Starting label LEVI, seed 6, iteration 1510, time: 1051.7307620048523
Starting label LEVI, seed 6, iteration 1520, time: 1060.881092786789
Starting label LEVI, seed 6, iteration 1530, time: 1070.0421097278595
Starting label LEVI, seed 6, iteration 1540, time: 1079.584119796753
Starting label LEVI, seed 6, iteration 1550, time: 1089.2155086994171
Starting label LEVI, seed 6, iteration 1560, time: 1097.9407937526703
Starting label LEVI, seed 6, iteration 1570, time: 1108.2836349010468
Starting label LEVI, seed 6, iteration 1580, time: 1118.3742418289185
Starting label LEVI, seed 6, iteration 1590, time: 1128.1830270290375
Starting label LEVI, seed 6, iteration 1600, time: 1137.088708639145
Starting label LEVI, seed 6, iteration 1610, time: 1146.2955548763275
Starting label LEVI, seed 6, iteration 1620, time: 1155.3722438812256
Starting label LEVI, seed 6, iteration 1630, time: 1164.637048482895
Starting label LEVI, seed 6, iteration 1640, time: 1174.2549107074738
Starting label LEVI, seed 6, iteration 1650, time: 1183.9614217281342
Starting label LEVI, seed 6, iteration 1660, time: 1193.8385779857635
Starting label LEVI, seed 6, iteration 1670, time: 1203.80610537529
Starting label LEVI, seed 6, iteration 1680, time: 1214.526046514511
Starting label LEVI, seed 6, iteration 1690, time: 1224.9666516780853
Starting label LEVI, seed 6, iteration 1700, time: 1236.0893149375916
Starting label LEVI, seed 6, iteration 1710, time: 1247.0400669574738
Starting label LEVI, seed 6, iteration 1720, time: 1257.4081313610077
Starting label LEVI, seed 6, iteration 1730, time: 1268.1007673740387
Starting label LEVI, seed 6, iteration 1740, time: 1278.506472826004
Starting label LEVI, seed 6, iteration 1750, time: 1289.3100628852844
Starting label LEVI, seed 6, iteration 1760, time: 1300.4673726558685
Starting label LEVI, seed 6, iteration 1770, time: 1311.0552525520325
Starting label LEVI, seed 6, iteration 1780, time: 1321.5128436088562
Starting label LEVI, seed 6, iteration 1790, time: 1332.0862936973572
Starting label LEVI, seed 6, iteration 1800, time: 1343.1503176689148
Starting label LEVI, seed 6, iteration 1810, time: 1352.7665734291077
Starting label LEVI, seed 6, iteration 1820, time: 1362.6613087654114
Starting label LEVI, seed 6, iteration 1830, time: 1373.258709192276
Starting label LEVI, seed 6, iteration 1840, time: 1384.871720790863
Starting label LEVI, seed 6, iteration 1850, time: 1396.0331048965454
Starting label LEVI, seed 6, iteration 1860, time: 1408.0348162651062
Starting label LEVI, seed 6, iteration 1870, time: 1419.495932340622
Starting label LEVI, seed 6, iteration 1880, time: 1431.1643950939178
Starting label LEVI, seed 6, iteration 1890, time: 1443.0017411708832
Starting label LEVI, seed 6, iteration 1900, time: 1454.6803364753723
Starting label LEVI, seed 6, iteration 1910, time: 1466.8849205970764
Starting label LEVI, seed 6, iteration 1920, time: 1478.0844326019287
Starting label LEVI, seed 6, iteration 1930, time: 1489.622698545456
Starting label LEVI, seed 6, iteration 1940, time: 1500.9543499946594
Starting label LEVI, seed 6, iteration 1950, time: 1512.4985437393188
Starting label LEVI, seed 6, iteration 1960, time: 1524.2807967662811
Starting label LEVI, seed 6, iteration 1970, time: 1536.944179534912
Starting label LEVI, seed 6, iteration 1980, time: 1548.9606955051422
Starting label LEVI, seed 6, iteration 1990, time: 1561.7568204402924
submitit INFO (2022-10-02 13:47:08,291) - Job completed successfully
