submitit INFO (2022-10-02 00:29:42,472) - Starting with JobEnvironment(job_id=883252_2, hostname=sablab-gpu-02.ece.cornell.edu, local_rank=0(1), node=0(1), global_rank=0(1))
submitit INFO (2022-10-02 00:29:42,472) - Loading pickle: /home/gid-cakmaks/contextual_rs/experiments/wsc_experiments/logs/883252_2/883252_2_submitted.pkl
Starting label LEVI, seed 22, iteration 0, time: 0.0009186267852783203
Starting label LEVI, seed 22, iteration 10, time: 2.8815534114837646
Starting label LEVI, seed 22, iteration 20, time: 5.779124975204468
Starting label LEVI, seed 22, iteration 30, time: 8.672976732254028
Starting label LEVI, seed 22, iteration 40, time: 11.492323637008667
Starting label LEVI, seed 22, iteration 50, time: 14.316492795944214
Starting label LEVI, seed 22, iteration 60, time: 17.22025465965271
Starting label LEVI, seed 22, iteration 70, time: 20.235533952713013
Starting label LEVI, seed 22, iteration 80, time: 23.234041452407837
Starting label LEVI, seed 22, iteration 90, time: 26.193167209625244
Starting label LEVI, seed 22, iteration 100, time: 29.20370388031006
Starting label LEVI, seed 22, iteration 110, time: 32.16695594787598
Starting label LEVI, seed 22, iteration 120, time: 35.12898588180542
Starting label LEVI, seed 22, iteration 130, time: 38.09513068199158
Starting label LEVI, seed 22, iteration 140, time: 41.14634466171265
Starting label LEVI, seed 22, iteration 150, time: 44.047027587890625
Starting label LEVI, seed 22, iteration 160, time: 46.96608114242554
Starting label LEVI, seed 22, iteration 170, time: 50.018919944763184
Starting label LEVI, seed 22, iteration 180, time: 52.97271180152893
Starting label LEVI, seed 22, iteration 190, time: 56.036787271499634
Starting label LEVI, seed 22, iteration 200, time: 59.038538217544556
Starting label LEVI, seed 22, iteration 210, time: 62.07451510429382
Starting label LEVI, seed 22, iteration 220, time: 65.21997570991516
Starting label LEVI, seed 22, iteration 230, time: 68.23243021965027
Starting label LEVI, seed 22, iteration 240, time: 71.2913122177124
Starting label LEVI, seed 22, iteration 250, time: 74.42270231246948
Starting label LEVI, seed 22, iteration 260, time: 77.53107023239136
Starting label LEVI, seed 22, iteration 270, time: 80.61147046089172
Starting label LEVI, seed 22, iteration 280, time: 83.69834613800049
Starting label LEVI, seed 22, iteration 290, time: 86.7879786491394
Starting label LEVI, seed 22, iteration 300, time: 89.84760022163391
Starting label LEVI, seed 22, iteration 310, time: 92.99157977104187
Starting label LEVI, seed 22, iteration 320, time: 96.1708676815033
Starting label LEVI, seed 22, iteration 330, time: 99.31699061393738
Starting label LEVI, seed 22, iteration 340, time: 102.36764025688171
Starting label LEVI, seed 22, iteration 350, time: 105.44280791282654
Starting label LEVI, seed 22, iteration 360, time: 108.68869853019714
Starting label LEVI, seed 22, iteration 370, time: 111.96236944198608
Starting label LEVI, seed 22, iteration 380, time: 115.09883260726929
Starting label LEVI, seed 22, iteration 390, time: 118.28386521339417
Starting label LEVI, seed 22, iteration 400, time: 121.57214307785034
Starting label LEVI, seed 22, iteration 410, time: 124.76032280921936
Starting label LEVI, seed 22, iteration 420, time: 127.90184140205383
Starting label LEVI, seed 22, iteration 430, time: 131.16573476791382
Starting label LEVI, seed 22, iteration 440, time: 134.49747228622437
Starting label LEVI, seed 22, iteration 450, time: 137.8757095336914
Starting label LEVI, seed 22, iteration 460, time: 141.25732731819153
Starting label LEVI, seed 22, iteration 470, time: 144.84387612342834
Starting label LEVI, seed 22, iteration 480, time: 148.24034023284912
Starting label LEVI, seed 22, iteration 490, time: 151.55834889411926
Starting label LEVI, seed 22, iteration 500, time: 155.0295810699463
Starting label LEVI, seed 22, iteration 510, time: 158.41512155532837
Starting label LEVI, seed 22, iteration 520, time: 161.78521418571472
Starting label LEVI, seed 22, iteration 530, time: 165.1807427406311
Starting label LEVI, seed 22, iteration 540, time: 168.81152534484863
Starting label LEVI, seed 22, iteration 550, time: 172.43010878562927
Starting label LEVI, seed 22, iteration 560, time: 176.19524335861206
Starting label LEVI, seed 22, iteration 570, time: 179.97866225242615
Starting label LEVI, seed 22, iteration 580, time: 183.7825050354004
Starting label LEVI, seed 22, iteration 590, time: 187.52358675003052
Starting label LEVI, seed 22, iteration 600, time: 191.25079107284546
Starting label LEVI, seed 22, iteration 610, time: 195.09752869606018
Starting label LEVI, seed 22, iteration 620, time: 199.14611315727234
Starting label LEVI, seed 22, iteration 630, time: 203.31772780418396
Starting label LEVI, seed 22, iteration 640, time: 207.43995332717896
Starting label LEVI, seed 22, iteration 650, time: 211.69890236854553
Starting label LEVI, seed 22, iteration 660, time: 216.01388430595398
Starting label LEVI, seed 22, iteration 670, time: 220.5553069114685
Starting label LEVI, seed 22, iteration 680, time: 225.14366221427917
Starting label LEVI, seed 22, iteration 690, time: 229.36524319648743
Starting label LEVI, seed 22, iteration 700, time: 233.55120635032654
Starting label LEVI, seed 22, iteration 710, time: 238.00652027130127
Starting label LEVI, seed 22, iteration 720, time: 242.08196830749512
Starting label LEVI, seed 22, iteration 730, time: 246.5942771434784
Starting label LEVI, seed 22, iteration 740, time: 251.17540907859802
Starting label LEVI, seed 22, iteration 750, time: 255.95132398605347
Starting label LEVI, seed 22, iteration 760, time: 260.63045263290405
Starting label LEVI, seed 22, iteration 770, time: 265.589230298996
Starting label LEVI, seed 22, iteration 780, time: 270.7214906215668
Starting label LEVI, seed 22, iteration 790, time: 275.9172840118408
Starting label LEVI, seed 22, iteration 800, time: 280.6743483543396
Starting label LEVI, seed 22, iteration 810, time: 285.64500880241394
Starting label LEVI, seed 22, iteration 820, time: 290.6823847293854
Starting label LEVI, seed 22, iteration 830, time: 295.2543077468872
Starting label LEVI, seed 22, iteration 840, time: 300.3522653579712
Starting label LEVI, seed 22, iteration 850, time: 305.99878668785095
Starting label LEVI, seed 22, iteration 860, time: 310.71225786209106
Starting label LEVI, seed 22, iteration 870, time: 315.7953898906708
Starting label LEVI, seed 22, iteration 880, time: 321.4278552532196
Starting label LEVI, seed 22, iteration 890, time: 327.1864478588104
Starting label LEVI, seed 22, iteration 900, time: 333.28963112831116
Starting label LEVI, seed 22, iteration 910, time: 339.29829835891724
Starting label LEVI, seed 22, iteration 920, time: 344.9998474121094
Starting label LEVI, seed 22, iteration 930, time: 351.2887713909149
Starting label LEVI, seed 22, iteration 940, time: 356.3215878009796
Starting label LEVI, seed 22, iteration 950, time: 362.4721508026123
Starting label LEVI, seed 22, iteration 960, time: 368.81498742103577
Starting label LEVI, seed 22, iteration 970, time: 374.6042478084564
Starting label LEVI, seed 22, iteration 980, time: 380.89080238342285
Starting label LEVI, seed 22, iteration 990, time: 387.30675172805786
Starting label LEVI, seed 22, iteration 1000, time: 393.38618779182434
Starting label LEVI, seed 22, iteration 1010, time: 399.9466769695282
Starting label LEVI, seed 22, iteration 1020, time: 406.73699593544006
Starting label LEVI, seed 22, iteration 1030, time: 413.14799547195435
Starting label LEVI, seed 22, iteration 1040, time: 420.1753168106079
Starting label LEVI, seed 22, iteration 1050, time: 425.90443110466003
Starting label LEVI, seed 22, iteration 1060, time: 432.25950860977173
Starting label LEVI, seed 22, iteration 1070, time: 438.548211812973
Starting label LEVI, seed 22, iteration 1080, time: 445.34183502197266
Starting label LEVI, seed 22, iteration 1090, time: 451.61053371429443
Starting label LEVI, seed 22, iteration 1100, time: 458.61806988716125
Starting label LEVI, seed 22, iteration 1110, time: 466.08839297294617
Starting label LEVI, seed 22, iteration 1120, time: 473.68333435058594
Starting label LEVI, seed 22, iteration 1130, time: 481.5109839439392
Starting label LEVI, seed 22, iteration 1140, time: 488.8511016368866
Starting label LEVI, seed 22, iteration 1150, time: 496.33292412757874
Starting label LEVI, seed 22, iteration 1160, time: 504.1112678050995
Starting label LEVI, seed 22, iteration 1170, time: 511.4148952960968
Starting label LEVI, seed 22, iteration 1180, time: 519.6453421115875
Starting label LEVI, seed 22, iteration 1190, time: 527.8637692928314
Starting label LEVI, seed 22, iteration 1200, time: 535.2878847122192
Starting label LEVI, seed 22, iteration 1210, time: 544.0521457195282
Starting label LEVI, seed 22, iteration 1220, time: 551.47225522995
Starting label LEVI, seed 22, iteration 1230, time: 560.5727787017822
Starting label LEVI, seed 22, iteration 1240, time: 570.0306642055511
Starting label LEVI, seed 22, iteration 1250, time: 577.7616455554962
Starting label LEVI, seed 22, iteration 1260, time: 585.4371342658997
Starting label LEVI, seed 22, iteration 1270, time: 594.6583616733551
Starting label LEVI, seed 22, iteration 1280, time: 602.8323073387146
Starting label LEVI, seed 22, iteration 1290, time: 610.7547783851624
Starting label LEVI, seed 22, iteration 1300, time: 621.0109307765961
Starting label LEVI, seed 22, iteration 1310, time: 629.5027892589569
Starting label LEVI, seed 22, iteration 1320, time: 638.3319516181946
Starting label LEVI, seed 22, iteration 1330, time: 646.8805449008942
Starting label LEVI, seed 22, iteration 1340, time: 657.6560945510864
Starting label LEVI, seed 22, iteration 1350, time: 666.4868297576904
Starting label LEVI, seed 22, iteration 1360, time: 678.454692363739
Starting label LEVI, seed 22, iteration 1370, time: 689.8215773105621
Starting label LEVI, seed 22, iteration 1380, time: 701.156245470047
Starting label LEVI, seed 22, iteration 1390, time: 712.3652091026306
Starting label LEVI, seed 22, iteration 1400, time: 722.7263464927673
Starting label LEVI, seed 22, iteration 1410, time: 732.8183290958405
Starting label LEVI, seed 22, iteration 1420, time: 745.407354593277
Starting label LEVI, seed 22, iteration 1430, time: 758.8883037567139
Starting label LEVI, seed 22, iteration 1440, time: 771.3421945571899
Starting label LEVI, seed 22, iteration 1450, time: 784.1015348434448
Starting label LEVI, seed 22, iteration 1460, time: 798.1827099323273
Starting label LEVI, seed 22, iteration 1470, time: 812.556202173233
Starting label LEVI, seed 22, iteration 1480, time: 825.5050964355469
Starting label LEVI, seed 22, iteration 1490, time: 838.971631526947
Starting label LEVI, seed 22, iteration 1500, time: 852.6000790596008
Starting label LEVI, seed 22, iteration 1510, time: 866.9783363342285
Starting label LEVI, seed 22, iteration 1520, time: 882.15016746521
Starting label LEVI, seed 22, iteration 1530, time: 897.172324180603
Starting label LEVI, seed 22, iteration 1540, time: 911.6499857902527
Starting label LEVI, seed 22, iteration 1550, time: 927.6552579402924
Starting label LEVI, seed 22, iteration 1560, time: 941.3843698501587
Starting label LEVI, seed 22, iteration 1570, time: 957.6375486850739
Starting label LEVI, seed 22, iteration 1580, time: 972.7962141036987
Starting label LEVI, seed 22, iteration 1590, time: 988.963143825531
Starting label LEVI, seed 22, iteration 1600, time: 1005.2905550003052
Starting label LEVI, seed 22, iteration 1610, time: 1020.8107116222382
Starting label LEVI, seed 22, iteration 1620, time: 1036.5111856460571
Starting label LEVI, seed 22, iteration 1630, time: 1051.6047015190125
Starting label LEVI, seed 22, iteration 1640, time: 1068.5331370830536
Starting label LEVI, seed 22, iteration 1650, time: 1083.1562428474426
Starting label LEVI, seed 22, iteration 1660, time: 1098.0223948955536
Starting label LEVI, seed 22, iteration 1670, time: 1116.501885175705
Starting label LEVI, seed 22, iteration 1680, time: 1133.5185832977295
Starting label LEVI, seed 22, iteration 1690, time: 1152.6628510951996
Starting label LEVI, seed 22, iteration 1700, time: 1170.4434022903442
Starting label LEVI, seed 22, iteration 1710, time: 1188.1523687839508
Starting label LEVI, seed 22, iteration 1720, time: 1205.1164348125458
Starting label LEVI, seed 22, iteration 1730, time: 1223.791092634201
Starting label LEVI, seed 22, iteration 1740, time: 1243.3866693973541
Starting label LEVI, seed 22, iteration 1750, time: 1259.4531457424164
Starting label LEVI, seed 22, iteration 1760, time: 1279.7463104724884
Starting label LEVI, seed 22, iteration 1770, time: 1300.4070401191711
Starting label LEVI, seed 22, iteration 1780, time: 1318.330227136612
Starting label LEVI, seed 22, iteration 1790, time: 1336.3413784503937
Starting label LEVI, seed 22, iteration 1800, time: 1357.7858924865723
Starting label LEVI, seed 22, iteration 1810, time: 1379.3751993179321
Starting label LEVI, seed 22, iteration 1820, time: 1400.551728963852
Starting label LEVI, seed 22, iteration 1830, time: 1417.505858182907
Starting label LEVI, seed 22, iteration 1840, time: 1440.1033124923706
Starting label LEVI, seed 22, iteration 1850, time: 1461.442430973053
Starting label LEVI, seed 22, iteration 1860, time: 1484.4632301330566
Starting label LEVI, seed 22, iteration 1870, time: 1507.3087964057922
Starting label LEVI, seed 22, iteration 1880, time: 1531.9567277431488
Starting label LEVI, seed 22, iteration 1890, time: 1557.056694984436
submitit WARNING (2022-10-02 00:55:52,032) - Bypassing signal SIGCONT
submitit WARNING (2022-10-02 00:55:52,300) - Bypassing signal SIGTERM
Starting label LEVI, seed 22, iteration 1900, time: 1577.5152747631073
