submitit INFO (2022-10-02 01:23:12,886) - Starting with JobEnvironment(job_id=883439_6, hostname=hariharan-compute-02.cs.cornell.edu, local_rank=0(1), node=0(1), global_rank=0(1))
submitit INFO (2022-10-02 01:23:12,886) - Loading pickle: /home/gid-cakmaks/contextual_rs/experiments/wsc_experiments/logs/883439_6/883439_6_submitted.pkl
Starting label LEVI, seed 26, iteration 0, time: 0.0007054805755615234
Starting label LEVI, seed 26, iteration 10, time: 4.475604772567749
Starting label LEVI, seed 26, iteration 20, time: 8.956827402114868
Starting label LEVI, seed 26, iteration 30, time: 13.478078365325928
Starting label LEVI, seed 26, iteration 40, time: 17.80703067779541
Starting label LEVI, seed 26, iteration 50, time: 22.457314014434814
Starting label LEVI, seed 26, iteration 60, time: 27.20089626312256
Starting label LEVI, seed 26, iteration 70, time: 32.07693338394165
Starting label LEVI, seed 26, iteration 80, time: 36.84789991378784
Starting label LEVI, seed 26, iteration 90, time: 41.82079482078552
Starting label LEVI, seed 26, iteration 100, time: 46.77314305305481
Starting label LEVI, seed 26, iteration 110, time: 52.14112615585327
Starting label LEVI, seed 26, iteration 120, time: 57.59428119659424
Starting label LEVI, seed 26, iteration 130, time: 63.09101319313049
Starting label LEVI, seed 26, iteration 140, time: 68.94017148017883
Starting label LEVI, seed 26, iteration 150, time: 74.56088042259216
Starting label LEVI, seed 26, iteration 160, time: 80.36007571220398
Starting label LEVI, seed 26, iteration 170, time: 86.49516773223877
Starting label LEVI, seed 26, iteration 180, time: 92.33296418190002
Starting label LEVI, seed 26, iteration 190, time: 98.34188294410706
Starting label LEVI, seed 26, iteration 200, time: 104.65806770324707
Starting label LEVI, seed 26, iteration 210, time: 110.65399885177612
Starting label LEVI, seed 26, iteration 220, time: 116.76061058044434
Starting label LEVI, seed 26, iteration 230, time: 122.8435914516449
Starting label LEVI, seed 26, iteration 240, time: 129.1416370868683
Starting label LEVI, seed 26, iteration 250, time: 135.48948407173157
Starting label LEVI, seed 26, iteration 260, time: 141.683034658432
Starting label LEVI, seed 26, iteration 270, time: 148.06209063529968
Starting label LEVI, seed 26, iteration 280, time: 154.60602259635925
Starting label LEVI, seed 26, iteration 290, time: 161.2418224811554
Starting label LEVI, seed 26, iteration 300, time: 168.06547713279724
Starting label LEVI, seed 26, iteration 310, time: 174.71062874794006
Starting label LEVI, seed 26, iteration 320, time: 181.33283472061157
Starting label LEVI, seed 26, iteration 330, time: 187.95784616470337
Starting label LEVI, seed 26, iteration 340, time: 194.56239533424377
Starting label LEVI, seed 26, iteration 350, time: 201.16836881637573
Starting label LEVI, seed 26, iteration 360, time: 207.95941042900085
Starting label LEVI, seed 26, iteration 370, time: 214.77637910842896
Starting label LEVI, seed 26, iteration 380, time: 221.68674731254578
Starting label LEVI, seed 26, iteration 390, time: 228.55004382133484
Starting label LEVI, seed 26, iteration 400, time: 235.3386082649231
Starting label LEVI, seed 26, iteration 410, time: 242.15823101997375
Starting label LEVI, seed 26, iteration 420, time: 248.90058016777039
Starting label LEVI, seed 26, iteration 430, time: 255.69014167785645
Starting label LEVI, seed 26, iteration 440, time: 262.40451526641846
Starting label LEVI, seed 26, iteration 450, time: 268.7765386104584
Starting label LEVI, seed 26, iteration 460, time: 275.2983338832855
Starting label LEVI, seed 26, iteration 470, time: 281.7170310020447
Starting label LEVI, seed 26, iteration 480, time: 288.3899817466736
Starting label LEVI, seed 26, iteration 490, time: 294.9007873535156
Starting label LEVI, seed 26, iteration 500, time: 301.36421823501587
Starting label LEVI, seed 26, iteration 510, time: 307.9113075733185
Starting label LEVI, seed 26, iteration 520, time: 314.3390357494354
Starting label LEVI, seed 26, iteration 530, time: 320.7910227775574
Starting label LEVI, seed 26, iteration 540, time: 327.2288918495178
Starting label LEVI, seed 26, iteration 550, time: 333.71152114868164
Starting label LEVI, seed 26, iteration 560, time: 340.2270038127899
Starting label LEVI, seed 26, iteration 570, time: 346.8405957221985
Starting label LEVI, seed 26, iteration 580, time: 353.5982789993286
Starting label LEVI, seed 26, iteration 590, time: 360.467933177948
Starting label LEVI, seed 26, iteration 600, time: 367.31431221961975
Starting label LEVI, seed 26, iteration 610, time: 374.082631111145
Starting label LEVI, seed 26, iteration 620, time: 381.09128642082214
Starting label LEVI, seed 26, iteration 630, time: 388.05325150489807
Starting label LEVI, seed 26, iteration 640, time: 395.1405408382416
Starting label LEVI, seed 26, iteration 650, time: 402.04083490371704
Starting label LEVI, seed 26, iteration 660, time: 408.96935200691223
Starting label LEVI, seed 26, iteration 670, time: 415.8703501224518
Starting label LEVI, seed 26, iteration 680, time: 422.8436200618744
Starting label LEVI, seed 26, iteration 690, time: 429.8166139125824
Starting label LEVI, seed 26, iteration 700, time: 436.69327783584595
Starting label LEVI, seed 26, iteration 710, time: 443.6001696586609
Starting label LEVI, seed 26, iteration 720, time: 450.3490741252899
Starting label LEVI, seed 26, iteration 730, time: 457.3279666900635
Starting label LEVI, seed 26, iteration 740, time: 464.28794598579407
Starting label LEVI, seed 26, iteration 750, time: 471.0741341114044
Starting label LEVI, seed 26, iteration 760, time: 477.77798676490784
Starting label LEVI, seed 26, iteration 770, time: 484.71230459213257
Starting label LEVI, seed 26, iteration 780, time: 491.47554564476013
Starting label LEVI, seed 26, iteration 790, time: 498.12722873687744
Starting label LEVI, seed 26, iteration 800, time: 505.104918718338
Starting label LEVI, seed 26, iteration 810, time: 512.0831036567688
Starting label LEVI, seed 26, iteration 820, time: 519.2336783409119
Starting label LEVI, seed 26, iteration 830, time: 526.2430613040924
Starting label LEVI, seed 26, iteration 840, time: 533.1987690925598
Starting label LEVI, seed 26, iteration 850, time: 540.1825590133667
Starting label LEVI, seed 26, iteration 860, time: 547.1343398094177
Starting label LEVI, seed 26, iteration 870, time: 553.949294090271
Starting label LEVI, seed 26, iteration 880, time: 560.7462413311005
Starting label LEVI, seed 26, iteration 890, time: 567.4173748493195
Starting label LEVI, seed 26, iteration 900, time: 574.3822236061096
Starting label LEVI, seed 26, iteration 910, time: 581.4225063323975
Starting label LEVI, seed 26, iteration 920, time: 588.6269881725311
Starting label LEVI, seed 26, iteration 930, time: 595.809889793396
Starting label LEVI, seed 26, iteration 940, time: 603.151554107666
Starting label LEVI, seed 26, iteration 950, time: 610.3274071216583
Starting label LEVI, seed 26, iteration 960, time: 617.4115085601807
Starting label LEVI, seed 26, iteration 970, time: 624.6513619422913
Starting label LEVI, seed 26, iteration 980, time: 631.8954668045044
Starting label LEVI, seed 26, iteration 990, time: 639.0129840373993
Starting label LEVI, seed 26, iteration 1000, time: 646.4613151550293
Starting label LEVI, seed 26, iteration 1010, time: 653.7579140663147
Starting label LEVI, seed 26, iteration 1020, time: 661.2760677337646
Starting label LEVI, seed 26, iteration 1030, time: 668.6315236091614
Starting label LEVI, seed 26, iteration 1040, time: 675.937887430191
Starting label LEVI, seed 26, iteration 1050, time: 683.0650880336761
Starting label LEVI, seed 26, iteration 1060, time: 690.0741946697235
Starting label LEVI, seed 26, iteration 1070, time: 697.2208187580109
Starting label LEVI, seed 26, iteration 1080, time: 704.5794172286987
Starting label LEVI, seed 26, iteration 1090, time: 711.9522709846497
Starting label LEVI, seed 26, iteration 1100, time: 719.4959418773651
Starting label LEVI, seed 26, iteration 1110, time: 726.8554260730743
Starting label LEVI, seed 26, iteration 1120, time: 734.171688079834
Starting label LEVI, seed 26, iteration 1130, time: 741.8659477233887
Starting label LEVI, seed 26, iteration 1140, time: 749.3173298835754
Starting label LEVI, seed 26, iteration 1150, time: 756.4836354255676
Starting label LEVI, seed 26, iteration 1160, time: 763.3615550994873
Starting label LEVI, seed 26, iteration 1170, time: 770.183331489563
Starting label LEVI, seed 26, iteration 1180, time: 777.2574727535248
Starting label LEVI, seed 26, iteration 1190, time: 784.6203081607819
Starting label LEVI, seed 26, iteration 1200, time: 792.0857014656067
Starting label LEVI, seed 26, iteration 1210, time: 799.9929308891296
Starting label LEVI, seed 26, iteration 1220, time: 807.6844642162323
Starting label LEVI, seed 26, iteration 1230, time: 815.208493232727
Starting label LEVI, seed 26, iteration 1240, time: 822.4590306282043
Starting label LEVI, seed 26, iteration 1250, time: 829.6878387928009
Starting label LEVI, seed 26, iteration 1260, time: 837.922502040863
Starting label LEVI, seed 26, iteration 1270, time: 846.1397607326508
Starting label LEVI, seed 26, iteration 1280, time: 854.187558889389
Starting label LEVI, seed 26, iteration 1290, time: 863.313273191452
Starting label LEVI, seed 26, iteration 1300, time: 871.3333382606506
Starting label LEVI, seed 26, iteration 1310, time: 879.9105880260468
Starting label LEVI, seed 26, iteration 1320, time: 888.5981917381287
Starting label LEVI, seed 26, iteration 1330, time: 896.9351050853729
Starting label LEVI, seed 26, iteration 1340, time: 904.9919893741608
Starting label LEVI, seed 26, iteration 1350, time: 912.9661028385162
Starting label LEVI, seed 26, iteration 1360, time: 920.7259602546692
Starting label LEVI, seed 26, iteration 1370, time: 928.2556722164154
Starting label LEVI, seed 26, iteration 1380, time: 936.5767033100128
Starting label LEVI, seed 26, iteration 1390, time: 944.6514122486115
Starting label LEVI, seed 26, iteration 1400, time: 952.6459958553314
Starting label LEVI, seed 26, iteration 1410, time: 960.5837857723236
Starting label LEVI, seed 26, iteration 1420, time: 968.3379290103912
Starting label LEVI, seed 26, iteration 1430, time: 976.1626358032227
Starting label LEVI, seed 26, iteration 1440, time: 984.156183719635
Starting label LEVI, seed 26, iteration 1450, time: 993.2152779102325
Starting label LEVI, seed 26, iteration 1460, time: 1002.5311753749847
Starting label LEVI, seed 26, iteration 1470, time: 1011.7264502048492
Starting label LEVI, seed 26, iteration 1480, time: 1020.5498869419098
Starting label LEVI, seed 26, iteration 1490, time: 1028.9170053005219
Starting label LEVI, seed 26, iteration 1500, time: 1038.2837028503418
Starting label LEVI, seed 26, iteration 1510, time: 1047.383959531784
Starting label LEVI, seed 26, iteration 1520, time: 1056.8900065422058
Starting label LEVI, seed 26, iteration 1530, time: 1066.4731795787811
Starting label LEVI, seed 26, iteration 1540, time: 1076.8543128967285
Starting label LEVI, seed 26, iteration 1550, time: 1087.0470495224
Starting label LEVI, seed 26, iteration 1560, time: 1097.9544949531555
Starting label LEVI, seed 26, iteration 1570, time: 1109.6127605438232
Starting label LEVI, seed 26, iteration 1580, time: 1120.9208762645721
Starting label LEVI, seed 26, iteration 1590, time: 1131.2819149494171
Starting label LEVI, seed 26, iteration 1600, time: 1143.2709918022156
Starting label LEVI, seed 26, iteration 1610, time: 1154.7383365631104
Starting label LEVI, seed 26, iteration 1620, time: 1168.5631754398346
Starting label LEVI, seed 26, iteration 1630, time: 1182.8757071495056
Starting label LEVI, seed 26, iteration 1640, time: 1197.424959897995
Starting label LEVI, seed 26, iteration 1650, time: 1211.9386129379272
Starting label LEVI, seed 26, iteration 1660, time: 1227.5969848632812
Starting label LEVI, seed 26, iteration 1670, time: 1244.9472544193268
Starting label LEVI, seed 26, iteration 1680, time: 1259.5395407676697
Starting label LEVI, seed 26, iteration 1690, time: 1272.252465724945
Starting label LEVI, seed 26, iteration 1700, time: 1286.1033895015717
Starting label LEVI, seed 26, iteration 1710, time: 1297.6881511211395
Starting label LEVI, seed 26, iteration 1720, time: 1309.9519710540771
Starting label LEVI, seed 26, iteration 1730, time: 1322.6225571632385
Starting label LEVI, seed 26, iteration 1740, time: 1334.8698074817657
Starting label LEVI, seed 26, iteration 1750, time: 1346.4172854423523
Starting label LEVI, seed 26, iteration 1760, time: 1358.1335361003876
Starting label LEVI, seed 26, iteration 1770, time: 1372.1445126533508
Starting label LEVI, seed 26, iteration 1780, time: 1385.025502204895
Starting label LEVI, seed 26, iteration 1790, time: 1398.704674243927
Starting label LEVI, seed 26, iteration 1800, time: 1413.3893060684204
Starting label LEVI, seed 26, iteration 1810, time: 1426.6155405044556
Starting label LEVI, seed 26, iteration 1820, time: 1439.5430402755737
Starting label LEVI, seed 26, iteration 1830, time: 1452.7272448539734
Starting label LEVI, seed 26, iteration 1840, time: 1466.6429343223572
Starting label LEVI, seed 26, iteration 1850, time: 1478.912199497223
Starting label LEVI, seed 26, iteration 1860, time: 1491.023894071579
Starting label LEVI, seed 26, iteration 1870, time: 1502.9658122062683
Starting label LEVI, seed 26, iteration 1880, time: 1514.111351966858
Starting label LEVI, seed 26, iteration 1890, time: 1525.2109489440918
Starting label LEVI, seed 26, iteration 1900, time: 1538.786425113678
Starting label LEVI, seed 26, iteration 1910, time: 1551.269156217575
Starting label LEVI, seed 26, iteration 1920, time: 1563.2984607219696
submitit WARNING (2022-10-02 01:49:22,421) - Bypassing signal SIGCONT
submitit WARNING (2022-10-02 01:49:22,470) - Bypassing signal SIGTERM
Starting label LEVI, seed 26, iteration 1930, time: 1574.142471075058
Starting label LEVI, seed 26, iteration 1940, time: 1585.0778710842133
Starting label LEVI, seed 26, iteration 1950, time: 1595.3236861228943
