submitit INFO (2022-10-02 01:49:59,313) - Starting with JobEnvironment(job_id=883540_9, hostname=sablab-gpu-02.ece.cornell.edu, local_rank=0(1), node=0(1), global_rank=0(1))
submitit INFO (2022-10-02 01:49:59,313) - Loading pickle: /home/gid-cakmaks/contextual_rs/experiments/wsc_experiments/logs/883540_9/883540_9_submitted.pkl
Starting label LEVI, seed 29, iteration 0, time: 0.003072977066040039
Starting label LEVI, seed 29, iteration 10, time: 5.305349588394165
Starting label LEVI, seed 29, iteration 20, time: 10.829063177108765
Starting label LEVI, seed 29, iteration 30, time: 16.21794319152832
Starting label LEVI, seed 29, iteration 40, time: 21.821279287338257
Starting label LEVI, seed 29, iteration 50, time: 27.503384828567505
Starting label LEVI, seed 29, iteration 60, time: 32.88938355445862
Starting label LEVI, seed 29, iteration 70, time: 38.41934418678284
Starting label LEVI, seed 29, iteration 80, time: 43.75490760803223
Starting label LEVI, seed 29, iteration 90, time: 49.39835834503174
Starting label LEVI, seed 29, iteration 100, time: 55.06545972824097
Starting label LEVI, seed 29, iteration 110, time: 60.72508263587952
Starting label LEVI, seed 29, iteration 120, time: 66.33223628997803
Starting label LEVI, seed 29, iteration 130, time: 71.57471680641174
Starting label LEVI, seed 29, iteration 140, time: 77.24629378318787
Starting label LEVI, seed 29, iteration 150, time: 83.04615569114685
Starting label LEVI, seed 29, iteration 160, time: 89.22235679626465
Starting label LEVI, seed 29, iteration 170, time: 95.38390731811523
Starting label LEVI, seed 29, iteration 180, time: 101.55934023857117
Starting label LEVI, seed 29, iteration 190, time: 107.90018272399902
Starting label LEVI, seed 29, iteration 200, time: 114.36403036117554
Starting label LEVI, seed 29, iteration 210, time: 120.43107008934021
Starting label LEVI, seed 29, iteration 220, time: 126.58702278137207
Starting label LEVI, seed 29, iteration 230, time: 132.6752004623413
Starting label LEVI, seed 29, iteration 240, time: 138.81957125663757
Starting label LEVI, seed 29, iteration 250, time: 144.867249250412
Starting label LEVI, seed 29, iteration 260, time: 150.9600052833557
Starting label LEVI, seed 29, iteration 270, time: 156.84248328208923
Starting label LEVI, seed 29, iteration 280, time: 162.9485239982605
Starting label LEVI, seed 29, iteration 290, time: 169.1358208656311
Starting label LEVI, seed 29, iteration 300, time: 175.51109266281128
Starting label LEVI, seed 29, iteration 310, time: 181.92192935943604
Starting label LEVI, seed 29, iteration 320, time: 188.41665196418762
Starting label LEVI, seed 29, iteration 330, time: 194.96850991249084
Starting label LEVI, seed 29, iteration 340, time: 201.3922986984253
Starting label LEVI, seed 29, iteration 350, time: 207.81722903251648
Starting label LEVI, seed 29, iteration 360, time: 214.06106972694397
Starting label LEVI, seed 29, iteration 370, time: 220.28433418273926
Starting label LEVI, seed 29, iteration 380, time: 226.6100435256958
Starting label LEVI, seed 29, iteration 390, time: 232.7996006011963
Starting label LEVI, seed 29, iteration 400, time: 238.88365721702576
Starting label LEVI, seed 29, iteration 410, time: 245.2081425189972
Starting label LEVI, seed 29, iteration 420, time: 251.46482014656067
Starting label LEVI, seed 29, iteration 430, time: 257.9530816078186
Starting label LEVI, seed 29, iteration 440, time: 264.2423610687256
Starting label LEVI, seed 29, iteration 450, time: 270.50989151000977
Starting label LEVI, seed 29, iteration 460, time: 277.04850816726685
Starting label LEVI, seed 29, iteration 470, time: 283.5550682544708
Starting label LEVI, seed 29, iteration 480, time: 290.149254322052
Starting label LEVI, seed 29, iteration 490, time: 296.55995202064514
Starting label LEVI, seed 29, iteration 500, time: 303.4529643058777
Starting label LEVI, seed 29, iteration 510, time: 310.20888781547546
submitit WARNING (2022-10-02 01:55:12,463) - Bypassing signal SIGCONT
submitit WARNING (2022-10-02 01:55:12,514) - Bypassing signal SIGTERM
Starting label LEVI, seed 29, iteration 520, time: 316.9963438510895
Starting label LEVI, seed 29, iteration 530, time: 323.5087263584137
Starting label LEVI, seed 29, iteration 540, time: 330.2289807796478
Starting label LEVI, seed 29, iteration 550, time: 336.84284687042236
