submitit INFO (2022-10-02 01:45:39,616) - Starting with JobEnvironment(job_id=883481_4, hostname=nikola-compute-03.cs.cornell.edu, local_rank=0(1), node=0(1), global_rank=0(1))
submitit INFO (2022-10-02 01:45:39,617) - Loading pickle: /home/gid-cakmaks/contextual_rs/experiments/wsc_experiments/logs/883481_4/883481_4_submitted.pkl
Starting label LEVI, seed 84, iteration 0, time: 0.0007951259613037109
Starting label LEVI, seed 84, iteration 10, time: 5.048524856567383
Starting label LEVI, seed 84, iteration 20, time: 9.801741600036621
Starting label LEVI, seed 84, iteration 30, time: 14.37000560760498
Starting label LEVI, seed 84, iteration 40, time: 18.749770641326904
Starting label LEVI, seed 84, iteration 50, time: 23.31471014022827
Starting label LEVI, seed 84, iteration 60, time: 27.757055521011353
Starting label LEVI, seed 84, iteration 70, time: 32.362099409103394
Starting label LEVI, seed 84, iteration 80, time: 37.070077419281006
Starting label LEVI, seed 84, iteration 90, time: 41.75741696357727
Starting label LEVI, seed 84, iteration 100, time: 47.002012491226196
Starting label LEVI, seed 84, iteration 110, time: 52.324219942092896
Starting label LEVI, seed 84, iteration 120, time: 57.774227142333984
Starting label LEVI, seed 84, iteration 130, time: 63.39662766456604
Starting label LEVI, seed 84, iteration 140, time: 69.200528383255
Starting label LEVI, seed 84, iteration 150, time: 75.07477402687073
Starting label LEVI, seed 84, iteration 160, time: 80.72131085395813
Starting label LEVI, seed 84, iteration 170, time: 86.29488587379456
Starting label LEVI, seed 84, iteration 180, time: 92.01255226135254
Starting label LEVI, seed 84, iteration 190, time: 97.61177492141724
Starting label LEVI, seed 84, iteration 200, time: 103.25125813484192
Starting label LEVI, seed 84, iteration 210, time: 109.09835934638977
Starting label LEVI, seed 84, iteration 220, time: 115.00470209121704
Starting label LEVI, seed 84, iteration 230, time: 121.05472707748413
Starting label LEVI, seed 84, iteration 240, time: 126.98425793647766
Starting label LEVI, seed 84, iteration 250, time: 132.8661186695099
Starting label LEVI, seed 84, iteration 260, time: 138.72759413719177
Starting label LEVI, seed 84, iteration 270, time: 144.32598519325256
Starting label LEVI, seed 84, iteration 280, time: 149.93463277816772
Starting label LEVI, seed 84, iteration 290, time: 155.6720871925354
Starting label LEVI, seed 84, iteration 300, time: 161.39517831802368
Starting label LEVI, seed 84, iteration 310, time: 167.05028176307678
Starting label LEVI, seed 84, iteration 320, time: 172.67281794548035
Starting label LEVI, seed 84, iteration 330, time: 178.4695384502411
Starting label LEVI, seed 84, iteration 340, time: 184.16289401054382
Starting label LEVI, seed 84, iteration 350, time: 189.98852491378784
Starting label LEVI, seed 84, iteration 360, time: 195.7949013710022
Starting label LEVI, seed 84, iteration 370, time: 201.49927496910095
Starting label LEVI, seed 84, iteration 380, time: 207.20526933670044
Starting label LEVI, seed 84, iteration 390, time: 212.95307993888855
Starting label LEVI, seed 84, iteration 400, time: 218.77030301094055
submitit WARNING (2022-10-02 01:49:22,429) - Bypassing signal SIGCONT
submitit WARNING (2022-10-02 01:49:22,474) - Bypassing signal SIGTERM
Starting label LEVI, seed 84, iteration 410, time: 224.60218477249146
Starting label LEVI, seed 84, iteration 420, time: 230.36195826530457
Starting label LEVI, seed 84, iteration 430, time: 236.1020109653473
Starting label LEVI, seed 84, iteration 440, time: 241.87711691856384
Starting label LEVI, seed 84, iteration 450, time: 247.68376898765564
