submitit INFO (2022-10-02 04:15:44,198) - Starting with JobEnvironment(job_id=884064_4, hostname=g2-compute-96.coecis.cornell.edu, local_rank=0(1), node=0(1), global_rank=0(1))
submitit INFO (2022-10-02 04:15:44,199) - Loading pickle: /home/gid-cakmaks/contextual_rs/experiments/wsc_experiments/logs/884064_4/884064_4_submitted.pkl
Appending iterations to existing output!Warning: If parameters other than `iterations` have been changed, this will corrupt the output!
Starting label LEVI, seed 74, iteration 700, time: 320.9492037296295
Starting label LEVI, seed 74, iteration 710, time: 326.11463260650635
Starting label LEVI, seed 74, iteration 720, time: 331.21737718582153
Starting label LEVI, seed 74, iteration 730, time: 336.33036708831787
Starting label LEVI, seed 74, iteration 740, time: 341.093820810318
Starting label LEVI, seed 74, iteration 750, time: 346.23939394950867
Starting label LEVI, seed 74, iteration 760, time: 351.48332166671753
Starting label LEVI, seed 74, iteration 770, time: 356.89842653274536
Starting label LEVI, seed 74, iteration 780, time: 361.9818916320801
Starting label LEVI, seed 74, iteration 790, time: 367.20770597457886
Starting label LEVI, seed 74, iteration 800, time: 372.64622259140015
Starting label LEVI, seed 74, iteration 810, time: 377.72855162620544
Starting label LEVI, seed 74, iteration 820, time: 382.8694489002228
Starting label LEVI, seed 74, iteration 830, time: 388.118616104126
Starting label LEVI, seed 74, iteration 840, time: 393.4564263820648
Starting label LEVI, seed 74, iteration 850, time: 398.97238278388977
Starting label LEVI, seed 74, iteration 860, time: 404.3820586204529
Starting label LEVI, seed 74, iteration 870, time: 409.63275146484375
Starting label LEVI, seed 74, iteration 880, time: 415.0612292289734
Starting label LEVI, seed 74, iteration 890, time: 420.51859402656555
Starting label LEVI, seed 74, iteration 900, time: 426.11990880966187
Starting label LEVI, seed 74, iteration 910, time: 431.64496088027954
Starting label LEVI, seed 74, iteration 920, time: 437.1150107383728
Starting label LEVI, seed 74, iteration 930, time: 442.7598168849945
Starting label LEVI, seed 74, iteration 940, time: 448.3431005477905
Starting label LEVI, seed 74, iteration 950, time: 454.0623257160187
Starting label LEVI, seed 74, iteration 960, time: 459.49866580963135
Starting label LEVI, seed 74, iteration 970, time: 465.1265170574188
Starting label LEVI, seed 74, iteration 980, time: 470.48606514930725
Starting label LEVI, seed 74, iteration 990, time: 475.62636375427246
Starting label LEVI, seed 74, iteration 1000, time: 480.8176019191742
Starting label LEVI, seed 74, iteration 1010, time: 486.07391929626465
Starting label LEVI, seed 74, iteration 1020, time: 491.51605319976807
Starting label LEVI, seed 74, iteration 1030, time: 496.9964909553528
Starting label LEVI, seed 74, iteration 1040, time: 502.5077745914459
Starting label LEVI, seed 74, iteration 1050, time: 508.0840928554535
Starting label LEVI, seed 74, iteration 1060, time: 513.5094995498657
Starting label LEVI, seed 74, iteration 1070, time: 518.8207402229309
Starting label LEVI, seed 74, iteration 1080, time: 524.4116244316101
Starting label LEVI, seed 74, iteration 1090, time: 529.9474115371704
Starting label LEVI, seed 74, iteration 1100, time: 535.2853734493256
Starting label LEVI, seed 74, iteration 1110, time: 540.763435125351
Starting label LEVI, seed 74, iteration 1120, time: 545.9747478961945
Starting label LEVI, seed 74, iteration 1130, time: 551.4107890129089
Starting label LEVI, seed 74, iteration 1140, time: 556.8972630500793
Starting label LEVI, seed 74, iteration 1150, time: 562.406418800354
Starting label LEVI, seed 74, iteration 1160, time: 568.0146281719208
Starting label LEVI, seed 74, iteration 1170, time: 573.601015329361
Starting label LEVI, seed 74, iteration 1180, time: 579.0841920375824
Starting label LEVI, seed 74, iteration 1190, time: 584.5100562572479
Starting label LEVI, seed 74, iteration 1200, time: 590.026730298996
Starting label LEVI, seed 74, iteration 1210, time: 595.7539851665497
Starting label LEVI, seed 74, iteration 1220, time: 601.339506149292
Starting label LEVI, seed 74, iteration 1230, time: 607.23632979393
Starting label LEVI, seed 74, iteration 1240, time: 613.4015426635742
Starting label LEVI, seed 74, iteration 1250, time: 622.2550189495087
Starting label LEVI, seed 74, iteration 1260, time: 628.4989416599274
Starting label LEVI, seed 74, iteration 1270, time: 634.4072830677032
Starting label LEVI, seed 74, iteration 1280, time: 640.8700313568115
Starting label LEVI, seed 74, iteration 1290, time: 647.2506828308105
Starting label LEVI, seed 74, iteration 1300, time: 653.4170763492584
Starting label LEVI, seed 74, iteration 1310, time: 659.2862491607666
Starting label LEVI, seed 74, iteration 1320, time: 664.9726934432983
Starting label LEVI, seed 74, iteration 1330, time: 670.6649718284607
Starting label LEVI, seed 74, iteration 1340, time: 676.4623365402222
Starting label LEVI, seed 74, iteration 1350, time: 682.2784700393677
Starting label LEVI, seed 74, iteration 1360, time: 688.1368906497955
Starting label LEVI, seed 74, iteration 1370, time: 695.1703269481659
Starting label LEVI, seed 74, iteration 1380, time: 701.7260971069336
Starting label LEVI, seed 74, iteration 1390, time: 708.4171917438507
Starting label LEVI, seed 74, iteration 1400, time: 715.6322937011719
Starting label LEVI, seed 74, iteration 1410, time: 722.1419169902802
Starting label LEVI, seed 74, iteration 1420, time: 728.6103765964508
Starting label LEVI, seed 74, iteration 1430, time: 735.4204611778259
Starting label LEVI, seed 74, iteration 1440, time: 742.9183099269867
Starting label LEVI, seed 74, iteration 1450, time: 749.8618185520172
Starting label LEVI, seed 74, iteration 1460, time: 756.2652275562286
Starting label LEVI, seed 74, iteration 1470, time: 762.8788597583771
Starting label LEVI, seed 74, iteration 1480, time: 769.478057384491
Starting label LEVI, seed 74, iteration 1490, time: 776.0403826236725
Starting label LEVI, seed 74, iteration 1500, time: 782.5995149612427
Starting label LEVI, seed 74, iteration 1510, time: 789.1480565071106
Starting label LEVI, seed 74, iteration 1520, time: 795.5941550731659
Starting label LEVI, seed 74, iteration 1530, time: 801.9741361141205
Starting label LEVI, seed 74, iteration 1540, time: 808.5293219089508
Starting label LEVI, seed 74, iteration 1550, time: 815.1399960517883
Starting label LEVI, seed 74, iteration 1560, time: 821.6727669239044
Starting label LEVI, seed 74, iteration 1570, time: 828.2879939079285
Starting label LEVI, seed 74, iteration 1580, time: 834.9232816696167
Starting label LEVI, seed 74, iteration 1590, time: 842.0460510253906
Starting label LEVI, seed 74, iteration 1600, time: 849.0072915554047
Starting label LEVI, seed 74, iteration 1610, time: 856.0424828529358
Starting label LEVI, seed 74, iteration 1620, time: 862.6814393997192
Starting label LEVI, seed 74, iteration 1630, time: 869.4572501182556
Starting label LEVI, seed 74, iteration 1640, time: 876.3251965045929
Starting label LEVI, seed 74, iteration 1650, time: 883.6708643436432
Starting label LEVI, seed 74, iteration 1660, time: 890.6283793449402
Starting label LEVI, seed 74, iteration 1670, time: 897.5971503257751
Starting label LEVI, seed 74, iteration 1680, time: 904.5699782371521
Starting label LEVI, seed 74, iteration 1690, time: 911.5679519176483
Starting label LEVI, seed 74, iteration 1700, time: 919.0283877849579
Starting label LEVI, seed 74, iteration 1710, time: 926.7999937534332
Starting label LEVI, seed 74, iteration 1720, time: 934.5539972782135
Starting label LEVI, seed 74, iteration 1730, time: 942.099023103714
Starting label LEVI, seed 74, iteration 1740, time: 949.873158454895
Starting label LEVI, seed 74, iteration 1750, time: 956.948724269867
Starting label LEVI, seed 74, iteration 1760, time: 964.7147755622864
Starting label LEVI, seed 74, iteration 1770, time: 972.4876997470856
Starting label LEVI, seed 74, iteration 1780, time: 980.0830774307251
Starting label LEVI, seed 74, iteration 1790, time: 987.525604724884
Starting label LEVI, seed 74, iteration 1800, time: 995.4700474739075
Starting label LEVI, seed 74, iteration 1810, time: 1002.9963893890381
Starting label LEVI, seed 74, iteration 1820, time: 1011.5556747913361
Starting label LEVI, seed 74, iteration 1830, time: 1019.0119924545288
Starting label LEVI, seed 74, iteration 1840, time: 1026.2758584022522
Starting label LEVI, seed 74, iteration 1850, time: 1033.8448774814606
Starting label LEVI, seed 74, iteration 1860, time: 1041.9365994930267
Starting label LEVI, seed 74, iteration 1870, time: 1049.8135559558868
Starting label LEVI, seed 74, iteration 1880, time: 1057.6185076236725
Starting label LEVI, seed 74, iteration 1890, time: 1065.4920308589935
Starting label LEVI, seed 74, iteration 1900, time: 1073.2365577220917
Starting label LEVI, seed 74, iteration 1910, time: 1081.0617897510529
Starting label LEVI, seed 74, iteration 1920, time: 1089.076286315918
Starting label LEVI, seed 74, iteration 1930, time: 1096.9604241847992
Starting label LEVI, seed 74, iteration 1940, time: 1104.9525363445282
Starting label LEVI, seed 74, iteration 1950, time: 1112.8144128322601
Starting label LEVI, seed 74, iteration 1960, time: 1120.8219628334045
Starting label LEVI, seed 74, iteration 1970, time: 1129.21999001503
Starting label LEVI, seed 74, iteration 1980, time: 1139.145488500595
Starting label LEVI, seed 74, iteration 1990, time: 1148.2764148712158
submitit INFO (2022-10-02 04:29:42,919) - Job completed successfully
