submitit INFO (2022-10-02 00:56:46,272) - Starting with JobEnvironment(job_id=883367_0, hostname=belongie-compute-01.tech.cornell.edu, local_rank=0(1), node=0(1), global_rank=0(1))
submitit INFO (2022-10-02 00:56:46,272) - Loading pickle: /home/gid-cakmaks/contextual_rs/experiments/wsc_experiments/logs/883367_0/883367_0_submitted.pkl
Starting label LEVI, seed 40, iteration 0, time: 0.0007312297821044922
Starting label LEVI, seed 40, iteration 10, time: 3.309321403503418
Starting label LEVI, seed 40, iteration 20, time: 6.774524450302124
Starting label LEVI, seed 40, iteration 30, time: 10.282178401947021
Starting label LEVI, seed 40, iteration 40, time: 13.7308931350708
Starting label LEVI, seed 40, iteration 50, time: 17.234050035476685
Starting label LEVI, seed 40, iteration 60, time: 20.813096523284912
Starting label LEVI, seed 40, iteration 70, time: 24.33764338493347
Starting label LEVI, seed 40, iteration 80, time: 27.81145167350769
Starting label LEVI, seed 40, iteration 90, time: 31.254953861236572
Starting label LEVI, seed 40, iteration 100, time: 34.707271575927734
Starting label LEVI, seed 40, iteration 110, time: 38.181909799575806
Starting label LEVI, seed 40, iteration 120, time: 41.68936538696289
Starting label LEVI, seed 40, iteration 130, time: 45.199588775634766
Starting label LEVI, seed 40, iteration 140, time: 48.86825370788574
Starting label LEVI, seed 40, iteration 150, time: 52.5302517414093
Starting label LEVI, seed 40, iteration 160, time: 56.11445736885071
Starting label LEVI, seed 40, iteration 170, time: 59.61567187309265
Starting label LEVI, seed 40, iteration 180, time: 63.027310848236084
Starting label LEVI, seed 40, iteration 190, time: 66.60850167274475
Starting label LEVI, seed 40, iteration 200, time: 70.1809070110321
Starting label LEVI, seed 40, iteration 210, time: 73.74846363067627
Starting label LEVI, seed 40, iteration 220, time: 77.43636703491211
Starting label LEVI, seed 40, iteration 230, time: 81.14238142967224
Starting label LEVI, seed 40, iteration 240, time: 84.85306930541992
Starting label LEVI, seed 40, iteration 250, time: 88.56664848327637
Starting label LEVI, seed 40, iteration 260, time: 92.51066446304321
Starting label LEVI, seed 40, iteration 270, time: 97.15700435638428
Starting label LEVI, seed 40, iteration 280, time: 101.32326984405518
Starting label LEVI, seed 40, iteration 290, time: 105.40427494049072
Starting label LEVI, seed 40, iteration 300, time: 109.72576403617859
Starting label LEVI, seed 40, iteration 310, time: 114.11712050437927
Starting label LEVI, seed 40, iteration 320, time: 117.84336805343628
Starting label LEVI, seed 40, iteration 330, time: 122.00503015518188
Starting label LEVI, seed 40, iteration 340, time: 126.39340543746948
Starting label LEVI, seed 40, iteration 350, time: 130.55221462249756
Starting label LEVI, seed 40, iteration 360, time: 134.43122482299805
Starting label LEVI, seed 40, iteration 370, time: 138.5066134929657
Starting label LEVI, seed 40, iteration 380, time: 142.6491174697876
Starting label LEVI, seed 40, iteration 390, time: 146.8900022506714
Starting label LEVI, seed 40, iteration 400, time: 151.00543117523193
Starting label LEVI, seed 40, iteration 410, time: 155.11299014091492
Starting label LEVI, seed 40, iteration 420, time: 159.30000948905945
Starting label LEVI, seed 40, iteration 430, time: 163.5929470062256
Starting label LEVI, seed 40, iteration 440, time: 167.68889236450195
Starting label LEVI, seed 40, iteration 450, time: 172.04217004776
Starting label LEVI, seed 40, iteration 460, time: 176.51767778396606
Starting label LEVI, seed 40, iteration 470, time: 180.96124172210693
Starting label LEVI, seed 40, iteration 480, time: 185.4667661190033
Starting label LEVI, seed 40, iteration 490, time: 189.91813135147095
Starting label LEVI, seed 40, iteration 500, time: 194.09308981895447
Starting label LEVI, seed 40, iteration 510, time: 198.74826884269714
Starting label LEVI, seed 40, iteration 520, time: 203.46688532829285
Starting label LEVI, seed 40, iteration 530, time: 207.9452304840088
Starting label LEVI, seed 40, iteration 540, time: 212.67305493354797
Starting label LEVI, seed 40, iteration 550, time: 217.81140279769897
Starting label LEVI, seed 40, iteration 560, time: 222.97172045707703
Starting label LEVI, seed 40, iteration 570, time: 227.7765667438507
Starting label LEVI, seed 40, iteration 580, time: 232.75238156318665
Starting label LEVI, seed 40, iteration 590, time: 237.60555458068848
Starting label LEVI, seed 40, iteration 600, time: 242.89871644973755
Starting label LEVI, seed 40, iteration 610, time: 247.98062014579773
Starting label LEVI, seed 40, iteration 620, time: 253.46889662742615
Starting label LEVI, seed 40, iteration 630, time: 259.138952255249
Starting label LEVI, seed 40, iteration 640, time: 264.95935702323914
Starting label LEVI, seed 40, iteration 650, time: 270.7191617488861
Starting label LEVI, seed 40, iteration 660, time: 276.58995056152344
Starting label LEVI, seed 40, iteration 670, time: 282.50502943992615
Starting label LEVI, seed 40, iteration 680, time: 287.8656723499298
Starting label LEVI, seed 40, iteration 690, time: 293.3761055469513
Starting label LEVI, seed 40, iteration 700, time: 299.5044889450073
Starting label LEVI, seed 40, iteration 710, time: 305.2594313621521
Starting label LEVI, seed 40, iteration 720, time: 311.55600476264954
Starting label LEVI, seed 40, iteration 730, time: 318.3161585330963
Starting label LEVI, seed 40, iteration 740, time: 324.7715759277344
Starting label LEVI, seed 40, iteration 750, time: 330.9102840423584
Starting label LEVI, seed 40, iteration 760, time: 338.1839802265167
Starting label LEVI, seed 40, iteration 770, time: 345.5853407382965
Starting label LEVI, seed 40, iteration 780, time: 353.6420600414276
Starting label LEVI, seed 40, iteration 790, time: 361.43694519996643
Starting label LEVI, seed 40, iteration 800, time: 369.0162456035614
Starting label LEVI, seed 40, iteration 810, time: 376.8178606033325
Starting label LEVI, seed 40, iteration 820, time: 385.014821767807
Starting label LEVI, seed 40, iteration 830, time: 393.3478846549988
Starting label LEVI, seed 40, iteration 840, time: 400.6241569519043
Starting label LEVI, seed 40, iteration 850, time: 408.48812103271484
Starting label LEVI, seed 40, iteration 860, time: 416.76885962486267
Starting label LEVI, seed 40, iteration 870, time: 425.806174993515
Starting label LEVI, seed 40, iteration 880, time: 434.7194585800171
Starting label LEVI, seed 40, iteration 890, time: 443.1629638671875
Starting label LEVI, seed 40, iteration 900, time: 451.8622794151306
Starting label LEVI, seed 40, iteration 910, time: 459.72536444664
Starting label LEVI, seed 40, iteration 920, time: 469.4830799102783
Starting label LEVI, seed 40, iteration 930, time: 477.39872884750366
Starting label LEVI, seed 40, iteration 940, time: 487.32225346565247
Starting label LEVI, seed 40, iteration 950, time: 497.2778232097626
Starting label LEVI, seed 40, iteration 960, time: 505.7009127140045
Starting label LEVI, seed 40, iteration 970, time: 514.1159179210663
Starting label LEVI, seed 40, iteration 980, time: 522.8024346828461
Starting label LEVI, seed 40, iteration 990, time: 531.3433876037598
Starting label LEVI, seed 40, iteration 1000, time: 542.0792343616486
Starting label LEVI, seed 40, iteration 1010, time: 552.3820877075195
Starting label LEVI, seed 40, iteration 1020, time: 562.2757568359375
Starting label LEVI, seed 40, iteration 1030, time: 574.2007508277893
Starting label LEVI, seed 40, iteration 1040, time: 584.7336738109589
Starting label LEVI, seed 40, iteration 1050, time: 596.9006719589233
Starting label LEVI, seed 40, iteration 1060, time: 609.7235426902771
Starting label LEVI, seed 40, iteration 1070, time: 620.1869275569916
Starting label LEVI, seed 40, iteration 1080, time: 632.4027736186981
Starting label LEVI, seed 40, iteration 1090, time: 645.5828063488007
Starting label LEVI, seed 40, iteration 1100, time: 656.7824621200562
Starting label LEVI, seed 40, iteration 1110, time: 667.2908537387848
Starting label LEVI, seed 40, iteration 1120, time: 679.8588938713074
Starting label LEVI, seed 40, iteration 1130, time: 691.5007328987122
Starting label LEVI, seed 40, iteration 1140, time: 704.0204291343689
Starting label LEVI, seed 40, iteration 1150, time: 718.8215079307556
Starting label LEVI, seed 40, iteration 1160, time: 733.0873157978058
Starting label LEVI, seed 40, iteration 1170, time: 746.8578717708588
Starting label LEVI, seed 40, iteration 1180, time: 761.131422996521
Starting label LEVI, seed 40, iteration 1190, time: 774.0835044384003
Starting label LEVI, seed 40, iteration 1200, time: 787.059070110321
Starting label LEVI, seed 40, iteration 1210, time: 800.5953357219696
Starting label LEVI, seed 40, iteration 1220, time: 813.9135088920593
Starting label LEVI, seed 40, iteration 1230, time: 827.1521656513214
Starting label LEVI, seed 40, iteration 1240, time: 840.5592606067657
Starting label LEVI, seed 40, iteration 1250, time: 855.842476606369
Starting label LEVI, seed 40, iteration 1260, time: 870.825341463089
Starting label LEVI, seed 40, iteration 1270, time: 885.7104086875916
Starting label LEVI, seed 40, iteration 1280, time: 900.7608959674835
Starting label LEVI, seed 40, iteration 1290, time: 915.5182151794434
Starting label LEVI, seed 40, iteration 1300, time: 930.5669331550598
Starting label LEVI, seed 40, iteration 1310, time: 945.9737303256989
Starting label LEVI, seed 40, iteration 1320, time: 961.5455141067505
Starting label LEVI, seed 40, iteration 1330, time: 976.2691051959991
Starting label LEVI, seed 40, iteration 1340, time: 991.4711050987244
Starting label LEVI, seed 40, iteration 1350, time: 1006.6979491710663
Starting label LEVI, seed 40, iteration 1360, time: 1021.8339219093323
Starting label LEVI, seed 40, iteration 1370, time: 1036.6374151706696
Starting label LEVI, seed 40, iteration 1380, time: 1051.7103905677795
Starting label LEVI, seed 40, iteration 1390, time: 1066.6618022918701
Starting label LEVI, seed 40, iteration 1400, time: 1081.713735818863
Starting label LEVI, seed 40, iteration 1410, time: 1096.5877845287323
Starting label LEVI, seed 40, iteration 1420, time: 1112.4403231143951
Starting label LEVI, seed 40, iteration 1430, time: 1129.3126106262207
Starting label LEVI, seed 40, iteration 1440, time: 1143.9875326156616
Starting label LEVI, seed 40, iteration 1450, time: 1160.8737332820892
Starting label LEVI, seed 40, iteration 1460, time: 1177.4549908638
Starting label LEVI, seed 40, iteration 1470, time: 1191.7574534416199
Starting label LEVI, seed 40, iteration 1480, time: 1211.6835250854492
Starting label LEVI, seed 40, iteration 1490, time: 1225.9954159259796
Starting label LEVI, seed 40, iteration 1500, time: 1246.1713392734528
Starting label LEVI, seed 40, iteration 1510, time: 1264.420334815979
Starting label LEVI, seed 40, iteration 1520, time: 1280.1597814559937
Starting label LEVI, seed 40, iteration 1530, time: 1296.3757388591766
Starting label LEVI, seed 40, iteration 1540, time: 1314.101744890213
Starting label LEVI, seed 40, iteration 1550, time: 1330.601422071457
Starting label LEVI, seed 40, iteration 1560, time: 1347.3674709796906
Starting label LEVI, seed 40, iteration 1570, time: 1368.8948974609375
Starting label LEVI, seed 40, iteration 1580, time: 1390.9221646785736
Starting label LEVI, seed 40, iteration 1590, time: 1411.0531442165375
Starting label LEVI, seed 40, iteration 1600, time: 1432.8295245170593
Starting label LEVI, seed 40, iteration 1610, time: 1457.8980672359467
Starting label LEVI, seed 40, iteration 1620, time: 1481.440681219101
Starting label LEVI, seed 40, iteration 1630, time: 1503.0668852329254
Starting label LEVI, seed 40, iteration 1640, time: 1527.5402348041534
Starting label LEVI, seed 40, iteration 1650, time: 1547.7576432228088
submitit WARNING (2022-10-02 01:22:36,026) - Bypassing signal SIGCONT
submitit WARNING (2022-10-02 01:22:36,378) - Bypassing signal SIGTERM
Starting label LEVI, seed 40, iteration 1660, time: 1573.667180299759
