submitit INFO (2022-10-02 00:03:08,716) - Starting with JobEnvironment(job_id=883160_7, hostname=lecun.cs.cornell.edu, local_rank=0(1), node=0(1), global_rank=0(1))
submitit INFO (2022-10-02 00:03:08,716) - Loading pickle: /home/gid-cakmaks/contextual_rs/experiments/wsc_experiments/logs/883160_7/883160_7_submitted.pkl
Starting label LEVI, seed 37, iteration 0, time: 9.083747863769531e-05
Starting label LEVI, seed 37, iteration 10, time: 3.5649309158325195
Starting label LEVI, seed 37, iteration 20, time: 6.338526964187622
Starting label LEVI, seed 37, iteration 30, time: 8.772153377532959
Starting label LEVI, seed 37, iteration 40, time: 11.311724185943604
Starting label LEVI, seed 37, iteration 50, time: 13.780111074447632
Starting label LEVI, seed 37, iteration 60, time: 16.338720321655273
Starting label LEVI, seed 37, iteration 70, time: 18.87777328491211
Starting label LEVI, seed 37, iteration 80, time: 21.454694271087646
Starting label LEVI, seed 37, iteration 90, time: 23.978740692138672
Starting label LEVI, seed 37, iteration 100, time: 26.516507387161255
Starting label LEVI, seed 37, iteration 110, time: 29.000112771987915
Starting label LEVI, seed 37, iteration 120, time: 31.53819990158081
Starting label LEVI, seed 37, iteration 130, time: 34.05637764930725
Starting label LEVI, seed 37, iteration 140, time: 36.7226243019104
Starting label LEVI, seed 37, iteration 150, time: 39.215904235839844
Starting label LEVI, seed 37, iteration 160, time: 41.80146622657776
Starting label LEVI, seed 37, iteration 170, time: 44.65604496002197
Starting label LEVI, seed 37, iteration 180, time: 48.71722984313965
Starting label LEVI, seed 37, iteration 190, time: 51.27800536155701
Starting label LEVI, seed 37, iteration 200, time: 53.89592432975769
Starting label LEVI, seed 37, iteration 210, time: 56.556517124176025
Starting label LEVI, seed 37, iteration 220, time: 59.63268828392029
Starting label LEVI, seed 37, iteration 230, time: 62.23758316040039
Starting label LEVI, seed 37, iteration 240, time: 64.87235355377197
Starting label LEVI, seed 37, iteration 250, time: 67.53440165519714
Starting label LEVI, seed 37, iteration 260, time: 70.18816924095154
Starting label LEVI, seed 37, iteration 270, time: 72.84626865386963
Starting label LEVI, seed 37, iteration 280, time: 75.9808840751648
Starting label LEVI, seed 37, iteration 290, time: 78.70170783996582
Starting label LEVI, seed 37, iteration 300, time: 81.40639448165894
Starting label LEVI, seed 37, iteration 310, time: 84.21234059333801
Starting label LEVI, seed 37, iteration 320, time: 87.02009582519531
Starting label LEVI, seed 37, iteration 330, time: 89.80222177505493
Starting label LEVI, seed 37, iteration 340, time: 92.63884496688843
Starting label LEVI, seed 37, iteration 350, time: 95.60850977897644
Starting label LEVI, seed 37, iteration 360, time: 98.49268770217896
Starting label LEVI, seed 37, iteration 370, time: 101.26342868804932
Starting label LEVI, seed 37, iteration 380, time: 104.09122633934021
Starting label LEVI, seed 37, iteration 390, time: 106.98406600952148
Starting label LEVI, seed 37, iteration 400, time: 109.86158156394958
Starting label LEVI, seed 37, iteration 410, time: 112.65885615348816
Starting label LEVI, seed 37, iteration 420, time: 115.4168472290039
Starting label LEVI, seed 37, iteration 430, time: 118.17186784744263
Starting label LEVI, seed 37, iteration 440, time: 120.9783787727356
Starting label LEVI, seed 37, iteration 450, time: 123.87245631217957
Starting label LEVI, seed 37, iteration 460, time: 126.60998582839966
Starting label LEVI, seed 37, iteration 470, time: 131.9275188446045
Starting label LEVI, seed 37, iteration 480, time: 134.71991658210754
Starting label LEVI, seed 37, iteration 490, time: 137.5147671699524
Starting label LEVI, seed 37, iteration 500, time: 140.24837350845337
Starting label LEVI, seed 37, iteration 510, time: 143.0173373222351
Starting label LEVI, seed 37, iteration 520, time: 145.8135323524475
Starting label LEVI, seed 37, iteration 530, time: 148.65545463562012
Starting label LEVI, seed 37, iteration 540, time: 155.5839238166809
Starting label LEVI, seed 37, iteration 550, time: 158.51869821548462
Starting label LEVI, seed 37, iteration 560, time: 161.48333311080933
Starting label LEVI, seed 37, iteration 570, time: 164.3360116481781
Starting label LEVI, seed 37, iteration 580, time: 167.20660424232483
Starting label LEVI, seed 37, iteration 590, time: 170.06889963150024
Starting label LEVI, seed 37, iteration 600, time: 172.96282696723938
Starting label LEVI, seed 37, iteration 610, time: 175.92000555992126
Starting label LEVI, seed 37, iteration 620, time: 178.79712653160095
Starting label LEVI, seed 37, iteration 630, time: 181.76732683181763
Starting label LEVI, seed 37, iteration 640, time: 184.87012243270874
Starting label LEVI, seed 37, iteration 650, time: 187.7797396183014
Starting label LEVI, seed 37, iteration 660, time: 190.7924304008484
Starting label LEVI, seed 37, iteration 670, time: 193.75413036346436
Starting label LEVI, seed 37, iteration 680, time: 196.62935209274292
Starting label LEVI, seed 37, iteration 690, time: 199.44377040863037
Starting label LEVI, seed 37, iteration 700, time: 202.3404462337494
Starting label LEVI, seed 37, iteration 710, time: 205.29495358467102
Starting label LEVI, seed 37, iteration 720, time: 208.28534936904907
Starting label LEVI, seed 37, iteration 730, time: 211.39989161491394
Starting label LEVI, seed 37, iteration 740, time: 214.3102149963379
Starting label LEVI, seed 37, iteration 750, time: 217.3065423965454
Starting label LEVI, seed 37, iteration 760, time: 220.3283987045288
Starting label LEVI, seed 37, iteration 770, time: 223.34212374687195
Starting label LEVI, seed 37, iteration 780, time: 226.36710810661316
Starting label LEVI, seed 37, iteration 790, time: 229.38840055465698
Starting label LEVI, seed 37, iteration 800, time: 232.38527512550354
Starting label LEVI, seed 37, iteration 810, time: 235.4869499206543
Starting label LEVI, seed 37, iteration 820, time: 238.6695408821106
Starting label LEVI, seed 37, iteration 830, time: 242.91466879844666
Starting label LEVI, seed 37, iteration 840, time: 246.0657787322998
Starting label LEVI, seed 37, iteration 850, time: 249.22647786140442
Starting label LEVI, seed 37, iteration 860, time: 252.40355730056763
Starting label LEVI, seed 37, iteration 870, time: 255.62039971351624
Starting label LEVI, seed 37, iteration 880, time: 258.79803371429443
Starting label LEVI, seed 37, iteration 890, time: 262.24154567718506
Starting label LEVI, seed 37, iteration 900, time: 266.5274589061737
Starting label LEVI, seed 37, iteration 910, time: 270.04743671417236
Starting label LEVI, seed 37, iteration 920, time: 273.4187922477722
Starting label LEVI, seed 37, iteration 930, time: 276.7887489795685
Starting label LEVI, seed 37, iteration 940, time: 280.1798429489136
Starting label LEVI, seed 37, iteration 950, time: 283.46661710739136
Starting label LEVI, seed 37, iteration 960, time: 286.8725235462189
Starting label LEVI, seed 37, iteration 970, time: 290.2668077945709
Starting label LEVI, seed 37, iteration 980, time: 293.7818925380707
Starting label LEVI, seed 37, iteration 990, time: 297.20286226272583
Starting label LEVI, seed 37, iteration 1000, time: 300.6994352340698
Starting label LEVI, seed 37, iteration 1010, time: 304.13459825515747
Starting label LEVI, seed 37, iteration 1020, time: 307.63280725479126
Starting label LEVI, seed 37, iteration 1030, time: 311.06950211524963
Starting label LEVI, seed 37, iteration 1040, time: 314.51408863067627
Starting label LEVI, seed 37, iteration 1050, time: 318.0391125679016
Starting label LEVI, seed 37, iteration 1060, time: 321.6807861328125
Starting label LEVI, seed 37, iteration 1070, time: 325.42938351631165
Starting label LEVI, seed 37, iteration 1080, time: 329.1203992366791
Starting label LEVI, seed 37, iteration 1090, time: 332.82288241386414
Starting label LEVI, seed 37, iteration 1100, time: 336.57587027549744
Starting label LEVI, seed 37, iteration 1110, time: 340.2592911720276
Starting label LEVI, seed 37, iteration 1120, time: 344.04936599731445
Starting label LEVI, seed 37, iteration 1130, time: 347.7415564060211
Starting label LEVI, seed 37, iteration 1140, time: 355.6756122112274
Starting label LEVI, seed 37, iteration 1150, time: 359.5161085128784
Starting label LEVI, seed 37, iteration 1160, time: 363.30086040496826
Starting label LEVI, seed 37, iteration 1170, time: 367.1039354801178
Starting label LEVI, seed 37, iteration 1180, time: 370.8704102039337
Starting label LEVI, seed 37, iteration 1190, time: 374.6827721595764
Starting label LEVI, seed 37, iteration 1200, time: 378.4563355445862
Starting label LEVI, seed 37, iteration 1210, time: 382.3361852169037
Starting label LEVI, seed 37, iteration 1220, time: 386.1341640949249
Starting label LEVI, seed 37, iteration 1230, time: 389.8773281574249
Starting label LEVI, seed 37, iteration 1240, time: 393.58657026290894
Starting label LEVI, seed 37, iteration 1250, time: 397.4098081588745
Starting label LEVI, seed 37, iteration 1260, time: 401.382071018219
Starting label LEVI, seed 37, iteration 1270, time: 405.1092960834503
Starting label LEVI, seed 37, iteration 1280, time: 408.72676491737366
Starting label LEVI, seed 37, iteration 1290, time: 412.7107307910919
Starting label LEVI, seed 37, iteration 1300, time: 416.564950466156
Starting label LEVI, seed 37, iteration 1310, time: 420.6115982532501
Starting label LEVI, seed 37, iteration 1320, time: 424.6721541881561
Starting label LEVI, seed 37, iteration 1330, time: 428.5287117958069
Starting label LEVI, seed 37, iteration 1340, time: 432.59690165519714
Starting label LEVI, seed 37, iteration 1350, time: 436.5414123535156
Starting label LEVI, seed 37, iteration 1360, time: 440.8559470176697
Starting label LEVI, seed 37, iteration 1370, time: 445.12729692459106
Starting label LEVI, seed 37, iteration 1380, time: 449.349543094635
Starting label LEVI, seed 37, iteration 1390, time: 453.58405923843384
Starting label LEVI, seed 37, iteration 1400, time: 457.8767554759979
Starting label LEVI, seed 37, iteration 1410, time: 462.10397958755493
Starting label LEVI, seed 37, iteration 1420, time: 466.3413014411926
Starting label LEVI, seed 37, iteration 1430, time: 470.8773045539856
Starting label LEVI, seed 37, iteration 1440, time: 476.63281083106995
Starting label LEVI, seed 37, iteration 1450, time: 480.8691463470459
Starting label LEVI, seed 37, iteration 1460, time: 485.0923490524292
Starting label LEVI, seed 37, iteration 1470, time: 489.6406455039978
Starting label LEVI, seed 37, iteration 1480, time: 494.86734771728516
Starting label LEVI, seed 37, iteration 1490, time: 499.23325514793396
Starting label LEVI, seed 37, iteration 1500, time: 503.46378111839294
Starting label LEVI, seed 37, iteration 1510, time: 507.810133934021
Starting label LEVI, seed 37, iteration 1520, time: 512.4521903991699
Starting label LEVI, seed 37, iteration 1530, time: 516.9939270019531
Starting label LEVI, seed 37, iteration 1540, time: 521.8842606544495
Starting label LEVI, seed 37, iteration 1550, time: 526.7498166561127
Starting label LEVI, seed 37, iteration 1560, time: 531.4769277572632
Starting label LEVI, seed 37, iteration 1570, time: 536.2923166751862
Starting label LEVI, seed 37, iteration 1580, time: 541.1187064647675
Starting label LEVI, seed 37, iteration 1590, time: 546.4810156822205
Starting label LEVI, seed 37, iteration 1600, time: 551.2183847427368
Starting label LEVI, seed 37, iteration 1610, time: 556.1572196483612
Starting label LEVI, seed 37, iteration 1620, time: 561.0428071022034
Starting label LEVI, seed 37, iteration 1630, time: 565.6869082450867
Starting label LEVI, seed 37, iteration 1640, time: 570.3806309700012
Starting label LEVI, seed 37, iteration 1650, time: 575.016143321991
Starting label LEVI, seed 37, iteration 1660, time: 579.9687929153442
Starting label LEVI, seed 37, iteration 1670, time: 585.1716465950012
Starting label LEVI, seed 37, iteration 1680, time: 590.4469563961029
Starting label LEVI, seed 37, iteration 1690, time: 595.5012898445129
Starting label LEVI, seed 37, iteration 1700, time: 600.4574134349823
Starting label LEVI, seed 37, iteration 1710, time: 605.3369965553284
Starting label LEVI, seed 37, iteration 1720, time: 610.2195358276367
Starting label LEVI, seed 37, iteration 1730, time: 615.5407569408417
Starting label LEVI, seed 37, iteration 1740, time: 621.786276102066
Starting label LEVI, seed 37, iteration 1750, time: 626.9381792545319
Starting label LEVI, seed 37, iteration 1760, time: 631.8563942909241
Starting label LEVI, seed 37, iteration 1770, time: 636.6492002010345
Starting label LEVI, seed 37, iteration 1780, time: 641.7802517414093
Starting label LEVI, seed 37, iteration 1790, time: 646.6931579113007
Starting label LEVI, seed 37, iteration 1800, time: 651.6649391651154
Starting label LEVI, seed 37, iteration 1810, time: 656.424115896225
Starting label LEVI, seed 37, iteration 1820, time: 661.4108254909515
Starting label LEVI, seed 37, iteration 1830, time: 666.0323269367218
Starting label LEVI, seed 37, iteration 1840, time: 670.8110961914062
Starting label LEVI, seed 37, iteration 1850, time: 676.0290622711182
Starting label LEVI, seed 37, iteration 1860, time: 680.5730977058411
Starting label LEVI, seed 37, iteration 1870, time: 685.1993942260742
Starting label LEVI, seed 37, iteration 1880, time: 689.9874536991119
Starting label LEVI, seed 37, iteration 1890, time: 694.9067521095276
Starting label LEVI, seed 37, iteration 1900, time: 699.6799068450928
Starting label LEVI, seed 37, iteration 1910, time: 704.5657858848572
Starting label LEVI, seed 37, iteration 1920, time: 709.2639632225037
Starting label LEVI, seed 37, iteration 1930, time: 713.9952881336212
Starting label LEVI, seed 37, iteration 1940, time: 718.7739279270172
Starting label LEVI, seed 37, iteration 1950, time: 723.568217754364
Starting label LEVI, seed 37, iteration 1960, time: 728.4811069965363
Starting label LEVI, seed 37, iteration 1970, time: 733.698573589325
Starting label LEVI, seed 37, iteration 1980, time: 738.9783403873444
Starting label LEVI, seed 37, iteration 1990, time: 744.2181627750397
submitit INFO (2022-10-02 00:15:39,742) - Job completed successfully
