submitit INFO (2022-10-02 01:42:16,779) - Starting with JobEnvironment(job_id=883479_7, hostname=g2-compute-97.coecis.cornell.edu, local_rank=0(1), node=0(1), global_rank=0(1))
submitit INFO (2022-10-02 01:42:16,779) - Loading pickle: /home/gid-cakmaks/contextual_rs/experiments/wsc_experiments/logs/883479_7/883479_7_submitted.pkl
Starting label LEVI, seed 67, iteration 0, time: 0.00037407875061035156
Starting label LEVI, seed 67, iteration 10, time: 3.7383038997650146
Starting label LEVI, seed 67, iteration 20, time: 7.489779472351074
Starting label LEVI, seed 67, iteration 30, time: 11.273415088653564
Starting label LEVI, seed 67, iteration 40, time: 15.060965299606323
Starting label LEVI, seed 67, iteration 50, time: 18.783838748931885
Starting label LEVI, seed 67, iteration 60, time: 22.46988034248352
Starting label LEVI, seed 67, iteration 70, time: 26.20397925376892
Starting label LEVI, seed 67, iteration 80, time: 29.902507066726685
Starting label LEVI, seed 67, iteration 90, time: 33.84728264808655
Starting label LEVI, seed 67, iteration 100, time: 37.93916463851929
Starting label LEVI, seed 67, iteration 110, time: 42.00769019126892
Starting label LEVI, seed 67, iteration 120, time: 46.227184534072876
Starting label LEVI, seed 67, iteration 130, time: 50.53986406326294
Starting label LEVI, seed 67, iteration 140, time: 54.782620668411255
Starting label LEVI, seed 67, iteration 150, time: 59.38913297653198
Starting label LEVI, seed 67, iteration 160, time: 64.01520919799805
Starting label LEVI, seed 67, iteration 170, time: 68.80735516548157
Starting label LEVI, seed 67, iteration 180, time: 73.60166835784912
Starting label LEVI, seed 67, iteration 190, time: 78.23017024993896
Starting label LEVI, seed 67, iteration 200, time: 82.93719100952148
Starting label LEVI, seed 67, iteration 210, time: 87.47421550750732
Starting label LEVI, seed 67, iteration 220, time: 92.00865387916565
Starting label LEVI, seed 67, iteration 230, time: 96.6067681312561
Starting label LEVI, seed 67, iteration 240, time: 101.24753928184509
Starting label LEVI, seed 67, iteration 250, time: 105.87557935714722
Starting label LEVI, seed 67, iteration 260, time: 110.30640435218811
Starting label LEVI, seed 67, iteration 270, time: 114.84750723838806
Starting label LEVI, seed 67, iteration 280, time: 119.48684883117676
Starting label LEVI, seed 67, iteration 290, time: 123.99400329589844
Starting label LEVI, seed 67, iteration 300, time: 128.86694025993347
Starting label LEVI, seed 67, iteration 310, time: 133.8162763118744
Starting label LEVI, seed 67, iteration 320, time: 138.57189345359802
Starting label LEVI, seed 67, iteration 330, time: 143.52902340888977
Starting label LEVI, seed 67, iteration 340, time: 148.26294875144958
Starting label LEVI, seed 67, iteration 350, time: 153.24491238594055
Starting label LEVI, seed 67, iteration 360, time: 158.23042249679565
Starting label LEVI, seed 67, iteration 370, time: 163.39803099632263
Starting label LEVI, seed 67, iteration 380, time: 168.76856350898743
Starting label LEVI, seed 67, iteration 390, time: 173.93410396575928
Starting label LEVI, seed 67, iteration 400, time: 178.9553382396698
Starting label LEVI, seed 67, iteration 410, time: 184.05166482925415
Starting label LEVI, seed 67, iteration 420, time: 189.07209992408752
Starting label LEVI, seed 67, iteration 430, time: 194.26040720939636
Starting label LEVI, seed 67, iteration 440, time: 199.47102618217468
Starting label LEVI, seed 67, iteration 450, time: 204.6309974193573
Starting label LEVI, seed 67, iteration 460, time: 209.8960063457489
Starting label LEVI, seed 67, iteration 470, time: 215.14886665344238
Starting label LEVI, seed 67, iteration 480, time: 220.4699511528015
Starting label LEVI, seed 67, iteration 490, time: 225.73921251296997
Starting label LEVI, seed 67, iteration 500, time: 231.01414966583252
Starting label LEVI, seed 67, iteration 510, time: 236.30179166793823
Starting label LEVI, seed 67, iteration 520, time: 241.51905727386475
Starting label LEVI, seed 67, iteration 530, time: 246.90817785263062
Starting label LEVI, seed 67, iteration 540, time: 252.31712675094604
Starting label LEVI, seed 67, iteration 550, time: 257.6148204803467
Starting label LEVI, seed 67, iteration 560, time: 262.92320585250854
Starting label LEVI, seed 67, iteration 570, time: 268.13333201408386
Starting label LEVI, seed 67, iteration 580, time: 273.3726980686188
Starting label LEVI, seed 67, iteration 590, time: 278.7176389694214
Starting label LEVI, seed 67, iteration 600, time: 284.04045033454895
Starting label LEVI, seed 67, iteration 610, time: 289.42421293258667
Starting label LEVI, seed 67, iteration 620, time: 294.75375747680664
Starting label LEVI, seed 67, iteration 630, time: 300.0373201370239
Starting label LEVI, seed 67, iteration 640, time: 305.51071643829346
Starting label LEVI, seed 67, iteration 650, time: 310.95295453071594
Starting label LEVI, seed 67, iteration 660, time: 316.36833238601685
Starting label LEVI, seed 67, iteration 670, time: 321.80820202827454
Starting label LEVI, seed 67, iteration 680, time: 327.2938313484192
Starting label LEVI, seed 67, iteration 690, time: 332.8095784187317
Starting label LEVI, seed 67, iteration 700, time: 338.3767008781433
Starting label LEVI, seed 67, iteration 710, time: 343.90274953842163
Starting label LEVI, seed 67, iteration 720, time: 349.38138794898987
Starting label LEVI, seed 67, iteration 730, time: 354.80529260635376
Starting label LEVI, seed 67, iteration 740, time: 360.29085516929626
Starting label LEVI, seed 67, iteration 750, time: 365.7256398200989
Starting label LEVI, seed 67, iteration 760, time: 371.021644115448
Starting label LEVI, seed 67, iteration 770, time: 376.68211674690247
Starting label LEVI, seed 67, iteration 780, time: 382.433620929718
Starting label LEVI, seed 67, iteration 790, time: 388.0459234714508
Starting label LEVI, seed 67, iteration 800, time: 393.7551543712616
Starting label LEVI, seed 67, iteration 810, time: 399.3412597179413
Starting label LEVI, seed 67, iteration 820, time: 404.9417326450348
Starting label LEVI, seed 67, iteration 830, time: 410.4934706687927
Starting label LEVI, seed 67, iteration 840, time: 416.2162358760834
Starting label LEVI, seed 67, iteration 850, time: 421.9695975780487
submitit WARNING (2022-10-02 01:49:22,430) - Bypassing signal SIGCONT
submitit WARNING (2022-10-02 01:49:22,457) - Bypassing signal SIGTERM
Starting label LEVI, seed 67, iteration 860, time: 427.6920094490051
Starting label LEVI, seed 67, iteration 870, time: 433.59478402137756
Starting label LEVI, seed 67, iteration 880, time: 439.2289538383484
Starting label LEVI, seed 67, iteration 890, time: 445.02940583229065
Starting label LEVI, seed 67, iteration 900, time: 450.8761534690857
