submitit INFO (2022-10-02 01:50:09,481) - Starting with JobEnvironment(job_id=883550_0, hostname=coecis-compute-01.coecis.cornell.edu, local_rank=0(1), node=0(1), global_rank=0(1))
submitit INFO (2022-10-02 01:50:09,481) - Loading pickle: /home/gid-cakmaks/contextual_rs/experiments/wsc_experiments/logs/883550_0/883550_0_submitted.pkl
Starting label LEVI, seed 30, iteration 0, time: 0.02271103858947754
Starting label LEVI, seed 30, iteration 10, time: 5.931929588317871
Starting label LEVI, seed 30, iteration 20, time: 12.185291290283203
Starting label LEVI, seed 30, iteration 30, time: 18.64556646347046
Starting label LEVI, seed 30, iteration 40, time: 25.16573739051819
Starting label LEVI, seed 30, iteration 50, time: 31.9496910572052
Starting label LEVI, seed 30, iteration 60, time: 38.57095813751221
Starting label LEVI, seed 30, iteration 70, time: 45.39199161529541
Starting label LEVI, seed 30, iteration 80, time: 51.871251344680786
Starting label LEVI, seed 30, iteration 90, time: 58.553836822509766
Starting label LEVI, seed 30, iteration 100, time: 65.3178927898407
Starting label LEVI, seed 30, iteration 110, time: 72.24175667762756
Starting label LEVI, seed 30, iteration 120, time: 79.10861825942993
Starting label LEVI, seed 30, iteration 130, time: 85.9110107421875
Starting label LEVI, seed 30, iteration 140, time: 92.81201672554016
Starting label LEVI, seed 30, iteration 150, time: 99.93752670288086
Starting label LEVI, seed 30, iteration 160, time: 107.30868124961853
Starting label LEVI, seed 30, iteration 170, time: 114.51803421974182
Starting label LEVI, seed 30, iteration 180, time: 121.69590592384338
Starting label LEVI, seed 30, iteration 190, time: 128.78072142601013
Starting label LEVI, seed 30, iteration 200, time: 135.90830636024475
Starting label LEVI, seed 30, iteration 210, time: 142.82405304908752
Starting label LEVI, seed 30, iteration 220, time: 150.03305530548096
Starting label LEVI, seed 30, iteration 230, time: 157.2771451473236
Starting label LEVI, seed 30, iteration 240, time: 164.6958875656128
Starting label LEVI, seed 30, iteration 250, time: 172.14469623565674
Starting label LEVI, seed 30, iteration 260, time: 179.8067274093628
Starting label LEVI, seed 30, iteration 270, time: 187.44293785095215
Starting label LEVI, seed 30, iteration 280, time: 195.09518671035767
Starting label LEVI, seed 30, iteration 290, time: 202.74839973449707
Starting label LEVI, seed 30, iteration 300, time: 210.36921525001526
Starting label LEVI, seed 30, iteration 310, time: 217.6898386478424
Starting label LEVI, seed 30, iteration 320, time: 225.28453540802002
Starting label LEVI, seed 30, iteration 330, time: 233.22563409805298
Starting label LEVI, seed 30, iteration 340, time: 240.7889919281006
Starting label LEVI, seed 30, iteration 350, time: 248.19027304649353
Starting label LEVI, seed 30, iteration 360, time: 255.67776918411255
Starting label LEVI, seed 30, iteration 370, time: 263.3189437389374
Starting label LEVI, seed 30, iteration 380, time: 270.70488953590393
Starting label LEVI, seed 30, iteration 390, time: 277.99166560173035
Starting label LEVI, seed 30, iteration 400, time: 285.22749304771423
Starting label LEVI, seed 30, iteration 410, time: 292.41612696647644
Starting label LEVI, seed 30, iteration 420, time: 299.96069073677063
submitit WARNING (2022-10-02 01:55:12,566) - Bypassing signal SIGCONT
submitit WARNING (2022-10-02 01:55:12,634) - Bypassing signal SIGTERM
Starting label LEVI, seed 30, iteration 430, time: 307.5851356983185
Starting label LEVI, seed 30, iteration 440, time: 314.94106578826904
Starting label LEVI, seed 30, iteration 450, time: 322.3553102016449
Starting label LEVI, seed 30, iteration 460, time: 329.7630708217621
