submitit INFO (2022-10-02 01:42:49,136) - Starting with JobEnvironment(job_id=883479_9, hostname=g2-compute-97.coecis.cornell.edu, local_rank=0(1), node=0(1), global_rank=0(1))
submitit INFO (2022-10-02 01:42:49,136) - Loading pickle: /home/gid-cakmaks/contextual_rs/experiments/wsc_experiments/logs/883479_9/883479_9_submitted.pkl
Starting label LEVI, seed 69, iteration 0, time: 0.0018885135650634766
Starting label LEVI, seed 69, iteration 10, time: 3.6760783195495605
Starting label LEVI, seed 69, iteration 20, time: 7.430549621582031
Starting label LEVI, seed 69, iteration 30, time: 11.167835474014282
Starting label LEVI, seed 69, iteration 40, time: 14.578332901000977
Starting label LEVI, seed 69, iteration 50, time: 18.107742071151733
Starting label LEVI, seed 69, iteration 60, time: 21.631442308425903
Starting label LEVI, seed 69, iteration 70, time: 25.375722646713257
Starting label LEVI, seed 69, iteration 80, time: 29.06618094444275
Starting label LEVI, seed 69, iteration 90, time: 33.018677949905396
Starting label LEVI, seed 69, iteration 100, time: 36.61138987541199
Starting label LEVI, seed 69, iteration 110, time: 40.363385915756226
Starting label LEVI, seed 69, iteration 120, time: 44.137136459350586
Starting label LEVI, seed 69, iteration 130, time: 47.979230642318726
Starting label LEVI, seed 69, iteration 140, time: 51.93017315864563
Starting label LEVI, seed 69, iteration 150, time: 55.95375680923462
Starting label LEVI, seed 69, iteration 160, time: 59.929628133773804
Starting label LEVI, seed 69, iteration 170, time: 64.21997308731079
Starting label LEVI, seed 69, iteration 180, time: 68.37601113319397
Starting label LEVI, seed 69, iteration 190, time: 72.5898118019104
Starting label LEVI, seed 69, iteration 200, time: 76.94769978523254
Starting label LEVI, seed 69, iteration 210, time: 81.31888675689697
Starting label LEVI, seed 69, iteration 220, time: 85.49773859977722
Starting label LEVI, seed 69, iteration 230, time: 89.66316866874695
Starting label LEVI, seed 69, iteration 240, time: 93.97387337684631
Starting label LEVI, seed 69, iteration 250, time: 98.34339165687561
Starting label LEVI, seed 69, iteration 260, time: 102.70346212387085
Starting label LEVI, seed 69, iteration 270, time: 106.97799062728882
Starting label LEVI, seed 69, iteration 280, time: 111.38989448547363
Starting label LEVI, seed 69, iteration 290, time: 115.74576139450073
Starting label LEVI, seed 69, iteration 300, time: 120.12425494194031
Starting label LEVI, seed 69, iteration 310, time: 124.68277740478516
Starting label LEVI, seed 69, iteration 320, time: 129.23390746116638
Starting label LEVI, seed 69, iteration 330, time: 133.8114321231842
Starting label LEVI, seed 69, iteration 340, time: 138.3332486152649
Starting label LEVI, seed 69, iteration 350, time: 143.0329008102417
Starting label LEVI, seed 69, iteration 360, time: 147.8260304927826
Starting label LEVI, seed 69, iteration 370, time: 152.4358479976654
Starting label LEVI, seed 69, iteration 380, time: 157.50035452842712
Starting label LEVI, seed 69, iteration 390, time: 162.1236708164215
Starting label LEVI, seed 69, iteration 400, time: 167.00558352470398
Starting label LEVI, seed 69, iteration 410, time: 171.8258798122406
Starting label LEVI, seed 69, iteration 420, time: 176.7057023048401
Starting label LEVI, seed 69, iteration 430, time: 181.58588695526123
Starting label LEVI, seed 69, iteration 440, time: 186.58266592025757
Starting label LEVI, seed 69, iteration 450, time: 191.51293301582336
Starting label LEVI, seed 69, iteration 460, time: 196.39367961883545
Starting label LEVI, seed 69, iteration 470, time: 201.16361665725708
Starting label LEVI, seed 69, iteration 480, time: 206.00528526306152
Starting label LEVI, seed 69, iteration 490, time: 210.81249403953552
Starting label LEVI, seed 69, iteration 500, time: 215.66987013816833
Starting label LEVI, seed 69, iteration 510, time: 220.4598252773285
Starting label LEVI, seed 69, iteration 520, time: 225.2200858592987
Starting label LEVI, seed 69, iteration 530, time: 230.05175757408142
Starting label LEVI, seed 69, iteration 540, time: 234.903874874115
Starting label LEVI, seed 69, iteration 550, time: 239.7373492717743
Starting label LEVI, seed 69, iteration 560, time: 244.60272240638733
Starting label LEVI, seed 69, iteration 570, time: 249.27018666267395
Starting label LEVI, seed 69, iteration 580, time: 253.93508625030518
Starting label LEVI, seed 69, iteration 590, time: 259.0550663471222
Starting label LEVI, seed 69, iteration 600, time: 263.8305654525757
Starting label LEVI, seed 69, iteration 610, time: 268.7919571399689
Starting label LEVI, seed 69, iteration 620, time: 273.75908732414246
Starting label LEVI, seed 69, iteration 630, time: 278.5962152481079
Starting label LEVI, seed 69, iteration 640, time: 283.6117160320282
Starting label LEVI, seed 69, iteration 650, time: 288.47950768470764
Starting label LEVI, seed 69, iteration 660, time: 293.56689620018005
Starting label LEVI, seed 69, iteration 670, time: 298.8638801574707
Starting label LEVI, seed 69, iteration 680, time: 304.02999901771545
Starting label LEVI, seed 69, iteration 690, time: 309.3095009326935
Starting label LEVI, seed 69, iteration 700, time: 314.66155457496643
Starting label LEVI, seed 69, iteration 710, time: 319.86544585227966
Starting label LEVI, seed 69, iteration 720, time: 324.7774188518524
Starting label LEVI, seed 69, iteration 730, time: 329.6056146621704
Starting label LEVI, seed 69, iteration 740, time: 334.4814953804016
Starting label LEVI, seed 69, iteration 750, time: 339.6078896522522
Starting label LEVI, seed 69, iteration 760, time: 344.6378207206726
Starting label LEVI, seed 69, iteration 770, time: 349.71406269073486
Starting label LEVI, seed 69, iteration 780, time: 354.8214817047119
Starting label LEVI, seed 69, iteration 790, time: 359.8262348175049
Starting label LEVI, seed 69, iteration 800, time: 364.77039861679077
Starting label LEVI, seed 69, iteration 810, time: 369.75364875793457
Starting label LEVI, seed 69, iteration 820, time: 374.4868013858795
Starting label LEVI, seed 69, iteration 830, time: 379.4219148159027
Starting label LEVI, seed 69, iteration 840, time: 384.28364276885986
Starting label LEVI, seed 69, iteration 850, time: 389.23403882980347
submitit WARNING (2022-10-02 01:49:22,425) - Bypassing signal SIGCONT
submitit WARNING (2022-10-02 01:49:22,433) - Bypassing signal SIGTERM
Starting label LEVI, seed 69, iteration 860, time: 394.267728805542
Starting label LEVI, seed 69, iteration 870, time: 399.2305977344513
Starting label LEVI, seed 69, iteration 880, time: 404.1015102863312
Starting label LEVI, seed 69, iteration 890, time: 409.06528329849243
Starting label LEVI, seed 69, iteration 900, time: 414.22583866119385
Starting label LEVI, seed 69, iteration 910, time: 419.2128896713257
