submitit INFO (2022-10-01 23:36:24,505) - Starting with JobEnvironment(job_id=883059_0, hostname=lecun.cs.cornell.edu, local_rank=0(1), node=0(1), global_rank=0(1))
submitit INFO (2022-10-01 23:36:24,505) - Loading pickle: /home/gid-cakmaks/contextual_rs/experiments/wsc_experiments/logs/883059_0/883059_0_submitted.pkl
Starting label LEVI, seed 30, iteration 0, time: 9.799003601074219e-05
Starting label LEVI, seed 30, iteration 10, time: 2.469388246536255
Starting label LEVI, seed 30, iteration 20, time: 4.872355222702026
Starting label LEVI, seed 30, iteration 30, time: 7.313528537750244
Starting label LEVI, seed 30, iteration 40, time: 9.735044002532959
Starting label LEVI, seed 30, iteration 50, time: 12.175520658493042
Starting label LEVI, seed 30, iteration 60, time: 14.598789691925049
Starting label LEVI, seed 30, iteration 70, time: 17.13123655319214
Starting label LEVI, seed 30, iteration 80, time: 19.55253505706787
Starting label LEVI, seed 30, iteration 90, time: 21.981926679611206
Starting label LEVI, seed 30, iteration 100, time: 24.45970582962036
Starting label LEVI, seed 30, iteration 110, time: 26.89413094520569
Starting label LEVI, seed 30, iteration 120, time: 29.366254329681396
Starting label LEVI, seed 30, iteration 130, time: 31.816691398620605
Starting label LEVI, seed 30, iteration 140, time: 34.519429445266724
Starting label LEVI, seed 30, iteration 150, time: 36.98142123222351
Starting label LEVI, seed 30, iteration 160, time: 39.446139097213745
Starting label LEVI, seed 30, iteration 170, time: 41.91192626953125
Starting label LEVI, seed 30, iteration 180, time: 44.40593767166138
Starting label LEVI, seed 30, iteration 190, time: 46.912291288375854
Starting label LEVI, seed 30, iteration 200, time: 49.34435296058655
Starting label LEVI, seed 30, iteration 210, time: 51.89410400390625
Starting label LEVI, seed 30, iteration 220, time: 54.44844055175781
Starting label LEVI, seed 30, iteration 230, time: 56.985764265060425
Starting label LEVI, seed 30, iteration 240, time: 59.4418842792511
Starting label LEVI, seed 30, iteration 250, time: 61.93604254722595
Starting label LEVI, seed 30, iteration 260, time: 64.42036700248718
Starting label LEVI, seed 30, iteration 270, time: 66.97458815574646
Starting label LEVI, seed 30, iteration 280, time: 69.51511979103088
Starting label LEVI, seed 30, iteration 290, time: 72.09219312667847
Starting label LEVI, seed 30, iteration 300, time: 74.68951654434204
Starting label LEVI, seed 30, iteration 310, time: 77.38097357749939
Starting label LEVI, seed 30, iteration 320, time: 79.9891197681427
Starting label LEVI, seed 30, iteration 330, time: 82.52892184257507
Starting label LEVI, seed 30, iteration 340, time: 85.12335586547852
Starting label LEVI, seed 30, iteration 350, time: 87.64490127563477
Starting label LEVI, seed 30, iteration 360, time: 90.24002504348755
Starting label LEVI, seed 30, iteration 370, time: 92.81701612472534
Starting label LEVI, seed 30, iteration 380, time: 95.37932586669922
Starting label LEVI, seed 30, iteration 390, time: 98.13651156425476
Starting label LEVI, seed 30, iteration 400, time: 100.78817105293274
Starting label LEVI, seed 30, iteration 410, time: 103.5686662197113
Starting label LEVI, seed 30, iteration 420, time: 106.35071969032288
Starting label LEVI, seed 30, iteration 430, time: 109.08722925186157
Starting label LEVI, seed 30, iteration 440, time: 111.90808176994324
Starting label LEVI, seed 30, iteration 450, time: 114.68095326423645
Starting label LEVI, seed 30, iteration 460, time: 117.46515321731567
Starting label LEVI, seed 30, iteration 470, time: 120.32692503929138
Starting label LEVI, seed 30, iteration 480, time: 123.12948036193848
Starting label LEVI, seed 30, iteration 490, time: 125.95573782920837
Starting label LEVI, seed 30, iteration 500, time: 128.68282771110535
Starting label LEVI, seed 30, iteration 510, time: 131.35738682746887
Starting label LEVI, seed 30, iteration 520, time: 134.0608561038971
Starting label LEVI, seed 30, iteration 530, time: 136.81108021736145
Starting label LEVI, seed 30, iteration 540, time: 139.44760274887085
Starting label LEVI, seed 30, iteration 550, time: 142.12076473236084
Starting label LEVI, seed 30, iteration 560, time: 144.93106627464294
Starting label LEVI, seed 30, iteration 570, time: 147.63389992713928
Starting label LEVI, seed 30, iteration 580, time: 150.33508396148682
Starting label LEVI, seed 30, iteration 590, time: 153.0740795135498
Starting label LEVI, seed 30, iteration 600, time: 155.8562080860138
Starting label LEVI, seed 30, iteration 610, time: 158.64683938026428
Starting label LEVI, seed 30, iteration 620, time: 161.38362741470337
Starting label LEVI, seed 30, iteration 630, time: 164.13702487945557
Starting label LEVI, seed 30, iteration 640, time: 167.08616304397583
Starting label LEVI, seed 30, iteration 650, time: 169.98411464691162
Starting label LEVI, seed 30, iteration 660, time: 172.89417552947998
Starting label LEVI, seed 30, iteration 670, time: 175.73810195922852
Starting label LEVI, seed 30, iteration 680, time: 178.6423978805542
Starting label LEVI, seed 30, iteration 690, time: 181.50549387931824
Starting label LEVI, seed 30, iteration 700, time: 184.39202308654785
Starting label LEVI, seed 30, iteration 710, time: 187.42179203033447
Starting label LEVI, seed 30, iteration 720, time: 190.5128734111786
Starting label LEVI, seed 30, iteration 730, time: 193.45812034606934
Starting label LEVI, seed 30, iteration 740, time: 196.3064968585968
Starting label LEVI, seed 30, iteration 750, time: 199.439799785614
Starting label LEVI, seed 30, iteration 760, time: 202.5215892791748
Starting label LEVI, seed 30, iteration 770, time: 205.53296661376953
Starting label LEVI, seed 30, iteration 780, time: 208.61231064796448
Starting label LEVI, seed 30, iteration 790, time: 211.66643381118774
Starting label LEVI, seed 30, iteration 800, time: 214.7724986076355
Starting label LEVI, seed 30, iteration 810, time: 217.8747799396515
Starting label LEVI, seed 30, iteration 820, time: 220.89942169189453
Starting label LEVI, seed 30, iteration 830, time: 223.95370841026306
Starting label LEVI, seed 30, iteration 840, time: 227.108256816864
Starting label LEVI, seed 30, iteration 850, time: 230.5008647441864
Starting label LEVI, seed 30, iteration 860, time: 233.60350108146667
Starting label LEVI, seed 30, iteration 870, time: 236.78261828422546
Starting label LEVI, seed 30, iteration 880, time: 239.81025409698486
Starting label LEVI, seed 30, iteration 890, time: 243.0490698814392
Starting label LEVI, seed 30, iteration 900, time: 246.19831895828247
Starting label LEVI, seed 30, iteration 910, time: 249.30773305892944
Starting label LEVI, seed 30, iteration 920, time: 252.42796444892883
Starting label LEVI, seed 30, iteration 930, time: 255.5491223335266
Starting label LEVI, seed 30, iteration 940, time: 258.95369577407837
Starting label LEVI, seed 30, iteration 950, time: 262.2771055698395
Starting label LEVI, seed 30, iteration 960, time: 265.41963744163513
Starting label LEVI, seed 30, iteration 970, time: 268.7433512210846
Starting label LEVI, seed 30, iteration 980, time: 271.9642150402069
Starting label LEVI, seed 30, iteration 990, time: 275.5667209625244
Starting label LEVI, seed 30, iteration 1000, time: 278.8625822067261
Starting label LEVI, seed 30, iteration 1010, time: 282.1317300796509
Starting label LEVI, seed 30, iteration 1020, time: 285.4491550922394
Starting label LEVI, seed 30, iteration 1030, time: 288.608478307724
Starting label LEVI, seed 30, iteration 1040, time: 291.7650444507599
Starting label LEVI, seed 30, iteration 1050, time: 295.00029015541077
Starting label LEVI, seed 30, iteration 1060, time: 298.42775082588196
Starting label LEVI, seed 30, iteration 1070, time: 301.7146682739258
Starting label LEVI, seed 30, iteration 1080, time: 304.96056485176086
Starting label LEVI, seed 30, iteration 1090, time: 308.3373646736145
Starting label LEVI, seed 30, iteration 1100, time: 311.6454803943634
Starting label LEVI, seed 30, iteration 1110, time: 315.2177166938782
Starting label LEVI, seed 30, iteration 1120, time: 318.8822524547577
Starting label LEVI, seed 30, iteration 1130, time: 322.2309160232544
Starting label LEVI, seed 30, iteration 1140, time: 325.8210983276367
Starting label LEVI, seed 30, iteration 1150, time: 329.15319657325745
Starting label LEVI, seed 30, iteration 1160, time: 332.58170533180237
Starting label LEVI, seed 30, iteration 1170, time: 336.0491392612457
Starting label LEVI, seed 30, iteration 1180, time: 339.63604164123535
Starting label LEVI, seed 30, iteration 1190, time: 343.2003741264343
Starting label LEVI, seed 30, iteration 1200, time: 346.5321021080017
Starting label LEVI, seed 30, iteration 1210, time: 350.15165543556213
Starting label LEVI, seed 30, iteration 1220, time: 353.8393590450287
Starting label LEVI, seed 30, iteration 1230, time: 357.5119071006775
Starting label LEVI, seed 30, iteration 1240, time: 361.09864950180054
Starting label LEVI, seed 30, iteration 1250, time: 364.8923194408417
Starting label LEVI, seed 30, iteration 1260, time: 368.49589920043945
Starting label LEVI, seed 30, iteration 1270, time: 372.4635319709778
Starting label LEVI, seed 30, iteration 1280, time: 376.30801820755005
Starting label LEVI, seed 30, iteration 1290, time: 379.8474111557007
Starting label LEVI, seed 30, iteration 1300, time: 383.6840524673462
Starting label LEVI, seed 30, iteration 1310, time: 387.4820523262024
Starting label LEVI, seed 30, iteration 1320, time: 391.0503509044647
Starting label LEVI, seed 30, iteration 1330, time: 394.79196548461914
Starting label LEVI, seed 30, iteration 1340, time: 398.7013490200043
Starting label LEVI, seed 30, iteration 1350, time: 402.5195767879486
Starting label LEVI, seed 30, iteration 1360, time: 406.35982632637024
Starting label LEVI, seed 30, iteration 1370, time: 410.2954993247986
Starting label LEVI, seed 30, iteration 1380, time: 414.2408833503723
Starting label LEVI, seed 30, iteration 1390, time: 418.0874800682068
Starting label LEVI, seed 30, iteration 1400, time: 422.0671350955963
Starting label LEVI, seed 30, iteration 1410, time: 426.12176513671875
Starting label LEVI, seed 30, iteration 1420, time: 430.3509466648102
Starting label LEVI, seed 30, iteration 1430, time: 434.2000102996826
Starting label LEVI, seed 30, iteration 1440, time: 438.17012643814087
Starting label LEVI, seed 30, iteration 1450, time: 442.1059219837189
Starting label LEVI, seed 30, iteration 1460, time: 446.2673978805542
Starting label LEVI, seed 30, iteration 1470, time: 450.3346791267395
Starting label LEVI, seed 30, iteration 1480, time: 454.29364562034607
Starting label LEVI, seed 30, iteration 1490, time: 458.23600912094116
Starting label LEVI, seed 30, iteration 1500, time: 462.29232811927795
Starting label LEVI, seed 30, iteration 1510, time: 466.3394546508789
Starting label LEVI, seed 30, iteration 1520, time: 470.58195996284485
Starting label LEVI, seed 30, iteration 1530, time: 474.9395794868469
Starting label LEVI, seed 30, iteration 1540, time: 479.16045904159546
Starting label LEVI, seed 30, iteration 1550, time: 483.4173698425293
Starting label LEVI, seed 30, iteration 1560, time: 487.55283403396606
Starting label LEVI, seed 30, iteration 1570, time: 491.7545368671417
Starting label LEVI, seed 30, iteration 1580, time: 496.05341124534607
Starting label LEVI, seed 30, iteration 1590, time: 500.7224087715149
Starting label LEVI, seed 30, iteration 1600, time: 505.0366802215576
Starting label LEVI, seed 30, iteration 1610, time: 509.8080747127533
Starting label LEVI, seed 30, iteration 1620, time: 514.3030223846436
Starting label LEVI, seed 30, iteration 1630, time: 519.1280114650726
Starting label LEVI, seed 30, iteration 1640, time: 524.2267787456512
Starting label LEVI, seed 30, iteration 1650, time: 529.1366176605225
Starting label LEVI, seed 30, iteration 1660, time: 533.5752997398376
Starting label LEVI, seed 30, iteration 1670, time: 538.022989988327
Starting label LEVI, seed 30, iteration 1680, time: 542.5656201839447
Starting label LEVI, seed 30, iteration 1690, time: 547.0417881011963
Starting label LEVI, seed 30, iteration 1700, time: 551.68616938591
Starting label LEVI, seed 30, iteration 1710, time: 556.3877213001251
Starting label LEVI, seed 30, iteration 1720, time: 560.922021150589
Starting label LEVI, seed 30, iteration 1730, time: 565.412038564682
Starting label LEVI, seed 30, iteration 1740, time: 570.1992983818054
Starting label LEVI, seed 30, iteration 1750, time: 574.874623298645
Starting label LEVI, seed 30, iteration 1760, time: 579.789792060852
Starting label LEVI, seed 30, iteration 1770, time: 584.4753761291504
Starting label LEVI, seed 30, iteration 1780, time: 589.2888889312744
Starting label LEVI, seed 30, iteration 1790, time: 593.7293915748596
Starting label LEVI, seed 30, iteration 1800, time: 599.4989664554596
Starting label LEVI, seed 30, iteration 1810, time: 604.1955227851868
Starting label LEVI, seed 30, iteration 1820, time: 608.9293155670166
Starting label LEVI, seed 30, iteration 1830, time: 613.5091133117676
Starting label LEVI, seed 30, iteration 1840, time: 618.2334501743317
Starting label LEVI, seed 30, iteration 1850, time: 623.1072082519531
Starting label LEVI, seed 30, iteration 1860, time: 628.0125966072083
Starting label LEVI, seed 30, iteration 1870, time: 632.8956139087677
Starting label LEVI, seed 30, iteration 1880, time: 637.4860985279083
Starting label LEVI, seed 30, iteration 1890, time: 642.1363942623138
Starting label LEVI, seed 30, iteration 1900, time: 647.1851909160614
Starting label LEVI, seed 30, iteration 1910, time: 651.6983242034912
Starting label LEVI, seed 30, iteration 1920, time: 657.141242980957
Starting label LEVI, seed 30, iteration 1930, time: 661.7400591373444
Starting label LEVI, seed 30, iteration 1940, time: 666.4187479019165
Starting label LEVI, seed 30, iteration 1950, time: 671.7234132289886
Starting label LEVI, seed 30, iteration 1960, time: 678.2815129756927
Starting label LEVI, seed 30, iteration 1970, time: 683.6615006923676
Starting label LEVI, seed 30, iteration 1980, time: 688.9760429859161
Starting label LEVI, seed 30, iteration 1990, time: 694.1311500072479
submitit INFO (2022-10-01 23:48:05,310) - Job completed successfully
