submitit INFO (2022-10-02 01:49:55,861) - Starting with JobEnvironment(job_id=883520_5, hostname=nikola-compute-02.cs.cornell.edu, local_rank=0(1), node=0(1), global_rank=0(1))
submitit INFO (2022-10-02 01:49:55,861) - Loading pickle: /home/gid-cakmaks/contextual_rs/experiments/wsc_experiments/logs/883520_5/883520_5_submitted.pkl
Starting label LEVI, seed 5, iteration 0, time: 0.0004203319549560547
Starting label LEVI, seed 5, iteration 10, time: 5.2552268505096436
Starting label LEVI, seed 5, iteration 20, time: 10.592166900634766
Starting label LEVI, seed 5, iteration 30, time: 15.795365571975708
Starting label LEVI, seed 5, iteration 40, time: 21.351273775100708
Starting label LEVI, seed 5, iteration 50, time: 27.112802743911743
Starting label LEVI, seed 5, iteration 60, time: 32.7298002243042
Starting label LEVI, seed 5, iteration 70, time: 38.4807550907135
Starting label LEVI, seed 5, iteration 80, time: 44.09246015548706
Starting label LEVI, seed 5, iteration 90, time: 49.70926570892334
Starting label LEVI, seed 5, iteration 100, time: 55.46207666397095
Starting label LEVI, seed 5, iteration 110, time: 61.07604956626892
Starting label LEVI, seed 5, iteration 120, time: 66.78091359138489
Starting label LEVI, seed 5, iteration 130, time: 72.2180609703064
Starting label LEVI, seed 5, iteration 140, time: 77.58694171905518
Starting label LEVI, seed 5, iteration 150, time: 83.15992569923401
Starting label LEVI, seed 5, iteration 160, time: 88.7537169456482
Starting label LEVI, seed 5, iteration 170, time: 94.29302430152893
Starting label LEVI, seed 5, iteration 180, time: 100.3834981918335
Starting label LEVI, seed 5, iteration 190, time: 106.6742525100708
Starting label LEVI, seed 5, iteration 200, time: 112.99687623977661
Starting label LEVI, seed 5, iteration 210, time: 119.0679178237915
Starting label LEVI, seed 5, iteration 220, time: 124.76322293281555
Starting label LEVI, seed 5, iteration 230, time: 130.5946078300476
Starting label LEVI, seed 5, iteration 240, time: 136.34081077575684
Starting label LEVI, seed 5, iteration 250, time: 141.98847723007202
Starting label LEVI, seed 5, iteration 260, time: 147.5753619670868
Starting label LEVI, seed 5, iteration 270, time: 153.2870602607727
Starting label LEVI, seed 5, iteration 280, time: 159.09376740455627
Starting label LEVI, seed 5, iteration 290, time: 165.04977297782898
Starting label LEVI, seed 5, iteration 300, time: 170.91797041893005
Starting label LEVI, seed 5, iteration 310, time: 176.983491897583
Starting label LEVI, seed 5, iteration 320, time: 183.38642120361328
Starting label LEVI, seed 5, iteration 330, time: 190.03665399551392
Starting label LEVI, seed 5, iteration 340, time: 196.64148044586182
Starting label LEVI, seed 5, iteration 350, time: 203.1211166381836
Starting label LEVI, seed 5, iteration 360, time: 209.60100102424622
Starting label LEVI, seed 5, iteration 370, time: 216.10315442085266
Starting label LEVI, seed 5, iteration 380, time: 222.20790553092957
Starting label LEVI, seed 5, iteration 390, time: 228.48475527763367
Starting label LEVI, seed 5, iteration 400, time: 234.7451455593109
Starting label LEVI, seed 5, iteration 410, time: 241.11745429039001
Starting label LEVI, seed 5, iteration 420, time: 247.4103810787201
Starting label LEVI, seed 5, iteration 430, time: 254.11727857589722
Starting label LEVI, seed 5, iteration 440, time: 260.74829626083374
Starting label LEVI, seed 5, iteration 450, time: 267.35894775390625
Starting label LEVI, seed 5, iteration 460, time: 273.9365224838257
Starting label LEVI, seed 5, iteration 470, time: 280.5842697620392
Starting label LEVI, seed 5, iteration 480, time: 287.12528371810913
Starting label LEVI, seed 5, iteration 490, time: 293.98502826690674
Starting label LEVI, seed 5, iteration 500, time: 300.7925543785095
Starting label LEVI, seed 5, iteration 510, time: 307.9635512828827
submitit WARNING (2022-10-02 01:55:12,446) - Bypassing signal SIGCONT
submitit WARNING (2022-10-02 01:55:12,448) - Bypassing signal SIGTERM
Starting label LEVI, seed 5, iteration 520, time: 315.0998089313507
Starting label LEVI, seed 5, iteration 530, time: 322.06014943122864
Starting label LEVI, seed 5, iteration 540, time: 328.9224627017975
Starting label LEVI, seed 5, iteration 550, time: 335.85226917266846
Starting label LEVI, seed 5, iteration 560, time: 342.72767782211304
