submitit INFO (2022-10-02 00:16:33,042) - Starting with JobEnvironment(job_id=883191_5, hostname=hariharan-compute-02.cs.cornell.edu, local_rank=0(1), node=0(1), global_rank=0(1))
submitit INFO (2022-10-02 00:16:33,043) - Loading pickle: /home/gid-cakmaks/contextual_rs/experiments/wsc_experiments/logs/883191_5/883191_5_submitted.pkl
Starting label LEVI, seed 95, iteration 0, time: 0.0001747608184814453
Starting label LEVI, seed 95, iteration 10, time: 2.653019666671753
Starting label LEVI, seed 95, iteration 20, time: 5.2908360958099365
Starting label LEVI, seed 95, iteration 30, time: 7.984601259231567
Starting label LEVI, seed 95, iteration 40, time: 10.62660551071167
Starting label LEVI, seed 95, iteration 50, time: 13.303493738174438
Starting label LEVI, seed 95, iteration 60, time: 16.11170792579651
Starting label LEVI, seed 95, iteration 70, time: 18.908077716827393
Starting label LEVI, seed 95, iteration 80, time: 21.611685514450073
Starting label LEVI, seed 95, iteration 90, time: 32.66310119628906
Starting label LEVI, seed 95, iteration 100, time: 35.31272745132446
Starting label LEVI, seed 95, iteration 110, time: 37.98692774772644
Starting label LEVI, seed 95, iteration 120, time: 40.62517714500427
Starting label LEVI, seed 95, iteration 130, time: 43.333231925964355
Starting label LEVI, seed 95, iteration 140, time: 46.1695613861084
Starting label LEVI, seed 95, iteration 150, time: 48.89727711677551
Starting label LEVI, seed 95, iteration 160, time: 51.56854057312012
Starting label LEVI, seed 95, iteration 170, time: 54.18908166885376
Starting label LEVI, seed 95, iteration 180, time: 56.860066652297974
Starting label LEVI, seed 95, iteration 190, time: 59.58313965797424
Starting label LEVI, seed 95, iteration 200, time: 62.30130410194397
Starting label LEVI, seed 95, iteration 210, time: 65.04756021499634
Starting label LEVI, seed 95, iteration 220, time: 67.73207664489746
Starting label LEVI, seed 95, iteration 230, time: 70.54788136482239
Starting label LEVI, seed 95, iteration 240, time: 73.2557954788208
Starting label LEVI, seed 95, iteration 250, time: 75.92383337020874
Starting label LEVI, seed 95, iteration 260, time: 78.5824384689331
Starting label LEVI, seed 95, iteration 270, time: 81.2297511100769
Starting label LEVI, seed 95, iteration 280, time: 83.87408590316772
Starting label LEVI, seed 95, iteration 290, time: 99.88689351081848
Starting label LEVI, seed 95, iteration 300, time: 157.75974106788635
Starting label LEVI, seed 95, iteration 310, time: 160.6272737979889
Starting label LEVI, seed 95, iteration 320, time: 196.25527501106262
Starting label LEVI, seed 95, iteration 330, time: 282.8644564151764
Starting label LEVI, seed 95, iteration 340, time: 288.1969385147095
Starting label LEVI, seed 95, iteration 350, time: 290.9552958011627
Starting label LEVI, seed 95, iteration 360, time: 293.7832179069519
Starting label LEVI, seed 95, iteration 370, time: 296.5817914009094
Starting label LEVI, seed 95, iteration 380, time: 299.3836827278137
Starting label LEVI, seed 95, iteration 390, time: 302.34494829177856
Starting label LEVI, seed 95, iteration 400, time: 305.1771104335785
Starting label LEVI, seed 95, iteration 410, time: 309.2274224758148
Starting label LEVI, seed 95, iteration 420, time: 331.739857673645
Starting label LEVI, seed 95, iteration 430, time: 336.6356735229492
Starting label LEVI, seed 95, iteration 440, time: 341.20120453834534
Starting label LEVI, seed 95, iteration 450, time: 372.5851697921753
Starting label LEVI, seed 95, iteration 460, time: 387.5174357891083
Starting label LEVI, seed 95, iteration 470, time: 391.8459722995758
Starting label LEVI, seed 95, iteration 480, time: 397.18334007263184
Starting label LEVI, seed 95, iteration 490, time: 402.4064073562622
Starting label LEVI, seed 95, iteration 500, time: 423.8683853149414
Starting label LEVI, seed 95, iteration 510, time: 428.421692609787
Starting label LEVI, seed 95, iteration 520, time: 450.9548661708832
Starting label LEVI, seed 95, iteration 530, time: 457.09473752975464
Starting label LEVI, seed 95, iteration 540, time: 461.8983619213104
Starting label LEVI, seed 95, iteration 550, time: 468.228652715683
Starting label LEVI, seed 95, iteration 560, time: 475.811283826828
Starting label LEVI, seed 95, iteration 570, time: 481.42903447151184
Starting label LEVI, seed 95, iteration 580, time: 487.5246956348419
Starting label LEVI, seed 95, iteration 590, time: 492.27585887908936
Starting label LEVI, seed 95, iteration 600, time: 497.2122836112976
Starting label LEVI, seed 95, iteration 610, time: 502.69164991378784
Starting label LEVI, seed 95, iteration 620, time: 508.1288878917694
Starting label LEVI, seed 95, iteration 630, time: 513.7987365722656
Starting label LEVI, seed 95, iteration 640, time: 520.0031282901764
Starting label LEVI, seed 95, iteration 650, time: 525.6327908039093
Starting label LEVI, seed 95, iteration 660, time: 530.1040484905243
Starting label LEVI, seed 95, iteration 670, time: 679.9127585887909
Starting label LEVI, seed 95, iteration 680, time: 699.4395689964294
Starting label LEVI, seed 95, iteration 690, time: 703.4929850101471
Starting label LEVI, seed 95, iteration 700, time: 706.8458859920502
Starting label LEVI, seed 95, iteration 710, time: 710.2517282962799
Starting label LEVI, seed 95, iteration 720, time: 713.5537285804749
Starting label LEVI, seed 95, iteration 730, time: 716.7746045589447
Starting label LEVI, seed 95, iteration 740, time: 720.065646648407
Starting label LEVI, seed 95, iteration 750, time: 723.6285712718964
Starting label LEVI, seed 95, iteration 760, time: 727.0406332015991
Starting label LEVI, seed 95, iteration 770, time: 730.3840408325195
Starting label LEVI, seed 95, iteration 780, time: 733.7094774246216
Starting label LEVI, seed 95, iteration 790, time: 737.0689654350281
Starting label LEVI, seed 95, iteration 800, time: 740.4088213443756
Starting label LEVI, seed 95, iteration 810, time: 743.8466992378235
Starting label LEVI, seed 95, iteration 820, time: 747.2790834903717
Starting label LEVI, seed 95, iteration 830, time: 750.6475169658661
submitit WARNING (2022-10-02 00:29:08,129) - Bypassing signal SIGCONT
submitit WARNING (2022-10-02 00:29:08,213) - Bypassing signal SIGTERM
Starting label LEVI, seed 95, iteration 840, time: 754.1399087905884
Starting label LEVI, seed 95, iteration 850, time: 757.3953356742859
Starting label LEVI, seed 95, iteration 860, time: 760.668372631073
Starting label LEVI, seed 95, iteration 870, time: 764.1608979701996
Starting label LEVI, seed 95, iteration 880, time: 767.6003296375275
Starting label LEVI, seed 95, iteration 890, time: 771.104971408844
Starting label LEVI, seed 95, iteration 900, time: 774.6373522281647
Starting label LEVI, seed 95, iteration 910, time: 778.1743822097778
Starting label LEVI, seed 95, iteration 920, time: 781.6352052688599
