submitit INFO (2022-10-02 04:15:24,681) - Starting with JobEnvironment(job_id=884031_3, hostname=sablab-gpu-02.ece.cornell.edu, local_rank=0(1), node=0(1), global_rank=0(1))
submitit INFO (2022-10-02 04:15:24,681) - Loading pickle: /home/gid-cakmaks/contextual_rs/experiments/wsc_experiments/logs/884031_3/884031_3_submitted.pkl
Appending iterations to existing output!Warning: If parameters other than `iterations` have been changed, this will corrupt the output!
Starting label LEVI, seed 58, iteration 1480, time: 672.735692024231
Starting label LEVI, seed 58, iteration 1490, time: 680.2893469333649
Starting label LEVI, seed 58, iteration 1500, time: 687.6635553836823
Starting label LEVI, seed 58, iteration 1510, time: 695.2536461353302
Starting label LEVI, seed 58, iteration 1520, time: 702.979572057724
Starting label LEVI, seed 58, iteration 1530, time: 711.8731698989868
Starting label LEVI, seed 58, iteration 1540, time: 719.8495066165924
Starting label LEVI, seed 58, iteration 1550, time: 728.1307082176208
Starting label LEVI, seed 58, iteration 1560, time: 736.3604426383972
Starting label LEVI, seed 58, iteration 1570, time: 744.5384058952332
Starting label LEVI, seed 58, iteration 1580, time: 752.5283904075623
Starting label LEVI, seed 58, iteration 1590, time: 761.0142798423767
Starting label LEVI, seed 58, iteration 1600, time: 768.5145580768585
Starting label LEVI, seed 58, iteration 1610, time: 775.9222810268402
Starting label LEVI, seed 58, iteration 1620, time: 783.7161326408386
Starting label LEVI, seed 58, iteration 1630, time: 791.3469381332397
Starting label LEVI, seed 58, iteration 1640, time: 799.435426235199
Starting label LEVI, seed 58, iteration 1650, time: 807.9112465381622
Starting label LEVI, seed 58, iteration 1660, time: 815.9709374904633
Starting label LEVI, seed 58, iteration 1670, time: 824.5076315402985
Starting label LEVI, seed 58, iteration 1680, time: 833.070629119873
Starting label LEVI, seed 58, iteration 1690, time: 840.9748861789703
Starting label LEVI, seed 58, iteration 1700, time: 848.7172260284424
Starting label LEVI, seed 58, iteration 1710, time: 856.559294462204
Starting label LEVI, seed 58, iteration 1720, time: 864.4219753742218
Starting label LEVI, seed 58, iteration 1730, time: 872.3758456707001
Starting label LEVI, seed 58, iteration 1740, time: 880.2521750926971
Starting label LEVI, seed 58, iteration 1750, time: 888.4708595275879
Starting label LEVI, seed 58, iteration 1760, time: 896.2646067142487
Starting label LEVI, seed 58, iteration 1770, time: 904.1379323005676
Starting label LEVI, seed 58, iteration 1780, time: 912.0676271915436
Starting label LEVI, seed 58, iteration 1790, time: 920.1999356746674
Starting label LEVI, seed 58, iteration 1800, time: 928.4448010921478
Starting label LEVI, seed 58, iteration 1810, time: 937.1940829753876
Starting label LEVI, seed 58, iteration 1820, time: 945.8580162525177
Starting label LEVI, seed 58, iteration 1830, time: 954.6761701107025
Starting label LEVI, seed 58, iteration 1840, time: 963.1147036552429
Starting label LEVI, seed 58, iteration 1850, time: 970.8349766731262
Starting label LEVI, seed 58, iteration 1860, time: 978.5336270332336
Starting label LEVI, seed 58, iteration 1870, time: 987.0466210842133
Starting label LEVI, seed 58, iteration 1880, time: 996.0045020580292
Starting label LEVI, seed 58, iteration 1890, time: 1004.9147083759308
Starting label LEVI, seed 58, iteration 1900, time: 1012.6491248607635
Starting label LEVI, seed 58, iteration 1910, time: 1020.3420600891113
Starting label LEVI, seed 58, iteration 1920, time: 1028.177119255066
Starting label LEVI, seed 58, iteration 1930, time: 1035.912453174591
Starting label LEVI, seed 58, iteration 1940, time: 1044.9541597366333
Starting label LEVI, seed 58, iteration 1950, time: 1054.0997540950775
Starting label LEVI, seed 58, iteration 1960, time: 1063.0391273498535
Starting label LEVI, seed 58, iteration 1970, time: 1071.9923071861267
Starting label LEVI, seed 58, iteration 1980, time: 1080.625497341156
Starting label LEVI, seed 58, iteration 1990, time: 1089.3658998012543
submitit INFO (2022-10-02 04:22:32,557) - Job completed successfully
