submitit INFO (2022-10-02 13:27:24,198) - Starting with JobEnvironment(job_id=884571_0, hostname=sablab-gpu-11.ece.cornell.edu, local_rank=0(1), node=0(1), global_rank=0(1))
submitit INFO (2022-10-02 13:27:24,198) - Loading pickle: /home/gid-cakmaks/contextual_rs/experiments/wsc_experiments/logs/884571_0/884571_0_submitted.pkl
Appending iterations to existing output!Warning: If parameters other than `iterations` have been changed, this will corrupt the output!
Starting label LEVI, seed 50, iteration 480, time: 310.2861511707306
Starting label LEVI, seed 50, iteration 490, time: 317.81797432899475
Starting label LEVI, seed 50, iteration 500, time: 324.8543858528137
Starting label LEVI, seed 50, iteration 510, time: 331.787921667099
Starting label LEVI, seed 50, iteration 520, time: 338.76834511756897
Starting label LEVI, seed 50, iteration 530, time: 345.95672059059143
Starting label LEVI, seed 50, iteration 540, time: 352.9716372489929
Starting label LEVI, seed 50, iteration 550, time: 360.11207938194275
Starting label LEVI, seed 50, iteration 560, time: 367.1979238986969
Starting label LEVI, seed 50, iteration 570, time: 374.1529190540314
Starting label LEVI, seed 50, iteration 580, time: 381.41480684280396
Starting label LEVI, seed 50, iteration 590, time: 388.5267975330353
Starting label LEVI, seed 50, iteration 600, time: 395.6721968650818
Starting label LEVI, seed 50, iteration 610, time: 402.96762108802795
Starting label LEVI, seed 50, iteration 620, time: 410.30358624458313
Starting label LEVI, seed 50, iteration 630, time: 417.68624234199524
Starting label LEVI, seed 50, iteration 640, time: 425.2300560474396
Starting label LEVI, seed 50, iteration 650, time: 433.25107526779175
Starting label LEVI, seed 50, iteration 660, time: 440.98462653160095
Starting label LEVI, seed 50, iteration 670, time: 449.6020827293396
Starting label LEVI, seed 50, iteration 680, time: 458.12669491767883
Starting label LEVI, seed 50, iteration 690, time: 466.5031270980835
Starting label LEVI, seed 50, iteration 700, time: 475.12905502319336
Starting label LEVI, seed 50, iteration 710, time: 483.817351102829
Starting label LEVI, seed 50, iteration 720, time: 492.41294622421265
Starting label LEVI, seed 50, iteration 730, time: 501.2650668621063
Starting label LEVI, seed 50, iteration 740, time: 509.14291048049927
Starting label LEVI, seed 50, iteration 750, time: 516.9974973201752
Starting label LEVI, seed 50, iteration 760, time: 525.2855815887451
Starting label LEVI, seed 50, iteration 770, time: 534.0373411178589
Starting label LEVI, seed 50, iteration 780, time: 542.6149396896362
Starting label LEVI, seed 50, iteration 790, time: 551.0613713264465
Starting label LEVI, seed 50, iteration 800, time: 559.683381319046
Starting label LEVI, seed 50, iteration 810, time: 568.1351826190948
Starting label LEVI, seed 50, iteration 820, time: 576.8122434616089
Starting label LEVI, seed 50, iteration 830, time: 586.2744040489197
Starting label LEVI, seed 50, iteration 840, time: 594.2232539653778
Starting label LEVI, seed 50, iteration 850, time: 602.0716679096222
Starting label LEVI, seed 50, iteration 860, time: 610.3984067440033
Starting label LEVI, seed 50, iteration 870, time: 618.680850982666
Starting label LEVI, seed 50, iteration 880, time: 627.2611980438232
Starting label LEVI, seed 50, iteration 890, time: 635.6883687973022
Starting label LEVI, seed 50, iteration 900, time: 644.0266351699829
Starting label LEVI, seed 50, iteration 910, time: 652.6211750507355
Starting label LEVI, seed 50, iteration 920, time: 661.4857356548309
Starting label LEVI, seed 50, iteration 930, time: 670.274130821228
Starting label LEVI, seed 50, iteration 940, time: 679.274197101593
Starting label LEVI, seed 50, iteration 950, time: 687.8507692813873
Starting label LEVI, seed 50, iteration 960, time: 696.4017150402069
Starting label LEVI, seed 50, iteration 970, time: 704.9809336662292
Starting label LEVI, seed 50, iteration 980, time: 713.4976589679718
Starting label LEVI, seed 50, iteration 990, time: 722.0626437664032
Starting label LEVI, seed 50, iteration 1000, time: 730.7235560417175
Starting label LEVI, seed 50, iteration 1010, time: 740.4594235420227
Starting label LEVI, seed 50, iteration 1020, time: 749.232257604599
Starting label LEVI, seed 50, iteration 1030, time: 757.6756751537323
Starting label LEVI, seed 50, iteration 1040, time: 766.0892510414124
Starting label LEVI, seed 50, iteration 1050, time: 774.9148902893066
Starting label LEVI, seed 50, iteration 1060, time: 783.6726207733154
Starting label LEVI, seed 50, iteration 1070, time: 792.0046918392181
Starting label LEVI, seed 50, iteration 1080, time: 800.389262676239
Starting label LEVI, seed 50, iteration 1090, time: 808.9125797748566
Starting label LEVI, seed 50, iteration 1100, time: 818.0039377212524
Starting label LEVI, seed 50, iteration 1110, time: 827.182911157608
Starting label LEVI, seed 50, iteration 1120, time: 836.4951300621033
Starting label LEVI, seed 50, iteration 1130, time: 845.1797816753387
Starting label LEVI, seed 50, iteration 1140, time: 854.7552587985992
Starting label LEVI, seed 50, iteration 1150, time: 863.1067085266113
Starting label LEVI, seed 50, iteration 1160, time: 871.5924911499023
Starting label LEVI, seed 50, iteration 1170, time: 881.4543786048889
Starting label LEVI, seed 50, iteration 1180, time: 890.0575814247131
Starting label LEVI, seed 50, iteration 1190, time: 899.4127612113953
Starting label LEVI, seed 50, iteration 1200, time: 908.0772666931152
Starting label LEVI, seed 50, iteration 1210, time: 917.2398262023926
Starting label LEVI, seed 50, iteration 1220, time: 926.3172430992126
Starting label LEVI, seed 50, iteration 1230, time: 935.4323992729187
Starting label LEVI, seed 50, iteration 1240, time: 944.3846137523651
Starting label LEVI, seed 50, iteration 1250, time: 953.8770015239716
Starting label LEVI, seed 50, iteration 1260, time: 962.6464810371399
Starting label LEVI, seed 50, iteration 1270, time: 972.0502667427063
Starting label LEVI, seed 50, iteration 1280, time: 981.0088567733765
Starting label LEVI, seed 50, iteration 1290, time: 990.2193560600281
Starting label LEVI, seed 50, iteration 1300, time: 999.5348627567291
Starting label LEVI, seed 50, iteration 1310, time: 1008.5129010677338
Starting label LEVI, seed 50, iteration 1320, time: 1018.0185902118683
Starting label LEVI, seed 50, iteration 1330, time: 1027.8399209976196
Starting label LEVI, seed 50, iteration 1340, time: 1038.096135377884
Starting label LEVI, seed 50, iteration 1350, time: 1047.9430334568024
Starting label LEVI, seed 50, iteration 1360, time: 1057.0715012550354
Starting label LEVI, seed 50, iteration 1370, time: 1066.4418504238129
Starting label LEVI, seed 50, iteration 1380, time: 1075.8347182273865
Starting label LEVI, seed 50, iteration 1390, time: 1084.8887827396393
Starting label LEVI, seed 50, iteration 1400, time: 1093.7818810939789
Starting label LEVI, seed 50, iteration 1410, time: 1102.1324248313904
Starting label LEVI, seed 50, iteration 1420, time: 1111.6007177829742
Starting label LEVI, seed 50, iteration 1430, time: 1120.8043296337128
Starting label LEVI, seed 50, iteration 1440, time: 1131.4123139381409
Starting label LEVI, seed 50, iteration 1450, time: 1142.174996137619
Starting label LEVI, seed 50, iteration 1460, time: 1152.584787607193
Starting label LEVI, seed 50, iteration 1470, time: 1163.6002714633942
Starting label LEVI, seed 50, iteration 1480, time: 1174.6071758270264
Starting label LEVI, seed 50, iteration 1490, time: 1185.6186628341675
Starting label LEVI, seed 50, iteration 1500, time: 1196.215419769287
Starting label LEVI, seed 50, iteration 1510, time: 1207.557697057724
Starting label LEVI, seed 50, iteration 1520, time: 1219.1778061389923
Starting label LEVI, seed 50, iteration 1530, time: 1229.795646905899
Starting label LEVI, seed 50, iteration 1540, time: 1240.259675502777
Starting label LEVI, seed 50, iteration 1550, time: 1250.7987263202667
Starting label LEVI, seed 50, iteration 1560, time: 1261.5639688968658
Starting label LEVI, seed 50, iteration 1570, time: 1272.23903465271
Starting label LEVI, seed 50, iteration 1580, time: 1282.44060921669
Starting label LEVI, seed 50, iteration 1590, time: 1292.287581205368
Starting label LEVI, seed 50, iteration 1600, time: 1301.958328962326
Starting label LEVI, seed 50, iteration 1610, time: 1311.8364679813385
Starting label LEVI, seed 50, iteration 1620, time: 1321.1052436828613
Starting label LEVI, seed 50, iteration 1630, time: 1331.1056907176971
Starting label LEVI, seed 50, iteration 1640, time: 1341.4754259586334
Starting label LEVI, seed 50, iteration 1650, time: 1352.1612236499786
Starting label LEVI, seed 50, iteration 1660, time: 1362.5775756835938
Starting label LEVI, seed 50, iteration 1670, time: 1373.8198401927948
Starting label LEVI, seed 50, iteration 1680, time: 1384.5614085197449
Starting label LEVI, seed 50, iteration 1690, time: 1395.023155927658
Starting label LEVI, seed 50, iteration 1700, time: 1405.9150123596191
Starting label LEVI, seed 50, iteration 1710, time: 1417.1212890148163
Starting label LEVI, seed 50, iteration 1720, time: 1427.653014421463
Starting label LEVI, seed 50, iteration 1730, time: 1437.8978893756866
Starting label LEVI, seed 50, iteration 1740, time: 1450.8464505672455
Starting label LEVI, seed 50, iteration 1750, time: 1463.6798474788666
Starting label LEVI, seed 50, iteration 1760, time: 1474.4880621433258
Starting label LEVI, seed 50, iteration 1770, time: 1485.1176869869232
Starting label LEVI, seed 50, iteration 1780, time: 1495.755072593689
Starting label LEVI, seed 50, iteration 1790, time: 1508.219607591629
Starting label LEVI, seed 50, iteration 1800, time: 1519.8172540664673
Starting label LEVI, seed 50, iteration 1810, time: 1532.3106558322906
Starting label LEVI, seed 50, iteration 1820, time: 1545.0648505687714
Starting label LEVI, seed 50, iteration 1830, time: 1557.5256853103638
Starting label LEVI, seed 50, iteration 1840, time: 1567.933997631073
Starting label LEVI, seed 50, iteration 1850, time: 1578.8524146080017
Starting label LEVI, seed 50, iteration 1860, time: 1590.5660109519958
Starting label LEVI, seed 50, iteration 1870, time: 1602.1617925167084
Starting label LEVI, seed 50, iteration 1880, time: 1615.3208339214325
Starting label LEVI, seed 50, iteration 1890, time: 1627.4768393039703
Starting label LEVI, seed 50, iteration 1900, time: 1639.9625437259674
Starting label LEVI, seed 50, iteration 1910, time: 1652.3713624477386
Starting label LEVI, seed 50, iteration 1920, time: 1665.1945259571075
Starting label LEVI, seed 50, iteration 1930, time: 1677.9378175735474
Starting label LEVI, seed 50, iteration 1940, time: 1690.8079698085785
Starting label LEVI, seed 50, iteration 1950, time: 1702.4748940467834
Starting label LEVI, seed 50, iteration 1960, time: 1716.145527124405
Starting label LEVI, seed 50, iteration 1970, time: 1729.277901172638
Starting label LEVI, seed 50, iteration 1980, time: 1742.2097492218018
Starting label LEVI, seed 50, iteration 1990, time: 1754.6639618873596
submitit INFO (2022-10-02 13:51:46,659) - Job completed successfully
