submitit INFO (2022-10-02 13:26:32,274) - Starting with JobEnvironment(job_id=884521_8, hostname=joachims-compute-02.cs.cornell.edu, local_rank=0(1), node=0(1), global_rank=0(1))
submitit INFO (2022-10-02 13:26:32,274) - Loading pickle: /home/gid-cakmaks/contextual_rs/experiments/wsc_experiments/logs/884521_8/884521_8_submitted.pkl
Appending iterations to existing output!Warning: If parameters other than `iterations` have been changed, this will corrupt the output!
Starting label LEVI, seed 8, iteration 610, time: 341.49998569488525
Starting label LEVI, seed 8, iteration 620, time: 368.8064193725586
Starting label LEVI, seed 8, iteration 630, time: 402.45354890823364
Starting label LEVI, seed 8, iteration 640, time: 439.2855293750763
Starting label LEVI, seed 8, iteration 650, time: 473.76347970962524
Starting label LEVI, seed 8, iteration 660, time: 524.147579908371
Starting label LEVI, seed 8, iteration 670, time: 567.6719398498535
Starting label LEVI, seed 8, iteration 680, time: 587.4334840774536
Starting label LEVI, seed 8, iteration 690, time: 634.1381943225861
Starting label LEVI, seed 8, iteration 700, time: 682.9348692893982
Starting label LEVI, seed 8, iteration 710, time: 701.193418264389
Starting label LEVI, seed 8, iteration 720, time: 750.066424369812
Starting label LEVI, seed 8, iteration 730, time: 798.0282406806946
Starting label LEVI, seed 8, iteration 740, time: 844.0999352931976
Starting label LEVI, seed 8, iteration 750, time: 892.544107913971
Starting label LEVI, seed 8, iteration 760, time: 950.1724941730499
Starting label LEVI, seed 8, iteration 770, time: 1012.8549642562866
Starting label LEVI, seed 8, iteration 780, time: 1059.047669172287
Starting label LEVI, seed 8, iteration 790, time: 1104.407832622528
Starting label LEVI, seed 8, iteration 800, time: 1138.8633825778961
Starting label LEVI, seed 8, iteration 810, time: 1160.0404036045074
Starting label LEVI, seed 8, iteration 820, time: 1183.8946471214294
Starting label LEVI, seed 8, iteration 830, time: 1222.9901070594788
Starting label LEVI, seed 8, iteration 840, time: 1268.6111388206482
Starting label LEVI, seed 8, iteration 850, time: 1321.5858891010284
Starting label LEVI, seed 8, iteration 860, time: 1367.8657493591309
Starting label LEVI, seed 8, iteration 870, time: 1406.2028419971466
Starting label LEVI, seed 8, iteration 880, time: 1442.46537566185
Starting label LEVI, seed 8, iteration 890, time: 1488.005316734314
Starting label LEVI, seed 8, iteration 900, time: 1535.7716689109802
Starting label LEVI, seed 8, iteration 910, time: 1583.300047159195
Starting label LEVI, seed 8, iteration 920, time: 1598.7751696109772
Starting label LEVI, seed 8, iteration 930, time: 1629.8167645931244
Starting label LEVI, seed 8, iteration 940, time: 1670.8549485206604
Starting label LEVI, seed 8, iteration 950, time: 1709.189087152481
Starting label LEVI, seed 8, iteration 960, time: 1753.1496770381927
Starting label LEVI, seed 8, iteration 970, time: 1803.3120954036713
Starting label LEVI, seed 8, iteration 980, time: 1848.7304639816284
Starting label LEVI, seed 8, iteration 990, time: 1900.7325315475464
Starting label LEVI, seed 8, iteration 1000, time: 1955.744746685028
Starting label LEVI, seed 8, iteration 1010, time: 2015.558569908142
Starting label LEVI, seed 8, iteration 1020, time: 2039.8747510910034
Starting label LEVI, seed 8, iteration 1030, time: 2101.2593281269073
Starting label LEVI, seed 8, iteration 1040, time: 2154.9098875522614
Starting label LEVI, seed 8, iteration 1050, time: 2204.633437395096
Starting label LEVI, seed 8, iteration 1060, time: 2249.9124808311462
Starting label LEVI, seed 8, iteration 1070, time: 2300.6633775234222
Starting label LEVI, seed 8, iteration 1080, time: 2356.5976192951202
Starting label LEVI, seed 8, iteration 1090, time: 2412.0588216781616
Starting label LEVI, seed 8, iteration 1100, time: 2480.5329220294952
Starting label LEVI, seed 8, iteration 1110, time: 2534.275746822357
Starting label LEVI, seed 8, iteration 1120, time: 2598.886591911316
Starting label LEVI, seed 8, iteration 1130, time: 2656.5203909873962
Starting label LEVI, seed 8, iteration 1140, time: 2719.9946160316467
Starting label LEVI, seed 8, iteration 1150, time: 2780.658336162567
Starting label LEVI, seed 8, iteration 1160, time: 2846.906354665756
Starting label LEVI, seed 8, iteration 1170, time: 2906.633768558502
Starting label LEVI, seed 8, iteration 1180, time: 2957.0315387248993
Starting label LEVI, seed 8, iteration 1190, time: 3015.706292152405
Starting label LEVI, seed 8, iteration 1200, time: 3070.2689340114594
Starting label LEVI, seed 8, iteration 1210, time: 3125.4132680892944
Starting label LEVI, seed 8, iteration 1220, time: 3159.2086577415466
Starting label LEVI, seed 8, iteration 1230, time: 3181.0428619384766
Starting label LEVI, seed 8, iteration 1240, time: 3202.628083229065
Starting label LEVI, seed 8, iteration 1250, time: 3216.4536175727844
Starting label LEVI, seed 8, iteration 1260, time: 3236.0497732162476
Starting label LEVI, seed 8, iteration 1270, time: 3251.5222256183624
Starting label LEVI, seed 8, iteration 1280, time: 3270.419642686844
Starting label LEVI, seed 8, iteration 1290, time: 3290.5566833019257
Starting label LEVI, seed 8, iteration 1300, time: 3305.7599658966064
Starting label LEVI, seed 8, iteration 1310, time: 3324.514583349228
Starting label LEVI, seed 8, iteration 1320, time: 3344.052095413208
Starting label LEVI, seed 8, iteration 1330, time: 3364.248502254486
Starting label LEVI, seed 8, iteration 1340, time: 3385.3888170719147
Starting label LEVI, seed 8, iteration 1350, time: 3406.3011467456818
Starting label LEVI, seed 8, iteration 1360, time: 3423.295944929123
Starting label LEVI, seed 8, iteration 1370, time: 3432.402901649475
Starting label LEVI, seed 8, iteration 1380, time: 3440.7004392147064
Starting label LEVI, seed 8, iteration 1390, time: 3450.276087999344
Starting label LEVI, seed 8, iteration 1400, time: 3459.802809238434
Starting label LEVI, seed 8, iteration 1410, time: 3469.0316441059113
Starting label LEVI, seed 8, iteration 1420, time: 3478.7969150543213
Starting label LEVI, seed 8, iteration 1430, time: 3487.728938817978
Starting label LEVI, seed 8, iteration 1440, time: 3497.000007390976
Starting label LEVI, seed 8, iteration 1450, time: 3506.198241710663
Starting label LEVI, seed 8, iteration 1460, time: 3516.544478416443
Starting label LEVI, seed 8, iteration 1470, time: 3526.406814098358
Starting label LEVI, seed 8, iteration 1480, time: 3537.331463575363
Starting label LEVI, seed 8, iteration 1490, time: 3547.2113399505615
Starting label LEVI, seed 8, iteration 1500, time: 3556.629173517227
Starting label LEVI, seed 8, iteration 1510, time: 3566.6266005039215
Starting label LEVI, seed 8, iteration 1520, time: 3577.2871408462524
Starting label LEVI, seed 8, iteration 1530, time: 3587.8628647327423
Starting label LEVI, seed 8, iteration 1540, time: 3597.7180812358856
Starting label LEVI, seed 8, iteration 1550, time: 3608.301014184952
Starting label LEVI, seed 8, iteration 1560, time: 3618.630913734436
Starting label LEVI, seed 8, iteration 1570, time: 3628.8628692626953
Starting label LEVI, seed 8, iteration 1580, time: 3639.2135548591614
Starting label LEVI, seed 8, iteration 1590, time: 3649.957127094269
Starting label LEVI, seed 8, iteration 1600, time: 3660.8900146484375
Starting label LEVI, seed 8, iteration 1610, time: 3672.204606771469
Starting label LEVI, seed 8, iteration 1620, time: 3684.338434457779
Starting label LEVI, seed 8, iteration 1630, time: 3696.782799243927
Starting label LEVI, seed 8, iteration 1640, time: 3708.178512096405
Starting label LEVI, seed 8, iteration 1650, time: 3720.459547519684
Starting label LEVI, seed 8, iteration 1660, time: 3733.1662032604218
Starting label LEVI, seed 8, iteration 1670, time: 3745.6951518058777
Starting label LEVI, seed 8, iteration 1680, time: 3758.020342350006
Starting label LEVI, seed 8, iteration 1690, time: 3770.7868616580963
Starting label LEVI, seed 8, iteration 1700, time: 3782.9623141288757
Starting label LEVI, seed 8, iteration 1710, time: 3795.084436416626
Starting label LEVI, seed 8, iteration 1720, time: 3807.0376567840576
Starting label LEVI, seed 8, iteration 1730, time: 3817.2916297912598
submitit WARNING (2022-10-02 14:24:41,677) - Bypassing signal SIGCONT
submitit INFO (2022-10-02 14:24:41,679) - Job has timed out. Ran 58 minutes out of requested 60 minutes.
submitit WARNING (2022-10-02 14:24:41,679) - Caught signal SIGUSR2 on joachims-compute-02.cs.cornell.edu: this job is timed-out.
submitit INFO (2022-10-02 14:24:41,679) - Job not requeued because: timed-out and not checkpointable.
submitit ERROR (2022-10-02 14:24:41,691) - Submitted job triggered an exception
