submitit INFO (2022-10-02 01:23:22,655) - Starting with JobEnvironment(job_id=883449_6, hostname=tripods-compute-02.cs.cornell.edu, local_rank=0(1), node=0(1), global_rank=0(1))
submitit INFO (2022-10-02 01:23:22,656) - Loading pickle: /home/gid-cakmaks/contextual_rs/experiments/wsc_experiments/logs/883449_6/883449_6_submitted.pkl
Starting label LEVI, seed 36, iteration 0, time: 0.0005424022674560547
Starting label LEVI, seed 36, iteration 10, time: 4.230106592178345
Starting label LEVI, seed 36, iteration 20, time: 8.306830167770386
Starting label LEVI, seed 36, iteration 30, time: 12.633868932723999
Starting label LEVI, seed 36, iteration 40, time: 17.164636611938477
Starting label LEVI, seed 36, iteration 50, time: 21.686903953552246
Starting label LEVI, seed 36, iteration 60, time: 26.27588701248169
Starting label LEVI, seed 36, iteration 70, time: 31.219677448272705
Starting label LEVI, seed 36, iteration 80, time: 36.03588843345642
Starting label LEVI, seed 36, iteration 90, time: 40.922470569610596
Starting label LEVI, seed 36, iteration 100, time: 46.20827579498291
Starting label LEVI, seed 36, iteration 110, time: 51.442442655563354
Starting label LEVI, seed 36, iteration 120, time: 57.12831902503967
Starting label LEVI, seed 36, iteration 130, time: 62.56968927383423
Starting label LEVI, seed 36, iteration 140, time: 68.17210626602173
Starting label LEVI, seed 36, iteration 150, time: 74.20531058311462
Starting label LEVI, seed 36, iteration 160, time: 79.89950823783875
Starting label LEVI, seed 36, iteration 170, time: 85.9277503490448
Starting label LEVI, seed 36, iteration 180, time: 91.96800231933594
Starting label LEVI, seed 36, iteration 190, time: 97.94820761680603
Starting label LEVI, seed 36, iteration 200, time: 103.95518660545349
Starting label LEVI, seed 36, iteration 210, time: 109.7653796672821
Starting label LEVI, seed 36, iteration 220, time: 115.88599228858948
Starting label LEVI, seed 36, iteration 230, time: 122.07192587852478
Starting label LEVI, seed 36, iteration 240, time: 128.17303228378296
Starting label LEVI, seed 36, iteration 250, time: 134.4279227256775
Starting label LEVI, seed 36, iteration 260, time: 140.67852783203125
Starting label LEVI, seed 36, iteration 270, time: 147.09681963920593
Starting label LEVI, seed 36, iteration 280, time: 153.57277274131775
Starting label LEVI, seed 36, iteration 290, time: 159.88402700424194
Starting label LEVI, seed 36, iteration 300, time: 166.38430190086365
Starting label LEVI, seed 36, iteration 310, time: 172.85158967971802
Starting label LEVI, seed 36, iteration 320, time: 178.83341121673584
Starting label LEVI, seed 36, iteration 330, time: 185.11423015594482
Starting label LEVI, seed 36, iteration 340, time: 191.50951385498047
Starting label LEVI, seed 36, iteration 350, time: 198.03744888305664
Starting label LEVI, seed 36, iteration 360, time: 204.43224692344666
Starting label LEVI, seed 36, iteration 370, time: 210.74014043807983
Starting label LEVI, seed 36, iteration 380, time: 217.36030197143555
Starting label LEVI, seed 36, iteration 390, time: 223.92044711112976
Starting label LEVI, seed 36, iteration 400, time: 230.43434715270996
Starting label LEVI, seed 36, iteration 410, time: 236.80605792999268
Starting label LEVI, seed 36, iteration 420, time: 243.17178106307983
Starting label LEVI, seed 36, iteration 430, time: 249.68011093139648
Starting label LEVI, seed 36, iteration 440, time: 256.1538028717041
Starting label LEVI, seed 36, iteration 450, time: 263.043155670166
Starting label LEVI, seed 36, iteration 460, time: 269.5349864959717
Starting label LEVI, seed 36, iteration 470, time: 276.11078572273254
Starting label LEVI, seed 36, iteration 480, time: 282.83980560302734
Starting label LEVI, seed 36, iteration 490, time: 289.49651741981506
Starting label LEVI, seed 36, iteration 500, time: 296.0714099407196
Starting label LEVI, seed 36, iteration 510, time: 302.7752468585968
Starting label LEVI, seed 36, iteration 520, time: 309.68862199783325
Starting label LEVI, seed 36, iteration 530, time: 317.9616630077362
Starting label LEVI, seed 36, iteration 540, time: 325.2713255882263
Starting label LEVI, seed 36, iteration 550, time: 332.11311078071594
Starting label LEVI, seed 36, iteration 560, time: 338.97013998031616
Starting label LEVI, seed 36, iteration 570, time: 345.8743405342102
Starting label LEVI, seed 36, iteration 580, time: 353.01313042640686
Starting label LEVI, seed 36, iteration 590, time: 360.08142590522766
Starting label LEVI, seed 36, iteration 600, time: 366.99732732772827
Starting label LEVI, seed 36, iteration 610, time: 373.8791205883026
Starting label LEVI, seed 36, iteration 620, time: 380.8371727466583
Starting label LEVI, seed 36, iteration 630, time: 387.54559206962585
Starting label LEVI, seed 36, iteration 640, time: 394.41187930107117
Starting label LEVI, seed 36, iteration 650, time: 401.26305294036865
Starting label LEVI, seed 36, iteration 660, time: 408.1274302005768
Starting label LEVI, seed 36, iteration 670, time: 414.8810019493103
Starting label LEVI, seed 36, iteration 680, time: 422.7132782936096
Starting label LEVI, seed 36, iteration 690, time: 429.94167017936707
Starting label LEVI, seed 36, iteration 700, time: 436.93044114112854
Starting label LEVI, seed 36, iteration 710, time: 444.0589408874512
Starting label LEVI, seed 36, iteration 720, time: 452.08333921432495
Starting label LEVI, seed 36, iteration 730, time: 460.4178328514099
Starting label LEVI, seed 36, iteration 740, time: 468.77338886260986
Starting label LEVI, seed 36, iteration 750, time: 477.07403540611267
Starting label LEVI, seed 36, iteration 760, time: 485.4839987754822
Starting label LEVI, seed 36, iteration 770, time: 494.6144232749939
Starting label LEVI, seed 36, iteration 780, time: 504.81966733932495
Starting label LEVI, seed 36, iteration 790, time: 513.550261259079
Starting label LEVI, seed 36, iteration 800, time: 521.7663493156433
Starting label LEVI, seed 36, iteration 810, time: 530.4825093746185
Starting label LEVI, seed 36, iteration 820, time: 538.6282722949982
Starting label LEVI, seed 36, iteration 830, time: 546.6184639930725
Starting label LEVI, seed 36, iteration 840, time: 554.8407487869263
Starting label LEVI, seed 36, iteration 850, time: 564.6288692951202
Starting label LEVI, seed 36, iteration 860, time: 573.2644875049591
Starting label LEVI, seed 36, iteration 870, time: 581.7406566143036
Starting label LEVI, seed 36, iteration 880, time: 590.5367755889893
Starting label LEVI, seed 36, iteration 890, time: 598.7805190086365
Starting label LEVI, seed 36, iteration 900, time: 606.5591518878937
Starting label LEVI, seed 36, iteration 910, time: 614.4136810302734
Starting label LEVI, seed 36, iteration 920, time: 622.646318435669
Starting label LEVI, seed 36, iteration 930, time: 631.0809805393219
Starting label LEVI, seed 36, iteration 940, time: 639.7191915512085
Starting label LEVI, seed 36, iteration 950, time: 648.22363448143
Starting label LEVI, seed 36, iteration 960, time: 655.9830007553101
Starting label LEVI, seed 36, iteration 970, time: 663.7704448699951
Starting label LEVI, seed 36, iteration 980, time: 671.3726077079773
Starting label LEVI, seed 36, iteration 990, time: 678.7050821781158
Starting label LEVI, seed 36, iteration 1000, time: 686.1259291172028
Starting label LEVI, seed 36, iteration 1010, time: 693.8817179203033
Starting label LEVI, seed 36, iteration 1020, time: 701.8793187141418
Starting label LEVI, seed 36, iteration 1030, time: 709.7924275398254
Starting label LEVI, seed 36, iteration 1040, time: 717.5856184959412
Starting label LEVI, seed 36, iteration 1050, time: 725.4978792667389
Starting label LEVI, seed 36, iteration 1060, time: 733.4425654411316
Starting label LEVI, seed 36, iteration 1070, time: 741.2455937862396
Starting label LEVI, seed 36, iteration 1080, time: 748.886146068573
Starting label LEVI, seed 36, iteration 1090, time: 756.4002664089203
Starting label LEVI, seed 36, iteration 1100, time: 764.0507855415344
Starting label LEVI, seed 36, iteration 1110, time: 771.6428146362305
Starting label LEVI, seed 36, iteration 1120, time: 779.4621455669403
Starting label LEVI, seed 36, iteration 1130, time: 786.9462940692902
Starting label LEVI, seed 36, iteration 1140, time: 794.709329366684
Starting label LEVI, seed 36, iteration 1150, time: 802.4790861606598
Starting label LEVI, seed 36, iteration 1160, time: 810.2909421920776
Starting label LEVI, seed 36, iteration 1170, time: 817.807169675827
Starting label LEVI, seed 36, iteration 1180, time: 825.8415610790253
Starting label LEVI, seed 36, iteration 1190, time: 834.6888806819916
Starting label LEVI, seed 36, iteration 1200, time: 843.6955997943878
Starting label LEVI, seed 36, iteration 1210, time: 853.4433586597443
Starting label LEVI, seed 36, iteration 1220, time: 862.5405759811401
Starting label LEVI, seed 36, iteration 1230, time: 871.563946723938
Starting label LEVI, seed 36, iteration 1240, time: 880.7953207492828
Starting label LEVI, seed 36, iteration 1250, time: 889.4694147109985
Starting label LEVI, seed 36, iteration 1260, time: 899.6082305908203
Starting label LEVI, seed 36, iteration 1270, time: 910.0864067077637
Starting label LEVI, seed 36, iteration 1280, time: 919.577516078949
Starting label LEVI, seed 36, iteration 1290, time: 928.4645314216614
Starting label LEVI, seed 36, iteration 1300, time: 938.9612715244293
Starting label LEVI, seed 36, iteration 1310, time: 949.8217926025391
Starting label LEVI, seed 36, iteration 1320, time: 961.0914511680603
Starting label LEVI, seed 36, iteration 1330, time: 970.9369688034058
Starting label LEVI, seed 36, iteration 1340, time: 980.8406383991241
Starting label LEVI, seed 36, iteration 1350, time: 991.2487041950226
Starting label LEVI, seed 36, iteration 1360, time: 1002.0620765686035
Starting label LEVI, seed 36, iteration 1370, time: 1012.7878086566925
Starting label LEVI, seed 36, iteration 1380, time: 1023.1883668899536
Starting label LEVI, seed 36, iteration 1390, time: 1034.2479529380798
Starting label LEVI, seed 36, iteration 1400, time: 1044.0796790122986
Starting label LEVI, seed 36, iteration 1410, time: 1054.771951675415
Starting label LEVI, seed 36, iteration 1420, time: 1065.878761768341
Starting label LEVI, seed 36, iteration 1430, time: 1076.4730489253998
Starting label LEVI, seed 36, iteration 1440, time: 1087.9049441814423
Starting label LEVI, seed 36, iteration 1450, time: 1099.6112427711487
Starting label LEVI, seed 36, iteration 1460, time: 1110.5894830226898
Starting label LEVI, seed 36, iteration 1470, time: 1123.0928237438202
Starting label LEVI, seed 36, iteration 1480, time: 1135.143222808838
Starting label LEVI, seed 36, iteration 1490, time: 1147.1257736682892
Starting label LEVI, seed 36, iteration 1500, time: 1158.2265801429749
Starting label LEVI, seed 36, iteration 1510, time: 1169.33291721344
Starting label LEVI, seed 36, iteration 1520, time: 1180.3680679798126
Starting label LEVI, seed 36, iteration 1530, time: 1191.9560685157776
Starting label LEVI, seed 36, iteration 1540, time: 1203.1179478168488
Starting label LEVI, seed 36, iteration 1550, time: 1214.6452655792236
Starting label LEVI, seed 36, iteration 1560, time: 1226.7644522190094
Starting label LEVI, seed 36, iteration 1570, time: 1238.926774263382
Starting label LEVI, seed 36, iteration 1580, time: 1255.9395740032196
Starting label LEVI, seed 36, iteration 1590, time: 1268.8778927326202
Starting label LEVI, seed 36, iteration 1600, time: 1281.3805494308472
Starting label LEVI, seed 36, iteration 1610, time: 1293.668975353241
Starting label LEVI, seed 36, iteration 1620, time: 1308.3758311271667
Starting label LEVI, seed 36, iteration 1630, time: 1320.9104199409485
Starting label LEVI, seed 36, iteration 1640, time: 1332.4478044509888
Starting label LEVI, seed 36, iteration 1650, time: 1344.9870200157166
Starting label LEVI, seed 36, iteration 1660, time: 1359.0573167800903
Starting label LEVI, seed 36, iteration 1670, time: 1370.8705661296844
Starting label LEVI, seed 36, iteration 1680, time: 1383.6890070438385
Starting label LEVI, seed 36, iteration 1690, time: 1397.3574936389923
Starting label LEVI, seed 36, iteration 1700, time: 1410.5328271389008
Starting label LEVI, seed 36, iteration 1710, time: 1423.6379265785217
Starting label LEVI, seed 36, iteration 1720, time: 1436.202208518982
Starting label LEVI, seed 36, iteration 1730, time: 1448.478413105011
Starting label LEVI, seed 36, iteration 1740, time: 1461.7816214561462
Starting label LEVI, seed 36, iteration 1750, time: 1476.533784866333
Starting label LEVI, seed 36, iteration 1760, time: 1491.6062998771667
Starting label LEVI, seed 36, iteration 1770, time: 1507.5276234149933
Starting label LEVI, seed 36, iteration 1780, time: 1523.0289330482483
Starting label LEVI, seed 36, iteration 1790, time: 1537.1729962825775
Starting label LEVI, seed 36, iteration 1800, time: 1551.457538843155
submitit WARNING (2022-10-02 01:49:22,416) - Bypassing signal SIGTERM
submitit WARNING (2022-10-02 01:49:22,418) - Bypassing signal SIGCONT
Starting label LEVI, seed 36, iteration 1810, time: 1565.3534052371979
Starting label LEVI, seed 36, iteration 1820, time: 1580.773555278778
