submitit INFO (2022-10-02 01:49:55,930) - Starting with JobEnvironment(job_id=883523_9, hostname=sablab-gpu-02.ece.cornell.edu, local_rank=0(1), node=0(1), global_rank=0(1))
submitit INFO (2022-10-02 01:49:55,931) - Loading pickle: /home/gid-cakmaks/contextual_rs/experiments/wsc_experiments/logs/883523_9/883523_9_submitted.pkl
Starting label LEVI, seed 19, iteration 0, time: 0.0005085468292236328
Starting label LEVI, seed 19, iteration 10, time: 5.6907007694244385
Starting label LEVI, seed 19, iteration 20, time: 11.901784420013428
Starting label LEVI, seed 19, iteration 30, time: 17.270211935043335
Starting label LEVI, seed 19, iteration 40, time: 22.549367666244507
Starting label LEVI, seed 19, iteration 50, time: 27.878171920776367
Starting label LEVI, seed 19, iteration 60, time: 33.22639179229736
Starting label LEVI, seed 19, iteration 70, time: 38.58384728431702
Starting label LEVI, seed 19, iteration 80, time: 44.174415588378906
Starting label LEVI, seed 19, iteration 90, time: 49.73776912689209
Starting label LEVI, seed 19, iteration 100, time: 56.614436864852905
Starting label LEVI, seed 19, iteration 110, time: 63.47446608543396
Starting label LEVI, seed 19, iteration 120, time: 69.98417615890503
Starting label LEVI, seed 19, iteration 130, time: 76.96870231628418
Starting label LEVI, seed 19, iteration 140, time: 84.18439269065857
Starting label LEVI, seed 19, iteration 150, time: 91.28454494476318
Starting label LEVI, seed 19, iteration 160, time: 97.4368007183075
Starting label LEVI, seed 19, iteration 170, time: 103.6035418510437
Starting label LEVI, seed 19, iteration 180, time: 110.49225091934204
Starting label LEVI, seed 19, iteration 190, time: 116.28510236740112
Starting label LEVI, seed 19, iteration 200, time: 122.34728693962097
Starting label LEVI, seed 19, iteration 210, time: 128.30591988563538
Starting label LEVI, seed 19, iteration 220, time: 134.49361371994019
Starting label LEVI, seed 19, iteration 230, time: 140.51014232635498
Starting label LEVI, seed 19, iteration 240, time: 147.77052402496338
Starting label LEVI, seed 19, iteration 250, time: 154.8705530166626
Starting label LEVI, seed 19, iteration 260, time: 162.08376049995422
Starting label LEVI, seed 19, iteration 270, time: 169.1930763721466
Starting label LEVI, seed 19, iteration 280, time: 176.66569662094116
Starting label LEVI, seed 19, iteration 290, time: 184.22327089309692
Starting label LEVI, seed 19, iteration 300, time: 190.58180809020996
Starting label LEVI, seed 19, iteration 310, time: 196.89506220817566
Starting label LEVI, seed 19, iteration 320, time: 203.09730672836304
Starting label LEVI, seed 19, iteration 330, time: 209.38676285743713
Starting label LEVI, seed 19, iteration 340, time: 215.41327667236328
Starting label LEVI, seed 19, iteration 350, time: 221.60735273361206
Starting label LEVI, seed 19, iteration 360, time: 227.88669872283936
Starting label LEVI, seed 19, iteration 370, time: 233.9504635334015
Starting label LEVI, seed 19, iteration 380, time: 240.53269028663635
Starting label LEVI, seed 19, iteration 390, time: 247.00838899612427
Starting label LEVI, seed 19, iteration 400, time: 254.2627353668213
Starting label LEVI, seed 19, iteration 410, time: 261.48428750038147
Starting label LEVI, seed 19, iteration 420, time: 267.92093896865845
Starting label LEVI, seed 19, iteration 430, time: 274.32002544403076
Starting label LEVI, seed 19, iteration 440, time: 280.5767948627472
Starting label LEVI, seed 19, iteration 450, time: 287.01516938209534
Starting label LEVI, seed 19, iteration 460, time: 294.6369776725769
Starting label LEVI, seed 19, iteration 470, time: 301.26384973526
Starting label LEVI, seed 19, iteration 480, time: 308.03155279159546
submitit WARNING (2022-10-02 01:55:12,535) - Bypassing signal SIGCONT
submitit WARNING (2022-10-02 01:55:12,537) - Bypassing signal SIGTERM
Starting label LEVI, seed 19, iteration 490, time: 315.42768597602844
Starting label LEVI, seed 19, iteration 500, time: 322.449426651001
Starting label LEVI, seed 19, iteration 510, time: 329.300329208374
Starting label LEVI, seed 19, iteration 520, time: 336.94052481651306
