submitit INFO (2022-10-02 02:23:52,476) - Starting with JobEnvironment(job_id=883673_1, hostname=compling-compute-02.compling.cornell.edu, local_rank=0(1), node=0(1), global_rank=0(1))
submitit INFO (2022-10-02 02:23:52,476) - Loading pickle: /home/gid-cakmaks/contextual_rs/experiments/wsc_experiments/logs/883673_1/883673_1_submitted.pkl
Appending iterations to existing output!Warning: If parameters other than `iterations` have been changed, this will corrupt the output!
Starting label LEVI, seed 81, iteration 230, time: 66.01119875907898
Starting label LEVI, seed 81, iteration 240, time: 68.09058880805969
Starting label LEVI, seed 81, iteration 250, time: 70.57198190689087
submitit WARNING (2022-10-02 02:24:01,398) - Bypassing signal SIGCONT
submitit WARNING (2022-10-02 02:24:01,399) - Bypassing signal SIGTERM
Starting label LEVI, seed 81, iteration 260, time: 72.938303232193
Starting label LEVI, seed 81, iteration 270, time: 75.4240620136261
Starting label LEVI, seed 81, iteration 280, time: 77.94290542602539
Starting label LEVI, seed 81, iteration 290, time: 80.59652018547058
Starting label LEVI, seed 81, iteration 300, time: 83.32186961174011
Starting label LEVI, seed 81, iteration 310, time: 86.05578279495239
Starting label LEVI, seed 81, iteration 320, time: 88.85496997833252
Starting label LEVI, seed 81, iteration 330, time: 91.84045624732971
Starting label LEVI, seed 81, iteration 340, time: 94.37982225418091
Starting label LEVI, seed 81, iteration 350, time: 96.85723090171814
Starting label LEVI, seed 81, iteration 360, time: 99.7035653591156
Starting label LEVI, seed 81, iteration 370, time: 101.96216940879822
