submitit INFO (2022-10-02 01:45:28,250) - Starting with JobEnvironment(job_id=883481_1, hostname=joachims-compute-02.cs.cornell.edu, local_rank=0(1), node=0(1), global_rank=0(1))
submitit INFO (2022-10-02 01:45:28,250) - Loading pickle: /home/gid-cakmaks/contextual_rs/experiments/wsc_experiments/logs/883481_1/883481_1_submitted.pkl
Starting label LEVI, seed 81, iteration 0, time: 0.0038073062896728516
Starting label LEVI, seed 81, iteration 10, time: 4.296161651611328
Starting label LEVI, seed 81, iteration 20, time: 8.787663221359253
Starting label LEVI, seed 81, iteration 30, time: 13.161027669906616
Starting label LEVI, seed 81, iteration 40, time: 17.42801785469055
Starting label LEVI, seed 81, iteration 50, time: 21.54737401008606
Starting label LEVI, seed 81, iteration 60, time: 25.853588342666626
Starting label LEVI, seed 81, iteration 70, time: 30.324541330337524
Starting label LEVI, seed 81, iteration 80, time: 35.00213623046875
Starting label LEVI, seed 81, iteration 90, time: 39.64693069458008
Starting label LEVI, seed 81, iteration 100, time: 44.52481460571289
Starting label LEVI, seed 81, iteration 110, time: 48.843074321746826
Starting label LEVI, seed 81, iteration 120, time: 53.38304781913757
Starting label LEVI, seed 81, iteration 130, time: 58.42855429649353
Starting label LEVI, seed 81, iteration 140, time: 63.59243297576904
Starting label LEVI, seed 81, iteration 150, time: 69.03862309455872
Starting label LEVI, seed 81, iteration 160, time: 74.50220990180969
Starting label LEVI, seed 81, iteration 170, time: 79.8219826221466
Starting label LEVI, seed 81, iteration 180, time: 85.41250014305115
Starting label LEVI, seed 81, iteration 190, time: 91.038649559021
Starting label LEVI, seed 81, iteration 200, time: 96.7560133934021
Starting label LEVI, seed 81, iteration 210, time: 102.27119612693787
Starting label LEVI, seed 81, iteration 220, time: 107.80102753639221
Starting label LEVI, seed 81, iteration 230, time: 113.25704836845398
Starting label LEVI, seed 81, iteration 240, time: 118.71620655059814
Starting label LEVI, seed 81, iteration 250, time: 124.30678462982178
Starting label LEVI, seed 81, iteration 260, time: 129.6108603477478
Starting label LEVI, seed 81, iteration 270, time: 135.03097772598267
Starting label LEVI, seed 81, iteration 280, time: 140.61298513412476
Starting label LEVI, seed 81, iteration 290, time: 146.10947227478027
Starting label LEVI, seed 81, iteration 300, time: 151.73107242584229
Starting label LEVI, seed 81, iteration 310, time: 157.37546586990356
Starting label LEVI, seed 81, iteration 320, time: 162.8777618408203
Starting label LEVI, seed 81, iteration 330, time: 168.47992825508118
Starting label LEVI, seed 81, iteration 340, time: 173.96272706985474
Starting label LEVI, seed 81, iteration 350, time: 179.62351727485657
Starting label LEVI, seed 81, iteration 360, time: 185.42330408096313
Starting label LEVI, seed 81, iteration 370, time: 190.98552346229553
Starting label LEVI, seed 81, iteration 380, time: 196.51219415664673
Starting label LEVI, seed 81, iteration 390, time: 202.1835105419159
Starting label LEVI, seed 81, iteration 400, time: 207.5991814136505
Starting label LEVI, seed 81, iteration 410, time: 213.18591022491455
Starting label LEVI, seed 81, iteration 420, time: 218.7337658405304
Starting label LEVI, seed 81, iteration 430, time: 224.26350092887878
Starting label LEVI, seed 81, iteration 440, time: 230.06373810768127
submitit WARNING (2022-10-02 01:49:22,429) - Bypassing signal SIGCONT
submitit WARNING (2022-10-02 01:49:22,484) - Bypassing signal SIGTERM
Starting label LEVI, seed 81, iteration 450, time: 235.7928762435913
Starting label LEVI, seed 81, iteration 460, time: 241.51821064949036
Starting label LEVI, seed 81, iteration 470, time: 247.24149322509766
Starting label LEVI, seed 81, iteration 480, time: 253.08306550979614
Starting label LEVI, seed 81, iteration 490, time: 258.8245735168457
