submitit INFO (2022-10-02 01:23:42,610) - Starting with JobEnvironment(job_id=883469_6, hostname=davis-compute-01.cs.cornell.edu, local_rank=0(1), node=0(1), global_rank=0(1))
submitit INFO (2022-10-02 01:23:42,610) - Loading pickle: /home/gid-cakmaks/contextual_rs/experiments/wsc_experiments/logs/883469_6/883469_6_submitted.pkl
Starting label LEVI, seed 56, iteration 0, time: 0.011290311813354492
Starting label LEVI, seed 56, iteration 10, time: 2.8199079036712646
Starting label LEVI, seed 56, iteration 20, time: 5.554349422454834
Starting label LEVI, seed 56, iteration 30, time: 8.530815124511719
Starting label LEVI, seed 56, iteration 40, time: 11.475481271743774
Starting label LEVI, seed 56, iteration 50, time: 14.434854507446289
Starting label LEVI, seed 56, iteration 60, time: 17.431846618652344
Starting label LEVI, seed 56, iteration 70, time: 20.428443431854248
Starting label LEVI, seed 56, iteration 80, time: 23.52470874786377
Starting label LEVI, seed 56, iteration 90, time: 26.656920909881592
Starting label LEVI, seed 56, iteration 100, time: 30.067167043685913
Starting label LEVI, seed 56, iteration 110, time: 33.51854848861694
Starting label LEVI, seed 56, iteration 120, time: 36.95190763473511
Starting label LEVI, seed 56, iteration 130, time: 40.317983865737915
Starting label LEVI, seed 56, iteration 140, time: 43.68153405189514
Starting label LEVI, seed 56, iteration 150, time: 47.368896484375
Starting label LEVI, seed 56, iteration 160, time: 51.07584810256958
Starting label LEVI, seed 56, iteration 170, time: 54.765605211257935
Starting label LEVI, seed 56, iteration 180, time: 58.54447650909424
Starting label LEVI, seed 56, iteration 190, time: 62.2939670085907
Starting label LEVI, seed 56, iteration 200, time: 66.13774371147156
Starting label LEVI, seed 56, iteration 210, time: 69.84321665763855
Starting label LEVI, seed 56, iteration 220, time: 73.59088349342346
Starting label LEVI, seed 56, iteration 230, time: 77.39553380012512
Starting label LEVI, seed 56, iteration 240, time: 81.1039457321167
Starting label LEVI, seed 56, iteration 250, time: 84.87220048904419
Starting label LEVI, seed 56, iteration 260, time: 88.71383571624756
Starting label LEVI, seed 56, iteration 270, time: 92.63130354881287
Starting label LEVI, seed 56, iteration 280, time: 96.69758462905884
Starting label LEVI, seed 56, iteration 290, time: 100.75360560417175
Starting label LEVI, seed 56, iteration 300, time: 104.83326983451843
Starting label LEVI, seed 56, iteration 310, time: 108.89703917503357
Starting label LEVI, seed 56, iteration 320, time: 112.75491380691528
Starting label LEVI, seed 56, iteration 330, time: 116.63980531692505
Starting label LEVI, seed 56, iteration 340, time: 120.45091938972473
Starting label LEVI, seed 56, iteration 350, time: 124.33415031433105
Starting label LEVI, seed 56, iteration 360, time: 128.27236676216125
Starting label LEVI, seed 56, iteration 370, time: 132.29196166992188
Starting label LEVI, seed 56, iteration 380, time: 136.33690285682678
Starting label LEVI, seed 56, iteration 390, time: 140.2182137966156
Starting label LEVI, seed 56, iteration 400, time: 144.02061247825623
Starting label LEVI, seed 56, iteration 410, time: 147.84895515441895
Starting label LEVI, seed 56, iteration 420, time: 151.69429469108582
Starting label LEVI, seed 56, iteration 430, time: 155.7342722415924
Starting label LEVI, seed 56, iteration 440, time: 159.83508324623108
Starting label LEVI, seed 56, iteration 450, time: 163.833345413208
Starting label LEVI, seed 56, iteration 460, time: 168.0626060962677
Starting label LEVI, seed 56, iteration 470, time: 172.23108434677124
Starting label LEVI, seed 56, iteration 480, time: 176.42350316047668
Starting label LEVI, seed 56, iteration 490, time: 180.67889165878296
Starting label LEVI, seed 56, iteration 500, time: 184.9379062652588
Starting label LEVI, seed 56, iteration 510, time: 189.2242431640625
Starting label LEVI, seed 56, iteration 520, time: 193.44879508018494
Starting label LEVI, seed 56, iteration 530, time: 197.7503957748413
Starting label LEVI, seed 56, iteration 540, time: 202.06185293197632
Starting label LEVI, seed 56, iteration 550, time: 206.40538024902344
Starting label LEVI, seed 56, iteration 560, time: 210.70625138282776
Starting label LEVI, seed 56, iteration 570, time: 214.96235823631287
Starting label LEVI, seed 56, iteration 580, time: 219.25667452812195
Starting label LEVI, seed 56, iteration 590, time: 223.5830843448639
Starting label LEVI, seed 56, iteration 600, time: 227.86082553863525
Starting label LEVI, seed 56, iteration 610, time: 232.21067237854004
Starting label LEVI, seed 56, iteration 620, time: 236.5802721977234
Starting label LEVI, seed 56, iteration 630, time: 241.00863122940063
Starting label LEVI, seed 56, iteration 640, time: 245.52463722229004
Starting label LEVI, seed 56, iteration 650, time: 250.0808289051056
Starting label LEVI, seed 56, iteration 660, time: 254.6257164478302
Starting label LEVI, seed 56, iteration 670, time: 259.13925552368164
Starting label LEVI, seed 56, iteration 680, time: 263.64727902412415
Starting label LEVI, seed 56, iteration 690, time: 268.1824550628662
Starting label LEVI, seed 56, iteration 700, time: 272.6982035636902
Starting label LEVI, seed 56, iteration 710, time: 277.2724471092224
Starting label LEVI, seed 56, iteration 720, time: 281.7826051712036
Starting label LEVI, seed 56, iteration 730, time: 286.1713800430298
Starting label LEVI, seed 56, iteration 740, time: 290.61700677871704
Starting label LEVI, seed 56, iteration 750, time: 294.9604423046112
Starting label LEVI, seed 56, iteration 760, time: 299.4150586128235
Starting label LEVI, seed 56, iteration 770, time: 303.9092929363251
Starting label LEVI, seed 56, iteration 780, time: 308.40130949020386
Starting label LEVI, seed 56, iteration 790, time: 312.9452476501465
Starting label LEVI, seed 56, iteration 800, time: 317.57410955429077
Starting label LEVI, seed 56, iteration 810, time: 321.9694724082947
Starting label LEVI, seed 56, iteration 820, time: 326.50619077682495
Starting label LEVI, seed 56, iteration 830, time: 330.983003616333
Starting label LEVI, seed 56, iteration 840, time: 335.6039469242096
Starting label LEVI, seed 56, iteration 850, time: 340.3002350330353
Starting label LEVI, seed 56, iteration 860, time: 344.99713826179504
Starting label LEVI, seed 56, iteration 870, time: 349.7523899078369
Starting label LEVI, seed 56, iteration 880, time: 354.4220640659332
Starting label LEVI, seed 56, iteration 890, time: 359.1345238685608
Starting label LEVI, seed 56, iteration 900, time: 363.9076044559479
Starting label LEVI, seed 56, iteration 910, time: 368.68166756629944
Starting label LEVI, seed 56, iteration 920, time: 373.456725358963
Starting label LEVI, seed 56, iteration 930, time: 378.2331142425537
Starting label LEVI, seed 56, iteration 940, time: 383.26776218414307
Starting label LEVI, seed 56, iteration 950, time: 388.1955945491791
Starting label LEVI, seed 56, iteration 960, time: 393.3684022426605
Starting label LEVI, seed 56, iteration 970, time: 398.48966693878174
Starting label LEVI, seed 56, iteration 980, time: 403.567586183548
Starting label LEVI, seed 56, iteration 990, time: 408.5682942867279
Starting label LEVI, seed 56, iteration 1000, time: 413.5329246520996
Starting label LEVI, seed 56, iteration 1010, time: 418.6313359737396
Starting label LEVI, seed 56, iteration 1020, time: 423.791978597641
Starting label LEVI, seed 56, iteration 1030, time: 428.825975894928
Starting label LEVI, seed 56, iteration 1040, time: 433.70174264907837
Starting label LEVI, seed 56, iteration 1050, time: 438.65865778923035
Starting label LEVI, seed 56, iteration 1060, time: 443.5680887699127
Starting label LEVI, seed 56, iteration 1070, time: 448.7920389175415
Starting label LEVI, seed 56, iteration 1080, time: 454.2540740966797
Starting label LEVI, seed 56, iteration 1090, time: 459.4699909687042
Starting label LEVI, seed 56, iteration 1100, time: 464.75000047683716
Starting label LEVI, seed 56, iteration 1110, time: 470.05827283859253
Starting label LEVI, seed 56, iteration 1120, time: 475.498331785202
Starting label LEVI, seed 56, iteration 1130, time: 481.0953598022461
Starting label LEVI, seed 56, iteration 1140, time: 486.70207595825195
Starting label LEVI, seed 56, iteration 1150, time: 492.5939977169037
Starting label LEVI, seed 56, iteration 1160, time: 498.0916156768799
Starting label LEVI, seed 56, iteration 1170, time: 503.74662590026855
Starting label LEVI, seed 56, iteration 1180, time: 509.5122640132904
Starting label LEVI, seed 56, iteration 1190, time: 515.0768942832947
Starting label LEVI, seed 56, iteration 1200, time: 520.993218421936
Starting label LEVI, seed 56, iteration 1210, time: 527.0717146396637
Starting label LEVI, seed 56, iteration 1220, time: 533.4005246162415
Starting label LEVI, seed 56, iteration 1230, time: 539.1065900325775
Starting label LEVI, seed 56, iteration 1240, time: 545.1289880275726
Starting label LEVI, seed 56, iteration 1250, time: 551.2255527973175
Starting label LEVI, seed 56, iteration 1260, time: 556.9132215976715
Starting label LEVI, seed 56, iteration 1270, time: 562.8158071041107
Starting label LEVI, seed 56, iteration 1280, time: 568.8376235961914
Starting label LEVI, seed 56, iteration 1290, time: 574.987815618515
Starting label LEVI, seed 56, iteration 1300, time: 580.6765851974487
Starting label LEVI, seed 56, iteration 1310, time: 586.3679022789001
Starting label LEVI, seed 56, iteration 1320, time: 591.9140872955322
Starting label LEVI, seed 56, iteration 1330, time: 597.5838108062744
Starting label LEVI, seed 56, iteration 1340, time: 603.4440202713013
Starting label LEVI, seed 56, iteration 1350, time: 609.3045101165771
Starting label LEVI, seed 56, iteration 1360, time: 615.1653780937195
Starting label LEVI, seed 56, iteration 1370, time: 620.9360570907593
Starting label LEVI, seed 56, iteration 1380, time: 626.665869474411
Starting label LEVI, seed 56, iteration 1390, time: 632.5249795913696
Starting label LEVI, seed 56, iteration 1400, time: 638.3207325935364
submitit WARNING (2022-10-02 01:34:27,868) - Bypassing signal SIGTERM
submitit WARNING (2022-10-02 01:34:27,882) - Bypassing signal SIGCONT
submitit WARNING (2022-10-02 01:34:27,891) - Bypassing signal SIGTERM
Starting label LEVI, seed 56, iteration 1410, time: 644.1023740768433
Starting label LEVI, seed 56, iteration 1420, time: 649.9641604423523
Starting label LEVI, seed 56, iteration 1430, time: 655.5904989242554
Starting label LEVI, seed 56, iteration 1440, time: 661.3561363220215
Starting label LEVI, seed 56, iteration 1450, time: 667.0447518825531
Starting label LEVI, seed 56, iteration 1460, time: 672.5891101360321
