submitit INFO (2022-10-02 01:50:30,695) - Starting with JobEnvironment(job_id=883570_4, hostname=luxlab-compute-01.infosci.cornell.edu, local_rank=0(1), node=0(1), global_rank=0(1))
submitit INFO (2022-10-02 01:50:30,695) - Loading pickle: /home/gid-cakmaks/contextual_rs/experiments/wsc_experiments/logs/883570_4/883570_4_submitted.pkl
Starting label LEVI, seed 54, iteration 0, time: 0.0005762577056884766
Starting label LEVI, seed 54, iteration 10, time: 4.3178911209106445
Starting label LEVI, seed 54, iteration 20, time: 8.715447664260864
Starting label LEVI, seed 54, iteration 30, time: 13.173450231552124
Starting label LEVI, seed 54, iteration 40, time: 17.70768690109253
Starting label LEVI, seed 54, iteration 50, time: 22.194415807724
Starting label LEVI, seed 54, iteration 60, time: 26.485713958740234
Starting label LEVI, seed 54, iteration 70, time: 30.97514271736145
Starting label LEVI, seed 54, iteration 80, time: 35.631441593170166
Starting label LEVI, seed 54, iteration 90, time: 40.18802261352539
Starting label LEVI, seed 54, iteration 100, time: 45.01312732696533
Starting label LEVI, seed 54, iteration 110, time: 49.74846029281616
Starting label LEVI, seed 54, iteration 120, time: 54.36607384681702
Starting label LEVI, seed 54, iteration 130, time: 59.17351770401001
Starting label LEVI, seed 54, iteration 140, time: 64.1245846748352
Starting label LEVI, seed 54, iteration 150, time: 69.13465142250061
Starting label LEVI, seed 54, iteration 160, time: 73.89424896240234
Starting label LEVI, seed 54, iteration 170, time: 78.83482623100281
Starting label LEVI, seed 54, iteration 180, time: 83.8502094745636
Starting label LEVI, seed 54, iteration 190, time: 88.68925952911377
Starting label LEVI, seed 54, iteration 200, time: 93.87954592704773
Starting label LEVI, seed 54, iteration 210, time: 98.83086824417114
Starting label LEVI, seed 54, iteration 220, time: 103.53351759910583
Starting label LEVI, seed 54, iteration 230, time: 108.35322189331055
Starting label LEVI, seed 54, iteration 240, time: 113.00929403305054
Starting label LEVI, seed 54, iteration 250, time: 117.82898092269897
Starting label LEVI, seed 54, iteration 260, time: 122.84389138221741
Starting label LEVI, seed 54, iteration 270, time: 127.88207960128784
Starting label LEVI, seed 54, iteration 280, time: 132.99210262298584
Starting label LEVI, seed 54, iteration 290, time: 138.29042792320251
Starting label LEVI, seed 54, iteration 300, time: 143.49179935455322
Starting label LEVI, seed 54, iteration 310, time: 149.01362943649292
Starting label LEVI, seed 54, iteration 320, time: 154.5696985721588
Starting label LEVI, seed 54, iteration 330, time: 160.1356143951416
Starting label LEVI, seed 54, iteration 340, time: 165.584153175354
Starting label LEVI, seed 54, iteration 350, time: 171.19491410255432
Starting label LEVI, seed 54, iteration 360, time: 176.68440318107605
Starting label LEVI, seed 54, iteration 370, time: 182.20592665672302
Starting label LEVI, seed 54, iteration 380, time: 187.9820659160614
Starting label LEVI, seed 54, iteration 390, time: 193.61332893371582
Starting label LEVI, seed 54, iteration 400, time: 199.36111855506897
Starting label LEVI, seed 54, iteration 410, time: 205.44637513160706
Starting label LEVI, seed 54, iteration 420, time: 211.27464699745178
Starting label LEVI, seed 54, iteration 430, time: 217.29195094108582
Starting label LEVI, seed 54, iteration 440, time: 223.17294836044312
Starting label LEVI, seed 54, iteration 450, time: 229.1212830543518
Starting label LEVI, seed 54, iteration 460, time: 235.16409301757812
Starting label LEVI, seed 54, iteration 470, time: 241.01193523406982
Starting label LEVI, seed 54, iteration 480, time: 246.9983208179474
Starting label LEVI, seed 54, iteration 490, time: 252.8970820903778
Starting label LEVI, seed 54, iteration 500, time: 258.78874945640564
Starting label LEVI, seed 54, iteration 510, time: 264.92158818244934
Starting label LEVI, seed 54, iteration 520, time: 270.94062972068787
Starting label LEVI, seed 54, iteration 530, time: 277.15327072143555
submitit WARNING (2022-10-02 01:55:12,530) - Bypassing signal SIGCONT
submitit WARNING (2022-10-02 01:55:12,609) - Bypassing signal SIGTERM
Starting label LEVI, seed 54, iteration 540, time: 283.15969157218933
Starting label LEVI, seed 54, iteration 550, time: 289.54474425315857
Starting label LEVI, seed 54, iteration 560, time: 296.06541895866394
Starting label LEVI, seed 54, iteration 570, time: 302.1933834552765
Starting label LEVI, seed 54, iteration 580, time: 308.3244471549988
