submitit INFO (2022-10-02 00:29:33,070) - Starting with JobEnvironment(job_id=883242_4, hostname=sablab-gpu-06.ece.cornell.edu, local_rank=0(1), node=0(1), global_rank=0(1))
submitit INFO (2022-10-02 00:29:33,070) - Loading pickle: /home/gid-cakmaks/contextual_rs/experiments/wsc_experiments/logs/883242_4/883242_4_submitted.pkl
Starting label LEVI, seed 14, iteration 0, time: 0.0005512237548828125
Starting label LEVI, seed 14, iteration 10, time: 2.847053289413452
Starting label LEVI, seed 14, iteration 20, time: 5.638085603713989
Starting label LEVI, seed 14, iteration 30, time: 8.422123908996582
Starting label LEVI, seed 14, iteration 40, time: 11.158525466918945
Starting label LEVI, seed 14, iteration 50, time: 13.973551273345947
Starting label LEVI, seed 14, iteration 60, time: 16.86003065109253
Starting label LEVI, seed 14, iteration 70, time: 19.776158809661865
Starting label LEVI, seed 14, iteration 80, time: 22.714826822280884
Starting label LEVI, seed 14, iteration 90, time: 25.638052225112915
Starting label LEVI, seed 14, iteration 100, time: 28.575847864151
Starting label LEVI, seed 14, iteration 110, time: 31.48195505142212
Starting label LEVI, seed 14, iteration 120, time: 34.42683982849121
Starting label LEVI, seed 14, iteration 130, time: 37.452200412750244
Starting label LEVI, seed 14, iteration 140, time: 40.55854892730713
Starting label LEVI, seed 14, iteration 150, time: 43.519630670547485
Starting label LEVI, seed 14, iteration 160, time: 46.47967743873596
Starting label LEVI, seed 14, iteration 170, time: 49.51769018173218
Starting label LEVI, seed 14, iteration 180, time: 52.48812699317932
Starting label LEVI, seed 14, iteration 190, time: 55.48229789733887
Starting label LEVI, seed 14, iteration 200, time: 58.5163094997406
Starting label LEVI, seed 14, iteration 210, time: 61.56003785133362
Starting label LEVI, seed 14, iteration 220, time: 64.71141910552979
Starting label LEVI, seed 14, iteration 230, time: 67.80244302749634
Starting label LEVI, seed 14, iteration 240, time: 70.8844964504242
Starting label LEVI, seed 14, iteration 250, time: 73.99573111534119
Starting label LEVI, seed 14, iteration 260, time: 77.12110757827759
Starting label LEVI, seed 14, iteration 270, time: 80.20947027206421
Starting label LEVI, seed 14, iteration 280, time: 83.35401773452759
Starting label LEVI, seed 14, iteration 290, time: 86.56876277923584
Starting label LEVI, seed 14, iteration 300, time: 89.74251079559326
Starting label LEVI, seed 14, iteration 310, time: 92.9803159236908
Starting label LEVI, seed 14, iteration 320, time: 96.16746973991394
Starting label LEVI, seed 14, iteration 330, time: 99.37470483779907
Starting label LEVI, seed 14, iteration 340, time: 102.57070326805115
Starting label LEVI, seed 14, iteration 350, time: 105.77629542350769
Starting label LEVI, seed 14, iteration 360, time: 109.03356647491455
Starting label LEVI, seed 14, iteration 370, time: 112.27171993255615
Starting label LEVI, seed 14, iteration 380, time: 115.6916401386261
Starting label LEVI, seed 14, iteration 390, time: 119.09626841545105
Starting label LEVI, seed 14, iteration 400, time: 122.47148418426514
Starting label LEVI, seed 14, iteration 410, time: 125.76552200317383
Starting label LEVI, seed 14, iteration 420, time: 129.11566519737244
Starting label LEVI, seed 14, iteration 430, time: 132.61621809005737
Starting label LEVI, seed 14, iteration 440, time: 136.06434798240662
Starting label LEVI, seed 14, iteration 450, time: 139.86990547180176
Starting label LEVI, seed 14, iteration 460, time: 143.54382944107056
Starting label LEVI, seed 14, iteration 470, time: 147.19196152687073
Starting label LEVI, seed 14, iteration 480, time: 150.83596229553223
Starting label LEVI, seed 14, iteration 490, time: 154.4919888973236
Starting label LEVI, seed 14, iteration 500, time: 158.17643475532532
Starting label LEVI, seed 14, iteration 510, time: 161.86337637901306
Starting label LEVI, seed 14, iteration 520, time: 165.59360074996948
Starting label LEVI, seed 14, iteration 530, time: 169.35214710235596
Starting label LEVI, seed 14, iteration 540, time: 173.14047741889954
Starting label LEVI, seed 14, iteration 550, time: 176.9312174320221
Starting label LEVI, seed 14, iteration 560, time: 181.15583896636963
Starting label LEVI, seed 14, iteration 570, time: 185.04096460342407
Starting label LEVI, seed 14, iteration 580, time: 189.11068153381348
Starting label LEVI, seed 14, iteration 590, time: 193.30557370185852
Starting label LEVI, seed 14, iteration 600, time: 197.33165788650513
Starting label LEVI, seed 14, iteration 610, time: 201.35090398788452
Starting label LEVI, seed 14, iteration 620, time: 205.78172326087952
Starting label LEVI, seed 14, iteration 630, time: 210.0999722480774
Starting label LEVI, seed 14, iteration 640, time: 214.36344575881958
Starting label LEVI, seed 14, iteration 650, time: 218.7302668094635
Starting label LEVI, seed 14, iteration 660, time: 223.23786878585815
Starting label LEVI, seed 14, iteration 670, time: 228.0418779850006
Starting label LEVI, seed 14, iteration 680, time: 232.92215943336487
Starting label LEVI, seed 14, iteration 690, time: 237.62027502059937
Starting label LEVI, seed 14, iteration 700, time: 242.38800191879272
Starting label LEVI, seed 14, iteration 710, time: 247.24837613105774
Starting label LEVI, seed 14, iteration 720, time: 251.90468454360962
Starting label LEVI, seed 14, iteration 730, time: 257.13320422172546
Starting label LEVI, seed 14, iteration 740, time: 262.03391122817993
Starting label LEVI, seed 14, iteration 750, time: 266.8588082790375
Starting label LEVI, seed 14, iteration 760, time: 271.9011266231537
Starting label LEVI, seed 14, iteration 770, time: 276.996910572052
Starting label LEVI, seed 14, iteration 780, time: 282.13442039489746
Starting label LEVI, seed 14, iteration 790, time: 287.5787434577942
Starting label LEVI, seed 14, iteration 800, time: 292.64710879325867
Starting label LEVI, seed 14, iteration 810, time: 297.71430945396423
Starting label LEVI, seed 14, iteration 820, time: 302.5982756614685
Starting label LEVI, seed 14, iteration 830, time: 307.9332392215729
Starting label LEVI, seed 14, iteration 840, time: 313.2508509159088
Starting label LEVI, seed 14, iteration 850, time: 318.7590446472168
Starting label LEVI, seed 14, iteration 860, time: 324.2889277935028
Starting label LEVI, seed 14, iteration 870, time: 330.40584444999695
Starting label LEVI, seed 14, iteration 880, time: 335.7134051322937
Starting label LEVI, seed 14, iteration 890, time: 341.08596873283386
Starting label LEVI, seed 14, iteration 900, time: 347.1808853149414
Starting label LEVI, seed 14, iteration 910, time: 352.5277018547058
Starting label LEVI, seed 14, iteration 920, time: 358.2011375427246
Starting label LEVI, seed 14, iteration 930, time: 363.92790722846985
Starting label LEVI, seed 14, iteration 940, time: 369.74450755119324
Starting label LEVI, seed 14, iteration 950, time: 375.5611345767975
Starting label LEVI, seed 14, iteration 960, time: 382.1345098018646
Starting label LEVI, seed 14, iteration 970, time: 387.1365203857422
Starting label LEVI, seed 14, iteration 980, time: 392.6863052845001
Starting label LEVI, seed 14, iteration 990, time: 398.765496969223
Starting label LEVI, seed 14, iteration 1000, time: 405.6897954940796
Starting label LEVI, seed 14, iteration 1010, time: 412.0501379966736
Starting label LEVI, seed 14, iteration 1020, time: 418.6048414707184
Starting label LEVI, seed 14, iteration 1030, time: 424.8390562534332
Starting label LEVI, seed 14, iteration 1040, time: 431.6896653175354
Starting label LEVI, seed 14, iteration 1050, time: 437.6920442581177
Starting label LEVI, seed 14, iteration 1060, time: 444.8891820907593
Starting label LEVI, seed 14, iteration 1070, time: 452.1191473007202
Starting label LEVI, seed 14, iteration 1080, time: 459.74277329444885
Starting label LEVI, seed 14, iteration 1090, time: 466.76713466644287
Starting label LEVI, seed 14, iteration 1100, time: 473.76958203315735
Starting label LEVI, seed 14, iteration 1110, time: 481.6734297275543
Starting label LEVI, seed 14, iteration 1120, time: 489.4583294391632
Starting label LEVI, seed 14, iteration 1130, time: 496.12262296676636
Starting label LEVI, seed 14, iteration 1140, time: 504.5820097923279
Starting label LEVI, seed 14, iteration 1150, time: 512.4912006855011
Starting label LEVI, seed 14, iteration 1160, time: 520.7828042507172
Starting label LEVI, seed 14, iteration 1170, time: 528.5692205429077
Starting label LEVI, seed 14, iteration 1180, time: 536.0071060657501
Starting label LEVI, seed 14, iteration 1190, time: 544.1432502269745
Starting label LEVI, seed 14, iteration 1200, time: 553.5384657382965
Starting label LEVI, seed 14, iteration 1210, time: 563.3840527534485
Starting label LEVI, seed 14, iteration 1220, time: 572.1443407535553
Starting label LEVI, seed 14, iteration 1230, time: 581.1918256282806
Starting label LEVI, seed 14, iteration 1240, time: 588.6125590801239
Starting label LEVI, seed 14, iteration 1250, time: 597.4307172298431
Starting label LEVI, seed 14, iteration 1260, time: 606.3770577907562
Starting label LEVI, seed 14, iteration 1270, time: 615.4173631668091
Starting label LEVI, seed 14, iteration 1280, time: 624.8772983551025
Starting label LEVI, seed 14, iteration 1290, time: 634.0835871696472
Starting label LEVI, seed 14, iteration 1300, time: 644.1344547271729
Starting label LEVI, seed 14, iteration 1310, time: 652.4091470241547
Starting label LEVI, seed 14, iteration 1320, time: 661.7698352336884
Starting label LEVI, seed 14, iteration 1330, time: 670.2590751647949
Starting label LEVI, seed 14, iteration 1340, time: 679.4996349811554
Starting label LEVI, seed 14, iteration 1350, time: 689.8671700954437
Starting label LEVI, seed 14, iteration 1360, time: 698.9689095020294
Starting label LEVI, seed 14, iteration 1370, time: 709.9773969650269
Starting label LEVI, seed 14, iteration 1380, time: 719.8273491859436
Starting label LEVI, seed 14, iteration 1390, time: 731.0539441108704
Starting label LEVI, seed 14, iteration 1400, time: 741.939309835434
Starting label LEVI, seed 14, iteration 1410, time: 751.5394017696381
Starting label LEVI, seed 14, iteration 1420, time: 761.272255897522
Starting label LEVI, seed 14, iteration 1430, time: 772.7861006259918
Starting label LEVI, seed 14, iteration 1440, time: 783.5858108997345
Starting label LEVI, seed 14, iteration 1450, time: 795.7964372634888
Starting label LEVI, seed 14, iteration 1460, time: 807.8468103408813
Starting label LEVI, seed 14, iteration 1470, time: 820.3068208694458
Starting label LEVI, seed 14, iteration 1480, time: 830.7778182029724
Starting label LEVI, seed 14, iteration 1490, time: 842.5969617366791
Starting label LEVI, seed 14, iteration 1500, time: 854.7580399513245
Starting label LEVI, seed 14, iteration 1510, time: 868.2337439060211
Starting label LEVI, seed 14, iteration 1520, time: 879.1596431732178
Starting label LEVI, seed 14, iteration 1530, time: 890.0724923610687
Starting label LEVI, seed 14, iteration 1540, time: 903.8562495708466
Starting label LEVI, seed 14, iteration 1550, time: 917.3998258113861
Starting label LEVI, seed 14, iteration 1560, time: 930.9293601512909
Starting label LEVI, seed 14, iteration 1570, time: 944.4808740615845
Starting label LEVI, seed 14, iteration 1580, time: 958.0517551898956
Starting label LEVI, seed 14, iteration 1590, time: 970.6222574710846
Starting label LEVI, seed 14, iteration 1600, time: 982.8379282951355
Starting label LEVI, seed 14, iteration 1610, time: 998.4296269416809
Starting label LEVI, seed 14, iteration 1620, time: 1010.5700182914734
Starting label LEVI, seed 14, iteration 1630, time: 1025.2860345840454
Starting label LEVI, seed 14, iteration 1640, time: 1038.0064265727997
Starting label LEVI, seed 14, iteration 1650, time: 1053.082906961441
Starting label LEVI, seed 14, iteration 1660, time: 1065.7656953334808
Starting label LEVI, seed 14, iteration 1670, time: 1079.4129548072815
Starting label LEVI, seed 14, iteration 1680, time: 1096.0771281719208
Starting label LEVI, seed 14, iteration 1690, time: 1112.653601884842
Starting label LEVI, seed 14, iteration 1700, time: 1130.263900756836
Starting label LEVI, seed 14, iteration 1710, time: 1144.9984307289124
Starting label LEVI, seed 14, iteration 1720, time: 1160.9697351455688
Starting label LEVI, seed 14, iteration 1730, time: 1178.7734172344208
Starting label LEVI, seed 14, iteration 1740, time: 1196.2753138542175
Starting label LEVI, seed 14, iteration 1750, time: 1213.1362898349762
Starting label LEVI, seed 14, iteration 1760, time: 1229.4861869812012
Starting label LEVI, seed 14, iteration 1770, time: 1248.8119795322418
Starting label LEVI, seed 14, iteration 1780, time: 1267.3739001750946
Starting label LEVI, seed 14, iteration 1790, time: 1282.200472831726
Starting label LEVI, seed 14, iteration 1800, time: 1302.2788264751434
Starting label LEVI, seed 14, iteration 1810, time: 1320.5486693382263
Starting label LEVI, seed 14, iteration 1820, time: 1336.8342907428741
Starting label LEVI, seed 14, iteration 1830, time: 1357.0687625408173
Starting label LEVI, seed 14, iteration 1840, time: 1373.781180381775
Starting label LEVI, seed 14, iteration 1850, time: 1394.155080795288
Starting label LEVI, seed 14, iteration 1860, time: 1415.6467807292938
Starting label LEVI, seed 14, iteration 1870, time: 1434.8754570484161
Starting label LEVI, seed 14, iteration 1880, time: 1456.2314479351044
Starting label LEVI, seed 14, iteration 1890, time: 1477.4054787158966
Starting label LEVI, seed 14, iteration 1900, time: 1494.6920857429504
Starting label LEVI, seed 14, iteration 1910, time: 1512.0680224895477
Starting label LEVI, seed 14, iteration 1920, time: 1534.0093398094177
Starting label LEVI, seed 14, iteration 1930, time: 1556.1786642074585
Starting label LEVI, seed 14, iteration 1940, time: 1574.6804621219635
submitit WARNING (2022-10-02 00:55:52,132) - Bypassing signal SIGCONT
submitit WARNING (2022-10-02 00:55:52,190) - Bypassing signal SIGTERM
Starting label LEVI, seed 14, iteration 1950, time: 1593.0467867851257
