submitit INFO (2022-10-02 13:27:12,074) - Starting with JobEnvironment(job_id=884561_0, hostname=rush-compute-01.tech.cornell.edu, local_rank=0(1), node=0(1), global_rank=0(1))
submitit INFO (2022-10-02 13:27:12,074) - Loading pickle: /home/gid-cakmaks/contextual_rs/experiments/wsc_experiments/logs/884561_0/884561_0_submitted.pkl
Appending iterations to existing output!Warning: If parameters other than `iterations` have been changed, this will corrupt the output!
Starting label LEVI, seed 40, iteration 440, time: 319.30255246162415
Starting label LEVI, seed 40, iteration 450, time: 325.9914629459381
Starting label LEVI, seed 40, iteration 460, time: 332.74791145324707
Starting label LEVI, seed 40, iteration 470, time: 339.84566140174866
Starting label LEVI, seed 40, iteration 480, time: 346.646874666214
Starting label LEVI, seed 40, iteration 490, time: 353.67169189453125
Starting label LEVI, seed 40, iteration 500, time: 360.569454908371
Starting label LEVI, seed 40, iteration 510, time: 367.4305729866028
Starting label LEVI, seed 40, iteration 520, time: 374.3468737602234
Starting label LEVI, seed 40, iteration 530, time: 381.3784222602844
Starting label LEVI, seed 40, iteration 540, time: 388.44575476646423
Starting label LEVI, seed 40, iteration 550, time: 395.2204942703247
Starting label LEVI, seed 40, iteration 560, time: 402.24145674705505
Starting label LEVI, seed 40, iteration 570, time: 409.22241139411926
Starting label LEVI, seed 40, iteration 580, time: 416.31211018562317
Starting label LEVI, seed 40, iteration 590, time: 423.41197657585144
Starting label LEVI, seed 40, iteration 600, time: 430.4020335674286
Starting label LEVI, seed 40, iteration 610, time: 437.3989098072052
Starting label LEVI, seed 40, iteration 620, time: 444.3238456249237
Starting label LEVI, seed 40, iteration 630, time: 451.2605228424072
Starting label LEVI, seed 40, iteration 640, time: 458.4707455635071
Starting label LEVI, seed 40, iteration 650, time: 465.5955708026886
Starting label LEVI, seed 40, iteration 660, time: 472.6873812675476
Starting label LEVI, seed 40, iteration 670, time: 480.2726511955261
Starting label LEVI, seed 40, iteration 680, time: 488.09001660346985
Starting label LEVI, seed 40, iteration 690, time: 495.6699788570404
Starting label LEVI, seed 40, iteration 700, time: 503.66667771339417
Starting label LEVI, seed 40, iteration 710, time: 511.6107144355774
Starting label LEVI, seed 40, iteration 720, time: 519.7909743785858
Starting label LEVI, seed 40, iteration 730, time: 527.7100620269775
Starting label LEVI, seed 40, iteration 740, time: 535.3589336872101
Starting label LEVI, seed 40, iteration 750, time: 543.0023348331451
Starting label LEVI, seed 40, iteration 760, time: 550.802060842514
Starting label LEVI, seed 40, iteration 770, time: 558.4029211997986
Starting label LEVI, seed 40, iteration 780, time: 565.5350601673126
Starting label LEVI, seed 40, iteration 790, time: 572.9327692985535
Starting label LEVI, seed 40, iteration 800, time: 580.9327909946442
Starting label LEVI, seed 40, iteration 810, time: 588.2100763320923
Starting label LEVI, seed 40, iteration 820, time: 596.0227565765381
Starting label LEVI, seed 40, iteration 830, time: 603.574681520462
Starting label LEVI, seed 40, iteration 840, time: 611.2682876586914
Starting label LEVI, seed 40, iteration 850, time: 619.1923606395721
Starting label LEVI, seed 40, iteration 860, time: 626.5171644687653
Starting label LEVI, seed 40, iteration 870, time: 634.6812372207642
Starting label LEVI, seed 40, iteration 880, time: 642.1226139068604
Starting label LEVI, seed 40, iteration 890, time: 650.6881139278412
Starting label LEVI, seed 40, iteration 900, time: 658.7156403064728
Starting label LEVI, seed 40, iteration 910, time: 666.277291059494
Starting label LEVI, seed 40, iteration 920, time: 674.2000930309296
Starting label LEVI, seed 40, iteration 930, time: 682.0509343147278
Starting label LEVI, seed 40, iteration 940, time: 690.5225348472595
Starting label LEVI, seed 40, iteration 950, time: 698.9462387561798
Starting label LEVI, seed 40, iteration 960, time: 707.0955014228821
Starting label LEVI, seed 40, iteration 970, time: 715.353844165802
Starting label LEVI, seed 40, iteration 980, time: 723.6565444469452
Starting label LEVI, seed 40, iteration 990, time: 731.7458028793335
Starting label LEVI, seed 40, iteration 1000, time: 739.4933888912201
Starting label LEVI, seed 40, iteration 1010, time: 747.6240413188934
Starting label LEVI, seed 40, iteration 1020, time: 755.725343465805
Starting label LEVI, seed 40, iteration 1030, time: 763.6542537212372
Starting label LEVI, seed 40, iteration 1040, time: 771.4767818450928
Starting label LEVI, seed 40, iteration 1050, time: 779.745922088623
Starting label LEVI, seed 40, iteration 1060, time: 788.548583984375
Starting label LEVI, seed 40, iteration 1070, time: 797.4179348945618
Starting label LEVI, seed 40, iteration 1080, time: 806.2053842544556
Starting label LEVI, seed 40, iteration 1090, time: 814.7968227863312
Starting label LEVI, seed 40, iteration 1100, time: 823.3625938892365
Starting label LEVI, seed 40, iteration 1110, time: 831.7728943824768
Starting label LEVI, seed 40, iteration 1120, time: 840.2542729377747
Starting label LEVI, seed 40, iteration 1130, time: 848.4461748600006
Starting label LEVI, seed 40, iteration 1140, time: 856.69087433815
Starting label LEVI, seed 40, iteration 1150, time: 864.8554072380066
Starting label LEVI, seed 40, iteration 1160, time: 873.2204632759094
Starting label LEVI, seed 40, iteration 1170, time: 881.5727903842926
Starting label LEVI, seed 40, iteration 1180, time: 890.3016209602356
Starting label LEVI, seed 40, iteration 1190, time: 899.4378817081451
Starting label LEVI, seed 40, iteration 1200, time: 908.0639698505402
Starting label LEVI, seed 40, iteration 1210, time: 916.9310429096222
Starting label LEVI, seed 40, iteration 1220, time: 925.7742583751678
Starting label LEVI, seed 40, iteration 1230, time: 934.4993662834167
Starting label LEVI, seed 40, iteration 1240, time: 943.3810877799988
Starting label LEVI, seed 40, iteration 1250, time: 951.9985666275024
Starting label LEVI, seed 40, iteration 1260, time: 960.5479142665863
Starting label LEVI, seed 40, iteration 1270, time: 968.9777133464813
Starting label LEVI, seed 40, iteration 1280, time: 978.1042215824127
Starting label LEVI, seed 40, iteration 1290, time: 986.5557301044464
Starting label LEVI, seed 40, iteration 1300, time: 994.7549726963043
Starting label LEVI, seed 40, iteration 1310, time: 1003.4495718479156
Starting label LEVI, seed 40, iteration 1320, time: 1012.271107673645
Starting label LEVI, seed 40, iteration 1330, time: 1020.8184280395508
Starting label LEVI, seed 40, iteration 1340, time: 1030.3442964553833
Starting label LEVI, seed 40, iteration 1350, time: 1039.6066207885742
Starting label LEVI, seed 40, iteration 1360, time: 1049.0647010803223
Starting label LEVI, seed 40, iteration 1370, time: 1058.561050415039
Starting label LEVI, seed 40, iteration 1380, time: 1067.8426804542542
Starting label LEVI, seed 40, iteration 1390, time: 1077.517127275467
Starting label LEVI, seed 40, iteration 1400, time: 1086.3203508853912
Starting label LEVI, seed 40, iteration 1410, time: 1094.8717164993286
Starting label LEVI, seed 40, iteration 1420, time: 1103.9655895233154
Starting label LEVI, seed 40, iteration 1430, time: 1113.4697167873383
Starting label LEVI, seed 40, iteration 1440, time: 1122.9387748241425
Starting label LEVI, seed 40, iteration 1450, time: 1132.4144339561462
Starting label LEVI, seed 40, iteration 1460, time: 1141.781004190445
Starting label LEVI, seed 40, iteration 1470, time: 1151.1334855556488
Starting label LEVI, seed 40, iteration 1480, time: 1160.9577598571777
Starting label LEVI, seed 40, iteration 1490, time: 1170.196046113968
Starting label LEVI, seed 40, iteration 1500, time: 1178.8782658576965
Starting label LEVI, seed 40, iteration 1510, time: 1188.086609840393
Starting label LEVI, seed 40, iteration 1520, time: 1196.8504321575165
Starting label LEVI, seed 40, iteration 1530, time: 1206.6758604049683
Starting label LEVI, seed 40, iteration 1540, time: 1216.2424054145813
Starting label LEVI, seed 40, iteration 1550, time: 1225.56520819664
Starting label LEVI, seed 40, iteration 1560, time: 1235.0669267177582
Starting label LEVI, seed 40, iteration 1570, time: 1244.915167093277
Starting label LEVI, seed 40, iteration 1580, time: 1254.8408951759338
Starting label LEVI, seed 40, iteration 1590, time: 1265.5511736869812
Starting label LEVI, seed 40, iteration 1600, time: 1275.3017418384552
Starting label LEVI, seed 40, iteration 1610, time: 1286.0538980960846
Starting label LEVI, seed 40, iteration 1620, time: 1296.3933942317963
Starting label LEVI, seed 40, iteration 1630, time: 1305.7617464065552
Starting label LEVI, seed 40, iteration 1640, time: 1315.3439719676971
Starting label LEVI, seed 40, iteration 1650, time: 1324.7553844451904
Starting label LEVI, seed 40, iteration 1660, time: 1334.1513402462006
Starting label LEVI, seed 40, iteration 1670, time: 1344.76576089859
Starting label LEVI, seed 40, iteration 1680, time: 1355.6074106693268
Starting label LEVI, seed 40, iteration 1690, time: 1366.462917804718
Starting label LEVI, seed 40, iteration 1700, time: 1378.6794619560242
Starting label LEVI, seed 40, iteration 1710, time: 1389.829050540924
Starting label LEVI, seed 40, iteration 1720, time: 1400.6577603816986
Starting label LEVI, seed 40, iteration 1730, time: 1410.6083273887634
Starting label LEVI, seed 40, iteration 1740, time: 1421.7591593265533
Starting label LEVI, seed 40, iteration 1750, time: 1432.2108919620514
Starting label LEVI, seed 40, iteration 1760, time: 1443.2748730182648
Starting label LEVI, seed 40, iteration 1770, time: 1454.6053495407104
Starting label LEVI, seed 40, iteration 1780, time: 1465.4046432971954
Starting label LEVI, seed 40, iteration 1790, time: 1477.762612104416
Starting label LEVI, seed 40, iteration 1800, time: 1488.8289659023285
Starting label LEVI, seed 40, iteration 1810, time: 1501.6874091625214
Starting label LEVI, seed 40, iteration 1820, time: 1512.4426004886627
Starting label LEVI, seed 40, iteration 1830, time: 1524.7244501113892
Starting label LEVI, seed 40, iteration 1840, time: 1536.459772348404
Starting label LEVI, seed 40, iteration 1850, time: 1548.3825297355652
Starting label LEVI, seed 40, iteration 1860, time: 1559.314785003662
Starting label LEVI, seed 40, iteration 1870, time: 1571.5143916606903
Starting label LEVI, seed 40, iteration 1880, time: 1584.1468267440796
Starting label LEVI, seed 40, iteration 1890, time: 1597.476990222931
Starting label LEVI, seed 40, iteration 1900, time: 1609.976223707199
Starting label LEVI, seed 40, iteration 1910, time: 1621.5743157863617
Starting label LEVI, seed 40, iteration 1920, time: 1633.0618438720703
Starting label LEVI, seed 40, iteration 1930, time: 1646.6353709697723
Starting label LEVI, seed 40, iteration 1940, time: 1660.062330007553
Starting label LEVI, seed 40, iteration 1950, time: 1673.7475283145905
Starting label LEVI, seed 40, iteration 1960, time: 1686.566639661789
Starting label LEVI, seed 40, iteration 1970, time: 1698.8040959835052
Starting label LEVI, seed 40, iteration 1980, time: 1710.45267868042
Starting label LEVI, seed 40, iteration 1990, time: 1723.2780253887177
submitit INFO (2022-10-02 13:50:50,743) - Job completed successfully
