submitit INFO (2022-10-02 02:25:27,352) - Starting with JobEnvironment(job_id=883724_1, hostname=lecun.cs.cornell.edu, local_rank=0(1), node=0(1), global_rank=0(1))
submitit INFO (2022-10-02 02:25:27,352) - Loading pickle: /home/gid-cakmaks/contextual_rs/experiments/wsc_experiments/logs/883724_1/883724_1_submitted.pkl
Appending iterations to existing output!Warning: If parameters other than `iterations` have been changed, this will corrupt the output!
Starting label LEVI, seed 71, iteration 820, time: 318.7525825500488
Starting label LEVI, seed 71, iteration 830, time: 324.8956687450409
Starting label LEVI, seed 71, iteration 840, time: 330.2517111301422
Starting label LEVI, seed 71, iteration 850, time: 336.1535532474518
Starting label LEVI, seed 71, iteration 860, time: 341.9960014820099
Starting label LEVI, seed 71, iteration 870, time: 347.28356194496155
Starting label LEVI, seed 71, iteration 880, time: 352.2172520160675
Starting label LEVI, seed 71, iteration 890, time: 357.26647305488586
Starting label LEVI, seed 71, iteration 900, time: 362.80296301841736
Starting label LEVI, seed 71, iteration 910, time: 367.92042994499207
Starting label LEVI, seed 71, iteration 920, time: 374.09306049346924
Starting label LEVI, seed 71, iteration 930, time: 379.51516008377075
Starting label LEVI, seed 71, iteration 940, time: 385.1791751384735
Starting label LEVI, seed 71, iteration 950, time: 390.9978325366974
Starting label LEVI, seed 71, iteration 960, time: 396.41843700408936
Starting label LEVI, seed 71, iteration 970, time: 402.6706426143646
Starting label LEVI, seed 71, iteration 980, time: 408.0191168785095
Starting label LEVI, seed 71, iteration 990, time: 414.4228792190552
Starting label LEVI, seed 71, iteration 1000, time: 419.9562327861786
Starting label LEVI, seed 71, iteration 1010, time: 425.9788770675659
Starting label LEVI, seed 71, iteration 1020, time: 432.2696125507355
Starting label LEVI, seed 71, iteration 1030, time: 437.9632170200348
Starting label LEVI, seed 71, iteration 1040, time: 443.8409278392792
Starting label LEVI, seed 71, iteration 1050, time: 450.48914194107056
Starting label LEVI, seed 71, iteration 1060, time: 456.4438102245331
Starting label LEVI, seed 71, iteration 1070, time: 462.6261932849884
Starting label LEVI, seed 71, iteration 1080, time: 468.82754778862
Starting label LEVI, seed 71, iteration 1090, time: 474.8103287220001
Starting label LEVI, seed 71, iteration 1100, time: 482.2145221233368
Starting label LEVI, seed 71, iteration 1110, time: 488.62015175819397
Starting label LEVI, seed 71, iteration 1120, time: 494.92069363594055
Starting label LEVI, seed 71, iteration 1130, time: 501.0933711528778
Starting label LEVI, seed 71, iteration 1140, time: 507.63279581069946
Starting label LEVI, seed 71, iteration 1150, time: 515.2189712524414
Starting label LEVI, seed 71, iteration 1160, time: 523.0650961399078
Starting label LEVI, seed 71, iteration 1170, time: 530.4047062397003
Starting label LEVI, seed 71, iteration 1180, time: 537.9395182132721
Starting label LEVI, seed 71, iteration 1190, time: 545.4012002944946
Starting label LEVI, seed 71, iteration 1200, time: 552.2674186229706
Starting label LEVI, seed 71, iteration 1210, time: 559.9828345775604
Starting label LEVI, seed 71, iteration 1220, time: 567.0414979457855
Starting label LEVI, seed 71, iteration 1230, time: 575.41681599617
Starting label LEVI, seed 71, iteration 1240, time: 582.7754678726196
Starting label LEVI, seed 71, iteration 1250, time: 590.6351153850555
Starting label LEVI, seed 71, iteration 1260, time: 597.7416396141052
Starting label LEVI, seed 71, iteration 1270, time: 604.8925688266754
Starting label LEVI, seed 71, iteration 1280, time: 612.4861917495728
Starting label LEVI, seed 71, iteration 1290, time: 621.2996642589569
Starting label LEVI, seed 71, iteration 1300, time: 630.9523758888245
Starting label LEVI, seed 71, iteration 1310, time: 640.5497095584869
Starting label LEVI, seed 71, iteration 1320, time: 648.5372476577759
Starting label LEVI, seed 71, iteration 1330, time: 656.9674191474915
Starting label LEVI, seed 71, iteration 1340, time: 665.1189527511597
Starting label LEVI, seed 71, iteration 1350, time: 674.9013633728027
Starting label LEVI, seed 71, iteration 1360, time: 683.7206165790558
Starting label LEVI, seed 71, iteration 1370, time: 691.8639633655548
Starting label LEVI, seed 71, iteration 1380, time: 702.7570893764496
Starting label LEVI, seed 71, iteration 1390, time: 711.3284487724304
Starting label LEVI, seed 71, iteration 1400, time: 721.3606696128845
Starting label LEVI, seed 71, iteration 1410, time: 731.2774403095245
Starting label LEVI, seed 71, iteration 1420, time: 740.092705488205
Starting label LEVI, seed 71, iteration 1430, time: 749.5978939533234
Starting label LEVI, seed 71, iteration 1440, time: 758.8916211128235
Starting label LEVI, seed 71, iteration 1450, time: 768.1779084205627
Starting label LEVI, seed 71, iteration 1460, time: 777.9313590526581
Starting label LEVI, seed 71, iteration 1470, time: 788.8586812019348
Starting label LEVI, seed 71, iteration 1480, time: 797.4138102531433
Starting label LEVI, seed 71, iteration 1490, time: 806.3603322505951
Starting label LEVI, seed 71, iteration 1500, time: 815.5987076759338
Starting label LEVI, seed 71, iteration 1510, time: 826.6917238235474
Starting label LEVI, seed 71, iteration 1520, time: 837.6587018966675
Starting label LEVI, seed 71, iteration 1530, time: 846.6822979450226
Starting label LEVI, seed 71, iteration 1540, time: 858.8878753185272
Starting label LEVI, seed 71, iteration 1550, time: 871.6194777488708
Starting label LEVI, seed 71, iteration 1560, time: 884.1121363639832
Starting label LEVI, seed 71, iteration 1570, time: 895.0619776248932
Starting label LEVI, seed 71, iteration 1580, time: 907.3790791034698
Starting label LEVI, seed 71, iteration 1590, time: 920.7046234607697
Starting label LEVI, seed 71, iteration 1600, time: 930.9410676956177
Starting label LEVI, seed 71, iteration 1610, time: 941.5623795986176
Starting label LEVI, seed 71, iteration 1620, time: 954.7427136898041
Starting label LEVI, seed 71, iteration 1630, time: 965.903160572052
Starting label LEVI, seed 71, iteration 1640, time: 979.500007390976
Starting label LEVI, seed 71, iteration 1650, time: 990.3231084346771
Starting label LEVI, seed 71, iteration 1660, time: 1003.5048384666443
Starting label LEVI, seed 71, iteration 1670, time: 1017.1525874137878
Starting label LEVI, seed 71, iteration 1680, time: 1031.2604370117188
Starting label LEVI, seed 71, iteration 1690, time: 1046.463082075119
Starting label LEVI, seed 71, iteration 1700, time: 1057.900428533554
Starting label LEVI, seed 71, iteration 1710, time: 1073.3278868198395
Starting label LEVI, seed 71, iteration 1720, time: 1085.9824874401093
Starting label LEVI, seed 71, iteration 1730, time: 1100.941757440567
Starting label LEVI, seed 71, iteration 1740, time: 1116.2292816638947
Starting label LEVI, seed 71, iteration 1750, time: 1131.265826702118
Starting label LEVI, seed 71, iteration 1760, time: 1148.0619406700134
Starting label LEVI, seed 71, iteration 1770, time: 1166.1017274856567
Starting label LEVI, seed 71, iteration 1780, time: 1181.7311761379242
Starting label LEVI, seed 71, iteration 1790, time: 1195.0244853496552
Starting label LEVI, seed 71, iteration 1800, time: 1211.0592288970947
Starting label LEVI, seed 71, iteration 1810, time: 1224.5049443244934
Starting label LEVI, seed 71, iteration 1820, time: 1237.0759880542755
Starting label LEVI, seed 71, iteration 1830, time: 1250.9251475334167
Starting label LEVI, seed 71, iteration 1840, time: 1266.5064716339111
Starting label LEVI, seed 71, iteration 1850, time: 1282.094404220581
Starting label LEVI, seed 71, iteration 1860, time: 1294.9017934799194
Starting label LEVI, seed 71, iteration 1870, time: 1309.620619058609
Starting label LEVI, seed 71, iteration 1880, time: 1323.8268783092499
Starting label LEVI, seed 71, iteration 1890, time: 1336.9617195129395
Starting label LEVI, seed 71, iteration 1900, time: 1350.334817647934
Starting label LEVI, seed 71, iteration 1910, time: 1368.4156589508057
Starting label LEVI, seed 71, iteration 1920, time: 1386.746987104416
Starting label LEVI, seed 71, iteration 1930, time: 1406.1326360702515
Starting label LEVI, seed 71, iteration 1940, time: 1425.9473094940186
Starting label LEVI, seed 71, iteration 1950, time: 1440.8467071056366
Starting label LEVI, seed 71, iteration 1960, time: 1456.430884361267
Starting label LEVI, seed 71, iteration 1970, time: 1476.093786239624
Starting label LEVI, seed 71, iteration 1980, time: 1495.313377380371
Starting label LEVI, seed 71, iteration 1990, time: 1514.509171962738
submitit INFO (2022-10-02 02:45:43,649) - Job completed successfully
