submitit INFO (2022-10-02 13:03:13,103) - Starting with JobEnvironment(job_id=884417_0, hostname=joachims-compute-02.cs.cornell.edu, local_rank=0(1), node=0(1), global_rank=0(1))
submitit INFO (2022-10-02 13:03:13,104) - Loading pickle: /home/gid-cakmaks/contextual_rs/experiments/wsc_experiments/logs/884417_0/884417_0_submitted.pkl
Appending iterations to existing output!Warning: If parameters other than `iterations` have been changed, this will corrupt the output!
Starting label LEVI, seed 32, iteration 820, time: 1734.267341375351
Starting label LEVI, seed 32, iteration 830, time: 1739.796277999878
Starting label LEVI, seed 32, iteration 840, time: 1744.7670810222626
Starting label LEVI, seed 32, iteration 850, time: 1749.5624721050262
Starting label LEVI, seed 32, iteration 860, time: 1754.7965593338013
Starting label LEVI, seed 32, iteration 870, time: 1758.8079793453217
Starting label LEVI, seed 32, iteration 880, time: 1763.0678639411926
Starting label LEVI, seed 32, iteration 890, time: 1767.3391597270966
Starting label LEVI, seed 32, iteration 900, time: 1772.5250492095947
Starting label LEVI, seed 32, iteration 910, time: 1777.6692509651184
Starting label LEVI, seed 32, iteration 920, time: 1782.2755289077759
Starting label LEVI, seed 32, iteration 930, time: 1787.160026550293
submitit WARNING (2022-10-02 13:04:12,229) - Bypassing signal SIGCONT
submitit WARNING (2022-10-02 13:04:12,293) - Bypassing signal SIGTERM
Starting label LEVI, seed 32, iteration 940, time: 1792.065054655075
Starting label LEVI, seed 32, iteration 950, time: 1796.9677653312683
Starting label LEVI, seed 32, iteration 960, time: 1801.739973783493
Starting label LEVI, seed 32, iteration 970, time: 1806.6588628292084
Starting label LEVI, seed 32, iteration 980, time: 1810.9246287345886
Starting label LEVI, seed 32, iteration 990, time: 1816.8203716278076
