submitit INFO (2022-10-02 02:02:25,316) - Starting with JobEnvironment(job_id=883600, hostname=nikola-compute-01.cs.cornell.edu, local_rank=0(1), node=0(1), global_rank=0(1))
submitit INFO (2022-10-02 02:02:25,317) - Loading pickle: /home/gid-cakmaks/contextual_rs/experiments/wsc_experiments/logs/883600/883600_submitted.pkl
Appending iterations to existing output!Warning: If parameters other than `iterations` have been changed, this will corrupt the output!
Starting label LEVI, seed 22, iteration 500, time: 1595.8963813781738
Starting label LEVI, seed 22, iteration 510, time: 1599.0785086154938
Starting label LEVI, seed 22, iteration 520, time: 1602.0203411579132
Starting label LEVI, seed 22, iteration 530, time: 1604.951744556427
Starting label LEVI, seed 22, iteration 540, time: 1607.8304629325867
Starting label LEVI, seed 22, iteration 550, time: 1610.716523885727
Starting label LEVI, seed 22, iteration 560, time: 1613.749109506607
Starting label LEVI, seed 22, iteration 570, time: 1617.406822681427
Starting label LEVI, seed 22, iteration 580, time: 1620.3540058135986
Starting label LEVI, seed 22, iteration 590, time: 1624.0981407165527
Starting label LEVI, seed 22, iteration 600, time: 1627.1133887767792
Starting label LEVI, seed 22, iteration 610, time: 1630.1893458366394
Starting label LEVI, seed 22, iteration 620, time: 1633.2543895244598
Starting label LEVI, seed 22, iteration 630, time: 1636.8164629936218
Starting label LEVI, seed 22, iteration 640, time: 1640.1959161758423
Starting label LEVI, seed 22, iteration 650, time: 1643.7938232421875
Starting label LEVI, seed 22, iteration 660, time: 1651.9337258338928
Starting label LEVI, seed 22, iteration 670, time: 1655.4722266197205
Starting label LEVI, seed 22, iteration 680, time: 1658.5248358249664
Starting label LEVI, seed 22, iteration 690, time: 1661.4625070095062
Starting label LEVI, seed 22, iteration 700, time: 1664.3682744503021
Starting label LEVI, seed 22, iteration 710, time: 1667.512157201767
Starting label LEVI, seed 22, iteration 720, time: 1670.9828655719757
Starting label LEVI, seed 22, iteration 730, time: 1674.6104435920715
Starting label LEVI, seed 22, iteration 740, time: 1679.9296362400055
Starting label LEVI, seed 22, iteration 750, time: 1683.115144252777
Starting label LEVI, seed 22, iteration 760, time: 1686.1514327526093
Starting label LEVI, seed 22, iteration 770, time: 1690.0373785495758
Starting label LEVI, seed 22, iteration 780, time: 1694.8806354999542
Starting label LEVI, seed 22, iteration 790, time: 1700.8047370910645
Starting label LEVI, seed 22, iteration 800, time: 1706.2099347114563
Starting label LEVI, seed 22, iteration 810, time: 1709.5825672149658
Starting label LEVI, seed 22, iteration 820, time: 1714.526511669159
Starting label LEVI, seed 22, iteration 830, time: 1718.3324427604675
Starting label LEVI, seed 22, iteration 840, time: 1721.6491160392761
Starting label LEVI, seed 22, iteration 850, time: 1724.9556391239166
Starting label LEVI, seed 22, iteration 860, time: 1738.3456978797913
Starting label LEVI, seed 22, iteration 870, time: 1759.2235553264618
Starting label LEVI, seed 22, iteration 880, time: 1762.6420636177063
Starting label LEVI, seed 22, iteration 890, time: 1766.1202681064606
Starting label LEVI, seed 22, iteration 900, time: 1769.9564394950867
Starting label LEVI, seed 22, iteration 910, time: 1773.7161884307861
Starting label LEVI, seed 22, iteration 920, time: 1778.9997744560242
Starting label LEVI, seed 22, iteration 930, time: 1784.6005730628967
Starting label LEVI, seed 22, iteration 940, time: 1789.0417342185974
Starting label LEVI, seed 22, iteration 950, time: 1792.3119604587555
Starting label LEVI, seed 22, iteration 960, time: 1795.8531680107117
Starting label LEVI, seed 22, iteration 970, time: 1799.6301484107971
Starting label LEVI, seed 22, iteration 980, time: 1803.1643404960632
Starting label LEVI, seed 22, iteration 990, time: 1807.9638719558716
Starting label LEVI, seed 22, iteration 1000, time: 1811.4991059303284
Starting label LEVI, seed 22, iteration 1010, time: 1814.9507110118866
Starting label LEVI, seed 22, iteration 1020, time: 1818.456344127655
Starting label LEVI, seed 22, iteration 1030, time: 1821.875468492508
Starting label LEVI, seed 22, iteration 1040, time: 1825.5230631828308
Starting label LEVI, seed 22, iteration 1050, time: 1829.282262802124
Starting label LEVI, seed 22, iteration 1060, time: 1832.8896267414093
Starting label LEVI, seed 22, iteration 1070, time: 1836.5745604038239
Starting label LEVI, seed 22, iteration 1080, time: 1840.2436482906342
Starting label LEVI, seed 22, iteration 1090, time: 1843.8956682682037
Starting label LEVI, seed 22, iteration 1100, time: 1847.5589218139648
Starting label LEVI, seed 22, iteration 1110, time: 1851.1665465831757
Starting label LEVI, seed 22, iteration 1120, time: 1855.0099565982819
Starting label LEVI, seed 22, iteration 1130, time: 1858.7462215423584
Starting label LEVI, seed 22, iteration 1140, time: 1862.3804218769073
Starting label LEVI, seed 22, iteration 1150, time: 1866.1365823745728
Starting label LEVI, seed 22, iteration 1160, time: 1869.7837436199188
Starting label LEVI, seed 22, iteration 1170, time: 1873.524284362793
Starting label LEVI, seed 22, iteration 1180, time: 1877.3689432144165
Starting label LEVI, seed 22, iteration 1190, time: 1881.2757940292358
Starting label LEVI, seed 22, iteration 1200, time: 1885.1166460514069
Starting label LEVI, seed 22, iteration 1210, time: 1888.874284029007
Starting label LEVI, seed 22, iteration 1220, time: 1892.6485340595245
Starting label LEVI, seed 22, iteration 1230, time: 1896.6415445804596
Starting label LEVI, seed 22, iteration 1240, time: 1900.620031118393
Starting label LEVI, seed 22, iteration 1250, time: 1904.4966526031494
Starting label LEVI, seed 22, iteration 1260, time: 1908.321048259735
Starting label LEVI, seed 22, iteration 1270, time: 1912.2640297412872
Starting label LEVI, seed 22, iteration 1280, time: 1916.3324477672577
Starting label LEVI, seed 22, iteration 1290, time: 1920.3617837429047
Starting label LEVI, seed 22, iteration 1300, time: 1924.494301557541
Starting label LEVI, seed 22, iteration 1310, time: 1928.6712369918823
Starting label LEVI, seed 22, iteration 1320, time: 1932.6379401683807
Starting label LEVI, seed 22, iteration 1330, time: 1936.6304156780243
Starting label LEVI, seed 22, iteration 1340, time: 1940.7982878684998
Starting label LEVI, seed 22, iteration 1350, time: 1945.177705526352
Starting label LEVI, seed 22, iteration 1360, time: 1949.3430099487305
Starting label LEVI, seed 22, iteration 1370, time: 1953.713014125824
Starting label LEVI, seed 22, iteration 1380, time: 1957.7976214885712
Starting label LEVI, seed 22, iteration 1390, time: 1961.941163778305
Starting label LEVI, seed 22, iteration 1400, time: 1966.1052131652832
Starting label LEVI, seed 22, iteration 1410, time: 1970.3038320541382
Starting label LEVI, seed 22, iteration 1420, time: 1974.6599533557892
Starting label LEVI, seed 22, iteration 1430, time: 1979.0839908123016
Starting label LEVI, seed 22, iteration 1440, time: 1983.6737236976624
Starting label LEVI, seed 22, iteration 1450, time: 1988.1085035800934
Starting label LEVI, seed 22, iteration 1460, time: 1992.4502396583557
Starting label LEVI, seed 22, iteration 1470, time: 1996.8381686210632
Starting label LEVI, seed 22, iteration 1480, time: 2002.0221779346466
Starting label LEVI, seed 22, iteration 1490, time: 2007.7361903190613
Starting label LEVI, seed 22, iteration 1500, time: 2012.4458434581757
Starting label LEVI, seed 22, iteration 1510, time: 2017.524577140808
Starting label LEVI, seed 22, iteration 1520, time: 2022.1218888759613
Starting label LEVI, seed 22, iteration 1530, time: 2027.7809846401215
Starting label LEVI, seed 22, iteration 1540, time: 2034.6587228775024
Starting label LEVI, seed 22, iteration 1550, time: 2040.2314455509186
Starting label LEVI, seed 22, iteration 1560, time: 2047.4392766952515
Starting label LEVI, seed 22, iteration 1570, time: 2053.96298623085
Starting label LEVI, seed 22, iteration 1580, time: 2062.094229221344
Starting label LEVI, seed 22, iteration 1590, time: 2067.9452800750732
Starting label LEVI, seed 22, iteration 1600, time: 2075.484410047531
Starting label LEVI, seed 22, iteration 1610, time: 2083.0172097682953
Starting label LEVI, seed 22, iteration 1620, time: 2088.9019095897675
Starting label LEVI, seed 22, iteration 1630, time: 2094.9254298210144
Starting label LEVI, seed 22, iteration 1640, time: 2101.954649448395
Starting label LEVI, seed 22, iteration 1650, time: 2109.9307539463043
Starting label LEVI, seed 22, iteration 1660, time: 2116.1657116413116
Starting label LEVI, seed 22, iteration 1670, time: 2130.697523832321
Starting label LEVI, seed 22, iteration 1680, time: 2148.853783607483
Starting label LEVI, seed 22, iteration 1690, time: 2155.581589460373
Starting label LEVI, seed 22, iteration 1700, time: 2160.8364465236664
Starting label LEVI, seed 22, iteration 1710, time: 2166.053642272949
Starting label LEVI, seed 22, iteration 1720, time: 2172.289556980133
Starting label LEVI, seed 22, iteration 1730, time: 2181.126621723175
Starting label LEVI, seed 22, iteration 1740, time: 2188.624447822571
Starting label LEVI, seed 22, iteration 1750, time: 2194.343954563141
Starting label LEVI, seed 22, iteration 1760, time: 2200.696942090988
Starting label LEVI, seed 22, iteration 1770, time: 2206.0315721035004
Starting label LEVI, seed 22, iteration 1780, time: 2211.3825063705444
Starting label LEVI, seed 22, iteration 1790, time: 2216.523093700409
Starting label LEVI, seed 22, iteration 1800, time: 2221.8473885059357
Starting label LEVI, seed 22, iteration 1810, time: 2227.276182413101
Starting label LEVI, seed 22, iteration 1820, time: 2233.455643415451
Starting label LEVI, seed 22, iteration 1830, time: 2239.0209715366364
Starting label LEVI, seed 22, iteration 1840, time: 2244.717708349228
Starting label LEVI, seed 22, iteration 1850, time: 2250.4327924251556
Starting label LEVI, seed 22, iteration 1860, time: 2256.040167570114
Starting label LEVI, seed 22, iteration 1870, time: 2261.7088985443115
Starting label LEVI, seed 22, iteration 1880, time: 2267.5506706237793
Starting label LEVI, seed 22, iteration 1890, time: 2273.4819328784943
Starting label LEVI, seed 22, iteration 1900, time: 2279.2689554691315
Starting label LEVI, seed 22, iteration 1910, time: 2285.4261808395386
Starting label LEVI, seed 22, iteration 1920, time: 2291.3841514587402
Starting label LEVI, seed 22, iteration 1930, time: 2297.319897413254
Starting label LEVI, seed 22, iteration 1940, time: 2303.223693370819
Starting label LEVI, seed 22, iteration 1950, time: 2309.0946276187897
Starting label LEVI, seed 22, iteration 1960, time: 2315.099762439728
Starting label LEVI, seed 22, iteration 1970, time: 2321.232842206955
Starting label LEVI, seed 22, iteration 1980, time: 2330.6474487781525
Starting label LEVI, seed 22, iteration 1990, time: 2343.4735968112946
submitit INFO (2022-10-02 02:15:14,443) - Job completed successfully
