submitit INFO (2022-10-02 00:56:36,234) - Starting with JobEnvironment(job_id=883357_5, hostname=coecis-compute-01.coecis.cornell.edu, local_rank=0(1), node=0(1), global_rank=0(1))
submitit INFO (2022-10-02 00:56:36,234) - Loading pickle: /home/gid-cakmaks/contextual_rs/experiments/wsc_experiments/logs/883357_5/883357_5_submitted.pkl
Starting label LEVI, seed 35, iteration 0, time: 0.0006566047668457031
Starting label LEVI, seed 35, iteration 10, time: 3.2196779251098633
Starting label LEVI, seed 35, iteration 20, time: 6.326829671859741
Starting label LEVI, seed 35, iteration 30, time: 9.538932085037231
Starting label LEVI, seed 35, iteration 40, time: 12.707178115844727
Starting label LEVI, seed 35, iteration 50, time: 15.87078309059143
Starting label LEVI, seed 35, iteration 60, time: 19.17956256866455
Starting label LEVI, seed 35, iteration 70, time: 22.38852047920227
Starting label LEVI, seed 35, iteration 80, time: 25.664915561676025
Starting label LEVI, seed 35, iteration 90, time: 28.909369468688965
Starting label LEVI, seed 35, iteration 100, time: 32.18633317947388
Starting label LEVI, seed 35, iteration 110, time: 35.43334126472473
Starting label LEVI, seed 35, iteration 120, time: 38.800153970718384
Starting label LEVI, seed 35, iteration 130, time: 42.105425119400024
Starting label LEVI, seed 35, iteration 140, time: 47.22479200363159
Starting label LEVI, seed 35, iteration 150, time: 51.281301736831665
Starting label LEVI, seed 35, iteration 160, time: 56.672364473342896
Starting label LEVI, seed 35, iteration 170, time: 60.78110480308533
Starting label LEVI, seed 35, iteration 180, time: 65.31007432937622
Starting label LEVI, seed 35, iteration 190, time: 69.69699788093567
Starting label LEVI, seed 35, iteration 200, time: 73.18725156784058
Starting label LEVI, seed 35, iteration 210, time: 76.6434280872345
Starting label LEVI, seed 35, iteration 220, time: 80.29422211647034
Starting label LEVI, seed 35, iteration 230, time: 83.93416857719421
Starting label LEVI, seed 35, iteration 240, time: 87.38028979301453
Starting label LEVI, seed 35, iteration 250, time: 90.86152267456055
Starting label LEVI, seed 35, iteration 260, time: 94.31105136871338
Starting label LEVI, seed 35, iteration 270, time: 97.76234340667725
Starting label LEVI, seed 35, iteration 280, time: 101.28494548797607
Starting label LEVI, seed 35, iteration 290, time: 104.85114741325378
Starting label LEVI, seed 35, iteration 300, time: 108.49222993850708
Starting label LEVI, seed 35, iteration 310, time: 112.2039692401886
Starting label LEVI, seed 35, iteration 320, time: 115.67487144470215
Starting label LEVI, seed 35, iteration 330, time: 119.35103678703308
Starting label LEVI, seed 35, iteration 340, time: 123.05487132072449
Starting label LEVI, seed 35, iteration 350, time: 126.90683913230896
Starting label LEVI, seed 35, iteration 360, time: 130.59378147125244
Starting label LEVI, seed 35, iteration 370, time: 134.57747793197632
Starting label LEVI, seed 35, iteration 380, time: 138.19729828834534
Starting label LEVI, seed 35, iteration 390, time: 142.14947056770325
Starting label LEVI, seed 35, iteration 400, time: 145.8161096572876
Starting label LEVI, seed 35, iteration 410, time: 149.48272967338562
Starting label LEVI, seed 35, iteration 420, time: 153.4350941181183
Starting label LEVI, seed 35, iteration 430, time: 157.11509704589844
Starting label LEVI, seed 35, iteration 440, time: 160.9132387638092
Starting label LEVI, seed 35, iteration 450, time: 164.6371190547943
Starting label LEVI, seed 35, iteration 460, time: 168.1396234035492
Starting label LEVI, seed 35, iteration 470, time: 171.77934575080872
Starting label LEVI, seed 35, iteration 480, time: 175.9000208377838
Starting label LEVI, seed 35, iteration 490, time: 179.78071928024292
Starting label LEVI, seed 35, iteration 500, time: 184.36171555519104
Starting label LEVI, seed 35, iteration 510, time: 188.57457327842712
Starting label LEVI, seed 35, iteration 520, time: 192.81870937347412
Starting label LEVI, seed 35, iteration 530, time: 197.3491406440735
Starting label LEVI, seed 35, iteration 540, time: 201.7410023212433
Starting label LEVI, seed 35, iteration 550, time: 206.25953030586243
Starting label LEVI, seed 35, iteration 560, time: 210.82267880439758
Starting label LEVI, seed 35, iteration 570, time: 215.50766372680664
Starting label LEVI, seed 35, iteration 580, time: 220.51179790496826
Starting label LEVI, seed 35, iteration 590, time: 225.49984121322632
Starting label LEVI, seed 35, iteration 600, time: 230.478253364563
Starting label LEVI, seed 35, iteration 610, time: 235.36461520195007
Starting label LEVI, seed 35, iteration 620, time: 240.52801513671875
Starting label LEVI, seed 35, iteration 630, time: 245.5279941558838
Starting label LEVI, seed 35, iteration 640, time: 250.91038060188293
Starting label LEVI, seed 35, iteration 650, time: 255.59840178489685
Starting label LEVI, seed 35, iteration 660, time: 260.8510310649872
Starting label LEVI, seed 35, iteration 670, time: 266.3132846355438
Starting label LEVI, seed 35, iteration 680, time: 271.66761922836304
Starting label LEVI, seed 35, iteration 690, time: 277.64798188209534
Starting label LEVI, seed 35, iteration 700, time: 282.85386967658997
Starting label LEVI, seed 35, iteration 710, time: 288.7544176578522
Starting label LEVI, seed 35, iteration 720, time: 294.33249711990356
Starting label LEVI, seed 35, iteration 730, time: 300.5162127017975
Starting label LEVI, seed 35, iteration 740, time: 305.95984745025635
Starting label LEVI, seed 35, iteration 750, time: 311.93311834335327
Starting label LEVI, seed 35, iteration 760, time: 317.773051738739
Starting label LEVI, seed 35, iteration 770, time: 324.21767711639404
Starting label LEVI, seed 35, iteration 780, time: 330.94846367836
Starting label LEVI, seed 35, iteration 790, time: 337.8016014099121
Starting label LEVI, seed 35, iteration 800, time: 344.61703515052795
Starting label LEVI, seed 35, iteration 810, time: 351.154771566391
Starting label LEVI, seed 35, iteration 820, time: 357.88174057006836
Starting label LEVI, seed 35, iteration 830, time: 364.6992242336273
Starting label LEVI, seed 35, iteration 840, time: 371.6919391155243
Starting label LEVI, seed 35, iteration 850, time: 378.38612699508667
Starting label LEVI, seed 35, iteration 860, time: 385.4678370952606
Starting label LEVI, seed 35, iteration 870, time: 392.54602456092834
Starting label LEVI, seed 35, iteration 880, time: 399.7772150039673
Starting label LEVI, seed 35, iteration 890, time: 406.50787568092346
Starting label LEVI, seed 35, iteration 900, time: 413.34773778915405
Starting label LEVI, seed 35, iteration 910, time: 421.25624084472656
Starting label LEVI, seed 35, iteration 920, time: 429.26122283935547
Starting label LEVI, seed 35, iteration 930, time: 436.1816008090973
Starting label LEVI, seed 35, iteration 940, time: 444.3072102069855
Starting label LEVI, seed 35, iteration 950, time: 452.53420400619507
Starting label LEVI, seed 35, iteration 960, time: 460.769202709198
Starting label LEVI, seed 35, iteration 970, time: 469.3320059776306
Starting label LEVI, seed 35, iteration 980, time: 477.5276310443878
Starting label LEVI, seed 35, iteration 990, time: 484.7114179134369
Starting label LEVI, seed 35, iteration 1000, time: 492.2381706237793
Starting label LEVI, seed 35, iteration 1010, time: 501.18051505088806
Starting label LEVI, seed 35, iteration 1020, time: 510.4511384963989
Starting label LEVI, seed 35, iteration 1030, time: 520.0291142463684
Starting label LEVI, seed 35, iteration 1040, time: 527.5739958286285
Starting label LEVI, seed 35, iteration 1050, time: 536.2750239372253
Starting label LEVI, seed 35, iteration 1060, time: 545.0956389904022
Starting label LEVI, seed 35, iteration 1070, time: 552.782119512558
Starting label LEVI, seed 35, iteration 1080, time: 560.4532787799835
Starting label LEVI, seed 35, iteration 1090, time: 568.2758491039276
Starting label LEVI, seed 35, iteration 1100, time: 576.6671183109283
Starting label LEVI, seed 35, iteration 1110, time: 587.1655321121216
Starting label LEVI, seed 35, iteration 1120, time: 596.734584569931
Starting label LEVI, seed 35, iteration 1130, time: 607.1579351425171
Starting label LEVI, seed 35, iteration 1140, time: 615.8371665477753
Starting label LEVI, seed 35, iteration 1150, time: 626.1553964614868
Starting label LEVI, seed 35, iteration 1160, time: 637.2211799621582
Starting label LEVI, seed 35, iteration 1170, time: 648.9679834842682
Starting label LEVI, seed 35, iteration 1180, time: 660.7714171409607
Starting label LEVI, seed 35, iteration 1190, time: 672.1127691268921
Starting label LEVI, seed 35, iteration 1200, time: 681.8278744220734
Starting label LEVI, seed 35, iteration 1210, time: 692.4730181694031
Starting label LEVI, seed 35, iteration 1220, time: 702.721349477768
Starting label LEVI, seed 35, iteration 1230, time: 712.6638944149017
Starting label LEVI, seed 35, iteration 1240, time: 722.7391974925995
Starting label LEVI, seed 35, iteration 1250, time: 732.7711770534515
Starting label LEVI, seed 35, iteration 1260, time: 742.9233167171478
Starting label LEVI, seed 35, iteration 1270, time: 752.8546855449677
Starting label LEVI, seed 35, iteration 1280, time: 765.1470429897308
Starting label LEVI, seed 35, iteration 1290, time: 775.7107167243958
Starting label LEVI, seed 35, iteration 1300, time: 787.0031569004059
Starting label LEVI, seed 35, iteration 1310, time: 798.7234418392181
Starting label LEVI, seed 35, iteration 1320, time: 809.2627973556519
Starting label LEVI, seed 35, iteration 1330, time: 822.871209859848
Starting label LEVI, seed 35, iteration 1340, time: 834.4956369400024
Starting label LEVI, seed 35, iteration 1350, time: 847.8316304683685
Starting label LEVI, seed 35, iteration 1360, time: 860.5954949855804
Starting label LEVI, seed 35, iteration 1370, time: 875.8753471374512
Starting label LEVI, seed 35, iteration 1380, time: 892.1396942138672
Starting label LEVI, seed 35, iteration 1390, time: 906.1550598144531
Starting label LEVI, seed 35, iteration 1400, time: 920.3275232315063
Starting label LEVI, seed 35, iteration 1410, time: 934.0669891834259
Starting label LEVI, seed 35, iteration 1420, time: 952.4430911540985
Starting label LEVI, seed 35, iteration 1430, time: 969.418541431427
Starting label LEVI, seed 35, iteration 1440, time: 986.4034733772278
Starting label LEVI, seed 35, iteration 1450, time: 1000.5234146118164
Starting label LEVI, seed 35, iteration 1460, time: 1015.2794487476349
Starting label LEVI, seed 35, iteration 1470, time: 1029.195547580719
Starting label LEVI, seed 35, iteration 1480, time: 1049.2551884651184
Starting label LEVI, seed 35, iteration 1490, time: 1067.8270835876465
Starting label LEVI, seed 35, iteration 1500, time: 1087.2667820453644
Starting label LEVI, seed 35, iteration 1510, time: 1103.0867235660553
Starting label LEVI, seed 35, iteration 1520, time: 1119.0356040000916
Starting label LEVI, seed 35, iteration 1530, time: 1133.8355207443237
Starting label LEVI, seed 35, iteration 1540, time: 1149.6425611972809
Starting label LEVI, seed 35, iteration 1550, time: 1171.231115102768
Starting label LEVI, seed 35, iteration 1560, time: 1187.9750335216522
Starting label LEVI, seed 35, iteration 1570, time: 1210.6075189113617
Starting label LEVI, seed 35, iteration 1580, time: 1234.471913576126
Starting label LEVI, seed 35, iteration 1590, time: 1254.1865208148956
Starting label LEVI, seed 35, iteration 1600, time: 1269.5491752624512
Starting label LEVI, seed 35, iteration 1610, time: 1288.274144411087
Starting label LEVI, seed 35, iteration 1620, time: 1303.2039217948914
Starting label LEVI, seed 35, iteration 1630, time: 1321.3747782707214
Starting label LEVI, seed 35, iteration 1640, time: 1338.8629624843597
Starting label LEVI, seed 35, iteration 1650, time: 1359.442752122879
Starting label LEVI, seed 35, iteration 1660, time: 1378.4436221122742
Starting label LEVI, seed 35, iteration 1670, time: 1400.1697986125946
Starting label LEVI, seed 35, iteration 1680, time: 1426.7885921001434
Starting label LEVI, seed 35, iteration 1690, time: 1450.2439396381378
Starting label LEVI, seed 35, iteration 1700, time: 1471.7559282779694
Starting label LEVI, seed 35, iteration 1710, time: 1492.4474115371704
Starting label LEVI, seed 35, iteration 1720, time: 1517.16960811615
Starting label LEVI, seed 35, iteration 1730, time: 1544.8115689754486
submitit WARNING (2022-10-02 01:22:36,089) - Bypassing signal SIGTERM
submitit WARNING (2022-10-02 01:22:36,090) - Bypassing signal SIGCONT
Starting label LEVI, seed 35, iteration 1740, time: 1569.2917921543121
