submitit INFO (2022-10-02 02:18:17,930) - Starting with JobEnvironment(job_id=883610_1, hostname=nikola-compute-03.cs.cornell.edu, local_rank=0(1), node=0(1), global_rank=0(1))
submitit INFO (2022-10-02 02:18:17,930) - Loading pickle: /home/gid-cakmaks/contextual_rs/experiments/wsc_experiments/logs/883610_1/883610_1_submitted.pkl
Appending iterations to existing output!Warning: If parameters other than `iterations` have been changed, this will corrupt the output!
Starting label LEVI, seed 29, iteration 1490, time: 1855.4210648536682
Starting label LEVI, seed 29, iteration 1500, time: 1859.7581028938293
Starting label LEVI, seed 29, iteration 1510, time: 1864.0139253139496
Starting label LEVI, seed 29, iteration 1520, time: 1868.1981356143951
Starting label LEVI, seed 29, iteration 1530, time: 1872.2686777114868
Starting label LEVI, seed 29, iteration 1540, time: 1876.2322437763214
Starting label LEVI, seed 29, iteration 1550, time: 1880.417423248291
Starting label LEVI, seed 29, iteration 1560, time: 1884.5138866901398
Starting label LEVI, seed 29, iteration 1570, time: 1888.6311542987823
Starting label LEVI, seed 29, iteration 1580, time: 1892.5055899620056
Starting label LEVI, seed 29, iteration 1590, time: 1896.459231853485
Starting label LEVI, seed 29, iteration 1600, time: 1900.6446599960327
Starting label LEVI, seed 29, iteration 1610, time: 1904.676165819168
Starting label LEVI, seed 29, iteration 1620, time: 1908.7153532505035
Starting label LEVI, seed 29, iteration 1630, time: 1912.7738389968872
Starting label LEVI, seed 29, iteration 1640, time: 1916.9213144779205
Starting label LEVI, seed 29, iteration 1650, time: 1920.885597705841
submitit WARNING (2022-10-02 02:19:27,057) - Bypassing signal SIGCONT
submitit WARNING (2022-10-02 02:19:27,111) - Bypassing signal SIGTERM
Starting label LEVI, seed 29, iteration 1660, time: 1925.3078253269196
Starting label LEVI, seed 29, iteration 1670, time: 1929.487636566162
Starting label LEVI, seed 29, iteration 1680, time: 1933.980325460434
Starting label LEVI, seed 29, iteration 1690, time: 1938.5504777431488
Starting label LEVI, seed 29, iteration 1700, time: 1942.9645462036133
Starting label LEVI, seed 29, iteration 1710, time: 1947.3375010490417
