submitit INFO (2022-10-02 02:25:27,506) - Starting with JobEnvironment(job_id=883724_6, hostname=rush-compute-01.tech.cornell.edu, local_rank=0(1), node=0(1), global_rank=0(1))
submitit INFO (2022-10-02 02:25:27,506) - Loading pickle: /home/gid-cakmaks/contextual_rs/experiments/wsc_experiments/logs/883724_6/883724_6_submitted.pkl
Appending iterations to existing output!Warning: If parameters other than `iterations` have been changed, this will corrupt the output!
Starting label LEVI, seed 76, iteration 570, time: 187.72103905677795
Starting label LEVI, seed 76, iteration 580, time: 192.50696921348572
Starting label LEVI, seed 76, iteration 590, time: 196.93807196617126
Starting label LEVI, seed 76, iteration 600, time: 201.47018194198608
Starting label LEVI, seed 76, iteration 610, time: 206.2488989830017
Starting label LEVI, seed 76, iteration 620, time: 210.45245146751404
Starting label LEVI, seed 76, iteration 630, time: 215.11147379875183
Starting label LEVI, seed 76, iteration 640, time: 219.60104823112488
Starting label LEVI, seed 76, iteration 650, time: 224.5727195739746
Starting label LEVI, seed 76, iteration 660, time: 229.29508519172668
Starting label LEVI, seed 76, iteration 670, time: 234.16179823875427
Starting label LEVI, seed 76, iteration 680, time: 238.69189596176147
Starting label LEVI, seed 76, iteration 690, time: 243.209534406662
Starting label LEVI, seed 76, iteration 700, time: 247.85854506492615
Starting label LEVI, seed 76, iteration 710, time: 253.36586689949036
Starting label LEVI, seed 76, iteration 720, time: 258.41520261764526
Starting label LEVI, seed 76, iteration 730, time: 263.5188910961151
Starting label LEVI, seed 76, iteration 740, time: 269.0392978191376
Starting label LEVI, seed 76, iteration 750, time: 274.43881916999817
Starting label LEVI, seed 76, iteration 760, time: 279.569447517395
Starting label LEVI, seed 76, iteration 770, time: 285.4172923564911
Starting label LEVI, seed 76, iteration 780, time: 290.920049905777
Starting label LEVI, seed 76, iteration 790, time: 296.9463231563568
Starting label LEVI, seed 76, iteration 800, time: 302.21337270736694
Starting label LEVI, seed 76, iteration 810, time: 307.89240169525146
Starting label LEVI, seed 76, iteration 820, time: 313.07800555229187
Starting label LEVI, seed 76, iteration 830, time: 318.4285976886749
Starting label LEVI, seed 76, iteration 840, time: 324.9830002784729
Starting label LEVI, seed 76, iteration 850, time: 330.1424596309662
Starting label LEVI, seed 76, iteration 860, time: 335.85196828842163
Starting label LEVI, seed 76, iteration 870, time: 342.0707368850708
Starting label LEVI, seed 76, iteration 880, time: 347.76311206817627
Starting label LEVI, seed 76, iteration 890, time: 353.73238801956177
Starting label LEVI, seed 76, iteration 900, time: 360.86942648887634
Starting label LEVI, seed 76, iteration 910, time: 367.46422815322876
Starting label LEVI, seed 76, iteration 920, time: 374.6091868877411
Starting label LEVI, seed 76, iteration 930, time: 381.2127766609192
Starting label LEVI, seed 76, iteration 940, time: 387.7893912792206
Starting label LEVI, seed 76, iteration 950, time: 393.8860785961151
Starting label LEVI, seed 76, iteration 960, time: 400.8381404876709
Starting label LEVI, seed 76, iteration 970, time: 408.0900640487671
Starting label LEVI, seed 76, iteration 980, time: 416.2544901371002
Starting label LEVI, seed 76, iteration 990, time: 423.1176874637604
Starting label LEVI, seed 76, iteration 1000, time: 431.2539210319519
Starting label LEVI, seed 76, iteration 1010, time: 437.56509494781494
Starting label LEVI, seed 76, iteration 1020, time: 444.2793803215027
Starting label LEVI, seed 76, iteration 1030, time: 452.28340697288513
Starting label LEVI, seed 76, iteration 1040, time: 460.2552216053009
Starting label LEVI, seed 76, iteration 1050, time: 468.8225095272064
Starting label LEVI, seed 76, iteration 1060, time: 477.5620572566986
Starting label LEVI, seed 76, iteration 1070, time: 486.731591463089
Starting label LEVI, seed 76, iteration 1080, time: 495.5401589870453
Starting label LEVI, seed 76, iteration 1090, time: 505.02348470687866
Starting label LEVI, seed 76, iteration 1100, time: 512.9706702232361
Starting label LEVI, seed 76, iteration 1110, time: 521.1062722206116
Starting label LEVI, seed 76, iteration 1120, time: 529.0665020942688
Starting label LEVI, seed 76, iteration 1130, time: 538.9637384414673
Starting label LEVI, seed 76, iteration 1140, time: 547.4338593482971
Starting label LEVI, seed 76, iteration 1150, time: 557.8834269046783
Starting label LEVI, seed 76, iteration 1160, time: 565.3934519290924
Starting label LEVI, seed 76, iteration 1170, time: 575.2011961936951
Starting label LEVI, seed 76, iteration 1180, time: 584.6803345680237
Starting label LEVI, seed 76, iteration 1190, time: 594.1081326007843
Starting label LEVI, seed 76, iteration 1200, time: 606.3371515274048
Starting label LEVI, seed 76, iteration 1210, time: 617.9397411346436
Starting label LEVI, seed 76, iteration 1220, time: 629.8804678916931
Starting label LEVI, seed 76, iteration 1230, time: 641.6663401126862
Starting label LEVI, seed 76, iteration 1240, time: 654.7909984588623
Starting label LEVI, seed 76, iteration 1250, time: 666.7759008407593
Starting label LEVI, seed 76, iteration 1260, time: 676.0075898170471
Starting label LEVI, seed 76, iteration 1270, time: 687.6646599769592
Starting label LEVI, seed 76, iteration 1280, time: 701.5945205688477
Starting label LEVI, seed 76, iteration 1290, time: 714.701583147049
Starting label LEVI, seed 76, iteration 1300, time: 728.2660653591156
Starting label LEVI, seed 76, iteration 1310, time: 742.182888507843
Starting label LEVI, seed 76, iteration 1320, time: 756.3923306465149
Starting label LEVI, seed 76, iteration 1330, time: 766.3629422187805
Starting label LEVI, seed 76, iteration 1340, time: 777.4738004207611
Starting label LEVI, seed 76, iteration 1350, time: 790.5353124141693
Starting label LEVI, seed 76, iteration 1360, time: 801.0726985931396
Starting label LEVI, seed 76, iteration 1370, time: 815.1644446849823
Starting label LEVI, seed 76, iteration 1380, time: 826.9079027175903
Starting label LEVI, seed 76, iteration 1390, time: 838.9241104125977
Starting label LEVI, seed 76, iteration 1400, time: 855.2278094291687
Starting label LEVI, seed 76, iteration 1410, time: 868.9950602054596
Starting label LEVI, seed 76, iteration 1420, time: 884.9645583629608
Starting label LEVI, seed 76, iteration 1430, time: 901.1338307857513
Starting label LEVI, seed 76, iteration 1440, time: 915.8257377147675
Starting label LEVI, seed 76, iteration 1450, time: 932.4423840045929
Starting label LEVI, seed 76, iteration 1460, time: 949.4089331626892
Starting label LEVI, seed 76, iteration 1470, time: 965.0263786315918
Starting label LEVI, seed 76, iteration 1480, time: 982.2708413600922
Starting label LEVI, seed 76, iteration 1490, time: 998.7625751495361
Starting label LEVI, seed 76, iteration 1500, time: 1018.1897878646851
Starting label LEVI, seed 76, iteration 1510, time: 1035.6908180713654
Starting label LEVI, seed 76, iteration 1520, time: 1054.8385457992554
Starting label LEVI, seed 76, iteration 1530, time: 1079.8012845516205
Starting label LEVI, seed 76, iteration 1540, time: 1100.8635721206665
Starting label LEVI, seed 76, iteration 1550, time: 1121.0532054901123
Starting label LEVI, seed 76, iteration 1560, time: 1141.8552830219269
Starting label LEVI, seed 76, iteration 1570, time: 1161.0641341209412
Starting label LEVI, seed 76, iteration 1580, time: 1181.9396617412567
Starting label LEVI, seed 76, iteration 1590, time: 1202.9544253349304
Starting label LEVI, seed 76, iteration 1600, time: 1224.5166370868683
Starting label LEVI, seed 76, iteration 1610, time: 1246.775291442871
Starting label LEVI, seed 76, iteration 1620, time: 1269.5182075500488
Starting label LEVI, seed 76, iteration 1630, time: 1293.890171289444
Starting label LEVI, seed 76, iteration 1640, time: 1312.9860701560974
Starting label LEVI, seed 76, iteration 1650, time: 1331.9581844806671
Starting label LEVI, seed 76, iteration 1660, time: 1355.7190203666687
Starting label LEVI, seed 76, iteration 1670, time: 1375.6041221618652
Starting label LEVI, seed 76, iteration 1680, time: 1399.5496027469635
Starting label LEVI, seed 76, iteration 1690, time: 1423.8062756061554
Starting label LEVI, seed 76, iteration 1700, time: 1444.1814620494843
Starting label LEVI, seed 76, iteration 1710, time: 1465.3912835121155
Starting label LEVI, seed 76, iteration 1720, time: 1491.0374901294708
Starting label LEVI, seed 76, iteration 1730, time: 1518.1122257709503
Starting label LEVI, seed 76, iteration 1740, time: 1546.0117285251617
Starting label LEVI, seed 76, iteration 1750, time: 1567.9515972137451
Starting label LEVI, seed 76, iteration 1760, time: 1588.1026577949524
Starting label LEVI, seed 76, iteration 1770, time: 1610.5258977413177
Starting label LEVI, seed 76, iteration 1780, time: 1634.2232806682587
Starting label LEVI, seed 76, iteration 1790, time: 1654.4847829341888
Starting label LEVI, seed 76, iteration 1800, time: 1679.066546678543
Starting label LEVI, seed 76, iteration 1810, time: 1706.0886313915253
Starting label LEVI, seed 76, iteration 1820, time: 1731.339121580124
Starting label LEVI, seed 76, iteration 1830, time: 1761.0140497684479
Starting label LEVI, seed 76, iteration 1840, time: 1789.0617985725403
Starting label LEVI, seed 76, iteration 1850, time: 1810.7461786270142
Starting label LEVI, seed 76, iteration 1860, time: 1833.2541966438293
Starting label LEVI, seed 76, iteration 1870, time: 1856.5191967487335
Starting label LEVI, seed 76, iteration 1880, time: 1879.4308717250824
Starting label LEVI, seed 76, iteration 1890, time: 1902.230797290802
Starting label LEVI, seed 76, iteration 1900, time: 1930.229142665863
Starting label LEVI, seed 76, iteration 1910, time: 1954.2031586170197
Starting label LEVI, seed 76, iteration 1920, time: 1987.438615322113
Starting label LEVI, seed 76, iteration 1930, time: 2013.2024834156036
Starting label LEVI, seed 76, iteration 1940, time: 2045.5234878063202
Starting label LEVI, seed 76, iteration 1950, time: 2070.7333776950836
Starting label LEVI, seed 76, iteration 1960, time: 2100.7471017837524
Starting label LEVI, seed 76, iteration 1970, time: 2133.3717470169067
Starting label LEVI, seed 76, iteration 1980, time: 2159.0423629283905
Starting label LEVI, seed 76, iteration 1990, time: 2184.8266277313232
submitit INFO (2022-10-02 02:59:16,850) - Job completed successfully
