submitit INFO (2022-10-02 00:51:23,508) - Starting with JobEnvironment(job_id=883293_3, hostname=lecun.cs.cornell.edu, local_rank=0(1), node=0(1), global_rank=0(1))
submitit INFO (2022-10-02 00:51:23,508) - Loading pickle: /home/gid-cakmaks/contextual_rs/experiments/wsc_experiments/logs/883293_3/883293_3_submitted.pkl
Starting label LEVI, seed 73, iteration 0, time: 0.015770912170410156
Starting label LEVI, seed 73, iteration 10, time: 3.5074100494384766
Starting label LEVI, seed 73, iteration 20, time: 6.340670824050903
Starting label LEVI, seed 73, iteration 30, time: 8.86112928390503
Starting label LEVI, seed 73, iteration 40, time: 11.751953125
Starting label LEVI, seed 73, iteration 50, time: 14.54320216178894
Starting label LEVI, seed 73, iteration 60, time: 17.349448919296265
Starting label LEVI, seed 73, iteration 70, time: 19.979674339294434
Starting label LEVI, seed 73, iteration 80, time: 22.804064750671387
Starting label LEVI, seed 73, iteration 90, time: 25.616510152816772
Starting label LEVI, seed 73, iteration 100, time: 28.1270534992218
Starting label LEVI, seed 73, iteration 110, time: 31.00366711616516
Starting label LEVI, seed 73, iteration 120, time: 33.88336944580078
Starting label LEVI, seed 73, iteration 130, time: 36.768460750579834
Starting label LEVI, seed 73, iteration 140, time: 39.38721680641174
Starting label LEVI, seed 73, iteration 150, time: 42.37117600440979
Starting label LEVI, seed 73, iteration 160, time: 45.303950548172
Starting label LEVI, seed 73, iteration 170, time: 48.42093515396118
Starting label LEVI, seed 73, iteration 180, time: 51.681514263153076
Starting label LEVI, seed 73, iteration 190, time: 54.79963707923889
Starting label LEVI, seed 73, iteration 200, time: 57.64726281166077
Starting label LEVI, seed 73, iteration 210, time: 60.63784646987915
Starting label LEVI, seed 73, iteration 220, time: 63.64853596687317
Starting label LEVI, seed 73, iteration 230, time: 66.46620559692383
Starting label LEVI, seed 73, iteration 240, time: 69.53184175491333
Starting label LEVI, seed 73, iteration 250, time: 72.46880435943604
Starting label LEVI, seed 73, iteration 260, time: 75.24417114257812
Starting label LEVI, seed 73, iteration 270, time: 78.40682721138
Starting label LEVI, seed 73, iteration 280, time: 81.52209520339966
Starting label LEVI, seed 73, iteration 290, time: 84.27639842033386
Starting label LEVI, seed 73, iteration 300, time: 87.50561213493347
Starting label LEVI, seed 73, iteration 310, time: 90.62528944015503
Starting label LEVI, seed 73, iteration 320, time: 93.65928292274475
Starting label LEVI, seed 73, iteration 330, time: 96.79756283760071
Starting label LEVI, seed 73, iteration 340, time: 99.72222876548767
Starting label LEVI, seed 73, iteration 350, time: 102.9070839881897
Starting label LEVI, seed 73, iteration 360, time: 106.16171360015869
Starting label LEVI, seed 73, iteration 370, time: 109.31816172599792
Starting label LEVI, seed 73, iteration 380, time: 113.47855186462402
Starting label LEVI, seed 73, iteration 390, time: 116.65842890739441
Starting label LEVI, seed 73, iteration 400, time: 120.16799688339233
Starting label LEVI, seed 73, iteration 410, time: 125.71383261680603
Starting label LEVI, seed 73, iteration 420, time: 129.79800963401794
Starting label LEVI, seed 73, iteration 430, time: 133.16590285301208
Starting label LEVI, seed 73, iteration 440, time: 136.67530822753906
Starting label LEVI, seed 73, iteration 450, time: 140.28730630874634
Starting label LEVI, seed 73, iteration 460, time: 144.03207230567932
Starting label LEVI, seed 73, iteration 470, time: 147.98206663131714
Starting label LEVI, seed 73, iteration 480, time: 151.445556640625
Starting label LEVI, seed 73, iteration 490, time: 155.35544610023499
Starting label LEVI, seed 73, iteration 500, time: 159.36070442199707
Starting label LEVI, seed 73, iteration 510, time: 164.06229281425476
Starting label LEVI, seed 73, iteration 520, time: 167.6549894809723
Starting label LEVI, seed 73, iteration 530, time: 171.70457410812378
Starting label LEVI, seed 73, iteration 540, time: 175.3682622909546
Starting label LEVI, seed 73, iteration 550, time: 179.1647436618805
Starting label LEVI, seed 73, iteration 560, time: 183.2339265346527
Starting label LEVI, seed 73, iteration 570, time: 186.99885249137878
Starting label LEVI, seed 73, iteration 580, time: 191.3380777835846
Starting label LEVI, seed 73, iteration 590, time: 196.42408180236816
Starting label LEVI, seed 73, iteration 600, time: 201.4265820980072
Starting label LEVI, seed 73, iteration 610, time: 205.69465613365173
Starting label LEVI, seed 73, iteration 620, time: 210.07559394836426
Starting label LEVI, seed 73, iteration 630, time: 214.58215355873108
Starting label LEVI, seed 73, iteration 640, time: 218.97074699401855
Starting label LEVI, seed 73, iteration 650, time: 222.98831868171692
Starting label LEVI, seed 73, iteration 660, time: 226.6376919746399
Starting label LEVI, seed 73, iteration 670, time: 230.72702884674072
Starting label LEVI, seed 73, iteration 680, time: 234.3362011909485
Starting label LEVI, seed 73, iteration 690, time: 239.14791297912598
Starting label LEVI, seed 73, iteration 700, time: 244.2147340774536
Starting label LEVI, seed 73, iteration 710, time: 248.35985398292542
Starting label LEVI, seed 73, iteration 720, time: 252.86925625801086
Starting label LEVI, seed 73, iteration 730, time: 258.97063541412354
Starting label LEVI, seed 73, iteration 740, time: 264.43984818458557
submitit WARNING (2022-10-02 00:55:52,170) - Bypassing signal SIGCONT
submitit WARNING (2022-10-02 00:55:52,182) - Bypassing signal SIGTERM
Starting label LEVI, seed 73, iteration 750, time: 269.89324736595154
Starting label LEVI, seed 73, iteration 760, time: 274.6676540374756
Starting label LEVI, seed 73, iteration 770, time: 279.9175274372101
Starting label LEVI, seed 73, iteration 780, time: 284.35750341415405
Starting label LEVI, seed 73, iteration 790, time: 289.0978660583496
Starting label LEVI, seed 73, iteration 800, time: 293.83957386016846
