submitit INFO (2022-10-02 01:44:11,655) - Starting with JobEnvironment(job_id=883480_2, hostname=nikola-compute-04.cs.cornell.edu, local_rank=0(1), node=0(1), global_rank=0(1))
submitit INFO (2022-10-02 01:44:11,655) - Loading pickle: /home/gid-cakmaks/contextual_rs/experiments/wsc_experiments/logs/883480_2/883480_2_submitted.pkl
Starting label LEVI, seed 72, iteration 0, time: 0.00043487548828125
Starting label LEVI, seed 72, iteration 10, time: 4.535850286483765
Starting label LEVI, seed 72, iteration 20, time: 9.285910606384277
Starting label LEVI, seed 72, iteration 30, time: 13.767297267913818
Starting label LEVI, seed 72, iteration 40, time: 18.474119424819946
Starting label LEVI, seed 72, iteration 50, time: 23.084458589553833
Starting label LEVI, seed 72, iteration 60, time: 27.387443780899048
Starting label LEVI, seed 72, iteration 70, time: 31.757049083709717
Starting label LEVI, seed 72, iteration 80, time: 36.394649267196655
Starting label LEVI, seed 72, iteration 90, time: 41.17005228996277
Starting label LEVI, seed 72, iteration 100, time: 45.86662316322327
Starting label LEVI, seed 72, iteration 110, time: 50.90065836906433
Starting label LEVI, seed 72, iteration 120, time: 56.053468465805054
Starting label LEVI, seed 72, iteration 130, time: 61.229416608810425
Starting label LEVI, seed 72, iteration 140, time: 66.0738410949707
Starting label LEVI, seed 72, iteration 150, time: 71.2412736415863
Starting label LEVI, seed 72, iteration 160, time: 76.27482557296753
Starting label LEVI, seed 72, iteration 170, time: 81.62783980369568
Starting label LEVI, seed 72, iteration 180, time: 87.01034331321716
Starting label LEVI, seed 72, iteration 190, time: 92.17825627326965
Starting label LEVI, seed 72, iteration 200, time: 97.45612621307373
Starting label LEVI, seed 72, iteration 210, time: 102.6659414768219
Starting label LEVI, seed 72, iteration 220, time: 107.62824177742004
Starting label LEVI, seed 72, iteration 230, time: 112.72431230545044
Starting label LEVI, seed 72, iteration 240, time: 117.91549134254456
Starting label LEVI, seed 72, iteration 250, time: 123.4766595363617
Starting label LEVI, seed 72, iteration 260, time: 128.8936948776245
Starting label LEVI, seed 72, iteration 270, time: 134.57095336914062
Starting label LEVI, seed 72, iteration 280, time: 140.23403525352478
Starting label LEVI, seed 72, iteration 290, time: 145.71834802627563
Starting label LEVI, seed 72, iteration 300, time: 151.28564143180847
Starting label LEVI, seed 72, iteration 310, time: 156.90909719467163
Starting label LEVI, seed 72, iteration 320, time: 162.72318768501282
Starting label LEVI, seed 72, iteration 330, time: 168.43818259239197
Starting label LEVI, seed 72, iteration 340, time: 174.29804968833923
Starting label LEVI, seed 72, iteration 350, time: 180.01182317733765
Starting label LEVI, seed 72, iteration 360, time: 185.67854595184326
Starting label LEVI, seed 72, iteration 370, time: 191.30129551887512
Starting label LEVI, seed 72, iteration 380, time: 196.99745392799377
Starting label LEVI, seed 72, iteration 390, time: 202.71891164779663
Starting label LEVI, seed 72, iteration 400, time: 208.2652463912964
Starting label LEVI, seed 72, iteration 410, time: 214.1560230255127
Starting label LEVI, seed 72, iteration 420, time: 219.8146674633026
Starting label LEVI, seed 72, iteration 430, time: 225.51724338531494
Starting label LEVI, seed 72, iteration 440, time: 231.01701259613037
Starting label LEVI, seed 72, iteration 450, time: 236.70075058937073
Starting label LEVI, seed 72, iteration 460, time: 242.67642641067505
Starting label LEVI, seed 72, iteration 470, time: 248.63515424728394
Starting label LEVI, seed 72, iteration 480, time: 254.92001795768738
Starting label LEVI, seed 72, iteration 490, time: 261.1201341152191
Starting label LEVI, seed 72, iteration 500, time: 267.26461458206177
Starting label LEVI, seed 72, iteration 510, time: 273.6469261646271
Starting label LEVI, seed 72, iteration 520, time: 279.7884602546692
Starting label LEVI, seed 72, iteration 530, time: 285.87246537208557
Starting label LEVI, seed 72, iteration 540, time: 292.1577160358429
Starting label LEVI, seed 72, iteration 550, time: 298.22342133522034
Starting label LEVI, seed 72, iteration 560, time: 304.3066008090973
submitit WARNING (2022-10-02 01:49:22,422) - Bypassing signal SIGCONT
submitit WARNING (2022-10-02 01:49:22,429) - Bypassing signal SIGTERM
Starting label LEVI, seed 72, iteration 570, time: 310.1793463230133
Starting label LEVI, seed 72, iteration 580, time: 315.999449968338
Starting label LEVI, seed 72, iteration 590, time: 321.9549102783203
Starting label LEVI, seed 72, iteration 600, time: 327.80671072006226
Starting label LEVI, seed 72, iteration 610, time: 333.69822573661804
