submitit INFO (2022-10-02 01:49:59,537) - Starting with JobEnvironment(job_id=883540_6, hostname=joachims-compute-02.cs.cornell.edu, local_rank=0(1), node=0(1), global_rank=0(1))
submitit INFO (2022-10-02 01:49:59,538) - Loading pickle: /home/gid-cakmaks/contextual_rs/experiments/wsc_experiments/logs/883540_6/883540_6_submitted.pkl
Starting label LEVI, seed 26, iteration 0, time: 0.002768278121948242
Starting label LEVI, seed 26, iteration 10, time: 5.475443601608276
Starting label LEVI, seed 26, iteration 20, time: 10.880301237106323
Starting label LEVI, seed 26, iteration 30, time: 16.256546020507812
Starting label LEVI, seed 26, iteration 40, time: 21.852229356765747
Starting label LEVI, seed 26, iteration 50, time: 27.574722051620483
Starting label LEVI, seed 26, iteration 60, time: 33.386242151260376
Starting label LEVI, seed 26, iteration 70, time: 39.261883020401
Starting label LEVI, seed 26, iteration 80, time: 45.1731219291687
Starting label LEVI, seed 26, iteration 90, time: 51.1995689868927
Starting label LEVI, seed 26, iteration 100, time: 57.43902802467346
Starting label LEVI, seed 26, iteration 110, time: 63.499372243881226
Starting label LEVI, seed 26, iteration 120, time: 69.73848414421082
Starting label LEVI, seed 26, iteration 130, time: 76.12293529510498
Starting label LEVI, seed 26, iteration 140, time: 82.2541184425354
Starting label LEVI, seed 26, iteration 150, time: 88.82981944084167
Starting label LEVI, seed 26, iteration 160, time: 95.17657375335693
Starting label LEVI, seed 26, iteration 170, time: 101.66405200958252
Starting label LEVI, seed 26, iteration 180, time: 108.2892644405365
Starting label LEVI, seed 26, iteration 190, time: 114.5267403125763
Starting label LEVI, seed 26, iteration 200, time: 120.83864116668701
Starting label LEVI, seed 26, iteration 210, time: 127.19191408157349
Starting label LEVI, seed 26, iteration 220, time: 133.35193371772766
Starting label LEVI, seed 26, iteration 230, time: 139.53512716293335
Starting label LEVI, seed 26, iteration 240, time: 145.53968739509583
Starting label LEVI, seed 26, iteration 250, time: 151.91975951194763
Starting label LEVI, seed 26, iteration 260, time: 157.98454928398132
Starting label LEVI, seed 26, iteration 270, time: 164.06699538230896
Starting label LEVI, seed 26, iteration 280, time: 170.4240460395813
Starting label LEVI, seed 26, iteration 290, time: 176.7550175189972
Starting label LEVI, seed 26, iteration 300, time: 183.2648868560791
Starting label LEVI, seed 26, iteration 310, time: 189.7581639289856
Starting label LEVI, seed 26, iteration 320, time: 196.3392779827118
Starting label LEVI, seed 26, iteration 330, time: 203.0709354877472
Starting label LEVI, seed 26, iteration 340, time: 209.94882535934448
Starting label LEVI, seed 26, iteration 350, time: 216.75020813941956
Starting label LEVI, seed 26, iteration 360, time: 223.53868865966797
Starting label LEVI, seed 26, iteration 370, time: 230.17727208137512
Starting label LEVI, seed 26, iteration 380, time: 236.84864807128906
Starting label LEVI, seed 26, iteration 390, time: 243.5404932498932
Starting label LEVI, seed 26, iteration 400, time: 250.25621795654297
Starting label LEVI, seed 26, iteration 410, time: 257.26822996139526
Starting label LEVI, seed 26, iteration 420, time: 264.0196211338043
Starting label LEVI, seed 26, iteration 430, time: 270.80997824668884
Starting label LEVI, seed 26, iteration 440, time: 277.75125908851624
Starting label LEVI, seed 26, iteration 450, time: 285.23205280303955
Starting label LEVI, seed 26, iteration 460, time: 292.6188533306122
Starting label LEVI, seed 26, iteration 470, time: 300.1408598423004
Starting label LEVI, seed 26, iteration 480, time: 306.9171998500824
submitit WARNING (2022-10-02 01:55:12,460) - Bypassing signal SIGCONT
submitit WARNING (2022-10-02 01:55:12,521) - Bypassing signal SIGTERM
Starting label LEVI, seed 26, iteration 490, time: 314.05911803245544
Starting label LEVI, seed 26, iteration 500, time: 320.8057827949524
Starting label LEVI, seed 26, iteration 510, time: 327.3066053390503
Starting label LEVI, seed 26, iteration 520, time: 334.93830490112305
