submitit INFO (2022-10-02 00:51:40,593) - Starting with JobEnvironment(job_id=883293_4, hostname=nikola-compute-04.cs.cornell.edu, local_rank=0(1), node=0(1), global_rank=0(1))
submitit INFO (2022-10-02 00:51:40,593) - Loading pickle: /home/gid-cakmaks/contextual_rs/experiments/wsc_experiments/logs/883293_4/883293_4_submitted.pkl
Starting label LEVI, seed 74, iteration 0, time: 0.00045752525329589844
Starting label LEVI, seed 74, iteration 10, time: 2.880122661590576
Starting label LEVI, seed 74, iteration 20, time: 5.886897325515747
Starting label LEVI, seed 74, iteration 30, time: 8.93804931640625
Starting label LEVI, seed 74, iteration 40, time: 11.996506452560425
Starting label LEVI, seed 74, iteration 50, time: 15.005432844161987
Starting label LEVI, seed 74, iteration 60, time: 18.04219651222229
Starting label LEVI, seed 74, iteration 70, time: 21.276587963104248
Starting label LEVI, seed 74, iteration 80, time: 24.49131727218628
Starting label LEVI, seed 74, iteration 90, time: 27.69291877746582
Starting label LEVI, seed 74, iteration 100, time: 30.90035915374756
Starting label LEVI, seed 74, iteration 110, time: 33.96612572669983
Starting label LEVI, seed 74, iteration 120, time: 36.880584716796875
Starting label LEVI, seed 74, iteration 130, time: 39.93744373321533
Starting label LEVI, seed 74, iteration 140, time: 43.09748935699463
Starting label LEVI, seed 74, iteration 150, time: 46.26539635658264
Starting label LEVI, seed 74, iteration 160, time: 49.43412709236145
Starting label LEVI, seed 74, iteration 170, time: 52.49297499656677
Starting label LEVI, seed 74, iteration 180, time: 55.42844271659851
Starting label LEVI, seed 74, iteration 190, time: 58.56890082359314
Starting label LEVI, seed 74, iteration 200, time: 61.860790967941284
Starting label LEVI, seed 74, iteration 210, time: 65.17761945724487
Starting label LEVI, seed 74, iteration 220, time: 68.47647786140442
Starting label LEVI, seed 74, iteration 230, time: 71.75900459289551
Starting label LEVI, seed 74, iteration 240, time: 74.72275638580322
Starting label LEVI, seed 74, iteration 250, time: 78.03083109855652
Starting label LEVI, seed 74, iteration 260, time: 81.4013466835022
Starting label LEVI, seed 74, iteration 270, time: 84.79359459877014
Starting label LEVI, seed 74, iteration 280, time: 88.25132489204407
Starting label LEVI, seed 74, iteration 290, time: 91.5482850074768
Starting label LEVI, seed 74, iteration 300, time: 94.73988747596741
Starting label LEVI, seed 74, iteration 310, time: 98.36958432197571
Starting label LEVI, seed 74, iteration 320, time: 101.71327424049377
Starting label LEVI, seed 74, iteration 330, time: 105.22648978233337
Starting label LEVI, seed 74, iteration 340, time: 108.80819630622864
Starting label LEVI, seed 74, iteration 350, time: 112.0377106666565
Starting label LEVI, seed 74, iteration 360, time: 115.63111424446106
Starting label LEVI, seed 74, iteration 370, time: 119.319251537323
Starting label LEVI, seed 74, iteration 380, time: 123.31003403663635
Starting label LEVI, seed 74, iteration 390, time: 127.11621046066284
Starting label LEVI, seed 74, iteration 400, time: 130.4927957057953
Starting label LEVI, seed 74, iteration 410, time: 134.06317901611328
Starting label LEVI, seed 74, iteration 420, time: 137.89722323417664
Starting label LEVI, seed 74, iteration 430, time: 141.5161211490631
Starting label LEVI, seed 74, iteration 440, time: 145.15799832344055
Starting label LEVI, seed 74, iteration 450, time: 149.07120084762573
Starting label LEVI, seed 74, iteration 460, time: 152.8920283317566
Starting label LEVI, seed 74, iteration 470, time: 156.63002061843872
Starting label LEVI, seed 74, iteration 480, time: 160.32289576530457
Starting label LEVI, seed 74, iteration 490, time: 164.34406280517578
Starting label LEVI, seed 74, iteration 500, time: 168.2459216117859
Starting label LEVI, seed 74, iteration 510, time: 172.20994639396667
Starting label LEVI, seed 74, iteration 520, time: 176.13860392570496
Starting label LEVI, seed 74, iteration 530, time: 180.52621984481812
Starting label LEVI, seed 74, iteration 540, time: 184.620178937912
Starting label LEVI, seed 74, iteration 550, time: 188.90241980552673
Starting label LEVI, seed 74, iteration 560, time: 193.02401900291443
Starting label LEVI, seed 74, iteration 570, time: 197.36911940574646
Starting label LEVI, seed 74, iteration 580, time: 202.27691864967346
Starting label LEVI, seed 74, iteration 590, time: 206.84782123565674
Starting label LEVI, seed 74, iteration 600, time: 211.17632007598877
Starting label LEVI, seed 74, iteration 610, time: 215.9531433582306
Starting label LEVI, seed 74, iteration 620, time: 220.1694507598877
Starting label LEVI, seed 74, iteration 630, time: 224.76346826553345
Starting label LEVI, seed 74, iteration 640, time: 229.33844828605652
Starting label LEVI, seed 74, iteration 650, time: 234.3779263496399
Starting label LEVI, seed 74, iteration 660, time: 239.48257732391357
Starting label LEVI, seed 74, iteration 670, time: 244.07755494117737
Starting label LEVI, seed 74, iteration 680, time: 248.57489442825317
submitit WARNING (2022-10-02 00:55:52,025) - Bypassing signal SIGCONT
submitit WARNING (2022-10-02 00:55:52,091) - Bypassing signal SIGTERM
Starting label LEVI, seed 74, iteration 690, time: 253.79976677894592
Starting label LEVI, seed 74, iteration 700, time: 258.6542556285858
Starting label LEVI, seed 74, iteration 710, time: 263.57239508628845
Starting label LEVI, seed 74, iteration 720, time: 268.2979965209961
Starting label LEVI, seed 74, iteration 730, time: 273.6013431549072
Starting label LEVI, seed 74, iteration 740, time: 278.5794372558594
