submitit INFO (2022-10-02 13:26:52,524) - Starting with JobEnvironment(job_id=884541_8, hostname=snavely-compute-01.tech.cornell.edu, local_rank=0(1), node=0(1), global_rank=0(1))
submitit INFO (2022-10-02 13:26:52,525) - Loading pickle: /home/gid-cakmaks/contextual_rs/experiments/wsc_experiments/logs/884541_8/884541_8_submitted.pkl
Appending iterations to existing output!Warning: If parameters other than `iterations` have been changed, this will corrupt the output!
Starting label LEVI, seed 28, iteration 30, time: 300.14764523506165
Starting label LEVI, seed 28, iteration 40, time: 306.40540647506714
Starting label LEVI, seed 28, iteration 50, time: 312.82619762420654
Starting label LEVI, seed 28, iteration 60, time: 318.97501826286316
Starting label LEVI, seed 28, iteration 70, time: 324.91659331321716
Starting label LEVI, seed 28, iteration 80, time: 331.0616207122803
Starting label LEVI, seed 28, iteration 90, time: 336.96246910095215
Starting label LEVI, seed 28, iteration 100, time: 343.2544815540314
Starting label LEVI, seed 28, iteration 110, time: 349.3850464820862
Starting label LEVI, seed 28, iteration 120, time: 355.5758924484253
Starting label LEVI, seed 28, iteration 130, time: 361.99233388900757
Starting label LEVI, seed 28, iteration 140, time: 367.92166447639465
Starting label LEVI, seed 28, iteration 150, time: 374.136860370636
Starting label LEVI, seed 28, iteration 160, time: 380.4263741970062
Starting label LEVI, seed 28, iteration 170, time: 386.58192563056946
Starting label LEVI, seed 28, iteration 180, time: 392.808171749115
Starting label LEVI, seed 28, iteration 190, time: 399.0714433193207
Starting label LEVI, seed 28, iteration 200, time: 405.34681153297424
Starting label LEVI, seed 28, iteration 210, time: 412.09688425064087
Starting label LEVI, seed 28, iteration 220, time: 418.70568919181824
Starting label LEVI, seed 28, iteration 230, time: 425.4334192276001
Starting label LEVI, seed 28, iteration 240, time: 432.17352080345154
Starting label LEVI, seed 28, iteration 250, time: 439.08316707611084
Starting label LEVI, seed 28, iteration 260, time: 446.2970485687256
Starting label LEVI, seed 28, iteration 270, time: 453.1755027770996
Starting label LEVI, seed 28, iteration 280, time: 459.87464475631714
Starting label LEVI, seed 28, iteration 290, time: 466.33734941482544
Starting label LEVI, seed 28, iteration 300, time: 472.9054832458496
Starting label LEVI, seed 28, iteration 310, time: 479.4627068042755
Starting label LEVI, seed 28, iteration 320, time: 486.39534759521484
Starting label LEVI, seed 28, iteration 330, time: 493.5846817493439
Starting label LEVI, seed 28, iteration 340, time: 500.7104730606079
Starting label LEVI, seed 28, iteration 350, time: 507.7886393070221
Starting label LEVI, seed 28, iteration 360, time: 514.58944272995
Starting label LEVI, seed 28, iteration 370, time: 521.5012419223785
Starting label LEVI, seed 28, iteration 380, time: 528.5768430233002
Starting label LEVI, seed 28, iteration 390, time: 535.6805512905121
Starting label LEVI, seed 28, iteration 400, time: 542.9782013893127
Starting label LEVI, seed 28, iteration 410, time: 550.4865972995758
Starting label LEVI, seed 28, iteration 420, time: 558.0607628822327
Starting label LEVI, seed 28, iteration 430, time: 565.6941406726837
Starting label LEVI, seed 28, iteration 440, time: 573.2129249572754
Starting label LEVI, seed 28, iteration 450, time: 580.4181129932404
Starting label LEVI, seed 28, iteration 460, time: 587.7703149318695
Starting label LEVI, seed 28, iteration 470, time: 595.3990244865417
Starting label LEVI, seed 28, iteration 480, time: 602.7239091396332
Starting label LEVI, seed 28, iteration 490, time: 610.1458876132965
Starting label LEVI, seed 28, iteration 500, time: 617.4731042385101
Starting label LEVI, seed 28, iteration 510, time: 624.7574183940887
Starting label LEVI, seed 28, iteration 520, time: 632.0964343547821
Starting label LEVI, seed 28, iteration 530, time: 639.0943534374237
Starting label LEVI, seed 28, iteration 540, time: 646.3787379264832
Starting label LEVI, seed 28, iteration 550, time: 653.5258972644806
Starting label LEVI, seed 28, iteration 560, time: 660.6652402877808
Starting label LEVI, seed 28, iteration 570, time: 667.5760910511017
Starting label LEVI, seed 28, iteration 580, time: 674.4948353767395
Starting label LEVI, seed 28, iteration 590, time: 681.7486364841461
Starting label LEVI, seed 28, iteration 600, time: 689.0743019580841
Starting label LEVI, seed 28, iteration 610, time: 696.3589022159576
Starting label LEVI, seed 28, iteration 620, time: 703.8458743095398
Starting label LEVI, seed 28, iteration 630, time: 710.9955847263336
Starting label LEVI, seed 28, iteration 640, time: 718.3718690872192
Starting label LEVI, seed 28, iteration 650, time: 725.7219588756561
Starting label LEVI, seed 28, iteration 660, time: 733.0457100868225
Starting label LEVI, seed 28, iteration 670, time: 740.6361134052277
Starting label LEVI, seed 28, iteration 680, time: 747.9984204769135
Starting label LEVI, seed 28, iteration 690, time: 755.7749736309052
Starting label LEVI, seed 28, iteration 700, time: 764.0779166221619
Starting label LEVI, seed 28, iteration 710, time: 772.3826487064362
Starting label LEVI, seed 28, iteration 720, time: 780.300466299057
Starting label LEVI, seed 28, iteration 730, time: 789.1336150169373
Starting label LEVI, seed 28, iteration 740, time: 797.797039270401
Starting label LEVI, seed 28, iteration 750, time: 806.5561599731445
Starting label LEVI, seed 28, iteration 760, time: 814.9480471611023
Starting label LEVI, seed 28, iteration 770, time: 823.4642477035522
Starting label LEVI, seed 28, iteration 780, time: 831.7629764080048
Starting label LEVI, seed 28, iteration 790, time: 840.4063415527344
Starting label LEVI, seed 28, iteration 800, time: 848.9753930568695
Starting label LEVI, seed 28, iteration 810, time: 857.3277521133423
Starting label LEVI, seed 28, iteration 820, time: 866.102844953537
Starting label LEVI, seed 28, iteration 830, time: 874.6467106342316
Starting label LEVI, seed 28, iteration 840, time: 883.7443590164185
Starting label LEVI, seed 28, iteration 850, time: 892.3470244407654
Starting label LEVI, seed 28, iteration 860, time: 900.9212517738342
Starting label LEVI, seed 28, iteration 870, time: 909.5986423492432
Starting label LEVI, seed 28, iteration 880, time: 918.6407420635223
Starting label LEVI, seed 28, iteration 890, time: 927.3636062145233
Starting label LEVI, seed 28, iteration 900, time: 936.5645849704742
Starting label LEVI, seed 28, iteration 910, time: 945.2301552295685
Starting label LEVI, seed 28, iteration 920, time: 953.557156085968
Starting label LEVI, seed 28, iteration 930, time: 962.2455995082855
Starting label LEVI, seed 28, iteration 940, time: 970.9710628986359
Starting label LEVI, seed 28, iteration 950, time: 979.4809165000916
Starting label LEVI, seed 28, iteration 960, time: 988.3180313110352
Starting label LEVI, seed 28, iteration 970, time: 997.0969245433807
Starting label LEVI, seed 28, iteration 980, time: 1006.005786895752
Starting label LEVI, seed 28, iteration 990, time: 1014.8477630615234
Starting label LEVI, seed 28, iteration 1000, time: 1023.6229996681213
Starting label LEVI, seed 28, iteration 1010, time: 1032.8736488819122
Starting label LEVI, seed 28, iteration 1020, time: 1041.2694439888
Starting label LEVI, seed 28, iteration 1030, time: 1049.7014753818512
Starting label LEVI, seed 28, iteration 1040, time: 1058.054018497467
Starting label LEVI, seed 28, iteration 1050, time: 1066.5723822116852
Starting label LEVI, seed 28, iteration 1060, time: 1075.4331274032593
Starting label LEVI, seed 28, iteration 1070, time: 1084.58993601799
Starting label LEVI, seed 28, iteration 1080, time: 1093.7128012180328
Starting label LEVI, seed 28, iteration 1090, time: 1102.7405319213867
Starting label LEVI, seed 28, iteration 1100, time: 1111.4222164154053
Starting label LEVI, seed 28, iteration 1110, time: 1119.8486196994781
Starting label LEVI, seed 28, iteration 1120, time: 1128.510998249054
Starting label LEVI, seed 28, iteration 1130, time: 1137.065930366516
Starting label LEVI, seed 28, iteration 1140, time: 1145.5752758979797
Starting label LEVI, seed 28, iteration 1150, time: 1153.9079031944275
Starting label LEVI, seed 28, iteration 1160, time: 1162.8173849582672
Starting label LEVI, seed 28, iteration 1170, time: 1170.9291350841522
Starting label LEVI, seed 28, iteration 1180, time: 1179.7787573337555
Starting label LEVI, seed 28, iteration 1190, time: 1188.434457540512
Starting label LEVI, seed 28, iteration 1200, time: 1197.4252457618713
Starting label LEVI, seed 28, iteration 1210, time: 1206.364345550537
Starting label LEVI, seed 28, iteration 1220, time: 1214.9637558460236
Starting label LEVI, seed 28, iteration 1230, time: 1223.4823524951935
Starting label LEVI, seed 28, iteration 1240, time: 1231.9298310279846
Starting label LEVI, seed 28, iteration 1250, time: 1240.19580078125
Starting label LEVI, seed 28, iteration 1260, time: 1248.7035458087921
Starting label LEVI, seed 28, iteration 1270, time: 1257.0535123348236
Starting label LEVI, seed 28, iteration 1280, time: 1265.9232332706451
Starting label LEVI, seed 28, iteration 1290, time: 1275.251519203186
Starting label LEVI, seed 28, iteration 1300, time: 1284.4890899658203
Starting label LEVI, seed 28, iteration 1310, time: 1294.0229156017303
Starting label LEVI, seed 28, iteration 1320, time: 1303.2408361434937
Starting label LEVI, seed 28, iteration 1330, time: 1312.668110370636
Starting label LEVI, seed 28, iteration 1340, time: 1322.3562252521515
Starting label LEVI, seed 28, iteration 1350, time: 1331.6315219402313
Starting label LEVI, seed 28, iteration 1360, time: 1340.88902425766
Starting label LEVI, seed 28, iteration 1370, time: 1350.6621017456055
Starting label LEVI, seed 28, iteration 1380, time: 1360.377849817276
Starting label LEVI, seed 28, iteration 1390, time: 1370.3813948631287
Starting label LEVI, seed 28, iteration 1400, time: 1380.0676672458649
Starting label LEVI, seed 28, iteration 1410, time: 1389.7292938232422
Starting label LEVI, seed 28, iteration 1420, time: 1400.332006931305
Starting label LEVI, seed 28, iteration 1430, time: 1410.4291734695435
Starting label LEVI, seed 28, iteration 1440, time: 1420.2479526996613
Starting label LEVI, seed 28, iteration 1450, time: 1429.2214500904083
Starting label LEVI, seed 28, iteration 1460, time: 1439.0309779644012
Starting label LEVI, seed 28, iteration 1470, time: 1448.7027034759521
Starting label LEVI, seed 28, iteration 1480, time: 1458.8820106983185
Starting label LEVI, seed 28, iteration 1490, time: 1468.963632106781
Starting label LEVI, seed 28, iteration 1500, time: 1478.9912734031677
Starting label LEVI, seed 28, iteration 1510, time: 1489.555950641632
Starting label LEVI, seed 28, iteration 1520, time: 1500.3965890407562
Starting label LEVI, seed 28, iteration 1530, time: 1511.6337525844574
Starting label LEVI, seed 28, iteration 1540, time: 1521.6447296142578
Starting label LEVI, seed 28, iteration 1550, time: 1532.7777271270752
Starting label LEVI, seed 28, iteration 1560, time: 1543.2344114780426
Starting label LEVI, seed 28, iteration 1570, time: 1554.53457736969
Starting label LEVI, seed 28, iteration 1580, time: 1566.1222903728485
Starting label LEVI, seed 28, iteration 1590, time: 1576.8215882778168
Starting label LEVI, seed 28, iteration 1600, time: 1587.3786602020264
Starting label LEVI, seed 28, iteration 1610, time: 1598.6032631397247
Starting label LEVI, seed 28, iteration 1620, time: 1609.726666688919
Starting label LEVI, seed 28, iteration 1630, time: 1620.3800473213196
Starting label LEVI, seed 28, iteration 1640, time: 1631.4400751590729
Starting label LEVI, seed 28, iteration 1650, time: 1642.570020198822
Starting label LEVI, seed 28, iteration 1660, time: 1654.9380207061768
Starting label LEVI, seed 28, iteration 1670, time: 1666.2565519809723
Starting label LEVI, seed 28, iteration 1680, time: 1678.0724132061005
Starting label LEVI, seed 28, iteration 1690, time: 1689.737720489502
Starting label LEVI, seed 28, iteration 1700, time: 1701.952364206314
Starting label LEVI, seed 28, iteration 1710, time: 1713.5570034980774
Starting label LEVI, seed 28, iteration 1720, time: 1724.8402888774872
Starting label LEVI, seed 28, iteration 1730, time: 1736.1970698833466
Starting label LEVI, seed 28, iteration 1740, time: 1748.5484774112701
Starting label LEVI, seed 28, iteration 1750, time: 1760.9222574234009
Starting label LEVI, seed 28, iteration 1760, time: 1773.169225692749
Starting label LEVI, seed 28, iteration 1770, time: 1784.7283034324646
Starting label LEVI, seed 28, iteration 1780, time: 1796.5425415039062
Starting label LEVI, seed 28, iteration 1790, time: 1807.9392874240875
Starting label LEVI, seed 28, iteration 1800, time: 1819.955244064331
Starting label LEVI, seed 28, iteration 1810, time: 1830.8381428718567
Starting label LEVI, seed 28, iteration 1820, time: 1842.4452183246613
Starting label LEVI, seed 28, iteration 1830, time: 1853.3525323867798
Starting label LEVI, seed 28, iteration 1840, time: 1865.5757710933685
Starting label LEVI, seed 28, iteration 1850, time: 1877.4827740192413
Starting label LEVI, seed 28, iteration 1860, time: 1889.486979484558
Starting label LEVI, seed 28, iteration 1870, time: 1901.8368017673492
Starting label LEVI, seed 28, iteration 1880, time: 1913.199508190155
Starting label LEVI, seed 28, iteration 1890, time: 1923.387443304062
Starting label LEVI, seed 28, iteration 1900, time: 1935.457490682602
Starting label LEVI, seed 28, iteration 1910, time: 1945.942397594452
Starting label LEVI, seed 28, iteration 1920, time: 1957.970985174179
Starting label LEVI, seed 28, iteration 1930, time: 1970.2716345787048
Starting label LEVI, seed 28, iteration 1940, time: 1983.326491355896
Starting label LEVI, seed 28, iteration 1950, time: 1995.4534420967102
Starting label LEVI, seed 28, iteration 1960, time: 2009.290164232254
Starting label LEVI, seed 28, iteration 1970, time: 2021.7327861785889
Starting label LEVI, seed 28, iteration 1980, time: 2034.490040063858
Starting label LEVI, seed 28, iteration 1990, time: 2048.864259958267
submitit INFO (2022-10-02 13:56:16,648) - Job completed successfully
