submitit INFO (2022-10-02 13:26:52,418) - Starting with JobEnvironment(job_id=884541_2, hostname=tripods-compute-02.cs.cornell.edu, local_rank=0(1), node=0(1), global_rank=0(1))
submitit INFO (2022-10-02 13:26:52,418) - Loading pickle: /home/gid-cakmaks/contextual_rs/experiments/wsc_experiments/logs/884541_2/884541_2_submitted.pkl
Appending iterations to existing output!Warning: If parameters other than `iterations` have been changed, this will corrupt the output!
Starting label LEVI, seed 22, iteration 530, time: 335.0311996936798
Starting label LEVI, seed 22, iteration 540, time: 343.3358852863312
Starting label LEVI, seed 22, iteration 550, time: 351.59920358657837
Starting label LEVI, seed 22, iteration 560, time: 359.8738968372345
Starting label LEVI, seed 22, iteration 570, time: 367.8008782863617
Starting label LEVI, seed 22, iteration 580, time: 375.9839782714844
Starting label LEVI, seed 22, iteration 590, time: 383.85145831108093
Starting label LEVI, seed 22, iteration 600, time: 391.6943407058716
Starting label LEVI, seed 22, iteration 610, time: 399.98194909095764
Starting label LEVI, seed 22, iteration 620, time: 409.49714183807373
Starting label LEVI, seed 22, iteration 630, time: 418.49036693573
Starting label LEVI, seed 22, iteration 640, time: 427.36437606811523
Starting label LEVI, seed 22, iteration 650, time: 436.65926790237427
Starting label LEVI, seed 22, iteration 660, time: 444.29052734375
Starting label LEVI, seed 22, iteration 670, time: 452.940247297287
Starting label LEVI, seed 22, iteration 680, time: 461.9506003856659
Starting label LEVI, seed 22, iteration 690, time: 470.5134971141815
Starting label LEVI, seed 22, iteration 700, time: 479.78317737579346
Starting label LEVI, seed 22, iteration 710, time: 488.85212206840515
Starting label LEVI, seed 22, iteration 720, time: 498.23658514022827
Starting label LEVI, seed 22, iteration 730, time: 509.3066976070404
Starting label LEVI, seed 22, iteration 740, time: 518.8634223937988
Starting label LEVI, seed 22, iteration 750, time: 527.9455981254578
Starting label LEVI, seed 22, iteration 760, time: 537.3389825820923
Starting label LEVI, seed 22, iteration 770, time: 546.4140558242798
Starting label LEVI, seed 22, iteration 780, time: 556.2478420734406
Starting label LEVI, seed 22, iteration 790, time: 567.8064107894897
Starting label LEVI, seed 22, iteration 800, time: 577.4878168106079
Starting label LEVI, seed 22, iteration 810, time: 586.919290304184
Starting label LEVI, seed 22, iteration 820, time: 596.6126809120178
Starting label LEVI, seed 22, iteration 830, time: 606.4590146541595
Starting label LEVI, seed 22, iteration 840, time: 616.1362025737762
Starting label LEVI, seed 22, iteration 850, time: 625.9171557426453
Starting label LEVI, seed 22, iteration 860, time: 635.9630720615387
Starting label LEVI, seed 22, iteration 870, time: 646.0249960422516
Starting label LEVI, seed 22, iteration 880, time: 655.770881652832
Starting label LEVI, seed 22, iteration 890, time: 664.9257168769836
Starting label LEVI, seed 22, iteration 900, time: 673.7710707187653
Starting label LEVI, seed 22, iteration 910, time: 683.071088552475
Starting label LEVI, seed 22, iteration 920, time: 691.984011888504
Starting label LEVI, seed 22, iteration 930, time: 700.8597567081451
Starting label LEVI, seed 22, iteration 940, time: 710.5376400947571
Starting label LEVI, seed 22, iteration 950, time: 719.8570857048035
Starting label LEVI, seed 22, iteration 960, time: 728.9864501953125
Starting label LEVI, seed 22, iteration 970, time: 738.4970021247864
Starting label LEVI, seed 22, iteration 980, time: 747.5141158103943
Starting label LEVI, seed 22, iteration 990, time: 756.2437436580658
Starting label LEVI, seed 22, iteration 1000, time: 765.3488528728485
Starting label LEVI, seed 22, iteration 1010, time: 774.5061819553375
Starting label LEVI, seed 22, iteration 1020, time: 783.363094329834
Starting label LEVI, seed 22, iteration 1030, time: 792.0517158508301
Starting label LEVI, seed 22, iteration 1040, time: 801.0396201610565
Starting label LEVI, seed 22, iteration 1050, time: 809.8062908649445
Starting label LEVI, seed 22, iteration 1060, time: 818.9850845336914
Starting label LEVI, seed 22, iteration 1070, time: 828.0157570838928
Starting label LEVI, seed 22, iteration 1080, time: 837.0772993564606
Starting label LEVI, seed 22, iteration 1090, time: 846.1342866420746
Starting label LEVI, seed 22, iteration 1100, time: 854.8751974105835
Starting label LEVI, seed 22, iteration 1110, time: 864.1514959335327
Starting label LEVI, seed 22, iteration 1120, time: 874.0749707221985
Starting label LEVI, seed 22, iteration 1130, time: 883.4152820110321
Starting label LEVI, seed 22, iteration 1140, time: 892.5909571647644
Starting label LEVI, seed 22, iteration 1150, time: 902.1948783397675
Starting label LEVI, seed 22, iteration 1160, time: 911.1012556552887
Starting label LEVI, seed 22, iteration 1170, time: 920.2246544361115
Starting label LEVI, seed 22, iteration 1180, time: 928.8995559215546
Starting label LEVI, seed 22, iteration 1190, time: 937.8397743701935
Starting label LEVI, seed 22, iteration 1200, time: 946.4097135066986
Starting label LEVI, seed 22, iteration 1210, time: 955.0116329193115
Starting label LEVI, seed 22, iteration 1220, time: 964.0635328292847
Starting label LEVI, seed 22, iteration 1230, time: 973.0867068767548
Starting label LEVI, seed 22, iteration 1240, time: 982.4352247714996
Starting label LEVI, seed 22, iteration 1250, time: 991.7334308624268
Starting label LEVI, seed 22, iteration 1260, time: 1001.7585530281067
Starting label LEVI, seed 22, iteration 1270, time: 1012.1151480674744
Starting label LEVI, seed 22, iteration 1280, time: 1021.511433839798
Starting label LEVI, seed 22, iteration 1290, time: 1031.4101400375366
Starting label LEVI, seed 22, iteration 1300, time: 1041.657299041748
Starting label LEVI, seed 22, iteration 1310, time: 1051.4781889915466
Starting label LEVI, seed 22, iteration 1320, time: 1061.998486995697
Starting label LEVI, seed 22, iteration 1330, time: 1073.4667611122131
Starting label LEVI, seed 22, iteration 1340, time: 1084.526282787323
Starting label LEVI, seed 22, iteration 1350, time: 1095.6653854846954
Starting label LEVI, seed 22, iteration 1360, time: 1105.8381083011627
Starting label LEVI, seed 22, iteration 1370, time: 1115.8803329467773
Starting label LEVI, seed 22, iteration 1380, time: 1126.739414215088
Starting label LEVI, seed 22, iteration 1390, time: 1135.7929828166962
Starting label LEVI, seed 22, iteration 1400, time: 1147.591599225998
Starting label LEVI, seed 22, iteration 1410, time: 1158.2602789402008
Starting label LEVI, seed 22, iteration 1420, time: 1169.674322605133
Starting label LEVI, seed 22, iteration 1430, time: 1180.5599372386932
Starting label LEVI, seed 22, iteration 1440, time: 1192.0115213394165
Starting label LEVI, seed 22, iteration 1450, time: 1203.16575217247
Starting label LEVI, seed 22, iteration 1460, time: 1214.1516795158386
Starting label LEVI, seed 22, iteration 1470, time: 1223.9555854797363
Starting label LEVI, seed 22, iteration 1480, time: 1235.2398924827576
Starting label LEVI, seed 22, iteration 1490, time: 1245.4287493228912
Starting label LEVI, seed 22, iteration 1500, time: 1255.8287398815155
Starting label LEVI, seed 22, iteration 1510, time: 1266.761836051941
Starting label LEVI, seed 22, iteration 1520, time: 1279.335337638855
Starting label LEVI, seed 22, iteration 1530, time: 1291.538155555725
Starting label LEVI, seed 22, iteration 1540, time: 1303.798377752304
Starting label LEVI, seed 22, iteration 1550, time: 1316.8978238105774
Starting label LEVI, seed 22, iteration 1560, time: 1329.1095960140228
Starting label LEVI, seed 22, iteration 1570, time: 1341.6075551509857
Starting label LEVI, seed 22, iteration 1580, time: 1354.0362040996552
Starting label LEVI, seed 22, iteration 1590, time: 1365.285008430481
Starting label LEVI, seed 22, iteration 1600, time: 1376.8492624759674
Starting label LEVI, seed 22, iteration 1610, time: 1388.8115639686584
Starting label LEVI, seed 22, iteration 1620, time: 1400.8758051395416
Starting label LEVI, seed 22, iteration 1630, time: 1414.300541639328
Starting label LEVI, seed 22, iteration 1640, time: 1426.7101242542267
Starting label LEVI, seed 22, iteration 1650, time: 1439.4239864349365
Starting label LEVI, seed 22, iteration 1660, time: 1452.3350331783295
Starting label LEVI, seed 22, iteration 1670, time: 1465.3598618507385
Starting label LEVI, seed 22, iteration 1680, time: 1477.7937393188477
Starting label LEVI, seed 22, iteration 1690, time: 1490.5353195667267
Starting label LEVI, seed 22, iteration 1700, time: 1502.7734780311584
Starting label LEVI, seed 22, iteration 1710, time: 1515.735405921936
Starting label LEVI, seed 22, iteration 1720, time: 1529.5673475265503
Starting label LEVI, seed 22, iteration 1730, time: 1543.053121805191
Starting label LEVI, seed 22, iteration 1740, time: 1556.5643117427826
Starting label LEVI, seed 22, iteration 1750, time: 1569.8529949188232
Starting label LEVI, seed 22, iteration 1760, time: 1584.6759660243988
Starting label LEVI, seed 22, iteration 1770, time: 1598.3799493312836
Starting label LEVI, seed 22, iteration 1780, time: 1613.1824269294739
Starting label LEVI, seed 22, iteration 1790, time: 1627.1995000839233
Starting label LEVI, seed 22, iteration 1800, time: 1641.4258477687836
Starting label LEVI, seed 22, iteration 1810, time: 1656.377239227295
Starting label LEVI, seed 22, iteration 1820, time: 1671.8674247264862
Starting label LEVI, seed 22, iteration 1830, time: 1686.7501013278961
Starting label LEVI, seed 22, iteration 1840, time: 1701.1526172161102
Starting label LEVI, seed 22, iteration 1850, time: 1716.0560493469238
Starting label LEVI, seed 22, iteration 1860, time: 1730.2856290340424
Starting label LEVI, seed 22, iteration 1870, time: 1745.3328845500946
Starting label LEVI, seed 22, iteration 1880, time: 1760.1412801742554
Starting label LEVI, seed 22, iteration 1890, time: 1776.2626173496246
Starting label LEVI, seed 22, iteration 1900, time: 1793.3625605106354
Starting label LEVI, seed 22, iteration 1910, time: 1809.102487564087
Starting label LEVI, seed 22, iteration 1920, time: 1825.100082874298
Starting label LEVI, seed 22, iteration 1930, time: 1844.8012890815735
Starting label LEVI, seed 22, iteration 1940, time: 1861.4301364421844
Starting label LEVI, seed 22, iteration 1950, time: 1879.963020324707
Starting label LEVI, seed 22, iteration 1960, time: 1895.6046121120453
Starting label LEVI, seed 22, iteration 1970, time: 1912.0107052326202
Starting label LEVI, seed 22, iteration 1980, time: 1929.221949338913
Starting label LEVI, seed 22, iteration 1990, time: 1945.0743496418
submitit INFO (2022-10-02 13:54:02,266) - Job completed successfully
