submitit INFO (2022-10-02 02:24:47,637) - Starting with JobEnvironment(job_id=883698_0, hostname=nikola-compute-04.cs.cornell.edu, local_rank=0(1), node=0(1), global_rank=0(1))
submitit INFO (2022-10-02 02:24:47,637) - Loading pickle: /home/gid-cakmaks/contextual_rs/experiments/wsc_experiments/logs/883698_0/883698_0_submitted.pkl
Appending iterations to existing output!Warning: If parameters other than `iterations` have been changed, this will corrupt the output!
Starting label LEVI, seed 32, iteration 1730, time: 1566.3984138965607
Starting label LEVI, seed 32, iteration 1740, time: 1582.6390635967255
Starting label LEVI, seed 32, iteration 1750, time: 1600.1222310066223
Starting label LEVI, seed 32, iteration 1760, time: 1615.3195707798004
Starting label LEVI, seed 32, iteration 1770, time: 1630.9350023269653
Starting label LEVI, seed 32, iteration 1780, time: 1645.547374010086
Starting label LEVI, seed 32, iteration 1790, time: 1661.5682842731476
Starting label LEVI, seed 32, iteration 1800, time: 1677.5918352603912
Starting label LEVI, seed 32, iteration 1810, time: 1697.0602922439575
Starting label LEVI, seed 32, iteration 1820, time: 1714.3782868385315
Starting label LEVI, seed 32, iteration 1830, time: 1733.5691385269165
Starting label LEVI, seed 32, iteration 1840, time: 1753.4629845619202
Starting label LEVI, seed 32, iteration 1850, time: 1769.8024067878723
Starting label LEVI, seed 32, iteration 1860, time: 1788.8827967643738
Starting label LEVI, seed 32, iteration 1870, time: 1812.4396605491638
Starting label LEVI, seed 32, iteration 1880, time: 1834.8424360752106
Starting label LEVI, seed 32, iteration 1890, time: 1855.7310454845428
Starting label LEVI, seed 32, iteration 1900, time: 1873.439447402954
Starting label LEVI, seed 32, iteration 1910, time: 1891.650202512741
Starting label LEVI, seed 32, iteration 1920, time: 1909.961173772812
Starting label LEVI, seed 32, iteration 1930, time: 1929.8281333446503
Starting label LEVI, seed 32, iteration 1940, time: 1946.922599554062
Starting label LEVI, seed 32, iteration 1950, time: 1964.3801338672638
Starting label LEVI, seed 32, iteration 1960, time: 1981.8533329963684
Starting label LEVI, seed 32, iteration 1970, time: 2000.1347002983093
Starting label LEVI, seed 32, iteration 1980, time: 2019.7798714637756
Starting label LEVI, seed 32, iteration 1990, time: 2039.124798297882
submitit INFO (2022-10-02 02:33:01,852) - Job completed successfully
