submitit INFO (2022-10-02 00:29:52,732) - Starting with JobEnvironment(job_id=883262_9, hostname=lecun.cs.cornell.edu, local_rank=0(1), node=0(1), global_rank=0(1))
submitit INFO (2022-10-02 00:29:52,732) - Loading pickle: /home/gid-cakmaks/contextual_rs/experiments/wsc_experiments/logs/883262_9/883262_9_submitted.pkl
Starting label LEVI, seed 39, iteration 0, time: 0.01624917984008789
Starting label LEVI, seed 39, iteration 10, time: 3.181858539581299
Starting label LEVI, seed 39, iteration 20, time: 6.0039262771606445
Starting label LEVI, seed 39, iteration 30, time: 8.741579532623291
Starting label LEVI, seed 39, iteration 40, time: 11.461881160736084
Starting label LEVI, seed 39, iteration 50, time: 14.123480796813965
Starting label LEVI, seed 39, iteration 60, time: 16.869692087173462
Starting label LEVI, seed 39, iteration 70, time: 19.60767960548401
Starting label LEVI, seed 39, iteration 80, time: 22.313125610351562
Starting label LEVI, seed 39, iteration 90, time: 24.95569157600403
Starting label LEVI, seed 39, iteration 100, time: 27.56731867790222
Starting label LEVI, seed 39, iteration 110, time: 30.230945587158203
Starting label LEVI, seed 39, iteration 120, time: 32.8889524936676
Starting label LEVI, seed 39, iteration 130, time: 35.58942914009094
Starting label LEVI, seed 39, iteration 140, time: 38.34862017631531
Starting label LEVI, seed 39, iteration 150, time: 41.02794933319092
Starting label LEVI, seed 39, iteration 160, time: 43.96000790596008
Starting label LEVI, seed 39, iteration 170, time: 46.76881003379822
Starting label LEVI, seed 39, iteration 180, time: 49.51335525512695
Starting label LEVI, seed 39, iteration 190, time: 52.380143880844116
Starting label LEVI, seed 39, iteration 200, time: 55.20570707321167
Starting label LEVI, seed 39, iteration 210, time: 58.05734944343567
Starting label LEVI, seed 39, iteration 220, time: 61.07572841644287
Starting label LEVI, seed 39, iteration 230, time: 64.20271134376526
Starting label LEVI, seed 39, iteration 240, time: 67.2603440284729
Starting label LEVI, seed 39, iteration 250, time: 70.1580138206482
Starting label LEVI, seed 39, iteration 260, time: 73.25447344779968
Starting label LEVI, seed 39, iteration 270, time: 76.21342158317566
Starting label LEVI, seed 39, iteration 280, time: 79.09671378135681
Starting label LEVI, seed 39, iteration 290, time: 82.00464797019958
Starting label LEVI, seed 39, iteration 300, time: 84.84277319908142
Starting label LEVI, seed 39, iteration 310, time: 87.85941243171692
Starting label LEVI, seed 39, iteration 320, time: 90.836186170578
Starting label LEVI, seed 39, iteration 330, time: 93.7486617565155
Starting label LEVI, seed 39, iteration 340, time: 96.77184081077576
Starting label LEVI, seed 39, iteration 350, time: 99.71212482452393
Starting label LEVI, seed 39, iteration 360, time: 102.7224748134613
Starting label LEVI, seed 39, iteration 370, time: 105.76193189620972
Starting label LEVI, seed 39, iteration 380, time: 108.83987951278687
Starting label LEVI, seed 39, iteration 390, time: 111.86312198638916
Starting label LEVI, seed 39, iteration 400, time: 114.89287328720093
Starting label LEVI, seed 39, iteration 410, time: 118.01579165458679
Starting label LEVI, seed 39, iteration 420, time: 121.09823226928711
Starting label LEVI, seed 39, iteration 430, time: 124.24566340446472
Starting label LEVI, seed 39, iteration 440, time: 127.42489314079285
Starting label LEVI, seed 39, iteration 450, time: 130.50820231437683
Starting label LEVI, seed 39, iteration 460, time: 133.72285294532776
Starting label LEVI, seed 39, iteration 470, time: 137.16635632514954
Starting label LEVI, seed 39, iteration 480, time: 140.42646884918213
Starting label LEVI, seed 39, iteration 490, time: 143.75719690322876
Starting label LEVI, seed 39, iteration 500, time: 147.01905035972595
Starting label LEVI, seed 39, iteration 510, time: 150.36216592788696
Starting label LEVI, seed 39, iteration 520, time: 153.71363139152527
Starting label LEVI, seed 39, iteration 530, time: 157.14553833007812
Starting label LEVI, seed 39, iteration 540, time: 160.89691543579102
Starting label LEVI, seed 39, iteration 550, time: 164.5407350063324
Starting label LEVI, seed 39, iteration 560, time: 168.1078338623047
Starting label LEVI, seed 39, iteration 570, time: 171.6610050201416
Starting label LEVI, seed 39, iteration 580, time: 175.57037091255188
Starting label LEVI, seed 39, iteration 590, time: 179.44912910461426
Starting label LEVI, seed 39, iteration 600, time: 183.07794499397278
Starting label LEVI, seed 39, iteration 610, time: 187.05642127990723
Starting label LEVI, seed 39, iteration 620, time: 191.0931921005249
Starting label LEVI, seed 39, iteration 630, time: 194.9499499797821
Starting label LEVI, seed 39, iteration 640, time: 199.35961151123047
Starting label LEVI, seed 39, iteration 650, time: 202.94091701507568
Starting label LEVI, seed 39, iteration 660, time: 207.10317945480347
Starting label LEVI, seed 39, iteration 670, time: 210.95495557785034
Starting label LEVI, seed 39, iteration 680, time: 214.9172990322113
Starting label LEVI, seed 39, iteration 690, time: 219.26759505271912
Starting label LEVI, seed 39, iteration 700, time: 223.91882157325745
Starting label LEVI, seed 39, iteration 710, time: 228.03408885002136
Starting label LEVI, seed 39, iteration 720, time: 232.04751896858215
Starting label LEVI, seed 39, iteration 730, time: 237.0126247406006
Starting label LEVI, seed 39, iteration 740, time: 241.51552557945251
Starting label LEVI, seed 39, iteration 750, time: 246.26875615119934
Starting label LEVI, seed 39, iteration 760, time: 250.53075861930847
Starting label LEVI, seed 39, iteration 770, time: 255.14190649986267
Starting label LEVI, seed 39, iteration 780, time: 259.7130334377289
Starting label LEVI, seed 39, iteration 790, time: 264.97287368774414
Starting label LEVI, seed 39, iteration 800, time: 269.92169976234436
Starting label LEVI, seed 39, iteration 810, time: 274.43977880477905
Starting label LEVI, seed 39, iteration 820, time: 278.9959149360657
Starting label LEVI, seed 39, iteration 830, time: 283.8472373485565
Starting label LEVI, seed 39, iteration 840, time: 288.36182832717896
Starting label LEVI, seed 39, iteration 850, time: 292.86848497390747
Starting label LEVI, seed 39, iteration 860, time: 297.81716656684875
Starting label LEVI, seed 39, iteration 870, time: 303.2854197025299
Starting label LEVI, seed 39, iteration 880, time: 309.6703073978424
Starting label LEVI, seed 39, iteration 890, time: 315.32489109039307
Starting label LEVI, seed 39, iteration 900, time: 320.9442048072815
Starting label LEVI, seed 39, iteration 910, time: 326.40864086151123
Starting label LEVI, seed 39, iteration 920, time: 331.89450311660767
Starting label LEVI, seed 39, iteration 930, time: 337.71435618400574
Starting label LEVI, seed 39, iteration 940, time: 343.0879089832306
Starting label LEVI, seed 39, iteration 950, time: 348.53429079055786
Starting label LEVI, seed 39, iteration 960, time: 353.86080026626587
Starting label LEVI, seed 39, iteration 970, time: 359.8255145549774
Starting label LEVI, seed 39, iteration 980, time: 365.44275164604187
Starting label LEVI, seed 39, iteration 990, time: 371.8177697658539
Starting label LEVI, seed 39, iteration 1000, time: 378.3352060317993
Starting label LEVI, seed 39, iteration 1010, time: 384.91890263557434
Starting label LEVI, seed 39, iteration 1020, time: 391.9439399242401
Starting label LEVI, seed 39, iteration 1030, time: 398.367311000824
Starting label LEVI, seed 39, iteration 1040, time: 403.95369243621826
Starting label LEVI, seed 39, iteration 1050, time: 410.2758228778839
Starting label LEVI, seed 39, iteration 1060, time: 417.43374156951904
Starting label LEVI, seed 39, iteration 1070, time: 425.02990794181824
Starting label LEVI, seed 39, iteration 1080, time: 432.4291179180145
Starting label LEVI, seed 39, iteration 1090, time: 438.58452701568604
Starting label LEVI, seed 39, iteration 1100, time: 445.0398805141449
Starting label LEVI, seed 39, iteration 1110, time: 451.528662443161
Starting label LEVI, seed 39, iteration 1120, time: 458.38233518600464
Starting label LEVI, seed 39, iteration 1130, time: 464.95175862312317
Starting label LEVI, seed 39, iteration 1140, time: 472.40296387672424
Starting label LEVI, seed 39, iteration 1150, time: 478.90143752098083
Starting label LEVI, seed 39, iteration 1160, time: 486.1392734050751
Starting label LEVI, seed 39, iteration 1170, time: 492.58353185653687
Starting label LEVI, seed 39, iteration 1180, time: 499.61909890174866
Starting label LEVI, seed 39, iteration 1190, time: 508.6872491836548
Starting label LEVI, seed 39, iteration 1200, time: 517.2637548446655
Starting label LEVI, seed 39, iteration 1210, time: 524.9879808425903
Starting label LEVI, seed 39, iteration 1220, time: 532.5419201850891
Starting label LEVI, seed 39, iteration 1230, time: 541.6493587493896
Starting label LEVI, seed 39, iteration 1240, time: 550.1285891532898
Starting label LEVI, seed 39, iteration 1250, time: 558.0148613452911
Starting label LEVI, seed 39, iteration 1260, time: 565.3297009468079
Starting label LEVI, seed 39, iteration 1270, time: 573.4207992553711
Starting label LEVI, seed 39, iteration 1280, time: 582.1897490024567
Starting label LEVI, seed 39, iteration 1290, time: 590.0596542358398
Starting label LEVI, seed 39, iteration 1300, time: 600.6299941539764
Starting label LEVI, seed 39, iteration 1310, time: 609.0137009620667
Starting label LEVI, seed 39, iteration 1320, time: 617.1425170898438
Starting label LEVI, seed 39, iteration 1330, time: 625.5643231868744
Starting label LEVI, seed 39, iteration 1340, time: 634.2313632965088
Starting label LEVI, seed 39, iteration 1350, time: 643.9602541923523
Starting label LEVI, seed 39, iteration 1360, time: 654.866406917572
Starting label LEVI, seed 39, iteration 1370, time: 663.8148171901703
Starting label LEVI, seed 39, iteration 1380, time: 674.6176910400391
Starting label LEVI, seed 39, iteration 1390, time: 686.2716495990753
Starting label LEVI, seed 39, iteration 1400, time: 697.0916509628296
Starting label LEVI, seed 39, iteration 1410, time: 707.9190373420715
Starting label LEVI, seed 39, iteration 1420, time: 719.5721707344055
Starting label LEVI, seed 39, iteration 1430, time: 729.4413256645203
Starting label LEVI, seed 39, iteration 1440, time: 740.3354458808899
Starting label LEVI, seed 39, iteration 1450, time: 750.1370580196381
Starting label LEVI, seed 39, iteration 1460, time: 759.8935878276825
Starting label LEVI, seed 39, iteration 1470, time: 769.924254655838
Starting label LEVI, seed 39, iteration 1480, time: 781.8678541183472
Starting label LEVI, seed 39, iteration 1490, time: 792.0981338024139
Starting label LEVI, seed 39, iteration 1500, time: 803.4772799015045
Starting label LEVI, seed 39, iteration 1510, time: 815.391749382019
Starting label LEVI, seed 39, iteration 1520, time: 828.7895276546478
Starting label LEVI, seed 39, iteration 1530, time: 841.1017904281616
Starting label LEVI, seed 39, iteration 1540, time: 852.4369542598724
Starting label LEVI, seed 39, iteration 1550, time: 865.781170129776
Starting label LEVI, seed 39, iteration 1560, time: 876.7521665096283
Starting label LEVI, seed 39, iteration 1570, time: 890.0031960010529
Starting label LEVI, seed 39, iteration 1580, time: 900.8234899044037
Starting label LEVI, seed 39, iteration 1590, time: 914.5573296546936
Starting label LEVI, seed 39, iteration 1600, time: 926.3014495372772
Starting label LEVI, seed 39, iteration 1610, time: 937.8511488437653
Starting label LEVI, seed 39, iteration 1620, time: 952.0401422977448
Starting label LEVI, seed 39, iteration 1630, time: 963.5484478473663
Starting label LEVI, seed 39, iteration 1640, time: 980.0251250267029
Starting label LEVI, seed 39, iteration 1650, time: 998.5700027942657
Starting label LEVI, seed 39, iteration 1660, time: 1015.3397557735443
Starting label LEVI, seed 39, iteration 1670, time: 1028.267978668213
Starting label LEVI, seed 39, iteration 1680, time: 1044.1248898506165
Starting label LEVI, seed 39, iteration 1690, time: 1057.786609172821
Starting label LEVI, seed 39, iteration 1700, time: 1074.5807402133942
Starting label LEVI, seed 39, iteration 1710, time: 1087.3579273223877
Starting label LEVI, seed 39, iteration 1720, time: 1101.5222549438477
Starting label LEVI, seed 39, iteration 1730, time: 1117.0233404636383
Starting label LEVI, seed 39, iteration 1740, time: 1135.1704754829407
Starting label LEVI, seed 39, iteration 1750, time: 1149.3712980747223
Starting label LEVI, seed 39, iteration 1760, time: 1166.5855395793915
Starting label LEVI, seed 39, iteration 1770, time: 1185.3223521709442
Starting label LEVI, seed 39, iteration 1780, time: 1203.517096042633
Starting label LEVI, seed 39, iteration 1790, time: 1223.016809463501
Starting label LEVI, seed 39, iteration 1800, time: 1242.494782447815
Starting label LEVI, seed 39, iteration 1810, time: 1263.5054030418396
Starting label LEVI, seed 39, iteration 1820, time: 1279.8612008094788
Starting label LEVI, seed 39, iteration 1830, time: 1300.3142936229706
Starting label LEVI, seed 39, iteration 1840, time: 1319.5479173660278
Starting label LEVI, seed 39, iteration 1850, time: 1337.35005235672
Starting label LEVI, seed 39, iteration 1860, time: 1356.5634062290192
Starting label LEVI, seed 39, iteration 1870, time: 1374.8643960952759
Starting label LEVI, seed 39, iteration 1880, time: 1391.209905385971
Starting label LEVI, seed 39, iteration 1890, time: 1406.8491833209991
Starting label LEVI, seed 39, iteration 1900, time: 1425.356451034546
Starting label LEVI, seed 39, iteration 1910, time: 1442.5382015705109
Starting label LEVI, seed 39, iteration 1920, time: 1464.8716311454773
Starting label LEVI, seed 39, iteration 1930, time: 1486.235780954361
Starting label LEVI, seed 39, iteration 1940, time: 1506.5192339420319
Starting label LEVI, seed 39, iteration 1950, time: 1524.2064833641052
Starting label LEVI, seed 39, iteration 1960, time: 1546.291624546051
submitit WARNING (2022-10-02 00:55:52,108) - Bypassing signal SIGCONT
submitit WARNING (2022-10-02 00:55:52,165) - Bypassing signal SIGTERM
Starting label LEVI, seed 39, iteration 1970, time: 1563.5656361579895
Starting label LEVI, seed 39, iteration 1980, time: 1584.6853787899017
