submitit INFO (2022-10-02 03:22:35,945) - Starting with JobEnvironment(job_id=883884_5, hostname=luxlab-compute-01.infosci.cornell.edu, local_rank=0(1), node=0(1), global_rank=0(1))
submitit INFO (2022-10-02 03:22:35,945) - Loading pickle: /home/gid-cakmaks/contextual_rs/experiments/wsc_experiments/logs/883884_5/883884_5_submitted.pkl
Starting label LEVI, seed 95, iteration 0, time: 0.0005564689636230469
Starting label LEVI, seed 95, iteration 10, time: 2.837003707885742
Starting label LEVI, seed 95, iteration 20, time: 5.499124526977539
Starting label LEVI, seed 95, iteration 30, time: 8.15574336051941
Starting label LEVI, seed 95, iteration 40, time: 10.858465909957886
Starting label LEVI, seed 95, iteration 50, time: 13.570664167404175
Starting label LEVI, seed 95, iteration 60, time: 16.40268874168396
Starting label LEVI, seed 95, iteration 70, time: 19.157481908798218
Starting label LEVI, seed 95, iteration 80, time: 21.82296633720398
Starting label LEVI, seed 95, iteration 90, time: 24.51115655899048
Starting label LEVI, seed 95, iteration 100, time: 27.21424102783203
Starting label LEVI, seed 95, iteration 110, time: 29.918741941452026
Starting label LEVI, seed 95, iteration 120, time: 32.65294003486633
Starting label LEVI, seed 95, iteration 130, time: 35.41401410102844
Starting label LEVI, seed 95, iteration 140, time: 38.24116539955139
Starting label LEVI, seed 95, iteration 150, time: 41.02845358848572
Starting label LEVI, seed 95, iteration 160, time: 43.86122226715088
Starting label LEVI, seed 95, iteration 170, time: 46.651049852371216
Starting label LEVI, seed 95, iteration 180, time: 49.59226870536804
Starting label LEVI, seed 95, iteration 190, time: 52.58955216407776
Starting label LEVI, seed 95, iteration 200, time: 55.484803676605225
Starting label LEVI, seed 95, iteration 210, time: 58.38597512245178
Starting label LEVI, seed 95, iteration 220, time: 61.28413152694702
Starting label LEVI, seed 95, iteration 230, time: 64.17859935760498
Starting label LEVI, seed 95, iteration 240, time: 66.98730039596558
Starting label LEVI, seed 95, iteration 250, time: 69.88045740127563
Starting label LEVI, seed 95, iteration 260, time: 72.75424671173096
Starting label LEVI, seed 95, iteration 270, time: 75.69715142250061
Starting label LEVI, seed 95, iteration 280, time: 78.60674214363098
Starting label LEVI, seed 95, iteration 290, time: 81.5304446220398
Starting label LEVI, seed 95, iteration 300, time: 84.39882636070251
Starting label LEVI, seed 95, iteration 310, time: 87.36683058738708
Starting label LEVI, seed 95, iteration 320, time: 90.24391555786133
Starting label LEVI, seed 95, iteration 330, time: 93.16059589385986
Starting label LEVI, seed 95, iteration 340, time: 96.07805871963501
Starting label LEVI, seed 95, iteration 350, time: 99.01651406288147
Starting label LEVI, seed 95, iteration 360, time: 101.95541620254517
Starting label LEVI, seed 95, iteration 370, time: 104.90359926223755
Starting label LEVI, seed 95, iteration 380, time: 107.87439393997192
Starting label LEVI, seed 95, iteration 390, time: 110.91198945045471
Starting label LEVI, seed 95, iteration 400, time: 114.15561771392822
Starting label LEVI, seed 95, iteration 410, time: 117.41821908950806
Starting label LEVI, seed 95, iteration 420, time: 120.69456839561462
Starting label LEVI, seed 95, iteration 430, time: 123.84169697761536
Starting label LEVI, seed 95, iteration 440, time: 127.03401970863342
Starting label LEVI, seed 95, iteration 450, time: 130.16558170318604
Starting label LEVI, seed 95, iteration 460, time: 133.26644468307495
submitit WARNING (2022-10-02 03:24:53,479) - Bypassing signal SIGCONT
submitit WARNING (2022-10-02 03:24:53,541) - Bypassing signal SIGTERM
Starting label LEVI, seed 95, iteration 470, time: 136.66225266456604
Starting label LEVI, seed 95, iteration 480, time: 140.00727081298828
Starting label LEVI, seed 95, iteration 490, time: 143.56807041168213
Starting label LEVI, seed 95, iteration 500, time: 147.04631114006042
Starting label LEVI, seed 95, iteration 510, time: 150.2304663658142
Starting label LEVI, seed 95, iteration 520, time: 153.57012367248535
Starting label LEVI, seed 95, iteration 530, time: 156.99306082725525
Starting label LEVI, seed 95, iteration 540, time: 160.4324917793274
