submitit INFO (2022-10-02 02:25:17,711) - Starting with JobEnvironment(job_id=883715_1, hostname=tripods-compute-02.cs.cornell.edu, local_rank=0(1), node=0(1), global_rank=0(1))
submitit INFO (2022-10-02 02:25:17,711) - Loading pickle: /home/gid-cakmaks/contextual_rs/experiments/wsc_experiments/logs/883715_1/883715_1_submitted.pkl
Appending iterations to existing output!Warning: If parameters other than `iterations` have been changed, this will corrupt the output!
Starting label LEVI, seed 61, iteration 1000, time: 1485.8702557086945
Starting label LEVI, seed 61, iteration 1010, time: 1494.8810217380524
Starting label LEVI, seed 61, iteration 1020, time: 1504.0971050262451
Starting label LEVI, seed 61, iteration 1030, time: 1511.5498127937317
Starting label LEVI, seed 61, iteration 1040, time: 1520.050691127777
Starting label LEVI, seed 61, iteration 1050, time: 1528.1719913482666
Starting label LEVI, seed 61, iteration 1060, time: 1536.3048021793365
Starting label LEVI, seed 61, iteration 1070, time: 1543.8680701255798
Starting label LEVI, seed 61, iteration 1080, time: 1552.7729516029358
Starting label LEVI, seed 61, iteration 1090, time: 1561.8819563388824
Starting label LEVI, seed 61, iteration 1100, time: 1570.819164276123
Starting label LEVI, seed 61, iteration 1110, time: 1579.9642481803894
Starting label LEVI, seed 61, iteration 1120, time: 1589.5021967887878
Starting label LEVI, seed 61, iteration 1130, time: 1598.9103739261627
Starting label LEVI, seed 61, iteration 1140, time: 1609.9829711914062
Starting label LEVI, seed 61, iteration 1150, time: 1621.2609198093414
Starting label LEVI, seed 61, iteration 1160, time: 1632.1701028347015
Starting label LEVI, seed 61, iteration 1170, time: 1641.4518795013428
Starting label LEVI, seed 61, iteration 1180, time: 1652.2272851467133
Starting label LEVI, seed 61, iteration 1190, time: 1662.0913090705872
Starting label LEVI, seed 61, iteration 1200, time: 1672.2642738819122
Starting label LEVI, seed 61, iteration 1210, time: 1683.8225729465485
Starting label LEVI, seed 61, iteration 1220, time: 1693.8547558784485
Starting label LEVI, seed 61, iteration 1230, time: 1706.3708701133728
Starting label LEVI, seed 61, iteration 1240, time: 1716.5259277820587
Starting label LEVI, seed 61, iteration 1250, time: 1727.1449167728424
Starting label LEVI, seed 61, iteration 1260, time: 1738.4193170070648
Starting label LEVI, seed 61, iteration 1270, time: 1751.3218417167664
Starting label LEVI, seed 61, iteration 1280, time: 1762.8771317005157
Starting label LEVI, seed 61, iteration 1290, time: 1774.2655470371246
Starting label LEVI, seed 61, iteration 1300, time: 1787.038990020752
Starting label LEVI, seed 61, iteration 1310, time: 1799.4758839607239
Starting label LEVI, seed 61, iteration 1320, time: 1810.9696915149689
Starting label LEVI, seed 61, iteration 1330, time: 1822.9790415763855
Starting label LEVI, seed 61, iteration 1340, time: 1835.0964317321777
Starting label LEVI, seed 61, iteration 1350, time: 1847.5024101734161
Starting label LEVI, seed 61, iteration 1360, time: 1861.7208907604218
Starting label LEVI, seed 61, iteration 1370, time: 1878.8098783493042
Starting label LEVI, seed 61, iteration 1380, time: 1894.9031414985657
Starting label LEVI, seed 61, iteration 1390, time: 1908.169311285019
Starting label LEVI, seed 61, iteration 1400, time: 1923.573930978775
Starting label LEVI, seed 61, iteration 1410, time: 1937.1803405284882
Starting label LEVI, seed 61, iteration 1420, time: 1951.9421977996826
Starting label LEVI, seed 61, iteration 1430, time: 1965.6841514110565
Starting label LEVI, seed 61, iteration 1440, time: 1979.571727514267
Starting label LEVI, seed 61, iteration 1450, time: 1994.3043818473816
Starting label LEVI, seed 61, iteration 1460, time: 2012.5902590751648
Starting label LEVI, seed 61, iteration 1470, time: 2028.9782264232635
Starting label LEVI, seed 61, iteration 1480, time: 2045.7371454238892
Starting label LEVI, seed 61, iteration 1490, time: 2060.211261987686
Starting label LEVI, seed 61, iteration 1500, time: 2075.1231455802917
Starting label LEVI, seed 61, iteration 1510, time: 2090.7749960422516
Starting label LEVI, seed 61, iteration 1520, time: 2106.6993758678436
Starting label LEVI, seed 61, iteration 1530, time: 2122.3707036972046
Starting label LEVI, seed 61, iteration 1540, time: 2141.187223672867
Starting label LEVI, seed 61, iteration 1550, time: 2159.131714105606
Starting label LEVI, seed 61, iteration 1560, time: 2178.0521898269653
Starting label LEVI, seed 61, iteration 1570, time: 2194.2325854301453
Starting label LEVI, seed 61, iteration 1580, time: 2211.661890268326
Starting label LEVI, seed 61, iteration 1590, time: 2230.146269083023
Starting label LEVI, seed 61, iteration 1600, time: 2247.65021109581
Starting label LEVI, seed 61, iteration 1610, time: 2268.4433948993683
Starting label LEVI, seed 61, iteration 1620, time: 2286.7860050201416
Starting label LEVI, seed 61, iteration 1630, time: 2310.603969812393
Starting label LEVI, seed 61, iteration 1640, time: 2330.6679084300995
Starting label LEVI, seed 61, iteration 1650, time: 2349.7068481445312
Starting label LEVI, seed 61, iteration 1660, time: 2369.574047088623
Starting label LEVI, seed 61, iteration 1670, time: 2390.9914638996124
Starting label LEVI, seed 61, iteration 1680, time: 2413.198065519333
Starting label LEVI, seed 61, iteration 1690, time: 2437.500184774399
Starting label LEVI, seed 61, iteration 1700, time: 2462.4645318984985
Starting label LEVI, seed 61, iteration 1710, time: 2483.2791497707367
Starting label LEVI, seed 61, iteration 1720, time: 2508.7669661045074
Starting label LEVI, seed 61, iteration 1730, time: 2529.969247341156
Starting label LEVI, seed 61, iteration 1740, time: 2550.9669501781464
Starting label LEVI, seed 61, iteration 1750, time: 2574.226755142212
Starting label LEVI, seed 61, iteration 1760, time: 2601.05721282959
Starting label LEVI, seed 61, iteration 1770, time: 2627.0137116909027
Starting label LEVI, seed 61, iteration 1780, time: 2650.5497024059296
Starting label LEVI, seed 61, iteration 1790, time: 2675.936963558197
Starting label LEVI, seed 61, iteration 1800, time: 2704.73441362381
Starting label LEVI, seed 61, iteration 1810, time: 2728.1252512931824
Starting label LEVI, seed 61, iteration 1820, time: 2752.070103406906
Starting label LEVI, seed 61, iteration 1830, time: 2776.895354986191
Starting label LEVI, seed 61, iteration 1840, time: 2802.030508995056
Starting label LEVI, seed 61, iteration 1850, time: 2831.8109838962555
Starting label LEVI, seed 61, iteration 1860, time: 2858.497161626816
Starting label LEVI, seed 61, iteration 1870, time: 2883.5130321979523
Starting label LEVI, seed 61, iteration 1880, time: 2908.7526943683624
Starting label LEVI, seed 61, iteration 1890, time: 2938.988751411438
Starting label LEVI, seed 61, iteration 1900, time: 2966.3685727119446
Starting label LEVI, seed 61, iteration 1910, time: 2993.5681731700897
Starting label LEVI, seed 61, iteration 1920, time: 3021.352613925934
Starting label LEVI, seed 61, iteration 1930, time: 3050.4732785224915
Starting label LEVI, seed 61, iteration 1940, time: 3078.6652421951294
Starting label LEVI, seed 61, iteration 1950, time: 3107.488523006439
Starting label LEVI, seed 61, iteration 1960, time: 3136.1919915676117
Starting label LEVI, seed 61, iteration 1970, time: 3170.7368795871735
Starting label LEVI, seed 61, iteration 1980, time: 3202.9898731708527
Starting label LEVI, seed 61, iteration 1990, time: 3231.1420500278473
submitit INFO (2022-10-02 02:54:49,208) - Job completed successfully
