submitit INFO (2022-10-02 01:50:30,368) - Starting with JobEnvironment(job_id=883570_1, hostname=rush-compute-01.tech.cornell.edu, local_rank=0(1), node=0(1), global_rank=0(1))
submitit INFO (2022-10-02 01:50:30,368) - Loading pickle: /home/gid-cakmaks/contextual_rs/experiments/wsc_experiments/logs/883570_1/883570_1_submitted.pkl
Starting label LEVI, seed 51, iteration 0, time: 0.02075648307800293
Starting label LEVI, seed 51, iteration 10, time: 5.624139308929443
Starting label LEVI, seed 51, iteration 20, time: 11.26379919052124
Starting label LEVI, seed 51, iteration 30, time: 16.719122171401978
Starting label LEVI, seed 51, iteration 40, time: 22.12606692314148
Starting label LEVI, seed 51, iteration 50, time: 27.959135055541992
Starting label LEVI, seed 51, iteration 60, time: 33.484344244003296
Starting label LEVI, seed 51, iteration 70, time: 39.24024033546448
Starting label LEVI, seed 51, iteration 80, time: 44.92264938354492
Starting label LEVI, seed 51, iteration 90, time: 50.434147357940674
Starting label LEVI, seed 51, iteration 100, time: 55.94189476966858
Starting label LEVI, seed 51, iteration 110, time: 61.4329891204834
Starting label LEVI, seed 51, iteration 120, time: 66.86263179779053
Starting label LEVI, seed 51, iteration 130, time: 72.38288688659668
Starting label LEVI, seed 51, iteration 140, time: 77.83869314193726
Starting label LEVI, seed 51, iteration 150, time: 83.15847969055176
Starting label LEVI, seed 51, iteration 160, time: 88.76339268684387
Starting label LEVI, seed 51, iteration 170, time: 94.72437906265259
Starting label LEVI, seed 51, iteration 180, time: 100.62479496002197
Starting label LEVI, seed 51, iteration 190, time: 106.54975819587708
Starting label LEVI, seed 51, iteration 200, time: 112.62002730369568
Starting label LEVI, seed 51, iteration 210, time: 118.4697093963623
Starting label LEVI, seed 51, iteration 220, time: 124.50487947463989
Starting label LEVI, seed 51, iteration 230, time: 130.68284630775452
Starting label LEVI, seed 51, iteration 240, time: 136.40681791305542
Starting label LEVI, seed 51, iteration 250, time: 142.0023534297943
Starting label LEVI, seed 51, iteration 260, time: 147.58386707305908
Starting label LEVI, seed 51, iteration 270, time: 153.33648228645325
Starting label LEVI, seed 51, iteration 280, time: 159.3172128200531
Starting label LEVI, seed 51, iteration 290, time: 165.32992601394653
Starting label LEVI, seed 51, iteration 300, time: 171.49513840675354
Starting label LEVI, seed 51, iteration 310, time: 177.69874501228333
Starting label LEVI, seed 51, iteration 320, time: 183.90781712532043
Starting label LEVI, seed 51, iteration 330, time: 190.35177183151245
Starting label LEVI, seed 51, iteration 340, time: 196.81964302062988
Starting label LEVI, seed 51, iteration 350, time: 203.1320719718933
Starting label LEVI, seed 51, iteration 360, time: 209.5514795780182
Starting label LEVI, seed 51, iteration 370, time: 215.7659730911255
Starting label LEVI, seed 51, iteration 380, time: 222.14271473884583
Starting label LEVI, seed 51, iteration 390, time: 228.37818670272827
Starting label LEVI, seed 51, iteration 400, time: 234.51427459716797
Starting label LEVI, seed 51, iteration 410, time: 240.91157364845276
Starting label LEVI, seed 51, iteration 420, time: 247.43080830574036
Starting label LEVI, seed 51, iteration 430, time: 254.08035039901733
Starting label LEVI, seed 51, iteration 440, time: 260.7267208099365
Starting label LEVI, seed 51, iteration 450, time: 267.3809962272644
Starting label LEVI, seed 51, iteration 460, time: 274.15388679504395
Starting label LEVI, seed 51, iteration 470, time: 280.81737422943115
submitit WARNING (2022-10-02 01:55:12,537) - Bypassing signal SIGCONT
submitit WARNING (2022-10-02 01:55:12,599) - Bypassing signal SIGTERM
Starting label LEVI, seed 51, iteration 480, time: 287.71383690834045
Starting label LEVI, seed 51, iteration 490, time: 294.8048722743988
Starting label LEVI, seed 51, iteration 500, time: 301.8813979625702
Starting label LEVI, seed 51, iteration 510, time: 308.95083117485046
