submitit INFO (2022-10-02 01:56:22,530) - Starting with JobEnvironment(job_id=883585_1, hostname=nikola-compute-02.cs.cornell.edu, local_rank=0(1), node=0(1), global_rank=0(1))
submitit INFO (2022-10-02 01:56:22,531) - Loading pickle: /home/gid-cakmaks/contextual_rs/experiments/wsc_experiments/logs/883585_1/883585_1_submitted.pkl
Starting label LEVI, seed 16, iteration 0, time: 0.0001468658447265625
Starting label LEVI, seed 16, iteration 10, time: 2.4740469455718994
Starting label LEVI, seed 16, iteration 20, time: 4.902477979660034
Starting label LEVI, seed 16, iteration 30, time: 7.341029405593872
Starting label LEVI, seed 16, iteration 40, time: 9.8090980052948
Starting label LEVI, seed 16, iteration 50, time: 12.248601913452148
Starting label LEVI, seed 16, iteration 60, time: 14.777422904968262
Starting label LEVI, seed 16, iteration 70, time: 17.21808433532715
Starting label LEVI, seed 16, iteration 80, time: 19.681443452835083
Starting label LEVI, seed 16, iteration 90, time: 22.09949564933777
Starting label LEVI, seed 16, iteration 100, time: 24.515644311904907
Starting label LEVI, seed 16, iteration 110, time: 26.919727087020874
Starting label LEVI, seed 16, iteration 120, time: 29.22510290145874
Starting label LEVI, seed 16, iteration 130, time: 31.665608882904053
Starting label LEVI, seed 16, iteration 140, time: 34.21890449523926
Starting label LEVI, seed 16, iteration 150, time: 36.873658895492554
Starting label LEVI, seed 16, iteration 160, time: 39.54353618621826
Starting label LEVI, seed 16, iteration 170, time: 42.18987560272217
Starting label LEVI, seed 16, iteration 180, time: 44.84180998802185
Starting label LEVI, seed 16, iteration 190, time: 47.540663719177246
Starting label LEVI, seed 16, iteration 200, time: 50.21163535118103
Starting label LEVI, seed 16, iteration 210, time: 52.912941455841064
Starting label LEVI, seed 16, iteration 220, time: 55.64509439468384
Starting label LEVI, seed 16, iteration 230, time: 58.416656732559204
Starting label LEVI, seed 16, iteration 240, time: 61.057565450668335
Starting label LEVI, seed 16, iteration 250, time: 63.712103605270386
Starting label LEVI, seed 16, iteration 260, time: 66.27481985092163
Starting label LEVI, seed 16, iteration 270, time: 68.9771375656128
Starting label LEVI, seed 16, iteration 280, time: 71.67496991157532
Starting label LEVI, seed 16, iteration 290, time: 74.37364315986633
Starting label LEVI, seed 16, iteration 300, time: 77.10005474090576
Starting label LEVI, seed 16, iteration 310, time: 79.92356276512146
Starting label LEVI, seed 16, iteration 320, time: 82.50879883766174
Starting label LEVI, seed 16, iteration 330, time: 85.22150468826294
Starting label LEVI, seed 16, iteration 340, time: 87.96172738075256
Starting label LEVI, seed 16, iteration 350, time: 90.65779399871826
Starting label LEVI, seed 16, iteration 360, time: 93.33011746406555
Starting label LEVI, seed 16, iteration 370, time: 96.06901574134827
Starting label LEVI, seed 16, iteration 380, time: 98.80735683441162
Starting label LEVI, seed 16, iteration 390, time: 101.60325980186462
Starting label LEVI, seed 16, iteration 400, time: 104.23213243484497
Starting label LEVI, seed 16, iteration 410, time: 106.83055520057678
Starting label LEVI, seed 16, iteration 420, time: 109.4390184879303
Starting label LEVI, seed 16, iteration 430, time: 112.06445527076721
Starting label LEVI, seed 16, iteration 440, time: 114.66557931900024
Starting label LEVI, seed 16, iteration 450, time: 117.27908849716187
Starting label LEVI, seed 16, iteration 460, time: 119.92482566833496
Starting label LEVI, seed 16, iteration 470, time: 122.59379744529724
Starting label LEVI, seed 16, iteration 480, time: 125.33412837982178
Starting label LEVI, seed 16, iteration 490, time: 128.00174856185913
Starting label LEVI, seed 16, iteration 500, time: 130.67478919029236
Starting label LEVI, seed 16, iteration 510, time: 133.29747200012207
Starting label LEVI, seed 16, iteration 520, time: 135.94394063949585
Starting label LEVI, seed 16, iteration 530, time: 138.65933179855347
Starting label LEVI, seed 16, iteration 540, time: 141.30697798728943
Starting label LEVI, seed 16, iteration 550, time: 143.93167567253113
Starting label LEVI, seed 16, iteration 560, time: 146.61526727676392
Starting label LEVI, seed 16, iteration 570, time: 149.21339416503906
Starting label LEVI, seed 16, iteration 580, time: 151.83088374137878
Starting label LEVI, seed 16, iteration 590, time: 154.48341345787048
Starting label LEVI, seed 16, iteration 600, time: 157.14662551879883
Starting label LEVI, seed 16, iteration 610, time: 159.82175421714783
Starting label LEVI, seed 16, iteration 620, time: 162.56552481651306
Starting label LEVI, seed 16, iteration 630, time: 165.29815578460693
Starting label LEVI, seed 16, iteration 640, time: 168.08279609680176
Starting label LEVI, seed 16, iteration 650, time: 170.77095198631287
Starting label LEVI, seed 16, iteration 660, time: 173.50267577171326
Starting label LEVI, seed 16, iteration 670, time: 176.2327697277069
Starting label LEVI, seed 16, iteration 680, time: 178.98426413536072
submitit WARNING (2022-10-02 01:59:26,641) - Bypassing signal SIGCONT
submitit WARNING (2022-10-02 01:59:26,643) - Bypassing signal SIGTERM
Starting label LEVI, seed 16, iteration 690, time: 181.73149824142456
Starting label LEVI, seed 16, iteration 700, time: 184.51005148887634
Starting label LEVI, seed 16, iteration 710, time: 187.24282431602478
Starting label LEVI, seed 16, iteration 720, time: 190.09790802001953
Starting label LEVI, seed 16, iteration 730, time: 193.04166078567505
Starting label LEVI, seed 16, iteration 740, time: 195.90574717521667
Starting label LEVI, seed 16, iteration 750, time: 198.71825194358826
Starting label LEVI, seed 16, iteration 760, time: 201.5647132396698
Starting label LEVI, seed 16, iteration 770, time: 204.35770463943481
Starting label LEVI, seed 16, iteration 780, time: 207.1978497505188
Starting label LEVI, seed 16, iteration 790, time: 210.12718510627747
