submitit INFO (2022-10-02 01:49:55,843) - Starting with JobEnvironment(job_id=883523_1, hostname=sablab-gpu-06.ece.cornell.edu, local_rank=0(1), node=0(1), global_rank=0(1))
submitit INFO (2022-10-02 01:49:55,844) - Loading pickle: /home/gid-cakmaks/contextual_rs/experiments/wsc_experiments/logs/883523_1/883523_1_submitted.pkl
Starting label LEVI, seed 11, iteration 0, time: 0.0005059242248535156
Starting label LEVI, seed 11, iteration 10, time: 5.87286901473999
Starting label LEVI, seed 11, iteration 20, time: 11.690379858016968
Starting label LEVI, seed 11, iteration 30, time: 17.703985691070557
Starting label LEVI, seed 11, iteration 40, time: 23.752434015274048
Starting label LEVI, seed 11, iteration 50, time: 29.990166902542114
Starting label LEVI, seed 11, iteration 60, time: 35.80577540397644
Starting label LEVI, seed 11, iteration 70, time: 41.66764807701111
Starting label LEVI, seed 11, iteration 80, time: 47.4332594871521
Starting label LEVI, seed 11, iteration 90, time: 53.568615674972534
Starting label LEVI, seed 11, iteration 100, time: 59.63063049316406
Starting label LEVI, seed 11, iteration 110, time: 65.8397274017334
Starting label LEVI, seed 11, iteration 120, time: 71.57707571983337
Starting label LEVI, seed 11, iteration 130, time: 77.7912163734436
Starting label LEVI, seed 11, iteration 140, time: 83.85340690612793
Starting label LEVI, seed 11, iteration 150, time: 89.94259810447693
Starting label LEVI, seed 11, iteration 160, time: 96.1692566871643
Starting label LEVI, seed 11, iteration 170, time: 102.21649479866028
Starting label LEVI, seed 11, iteration 180, time: 108.58790159225464
Starting label LEVI, seed 11, iteration 190, time: 114.97599124908447
Starting label LEVI, seed 11, iteration 200, time: 121.4215452671051
Starting label LEVI, seed 11, iteration 210, time: 127.70019507408142
Starting label LEVI, seed 11, iteration 220, time: 133.60005950927734
Starting label LEVI, seed 11, iteration 230, time: 139.7071647644043
Starting label LEVI, seed 11, iteration 240, time: 146.05118989944458
Starting label LEVI, seed 11, iteration 250, time: 152.24356937408447
Starting label LEVI, seed 11, iteration 260, time: 158.54154777526855
Starting label LEVI, seed 11, iteration 270, time: 164.68358182907104
Starting label LEVI, seed 11, iteration 280, time: 171.36396551132202
Starting label LEVI, seed 11, iteration 290, time: 177.88528275489807
Starting label LEVI, seed 11, iteration 300, time: 184.71153593063354
Starting label LEVI, seed 11, iteration 310, time: 191.61311411857605
Starting label LEVI, seed 11, iteration 320, time: 198.46959733963013
Starting label LEVI, seed 11, iteration 330, time: 204.92508149147034
Starting label LEVI, seed 11, iteration 340, time: 211.47494268417358
Starting label LEVI, seed 11, iteration 350, time: 218.19078922271729
Starting label LEVI, seed 11, iteration 360, time: 225.28029131889343
Starting label LEVI, seed 11, iteration 370, time: 232.34269165992737
Starting label LEVI, seed 11, iteration 380, time: 239.39549160003662
Starting label LEVI, seed 11, iteration 390, time: 246.18607330322266
Starting label LEVI, seed 11, iteration 400, time: 252.90638732910156
Starting label LEVI, seed 11, iteration 410, time: 259.4880962371826
Starting label LEVI, seed 11, iteration 420, time: 266.2461142539978
Starting label LEVI, seed 11, iteration 430, time: 273.049467086792
Starting label LEVI, seed 11, iteration 440, time: 279.8842122554779
Starting label LEVI, seed 11, iteration 450, time: 286.8594183921814
Starting label LEVI, seed 11, iteration 460, time: 293.8814651966095
Starting label LEVI, seed 11, iteration 470, time: 300.67047595977783
Starting label LEVI, seed 11, iteration 480, time: 307.5527708530426
submitit WARNING (2022-10-02 01:55:12,481) - Bypassing signal SIGCONT
submitit WARNING (2022-10-02 01:55:12,484) - Bypassing signal SIGTERM
Starting label LEVI, seed 11, iteration 490, time: 314.46885204315186
Starting label LEVI, seed 11, iteration 500, time: 321.4165906906128
Starting label LEVI, seed 11, iteration 510, time: 328.8746163845062
Starting label LEVI, seed 11, iteration 520, time: 336.2294397354126
Starting label LEVI, seed 11, iteration 530, time: 343.52945590019226
