submitit INFO (2022-10-02 00:03:08,716) - Starting with JobEnvironment(job_id=883160_6, hostname=lecun.cs.cornell.edu, local_rank=0(1), node=0(1), global_rank=0(1))
submitit INFO (2022-10-02 00:03:08,716) - Loading pickle: /home/gid-cakmaks/contextual_rs/experiments/wsc_experiments/logs/883160_6/883160_6_submitted.pkl
Starting label LEVI, seed 36, iteration 0, time: 0.00013518333435058594
Starting label LEVI, seed 36, iteration 10, time: 2.412128210067749
Starting label LEVI, seed 36, iteration 20, time: 4.683910369873047
Starting label LEVI, seed 36, iteration 30, time: 7.001445293426514
Starting label LEVI, seed 36, iteration 40, time: 9.10860013961792
Starting label LEVI, seed 36, iteration 50, time: 11.270060062408447
Starting label LEVI, seed 36, iteration 60, time: 13.59862494468689
Starting label LEVI, seed 36, iteration 70, time: 15.817775964736938
Starting label LEVI, seed 36, iteration 80, time: 17.97284698486328
Starting label LEVI, seed 36, iteration 90, time: 20.092646598815918
Starting label LEVI, seed 36, iteration 100, time: 22.26738476753235
Starting label LEVI, seed 36, iteration 110, time: 24.449747323989868
Starting label LEVI, seed 36, iteration 120, time: 26.621145963668823
Starting label LEVI, seed 36, iteration 130, time: 28.84004020690918
Starting label LEVI, seed 36, iteration 140, time: 31.086103200912476
Starting label LEVI, seed 36, iteration 150, time: 33.26995801925659
Starting label LEVI, seed 36, iteration 160, time: 35.426259994506836
Starting label LEVI, seed 36, iteration 170, time: 37.653647899627686
Starting label LEVI, seed 36, iteration 180, time: 39.86569857597351
Starting label LEVI, seed 36, iteration 190, time: 42.11494755744934
Starting label LEVI, seed 36, iteration 200, time: 44.372751235961914
Starting label LEVI, seed 36, iteration 210, time: 46.62366008758545
Starting label LEVI, seed 36, iteration 220, time: 50.16502070426941
Starting label LEVI, seed 36, iteration 230, time: 52.79092979431152
Starting label LEVI, seed 36, iteration 240, time: 55.39884614944458
Starting label LEVI, seed 36, iteration 250, time: 57.68500089645386
Starting label LEVI, seed 36, iteration 260, time: 60.33978295326233
Starting label LEVI, seed 36, iteration 270, time: 64.29971551895142
Starting label LEVI, seed 36, iteration 280, time: 67.23545789718628
Starting label LEVI, seed 36, iteration 290, time: 71.01623845100403
Starting label LEVI, seed 36, iteration 300, time: 73.73386693000793
Starting label LEVI, seed 36, iteration 310, time: 96.31582927703857
Starting label LEVI, seed 36, iteration 320, time: 127.78016376495361
Starting label LEVI, seed 36, iteration 330, time: 156.10280346870422
Starting label LEVI, seed 36, iteration 340, time: 185.69308638572693
Starting label LEVI, seed 36, iteration 350, time: 214.18557786941528
Starting label LEVI, seed 36, iteration 360, time: 236.1754994392395
Starting label LEVI, seed 36, iteration 370, time: 271.9871747493744
Starting label LEVI, seed 36, iteration 380, time: 300.15490460395813
Starting label LEVI, seed 36, iteration 390, time: 346.10496759414673
Starting label LEVI, seed 36, iteration 400, time: 389.29257130622864
Starting label LEVI, seed 36, iteration 410, time: 433.3703737258911
Starting label LEVI, seed 36, iteration 420, time: 480.7224597930908
Starting label LEVI, seed 36, iteration 430, time: 523.8898174762726
Starting label LEVI, seed 36, iteration 440, time: 572.7792718410492
Starting label LEVI, seed 36, iteration 450, time: 614.6748561859131
Starting label LEVI, seed 36, iteration 460, time: 637.7221701145172
Starting label LEVI, seed 36, iteration 470, time: 669.9624879360199
Starting label LEVI, seed 36, iteration 480, time: 715.0448687076569
Starting label LEVI, seed 36, iteration 490, time: 742.2970201969147
Starting label LEVI, seed 36, iteration 500, time: 779.8207030296326
Starting label LEVI, seed 36, iteration 510, time: 822.6880011558533
Starting label LEVI, seed 36, iteration 520, time: 879.6430225372314
Starting label LEVI, seed 36, iteration 530, time: 927.8915157318115
Starting label LEVI, seed 36, iteration 540, time: 950.6151578426361
Starting label LEVI, seed 36, iteration 550, time: 979.6322066783905
Starting label LEVI, seed 36, iteration 560, time: 1035.0328979492188
Starting label LEVI, seed 36, iteration 570, time: 1067.4155123233795
Starting label LEVI, seed 36, iteration 580, time: 1128.8745002746582
Starting label LEVI, seed 36, iteration 590, time: 1188.1985352039337
Starting label LEVI, seed 36, iteration 600, time: 1234.4517483711243
Starting label LEVI, seed 36, iteration 610, time: 1283.7430408000946
Starting label LEVI, seed 36, iteration 620, time: 1328.3552734851837
Starting label LEVI, seed 36, iteration 630, time: 1373.1866240501404
Starting label LEVI, seed 36, iteration 640, time: 1419.3916342258453
Starting label LEVI, seed 36, iteration 650, time: 1465.5886766910553
Starting label LEVI, seed 36, iteration 660, time: 1511.7300474643707
submitit WARNING (2022-10-02 00:29:08,078) - Bypassing signal SIGCONT
submitit WARNING (2022-10-02 00:29:08,083) - Bypassing signal SIGTERM
Starting label LEVI, seed 36, iteration 670, time: 1558.069415807724
