submitit INFO (2022-10-02 03:22:35,043) - Starting with JobEnvironment(job_id=883884_4, hostname=compling-compute-02.compling.cornell.edu, local_rank=0(1), node=0(1), global_rank=0(1))
submitit INFO (2022-10-02 03:22:35,043) - Loading pickle: /home/gid-cakmaks/contextual_rs/experiments/wsc_experiments/logs/883884_4/883884_4_submitted.pkl
Starting label LEVI, seed 94, iteration 0, time: 0.0005230903625488281
Starting label LEVI, seed 94, iteration 10, time: 2.0476996898651123
Starting label LEVI, seed 94, iteration 20, time: 4.023739576339722
Starting label LEVI, seed 94, iteration 30, time: 5.7011613845825195
Starting label LEVI, seed 94, iteration 40, time: 7.277565956115723
Starting label LEVI, seed 94, iteration 50, time: 8.84609603881836
Starting label LEVI, seed 94, iteration 60, time: 10.474764347076416
Starting label LEVI, seed 94, iteration 70, time: 12.076637506484985
Starting label LEVI, seed 94, iteration 80, time: 13.672428369522095
Starting label LEVI, seed 94, iteration 90, time: 15.289563417434692
Starting label LEVI, seed 94, iteration 100, time: 16.898643255233765
Starting label LEVI, seed 94, iteration 110, time: 18.49627947807312
Starting label LEVI, seed 94, iteration 120, time: 20.094534158706665
Starting label LEVI, seed 94, iteration 130, time: 21.712905406951904
Starting label LEVI, seed 94, iteration 140, time: 23.396928310394287
Starting label LEVI, seed 94, iteration 150, time: 24.988397121429443
Starting label LEVI, seed 94, iteration 160, time: 26.63952946662903
Starting label LEVI, seed 94, iteration 170, time: 28.25617814064026
Starting label LEVI, seed 94, iteration 180, time: 29.862583875656128
Starting label LEVI, seed 94, iteration 190, time: 31.47181487083435
Starting label LEVI, seed 94, iteration 200, time: 33.2543683052063
Starting label LEVI, seed 94, iteration 210, time: 35.048272371292114
Starting label LEVI, seed 94, iteration 220, time: 36.9558892250061
Starting label LEVI, seed 94, iteration 230, time: 39.00208902359009
Starting label LEVI, seed 94, iteration 240, time: 41.02654218673706
Starting label LEVI, seed 94, iteration 250, time: 43.03245806694031
Starting label LEVI, seed 94, iteration 260, time: 44.96916604042053
Starting label LEVI, seed 94, iteration 270, time: 46.85807514190674
Starting label LEVI, seed 94, iteration 280, time: 48.63062834739685
Starting label LEVI, seed 94, iteration 290, time: 50.52723288536072
Starting label LEVI, seed 94, iteration 300, time: 52.467467308044434
Starting label LEVI, seed 94, iteration 310, time: 54.2784583568573
Starting label LEVI, seed 94, iteration 320, time: 56.03849720954895
Starting label LEVI, seed 94, iteration 330, time: 57.76540684700012
Starting label LEVI, seed 94, iteration 340, time: 59.55064511299133
Starting label LEVI, seed 94, iteration 350, time: 61.317309617996216
Starting label LEVI, seed 94, iteration 360, time: 63.159584760665894
Starting label LEVI, seed 94, iteration 370, time: 64.92772722244263
Starting label LEVI, seed 94, iteration 380, time: 66.74934959411621
Starting label LEVI, seed 94, iteration 390, time: 68.65891742706299
Starting label LEVI, seed 94, iteration 400, time: 70.51600337028503
Starting label LEVI, seed 94, iteration 410, time: 72.28927302360535
Starting label LEVI, seed 94, iteration 420, time: 74.10412693023682
Starting label LEVI, seed 94, iteration 430, time: 75.84781455993652
Starting label LEVI, seed 94, iteration 440, time: 77.65817952156067
Starting label LEVI, seed 94, iteration 450, time: 79.4774477481842
Starting label LEVI, seed 94, iteration 460, time: 81.38102126121521
Starting label LEVI, seed 94, iteration 470, time: 83.33444309234619
Starting label LEVI, seed 94, iteration 480, time: 85.19505286216736
Starting label LEVI, seed 94, iteration 490, time: 87.13243365287781
Starting label LEVI, seed 94, iteration 500, time: 89.19616031646729
Starting label LEVI, seed 94, iteration 510, time: 91.35544109344482
Starting label LEVI, seed 94, iteration 520, time: 93.47758436203003
Starting label LEVI, seed 94, iteration 530, time: 95.6741292476654
Starting label LEVI, seed 94, iteration 540, time: 97.86330890655518
Starting label LEVI, seed 94, iteration 550, time: 100.12069368362427
Starting label LEVI, seed 94, iteration 560, time: 102.58792638778687
Starting label LEVI, seed 94, iteration 570, time: 104.93876314163208
Starting label LEVI, seed 94, iteration 580, time: 107.17970275878906
Starting label LEVI, seed 94, iteration 590, time: 109.53079557418823
Starting label LEVI, seed 94, iteration 600, time: 111.93119549751282
Starting label LEVI, seed 94, iteration 610, time: 114.4372010231018
Starting label LEVI, seed 94, iteration 620, time: 116.96285510063171
Starting label LEVI, seed 94, iteration 630, time: 119.50639081001282
Starting label LEVI, seed 94, iteration 640, time: 122.05312204360962
Starting label LEVI, seed 94, iteration 650, time: 124.37094378471375
Starting label LEVI, seed 94, iteration 660, time: 126.57770323753357
Starting label LEVI, seed 94, iteration 670, time: 128.75181651115417
Starting label LEVI, seed 94, iteration 680, time: 131.20978307724
Starting label LEVI, seed 94, iteration 690, time: 133.5528016090393
Starting label LEVI, seed 94, iteration 700, time: 136.10646533966064
submitit WARNING (2022-10-02 03:24:53,462) - Bypassing signal SIGCONT
submitit WARNING (2022-10-02 03:24:53,507) - Bypassing signal SIGTERM
Starting label LEVI, seed 94, iteration 710, time: 138.94568824768066
Starting label LEVI, seed 94, iteration 720, time: 141.66755890846252
Starting label LEVI, seed 94, iteration 730, time: 144.18815732002258
Starting label LEVI, seed 94, iteration 740, time: 146.57989740371704
Starting label LEVI, seed 94, iteration 750, time: 149.24732041358948
Starting label LEVI, seed 94, iteration 760, time: 151.76772809028625
Starting label LEVI, seed 94, iteration 770, time: 154.22230434417725
Starting label LEVI, seed 94, iteration 780, time: 156.90445518493652
Starting label LEVI, seed 94, iteration 790, time: 159.7037432193756
Starting label LEVI, seed 94, iteration 800, time: 162.22715377807617
Starting label LEVI, seed 94, iteration 810, time: 165.15552282333374
