submitit INFO (2022-10-02 01:43:25,906) - Starting with JobEnvironment(job_id=883480_1, hostname=g2-compute-96.coecis.cornell.edu, local_rank=0(1), node=0(1), global_rank=0(1))
submitit INFO (2022-10-02 01:43:25,906) - Loading pickle: /home/gid-cakmaks/contextual_rs/experiments/wsc_experiments/logs/883480_1/883480_1_submitted.pkl
Starting label LEVI, seed 71, iteration 0, time: 0.00044274330139160156
Starting label LEVI, seed 71, iteration 10, time: 4.327078819274902
Starting label LEVI, seed 71, iteration 20, time: 8.667340755462646
Starting label LEVI, seed 71, iteration 30, time: 12.90981388092041
Starting label LEVI, seed 71, iteration 40, time: 16.989266395568848
Starting label LEVI, seed 71, iteration 50, time: 21.073485374450684
Starting label LEVI, seed 71, iteration 60, time: 24.838659524917603
Starting label LEVI, seed 71, iteration 70, time: 28.888076066970825
Starting label LEVI, seed 71, iteration 80, time: 32.62811803817749
Starting label LEVI, seed 71, iteration 90, time: 36.64728927612305
Starting label LEVI, seed 71, iteration 100, time: 40.79777669906616
Starting label LEVI, seed 71, iteration 110, time: 45.17413592338562
Starting label LEVI, seed 71, iteration 120, time: 49.57304573059082
Starting label LEVI, seed 71, iteration 130, time: 53.76843476295471
Starting label LEVI, seed 71, iteration 140, time: 58.095242738723755
Starting label LEVI, seed 71, iteration 150, time: 62.42416572570801
Starting label LEVI, seed 71, iteration 160, time: 66.96945405006409
Starting label LEVI, seed 71, iteration 170, time: 71.65130686759949
Starting label LEVI, seed 71, iteration 180, time: 76.54247951507568
Starting label LEVI, seed 71, iteration 190, time: 81.3203821182251
Starting label LEVI, seed 71, iteration 200, time: 86.38060545921326
Starting label LEVI, seed 71, iteration 210, time: 91.57131791114807
Starting label LEVI, seed 71, iteration 220, time: 96.88255620002747
Starting label LEVI, seed 71, iteration 230, time: 102.35716485977173
Starting label LEVI, seed 71, iteration 240, time: 107.65182948112488
Starting label LEVI, seed 71, iteration 250, time: 113.07229542732239
Starting label LEVI, seed 71, iteration 260, time: 118.34675145149231
Starting label LEVI, seed 71, iteration 270, time: 123.68599915504456
Starting label LEVI, seed 71, iteration 280, time: 128.82811617851257
Starting label LEVI, seed 71, iteration 290, time: 133.90964579582214
Starting label LEVI, seed 71, iteration 300, time: 139.05453491210938
Starting label LEVI, seed 71, iteration 310, time: 144.18572521209717
Starting label LEVI, seed 71, iteration 320, time: 149.3359591960907
Starting label LEVI, seed 71, iteration 330, time: 154.83781051635742
Starting label LEVI, seed 71, iteration 340, time: 160.98618388175964
Starting label LEVI, seed 71, iteration 350, time: 166.97496032714844
Starting label LEVI, seed 71, iteration 360, time: 173.21693968772888
Starting label LEVI, seed 71, iteration 370, time: 179.78116369247437
Starting label LEVI, seed 71, iteration 380, time: 185.70170331001282
Starting label LEVI, seed 71, iteration 390, time: 191.9809868335724
Starting label LEVI, seed 71, iteration 400, time: 198.112646818161
Starting label LEVI, seed 71, iteration 410, time: 204.23210501670837
Starting label LEVI, seed 71, iteration 420, time: 210.27885103225708
Starting label LEVI, seed 71, iteration 430, time: 216.66097354888916
Starting label LEVI, seed 71, iteration 440, time: 221.88245606422424
Starting label LEVI, seed 71, iteration 450, time: 227.10882115364075
Starting label LEVI, seed 71, iteration 460, time: 232.40781235694885
Starting label LEVI, seed 71, iteration 470, time: 237.60960841178894
Starting label LEVI, seed 71, iteration 480, time: 242.76322078704834
Starting label LEVI, seed 71, iteration 490, time: 249.00133323669434
Starting label LEVI, seed 71, iteration 500, time: 254.11762022972107
Starting label LEVI, seed 71, iteration 510, time: 259.4043753147125
Starting label LEVI, seed 71, iteration 520, time: 264.6941108703613
Starting label LEVI, seed 71, iteration 530, time: 270.06633257865906
Starting label LEVI, seed 71, iteration 540, time: 275.59518122673035
Starting label LEVI, seed 71, iteration 550, time: 281.1319856643677
Starting label LEVI, seed 71, iteration 560, time: 286.6221692562103
Starting label LEVI, seed 71, iteration 570, time: 292.1798026561737
Starting label LEVI, seed 71, iteration 580, time: 297.66452717781067
Starting label LEVI, seed 71, iteration 590, time: 303.2119896411896
Starting label LEVI, seed 71, iteration 600, time: 308.5726320743561
Starting label LEVI, seed 71, iteration 610, time: 314.0825445652008
Starting label LEVI, seed 71, iteration 620, time: 319.6180646419525
Starting label LEVI, seed 71, iteration 630, time: 324.9090042114258
Starting label LEVI, seed 71, iteration 640, time: 330.2426543235779
Starting label LEVI, seed 71, iteration 650, time: 335.6379086971283
Starting label LEVI, seed 71, iteration 660, time: 341.02844762802124
Starting label LEVI, seed 71, iteration 670, time: 346.4697337150574
Starting label LEVI, seed 71, iteration 680, time: 351.8427777290344
submitit WARNING (2022-10-02 01:49:22,425) - Bypassing signal SIGCONT
submitit WARNING (2022-10-02 01:49:22,429) - Bypassing signal SIGTERM
Starting label LEVI, seed 71, iteration 690, time: 357.3880798816681
Starting label LEVI, seed 71, iteration 700, time: 363.1688687801361
Starting label LEVI, seed 71, iteration 710, time: 369.03794956207275
Starting label LEVI, seed 71, iteration 720, time: 375.21673130989075
Starting label LEVI, seed 71, iteration 730, time: 381.21369075775146
