submitit INFO (2022-10-02 04:26:52,913) - Starting with JobEnvironment(job_id=884077_7, hostname=compling-compute-02.compling.cornell.edu, local_rank=0(1), node=0(1), global_rank=0(1))
submitit INFO (2022-10-02 04:26:52,913) - Loading pickle: /home/gid-cakmaks/contextual_rs/experiments/wsc_experiments/logs/884077_7/884077_7_submitted.pkl
Appending iterations to existing output!Warning: If parameters other than `iterations` have been changed, this will corrupt the output!
Starting label LEVI, seed 87, iteration 470, time: 242.289541721344
Starting label LEVI, seed 87, iteration 480, time: 245.88624548912048
Starting label LEVI, seed 87, iteration 490, time: 249.42829632759094
Starting label LEVI, seed 87, iteration 500, time: 252.89647269248962
Starting label LEVI, seed 87, iteration 510, time: 256.3943305015564
Starting label LEVI, seed 87, iteration 520, time: 260.01392340660095
Starting label LEVI, seed 87, iteration 530, time: 263.53954696655273
Starting label LEVI, seed 87, iteration 540, time: 267.1004419326782
Starting label LEVI, seed 87, iteration 550, time: 270.57031989097595
Starting label LEVI, seed 87, iteration 560, time: 274.04716181755066
Starting label LEVI, seed 87, iteration 570, time: 277.9773600101471
Starting label LEVI, seed 87, iteration 580, time: 281.8529438972473
Starting label LEVI, seed 87, iteration 590, time: 285.52224111557007
Starting label LEVI, seed 87, iteration 600, time: 289.14890909194946
Starting label LEVI, seed 87, iteration 610, time: 292.87060022354126
Starting label LEVI, seed 87, iteration 620, time: 297.03280878067017
Starting label LEVI, seed 87, iteration 630, time: 301.1821141242981
Starting label LEVI, seed 87, iteration 640, time: 305.27912974357605
Starting label LEVI, seed 87, iteration 650, time: 309.5189447402954
Starting label LEVI, seed 87, iteration 660, time: 313.43882417678833
Starting label LEVI, seed 87, iteration 670, time: 317.33069491386414
Starting label LEVI, seed 87, iteration 680, time: 321.42004799842834
Starting label LEVI, seed 87, iteration 690, time: 325.3747525215149
Starting label LEVI, seed 87, iteration 700, time: 329.4605128765106
Starting label LEVI, seed 87, iteration 710, time: 333.48678159713745
Starting label LEVI, seed 87, iteration 720, time: 337.53388500213623
Starting label LEVI, seed 87, iteration 730, time: 341.3288221359253
Starting label LEVI, seed 87, iteration 740, time: 345.06202125549316
Starting label LEVI, seed 87, iteration 750, time: 348.9239413738251
Starting label LEVI, seed 87, iteration 760, time: 352.7695608139038
Starting label LEVI, seed 87, iteration 770, time: 356.5043194293976
Starting label LEVI, seed 87, iteration 780, time: 360.16732478141785
Starting label LEVI, seed 87, iteration 790, time: 363.7764620780945
Starting label LEVI, seed 87, iteration 800, time: 367.621613740921
Starting label LEVI, seed 87, iteration 810, time: 371.212194442749
Starting label LEVI, seed 87, iteration 820, time: 374.8356475830078
Starting label LEVI, seed 87, iteration 830, time: 378.5633683204651
Starting label LEVI, seed 87, iteration 840, time: 382.181028842926
Starting label LEVI, seed 87, iteration 850, time: 385.7920866012573
Starting label LEVI, seed 87, iteration 860, time: 389.52994775772095
Starting label LEVI, seed 87, iteration 870, time: 393.27026176452637
Starting label LEVI, seed 87, iteration 880, time: 397.3055362701416
Starting label LEVI, seed 87, iteration 890, time: 401.07601046562195
Starting label LEVI, seed 87, iteration 900, time: 404.93086314201355
Starting label LEVI, seed 87, iteration 910, time: 408.563768863678
Starting label LEVI, seed 87, iteration 920, time: 412.3403766155243
Starting label LEVI, seed 87, iteration 930, time: 416.0848343372345
Starting label LEVI, seed 87, iteration 940, time: 419.9066436290741
Starting label LEVI, seed 87, iteration 950, time: 423.7068684101105
Starting label LEVI, seed 87, iteration 960, time: 427.48823165893555
Starting label LEVI, seed 87, iteration 970, time: 431.41445565223694
Starting label LEVI, seed 87, iteration 980, time: 435.37794971466064
Starting label LEVI, seed 87, iteration 990, time: 439.40496253967285
Starting label LEVI, seed 87, iteration 1000, time: 443.1532669067383
Starting label LEVI, seed 87, iteration 1010, time: 447.0026137828827
Starting label LEVI, seed 87, iteration 1020, time: 450.72584223747253
Starting label LEVI, seed 87, iteration 1030, time: 454.4997932910919
Starting label LEVI, seed 87, iteration 1040, time: 458.2703468799591
Starting label LEVI, seed 87, iteration 1050, time: 461.8711848258972
Starting label LEVI, seed 87, iteration 1060, time: 465.5380747318268
Starting label LEVI, seed 87, iteration 1070, time: 469.22594261169434
Starting label LEVI, seed 87, iteration 1080, time: 472.9329752922058
Starting label LEVI, seed 87, iteration 1090, time: 476.6610758304596
Starting label LEVI, seed 87, iteration 1100, time: 480.20459938049316
Starting label LEVI, seed 87, iteration 1110, time: 483.8676950931549
Starting label LEVI, seed 87, iteration 1120, time: 487.44078040122986
Starting label LEVI, seed 87, iteration 1130, time: 490.99255204200745
Starting label LEVI, seed 87, iteration 1140, time: 494.66907596588135
Starting label LEVI, seed 87, iteration 1150, time: 498.2911536693573
Starting label LEVI, seed 87, iteration 1160, time: 501.99060010910034
Starting label LEVI, seed 87, iteration 1170, time: 506.1015820503235
Starting label LEVI, seed 87, iteration 1180, time: 509.91640400886536
Starting label LEVI, seed 87, iteration 1190, time: 514.0234725475311
Starting label LEVI, seed 87, iteration 1200, time: 518.3574802875519
Starting label LEVI, seed 87, iteration 1210, time: 522.4533264636993
Starting label LEVI, seed 87, iteration 1220, time: 526.6817684173584
Starting label LEVI, seed 87, iteration 1230, time: 530.7979924678802
Starting label LEVI, seed 87, iteration 1240, time: 534.9812684059143
Starting label LEVI, seed 87, iteration 1250, time: 539.2677717208862
Starting label LEVI, seed 87, iteration 1260, time: 543.5329189300537
Starting label LEVI, seed 87, iteration 1270, time: 547.7503528594971
Starting label LEVI, seed 87, iteration 1280, time: 552.0518984794617
Starting label LEVI, seed 87, iteration 1290, time: 556.4840817451477
Starting label LEVI, seed 87, iteration 1300, time: 560.8811159133911
Starting label LEVI, seed 87, iteration 1310, time: 565.296765089035
Starting label LEVI, seed 87, iteration 1320, time: 569.6909592151642
Starting label LEVI, seed 87, iteration 1330, time: 574.1920771598816
Starting label LEVI, seed 87, iteration 1340, time: 578.6410369873047
Starting label LEVI, seed 87, iteration 1350, time: 583.0331094264984
Starting label LEVI, seed 87, iteration 1360, time: 587.7992248535156
Starting label LEVI, seed 87, iteration 1370, time: 592.43896484375
Starting label LEVI, seed 87, iteration 1380, time: 597.0946955680847
Starting label LEVI, seed 87, iteration 1390, time: 602.2017736434937
Starting label LEVI, seed 87, iteration 1400, time: 607.2819483280182
Starting label LEVI, seed 87, iteration 1410, time: 612.3176870346069
Starting label LEVI, seed 87, iteration 1420, time: 617.0068714618683
Starting label LEVI, seed 87, iteration 1430, time: 621.679568529129
Starting label LEVI, seed 87, iteration 1440, time: 626.5029466152191
Starting label LEVI, seed 87, iteration 1450, time: 631.1096699237823
Starting label LEVI, seed 87, iteration 1460, time: 635.6654908657074
Starting label LEVI, seed 87, iteration 1470, time: 640.3235464096069
Starting label LEVI, seed 87, iteration 1480, time: 644.9319107532501
Starting label LEVI, seed 87, iteration 1490, time: 649.4944362640381
Starting label LEVI, seed 87, iteration 1500, time: 654.1099512577057
Starting label LEVI, seed 87, iteration 1510, time: 658.772479057312
Starting label LEVI, seed 87, iteration 1520, time: 663.488180398941
Starting label LEVI, seed 87, iteration 1530, time: 668.1629519462585
Starting label LEVI, seed 87, iteration 1540, time: 672.6787576675415
Starting label LEVI, seed 87, iteration 1550, time: 677.5043640136719
Starting label LEVI, seed 87, iteration 1560, time: 682.2508370876312
Starting label LEVI, seed 87, iteration 1570, time: 686.9860355854034
Starting label LEVI, seed 87, iteration 1580, time: 692.1247112751007
Starting label LEVI, seed 87, iteration 1590, time: 697.1284022331238
Starting label LEVI, seed 87, iteration 1600, time: 702.0067639350891
Starting label LEVI, seed 87, iteration 1610, time: 706.6472909450531
Starting label LEVI, seed 87, iteration 1620, time: 711.60995054245
Starting label LEVI, seed 87, iteration 1630, time: 716.3086092472076
Starting label LEVI, seed 87, iteration 1640, time: 721.0141897201538
Starting label LEVI, seed 87, iteration 1650, time: 725.536169052124
Starting label LEVI, seed 87, iteration 1660, time: 730.071596622467
Starting label LEVI, seed 87, iteration 1670, time: 734.6585292816162
Starting label LEVI, seed 87, iteration 1680, time: 739.2061402797699
Starting label LEVI, seed 87, iteration 1690, time: 744.1066100597382
Starting label LEVI, seed 87, iteration 1700, time: 749.090479850769
Starting label LEVI, seed 87, iteration 1710, time: 754.1471073627472
Starting label LEVI, seed 87, iteration 1720, time: 759.1889543533325
Starting label LEVI, seed 87, iteration 1730, time: 764.2825627326965
Starting label LEVI, seed 87, iteration 1740, time: 769.3612320423126
Starting label LEVI, seed 87, iteration 1750, time: 774.5417141914368
Starting label LEVI, seed 87, iteration 1760, time: 779.5207133293152
Starting label LEVI, seed 87, iteration 1770, time: 784.434775352478
Starting label LEVI, seed 87, iteration 1780, time: 789.4297311306
Starting label LEVI, seed 87, iteration 1790, time: 794.4302561283112
Starting label LEVI, seed 87, iteration 1800, time: 799.3885340690613
Starting label LEVI, seed 87, iteration 1810, time: 804.5768201351166
Starting label LEVI, seed 87, iteration 1820, time: 809.4385495185852
Starting label LEVI, seed 87, iteration 1830, time: 814.6493256092072
Starting label LEVI, seed 87, iteration 1840, time: 819.7730147838593
Starting label LEVI, seed 87, iteration 1850, time: 824.9620385169983
Starting label LEVI, seed 87, iteration 1860, time: 830.2730679512024
Starting label LEVI, seed 87, iteration 1870, time: 835.4009139537811
Starting label LEVI, seed 87, iteration 1880, time: 840.2764267921448
Starting label LEVI, seed 87, iteration 1890, time: 845.072774887085
Starting label LEVI, seed 87, iteration 1900, time: 849.8000390529633
Starting label LEVI, seed 87, iteration 1910, time: 855.0486745834351
Starting label LEVI, seed 87, iteration 1920, time: 860.0295691490173
Starting label LEVI, seed 87, iteration 1930, time: 865.1656827926636
Starting label LEVI, seed 87, iteration 1940, time: 870.3504726886749
Starting label LEVI, seed 87, iteration 1950, time: 875.3573031425476
Starting label LEVI, seed 87, iteration 1960, time: 880.4691779613495
Starting label LEVI, seed 87, iteration 1970, time: 885.2772564888
Starting label LEVI, seed 87, iteration 1980, time: 890.0552093982697
Starting label LEVI, seed 87, iteration 1990, time: 894.8140852451324
submitit INFO (2022-10-02 04:37:52,018) - Job completed successfully
