submitit INFO (2022-10-02 01:23:09,589) - Starting with JobEnvironment(job_id=883421_5, hostname=nikola-compute-03.cs.cornell.edu, local_rank=0(1), node=0(1), global_rank=0(1))
submitit INFO (2022-10-02 01:23:09,589) - Loading pickle: /home/gid-cakmaks/contextual_rs/experiments/wsc_experiments/logs/883421_5/883421_5_submitted.pkl
Starting label LEVI, seed 15, iteration 0, time: 0.008292436599731445
Starting label LEVI, seed 15, iteration 10, time: 7.664722681045532
Starting label LEVI, seed 15, iteration 20, time: 13.453861236572266
Starting label LEVI, seed 15, iteration 30, time: 19.321669578552246
Starting label LEVI, seed 15, iteration 40, time: 24.63561701774597
Starting label LEVI, seed 15, iteration 50, time: 29.789565324783325
Starting label LEVI, seed 15, iteration 60, time: 34.25390434265137
Starting label LEVI, seed 15, iteration 70, time: 38.910104513168335
Starting label LEVI, seed 15, iteration 80, time: 43.62056064605713
Starting label LEVI, seed 15, iteration 90, time: 49.66182780265808
Starting label LEVI, seed 15, iteration 100, time: 55.34384751319885
Starting label LEVI, seed 15, iteration 110, time: 61.13478493690491
Starting label LEVI, seed 15, iteration 120, time: 66.98438835144043
Starting label LEVI, seed 15, iteration 130, time: 73.04110431671143
Starting label LEVI, seed 15, iteration 140, time: 79.18910908699036
Starting label LEVI, seed 15, iteration 150, time: 85.75056791305542
Starting label LEVI, seed 15, iteration 160, time: 92.01782774925232
Starting label LEVI, seed 15, iteration 170, time: 98.43316578865051
Starting label LEVI, seed 15, iteration 180, time: 104.83174705505371
Starting label LEVI, seed 15, iteration 190, time: 111.46312022209167
Starting label LEVI, seed 15, iteration 200, time: 117.55447745323181
Starting label LEVI, seed 15, iteration 210, time: 123.01843070983887
Starting label LEVI, seed 15, iteration 220, time: 128.31396484375
Starting label LEVI, seed 15, iteration 230, time: 133.83908605575562
Starting label LEVI, seed 15, iteration 240, time: 139.49439454078674
Starting label LEVI, seed 15, iteration 250, time: 145.0980052947998
Starting label LEVI, seed 15, iteration 260, time: 150.55930733680725
Starting label LEVI, seed 15, iteration 270, time: 155.99320673942566
Starting label LEVI, seed 15, iteration 280, time: 161.59214758872986
Starting label LEVI, seed 15, iteration 290, time: 167.22248816490173
Starting label LEVI, seed 15, iteration 300, time: 172.76820731163025
Starting label LEVI, seed 15, iteration 310, time: 178.4862711429596
Starting label LEVI, seed 15, iteration 320, time: 184.10525369644165
Starting label LEVI, seed 15, iteration 330, time: 189.8072772026062
Starting label LEVI, seed 15, iteration 340, time: 195.58906507492065
Starting label LEVI, seed 15, iteration 350, time: 201.22462844848633
Starting label LEVI, seed 15, iteration 360, time: 206.88510870933533
Starting label LEVI, seed 15, iteration 370, time: 212.48647284507751
Starting label LEVI, seed 15, iteration 380, time: 218.18539953231812
Starting label LEVI, seed 15, iteration 390, time: 223.84775972366333
Starting label LEVI, seed 15, iteration 400, time: 229.71783661842346
Starting label LEVI, seed 15, iteration 410, time: 235.31253695487976
Starting label LEVI, seed 15, iteration 420, time: 240.7550084590912
Starting label LEVI, seed 15, iteration 430, time: 246.2618169784546
Starting label LEVI, seed 15, iteration 440, time: 251.83863282203674
Starting label LEVI, seed 15, iteration 450, time: 257.62611079216003
Starting label LEVI, seed 15, iteration 460, time: 264.84518671035767
Starting label LEVI, seed 15, iteration 470, time: 271.46383023262024
Starting label LEVI, seed 15, iteration 480, time: 278.1176714897156
Starting label LEVI, seed 15, iteration 490, time: 284.31654262542725
Starting label LEVI, seed 15, iteration 500, time: 290.9109606742859
Starting label LEVI, seed 15, iteration 510, time: 296.81888699531555
Starting label LEVI, seed 15, iteration 520, time: 303.6903293132782
Starting label LEVI, seed 15, iteration 530, time: 310.6405487060547
Starting label LEVI, seed 15, iteration 540, time: 317.4337112903595
Starting label LEVI, seed 15, iteration 550, time: 325.49202585220337
Starting label LEVI, seed 15, iteration 560, time: 334.33855295181274
Starting label LEVI, seed 15, iteration 570, time: 343.7956929206848
Starting label LEVI, seed 15, iteration 580, time: 352.31287360191345
Starting label LEVI, seed 15, iteration 590, time: 361.0218586921692
Starting label LEVI, seed 15, iteration 600, time: 368.86302757263184
Starting label LEVI, seed 15, iteration 610, time: 377.30979180336
Starting label LEVI, seed 15, iteration 620, time: 385.7355420589447
Starting label LEVI, seed 15, iteration 630, time: 396.1167058944702
Starting label LEVI, seed 15, iteration 640, time: 405.52056407928467
Starting label LEVI, seed 15, iteration 650, time: 415.1901636123657
Starting label LEVI, seed 15, iteration 660, time: 425.14887595176697
Starting label LEVI, seed 15, iteration 670, time: 433.3489456176758
Starting label LEVI, seed 15, iteration 680, time: 440.96190667152405
Starting label LEVI, seed 15, iteration 690, time: 449.8400959968567
Starting label LEVI, seed 15, iteration 700, time: 457.9551508426666
Starting label LEVI, seed 15, iteration 710, time: 466.0024540424347
Starting label LEVI, seed 15, iteration 720, time: 474.3196818828583
Starting label LEVI, seed 15, iteration 730, time: 483.0456235408783
Starting label LEVI, seed 15, iteration 740, time: 491.0594358444214
Starting label LEVI, seed 15, iteration 750, time: 499.83608770370483
Starting label LEVI, seed 15, iteration 760, time: 507.8170590400696
Starting label LEVI, seed 15, iteration 770, time: 516.4700951576233
Starting label LEVI, seed 15, iteration 780, time: 526.479944229126
Starting label LEVI, seed 15, iteration 790, time: 534.3745391368866
Starting label LEVI, seed 15, iteration 800, time: 542.6018998622894
Starting label LEVI, seed 15, iteration 810, time: 548.9155960083008
Starting label LEVI, seed 15, iteration 820, time: 557.8824234008789
Starting label LEVI, seed 15, iteration 830, time: 568.105729341507
Starting label LEVI, seed 15, iteration 840, time: 579.1825416088104
Starting label LEVI, seed 15, iteration 850, time: 588.7372660636902
Starting label LEVI, seed 15, iteration 860, time: 598.9340925216675
Starting label LEVI, seed 15, iteration 870, time: 608.7115349769592
Starting label LEVI, seed 15, iteration 880, time: 618.0499713420868
Starting label LEVI, seed 15, iteration 890, time: 627.8161158561707
Starting label LEVI, seed 15, iteration 900, time: 638.2960875034332
Starting label LEVI, seed 15, iteration 910, time: 651.5139303207397
Starting label LEVI, seed 15, iteration 920, time: 663.2504689693451
Starting label LEVI, seed 15, iteration 930, time: 675.0580649375916
Starting label LEVI, seed 15, iteration 940, time: 687.5593004226685
Starting label LEVI, seed 15, iteration 950, time: 699.0172438621521
Starting label LEVI, seed 15, iteration 960, time: 712.2622625827789
Starting label LEVI, seed 15, iteration 970, time: 724.3011255264282
Starting label LEVI, seed 15, iteration 980, time: 737.5098915100098
Starting label LEVI, seed 15, iteration 990, time: 750.2686114311218
Starting label LEVI, seed 15, iteration 1000, time: 762.6316020488739
Starting label LEVI, seed 15, iteration 1010, time: 774.8956439495087
Starting label LEVI, seed 15, iteration 1020, time: 787.6899490356445
Starting label LEVI, seed 15, iteration 1030, time: 799.791848897934
Starting label LEVI, seed 15, iteration 1040, time: 812.8221957683563
Starting label LEVI, seed 15, iteration 1050, time: 825.2405269145966
Starting label LEVI, seed 15, iteration 1060, time: 837.3568482398987
Starting label LEVI, seed 15, iteration 1070, time: 849.8618779182434
Starting label LEVI, seed 15, iteration 1080, time: 862.3276040554047
Starting label LEVI, seed 15, iteration 1090, time: 874.4683091640472
Starting label LEVI, seed 15, iteration 1100, time: 887.6570415496826
Starting label LEVI, seed 15, iteration 1110, time: 899.4820530414581
Starting label LEVI, seed 15, iteration 1120, time: 911.9940791130066
Starting label LEVI, seed 15, iteration 1130, time: 923.8404130935669
Starting label LEVI, seed 15, iteration 1140, time: 934.906133890152
Starting label LEVI, seed 15, iteration 1150, time: 946.5741732120514
Starting label LEVI, seed 15, iteration 1160, time: 956.8688666820526
Starting label LEVI, seed 15, iteration 1170, time: 968.8382868766785
Starting label LEVI, seed 15, iteration 1180, time: 980.7922923564911
Starting label LEVI, seed 15, iteration 1190, time: 989.993043422699
Starting label LEVI, seed 15, iteration 1200, time: 1000.812584400177
Starting label LEVI, seed 15, iteration 1210, time: 1010.6595499515533
Starting label LEVI, seed 15, iteration 1220, time: 1019.3005819320679
Starting label LEVI, seed 15, iteration 1230, time: 1030.0567076206207
Starting label LEVI, seed 15, iteration 1240, time: 1042.131023645401
Starting label LEVI, seed 15, iteration 1250, time: 1052.2469215393066
Starting label LEVI, seed 15, iteration 1260, time: 1063.1009330749512
Starting label LEVI, seed 15, iteration 1270, time: 1074.2726893424988
Starting label LEVI, seed 15, iteration 1280, time: 1084.7821016311646
Starting label LEVI, seed 15, iteration 1290, time: 1094.849797964096
Starting label LEVI, seed 15, iteration 1300, time: 1106.2445402145386
Starting label LEVI, seed 15, iteration 1310, time: 1117.1733078956604
Starting label LEVI, seed 15, iteration 1320, time: 1128.5106389522552
Starting label LEVI, seed 15, iteration 1330, time: 1140.5906505584717
Starting label LEVI, seed 15, iteration 1340, time: 1152.122694015503
Starting label LEVI, seed 15, iteration 1350, time: 1163.6687891483307
Starting label LEVI, seed 15, iteration 1360, time: 1175.296879529953
Starting label LEVI, seed 15, iteration 1370, time: 1185.7555096149445
Starting label LEVI, seed 15, iteration 1380, time: 1197.3802502155304
Starting label LEVI, seed 15, iteration 1390, time: 1208.714200258255
Starting label LEVI, seed 15, iteration 1400, time: 1221.7750165462494
Starting label LEVI, seed 15, iteration 1410, time: 1232.7040231227875
Starting label LEVI, seed 15, iteration 1420, time: 1244.587688446045
Starting label LEVI, seed 15, iteration 1430, time: 1255.5213794708252
Starting label LEVI, seed 15, iteration 1440, time: 1267.3349339962006
Starting label LEVI, seed 15, iteration 1450, time: 1281.2075245380402
Starting label LEVI, seed 15, iteration 1460, time: 1292.0316650867462
Starting label LEVI, seed 15, iteration 1470, time: 1305.1866791248322
Starting label LEVI, seed 15, iteration 1480, time: 1318.0140733718872
Starting label LEVI, seed 15, iteration 1490, time: 1329.3496701717377
Starting label LEVI, seed 15, iteration 1500, time: 1343.4540169239044
Starting label LEVI, seed 15, iteration 1510, time: 1354.1963164806366
Starting label LEVI, seed 15, iteration 1520, time: 1366.125271320343
Starting label LEVI, seed 15, iteration 1530, time: 1378.430107831955
Starting label LEVI, seed 15, iteration 1540, time: 1392.855951309204
Starting label LEVI, seed 15, iteration 1550, time: 1403.4230196475983
Starting label LEVI, seed 15, iteration 1560, time: 1414.6825277805328
Starting label LEVI, seed 15, iteration 1570, time: 1426.3432884216309
Starting label LEVI, seed 15, iteration 1580, time: 1437.418710231781
Starting label LEVI, seed 15, iteration 1590, time: 1447.7239100933075
Starting label LEVI, seed 15, iteration 1600, time: 1457.9227576255798
Starting label LEVI, seed 15, iteration 1610, time: 1468.214607477188
Starting label LEVI, seed 15, iteration 1620, time: 1479.5018632411957
Starting label LEVI, seed 15, iteration 1630, time: 1490.8765046596527
Starting label LEVI, seed 15, iteration 1640, time: 1503.0755815505981
Starting label LEVI, seed 15, iteration 1650, time: 1513.6391143798828
Starting label LEVI, seed 15, iteration 1660, time: 1524.7314538955688
Starting label LEVI, seed 15, iteration 1670, time: 1535.037652015686
Starting label LEVI, seed 15, iteration 1680, time: 1544.363439321518
Starting label LEVI, seed 15, iteration 1690, time: 1554.6853029727936
Starting label LEVI, seed 15, iteration 1700, time: 1564.641354560852
submitit WARNING (2022-10-02 01:49:22,414) - Bypassing signal SIGCONT
submitit WARNING (2022-10-02 01:49:22,422) - Bypassing signal SIGTERM
Starting label LEVI, seed 15, iteration 1710, time: 1575.9783999919891
Starting label LEVI, seed 15, iteration 1720, time: 1586.8655514717102
Starting label LEVI, seed 15, iteration 1730, time: 1598.1295783519745
