submitit INFO (2022-10-02 13:27:02,227) - Starting with JobEnvironment(job_id=884551_6, hostname=rush-compute-01.tech.cornell.edu, local_rank=0(1), node=0(1), global_rank=0(1))
submitit INFO (2022-10-02 13:27:02,227) - Loading pickle: /home/gid-cakmaks/contextual_rs/experiments/wsc_experiments/logs/884551_6/884551_6_submitted.pkl
Appending iterations to existing output!Warning: If parameters other than `iterations` have been changed, this will corrupt the output!
Starting label LEVI, seed 36, iteration 470, time: 330.8011271953583
Starting label LEVI, seed 36, iteration 480, time: 337.83694553375244
Starting label LEVI, seed 36, iteration 490, time: 344.45478653907776
Starting label LEVI, seed 36, iteration 500, time: 351.3646879196167
Starting label LEVI, seed 36, iteration 510, time: 358.32586574554443
Starting label LEVI, seed 36, iteration 520, time: 365.2943232059479
Starting label LEVI, seed 36, iteration 530, time: 372.3184030056
Starting label LEVI, seed 36, iteration 540, time: 379.3504686355591
Starting label LEVI, seed 36, iteration 550, time: 386.37481594085693
Starting label LEVI, seed 36, iteration 560, time: 393.63726830482483
Starting label LEVI, seed 36, iteration 570, time: 400.9409112930298
Starting label LEVI, seed 36, iteration 580, time: 408.21371126174927
Starting label LEVI, seed 36, iteration 590, time: 415.3986465930939
Starting label LEVI, seed 36, iteration 600, time: 422.6974618434906
Starting label LEVI, seed 36, iteration 610, time: 430.1400349140167
Starting label LEVI, seed 36, iteration 620, time: 437.5374753475189
Starting label LEVI, seed 36, iteration 630, time: 444.79795837402344
Starting label LEVI, seed 36, iteration 640, time: 452.4606695175171
Starting label LEVI, seed 36, iteration 650, time: 460.67877435684204
Starting label LEVI, seed 36, iteration 660, time: 468.3974335193634
Starting label LEVI, seed 36, iteration 670, time: 476.0856411457062
Starting label LEVI, seed 36, iteration 680, time: 483.6177031993866
Starting label LEVI, seed 36, iteration 690, time: 491.361115694046
Starting label LEVI, seed 36, iteration 700, time: 499.61987590789795
Starting label LEVI, seed 36, iteration 710, time: 507.76451683044434
Starting label LEVI, seed 36, iteration 720, time: 515.9953529834747
Starting label LEVI, seed 36, iteration 730, time: 524.0742833614349
Starting label LEVI, seed 36, iteration 740, time: 532.2683024406433
Starting label LEVI, seed 36, iteration 750, time: 540.7303922176361
Starting label LEVI, seed 36, iteration 760, time: 548.7438907623291
Starting label LEVI, seed 36, iteration 770, time: 557.4196326732635
Starting label LEVI, seed 36, iteration 780, time: 566.5378293991089
Starting label LEVI, seed 36, iteration 790, time: 575.7279186248779
Starting label LEVI, seed 36, iteration 800, time: 584.8786761760712
Starting label LEVI, seed 36, iteration 810, time: 594.0883235931396
Starting label LEVI, seed 36, iteration 820, time: 603.5778756141663
Starting label LEVI, seed 36, iteration 830, time: 612.3348512649536
Starting label LEVI, seed 36, iteration 840, time: 621.2477934360504
Starting label LEVI, seed 36, iteration 850, time: 630.0014500617981
Starting label LEVI, seed 36, iteration 860, time: 638.5690312385559
Starting label LEVI, seed 36, iteration 870, time: 646.9838008880615
Starting label LEVI, seed 36, iteration 880, time: 655.7200844287872
Starting label LEVI, seed 36, iteration 890, time: 664.6059403419495
Starting label LEVI, seed 36, iteration 900, time: 673.470897436142
Starting label LEVI, seed 36, iteration 910, time: 682.2709641456604
Starting label LEVI, seed 36, iteration 920, time: 690.7129335403442
Starting label LEVI, seed 36, iteration 930, time: 699.2165913581848
Starting label LEVI, seed 36, iteration 940, time: 707.6808907985687
Starting label LEVI, seed 36, iteration 950, time: 716.375951051712
Starting label LEVI, seed 36, iteration 960, time: 725.0005269050598
Starting label LEVI, seed 36, iteration 970, time: 733.6648621559143
Starting label LEVI, seed 36, iteration 980, time: 742.1882698535919
Starting label LEVI, seed 36, iteration 990, time: 750.651674747467
Starting label LEVI, seed 36, iteration 1000, time: 759.0838847160339
Starting label LEVI, seed 36, iteration 1010, time: 767.6897513866425
Starting label LEVI, seed 36, iteration 1020, time: 776.501565694809
Starting label LEVI, seed 36, iteration 1030, time: 784.5293810367584
Starting label LEVI, seed 36, iteration 1040, time: 792.6601011753082
Starting label LEVI, seed 36, iteration 1050, time: 801.1773593425751
Starting label LEVI, seed 36, iteration 1060, time: 809.2399485111237
Starting label LEVI, seed 36, iteration 1070, time: 817.3609144687653
Starting label LEVI, seed 36, iteration 1080, time: 825.5781147480011
Starting label LEVI, seed 36, iteration 1090, time: 834.0108389854431
Starting label LEVI, seed 36, iteration 1100, time: 842.138665676117
Starting label LEVI, seed 36, iteration 1110, time: 850.4962420463562
Starting label LEVI, seed 36, iteration 1120, time: 858.7840828895569
Starting label LEVI, seed 36, iteration 1130, time: 867.083160161972
Starting label LEVI, seed 36, iteration 1140, time: 875.3464517593384
Starting label LEVI, seed 36, iteration 1150, time: 883.9389133453369
Starting label LEVI, seed 36, iteration 1160, time: 892.0877945423126
Starting label LEVI, seed 36, iteration 1170, time: 900.6974341869354
Starting label LEVI, seed 36, iteration 1180, time: 908.7221803665161
Starting label LEVI, seed 36, iteration 1190, time: 917.970222234726
Starting label LEVI, seed 36, iteration 1200, time: 926.960296869278
Starting label LEVI, seed 36, iteration 1210, time: 935.4845955371857
Starting label LEVI, seed 36, iteration 1220, time: 943.8172838687897
Starting label LEVI, seed 36, iteration 1230, time: 952.3106184005737
Starting label LEVI, seed 36, iteration 1240, time: 960.9427349567413
Starting label LEVI, seed 36, iteration 1250, time: 969.0951302051544
Starting label LEVI, seed 36, iteration 1260, time: 977.4048762321472
Starting label LEVI, seed 36, iteration 1270, time: 986.0205268859863
Starting label LEVI, seed 36, iteration 1280, time: 994.8048481941223
Starting label LEVI, seed 36, iteration 1290, time: 1004.2704191207886
Starting label LEVI, seed 36, iteration 1300, time: 1013.125280380249
Starting label LEVI, seed 36, iteration 1310, time: 1021.7569668292999
Starting label LEVI, seed 36, iteration 1320, time: 1031.1535067558289
Starting label LEVI, seed 36, iteration 1330, time: 1040.1595149040222
Starting label LEVI, seed 36, iteration 1340, time: 1049.4716079235077
Starting label LEVI, seed 36, iteration 1350, time: 1057.910579919815
Starting label LEVI, seed 36, iteration 1360, time: 1065.988305091858
Starting label LEVI, seed 36, iteration 1370, time: 1074.2819781303406
Starting label LEVI, seed 36, iteration 1380, time: 1082.8258826732635
Starting label LEVI, seed 36, iteration 1390, time: 1091.590976715088
Starting label LEVI, seed 36, iteration 1400, time: 1101.2397406101227
Starting label LEVI, seed 36, iteration 1410, time: 1110.2741854190826
Starting label LEVI, seed 36, iteration 1420, time: 1119.623949766159
Starting label LEVI, seed 36, iteration 1430, time: 1129.344750404358
Starting label LEVI, seed 36, iteration 1440, time: 1137.9174168109894
Starting label LEVI, seed 36, iteration 1450, time: 1147.1983633041382
Starting label LEVI, seed 36, iteration 1460, time: 1156.4252653121948
Starting label LEVI, seed 36, iteration 1470, time: 1166.457384109497
Starting label LEVI, seed 36, iteration 1480, time: 1176.8023507595062
Starting label LEVI, seed 36, iteration 1490, time: 1187.0340416431427
Starting label LEVI, seed 36, iteration 1500, time: 1197.026743888855
Starting label LEVI, seed 36, iteration 1510, time: 1207.047236442566
Starting label LEVI, seed 36, iteration 1520, time: 1216.600144147873
Starting label LEVI, seed 36, iteration 1530, time: 1226.2759454250336
Starting label LEVI, seed 36, iteration 1540, time: 1235.8298070430756
Starting label LEVI, seed 36, iteration 1550, time: 1245.225504875183
Starting label LEVI, seed 36, iteration 1560, time: 1255.5607933998108
Starting label LEVI, seed 36, iteration 1570, time: 1266.306368112564
Starting label LEVI, seed 36, iteration 1580, time: 1276.4613032341003
Starting label LEVI, seed 36, iteration 1590, time: 1287.0320324897766
Starting label LEVI, seed 36, iteration 1600, time: 1298.0186948776245
Starting label LEVI, seed 36, iteration 1610, time: 1309.02290225029
Starting label LEVI, seed 36, iteration 1620, time: 1320.005313873291
Starting label LEVI, seed 36, iteration 1630, time: 1330.9280290603638
Starting label LEVI, seed 36, iteration 1640, time: 1342.2591443061829
Starting label LEVI, seed 36, iteration 1650, time: 1353.506590127945
Starting label LEVI, seed 36, iteration 1660, time: 1364.6114399433136
Starting label LEVI, seed 36, iteration 1670, time: 1376.0017395019531
Starting label LEVI, seed 36, iteration 1680, time: 1387.6603832244873
Starting label LEVI, seed 36, iteration 1690, time: 1398.405731678009
Starting label LEVI, seed 36, iteration 1700, time: 1408.3503472805023
Starting label LEVI, seed 36, iteration 1710, time: 1419.4877853393555
Starting label LEVI, seed 36, iteration 1720, time: 1430.7583615779877
Starting label LEVI, seed 36, iteration 1730, time: 1442.0739603042603
Starting label LEVI, seed 36, iteration 1740, time: 1453.1720683574677
Starting label LEVI, seed 36, iteration 1750, time: 1465.1094827651978
Starting label LEVI, seed 36, iteration 1760, time: 1477.3883695602417
Starting label LEVI, seed 36, iteration 1770, time: 1488.974181175232
Starting label LEVI, seed 36, iteration 1780, time: 1501.4237105846405
Starting label LEVI, seed 36, iteration 1790, time: 1512.7317941188812
Starting label LEVI, seed 36, iteration 1800, time: 1524.1792652606964
Starting label LEVI, seed 36, iteration 1810, time: 1535.6829698085785
Starting label LEVI, seed 36, iteration 1820, time: 1547.896567583084
Starting label LEVI, seed 36, iteration 1830, time: 1560.142505645752
Starting label LEVI, seed 36, iteration 1840, time: 1572.8200008869171
Starting label LEVI, seed 36, iteration 1850, time: 1584.8925392627716
Starting label LEVI, seed 36, iteration 1860, time: 1597.468237400055
Starting label LEVI, seed 36, iteration 1870, time: 1609.1064050197601
Starting label LEVI, seed 36, iteration 1880, time: 1622.474293231964
Starting label LEVI, seed 36, iteration 1890, time: 1634.472263097763
Starting label LEVI, seed 36, iteration 1900, time: 1647.0758554935455
Starting label LEVI, seed 36, iteration 1910, time: 1658.5762181282043
Starting label LEVI, seed 36, iteration 1920, time: 1670.4387242794037
Starting label LEVI, seed 36, iteration 1930, time: 1681.7733852863312
Starting label LEVI, seed 36, iteration 1940, time: 1694.1751027107239
Starting label LEVI, seed 36, iteration 1950, time: 1706.2302691936493
Starting label LEVI, seed 36, iteration 1960, time: 1718.5476396083832
Starting label LEVI, seed 36, iteration 1970, time: 1730.550609111786
Starting label LEVI, seed 36, iteration 1980, time: 1742.1023948192596
Starting label LEVI, seed 36, iteration 1990, time: 1754.3148829936981
submitit INFO (2022-10-02 13:51:01,035) - Job completed successfully
