submitit INFO (2022-10-02 00:56:25,684) - Starting with JobEnvironment(job_id=883329_4, hostname=joachims-compute-02.cs.cornell.edu, local_rank=0(1), node=0(1), global_rank=0(1))
submitit INFO (2022-10-02 00:56:25,684) - Loading pickle: /home/gid-cakmaks/contextual_rs/experiments/wsc_experiments/logs/883329_4/883329_4_submitted.pkl
Starting label LEVI, seed 14, iteration 0, time: 0.0005385875701904297
Starting label LEVI, seed 14, iteration 10, time: 2.7808918952941895
Starting label LEVI, seed 14, iteration 20, time: 5.501633644104004
Starting label LEVI, seed 14, iteration 30, time: 8.203973293304443
Starting label LEVI, seed 14, iteration 40, time: 10.863187551498413
Starting label LEVI, seed 14, iteration 50, time: 13.597816705703735
Starting label LEVI, seed 14, iteration 60, time: 16.409898281097412
Starting label LEVI, seed 14, iteration 70, time: 19.165149688720703
Starting label LEVI, seed 14, iteration 80, time: 22.010769367218018
Starting label LEVI, seed 14, iteration 90, time: 24.87768054008484
Starting label LEVI, seed 14, iteration 100, time: 27.74853825569153
Starting label LEVI, seed 14, iteration 110, time: 30.579479217529297
Starting label LEVI, seed 14, iteration 120, time: 33.506550550460815
Starting label LEVI, seed 14, iteration 130, time: 36.446396589279175
Starting label LEVI, seed 14, iteration 140, time: 39.480716943740845
Starting label LEVI, seed 14, iteration 150, time: 42.377490282058716
Starting label LEVI, seed 14, iteration 160, time: 45.245487451553345
Starting label LEVI, seed 14, iteration 170, time: 48.19980049133301
Starting label LEVI, seed 14, iteration 180, time: 51.08591914176941
Starting label LEVI, seed 14, iteration 190, time: 54.0026330947876
Starting label LEVI, seed 14, iteration 200, time: 56.92108511924744
Starting label LEVI, seed 14, iteration 210, time: 59.8923237323761
Starting label LEVI, seed 14, iteration 220, time: 62.981040954589844
Starting label LEVI, seed 14, iteration 230, time: 66.00768661499023
Starting label LEVI, seed 14, iteration 240, time: 69.03357219696045
Starting label LEVI, seed 14, iteration 250, time: 72.0966489315033
Starting label LEVI, seed 14, iteration 260, time: 75.1373200416565
Starting label LEVI, seed 14, iteration 270, time: 78.1443874835968
Starting label LEVI, seed 14, iteration 280, time: 81.17422676086426
Starting label LEVI, seed 14, iteration 290, time: 84.30165576934814
Starting label LEVI, seed 14, iteration 300, time: 87.39517331123352
Starting label LEVI, seed 14, iteration 310, time: 90.55332207679749
Starting label LEVI, seed 14, iteration 320, time: 93.65716242790222
Starting label LEVI, seed 14, iteration 330, time: 96.76564979553223
Starting label LEVI, seed 14, iteration 340, time: 99.92845249176025
Starting label LEVI, seed 14, iteration 350, time: 103.06423091888428
Starting label LEVI, seed 14, iteration 360, time: 106.17370200157166
Starting label LEVI, seed 14, iteration 370, time: 109.26178002357483
Starting label LEVI, seed 14, iteration 380, time: 112.5146791934967
Starting label LEVI, seed 14, iteration 390, time: 115.89413022994995
Starting label LEVI, seed 14, iteration 400, time: 119.11746859550476
Starting label LEVI, seed 14, iteration 410, time: 122.26932001113892
Starting label LEVI, seed 14, iteration 420, time: 125.5041663646698
Starting label LEVI, seed 14, iteration 430, time: 128.84345817565918
Starting label LEVI, seed 14, iteration 440, time: 132.15922260284424
Starting label LEVI, seed 14, iteration 450, time: 135.63388991355896
Starting label LEVI, seed 14, iteration 460, time: 139.1274037361145
Starting label LEVI, seed 14, iteration 470, time: 142.6716001033783
Starting label LEVI, seed 14, iteration 480, time: 146.19688367843628
Starting label LEVI, seed 14, iteration 490, time: 149.69471979141235
Starting label LEVI, seed 14, iteration 500, time: 153.20578289031982
Starting label LEVI, seed 14, iteration 510, time: 156.7453510761261
Starting label LEVI, seed 14, iteration 520, time: 160.34682488441467
Starting label LEVI, seed 14, iteration 530, time: 163.9255154132843
Starting label LEVI, seed 14, iteration 540, time: 167.60499739646912
Starting label LEVI, seed 14, iteration 550, time: 171.25491881370544
Starting label LEVI, seed 14, iteration 560, time: 175.40660977363586
Starting label LEVI, seed 14, iteration 570, time: 179.10715413093567
Starting label LEVI, seed 14, iteration 580, time: 182.9861512184143
Starting label LEVI, seed 14, iteration 590, time: 187.03221797943115
Starting label LEVI, seed 14, iteration 600, time: 190.95130443572998
Starting label LEVI, seed 14, iteration 610, time: 194.80706238746643
Starting label LEVI, seed 14, iteration 620, time: 199.01563596725464
Starting label LEVI, seed 14, iteration 630, time: 203.2007918357849
Starting label LEVI, seed 14, iteration 640, time: 207.30365777015686
Starting label LEVI, seed 14, iteration 650, time: 211.52021479606628
Starting label LEVI, seed 14, iteration 660, time: 215.8607587814331
Starting label LEVI, seed 14, iteration 670, time: 220.37091851234436
Starting label LEVI, seed 14, iteration 680, time: 225.042893409729
Starting label LEVI, seed 14, iteration 690, time: 229.59383416175842
Starting label LEVI, seed 14, iteration 700, time: 234.2001338005066
Starting label LEVI, seed 14, iteration 710, time: 238.94530773162842
Starting label LEVI, seed 14, iteration 720, time: 243.46349096298218
Starting label LEVI, seed 14, iteration 730, time: 248.50880312919617
Starting label LEVI, seed 14, iteration 740, time: 253.22580122947693
Starting label LEVI, seed 14, iteration 750, time: 257.8473587036133
Starting label LEVI, seed 14, iteration 760, time: 262.67492175102234
Starting label LEVI, seed 14, iteration 770, time: 267.55444955825806
Starting label LEVI, seed 14, iteration 780, time: 272.50299167633057
Starting label LEVI, seed 14, iteration 790, time: 278.239328622818
Starting label LEVI, seed 14, iteration 800, time: 283.19820523262024
Starting label LEVI, seed 14, iteration 810, time: 288.17022013664246
Starting label LEVI, seed 14, iteration 820, time: 292.8256916999817
Starting label LEVI, seed 14, iteration 830, time: 297.8493444919586
Starting label LEVI, seed 14, iteration 840, time: 302.80967116355896
Starting label LEVI, seed 14, iteration 850, time: 308.0171902179718
Starting label LEVI, seed 14, iteration 860, time: 313.21334195137024
Starting label LEVI, seed 14, iteration 870, time: 318.98211669921875
Starting label LEVI, seed 14, iteration 880, time: 323.91737270355225
Starting label LEVI, seed 14, iteration 890, time: 328.82446694374084
Starting label LEVI, seed 14, iteration 900, time: 334.44039011001587
Starting label LEVI, seed 14, iteration 910, time: 339.3861665725708
Starting label LEVI, seed 14, iteration 920, time: 344.6043264865875
Starting label LEVI, seed 14, iteration 930, time: 350.04000902175903
Starting label LEVI, seed 14, iteration 940, time: 355.6375699043274
Starting label LEVI, seed 14, iteration 950, time: 361.35530614852905
Starting label LEVI, seed 14, iteration 960, time: 367.64221477508545
Starting label LEVI, seed 14, iteration 970, time: 372.679039478302
Starting label LEVI, seed 14, iteration 980, time: 378.0370590686798
Starting label LEVI, seed 14, iteration 990, time: 383.8127646446228
Starting label LEVI, seed 14, iteration 1000, time: 390.4892556667328
Starting label LEVI, seed 14, iteration 1010, time: 396.6813428401947
Starting label LEVI, seed 14, iteration 1020, time: 403.0007929801941
Starting label LEVI, seed 14, iteration 1030, time: 409.1621072292328
Starting label LEVI, seed 14, iteration 1040, time: 415.8059341907501
Starting label LEVI, seed 14, iteration 1050, time: 421.46287631988525
Starting label LEVI, seed 14, iteration 1060, time: 428.0846800804138
Starting label LEVI, seed 14, iteration 1070, time: 434.93762946128845
Starting label LEVI, seed 14, iteration 1080, time: 442.3311941623688
Starting label LEVI, seed 14, iteration 1090, time: 449.30991220474243
Starting label LEVI, seed 14, iteration 1100, time: 456.3292980194092
Starting label LEVI, seed 14, iteration 1110, time: 464.18512535095215
Starting label LEVI, seed 14, iteration 1120, time: 471.9223909378052
Starting label LEVI, seed 14, iteration 1130, time: 478.2499408721924
Starting label LEVI, seed 14, iteration 1140, time: 486.5309987068176
Starting label LEVI, seed 14, iteration 1150, time: 494.2281723022461
Starting label LEVI, seed 14, iteration 1160, time: 502.1980576515198
Starting label LEVI, seed 14, iteration 1170, time: 509.38479447364807
Starting label LEVI, seed 14, iteration 1180, time: 516.6876318454742
Starting label LEVI, seed 14, iteration 1190, time: 524.7234129905701
Starting label LEVI, seed 14, iteration 1200, time: 533.8653147220612
Starting label LEVI, seed 14, iteration 1210, time: 543.5609121322632
Starting label LEVI, seed 14, iteration 1220, time: 552.4145224094391
Starting label LEVI, seed 14, iteration 1230, time: 561.5217587947845
Starting label LEVI, seed 14, iteration 1240, time: 568.8597710132599
Starting label LEVI, seed 14, iteration 1250, time: 577.6052281856537
Starting label LEVI, seed 14, iteration 1260, time: 586.3718001842499
Starting label LEVI, seed 14, iteration 1270, time: 595.107314825058
Starting label LEVI, seed 14, iteration 1280, time: 604.1639688014984
Starting label LEVI, seed 14, iteration 1290, time: 613.0459063053131
Starting label LEVI, seed 14, iteration 1300, time: 623.1440079212189
Starting label LEVI, seed 14, iteration 1310, time: 631.7153694629669
Starting label LEVI, seed 14, iteration 1320, time: 641.0965578556061
Starting label LEVI, seed 14, iteration 1330, time: 649.5388023853302
Starting label LEVI, seed 14, iteration 1340, time: 658.315235376358
Starting label LEVI, seed 14, iteration 1350, time: 668.6101932525635
Starting label LEVI, seed 14, iteration 1360, time: 677.9162609577179
Starting label LEVI, seed 14, iteration 1370, time: 688.6961553096771
Starting label LEVI, seed 14, iteration 1380, time: 698.6552741527557
Starting label LEVI, seed 14, iteration 1390, time: 709.9323523044586
Starting label LEVI, seed 14, iteration 1400, time: 720.872132062912
Starting label LEVI, seed 14, iteration 1410, time: 730.2216484546661
Starting label LEVI, seed 14, iteration 1420, time: 739.577314376831
Starting label LEVI, seed 14, iteration 1430, time: 750.8430263996124
Starting label LEVI, seed 14, iteration 1440, time: 761.6024136543274
Starting label LEVI, seed 14, iteration 1450, time: 774.1357805728912
Starting label LEVI, seed 14, iteration 1460, time: 786.1976044178009
Starting label LEVI, seed 14, iteration 1470, time: 799.0296289920807
Starting label LEVI, seed 14, iteration 1480, time: 809.6753516197205
Starting label LEVI, seed 14, iteration 1490, time: 821.6447701454163
Starting label LEVI, seed 14, iteration 1500, time: 833.8592369556427
Starting label LEVI, seed 14, iteration 1510, time: 847.2319457530975
Starting label LEVI, seed 14, iteration 1520, time: 857.8056893348694
Starting label LEVI, seed 14, iteration 1530, time: 868.6798708438873
Starting label LEVI, seed 14, iteration 1540, time: 882.3865644931793
Starting label LEVI, seed 14, iteration 1550, time: 895.6604797840118
Starting label LEVI, seed 14, iteration 1560, time: 909.0296609401703
Starting label LEVI, seed 14, iteration 1570, time: 922.6718423366547
Starting label LEVI, seed 14, iteration 1580, time: 936.0013418197632
Starting label LEVI, seed 14, iteration 1590, time: 948.397887468338
Starting label LEVI, seed 14, iteration 1600, time: 960.3258996009827
Starting label LEVI, seed 14, iteration 1610, time: 976.0164046287537
Starting label LEVI, seed 14, iteration 1620, time: 988.5520310401917
Starting label LEVI, seed 14, iteration 1630, time: 1002.8912630081177
Starting label LEVI, seed 14, iteration 1640, time: 1015.5275700092316
Starting label LEVI, seed 14, iteration 1650, time: 1030.3949863910675
Starting label LEVI, seed 14, iteration 1660, time: 1042.9816505908966
Starting label LEVI, seed 14, iteration 1670, time: 1057.1162421703339
Starting label LEVI, seed 14, iteration 1680, time: 1073.6200230121613
Starting label LEVI, seed 14, iteration 1690, time: 1090.0478761196136
Starting label LEVI, seed 14, iteration 1700, time: 1107.4899680614471
Starting label LEVI, seed 14, iteration 1710, time: 1122.780663728714
Starting label LEVI, seed 14, iteration 1720, time: 1138.8293507099152
Starting label LEVI, seed 14, iteration 1730, time: 1156.6784098148346
Starting label LEVI, seed 14, iteration 1740, time: 1174.5666015148163
Starting label LEVI, seed 14, iteration 1750, time: 1191.5479731559753
Starting label LEVI, seed 14, iteration 1760, time: 1208.2046089172363
Starting label LEVI, seed 14, iteration 1770, time: 1228.0539062023163
Starting label LEVI, seed 14, iteration 1780, time: 1246.6910984516144
Starting label LEVI, seed 14, iteration 1790, time: 1262.088684797287
Starting label LEVI, seed 14, iteration 1800, time: 1282.0787382125854
Starting label LEVI, seed 14, iteration 1810, time: 1300.2765040397644
Starting label LEVI, seed 14, iteration 1820, time: 1316.9852092266083
Starting label LEVI, seed 14, iteration 1830, time: 1337.1318893432617
Starting label LEVI, seed 14, iteration 1840, time: 1354.0720798969269
Starting label LEVI, seed 14, iteration 1850, time: 1374.7094039916992
Starting label LEVI, seed 14, iteration 1860, time: 1396.3676989078522
Starting label LEVI, seed 14, iteration 1870, time: 1415.752742767334
Starting label LEVI, seed 14, iteration 1880, time: 1437.3505160808563
Starting label LEVI, seed 14, iteration 1890, time: 1457.2569916248322
Starting label LEVI, seed 14, iteration 1900, time: 1473.2072303295135
Starting label LEVI, seed 14, iteration 1910, time: 1489.2221047878265
Starting label LEVI, seed 14, iteration 1920, time: 1509.4379975795746
Starting label LEVI, seed 14, iteration 1930, time: 1530.15034365654
Starting label LEVI, seed 14, iteration 1940, time: 1547.3784351348877
Starting label LEVI, seed 14, iteration 1950, time: 1564.5958106517792
submitit WARNING (2022-10-02 01:22:36,109) - Bypassing signal SIGCONT
submitit WARNING (2022-10-02 01:22:36,117) - Bypassing signal SIGTERM
Starting label LEVI, seed 14, iteration 1960, time: 1585.8646416664124
