submitit INFO (2022-10-02 13:27:02,227) - Starting with JobEnvironment(job_id=884551_8, hostname=rush-compute-01.tech.cornell.edu, local_rank=0(1), node=0(1), global_rank=0(1))
submitit INFO (2022-10-02 13:27:02,227) - Loading pickle: /home/gid-cakmaks/contextual_rs/experiments/wsc_experiments/logs/884551_8/884551_8_submitted.pkl
Appending iterations to existing output!Warning: If parameters other than `iterations` have been changed, this will corrupt the output!
Starting label LEVI, seed 38, iteration 510, time: 326.89532995224
Starting label LEVI, seed 38, iteration 520, time: 333.3575358390808
Starting label LEVI, seed 38, iteration 530, time: 339.99585723876953
Starting label LEVI, seed 38, iteration 540, time: 346.6699655056
Starting label LEVI, seed 38, iteration 550, time: 353.5108571052551
Starting label LEVI, seed 38, iteration 560, time: 360.73806262016296
Starting label LEVI, seed 38, iteration 570, time: 367.7231845855713
Starting label LEVI, seed 38, iteration 580, time: 374.7957065105438
Starting label LEVI, seed 38, iteration 590, time: 382.0626571178436
Starting label LEVI, seed 38, iteration 600, time: 388.7802565097809
Starting label LEVI, seed 38, iteration 610, time: 395.9480583667755
Starting label LEVI, seed 38, iteration 620, time: 402.9217703342438
Starting label LEVI, seed 38, iteration 630, time: 410.13154697418213
Starting label LEVI, seed 38, iteration 640, time: 417.2800078392029
Starting label LEVI, seed 38, iteration 650, time: 424.70843982696533
Starting label LEVI, seed 38, iteration 660, time: 432.07814502716064
Starting label LEVI, seed 38, iteration 670, time: 439.266352891922
Starting label LEVI, seed 38, iteration 680, time: 446.4740478992462
Starting label LEVI, seed 38, iteration 690, time: 456.1475191116333
Starting label LEVI, seed 38, iteration 700, time: 464.43485498428345
Starting label LEVI, seed 38, iteration 710, time: 473.117627620697
Starting label LEVI, seed 38, iteration 720, time: 481.4865152835846
Starting label LEVI, seed 38, iteration 730, time: 493.054562330246
Starting label LEVI, seed 38, iteration 740, time: 504.17339968681335
Starting label LEVI, seed 38, iteration 750, time: 514.8307433128357
Starting label LEVI, seed 38, iteration 760, time: 524.3903167247772
Starting label LEVI, seed 38, iteration 770, time: 535.4837467670441
Starting label LEVI, seed 38, iteration 780, time: 546.1807930469513
Starting label LEVI, seed 38, iteration 790, time: 559.869786977768
Starting label LEVI, seed 38, iteration 800, time: 572.3672118186951
Starting label LEVI, seed 38, iteration 810, time: 584.8237352371216
Starting label LEVI, seed 38, iteration 820, time: 597.9210171699524
Starting label LEVI, seed 38, iteration 830, time: 608.4717836380005
Starting label LEVI, seed 38, iteration 840, time: 619.8193182945251
Starting label LEVI, seed 38, iteration 850, time: 630.211017370224
Starting label LEVI, seed 38, iteration 860, time: 640.8384013175964
Starting label LEVI, seed 38, iteration 870, time: 653.2117178440094
Starting label LEVI, seed 38, iteration 880, time: 665.2034804821014
Starting label LEVI, seed 38, iteration 890, time: 676.4131097793579
Starting label LEVI, seed 38, iteration 900, time: 685.709264755249
Starting label LEVI, seed 38, iteration 910, time: 695.6105058193207
Starting label LEVI, seed 38, iteration 920, time: 704.5720827579498
Starting label LEVI, seed 38, iteration 930, time: 713.6585490703583
Starting label LEVI, seed 38, iteration 940, time: 722.6371078491211
Starting label LEVI, seed 38, iteration 950, time: 730.892153263092
Starting label LEVI, seed 38, iteration 960, time: 739.4456050395966
Starting label LEVI, seed 38, iteration 970, time: 747.5694742202759
Starting label LEVI, seed 38, iteration 980, time: 755.6764316558838
Starting label LEVI, seed 38, iteration 990, time: 764.372832775116
Starting label LEVI, seed 38, iteration 1000, time: 773.0253689289093
Starting label LEVI, seed 38, iteration 1010, time: 781.2646450996399
Starting label LEVI, seed 38, iteration 1020, time: 789.5455501079559
Starting label LEVI, seed 38, iteration 1030, time: 797.697199344635
Starting label LEVI, seed 38, iteration 1040, time: 805.8183171749115
Starting label LEVI, seed 38, iteration 1050, time: 814.4415652751923
Starting label LEVI, seed 38, iteration 1060, time: 822.667622089386
Starting label LEVI, seed 38, iteration 1070, time: 830.8187305927277
Starting label LEVI, seed 38, iteration 1080, time: 838.6645174026489
Starting label LEVI, seed 38, iteration 1090, time: 846.6244325637817
Starting label LEVI, seed 38, iteration 1100, time: 854.6893165111542
Starting label LEVI, seed 38, iteration 1110, time: 863.5064227581024
Starting label LEVI, seed 38, iteration 1120, time: 872.1875531673431
Starting label LEVI, seed 38, iteration 1130, time: 880.5960245132446
Starting label LEVI, seed 38, iteration 1140, time: 889.3883197307587
Starting label LEVI, seed 38, iteration 1150, time: 898.0853319168091
Starting label LEVI, seed 38, iteration 1160, time: 906.6270749568939
Starting label LEVI, seed 38, iteration 1170, time: 915.3033308982849
Starting label LEVI, seed 38, iteration 1180, time: 923.8191521167755
Starting label LEVI, seed 38, iteration 1190, time: 932.2238640785217
Starting label LEVI, seed 38, iteration 1200, time: 940.7878215312958
Starting label LEVI, seed 38, iteration 1210, time: 949.3083844184875
Starting label LEVI, seed 38, iteration 1220, time: 957.815847158432
Starting label LEVI, seed 38, iteration 1230, time: 966.2261142730713
Starting label LEVI, seed 38, iteration 1240, time: 975.4609146118164
Starting label LEVI, seed 38, iteration 1250, time: 984.7848432064056
Starting label LEVI, seed 38, iteration 1260, time: 993.7115461826324
Starting label LEVI, seed 38, iteration 1270, time: 1002.5184781551361
Starting label LEVI, seed 38, iteration 1280, time: 1010.950535774231
Starting label LEVI, seed 38, iteration 1290, time: 1019.7902019023895
Starting label LEVI, seed 38, iteration 1300, time: 1028.3459236621857
Starting label LEVI, seed 38, iteration 1310, time: 1037.0716755390167
Starting label LEVI, seed 38, iteration 1320, time: 1045.9300286769867
Starting label LEVI, seed 38, iteration 1330, time: 1055.3097643852234
Starting label LEVI, seed 38, iteration 1340, time: 1064.9904780387878
Starting label LEVI, seed 38, iteration 1350, time: 1074.530155658722
Starting label LEVI, seed 38, iteration 1360, time: 1084.161775112152
Starting label LEVI, seed 38, iteration 1370, time: 1093.8271491527557
Starting label LEVI, seed 38, iteration 1380, time: 1103.19690990448
Starting label LEVI, seed 38, iteration 1390, time: 1112.8718988895416
Starting label LEVI, seed 38, iteration 1400, time: 1122.1443934440613
Starting label LEVI, seed 38, iteration 1410, time: 1131.9766981601715
Starting label LEVI, seed 38, iteration 1420, time: 1141.5415422916412
Starting label LEVI, seed 38, iteration 1430, time: 1151.5560593605042
Starting label LEVI, seed 38, iteration 1440, time: 1165.1134088039398
Starting label LEVI, seed 38, iteration 1450, time: 1179.0434815883636
Starting label LEVI, seed 38, iteration 1460, time: 1193.1907126903534
Starting label LEVI, seed 38, iteration 1470, time: 1205.3866777420044
Starting label LEVI, seed 38, iteration 1480, time: 1216.9971935749054
Starting label LEVI, seed 38, iteration 1490, time: 1229.3636343479156
Starting label LEVI, seed 38, iteration 1500, time: 1242.7652282714844
Starting label LEVI, seed 38, iteration 1510, time: 1255.968561887741
Starting label LEVI, seed 38, iteration 1520, time: 1269.4114909172058
Starting label LEVI, seed 38, iteration 1530, time: 1284.0745735168457
Starting label LEVI, seed 38, iteration 1540, time: 1297.7691540718079
Starting label LEVI, seed 38, iteration 1550, time: 1312.2879049777985
Starting label LEVI, seed 38, iteration 1560, time: 1326.899109363556
Starting label LEVI, seed 38, iteration 1570, time: 1341.7938358783722
Starting label LEVI, seed 38, iteration 1580, time: 1356.492597579956
Starting label LEVI, seed 38, iteration 1590, time: 1369.7612414360046
Starting label LEVI, seed 38, iteration 1600, time: 1382.0595288276672
Starting label LEVI, seed 38, iteration 1610, time: 1395.6605019569397
Starting label LEVI, seed 38, iteration 1620, time: 1408.941517829895
Starting label LEVI, seed 38, iteration 1630, time: 1423.4129447937012
Starting label LEVI, seed 38, iteration 1640, time: 1437.359284877777
Starting label LEVI, seed 38, iteration 1650, time: 1451.9807057380676
Starting label LEVI, seed 38, iteration 1660, time: 1465.6286163330078
Starting label LEVI, seed 38, iteration 1670, time: 1478.890648841858
Starting label LEVI, seed 38, iteration 1680, time: 1493.864705324173
Starting label LEVI, seed 38, iteration 1690, time: 1507.2744224071503
Starting label LEVI, seed 38, iteration 1700, time: 1522.5719425678253
Starting label LEVI, seed 38, iteration 1710, time: 1539.4587943553925
Starting label LEVI, seed 38, iteration 1720, time: 1555.559453010559
Starting label LEVI, seed 38, iteration 1730, time: 1572.7965168952942
Starting label LEVI, seed 38, iteration 1740, time: 1588.5365023612976
Starting label LEVI, seed 38, iteration 1750, time: 1607.736819267273
Starting label LEVI, seed 38, iteration 1760, time: 1626.3978049755096
Starting label LEVI, seed 38, iteration 1770, time: 1643.9565551280975
Starting label LEVI, seed 38, iteration 1780, time: 1661.646740913391
Starting label LEVI, seed 38, iteration 1790, time: 1677.8182582855225
Starting label LEVI, seed 38, iteration 1800, time: 1694.002346754074
Starting label LEVI, seed 38, iteration 1810, time: 1711.8574132919312
Starting label LEVI, seed 38, iteration 1820, time: 1732.8499295711517
Starting label LEVI, seed 38, iteration 1830, time: 1749.9784314632416
Starting label LEVI, seed 38, iteration 1840, time: 1774.1212902069092
Starting label LEVI, seed 38, iteration 1850, time: 1792.8089649677277
Starting label LEVI, seed 38, iteration 1860, time: 1809.9544079303741
Starting label LEVI, seed 38, iteration 1870, time: 1828.441927433014
Starting label LEVI, seed 38, iteration 1880, time: 1842.8125042915344
Starting label LEVI, seed 38, iteration 1890, time: 1859.4096384048462
Starting label LEVI, seed 38, iteration 1900, time: 1878.5288105010986
Starting label LEVI, seed 38, iteration 1910, time: 1893.0773315429688
Starting label LEVI, seed 38, iteration 1920, time: 1910.8617279529572
Starting label LEVI, seed 38, iteration 1930, time: 1929.064869403839
Starting label LEVI, seed 38, iteration 1940, time: 1946.2128732204437
Starting label LEVI, seed 38, iteration 1950, time: 1962.7492063045502
Starting label LEVI, seed 38, iteration 1960, time: 1980.6656901836395
Starting label LEVI, seed 38, iteration 1970, time: 1997.277755022049
Starting label LEVI, seed 38, iteration 1980, time: 2013.1532781124115
Starting label LEVI, seed 38, iteration 1990, time: 2031.2435810565948
submitit INFO (2022-10-02 13:55:46,392) - Job completed successfully
