submitit INFO (2022-10-02 00:56:36,233) - Starting with JobEnvironment(job_id=883357_2, hostname=coecis-compute-01.coecis.cornell.edu, local_rank=0(1), node=0(1), global_rank=0(1))
submitit INFO (2022-10-02 00:56:36,234) - Loading pickle: /home/gid-cakmaks/contextual_rs/experiments/wsc_experiments/logs/883357_2/883357_2_submitted.pkl
Starting label LEVI, seed 32, iteration 0, time: 0.03039860725402832
Starting label LEVI, seed 32, iteration 10, time: 3.233206272125244
Starting label LEVI, seed 32, iteration 20, time: 6.304842233657837
Starting label LEVI, seed 32, iteration 30, time: 9.394088983535767
Starting label LEVI, seed 32, iteration 40, time: 12.463605642318726
Starting label LEVI, seed 32, iteration 50, time: 15.545371294021606
Starting label LEVI, seed 32, iteration 60, time: 18.73588252067566
Starting label LEVI, seed 32, iteration 70, time: 21.800972938537598
Starting label LEVI, seed 32, iteration 80, time: 24.834137201309204
Starting label LEVI, seed 32, iteration 90, time: 27.862202405929565
Starting label LEVI, seed 32, iteration 100, time: 30.892627716064453
Starting label LEVI, seed 32, iteration 110, time: 33.9083206653595
Starting label LEVI, seed 32, iteration 120, time: 37.04080581665039
Starting label LEVI, seed 32, iteration 130, time: 40.09329342842102
Starting label LEVI, seed 32, iteration 140, time: 43.233187437057495
Starting label LEVI, seed 32, iteration 150, time: 46.36448073387146
Starting label LEVI, seed 32, iteration 160, time: 49.46039938926697
Starting label LEVI, seed 32, iteration 170, time: 52.67610812187195
Starting label LEVI, seed 32, iteration 180, time: 55.82202935218811
Starting label LEVI, seed 32, iteration 190, time: 58.98083424568176
Starting label LEVI, seed 32, iteration 200, time: 62.20642113685608
Starting label LEVI, seed 32, iteration 210, time: 65.3932614326477
Starting label LEVI, seed 32, iteration 220, time: 68.73417448997498
Starting label LEVI, seed 32, iteration 230, time: 72.63762998580933
Starting label LEVI, seed 32, iteration 240, time: 76.389972448349
Starting label LEVI, seed 32, iteration 250, time: 81.36622524261475
Starting label LEVI, seed 32, iteration 260, time: 85.57148599624634
Starting label LEVI, seed 32, iteration 270, time: 90.13516640663147
Starting label LEVI, seed 32, iteration 280, time: 94.59459948539734
Starting label LEVI, seed 32, iteration 290, time: 99.2914412021637
Starting label LEVI, seed 32, iteration 300, time: 103.66247868537903
Starting label LEVI, seed 32, iteration 310, time: 107.18847322463989
Starting label LEVI, seed 32, iteration 320, time: 110.8142442703247
Starting label LEVI, seed 32, iteration 330, time: 115.39767241477966
Starting label LEVI, seed 32, iteration 340, time: 120.05970740318298
Starting label LEVI, seed 32, iteration 350, time: 124.79701375961304
Starting label LEVI, seed 32, iteration 360, time: 129.2773883342743
Starting label LEVI, seed 32, iteration 370, time: 133.75320172309875
Starting label LEVI, seed 32, iteration 380, time: 138.08259892463684
Starting label LEVI, seed 32, iteration 390, time: 142.2370264530182
Starting label LEVI, seed 32, iteration 400, time: 146.6261043548584
Starting label LEVI, seed 32, iteration 410, time: 151.81838297843933
Starting label LEVI, seed 32, iteration 420, time: 156.8060004711151
Starting label LEVI, seed 32, iteration 430, time: 161.35094094276428
Starting label LEVI, seed 32, iteration 440, time: 166.33682560920715
Starting label LEVI, seed 32, iteration 450, time: 171.12711119651794
Starting label LEVI, seed 32, iteration 460, time: 175.76282954216003
Starting label LEVI, seed 32, iteration 470, time: 180.70169305801392
Starting label LEVI, seed 32, iteration 480, time: 185.61054944992065
Starting label LEVI, seed 32, iteration 490, time: 190.7116425037384
Starting label LEVI, seed 32, iteration 500, time: 195.83408784866333
Starting label LEVI, seed 32, iteration 510, time: 201.09871172904968
Starting label LEVI, seed 32, iteration 520, time: 206.21075773239136
Starting label LEVI, seed 32, iteration 530, time: 211.5341694355011
Starting label LEVI, seed 32, iteration 540, time: 216.92451238632202
Starting label LEVI, seed 32, iteration 550, time: 222.1444993019104
Starting label LEVI, seed 32, iteration 560, time: 227.51494884490967
Starting label LEVI, seed 32, iteration 570, time: 232.55608201026917
Starting label LEVI, seed 32, iteration 580, time: 237.83239769935608
Starting label LEVI, seed 32, iteration 590, time: 243.34101724624634
Starting label LEVI, seed 32, iteration 600, time: 248.74031782150269
Starting label LEVI, seed 32, iteration 610, time: 253.57315731048584
Starting label LEVI, seed 32, iteration 620, time: 259.02238178253174
Starting label LEVI, seed 32, iteration 630, time: 264.63074564933777
Starting label LEVI, seed 32, iteration 640, time: 270.33557391166687
Starting label LEVI, seed 32, iteration 650, time: 275.6346833705902
Starting label LEVI, seed 32, iteration 660, time: 281.93078207969666
Starting label LEVI, seed 32, iteration 670, time: 286.9805762767792
Starting label LEVI, seed 32, iteration 680, time: 292.5752274990082
Starting label LEVI, seed 32, iteration 690, time: 298.0497899055481
Starting label LEVI, seed 32, iteration 700, time: 303.81354236602783
Starting label LEVI, seed 32, iteration 710, time: 309.54491543769836
Starting label LEVI, seed 32, iteration 720, time: 314.95406556129456
Starting label LEVI, seed 32, iteration 730, time: 321.07145380973816
Starting label LEVI, seed 32, iteration 740, time: 327.28237867355347
Starting label LEVI, seed 32, iteration 750, time: 333.48207235336304
Starting label LEVI, seed 32, iteration 760, time: 340.1040415763855
Starting label LEVI, seed 32, iteration 770, time: 346.59469509124756
Starting label LEVI, seed 32, iteration 780, time: 352.8909206390381
Starting label LEVI, seed 32, iteration 790, time: 359.2650902271271
Starting label LEVI, seed 32, iteration 800, time: 365.8670485019684
Starting label LEVI, seed 32, iteration 810, time: 373.3951597213745
Starting label LEVI, seed 32, iteration 820, time: 380.62174463272095
Starting label LEVI, seed 32, iteration 830, time: 387.5235435962677
Starting label LEVI, seed 32, iteration 840, time: 394.8252067565918
Starting label LEVI, seed 32, iteration 850, time: 402.41682624816895
Starting label LEVI, seed 32, iteration 860, time: 409.83973503112793
Starting label LEVI, seed 32, iteration 870, time: 416.6560363769531
Starting label LEVI, seed 32, iteration 880, time: 424.2669961452484
Starting label LEVI, seed 32, iteration 890, time: 431.42820477485657
Starting label LEVI, seed 32, iteration 900, time: 439.26721477508545
Starting label LEVI, seed 32, iteration 910, time: 447.36569237709045
Starting label LEVI, seed 32, iteration 920, time: 455.90026235580444
Starting label LEVI, seed 32, iteration 930, time: 463.16998648643494
Starting label LEVI, seed 32, iteration 940, time: 470.3738980293274
Starting label LEVI, seed 32, iteration 950, time: 478.5363073348999
Starting label LEVI, seed 32, iteration 960, time: 485.4734854698181
Starting label LEVI, seed 32, iteration 970, time: 492.7898962497711
Starting label LEVI, seed 32, iteration 980, time: 500.57500076293945
Starting label LEVI, seed 32, iteration 990, time: 507.8137946128845
Starting label LEVI, seed 32, iteration 1000, time: 517.4222929477692
Starting label LEVI, seed 32, iteration 1010, time: 525.2127649784088
Starting label LEVI, seed 32, iteration 1020, time: 533.459468126297
Starting label LEVI, seed 32, iteration 1030, time: 541.8637225627899
Starting label LEVI, seed 32, iteration 1040, time: 549.5365166664124
Starting label LEVI, seed 32, iteration 1050, time: 558.5141754150391
Starting label LEVI, seed 32, iteration 1060, time: 567.3758246898651
Starting label LEVI, seed 32, iteration 1070, time: 575.6079139709473
Starting label LEVI, seed 32, iteration 1080, time: 584.1470518112183
Starting label LEVI, seed 32, iteration 1090, time: 592.5536978244781
Starting label LEVI, seed 32, iteration 1100, time: 601.3836591243744
Starting label LEVI, seed 32, iteration 1110, time: 610.4269125461578
Starting label LEVI, seed 32, iteration 1120, time: 620.4152212142944
Starting label LEVI, seed 32, iteration 1130, time: 631.9816439151764
Starting label LEVI, seed 32, iteration 1140, time: 643.6931185722351
Starting label LEVI, seed 32, iteration 1150, time: 653.2036476135254
Starting label LEVI, seed 32, iteration 1160, time: 662.9662346839905
Starting label LEVI, seed 32, iteration 1170, time: 675.5368511676788
Starting label LEVI, seed 32, iteration 1180, time: 686.6539676189423
Starting label LEVI, seed 32, iteration 1190, time: 697.9794015884399
Starting label LEVI, seed 32, iteration 1200, time: 708.7245125770569
Starting label LEVI, seed 32, iteration 1210, time: 718.6050615310669
Starting label LEVI, seed 32, iteration 1220, time: 728.6363980770111
Starting label LEVI, seed 32, iteration 1230, time: 740.3822450637817
Starting label LEVI, seed 32, iteration 1240, time: 752.2151424884796
Starting label LEVI, seed 32, iteration 1250, time: 765.3261687755585
Starting label LEVI, seed 32, iteration 1260, time: 778.3199100494385
Starting label LEVI, seed 32, iteration 1270, time: 790.9584002494812
Starting label LEVI, seed 32, iteration 1280, time: 802.0613434314728
Starting label LEVI, seed 32, iteration 1290, time: 814.804071187973
Starting label LEVI, seed 32, iteration 1300, time: 826.4838364124298
Starting label LEVI, seed 32, iteration 1310, time: 838.2615909576416
Starting label LEVI, seed 32, iteration 1320, time: 852.1911022663116
Starting label LEVI, seed 32, iteration 1330, time: 864.019061088562
Starting label LEVI, seed 32, iteration 1340, time: 875.910475730896
Starting label LEVI, seed 32, iteration 1350, time: 888.6107585430145
Starting label LEVI, seed 32, iteration 1360, time: 900.6027481555939
Starting label LEVI, seed 32, iteration 1370, time: 912.6386833190918
Starting label LEVI, seed 32, iteration 1380, time: 925.993150472641
Starting label LEVI, seed 32, iteration 1390, time: 938.5327577590942
Starting label LEVI, seed 32, iteration 1400, time: 954.3007736206055
Starting label LEVI, seed 32, iteration 1410, time: 966.5937993526459
Starting label LEVI, seed 32, iteration 1420, time: 982.7162091732025
Starting label LEVI, seed 32, iteration 1430, time: 995.9584283828735
Starting label LEVI, seed 32, iteration 1440, time: 1012.1694557666779
Starting label LEVI, seed 32, iteration 1450, time: 1027.412849664688
Starting label LEVI, seed 32, iteration 1460, time: 1044.8965702056885
Starting label LEVI, seed 32, iteration 1470, time: 1061.5975346565247
Starting label LEVI, seed 32, iteration 1480, time: 1075.129548072815
Starting label LEVI, seed 32, iteration 1490, time: 1091.5154557228088
Starting label LEVI, seed 32, iteration 1500, time: 1105.592987537384
Starting label LEVI, seed 32, iteration 1510, time: 1123.036380290985
Starting label LEVI, seed 32, iteration 1520, time: 1138.4409201145172
Starting label LEVI, seed 32, iteration 1530, time: 1157.295113325119
Starting label LEVI, seed 32, iteration 1540, time: 1174.8983590602875
Starting label LEVI, seed 32, iteration 1550, time: 1191.2997143268585
Starting label LEVI, seed 32, iteration 1560, time: 1208.6261839866638
Starting label LEVI, seed 32, iteration 1570, time: 1226.0222198963165
Starting label LEVI, seed 32, iteration 1580, time: 1245.7214653491974
Starting label LEVI, seed 32, iteration 1590, time: 1266.3747670650482
Starting label LEVI, seed 32, iteration 1600, time: 1287.8707747459412
Starting label LEVI, seed 32, iteration 1610, time: 1305.614690065384
Starting label LEVI, seed 32, iteration 1620, time: 1326.30517911911
Starting label LEVI, seed 32, iteration 1630, time: 1344.9173092842102
Starting label LEVI, seed 32, iteration 1640, time: 1366.7657639980316
Starting label LEVI, seed 32, iteration 1650, time: 1385.9721102714539
Starting label LEVI, seed 32, iteration 1660, time: 1407.4640245437622
Starting label LEVI, seed 32, iteration 1670, time: 1429.036633014679
Starting label LEVI, seed 32, iteration 1680, time: 1448.6334159374237
Starting label LEVI, seed 32, iteration 1690, time: 1467.8282210826874
Starting label LEVI, seed 32, iteration 1700, time: 1491.6149716377258
Starting label LEVI, seed 32, iteration 1710, time: 1512.3080394268036
Starting label LEVI, seed 32, iteration 1720, time: 1538.4443619251251
submitit WARNING (2022-10-02 01:22:36,249) - Bypassing signal SIGTERM
submitit WARNING (2022-10-02 01:22:36,249) - Bypassing signal SIGCONT
Starting label LEVI, seed 32, iteration 1730, time: 1566.3998172283173
