submitit INFO (2022-10-02 00:56:46,197) - Starting with JobEnvironment(job_id=883367_1, hostname=lecun.cs.cornell.edu, local_rank=0(1), node=0(1), global_rank=0(1))
submitit INFO (2022-10-02 00:56:46,198) - Loading pickle: /home/gid-cakmaks/contextual_rs/experiments/wsc_experiments/logs/883367_1/883367_1_submitted.pkl
Starting label LEVI, seed 41, iteration 0, time: 0.020817041397094727
Starting label LEVI, seed 41, iteration 10, time: 3.709991931915283
Starting label LEVI, seed 41, iteration 20, time: 6.1314697265625
Starting label LEVI, seed 41, iteration 30, time: 8.45719051361084
Starting label LEVI, seed 41, iteration 40, time: 10.847937107086182
Starting label LEVI, seed 41, iteration 50, time: 13.220741987228394
Starting label LEVI, seed 41, iteration 60, time: 15.67319130897522
Starting label LEVI, seed 41, iteration 70, time: 18.0510413646698
Starting label LEVI, seed 41, iteration 80, time: 20.441383838653564
Starting label LEVI, seed 41, iteration 90, time: 22.838464975357056
Starting label LEVI, seed 41, iteration 100, time: 25.246376752853394
Starting label LEVI, seed 41, iteration 110, time: 27.616734504699707
Starting label LEVI, seed 41, iteration 120, time: 30.004772424697876
Starting label LEVI, seed 41, iteration 130, time: 32.403104305267334
Starting label LEVI, seed 41, iteration 140, time: 34.966519355773926
Starting label LEVI, seed 41, iteration 150, time: 37.42336678504944
Starting label LEVI, seed 41, iteration 160, time: 40.016358375549316
Starting label LEVI, seed 41, iteration 170, time: 42.55498170852661
Starting label LEVI, seed 41, iteration 180, time: 45.125633239746094
Starting label LEVI, seed 41, iteration 190, time: 47.753478050231934
Starting label LEVI, seed 41, iteration 200, time: 50.39964556694031
Starting label LEVI, seed 41, iteration 210, time: 53.05505847930908
Starting label LEVI, seed 41, iteration 220, time: 55.71656250953674
Starting label LEVI, seed 41, iteration 230, time: 58.54676604270935
Starting label LEVI, seed 41, iteration 240, time: 61.06048655509949
Starting label LEVI, seed 41, iteration 250, time: 63.70873403549194
Starting label LEVI, seed 41, iteration 260, time: 66.46720123291016
Starting label LEVI, seed 41, iteration 270, time: 69.02505946159363
Starting label LEVI, seed 41, iteration 280, time: 71.5782573223114
Starting label LEVI, seed 41, iteration 290, time: 74.08760380744934
Starting label LEVI, seed 41, iteration 300, time: 76.62753415107727
Starting label LEVI, seed 41, iteration 310, time: 80.5791506767273
Starting label LEVI, seed 41, iteration 320, time: 83.20198440551758
Starting label LEVI, seed 41, iteration 330, time: 85.8450984954834
Starting label LEVI, seed 41, iteration 340, time: 88.48413872718811
Starting label LEVI, seed 41, iteration 350, time: 91.14017081260681
Starting label LEVI, seed 41, iteration 360, time: 93.83603310585022
Starting label LEVI, seed 41, iteration 370, time: 96.58062982559204
Starting label LEVI, seed 41, iteration 380, time: 99.30657005310059
Starting label LEVI, seed 41, iteration 390, time: 102.99666452407837
Starting label LEVI, seed 41, iteration 400, time: 105.83824396133423
Starting label LEVI, seed 41, iteration 410, time: 108.73964977264404
Starting label LEVI, seed 41, iteration 420, time: 111.4303412437439
Starting label LEVI, seed 41, iteration 430, time: 114.24089574813843
Starting label LEVI, seed 41, iteration 440, time: 116.93242621421814
Starting label LEVI, seed 41, iteration 450, time: 119.65352368354797
Starting label LEVI, seed 41, iteration 460, time: 122.53116011619568
Starting label LEVI, seed 41, iteration 470, time: 125.55066895484924
Starting label LEVI, seed 41, iteration 480, time: 128.40471267700195
Starting label LEVI, seed 41, iteration 490, time: 131.25202250480652
Starting label LEVI, seed 41, iteration 500, time: 134.09278655052185
Starting label LEVI, seed 41, iteration 510, time: 137.00223970413208
Starting label LEVI, seed 41, iteration 520, time: 139.9516749382019
Starting label LEVI, seed 41, iteration 530, time: 142.95292854309082
Starting label LEVI, seed 41, iteration 540, time: 146.2105803489685
Starting label LEVI, seed 41, iteration 550, time: 149.37416791915894
Starting label LEVI, seed 41, iteration 560, time: 152.5152280330658
Starting label LEVI, seed 41, iteration 570, time: 155.79129672050476
Starting label LEVI, seed 41, iteration 580, time: 159.0904574394226
Starting label LEVI, seed 41, iteration 590, time: 162.316570520401
Starting label LEVI, seed 41, iteration 600, time: 165.48071765899658
Starting label LEVI, seed 41, iteration 610, time: 169.2565894126892
Starting label LEVI, seed 41, iteration 620, time: 173.0105710029602
Starting label LEVI, seed 41, iteration 630, time: 176.85941457748413
Starting label LEVI, seed 41, iteration 640, time: 180.72656178474426
Starting label LEVI, seed 41, iteration 650, time: 184.89185857772827
Starting label LEVI, seed 41, iteration 660, time: 188.89046454429626
Starting label LEVI, seed 41, iteration 670, time: 193.13660430908203
Starting label LEVI, seed 41, iteration 680, time: 197.49367022514343
Starting label LEVI, seed 41, iteration 690, time: 201.27503871917725
Starting label LEVI, seed 41, iteration 700, time: 205.15771555900574
Starting label LEVI, seed 41, iteration 710, time: 209.3459722995758
Starting label LEVI, seed 41, iteration 720, time: 213.32980060577393
Starting label LEVI, seed 41, iteration 730, time: 217.33231258392334
Starting label LEVI, seed 41, iteration 740, time: 221.36098098754883
Starting label LEVI, seed 41, iteration 750, time: 225.9779407978058
Starting label LEVI, seed 41, iteration 760, time: 230.16350603103638
Starting label LEVI, seed 41, iteration 770, time: 234.90059852600098
Starting label LEVI, seed 41, iteration 780, time: 239.33744359016418
Starting label LEVI, seed 41, iteration 790, time: 244.18720817565918
Starting label LEVI, seed 41, iteration 800, time: 249.07544136047363
Starting label LEVI, seed 41, iteration 810, time: 253.7053062915802
Starting label LEVI, seed 41, iteration 820, time: 258.44557213783264
Starting label LEVI, seed 41, iteration 830, time: 263.29765725135803
Starting label LEVI, seed 41, iteration 840, time: 268.33768582344055
Starting label LEVI, seed 41, iteration 850, time: 273.4760091304779
Starting label LEVI, seed 41, iteration 860, time: 278.38041162490845
Starting label LEVI, seed 41, iteration 870, time: 283.3601472377777
Starting label LEVI, seed 41, iteration 880, time: 288.600289106369
Starting label LEVI, seed 41, iteration 890, time: 293.7462468147278
Starting label LEVI, seed 41, iteration 900, time: 298.4414119720459
Starting label LEVI, seed 41, iteration 910, time: 303.8746223449707
Starting label LEVI, seed 41, iteration 920, time: 309.5359947681427
Starting label LEVI, seed 41, iteration 930, time: 315.2075343132019
Starting label LEVI, seed 41, iteration 940, time: 320.6315567493439
Starting label LEVI, seed 41, iteration 950, time: 325.7910108566284
Starting label LEVI, seed 41, iteration 960, time: 332.425390958786
Starting label LEVI, seed 41, iteration 970, time: 338.6692068576813
Starting label LEVI, seed 41, iteration 980, time: 344.71383333206177
Starting label LEVI, seed 41, iteration 990, time: 349.9523274898529
Starting label LEVI, seed 41, iteration 1000, time: 355.0616338253021
Starting label LEVI, seed 41, iteration 1010, time: 360.5560677051544
Starting label LEVI, seed 41, iteration 1020, time: 367.0139331817627
Starting label LEVI, seed 41, iteration 1030, time: 373.84265780448914
Starting label LEVI, seed 41, iteration 1040, time: 380.235759973526
Starting label LEVI, seed 41, iteration 1050, time: 386.3044261932373
Starting label LEVI, seed 41, iteration 1060, time: 393.9156713485718
Starting label LEVI, seed 41, iteration 1070, time: 399.9836618900299
Starting label LEVI, seed 41, iteration 1080, time: 406.2019124031067
Starting label LEVI, seed 41, iteration 1090, time: 413.9080491065979
Starting label LEVI, seed 41, iteration 1100, time: 421.3420193195343
Starting label LEVI, seed 41, iteration 1110, time: 428.92192006111145
Starting label LEVI, seed 41, iteration 1120, time: 437.013263463974
Starting label LEVI, seed 41, iteration 1130, time: 444.4526150226593
Starting label LEVI, seed 41, iteration 1140, time: 452.736704826355
Starting label LEVI, seed 41, iteration 1150, time: 460.8169193267822
Starting label LEVI, seed 41, iteration 1160, time: 468.87792229652405
Starting label LEVI, seed 41, iteration 1170, time: 475.7811846733093
Starting label LEVI, seed 41, iteration 1180, time: 483.37895035743713
Starting label LEVI, seed 41, iteration 1190, time: 492.1139328479767
Starting label LEVI, seed 41, iteration 1200, time: 500.10804080963135
Starting label LEVI, seed 41, iteration 1210, time: 508.59873509407043
Starting label LEVI, seed 41, iteration 1220, time: 518.1202440261841
Starting label LEVI, seed 41, iteration 1230, time: 526.1482229232788
Starting label LEVI, seed 41, iteration 1240, time: 535.7984211444855
Starting label LEVI, seed 41, iteration 1250, time: 545.8785691261292
Starting label LEVI, seed 41, iteration 1260, time: 554.4626445770264
Starting label LEVI, seed 41, iteration 1270, time: 565.1592040061951
Starting label LEVI, seed 41, iteration 1280, time: 574.5261571407318
Starting label LEVI, seed 41, iteration 1290, time: 585.507826089859
Starting label LEVI, seed 41, iteration 1300, time: 596.5773844718933
Starting label LEVI, seed 41, iteration 1310, time: 607.608384847641
Starting label LEVI, seed 41, iteration 1320, time: 618.5953075885773
Starting label LEVI, seed 41, iteration 1330, time: 630.2546994686127
Starting label LEVI, seed 41, iteration 1340, time: 641.7790787220001
Starting label LEVI, seed 41, iteration 1350, time: 653.4798624515533
Starting label LEVI, seed 41, iteration 1360, time: 664.7412912845612
Starting label LEVI, seed 41, iteration 1370, time: 676.7745225429535
Starting label LEVI, seed 41, iteration 1380, time: 688.9473357200623
Starting label LEVI, seed 41, iteration 1390, time: 701.3157851696014
Starting label LEVI, seed 41, iteration 1400, time: 713.0050804615021
Starting label LEVI, seed 41, iteration 1410, time: 725.3570697307587
Starting label LEVI, seed 41, iteration 1420, time: 738.0292301177979
Starting label LEVI, seed 41, iteration 1430, time: 751.0759630203247
Starting label LEVI, seed 41, iteration 1440, time: 764.2780992984772
Starting label LEVI, seed 41, iteration 1450, time: 777.5692930221558
Starting label LEVI, seed 41, iteration 1460, time: 790.1348176002502
Starting label LEVI, seed 41, iteration 1470, time: 804.345564365387
Starting label LEVI, seed 41, iteration 1480, time: 817.8120546340942
Starting label LEVI, seed 41, iteration 1490, time: 829.4114866256714
Starting label LEVI, seed 41, iteration 1500, time: 841.5761756896973
Starting label LEVI, seed 41, iteration 1510, time: 853.594172000885
Starting label LEVI, seed 41, iteration 1520, time: 868.8485295772552
Starting label LEVI, seed 41, iteration 1530, time: 881.7049267292023
Starting label LEVI, seed 41, iteration 1540, time: 897.1384773254395
Starting label LEVI, seed 41, iteration 1550, time: 914.118143081665
Starting label LEVI, seed 41, iteration 1560, time: 929.7296922206879
Starting label LEVI, seed 41, iteration 1570, time: 944.0546514987946
Starting label LEVI, seed 41, iteration 1580, time: 959.7680485248566
Starting label LEVI, seed 41, iteration 1590, time: 977.5579926967621
Starting label LEVI, seed 41, iteration 1600, time: 995.1046752929688
Starting label LEVI, seed 41, iteration 1610, time: 1012.2087483406067
Starting label LEVI, seed 41, iteration 1620, time: 1030.1303889751434
Starting label LEVI, seed 41, iteration 1630, time: 1047.5370657444
Starting label LEVI, seed 41, iteration 1640, time: 1062.2873301506042
Starting label LEVI, seed 41, iteration 1650, time: 1081.716257572174
Starting label LEVI, seed 41, iteration 1660, time: 1096.409383058548
Starting label LEVI, seed 41, iteration 1670, time: 1114.7456657886505
Starting label LEVI, seed 41, iteration 1680, time: 1133.5028402805328
Starting label LEVI, seed 41, iteration 1690, time: 1152.5471820831299
Starting label LEVI, seed 41, iteration 1700, time: 1172.8627812862396
Starting label LEVI, seed 41, iteration 1710, time: 1190.6376087665558
Starting label LEVI, seed 41, iteration 1720, time: 1205.6381015777588
Starting label LEVI, seed 41, iteration 1730, time: 1220.8660085201263
Starting label LEVI, seed 41, iteration 1740, time: 1237.8414118289948
Starting label LEVI, seed 41, iteration 1750, time: 1257.1913685798645
Starting label LEVI, seed 41, iteration 1760, time: 1273.6316723823547
Starting label LEVI, seed 41, iteration 1770, time: 1292.56112408638
Starting label LEVI, seed 41, iteration 1780, time: 1308.9652104377747
Starting label LEVI, seed 41, iteration 1790, time: 1330.5186808109283
Starting label LEVI, seed 41, iteration 1800, time: 1346.5808944702148
Starting label LEVI, seed 41, iteration 1810, time: 1371.4080243110657
Starting label LEVI, seed 41, iteration 1820, time: 1394.4264152050018
Starting label LEVI, seed 41, iteration 1830, time: 1411.3968317508698
Starting label LEVI, seed 41, iteration 1840, time: 1430.1347541809082
Starting label LEVI, seed 41, iteration 1850, time: 1450.652955532074
Starting label LEVI, seed 41, iteration 1860, time: 1468.7019431591034
Starting label LEVI, seed 41, iteration 1870, time: 1492.879159450531
Starting label LEVI, seed 41, iteration 1880, time: 1516.934139251709
Starting label LEVI, seed 41, iteration 1890, time: 1540.674278497696
submitit WARNING (2022-10-02 01:22:36,101) - Bypassing signal SIGCONT
submitit WARNING (2022-10-02 01:22:36,124) - Bypassing signal SIGTERM
Starting label LEVI, seed 41, iteration 1900, time: 1560.6665337085724
