submitit INFO (2022-10-02 01:23:22,689) - Starting with JobEnvironment(job_id=883449_0, hostname=coecis-compute-01.coecis.cornell.edu, local_rank=0(1), node=0(1), global_rank=0(1))
submitit INFO (2022-10-02 01:23:22,689) - Loading pickle: /home/gid-cakmaks/contextual_rs/experiments/wsc_experiments/logs/883449_0/883449_0_submitted.pkl
Starting label LEVI, seed 30, iteration 0, time: 0.017821788787841797
Starting label LEVI, seed 30, iteration 10, time: 4.4835498332977295
Starting label LEVI, seed 30, iteration 20, time: 9.253790140151978
Starting label LEVI, seed 30, iteration 30, time: 13.778138875961304
Starting label LEVI, seed 30, iteration 40, time: 18.57506227493286
Starting label LEVI, seed 30, iteration 50, time: 23.380839586257935
Starting label LEVI, seed 30, iteration 60, time: 28.33502769470215
Starting label LEVI, seed 30, iteration 70, time: 33.56179714202881
Starting label LEVI, seed 30, iteration 80, time: 38.698848485946655
Starting label LEVI, seed 30, iteration 90, time: 43.77072620391846
Starting label LEVI, seed 30, iteration 100, time: 48.9449987411499
Starting label LEVI, seed 30, iteration 110, time: 54.275689363479614
Starting label LEVI, seed 30, iteration 120, time: 59.98543739318848
Starting label LEVI, seed 30, iteration 130, time: 65.80036044120789
Starting label LEVI, seed 30, iteration 140, time: 71.72121715545654
Starting label LEVI, seed 30, iteration 150, time: 77.81879615783691
Starting label LEVI, seed 30, iteration 160, time: 83.53680467605591
Starting label LEVI, seed 30, iteration 170, time: 89.50644564628601
Starting label LEVI, seed 30, iteration 180, time: 95.45481872558594
Starting label LEVI, seed 30, iteration 190, time: 101.26076316833496
Starting label LEVI, seed 30, iteration 200, time: 107.25694704055786
Starting label LEVI, seed 30, iteration 210, time: 113.3278079032898
Starting label LEVI, seed 30, iteration 220, time: 119.36072206497192
Starting label LEVI, seed 30, iteration 230, time: 125.58526086807251
Starting label LEVI, seed 30, iteration 240, time: 131.9792981147766
Starting label LEVI, seed 30, iteration 250, time: 138.59241127967834
Starting label LEVI, seed 30, iteration 260, time: 144.98839044570923
Starting label LEVI, seed 30, iteration 270, time: 151.38621592521667
Starting label LEVI, seed 30, iteration 280, time: 158.16027355194092
Starting label LEVI, seed 30, iteration 290, time: 164.88168573379517
Starting label LEVI, seed 30, iteration 300, time: 171.64910054206848
Starting label LEVI, seed 30, iteration 310, time: 178.33351826667786
Starting label LEVI, seed 30, iteration 320, time: 184.94988751411438
Starting label LEVI, seed 30, iteration 330, time: 191.8506143093109
Starting label LEVI, seed 30, iteration 340, time: 198.37129092216492
Starting label LEVI, seed 30, iteration 350, time: 204.83788633346558
Starting label LEVI, seed 30, iteration 360, time: 211.2506115436554
Starting label LEVI, seed 30, iteration 370, time: 217.83271503448486
Starting label LEVI, seed 30, iteration 380, time: 224.52777647972107
Starting label LEVI, seed 30, iteration 390, time: 231.1267111301422
Starting label LEVI, seed 30, iteration 400, time: 237.6637098789215
Starting label LEVI, seed 30, iteration 410, time: 244.21192741394043
Starting label LEVI, seed 30, iteration 420, time: 250.53344249725342
Starting label LEVI, seed 30, iteration 430, time: 257.2728908061981
Starting label LEVI, seed 30, iteration 440, time: 263.85197925567627
Starting label LEVI, seed 30, iteration 450, time: 270.28031301498413
Starting label LEVI, seed 30, iteration 460, time: 276.90445351600647
Starting label LEVI, seed 30, iteration 470, time: 283.39209842681885
Starting label LEVI, seed 30, iteration 480, time: 289.9828383922577
Starting label LEVI, seed 30, iteration 490, time: 296.70147156715393
Starting label LEVI, seed 30, iteration 500, time: 303.1770136356354
Starting label LEVI, seed 30, iteration 510, time: 310.3265447616577
Starting label LEVI, seed 30, iteration 520, time: 317.14095878601074
Starting label LEVI, seed 30, iteration 530, time: 323.7539076805115
Starting label LEVI, seed 30, iteration 540, time: 330.59265756607056
Starting label LEVI, seed 30, iteration 550, time: 337.49602794647217
Starting label LEVI, seed 30, iteration 560, time: 344.55218529701233
Starting label LEVI, seed 30, iteration 570, time: 351.49191212654114
Starting label LEVI, seed 30, iteration 580, time: 358.5088677406311
Starting label LEVI, seed 30, iteration 590, time: 365.68290734291077
Starting label LEVI, seed 30, iteration 600, time: 372.5268702507019
Starting label LEVI, seed 30, iteration 610, time: 379.5107660293579
Starting label LEVI, seed 30, iteration 620, time: 386.4894652366638
Starting label LEVI, seed 30, iteration 630, time: 393.49920535087585
Starting label LEVI, seed 30, iteration 640, time: 400.43463826179504
Starting label LEVI, seed 30, iteration 650, time: 407.4396913051605
Starting label LEVI, seed 30, iteration 660, time: 414.53124737739563
Starting label LEVI, seed 30, iteration 670, time: 421.8891942501068
Starting label LEVI, seed 30, iteration 680, time: 429.17028999328613
Starting label LEVI, seed 30, iteration 690, time: 436.64366817474365
Starting label LEVI, seed 30, iteration 700, time: 444.1146912574768
Starting label LEVI, seed 30, iteration 710, time: 451.17264127731323
Starting label LEVI, seed 30, iteration 720, time: 458.367235660553
Starting label LEVI, seed 30, iteration 730, time: 465.6564724445343
Starting label LEVI, seed 30, iteration 740, time: 472.96714425086975
Starting label LEVI, seed 30, iteration 750, time: 479.92650294303894
Starting label LEVI, seed 30, iteration 760, time: 486.98626470565796
Starting label LEVI, seed 30, iteration 770, time: 494.22709941864014
Starting label LEVI, seed 30, iteration 780, time: 501.54080152511597
Starting label LEVI, seed 30, iteration 790, time: 509.1605923175812
Starting label LEVI, seed 30, iteration 800, time: 516.575266122818
Starting label LEVI, seed 30, iteration 810, time: 523.9819209575653
Starting label LEVI, seed 30, iteration 820, time: 531.353997707367
Starting label LEVI, seed 30, iteration 830, time: 538.6399793624878
Starting label LEVI, seed 30, iteration 840, time: 545.819367647171
Starting label LEVI, seed 30, iteration 850, time: 553.0932447910309
Starting label LEVI, seed 30, iteration 860, time: 560.3143973350525
Starting label LEVI, seed 30, iteration 870, time: 567.9700696468353
Starting label LEVI, seed 30, iteration 880, time: 576.0409777164459
Starting label LEVI, seed 30, iteration 890, time: 584.2300932407379
Starting label LEVI, seed 30, iteration 900, time: 592.1324758529663
Starting label LEVI, seed 30, iteration 910, time: 600.1713228225708
Starting label LEVI, seed 30, iteration 920, time: 608.1357469558716
Starting label LEVI, seed 30, iteration 930, time: 616.1553521156311
Starting label LEVI, seed 30, iteration 940, time: 624.1217839717865
Starting label LEVI, seed 30, iteration 950, time: 632.1192555427551
Starting label LEVI, seed 30, iteration 960, time: 640.0280539989471
Starting label LEVI, seed 30, iteration 970, time: 647.901309967041
Starting label LEVI, seed 30, iteration 980, time: 655.6619145870209
Starting label LEVI, seed 30, iteration 990, time: 663.4090869426727
Starting label LEVI, seed 30, iteration 1000, time: 671.2662286758423
Starting label LEVI, seed 30, iteration 1010, time: 679.5437963008881
Starting label LEVI, seed 30, iteration 1020, time: 687.7825422286987
Starting label LEVI, seed 30, iteration 1030, time: 696.18021941185
Starting label LEVI, seed 30, iteration 1040, time: 704.5479414463043
Starting label LEVI, seed 30, iteration 1050, time: 712.7418918609619
Starting label LEVI, seed 30, iteration 1060, time: 721.53102684021
Starting label LEVI, seed 30, iteration 1070, time: 730.2075746059418
Starting label LEVI, seed 30, iteration 1080, time: 738.8928399085999
Starting label LEVI, seed 30, iteration 1090, time: 747.5976779460907
Starting label LEVI, seed 30, iteration 1100, time: 756.5652048587799
Starting label LEVI, seed 30, iteration 1110, time: 766.1591050624847
Starting label LEVI, seed 30, iteration 1120, time: 774.9790272712708
Starting label LEVI, seed 30, iteration 1130, time: 783.8523163795471
Starting label LEVI, seed 30, iteration 1140, time: 793.0948693752289
Starting label LEVI, seed 30, iteration 1150, time: 802.4647400379181
Starting label LEVI, seed 30, iteration 1160, time: 812.3161473274231
Starting label LEVI, seed 30, iteration 1170, time: 822.1724255084991
Starting label LEVI, seed 30, iteration 1180, time: 832.2706475257874
Starting label LEVI, seed 30, iteration 1190, time: 842.0554792881012
Starting label LEVI, seed 30, iteration 1200, time: 852.4129512310028
Starting label LEVI, seed 30, iteration 1210, time: 862.7425184249878
Starting label LEVI, seed 30, iteration 1220, time: 874.1791336536407
Starting label LEVI, seed 30, iteration 1230, time: 886.5021028518677
Starting label LEVI, seed 30, iteration 1240, time: 897.3635764122009
Starting label LEVI, seed 30, iteration 1250, time: 906.9559826850891
Starting label LEVI, seed 30, iteration 1260, time: 916.3278286457062
Starting label LEVI, seed 30, iteration 1270, time: 926.6487390995026
Starting label LEVI, seed 30, iteration 1280, time: 937.5541639328003
Starting label LEVI, seed 30, iteration 1290, time: 947.604437828064
Starting label LEVI, seed 30, iteration 1300, time: 957.3455159664154
Starting label LEVI, seed 30, iteration 1310, time: 967.5587139129639
Starting label LEVI, seed 30, iteration 1320, time: 979.6721544265747
Starting label LEVI, seed 30, iteration 1330, time: 990.5682628154755
Starting label LEVI, seed 30, iteration 1340, time: 1001.465874671936
Starting label LEVI, seed 30, iteration 1350, time: 1012.9515619277954
Starting label LEVI, seed 30, iteration 1360, time: 1023.3908507823944
Starting label LEVI, seed 30, iteration 1370, time: 1033.926393032074
Starting label LEVI, seed 30, iteration 1380, time: 1044.8184299468994
Starting label LEVI, seed 30, iteration 1390, time: 1056.0749382972717
Starting label LEVI, seed 30, iteration 1400, time: 1067.5699863433838
Starting label LEVI, seed 30, iteration 1410, time: 1078.2123444080353
Starting label LEVI, seed 30, iteration 1420, time: 1088.5993702411652
Starting label LEVI, seed 30, iteration 1430, time: 1098.572814464569
Starting label LEVI, seed 30, iteration 1440, time: 1107.9641315937042
Starting label LEVI, seed 30, iteration 1450, time: 1117.3755247592926
Starting label LEVI, seed 30, iteration 1460, time: 1126.9070982933044
Starting label LEVI, seed 30, iteration 1470, time: 1136.257153749466
Starting label LEVI, seed 30, iteration 1480, time: 1145.916098833084
Starting label LEVI, seed 30, iteration 1490, time: 1155.1690683364868
Starting label LEVI, seed 30, iteration 1500, time: 1165.0502133369446
Starting label LEVI, seed 30, iteration 1510, time: 1174.5632548332214
Starting label LEVI, seed 30, iteration 1520, time: 1184.1495122909546
Starting label LEVI, seed 30, iteration 1530, time: 1193.4683966636658
Starting label LEVI, seed 30, iteration 1540, time: 1203.1774728298187
Starting label LEVI, seed 30, iteration 1550, time: 1215.380334854126
Starting label LEVI, seed 30, iteration 1560, time: 1226.9775516986847
Starting label LEVI, seed 30, iteration 1570, time: 1238.7680172920227
Starting label LEVI, seed 30, iteration 1580, time: 1250.352613210678
Starting label LEVI, seed 30, iteration 1590, time: 1262.8963499069214
Starting label LEVI, seed 30, iteration 1600, time: 1274.71062874794
Starting label LEVI, seed 30, iteration 1610, time: 1289.0777399539948
Starting label LEVI, seed 30, iteration 1620, time: 1303.172350883484
Starting label LEVI, seed 30, iteration 1630, time: 1316.586901664734
Starting label LEVI, seed 30, iteration 1640, time: 1330.2385516166687
Starting label LEVI, seed 30, iteration 1650, time: 1344.5414535999298
Starting label LEVI, seed 30, iteration 1660, time: 1358.8538029193878
Starting label LEVI, seed 30, iteration 1670, time: 1373.6302139759064
Starting label LEVI, seed 30, iteration 1680, time: 1387.8452169895172
Starting label LEVI, seed 30, iteration 1690, time: 1399.7167766094208
Starting label LEVI, seed 30, iteration 1700, time: 1410.8237476348877
Starting label LEVI, seed 30, iteration 1710, time: 1422.8089609146118
Starting label LEVI, seed 30, iteration 1720, time: 1434.4837594032288
Starting label LEVI, seed 30, iteration 1730, time: 1446.2436957359314
Starting label LEVI, seed 30, iteration 1740, time: 1458.345139503479
Starting label LEVI, seed 30, iteration 1750, time: 1469.3248236179352
Starting label LEVI, seed 30, iteration 1760, time: 1480.5415024757385
Starting label LEVI, seed 30, iteration 1770, time: 1492.1496725082397
Starting label LEVI, seed 30, iteration 1780, time: 1502.6905415058136
Starting label LEVI, seed 30, iteration 1790, time: 1513.47154712677
Starting label LEVI, seed 30, iteration 1800, time: 1524.3651823997498
Starting label LEVI, seed 30, iteration 1810, time: 1534.454568862915
Starting label LEVI, seed 30, iteration 1820, time: 1545.4198668003082
Starting label LEVI, seed 30, iteration 1830, time: 1555.7818880081177
submitit WARNING (2022-10-02 01:49:22,466) - Bypassing signal SIGCONT
submitit WARNING (2022-10-02 01:49:22,534) - Bypassing signal SIGTERM
Starting label LEVI, seed 30, iteration 1840, time: 1566.445288658142
Starting label LEVI, seed 30, iteration 1850, time: 1576.4843819141388
Starting label LEVI, seed 30, iteration 1860, time: 1587.1804492473602
