submitit INFO (2022-10-02 01:49:55,629) - Starting with JobEnvironment(job_id=883520_7, hostname=g2-compute-97.coecis.cornell.edu, local_rank=0(1), node=0(1), global_rank=0(1))
submitit INFO (2022-10-02 01:49:55,629) - Loading pickle: /home/gid-cakmaks/contextual_rs/experiments/wsc_experiments/logs/883520_7/883520_7_submitted.pkl
Starting label LEVI, seed 7, iteration 0, time: 0.001800537109375
Starting label LEVI, seed 7, iteration 10, time: 4.156644105911255
Starting label LEVI, seed 7, iteration 20, time: 8.506915807723999
Starting label LEVI, seed 7, iteration 30, time: 12.82437252998352
Starting label LEVI, seed 7, iteration 40, time: 17.254312992095947
Starting label LEVI, seed 7, iteration 50, time: 22.026301860809326
Starting label LEVI, seed 7, iteration 60, time: 26.6706063747406
Starting label LEVI, seed 7, iteration 70, time: 31.33437752723694
Starting label LEVI, seed 7, iteration 80, time: 36.0680673122406
Starting label LEVI, seed 7, iteration 90, time: 40.86003088951111
Starting label LEVI, seed 7, iteration 100, time: 45.92148160934448
Starting label LEVI, seed 7, iteration 110, time: 51.012824296951294
Starting label LEVI, seed 7, iteration 120, time: 55.968854665756226
Starting label LEVI, seed 7, iteration 130, time: 60.80568313598633
Starting label LEVI, seed 7, iteration 140, time: 65.51240921020508
Starting label LEVI, seed 7, iteration 150, time: 70.60897994041443
Starting label LEVI, seed 7, iteration 160, time: 75.67767834663391
Starting label LEVI, seed 7, iteration 170, time: 80.53804683685303
Starting label LEVI, seed 7, iteration 180, time: 85.3946578502655
Starting label LEVI, seed 7, iteration 190, time: 90.2739405632019
Starting label LEVI, seed 7, iteration 200, time: 95.3613772392273
Starting label LEVI, seed 7, iteration 210, time: 100.73176002502441
Starting label LEVI, seed 7, iteration 220, time: 106.1975371837616
Starting label LEVI, seed 7, iteration 230, time: 111.77984809875488
Starting label LEVI, seed 7, iteration 240, time: 117.06357336044312
Starting label LEVI, seed 7, iteration 250, time: 122.50684475898743
Starting label LEVI, seed 7, iteration 260, time: 127.51915097236633
Starting label LEVI, seed 7, iteration 270, time: 132.52195072174072
Starting label LEVI, seed 7, iteration 280, time: 137.75331950187683
Starting label LEVI, seed 7, iteration 290, time: 143.5871660709381
Starting label LEVI, seed 7, iteration 300, time: 149.25046181678772
Starting label LEVI, seed 7, iteration 310, time: 155.47052907943726
Starting label LEVI, seed 7, iteration 320, time: 161.09863996505737
Starting label LEVI, seed 7, iteration 330, time: 166.80971908569336
Starting label LEVI, seed 7, iteration 340, time: 172.4284634590149
Starting label LEVI, seed 7, iteration 350, time: 178.18483352661133
Starting label LEVI, seed 7, iteration 360, time: 183.99797296524048
Starting label LEVI, seed 7, iteration 370, time: 189.63823318481445
Starting label LEVI, seed 7, iteration 380, time: 195.9003894329071
Starting label LEVI, seed 7, iteration 390, time: 202.04147934913635
Starting label LEVI, seed 7, iteration 400, time: 208.2246024608612
Starting label LEVI, seed 7, iteration 410, time: 214.52925038337708
Starting label LEVI, seed 7, iteration 420, time: 220.76932215690613
Starting label LEVI, seed 7, iteration 430, time: 227.26187205314636
Starting label LEVI, seed 7, iteration 440, time: 233.5867714881897
Starting label LEVI, seed 7, iteration 450, time: 239.9097878932953
Starting label LEVI, seed 7, iteration 460, time: 246.35639429092407
Starting label LEVI, seed 7, iteration 470, time: 252.81855177879333
Starting label LEVI, seed 7, iteration 480, time: 259.47045278549194
Starting label LEVI, seed 7, iteration 490, time: 266.3263785839081
Starting label LEVI, seed 7, iteration 500, time: 272.9026219844818
Starting label LEVI, seed 7, iteration 510, time: 279.6856803894043
Starting label LEVI, seed 7, iteration 520, time: 286.471200466156
Starting label LEVI, seed 7, iteration 530, time: 293.385938167572
Starting label LEVI, seed 7, iteration 540, time: 299.95737290382385
Starting label LEVI, seed 7, iteration 550, time: 306.22921681404114
Starting label LEVI, seed 7, iteration 560, time: 312.70198702812195
submitit WARNING (2022-10-02 01:55:12,455) - Bypassing signal SIGCONT
submitit WARNING (2022-10-02 01:55:12,475) - Bypassing signal SIGTERM
Starting label LEVI, seed 7, iteration 570, time: 319.06209659576416
Starting label LEVI, seed 7, iteration 580, time: 325.6022891998291
Starting label LEVI, seed 7, iteration 590, time: 332.02112340927124
Starting label LEVI, seed 7, iteration 600, time: 338.3946053981781
