submitit INFO (2022-10-02 00:29:33,070) - Starting with JobEnvironment(job_id=883242_6, hostname=sablab-gpu-06.ece.cornell.edu, local_rank=0(1), node=0(1), global_rank=0(1))
submitit INFO (2022-10-02 00:29:33,070) - Loading pickle: /home/gid-cakmaks/contextual_rs/experiments/wsc_experiments/logs/883242_6/883242_6_submitted.pkl
Starting label LEVI, seed 16, iteration 0, time: 0.0005578994750976562
Starting label LEVI, seed 16, iteration 10, time: 2.8385043144226074
Starting label LEVI, seed 16, iteration 20, time: 5.5245256423950195
Starting label LEVI, seed 16, iteration 30, time: 8.222790241241455
Starting label LEVI, seed 16, iteration 40, time: 10.947643518447876
Starting label LEVI, seed 16, iteration 50, time: 13.702203035354614
Starting label LEVI, seed 16, iteration 60, time: 16.525129556655884
Starting label LEVI, seed 16, iteration 70, time: 19.877965211868286
Starting label LEVI, seed 16, iteration 80, time: 22.761287450790405
Starting label LEVI, seed 16, iteration 90, time: 25.63888430595398
Starting label LEVI, seed 16, iteration 100, time: 28.60222578048706
Starting label LEVI, seed 16, iteration 110, time: 31.898263692855835
Starting label LEVI, seed 16, iteration 120, time: 34.87933397293091
Starting label LEVI, seed 16, iteration 130, time: 38.26886749267578
Starting label LEVI, seed 16, iteration 140, time: 41.788126945495605
Starting label LEVI, seed 16, iteration 150, time: 45.186838150024414
Starting label LEVI, seed 16, iteration 160, time: 48.58085632324219
Starting label LEVI, seed 16, iteration 170, time: 51.89647459983826
Starting label LEVI, seed 16, iteration 180, time: 55.282432079315186
Starting label LEVI, seed 16, iteration 190, time: 58.63129496574402
Starting label LEVI, seed 16, iteration 200, time: 61.44029998779297
Starting label LEVI, seed 16, iteration 210, time: 64.82890605926514
Starting label LEVI, seed 16, iteration 220, time: 67.98154044151306
Starting label LEVI, seed 16, iteration 230, time: 71.40536713600159
Starting label LEVI, seed 16, iteration 240, time: 74.55891513824463
Starting label LEVI, seed 16, iteration 250, time: 78.04038286209106
Starting label LEVI, seed 16, iteration 260, time: 81.6160945892334
Starting label LEVI, seed 16, iteration 270, time: 84.91087889671326
Starting label LEVI, seed 16, iteration 280, time: 88.10439348220825
Starting label LEVI, seed 16, iteration 290, time: 91.38702726364136
Starting label LEVI, seed 16, iteration 300, time: 95.19695663452148
Starting label LEVI, seed 16, iteration 310, time: 98.86824893951416
Starting label LEVI, seed 16, iteration 320, time: 102.5302152633667
Starting label LEVI, seed 16, iteration 330, time: 105.61558961868286
Starting label LEVI, seed 16, iteration 340, time: 108.77885937690735
Starting label LEVI, seed 16, iteration 350, time: 112.07369685173035
Starting label LEVI, seed 16, iteration 360, time: 115.5882637500763
Starting label LEVI, seed 16, iteration 370, time: 118.77980327606201
Starting label LEVI, seed 16, iteration 380, time: 122.05673456192017
Starting label LEVI, seed 16, iteration 390, time: 125.29056859016418
Starting label LEVI, seed 16, iteration 400, time: 128.97459387779236
Starting label LEVI, seed 16, iteration 410, time: 132.78065848350525
Starting label LEVI, seed 16, iteration 420, time: 136.09976863861084
Starting label LEVI, seed 16, iteration 430, time: 139.4700756072998
Starting label LEVI, seed 16, iteration 440, time: 142.7932255268097
Starting label LEVI, seed 16, iteration 450, time: 146.18239045143127
Starting label LEVI, seed 16, iteration 460, time: 149.59460544586182
Starting label LEVI, seed 16, iteration 470, time: 153.08161163330078
Starting label LEVI, seed 16, iteration 480, time: 156.44135570526123
Starting label LEVI, seed 16, iteration 490, time: 160.4866406917572
Starting label LEVI, seed 16, iteration 500, time: 164.0825035572052
Starting label LEVI, seed 16, iteration 510, time: 167.59106469154358
Starting label LEVI, seed 16, iteration 520, time: 171.0300223827362
Starting label LEVI, seed 16, iteration 530, time: 174.50290608406067
Starting label LEVI, seed 16, iteration 540, time: 177.89684414863586
Starting label LEVI, seed 16, iteration 550, time: 181.45816111564636
Starting label LEVI, seed 16, iteration 560, time: 185.12350225448608
Starting label LEVI, seed 16, iteration 570, time: 188.7318377494812
Starting label LEVI, seed 16, iteration 580, time: 192.57168531417847
Starting label LEVI, seed 16, iteration 590, time: 196.1254870891571
Starting label LEVI, seed 16, iteration 600, time: 199.98080325126648
Starting label LEVI, seed 16, iteration 610, time: 203.9101209640503
Starting label LEVI, seed 16, iteration 620, time: 207.72857689857483
Starting label LEVI, seed 16, iteration 630, time: 211.51955223083496
Starting label LEVI, seed 16, iteration 640, time: 215.53909516334534
Starting label LEVI, seed 16, iteration 650, time: 219.82767605781555
Starting label LEVI, seed 16, iteration 660, time: 224.3150668144226
Starting label LEVI, seed 16, iteration 670, time: 228.7991328239441
Starting label LEVI, seed 16, iteration 680, time: 233.3278968334198
Starting label LEVI, seed 16, iteration 690, time: 237.5084433555603
Starting label LEVI, seed 16, iteration 700, time: 242.04909777641296
Starting label LEVI, seed 16, iteration 710, time: 246.8670792579651
Starting label LEVI, seed 16, iteration 720, time: 250.95195531845093
Starting label LEVI, seed 16, iteration 730, time: 255.35053157806396
Starting label LEVI, seed 16, iteration 740, time: 259.5132975578308
Starting label LEVI, seed 16, iteration 750, time: 263.73850870132446
Starting label LEVI, seed 16, iteration 760, time: 268.3694429397583
Starting label LEVI, seed 16, iteration 770, time: 272.7161271572113
Starting label LEVI, seed 16, iteration 780, time: 277.7007849216461
Starting label LEVI, seed 16, iteration 790, time: 282.77970814704895
Starting label LEVI, seed 16, iteration 800, time: 287.8327090740204
Starting label LEVI, seed 16, iteration 810, time: 293.123468875885
Starting label LEVI, seed 16, iteration 820, time: 298.3411331176758
Starting label LEVI, seed 16, iteration 830, time: 302.9010679721832
Starting label LEVI, seed 16, iteration 840, time: 307.91203260421753
Starting label LEVI, seed 16, iteration 850, time: 312.56534242630005
Starting label LEVI, seed 16, iteration 860, time: 317.428991317749
Starting label LEVI, seed 16, iteration 870, time: 322.427782535553
Starting label LEVI, seed 16, iteration 880, time: 327.0211651325226
Starting label LEVI, seed 16, iteration 890, time: 332.2907738685608
Starting label LEVI, seed 16, iteration 900, time: 337.6516857147217
Starting label LEVI, seed 16, iteration 910, time: 343.1438567638397
Starting label LEVI, seed 16, iteration 920, time: 348.060889005661
Starting label LEVI, seed 16, iteration 930, time: 353.5741596221924
Starting label LEVI, seed 16, iteration 940, time: 359.317729473114
Starting label LEVI, seed 16, iteration 950, time: 364.45857882499695
Starting label LEVI, seed 16, iteration 960, time: 369.5805296897888
Starting label LEVI, seed 16, iteration 970, time: 374.94647431373596
Starting label LEVI, seed 16, iteration 980, time: 381.0213899612427
Starting label LEVI, seed 16, iteration 990, time: 386.5817995071411
Starting label LEVI, seed 16, iteration 1000, time: 392.9277811050415
Starting label LEVI, seed 16, iteration 1010, time: 399.12554931640625
Starting label LEVI, seed 16, iteration 1020, time: 405.3071322441101
Starting label LEVI, seed 16, iteration 1030, time: 411.58671164512634
Starting label LEVI, seed 16, iteration 1040, time: 417.2361524105072
Starting label LEVI, seed 16, iteration 1050, time: 423.41944098472595
Starting label LEVI, seed 16, iteration 1060, time: 429.4467577934265
Starting label LEVI, seed 16, iteration 1070, time: 435.52735567092896
Starting label LEVI, seed 16, iteration 1080, time: 441.56269454956055
Starting label LEVI, seed 16, iteration 1090, time: 447.43396162986755
Starting label LEVI, seed 16, iteration 1100, time: 454.1060724258423
Starting label LEVI, seed 16, iteration 1110, time: 460.7638256549835
Starting label LEVI, seed 16, iteration 1120, time: 466.8623995780945
Starting label LEVI, seed 16, iteration 1130, time: 473.5417923927307
Starting label LEVI, seed 16, iteration 1140, time: 481.112163066864
Starting label LEVI, seed 16, iteration 1150, time: 487.06601309776306
Starting label LEVI, seed 16, iteration 1160, time: 492.99011874198914
Starting label LEVI, seed 16, iteration 1170, time: 500.496337890625
Starting label LEVI, seed 16, iteration 1180, time: 507.01915097236633
Starting label LEVI, seed 16, iteration 1190, time: 513.6177797317505
Starting label LEVI, seed 16, iteration 1200, time: 520.8793263435364
Starting label LEVI, seed 16, iteration 1210, time: 528.5014450550079
Starting label LEVI, seed 16, iteration 1220, time: 536.153870344162
Starting label LEVI, seed 16, iteration 1230, time: 544.1136109828949
Starting label LEVI, seed 16, iteration 1240, time: 552.3097126483917
Starting label LEVI, seed 16, iteration 1250, time: 559.3714487552643
Starting label LEVI, seed 16, iteration 1260, time: 566.2534265518188
Starting label LEVI, seed 16, iteration 1270, time: 573.5427122116089
Starting label LEVI, seed 16, iteration 1280, time: 580.3989326953888
Starting label LEVI, seed 16, iteration 1290, time: 587.539731502533
Starting label LEVI, seed 16, iteration 1300, time: 595.5781025886536
Starting label LEVI, seed 16, iteration 1310, time: 603.0145633220673
Starting label LEVI, seed 16, iteration 1320, time: 610.7423911094666
Starting label LEVI, seed 16, iteration 1330, time: 619.8070206642151
Starting label LEVI, seed 16, iteration 1340, time: 627.2795677185059
Starting label LEVI, seed 16, iteration 1350, time: 636.903448343277
Starting label LEVI, seed 16, iteration 1360, time: 644.607084274292
Starting label LEVI, seed 16, iteration 1370, time: 653.6809499263763
Starting label LEVI, seed 16, iteration 1380, time: 662.1610617637634
Starting label LEVI, seed 16, iteration 1390, time: 671.716872215271
Starting label LEVI, seed 16, iteration 1400, time: 680.1148834228516
Starting label LEVI, seed 16, iteration 1410, time: 689.8783750534058
Starting label LEVI, seed 16, iteration 1420, time: 699.045788526535
Starting label LEVI, seed 16, iteration 1430, time: 707.7589299678802
Starting label LEVI, seed 16, iteration 1440, time: 718.4095845222473
Starting label LEVI, seed 16, iteration 1450, time: 728.9413416385651
Starting label LEVI, seed 16, iteration 1460, time: 739.6277165412903
Starting label LEVI, seed 16, iteration 1470, time: 749.3127994537354
Starting label LEVI, seed 16, iteration 1480, time: 760.1422357559204
Starting label LEVI, seed 16, iteration 1490, time: 771.9095618724823
Starting label LEVI, seed 16, iteration 1500, time: 783.0886518955231
Starting label LEVI, seed 16, iteration 1510, time: 794.9004545211792
Starting label LEVI, seed 16, iteration 1520, time: 806.7625806331635
Starting label LEVI, seed 16, iteration 1530, time: 817.3759164810181
Starting label LEVI, seed 16, iteration 1540, time: 828.5781946182251
Starting label LEVI, seed 16, iteration 1550, time: 841.6476492881775
Starting label LEVI, seed 16, iteration 1560, time: 853.0039784908295
Starting label LEVI, seed 16, iteration 1570, time: 864.745956659317
Starting label LEVI, seed 16, iteration 1580, time: 876.6895215511322
Starting label LEVI, seed 16, iteration 1590, time: 888.7553114891052
Starting label LEVI, seed 16, iteration 1600, time: 902.3805396556854
Starting label LEVI, seed 16, iteration 1610, time: 916.1934850215912
Starting label LEVI, seed 16, iteration 1620, time: 928.1643629074097
Starting label LEVI, seed 16, iteration 1630, time: 943.1886348724365
Starting label LEVI, seed 16, iteration 1640, time: 958.4346556663513
Starting label LEVI, seed 16, iteration 1650, time: 972.2753145694733
Starting label LEVI, seed 16, iteration 1660, time: 986.275059223175
Starting label LEVI, seed 16, iteration 1670, time: 999.3168323040009
Starting label LEVI, seed 16, iteration 1680, time: 1015.2976036071777
Starting label LEVI, seed 16, iteration 1690, time: 1030.20738863945
Starting label LEVI, seed 16, iteration 1700, time: 1047.0541846752167
Starting label LEVI, seed 16, iteration 1710, time: 1063.2730894088745
Starting label LEVI, seed 16, iteration 1720, time: 1079.217398405075
Starting label LEVI, seed 16, iteration 1730, time: 1093.7307238578796
Starting label LEVI, seed 16, iteration 1740, time: 1107.9739198684692
Starting label LEVI, seed 16, iteration 1750, time: 1121.7869262695312
Starting label LEVI, seed 16, iteration 1760, time: 1141.3604197502136
Starting label LEVI, seed 16, iteration 1770, time: 1161.6766247749329
Starting label LEVI, seed 16, iteration 1780, time: 1179.1335318088531
Starting label LEVI, seed 16, iteration 1790, time: 1197.0531640052795
Starting label LEVI, seed 16, iteration 1800, time: 1212.7606534957886
Starting label LEVI, seed 16, iteration 1810, time: 1233.439224243164
Starting label LEVI, seed 16, iteration 1820, time: 1253.259723186493
Starting label LEVI, seed 16, iteration 1830, time: 1270.2650351524353
Starting label LEVI, seed 16, iteration 1840, time: 1289.2084584236145
Starting label LEVI, seed 16, iteration 1850, time: 1307.8428764343262
Starting label LEVI, seed 16, iteration 1860, time: 1328.4832282066345
Starting label LEVI, seed 16, iteration 1870, time: 1346.2977571487427
Starting label LEVI, seed 16, iteration 1880, time: 1366.7539627552032
Starting label LEVI, seed 16, iteration 1890, time: 1385.701187133789
Starting label LEVI, seed 16, iteration 1900, time: 1404.7130687236786
Starting label LEVI, seed 16, iteration 1910, time: 1423.6894237995148
Starting label LEVI, seed 16, iteration 1920, time: 1443.82488489151
Starting label LEVI, seed 16, iteration 1930, time: 1465.2431190013885
Starting label LEVI, seed 16, iteration 1940, time: 1484.2699031829834
Starting label LEVI, seed 16, iteration 1950, time: 1505.580739736557
Starting label LEVI, seed 16, iteration 1960, time: 1527.1911091804504
Starting label LEVI, seed 16, iteration 1970, time: 1544.9520146846771
Starting label LEVI, seed 16, iteration 1980, time: 1568.91095328331
submitit WARNING (2022-10-02 00:55:52,130) - Bypassing signal SIGCONT
submitit WARNING (2022-10-02 00:55:52,181) - Bypassing signal SIGTERM
Starting label LEVI, seed 16, iteration 1990, time: 1588.640499830246
