submitit INFO (2022-10-02 01:50:30,344) - Starting with JobEnvironment(job_id=883570_3, hostname=rush-compute-01.tech.cornell.edu, local_rank=0(1), node=0(1), global_rank=0(1))
submitit INFO (2022-10-02 01:50:30,344) - Loading pickle: /home/gid-cakmaks/contextual_rs/experiments/wsc_experiments/logs/883570_3/883570_3_submitted.pkl
Starting label LEVI, seed 53, iteration 0, time: 0.0004181861877441406
Starting label LEVI, seed 53, iteration 10, time: 5.000027179718018
Starting label LEVI, seed 53, iteration 20, time: 10.020402193069458
Starting label LEVI, seed 53, iteration 30, time: 15.057632684707642
Starting label LEVI, seed 53, iteration 40, time: 20.123123168945312
Starting label LEVI, seed 53, iteration 50, time: 25.24789023399353
Starting label LEVI, seed 53, iteration 60, time: 30.28323221206665
Starting label LEVI, seed 53, iteration 70, time: 35.4073600769043
Starting label LEVI, seed 53, iteration 80, time: 40.3038604259491
Starting label LEVI, seed 53, iteration 90, time: 45.57669758796692
Starting label LEVI, seed 53, iteration 100, time: 50.88994383811951
Starting label LEVI, seed 53, iteration 110, time: 56.26629567146301
Starting label LEVI, seed 53, iteration 120, time: 61.49754333496094
Starting label LEVI, seed 53, iteration 130, time: 66.99800491333008
Starting label LEVI, seed 53, iteration 140, time: 72.64588975906372
Starting label LEVI, seed 53, iteration 150, time: 78.36415553092957
Starting label LEVI, seed 53, iteration 160, time: 84.02330923080444
Starting label LEVI, seed 53, iteration 170, time: 89.60886573791504
Starting label LEVI, seed 53, iteration 180, time: 95.4641284942627
Starting label LEVI, seed 53, iteration 190, time: 101.24072074890137
Starting label LEVI, seed 53, iteration 200, time: 106.93436527252197
Starting label LEVI, seed 53, iteration 210, time: 112.76062393188477
Starting label LEVI, seed 53, iteration 220, time: 118.58880615234375
Starting label LEVI, seed 53, iteration 230, time: 124.40754723548889
Starting label LEVI, seed 53, iteration 240, time: 130.25915455818176
Starting label LEVI, seed 53, iteration 250, time: 135.9367871284485
Starting label LEVI, seed 53, iteration 260, time: 141.35992407798767
Starting label LEVI, seed 53, iteration 270, time: 147.00282549858093
Starting label LEVI, seed 53, iteration 280, time: 152.88789415359497
Starting label LEVI, seed 53, iteration 290, time: 158.7601249217987
Starting label LEVI, seed 53, iteration 300, time: 164.37441515922546
Starting label LEVI, seed 53, iteration 310, time: 169.96480894088745
Starting label LEVI, seed 53, iteration 320, time: 175.38709568977356
Starting label LEVI, seed 53, iteration 330, time: 181.02526092529297
Starting label LEVI, seed 53, iteration 340, time: 186.62239122390747
Starting label LEVI, seed 53, iteration 350, time: 192.22252869606018
Starting label LEVI, seed 53, iteration 360, time: 197.92232084274292
Starting label LEVI, seed 53, iteration 370, time: 203.732816696167
Starting label LEVI, seed 53, iteration 380, time: 209.7807776927948
Starting label LEVI, seed 53, iteration 390, time: 215.7049469947815
Starting label LEVI, seed 53, iteration 400, time: 221.7010338306427
Starting label LEVI, seed 53, iteration 410, time: 227.7552318572998
Starting label LEVI, seed 53, iteration 420, time: 233.89024257659912
Starting label LEVI, seed 53, iteration 430, time: 240.0776002407074
Starting label LEVI, seed 53, iteration 440, time: 246.42409992218018
Starting label LEVI, seed 53, iteration 450, time: 252.7976701259613
Starting label LEVI, seed 53, iteration 460, time: 259.4007477760315
Starting label LEVI, seed 53, iteration 470, time: 265.93754863739014
Starting label LEVI, seed 53, iteration 480, time: 272.7699246406555
Starting label LEVI, seed 53, iteration 490, time: 279.4721112251282
submitit WARNING (2022-10-02 01:55:12,561) - Bypassing signal SIGCONT
submitit WARNING (2022-10-02 01:55:12,629) - Bypassing signal SIGTERM
Starting label LEVI, seed 53, iteration 500, time: 286.2508134841919
Starting label LEVI, seed 53, iteration 510, time: 293.0252139568329
Starting label LEVI, seed 53, iteration 520, time: 299.84396624565125
Starting label LEVI, seed 53, iteration 530, time: 306.88040685653687
