submitit INFO (2022-10-02 03:22:35,098) - Starting with JobEnvironment(job_id=883884_3, hostname=badfellow.cs.cornell.edu, local_rank=0(1), node=0(1), global_rank=0(1))
submitit INFO (2022-10-02 03:22:35,098) - Loading pickle: /home/gid-cakmaks/contextual_rs/experiments/wsc_experiments/logs/883884_3/883884_3_submitted.pkl
Starting label LEVI, seed 93, iteration 0, time: 0.0003268718719482422
Starting label LEVI, seed 93, iteration 10, time: 6.118795871734619
Starting label LEVI, seed 93, iteration 20, time: 7.689053297042847
Starting label LEVI, seed 93, iteration 30, time: 9.236071109771729
Starting label LEVI, seed 93, iteration 40, time: 10.771943092346191
Starting label LEVI, seed 93, iteration 50, time: 12.324300765991211
Starting label LEVI, seed 93, iteration 60, time: 13.907610654830933
Starting label LEVI, seed 93, iteration 70, time: 15.48626708984375
Starting label LEVI, seed 93, iteration 80, time: 16.98929214477539
Starting label LEVI, seed 93, iteration 90, time: 18.589178800582886
Starting label LEVI, seed 93, iteration 100, time: 20.2223858833313
Starting label LEVI, seed 93, iteration 110, time: 21.83131217956543
Starting label LEVI, seed 93, iteration 120, time: 23.444531440734863
Starting label LEVI, seed 93, iteration 130, time: 25.04555606842041
Starting label LEVI, seed 93, iteration 140, time: 26.697925090789795
Starting label LEVI, seed 93, iteration 150, time: 28.31716561317444
Starting label LEVI, seed 93, iteration 160, time: 29.951233625411987
Starting label LEVI, seed 93, iteration 170, time: 31.56494688987732
Starting label LEVI, seed 93, iteration 180, time: 33.21963572502136
Starting label LEVI, seed 93, iteration 190, time: 35.16881489753723
Starting label LEVI, seed 93, iteration 200, time: 36.78909778594971
Starting label LEVI, seed 93, iteration 210, time: 39.27600169181824
Starting label LEVI, seed 93, iteration 220, time: 41.730167388916016
Starting label LEVI, seed 93, iteration 230, time: 44.107762813568115
Starting label LEVI, seed 93, iteration 240, time: 46.081707239151
Starting label LEVI, seed 93, iteration 250, time: 48.43986368179321
Starting label LEVI, seed 93, iteration 260, time: 50.69913029670715
Starting label LEVI, seed 93, iteration 270, time: 52.66141939163208
Starting label LEVI, seed 93, iteration 280, time: 54.350953817367554
Starting label LEVI, seed 93, iteration 290, time: 56.07536792755127
Starting label LEVI, seed 93, iteration 300, time: 57.73074197769165
Starting label LEVI, seed 93, iteration 310, time: 59.46482253074646
Starting label LEVI, seed 93, iteration 320, time: 61.16650891304016
Starting label LEVI, seed 93, iteration 330, time: 62.86690378189087
Starting label LEVI, seed 93, iteration 340, time: 64.58769869804382
Starting label LEVI, seed 93, iteration 350, time: 66.34218668937683
Starting label LEVI, seed 93, iteration 360, time: 68.00456261634827
Starting label LEVI, seed 93, iteration 370, time: 69.8097972869873
Starting label LEVI, seed 93, iteration 380, time: 71.53922867774963
Starting label LEVI, seed 93, iteration 390, time: 73.30669045448303
Starting label LEVI, seed 93, iteration 400, time: 75.08761501312256
Starting label LEVI, seed 93, iteration 410, time: 76.877277135849
Starting label LEVI, seed 93, iteration 420, time: 78.65303111076355
Starting label LEVI, seed 93, iteration 430, time: 80.46408605575562
Starting label LEVI, seed 93, iteration 440, time: 82.2049207687378
Starting label LEVI, seed 93, iteration 450, time: 84.06649208068848
Starting label LEVI, seed 93, iteration 460, time: 85.86729049682617
Starting label LEVI, seed 93, iteration 470, time: 87.8714952468872
Starting label LEVI, seed 93, iteration 480, time: 89.70203471183777
Starting label LEVI, seed 93, iteration 490, time: 91.67829465866089
Starting label LEVI, seed 93, iteration 500, time: 93.74775671958923
Starting label LEVI, seed 93, iteration 510, time: 95.73813462257385
Starting label LEVI, seed 93, iteration 520, time: 97.79491996765137
Starting label LEVI, seed 93, iteration 530, time: 99.84399175643921
Starting label LEVI, seed 93, iteration 540, time: 101.81360793113708
Starting label LEVI, seed 93, iteration 550, time: 103.95202016830444
Starting label LEVI, seed 93, iteration 560, time: 106.09993720054626
Starting label LEVI, seed 93, iteration 570, time: 108.32447791099548
Starting label LEVI, seed 93, iteration 580, time: 110.43174147605896
Starting label LEVI, seed 93, iteration 590, time: 112.65875315666199
Starting label LEVI, seed 93, iteration 600, time: 115.0085563659668
Starting label LEVI, seed 93, iteration 610, time: 117.26783514022827
Starting label LEVI, seed 93, iteration 620, time: 119.57400870323181
Starting label LEVI, seed 93, iteration 630, time: 121.88305497169495
Starting label LEVI, seed 93, iteration 640, time: 124.24582982063293
Starting label LEVI, seed 93, iteration 650, time: 126.76854515075684
Starting label LEVI, seed 93, iteration 660, time: 129.33205842971802
Starting label LEVI, seed 93, iteration 670, time: 131.93744659423828
Starting label LEVI, seed 93, iteration 680, time: 134.45157408714294
submitit WARNING (2022-10-02 03:24:53,466) - Bypassing signal SIGCONT
submitit WARNING (2022-10-02 03:24:53,467) - Bypassing signal SIGTERM
Starting label LEVI, seed 93, iteration 690, time: 137.0373830795288
Starting label LEVI, seed 93, iteration 700, time: 139.60601258277893
Starting label LEVI, seed 93, iteration 710, time: 142.25093960762024
Starting label LEVI, seed 93, iteration 720, time: 144.58785772323608
Starting label LEVI, seed 93, iteration 730, time: 147.42860317230225
Starting label LEVI, seed 93, iteration 740, time: 150.2099094390869
Starting label LEVI, seed 93, iteration 750, time: 152.90594959259033
Starting label LEVI, seed 93, iteration 760, time: 155.8642783164978
Starting label LEVI, seed 93, iteration 770, time: 158.72992634773254
Starting label LEVI, seed 93, iteration 780, time: 161.78431010246277
Starting label LEVI, seed 93, iteration 790, time: 164.64675903320312
