submitit INFO (2022-10-02 02:25:27,783) - Starting with JobEnvironment(job_id=883724_9, hostname=luxlab-compute-01.infosci.cornell.edu, local_rank=0(1), node=0(1), global_rank=0(1))
submitit INFO (2022-10-02 02:25:27,783) - Loading pickle: /home/gid-cakmaks/contextual_rs/experiments/wsc_experiments/logs/883724_9/883724_9_submitted.pkl
Appending iterations to existing output!Warning: If parameters other than `iterations` have been changed, this will corrupt the output!
Starting label LEVI, seed 79, iteration 370, time: 132.77901792526245
Starting label LEVI, seed 79, iteration 380, time: 136.21565508842468
Starting label LEVI, seed 79, iteration 390, time: 139.38697862625122
Starting label LEVI, seed 79, iteration 400, time: 142.62874341011047
Starting label LEVI, seed 79, iteration 410, time: 145.88728141784668
Starting label LEVI, seed 79, iteration 420, time: 148.99326848983765
Starting label LEVI, seed 79, iteration 430, time: 152.36574983596802
Starting label LEVI, seed 79, iteration 440, time: 155.6841220855713
Starting label LEVI, seed 79, iteration 450, time: 159.2132978439331
Starting label LEVI, seed 79, iteration 460, time: 162.72426295280457
Starting label LEVI, seed 79, iteration 470, time: 166.1387858390808
Starting label LEVI, seed 79, iteration 480, time: 169.57840514183044
Starting label LEVI, seed 79, iteration 490, time: 173.10167789459229
Starting label LEVI, seed 79, iteration 500, time: 176.83663535118103
Starting label LEVI, seed 79, iteration 510, time: 180.55648064613342
Starting label LEVI, seed 79, iteration 520, time: 184.27909874916077
Starting label LEVI, seed 79, iteration 530, time: 188.0127637386322
Starting label LEVI, seed 79, iteration 540, time: 191.92772555351257
Starting label LEVI, seed 79, iteration 550, time: 195.56037020683289
Starting label LEVI, seed 79, iteration 560, time: 199.47517085075378
Starting label LEVI, seed 79, iteration 570, time: 203.41908192634583
Starting label LEVI, seed 79, iteration 580, time: 207.25830674171448
Starting label LEVI, seed 79, iteration 590, time: 210.88927149772644
Starting label LEVI, seed 79, iteration 600, time: 214.76077795028687
Starting label LEVI, seed 79, iteration 610, time: 218.59872817993164
Starting label LEVI, seed 79, iteration 620, time: 222.90484309196472
Starting label LEVI, seed 79, iteration 630, time: 226.9947395324707
Starting label LEVI, seed 79, iteration 640, time: 231.08607244491577
Starting label LEVI, seed 79, iteration 650, time: 234.8264298439026
Starting label LEVI, seed 79, iteration 660, time: 239.29589104652405
Starting label LEVI, seed 79, iteration 670, time: 243.45443296432495
Starting label LEVI, seed 79, iteration 680, time: 247.64075565338135
Starting label LEVI, seed 79, iteration 690, time: 251.7522895336151
Starting label LEVI, seed 79, iteration 700, time: 256.081574678421
Starting label LEVI, seed 79, iteration 710, time: 260.82344365119934
Starting label LEVI, seed 79, iteration 720, time: 265.2406396865845
Starting label LEVI, seed 79, iteration 730, time: 269.86104369163513
Starting label LEVI, seed 79, iteration 740, time: 274.12507605552673
Starting label LEVI, seed 79, iteration 750, time: 279.0031907558441
Starting label LEVI, seed 79, iteration 760, time: 283.94336676597595
Starting label LEVI, seed 79, iteration 770, time: 288.72295093536377
Starting label LEVI, seed 79, iteration 780, time: 294.570769071579
Starting label LEVI, seed 79, iteration 790, time: 299.31455397605896
Starting label LEVI, seed 79, iteration 800, time: 303.8808665275574
Starting label LEVI, seed 79, iteration 810, time: 309.15066480636597
Starting label LEVI, seed 79, iteration 820, time: 314.5291247367859
Starting label LEVI, seed 79, iteration 830, time: 319.2227249145508
Starting label LEVI, seed 79, iteration 840, time: 324.4857051372528
Starting label LEVI, seed 79, iteration 850, time: 329.507652759552
Starting label LEVI, seed 79, iteration 860, time: 335.19086742401123
Starting label LEVI, seed 79, iteration 870, time: 340.65374517440796
Starting label LEVI, seed 79, iteration 880, time: 346.1222357749939
Starting label LEVI, seed 79, iteration 890, time: 352.14193749427795
Starting label LEVI, seed 79, iteration 900, time: 358.22632026672363
Starting label LEVI, seed 79, iteration 910, time: 364.7439513206482
Starting label LEVI, seed 79, iteration 920, time: 370.80178570747375
Starting label LEVI, seed 79, iteration 930, time: 375.99127745628357
Starting label LEVI, seed 79, iteration 940, time: 382.4455144405365
Starting label LEVI, seed 79, iteration 950, time: 388.0537507534027
Starting label LEVI, seed 79, iteration 960, time: 393.7932217121124
Starting label LEVI, seed 79, iteration 970, time: 399.8572623729706
Starting label LEVI, seed 79, iteration 980, time: 406.50243306159973
Starting label LEVI, seed 79, iteration 990, time: 412.9981722831726
Starting label LEVI, seed 79, iteration 1000, time: 418.98039531707764
Starting label LEVI, seed 79, iteration 1010, time: 426.2816951274872
Starting label LEVI, seed 79, iteration 1020, time: 433.1735463142395
Starting label LEVI, seed 79, iteration 1030, time: 440.3067123889923
Starting label LEVI, seed 79, iteration 1040, time: 447.2218701839447
Starting label LEVI, seed 79, iteration 1050, time: 453.97773146629333
Starting label LEVI, seed 79, iteration 1060, time: 460.51847672462463
Starting label LEVI, seed 79, iteration 1070, time: 467.10578966140747
Starting label LEVI, seed 79, iteration 1080, time: 475.44522428512573
Starting label LEVI, seed 79, iteration 1090, time: 484.27115201950073
Starting label LEVI, seed 79, iteration 1100, time: 492.12820959091187
Starting label LEVI, seed 79, iteration 1110, time: 500.4278230667114
Starting label LEVI, seed 79, iteration 1120, time: 508.685364484787
Starting label LEVI, seed 79, iteration 1130, time: 516.7302436828613
Starting label LEVI, seed 79, iteration 1140, time: 524.9480016231537
Starting label LEVI, seed 79, iteration 1150, time: 534.3149228096008
Starting label LEVI, seed 79, iteration 1160, time: 543.3689987659454
Starting label LEVI, seed 79, iteration 1170, time: 552.7317254543304
Starting label LEVI, seed 79, iteration 1180, time: 562.3242683410645
Starting label LEVI, seed 79, iteration 1190, time: 572.0658085346222
Starting label LEVI, seed 79, iteration 1200, time: 580.0492570400238
Starting label LEVI, seed 79, iteration 1210, time: 588.9550557136536
Starting label LEVI, seed 79, iteration 1220, time: 599.1140282154083
Starting label LEVI, seed 79, iteration 1230, time: 607.6855890750885
Starting label LEVI, seed 79, iteration 1240, time: 618.4072706699371
Starting label LEVI, seed 79, iteration 1250, time: 628.378749370575
Starting label LEVI, seed 79, iteration 1260, time: 638.3738226890564
Starting label LEVI, seed 79, iteration 1270, time: 649.6240174770355
Starting label LEVI, seed 79, iteration 1280, time: 658.6105320453644
Starting label LEVI, seed 79, iteration 1290, time: 667.7014951705933
Starting label LEVI, seed 79, iteration 1300, time: 678.2499461174011
Starting label LEVI, seed 79, iteration 1310, time: 687.417070388794
Starting label LEVI, seed 79, iteration 1320, time: 697.2315602302551
Starting label LEVI, seed 79, iteration 1330, time: 706.7132456302643
Starting label LEVI, seed 79, iteration 1340, time: 717.3953249454498
Starting label LEVI, seed 79, iteration 1350, time: 728.4319243431091
Starting label LEVI, seed 79, iteration 1360, time: 737.6831483840942
Starting label LEVI, seed 79, iteration 1370, time: 749.1962609291077
Starting label LEVI, seed 79, iteration 1380, time: 760.958594083786
Starting label LEVI, seed 79, iteration 1390, time: 773.5313708782196
Starting label LEVI, seed 79, iteration 1400, time: 785.8230166435242
Starting label LEVI, seed 79, iteration 1410, time: 796.0583448410034
Starting label LEVI, seed 79, iteration 1420, time: 810.1745376586914
Starting label LEVI, seed 79, iteration 1430, time: 822.7878696918488
Starting label LEVI, seed 79, iteration 1440, time: 834.3105897903442
Starting label LEVI, seed 79, iteration 1450, time: 848.5712335109711
Starting label LEVI, seed 79, iteration 1460, time: 862.5256140232086
Starting label LEVI, seed 79, iteration 1470, time: 874.9006195068359
Starting label LEVI, seed 79, iteration 1480, time: 886.7713191509247
Starting label LEVI, seed 79, iteration 1490, time: 902.1587817668915
Starting label LEVI, seed 79, iteration 1500, time: 917.2203707695007
Starting label LEVI, seed 79, iteration 1510, time: 931.8098332881927
Starting label LEVI, seed 79, iteration 1520, time: 946.9442579746246
Starting label LEVI, seed 79, iteration 1530, time: 960.4315466880798
Starting label LEVI, seed 79, iteration 1540, time: 972.8415896892548
Starting label LEVI, seed 79, iteration 1550, time: 988.3902189731598
Starting label LEVI, seed 79, iteration 1560, time: 1001.924920797348
Starting label LEVI, seed 79, iteration 1570, time: 1018.5829908847809
Starting label LEVI, seed 79, iteration 1580, time: 1032.6545293331146
Starting label LEVI, seed 79, iteration 1590, time: 1050.1419339179993
Starting label LEVI, seed 79, iteration 1600, time: 1064.9551289081573
Starting label LEVI, seed 79, iteration 1610, time: 1082.6462941169739
Starting label LEVI, seed 79, iteration 1620, time: 1098.6624040603638
Starting label LEVI, seed 79, iteration 1630, time: 1114.2972664833069
Starting label LEVI, seed 79, iteration 1640, time: 1131.5280084609985
Starting label LEVI, seed 79, iteration 1650, time: 1149.8911106586456
Starting label LEVI, seed 79, iteration 1660, time: 1170.7442791461945
Starting label LEVI, seed 79, iteration 1670, time: 1189.550148487091
Starting label LEVI, seed 79, iteration 1680, time: 1210.2070500850677
Starting label LEVI, seed 79, iteration 1690, time: 1226.8046643733978
Starting label LEVI, seed 79, iteration 1700, time: 1243.8446071147919
Starting label LEVI, seed 79, iteration 1710, time: 1263.7834045886993
Starting label LEVI, seed 79, iteration 1720, time: 1286.2384028434753
Starting label LEVI, seed 79, iteration 1730, time: 1304.5145812034607
Starting label LEVI, seed 79, iteration 1740, time: 1326.3184468746185
Starting label LEVI, seed 79, iteration 1750, time: 1345.436524629593
Starting label LEVI, seed 79, iteration 1760, time: 1361.2536387443542
Starting label LEVI, seed 79, iteration 1770, time: 1378.6501786708832
Starting label LEVI, seed 79, iteration 1780, time: 1395.3530666828156
Starting label LEVI, seed 79, iteration 1790, time: 1418.4404067993164
Starting label LEVI, seed 79, iteration 1800, time: 1435.4091811180115
Starting label LEVI, seed 79, iteration 1810, time: 1452.8362951278687
Starting label LEVI, seed 79, iteration 1820, time: 1470.7861630916595
Starting label LEVI, seed 79, iteration 1830, time: 1489.0320796966553
Starting label LEVI, seed 79, iteration 1840, time: 1512.9202921390533
Starting label LEVI, seed 79, iteration 1850, time: 1540.5417277812958
Starting label LEVI, seed 79, iteration 1860, time: 1569.08349776268
Starting label LEVI, seed 79, iteration 1870, time: 1595.0965931415558
Starting label LEVI, seed 79, iteration 1880, time: 1614.5865921974182
Starting label LEVI, seed 79, iteration 1890, time: 1633.7630484104156
Starting label LEVI, seed 79, iteration 1900, time: 1656.9375312328339
Starting label LEVI, seed 79, iteration 1910, time: 1676.8336412906647
Starting label LEVI, seed 79, iteration 1920, time: 1698.7003829479218
Starting label LEVI, seed 79, iteration 1930, time: 1727.8076663017273
Starting label LEVI, seed 79, iteration 1940, time: 1749.6491975784302
Starting label LEVI, seed 79, iteration 1950, time: 1780.4871189594269
Starting label LEVI, seed 79, iteration 1960, time: 1814.2663486003876
Starting label LEVI, seed 79, iteration 1970, time: 1840.8092331886292
Starting label LEVI, seed 79, iteration 1980, time: 1876.2476394176483
Starting label LEVI, seed 79, iteration 1990, time: 1910.5572438240051
submitit INFO (2022-10-02 02:55:35,062) - Job completed successfully
