submitit INFO (2022-10-02 01:50:52,047) - Starting with JobEnvironment(job_id=883570_9, hostname=campbell-compute-01.mae.cornell.edu, local_rank=0(1), node=0(1), global_rank=0(1))
submitit INFO (2022-10-02 01:50:52,047) - Loading pickle: /home/gid-cakmaks/contextual_rs/experiments/wsc_experiments/logs/883570_9/883570_9_submitted.pkl
Starting label LEVI, seed 59, iteration 0, time: 0.013292551040649414
Starting label LEVI, seed 59, iteration 10, time: 7.302945375442505
Starting label LEVI, seed 59, iteration 20, time: 13.18137812614441
Starting label LEVI, seed 59, iteration 30, time: 19.046085119247437
Starting label LEVI, seed 59, iteration 40, time: 25.019330501556396
Starting label LEVI, seed 59, iteration 50, time: 31.208707094192505
Starting label LEVI, seed 59, iteration 60, time: 37.53997492790222
Starting label LEVI, seed 59, iteration 70, time: 43.45962905883789
Starting label LEVI, seed 59, iteration 80, time: 49.27766489982605
Starting label LEVI, seed 59, iteration 90, time: 55.06133270263672
Starting label LEVI, seed 59, iteration 100, time: 60.7665319442749
Starting label LEVI, seed 59, iteration 110, time: 66.31912136077881
Starting label LEVI, seed 59, iteration 120, time: 72.04608225822449
Starting label LEVI, seed 59, iteration 130, time: 77.79183888435364
Starting label LEVI, seed 59, iteration 140, time: 83.52095770835876
Starting label LEVI, seed 59, iteration 150, time: 89.54139709472656
Starting label LEVI, seed 59, iteration 160, time: 95.52345204353333
Starting label LEVI, seed 59, iteration 170, time: 101.53541684150696
Starting label LEVI, seed 59, iteration 180, time: 107.46551060676575
Starting label LEVI, seed 59, iteration 190, time: 113.35770177841187
Starting label LEVI, seed 59, iteration 200, time: 119.27529859542847
Starting label LEVI, seed 59, iteration 210, time: 125.05260610580444
Starting label LEVI, seed 59, iteration 220, time: 130.6072256565094
Starting label LEVI, seed 59, iteration 230, time: 136.37829399108887
Starting label LEVI, seed 59, iteration 240, time: 142.20673823356628
Starting label LEVI, seed 59, iteration 250, time: 148.17938613891602
Starting label LEVI, seed 59, iteration 260, time: 156.84368205070496
Starting label LEVI, seed 59, iteration 270, time: 162.8447563648224
Starting label LEVI, seed 59, iteration 280, time: 168.99499225616455
Starting label LEVI, seed 59, iteration 290, time: 175.29027032852173
Starting label LEVI, seed 59, iteration 300, time: 181.71405625343323
Starting label LEVI, seed 59, iteration 310, time: 188.3526623249054
Starting label LEVI, seed 59, iteration 320, time: 194.5799059867859
Starting label LEVI, seed 59, iteration 330, time: 200.87896752357483
Starting label LEVI, seed 59, iteration 340, time: 207.07315278053284
Starting label LEVI, seed 59, iteration 350, time: 213.25243020057678
Starting label LEVI, seed 59, iteration 360, time: 219.41268730163574
Starting label LEVI, seed 59, iteration 370, time: 225.54971504211426
Starting label LEVI, seed 59, iteration 380, time: 231.53516244888306
Starting label LEVI, seed 59, iteration 390, time: 237.75092029571533
Starting label LEVI, seed 59, iteration 400, time: 243.84489512443542
Starting label LEVI, seed 59, iteration 410, time: 250.06037282943726
Starting label LEVI, seed 59, iteration 420, time: 256.23425340652466
submitit WARNING (2022-10-02 01:55:12,515) - Bypassing signal SIGCONT
submitit WARNING (2022-10-02 01:55:12,570) - Bypassing signal SIGTERM
Starting label LEVI, seed 59, iteration 430, time: 262.51464223861694
Starting label LEVI, seed 59, iteration 440, time: 268.85432028770447
Starting label LEVI, seed 59, iteration 450, time: 275.2033793926239
Starting label LEVI, seed 59, iteration 460, time: 281.3986279964447
Starting label LEVI, seed 59, iteration 470, time: 287.6781253814697
