submitit INFO (2022-10-02 13:26:42,251) - Starting with JobEnvironment(job_id=884531_5, hostname=sablab-gpu-02.ece.cornell.edu, local_rank=0(1), node=0(1), global_rank=0(1))
submitit INFO (2022-10-02 13:26:42,251) - Loading pickle: /home/gid-cakmaks/contextual_rs/experiments/wsc_experiments/logs/884531_5/884531_5_submitted.pkl
Appending iterations to existing output!Warning: If parameters other than `iterations` have been changed, this will corrupt the output!
Starting label LEVI, seed 15, iteration 570, time: 341.06712436676025
Starting label LEVI, seed 15, iteration 580, time: 347.7981188297272
Starting label LEVI, seed 15, iteration 590, time: 354.73564434051514
Starting label LEVI, seed 15, iteration 600, time: 361.58046102523804
Starting label LEVI, seed 15, iteration 610, time: 368.84795451164246
Starting label LEVI, seed 15, iteration 620, time: 375.9733226299286
Starting label LEVI, seed 15, iteration 630, time: 382.5724747180939
Starting label LEVI, seed 15, iteration 640, time: 389.51711535453796
Starting label LEVI, seed 15, iteration 650, time: 395.96537923812866
Starting label LEVI, seed 15, iteration 660, time: 402.66018509864807
Starting label LEVI, seed 15, iteration 670, time: 409.2523832321167
Starting label LEVI, seed 15, iteration 680, time: 416.684796333313
Starting label LEVI, seed 15, iteration 690, time: 423.3651101589203
Starting label LEVI, seed 15, iteration 700, time: 429.98846411705017
Starting label LEVI, seed 15, iteration 710, time: 437.26395082473755
Starting label LEVI, seed 15, iteration 720, time: 445.0332067012787
Starting label LEVI, seed 15, iteration 730, time: 451.61898136138916
Starting label LEVI, seed 15, iteration 740, time: 458.75418305397034
Starting label LEVI, seed 15, iteration 750, time: 466.1273694038391
Starting label LEVI, seed 15, iteration 760, time: 473.8521683216095
Starting label LEVI, seed 15, iteration 770, time: 481.4963529109955
Starting label LEVI, seed 15, iteration 780, time: 489.5572416782379
Starting label LEVI, seed 15, iteration 790, time: 496.9482066631317
Starting label LEVI, seed 15, iteration 800, time: 503.9595305919647
Starting label LEVI, seed 15, iteration 810, time: 511.3775227069855
Starting label LEVI, seed 15, iteration 820, time: 518.4079568386078
Starting label LEVI, seed 15, iteration 830, time: 525.245194196701
Starting label LEVI, seed 15, iteration 840, time: 532.0608580112457
Starting label LEVI, seed 15, iteration 850, time: 538.959310054779
Starting label LEVI, seed 15, iteration 860, time: 546.7875165939331
Starting label LEVI, seed 15, iteration 870, time: 553.4486248493195
Starting label LEVI, seed 15, iteration 880, time: 561.3244252204895
Starting label LEVI, seed 15, iteration 890, time: 568.1856689453125
Starting label LEVI, seed 15, iteration 900, time: 575.9270327091217
Starting label LEVI, seed 15, iteration 910, time: 583.4990227222443
Starting label LEVI, seed 15, iteration 920, time: 590.7312774658203
Starting label LEVI, seed 15, iteration 930, time: 598.3481106758118
Starting label LEVI, seed 15, iteration 940, time: 605.4681966304779
Starting label LEVI, seed 15, iteration 950, time: 613.1921584606171
Starting label LEVI, seed 15, iteration 960, time: 620.1833388805389
Starting label LEVI, seed 15, iteration 970, time: 628.0727002620697
Starting label LEVI, seed 15, iteration 980, time: 635.9144763946533
Starting label LEVI, seed 15, iteration 990, time: 643.7676250934601
Starting label LEVI, seed 15, iteration 1000, time: 651.1275305747986
Starting label LEVI, seed 15, iteration 1010, time: 658.8460552692413
Starting label LEVI, seed 15, iteration 1020, time: 667.5549101829529
Starting label LEVI, seed 15, iteration 1030, time: 674.960595369339
Starting label LEVI, seed 15, iteration 1040, time: 682.4407386779785
Starting label LEVI, seed 15, iteration 1050, time: 690.7830789089203
Starting label LEVI, seed 15, iteration 1060, time: 699.3523635864258
Starting label LEVI, seed 15, iteration 1070, time: 706.7198028564453
Starting label LEVI, seed 15, iteration 1080, time: 714.5906174182892
Starting label LEVI, seed 15, iteration 1090, time: 722.3790447711945
Starting label LEVI, seed 15, iteration 1100, time: 729.3791537284851
Starting label LEVI, seed 15, iteration 1110, time: 737.2869153022766
Starting label LEVI, seed 15, iteration 1120, time: 744.450875043869
Starting label LEVI, seed 15, iteration 1130, time: 751.9242627620697
Starting label LEVI, seed 15, iteration 1140, time: 759.0643317699432
Starting label LEVI, seed 15, iteration 1150, time: 765.671688079834
Starting label LEVI, seed 15, iteration 1160, time: 772.6438407897949
Starting label LEVI, seed 15, iteration 1170, time: 780.0344626903534
Starting label LEVI, seed 15, iteration 1180, time: 788.3332033157349
Starting label LEVI, seed 15, iteration 1190, time: 795.1846911907196
Starting label LEVI, seed 15, iteration 1200, time: 802.4199583530426
Starting label LEVI, seed 15, iteration 1210, time: 810.0491540431976
Starting label LEVI, seed 15, iteration 1220, time: 818.8002607822418
Starting label LEVI, seed 15, iteration 1230, time: 826.9361901283264
Starting label LEVI, seed 15, iteration 1240, time: 835.229110956192
Starting label LEVI, seed 15, iteration 1250, time: 844.3630795478821
Starting label LEVI, seed 15, iteration 1260, time: 853.0200984477997
Starting label LEVI, seed 15, iteration 1270, time: 861.9230055809021
Starting label LEVI, seed 15, iteration 1280, time: 870.10129737854
Starting label LEVI, seed 15, iteration 1290, time: 878.518247127533
Starting label LEVI, seed 15, iteration 1300, time: 886.982985496521
Starting label LEVI, seed 15, iteration 1310, time: 895.3689541816711
Starting label LEVI, seed 15, iteration 1320, time: 904.7164430618286
Starting label LEVI, seed 15, iteration 1330, time: 913.0710813999176
Starting label LEVI, seed 15, iteration 1340, time: 921.1045892238617
Starting label LEVI, seed 15, iteration 1350, time: 930.1623799800873
Starting label LEVI, seed 15, iteration 1360, time: 938.7899878025055
Starting label LEVI, seed 15, iteration 1370, time: 947.7724807262421
Starting label LEVI, seed 15, iteration 1380, time: 956.8696191310883
Starting label LEVI, seed 15, iteration 1390, time: 965.6326251029968
Starting label LEVI, seed 15, iteration 1400, time: 974.9650263786316
Starting label LEVI, seed 15, iteration 1410, time: 984.4328720569611
Starting label LEVI, seed 15, iteration 1420, time: 993.6645860671997
Starting label LEVI, seed 15, iteration 1430, time: 1001.3734614849091
Starting label LEVI, seed 15, iteration 1440, time: 1010.0172741413116
Starting label LEVI, seed 15, iteration 1450, time: 1018.871817111969
Starting label LEVI, seed 15, iteration 1460, time: 1028.1870276927948
Starting label LEVI, seed 15, iteration 1470, time: 1037.0506701469421
Starting label LEVI, seed 15, iteration 1480, time: 1045.9676413536072
Starting label LEVI, seed 15, iteration 1490, time: 1055.2354443073273
Starting label LEVI, seed 15, iteration 1500, time: 1064.6969001293182
Starting label LEVI, seed 15, iteration 1510, time: 1075.0620648860931
Starting label LEVI, seed 15, iteration 1520, time: 1083.9913856983185
Starting label LEVI, seed 15, iteration 1530, time: 1093.2709374427795
Starting label LEVI, seed 15, iteration 1540, time: 1101.6104888916016
Starting label LEVI, seed 15, iteration 1550, time: 1112.162847518921
Starting label LEVI, seed 15, iteration 1560, time: 1121.6774444580078
Starting label LEVI, seed 15, iteration 1570, time: 1130.4593892097473
Starting label LEVI, seed 15, iteration 1580, time: 1139.376577615738
Starting label LEVI, seed 15, iteration 1590, time: 1150.5293200016022
Starting label LEVI, seed 15, iteration 1600, time: 1160.2783856391907
Starting label LEVI, seed 15, iteration 1610, time: 1171.3781290054321
Starting label LEVI, seed 15, iteration 1620, time: 1181.126713514328
Starting label LEVI, seed 15, iteration 1630, time: 1192.195234298706
Starting label LEVI, seed 15, iteration 1640, time: 1201.7426657676697
Starting label LEVI, seed 15, iteration 1650, time: 1213.8097040653229
Starting label LEVI, seed 15, iteration 1660, time: 1224.0587377548218
Starting label LEVI, seed 15, iteration 1670, time: 1233.896861076355
Starting label LEVI, seed 15, iteration 1680, time: 1244.1096549034119
Starting label LEVI, seed 15, iteration 1690, time: 1254.572022676468
Starting label LEVI, seed 15, iteration 1700, time: 1264.2910749912262
Starting label LEVI, seed 15, iteration 1710, time: 1275.0872521400452
Starting label LEVI, seed 15, iteration 1720, time: 1286.2601506710052
Starting label LEVI, seed 15, iteration 1730, time: 1297.9425947666168
Starting label LEVI, seed 15, iteration 1740, time: 1309.259351491928
Starting label LEVI, seed 15, iteration 1750, time: 1320.019671201706
Starting label LEVI, seed 15, iteration 1760, time: 1331.063019990921
Starting label LEVI, seed 15, iteration 1770, time: 1342.6869428157806
Starting label LEVI, seed 15, iteration 1780, time: 1354.4317591190338
Starting label LEVI, seed 15, iteration 1790, time: 1365.555995464325
Starting label LEVI, seed 15, iteration 1800, time: 1376.386631011963
Starting label LEVI, seed 15, iteration 1810, time: 1387.5265684127808
Starting label LEVI, seed 15, iteration 1820, time: 1398.9238719940186
Starting label LEVI, seed 15, iteration 1830, time: 1409.707839012146
Starting label LEVI, seed 15, iteration 1840, time: 1423.264076948166
Starting label LEVI, seed 15, iteration 1850, time: 1435.7518603801727
Starting label LEVI, seed 15, iteration 1860, time: 1446.9215428829193
Starting label LEVI, seed 15, iteration 1870, time: 1458.0740337371826
Starting label LEVI, seed 15, iteration 1880, time: 1469.5702271461487
Starting label LEVI, seed 15, iteration 1890, time: 1481.9855167865753
Starting label LEVI, seed 15, iteration 1900, time: 1493.892974615097
Starting label LEVI, seed 15, iteration 1910, time: 1504.9183537960052
Starting label LEVI, seed 15, iteration 1920, time: 1516.0494515895844
Starting label LEVI, seed 15, iteration 1930, time: 1527.4848742485046
Starting label LEVI, seed 15, iteration 1940, time: 1539.9519634246826
Starting label LEVI, seed 15, iteration 1950, time: 1552.1610853672028
Starting label LEVI, seed 15, iteration 1960, time: 1565.3532750606537
Starting label LEVI, seed 15, iteration 1970, time: 1577.0164251327515
Starting label LEVI, seed 15, iteration 1980, time: 1588.7358322143555
Starting label LEVI, seed 15, iteration 1990, time: 1601.7593936920166
submitit INFO (2022-10-02 13:47:58,786) - Job completed successfully
