submitit INFO (2022-10-02 13:29:40,076) - Starting with JobEnvironment(job_id=884571_8, hostname=sablab-gpu-06.ece.cornell.edu, local_rank=0(1), node=0(1), global_rank=0(1))
submitit INFO (2022-10-02 13:29:40,077) - Loading pickle: /home/gid-cakmaks/contextual_rs/experiments/wsc_experiments/logs/884571_8/884571_8_submitted.pkl
Appending iterations to existing output!Warning: If parameters other than `iterations` have been changed, this will corrupt the output!
Starting label LEVI, seed 58, iteration 480, time: 287.35638070106506
Starting label LEVI, seed 58, iteration 490, time: 294.9611566066742
Starting label LEVI, seed 58, iteration 500, time: 302.38374972343445
Starting label LEVI, seed 58, iteration 510, time: 309.57006454467773
Starting label LEVI, seed 58, iteration 520, time: 316.5754141807556
Starting label LEVI, seed 58, iteration 530, time: 323.75853085517883
Starting label LEVI, seed 58, iteration 540, time: 330.81755352020264
Starting label LEVI, seed 58, iteration 550, time: 337.7583363056183
Starting label LEVI, seed 58, iteration 560, time: 344.7827994823456
Starting label LEVI, seed 58, iteration 570, time: 351.6973159313202
Starting label LEVI, seed 58, iteration 580, time: 358.9895508289337
Starting label LEVI, seed 58, iteration 590, time: 365.7273404598236
Starting label LEVI, seed 58, iteration 600, time: 372.7029094696045
Starting label LEVI, seed 58, iteration 610, time: 379.53333926200867
Starting label LEVI, seed 58, iteration 620, time: 386.35878825187683
Starting label LEVI, seed 58, iteration 630, time: 393.18983912467957
Starting label LEVI, seed 58, iteration 640, time: 399.79881048202515
Starting label LEVI, seed 58, iteration 650, time: 406.4685163497925
Starting label LEVI, seed 58, iteration 660, time: 413.4160416126251
Starting label LEVI, seed 58, iteration 670, time: 420.1384825706482
Starting label LEVI, seed 58, iteration 680, time: 426.82993817329407
Starting label LEVI, seed 58, iteration 690, time: 433.6922507286072
Starting label LEVI, seed 58, iteration 700, time: 440.86504197120667
Starting label LEVI, seed 58, iteration 710, time: 447.85517597198486
Starting label LEVI, seed 58, iteration 720, time: 454.8511004447937
Starting label LEVI, seed 58, iteration 730, time: 461.7554349899292
Starting label LEVI, seed 58, iteration 740, time: 468.5475399494171
Starting label LEVI, seed 58, iteration 750, time: 475.8185405731201
Starting label LEVI, seed 58, iteration 760, time: 483.1005539894104
Starting label LEVI, seed 58, iteration 770, time: 490.7100031375885
Starting label LEVI, seed 58, iteration 780, time: 498.35128951072693
Starting label LEVI, seed 58, iteration 790, time: 506.2542371749878
Starting label LEVI, seed 58, iteration 800, time: 514.1246752738953
Starting label LEVI, seed 58, iteration 810, time: 521.9167966842651
Starting label LEVI, seed 58, iteration 820, time: 529.4107785224915
Starting label LEVI, seed 58, iteration 830, time: 536.3687672615051
Starting label LEVI, seed 58, iteration 840, time: 543.4734265804291
Starting label LEVI, seed 58, iteration 850, time: 551.493245601654
Starting label LEVI, seed 58, iteration 860, time: 559.8390173912048
Starting label LEVI, seed 58, iteration 870, time: 567.8571453094482
Starting label LEVI, seed 58, iteration 880, time: 575.3883199691772
Starting label LEVI, seed 58, iteration 890, time: 583.2253062725067
Starting label LEVI, seed 58, iteration 900, time: 591.157331943512
Starting label LEVI, seed 58, iteration 910, time: 599.2102558612823
Starting label LEVI, seed 58, iteration 920, time: 606.9839553833008
Starting label LEVI, seed 58, iteration 930, time: 614.5561935901642
Starting label LEVI, seed 58, iteration 940, time: 622.5890815258026
Starting label LEVI, seed 58, iteration 950, time: 630.5333847999573
Starting label LEVI, seed 58, iteration 960, time: 638.4094545841217
Starting label LEVI, seed 58, iteration 970, time: 646.5594375133514
Starting label LEVI, seed 58, iteration 980, time: 654.5472044944763
Starting label LEVI, seed 58, iteration 990, time: 662.3816728591919
Starting label LEVI, seed 58, iteration 1000, time: 670.192132472992
Starting label LEVI, seed 58, iteration 1010, time: 678.2305564880371
Starting label LEVI, seed 58, iteration 1020, time: 686.4893205165863
Starting label LEVI, seed 58, iteration 1030, time: 694.8361752033234
Starting label LEVI, seed 58, iteration 1040, time: 703.0202095508575
Starting label LEVI, seed 58, iteration 1050, time: 711.0292811393738
Starting label LEVI, seed 58, iteration 1060, time: 719.3011498451233
Starting label LEVI, seed 58, iteration 1070, time: 727.1541817188263
Starting label LEVI, seed 58, iteration 1080, time: 734.8065347671509
Starting label LEVI, seed 58, iteration 1090, time: 743.1001632213593
Starting label LEVI, seed 58, iteration 1100, time: 751.4619915485382
Starting label LEVI, seed 58, iteration 1110, time: 759.6233289241791
Starting label LEVI, seed 58, iteration 1120, time: 768.024783372879
Starting label LEVI, seed 58, iteration 1130, time: 777.02809715271
Starting label LEVI, seed 58, iteration 1140, time: 786.5733518600464
Starting label LEVI, seed 58, iteration 1150, time: 795.4694697856903
Starting label LEVI, seed 58, iteration 1160, time: 804.7295541763306
Starting label LEVI, seed 58, iteration 1170, time: 814.090550661087
Starting label LEVI, seed 58, iteration 1180, time: 823.2517850399017
Starting label LEVI, seed 58, iteration 1190, time: 832.4507622718811
Starting label LEVI, seed 58, iteration 1200, time: 841.1530940532684
Starting label LEVI, seed 58, iteration 1210, time: 849.9253942966461
Starting label LEVI, seed 58, iteration 1220, time: 859.1957907676697
Starting label LEVI, seed 58, iteration 1230, time: 868.1360356807709
Starting label LEVI, seed 58, iteration 1240, time: 877.1690895557404
Starting label LEVI, seed 58, iteration 1250, time: 886.6525182723999
Starting label LEVI, seed 58, iteration 1260, time: 895.8302619457245
Starting label LEVI, seed 58, iteration 1270, time: 905.1859092712402
Starting label LEVI, seed 58, iteration 1280, time: 914.5860621929169
Starting label LEVI, seed 58, iteration 1290, time: 924.1560983657837
Starting label LEVI, seed 58, iteration 1300, time: 933.7297012805939
Starting label LEVI, seed 58, iteration 1310, time: 942.3830637931824
Starting label LEVI, seed 58, iteration 1320, time: 951.3362851142883
Starting label LEVI, seed 58, iteration 1330, time: 960.6357452869415
Starting label LEVI, seed 58, iteration 1340, time: 969.8845419883728
Starting label LEVI, seed 58, iteration 1350, time: 979.1308104991913
Starting label LEVI, seed 58, iteration 1360, time: 988.2300992012024
Starting label LEVI, seed 58, iteration 1370, time: 998.2756109237671
Starting label LEVI, seed 58, iteration 1380, time: 1008.1569812297821
Starting label LEVI, seed 58, iteration 1390, time: 1017.8874611854553
Starting label LEVI, seed 58, iteration 1400, time: 1027.237422466278
Starting label LEVI, seed 58, iteration 1410, time: 1036.6919684410095
Starting label LEVI, seed 58, iteration 1420, time: 1045.9937860965729
Starting label LEVI, seed 58, iteration 1430, time: 1056.018678188324
Starting label LEVI, seed 58, iteration 1440, time: 1066.096987247467
Starting label LEVI, seed 58, iteration 1450, time: 1075.5875990390778
Starting label LEVI, seed 58, iteration 1460, time: 1084.9007771015167
Starting label LEVI, seed 58, iteration 1470, time: 1094.1772408485413
Starting label LEVI, seed 58, iteration 1480, time: 1104.0322296619415
Starting label LEVI, seed 58, iteration 1490, time: 1113.584426164627
Starting label LEVI, seed 58, iteration 1500, time: 1122.999508857727
Starting label LEVI, seed 58, iteration 1510, time: 1132.1724982261658
Starting label LEVI, seed 58, iteration 1520, time: 1141.847815990448
Starting label LEVI, seed 58, iteration 1530, time: 1152.5465643405914
Starting label LEVI, seed 58, iteration 1540, time: 1162.8283681869507
Starting label LEVI, seed 58, iteration 1550, time: 1173.228749513626
Starting label LEVI, seed 58, iteration 1560, time: 1183.537738084793
Starting label LEVI, seed 58, iteration 1570, time: 1193.6713740825653
Starting label LEVI, seed 58, iteration 1580, time: 1203.952758550644
Starting label LEVI, seed 58, iteration 1590, time: 1213.978194475174
Starting label LEVI, seed 58, iteration 1600, time: 1224.2460033893585
Starting label LEVI, seed 58, iteration 1610, time: 1234.7835230827332
Starting label LEVI, seed 58, iteration 1620, time: 1244.971970796585
Starting label LEVI, seed 58, iteration 1630, time: 1255.8323884010315
Starting label LEVI, seed 58, iteration 1640, time: 1266.971066236496
Starting label LEVI, seed 58, iteration 1650, time: 1278.32754778862
Starting label LEVI, seed 58, iteration 1660, time: 1289.1695733070374
Starting label LEVI, seed 58, iteration 1670, time: 1299.3336019515991
Starting label LEVI, seed 58, iteration 1680, time: 1311.000872850418
Starting label LEVI, seed 58, iteration 1690, time: 1322.2761297225952
Starting label LEVI, seed 58, iteration 1700, time: 1333.8891451358795
Starting label LEVI, seed 58, iteration 1710, time: 1345.7853903770447
Starting label LEVI, seed 58, iteration 1720, time: 1357.6295568943024
Starting label LEVI, seed 58, iteration 1730, time: 1368.3908622264862
Starting label LEVI, seed 58, iteration 1740, time: 1378.7911312580109
Starting label LEVI, seed 58, iteration 1750, time: 1389.5895400047302
Starting label LEVI, seed 58, iteration 1760, time: 1400.3188071250916
Starting label LEVI, seed 58, iteration 1770, time: 1411.869609117508
Starting label LEVI, seed 58, iteration 1780, time: 1423.9414591789246
Starting label LEVI, seed 58, iteration 1790, time: 1435.11256814003
Starting label LEVI, seed 58, iteration 1800, time: 1446.14009475708
Starting label LEVI, seed 58, iteration 1810, time: 1457.1970853805542
Starting label LEVI, seed 58, iteration 1820, time: 1469.1110846996307
Starting label LEVI, seed 58, iteration 1830, time: 1480.941977739334
Starting label LEVI, seed 58, iteration 1840, time: 1492.8768191337585
Starting label LEVI, seed 58, iteration 1850, time: 1505.053008556366
Starting label LEVI, seed 58, iteration 1860, time: 1518.2334423065186
Starting label LEVI, seed 58, iteration 1870, time: 1530.3192477226257
Starting label LEVI, seed 58, iteration 1880, time: 1542.9305078983307
Starting label LEVI, seed 58, iteration 1890, time: 1555.8815658092499
Starting label LEVI, seed 58, iteration 1900, time: 1568.9305181503296
Starting label LEVI, seed 58, iteration 1910, time: 1581.5557949543
Starting label LEVI, seed 58, iteration 1920, time: 1593.595703125
Starting label LEVI, seed 58, iteration 1930, time: 1605.8357996940613
Starting label LEVI, seed 58, iteration 1940, time: 1618.4830541610718
Starting label LEVI, seed 58, iteration 1950, time: 1629.947342157364
Starting label LEVI, seed 58, iteration 1960, time: 1642.3052062988281
Starting label LEVI, seed 58, iteration 1970, time: 1653.3752048015594
Starting label LEVI, seed 58, iteration 1980, time: 1665.1182761192322
Starting label LEVI, seed 58, iteration 1990, time: 1677.029795408249
submitit INFO (2022-10-02 13:53:04,992) - Job completed successfully
