submitit INFO (2022-10-02 00:50:03,787) - Starting with JobEnvironment(job_id=883292_8, hostname=davis-compute-01.cs.cornell.edu, local_rank=0(1), node=0(1), global_rank=0(1))
submitit INFO (2022-10-02 00:50:03,787) - Loading pickle: /home/gid-cakmaks/contextual_rs/experiments/wsc_experiments/logs/883292_8/883292_8_submitted.pkl
Starting label LEVI, seed 68, iteration 0, time: 0.000331878662109375
Starting label LEVI, seed 68, iteration 10, time: 2.1464438438415527
Starting label LEVI, seed 68, iteration 20, time: 4.325565814971924
Starting label LEVI, seed 68, iteration 30, time: 6.547156572341919
Starting label LEVI, seed 68, iteration 40, time: 8.79804515838623
Starting label LEVI, seed 68, iteration 50, time: 10.809921741485596
Starting label LEVI, seed 68, iteration 60, time: 13.077241897583008
Starting label LEVI, seed 68, iteration 70, time: 15.413008689880371
Starting label LEVI, seed 68, iteration 80, time: 17.53938388824463
Starting label LEVI, seed 68, iteration 90, time: 19.778778791427612
Starting label LEVI, seed 68, iteration 100, time: 21.89603328704834
Starting label LEVI, seed 68, iteration 110, time: 23.929280519485474
Starting label LEVI, seed 68, iteration 120, time: 26.313241958618164
Starting label LEVI, seed 68, iteration 130, time: 28.602227449417114
Starting label LEVI, seed 68, iteration 140, time: 30.89841103553772
Starting label LEVI, seed 68, iteration 150, time: 33.106074810028076
Starting label LEVI, seed 68, iteration 160, time: 35.30077838897705
Starting label LEVI, seed 68, iteration 170, time: 37.87651872634888
Starting label LEVI, seed 68, iteration 180, time: 40.339537143707275
Starting label LEVI, seed 68, iteration 190, time: 42.87826132774353
Starting label LEVI, seed 68, iteration 200, time: 45.42172861099243
Starting label LEVI, seed 68, iteration 210, time: 47.98948311805725
Starting label LEVI, seed 68, iteration 220, time: 50.81967878341675
Starting label LEVI, seed 68, iteration 230, time: 53.637272119522095
Starting label LEVI, seed 68, iteration 240, time: 56.46778583526611
Starting label LEVI, seed 68, iteration 250, time: 59.12200736999512
Starting label LEVI, seed 68, iteration 260, time: 61.61898708343506
Starting label LEVI, seed 68, iteration 270, time: 64.22739100456238
Starting label LEVI, seed 68, iteration 280, time: 66.97933101654053
Starting label LEVI, seed 68, iteration 290, time: 69.39298558235168
Starting label LEVI, seed 68, iteration 300, time: 71.73191237449646
Starting label LEVI, seed 68, iteration 310, time: 74.48971581459045
Starting label LEVI, seed 68, iteration 320, time: 77.18922853469849
Starting label LEVI, seed 68, iteration 330, time: 79.712158203125
Starting label LEVI, seed 68, iteration 340, time: 82.26041865348816
Starting label LEVI, seed 68, iteration 350, time: 84.77878022193909
Starting label LEVI, seed 68, iteration 360, time: 87.15281534194946
Starting label LEVI, seed 68, iteration 370, time: 89.68616843223572
Starting label LEVI, seed 68, iteration 380, time: 92.38512945175171
Starting label LEVI, seed 68, iteration 390, time: 95.2372624874115
Starting label LEVI, seed 68, iteration 400, time: 97.68825936317444
Starting label LEVI, seed 68, iteration 410, time: 100.15254926681519
Starting label LEVI, seed 68, iteration 420, time: 102.87905049324036
Starting label LEVI, seed 68, iteration 430, time: 105.44899678230286
Starting label LEVI, seed 68, iteration 440, time: 108.02617740631104
Starting label LEVI, seed 68, iteration 450, time: 110.76159596443176
Starting label LEVI, seed 68, iteration 460, time: 113.4108669757843
Starting label LEVI, seed 68, iteration 470, time: 116.50433731079102
Starting label LEVI, seed 68, iteration 480, time: 119.47526478767395
Starting label LEVI, seed 68, iteration 490, time: 122.65244483947754
Starting label LEVI, seed 68, iteration 500, time: 125.77399206161499
Starting label LEVI, seed 68, iteration 510, time: 128.36173224449158
Starting label LEVI, seed 68, iteration 520, time: 131.61199069023132
Starting label LEVI, seed 68, iteration 530, time: 134.63037514686584
Starting label LEVI, seed 68, iteration 540, time: 137.49017000198364
Starting label LEVI, seed 68, iteration 550, time: 140.41579818725586
Starting label LEVI, seed 68, iteration 560, time: 143.9660234451294
Starting label LEVI, seed 68, iteration 570, time: 147.10263466835022
Starting label LEVI, seed 68, iteration 580, time: 150.53657460212708
Starting label LEVI, seed 68, iteration 590, time: 153.8669250011444
Starting label LEVI, seed 68, iteration 600, time: 156.78647422790527
Starting label LEVI, seed 68, iteration 610, time: 159.84516525268555
Starting label LEVI, seed 68, iteration 620, time: 163.09491753578186
Starting label LEVI, seed 68, iteration 630, time: 166.31041836738586
Starting label LEVI, seed 68, iteration 640, time: 169.54047012329102
Starting label LEVI, seed 68, iteration 650, time: 172.69867038726807
Starting label LEVI, seed 68, iteration 660, time: 175.97091054916382
Starting label LEVI, seed 68, iteration 670, time: 179.2357156276703
Starting label LEVI, seed 68, iteration 680, time: 182.5697956085205
Starting label LEVI, seed 68, iteration 690, time: 186.0473117828369
Starting label LEVI, seed 68, iteration 700, time: 189.53467631340027
Starting label LEVI, seed 68, iteration 710, time: 192.47670531272888
Starting label LEVI, seed 68, iteration 720, time: 195.96661067008972
Starting label LEVI, seed 68, iteration 730, time: 199.22217988967896
Starting label LEVI, seed 68, iteration 740, time: 202.57524180412292
Starting label LEVI, seed 68, iteration 750, time: 206.25630474090576
Starting label LEVI, seed 68, iteration 760, time: 209.49906611442566
Starting label LEVI, seed 68, iteration 770, time: 213.0822024345398
Starting label LEVI, seed 68, iteration 780, time: 216.96032118797302
Starting label LEVI, seed 68, iteration 790, time: 220.4697663784027
Starting label LEVI, seed 68, iteration 800, time: 223.9554648399353
Starting label LEVI, seed 68, iteration 810, time: 227.7055914402008
Starting label LEVI, seed 68, iteration 820, time: 231.57021379470825
Starting label LEVI, seed 68, iteration 830, time: 235.19068837165833
Starting label LEVI, seed 68, iteration 840, time: 238.77205276489258
Starting label LEVI, seed 68, iteration 850, time: 242.38465809822083
Starting label LEVI, seed 68, iteration 860, time: 245.69458317756653
Starting label LEVI, seed 68, iteration 870, time: 249.32542419433594
Starting label LEVI, seed 68, iteration 880, time: 252.84163570404053
Starting label LEVI, seed 68, iteration 890, time: 256.755916595459
Starting label LEVI, seed 68, iteration 900, time: 260.5845012664795
Starting label LEVI, seed 68, iteration 910, time: 264.1048147678375
Starting label LEVI, seed 68, iteration 920, time: 268.0502018928528
Starting label LEVI, seed 68, iteration 930, time: 272.2762539386749
Starting label LEVI, seed 68, iteration 940, time: 275.91870069503784
Starting label LEVI, seed 68, iteration 950, time: 279.8089368343353
Starting label LEVI, seed 68, iteration 960, time: 284.0739150047302
Starting label LEVI, seed 68, iteration 970, time: 287.7690999507904
Starting label LEVI, seed 68, iteration 980, time: 291.8096444606781
Starting label LEVI, seed 68, iteration 990, time: 295.739328622818
Starting label LEVI, seed 68, iteration 1000, time: 299.33169627189636
Starting label LEVI, seed 68, iteration 1010, time: 303.7124443054199
Starting label LEVI, seed 68, iteration 1020, time: 307.74714279174805
Starting label LEVI, seed 68, iteration 1030, time: 311.530366897583
Starting label LEVI, seed 68, iteration 1040, time: 315.995717048645
Starting label LEVI, seed 68, iteration 1050, time: 320.7943296432495
Starting label LEVI, seed 68, iteration 1060, time: 324.57377767562866
Starting label LEVI, seed 68, iteration 1070, time: 328.86893224716187
Starting label LEVI, seed 68, iteration 1080, time: 333.20211124420166
Starting label LEVI, seed 68, iteration 1090, time: 337.39491963386536
Starting label LEVI, seed 68, iteration 1100, time: 342.03743171691895
Starting label LEVI, seed 68, iteration 1110, time: 346.228182554245
submitit WARNING (2022-10-02 00:55:52,026) - Bypassing signal SIGCONT
submitit WARNING (2022-10-02 00:55:52,108) - Bypassing signal SIGTERM
Starting label LEVI, seed 68, iteration 1120, time: 350.4284324645996
Starting label LEVI, seed 68, iteration 1130, time: 355.5712504386902
Starting label LEVI, seed 68, iteration 1140, time: 360.65524673461914
Starting label LEVI, seed 68, iteration 1150, time: 366.0122232437134
Starting label LEVI, seed 68, iteration 1160, time: 371.1073098182678
Starting label LEVI, seed 68, iteration 1170, time: 375.61370396614075
