submitit INFO (2022-10-02 01:45:46,204) - Starting with JobEnvironment(job_id=883481_6, hostname=nikola-compute-04.cs.cornell.edu, local_rank=0(1), node=0(1), global_rank=0(1))
submitit INFO (2022-10-02 01:45:46,204) - Loading pickle: /home/gid-cakmaks/contextual_rs/experiments/wsc_experiments/logs/883481_6/883481_6_submitted.pkl
Starting label LEVI, seed 86, iteration 0, time: 0.0026102066040039062
Starting label LEVI, seed 86, iteration 10, time: 4.341110467910767
Starting label LEVI, seed 86, iteration 20, time: 9.299511432647705
Starting label LEVI, seed 86, iteration 30, time: 14.25514531135559
Starting label LEVI, seed 86, iteration 40, time: 18.81487226486206
Starting label LEVI, seed 86, iteration 50, time: 23.600886821746826
Starting label LEVI, seed 86, iteration 60, time: 28.62117862701416
Starting label LEVI, seed 86, iteration 70, time: 33.59326529502869
Starting label LEVI, seed 86, iteration 80, time: 38.70389199256897
Starting label LEVI, seed 86, iteration 90, time: 43.92787504196167
Starting label LEVI, seed 86, iteration 100, time: 49.28320932388306
Starting label LEVI, seed 86, iteration 110, time: 54.714441776275635
Starting label LEVI, seed 86, iteration 120, time: 60.23063373565674
Starting label LEVI, seed 86, iteration 130, time: 65.23636031150818
Starting label LEVI, seed 86, iteration 140, time: 70.14111423492432
Starting label LEVI, seed 86, iteration 150, time: 75.27993750572205
Starting label LEVI, seed 86, iteration 160, time: 81.05228686332703
Starting label LEVI, seed 86, iteration 170, time: 87.05712747573853
Starting label LEVI, seed 86, iteration 180, time: 93.17451524734497
Starting label LEVI, seed 86, iteration 190, time: 99.42787146568298
Starting label LEVI, seed 86, iteration 200, time: 105.75197458267212
Starting label LEVI, seed 86, iteration 210, time: 112.1981897354126
Starting label LEVI, seed 86, iteration 220, time: 118.89787697792053
Starting label LEVI, seed 86, iteration 230, time: 125.089102268219
Starting label LEVI, seed 86, iteration 240, time: 131.27264618873596
Starting label LEVI, seed 86, iteration 250, time: 137.55339336395264
Starting label LEVI, seed 86, iteration 260, time: 143.6889410018921
Starting label LEVI, seed 86, iteration 270, time: 149.71844935417175
Starting label LEVI, seed 86, iteration 280, time: 155.76839065551758
Starting label LEVI, seed 86, iteration 290, time: 161.78591799736023
Starting label LEVI, seed 86, iteration 300, time: 167.91228938102722
Starting label LEVI, seed 86, iteration 310, time: 174.01368737220764
Starting label LEVI, seed 86, iteration 320, time: 180.11147570610046
Starting label LEVI, seed 86, iteration 330, time: 186.17362332344055
Starting label LEVI, seed 86, iteration 340, time: 192.47386622428894
Starting label LEVI, seed 86, iteration 350, time: 198.62405943870544
Starting label LEVI, seed 86, iteration 360, time: 204.82002902030945
Starting label LEVI, seed 86, iteration 370, time: 211.0635085105896
submitit WARNING (2022-10-02 01:49:22,467) - Bypassing signal SIGCONT
submitit WARNING (2022-10-02 01:49:22,476) - Bypassing signal SIGTERM
Starting label LEVI, seed 86, iteration 380, time: 217.57470703125
Starting label LEVI, seed 86, iteration 390, time: 224.124685049057
Starting label LEVI, seed 86, iteration 400, time: 230.58022713661194
Starting label LEVI, seed 86, iteration 410, time: 237.00661873817444
Starting label LEVI, seed 86, iteration 420, time: 243.41485047340393
