submitit INFO (2022-10-02 04:15:34,459) - Starting with JobEnvironment(job_id=884045_8, hostname=lecun.cs.cornell.edu, local_rank=0(1), node=0(1), global_rank=0(1))
submitit INFO (2022-10-02 04:15:34,459) - Loading pickle: /home/gid-cakmaks/contextual_rs/experiments/wsc_experiments/logs/884045_8/884045_8_submitted.pkl
Appending iterations to existing output!Warning: If parameters other than `iterations` have been changed, this will corrupt the output!
Starting label LEVI, seed 69, iteration 910, time: 419.21761178970337
Starting label LEVI, seed 69, iteration 920, time: 424.6423931121826
Starting label LEVI, seed 69, iteration 930, time: 430.22933888435364
Starting label LEVI, seed 69, iteration 940, time: 435.9518711566925
Starting label LEVI, seed 69, iteration 950, time: 441.97357416152954
Starting label LEVI, seed 69, iteration 960, time: 447.79073190689087
Starting label LEVI, seed 69, iteration 970, time: 453.3563234806061
Starting label LEVI, seed 69, iteration 980, time: 458.971488237381
Starting label LEVI, seed 69, iteration 990, time: 464.8523061275482
Starting label LEVI, seed 69, iteration 1000, time: 470.7356209754944
Starting label LEVI, seed 69, iteration 1010, time: 476.9422872066498
Starting label LEVI, seed 69, iteration 1020, time: 483.02107310295105
Starting label LEVI, seed 69, iteration 1030, time: 488.9775915145874
Starting label LEVI, seed 69, iteration 1040, time: 494.77875566482544
Starting label LEVI, seed 69, iteration 1050, time: 500.4411380290985
Starting label LEVI, seed 69, iteration 1060, time: 506.38157629966736
Starting label LEVI, seed 69, iteration 1070, time: 512.0635612010956
Starting label LEVI, seed 69, iteration 1080, time: 517.6552667617798
Starting label LEVI, seed 69, iteration 1090, time: 523.7344627380371
Starting label LEVI, seed 69, iteration 1100, time: 529.4698579311371
Starting label LEVI, seed 69, iteration 1110, time: 535.4628682136536
Starting label LEVI, seed 69, iteration 1120, time: 541.48357462883
Starting label LEVI, seed 69, iteration 1130, time: 547.4047544002533
Starting label LEVI, seed 69, iteration 1140, time: 553.7292983531952
Starting label LEVI, seed 69, iteration 1150, time: 560.0911221504211
Starting label LEVI, seed 69, iteration 1160, time: 566.303608417511
Starting label LEVI, seed 69, iteration 1170, time: 572.6537179946899
Starting label LEVI, seed 69, iteration 1180, time: 578.792989730835
Starting label LEVI, seed 69, iteration 1190, time: 584.9701166152954
Starting label LEVI, seed 69, iteration 1200, time: 591.594304561615
Starting label LEVI, seed 69, iteration 1210, time: 598.3977859020233
Starting label LEVI, seed 69, iteration 1220, time: 607.7806031703949
Starting label LEVI, seed 69, iteration 1230, time: 614.3922102451324
Starting label LEVI, seed 69, iteration 1240, time: 620.8974213600159
Starting label LEVI, seed 69, iteration 1250, time: 628.6947348117828
Starting label LEVI, seed 69, iteration 1260, time: 635.1320824623108
Starting label LEVI, seed 69, iteration 1270, time: 641.8306694030762
Starting label LEVI, seed 69, iteration 1280, time: 648.0893151760101
Starting label LEVI, seed 69, iteration 1290, time: 654.3439772129059
Starting label LEVI, seed 69, iteration 1300, time: 660.81356549263
Starting label LEVI, seed 69, iteration 1310, time: 667.2897706031799
Starting label LEVI, seed 69, iteration 1320, time: 674.086624622345
Starting label LEVI, seed 69, iteration 1330, time: 680.6937980651855
Starting label LEVI, seed 69, iteration 1340, time: 687.2125885486603
Starting label LEVI, seed 69, iteration 1350, time: 693.786502122879
Starting label LEVI, seed 69, iteration 1360, time: 700.6387093067169
Starting label LEVI, seed 69, iteration 1370, time: 707.5414724349976
Starting label LEVI, seed 69, iteration 1380, time: 714.2853403091431
Starting label LEVI, seed 69, iteration 1390, time: 721.1310119628906
Starting label LEVI, seed 69, iteration 1400, time: 729.7877168655396
Starting label LEVI, seed 69, iteration 1410, time: 737.0521240234375
Starting label LEVI, seed 69, iteration 1420, time: 744.0383739471436
Starting label LEVI, seed 69, iteration 1430, time: 750.5727236270905
Starting label LEVI, seed 69, iteration 1440, time: 757.2118372917175
Starting label LEVI, seed 69, iteration 1450, time: 763.9646835327148
Starting label LEVI, seed 69, iteration 1460, time: 770.8227870464325
Starting label LEVI, seed 69, iteration 1470, time: 777.7006521224976
Starting label LEVI, seed 69, iteration 1480, time: 784.5734298229218
Starting label LEVI, seed 69, iteration 1490, time: 791.7049424648285
Starting label LEVI, seed 69, iteration 1500, time: 800.3749854564667
Starting label LEVI, seed 69, iteration 1510, time: 807.3296911716461
Starting label LEVI, seed 69, iteration 1520, time: 814.5435948371887
Starting label LEVI, seed 69, iteration 1530, time: 821.5041296482086
Starting label LEVI, seed 69, iteration 1540, time: 828.4022545814514
Starting label LEVI, seed 69, iteration 1550, time: 835.3756868839264
Starting label LEVI, seed 69, iteration 1560, time: 842.5797564983368
Starting label LEVI, seed 69, iteration 1570, time: 850.680436372757
Starting label LEVI, seed 69, iteration 1580, time: 857.563357591629
Starting label LEVI, seed 69, iteration 1590, time: 864.6784353256226
Starting label LEVI, seed 69, iteration 1600, time: 871.6944525241852
Starting label LEVI, seed 69, iteration 1610, time: 878.5786101818085
Starting label LEVI, seed 69, iteration 1620, time: 885.7226228713989
Starting label LEVI, seed 69, iteration 1630, time: 892.939811706543
Starting label LEVI, seed 69, iteration 1640, time: 900.5512766838074
Starting label LEVI, seed 69, iteration 1650, time: 907.6083071231842
Starting label LEVI, seed 69, iteration 1660, time: 914.6741693019867
Starting label LEVI, seed 69, iteration 1670, time: 921.6469805240631
Starting label LEVI, seed 69, iteration 1680, time: 928.7178263664246
Starting label LEVI, seed 69, iteration 1690, time: 935.7165031433105
Starting label LEVI, seed 69, iteration 1700, time: 942.901784658432
Starting label LEVI, seed 69, iteration 1710, time: 949.6464514732361
Starting label LEVI, seed 69, iteration 1720, time: 956.4263417720795
Starting label LEVI, seed 69, iteration 1730, time: 963.4876847267151
Starting label LEVI, seed 69, iteration 1740, time: 972.221107006073
Starting label LEVI, seed 69, iteration 1750, time: 978.930577993393
Starting label LEVI, seed 69, iteration 1760, time: 986.2250173091888
Starting label LEVI, seed 69, iteration 1770, time: 993.4998199939728
Starting label LEVI, seed 69, iteration 1780, time: 1000.7766807079315
Starting label LEVI, seed 69, iteration 1790, time: 1007.7630105018616
Starting label LEVI, seed 69, iteration 1800, time: 1014.8213753700256
Starting label LEVI, seed 69, iteration 1810, time: 1022.1429855823517
Starting label LEVI, seed 69, iteration 1820, time: 1029.640584230423
Starting label LEVI, seed 69, iteration 1830, time: 1036.7568724155426
Starting label LEVI, seed 69, iteration 1840, time: 1043.9666457176208
Starting label LEVI, seed 69, iteration 1850, time: 1051.1044952869415
Starting label LEVI, seed 69, iteration 1860, time: 1058.5016062259674
Starting label LEVI, seed 69, iteration 1870, time: 1065.2904469966888
Starting label LEVI, seed 69, iteration 1880, time: 1072.311511039734
Starting label LEVI, seed 69, iteration 1890, time: 1079.1984832286835
Starting label LEVI, seed 69, iteration 1900, time: 1086.0652792453766
Starting label LEVI, seed 69, iteration 1910, time: 1093.2362627983093
Starting label LEVI, seed 69, iteration 1920, time: 1100.236287355423
Starting label LEVI, seed 69, iteration 1930, time: 1107.01757979393
Starting label LEVI, seed 69, iteration 1940, time: 1114.619463443756
Starting label LEVI, seed 69, iteration 1950, time: 1121.843260526657
Starting label LEVI, seed 69, iteration 1960, time: 1129.526917219162
Starting label LEVI, seed 69, iteration 1970, time: 1137.640786409378
Starting label LEVI, seed 69, iteration 1980, time: 1145.2354867458344
Starting label LEVI, seed 69, iteration 1990, time: 1152.8918290138245
submitit INFO (2022-10-02 04:27:57,988) - Job completed successfully
