submitit INFO (2022-10-02 00:02:58,599) - Starting with JobEnvironment(job_id=883150_3, hostname=coecis-compute-01.coecis.cornell.edu, local_rank=0(1), node=0(1), global_rank=0(1))
submitit INFO (2022-10-02 00:02:58,599) - Loading pickle: /home/gid-cakmaks/contextual_rs/experiments/wsc_experiments/logs/883150_3/883150_3_submitted.pkl
Starting label LEVI, seed 23, iteration 0, time: 9.799003601074219e-05
Starting label LEVI, seed 23, iteration 10, time: 3.126411199569702
Starting label LEVI, seed 23, iteration 20, time: 6.10863733291626
Starting label LEVI, seed 23, iteration 30, time: 9.084840059280396
Starting label LEVI, seed 23, iteration 40, time: 12.111116409301758
Starting label LEVI, seed 23, iteration 50, time: 15.218292713165283
Starting label LEVI, seed 23, iteration 60, time: 18.38986897468567
Starting label LEVI, seed 23, iteration 70, time: 21.553523540496826
Starting label LEVI, seed 23, iteration 80, time: 24.787188053131104
Starting label LEVI, seed 23, iteration 90, time: 27.996411085128784
Starting label LEVI, seed 23, iteration 100, time: 31.177027463912964
Starting label LEVI, seed 23, iteration 110, time: 34.3639554977417
Starting label LEVI, seed 23, iteration 120, time: 37.59052515029907
Starting label LEVI, seed 23, iteration 130, time: 40.771002531051636
Starting label LEVI, seed 23, iteration 140, time: 44.00161147117615
Starting label LEVI, seed 23, iteration 150, time: 47.18349289894104
Starting label LEVI, seed 23, iteration 160, time: 50.35692501068115
Starting label LEVI, seed 23, iteration 170, time: 53.56214237213135
Starting label LEVI, seed 23, iteration 180, time: 56.74636769294739
Starting label LEVI, seed 23, iteration 190, time: 59.92406964302063
Starting label LEVI, seed 23, iteration 200, time: 63.1606068611145
Starting label LEVI, seed 23, iteration 210, time: 66.38065838813782
Starting label LEVI, seed 23, iteration 220, time: 69.6289131641388
Starting label LEVI, seed 23, iteration 230, time: 72.95364284515381
Starting label LEVI, seed 23, iteration 240, time: 76.29676675796509
Starting label LEVI, seed 23, iteration 250, time: 79.64302086830139
Starting label LEVI, seed 23, iteration 260, time: 82.76229548454285
Starting label LEVI, seed 23, iteration 270, time: 85.8835518360138
Starting label LEVI, seed 23, iteration 280, time: 88.98103451728821
Starting label LEVI, seed 23, iteration 290, time: 92.07675313949585
Starting label LEVI, seed 23, iteration 300, time: 95.20702981948853
Starting label LEVI, seed 23, iteration 310, time: 98.38006830215454
Starting label LEVI, seed 23, iteration 320, time: 101.48525905609131
Starting label LEVI, seed 23, iteration 330, time: 104.62502980232239
Starting label LEVI, seed 23, iteration 340, time: 107.78472924232483
Starting label LEVI, seed 23, iteration 350, time: 110.99214744567871
Starting label LEVI, seed 23, iteration 360, time: 114.2515823841095
Starting label LEVI, seed 23, iteration 370, time: 117.5469536781311
Starting label LEVI, seed 23, iteration 380, time: 120.79931378364563
Starting label LEVI, seed 23, iteration 390, time: 124.11567687988281
Starting label LEVI, seed 23, iteration 400, time: 127.33042597770691
Starting label LEVI, seed 23, iteration 410, time: 130.65467524528503
Starting label LEVI, seed 23, iteration 420, time: 133.95520901679993
Starting label LEVI, seed 23, iteration 430, time: 137.22754001617432
Starting label LEVI, seed 23, iteration 440, time: 141.14029932022095
Starting label LEVI, seed 23, iteration 450, time: 145.18293976783752
Starting label LEVI, seed 23, iteration 460, time: 150.18388485908508
Starting label LEVI, seed 23, iteration 470, time: 154.65200996398926
Starting label LEVI, seed 23, iteration 480, time: 159.17937755584717
Starting label LEVI, seed 23, iteration 490, time: 163.72165536880493
Starting label LEVI, seed 23, iteration 500, time: 168.20684480667114
Starting label LEVI, seed 23, iteration 510, time: 173.0316436290741
Starting label LEVI, seed 23, iteration 520, time: 177.71793007850647
Starting label LEVI, seed 23, iteration 530, time: 182.19933700561523
Starting label LEVI, seed 23, iteration 540, time: 187.25503420829773
Starting label LEVI, seed 23, iteration 550, time: 192.97936844825745
Starting label LEVI, seed 23, iteration 560, time: 198.63821268081665
Starting label LEVI, seed 23, iteration 570, time: 203.39625215530396
Starting label LEVI, seed 23, iteration 580, time: 207.9270977973938
Starting label LEVI, seed 23, iteration 590, time: 212.39339971542358
Starting label LEVI, seed 23, iteration 600, time: 217.3388752937317
Starting label LEVI, seed 23, iteration 610, time: 221.9375035762787
Starting label LEVI, seed 23, iteration 620, time: 226.19473838806152
Starting label LEVI, seed 23, iteration 630, time: 231.14176487922668
Starting label LEVI, seed 23, iteration 640, time: 236.1859314441681
Starting label LEVI, seed 23, iteration 650, time: 241.58606839179993
Starting label LEVI, seed 23, iteration 660, time: 247.23077654838562
Starting label LEVI, seed 23, iteration 670, time: 251.80153703689575
Starting label LEVI, seed 23, iteration 680, time: 256.20232605934143
Starting label LEVI, seed 23, iteration 690, time: 260.7596971988678
Starting label LEVI, seed 23, iteration 700, time: 265.27877140045166
Starting label LEVI, seed 23, iteration 710, time: 269.25512194633484
Starting label LEVI, seed 23, iteration 720, time: 273.4598321914673
Starting label LEVI, seed 23, iteration 730, time: 277.73686814308167
Starting label LEVI, seed 23, iteration 740, time: 281.6216952800751
Starting label LEVI, seed 23, iteration 750, time: 285.2585632801056
Starting label LEVI, seed 23, iteration 760, time: 289.7809934616089
Starting label LEVI, seed 23, iteration 770, time: 294.2307698726654
Starting label LEVI, seed 23, iteration 780, time: 298.6181449890137
Starting label LEVI, seed 23, iteration 790, time: 303.0994460582733
Starting label LEVI, seed 23, iteration 800, time: 307.2815058231354
Starting label LEVI, seed 23, iteration 810, time: 311.43210458755493
Starting label LEVI, seed 23, iteration 820, time: 316.12571263313293
Starting label LEVI, seed 23, iteration 830, time: 320.5974340438843
Starting label LEVI, seed 23, iteration 840, time: 325.5093777179718
Starting label LEVI, seed 23, iteration 850, time: 330.0564966201782
Starting label LEVI, seed 23, iteration 860, time: 334.68464756011963
Starting label LEVI, seed 23, iteration 870, time: 339.2460639476776
Starting label LEVI, seed 23, iteration 880, time: 343.69014143943787
Starting label LEVI, seed 23, iteration 890, time: 348.3969268798828
Starting label LEVI, seed 23, iteration 900, time: 352.54501366615295
Starting label LEVI, seed 23, iteration 910, time: 357.7395303249359
Starting label LEVI, seed 23, iteration 920, time: 362.45121145248413
Starting label LEVI, seed 23, iteration 930, time: 367.6492500305176
Starting label LEVI, seed 23, iteration 940, time: 372.59196186065674
Starting label LEVI, seed 23, iteration 950, time: 377.13583302497864
Starting label LEVI, seed 23, iteration 960, time: 381.51709151268005
Starting label LEVI, seed 23, iteration 970, time: 386.7678322792053
Starting label LEVI, seed 23, iteration 980, time: 391.73172426223755
Starting label LEVI, seed 23, iteration 990, time: 396.1756172180176
Starting label LEVI, seed 23, iteration 1000, time: 400.62636256217957
Starting label LEVI, seed 23, iteration 1010, time: 405.64471673965454
Starting label LEVI, seed 23, iteration 1020, time: 411.0707321166992
Starting label LEVI, seed 23, iteration 1030, time: 415.67195415496826
Starting label LEVI, seed 23, iteration 1040, time: 420.2886471748352
Starting label LEVI, seed 23, iteration 1050, time: 425.16370129585266
Starting label LEVI, seed 23, iteration 1060, time: 430.0845353603363
Starting label LEVI, seed 23, iteration 1070, time: 434.86401867866516
Starting label LEVI, seed 23, iteration 1080, time: 439.432204246521
Starting label LEVI, seed 23, iteration 1090, time: 444.6057937145233
Starting label LEVI, seed 23, iteration 1100, time: 449.45977663993835
Starting label LEVI, seed 23, iteration 1110, time: 454.3180432319641
Starting label LEVI, seed 23, iteration 1120, time: 460.3391525745392
Starting label LEVI, seed 23, iteration 1130, time: 465.75124073028564
Starting label LEVI, seed 23, iteration 1140, time: 471.92182636260986
Starting label LEVI, seed 23, iteration 1150, time: 478.02740359306335
Starting label LEVI, seed 23, iteration 1160, time: 483.6816666126251
Starting label LEVI, seed 23, iteration 1170, time: 489.57984614372253
Starting label LEVI, seed 23, iteration 1180, time: 494.40786385536194
Starting label LEVI, seed 23, iteration 1190, time: 499.3565557003021
Starting label LEVI, seed 23, iteration 1200, time: 504.3904821872711
Starting label LEVI, seed 23, iteration 1210, time: 509.2378704547882
Starting label LEVI, seed 23, iteration 1220, time: 514.388111114502
Starting label LEVI, seed 23, iteration 1230, time: 519.404230594635
Starting label LEVI, seed 23, iteration 1240, time: 524.5187425613403
Starting label LEVI, seed 23, iteration 1250, time: 529.7401790618896
Starting label LEVI, seed 23, iteration 1260, time: 534.6165125370026
Starting label LEVI, seed 23, iteration 1270, time: 539.0237786769867
Starting label LEVI, seed 23, iteration 1280, time: 543.5500340461731
Starting label LEVI, seed 23, iteration 1290, time: 548.0219256877899
Starting label LEVI, seed 23, iteration 1300, time: 552.5817224979401
Starting label LEVI, seed 23, iteration 1310, time: 557.1917984485626
Starting label LEVI, seed 23, iteration 1320, time: 561.7360310554504
Starting label LEVI, seed 23, iteration 1330, time: 566.3948175907135
Starting label LEVI, seed 23, iteration 1340, time: 570.8186185359955
Starting label LEVI, seed 23, iteration 1350, time: 575.1272089481354
Starting label LEVI, seed 23, iteration 1360, time: 579.5902814865112
Starting label LEVI, seed 23, iteration 1370, time: 584.3067128658295
Starting label LEVI, seed 23, iteration 1380, time: 588.8893485069275
Starting label LEVI, seed 23, iteration 1390, time: 593.6130237579346
Starting label LEVI, seed 23, iteration 1400, time: 598.5085601806641
Starting label LEVI, seed 23, iteration 1410, time: 603.0311770439148
Starting label LEVI, seed 23, iteration 1420, time: 607.7096660137177
Starting label LEVI, seed 23, iteration 1430, time: 612.3546528816223
Starting label LEVI, seed 23, iteration 1440, time: 616.9730215072632
Starting label LEVI, seed 23, iteration 1450, time: 621.8000247478485
Starting label LEVI, seed 23, iteration 1460, time: 626.7205617427826
Starting label LEVI, seed 23, iteration 1470, time: 631.6932830810547
Starting label LEVI, seed 23, iteration 1480, time: 636.8189587593079
Starting label LEVI, seed 23, iteration 1490, time: 641.9714033603668
Starting label LEVI, seed 23, iteration 1500, time: 647.0381679534912
Starting label LEVI, seed 23, iteration 1510, time: 651.8500227928162
Starting label LEVI, seed 23, iteration 1520, time: 657.0415420532227
Starting label LEVI, seed 23, iteration 1530, time: 662.2660417556763
Starting label LEVI, seed 23, iteration 1540, time: 667.5518281459808
Starting label LEVI, seed 23, iteration 1550, time: 672.5093886852264
Starting label LEVI, seed 23, iteration 1560, time: 677.3799183368683
Starting label LEVI, seed 23, iteration 1570, time: 682.2858452796936
Starting label LEVI, seed 23, iteration 1580, time: 687.2362766265869
Starting label LEVI, seed 23, iteration 1590, time: 692.2524037361145
Starting label LEVI, seed 23, iteration 1600, time: 697.597981929779
Starting label LEVI, seed 23, iteration 1610, time: 702.8010861873627
Starting label LEVI, seed 23, iteration 1620, time: 707.893613576889
Starting label LEVI, seed 23, iteration 1630, time: 713.181961774826
Starting label LEVI, seed 23, iteration 1640, time: 718.4372906684875
Starting label LEVI, seed 23, iteration 1650, time: 723.8454434871674
Starting label LEVI, seed 23, iteration 1660, time: 729.4953336715698
Starting label LEVI, seed 23, iteration 1670, time: 734.8183031082153
Starting label LEVI, seed 23, iteration 1680, time: 740.2331018447876
Starting label LEVI, seed 23, iteration 1690, time: 745.6829605102539
Starting label LEVI, seed 23, iteration 1700, time: 751.3884274959564
Starting label LEVI, seed 23, iteration 1710, time: 756.9521172046661
Starting label LEVI, seed 23, iteration 1720, time: 762.6906204223633
Starting label LEVI, seed 23, iteration 1730, time: 768.5704920291901
Starting label LEVI, seed 23, iteration 1740, time: 774.3221454620361
Starting label LEVI, seed 23, iteration 1750, time: 780.1959774494171
Starting label LEVI, seed 23, iteration 1760, time: 785.8216497898102
Starting label LEVI, seed 23, iteration 1770, time: 791.8766078948975
Starting label LEVI, seed 23, iteration 1780, time: 798.1753623485565
Starting label LEVI, seed 23, iteration 1790, time: 804.1780457496643
Starting label LEVI, seed 23, iteration 1800, time: 809.8650426864624
Starting label LEVI, seed 23, iteration 1810, time: 815.5378863811493
Starting label LEVI, seed 23, iteration 1820, time: 821.5120029449463
Starting label LEVI, seed 23, iteration 1830, time: 827.5760715007782
Starting label LEVI, seed 23, iteration 1840, time: 833.9738416671753
Starting label LEVI, seed 23, iteration 1850, time: 840.1555936336517
Starting label LEVI, seed 23, iteration 1860, time: 846.3488035202026
Starting label LEVI, seed 23, iteration 1870, time: 852.6779811382294
Starting label LEVI, seed 23, iteration 1880, time: 859.1126890182495
Starting label LEVI, seed 23, iteration 1890, time: 865.664124250412
Starting label LEVI, seed 23, iteration 1900, time: 871.8256545066833
Starting label LEVI, seed 23, iteration 1910, time: 878.0903840065002
Starting label LEVI, seed 23, iteration 1920, time: 884.4007196426392
Starting label LEVI, seed 23, iteration 1930, time: 890.7613818645477
Starting label LEVI, seed 23, iteration 1940, time: 897.2045004367828
Starting label LEVI, seed 23, iteration 1950, time: 903.8472766876221
Starting label LEVI, seed 23, iteration 1960, time: 910.2943561077118
Starting label LEVI, seed 23, iteration 1970, time: 916.6052331924438
Starting label LEVI, seed 23, iteration 1980, time: 923.1236763000488
Starting label LEVI, seed 23, iteration 1990, time: 929.5459015369415
submitit INFO (2022-10-02 00:18:36,176) - Job completed successfully
