submitit INFO (2022-10-02 02:25:17,778) - Starting with JobEnvironment(job_id=883715_0, hostname=harpo.cs.cornell.edu, local_rank=0(1), node=0(1), global_rank=0(1))
submitit INFO (2022-10-02 02:25:17,778) - Loading pickle: /home/gid-cakmaks/contextual_rs/experiments/wsc_experiments/logs/883715_0/883715_0_submitted.pkl
Appending iterations to existing output!Warning: If parameters other than `iterations` have been changed, this will corrupt the output!
Starting label LEVI, seed 60, iteration 1830, time: 1548.4276263713837
Starting label LEVI, seed 60, iteration 1840, time: 1576.4973118305206
Starting label LEVI, seed 60, iteration 1850, time: 1605.387793302536
Starting label LEVI, seed 60, iteration 1860, time: 1631.132892370224
Starting label LEVI, seed 60, iteration 1870, time: 1659.340255498886
Starting label LEVI, seed 60, iteration 1880, time: 1684.5564301013947
Starting label LEVI, seed 60, iteration 1890, time: 1716.4367015361786
Starting label LEVI, seed 60, iteration 1900, time: 1744.42751288414
Starting label LEVI, seed 60, iteration 1910, time: 1769.9483070373535
Starting label LEVI, seed 60, iteration 1920, time: 1797.3661677837372
Starting label LEVI, seed 60, iteration 1930, time: 1828.0727734565735
Starting label LEVI, seed 60, iteration 1940, time: 1854.2594201564789
Starting label LEVI, seed 60, iteration 1950, time: 1881.4966700077057
Starting label LEVI, seed 60, iteration 1960, time: 1908.2272236347198
Starting label LEVI, seed 60, iteration 1970, time: 1943.9248008728027
Starting label LEVI, seed 60, iteration 1980, time: 1978.099725484848
Starting label LEVI, seed 60, iteration 1990, time: 2005.4914021492004
submitit INFO (2022-10-02 02:33:24,918) - Job completed successfully
