submitit INFO (2022-10-02 00:03:30,566) - Starting with JobEnvironment(job_id=883180_4, hostname=compling-compute-02.compling.cornell.edu, local_rank=0(1), node=0(1), global_rank=0(1))
submitit INFO (2022-10-02 00:03:30,566) - Loading pickle: /home/gid-cakmaks/contextual_rs/experiments/wsc_experiments/logs/883180_4/883180_4_submitted.pkl
Starting label LEVI, seed 54, iteration 0, time: 8.916854858398438e-05
Starting label LEVI, seed 54, iteration 10, time: 1.9269599914550781
Starting label LEVI, seed 54, iteration 20, time: 3.849327564239502
Starting label LEVI, seed 54, iteration 30, time: 5.5699450969696045
Starting label LEVI, seed 54, iteration 40, time: 7.125113248825073
Starting label LEVI, seed 54, iteration 50, time: 8.617228746414185
Starting label LEVI, seed 54, iteration 60, time: 10.168627977371216
Starting label LEVI, seed 54, iteration 70, time: 11.691726446151733
Starting label LEVI, seed 54, iteration 80, time: 13.239319801330566
Starting label LEVI, seed 54, iteration 90, time: 14.75414228439331
Starting label LEVI, seed 54, iteration 100, time: 16.262847900390625
Starting label LEVI, seed 54, iteration 110, time: 17.833144187927246
Starting label LEVI, seed 54, iteration 120, time: 19.376405000686646
Starting label LEVI, seed 54, iteration 130, time: 20.911876440048218
Starting label LEVI, seed 54, iteration 140, time: 22.468946933746338
Starting label LEVI, seed 54, iteration 150, time: 23.980271100997925
Starting label LEVI, seed 54, iteration 160, time: 25.473646640777588
Starting label LEVI, seed 54, iteration 170, time: 27.059978723526
Starting label LEVI, seed 54, iteration 180, time: 28.63809084892273
Starting label LEVI, seed 54, iteration 190, time: 30.19984483718872
Starting label LEVI, seed 54, iteration 200, time: 31.738985300064087
Starting label LEVI, seed 54, iteration 210, time: 33.29448223114014
Starting label LEVI, seed 54, iteration 220, time: 34.80797362327576
Starting label LEVI, seed 54, iteration 230, time: 36.39765429496765
Starting label LEVI, seed 54, iteration 240, time: 37.937180042266846
Starting label LEVI, seed 54, iteration 250, time: 39.44858431816101
Starting label LEVI, seed 54, iteration 260, time: 41.03139805793762
Starting label LEVI, seed 54, iteration 270, time: 42.59792757034302
Starting label LEVI, seed 54, iteration 280, time: 44.15593385696411
Starting label LEVI, seed 54, iteration 290, time: 45.681057929992676
Starting label LEVI, seed 54, iteration 300, time: 47.245251417160034
Starting label LEVI, seed 54, iteration 310, time: 48.888797760009766
Starting label LEVI, seed 54, iteration 320, time: 50.46588158607483
Starting label LEVI, seed 54, iteration 330, time: 52.01624631881714
Starting label LEVI, seed 54, iteration 340, time: 53.59035015106201
Starting label LEVI, seed 54, iteration 350, time: 55.22011399269104
Starting label LEVI, seed 54, iteration 360, time: 56.817744731903076
Starting label LEVI, seed 54, iteration 370, time: 58.43107533454895
Starting label LEVI, seed 54, iteration 380, time: 60.03977346420288
Starting label LEVI, seed 54, iteration 390, time: 61.68122339248657
Starting label LEVI, seed 54, iteration 400, time: 63.27320051193237
Starting label LEVI, seed 54, iteration 410, time: 65.0230405330658
Starting label LEVI, seed 54, iteration 420, time: 66.78839063644409
Starting label LEVI, seed 54, iteration 430, time: 68.57176232337952
Starting label LEVI, seed 54, iteration 440, time: 70.3605740070343
Starting label LEVI, seed 54, iteration 450, time: 72.15498638153076
Starting label LEVI, seed 54, iteration 460, time: 74.01052641868591
Starting label LEVI, seed 54, iteration 470, time: 76.15071249008179
Starting label LEVI, seed 54, iteration 480, time: 78.1790759563446
Starting label LEVI, seed 54, iteration 490, time: 80.3747992515564
Starting label LEVI, seed 54, iteration 500, time: 82.52283716201782
Starting label LEVI, seed 54, iteration 510, time: 84.77737045288086
Starting label LEVI, seed 54, iteration 520, time: 87.05542182922363
Starting label LEVI, seed 54, iteration 530, time: 89.15072298049927
Starting label LEVI, seed 54, iteration 540, time: 91.17233371734619
Starting label LEVI, seed 54, iteration 550, time: 93.12937688827515
Starting label LEVI, seed 54, iteration 560, time: 95.22586965560913
Starting label LEVI, seed 54, iteration 570, time: 97.35480690002441
Starting label LEVI, seed 54, iteration 580, time: 99.33668327331543
Starting label LEVI, seed 54, iteration 590, time: 101.34604525566101
Starting label LEVI, seed 54, iteration 600, time: 103.39370226860046
Starting label LEVI, seed 54, iteration 610, time: 105.33654022216797
Starting label LEVI, seed 54, iteration 620, time: 107.157142162323
Starting label LEVI, seed 54, iteration 630, time: 109.01994109153748
Starting label LEVI, seed 54, iteration 640, time: 110.97466588020325
Starting label LEVI, seed 54, iteration 650, time: 112.85601568222046
Starting label LEVI, seed 54, iteration 660, time: 114.85801410675049
Starting label LEVI, seed 54, iteration 670, time: 116.7764184474945
Starting label LEVI, seed 54, iteration 680, time: 118.99271583557129
Starting label LEVI, seed 54, iteration 690, time: 121.18274331092834
Starting label LEVI, seed 54, iteration 700, time: 123.16271924972534
Starting label LEVI, seed 54, iteration 710, time: 125.11793041229248
Starting label LEVI, seed 54, iteration 720, time: 127.0212504863739
Starting label LEVI, seed 54, iteration 730, time: 128.86989164352417
Starting label LEVI, seed 54, iteration 740, time: 130.62051963806152
Starting label LEVI, seed 54, iteration 750, time: 132.3764612674713
Starting label LEVI, seed 54, iteration 760, time: 134.24686694145203
Starting label LEVI, seed 54, iteration 770, time: 136.06712293624878
Starting label LEVI, seed 54, iteration 780, time: 138.0494384765625
Starting label LEVI, seed 54, iteration 790, time: 139.96194791793823
Starting label LEVI, seed 54, iteration 800, time: 141.83729076385498
Starting label LEVI, seed 54, iteration 810, time: 143.81903886795044
Starting label LEVI, seed 54, iteration 820, time: 145.64162850379944
Starting label LEVI, seed 54, iteration 830, time: 147.4760022163391
Starting label LEVI, seed 54, iteration 840, time: 149.35697317123413
Starting label LEVI, seed 54, iteration 850, time: 151.16950130462646
Starting label LEVI, seed 54, iteration 860, time: 153.0745711326599
Starting label LEVI, seed 54, iteration 870, time: 154.95276594161987
Starting label LEVI, seed 54, iteration 880, time: 156.8808798789978
Starting label LEVI, seed 54, iteration 890, time: 158.80632209777832
Starting label LEVI, seed 54, iteration 900, time: 160.78748321533203
Starting label LEVI, seed 54, iteration 910, time: 162.7265865802765
Starting label LEVI, seed 54, iteration 920, time: 164.66168880462646
Starting label LEVI, seed 54, iteration 930, time: 166.5845708847046
Starting label LEVI, seed 54, iteration 940, time: 168.5595555305481
Starting label LEVI, seed 54, iteration 950, time: 170.49710726737976
Starting label LEVI, seed 54, iteration 960, time: 172.2713282108307
Starting label LEVI, seed 54, iteration 970, time: 174.08769989013672
Starting label LEVI, seed 54, iteration 980, time: 176.03517365455627
Starting label LEVI, seed 54, iteration 990, time: 177.9607436656952
Starting label LEVI, seed 54, iteration 1000, time: 179.79402112960815
Starting label LEVI, seed 54, iteration 1010, time: 181.65718746185303
Starting label LEVI, seed 54, iteration 1020, time: 183.59509325027466
Starting label LEVI, seed 54, iteration 1030, time: 185.49552655220032
Starting label LEVI, seed 54, iteration 1040, time: 187.49220871925354
Starting label LEVI, seed 54, iteration 1050, time: 189.51216077804565
Starting label LEVI, seed 54, iteration 1060, time: 191.5121238231659
Starting label LEVI, seed 54, iteration 1070, time: 193.45205736160278
Starting label LEVI, seed 54, iteration 1080, time: 195.40340328216553
Starting label LEVI, seed 54, iteration 1090, time: 197.17568373680115
Starting label LEVI, seed 54, iteration 1100, time: 199.08439421653748
Starting label LEVI, seed 54, iteration 1110, time: 200.9911298751831
Starting label LEVI, seed 54, iteration 1120, time: 202.84904193878174
Starting label LEVI, seed 54, iteration 1130, time: 204.6417212486267
Starting label LEVI, seed 54, iteration 1140, time: 206.47060251235962
Starting label LEVI, seed 54, iteration 1150, time: 208.32276439666748
Starting label LEVI, seed 54, iteration 1160, time: 210.16754603385925
Starting label LEVI, seed 54, iteration 1170, time: 212.053608417511
Starting label LEVI, seed 54, iteration 1180, time: 213.99425983428955
Starting label LEVI, seed 54, iteration 1190, time: 215.94392037391663
Starting label LEVI, seed 54, iteration 1200, time: 218.0151228904724
Starting label LEVI, seed 54, iteration 1210, time: 220.13022422790527
Starting label LEVI, seed 54, iteration 1220, time: 222.2182867527008
Starting label LEVI, seed 54, iteration 1230, time: 224.3537106513977
Starting label LEVI, seed 54, iteration 1240, time: 226.34866189956665
Starting label LEVI, seed 54, iteration 1250, time: 228.41857862472534
Starting label LEVI, seed 54, iteration 1260, time: 230.51231741905212
Starting label LEVI, seed 54, iteration 1270, time: 232.5177628993988
Starting label LEVI, seed 54, iteration 1280, time: 234.5342710018158
Starting label LEVI, seed 54, iteration 1290, time: 236.69168901443481
Starting label LEVI, seed 54, iteration 1300, time: 238.80262231826782
Starting label LEVI, seed 54, iteration 1310, time: 240.9357945919037
Starting label LEVI, seed 54, iteration 1320, time: 243.088050365448
Starting label LEVI, seed 54, iteration 1330, time: 245.1950409412384
Starting label LEVI, seed 54, iteration 1340, time: 247.35467338562012
Starting label LEVI, seed 54, iteration 1350, time: 249.4496672153473
Starting label LEVI, seed 54, iteration 1360, time: 251.56997847557068
Starting label LEVI, seed 54, iteration 1370, time: 253.84795308113098
Starting label LEVI, seed 54, iteration 1380, time: 256.0966999530792
Starting label LEVI, seed 54, iteration 1390, time: 258.3942518234253
Starting label LEVI, seed 54, iteration 1400, time: 260.5232844352722
Starting label LEVI, seed 54, iteration 1410, time: 262.81816148757935
Starting label LEVI, seed 54, iteration 1420, time: 265.0454866886139
Starting label LEVI, seed 54, iteration 1430, time: 267.1983277797699
Starting label LEVI, seed 54, iteration 1440, time: 269.4440610408783
Starting label LEVI, seed 54, iteration 1450, time: 271.76104712486267
Starting label LEVI, seed 54, iteration 1460, time: 273.96734738349915
Starting label LEVI, seed 54, iteration 1470, time: 276.3679211139679
Starting label LEVI, seed 54, iteration 1480, time: 278.8710570335388
Starting label LEVI, seed 54, iteration 1490, time: 281.26641869544983
Starting label LEVI, seed 54, iteration 1500, time: 283.6023528575897
Starting label LEVI, seed 54, iteration 1510, time: 285.9738070964813
Starting label LEVI, seed 54, iteration 1520, time: 288.38138127326965
Starting label LEVI, seed 54, iteration 1530, time: 290.7638645172119
Starting label LEVI, seed 54, iteration 1540, time: 293.15259075164795
Starting label LEVI, seed 54, iteration 1550, time: 295.48862886428833
Starting label LEVI, seed 54, iteration 1560, time: 297.84917163848877
Starting label LEVI, seed 54, iteration 1570, time: 300.2637162208557
Starting label LEVI, seed 54, iteration 1580, time: 302.56225776672363
Starting label LEVI, seed 54, iteration 1590, time: 304.8868360519409
Starting label LEVI, seed 54, iteration 1600, time: 307.23771595954895
Starting label LEVI, seed 54, iteration 1610, time: 309.60783767700195
Starting label LEVI, seed 54, iteration 1620, time: 311.9923596382141
Starting label LEVI, seed 54, iteration 1630, time: 314.49134731292725
Starting label LEVI, seed 54, iteration 1640, time: 316.8873326778412
Starting label LEVI, seed 54, iteration 1650, time: 319.37829756736755
Starting label LEVI, seed 54, iteration 1660, time: 321.80733847618103
Starting label LEVI, seed 54, iteration 1670, time: 324.3569586277008
Starting label LEVI, seed 54, iteration 1680, time: 326.9450669288635
Starting label LEVI, seed 54, iteration 1690, time: 329.5983233451843
Starting label LEVI, seed 54, iteration 1700, time: 332.09637784957886
Starting label LEVI, seed 54, iteration 1710, time: 334.63249158859253
Starting label LEVI, seed 54, iteration 1720, time: 337.1481955051422
Starting label LEVI, seed 54, iteration 1730, time: 339.8322834968567
Starting label LEVI, seed 54, iteration 1740, time: 342.3541965484619
Starting label LEVI, seed 54, iteration 1750, time: 345.06910395622253
Starting label LEVI, seed 54, iteration 1760, time: 347.79315423965454
Starting label LEVI, seed 54, iteration 1770, time: 350.67596197128296
Starting label LEVI, seed 54, iteration 1780, time: 353.3018550872803
Starting label LEVI, seed 54, iteration 1790, time: 356.20295548439026
Starting label LEVI, seed 54, iteration 1800, time: 358.9976954460144
Starting label LEVI, seed 54, iteration 1810, time: 361.95306944847107
Starting label LEVI, seed 54, iteration 1820, time: 364.8456754684448
Starting label LEVI, seed 54, iteration 1830, time: 367.74589824676514
Starting label LEVI, seed 54, iteration 1840, time: 370.759957075119
Starting label LEVI, seed 54, iteration 1850, time: 373.71262097358704
Starting label LEVI, seed 54, iteration 1860, time: 376.7255165576935
Starting label LEVI, seed 54, iteration 1870, time: 379.60978603363037
Starting label LEVI, seed 54, iteration 1880, time: 382.60986042022705
Starting label LEVI, seed 54, iteration 1890, time: 385.91275095939636
Starting label LEVI, seed 54, iteration 1900, time: 389.09914684295654
Starting label LEVI, seed 54, iteration 1910, time: 392.3524706363678
Starting label LEVI, seed 54, iteration 1920, time: 395.60043573379517
Starting label LEVI, seed 54, iteration 1930, time: 399.05074310302734
Starting label LEVI, seed 54, iteration 1940, time: 402.30065178871155
Starting label LEVI, seed 54, iteration 1950, time: 405.51756715774536
Starting label LEVI, seed 54, iteration 1960, time: 408.74988985061646
Starting label LEVI, seed 54, iteration 1970, time: 412.25281834602356
Starting label LEVI, seed 54, iteration 1980, time: 415.6045231819153
Starting label LEVI, seed 54, iteration 1990, time: 418.9188783168793
submitit INFO (2022-10-02 00:10:34,379) - Job completed successfully
