submitit INFO (2022-10-02 13:26:32,228) - Starting with JobEnvironment(job_id=884521_4, hostname=nikola-compute-04.cs.cornell.edu, local_rank=0(1), node=0(1), global_rank=0(1))
submitit INFO (2022-10-02 13:26:32,229) - Loading pickle: /home/gid-cakmaks/contextual_rs/experiments/wsc_experiments/logs/884521_4/884521_4_submitted.pkl
Appending iterations to existing output!Warning: If parameters other than `iterations` have been changed, this will corrupt the output!
Starting label LEVI, seed 4, iteration 510, time: 342.0062096118927
Starting label LEVI, seed 4, iteration 520, time: 349.14514565467834
Starting label LEVI, seed 4, iteration 530, time: 356.1367754936218
Starting label LEVI, seed 4, iteration 540, time: 363.0755088329315
Starting label LEVI, seed 4, iteration 550, time: 370.25936126708984
Starting label LEVI, seed 4, iteration 560, time: 377.55441308021545
Starting label LEVI, seed 4, iteration 570, time: 384.8396580219269
Starting label LEVI, seed 4, iteration 580, time: 392.3032455444336
Starting label LEVI, seed 4, iteration 590, time: 399.9193742275238
Starting label LEVI, seed 4, iteration 600, time: 407.2861268520355
Starting label LEVI, seed 4, iteration 610, time: 414.6797957420349
Starting label LEVI, seed 4, iteration 620, time: 422.2328419685364
Starting label LEVI, seed 4, iteration 630, time: 429.6647472381592
Starting label LEVI, seed 4, iteration 640, time: 437.24263095855713
Starting label LEVI, seed 4, iteration 650, time: 444.65361428260803
Starting label LEVI, seed 4, iteration 660, time: 451.9143533706665
Starting label LEVI, seed 4, iteration 670, time: 459.0791983604431
Starting label LEVI, seed 4, iteration 680, time: 466.24670696258545
Starting label LEVI, seed 4, iteration 690, time: 473.5783441066742
Starting label LEVI, seed 4, iteration 700, time: 480.7382342815399
Starting label LEVI, seed 4, iteration 710, time: 488.1810986995697
Starting label LEVI, seed 4, iteration 720, time: 495.3211612701416
Starting label LEVI, seed 4, iteration 730, time: 502.3977086544037
Starting label LEVI, seed 4, iteration 740, time: 509.7829465866089
Starting label LEVI, seed 4, iteration 750, time: 516.9982485771179
Starting label LEVI, seed 4, iteration 760, time: 524.6354007720947
Starting label LEVI, seed 4, iteration 770, time: 532.4850273132324
Starting label LEVI, seed 4, iteration 780, time: 540.2709429264069
Starting label LEVI, seed 4, iteration 790, time: 548.0842533111572
Starting label LEVI, seed 4, iteration 800, time: 555.9819092750549
Starting label LEVI, seed 4, iteration 810, time: 563.7955689430237
Starting label LEVI, seed 4, iteration 820, time: 571.5690007209778
Starting label LEVI, seed 4, iteration 830, time: 579.4443712234497
Starting label LEVI, seed 4, iteration 840, time: 587.3337066173553
Starting label LEVI, seed 4, iteration 850, time: 595.0730967521667
Starting label LEVI, seed 4, iteration 860, time: 602.6519982814789
Starting label LEVI, seed 4, iteration 870, time: 610.4215643405914
Starting label LEVI, seed 4, iteration 880, time: 618.4567873477936
Starting label LEVI, seed 4, iteration 890, time: 626.5129537582397
Starting label LEVI, seed 4, iteration 900, time: 634.3647906780243
Starting label LEVI, seed 4, iteration 910, time: 642.3839802742004
Starting label LEVI, seed 4, iteration 920, time: 650.4564650058746
Starting label LEVI, seed 4, iteration 930, time: 658.3927087783813
Starting label LEVI, seed 4, iteration 940, time: 666.2976615428925
Starting label LEVI, seed 4, iteration 950, time: 674.4410345554352
Starting label LEVI, seed 4, iteration 960, time: 682.3020505905151
Starting label LEVI, seed 4, iteration 970, time: 690.223391532898
Starting label LEVI, seed 4, iteration 980, time: 697.8685147762299
Starting label LEVI, seed 4, iteration 990, time: 705.9327144622803
Starting label LEVI, seed 4, iteration 1000, time: 714.3454465866089
Starting label LEVI, seed 4, iteration 1010, time: 722.677232503891
Starting label LEVI, seed 4, iteration 1020, time: 730.6540184020996
Starting label LEVI, seed 4, iteration 1030, time: 738.897166967392
Starting label LEVI, seed 4, iteration 1040, time: 746.8119547367096
Starting label LEVI, seed 4, iteration 1050, time: 755.6968579292297
Starting label LEVI, seed 4, iteration 1060, time: 764.3363444805145
Starting label LEVI, seed 4, iteration 1070, time: 772.8811750411987
Starting label LEVI, seed 4, iteration 1080, time: 781.208176612854
Starting label LEVI, seed 4, iteration 1090, time: 789.3115046024323
Starting label LEVI, seed 4, iteration 1100, time: 797.572172164917
Starting label LEVI, seed 4, iteration 1110, time: 806.0528619289398
Starting label LEVI, seed 4, iteration 1120, time: 814.5064744949341
Starting label LEVI, seed 4, iteration 1130, time: 822.8503663539886
Starting label LEVI, seed 4, iteration 1140, time: 831.0336594581604
Starting label LEVI, seed 4, iteration 1150, time: 839.6441042423248
Starting label LEVI, seed 4, iteration 1160, time: 848.0158717632294
Starting label LEVI, seed 4, iteration 1170, time: 856.9772090911865
Starting label LEVI, seed 4, iteration 1180, time: 865.6885318756104
Starting label LEVI, seed 4, iteration 1190, time: 874.5459294319153
Starting label LEVI, seed 4, iteration 1200, time: 883.5495991706848
Starting label LEVI, seed 4, iteration 1210, time: 892.4572460651398
Starting label LEVI, seed 4, iteration 1220, time: 901.3936305046082
Starting label LEVI, seed 4, iteration 1230, time: 910.3057925701141
Starting label LEVI, seed 4, iteration 1240, time: 919.5134994983673
Starting label LEVI, seed 4, iteration 1250, time: 928.9189159870148
Starting label LEVI, seed 4, iteration 1260, time: 937.9321703910828
Starting label LEVI, seed 4, iteration 1270, time: 947.1844837665558
Starting label LEVI, seed 4, iteration 1280, time: 956.5925703048706
Starting label LEVI, seed 4, iteration 1290, time: 965.8030989170074
Starting label LEVI, seed 4, iteration 1300, time: 974.9837317466736
Starting label LEVI, seed 4, iteration 1310, time: 983.955806016922
Starting label LEVI, seed 4, iteration 1320, time: 993.0186543464661
Starting label LEVI, seed 4, iteration 1330, time: 1002.1903455257416
Starting label LEVI, seed 4, iteration 1340, time: 1011.1675486564636
Starting label LEVI, seed 4, iteration 1350, time: 1020.1627750396729
Starting label LEVI, seed 4, iteration 1360, time: 1029.437880039215
Starting label LEVI, seed 4, iteration 1370, time: 1038.5771050453186
Starting label LEVI, seed 4, iteration 1380, time: 1047.926910161972
Starting label LEVI, seed 4, iteration 1390, time: 1057.606329202652
Starting label LEVI, seed 4, iteration 1400, time: 1067.073532819748
Starting label LEVI, seed 4, iteration 1410, time: 1076.3441767692566
Starting label LEVI, seed 4, iteration 1420, time: 1085.4161784648895
Starting label LEVI, seed 4, iteration 1430, time: 1094.4067013263702
Starting label LEVI, seed 4, iteration 1440, time: 1104.1475641727448
Starting label LEVI, seed 4, iteration 1450, time: 1113.6570019721985
Starting label LEVI, seed 4, iteration 1460, time: 1122.7335069179535
Starting label LEVI, seed 4, iteration 1470, time: 1132.0849826335907
Starting label LEVI, seed 4, iteration 1480, time: 1141.4555170536041
Starting label LEVI, seed 4, iteration 1490, time: 1151.124332666397
Starting label LEVI, seed 4, iteration 1500, time: 1160.644299507141
Starting label LEVI, seed 4, iteration 1510, time: 1170.4053835868835
Starting label LEVI, seed 4, iteration 1520, time: 1180.2253530025482
Starting label LEVI, seed 4, iteration 1530, time: 1190.0413703918457
Starting label LEVI, seed 4, iteration 1540, time: 1200.0298087596893
Starting label LEVI, seed 4, iteration 1550, time: 1210.1873059272766
Starting label LEVI, seed 4, iteration 1560, time: 1220.0229909420013
Starting label LEVI, seed 4, iteration 1570, time: 1229.6978011131287
Starting label LEVI, seed 4, iteration 1580, time: 1239.4728908538818
Starting label LEVI, seed 4, iteration 1590, time: 1249.6528813838959
Starting label LEVI, seed 4, iteration 1600, time: 1259.4697668552399
Starting label LEVI, seed 4, iteration 1610, time: 1269.46786570549
Starting label LEVI, seed 4, iteration 1620, time: 1279.514714717865
Starting label LEVI, seed 4, iteration 1630, time: 1289.6320378780365
Starting label LEVI, seed 4, iteration 1640, time: 1300.294062614441
Starting label LEVI, seed 4, iteration 1650, time: 1310.7828183174133
Starting label LEVI, seed 4, iteration 1660, time: 1321.2276675701141
Starting label LEVI, seed 4, iteration 1670, time: 1331.448496580124
Starting label LEVI, seed 4, iteration 1680, time: 1341.7590610980988
Starting label LEVI, seed 4, iteration 1690, time: 1352.4522178173065
Starting label LEVI, seed 4, iteration 1700, time: 1362.683881521225
Starting label LEVI, seed 4, iteration 1710, time: 1372.8788018226624
Starting label LEVI, seed 4, iteration 1720, time: 1382.5976729393005
Starting label LEVI, seed 4, iteration 1730, time: 1393.530723810196
Starting label LEVI, seed 4, iteration 1740, time: 1403.3972389698029
Starting label LEVI, seed 4, iteration 1750, time: 1414.2070348262787
Starting label LEVI, seed 4, iteration 1760, time: 1424.1382858753204
Starting label LEVI, seed 4, iteration 1770, time: 1434.318017244339
Starting label LEVI, seed 4, iteration 1780, time: 1445.2297277450562
Starting label LEVI, seed 4, iteration 1790, time: 1455.6117012500763
Starting label LEVI, seed 4, iteration 1800, time: 1466.1508209705353
Starting label LEVI, seed 4, iteration 1810, time: 1477.3689503669739
Starting label LEVI, seed 4, iteration 1820, time: 1487.7827615737915
Starting label LEVI, seed 4, iteration 1830, time: 1498.1429986953735
Starting label LEVI, seed 4, iteration 1840, time: 1508.859452009201
Starting label LEVI, seed 4, iteration 1850, time: 1519.8408193588257
Starting label LEVI, seed 4, iteration 1860, time: 1531.0196857452393
Starting label LEVI, seed 4, iteration 1870, time: 1541.4940960407257
Starting label LEVI, seed 4, iteration 1880, time: 1552.5147860050201
Starting label LEVI, seed 4, iteration 1890, time: 1563.2781820297241
Starting label LEVI, seed 4, iteration 1900, time: 1574.3796517848969
Starting label LEVI, seed 4, iteration 1910, time: 1585.7284362316132
Starting label LEVI, seed 4, iteration 1920, time: 1597.0816369056702
Starting label LEVI, seed 4, iteration 1930, time: 1608.5619277954102
Starting label LEVI, seed 4, iteration 1940, time: 1619.9397060871124
Starting label LEVI, seed 4, iteration 1950, time: 1631.2577846050262
Starting label LEVI, seed 4, iteration 1960, time: 1642.7025842666626
Starting label LEVI, seed 4, iteration 1970, time: 1654.6836173534393
Starting label LEVI, seed 4, iteration 1980, time: 1666.2067549228668
Starting label LEVI, seed 4, iteration 1990, time: 1678.319839477539
submitit INFO (2022-10-02 13:49:02,963) - Job completed successfully
