submitit INFO (2022-10-02 00:11:04,259) - Starting with JobEnvironment(job_id=883180_8, hostname=badfellow.cs.cornell.edu, local_rank=0(1), node=0(1), global_rank=0(1))
submitit INFO (2022-10-02 00:11:04,259) - Loading pickle: /home/gid-cakmaks/contextual_rs/experiments/wsc_experiments/logs/883180_8/883180_8_submitted.pkl
Starting label LEVI, seed 58, iteration 0, time: 9.465217590332031e-05
Starting label LEVI, seed 58, iteration 10, time: 5.793757438659668
Starting label LEVI, seed 58, iteration 20, time: 7.435203313827515
Starting label LEVI, seed 58, iteration 30, time: 8.774554252624512
Starting label LEVI, seed 58, iteration 40, time: 10.130558013916016
Starting label LEVI, seed 58, iteration 50, time: 11.468936204910278
Starting label LEVI, seed 58, iteration 60, time: 12.839003801345825
Starting label LEVI, seed 58, iteration 70, time: 14.208251714706421
Starting label LEVI, seed 58, iteration 80, time: 15.599230527877808
Starting label LEVI, seed 58, iteration 90, time: 16.99845862388611
Starting label LEVI, seed 58, iteration 100, time: 18.386449098587036
Starting label LEVI, seed 58, iteration 110, time: 19.76510500907898
Starting label LEVI, seed 58, iteration 120, time: 21.17562174797058
Starting label LEVI, seed 58, iteration 130, time: 22.574923276901245
Starting label LEVI, seed 58, iteration 140, time: 23.996042490005493
Starting label LEVI, seed 58, iteration 150, time: 25.411723613739014
Starting label LEVI, seed 58, iteration 160, time: 26.825188636779785
Starting label LEVI, seed 58, iteration 170, time: 28.26772403717041
Starting label LEVI, seed 58, iteration 180, time: 29.70240831375122
Starting label LEVI, seed 58, iteration 190, time: 31.088973999023438
Starting label LEVI, seed 58, iteration 200, time: 32.52547550201416
Starting label LEVI, seed 58, iteration 210, time: 33.91758871078491
Starting label LEVI, seed 58, iteration 220, time: 35.31799340248108
Starting label LEVI, seed 58, iteration 230, time: 36.826290130615234
Starting label LEVI, seed 58, iteration 240, time: 38.239763259887695
Starting label LEVI, seed 58, iteration 250, time: 39.65421724319458
Starting label LEVI, seed 58, iteration 260, time: 41.06739616394043
Starting label LEVI, seed 58, iteration 270, time: 42.463908195495605
Starting label LEVI, seed 58, iteration 280, time: 43.855660915374756
Starting label LEVI, seed 58, iteration 290, time: 45.23835277557373
Starting label LEVI, seed 58, iteration 300, time: 46.615851402282715
Starting label LEVI, seed 58, iteration 310, time: 48.0525426864624
Starting label LEVI, seed 58, iteration 320, time: 49.47489047050476
Starting label LEVI, seed 58, iteration 330, time: 51.14227056503296
Starting label LEVI, seed 58, iteration 340, time: 53.2967004776001
Starting label LEVI, seed 58, iteration 350, time: 54.970741987228394
Starting label LEVI, seed 58, iteration 360, time: 56.926286935806274
Starting label LEVI, seed 58, iteration 370, time: 58.966679096221924
Starting label LEVI, seed 58, iteration 380, time: 60.97769331932068
Starting label LEVI, seed 58, iteration 390, time: 63.20874357223511
Starting label LEVI, seed 58, iteration 400, time: 65.33117127418518
Starting label LEVI, seed 58, iteration 410, time: 66.97386384010315
Starting label LEVI, seed 58, iteration 420, time: 68.90448927879333
Starting label LEVI, seed 58, iteration 430, time: 71.08321762084961
Starting label LEVI, seed 58, iteration 440, time: 72.9516031742096
Starting label LEVI, seed 58, iteration 450, time: 74.43997716903687
Starting label LEVI, seed 58, iteration 460, time: 76.22949981689453
Starting label LEVI, seed 58, iteration 470, time: 78.14675998687744
Starting label LEVI, seed 58, iteration 480, time: 79.97238850593567
Starting label LEVI, seed 58, iteration 490, time: 82.08905458450317
Starting label LEVI, seed 58, iteration 500, time: 83.97840356826782
Starting label LEVI, seed 58, iteration 510, time: 85.58369517326355
Starting label LEVI, seed 58, iteration 520, time: 87.08557271957397
Starting label LEVI, seed 58, iteration 530, time: 88.80265259742737
Starting label LEVI, seed 58, iteration 540, time: 90.40084028244019
Starting label LEVI, seed 58, iteration 550, time: 92.1269736289978
Starting label LEVI, seed 58, iteration 560, time: 93.89885663986206
Starting label LEVI, seed 58, iteration 570, time: 95.53092908859253
Starting label LEVI, seed 58, iteration 580, time: 97.1569254398346
Starting label LEVI, seed 58, iteration 590, time: 98.85368776321411
Starting label LEVI, seed 58, iteration 600, time: 100.54238867759705
Starting label LEVI, seed 58, iteration 610, time: 102.34061551094055
Starting label LEVI, seed 58, iteration 620, time: 104.11984634399414
Starting label LEVI, seed 58, iteration 630, time: 105.86032629013062
Starting label LEVI, seed 58, iteration 640, time: 107.75005888938904
Starting label LEVI, seed 58, iteration 650, time: 109.62160611152649
Starting label LEVI, seed 58, iteration 660, time: 111.34235000610352
Starting label LEVI, seed 58, iteration 670, time: 113.11085486412048
Starting label LEVI, seed 58, iteration 680, time: 114.8196485042572
Starting label LEVI, seed 58, iteration 690, time: 116.46474981307983
Starting label LEVI, seed 58, iteration 700, time: 118.10284447669983
Starting label LEVI, seed 58, iteration 710, time: 119.81445145606995
Starting label LEVI, seed 58, iteration 720, time: 121.59057092666626
Starting label LEVI, seed 58, iteration 730, time: 123.37958216667175
Starting label LEVI, seed 58, iteration 740, time: 125.07139563560486
Starting label LEVI, seed 58, iteration 750, time: 127.02656149864197
Starting label LEVI, seed 58, iteration 760, time: 128.74140691757202
Starting label LEVI, seed 58, iteration 770, time: 130.74574661254883
Starting label LEVI, seed 58, iteration 780, time: 132.53027486801147
Starting label LEVI, seed 58, iteration 790, time: 134.5006504058838
Starting label LEVI, seed 58, iteration 800, time: 136.19434332847595
Starting label LEVI, seed 58, iteration 810, time: 138.27212929725647
Starting label LEVI, seed 58, iteration 820, time: 140.05758476257324
Starting label LEVI, seed 58, iteration 830, time: 141.90693140029907
Starting label LEVI, seed 58, iteration 840, time: 143.6716296672821
Starting label LEVI, seed 58, iteration 850, time: 145.42125582695007
Starting label LEVI, seed 58, iteration 860, time: 147.21102571487427
Starting label LEVI, seed 58, iteration 870, time: 149.26872730255127
Starting label LEVI, seed 58, iteration 880, time: 151.32125616073608
Starting label LEVI, seed 58, iteration 890, time: 153.31088852882385
Starting label LEVI, seed 58, iteration 900, time: 155.2048041820526
Starting label LEVI, seed 58, iteration 910, time: 157.01006722450256
Starting label LEVI, seed 58, iteration 920, time: 158.86133337020874
Starting label LEVI, seed 58, iteration 930, time: 160.616943359375
Starting label LEVI, seed 58, iteration 940, time: 162.27953243255615
Starting label LEVI, seed 58, iteration 950, time: 164.0107274055481
Starting label LEVI, seed 58, iteration 960, time: 165.62264132499695
Starting label LEVI, seed 58, iteration 970, time: 167.2659637928009
Starting label LEVI, seed 58, iteration 980, time: 168.9599335193634
Starting label LEVI, seed 58, iteration 990, time: 170.57068252563477
Starting label LEVI, seed 58, iteration 1000, time: 172.2337121963501
Starting label LEVI, seed 58, iteration 1010, time: 173.81853604316711
Starting label LEVI, seed 58, iteration 1020, time: 175.39016675949097
Starting label LEVI, seed 58, iteration 1030, time: 176.9642174243927
Starting label LEVI, seed 58, iteration 1040, time: 178.57224011421204
Starting label LEVI, seed 58, iteration 1050, time: 180.1810336112976
Starting label LEVI, seed 58, iteration 1060, time: 181.93714380264282
Starting label LEVI, seed 58, iteration 1070, time: 183.60618257522583
Starting label LEVI, seed 58, iteration 1080, time: 185.2822778224945
Starting label LEVI, seed 58, iteration 1090, time: 186.97163343429565
Starting label LEVI, seed 58, iteration 1100, time: 188.6866157054901
Starting label LEVI, seed 58, iteration 1110, time: 190.3021697998047
Starting label LEVI, seed 58, iteration 1120, time: 192.05370163917542
Starting label LEVI, seed 58, iteration 1130, time: 193.82677698135376
Starting label LEVI, seed 58, iteration 1140, time: 195.65255331993103
Starting label LEVI, seed 58, iteration 1150, time: 197.33323621749878
Starting label LEVI, seed 58, iteration 1160, time: 199.0744490623474
Starting label LEVI, seed 58, iteration 1170, time: 200.7428436279297
Starting label LEVI, seed 58, iteration 1180, time: 202.44825839996338
Starting label LEVI, seed 58, iteration 1190, time: 204.18134665489197
Starting label LEVI, seed 58, iteration 1200, time: 205.90146684646606
Starting label LEVI, seed 58, iteration 1210, time: 207.67536520957947
Starting label LEVI, seed 58, iteration 1220, time: 209.59720516204834
Starting label LEVI, seed 58, iteration 1230, time: 211.31818318367004
Starting label LEVI, seed 58, iteration 1240, time: 213.1973581314087
Starting label LEVI, seed 58, iteration 1250, time: 214.9809708595276
Starting label LEVI, seed 58, iteration 1260, time: 216.83075547218323
Starting label LEVI, seed 58, iteration 1270, time: 218.61685156822205
Starting label LEVI, seed 58, iteration 1280, time: 220.51864647865295
Starting label LEVI, seed 58, iteration 1290, time: 222.3200078010559
Starting label LEVI, seed 58, iteration 1300, time: 224.19057703018188
Starting label LEVI, seed 58, iteration 1310, time: 226.06909561157227
Starting label LEVI, seed 58, iteration 1320, time: 227.91521072387695
Starting label LEVI, seed 58, iteration 1330, time: 229.7717204093933
Starting label LEVI, seed 58, iteration 1340, time: 231.6548502445221
Starting label LEVI, seed 58, iteration 1350, time: 233.4990429878235
Starting label LEVI, seed 58, iteration 1360, time: 235.34041285514832
Starting label LEVI, seed 58, iteration 1370, time: 237.22898149490356
Starting label LEVI, seed 58, iteration 1380, time: 239.10991072654724
Starting label LEVI, seed 58, iteration 1390, time: 240.99863362312317
Starting label LEVI, seed 58, iteration 1400, time: 242.89700436592102
Starting label LEVI, seed 58, iteration 1410, time: 244.90349912643433
Starting label LEVI, seed 58, iteration 1420, time: 246.82201528549194
Starting label LEVI, seed 58, iteration 1430, time: 248.71310019493103
Starting label LEVI, seed 58, iteration 1440, time: 250.68381595611572
Starting label LEVI, seed 58, iteration 1450, time: 252.5956265926361
Starting label LEVI, seed 58, iteration 1460, time: 254.55414867401123
Starting label LEVI, seed 58, iteration 1470, time: 256.58781480789185
Starting label LEVI, seed 58, iteration 1480, time: 258.5224277973175
Starting label LEVI, seed 58, iteration 1490, time: 260.45233035087585
Starting label LEVI, seed 58, iteration 1500, time: 262.5335078239441
Starting label LEVI, seed 58, iteration 1510, time: 264.54745531082153
Starting label LEVI, seed 58, iteration 1520, time: 266.5631437301636
Starting label LEVI, seed 58, iteration 1530, time: 268.79157042503357
Starting label LEVI, seed 58, iteration 1540, time: 270.7896888256073
Starting label LEVI, seed 58, iteration 1550, time: 272.7974841594696
Starting label LEVI, seed 58, iteration 1560, time: 274.9308671951294
Starting label LEVI, seed 58, iteration 1570, time: 277.01651763916016
Starting label LEVI, seed 58, iteration 1580, time: 279.2191939353943
Starting label LEVI, seed 58, iteration 1590, time: 281.5219795703888
Starting label LEVI, seed 58, iteration 1600, time: 283.5920443534851
Starting label LEVI, seed 58, iteration 1610, time: 285.8373062610626
Starting label LEVI, seed 58, iteration 1620, time: 287.9827558994293
Starting label LEVI, seed 58, iteration 1630, time: 290.1196389198303
Starting label LEVI, seed 58, iteration 1640, time: 292.2645351886749
Starting label LEVI, seed 58, iteration 1650, time: 294.6309566497803
Starting label LEVI, seed 58, iteration 1660, time: 296.8044390678406
Starting label LEVI, seed 58, iteration 1670, time: 299.0489459037781
Starting label LEVI, seed 58, iteration 1680, time: 301.2061023712158
Starting label LEVI, seed 58, iteration 1690, time: 303.5386121273041
Starting label LEVI, seed 58, iteration 1700, time: 305.85500502586365
Starting label LEVI, seed 58, iteration 1710, time: 308.09649753570557
Starting label LEVI, seed 58, iteration 1720, time: 310.4013178348541
Starting label LEVI, seed 58, iteration 1730, time: 312.6191201210022
Starting label LEVI, seed 58, iteration 1740, time: 314.8782751560211
Starting label LEVI, seed 58, iteration 1750, time: 317.2104172706604
Starting label LEVI, seed 58, iteration 1760, time: 319.7020528316498
Starting label LEVI, seed 58, iteration 1770, time: 322.1774137020111
Starting label LEVI, seed 58, iteration 1780, time: 324.4767611026764
Starting label LEVI, seed 58, iteration 1790, time: 326.85426592826843
Starting label LEVI, seed 58, iteration 1800, time: 329.26789927482605
Starting label LEVI, seed 58, iteration 1810, time: 331.88128185272217
Starting label LEVI, seed 58, iteration 1820, time: 334.31578183174133
Starting label LEVI, seed 58, iteration 1830, time: 336.8407258987427
Starting label LEVI, seed 58, iteration 1840, time: 339.450110912323
Starting label LEVI, seed 58, iteration 1850, time: 341.94167304039
Starting label LEVI, seed 58, iteration 1860, time: 344.3746511936188
Starting label LEVI, seed 58, iteration 1870, time: 346.8637309074402
Starting label LEVI, seed 58, iteration 1880, time: 349.52142667770386
Starting label LEVI, seed 58, iteration 1890, time: 352.08288407325745
Starting label LEVI, seed 58, iteration 1900, time: 354.63340282440186
Starting label LEVI, seed 58, iteration 1910, time: 357.06459641456604
Starting label LEVI, seed 58, iteration 1920, time: 359.7153046131134
Starting label LEVI, seed 58, iteration 1930, time: 362.3637042045593
Starting label LEVI, seed 58, iteration 1940, time: 364.96728467941284
Starting label LEVI, seed 58, iteration 1950, time: 367.64486289024353
Starting label LEVI, seed 58, iteration 1960, time: 370.42132091522217
Starting label LEVI, seed 58, iteration 1970, time: 373.17809557914734
Starting label LEVI, seed 58, iteration 1980, time: 375.7955889701843
Starting label LEVI, seed 58, iteration 1990, time: 378.57521414756775
submitit INFO (2022-10-02 00:17:27,279) - Job completed successfully
