submitit INFO (2022-10-02 02:25:27,506) - Starting with JobEnvironment(job_id=883724_7, hostname=rush-compute-01.tech.cornell.edu, local_rank=0(1), node=0(1), global_rank=0(1))
submitit INFO (2022-10-02 02:25:27,506) - Loading pickle: /home/gid-cakmaks/contextual_rs/experiments/wsc_experiments/logs/883724_7/883724_7_submitted.pkl
Appending iterations to existing output!Warning: If parameters other than `iterations` have been changed, this will corrupt the output!
Starting label LEVI, seed 77, iteration 520, time: 162.59570956230164
Starting label LEVI, seed 77, iteration 530, time: 166.61392760276794
Starting label LEVI, seed 77, iteration 540, time: 170.37577152252197
Starting label LEVI, seed 77, iteration 550, time: 174.19041442871094
Starting label LEVI, seed 77, iteration 560, time: 177.91850447654724
Starting label LEVI, seed 77, iteration 570, time: 181.57807421684265
Starting label LEVI, seed 77, iteration 580, time: 185.5366175174713
Starting label LEVI, seed 77, iteration 590, time: 189.27061367034912
Starting label LEVI, seed 77, iteration 600, time: 192.96474432945251
Starting label LEVI, seed 77, iteration 610, time: 197.37630224227905
Starting label LEVI, seed 77, iteration 620, time: 201.3112452030182
Starting label LEVI, seed 77, iteration 630, time: 205.39267826080322
Starting label LEVI, seed 77, iteration 640, time: 209.2795054912567
Starting label LEVI, seed 77, iteration 650, time: 213.41249871253967
Starting label LEVI, seed 77, iteration 660, time: 218.0313003063202
Starting label LEVI, seed 77, iteration 670, time: 222.30204486846924
Starting label LEVI, seed 77, iteration 680, time: 226.56536626815796
Starting label LEVI, seed 77, iteration 690, time: 231.01803183555603
Starting label LEVI, seed 77, iteration 700, time: 235.3683648109436
Starting label LEVI, seed 77, iteration 710, time: 239.75456285476685
Starting label LEVI, seed 77, iteration 720, time: 244.00504612922668
Starting label LEVI, seed 77, iteration 730, time: 248.6877007484436
Starting label LEVI, seed 77, iteration 740, time: 253.4953911304474
Starting label LEVI, seed 77, iteration 750, time: 258.0213272571564
Starting label LEVI, seed 77, iteration 760, time: 262.94817757606506
Starting label LEVI, seed 77, iteration 770, time: 267.88755989074707
Starting label LEVI, seed 77, iteration 780, time: 273.0612721443176
Starting label LEVI, seed 77, iteration 790, time: 278.0339252948761
Starting label LEVI, seed 77, iteration 800, time: 282.97700357437134
Starting label LEVI, seed 77, iteration 810, time: 287.588675737381
Starting label LEVI, seed 77, iteration 820, time: 292.6901388168335
Starting label LEVI, seed 77, iteration 830, time: 297.80509090423584
Starting label LEVI, seed 77, iteration 840, time: 303.21368646621704
Starting label LEVI, seed 77, iteration 850, time: 308.14120268821716
Starting label LEVI, seed 77, iteration 860, time: 313.06818437576294
Starting label LEVI, seed 77, iteration 870, time: 318.7297475337982
Starting label LEVI, seed 77, iteration 880, time: 324.1218910217285
Starting label LEVI, seed 77, iteration 890, time: 329.7768931388855
Starting label LEVI, seed 77, iteration 900, time: 335.03836941719055
Starting label LEVI, seed 77, iteration 910, time: 340.167711019516
Starting label LEVI, seed 77, iteration 920, time: 346.3657536506653
Starting label LEVI, seed 77, iteration 930, time: 351.96392917633057
Starting label LEVI, seed 77, iteration 940, time: 357.3625934123993
Starting label LEVI, seed 77, iteration 950, time: 362.53562808036804
Starting label LEVI, seed 77, iteration 960, time: 367.760379076004
Starting label LEVI, seed 77, iteration 970, time: 373.1043276786804
Starting label LEVI, seed 77, iteration 980, time: 378.42856550216675
Starting label LEVI, seed 77, iteration 990, time: 383.6342177391052
Starting label LEVI, seed 77, iteration 1000, time: 389.21716833114624
Starting label LEVI, seed 77, iteration 1010, time: 394.86088728904724
Starting label LEVI, seed 77, iteration 1020, time: 401.18600130081177
Starting label LEVI, seed 77, iteration 1030, time: 407.43686056137085
Starting label LEVI, seed 77, iteration 1040, time: 413.8117558956146
Starting label LEVI, seed 77, iteration 1050, time: 420.3247563838959
Starting label LEVI, seed 77, iteration 1060, time: 427.76275849342346
Starting label LEVI, seed 77, iteration 1070, time: 434.8754413127899
Starting label LEVI, seed 77, iteration 1080, time: 441.5861003398895
Starting label LEVI, seed 77, iteration 1090, time: 448.26557445526123
Starting label LEVI, seed 77, iteration 1100, time: 454.86031770706177
Starting label LEVI, seed 77, iteration 1110, time: 462.00784277915955
Starting label LEVI, seed 77, iteration 1120, time: 469.40035676956177
Starting label LEVI, seed 77, iteration 1130, time: 476.7291536331177
Starting label LEVI, seed 77, iteration 1140, time: 484.38477420806885
Starting label LEVI, seed 77, iteration 1150, time: 492.225337266922
Starting label LEVI, seed 77, iteration 1160, time: 499.87716031074524
Starting label LEVI, seed 77, iteration 1170, time: 507.8415186405182
Starting label LEVI, seed 77, iteration 1180, time: 516.0718376636505
Starting label LEVI, seed 77, iteration 1190, time: 524.4168791770935
Starting label LEVI, seed 77, iteration 1200, time: 532.4640810489655
Starting label LEVI, seed 77, iteration 1210, time: 540.6237120628357
Starting label LEVI, seed 77, iteration 1220, time: 549.0005950927734
Starting label LEVI, seed 77, iteration 1230, time: 557.7206468582153
Starting label LEVI, seed 77, iteration 1240, time: 565.3886501789093
Starting label LEVI, seed 77, iteration 1250, time: 574.1507167816162
Starting label LEVI, seed 77, iteration 1260, time: 583.0487580299377
Starting label LEVI, seed 77, iteration 1270, time: 592.0539977550507
Starting label LEVI, seed 77, iteration 1280, time: 601.528178691864
Starting label LEVI, seed 77, iteration 1290, time: 610.6168477535248
Starting label LEVI, seed 77, iteration 1300, time: 618.9740967750549
Starting label LEVI, seed 77, iteration 1310, time: 627.4598660469055
Starting label LEVI, seed 77, iteration 1320, time: 635.7988266944885
Starting label LEVI, seed 77, iteration 1330, time: 645.3911230564117
Starting label LEVI, seed 77, iteration 1340, time: 654.8634417057037
Starting label LEVI, seed 77, iteration 1350, time: 664.6535506248474
Starting label LEVI, seed 77, iteration 1360, time: 673.891838312149
Starting label LEVI, seed 77, iteration 1370, time: 683.5460233688354
Starting label LEVI, seed 77, iteration 1380, time: 693.5226912498474
Starting label LEVI, seed 77, iteration 1390, time: 703.5080244541168
Starting label LEVI, seed 77, iteration 1400, time: 713.0606038570404
Starting label LEVI, seed 77, iteration 1410, time: 723.052606344223
Starting label LEVI, seed 77, iteration 1420, time: 733.3240971565247
Starting label LEVI, seed 77, iteration 1430, time: 744.6067714691162
Starting label LEVI, seed 77, iteration 1440, time: 753.6794970035553
Starting label LEVI, seed 77, iteration 1450, time: 764.2199037075043
Starting label LEVI, seed 77, iteration 1460, time: 773.5502481460571
Starting label LEVI, seed 77, iteration 1470, time: 784.6313166618347
Starting label LEVI, seed 77, iteration 1480, time: 795.6443436145782
Starting label LEVI, seed 77, iteration 1490, time: 806.6587111949921
Starting label LEVI, seed 77, iteration 1500, time: 816.2704689502716
Starting label LEVI, seed 77, iteration 1510, time: 828.1131365299225
Starting label LEVI, seed 77, iteration 1520, time: 839.5507524013519
Starting label LEVI, seed 77, iteration 1530, time: 850.7435557842255
Starting label LEVI, seed 77, iteration 1540, time: 862.5689923763275
Starting label LEVI, seed 77, iteration 1550, time: 873.9841458797455
Starting label LEVI, seed 77, iteration 1560, time: 884.3146274089813
Starting label LEVI, seed 77, iteration 1570, time: 894.8474841117859
Starting label LEVI, seed 77, iteration 1580, time: 907.3767085075378
Starting label LEVI, seed 77, iteration 1590, time: 919.8852090835571
Starting label LEVI, seed 77, iteration 1600, time: 930.8155267238617
Starting label LEVI, seed 77, iteration 1610, time: 944.0103054046631
Starting label LEVI, seed 77, iteration 1620, time: 958.0923140048981
Starting label LEVI, seed 77, iteration 1630, time: 969.3770620822906
Starting label LEVI, seed 77, iteration 1640, time: 980.8661034107208
Starting label LEVI, seed 77, iteration 1650, time: 992.2963860034943
Starting label LEVI, seed 77, iteration 1660, time: 1005.9127888679504
Starting label LEVI, seed 77, iteration 1670, time: 1020.6087236404419
Starting label LEVI, seed 77, iteration 1680, time: 1034.7688450813293
Starting label LEVI, seed 77, iteration 1690, time: 1047.3746399879456
Starting label LEVI, seed 77, iteration 1700, time: 1061.12255859375
Starting label LEVI, seed 77, iteration 1710, time: 1075.519076347351
Starting label LEVI, seed 77, iteration 1720, time: 1087.752872467041
Starting label LEVI, seed 77, iteration 1730, time: 1099.723884344101
Starting label LEVI, seed 77, iteration 1740, time: 1114.314662694931
Starting label LEVI, seed 77, iteration 1750, time: 1129.4280517101288
Starting label LEVI, seed 77, iteration 1760, time: 1144.6846208572388
Starting label LEVI, seed 77, iteration 1770, time: 1157.585167169571
Starting label LEVI, seed 77, iteration 1780, time: 1170.2149608135223
Starting label LEVI, seed 77, iteration 1790, time: 1183.1067006587982
Starting label LEVI, seed 77, iteration 1800, time: 1199.5806238651276
Starting label LEVI, seed 77, iteration 1810, time: 1216.5062372684479
Starting label LEVI, seed 77, iteration 1820, time: 1232.9628286361694
Starting label LEVI, seed 77, iteration 1830, time: 1248.1547513008118
Starting label LEVI, seed 77, iteration 1840, time: 1262.0301842689514
Starting label LEVI, seed 77, iteration 1850, time: 1279.0031516551971
Starting label LEVI, seed 77, iteration 1860, time: 1293.248913526535
Starting label LEVI, seed 77, iteration 1870, time: 1307.4414479732513
Starting label LEVI, seed 77, iteration 1880, time: 1321.821263551712
Starting label LEVI, seed 77, iteration 1890, time: 1339.8575921058655
Starting label LEVI, seed 77, iteration 1900, time: 1354.1053833961487
Starting label LEVI, seed 77, iteration 1910, time: 1371.6802072525024
Starting label LEVI, seed 77, iteration 1920, time: 1390.6228325366974
Starting label LEVI, seed 77, iteration 1930, time: 1407.9031643867493
Starting label LEVI, seed 77, iteration 1940, time: 1426.7973794937134
Starting label LEVI, seed 77, iteration 1950, time: 1442.3360946178436
Starting label LEVI, seed 77, iteration 1960, time: 1462.5097312927246
Starting label LEVI, seed 77, iteration 1970, time: 1481.1082277297974
Starting label LEVI, seed 77, iteration 1980, time: 1499.7860152721405
Starting label LEVI, seed 77, iteration 1990, time: 1515.81440782547
submitit INFO (2022-10-02 02:48:18,216) - Job completed successfully
