submitit INFO (2022-10-02 00:56:25,772) - Starting with JobEnvironment(job_id=883327_5, hostname=nikola-compute-02.cs.cornell.edu, local_rank=0(1), node=0(1), global_rank=0(1))
submitit INFO (2022-10-02 00:56:25,772) - Loading pickle: /home/gid-cakmaks/contextual_rs/experiments/wsc_experiments/logs/883327_5/883327_5_submitted.pkl
Starting label LEVI, seed 5, iteration 0, time: 0.007357120513916016
Starting label LEVI, seed 5, iteration 10, time: 3.006756544113159
Starting label LEVI, seed 5, iteration 20, time: 5.816685914993286
Starting label LEVI, seed 5, iteration 30, time: 8.716026067733765
Starting label LEVI, seed 5, iteration 40, time: 11.58975863456726
Starting label LEVI, seed 5, iteration 50, time: 14.489791631698608
Starting label LEVI, seed 5, iteration 60, time: 17.48162841796875
Starting label LEVI, seed 5, iteration 70, time: 20.408535718917847
Starting label LEVI, seed 5, iteration 80, time: 23.330065727233887
Starting label LEVI, seed 5, iteration 90, time: 26.225008249282837
Starting label LEVI, seed 5, iteration 100, time: 30.071238040924072
Starting label LEVI, seed 5, iteration 110, time: 33.479278802871704
Starting label LEVI, seed 5, iteration 120, time: 36.94302558898926
Starting label LEVI, seed 5, iteration 130, time: 41.609792709350586
Starting label LEVI, seed 5, iteration 140, time: 45.4623761177063
Starting label LEVI, seed 5, iteration 150, time: 49.699615240097046
Starting label LEVI, seed 5, iteration 160, time: 54.58584690093994
Starting label LEVI, seed 5, iteration 170, time: 58.5785071849823
Starting label LEVI, seed 5, iteration 180, time: 62.20775389671326
Starting label LEVI, seed 5, iteration 190, time: 66.72190308570862
Starting label LEVI, seed 5, iteration 200, time: 70.76039719581604
Starting label LEVI, seed 5, iteration 210, time: 75.19208693504333
Starting label LEVI, seed 5, iteration 220, time: 79.01646566390991
Starting label LEVI, seed 5, iteration 230, time: 83.49054193496704
Starting label LEVI, seed 5, iteration 240, time: 86.97077345848083
Starting label LEVI, seed 5, iteration 250, time: 91.64480972290039
Starting label LEVI, seed 5, iteration 260, time: 95.48925518989563
Starting label LEVI, seed 5, iteration 270, time: 100.3608045578003
Starting label LEVI, seed 5, iteration 280, time: 106.04115653038025
Starting label LEVI, seed 5, iteration 290, time: 111.39316201210022
Starting label LEVI, seed 5, iteration 300, time: 116.87897491455078
Starting label LEVI, seed 5, iteration 310, time: 121.83978772163391
Starting label LEVI, seed 5, iteration 320, time: 126.32140874862671
Starting label LEVI, seed 5, iteration 330, time: 131.26937413215637
Starting label LEVI, seed 5, iteration 340, time: 136.06212854385376
Starting label LEVI, seed 5, iteration 350, time: 140.95317339897156
Starting label LEVI, seed 5, iteration 360, time: 145.6862576007843
Starting label LEVI, seed 5, iteration 370, time: 151.1291139125824
Starting label LEVI, seed 5, iteration 380, time: 156.01634335517883
Starting label LEVI, seed 5, iteration 390, time: 161.18450236320496
Starting label LEVI, seed 5, iteration 400, time: 166.38425874710083
Starting label LEVI, seed 5, iteration 410, time: 171.64035153388977
Starting label LEVI, seed 5, iteration 420, time: 177.23604726791382
Starting label LEVI, seed 5, iteration 430, time: 182.82806134223938
Starting label LEVI, seed 5, iteration 440, time: 188.7776951789856
Starting label LEVI, seed 5, iteration 450, time: 194.4268662929535
Starting label LEVI, seed 5, iteration 460, time: 199.9352240562439
Starting label LEVI, seed 5, iteration 470, time: 206.2136149406433
Starting label LEVI, seed 5, iteration 480, time: 211.60386300086975
Starting label LEVI, seed 5, iteration 490, time: 217.45708107948303
Starting label LEVI, seed 5, iteration 500, time: 222.80291032791138
Starting label LEVI, seed 5, iteration 510, time: 229.2136583328247
Starting label LEVI, seed 5, iteration 520, time: 234.64783811569214
Starting label LEVI, seed 5, iteration 530, time: 241.01349997520447
Starting label LEVI, seed 5, iteration 540, time: 246.9174976348877
Starting label LEVI, seed 5, iteration 550, time: 253.47431874275208
Starting label LEVI, seed 5, iteration 560, time: 259.4156701564789
Starting label LEVI, seed 5, iteration 570, time: 266.1761095523834
Starting label LEVI, seed 5, iteration 580, time: 271.9363901615143
Starting label LEVI, seed 5, iteration 590, time: 278.03220558166504
Starting label LEVI, seed 5, iteration 600, time: 285.08479833602905
Starting label LEVI, seed 5, iteration 610, time: 291.0212104320526
Starting label LEVI, seed 5, iteration 620, time: 298.601336479187
Starting label LEVI, seed 5, iteration 630, time: 306.28323245048523
Starting label LEVI, seed 5, iteration 640, time: 315.7980525493622
Starting label LEVI, seed 5, iteration 650, time: 322.54299545288086
Starting label LEVI, seed 5, iteration 660, time: 331.72680401802063
Starting label LEVI, seed 5, iteration 670, time: 340.2969799041748
Starting label LEVI, seed 5, iteration 680, time: 348.23134422302246
Starting label LEVI, seed 5, iteration 690, time: 355.90357279777527
Starting label LEVI, seed 5, iteration 700, time: 366.2488651275635
Starting label LEVI, seed 5, iteration 710, time: 375.60417008399963
Starting label LEVI, seed 5, iteration 720, time: 386.06659388542175
Starting label LEVI, seed 5, iteration 730, time: 395.83153343200684
Starting label LEVI, seed 5, iteration 740, time: 401.52689814567566
Starting label LEVI, seed 5, iteration 750, time: 408.4451529979706
Starting label LEVI, seed 5, iteration 760, time: 414.98629093170166
Starting label LEVI, seed 5, iteration 770, time: 421.57183289527893
Starting label LEVI, seed 5, iteration 780, time: 428.28185272216797
Starting label LEVI, seed 5, iteration 790, time: 434.59443187713623
Starting label LEVI, seed 5, iteration 800, time: 440.9179742336273
Starting label LEVI, seed 5, iteration 810, time: 447.9725329875946
Starting label LEVI, seed 5, iteration 820, time: 455.2386665344238
Starting label LEVI, seed 5, iteration 830, time: 463.2417666912079
Starting label LEVI, seed 5, iteration 840, time: 471.2540113925934
Starting label LEVI, seed 5, iteration 850, time: 478.4150929450989
Starting label LEVI, seed 5, iteration 860, time: 485.2550883293152
Starting label LEVI, seed 5, iteration 870, time: 492.24981355667114
Starting label LEVI, seed 5, iteration 880, time: 499.9955973625183
Starting label LEVI, seed 5, iteration 890, time: 507.66891598701477
Starting label LEVI, seed 5, iteration 900, time: 515.7483608722687
Starting label LEVI, seed 5, iteration 910, time: 523.1939911842346
Starting label LEVI, seed 5, iteration 920, time: 530.7449247837067
Starting label LEVI, seed 5, iteration 930, time: 538.814920425415
Starting label LEVI, seed 5, iteration 940, time: 546.6241099834442
Starting label LEVI, seed 5, iteration 950, time: 554.0857372283936
Starting label LEVI, seed 5, iteration 960, time: 561.066290140152
Starting label LEVI, seed 5, iteration 970, time: 568.701673746109
Starting label LEVI, seed 5, iteration 980, time: 575.8108699321747
Starting label LEVI, seed 5, iteration 990, time: 583.0275273323059
Starting label LEVI, seed 5, iteration 1000, time: 590.5364875793457
Starting label LEVI, seed 5, iteration 1010, time: 598.2085106372833
Starting label LEVI, seed 5, iteration 1020, time: 606.0199344158173
Starting label LEVI, seed 5, iteration 1030, time: 613.7397830486298
Starting label LEVI, seed 5, iteration 1040, time: 621.1872148513794
Starting label LEVI, seed 5, iteration 1050, time: 629.4977531433105
Starting label LEVI, seed 5, iteration 1060, time: 636.9126524925232
Starting label LEVI, seed 5, iteration 1070, time: 645.626561164856
Starting label LEVI, seed 5, iteration 1080, time: 654.5606842041016
Starting label LEVI, seed 5, iteration 1090, time: 663.2630181312561
Starting label LEVI, seed 5, iteration 1100, time: 671.375058889389
Starting label LEVI, seed 5, iteration 1110, time: 679.7328109741211
Starting label LEVI, seed 5, iteration 1120, time: 688.0385925769806
Starting label LEVI, seed 5, iteration 1130, time: 697.1182548999786
Starting label LEVI, seed 5, iteration 1140, time: 707.1287679672241
Starting label LEVI, seed 5, iteration 1150, time: 717.3241109848022
Starting label LEVI, seed 5, iteration 1160, time: 726.5485007762909
Starting label LEVI, seed 5, iteration 1170, time: 736.5766365528107
Starting label LEVI, seed 5, iteration 1180, time: 746.9590353965759
Starting label LEVI, seed 5, iteration 1190, time: 757.6858308315277
Starting label LEVI, seed 5, iteration 1200, time: 768.7400467395782
Starting label LEVI, seed 5, iteration 1210, time: 779.0272777080536
Starting label LEVI, seed 5, iteration 1220, time: 789.4004786014557
Starting label LEVI, seed 5, iteration 1230, time: 800.0368642807007
Starting label LEVI, seed 5, iteration 1240, time: 810.8591527938843
Starting label LEVI, seed 5, iteration 1250, time: 820.3614287376404
Starting label LEVI, seed 5, iteration 1260, time: 829.457683801651
Starting label LEVI, seed 5, iteration 1270, time: 838.3277940750122
Starting label LEVI, seed 5, iteration 1280, time: 849.1401557922363
Starting label LEVI, seed 5, iteration 1290, time: 858.9538159370422
Starting label LEVI, seed 5, iteration 1300, time: 870.103753566742
Starting label LEVI, seed 5, iteration 1310, time: 881.3791716098785
Starting label LEVI, seed 5, iteration 1320, time: 892.8647267818451
Starting label LEVI, seed 5, iteration 1330, time: 904.7447137832642
Starting label LEVI, seed 5, iteration 1340, time: 915.3935816287994
Starting label LEVI, seed 5, iteration 1350, time: 927.6578357219696
Starting label LEVI, seed 5, iteration 1360, time: 940.4347529411316
Starting label LEVI, seed 5, iteration 1370, time: 950.7059864997864
Starting label LEVI, seed 5, iteration 1380, time: 963.1393046379089
Starting label LEVI, seed 5, iteration 1390, time: 975.6915240287781
Starting label LEVI, seed 5, iteration 1400, time: 988.3055617809296
Starting label LEVI, seed 5, iteration 1410, time: 1001.3590536117554
Starting label LEVI, seed 5, iteration 1420, time: 1016.8336369991302
Starting label LEVI, seed 5, iteration 1430, time: 1031.0427284240723
Starting label LEVI, seed 5, iteration 1440, time: 1043.2266774177551
Starting label LEVI, seed 5, iteration 1450, time: 1054.9551022052765
Starting label LEVI, seed 5, iteration 1460, time: 1066.8010416030884
Starting label LEVI, seed 5, iteration 1470, time: 1083.3371098041534
Starting label LEVI, seed 5, iteration 1480, time: 1094.81152510643
Starting label LEVI, seed 5, iteration 1490, time: 1108.9343106746674
Starting label LEVI, seed 5, iteration 1500, time: 1123.6710374355316
Starting label LEVI, seed 5, iteration 1510, time: 1138.9694583415985
Starting label LEVI, seed 5, iteration 1520, time: 1153.9602296352386
Starting label LEVI, seed 5, iteration 1530, time: 1165.9211401939392
Starting label LEVI, seed 5, iteration 1540, time: 1178.4558689594269
Starting label LEVI, seed 5, iteration 1550, time: 1191.3083081245422
Starting label LEVI, seed 5, iteration 1560, time: 1204.2452914714813
Starting label LEVI, seed 5, iteration 1570, time: 1218.825629234314
Starting label LEVI, seed 5, iteration 1580, time: 1232.510160446167
Starting label LEVI, seed 5, iteration 1590, time: 1248.9610962867737
Starting label LEVI, seed 5, iteration 1600, time: 1265.0749816894531
Starting label LEVI, seed 5, iteration 1610, time: 1283.91379737854
Starting label LEVI, seed 5, iteration 1620, time: 1301.944338798523
Starting label LEVI, seed 5, iteration 1630, time: 1314.4360251426697
Starting label LEVI, seed 5, iteration 1640, time: 1330.8781056404114
Starting label LEVI, seed 5, iteration 1650, time: 1344.758650302887
Starting label LEVI, seed 5, iteration 1660, time: 1359.9545962810516
Starting label LEVI, seed 5, iteration 1670, time: 1374.187509059906
Starting label LEVI, seed 5, iteration 1680, time: 1387.4210839271545
Starting label LEVI, seed 5, iteration 1690, time: 1402.470636844635
Starting label LEVI, seed 5, iteration 1700, time: 1417.0345196723938
Starting label LEVI, seed 5, iteration 1710, time: 1432.266502380371
Starting label LEVI, seed 5, iteration 1720, time: 1446.7309634685516
Starting label LEVI, seed 5, iteration 1730, time: 1463.3959600925446
Starting label LEVI, seed 5, iteration 1740, time: 1478.9621062278748
Starting label LEVI, seed 5, iteration 1750, time: 1494.9627425670624
Starting label LEVI, seed 5, iteration 1760, time: 1512.3410167694092
Starting label LEVI, seed 5, iteration 1770, time: 1528.8103919029236
Starting label LEVI, seed 5, iteration 1780, time: 1546.0694296360016
Starting label LEVI, seed 5, iteration 1790, time: 1562.6347472667694
submitit WARNING (2022-10-02 01:22:36,099) - Bypassing signal SIGCONT
submitit WARNING (2022-10-02 01:22:36,110) - Bypassing signal SIGTERM
Starting label LEVI, seed 5, iteration 1800, time: 1580.397590637207
