submitit INFO (2022-10-02 01:50:30,369) - Starting with JobEnvironment(job_id=883570_0, hostname=rush-compute-01.tech.cornell.edu, local_rank=0(1), node=0(1), global_rank=0(1))
submitit INFO (2022-10-02 01:50:30,369) - Loading pickle: /home/gid-cakmaks/contextual_rs/experiments/wsc_experiments/logs/883570_0/883570_0_submitted.pkl
Starting label LEVI, seed 50, iteration 0, time: 0.0004737377166748047
Starting label LEVI, seed 50, iteration 10, time: 5.772023677825928
Starting label LEVI, seed 50, iteration 20, time: 11.706532955169678
Starting label LEVI, seed 50, iteration 30, time: 17.55914807319641
Starting label LEVI, seed 50, iteration 40, time: 23.54121446609497
Starting label LEVI, seed 50, iteration 50, time: 29.63131022453308
Starting label LEVI, seed 50, iteration 60, time: 35.67201232910156
Starting label LEVI, seed 50, iteration 70, time: 41.68707203865051
Starting label LEVI, seed 50, iteration 80, time: 47.43805265426636
Starting label LEVI, seed 50, iteration 90, time: 53.19645118713379
Starting label LEVI, seed 50, iteration 100, time: 59.24328923225403
Starting label LEVI, seed 50, iteration 110, time: 65.0178108215332
Starting label LEVI, seed 50, iteration 120, time: 70.97329306602478
Starting label LEVI, seed 50, iteration 130, time: 77.16242170333862
Starting label LEVI, seed 50, iteration 140, time: 83.55934691429138
Starting label LEVI, seed 50, iteration 150, time: 90.05566644668579
Starting label LEVI, seed 50, iteration 160, time: 96.55494236946106
Starting label LEVI, seed 50, iteration 170, time: 102.64808583259583
Starting label LEVI, seed 50, iteration 180, time: 108.67509460449219
Starting label LEVI, seed 50, iteration 190, time: 114.96676135063171
Starting label LEVI, seed 50, iteration 200, time: 121.25726175308228
Starting label LEVI, seed 50, iteration 210, time: 126.9806432723999
Starting label LEVI, seed 50, iteration 220, time: 132.92279648780823
Starting label LEVI, seed 50, iteration 230, time: 139.36477828025818
Starting label LEVI, seed 50, iteration 240, time: 146.04007291793823
Starting label LEVI, seed 50, iteration 250, time: 152.79107522964478
Starting label LEVI, seed 50, iteration 260, time: 159.39003252983093
Starting label LEVI, seed 50, iteration 270, time: 165.93936800956726
Starting label LEVI, seed 50, iteration 280, time: 172.50487637519836
Starting label LEVI, seed 50, iteration 290, time: 178.89523339271545
Starting label LEVI, seed 50, iteration 300, time: 185.36319422721863
Starting label LEVI, seed 50, iteration 310, time: 191.82107162475586
Starting label LEVI, seed 50, iteration 320, time: 198.45090055465698
Starting label LEVI, seed 50, iteration 330, time: 205.11614656448364
Starting label LEVI, seed 50, iteration 340, time: 211.62620854377747
Starting label LEVI, seed 50, iteration 350, time: 218.1265513896942
Starting label LEVI, seed 50, iteration 360, time: 224.830176115036
Starting label LEVI, seed 50, iteration 370, time: 231.60243320465088
Starting label LEVI, seed 50, iteration 380, time: 238.659029006958
Starting label LEVI, seed 50, iteration 390, time: 245.49319744110107
Starting label LEVI, seed 50, iteration 400, time: 252.48996448516846
Starting label LEVI, seed 50, iteration 410, time: 259.7383506298065
Starting label LEVI, seed 50, iteration 420, time: 266.8904757499695
Starting label LEVI, seed 50, iteration 430, time: 273.94870471954346
submitit WARNING (2022-10-02 01:55:12,469) - Bypassing signal SIGCONT
submitit WARNING (2022-10-02 01:55:12,471) - Bypassing signal SIGTERM
Starting label LEVI, seed 50, iteration 440, time: 281.1265091896057
Starting label LEVI, seed 50, iteration 450, time: 288.38501167297363
Starting label LEVI, seed 50, iteration 460, time: 295.7135946750641
Starting label LEVI, seed 50, iteration 470, time: 302.93968868255615
Starting label LEVI, seed 50, iteration 480, time: 310.28603744506836
