submitit INFO (2022-10-02 13:27:02,302) - Starting with JobEnvironment(job_id=884551_0, hostname=lecun.cs.cornell.edu, local_rank=0(1), node=0(1), global_rank=0(1))
submitit INFO (2022-10-02 13:27:02,302) - Loading pickle: /home/gid-cakmaks/contextual_rs/experiments/wsc_experiments/logs/884551_0/884551_0_submitted.pkl
Appending iterations to existing output!Warning: If parameters other than `iterations` have been changed, this will corrupt the output!
Starting label LEVI, seed 30, iteration 460, time: 329.7579457759857
Starting label LEVI, seed 30, iteration 470, time: 335.2828588485718
Starting label LEVI, seed 30, iteration 480, time: 340.9856209754944
Starting label LEVI, seed 30, iteration 490, time: 346.8943784236908
Starting label LEVI, seed 30, iteration 500, time: 352.28188967704773
Starting label LEVI, seed 30, iteration 510, time: 357.80036902427673
Starting label LEVI, seed 30, iteration 520, time: 363.4670023918152
Starting label LEVI, seed 30, iteration 530, time: 369.09969091415405
Starting label LEVI, seed 30, iteration 540, time: 374.6076307296753
Starting label LEVI, seed 30, iteration 550, time: 380.2339029312134
Starting label LEVI, seed 30, iteration 560, time: 385.8811218738556
Starting label LEVI, seed 30, iteration 570, time: 391.47849440574646
Starting label LEVI, seed 30, iteration 580, time: 397.182599067688
Starting label LEVI, seed 30, iteration 590, time: 402.8686685562134
Starting label LEVI, seed 30, iteration 600, time: 408.4619996547699
Starting label LEVI, seed 30, iteration 610, time: 414.3432106971741
Starting label LEVI, seed 30, iteration 620, time: 420.0675230026245
Starting label LEVI, seed 30, iteration 630, time: 426.08292722702026
Starting label LEVI, seed 30, iteration 640, time: 432.6395218372345
Starting label LEVI, seed 30, iteration 650, time: 439.49902415275574
Starting label LEVI, seed 30, iteration 660, time: 445.8648478984833
Starting label LEVI, seed 30, iteration 670, time: 452.08777356147766
Starting label LEVI, seed 30, iteration 680, time: 458.27359223365784
Starting label LEVI, seed 30, iteration 690, time: 465.942884683609
Starting label LEVI, seed 30, iteration 700, time: 472.06781363487244
Starting label LEVI, seed 30, iteration 710, time: 478.3606286048889
Starting label LEVI, seed 30, iteration 720, time: 484.435448884964
Starting label LEVI, seed 30, iteration 730, time: 490.8993468284607
Starting label LEVI, seed 30, iteration 740, time: 497.5458164215088
Starting label LEVI, seed 30, iteration 750, time: 503.8477773666382
Starting label LEVI, seed 30, iteration 760, time: 510.1859223842621
Starting label LEVI, seed 30, iteration 770, time: 516.3331408500671
Starting label LEVI, seed 30, iteration 780, time: 522.4072456359863
Starting label LEVI, seed 30, iteration 790, time: 528.5720329284668
Starting label LEVI, seed 30, iteration 800, time: 534.8235704898834
Starting label LEVI, seed 30, iteration 810, time: 541.4353837966919
Starting label LEVI, seed 30, iteration 820, time: 547.855706691742
Starting label LEVI, seed 30, iteration 830, time: 554.3087656497955
Starting label LEVI, seed 30, iteration 840, time: 560.625611782074
Starting label LEVI, seed 30, iteration 850, time: 567.252204656601
Starting label LEVI, seed 30, iteration 860, time: 573.6284942626953
Starting label LEVI, seed 30, iteration 870, time: 580.1594965457916
Starting label LEVI, seed 30, iteration 880, time: 586.6674230098724
Starting label LEVI, seed 30, iteration 890, time: 593.0452437400818
Starting label LEVI, seed 30, iteration 900, time: 599.2763683795929
Starting label LEVI, seed 30, iteration 910, time: 605.6912477016449
Starting label LEVI, seed 30, iteration 920, time: 612.27476978302
Starting label LEVI, seed 30, iteration 930, time: 618.6577656269073
Starting label LEVI, seed 30, iteration 940, time: 625.1059896945953
Starting label LEVI, seed 30, iteration 950, time: 631.4302105903625
Starting label LEVI, seed 30, iteration 960, time: 637.7955348491669
Starting label LEVI, seed 30, iteration 970, time: 644.3132190704346
Starting label LEVI, seed 30, iteration 980, time: 650.9186487197876
Starting label LEVI, seed 30, iteration 990, time: 658.4314730167389
Starting label LEVI, seed 30, iteration 1000, time: 665.0352029800415
Starting label LEVI, seed 30, iteration 1010, time: 672.672563791275
Starting label LEVI, seed 30, iteration 1020, time: 680.2566392421722
Starting label LEVI, seed 30, iteration 1030, time: 686.8204026222229
Starting label LEVI, seed 30, iteration 1040, time: 694.3105127811432
Starting label LEVI, seed 30, iteration 1050, time: 700.697948217392
Starting label LEVI, seed 30, iteration 1060, time: 707.0159361362457
Starting label LEVI, seed 30, iteration 1070, time: 713.5436491966248
Starting label LEVI, seed 30, iteration 1080, time: 719.7788581848145
Starting label LEVI, seed 30, iteration 1090, time: 726.1052231788635
Starting label LEVI, seed 30, iteration 1100, time: 732.7766144275665
Starting label LEVI, seed 30, iteration 1110, time: 739.5923688411713
Starting label LEVI, seed 30, iteration 1120, time: 746.3812475204468
Starting label LEVI, seed 30, iteration 1130, time: 753.0678198337555
Starting label LEVI, seed 30, iteration 1140, time: 759.9851355552673
Starting label LEVI, seed 30, iteration 1150, time: 766.9352951049805
Starting label LEVI, seed 30, iteration 1160, time: 773.3352479934692
Starting label LEVI, seed 30, iteration 1170, time: 779.9311988353729
Starting label LEVI, seed 30, iteration 1180, time: 786.9695370197296
Starting label LEVI, seed 30, iteration 1190, time: 793.9647741317749
Starting label LEVI, seed 30, iteration 1200, time: 800.4961228370667
Starting label LEVI, seed 30, iteration 1210, time: 807.6565947532654
Starting label LEVI, seed 30, iteration 1220, time: 814.2515830993652
Starting label LEVI, seed 30, iteration 1230, time: 821.166915178299
Starting label LEVI, seed 30, iteration 1240, time: 828.1327397823334
Starting label LEVI, seed 30, iteration 1250, time: 834.913421869278
Starting label LEVI, seed 30, iteration 1260, time: 841.8507347106934
Starting label LEVI, seed 30, iteration 1270, time: 848.25528383255
Starting label LEVI, seed 30, iteration 1280, time: 855.256103515625
Starting label LEVI, seed 30, iteration 1290, time: 861.7723145484924
Starting label LEVI, seed 30, iteration 1300, time: 867.9425444602966
Starting label LEVI, seed 30, iteration 1310, time: 874.5150656700134
Starting label LEVI, seed 30, iteration 1320, time: 881.4975662231445
Starting label LEVI, seed 30, iteration 1330, time: 888.6624677181244
Starting label LEVI, seed 30, iteration 1340, time: 895.368668794632
Starting label LEVI, seed 30, iteration 1350, time: 902.0702664852142
Starting label LEVI, seed 30, iteration 1360, time: 908.9736676216125
Starting label LEVI, seed 30, iteration 1370, time: 916.0011856555939
Starting label LEVI, seed 30, iteration 1380, time: 923.0107433795929
Starting label LEVI, seed 30, iteration 1390, time: 929.9820194244385
Starting label LEVI, seed 30, iteration 1400, time: 936.9999709129333
Starting label LEVI, seed 30, iteration 1410, time: 944.046487569809
Starting label LEVI, seed 30, iteration 1420, time: 951.0411534309387
Starting label LEVI, seed 30, iteration 1430, time: 958.4399266242981
Starting label LEVI, seed 30, iteration 1440, time: 965.9526844024658
Starting label LEVI, seed 30, iteration 1450, time: 972.6208748817444
Starting label LEVI, seed 30, iteration 1460, time: 979.400057554245
Starting label LEVI, seed 30, iteration 1470, time: 987.0851809978485
Starting label LEVI, seed 30, iteration 1480, time: 994.5272767543793
Starting label LEVI, seed 30, iteration 1490, time: 1002.456910610199
Starting label LEVI, seed 30, iteration 1500, time: 1010.3622653484344
Starting label LEVI, seed 30, iteration 1510, time: 1017.991457939148
Starting label LEVI, seed 30, iteration 1520, time: 1025.7772328853607
Starting label LEVI, seed 30, iteration 1530, time: 1033.111047744751
Starting label LEVI, seed 30, iteration 1540, time: 1041.0192935466766
Starting label LEVI, seed 30, iteration 1550, time: 1049.0587589740753
Starting label LEVI, seed 30, iteration 1560, time: 1056.3856585025787
Starting label LEVI, seed 30, iteration 1570, time: 1063.7401585578918
Starting label LEVI, seed 30, iteration 1580, time: 1071.5802474021912
Starting label LEVI, seed 30, iteration 1590, time: 1080.7954108715057
Starting label LEVI, seed 30, iteration 1600, time: 1088.2638816833496
Starting label LEVI, seed 30, iteration 1610, time: 1096.8592193126678
Starting label LEVI, seed 30, iteration 1620, time: 1105.0749130249023
Starting label LEVI, seed 30, iteration 1630, time: 1113.3412623405457
Starting label LEVI, seed 30, iteration 1640, time: 1121.6311419010162
Starting label LEVI, seed 30, iteration 1650, time: 1130.5652742385864
Starting label LEVI, seed 30, iteration 1660, time: 1141.0993328094482
Starting label LEVI, seed 30, iteration 1670, time: 1149.8020505905151
Starting label LEVI, seed 30, iteration 1680, time: 1159.3017449378967
Starting label LEVI, seed 30, iteration 1690, time: 1168.1243195533752
Starting label LEVI, seed 30, iteration 1700, time: 1177.1528341770172
Starting label LEVI, seed 30, iteration 1710, time: 1186.3550786972046
Starting label LEVI, seed 30, iteration 1720, time: 1195.3332498073578
Starting label LEVI, seed 30, iteration 1730, time: 1204.3756754398346
Starting label LEVI, seed 30, iteration 1740, time: 1213.477658033371
Starting label LEVI, seed 30, iteration 1750, time: 1223.5733468532562
Starting label LEVI, seed 30, iteration 1760, time: 1233.9980523586273
Starting label LEVI, seed 30, iteration 1770, time: 1241.8291690349579
Starting label LEVI, seed 30, iteration 1780, time: 1250.5386745929718
Starting label LEVI, seed 30, iteration 1790, time: 1258.9068925380707
Starting label LEVI, seed 30, iteration 1800, time: 1267.546891450882
Starting label LEVI, seed 30, iteration 1810, time: 1275.6393568515778
Starting label LEVI, seed 30, iteration 1820, time: 1285.1803948879242
Starting label LEVI, seed 30, iteration 1830, time: 1294.806295633316
Starting label LEVI, seed 30, iteration 1840, time: 1304.0320258140564
Starting label LEVI, seed 30, iteration 1850, time: 1314.6456048488617
Starting label LEVI, seed 30, iteration 1860, time: 1323.9405465126038
Starting label LEVI, seed 30, iteration 1870, time: 1333.2773885726929
Starting label LEVI, seed 30, iteration 1880, time: 1342.678959608078
Starting label LEVI, seed 30, iteration 1890, time: 1352.2957274913788
Starting label LEVI, seed 30, iteration 1900, time: 1363.0032217502594
Starting label LEVI, seed 30, iteration 1910, time: 1373.387929201126
Starting label LEVI, seed 30, iteration 1920, time: 1384.382478237152
Starting label LEVI, seed 30, iteration 1930, time: 1395.5665578842163
Starting label LEVI, seed 30, iteration 1940, time: 1405.87362074852
Starting label LEVI, seed 30, iteration 1950, time: 1416.4475951194763
Starting label LEVI, seed 30, iteration 1960, time: 1426.23765707016
Starting label LEVI, seed 30, iteration 1970, time: 1436.2631771564484
Starting label LEVI, seed 30, iteration 1980, time: 1446.0639255046844
Starting label LEVI, seed 30, iteration 1990, time: 1458.2004075050354
submitit INFO (2022-10-02 13:46:02,998) - Job completed successfully
