submitit INFO (2022-10-01 23:49:51,390) - Starting with JobEnvironment(job_id=883091_6, hostname=harpo.cs.cornell.edu, local_rank=0(1), node=0(1), global_rank=0(1))
submitit INFO (2022-10-01 23:49:51,390) - Loading pickle: /home/gid-cakmaks/contextual_rs/experiments/wsc_experiments/logs/883091_6/883091_6_submitted.pkl
Starting label LEVI, seed 96, iteration 0, time: 0.0002067089080810547
Starting label LEVI, seed 96, iteration 10, time: 2.7620534896850586
Starting label LEVI, seed 96, iteration 20, time: 5.5248236656188965
Starting label LEVI, seed 96, iteration 30, time: 8.325943231582642
Starting label LEVI, seed 96, iteration 40, time: 11.077274560928345
Starting label LEVI, seed 96, iteration 50, time: 13.921127080917358
Starting label LEVI, seed 96, iteration 60, time: 16.819312810897827
Starting label LEVI, seed 96, iteration 70, time: 19.664717197418213
Starting label LEVI, seed 96, iteration 80, time: 22.393420219421387
Starting label LEVI, seed 96, iteration 90, time: 25.142948389053345
Starting label LEVI, seed 96, iteration 100, time: 27.96945357322693
Starting label LEVI, seed 96, iteration 110, time: 30.911851406097412
Starting label LEVI, seed 96, iteration 120, time: 33.851343870162964
Starting label LEVI, seed 96, iteration 130, time: 36.777260541915894
Starting label LEVI, seed 96, iteration 140, time: 39.81069278717041
Starting label LEVI, seed 96, iteration 150, time: 42.82533121109009
Starting label LEVI, seed 96, iteration 160, time: 45.68549680709839
Starting label LEVI, seed 96, iteration 170, time: 48.5519745349884
Starting label LEVI, seed 96, iteration 180, time: 51.35584998130798
Starting label LEVI, seed 96, iteration 190, time: 54.2024188041687
Starting label LEVI, seed 96, iteration 200, time: 57.03317737579346
Starting label LEVI, seed 96, iteration 210, time: 59.973029375076294
Starting label LEVI, seed 96, iteration 220, time: 62.89583468437195
Starting label LEVI, seed 96, iteration 230, time: 65.89847612380981
Starting label LEVI, seed 96, iteration 240, time: 68.77534174919128
Starting label LEVI, seed 96, iteration 250, time: 71.74385237693787
Starting label LEVI, seed 96, iteration 260, time: 74.6844916343689
Starting label LEVI, seed 96, iteration 270, time: 77.6665849685669
Starting label LEVI, seed 96, iteration 280, time: 80.65501928329468
Starting label LEVI, seed 96, iteration 290, time: 83.69887661933899
Starting label LEVI, seed 96, iteration 300, time: 86.75566148757935
Starting label LEVI, seed 96, iteration 310, time: 89.94771599769592
Starting label LEVI, seed 96, iteration 320, time: 92.99995851516724
Starting label LEVI, seed 96, iteration 330, time: 96.09838247299194
Starting label LEVI, seed 96, iteration 340, time: 99.21592593193054
Starting label LEVI, seed 96, iteration 350, time: 102.34124517440796
Starting label LEVI, seed 96, iteration 360, time: 105.46802830696106
Starting label LEVI, seed 96, iteration 370, time: 108.52784538269043
Starting label LEVI, seed 96, iteration 380, time: 111.56351685523987
Starting label LEVI, seed 96, iteration 390, time: 115.1304121017456
Starting label LEVI, seed 96, iteration 400, time: 118.33384132385254
Starting label LEVI, seed 96, iteration 410, time: 121.50905203819275
Starting label LEVI, seed 96, iteration 420, time: 124.68867802619934
Starting label LEVI, seed 96, iteration 430, time: 127.80799961090088
Starting label LEVI, seed 96, iteration 440, time: 130.9621512889862
Starting label LEVI, seed 96, iteration 450, time: 134.0996642112732
Starting label LEVI, seed 96, iteration 460, time: 137.24696707725525
Starting label LEVI, seed 96, iteration 470, time: 140.57613134384155
Starting label LEVI, seed 96, iteration 480, time: 144.30362343788147
Starting label LEVI, seed 96, iteration 490, time: 147.63740301132202
Starting label LEVI, seed 96, iteration 500, time: 151.15824341773987
Starting label LEVI, seed 96, iteration 510, time: 154.22884345054626
Starting label LEVI, seed 96, iteration 520, time: 157.51683855056763
Starting label LEVI, seed 96, iteration 530, time: 160.6467261314392
Starting label LEVI, seed 96, iteration 540, time: 163.71620917320251
Starting label LEVI, seed 96, iteration 550, time: 166.76866364479065
Starting label LEVI, seed 96, iteration 560, time: 169.9285171031952
Starting label LEVI, seed 96, iteration 570, time: 173.02943205833435
Starting label LEVI, seed 96, iteration 580, time: 176.21915769577026
Starting label LEVI, seed 96, iteration 590, time: 179.3835005760193
Starting label LEVI, seed 96, iteration 600, time: 182.5800542831421
Starting label LEVI, seed 96, iteration 610, time: 185.77707886695862
Starting label LEVI, seed 96, iteration 620, time: 188.85760879516602
Starting label LEVI, seed 96, iteration 630, time: 191.9273180961609
Starting label LEVI, seed 96, iteration 640, time: 195.0292785167694
Starting label LEVI, seed 96, iteration 650, time: 198.2920024394989
Starting label LEVI, seed 96, iteration 660, time: 201.45970034599304
Starting label LEVI, seed 96, iteration 670, time: 204.59719681739807
Starting label LEVI, seed 96, iteration 680, time: 207.7569501399994
Starting label LEVI, seed 96, iteration 690, time: 210.90814924240112
Starting label LEVI, seed 96, iteration 700, time: 214.17868852615356
Starting label LEVI, seed 96, iteration 710, time: 217.4958097934723
Starting label LEVI, seed 96, iteration 720, time: 220.70072984695435
Starting label LEVI, seed 96, iteration 730, time: 223.95072293281555
Starting label LEVI, seed 96, iteration 740, time: 227.04062938690186
Starting label LEVI, seed 96, iteration 750, time: 230.19057178497314
Starting label LEVI, seed 96, iteration 760, time: 233.35541534423828
Starting label LEVI, seed 96, iteration 770, time: 236.59491443634033
Starting label LEVI, seed 96, iteration 780, time: 239.82732725143433
Starting label LEVI, seed 96, iteration 790, time: 243.0494453907013
Starting label LEVI, seed 96, iteration 800, time: 246.33280682563782
Starting label LEVI, seed 96, iteration 810, time: 250.81372594833374
Starting label LEVI, seed 96, iteration 820, time: 254.8381154537201
Starting label LEVI, seed 96, iteration 830, time: 259.252881526947
Starting label LEVI, seed 96, iteration 840, time: 263.7744507789612
Starting label LEVI, seed 96, iteration 850, time: 267.95618295669556
Starting label LEVI, seed 96, iteration 860, time: 271.7883882522583
Starting label LEVI, seed 96, iteration 870, time: 275.98680877685547
Starting label LEVI, seed 96, iteration 880, time: 279.70105957984924
Starting label LEVI, seed 96, iteration 890, time: 283.3607223033905
Starting label LEVI, seed 96, iteration 900, time: 287.1195526123047
Starting label LEVI, seed 96, iteration 910, time: 290.7511396408081
Starting label LEVI, seed 96, iteration 920, time: 294.21747517585754
Starting label LEVI, seed 96, iteration 930, time: 297.528263092041
Starting label LEVI, seed 96, iteration 940, time: 300.8803086280823
Starting label LEVI, seed 96, iteration 950, time: 304.37944293022156
Starting label LEVI, seed 96, iteration 960, time: 307.71215415000916
Starting label LEVI, seed 96, iteration 970, time: 311.06199073791504
Starting label LEVI, seed 96, iteration 980, time: 314.6417121887207
Starting label LEVI, seed 96, iteration 990, time: 318.01459670066833
Starting label LEVI, seed 96, iteration 1000, time: 321.3106052875519
Starting label LEVI, seed 96, iteration 1010, time: 324.77247309684753
Starting label LEVI, seed 96, iteration 1020, time: 328.2299129962921
Starting label LEVI, seed 96, iteration 1030, time: 331.70047426223755
Starting label LEVI, seed 96, iteration 1040, time: 335.16825342178345
Starting label LEVI, seed 96, iteration 1050, time: 338.6033618450165
Starting label LEVI, seed 96, iteration 1060, time: 342.2289824485779
Starting label LEVI, seed 96, iteration 1070, time: 345.7450771331787
Starting label LEVI, seed 96, iteration 1080, time: 349.3758759498596
Starting label LEVI, seed 96, iteration 1090, time: 352.86774587631226
Starting label LEVI, seed 96, iteration 1100, time: 356.425283908844
Starting label LEVI, seed 96, iteration 1110, time: 360.0132784843445
Starting label LEVI, seed 96, iteration 1120, time: 363.6948652267456
Starting label LEVI, seed 96, iteration 1130, time: 367.2715377807617
Starting label LEVI, seed 96, iteration 1140, time: 370.85516357421875
Starting label LEVI, seed 96, iteration 1150, time: 374.51660776138306
Starting label LEVI, seed 96, iteration 1160, time: 378.21106028556824
Starting label LEVI, seed 96, iteration 1170, time: 382.023166179657
Starting label LEVI, seed 96, iteration 1180, time: 385.7488360404968
Starting label LEVI, seed 96, iteration 1190, time: 389.6479911804199
Starting label LEVI, seed 96, iteration 1200, time: 393.44990134239197
Starting label LEVI, seed 96, iteration 1210, time: 397.3548755645752
Starting label LEVI, seed 96, iteration 1220, time: 401.5889365673065
Starting label LEVI, seed 96, iteration 1230, time: 405.3600187301636
Starting label LEVI, seed 96, iteration 1240, time: 409.08271980285645
Starting label LEVI, seed 96, iteration 1250, time: 412.8777742385864
Starting label LEVI, seed 96, iteration 1260, time: 416.675199508667
Starting label LEVI, seed 96, iteration 1270, time: 420.5942711830139
Starting label LEVI, seed 96, iteration 1280, time: 424.4986484050751
Starting label LEVI, seed 96, iteration 1290, time: 428.40109372138977
Starting label LEVI, seed 96, iteration 1300, time: 432.5910165309906
Starting label LEVI, seed 96, iteration 1310, time: 436.46456480026245
Starting label LEVI, seed 96, iteration 1320, time: 440.3478283882141
Starting label LEVI, seed 96, iteration 1330, time: 444.4287438392639
Starting label LEVI, seed 96, iteration 1340, time: 448.50800037384033
Starting label LEVI, seed 96, iteration 1350, time: 452.4196071624756
Starting label LEVI, seed 96, iteration 1360, time: 456.4858510494232
Starting label LEVI, seed 96, iteration 1370, time: 460.41250562667847
Starting label LEVI, seed 96, iteration 1380, time: 464.6027135848999
Starting label LEVI, seed 96, iteration 1390, time: 468.67638635635376
Starting label LEVI, seed 96, iteration 1400, time: 472.72270798683167
Starting label LEVI, seed 96, iteration 1410, time: 476.97477555274963
Starting label LEVI, seed 96, iteration 1420, time: 481.50470662117004
Starting label LEVI, seed 96, iteration 1430, time: 486.4046223163605
Starting label LEVI, seed 96, iteration 1440, time: 491.22878313064575
Starting label LEVI, seed 96, iteration 1450, time: 496.22846508026123
Starting label LEVI, seed 96, iteration 1460, time: 500.79288697242737
Starting label LEVI, seed 96, iteration 1470, time: 505.38408851623535
Starting label LEVI, seed 96, iteration 1480, time: 510.20785117149353
Starting label LEVI, seed 96, iteration 1490, time: 514.8890657424927
Starting label LEVI, seed 96, iteration 1500, time: 519.7415063381195
Starting label LEVI, seed 96, iteration 1510, time: 524.4025266170502
Starting label LEVI, seed 96, iteration 1520, time: 529.1878280639648
Starting label LEVI, seed 96, iteration 1530, time: 533.9283657073975
Starting label LEVI, seed 96, iteration 1540, time: 538.9685583114624
Starting label LEVI, seed 96, iteration 1550, time: 543.8053035736084
Starting label LEVI, seed 96, iteration 1560, time: 548.5086798667908
Starting label LEVI, seed 96, iteration 1570, time: 553.4796242713928
Starting label LEVI, seed 96, iteration 1580, time: 558.461808681488
Starting label LEVI, seed 96, iteration 1590, time: 563.1821212768555
Starting label LEVI, seed 96, iteration 1600, time: 567.7837045192719
Starting label LEVI, seed 96, iteration 1610, time: 572.6311593055725
Starting label LEVI, seed 96, iteration 1620, time: 577.3803136348724
Starting label LEVI, seed 96, iteration 1630, time: 582.2643020153046
Starting label LEVI, seed 96, iteration 1640, time: 587.061817407608
Starting label LEVI, seed 96, iteration 1650, time: 592.1549873352051
Starting label LEVI, seed 96, iteration 1660, time: 597.0895380973816
Starting label LEVI, seed 96, iteration 1670, time: 602.2827851772308
Starting label LEVI, seed 96, iteration 1680, time: 607.3968732357025
Starting label LEVI, seed 96, iteration 1690, time: 612.8851051330566
Starting label LEVI, seed 96, iteration 1700, time: 618.1038112640381
Starting label LEVI, seed 96, iteration 1710, time: 623.1281659603119
Starting label LEVI, seed 96, iteration 1720, time: 627.9360153675079
Starting label LEVI, seed 96, iteration 1730, time: 633.015172958374
Starting label LEVI, seed 96, iteration 1740, time: 638.2604265213013
Starting label LEVI, seed 96, iteration 1750, time: 643.6174962520599
Starting label LEVI, seed 96, iteration 1760, time: 648.8690102100372
Starting label LEVI, seed 96, iteration 1770, time: 654.1642355918884
Starting label LEVI, seed 96, iteration 1780, time: 659.5527272224426
Starting label LEVI, seed 96, iteration 1790, time: 664.874728679657
Starting label LEVI, seed 96, iteration 1800, time: 670.2727386951447
Starting label LEVI, seed 96, iteration 1810, time: 675.6750946044922
Starting label LEVI, seed 96, iteration 1820, time: 681.0504624843597
Starting label LEVI, seed 96, iteration 1830, time: 686.6962661743164
Starting label LEVI, seed 96, iteration 1840, time: 692.1371512413025
Starting label LEVI, seed 96, iteration 1850, time: 697.6103088855743
Starting label LEVI, seed 96, iteration 1860, time: 702.9622538089752
Starting label LEVI, seed 96, iteration 1870, time: 708.8323771953583
Starting label LEVI, seed 96, iteration 1880, time: 714.4507963657379
Starting label LEVI, seed 96, iteration 1890, time: 719.8222568035126
Starting label LEVI, seed 96, iteration 1900, time: 725.4079496860504
Starting label LEVI, seed 96, iteration 1910, time: 730.9012372493744
Starting label LEVI, seed 96, iteration 1920, time: 736.7605872154236
Starting label LEVI, seed 96, iteration 1930, time: 742.2558445930481
Starting label LEVI, seed 96, iteration 1940, time: 747.9259793758392
submitit WARNING (2022-10-02 00:02:24,211) - Bypassing signal SIGCONT
submitit WARNING (2022-10-02 00:02:24,266) - Bypassing signal SIGTERM
Starting label LEVI, seed 96, iteration 1950, time: 753.399816274643
Starting label LEVI, seed 96, iteration 1960, time: 759.0647983551025
Starting label LEVI, seed 96, iteration 1970, time: 764.7611484527588
Starting label LEVI, seed 96, iteration 1980, time: 770.388546705246
Starting label LEVI, seed 96, iteration 1990, time: 776.1674392223358
