submitit INFO (2022-10-02 02:18:07,777) - Starting with JobEnvironment(job_id=883608_0, hostname=nikola-compute-02.cs.cornell.edu, local_rank=0(1), node=0(1), global_rank=0(1))
submitit INFO (2022-10-02 02:18:07,778) - Loading pickle: /home/gid-cakmaks/contextual_rs/experiments/wsc_experiments/logs/883608_0/883608_0_submitted.pkl
Appending iterations to existing output!Warning: If parameters other than `iterations` have been changed, this will corrupt the output!
Starting label LEVI, seed 15, iteration 950, time: 316.1545989513397
Starting label LEVI, seed 15, iteration 960, time: 321.51600193977356
Starting label LEVI, seed 15, iteration 970, time: 324.52149271965027
Starting label LEVI, seed 15, iteration 980, time: 327.47855734825134
Starting label LEVI, seed 15, iteration 990, time: 330.4071674346924
Starting label LEVI, seed 15, iteration 1000, time: 333.27715396881104
Starting label LEVI, seed 15, iteration 1010, time: 336.3449604511261
Starting label LEVI, seed 15, iteration 1020, time: 339.2355787754059
Starting label LEVI, seed 15, iteration 1030, time: 342.22276496887207
Starting label LEVI, seed 15, iteration 1040, time: 345.3449468612671
Starting label LEVI, seed 15, iteration 1050, time: 348.2429621219635
Starting label LEVI, seed 15, iteration 1060, time: 351.3284578323364
Starting label LEVI, seed 15, iteration 1070, time: 354.3046522140503
Starting label LEVI, seed 15, iteration 1080, time: 357.32804012298584
Starting label LEVI, seed 15, iteration 1090, time: 360.3882260322571
Starting label LEVI, seed 15, iteration 1100, time: 363.45684003829956
Starting label LEVI, seed 15, iteration 1110, time: 366.51170539855957
Starting label LEVI, seed 15, iteration 1120, time: 369.8804132938385
Starting label LEVI, seed 15, iteration 1130, time: 372.98833441734314
Starting label LEVI, seed 15, iteration 1140, time: 376.10613989830017
Starting label LEVI, seed 15, iteration 1150, time: 379.76191329956055
Starting label LEVI, seed 15, iteration 1160, time: 382.91024017333984
Starting label LEVI, seed 15, iteration 1170, time: 386.0729789733887
Starting label LEVI, seed 15, iteration 1180, time: 389.27123188972473
Starting label LEVI, seed 15, iteration 1190, time: 392.46247386932373
submitit WARNING (2022-10-02 02:19:27,057) - Bypassing signal SIGCONT
submitit WARNING (2022-10-02 02:19:27,073) - Bypassing signal SIGTERM
Starting label LEVI, seed 15, iteration 1200, time: 395.86632657051086
Starting label LEVI, seed 15, iteration 1210, time: 399.3327648639679
Starting label LEVI, seed 15, iteration 1220, time: 402.5916428565979
Starting label LEVI, seed 15, iteration 1230, time: 405.8178925514221
Starting label LEVI, seed 15, iteration 1240, time: 409.34364461898804
Starting label LEVI, seed 15, iteration 1250, time: 412.65434408187866
Starting label LEVI, seed 15, iteration 1260, time: 416.22347831726074
Starting label LEVI, seed 15, iteration 1270, time: 419.57142782211304
