submitit INFO (2022-10-02 00:56:25,496) - Starting with JobEnvironment(job_id=883327_9, hostname=g2-compute-97.coecis.cornell.edu, local_rank=0(1), node=0(1), global_rank=0(1))
submitit INFO (2022-10-02 00:56:25,496) - Loading pickle: /home/gid-cakmaks/contextual_rs/experiments/wsc_experiments/logs/883327_9/883327_9_submitted.pkl
Starting label LEVI, seed 9, iteration 0, time: 0.0019283294677734375
Starting label LEVI, seed 9, iteration 10, time: 2.099562168121338
Starting label LEVI, seed 9, iteration 20, time: 4.138102293014526
Starting label LEVI, seed 9, iteration 30, time: 6.276516437530518
Starting label LEVI, seed 9, iteration 40, time: 8.474327564239502
Starting label LEVI, seed 9, iteration 50, time: 10.652836322784424
Starting label LEVI, seed 9, iteration 60, time: 12.879224061965942
Starting label LEVI, seed 9, iteration 70, time: 15.05779480934143
Starting label LEVI, seed 9, iteration 80, time: 17.213944673538208
Starting label LEVI, seed 9, iteration 90, time: 19.337607622146606
Starting label LEVI, seed 9, iteration 100, time: 21.511258840560913
Starting label LEVI, seed 9, iteration 110, time: 23.66956353187561
Starting label LEVI, seed 9, iteration 120, time: 25.854447841644287
Starting label LEVI, seed 9, iteration 130, time: 28.07823657989502
Starting label LEVI, seed 9, iteration 140, time: 30.369234323501587
Starting label LEVI, seed 9, iteration 150, time: 32.655256032943726
Starting label LEVI, seed 9, iteration 160, time: 34.95504355430603
Starting label LEVI, seed 9, iteration 170, time: 37.27063727378845
Starting label LEVI, seed 9, iteration 180, time: 39.546801805496216
Starting label LEVI, seed 9, iteration 190, time: 41.85154175758362
Starting label LEVI, seed 9, iteration 200, time: 44.15497803688049
Starting label LEVI, seed 9, iteration 210, time: 46.40647578239441
Starting label LEVI, seed 9, iteration 220, time: 48.861801624298096
Starting label LEVI, seed 9, iteration 230, time: 51.22000551223755
Starting label LEVI, seed 9, iteration 240, time: 53.578452348709106
Starting label LEVI, seed 9, iteration 250, time: 55.93757462501526
Starting label LEVI, seed 9, iteration 260, time: 58.249171018600464
Starting label LEVI, seed 9, iteration 270, time: 60.62994074821472
Starting label LEVI, seed 9, iteration 280, time: 63.010658979415894
Starting label LEVI, seed 9, iteration 290, time: 65.40661263465881
Starting label LEVI, seed 9, iteration 300, time: 67.79712963104248
Starting label LEVI, seed 9, iteration 310, time: 70.19235253334045
Starting label LEVI, seed 9, iteration 320, time: 72.57876205444336
Starting label LEVI, seed 9, iteration 330, time: 74.97552871704102
Starting label LEVI, seed 9, iteration 340, time: 77.38888454437256
Starting label LEVI, seed 9, iteration 350, time: 79.85003805160522
Starting label LEVI, seed 9, iteration 360, time: 82.24115133285522
Starting label LEVI, seed 9, iteration 370, time: 84.73317766189575
Starting label LEVI, seed 9, iteration 380, time: 87.23795080184937
Starting label LEVI, seed 9, iteration 390, time: 89.84105801582336
Starting label LEVI, seed 9, iteration 400, time: 92.3885555267334
Starting label LEVI, seed 9, iteration 410, time: 94.93836259841919
Starting label LEVI, seed 9, iteration 420, time: 97.50144910812378
Starting label LEVI, seed 9, iteration 430, time: 100.08716869354248
Starting label LEVI, seed 9, iteration 440, time: 102.56584548950195
Starting label LEVI, seed 9, iteration 450, time: 105.24347615242004
Starting label LEVI, seed 9, iteration 460, time: 107.90189862251282
Starting label LEVI, seed 9, iteration 470, time: 110.54085063934326
Starting label LEVI, seed 9, iteration 480, time: 113.19150519371033
Starting label LEVI, seed 9, iteration 490, time: 115.86326551437378
Starting label LEVI, seed 9, iteration 500, time: 118.57525277137756
Starting label LEVI, seed 9, iteration 510, time: 121.22701668739319
Starting label LEVI, seed 9, iteration 520, time: 123.92061352729797
Starting label LEVI, seed 9, iteration 530, time: 126.78538107872009
Starting label LEVI, seed 9, iteration 540, time: 129.54779648780823
Starting label LEVI, seed 9, iteration 550, time: 132.36635375022888
Starting label LEVI, seed 9, iteration 560, time: 135.41067028045654
Starting label LEVI, seed 9, iteration 570, time: 138.4163372516632
Starting label LEVI, seed 9, iteration 580, time: 141.4433410167694
Starting label LEVI, seed 9, iteration 590, time: 144.44093894958496
Starting label LEVI, seed 9, iteration 600, time: 147.48282480239868
Starting label LEVI, seed 9, iteration 610, time: 150.9246380329132
Starting label LEVI, seed 9, iteration 620, time: 154.4128875732422
Starting label LEVI, seed 9, iteration 630, time: 157.93603801727295
Starting label LEVI, seed 9, iteration 640, time: 161.39051413536072
Starting label LEVI, seed 9, iteration 650, time: 164.589763879776
Starting label LEVI, seed 9, iteration 660, time: 167.8290994167328
Starting label LEVI, seed 9, iteration 670, time: 171.11048221588135
Starting label LEVI, seed 9, iteration 680, time: 174.46714043617249
Starting label LEVI, seed 9, iteration 690, time: 177.79990696907043
Starting label LEVI, seed 9, iteration 700, time: 181.45660185813904
Starting label LEVI, seed 9, iteration 710, time: 185.46664428710938
Starting label LEVI, seed 9, iteration 720, time: 189.46428275108337
Starting label LEVI, seed 9, iteration 730, time: 193.31191420555115
Starting label LEVI, seed 9, iteration 740, time: 197.3238422870636
Starting label LEVI, seed 9, iteration 750, time: 201.16382217407227
Starting label LEVI, seed 9, iteration 760, time: 205.0158348083496
Starting label LEVI, seed 9, iteration 770, time: 209.05049300193787
Starting label LEVI, seed 9, iteration 780, time: 213.0003695487976
Starting label LEVI, seed 9, iteration 790, time: 217.1068274974823
Starting label LEVI, seed 9, iteration 800, time: 221.14856672286987
Starting label LEVI, seed 9, iteration 810, time: 225.57517838478088
Starting label LEVI, seed 9, iteration 820, time: 229.8578701019287
Starting label LEVI, seed 9, iteration 830, time: 234.18065643310547
Starting label LEVI, seed 9, iteration 840, time: 238.32719087600708
Starting label LEVI, seed 9, iteration 850, time: 242.88735795021057
Starting label LEVI, seed 9, iteration 860, time: 247.50413489341736
Starting label LEVI, seed 9, iteration 870, time: 252.43610310554504
Starting label LEVI, seed 9, iteration 880, time: 257.35575246810913
Starting label LEVI, seed 9, iteration 890, time: 262.4307065010071
Starting label LEVI, seed 9, iteration 900, time: 267.78617334365845
Starting label LEVI, seed 9, iteration 910, time: 272.5783317089081
Starting label LEVI, seed 9, iteration 920, time: 277.36282086372375
Starting label LEVI, seed 9, iteration 930, time: 282.62242603302
Starting label LEVI, seed 9, iteration 940, time: 287.96266746520996
Starting label LEVI, seed 9, iteration 950, time: 293.0846519470215
Starting label LEVI, seed 9, iteration 960, time: 298.4857828617096
Starting label LEVI, seed 9, iteration 970, time: 304.42641401290894
Starting label LEVI, seed 9, iteration 980, time: 310.45062136650085
Starting label LEVI, seed 9, iteration 990, time: 315.64423274993896
Starting label LEVI, seed 9, iteration 1000, time: 321.7963855266571
Starting label LEVI, seed 9, iteration 1010, time: 327.5088164806366
Starting label LEVI, seed 9, iteration 1020, time: 333.7397127151489
Starting label LEVI, seed 9, iteration 1030, time: 339.954886674881
Starting label LEVI, seed 9, iteration 1040, time: 346.30151176452637
Starting label LEVI, seed 9, iteration 1050, time: 352.65040040016174
Starting label LEVI, seed 9, iteration 1060, time: 359.490802526474
Starting label LEVI, seed 9, iteration 1070, time: 365.36391615867615
Starting label LEVI, seed 9, iteration 1080, time: 372.26769518852234
Starting label LEVI, seed 9, iteration 1090, time: 379.10147190093994
Starting label LEVI, seed 9, iteration 1100, time: 385.9802029132843
Starting label LEVI, seed 9, iteration 1110, time: 393.26288628578186
Starting label LEVI, seed 9, iteration 1120, time: 401.48211693763733
Starting label LEVI, seed 9, iteration 1130, time: 408.46784019470215
Starting label LEVI, seed 9, iteration 1140, time: 415.78527665138245
Starting label LEVI, seed 9, iteration 1150, time: 422.8476800918579
Starting label LEVI, seed 9, iteration 1160, time: 430.08158016204834
Starting label LEVI, seed 9, iteration 1170, time: 437.063848733902
Starting label LEVI, seed 9, iteration 1180, time: 444.73983693122864
Starting label LEVI, seed 9, iteration 1190, time: 453.06180810928345
Starting label LEVI, seed 9, iteration 1200, time: 460.5582172870636
Starting label LEVI, seed 9, iteration 1210, time: 479.1535677909851
Starting label LEVI, seed 9, iteration 1220, time: 487.8680429458618
Starting label LEVI, seed 9, iteration 1230, time: 496.0776925086975
Starting label LEVI, seed 9, iteration 1240, time: 503.8208312988281
Starting label LEVI, seed 9, iteration 1250, time: 511.23764276504517
Starting label LEVI, seed 9, iteration 1260, time: 519.8481442928314
Starting label LEVI, seed 9, iteration 1270, time: 527.3410403728485
Starting label LEVI, seed 9, iteration 1280, time: 535.9122061729431
Starting label LEVI, seed 9, iteration 1290, time: 544.07044672966
Starting label LEVI, seed 9, iteration 1300, time: 553.4869344234467
Starting label LEVI, seed 9, iteration 1310, time: 563.093736410141
Starting label LEVI, seed 9, iteration 1320, time: 571.1405813694
Starting label LEVI, seed 9, iteration 1330, time: 580.32994556427
Starting label LEVI, seed 9, iteration 1340, time: 591.3966193199158
Starting label LEVI, seed 9, iteration 1350, time: 602.0843276977539
Starting label LEVI, seed 9, iteration 1360, time: 612.3999717235565
Starting label LEVI, seed 9, iteration 1370, time: 622.7184402942657
Starting label LEVI, seed 9, iteration 1380, time: 634.4089324474335
Starting label LEVI, seed 9, iteration 1390, time: 646.6254825592041
Starting label LEVI, seed 9, iteration 1400, time: 657.7145731449127
Starting label LEVI, seed 9, iteration 1410, time: 668.6513557434082
Starting label LEVI, seed 9, iteration 1420, time: 679.0641763210297
Starting label LEVI, seed 9, iteration 1430, time: 688.3440113067627
Starting label LEVI, seed 9, iteration 1440, time: 699.8822963237762
Starting label LEVI, seed 9, iteration 1450, time: 713.5435361862183
Starting label LEVI, seed 9, iteration 1460, time: 723.4688014984131
Starting label LEVI, seed 9, iteration 1470, time: 738.4307634830475
Starting label LEVI, seed 9, iteration 1480, time: 749.5344541072845
Starting label LEVI, seed 9, iteration 1490, time: 760.7347266674042
Starting label LEVI, seed 9, iteration 1500, time: 775.5722784996033
Starting label LEVI, seed 9, iteration 1510, time: 788.4802021980286
Starting label LEVI, seed 9, iteration 1520, time: 802.683718919754
Starting label LEVI, seed 9, iteration 1530, time: 817.4160041809082
Starting label LEVI, seed 9, iteration 1540, time: 834.1385080814362
Starting label LEVI, seed 9, iteration 1550, time: 849.5726387500763
Starting label LEVI, seed 9, iteration 1560, time: 867.8265535831451
Starting label LEVI, seed 9, iteration 1570, time: 881.0161800384521
Starting label LEVI, seed 9, iteration 1580, time: 894.9406564235687
Starting label LEVI, seed 9, iteration 1590, time: 913.0127141475677
Starting label LEVI, seed 9, iteration 1600, time: 927.2934560775757
Starting label LEVI, seed 9, iteration 1610, time: 945.0790486335754
Starting label LEVI, seed 9, iteration 1620, time: 962.8282301425934
Starting label LEVI, seed 9, iteration 1630, time: 976.6459131240845
Starting label LEVI, seed 9, iteration 1640, time: 991.1833689212799
Starting label LEVI, seed 9, iteration 1650, time: 1007.0111846923828
Starting label LEVI, seed 9, iteration 1660, time: 1028.2506601810455
Starting label LEVI, seed 9, iteration 1670, time: 1047.4858210086823
Starting label LEVI, seed 9, iteration 1680, time: 1064.4445025920868
Starting label LEVI, seed 9, iteration 1690, time: 1084.720341205597
Starting label LEVI, seed 9, iteration 1700, time: 1104.908151626587
Starting label LEVI, seed 9, iteration 1710, time: 1126.929161787033
Starting label LEVI, seed 9, iteration 1720, time: 1147.4939329624176
Starting label LEVI, seed 9, iteration 1730, time: 1171.4797852039337
Starting label LEVI, seed 9, iteration 1740, time: 1194.1137006282806
Starting label LEVI, seed 9, iteration 1750, time: 1217.4320576190948
Starting label LEVI, seed 9, iteration 1760, time: 1243.1834082603455
Starting label LEVI, seed 9, iteration 1770, time: 1269.3954944610596
Starting label LEVI, seed 9, iteration 1780, time: 1294.3446724414825
Starting label LEVI, seed 9, iteration 1790, time: 1320.5941393375397
Starting label LEVI, seed 9, iteration 1800, time: 1346.107553243637
Starting label LEVI, seed 9, iteration 1810, time: 1372.74529504776
Starting label LEVI, seed 9, iteration 1820, time: 1404.1641461849213
Starting label LEVI, seed 9, iteration 1830, time: 1430.2478291988373
Starting label LEVI, seed 9, iteration 1840, time: 1459.9566688537598
Starting label LEVI, seed 9, iteration 1850, time: 1490.559886932373
Starting label LEVI, seed 9, iteration 1860, time: 1517.1629657745361
Starting label LEVI, seed 9, iteration 1870, time: 1547.0843813419342
submitit WARNING (2022-10-02 01:22:36,054) - Bypassing signal SIGTERM
submitit WARNING (2022-10-02 01:22:36,054) - Bypassing signal SIGCONT
Starting label LEVI, seed 9, iteration 1880, time: 1573.8980362415314
