submitit INFO (2022-10-02 01:23:42,610) - Starting with JobEnvironment(job_id=883469_7, hostname=davis-compute-01.cs.cornell.edu, local_rank=0(1), node=0(1), global_rank=0(1))
submitit INFO (2022-10-02 01:23:42,611) - Loading pickle: /home/gid-cakmaks/contextual_rs/experiments/wsc_experiments/logs/883469_7/883469_7_submitted.pkl
Starting label LEVI, seed 57, iteration 0, time: 0.00043010711669921875
Starting label LEVI, seed 57, iteration 10, time: 3.0399560928344727
Starting label LEVI, seed 57, iteration 20, time: 5.997655391693115
Starting label LEVI, seed 57, iteration 30, time: 8.742837190628052
Starting label LEVI, seed 57, iteration 40, time: 11.47608757019043
Starting label LEVI, seed 57, iteration 50, time: 14.366352558135986
Starting label LEVI, seed 57, iteration 60, time: 17.305799961090088
Starting label LEVI, seed 57, iteration 70, time: 20.4408061504364
Starting label LEVI, seed 57, iteration 80, time: 23.597858905792236
Starting label LEVI, seed 57, iteration 90, time: 26.788055419921875
Starting label LEVI, seed 57, iteration 100, time: 30.045092582702637
Starting label LEVI, seed 57, iteration 110, time: 33.28861713409424
Starting label LEVI, seed 57, iteration 120, time: 36.60830044746399
Starting label LEVI, seed 57, iteration 130, time: 39.88784408569336
Starting label LEVI, seed 57, iteration 140, time: 43.228676557540894
Starting label LEVI, seed 57, iteration 150, time: 46.777201414108276
Starting label LEVI, seed 57, iteration 160, time: 50.13843750953674
Starting label LEVI, seed 57, iteration 170, time: 53.553282260894775
Starting label LEVI, seed 57, iteration 180, time: 57.05499792098999
Starting label LEVI, seed 57, iteration 190, time: 60.54232215881348
Starting label LEVI, seed 57, iteration 200, time: 63.97388243675232
Starting label LEVI, seed 57, iteration 210, time: 67.56032419204712
Starting label LEVI, seed 57, iteration 220, time: 71.24000954627991
Starting label LEVI, seed 57, iteration 230, time: 74.97558832168579
Starting label LEVI, seed 57, iteration 240, time: 78.70992350578308
Starting label LEVI, seed 57, iteration 250, time: 82.49938440322876
Starting label LEVI, seed 57, iteration 260, time: 86.17090702056885
Starting label LEVI, seed 57, iteration 270, time: 89.74578928947449
Starting label LEVI, seed 57, iteration 280, time: 93.52281451225281
Starting label LEVI, seed 57, iteration 290, time: 97.19686937332153
Starting label LEVI, seed 57, iteration 300, time: 101.02803874015808
Starting label LEVI, seed 57, iteration 310, time: 104.92599129676819
Starting label LEVI, seed 57, iteration 320, time: 108.94941115379333
Starting label LEVI, seed 57, iteration 330, time: 113.04645705223083
Starting label LEVI, seed 57, iteration 340, time: 117.06427359580994
Starting label LEVI, seed 57, iteration 350, time: 121.14161229133606
Starting label LEVI, seed 57, iteration 360, time: 125.1909532546997
Starting label LEVI, seed 57, iteration 370, time: 129.13327264785767
Starting label LEVI, seed 57, iteration 380, time: 133.10242891311646
Starting label LEVI, seed 57, iteration 390, time: 136.92385625839233
Starting label LEVI, seed 57, iteration 400, time: 140.88264989852905
Starting label LEVI, seed 57, iteration 410, time: 144.95687913894653
Starting label LEVI, seed 57, iteration 420, time: 148.9323434829712
Starting label LEVI, seed 57, iteration 430, time: 152.9505000114441
Starting label LEVI, seed 57, iteration 440, time: 156.92558097839355
Starting label LEVI, seed 57, iteration 450, time: 160.84610629081726
Starting label LEVI, seed 57, iteration 460, time: 164.8721842765808
Starting label LEVI, seed 57, iteration 470, time: 168.9302990436554
Starting label LEVI, seed 57, iteration 480, time: 173.1683292388916
Starting label LEVI, seed 57, iteration 490, time: 177.21388053894043
Starting label LEVI, seed 57, iteration 500, time: 181.23866415023804
Starting label LEVI, seed 57, iteration 510, time: 185.24280285835266
Starting label LEVI, seed 57, iteration 520, time: 189.14625549316406
Starting label LEVI, seed 57, iteration 530, time: 193.266277551651
Starting label LEVI, seed 57, iteration 540, time: 197.3313307762146
Starting label LEVI, seed 57, iteration 550, time: 201.5292525291443
Starting label LEVI, seed 57, iteration 560, time: 205.74144649505615
Starting label LEVI, seed 57, iteration 570, time: 209.77016282081604
Starting label LEVI, seed 57, iteration 580, time: 213.82056856155396
Starting label LEVI, seed 57, iteration 590, time: 218.00214982032776
Starting label LEVI, seed 57, iteration 600, time: 222.19604182243347
Starting label LEVI, seed 57, iteration 610, time: 226.33155393600464
Starting label LEVI, seed 57, iteration 620, time: 230.49405097961426
Starting label LEVI, seed 57, iteration 630, time: 234.65153574943542
Starting label LEVI, seed 57, iteration 640, time: 238.80753326416016
Starting label LEVI, seed 57, iteration 650, time: 242.86154699325562
Starting label LEVI, seed 57, iteration 660, time: 246.89381313323975
Starting label LEVI, seed 57, iteration 670, time: 250.8626732826233
Starting label LEVI, seed 57, iteration 680, time: 254.76321172714233
Starting label LEVI, seed 57, iteration 690, time: 258.785995721817
Starting label LEVI, seed 57, iteration 700, time: 262.8421823978424
Starting label LEVI, seed 57, iteration 710, time: 267.16244769096375
Starting label LEVI, seed 57, iteration 720, time: 271.5599856376648
Starting label LEVI, seed 57, iteration 730, time: 275.9282968044281
Starting label LEVI, seed 57, iteration 740, time: 280.2979214191437
Starting label LEVI, seed 57, iteration 750, time: 284.57435870170593
Starting label LEVI, seed 57, iteration 760, time: 288.84683108329773
Starting label LEVI, seed 57, iteration 770, time: 293.1079773902893
Starting label LEVI, seed 57, iteration 780, time: 297.5002315044403
Starting label LEVI, seed 57, iteration 790, time: 302.0423800945282
Starting label LEVI, seed 57, iteration 800, time: 306.41679668426514
Starting label LEVI, seed 57, iteration 810, time: 310.809207201004
Starting label LEVI, seed 57, iteration 820, time: 315.27174496650696
Starting label LEVI, seed 57, iteration 830, time: 319.61882185935974
Starting label LEVI, seed 57, iteration 840, time: 323.8827610015869
Starting label LEVI, seed 57, iteration 850, time: 328.16038632392883
Starting label LEVI, seed 57, iteration 860, time: 332.3779978752136
Starting label LEVI, seed 57, iteration 870, time: 336.68334317207336
Starting label LEVI, seed 57, iteration 880, time: 340.9473330974579
Starting label LEVI, seed 57, iteration 890, time: 345.29598903656006
Starting label LEVI, seed 57, iteration 900, time: 349.89906072616577
Starting label LEVI, seed 57, iteration 910, time: 354.41915369033813
Starting label LEVI, seed 57, iteration 920, time: 359.0084683895111
Starting label LEVI, seed 57, iteration 930, time: 363.66429376602173
Starting label LEVI, seed 57, iteration 940, time: 368.2459967136383
Starting label LEVI, seed 57, iteration 950, time: 372.87842631340027
Starting label LEVI, seed 57, iteration 960, time: 377.27665162086487
Starting label LEVI, seed 57, iteration 970, time: 381.7910203933716
Starting label LEVI, seed 57, iteration 980, time: 386.2527711391449
Starting label LEVI, seed 57, iteration 990, time: 390.7187936306
Starting label LEVI, seed 57, iteration 1000, time: 395.43031644821167
Starting label LEVI, seed 57, iteration 1010, time: 400.19104743003845
Starting label LEVI, seed 57, iteration 1020, time: 404.59018778800964
Starting label LEVI, seed 57, iteration 1030, time: 409.2238371372223
Starting label LEVI, seed 57, iteration 1040, time: 413.76326608657837
Starting label LEVI, seed 57, iteration 1050, time: 418.3378629684448
Starting label LEVI, seed 57, iteration 1060, time: 422.9152274131775
Starting label LEVI, seed 57, iteration 1070, time: 427.539320230484
Starting label LEVI, seed 57, iteration 1080, time: 432.08440113067627
Starting label LEVI, seed 57, iteration 1090, time: 436.6180930137634
Starting label LEVI, seed 57, iteration 1100, time: 441.2186167240143
Starting label LEVI, seed 57, iteration 1110, time: 445.90511536598206
Starting label LEVI, seed 57, iteration 1120, time: 450.61223316192627
Starting label LEVI, seed 57, iteration 1130, time: 455.2961473464966
Starting label LEVI, seed 57, iteration 1140, time: 460.0567846298218
Starting label LEVI, seed 57, iteration 1150, time: 464.84310936927795
Starting label LEVI, seed 57, iteration 1160, time: 469.3487181663513
Starting label LEVI, seed 57, iteration 1170, time: 474.02842593193054
Starting label LEVI, seed 57, iteration 1180, time: 478.680383682251
Starting label LEVI, seed 57, iteration 1190, time: 483.4238874912262
Starting label LEVI, seed 57, iteration 1200, time: 488.13449263572693
Starting label LEVI, seed 57, iteration 1210, time: 492.76956963539124
Starting label LEVI, seed 57, iteration 1220, time: 497.3591077327728
Starting label LEVI, seed 57, iteration 1230, time: 502.24789929389954
Starting label LEVI, seed 57, iteration 1240, time: 507.12212347984314
Starting label LEVI, seed 57, iteration 1250, time: 512.0257875919342
Starting label LEVI, seed 57, iteration 1260, time: 516.9082701206207
Starting label LEVI, seed 57, iteration 1270, time: 521.8324990272522
Starting label LEVI, seed 57, iteration 1280, time: 526.9014894962311
Starting label LEVI, seed 57, iteration 1290, time: 531.901468038559
Starting label LEVI, seed 57, iteration 1300, time: 536.7809073925018
Starting label LEVI, seed 57, iteration 1310, time: 541.7211320400238
Starting label LEVI, seed 57, iteration 1320, time: 546.5958378314972
Starting label LEVI, seed 57, iteration 1330, time: 551.6571180820465
Starting label LEVI, seed 57, iteration 1340, time: 557.0928938388824
Starting label LEVI, seed 57, iteration 1350, time: 562.3939218521118
Starting label LEVI, seed 57, iteration 1360, time: 567.6447019577026
Starting label LEVI, seed 57, iteration 1370, time: 572.8930788040161
Starting label LEVI, seed 57, iteration 1380, time: 578.5319378376007
Starting label LEVI, seed 57, iteration 1390, time: 583.9667921066284
Starting label LEVI, seed 57, iteration 1400, time: 589.2750685214996
Starting label LEVI, seed 57, iteration 1410, time: 594.6388173103333
Starting label LEVI, seed 57, iteration 1420, time: 599.966189622879
Starting label LEVI, seed 57, iteration 1430, time: 605.2980797290802
Starting label LEVI, seed 57, iteration 1440, time: 610.5854871273041
Starting label LEVI, seed 57, iteration 1450, time: 615.9410479068756
Starting label LEVI, seed 57, iteration 1460, time: 621.4758548736572
Starting label LEVI, seed 57, iteration 1470, time: 626.8814043998718
Starting label LEVI, seed 57, iteration 1480, time: 632.4925773143768
Starting label LEVI, seed 57, iteration 1490, time: 638.0446729660034
submitit WARNING (2022-10-02 01:34:27,820) - Bypassing signal SIGTERM
submitit WARNING (2022-10-02 01:34:27,821) - Bypassing signal SIGCONT
submitit WARNING (2022-10-02 01:34:27,871) - Bypassing signal SIGTERM
Starting label LEVI, seed 57, iteration 1500, time: 643.7319874763489
Starting label LEVI, seed 57, iteration 1510, time: 649.323894739151
Starting label LEVI, seed 57, iteration 1520, time: 655.0727708339691
Starting label LEVI, seed 57, iteration 1530, time: 660.7265033721924
Starting label LEVI, seed 57, iteration 1540, time: 666.4795186519623
Starting label LEVI, seed 57, iteration 1550, time: 672.1955757141113
