submitit INFO (2022-10-02 01:04:33,574) - Starting with JobEnvironment(job_id=883387_2, hostname=ellis-compute-01.cs.cornell.edu, local_rank=0(1), node=0(1), global_rank=0(1))
submitit INFO (2022-10-02 01:04:33,574) - Loading pickle: /home/gid-cakmaks/contextual_rs/experiments/wsc_experiments/logs/883387_2/883387_2_submitted.pkl
Starting label LEVI, seed 62, iteration 0, time: 0.0004436969757080078
Starting label LEVI, seed 62, iteration 10, time: 2.136634111404419
Starting label LEVI, seed 62, iteration 20, time: 4.0382421016693115
Starting label LEVI, seed 62, iteration 30, time: 5.949842929840088
Starting label LEVI, seed 62, iteration 40, time: 7.897392272949219
Starting label LEVI, seed 62, iteration 50, time: 9.882567882537842
Starting label LEVI, seed 62, iteration 60, time: 11.917965173721313
Starting label LEVI, seed 62, iteration 70, time: 13.876253128051758
Starting label LEVI, seed 62, iteration 80, time: 15.843162298202515
Starting label LEVI, seed 62, iteration 90, time: 17.857075929641724
Starting label LEVI, seed 62, iteration 100, time: 19.846983432769775
Starting label LEVI, seed 62, iteration 110, time: 21.725518226623535
Starting label LEVI, seed 62, iteration 120, time: 23.657557249069214
Starting label LEVI, seed 62, iteration 130, time: 25.65011239051819
Starting label LEVI, seed 62, iteration 140, time: 27.716467142105103
Starting label LEVI, seed 62, iteration 150, time: 29.637665271759033
Starting label LEVI, seed 62, iteration 160, time: 31.585944175720215
Starting label LEVI, seed 62, iteration 170, time: 33.54577589035034
Starting label LEVI, seed 62, iteration 180, time: 35.57291769981384
Starting label LEVI, seed 62, iteration 190, time: 37.48079872131348
Starting label LEVI, seed 62, iteration 200, time: 39.471967697143555
Starting label LEVI, seed 62, iteration 210, time: 41.54501533508301
Starting label LEVI, seed 62, iteration 220, time: 43.812283754348755
Starting label LEVI, seed 62, iteration 230, time: 46.13072729110718
Starting label LEVI, seed 62, iteration 240, time: 48.471325397491455
Starting label LEVI, seed 62, iteration 250, time: 50.68296146392822
Starting label LEVI, seed 62, iteration 260, time: 52.96590757369995
Starting label LEVI, seed 62, iteration 270, time: 55.183775424957275
Starting label LEVI, seed 62, iteration 280, time: 57.27347755432129
Starting label LEVI, seed 62, iteration 290, time: 59.43763566017151
Starting label LEVI, seed 62, iteration 300, time: 61.551464557647705
Starting label LEVI, seed 62, iteration 310, time: 63.60283303260803
Starting label LEVI, seed 62, iteration 320, time: 65.66355204582214
Starting label LEVI, seed 62, iteration 330, time: 67.78499698638916
Starting label LEVI, seed 62, iteration 340, time: 69.83554911613464
Starting label LEVI, seed 62, iteration 350, time: 71.83342051506042
Starting label LEVI, seed 62, iteration 360, time: 73.92718863487244
Starting label LEVI, seed 62, iteration 370, time: 76.10541224479675
Starting label LEVI, seed 62, iteration 380, time: 78.21834969520569
Starting label LEVI, seed 62, iteration 390, time: 80.41002893447876
Starting label LEVI, seed 62, iteration 400, time: 82.62032079696655
Starting label LEVI, seed 62, iteration 410, time: 84.8376235961914
Starting label LEVI, seed 62, iteration 420, time: 86.99295663833618
Starting label LEVI, seed 62, iteration 430, time: 89.20001792907715
Starting label LEVI, seed 62, iteration 440, time: 91.45615530014038
Starting label LEVI, seed 62, iteration 450, time: 93.77767515182495
Starting label LEVI, seed 62, iteration 460, time: 96.10567831993103
Starting label LEVI, seed 62, iteration 470, time: 98.45616412162781
Starting label LEVI, seed 62, iteration 480, time: 100.8746657371521
Starting label LEVI, seed 62, iteration 490, time: 103.17994904518127
Starting label LEVI, seed 62, iteration 500, time: 105.42939186096191
Starting label LEVI, seed 62, iteration 510, time: 107.71226644515991
Starting label LEVI, seed 62, iteration 520, time: 110.17302083969116
Starting label LEVI, seed 62, iteration 530, time: 112.66662120819092
Starting label LEVI, seed 62, iteration 540, time: 115.19338703155518
Starting label LEVI, seed 62, iteration 550, time: 117.76873183250427
Starting label LEVI, seed 62, iteration 560, time: 120.3154034614563
Starting label LEVI, seed 62, iteration 570, time: 122.78235864639282
Starting label LEVI, seed 62, iteration 580, time: 125.24491500854492
Starting label LEVI, seed 62, iteration 590, time: 127.82023000717163
Starting label LEVI, seed 62, iteration 600, time: 130.27024102210999
Starting label LEVI, seed 62, iteration 610, time: 132.79029726982117
Starting label LEVI, seed 62, iteration 620, time: 135.46767210960388
Starting label LEVI, seed 62, iteration 630, time: 138.52319979667664
Starting label LEVI, seed 62, iteration 640, time: 141.236266374588
Starting label LEVI, seed 62, iteration 650, time: 143.99567127227783
Starting label LEVI, seed 62, iteration 660, time: 146.76561522483826
Starting label LEVI, seed 62, iteration 670, time: 149.73859190940857
Starting label LEVI, seed 62, iteration 680, time: 152.70281553268433
Starting label LEVI, seed 62, iteration 690, time: 155.74447226524353
Starting label LEVI, seed 62, iteration 700, time: 158.81802773475647
Starting label LEVI, seed 62, iteration 710, time: 161.6987156867981
Starting label LEVI, seed 62, iteration 720, time: 164.5492889881134
Starting label LEVI, seed 62, iteration 730, time: 167.67826175689697
Starting label LEVI, seed 62, iteration 740, time: 170.4502034187317
Starting label LEVI, seed 62, iteration 750, time: 173.45473790168762
Starting label LEVI, seed 62, iteration 760, time: 176.40689778327942
Starting label LEVI, seed 62, iteration 770, time: 179.41897130012512
Starting label LEVI, seed 62, iteration 780, time: 182.55696272850037
Starting label LEVI, seed 62, iteration 790, time: 185.52441310882568
Starting label LEVI, seed 62, iteration 800, time: 188.4515302181244
Starting label LEVI, seed 62, iteration 810, time: 191.47509765625
Starting label LEVI, seed 62, iteration 820, time: 194.48597526550293
Starting label LEVI, seed 62, iteration 830, time: 197.60110926628113
Starting label LEVI, seed 62, iteration 840, time: 200.6540002822876
Starting label LEVI, seed 62, iteration 850, time: 203.7719943523407
Starting label LEVI, seed 62, iteration 860, time: 206.83398747444153
Starting label LEVI, seed 62, iteration 870, time: 209.98897051811218
Starting label LEVI, seed 62, iteration 880, time: 212.9781951904297
Starting label LEVI, seed 62, iteration 890, time: 216.1666247844696
Starting label LEVI, seed 62, iteration 900, time: 219.23747396469116
Starting label LEVI, seed 62, iteration 910, time: 222.69451594352722
Starting label LEVI, seed 62, iteration 920, time: 225.96296501159668
submitit WARNING (2022-10-02 01:08:24,605) - Bypassing signal SIGTERM
submitit WARNING (2022-10-02 01:08:24,646) - Bypassing signal SIGCONT
submitit WARNING (2022-10-02 01:08:24,745) - Bypassing signal SIGTERM
Starting label LEVI, seed 62, iteration 930, time: 229.15374875068665
Starting label LEVI, seed 62, iteration 940, time: 232.64167952537537
Starting label LEVI, seed 62, iteration 950, time: 236.04215836524963
Starting label LEVI, seed 62, iteration 960, time: 239.57378554344177
Starting label LEVI, seed 62, iteration 970, time: 242.99420428276062
Starting label LEVI, seed 62, iteration 980, time: 246.75852799415588
Starting label LEVI, seed 62, iteration 990, time: 249.91252279281616
Starting label LEVI, seed 62, iteration 1000, time: 253.11294507980347
Starting label LEVI, seed 62, iteration 1010, time: 256.32928824424744
