submitit INFO (2022-10-02 01:50:52,047) - Starting with JobEnvironment(job_id=883570_8, hostname=campbell-compute-01.mae.cornell.edu, local_rank=0(1), node=0(1), global_rank=0(1))
submitit INFO (2022-10-02 01:50:52,047) - Loading pickle: /home/gid-cakmaks/contextual_rs/experiments/wsc_experiments/logs/883570_8/883570_8_submitted.pkl
Starting label LEVI, seed 58, iteration 0, time: 0.0004849433898925781
Starting label LEVI, seed 58, iteration 10, time: 5.118839502334595
Starting label LEVI, seed 58, iteration 20, time: 10.345202922821045
Starting label LEVI, seed 58, iteration 30, time: 15.761037588119507
Starting label LEVI, seed 58, iteration 40, time: 20.828328847885132
Starting label LEVI, seed 58, iteration 50, time: 26.113707304000854
Starting label LEVI, seed 58, iteration 60, time: 31.495218753814697
Starting label LEVI, seed 58, iteration 70, time: 37.160507678985596
Starting label LEVI, seed 58, iteration 80, time: 42.726041316986084
Starting label LEVI, seed 58, iteration 90, time: 48.11541771888733
Starting label LEVI, seed 58, iteration 100, time: 53.859583139419556
Starting label LEVI, seed 58, iteration 110, time: 59.615875005722046
Starting label LEVI, seed 58, iteration 120, time: 65.36825919151306
Starting label LEVI, seed 58, iteration 130, time: 70.90358281135559
Starting label LEVI, seed 58, iteration 140, time: 76.52703189849854
Starting label LEVI, seed 58, iteration 150, time: 82.20509719848633
Starting label LEVI, seed 58, iteration 160, time: 87.76680588722229
Starting label LEVI, seed 58, iteration 170, time: 93.51835894584656
Starting label LEVI, seed 58, iteration 180, time: 99.40614080429077
Starting label LEVI, seed 58, iteration 190, time: 104.97422862052917
Starting label LEVI, seed 58, iteration 200, time: 110.50569462776184
Starting label LEVI, seed 58, iteration 210, time: 116.02400636672974
Starting label LEVI, seed 58, iteration 220, time: 121.44928073883057
Starting label LEVI, seed 58, iteration 230, time: 127.29937267303467
Starting label LEVI, seed 58, iteration 240, time: 133.02629899978638
Starting label LEVI, seed 58, iteration 250, time: 138.95934414863586
Starting label LEVI, seed 58, iteration 260, time: 144.87377977371216
Starting label LEVI, seed 58, iteration 270, time: 150.9305920600891
Starting label LEVI, seed 58, iteration 280, time: 156.97775650024414
Starting label LEVI, seed 58, iteration 290, time: 162.8569371700287
Starting label LEVI, seed 58, iteration 300, time: 168.8157515525818
Starting label LEVI, seed 58, iteration 310, time: 174.61723279953003
Starting label LEVI, seed 58, iteration 320, time: 180.55840826034546
Starting label LEVI, seed 58, iteration 330, time: 186.56007838249207
Starting label LEVI, seed 58, iteration 340, time: 192.76298928260803
Starting label LEVI, seed 58, iteration 350, time: 199.2751429080963
Starting label LEVI, seed 58, iteration 360, time: 205.90011477470398
Starting label LEVI, seed 58, iteration 370, time: 212.41352653503418
Starting label LEVI, seed 58, iteration 380, time: 219.1034290790558
Starting label LEVI, seed 58, iteration 390, time: 225.87117338180542
Starting label LEVI, seed 58, iteration 400, time: 232.72071599960327
Starting label LEVI, seed 58, iteration 410, time: 239.82466983795166
Starting label LEVI, seed 58, iteration 420, time: 246.59873485565186
Starting label LEVI, seed 58, iteration 430, time: 253.46359157562256
submitit WARNING (2022-10-02 01:55:12,489) - Bypassing signal SIGCONT
submitit WARNING (2022-10-02 01:55:12,562) - Bypassing signal SIGTERM
Starting label LEVI, seed 58, iteration 440, time: 260.1136338710785
Starting label LEVI, seed 58, iteration 450, time: 266.7372341156006
Starting label LEVI, seed 58, iteration 460, time: 273.49392676353455
Starting label LEVI, seed 58, iteration 470, time: 280.44559931755066
Starting label LEVI, seed 58, iteration 480, time: 287.36025309562683
