submitit INFO (2022-10-02 13:27:13,095) - Starting with JobEnvironment(job_id=884561_9, hostname=luxlab-compute-01.infosci.cornell.edu, local_rank=0(1), node=0(1), global_rank=0(1))
submitit INFO (2022-10-02 13:27:13,095) - Loading pickle: /home/gid-cakmaks/contextual_rs/experiments/wsc_experiments/logs/884561_9/884561_9_submitted.pkl
Appending iterations to existing output!Warning: If parameters other than `iterations` have been changed, this will corrupt the output!
Starting label LEVI, seed 49, iteration 550, time: 318.1988286972046
Starting label LEVI, seed 49, iteration 560, time: 324.30030250549316
Starting label LEVI, seed 49, iteration 570, time: 330.34116411209106
Starting label LEVI, seed 49, iteration 580, time: 336.1272373199463
Starting label LEVI, seed 49, iteration 590, time: 341.9513649940491
Starting label LEVI, seed 49, iteration 600, time: 347.9648287296295
Starting label LEVI, seed 49, iteration 610, time: 353.987913608551
Starting label LEVI, seed 49, iteration 620, time: 360.0827085971832
Starting label LEVI, seed 49, iteration 630, time: 366.24940848350525
Starting label LEVI, seed 49, iteration 640, time: 372.20738792419434
Starting label LEVI, seed 49, iteration 650, time: 378.34756302833557
Starting label LEVI, seed 49, iteration 660, time: 384.4903087615967
Starting label LEVI, seed 49, iteration 670, time: 390.84187865257263
Starting label LEVI, seed 49, iteration 680, time: 397.22798919677734
Starting label LEVI, seed 49, iteration 690, time: 403.75348019599915
Starting label LEVI, seed 49, iteration 700, time: 410.20490860939026
Starting label LEVI, seed 49, iteration 710, time: 416.7367398738861
Starting label LEVI, seed 49, iteration 720, time: 423.3727388381958
Starting label LEVI, seed 49, iteration 730, time: 430.1158196926117
Starting label LEVI, seed 49, iteration 740, time: 436.5026650428772
Starting label LEVI, seed 49, iteration 750, time: 442.95453786849976
Starting label LEVI, seed 49, iteration 760, time: 449.57576298713684
Starting label LEVI, seed 49, iteration 770, time: 455.9056668281555
Starting label LEVI, seed 49, iteration 780, time: 462.4350166320801
Starting label LEVI, seed 49, iteration 790, time: 468.95594000816345
Starting label LEVI, seed 49, iteration 800, time: 475.5759160518646
Starting label LEVI, seed 49, iteration 810, time: 482.50658893585205
Starting label LEVI, seed 49, iteration 820, time: 489.325119972229
Starting label LEVI, seed 49, iteration 830, time: 496.03976464271545
Starting label LEVI, seed 49, iteration 840, time: 502.630339384079
Starting label LEVI, seed 49, iteration 850, time: 509.3338186740875
Starting label LEVI, seed 49, iteration 860, time: 515.6362950801849
Starting label LEVI, seed 49, iteration 870, time: 522.0800137519836
Starting label LEVI, seed 49, iteration 880, time: 528.9868714809418
Starting label LEVI, seed 49, iteration 890, time: 535.9494650363922
Starting label LEVI, seed 49, iteration 900, time: 542.7173330783844
Starting label LEVI, seed 49, iteration 910, time: 549.314825296402
Starting label LEVI, seed 49, iteration 920, time: 555.9733791351318
Starting label LEVI, seed 49, iteration 930, time: 562.8550271987915
Starting label LEVI, seed 49, iteration 940, time: 569.2980020046234
Starting label LEVI, seed 49, iteration 950, time: 576.1175887584686
Starting label LEVI, seed 49, iteration 960, time: 583.1166257858276
Starting label LEVI, seed 49, iteration 970, time: 589.6901772022247
Starting label LEVI, seed 49, iteration 980, time: 596.5018041133881
Starting label LEVI, seed 49, iteration 990, time: 603.4431293010712
Starting label LEVI, seed 49, iteration 1000, time: 610.3003361225128
Starting label LEVI, seed 49, iteration 1010, time: 616.8312864303589
Starting label LEVI, seed 49, iteration 1020, time: 623.6182355880737
Starting label LEVI, seed 49, iteration 1030, time: 630.4004936218262
Starting label LEVI, seed 49, iteration 1040, time: 637.4236800670624
Starting label LEVI, seed 49, iteration 1050, time: 644.4845631122589
Starting label LEVI, seed 49, iteration 1060, time: 651.8001480102539
Starting label LEVI, seed 49, iteration 1070, time: 658.561448097229
Starting label LEVI, seed 49, iteration 1080, time: 665.3247828483582
Starting label LEVI, seed 49, iteration 1090, time: 672.256778717041
Starting label LEVI, seed 49, iteration 1100, time: 679.0211818218231
Starting label LEVI, seed 49, iteration 1110, time: 686.3522667884827
Starting label LEVI, seed 49, iteration 1120, time: 693.419682264328
Starting label LEVI, seed 49, iteration 1130, time: 700.6171822547913
Starting label LEVI, seed 49, iteration 1140, time: 707.68958735466
Starting label LEVI, seed 49, iteration 1150, time: 714.6525158882141
Starting label LEVI, seed 49, iteration 1160, time: 721.8237235546112
Starting label LEVI, seed 49, iteration 1170, time: 728.6359646320343
Starting label LEVI, seed 49, iteration 1180, time: 735.0568470954895
Starting label LEVI, seed 49, iteration 1190, time: 741.6623523235321
Starting label LEVI, seed 49, iteration 1200, time: 748.239022731781
Starting label LEVI, seed 49, iteration 1210, time: 754.9526698589325
Starting label LEVI, seed 49, iteration 1220, time: 761.7734673023224
Starting label LEVI, seed 49, iteration 1230, time: 768.5165247917175
Starting label LEVI, seed 49, iteration 1240, time: 775.1658318042755
Starting label LEVI, seed 49, iteration 1250, time: 782.240968465805
Starting label LEVI, seed 49, iteration 1260, time: 789.6672472953796
Starting label LEVI, seed 49, iteration 1270, time: 797.2435870170593
Starting label LEVI, seed 49, iteration 1280, time: 804.5176169872284
Starting label LEVI, seed 49, iteration 1290, time: 812.1232380867004
Starting label LEVI, seed 49, iteration 1300, time: 819.4532952308655
Starting label LEVI, seed 49, iteration 1310, time: 826.9881317615509
Starting label LEVI, seed 49, iteration 1320, time: 834.5805516242981
Starting label LEVI, seed 49, iteration 1330, time: 842.555253982544
Starting label LEVI, seed 49, iteration 1340, time: 850.1995716094971
Starting label LEVI, seed 49, iteration 1350, time: 858.5063433647156
Starting label LEVI, seed 49, iteration 1360, time: 866.3559060096741
Starting label LEVI, seed 49, iteration 1370, time: 874.162440776825
Starting label LEVI, seed 49, iteration 1380, time: 881.7426273822784
Starting label LEVI, seed 49, iteration 1390, time: 889.6250541210175
Starting label LEVI, seed 49, iteration 1400, time: 897.8598148822784
Starting label LEVI, seed 49, iteration 1410, time: 906.1195974349976
Starting label LEVI, seed 49, iteration 1420, time: 914.665869474411
Starting label LEVI, seed 49, iteration 1430, time: 922.9957091808319
Starting label LEVI, seed 49, iteration 1440, time: 931.0656905174255
Starting label LEVI, seed 49, iteration 1450, time: 938.9594457149506
Starting label LEVI, seed 49, iteration 1460, time: 946.8936257362366
Starting label LEVI, seed 49, iteration 1470, time: 954.9784469604492
Starting label LEVI, seed 49, iteration 1480, time: 963.2787673473358
Starting label LEVI, seed 49, iteration 1490, time: 971.7220344543457
Starting label LEVI, seed 49, iteration 1500, time: 979.7420792579651
Starting label LEVI, seed 49, iteration 1510, time: 987.5773663520813
Starting label LEVI, seed 49, iteration 1520, time: 995.7002308368683
Starting label LEVI, seed 49, iteration 1530, time: 1003.1742413043976
Starting label LEVI, seed 49, iteration 1540, time: 1012.3949327468872
Starting label LEVI, seed 49, iteration 1550, time: 1021.5165820121765
Starting label LEVI, seed 49, iteration 1560, time: 1030.1384770870209
Starting label LEVI, seed 49, iteration 1570, time: 1039.2485432624817
Starting label LEVI, seed 49, iteration 1580, time: 1048.47340965271
Starting label LEVI, seed 49, iteration 1590, time: 1057.7195999622345
Starting label LEVI, seed 49, iteration 1600, time: 1067.3278141021729
Starting label LEVI, seed 49, iteration 1610, time: 1076.4123468399048
Starting label LEVI, seed 49, iteration 1620, time: 1085.6023745536804
Starting label LEVI, seed 49, iteration 1630, time: 1094.7194736003876
Starting label LEVI, seed 49, iteration 1640, time: 1104.1458780765533
Starting label LEVI, seed 49, iteration 1650, time: 1112.9630417823792
Starting label LEVI, seed 49, iteration 1660, time: 1122.0040385723114
Starting label LEVI, seed 49, iteration 1670, time: 1130.986295223236
Starting label LEVI, seed 49, iteration 1680, time: 1140.349262714386
Starting label LEVI, seed 49, iteration 1690, time: 1149.564593553543
Starting label LEVI, seed 49, iteration 1700, time: 1159.686779975891
Starting label LEVI, seed 49, iteration 1710, time: 1168.7860236167908
Starting label LEVI, seed 49, iteration 1720, time: 1177.9488615989685
Starting label LEVI, seed 49, iteration 1730, time: 1186.1029829978943
Starting label LEVI, seed 49, iteration 1740, time: 1196.0811748504639
Starting label LEVI, seed 49, iteration 1750, time: 1204.8548579216003
Starting label LEVI, seed 49, iteration 1760, time: 1214.128268957138
Starting label LEVI, seed 49, iteration 1770, time: 1223.1120190620422
Starting label LEVI, seed 49, iteration 1780, time: 1233.088679075241
Starting label LEVI, seed 49, iteration 1790, time: 1243.1130876541138
Starting label LEVI, seed 49, iteration 1800, time: 1253.1828711032867
Starting label LEVI, seed 49, iteration 1810, time: 1263.568768978119
Starting label LEVI, seed 49, iteration 1820, time: 1273.6366801261902
Starting label LEVI, seed 49, iteration 1830, time: 1283.013616323471
Starting label LEVI, seed 49, iteration 1840, time: 1293.6502406597137
Starting label LEVI, seed 49, iteration 1850, time: 1303.3086564540863
Starting label LEVI, seed 49, iteration 1860, time: 1314.375661611557
Starting label LEVI, seed 49, iteration 1870, time: 1325.28049826622
Starting label LEVI, seed 49, iteration 1880, time: 1337.171797990799
Starting label LEVI, seed 49, iteration 1890, time: 1349.250634431839
Starting label LEVI, seed 49, iteration 1900, time: 1360.8604202270508
Starting label LEVI, seed 49, iteration 1910, time: 1371.4542553424835
Starting label LEVI, seed 49, iteration 1920, time: 1382.5284173488617
Starting label LEVI, seed 49, iteration 1930, time: 1393.122633934021
Starting label LEVI, seed 49, iteration 1940, time: 1404.3260686397552
Starting label LEVI, seed 49, iteration 1950, time: 1415.4746601581573
Starting label LEVI, seed 49, iteration 1960, time: 1425.8466198444366
Starting label LEVI, seed 49, iteration 1970, time: 1437.9027800559998
Starting label LEVI, seed 49, iteration 1980, time: 1450.5088131427765
Starting label LEVI, seed 49, iteration 1990, time: 1462.0165634155273
submitit INFO (2022-10-02 13:46:33,020) - Job completed successfully
