submitit INFO (2022-10-02 01:17:54,781) - Starting with JobEnvironment(job_id=883390_2, hostname=lecun.cs.cornell.edu, local_rank=0(1), node=0(1), global_rank=0(1))
submitit INFO (2022-10-02 01:17:54,781) - Loading pickle: /home/gid-cakmaks/contextual_rs/experiments/wsc_experiments/logs/883390_2/883390_2_submitted.pkl
Starting label LEVI, seed 72, iteration 0, time: 0.01027369499206543
Starting label LEVI, seed 72, iteration 10, time: 3.0038397312164307
Starting label LEVI, seed 72, iteration 20, time: 6.11395263671875
Starting label LEVI, seed 72, iteration 30, time: 9.106795310974121
Starting label LEVI, seed 72, iteration 40, time: 12.619792222976685
Starting label LEVI, seed 72, iteration 50, time: 15.547906875610352
Starting label LEVI, seed 72, iteration 60, time: 18.779431104660034
Starting label LEVI, seed 72, iteration 70, time: 22.171735763549805
Starting label LEVI, seed 72, iteration 80, time: 25.055728435516357
Starting label LEVI, seed 72, iteration 90, time: 28.023902654647827
Starting label LEVI, seed 72, iteration 100, time: 30.824200868606567
Starting label LEVI, seed 72, iteration 110, time: 33.908029079437256
Starting label LEVI, seed 72, iteration 120, time: 37.085158348083496
Starting label LEVI, seed 72, iteration 130, time: 40.20061731338501
Starting label LEVI, seed 72, iteration 140, time: 43.8474977016449
Starting label LEVI, seed 72, iteration 150, time: 46.63962459564209
Starting label LEVI, seed 72, iteration 160, time: 49.96305561065674
Starting label LEVI, seed 72, iteration 170, time: 53.155866861343384
Starting label LEVI, seed 72, iteration 180, time: 56.29369282722473
Starting label LEVI, seed 72, iteration 190, time: 59.5858690738678
Starting label LEVI, seed 72, iteration 200, time: 62.75618529319763
Starting label LEVI, seed 72, iteration 210, time: 65.86386203765869
Starting label LEVI, seed 72, iteration 220, time: 69.07152128219604
Starting label LEVI, seed 72, iteration 230, time: 72.58802890777588
Starting label LEVI, seed 72, iteration 240, time: 75.98312067985535
Starting label LEVI, seed 72, iteration 250, time: 79.6044692993164
Starting label LEVI, seed 72, iteration 260, time: 82.91951394081116
Starting label LEVI, seed 72, iteration 270, time: 86.37693905830383
Starting label LEVI, seed 72, iteration 280, time: 89.42615127563477
Starting label LEVI, seed 72, iteration 290, time: 93.81302332878113
Starting label LEVI, seed 72, iteration 300, time: 97.08547568321228
Starting label LEVI, seed 72, iteration 310, time: 100.26287174224854
Starting label LEVI, seed 72, iteration 320, time: 103.5980167388916
Starting label LEVI, seed 72, iteration 330, time: 106.667307138443
Starting label LEVI, seed 72, iteration 340, time: 110.0801100730896
Starting label LEVI, seed 72, iteration 350, time: 113.54027223587036
Starting label LEVI, seed 72, iteration 360, time: 117.52979254722595
Starting label LEVI, seed 72, iteration 370, time: 121.03842997550964
Starting label LEVI, seed 72, iteration 380, time: 124.35713744163513
Starting label LEVI, seed 72, iteration 390, time: 128.6688220500946
Starting label LEVI, seed 72, iteration 400, time: 132.28941297531128
Starting label LEVI, seed 72, iteration 410, time: 135.73335194587708
Starting label LEVI, seed 72, iteration 420, time: 139.24770045280457
Starting label LEVI, seed 72, iteration 430, time: 142.76290154457092
Starting label LEVI, seed 72, iteration 440, time: 146.47141075134277
Starting label LEVI, seed 72, iteration 450, time: 150.29590702056885
Starting label LEVI, seed 72, iteration 460, time: 154.3415334224701
Starting label LEVI, seed 72, iteration 470, time: 158.50228357315063
Starting label LEVI, seed 72, iteration 480, time: 162.2480754852295
Starting label LEVI, seed 72, iteration 490, time: 166.3757712841034
Starting label LEVI, seed 72, iteration 500, time: 170.09195137023926
Starting label LEVI, seed 72, iteration 510, time: 174.3581006526947
Starting label LEVI, seed 72, iteration 520, time: 178.08234167099
Starting label LEVI, seed 72, iteration 530, time: 181.91570496559143
Starting label LEVI, seed 72, iteration 540, time: 185.70902466773987
Starting label LEVI, seed 72, iteration 550, time: 190.19954872131348
Starting label LEVI, seed 72, iteration 560, time: 193.9586319923401
Starting label LEVI, seed 72, iteration 570, time: 198.21832871437073
Starting label LEVI, seed 72, iteration 580, time: 202.57833075523376
Starting label LEVI, seed 72, iteration 590, time: 206.41215562820435
Starting label LEVI, seed 72, iteration 600, time: 210.2616035938263
Starting label LEVI, seed 72, iteration 610, time: 214.5920853614807
Starting label LEVI, seed 72, iteration 620, time: 219.11020517349243
Starting label LEVI, seed 72, iteration 630, time: 223.33558011054993
Starting label LEVI, seed 72, iteration 640, time: 227.7657835483551
Starting label LEVI, seed 72, iteration 650, time: 231.68686890602112
Starting label LEVI, seed 72, iteration 660, time: 236.61304783821106
Starting label LEVI, seed 72, iteration 670, time: 241.65390181541443
Starting label LEVI, seed 72, iteration 680, time: 245.9239366054535
Starting label LEVI, seed 72, iteration 690, time: 250.69183015823364
Starting label LEVI, seed 72, iteration 700, time: 257.0336034297943
Starting label LEVI, seed 72, iteration 710, time: 261.77665066719055
Starting label LEVI, seed 72, iteration 720, time: 266.292781829834
Starting label LEVI, seed 72, iteration 730, time: 270.4752242565155
Starting label LEVI, seed 72, iteration 740, time: 275.4844732284546
submitit WARNING (2022-10-02 01:22:36,098) - Bypassing signal SIGCONT
submitit WARNING (2022-10-02 01:22:36,148) - Bypassing signal SIGTERM
Starting label LEVI, seed 72, iteration 750, time: 280.10162806510925
Starting label LEVI, seed 72, iteration 760, time: 284.6641118526459
Starting label LEVI, seed 72, iteration 770, time: 289.2969014644623
Starting label LEVI, seed 72, iteration 780, time: 293.9539830684662
Starting label LEVI, seed 72, iteration 790, time: 299.0751533508301
Starting label LEVI, seed 72, iteration 800, time: 303.90735030174255
Starting label LEVI, seed 72, iteration 810, time: 308.7787227630615
