submitit INFO (2022-10-02 01:49:59,596) - Starting with JobEnvironment(job_id=883540_2, hostname=nikola-compute-04.cs.cornell.edu, local_rank=0(1), node=0(1), global_rank=0(1))
submitit INFO (2022-10-02 01:49:59,597) - Loading pickle: /home/gid-cakmaks/contextual_rs/experiments/wsc_experiments/logs/883540_2/883540_2_submitted.pkl
Starting label LEVI, seed 22, iteration 0, time: 0.0004279613494873047
Starting label LEVI, seed 22, iteration 10, time: 5.22649884223938
Starting label LEVI, seed 22, iteration 20, time: 10.660865068435669
Starting label LEVI, seed 22, iteration 30, time: 16.08602023124695
Starting label LEVI, seed 22, iteration 40, time: 21.653141498565674
Starting label LEVI, seed 22, iteration 50, time: 27.423158884048462
Starting label LEVI, seed 22, iteration 60, time: 33.26449513435364
Starting label LEVI, seed 22, iteration 70, time: 38.969852685928345
Starting label LEVI, seed 22, iteration 80, time: 44.43043828010559
Starting label LEVI, seed 22, iteration 90, time: 50.043458700180054
Starting label LEVI, seed 22, iteration 100, time: 55.62384557723999
Starting label LEVI, seed 22, iteration 110, time: 60.94074845314026
Starting label LEVI, seed 22, iteration 120, time: 66.63957214355469
Starting label LEVI, seed 22, iteration 130, time: 72.4289984703064
Starting label LEVI, seed 22, iteration 140, time: 78.36077666282654
Starting label LEVI, seed 22, iteration 150, time: 84.43318057060242
Starting label LEVI, seed 22, iteration 160, time: 90.35428357124329
Starting label LEVI, seed 22, iteration 170, time: 96.13630747795105
Starting label LEVI, seed 22, iteration 180, time: 102.67982292175293
Starting label LEVI, seed 22, iteration 190, time: 109.13545036315918
Starting label LEVI, seed 22, iteration 200, time: 115.50671529769897
Starting label LEVI, seed 22, iteration 210, time: 121.42616629600525
Starting label LEVI, seed 22, iteration 220, time: 127.24729633331299
Starting label LEVI, seed 22, iteration 230, time: 132.86176085472107
Starting label LEVI, seed 22, iteration 240, time: 138.7149875164032
Starting label LEVI, seed 22, iteration 250, time: 144.60570168495178
Starting label LEVI, seed 22, iteration 260, time: 150.52805042266846
Starting label LEVI, seed 22, iteration 270, time: 156.73148608207703
Starting label LEVI, seed 22, iteration 280, time: 163.01536798477173
Starting label LEVI, seed 22, iteration 290, time: 169.08683919906616
Starting label LEVI, seed 22, iteration 300, time: 175.4683074951172
Starting label LEVI, seed 22, iteration 310, time: 181.76637625694275
Starting label LEVI, seed 22, iteration 320, time: 188.08727741241455
Starting label LEVI, seed 22, iteration 330, time: 194.52495646476746
Starting label LEVI, seed 22, iteration 340, time: 200.7459533214569
Starting label LEVI, seed 22, iteration 350, time: 207.37897753715515
Starting label LEVI, seed 22, iteration 360, time: 214.0416395664215
Starting label LEVI, seed 22, iteration 370, time: 220.69250798225403
Starting label LEVI, seed 22, iteration 380, time: 227.40230011940002
Starting label LEVI, seed 22, iteration 390, time: 233.98710775375366
Starting label LEVI, seed 22, iteration 400, time: 240.8195779323578
Starting label LEVI, seed 22, iteration 410, time: 247.73114848136902
Starting label LEVI, seed 22, iteration 420, time: 254.58517622947693
Starting label LEVI, seed 22, iteration 430, time: 261.75897765159607
Starting label LEVI, seed 22, iteration 440, time: 268.4889392852783
Starting label LEVI, seed 22, iteration 450, time: 276.0718901157379
Starting label LEVI, seed 22, iteration 460, time: 283.21447372436523
Starting label LEVI, seed 22, iteration 470, time: 290.3636658191681
Starting label LEVI, seed 22, iteration 480, time: 298.70697927474976
Starting label LEVI, seed 22, iteration 490, time: 306.12531638145447
submitit WARNING (2022-10-02 01:55:12,459) - Bypassing signal SIGCONT
submitit WARNING (2022-10-02 01:55:12,460) - Bypassing signal SIGTERM
Starting label LEVI, seed 22, iteration 500, time: 313.5223684310913
Starting label LEVI, seed 22, iteration 510, time: 320.94051218032837
Starting label LEVI, seed 22, iteration 520, time: 327.9657711982727
Starting label LEVI, seed 22, iteration 530, time: 335.0153715610504
