submitit INFO (2022-10-02 13:26:52,404) - Starting with JobEnvironment(job_id=884541_9, hostname=desa-compute-01.cs.cornell.edu, local_rank=0(1), node=0(1), global_rank=0(1))
submitit INFO (2022-10-02 13:26:52,405) - Loading pickle: /home/gid-cakmaks/contextual_rs/experiments/wsc_experiments/logs/884541_9/884541_9_submitted.pkl
Appending iterations to existing output!Warning: If parameters other than `iterations` have been changed, this will corrupt the output!
Starting label LEVI, seed 29, iteration 550, time: 336.83713603019714
Starting label LEVI, seed 29, iteration 560, time: 341.044486284256
Starting label LEVI, seed 29, iteration 570, time: 345.0044045448303
Starting label LEVI, seed 29, iteration 580, time: 349.11567211151123
Starting label LEVI, seed 29, iteration 590, time: 353.18607115745544
Starting label LEVI, seed 29, iteration 600, time: 357.5016825199127
Starting label LEVI, seed 29, iteration 610, time: 361.70420575141907
Starting label LEVI, seed 29, iteration 620, time: 365.98389053344727
Starting label LEVI, seed 29, iteration 630, time: 370.287234544754
Starting label LEVI, seed 29, iteration 640, time: 374.5875675678253
Starting label LEVI, seed 29, iteration 650, time: 378.9840202331543
Starting label LEVI, seed 29, iteration 660, time: 383.2239499092102
Starting label LEVI, seed 29, iteration 670, time: 387.29094219207764
Starting label LEVI, seed 29, iteration 680, time: 391.6833608150482
Starting label LEVI, seed 29, iteration 690, time: 395.955947637558
Starting label LEVI, seed 29, iteration 700, time: 400.4210650920868
Starting label LEVI, seed 29, iteration 710, time: 405.0842921733856
Starting label LEVI, seed 29, iteration 720, time: 409.5459563732147
Starting label LEVI, seed 29, iteration 730, time: 414.1381731033325
Starting label LEVI, seed 29, iteration 740, time: 418.5849723815918
Starting label LEVI, seed 29, iteration 750, time: 423.2228317260742
Starting label LEVI, seed 29, iteration 760, time: 428.153116941452
Starting label LEVI, seed 29, iteration 770, time: 433.17270946502686
Starting label LEVI, seed 29, iteration 780, time: 437.896281003952
Starting label LEVI, seed 29, iteration 790, time: 443.0479338169098
Starting label LEVI, seed 29, iteration 800, time: 448.14473843574524
Starting label LEVI, seed 29, iteration 810, time: 452.98734641075134
Starting label LEVI, seed 29, iteration 820, time: 457.77234411239624
Starting label LEVI, seed 29, iteration 830, time: 463.0683047771454
Starting label LEVI, seed 29, iteration 840, time: 468.35629200935364
Starting label LEVI, seed 29, iteration 850, time: 473.5554292201996
Starting label LEVI, seed 29, iteration 860, time: 478.5790913105011
Starting label LEVI, seed 29, iteration 870, time: 483.55428314208984
Starting label LEVI, seed 29, iteration 880, time: 488.5426802635193
Starting label LEVI, seed 29, iteration 890, time: 493.9779751300812
Starting label LEVI, seed 29, iteration 900, time: 499.59321308135986
Starting label LEVI, seed 29, iteration 910, time: 505.0135009288788
Starting label LEVI, seed 29, iteration 920, time: 510.1954367160797
Starting label LEVI, seed 29, iteration 930, time: 515.5205600261688
Starting label LEVI, seed 29, iteration 940, time: 520.6077575683594
Starting label LEVI, seed 29, iteration 950, time: 525.983268737793
Starting label LEVI, seed 29, iteration 960, time: 530.9070851802826
Starting label LEVI, seed 29, iteration 970, time: 536.1425864696503
Starting label LEVI, seed 29, iteration 980, time: 541.3196244239807
Starting label LEVI, seed 29, iteration 990, time: 546.5305960178375
Starting label LEVI, seed 29, iteration 1000, time: 551.9225788116455
Starting label LEVI, seed 29, iteration 1010, time: 557.6118702888489
Starting label LEVI, seed 29, iteration 1020, time: 563.1758584976196
Starting label LEVI, seed 29, iteration 1030, time: 568.6693892478943
Starting label LEVI, seed 29, iteration 1040, time: 574.264317035675
Starting label LEVI, seed 29, iteration 1050, time: 579.4105501174927
Starting label LEVI, seed 29, iteration 1060, time: 584.6162893772125
Starting label LEVI, seed 29, iteration 1070, time: 590.1905426979065
Starting label LEVI, seed 29, iteration 1080, time: 595.8397555351257
Starting label LEVI, seed 29, iteration 1090, time: 601.4504995346069
Starting label LEVI, seed 29, iteration 1100, time: 607.0495998859406
Starting label LEVI, seed 29, iteration 1110, time: 612.7505691051483
Starting label LEVI, seed 29, iteration 1120, time: 618.1295070648193
Starting label LEVI, seed 29, iteration 1130, time: 623.3127374649048
Starting label LEVI, seed 29, iteration 1140, time: 628.7670228481293
Starting label LEVI, seed 29, iteration 1150, time: 634.0753645896912
Starting label LEVI, seed 29, iteration 1160, time: 639.5407509803772
Starting label LEVI, seed 29, iteration 1170, time: 645.0621638298035
Starting label LEVI, seed 29, iteration 1180, time: 650.6557822227478
Starting label LEVI, seed 29, iteration 1190, time: 656.3715445995331
Starting label LEVI, seed 29, iteration 1200, time: 662.1363472938538
Starting label LEVI, seed 29, iteration 1210, time: 667.664502620697
Starting label LEVI, seed 29, iteration 1220, time: 673.140585899353
Starting label LEVI, seed 29, iteration 1230, time: 678.7769520282745
Starting label LEVI, seed 29, iteration 1240, time: 684.6318769454956
Starting label LEVI, seed 29, iteration 1250, time: 690.1836981773376
Starting label LEVI, seed 29, iteration 1260, time: 695.6082830429077
Starting label LEVI, seed 29, iteration 1270, time: 701.2683548927307
Starting label LEVI, seed 29, iteration 1280, time: 706.7480750083923
Starting label LEVI, seed 29, iteration 1290, time: 712.1775479316711
Starting label LEVI, seed 29, iteration 1300, time: 717.6620292663574
Starting label LEVI, seed 29, iteration 1310, time: 723.2540965080261
Starting label LEVI, seed 29, iteration 1320, time: 728.7647271156311
Starting label LEVI, seed 29, iteration 1330, time: 734.0554344654083
Starting label LEVI, seed 29, iteration 1340, time: 739.4646043777466
Starting label LEVI, seed 29, iteration 1350, time: 744.9160661697388
Starting label LEVI, seed 29, iteration 1360, time: 750.096382856369
Starting label LEVI, seed 29, iteration 1370, time: 755.6674425601959
Starting label LEVI, seed 29, iteration 1380, time: 761.0102314949036
Starting label LEVI, seed 29, iteration 1390, time: 766.5732202529907
Starting label LEVI, seed 29, iteration 1400, time: 771.9633135795593
Starting label LEVI, seed 29, iteration 1410, time: 777.4519689083099
Starting label LEVI, seed 29, iteration 1420, time: 783.2286810874939
Starting label LEVI, seed 29, iteration 1430, time: 788.688526391983
Starting label LEVI, seed 29, iteration 1440, time: 794.6906995773315
Starting label LEVI, seed 29, iteration 1450, time: 800.6471829414368
Starting label LEVI, seed 29, iteration 1460, time: 806.5694162845612
Starting label LEVI, seed 29, iteration 1470, time: 812.2848496437073
Starting label LEVI, seed 29, iteration 1480, time: 818.0156676769257
Starting label LEVI, seed 29, iteration 1490, time: 824.1049036979675
Starting label LEVI, seed 29, iteration 1500, time: 829.9126498699188
Starting label LEVI, seed 29, iteration 1510, time: 835.9439849853516
Starting label LEVI, seed 29, iteration 1520, time: 842.0839939117432
Starting label LEVI, seed 29, iteration 1530, time: 848.5721476078033
Starting label LEVI, seed 29, iteration 1540, time: 854.7948682308197
Starting label LEVI, seed 29, iteration 1550, time: 861.449548959732
Starting label LEVI, seed 29, iteration 1560, time: 867.9595830440521
Starting label LEVI, seed 29, iteration 1570, time: 874.1116223335266
Starting label LEVI, seed 29, iteration 1580, time: 880.3115971088409
Starting label LEVI, seed 29, iteration 1590, time: 886.4670469760895
Starting label LEVI, seed 29, iteration 1600, time: 893.0187118053436
Starting label LEVI, seed 29, iteration 1610, time: 899.1409757137299
Starting label LEVI, seed 29, iteration 1620, time: 905.3794636726379
Starting label LEVI, seed 29, iteration 1630, time: 911.5964982509613
Starting label LEVI, seed 29, iteration 1640, time: 916.9999277591705
Starting label LEVI, seed 29, iteration 1650, time: 922.9065501689911
Starting label LEVI, seed 29, iteration 1660, time: 929.6493682861328
Starting label LEVI, seed 29, iteration 1670, time: 936.3903093338013
Starting label LEVI, seed 29, iteration 1680, time: 942.988753080368
Starting label LEVI, seed 29, iteration 1690, time: 949.815505027771
Starting label LEVI, seed 29, iteration 1700, time: 956.4031119346619
Starting label LEVI, seed 29, iteration 1710, time: 962.040851354599
Starting label LEVI, seed 29, iteration 1720, time: 968.2662835121155
Starting label LEVI, seed 29, iteration 1730, time: 974.5404703617096
Starting label LEVI, seed 29, iteration 1740, time: 980.5205569267273
Starting label LEVI, seed 29, iteration 1750, time: 986.6521034240723
Starting label LEVI, seed 29, iteration 1760, time: 993.1513605117798
Starting label LEVI, seed 29, iteration 1770, time: 1000.2904295921326
Starting label LEVI, seed 29, iteration 1780, time: 1007.0468316078186
Starting label LEVI, seed 29, iteration 1790, time: 1014.3415842056274
Starting label LEVI, seed 29, iteration 1800, time: 1021.3975439071655
Starting label LEVI, seed 29, iteration 1810, time: 1028.1331157684326
Starting label LEVI, seed 29, iteration 1820, time: 1035.4469933509827
Starting label LEVI, seed 29, iteration 1830, time: 1042.150983095169
Starting label LEVI, seed 29, iteration 1840, time: 1048.8792986869812
Starting label LEVI, seed 29, iteration 1850, time: 1055.6181898117065
Starting label LEVI, seed 29, iteration 1860, time: 1062.7050840854645
Starting label LEVI, seed 29, iteration 1870, time: 1069.6632099151611
Starting label LEVI, seed 29, iteration 1880, time: 1076.7248702049255
Starting label LEVI, seed 29, iteration 1890, time: 1083.7028110027313
Starting label LEVI, seed 29, iteration 1900, time: 1090.5471551418304
Starting label LEVI, seed 29, iteration 1910, time: 1097.708875656128
Starting label LEVI, seed 29, iteration 1920, time: 1104.4629006385803
Starting label LEVI, seed 29, iteration 1930, time: 1111.4415438175201
Starting label LEVI, seed 29, iteration 1940, time: 1118.214857339859
Starting label LEVI, seed 29, iteration 1950, time: 1125.5311546325684
Starting label LEVI, seed 29, iteration 1960, time: 1132.5443675518036
Starting label LEVI, seed 29, iteration 1970, time: 1139.7601222991943
Starting label LEVI, seed 29, iteration 1980, time: 1146.6846251487732
Starting label LEVI, seed 29, iteration 1990, time: 1154.3840923309326
submitit INFO (2022-10-02 13:40:39,552) - Job completed successfully
