submitit INFO (2022-10-02 00:30:12,836) - Starting with JobEnvironment(job_id=883282_2, hostname=sablab-gpu-11.ece.cornell.edu, local_rank=0(1), node=0(1), global_rank=0(1))
submitit INFO (2022-10-02 00:30:12,837) - Loading pickle: /home/gid-cakmaks/contextual_rs/experiments/wsc_experiments/logs/883282_2/883282_2_submitted.pkl
Starting label LEVI, seed 52, iteration 0, time: 0.0004756450653076172
Starting label LEVI, seed 52, iteration 10, time: 2.8052899837493896
Starting label LEVI, seed 52, iteration 20, time: 5.497888803482056
Starting label LEVI, seed 52, iteration 30, time: 8.223824977874756
Starting label LEVI, seed 52, iteration 40, time: 10.964093208312988
Starting label LEVI, seed 52, iteration 50, time: 13.641136407852173
Starting label LEVI, seed 52, iteration 60, time: 16.463676691055298
Starting label LEVI, seed 52, iteration 70, time: 19.221582889556885
Starting label LEVI, seed 52, iteration 80, time: 21.96956157684326
Starting label LEVI, seed 52, iteration 90, time: 24.78536605834961
Starting label LEVI, seed 52, iteration 100, time: 27.528791666030884
Starting label LEVI, seed 52, iteration 110, time: 30.351410150527954
Starting label LEVI, seed 52, iteration 120, time: 33.13453960418701
Starting label LEVI, seed 52, iteration 130, time: 35.92337226867676
Starting label LEVI, seed 52, iteration 140, time: 38.79188132286072
Starting label LEVI, seed 52, iteration 150, time: 41.59284949302673
Starting label LEVI, seed 52, iteration 160, time: 44.40945792198181
Starting label LEVI, seed 52, iteration 170, time: 47.233978033065796
Starting label LEVI, seed 52, iteration 180, time: 49.98434257507324
Starting label LEVI, seed 52, iteration 190, time: 52.81726789474487
Starting label LEVI, seed 52, iteration 200, time: 55.619462966918945
Starting label LEVI, seed 52, iteration 210, time: 58.72848081588745
Starting label LEVI, seed 52, iteration 220, time: 61.74588346481323
Starting label LEVI, seed 52, iteration 230, time: 64.88109922409058
Starting label LEVI, seed 52, iteration 240, time: 68.03719162940979
Starting label LEVI, seed 52, iteration 250, time: 71.25715112686157
Starting label LEVI, seed 52, iteration 260, time: 74.30874967575073
Starting label LEVI, seed 52, iteration 270, time: 77.49957847595215
Starting label LEVI, seed 52, iteration 280, time: 80.50403904914856
Starting label LEVI, seed 52, iteration 290, time: 83.60318493843079
Starting label LEVI, seed 52, iteration 300, time: 86.59511470794678
Starting label LEVI, seed 52, iteration 310, time: 89.69695806503296
Starting label LEVI, seed 52, iteration 320, time: 92.75438284873962
Starting label LEVI, seed 52, iteration 330, time: 95.75666213035583
Starting label LEVI, seed 52, iteration 340, time: 98.72723579406738
Starting label LEVI, seed 52, iteration 350, time: 101.59836220741272
Starting label LEVI, seed 52, iteration 360, time: 104.55230617523193
Starting label LEVI, seed 52, iteration 370, time: 107.55189514160156
Starting label LEVI, seed 52, iteration 380, time: 110.54959011077881
Starting label LEVI, seed 52, iteration 390, time: 113.65690803527832
Starting label LEVI, seed 52, iteration 400, time: 116.70690894126892
Starting label LEVI, seed 52, iteration 410, time: 120.05906510353088
Starting label LEVI, seed 52, iteration 420, time: 123.39581751823425
Starting label LEVI, seed 52, iteration 430, time: 126.75521755218506
Starting label LEVI, seed 52, iteration 440, time: 130.21082973480225
Starting label LEVI, seed 52, iteration 450, time: 133.71847796440125
Starting label LEVI, seed 52, iteration 460, time: 137.1723256111145
Starting label LEVI, seed 52, iteration 470, time: 140.89656233787537
Starting label LEVI, seed 52, iteration 480, time: 144.46204280853271
Starting label LEVI, seed 52, iteration 490, time: 147.86736464500427
Starting label LEVI, seed 52, iteration 500, time: 151.41768407821655
Starting label LEVI, seed 52, iteration 510, time: 154.92827248573303
Starting label LEVI, seed 52, iteration 520, time: 158.44475054740906
Starting label LEVI, seed 52, iteration 530, time: 162.12842082977295
Starting label LEVI, seed 52, iteration 540, time: 165.622314453125
Starting label LEVI, seed 52, iteration 550, time: 169.66193008422852
Starting label LEVI, seed 52, iteration 560, time: 173.47512030601501
Starting label LEVI, seed 52, iteration 570, time: 177.04525756835938
Starting label LEVI, seed 52, iteration 580, time: 180.56484484672546
Starting label LEVI, seed 52, iteration 590, time: 184.36794209480286
Starting label LEVI, seed 52, iteration 600, time: 187.82657265663147
Starting label LEVI, seed 52, iteration 610, time: 191.3253197669983
Starting label LEVI, seed 52, iteration 620, time: 195.01224398612976
Starting label LEVI, seed 52, iteration 630, time: 198.64789390563965
Starting label LEVI, seed 52, iteration 640, time: 202.5026695728302
Starting label LEVI, seed 52, iteration 650, time: 206.19990706443787
Starting label LEVI, seed 52, iteration 660, time: 209.99420714378357
Starting label LEVI, seed 52, iteration 670, time: 213.9531090259552
Starting label LEVI, seed 52, iteration 680, time: 218.03704118728638
Starting label LEVI, seed 52, iteration 690, time: 222.19449186325073
Starting label LEVI, seed 52, iteration 700, time: 226.63588762283325
Starting label LEVI, seed 52, iteration 710, time: 230.92243766784668
Starting label LEVI, seed 52, iteration 720, time: 235.50560522079468
Starting label LEVI, seed 52, iteration 730, time: 239.6668517589569
Starting label LEVI, seed 52, iteration 740, time: 243.88763427734375
Starting label LEVI, seed 52, iteration 750, time: 248.42087721824646
Starting label LEVI, seed 52, iteration 760, time: 252.91635489463806
Starting label LEVI, seed 52, iteration 770, time: 257.7212438583374
Starting label LEVI, seed 52, iteration 780, time: 262.43185901641846
Starting label LEVI, seed 52, iteration 790, time: 267.42689538002014
Starting label LEVI, seed 52, iteration 800, time: 272.0576286315918
Starting label LEVI, seed 52, iteration 810, time: 277.4659671783447
Starting label LEVI, seed 52, iteration 820, time: 282.5949513912201
Starting label LEVI, seed 52, iteration 830, time: 287.3435118198395
Starting label LEVI, seed 52, iteration 840, time: 292.4438216686249
Starting label LEVI, seed 52, iteration 850, time: 297.8005373477936
Starting label LEVI, seed 52, iteration 860, time: 303.2342872619629
Starting label LEVI, seed 52, iteration 870, time: 308.7492184638977
Starting label LEVI, seed 52, iteration 880, time: 314.32462644577026
Starting label LEVI, seed 52, iteration 890, time: 319.8310077190399
Starting label LEVI, seed 52, iteration 900, time: 325.36080741882324
Starting label LEVI, seed 52, iteration 910, time: 330.8126962184906
Starting label LEVI, seed 52, iteration 920, time: 336.7119815349579
Starting label LEVI, seed 52, iteration 930, time: 342.23596358299255
Starting label LEVI, seed 52, iteration 940, time: 348.22665452957153
Starting label LEVI, seed 52, iteration 950, time: 353.90909719467163
Starting label LEVI, seed 52, iteration 960, time: 359.7880597114563
Starting label LEVI, seed 52, iteration 970, time: 365.81287384033203
Starting label LEVI, seed 52, iteration 980, time: 371.71537470817566
Starting label LEVI, seed 52, iteration 990, time: 377.5606999397278
Starting label LEVI, seed 52, iteration 1000, time: 382.61562609672546
Starting label LEVI, seed 52, iteration 1010, time: 387.4657349586487
Starting label LEVI, seed 52, iteration 1020, time: 393.2985420227051
Starting label LEVI, seed 52, iteration 1030, time: 398.4608657360077
Starting label LEVI, seed 52, iteration 1040, time: 404.3345046043396
Starting label LEVI, seed 52, iteration 1050, time: 410.5519788265228
Starting label LEVI, seed 52, iteration 1060, time: 415.8081829547882
Starting label LEVI, seed 52, iteration 1070, time: 421.381667137146
Starting label LEVI, seed 52, iteration 1080, time: 428.0672571659088
Starting label LEVI, seed 52, iteration 1090, time: 433.8315894603729
Starting label LEVI, seed 52, iteration 1100, time: 439.30288791656494
Starting label LEVI, seed 52, iteration 1110, time: 445.38253474235535
Starting label LEVI, seed 52, iteration 1120, time: 452.2973544597626
Starting label LEVI, seed 52, iteration 1130, time: 458.0129795074463
Starting label LEVI, seed 52, iteration 1140, time: 464.61339831352234
Starting label LEVI, seed 52, iteration 1150, time: 471.69172501564026
Starting label LEVI, seed 52, iteration 1160, time: 478.6713755130768
Starting label LEVI, seed 52, iteration 1170, time: 485.152446269989
Starting label LEVI, seed 52, iteration 1180, time: 492.2422935962677
Starting label LEVI, seed 52, iteration 1190, time: 498.42252016067505
Starting label LEVI, seed 52, iteration 1200, time: 505.1052277088165
Starting label LEVI, seed 52, iteration 1210, time: 511.89947485923767
Starting label LEVI, seed 52, iteration 1220, time: 518.559458732605
Starting label LEVI, seed 52, iteration 1230, time: 525.2539060115814
Starting label LEVI, seed 52, iteration 1240, time: 532.2128322124481
Starting label LEVI, seed 52, iteration 1250, time: 538.961169719696
Starting label LEVI, seed 52, iteration 1260, time: 547.0793874263763
Starting label LEVI, seed 52, iteration 1270, time: 555.4713826179504
Starting label LEVI, seed 52, iteration 1280, time: 564.4021863937378
Starting label LEVI, seed 52, iteration 1290, time: 572.8889718055725
Starting label LEVI, seed 52, iteration 1300, time: 581.1940851211548
Starting label LEVI, seed 52, iteration 1310, time: 590.4138014316559
Starting label LEVI, seed 52, iteration 1320, time: 597.8759717941284
Starting label LEVI, seed 52, iteration 1330, time: 605.4868113994598
Starting label LEVI, seed 52, iteration 1340, time: 615.0242018699646
Starting label LEVI, seed 52, iteration 1350, time: 624.2691037654877
Starting label LEVI, seed 52, iteration 1360, time: 632.2276437282562
Starting label LEVI, seed 52, iteration 1370, time: 640.7317113876343
Starting label LEVI, seed 52, iteration 1380, time: 650.6014814376831
Starting label LEVI, seed 52, iteration 1390, time: 659.4875569343567
Starting label LEVI, seed 52, iteration 1400, time: 668.4867944717407
Starting label LEVI, seed 52, iteration 1410, time: 677.7429609298706
Starting label LEVI, seed 52, iteration 1420, time: 687.3248915672302
Starting label LEVI, seed 52, iteration 1430, time: 696.7204666137695
Starting label LEVI, seed 52, iteration 1440, time: 706.0179986953735
Starting label LEVI, seed 52, iteration 1450, time: 715.8408365249634
Starting label LEVI, seed 52, iteration 1460, time: 725.0358085632324
Starting label LEVI, seed 52, iteration 1470, time: 735.2761797904968
Starting label LEVI, seed 52, iteration 1480, time: 745.1158905029297
Starting label LEVI, seed 52, iteration 1490, time: 756.9500467777252
Starting label LEVI, seed 52, iteration 1500, time: 767.1895370483398
Starting label LEVI, seed 52, iteration 1510, time: 777.9398729801178
Starting label LEVI, seed 52, iteration 1520, time: 790.3257627487183
Starting label LEVI, seed 52, iteration 1530, time: 803.3603343963623
Starting label LEVI, seed 52, iteration 1540, time: 814.7264552116394
Starting label LEVI, seed 52, iteration 1550, time: 825.6924059391022
Starting label LEVI, seed 52, iteration 1560, time: 838.4897696971893
Starting label LEVI, seed 52, iteration 1570, time: 849.1775460243225
Starting label LEVI, seed 52, iteration 1580, time: 860.2367296218872
Starting label LEVI, seed 52, iteration 1590, time: 873.9420535564423
Starting label LEVI, seed 52, iteration 1600, time: 886.90922498703
Starting label LEVI, seed 52, iteration 1610, time: 898.8854126930237
Starting label LEVI, seed 52, iteration 1620, time: 911.0337817668915
Starting label LEVI, seed 52, iteration 1630, time: 922.9772915840149
Starting label LEVI, seed 52, iteration 1640, time: 935.829909324646
Starting label LEVI, seed 52, iteration 1650, time: 948.352299451828
Starting label LEVI, seed 52, iteration 1660, time: 962.797730922699
Starting label LEVI, seed 52, iteration 1670, time: 977.3012545108795
Starting label LEVI, seed 52, iteration 1680, time: 990.6997580528259
Starting label LEVI, seed 52, iteration 1690, time: 1004.0996470451355
Starting label LEVI, seed 52, iteration 1700, time: 1017.9948735237122
Starting label LEVI, seed 52, iteration 1710, time: 1033.9620382785797
Starting label LEVI, seed 52, iteration 1720, time: 1050.614338874817
Starting label LEVI, seed 52, iteration 1730, time: 1067.3974232673645
Starting label LEVI, seed 52, iteration 1740, time: 1083.1864018440247
Starting label LEVI, seed 52, iteration 1750, time: 1096.8874402046204
Starting label LEVI, seed 52, iteration 1760, time: 1111.4840099811554
Starting label LEVI, seed 52, iteration 1770, time: 1128.3916325569153
Starting label LEVI, seed 52, iteration 1780, time: 1146.8335089683533
Starting label LEVI, seed 52, iteration 1790, time: 1165.145502090454
Starting label LEVI, seed 52, iteration 1800, time: 1183.5843012332916
Starting label LEVI, seed 52, iteration 1810, time: 1202.8053255081177
Starting label LEVI, seed 52, iteration 1820, time: 1222.011156797409
Starting label LEVI, seed 52, iteration 1830, time: 1239.6686594486237
Starting label LEVI, seed 52, iteration 1840, time: 1258.9340891838074
Starting label LEVI, seed 52, iteration 1850, time: 1276.7018814086914
Starting label LEVI, seed 52, iteration 1860, time: 1298.6582663059235
Starting label LEVI, seed 52, iteration 1870, time: 1319.6238069534302
Starting label LEVI, seed 52, iteration 1880, time: 1337.385104894638
Starting label LEVI, seed 52, iteration 1890, time: 1354.7559099197388
Starting label LEVI, seed 52, iteration 1900, time: 1372.9605586528778
Starting label LEVI, seed 52, iteration 1910, time: 1391.2589287757874
Starting label LEVI, seed 52, iteration 1920, time: 1409.8373491764069
Starting label LEVI, seed 52, iteration 1930, time: 1428.6656770706177
Starting label LEVI, seed 52, iteration 1940, time: 1452.607729434967
Starting label LEVI, seed 52, iteration 1950, time: 1471.345718383789
Starting label LEVI, seed 52, iteration 1960, time: 1490.1246547698975
Starting label LEVI, seed 52, iteration 1970, time: 1512.6328511238098
Starting label LEVI, seed 52, iteration 1980, time: 1536.8528728485107
submitit WARNING (2022-10-02 00:55:52,263) - Bypassing signal SIGTERM
submitit WARNING (2022-10-02 00:55:52,263) - Bypassing signal SIGCONT
Starting label LEVI, seed 52, iteration 1990, time: 1562.7362322807312
