submitit INFO (2022-10-02 00:30:02,659) - Starting with JobEnvironment(job_id=883272_0, hostname=rush-compute-01.tech.cornell.edu, local_rank=0(1), node=0(1), global_rank=0(1))
submitit INFO (2022-10-02 00:30:02,659) - Loading pickle: /home/gid-cakmaks/contextual_rs/experiments/wsc_experiments/logs/883272_0/883272_0_submitted.pkl
Starting label LEVI, seed 40, iteration 0, time: 0.00046706199645996094
Starting label LEVI, seed 40, iteration 10, time: 2.7849278450012207
Starting label LEVI, seed 40, iteration 20, time: 5.594581127166748
Starting label LEVI, seed 40, iteration 30, time: 8.441673755645752
Starting label LEVI, seed 40, iteration 40, time: 11.244201898574829
Starting label LEVI, seed 40, iteration 50, time: 14.099998235702515
Starting label LEVI, seed 40, iteration 60, time: 17.00137686729431
Starting label LEVI, seed 40, iteration 70, time: 19.860919713974
Starting label LEVI, seed 40, iteration 80, time: 22.72383713722229
Starting label LEVI, seed 40, iteration 90, time: 25.570372581481934
Starting label LEVI, seed 40, iteration 100, time: 28.446903467178345
Starting label LEVI, seed 40, iteration 110, time: 31.30722451210022
Starting label LEVI, seed 40, iteration 120, time: 34.2406849861145
Starting label LEVI, seed 40, iteration 130, time: 37.16035079956055
Starting label LEVI, seed 40, iteration 140, time: 40.15690350532532
Starting label LEVI, seed 40, iteration 150, time: 43.0998637676239
Starting label LEVI, seed 40, iteration 160, time: 46.017972230911255
Starting label LEVI, seed 40, iteration 170, time: 48.921807289123535
Starting label LEVI, seed 40, iteration 180, time: 51.76310348510742
Starting label LEVI, seed 40, iteration 190, time: 54.730427742004395
Starting label LEVI, seed 40, iteration 200, time: 57.86639428138733
Starting label LEVI, seed 40, iteration 210, time: 60.963151693344116
Starting label LEVI, seed 40, iteration 220, time: 64.20571446418762
Starting label LEVI, seed 40, iteration 230, time: 67.41939163208008
Starting label LEVI, seed 40, iteration 240, time: 70.69912338256836
Starting label LEVI, seed 40, iteration 250, time: 74.01088047027588
Starting label LEVI, seed 40, iteration 260, time: 77.32296752929688
Starting label LEVI, seed 40, iteration 270, time: 80.6353189945221
Starting label LEVI, seed 40, iteration 280, time: 83.8001561164856
Starting label LEVI, seed 40, iteration 290, time: 87.17636775970459
Starting label LEVI, seed 40, iteration 300, time: 90.59827637672424
Starting label LEVI, seed 40, iteration 310, time: 93.8922209739685
Starting label LEVI, seed 40, iteration 320, time: 96.94803643226624
Starting label LEVI, seed 40, iteration 330, time: 100.0850076675415
Starting label LEVI, seed 40, iteration 340, time: 103.34700036048889
Starting label LEVI, seed 40, iteration 350, time: 106.52203726768494
Starting label LEVI, seed 40, iteration 360, time: 109.67864871025085
Starting label LEVI, seed 40, iteration 370, time: 112.9179151058197
Starting label LEVI, seed 40, iteration 380, time: 116.15526580810547
Starting label LEVI, seed 40, iteration 390, time: 119.53908252716064
Starting label LEVI, seed 40, iteration 400, time: 122.83628916740417
Starting label LEVI, seed 40, iteration 410, time: 126.15727972984314
Starting label LEVI, seed 40, iteration 420, time: 129.53766512870789
Starting label LEVI, seed 40, iteration 430, time: 132.96191930770874
Starting label LEVI, seed 40, iteration 440, time: 136.19877195358276
Starting label LEVI, seed 40, iteration 450, time: 139.55065536499023
Starting label LEVI, seed 40, iteration 460, time: 143.20029473304749
Starting label LEVI, seed 40, iteration 470, time: 146.72163844108582
Starting label LEVI, seed 40, iteration 480, time: 150.24791765213013
Starting label LEVI, seed 40, iteration 490, time: 153.75320482254028
Starting label LEVI, seed 40, iteration 500, time: 157.0978183746338
Starting label LEVI, seed 40, iteration 510, time: 160.72175288200378
Starting label LEVI, seed 40, iteration 520, time: 164.31360459327698
Starting label LEVI, seed 40, iteration 530, time: 167.8260190486908
Starting label LEVI, seed 40, iteration 540, time: 171.57301878929138
Starting label LEVI, seed 40, iteration 550, time: 175.4842188358307
Starting label LEVI, seed 40, iteration 560, time: 179.4480848312378
Starting label LEVI, seed 40, iteration 570, time: 183.15144443511963
Starting label LEVI, seed 40, iteration 580, time: 186.94208407402039
Starting label LEVI, seed 40, iteration 590, time: 190.67481756210327
Starting label LEVI, seed 40, iteration 600, time: 194.7324149608612
Starting label LEVI, seed 40, iteration 610, time: 198.69666075706482
Starting label LEVI, seed 40, iteration 620, time: 202.90085625648499
Starting label LEVI, seed 40, iteration 630, time: 207.20314598083496
Starting label LEVI, seed 40, iteration 640, time: 211.53962182998657
Starting label LEVI, seed 40, iteration 650, time: 215.921804189682
Starting label LEVI, seed 40, iteration 660, time: 220.36543679237366
Starting label LEVI, seed 40, iteration 670, time: 224.75256538391113
Starting label LEVI, seed 40, iteration 680, time: 228.79524660110474
Starting label LEVI, seed 40, iteration 690, time: 232.85506987571716
Starting label LEVI, seed 40, iteration 700, time: 237.40597486495972
Starting label LEVI, seed 40, iteration 710, time: 241.7195942401886
Starting label LEVI, seed 40, iteration 720, time: 246.3938889503479
Starting label LEVI, seed 40, iteration 730, time: 251.221538066864
Starting label LEVI, seed 40, iteration 740, time: 255.865980386734
Starting label LEVI, seed 40, iteration 750, time: 260.39404225349426
Starting label LEVI, seed 40, iteration 760, time: 265.64483404159546
Starting label LEVI, seed 40, iteration 770, time: 270.8394994735718
Starting label LEVI, seed 40, iteration 780, time: 276.4175817966461
Starting label LEVI, seed 40, iteration 790, time: 281.9345021247864
Starting label LEVI, seed 40, iteration 800, time: 287.37140226364136
Starting label LEVI, seed 40, iteration 810, time: 292.9202947616577
Starting label LEVI, seed 40, iteration 820, time: 298.55151891708374
Starting label LEVI, seed 40, iteration 830, time: 304.40683794021606
Starting label LEVI, seed 40, iteration 840, time: 309.62188172340393
Starting label LEVI, seed 40, iteration 850, time: 315.2240221500397
Starting label LEVI, seed 40, iteration 860, time: 320.9906141757965
Starting label LEVI, seed 40, iteration 870, time: 327.15495800971985
Starting label LEVI, seed 40, iteration 880, time: 333.4613139629364
Starting label LEVI, seed 40, iteration 890, time: 338.9953224658966
Starting label LEVI, seed 40, iteration 900, time: 344.96250796318054
Starting label LEVI, seed 40, iteration 910, time: 350.4030318260193
Starting label LEVI, seed 40, iteration 920, time: 357.02349376678467
Starting label LEVI, seed 40, iteration 930, time: 362.5193238258362
Starting label LEVI, seed 40, iteration 940, time: 369.2752251625061
Starting label LEVI, seed 40, iteration 950, time: 375.92915201187134
Starting label LEVI, seed 40, iteration 960, time: 381.6738119125366
Starting label LEVI, seed 40, iteration 970, time: 387.5660333633423
Starting label LEVI, seed 40, iteration 980, time: 393.6658046245575
Starting label LEVI, seed 40, iteration 990, time: 399.5682599544525
Starting label LEVI, seed 40, iteration 1000, time: 406.6985778808594
Starting label LEVI, seed 40, iteration 1010, time: 413.4988925457001
Starting label LEVI, seed 40, iteration 1020, time: 420.09320402145386
Starting label LEVI, seed 40, iteration 1030, time: 427.73825335502625
Starting label LEVI, seed 40, iteration 1040, time: 434.5850067138672
Starting label LEVI, seed 40, iteration 1050, time: 442.20465302467346
Starting label LEVI, seed 40, iteration 1060, time: 450.22209310531616
Starting label LEVI, seed 40, iteration 1070, time: 456.9670193195343
Starting label LEVI, seed 40, iteration 1080, time: 464.61587023735046
Starting label LEVI, seed 40, iteration 1090, time: 472.992901802063
Starting label LEVI, seed 40, iteration 1100, time: 480.13374423980713
Starting label LEVI, seed 40, iteration 1110, time: 487.0752787590027
Starting label LEVI, seed 40, iteration 1120, time: 495.0589919090271
Starting label LEVI, seed 40, iteration 1130, time: 502.38605403900146
Starting label LEVI, seed 40, iteration 1140, time: 510.36672163009644
Starting label LEVI, seed 40, iteration 1150, time: 519.4316220283508
Starting label LEVI, seed 40, iteration 1160, time: 528.2447025775909
Starting label LEVI, seed 40, iteration 1170, time: 536.6717350482941
Starting label LEVI, seed 40, iteration 1180, time: 545.4480664730072
Starting label LEVI, seed 40, iteration 1190, time: 553.4498746395111
Starting label LEVI, seed 40, iteration 1200, time: 561.5408992767334
Starting label LEVI, seed 40, iteration 1210, time: 569.8263983726501
Starting label LEVI, seed 40, iteration 1220, time: 578.1464922428131
Starting label LEVI, seed 40, iteration 1230, time: 586.3932995796204
Starting label LEVI, seed 40, iteration 1240, time: 594.9056298732758
Starting label LEVI, seed 40, iteration 1250, time: 604.5203154087067
Starting label LEVI, seed 40, iteration 1260, time: 613.9661769866943
Starting label LEVI, seed 40, iteration 1270, time: 623.3395752906799
Starting label LEVI, seed 40, iteration 1280, time: 633.1354038715363
Starting label LEVI, seed 40, iteration 1290, time: 642.7286744117737
Starting label LEVI, seed 40, iteration 1300, time: 652.3414068222046
Starting label LEVI, seed 40, iteration 1310, time: 661.9734182357788
Starting label LEVI, seed 40, iteration 1320, time: 671.5853114128113
Starting label LEVI, seed 40, iteration 1330, time: 680.9248723983765
Starting label LEVI, seed 40, iteration 1340, time: 690.3120837211609
Starting label LEVI, seed 40, iteration 1350, time: 699.7526788711548
Starting label LEVI, seed 40, iteration 1360, time: 709.1800272464752
Starting label LEVI, seed 40, iteration 1370, time: 718.5258738994598
Starting label LEVI, seed 40, iteration 1380, time: 727.7824423313141
Starting label LEVI, seed 40, iteration 1390, time: 737.33833527565
Starting label LEVI, seed 40, iteration 1400, time: 746.7235193252563
Starting label LEVI, seed 40, iteration 1410, time: 756.2051956653595
Starting label LEVI, seed 40, iteration 1420, time: 766.0723655223846
Starting label LEVI, seed 40, iteration 1430, time: 776.8151497840881
Starting label LEVI, seed 40, iteration 1440, time: 786.0901012420654
Starting label LEVI, seed 40, iteration 1450, time: 796.7611496448517
Starting label LEVI, seed 40, iteration 1460, time: 807.2263023853302
Starting label LEVI, seed 40, iteration 1470, time: 816.4662983417511
Starting label LEVI, seed 40, iteration 1480, time: 828.7654500007629
Starting label LEVI, seed 40, iteration 1490, time: 837.8139491081238
Starting label LEVI, seed 40, iteration 1500, time: 850.1919612884521
Starting label LEVI, seed 40, iteration 1510, time: 861.5967557430267
Starting label LEVI, seed 40, iteration 1520, time: 871.6606299877167
Starting label LEVI, seed 40, iteration 1530, time: 881.7461099624634
Starting label LEVI, seed 40, iteration 1540, time: 892.8175082206726
Starting label LEVI, seed 40, iteration 1550, time: 903.2301213741302
Starting label LEVI, seed 40, iteration 1560, time: 913.6767964363098
Starting label LEVI, seed 40, iteration 1570, time: 926.7204077243805
Starting label LEVI, seed 40, iteration 1580, time: 940.0052876472473
Starting label LEVI, seed 40, iteration 1590, time: 952.2832183837891
Starting label LEVI, seed 40, iteration 1600, time: 965.3424713611603
Starting label LEVI, seed 40, iteration 1610, time: 980.1812975406647
Starting label LEVI, seed 40, iteration 1620, time: 994.4224953651428
Starting label LEVI, seed 40, iteration 1630, time: 1007.5567417144775
Starting label LEVI, seed 40, iteration 1640, time: 1022.3672676086426
Starting label LEVI, seed 40, iteration 1650, time: 1034.5708742141724
Starting label LEVI, seed 40, iteration 1660, time: 1050.0149867534637
Starting label LEVI, seed 40, iteration 1670, time: 1063.0238907337189
Starting label LEVI, seed 40, iteration 1680, time: 1078.4618558883667
Starting label LEVI, seed 40, iteration 1690, time: 1092.3790092468262
Starting label LEVI, seed 40, iteration 1700, time: 1106.4334933757782
Starting label LEVI, seed 40, iteration 1710, time: 1120.876737356186
Starting label LEVI, seed 40, iteration 1720, time: 1138.7728972434998
Starting label LEVI, seed 40, iteration 1730, time: 1153.7092156410217
Starting label LEVI, seed 40, iteration 1740, time: 1169.8286862373352
Starting label LEVI, seed 40, iteration 1750, time: 1183.4498126506805
Starting label LEVI, seed 40, iteration 1760, time: 1198.7831246852875
Starting label LEVI, seed 40, iteration 1770, time: 1212.7377195358276
Starting label LEVI, seed 40, iteration 1780, time: 1228.2379212379456
Starting label LEVI, seed 40, iteration 1790, time: 1246.3784348964691
Starting label LEVI, seed 40, iteration 1800, time: 1262.0792484283447
Starting label LEVI, seed 40, iteration 1810, time: 1278.2451384067535
Starting label LEVI, seed 40, iteration 1820, time: 1293.9143013954163
Starting label LEVI, seed 40, iteration 1830, time: 1312.4332246780396
Starting label LEVI, seed 40, iteration 1840, time: 1330.047423839569
Starting label LEVI, seed 40, iteration 1850, time: 1347.4741399288177
Starting label LEVI, seed 40, iteration 1860, time: 1368.111980676651
Starting label LEVI, seed 40, iteration 1870, time: 1385.4105865955353
Starting label LEVI, seed 40, iteration 1880, time: 1403.1182260513306
Starting label LEVI, seed 40, iteration 1890, time: 1421.0981886386871
Starting label LEVI, seed 40, iteration 1900, time: 1439.6734807491302
Starting label LEVI, seed 40, iteration 1910, time: 1459.0600645542145
Starting label LEVI, seed 40, iteration 1920, time: 1477.2385578155518
Starting label LEVI, seed 40, iteration 1930, time: 1495.282157421112
Starting label LEVI, seed 40, iteration 1940, time: 1513.6098523139954
Starting label LEVI, seed 40, iteration 1950, time: 1536.5815534591675
submitit WARNING (2022-10-02 00:55:52,182) - Bypassing signal SIGTERM
submitit WARNING (2022-10-02 00:55:52,183) - Bypassing signal SIGCONT
Starting label LEVI, seed 40, iteration 1960, time: 1556.8940069675446
Starting label LEVI, seed 40, iteration 1970, time: 1576.1430823802948
