submitit INFO (2022-10-01 23:49:47,475) - Starting with JobEnvironment(job_id=883091_5, hostname=sablab-gpu-06.ece.cornell.edu, local_rank=0(1), node=0(1), global_rank=0(1))
submitit INFO (2022-10-01 23:49:47,475) - Loading pickle: /home/gid-cakmaks/contextual_rs/experiments/wsc_experiments/logs/883091_5/883091_5_submitted.pkl
Starting label LEVI, seed 95, iteration 0, time: 0.00011539459228515625
Starting label LEVI, seed 95, iteration 10, time: 2.6218440532684326
Starting label LEVI, seed 95, iteration 20, time: 5.166689872741699
Starting label LEVI, seed 95, iteration 30, time: 7.7605109214782715
Starting label LEVI, seed 95, iteration 40, time: 10.29910683631897
Starting label LEVI, seed 95, iteration 50, time: 12.869914293289185
Starting label LEVI, seed 95, iteration 60, time: 15.600907325744629
Starting label LEVI, seed 95, iteration 70, time: 18.271945238113403
Starting label LEVI, seed 95, iteration 80, time: 20.83408761024475
Starting label LEVI, seed 95, iteration 90, time: 23.368077039718628
Starting label LEVI, seed 95, iteration 100, time: 25.880191802978516
Starting label LEVI, seed 95, iteration 110, time: 28.422156810760498
Starting label LEVI, seed 95, iteration 120, time: 30.93966770172119
Starting label LEVI, seed 95, iteration 130, time: 33.51690173149109
Starting label LEVI, seed 95, iteration 140, time: 36.17397737503052
Starting label LEVI, seed 95, iteration 150, time: 38.75162434577942
Starting label LEVI, seed 95, iteration 160, time: 41.2950005531311
Starting label LEVI, seed 95, iteration 170, time: 43.78724026679993
Starting label LEVI, seed 95, iteration 180, time: 46.318039417266846
Starting label LEVI, seed 95, iteration 190, time: 48.89281177520752
Starting label LEVI, seed 95, iteration 200, time: 52.849416732788086
Starting label LEVI, seed 95, iteration 210, time: 55.9937264919281
Starting label LEVI, seed 95, iteration 220, time: 58.65686297416687
Starting label LEVI, seed 95, iteration 230, time: 61.53602647781372
Starting label LEVI, seed 95, iteration 240, time: 64.62960147857666
Starting label LEVI, seed 95, iteration 250, time: 67.33816838264465
Starting label LEVI, seed 95, iteration 260, time: 70.18185997009277
Starting label LEVI, seed 95, iteration 270, time: 72.90095472335815
Starting label LEVI, seed 95, iteration 280, time: 75.55208158493042
Starting label LEVI, seed 95, iteration 290, time: 78.32900643348694
Starting label LEVI, seed 95, iteration 300, time: 81.15384984016418
Starting label LEVI, seed 95, iteration 310, time: 84.23649024963379
Starting label LEVI, seed 95, iteration 320, time: 87.15492367744446
Starting label LEVI, seed 95, iteration 330, time: 90.07497835159302
Starting label LEVI, seed 95, iteration 340, time: 93.09251618385315
Starting label LEVI, seed 95, iteration 350, time: 95.81492114067078
Starting label LEVI, seed 95, iteration 360, time: 98.61534309387207
Starting label LEVI, seed 95, iteration 370, time: 101.30887246131897
Starting label LEVI, seed 95, iteration 380, time: 104.03327965736389
Starting label LEVI, seed 95, iteration 390, time: 106.88542103767395
Starting label LEVI, seed 95, iteration 400, time: 109.63575744628906
Starting label LEVI, seed 95, iteration 410, time: 112.34490585327148
Starting label LEVI, seed 95, iteration 420, time: 115.03303956985474
Starting label LEVI, seed 95, iteration 430, time: 117.72022342681885
Starting label LEVI, seed 95, iteration 440, time: 120.4414324760437
Starting label LEVI, seed 95, iteration 450, time: 123.02641272544861
Starting label LEVI, seed 95, iteration 460, time: 125.83406162261963
Starting label LEVI, seed 95, iteration 470, time: 128.53483510017395
Starting label LEVI, seed 95, iteration 480, time: 131.35374426841736
Starting label LEVI, seed 95, iteration 490, time: 134.0293128490448
Starting label LEVI, seed 95, iteration 500, time: 136.7883539199829
Starting label LEVI, seed 95, iteration 510, time: 139.55056309700012
Starting label LEVI, seed 95, iteration 520, time: 142.29417896270752
Starting label LEVI, seed 95, iteration 530, time: 144.94094252586365
Starting label LEVI, seed 95, iteration 540, time: 147.65620112419128
Starting label LEVI, seed 95, iteration 550, time: 150.42827987670898
Starting label LEVI, seed 95, iteration 560, time: 153.29433345794678
Starting label LEVI, seed 95, iteration 570, time: 156.04207015037537
Starting label LEVI, seed 95, iteration 580, time: 158.82105350494385
Starting label LEVI, seed 95, iteration 590, time: 161.58645367622375
Starting label LEVI, seed 95, iteration 600, time: 164.36046528816223
Starting label LEVI, seed 95, iteration 610, time: 167.2056930065155
Starting label LEVI, seed 95, iteration 620, time: 170.1062207221985
Starting label LEVI, seed 95, iteration 630, time: 173.10364031791687
Starting label LEVI, seed 95, iteration 640, time: 176.21286702156067
Starting label LEVI, seed 95, iteration 650, time: 179.23509550094604
Starting label LEVI, seed 95, iteration 660, time: 182.23173213005066
Starting label LEVI, seed 95, iteration 670, time: 185.23006796836853
Starting label LEVI, seed 95, iteration 680, time: 188.2836148738861
Starting label LEVI, seed 95, iteration 690, time: 191.2556595802307
Starting label LEVI, seed 95, iteration 700, time: 194.34477400779724
Starting label LEVI, seed 95, iteration 710, time: 197.42397904396057
Starting label LEVI, seed 95, iteration 720, time: 200.59031224250793
Starting label LEVI, seed 95, iteration 730, time: 203.6899847984314
Starting label LEVI, seed 95, iteration 740, time: 206.8256380558014
Starting label LEVI, seed 95, iteration 750, time: 209.957204580307
Starting label LEVI, seed 95, iteration 760, time: 213.0285403728485
Starting label LEVI, seed 95, iteration 770, time: 216.11022996902466
Starting label LEVI, seed 95, iteration 780, time: 219.20631408691406
Starting label LEVI, seed 95, iteration 790, time: 222.35768151283264
Starting label LEVI, seed 95, iteration 800, time: 225.48876953125
Starting label LEVI, seed 95, iteration 810, time: 228.69827842712402
Starting label LEVI, seed 95, iteration 820, time: 231.87038016319275
Starting label LEVI, seed 95, iteration 830, time: 235.00739789009094
Starting label LEVI, seed 95, iteration 840, time: 238.24860882759094
Starting label LEVI, seed 95, iteration 850, time: 241.36485242843628
Starting label LEVI, seed 95, iteration 860, time: 244.5084891319275
Starting label LEVI, seed 95, iteration 870, time: 247.9945056438446
Starting label LEVI, seed 95, iteration 880, time: 251.31476664543152
Starting label LEVI, seed 95, iteration 890, time: 254.67722821235657
Starting label LEVI, seed 95, iteration 900, time: 258.22941756248474
Starting label LEVI, seed 95, iteration 910, time: 261.7114362716675
Starting label LEVI, seed 95, iteration 920, time: 265.06820344924927
Starting label LEVI, seed 95, iteration 930, time: 268.42510890960693
Starting label LEVI, seed 95, iteration 940, time: 271.73800253868103
Starting label LEVI, seed 95, iteration 950, time: 275.07884526252747
Starting label LEVI, seed 95, iteration 960, time: 278.37291836738586
Starting label LEVI, seed 95, iteration 970, time: 281.90855288505554
Starting label LEVI, seed 95, iteration 980, time: 285.21689224243164
Starting label LEVI, seed 95, iteration 990, time: 288.64870047569275
Starting label LEVI, seed 95, iteration 1000, time: 292.13647198677063
Starting label LEVI, seed 95, iteration 1010, time: 295.61530232429504
Starting label LEVI, seed 95, iteration 1020, time: 299.0551347732544
Starting label LEVI, seed 95, iteration 1030, time: 302.53930401802063
Starting label LEVI, seed 95, iteration 1040, time: 306.01583552360535
Starting label LEVI, seed 95, iteration 1050, time: 309.56774401664734
Starting label LEVI, seed 95, iteration 1060, time: 313.06270003318787
Starting label LEVI, seed 95, iteration 1070, time: 316.7176787853241
Starting label LEVI, seed 95, iteration 1080, time: 320.4054546356201
Starting label LEVI, seed 95, iteration 1090, time: 324.12014842033386
Starting label LEVI, seed 95, iteration 1100, time: 327.8208520412445
Starting label LEVI, seed 95, iteration 1110, time: 331.48691296577454
Starting label LEVI, seed 95, iteration 1120, time: 335.2936489582062
Starting label LEVI, seed 95, iteration 1130, time: 339.12973499298096
Starting label LEVI, seed 95, iteration 1140, time: 342.903151512146
Starting label LEVI, seed 95, iteration 1150, time: 346.5827465057373
Starting label LEVI, seed 95, iteration 1160, time: 350.4487566947937
Starting label LEVI, seed 95, iteration 1170, time: 354.29293942451477
Starting label LEVI, seed 95, iteration 1180, time: 358.0446789264679
Starting label LEVI, seed 95, iteration 1190, time: 361.77925539016724
Starting label LEVI, seed 95, iteration 1200, time: 365.54486107826233
Starting label LEVI, seed 95, iteration 1210, time: 369.3936972618103
Starting label LEVI, seed 95, iteration 1220, time: 373.4853901863098
Starting label LEVI, seed 95, iteration 1230, time: 377.52571988105774
Starting label LEVI, seed 95, iteration 1240, time: 381.671267747879
Starting label LEVI, seed 95, iteration 1250, time: 385.7386472225189
Starting label LEVI, seed 95, iteration 1260, time: 390.0501871109009
Starting label LEVI, seed 95, iteration 1270, time: 394.33020210266113
Starting label LEVI, seed 95, iteration 1280, time: 398.7892715930939
Starting label LEVI, seed 95, iteration 1290, time: 403.15679931640625
Starting label LEVI, seed 95, iteration 1300, time: 407.49599266052246
Starting label LEVI, seed 95, iteration 1310, time: 411.87950110435486
Starting label LEVI, seed 95, iteration 1320, time: 416.13400983810425
Starting label LEVI, seed 95, iteration 1330, time: 420.48941254615784
Starting label LEVI, seed 95, iteration 1340, time: 424.96724247932434
Starting label LEVI, seed 95, iteration 1350, time: 429.2893304824829
Starting label LEVI, seed 95, iteration 1360, time: 433.8948221206665
Starting label LEVI, seed 95, iteration 1370, time: 438.474497795105
Starting label LEVI, seed 95, iteration 1380, time: 443.0328748226166
Starting label LEVI, seed 95, iteration 1390, time: 447.54432797431946
Starting label LEVI, seed 95, iteration 1400, time: 452.20029401779175
Starting label LEVI, seed 95, iteration 1410, time: 456.75870418548584
Starting label LEVI, seed 95, iteration 1420, time: 461.4974021911621
Starting label LEVI, seed 95, iteration 1430, time: 466.2661991119385
Starting label LEVI, seed 95, iteration 1440, time: 471.14471316337585
Starting label LEVI, seed 95, iteration 1450, time: 476.0953245162964
Starting label LEVI, seed 95, iteration 1460, time: 481.0001130104065
Starting label LEVI, seed 95, iteration 1470, time: 485.80402636528015
Starting label LEVI, seed 95, iteration 1480, time: 490.660076379776
Starting label LEVI, seed 95, iteration 1490, time: 495.7389302253723
Starting label LEVI, seed 95, iteration 1500, time: 500.6141793727875
Starting label LEVI, seed 95, iteration 1510, time: 505.7681348323822
Starting label LEVI, seed 95, iteration 1520, time: 511.00067353248596
Starting label LEVI, seed 95, iteration 1530, time: 515.8380198478699
Starting label LEVI, seed 95, iteration 1540, time: 521.1055557727814
Starting label LEVI, seed 95, iteration 1550, time: 526.6546609401703
Starting label LEVI, seed 95, iteration 1560, time: 531.963858127594
Starting label LEVI, seed 95, iteration 1570, time: 537.3300793170929
Starting label LEVI, seed 95, iteration 1580, time: 542.5538380146027
Starting label LEVI, seed 95, iteration 1590, time: 547.7559261322021
Starting label LEVI, seed 95, iteration 1600, time: 553.8107643127441
Starting label LEVI, seed 95, iteration 1610, time: 560.4598653316498
Starting label LEVI, seed 95, iteration 1620, time: 566.8106350898743
Starting label LEVI, seed 95, iteration 1630, time: 572.7929847240448
Starting label LEVI, seed 95, iteration 1640, time: 578.7206745147705
Starting label LEVI, seed 95, iteration 1650, time: 584.2850172519684
Starting label LEVI, seed 95, iteration 1660, time: 590.1169857978821
Starting label LEVI, seed 95, iteration 1670, time: 595.56449842453
Starting label LEVI, seed 95, iteration 1680, time: 600.4914345741272
Starting label LEVI, seed 95, iteration 1690, time: 605.1805038452148
Starting label LEVI, seed 95, iteration 1700, time: 609.8932898044586
Starting label LEVI, seed 95, iteration 1710, time: 614.6654641628265
Starting label LEVI, seed 95, iteration 1720, time: 619.2990651130676
Starting label LEVI, seed 95, iteration 1730, time: 624.4570829868317
Starting label LEVI, seed 95, iteration 1740, time: 629.5077414512634
Starting label LEVI, seed 95, iteration 1750, time: 634.6116938591003
Starting label LEVI, seed 95, iteration 1760, time: 639.4359655380249
Starting label LEVI, seed 95, iteration 1770, time: 644.3400206565857
Starting label LEVI, seed 95, iteration 1780, time: 649.3118059635162
Starting label LEVI, seed 95, iteration 1790, time: 654.4118342399597
Starting label LEVI, seed 95, iteration 1800, time: 659.604320526123
Starting label LEVI, seed 95, iteration 1810, time: 664.7675125598907
Starting label LEVI, seed 95, iteration 1820, time: 670.0682525634766
Starting label LEVI, seed 95, iteration 1830, time: 675.0252058506012
Starting label LEVI, seed 95, iteration 1840, time: 680.1269435882568
Starting label LEVI, seed 95, iteration 1850, time: 685.1030962467194
Starting label LEVI, seed 95, iteration 1860, time: 690.3007745742798
Starting label LEVI, seed 95, iteration 1870, time: 695.6688184738159
Starting label LEVI, seed 95, iteration 1880, time: 700.7256498336792
Starting label LEVI, seed 95, iteration 1890, time: 705.7697677612305
Starting label LEVI, seed 95, iteration 1900, time: 710.9700682163239
Starting label LEVI, seed 95, iteration 1910, time: 716.3787004947662
Starting label LEVI, seed 95, iteration 1920, time: 721.6781125068665
Starting label LEVI, seed 95, iteration 1930, time: 726.927891254425
Starting label LEVI, seed 95, iteration 1940, time: 732.197455406189
Starting label LEVI, seed 95, iteration 1950, time: 737.2835655212402
Starting label LEVI, seed 95, iteration 1960, time: 742.4002430438995
Starting label LEVI, seed 95, iteration 1970, time: 747.3802030086517
Starting label LEVI, seed 95, iteration 1980, time: 752.7045192718506
submitit WARNING (2022-10-02 00:02:24,160) - Bypassing signal SIGCONT
submitit WARNING (2022-10-02 00:02:24,171) - Bypassing signal SIGTERM
Starting label LEVI, seed 95, iteration 1990, time: 758.5842840671539
submitit INFO (2022-10-02 00:02:32,563) - Job completed successfully
