submitit INFO (2022-10-02 00:56:25,762) - Starting with JobEnvironment(job_id=883329_0, hostname=nikola-compute-04.cs.cornell.edu, local_rank=0(1), node=0(1), global_rank=0(1))
submitit INFO (2022-10-02 00:56:25,762) - Loading pickle: /home/gid-cakmaks/contextual_rs/experiments/wsc_experiments/logs/883329_0/883329_0_submitted.pkl
Starting label LEVI, seed 10, iteration 0, time: 0.0004897117614746094
Starting label LEVI, seed 10, iteration 10, time: 2.8400723934173584
Starting label LEVI, seed 10, iteration 20, time: 5.488005876541138
Starting label LEVI, seed 10, iteration 30, time: 8.209502458572388
Starting label LEVI, seed 10, iteration 40, time: 10.925822496414185
Starting label LEVI, seed 10, iteration 50, time: 13.62100601196289
Starting label LEVI, seed 10, iteration 60, time: 16.49269962310791
Starting label LEVI, seed 10, iteration 70, time: 19.280861377716064
Starting label LEVI, seed 10, iteration 80, time: 22.003379583358765
Starting label LEVI, seed 10, iteration 90, time: 24.902124404907227
Starting label LEVI, seed 10, iteration 100, time: 27.708927631378174
Starting label LEVI, seed 10, iteration 110, time: 30.5414297580719
Starting label LEVI, seed 10, iteration 120, time: 33.35784578323364
Starting label LEVI, seed 10, iteration 130, time: 36.09601020812988
Starting label LEVI, seed 10, iteration 140, time: 38.91229724884033
Starting label LEVI, seed 10, iteration 150, time: 41.650813817977905
Starting label LEVI, seed 10, iteration 160, time: 44.44939589500427
Starting label LEVI, seed 10, iteration 170, time: 47.19181227684021
Starting label LEVI, seed 10, iteration 180, time: 50.03193736076355
Starting label LEVI, seed 10, iteration 190, time: 52.94591784477234
Starting label LEVI, seed 10, iteration 200, time: 55.84063911437988
Starting label LEVI, seed 10, iteration 210, time: 58.768617153167725
Starting label LEVI, seed 10, iteration 220, time: 61.762146949768066
Starting label LEVI, seed 10, iteration 230, time: 64.7140965461731
Starting label LEVI, seed 10, iteration 240, time: 67.64014196395874
Starting label LEVI, seed 10, iteration 250, time: 70.53766751289368
Starting label LEVI, seed 10, iteration 260, time: 73.48746371269226
Starting label LEVI, seed 10, iteration 270, time: 76.36667490005493
Starting label LEVI, seed 10, iteration 280, time: 79.28100728988647
Starting label LEVI, seed 10, iteration 290, time: 82.18891930580139
Starting label LEVI, seed 10, iteration 300, time: 85.02843880653381
Starting label LEVI, seed 10, iteration 310, time: 87.98814105987549
Starting label LEVI, seed 10, iteration 320, time: 90.96557331085205
Starting label LEVI, seed 10, iteration 330, time: 93.84389352798462
Starting label LEVI, seed 10, iteration 340, time: 96.7129852771759
Starting label LEVI, seed 10, iteration 350, time: 99.68984341621399
Starting label LEVI, seed 10, iteration 360, time: 102.70446681976318
Starting label LEVI, seed 10, iteration 370, time: 105.77889370918274
Starting label LEVI, seed 10, iteration 380, time: 108.8769748210907
Starting label LEVI, seed 10, iteration 390, time: 112.03225493431091
Starting label LEVI, seed 10, iteration 400, time: 115.12831592559814
Starting label LEVI, seed 10, iteration 410, time: 118.22683596611023
Starting label LEVI, seed 10, iteration 420, time: 121.28869485855103
Starting label LEVI, seed 10, iteration 430, time: 124.47828555107117
Starting label LEVI, seed 10, iteration 440, time: 127.63864588737488
Starting label LEVI, seed 10, iteration 450, time: 130.98283100128174
Starting label LEVI, seed 10, iteration 460, time: 134.368634223938
Starting label LEVI, seed 10, iteration 470, time: 137.67134475708008
Starting label LEVI, seed 10, iteration 480, time: 140.88773894309998
Starting label LEVI, seed 10, iteration 490, time: 144.15755200386047
Starting label LEVI, seed 10, iteration 500, time: 147.5070834159851
Starting label LEVI, seed 10, iteration 510, time: 151.01762127876282
Starting label LEVI, seed 10, iteration 520, time: 154.42133021354675
Starting label LEVI, seed 10, iteration 530, time: 157.88050508499146
Starting label LEVI, seed 10, iteration 540, time: 161.33304166793823
Starting label LEVI, seed 10, iteration 550, time: 164.80946016311646
Starting label LEVI, seed 10, iteration 560, time: 168.51653933525085
Starting label LEVI, seed 10, iteration 570, time: 172.3155870437622
Starting label LEVI, seed 10, iteration 580, time: 175.84620475769043
Starting label LEVI, seed 10, iteration 590, time: 179.4501314163208
Starting label LEVI, seed 10, iteration 600, time: 183.12286972999573
Starting label LEVI, seed 10, iteration 610, time: 186.8607153892517
Starting label LEVI, seed 10, iteration 620, time: 190.60983562469482
Starting label LEVI, seed 10, iteration 630, time: 194.62522149085999
Starting label LEVI, seed 10, iteration 640, time: 198.50255250930786
Starting label LEVI, seed 10, iteration 650, time: 202.424973487854
Starting label LEVI, seed 10, iteration 660, time: 206.3849904537201
Starting label LEVI, seed 10, iteration 670, time: 210.31548476219177
Starting label LEVI, seed 10, iteration 680, time: 214.41281008720398
Starting label LEVI, seed 10, iteration 690, time: 218.52885270118713
Starting label LEVI, seed 10, iteration 700, time: 222.6380684375763
Starting label LEVI, seed 10, iteration 710, time: 226.92995834350586
Starting label LEVI, seed 10, iteration 720, time: 231.1227638721466
Starting label LEVI, seed 10, iteration 730, time: 235.42939162254333
Starting label LEVI, seed 10, iteration 740, time: 239.88209986686707
Starting label LEVI, seed 10, iteration 750, time: 244.0763623714447
Starting label LEVI, seed 10, iteration 760, time: 248.57973718643188
Starting label LEVI, seed 10, iteration 770, time: 252.88666415214539
Starting label LEVI, seed 10, iteration 780, time: 257.4518041610718
Starting label LEVI, seed 10, iteration 790, time: 262.10532307624817
Starting label LEVI, seed 10, iteration 800, time: 267.0586488246918
Starting label LEVI, seed 10, iteration 810, time: 271.7668192386627
Starting label LEVI, seed 10, iteration 820, time: 276.5055477619171
Starting label LEVI, seed 10, iteration 830, time: 281.2498667240143
Starting label LEVI, seed 10, iteration 840, time: 286.096599817276
Starting label LEVI, seed 10, iteration 850, time: 291.12490129470825
Starting label LEVI, seed 10, iteration 860, time: 296.1487054824829
Starting label LEVI, seed 10, iteration 870, time: 301.20571279525757
Starting label LEVI, seed 10, iteration 880, time: 306.2579460144043
Starting label LEVI, seed 10, iteration 890, time: 311.49545311927795
Starting label LEVI, seed 10, iteration 900, time: 317.15960574150085
Starting label LEVI, seed 10, iteration 910, time: 322.2210853099823
Starting label LEVI, seed 10, iteration 920, time: 327.8007481098175
Starting label LEVI, seed 10, iteration 930, time: 332.73802495002747
Starting label LEVI, seed 10, iteration 940, time: 337.5595066547394
Starting label LEVI, seed 10, iteration 950, time: 342.11257791519165
Starting label LEVI, seed 10, iteration 960, time: 347.2856116294861
Starting label LEVI, seed 10, iteration 970, time: 352.46228671073914
Starting label LEVI, seed 10, iteration 980, time: 357.82401275634766
Starting label LEVI, seed 10, iteration 990, time: 363.26642179489136
Starting label LEVI, seed 10, iteration 1000, time: 368.8685042858124
Starting label LEVI, seed 10, iteration 1010, time: 373.77210545539856
Starting label LEVI, seed 10, iteration 1020, time: 379.6709043979645
Starting label LEVI, seed 10, iteration 1030, time: 385.71452736854553
Starting label LEVI, seed 10, iteration 1040, time: 391.6422278881073
Starting label LEVI, seed 10, iteration 1050, time: 397.60045647621155
Starting label LEVI, seed 10, iteration 1060, time: 403.91734433174133
Starting label LEVI, seed 10, iteration 1070, time: 410.0987026691437
Starting label LEVI, seed 10, iteration 1080, time: 416.3552792072296
Starting label LEVI, seed 10, iteration 1090, time: 422.94728112220764
Starting label LEVI, seed 10, iteration 1100, time: 429.82113337516785
Starting label LEVI, seed 10, iteration 1110, time: 436.54126358032227
Starting label LEVI, seed 10, iteration 1120, time: 443.44705986976624
Starting label LEVI, seed 10, iteration 1130, time: 449.9138424396515
Starting label LEVI, seed 10, iteration 1140, time: 457.26782035827637
Starting label LEVI, seed 10, iteration 1150, time: 464.6831498146057
Starting label LEVI, seed 10, iteration 1160, time: 471.0695779323578
Starting label LEVI, seed 10, iteration 1170, time: 478.5940487384796
Starting label LEVI, seed 10, iteration 1180, time: 485.0525894165039
Starting label LEVI, seed 10, iteration 1190, time: 492.2419865131378
Starting label LEVI, seed 10, iteration 1200, time: 499.9033875465393
Starting label LEVI, seed 10, iteration 1210, time: 506.60662817955017
Starting label LEVI, seed 10, iteration 1220, time: 514.8737397193909
Starting label LEVI, seed 10, iteration 1230, time: 521.9433665275574
Starting label LEVI, seed 10, iteration 1240, time: 530.6935136318207
Starting label LEVI, seed 10, iteration 1250, time: 538.1674361228943
Starting label LEVI, seed 10, iteration 1260, time: 545.7781324386597
Starting label LEVI, seed 10, iteration 1270, time: 553.6382827758789
Starting label LEVI, seed 10, iteration 1280, time: 563.5563497543335
Starting label LEVI, seed 10, iteration 1290, time: 572.4164500236511
Starting label LEVI, seed 10, iteration 1300, time: 580.8550250530243
Starting label LEVI, seed 10, iteration 1310, time: 590.7182495594025
Starting label LEVI, seed 10, iteration 1320, time: 600.8902459144592
Starting label LEVI, seed 10, iteration 1330, time: 610.8289177417755
Starting label LEVI, seed 10, iteration 1340, time: 620.8914787769318
Starting label LEVI, seed 10, iteration 1350, time: 628.9781029224396
Starting label LEVI, seed 10, iteration 1360, time: 639.6311485767365
Starting label LEVI, seed 10, iteration 1370, time: 648.716513633728
Starting label LEVI, seed 10, iteration 1380, time: 659.1428372859955
Starting label LEVI, seed 10, iteration 1390, time: 668.5049240589142
Starting label LEVI, seed 10, iteration 1400, time: 678.1551089286804
Starting label LEVI, seed 10, iteration 1410, time: 688.3232746124268
Starting label LEVI, seed 10, iteration 1420, time: 700.2258720397949
Starting label LEVI, seed 10, iteration 1430, time: 712.3323903083801
Starting label LEVI, seed 10, iteration 1440, time: 724.5754196643829
Starting label LEVI, seed 10, iteration 1450, time: 736.2912368774414
Starting label LEVI, seed 10, iteration 1460, time: 748.9336442947388
Starting label LEVI, seed 10, iteration 1470, time: 761.1597511768341
Starting label LEVI, seed 10, iteration 1480, time: 772.7587742805481
Starting label LEVI, seed 10, iteration 1490, time: 786.2088551521301
Starting label LEVI, seed 10, iteration 1500, time: 799.7754089832306
Starting label LEVI, seed 10, iteration 1510, time: 811.8390257358551
Starting label LEVI, seed 10, iteration 1520, time: 825.7369849681854
Starting label LEVI, seed 10, iteration 1530, time: 840.3643057346344
Starting label LEVI, seed 10, iteration 1540, time: 853.3703064918518
Starting label LEVI, seed 10, iteration 1550, time: 868.1737003326416
Starting label LEVI, seed 10, iteration 1560, time: 882.3594326972961
Starting label LEVI, seed 10, iteration 1570, time: 894.5415184497833
Starting label LEVI, seed 10, iteration 1580, time: 909.5301632881165
Starting label LEVI, seed 10, iteration 1590, time: 923.2160682678223
Starting label LEVI, seed 10, iteration 1600, time: 937.5238027572632
Starting label LEVI, seed 10, iteration 1610, time: 951.1785385608673
Starting label LEVI, seed 10, iteration 1620, time: 965.8592977523804
Starting label LEVI, seed 10, iteration 1630, time: 982.0106072425842
Starting label LEVI, seed 10, iteration 1640, time: 996.0587275028229
Starting label LEVI, seed 10, iteration 1650, time: 1009.8607578277588
Starting label LEVI, seed 10, iteration 1660, time: 1022.9294922351837
Starting label LEVI, seed 10, iteration 1670, time: 1037.2573890686035
Starting label LEVI, seed 10, iteration 1680, time: 1054.400357723236
Starting label LEVI, seed 10, iteration 1690, time: 1069.1733303070068
Starting label LEVI, seed 10, iteration 1700, time: 1083.9020092487335
Starting label LEVI, seed 10, iteration 1710, time: 1099.126175403595
Starting label LEVI, seed 10, iteration 1720, time: 1116.9966568946838
Starting label LEVI, seed 10, iteration 1730, time: 1136.423054933548
Starting label LEVI, seed 10, iteration 1740, time: 1155.0215945243835
Starting label LEVI, seed 10, iteration 1750, time: 1171.0040221214294
Starting label LEVI, seed 10, iteration 1760, time: 1186.2298622131348
Starting label LEVI, seed 10, iteration 1770, time: 1201.6693172454834
Starting label LEVI, seed 10, iteration 1780, time: 1219.152186870575
Starting label LEVI, seed 10, iteration 1790, time: 1239.151692390442
Starting label LEVI, seed 10, iteration 1800, time: 1259.4208850860596
Starting label LEVI, seed 10, iteration 1810, time: 1276.8176996707916
Starting label LEVI, seed 10, iteration 1820, time: 1296.566012620926
Starting label LEVI, seed 10, iteration 1830, time: 1316.5227873325348
Starting label LEVI, seed 10, iteration 1840, time: 1337.969462633133
Starting label LEVI, seed 10, iteration 1850, time: 1357.3874206542969
Starting label LEVI, seed 10, iteration 1860, time: 1377.679725408554
Starting label LEVI, seed 10, iteration 1870, time: 1396.5660934448242
Starting label LEVI, seed 10, iteration 1880, time: 1413.3927545547485
Starting label LEVI, seed 10, iteration 1890, time: 1434.067287683487
Starting label LEVI, seed 10, iteration 1900, time: 1452.1061465740204
Starting label LEVI, seed 10, iteration 1910, time: 1469.6214754581451
Starting label LEVI, seed 10, iteration 1920, time: 1487.0267219543457
Starting label LEVI, seed 10, iteration 1930, time: 1507.7968826293945
Starting label LEVI, seed 10, iteration 1940, time: 1526.0069296360016
Starting label LEVI, seed 10, iteration 1950, time: 1544.5262081623077
Starting label LEVI, seed 10, iteration 1960, time: 1566.0169236660004
submitit WARNING (2022-10-02 01:22:36,045) - Bypassing signal SIGCONT
submitit WARNING (2022-10-02 01:22:36,075) - Bypassing signal SIGTERM
Starting label LEVI, seed 10, iteration 1970, time: 1587.6766557693481
