submitit INFO (2022-10-02 00:56:36,362) - Starting with JobEnvironment(job_id=883357_8, hostname=tripods-compute-02.cs.cornell.edu, local_rank=0(1), node=0(1), global_rank=0(1))
submitit INFO (2022-10-02 00:56:36,362) - Loading pickle: /home/gid-cakmaks/contextual_rs/experiments/wsc_experiments/logs/883357_8/883357_8_submitted.pkl
Starting label LEVI, seed 38, iteration 0, time: 0.02364063262939453
Starting label LEVI, seed 38, iteration 10, time: 3.120680093765259
Starting label LEVI, seed 38, iteration 20, time: 6.1852335929870605
Starting label LEVI, seed 38, iteration 30, time: 9.245327234268188
Starting label LEVI, seed 38, iteration 40, time: 12.340831518173218
Starting label LEVI, seed 38, iteration 50, time: 15.523708820343018
Starting label LEVI, seed 38, iteration 60, time: 18.71578311920166
Starting label LEVI, seed 38, iteration 70, time: 21.856634378433228
Starting label LEVI, seed 38, iteration 80, time: 25.003267526626587
Starting label LEVI, seed 38, iteration 90, time: 28.11984658241272
Starting label LEVI, seed 38, iteration 100, time: 31.202694177627563
Starting label LEVI, seed 38, iteration 110, time: 34.33352756500244
Starting label LEVI, seed 38, iteration 120, time: 37.449429750442505
Starting label LEVI, seed 38, iteration 130, time: 40.541115045547485
Starting label LEVI, seed 38, iteration 140, time: 43.825507164001465
Starting label LEVI, seed 38, iteration 150, time: 47.058157444000244
Starting label LEVI, seed 38, iteration 160, time: 50.25145077705383
Starting label LEVI, seed 38, iteration 170, time: 53.35273575782776
Starting label LEVI, seed 38, iteration 180, time: 56.52053236961365
Starting label LEVI, seed 38, iteration 190, time: 59.77143597602844
Starting label LEVI, seed 38, iteration 200, time: 62.99743390083313
Starting label LEVI, seed 38, iteration 210, time: 66.2392463684082
Starting label LEVI, seed 38, iteration 220, time: 69.9029335975647
Starting label LEVI, seed 38, iteration 230, time: 73.58179926872253
Starting label LEVI, seed 38, iteration 240, time: 77.62443280220032
Starting label LEVI, seed 38, iteration 250, time: 81.93173718452454
Starting label LEVI, seed 38, iteration 260, time: 87.19840836524963
Starting label LEVI, seed 38, iteration 270, time: 91.49061870574951
Starting label LEVI, seed 38, iteration 280, time: 95.85751390457153
Starting label LEVI, seed 38, iteration 290, time: 101.17945647239685
Starting label LEVI, seed 38, iteration 300, time: 107.02602577209473
Starting label LEVI, seed 38, iteration 310, time: 111.79934477806091
Starting label LEVI, seed 38, iteration 320, time: 116.68875813484192
Starting label LEVI, seed 38, iteration 330, time: 121.19015169143677
Starting label LEVI, seed 38, iteration 340, time: 125.73002099990845
Starting label LEVI, seed 38, iteration 350, time: 130.78239917755127
Starting label LEVI, seed 38, iteration 360, time: 135.17730379104614
Starting label LEVI, seed 38, iteration 370, time: 139.95348358154297
Starting label LEVI, seed 38, iteration 380, time: 144.32537007331848
Starting label LEVI, seed 38, iteration 390, time: 149.13508772850037
Starting label LEVI, seed 38, iteration 400, time: 154.09411096572876
Starting label LEVI, seed 38, iteration 410, time: 159.51714372634888
Starting label LEVI, seed 38, iteration 420, time: 163.84914898872375
Starting label LEVI, seed 38, iteration 430, time: 168.6570451259613
Starting label LEVI, seed 38, iteration 440, time: 173.95580410957336
Starting label LEVI, seed 38, iteration 450, time: 179.07828283309937
Starting label LEVI, seed 38, iteration 460, time: 183.67530488967896
Starting label LEVI, seed 38, iteration 470, time: 188.38398027420044
Starting label LEVI, seed 38, iteration 480, time: 193.44386982917786
Starting label LEVI, seed 38, iteration 490, time: 198.58376717567444
Starting label LEVI, seed 38, iteration 500, time: 203.61433720588684
Starting label LEVI, seed 38, iteration 510, time: 208.57852435112
Starting label LEVI, seed 38, iteration 520, time: 213.04765391349792
Starting label LEVI, seed 38, iteration 530, time: 217.72873044013977
Starting label LEVI, seed 38, iteration 540, time: 222.05782055854797
Starting label LEVI, seed 38, iteration 550, time: 226.7089602947235
Starting label LEVI, seed 38, iteration 560, time: 231.10996627807617
Starting label LEVI, seed 38, iteration 570, time: 235.3887860774994
Starting label LEVI, seed 38, iteration 580, time: 239.63762307167053
Starting label LEVI, seed 38, iteration 590, time: 243.80435705184937
Starting label LEVI, seed 38, iteration 600, time: 248.34322690963745
Starting label LEVI, seed 38, iteration 610, time: 252.61365842819214
Starting label LEVI, seed 38, iteration 620, time: 257.0978343486786
Starting label LEVI, seed 38, iteration 630, time: 261.2577919960022
Starting label LEVI, seed 38, iteration 640, time: 265.85811257362366
Starting label LEVI, seed 38, iteration 650, time: 270.288756608963
Starting label LEVI, seed 38, iteration 660, time: 275.01165986061096
Starting label LEVI, seed 38, iteration 670, time: 279.86835050582886
Starting label LEVI, seed 38, iteration 680, time: 284.5114312171936
Starting label LEVI, seed 38, iteration 690, time: 289.1340000629425
Starting label LEVI, seed 38, iteration 700, time: 294.05791759490967
Starting label LEVI, seed 38, iteration 710, time: 298.5478889942169
Starting label LEVI, seed 38, iteration 720, time: 303.20051431655884
Starting label LEVI, seed 38, iteration 730, time: 308.1509826183319
Starting label LEVI, seed 38, iteration 740, time: 312.60420083999634
Starting label LEVI, seed 38, iteration 750, time: 316.46923995018005
Starting label LEVI, seed 38, iteration 760, time: 320.80723881721497
Starting label LEVI, seed 38, iteration 770, time: 325.5270926952362
Starting label LEVI, seed 38, iteration 780, time: 330.5016767978668
Starting label LEVI, seed 38, iteration 790, time: 334.8693656921387
Starting label LEVI, seed 38, iteration 800, time: 339.56525230407715
Starting label LEVI, seed 38, iteration 810, time: 344.71006965637207
Starting label LEVI, seed 38, iteration 820, time: 350.0902132987976
Starting label LEVI, seed 38, iteration 830, time: 355.0916585922241
Starting label LEVI, seed 38, iteration 840, time: 360.1051676273346
Starting label LEVI, seed 38, iteration 850, time: 365.6329665184021
Starting label LEVI, seed 38, iteration 860, time: 371.07422614097595
Starting label LEVI, seed 38, iteration 870, time: 376.5894923210144
Starting label LEVI, seed 38, iteration 880, time: 382.0898473262787
Starting label LEVI, seed 38, iteration 890, time: 387.9980173110962
Starting label LEVI, seed 38, iteration 900, time: 392.92790508270264
Starting label LEVI, seed 38, iteration 910, time: 398.8146197795868
Starting label LEVI, seed 38, iteration 920, time: 403.89006328582764
Starting label LEVI, seed 38, iteration 930, time: 409.4106719493866
Starting label LEVI, seed 38, iteration 940, time: 415.3156707286835
Starting label LEVI, seed 38, iteration 950, time: 421.31419253349304
Starting label LEVI, seed 38, iteration 960, time: 427.0890107154846
Starting label LEVI, seed 38, iteration 970, time: 433.4393091201782
Starting label LEVI, seed 38, iteration 980, time: 438.9212884902954
Starting label LEVI, seed 38, iteration 990, time: 445.2687613964081
Starting label LEVI, seed 38, iteration 1000, time: 451.6301443576813
Starting label LEVI, seed 38, iteration 1010, time: 458.335098028183
Starting label LEVI, seed 38, iteration 1020, time: 464.7316424846649
Starting label LEVI, seed 38, iteration 1030, time: 472.2346911430359
Starting label LEVI, seed 38, iteration 1040, time: 479.2769615650177
Starting label LEVI, seed 38, iteration 1050, time: 486.34353733062744
Starting label LEVI, seed 38, iteration 1060, time: 493.43199706077576
Starting label LEVI, seed 38, iteration 1070, time: 500.31164383888245
Starting label LEVI, seed 38, iteration 1080, time: 507.12563276290894
Starting label LEVI, seed 38, iteration 1090, time: 514.4415559768677
Starting label LEVI, seed 38, iteration 1100, time: 522.3068671226501
Starting label LEVI, seed 38, iteration 1110, time: 530.2005724906921
Starting label LEVI, seed 38, iteration 1120, time: 537.9321393966675
Starting label LEVI, seed 38, iteration 1130, time: 545.9486100673676
Starting label LEVI, seed 38, iteration 1140, time: 553.2818713188171
Starting label LEVI, seed 38, iteration 1150, time: 560.4534692764282
Starting label LEVI, seed 38, iteration 1160, time: 567.9351127147675
Starting label LEVI, seed 38, iteration 1170, time: 576.1116864681244
Starting label LEVI, seed 38, iteration 1180, time: 584.221581697464
Starting label LEVI, seed 38, iteration 1190, time: 592.4540438652039
Starting label LEVI, seed 38, iteration 1200, time: 600.8945851325989
Starting label LEVI, seed 38, iteration 1210, time: 609.348376750946
Starting label LEVI, seed 38, iteration 1220, time: 618.1161353588104
Starting label LEVI, seed 38, iteration 1230, time: 626.8795285224915
Starting label LEVI, seed 38, iteration 1240, time: 635.9942750930786
Starting label LEVI, seed 38, iteration 1250, time: 646.0060114860535
Starting label LEVI, seed 38, iteration 1260, time: 655.7963554859161
Starting label LEVI, seed 38, iteration 1270, time: 664.151670217514
Starting label LEVI, seed 38, iteration 1280, time: 672.4949083328247
Starting label LEVI, seed 38, iteration 1290, time: 682.4003970623016
Starting label LEVI, seed 38, iteration 1300, time: 693.077271938324
Starting label LEVI, seed 38, iteration 1310, time: 701.7893295288086
Starting label LEVI, seed 38, iteration 1320, time: 711.7685334682465
Starting label LEVI, seed 38, iteration 1330, time: 721.4193298816681
Starting label LEVI, seed 38, iteration 1340, time: 732.568127155304
Starting label LEVI, seed 38, iteration 1350, time: 741.780148267746
Starting label LEVI, seed 38, iteration 1360, time: 753.4009778499603
Starting label LEVI, seed 38, iteration 1370, time: 762.6711003780365
Starting label LEVI, seed 38, iteration 1380, time: 772.6282587051392
Starting label LEVI, seed 38, iteration 1390, time: 782.6941945552826
Starting label LEVI, seed 38, iteration 1400, time: 795.1948866844177
Starting label LEVI, seed 38, iteration 1410, time: 807.412802696228
Starting label LEVI, seed 38, iteration 1420, time: 817.7580037117004
Starting label LEVI, seed 38, iteration 1430, time: 828.4291002750397
Starting label LEVI, seed 38, iteration 1440, time: 838.8803899288177
Starting label LEVI, seed 38, iteration 1450, time: 850.9443213939667
Starting label LEVI, seed 38, iteration 1460, time: 863.8189628124237
Starting label LEVI, seed 38, iteration 1470, time: 874.8677558898926
Starting label LEVI, seed 38, iteration 1480, time: 888.6810858249664
Starting label LEVI, seed 38, iteration 1490, time: 902.5441703796387
Starting label LEVI, seed 38, iteration 1500, time: 916.6869835853577
Starting label LEVI, seed 38, iteration 1510, time: 930.3607156276703
Starting label LEVI, seed 38, iteration 1520, time: 944.5100960731506
Starting label LEVI, seed 38, iteration 1530, time: 959.9581277370453
Starting label LEVI, seed 38, iteration 1540, time: 974.3462450504303
Starting label LEVI, seed 38, iteration 1550, time: 986.2929983139038
Starting label LEVI, seed 38, iteration 1560, time: 1001.6781759262085
Starting label LEVI, seed 38, iteration 1570, time: 1016.7453472614288
Starting label LEVI, seed 38, iteration 1580, time: 1032.4808983802795
Starting label LEVI, seed 38, iteration 1590, time: 1045.4498527050018
Starting label LEVI, seed 38, iteration 1600, time: 1061.1018993854523
Starting label LEVI, seed 38, iteration 1610, time: 1074.3061661720276
Starting label LEVI, seed 38, iteration 1620, time: 1087.9857988357544
Starting label LEVI, seed 38, iteration 1630, time: 1101.7399444580078
Starting label LEVI, seed 38, iteration 1640, time: 1115.6789429187775
Starting label LEVI, seed 38, iteration 1650, time: 1133.5140404701233
Starting label LEVI, seed 38, iteration 1660, time: 1147.5384924411774
Starting label LEVI, seed 38, iteration 1670, time: 1162.3578026294708
Starting label LEVI, seed 38, iteration 1680, time: 1181.5888140201569
Starting label LEVI, seed 38, iteration 1690, time: 1198.4492571353912
Starting label LEVI, seed 38, iteration 1700, time: 1213.7765316963196
Starting label LEVI, seed 38, iteration 1710, time: 1230.9002470970154
Starting label LEVI, seed 38, iteration 1720, time: 1251.0399713516235
Starting label LEVI, seed 38, iteration 1730, time: 1270.18621134758
Starting label LEVI, seed 38, iteration 1740, time: 1293.4616329669952
Starting label LEVI, seed 38, iteration 1750, time: 1313.7653722763062
Starting label LEVI, seed 38, iteration 1760, time: 1331.0902009010315
Starting label LEVI, seed 38, iteration 1770, time: 1348.6979525089264
Starting label LEVI, seed 38, iteration 1780, time: 1366.151657819748
Starting label LEVI, seed 38, iteration 1790, time: 1388.7055830955505
Starting label LEVI, seed 38, iteration 1800, time: 1406.5226788520813
Starting label LEVI, seed 38, iteration 1810, time: 1425.4501025676727
Starting label LEVI, seed 38, iteration 1820, time: 1444.9323017597198
Starting label LEVI, seed 38, iteration 1830, time: 1468.9618957042694
Starting label LEVI, seed 38, iteration 1840, time: 1492.4157857894897
Starting label LEVI, seed 38, iteration 1850, time: 1515.9623608589172
Starting label LEVI, seed 38, iteration 1860, time: 1535.0019993782043
Starting label LEVI, seed 38, iteration 1870, time: 1554.5584104061127
submitit WARNING (2022-10-02 01:22:36,076) - Bypassing signal SIGCONT
submitit WARNING (2022-10-02 01:22:36,141) - Bypassing signal SIGTERM
Starting label LEVI, seed 38, iteration 1880, time: 1574.2219905853271
