submitit INFO (2022-10-02 13:27:23,525) - Starting with JobEnvironment(job_id=884571_3, hostname=compling-compute-02.compling.cornell.edu, local_rank=0(1), node=0(1), global_rank=0(1))
submitit INFO (2022-10-02 13:27:23,525) - Loading pickle: /home/gid-cakmaks/contextual_rs/experiments/wsc_experiments/logs/884571_3/884571_3_submitted.pkl
Appending iterations to existing output!Warning: If parameters other than `iterations` have been changed, this will corrupt the output!
Starting label LEVI, seed 53, iteration 530, time: 306.87647438049316
Starting label LEVI, seed 53, iteration 540, time: 312.05697107315063
Starting label LEVI, seed 53, iteration 550, time: 316.0651535987854
Starting label LEVI, seed 53, iteration 560, time: 320.05648851394653
Starting label LEVI, seed 53, iteration 570, time: 324.09457778930664
Starting label LEVI, seed 53, iteration 580, time: 328.21913862228394
Starting label LEVI, seed 53, iteration 590, time: 331.99418663978577
Starting label LEVI, seed 53, iteration 600, time: 335.92290234565735
Starting label LEVI, seed 53, iteration 610, time: 339.92667174339294
Starting label LEVI, seed 53, iteration 620, time: 343.9027156829834
Starting label LEVI, seed 53, iteration 630, time: 347.88751244544983
Starting label LEVI, seed 53, iteration 640, time: 351.818163394928
Starting label LEVI, seed 53, iteration 650, time: 355.7296209335327
Starting label LEVI, seed 53, iteration 660, time: 359.78715801239014
Starting label LEVI, seed 53, iteration 670, time: 363.9425332546234
Starting label LEVI, seed 53, iteration 680, time: 368.57139897346497
Starting label LEVI, seed 53, iteration 690, time: 373.11147260665894
Starting label LEVI, seed 53, iteration 700, time: 377.8160421848297
Starting label LEVI, seed 53, iteration 710, time: 382.6794333457947
Starting label LEVI, seed 53, iteration 720, time: 387.39611411094666
Starting label LEVI, seed 53, iteration 730, time: 392.02325463294983
Starting label LEVI, seed 53, iteration 740, time: 396.8514754772186
Starting label LEVI, seed 53, iteration 750, time: 401.86213660240173
Starting label LEVI, seed 53, iteration 760, time: 406.9195713996887
Starting label LEVI, seed 53, iteration 770, time: 412.20332860946655
Starting label LEVI, seed 53, iteration 780, time: 417.3573668003082
Starting label LEVI, seed 53, iteration 790, time: 422.59817838668823
Starting label LEVI, seed 53, iteration 800, time: 427.66383695602417
Starting label LEVI, seed 53, iteration 810, time: 432.5231602191925
Starting label LEVI, seed 53, iteration 820, time: 438.0532445907593
Starting label LEVI, seed 53, iteration 830, time: 443.5778136253357
Starting label LEVI, seed 53, iteration 840, time: 448.76336216926575
Starting label LEVI, seed 53, iteration 850, time: 453.87879371643066
Starting label LEVI, seed 53, iteration 860, time: 459.1436309814453
Starting label LEVI, seed 53, iteration 870, time: 464.60150837898254
Starting label LEVI, seed 53, iteration 880, time: 469.86638498306274
Starting label LEVI, seed 53, iteration 890, time: 474.88208079338074
Starting label LEVI, seed 53, iteration 900, time: 479.98929810523987
Starting label LEVI, seed 53, iteration 910, time: 485.1627290248871
Starting label LEVI, seed 53, iteration 920, time: 490.3102993965149
Starting label LEVI, seed 53, iteration 930, time: 495.4505546092987
Starting label LEVI, seed 53, iteration 940, time: 500.7549798488617
Starting label LEVI, seed 53, iteration 950, time: 505.71190667152405
Starting label LEVI, seed 53, iteration 960, time: 510.69768476486206
Starting label LEVI, seed 53, iteration 970, time: 515.4140331745148
Starting label LEVI, seed 53, iteration 980, time: 520.1089110374451
Starting label LEVI, seed 53, iteration 990, time: 524.7819423675537
Starting label LEVI, seed 53, iteration 1000, time: 529.3818266391754
Starting label LEVI, seed 53, iteration 1010, time: 534.0389125347137
Starting label LEVI, seed 53, iteration 1020, time: 538.855345249176
Starting label LEVI, seed 53, iteration 1030, time: 543.6180860996246
Starting label LEVI, seed 53, iteration 1040, time: 548.3590865135193
Starting label LEVI, seed 53, iteration 1050, time: 553.1990194320679
Starting label LEVI, seed 53, iteration 1060, time: 558.0407872200012
Starting label LEVI, seed 53, iteration 1070, time: 562.7457478046417
Starting label LEVI, seed 53, iteration 1080, time: 567.3135414123535
Starting label LEVI, seed 53, iteration 1090, time: 572.0092401504517
Starting label LEVI, seed 53, iteration 1100, time: 576.6195375919342
Starting label LEVI, seed 53, iteration 1110, time: 581.0194418430328
Starting label LEVI, seed 53, iteration 1120, time: 585.6761817932129
Starting label LEVI, seed 53, iteration 1130, time: 590.2680034637451
Starting label LEVI, seed 53, iteration 1140, time: 594.6388387680054
Starting label LEVI, seed 53, iteration 1150, time: 599.3796072006226
Starting label LEVI, seed 53, iteration 1160, time: 603.6825079917908
Starting label LEVI, seed 53, iteration 1170, time: 608.2565176486969
Starting label LEVI, seed 53, iteration 1180, time: 612.5928308963776
Starting label LEVI, seed 53, iteration 1190, time: 617.2594358921051
Starting label LEVI, seed 53, iteration 1200, time: 621.8303244113922
Starting label LEVI, seed 53, iteration 1210, time: 626.274998664856
Starting label LEVI, seed 53, iteration 1220, time: 630.7764675617218
Starting label LEVI, seed 53, iteration 1230, time: 635.6911928653717
Starting label LEVI, seed 53, iteration 1240, time: 640.6717000007629
Starting label LEVI, seed 53, iteration 1250, time: 645.9376718997955
Starting label LEVI, seed 53, iteration 1260, time: 650.9976115226746
Starting label LEVI, seed 53, iteration 1270, time: 656.0588102340698
Starting label LEVI, seed 53, iteration 1280, time: 660.9441735744476
Starting label LEVI, seed 53, iteration 1290, time: 665.8589940071106
Starting label LEVI, seed 53, iteration 1300, time: 670.9703941345215
Starting label LEVI, seed 53, iteration 1310, time: 676.1165950298309
Starting label LEVI, seed 53, iteration 1320, time: 681.2964379787445
Starting label LEVI, seed 53, iteration 1330, time: 686.5237574577332
Starting label LEVI, seed 53, iteration 1340, time: 691.4052538871765
Starting label LEVI, seed 53, iteration 1350, time: 696.4812877178192
Starting label LEVI, seed 53, iteration 1360, time: 701.6187763214111
Starting label LEVI, seed 53, iteration 1370, time: 706.7118492126465
Starting label LEVI, seed 53, iteration 1380, time: 711.8178861141205
Starting label LEVI, seed 53, iteration 1390, time: 717.256050825119
Starting label LEVI, seed 53, iteration 1400, time: 722.5619184970856
Starting label LEVI, seed 53, iteration 1410, time: 728.10111784935
Starting label LEVI, seed 53, iteration 1420, time: 733.4414491653442
Starting label LEVI, seed 53, iteration 1430, time: 738.4616284370422
Starting label LEVI, seed 53, iteration 1440, time: 744.0326290130615
Starting label LEVI, seed 53, iteration 1450, time: 749.1885280609131
Starting label LEVI, seed 53, iteration 1460, time: 753.7584402561188
Starting label LEVI, seed 53, iteration 1470, time: 759.2615084648132
Starting label LEVI, seed 53, iteration 1480, time: 764.546040058136
Starting label LEVI, seed 53, iteration 1490, time: 769.675021648407
Starting label LEVI, seed 53, iteration 1500, time: 774.7599000930786
Starting label LEVI, seed 53, iteration 1510, time: 779.9732999801636
Starting label LEVI, seed 53, iteration 1520, time: 785.2298917770386
Starting label LEVI, seed 53, iteration 1530, time: 790.6121296882629
Starting label LEVI, seed 53, iteration 1540, time: 795.850204706192
Starting label LEVI, seed 53, iteration 1550, time: 801.2447712421417
Starting label LEVI, seed 53, iteration 1560, time: 807.0418937206268
Starting label LEVI, seed 53, iteration 1570, time: 812.8563232421875
Starting label LEVI, seed 53, iteration 1580, time: 818.8038742542267
Starting label LEVI, seed 53, iteration 1590, time: 824.7908976078033
Starting label LEVI, seed 53, iteration 1600, time: 830.9925105571747
Starting label LEVI, seed 53, iteration 1610, time: 836.8425068855286
Starting label LEVI, seed 53, iteration 1620, time: 843.0682098865509
Starting label LEVI, seed 53, iteration 1630, time: 849.5425307750702
Starting label LEVI, seed 53, iteration 1640, time: 855.3859980106354
Starting label LEVI, seed 53, iteration 1650, time: 862.3806729316711
Starting label LEVI, seed 53, iteration 1660, time: 868.2445874214172
Starting label LEVI, seed 53, iteration 1670, time: 874.2966909408569
Starting label LEVI, seed 53, iteration 1680, time: 880.1062757968903
Starting label LEVI, seed 53, iteration 1690, time: 886.34343957901
Starting label LEVI, seed 53, iteration 1700, time: 892.9475545883179
Starting label LEVI, seed 53, iteration 1710, time: 899.3251564502716
Starting label LEVI, seed 53, iteration 1720, time: 905.5502109527588
Starting label LEVI, seed 53, iteration 1730, time: 912.0698006153107
Starting label LEVI, seed 53, iteration 1740, time: 918.7188580036163
Starting label LEVI, seed 53, iteration 1750, time: 925.5147752761841
Starting label LEVI, seed 53, iteration 1760, time: 932.2481377124786
Starting label LEVI, seed 53, iteration 1770, time: 938.4048271179199
Starting label LEVI, seed 53, iteration 1780, time: 944.5874471664429
Starting label LEVI, seed 53, iteration 1790, time: 951.0686073303223
Starting label LEVI, seed 53, iteration 1800, time: 958.1462409496307
Starting label LEVI, seed 53, iteration 1810, time: 964.8908929824829
Starting label LEVI, seed 53, iteration 1820, time: 971.7327554225922
Starting label LEVI, seed 53, iteration 1830, time: 978.233873128891
Starting label LEVI, seed 53, iteration 1840, time: 984.5440425872803
Starting label LEVI, seed 53, iteration 1850, time: 991.12828373909
Starting label LEVI, seed 53, iteration 1860, time: 998.064953327179
Starting label LEVI, seed 53, iteration 1870, time: 1005.0589592456818
Starting label LEVI, seed 53, iteration 1880, time: 1011.7762160301208
Starting label LEVI, seed 53, iteration 1890, time: 1018.328136920929
Starting label LEVI, seed 53, iteration 1900, time: 1026.1699573993683
Starting label LEVI, seed 53, iteration 1910, time: 1034.173234462738
Starting label LEVI, seed 53, iteration 1920, time: 1041.1865673065186
Starting label LEVI, seed 53, iteration 1930, time: 1048.8538055419922
Starting label LEVI, seed 53, iteration 1940, time: 1056.1961793899536
Starting label LEVI, seed 53, iteration 1950, time: 1062.9887685775757
Starting label LEVI, seed 53, iteration 1960, time: 1070.6677498817444
Starting label LEVI, seed 53, iteration 1970, time: 1078.1966774463654
Starting label LEVI, seed 53, iteration 1980, time: 1085.6544785499573
Starting label LEVI, seed 53, iteration 1990, time: 1093.1850962638855
submitit INFO (2022-10-02 13:40:39,782) - Job completed successfully
