submitit INFO (2022-10-02 00:03:08,716) - Starting with JobEnvironment(job_id=883160_4, hostname=lecun.cs.cornell.edu, local_rank=0(1), node=0(1), global_rank=0(1))
submitit INFO (2022-10-02 00:03:08,716) - Loading pickle: /home/gid-cakmaks/contextual_rs/experiments/wsc_experiments/logs/883160_4/883160_4_submitted.pkl
Starting label LEVI, seed 34, iteration 0, time: 9.775161743164062e-05
Starting label LEVI, seed 34, iteration 10, time: 2.4715311527252197
Starting label LEVI, seed 34, iteration 20, time: 4.625790596008301
Starting label LEVI, seed 34, iteration 30, time: 6.769455432891846
Starting label LEVI, seed 34, iteration 40, time: 8.941397190093994
Starting label LEVI, seed 34, iteration 50, time: 11.107892751693726
Starting label LEVI, seed 34, iteration 60, time: 13.324098825454712
Starting label LEVI, seed 34, iteration 70, time: 15.516449451446533
Starting label LEVI, seed 34, iteration 80, time: 17.661126852035522
Starting label LEVI, seed 34, iteration 90, time: 19.86973214149475
Starting label LEVI, seed 34, iteration 100, time: 22.071611166000366
Starting label LEVI, seed 34, iteration 110, time: 24.26470971107483
Starting label LEVI, seed 34, iteration 120, time: 26.432998418807983
Starting label LEVI, seed 34, iteration 130, time: 28.637938976287842
Starting label LEVI, seed 34, iteration 140, time: 30.951602458953857
Starting label LEVI, seed 34, iteration 150, time: 33.13629722595215
Starting label LEVI, seed 34, iteration 160, time: 35.34305119514465
Starting label LEVI, seed 34, iteration 170, time: 37.54224443435669
Starting label LEVI, seed 34, iteration 180, time: 39.708216190338135
Starting label LEVI, seed 34, iteration 190, time: 41.96448755264282
Starting label LEVI, seed 34, iteration 200, time: 44.22026038169861
Starting label LEVI, seed 34, iteration 210, time: 46.37707471847534
Starting label LEVI, seed 34, iteration 220, time: 48.59163212776184
Starting label LEVI, seed 34, iteration 230, time: 51.00086760520935
Starting label LEVI, seed 34, iteration 240, time: 53.28327989578247
Starting label LEVI, seed 34, iteration 250, time: 55.53594088554382
Starting label LEVI, seed 34, iteration 260, time: 57.770074129104614
Starting label LEVI, seed 34, iteration 270, time: 60.00144076347351
Starting label LEVI, seed 34, iteration 280, time: 62.293214321136475
Starting label LEVI, seed 34, iteration 290, time: 64.53250432014465
Starting label LEVI, seed 34, iteration 300, time: 66.83567810058594
Starting label LEVI, seed 34, iteration 310, time: 69.24598598480225
Starting label LEVI, seed 34, iteration 320, time: 71.5619285106659
Starting label LEVI, seed 34, iteration 330, time: 73.8810784816742
Starting label LEVI, seed 34, iteration 340, time: 76.0937967300415
Starting label LEVI, seed 34, iteration 350, time: 78.34503483772278
Starting label LEVI, seed 34, iteration 360, time: 80.62906169891357
Starting label LEVI, seed 34, iteration 370, time: 82.98605585098267
Starting label LEVI, seed 34, iteration 380, time: 85.34406971931458
Starting label LEVI, seed 34, iteration 390, time: 87.79373383522034
Starting label LEVI, seed 34, iteration 400, time: 90.20700168609619
Starting label LEVI, seed 34, iteration 410, time: 92.62110924720764
Starting label LEVI, seed 34, iteration 420, time: 95.00762915611267
Starting label LEVI, seed 34, iteration 430, time: 97.4312515258789
Starting label LEVI, seed 34, iteration 440, time: 99.80843043327332
Starting label LEVI, seed 34, iteration 450, time: 102.27269172668457
Starting label LEVI, seed 34, iteration 460, time: 104.7535400390625
Starting label LEVI, seed 34, iteration 470, time: 107.32296967506409
Starting label LEVI, seed 34, iteration 480, time: 109.7272584438324
Starting label LEVI, seed 34, iteration 490, time: 112.19425129890442
Starting label LEVI, seed 34, iteration 500, time: 114.67324352264404
Starting label LEVI, seed 34, iteration 510, time: 117.04716229438782
Starting label LEVI, seed 34, iteration 520, time: 119.4296772480011
Starting label LEVI, seed 34, iteration 530, time: 121.84512066841125
Starting label LEVI, seed 34, iteration 540, time: 124.24307870864868
Starting label LEVI, seed 34, iteration 550, time: 126.63755059242249
Starting label LEVI, seed 34, iteration 560, time: 129.11161184310913
Starting label LEVI, seed 34, iteration 570, time: 131.54561471939087
Starting label LEVI, seed 34, iteration 580, time: 133.9594054222107
Starting label LEVI, seed 34, iteration 590, time: 136.3183491230011
Starting label LEVI, seed 34, iteration 600, time: 138.71188282966614
Starting label LEVI, seed 34, iteration 610, time: 141.08860754966736
Starting label LEVI, seed 34, iteration 620, time: 143.48020696640015
Starting label LEVI, seed 34, iteration 630, time: 145.8840298652649
Starting label LEVI, seed 34, iteration 640, time: 148.38403630256653
Starting label LEVI, seed 34, iteration 650, time: 150.89251327514648
Starting label LEVI, seed 34, iteration 660, time: 153.38164520263672
Starting label LEVI, seed 34, iteration 670, time: 155.86498546600342
Starting label LEVI, seed 34, iteration 680, time: 158.33981490135193
Starting label LEVI, seed 34, iteration 690, time: 160.87778854370117
Starting label LEVI, seed 34, iteration 700, time: 163.50348544120789
Starting label LEVI, seed 34, iteration 710, time: 166.14349555969238
Starting label LEVI, seed 34, iteration 720, time: 168.8158974647522
Starting label LEVI, seed 34, iteration 730, time: 171.51102876663208
Starting label LEVI, seed 34, iteration 740, time: 174.11321544647217
Starting label LEVI, seed 34, iteration 750, time: 176.66241192817688
Starting label LEVI, seed 34, iteration 760, time: 179.19210290908813
Starting label LEVI, seed 34, iteration 770, time: 181.7086398601532
Starting label LEVI, seed 34, iteration 780, time: 184.29519176483154
Starting label LEVI, seed 34, iteration 790, time: 186.8949728012085
Starting label LEVI, seed 34, iteration 800, time: 189.4739830493927
Starting label LEVI, seed 34, iteration 810, time: 192.2198429107666
Starting label LEVI, seed 34, iteration 820, time: 194.92561078071594
Starting label LEVI, seed 34, iteration 830, time: 197.6847846508026
Starting label LEVI, seed 34, iteration 840, time: 200.3139669895172
Starting label LEVI, seed 34, iteration 850, time: 202.98666787147522
Starting label LEVI, seed 34, iteration 860, time: 205.75725889205933
Starting label LEVI, seed 34, iteration 870, time: 208.57608652114868
Starting label LEVI, seed 34, iteration 880, time: 211.3515658378601
Starting label LEVI, seed 34, iteration 890, time: 214.29511308670044
Starting label LEVI, seed 34, iteration 900, time: 217.22393560409546
Starting label LEVI, seed 34, iteration 910, time: 220.11206483840942
Starting label LEVI, seed 34, iteration 920, time: 222.90662932395935
Starting label LEVI, seed 34, iteration 930, time: 225.67966866493225
Starting label LEVI, seed 34, iteration 940, time: 228.5283420085907
Starting label LEVI, seed 34, iteration 950, time: 231.51135349273682
Starting label LEVI, seed 34, iteration 960, time: 234.44571590423584
Starting label LEVI, seed 34, iteration 970, time: 237.2818365097046
Starting label LEVI, seed 34, iteration 980, time: 240.26981139183044
Starting label LEVI, seed 34, iteration 990, time: 243.19423413276672
Starting label LEVI, seed 34, iteration 1000, time: 246.25137591362
Starting label LEVI, seed 34, iteration 1010, time: 249.2893590927124
Starting label LEVI, seed 34, iteration 1020, time: 252.26763677597046
Starting label LEVI, seed 34, iteration 1030, time: 255.25295448303223
Starting label LEVI, seed 34, iteration 1040, time: 258.29898262023926
Starting label LEVI, seed 34, iteration 1050, time: 261.6718719005585
Starting label LEVI, seed 34, iteration 1060, time: 264.7751932144165
Starting label LEVI, seed 34, iteration 1070, time: 267.80954813957214
Starting label LEVI, seed 34, iteration 1080, time: 270.8762004375458
Starting label LEVI, seed 34, iteration 1090, time: 273.8717255592346
Starting label LEVI, seed 34, iteration 1100, time: 276.88946747779846
Starting label LEVI, seed 34, iteration 1110, time: 279.8766396045685
Starting label LEVI, seed 34, iteration 1120, time: 282.942498922348
Starting label LEVI, seed 34, iteration 1130, time: 286.1517505645752
Starting label LEVI, seed 34, iteration 1140, time: 289.37345576286316
Starting label LEVI, seed 34, iteration 1150, time: 292.4623694419861
Starting label LEVI, seed 34, iteration 1160, time: 295.575603723526
Starting label LEVI, seed 34, iteration 1170, time: 298.6718158721924
Starting label LEVI, seed 34, iteration 1180, time: 301.80220913887024
Starting label LEVI, seed 34, iteration 1190, time: 305.01957964897156
Starting label LEVI, seed 34, iteration 1200, time: 308.2805435657501
Starting label LEVI, seed 34, iteration 1210, time: 311.66089630126953
Starting label LEVI, seed 34, iteration 1220, time: 315.03834795951843
Starting label LEVI, seed 34, iteration 1230, time: 318.21326971054077
Starting label LEVI, seed 34, iteration 1240, time: 321.58017134666443
Starting label LEVI, seed 34, iteration 1250, time: 324.79284596443176
Starting label LEVI, seed 34, iteration 1260, time: 328.0437936782837
Starting label LEVI, seed 34, iteration 1270, time: 331.378351688385
Starting label LEVI, seed 34, iteration 1280, time: 334.7693588733673
Starting label LEVI, seed 34, iteration 1290, time: 338.0542256832123
Starting label LEVI, seed 34, iteration 1300, time: 341.4283404350281
Starting label LEVI, seed 34, iteration 1310, time: 344.7495141029358
Starting label LEVI, seed 34, iteration 1320, time: 348.1131055355072
Starting label LEVI, seed 34, iteration 1330, time: 351.52125000953674
Starting label LEVI, seed 34, iteration 1340, time: 354.9980812072754
Starting label LEVI, seed 34, iteration 1350, time: 358.40478777885437
Starting label LEVI, seed 34, iteration 1360, time: 361.6712899208069
Starting label LEVI, seed 34, iteration 1370, time: 365.0499165058136
Starting label LEVI, seed 34, iteration 1380, time: 368.49909830093384
Starting label LEVI, seed 34, iteration 1390, time: 372.0344488620758
Starting label LEVI, seed 34, iteration 1400, time: 375.6384654045105
Starting label LEVI, seed 34, iteration 1410, time: 378.91551327705383
Starting label LEVI, seed 34, iteration 1420, time: 382.20788073539734
Starting label LEVI, seed 34, iteration 1430, time: 385.54551553726196
Starting label LEVI, seed 34, iteration 1440, time: 388.9757776260376
Starting label LEVI, seed 34, iteration 1450, time: 392.75204610824585
Starting label LEVI, seed 34, iteration 1460, time: 396.494549036026
Starting label LEVI, seed 34, iteration 1470, time: 400.0625605583191
Starting label LEVI, seed 34, iteration 1480, time: 403.7900826931
Starting label LEVI, seed 34, iteration 1490, time: 407.40278363227844
Starting label LEVI, seed 34, iteration 1500, time: 411.02827525138855
Starting label LEVI, seed 34, iteration 1510, time: 414.6839928627014
Starting label LEVI, seed 34, iteration 1520, time: 418.3628873825073
Starting label LEVI, seed 34, iteration 1530, time: 421.9898691177368
Starting label LEVI, seed 34, iteration 1540, time: 425.76405811309814
Starting label LEVI, seed 34, iteration 1550, time: 429.51408314704895
Starting label LEVI, seed 34, iteration 1560, time: 433.2272460460663
Starting label LEVI, seed 34, iteration 1570, time: 436.97049355506897
Starting label LEVI, seed 34, iteration 1580, time: 441.0133500099182
Starting label LEVI, seed 34, iteration 1590, time: 444.7199730873108
Starting label LEVI, seed 34, iteration 1600, time: 448.42678022384644
Starting label LEVI, seed 34, iteration 1610, time: 452.2118000984192
Starting label LEVI, seed 34, iteration 1620, time: 455.9644422531128
Starting label LEVI, seed 34, iteration 1630, time: 459.93134570121765
Starting label LEVI, seed 34, iteration 1640, time: 463.75701785087585
Starting label LEVI, seed 34, iteration 1650, time: 467.6467168331146
Starting label LEVI, seed 34, iteration 1660, time: 471.64612770080566
Starting label LEVI, seed 34, iteration 1670, time: 475.67430901527405
Starting label LEVI, seed 34, iteration 1680, time: 479.8716332912445
Starting label LEVI, seed 34, iteration 1690, time: 484.0357220172882
Starting label LEVI, seed 34, iteration 1700, time: 488.41561818122864
Starting label LEVI, seed 34, iteration 1710, time: 492.50176215171814
Starting label LEVI, seed 34, iteration 1720, time: 496.41737031936646
Starting label LEVI, seed 34, iteration 1730, time: 500.15978360176086
Starting label LEVI, seed 34, iteration 1740, time: 504.0894408226013
Starting label LEVI, seed 34, iteration 1750, time: 508.2370629310608
Starting label LEVI, seed 34, iteration 1760, time: 512.574948310852
Starting label LEVI, seed 34, iteration 1770, time: 516.5626854896545
Starting label LEVI, seed 34, iteration 1780, time: 520.4025132656097
Starting label LEVI, seed 34, iteration 1790, time: 524.4710223674774
Starting label LEVI, seed 34, iteration 1800, time: 528.7495975494385
Starting label LEVI, seed 34, iteration 1810, time: 532.9651870727539
Starting label LEVI, seed 34, iteration 1820, time: 537.3149540424347
Starting label LEVI, seed 34, iteration 1830, time: 541.420576095581
Starting label LEVI, seed 34, iteration 1840, time: 545.4134638309479
Starting label LEVI, seed 34, iteration 1850, time: 549.1691918373108
Starting label LEVI, seed 34, iteration 1860, time: 552.9488444328308
Starting label LEVI, seed 34, iteration 1870, time: 556.8145444393158
Starting label LEVI, seed 34, iteration 1880, time: 560.8042554855347
Starting label LEVI, seed 34, iteration 1890, time: 564.827760219574
Starting label LEVI, seed 34, iteration 1900, time: 568.9292385578156
Starting label LEVI, seed 34, iteration 1910, time: 573.1061046123505
Starting label LEVI, seed 34, iteration 1920, time: 577.25275349617
Starting label LEVI, seed 34, iteration 1930, time: 581.4867033958435
Starting label LEVI, seed 34, iteration 1940, time: 585.8925149440765
Starting label LEVI, seed 34, iteration 1950, time: 590.1849727630615
Starting label LEVI, seed 34, iteration 1960, time: 594.4962182044983
Starting label LEVI, seed 34, iteration 1970, time: 599.0477635860443
Starting label LEVI, seed 34, iteration 1980, time: 603.5435140132904
Starting label LEVI, seed 34, iteration 1990, time: 607.9384908676147
submitit INFO (2022-10-02 00:13:22,809) - Job completed successfully
