submitit INFO (2022-10-02 00:29:22,944) - Starting with JobEnvironment(job_id=883232_8, hostname=joachims-compute-02.cs.cornell.edu, local_rank=0(1), node=0(1), global_rank=0(1))
submitit INFO (2022-10-02 00:29:22,944) - Loading pickle: /home/gid-cakmaks/contextual_rs/experiments/wsc_experiments/logs/883232_8/883232_8_submitted.pkl
Starting label LEVI, seed 8, iteration 0, time: 0.0006339550018310547
Starting label LEVI, seed 8, iteration 10, time: 2.7904772758483887
Starting label LEVI, seed 8, iteration 20, time: 5.462282180786133
Starting label LEVI, seed 8, iteration 30, time: 8.105015754699707
Starting label LEVI, seed 8, iteration 40, time: 10.812706708908081
Starting label LEVI, seed 8, iteration 50, time: 13.50110912322998
Starting label LEVI, seed 8, iteration 60, time: 16.294394969940186
Starting label LEVI, seed 8, iteration 70, time: 19.025876998901367
Starting label LEVI, seed 8, iteration 80, time: 21.91791272163391
Starting label LEVI, seed 8, iteration 90, time: 24.784916162490845
Starting label LEVI, seed 8, iteration 100, time: 27.555898189544678
Starting label LEVI, seed 8, iteration 110, time: 30.354013919830322
Starting label LEVI, seed 8, iteration 120, time: 33.258909463882446
Starting label LEVI, seed 8, iteration 130, time: 36.12823224067688
Starting label LEVI, seed 8, iteration 140, time: 39.05739164352417
Starting label LEVI, seed 8, iteration 150, time: 41.865824460983276
Starting label LEVI, seed 8, iteration 160, time: 44.67631697654724
Starting label LEVI, seed 8, iteration 170, time: 47.61874842643738
Starting label LEVI, seed 8, iteration 180, time: 50.44797611236572
Starting label LEVI, seed 8, iteration 190, time: 53.36343050003052
Starting label LEVI, seed 8, iteration 200, time: 56.39370012283325
Starting label LEVI, seed 8, iteration 210, time: 59.3175323009491
Starting label LEVI, seed 8, iteration 220, time: 62.32155442237854
Starting label LEVI, seed 8, iteration 230, time: 65.25421166419983
Starting label LEVI, seed 8, iteration 240, time: 68.14335227012634
Starting label LEVI, seed 8, iteration 250, time: 71.06209945678711
Starting label LEVI, seed 8, iteration 260, time: 73.86018013954163
Starting label LEVI, seed 8, iteration 270, time: 76.6548388004303
Starting label LEVI, seed 8, iteration 280, time: 79.58220219612122
Starting label LEVI, seed 8, iteration 290, time: 82.47408533096313
Starting label LEVI, seed 8, iteration 300, time: 85.40723586082458
Starting label LEVI, seed 8, iteration 310, time: 88.40160417556763
Starting label LEVI, seed 8, iteration 320, time: 91.37633323669434
Starting label LEVI, seed 8, iteration 330, time: 94.29712224006653
Starting label LEVI, seed 8, iteration 340, time: 97.31765675544739
Starting label LEVI, seed 8, iteration 350, time: 100.33627963066101
Starting label LEVI, seed 8, iteration 360, time: 103.2316164970398
Starting label LEVI, seed 8, iteration 370, time: 106.17898559570312
Starting label LEVI, seed 8, iteration 380, time: 109.18206310272217
Starting label LEVI, seed 8, iteration 390, time: 112.20532822608948
Starting label LEVI, seed 8, iteration 400, time: 115.13652896881104
Starting label LEVI, seed 8, iteration 410, time: 118.18337202072144
Starting label LEVI, seed 8, iteration 420, time: 121.11045861244202
Starting label LEVI, seed 8, iteration 430, time: 124.15672850608826
Starting label LEVI, seed 8, iteration 440, time: 127.20792984962463
Starting label LEVI, seed 8, iteration 450, time: 130.15178275108337
Starting label LEVI, seed 8, iteration 460, time: 133.1480827331543
Starting label LEVI, seed 8, iteration 470, time: 136.22521233558655
Starting label LEVI, seed 8, iteration 480, time: 139.3192834854126
Starting label LEVI, seed 8, iteration 490, time: 142.43294286727905
Starting label LEVI, seed 8, iteration 500, time: 145.45946407318115
Starting label LEVI, seed 8, iteration 510, time: 148.63171982765198
Starting label LEVI, seed 8, iteration 520, time: 151.9738850593567
Starting label LEVI, seed 8, iteration 530, time: 155.23614597320557
Starting label LEVI, seed 8, iteration 540, time: 158.3453710079193
Starting label LEVI, seed 8, iteration 550, time: 161.59910082817078
Starting label LEVI, seed 8, iteration 560, time: 164.7854871749878
Starting label LEVI, seed 8, iteration 570, time: 168.1402518749237
Starting label LEVI, seed 8, iteration 580, time: 171.54471158981323
Starting label LEVI, seed 8, iteration 590, time: 175.10969471931458
Starting label LEVI, seed 8, iteration 600, time: 178.43266320228577
Starting label LEVI, seed 8, iteration 610, time: 181.66840362548828
Starting label LEVI, seed 8, iteration 620, time: 185.1180064678192
Starting label LEVI, seed 8, iteration 630, time: 188.43116688728333
Starting label LEVI, seed 8, iteration 640, time: 192.39652848243713
Starting label LEVI, seed 8, iteration 650, time: 196.32893300056458
Starting label LEVI, seed 8, iteration 660, time: 200.40695881843567
Starting label LEVI, seed 8, iteration 670, time: 204.51157188415527
Starting label LEVI, seed 8, iteration 680, time: 208.56818628311157
Starting label LEVI, seed 8, iteration 690, time: 212.6402177810669
Starting label LEVI, seed 8, iteration 700, time: 216.87631940841675
Starting label LEVI, seed 8, iteration 710, time: 220.85804080963135
Starting label LEVI, seed 8, iteration 720, time: 224.75369310379028
Starting label LEVI, seed 8, iteration 730, time: 228.7111587524414
Starting label LEVI, seed 8, iteration 740, time: 232.63171291351318
Starting label LEVI, seed 8, iteration 750, time: 237.09335803985596
Starting label LEVI, seed 8, iteration 760, time: 241.19553232192993
Starting label LEVI, seed 8, iteration 770, time: 245.6406967639923
Starting label LEVI, seed 8, iteration 780, time: 250.24363803863525
Starting label LEVI, seed 8, iteration 790, time: 254.81895756721497
Starting label LEVI, seed 8, iteration 800, time: 259.37944650650024
Starting label LEVI, seed 8, iteration 810, time: 264.1511776447296
Starting label LEVI, seed 8, iteration 820, time: 268.93961334228516
Starting label LEVI, seed 8, iteration 830, time: 273.4018168449402
Starting label LEVI, seed 8, iteration 840, time: 278.3969099521637
Starting label LEVI, seed 8, iteration 850, time: 283.67290210723877
Starting label LEVI, seed 8, iteration 860, time: 289.0791277885437
Starting label LEVI, seed 8, iteration 870, time: 293.9047861099243
Starting label LEVI, seed 8, iteration 880, time: 299.2176253795624
Starting label LEVI, seed 8, iteration 890, time: 304.2898931503296
Starting label LEVI, seed 8, iteration 900, time: 309.132360458374
Starting label LEVI, seed 8, iteration 910, time: 314.12141394615173
Starting label LEVI, seed 8, iteration 920, time: 319.8572702407837
Starting label LEVI, seed 8, iteration 930, time: 325.5199820995331
Starting label LEVI, seed 8, iteration 940, time: 331.00444746017456
Starting label LEVI, seed 8, iteration 950, time: 335.8063759803772
Starting label LEVI, seed 8, iteration 960, time: 340.60313057899475
Starting label LEVI, seed 8, iteration 970, time: 346.05890583992004
Starting label LEVI, seed 8, iteration 980, time: 351.45728611946106
Starting label LEVI, seed 8, iteration 990, time: 356.52813243865967
Starting label LEVI, seed 8, iteration 1000, time: 361.68423318862915
Starting label LEVI, seed 8, iteration 1010, time: 367.47716665267944
Starting label LEVI, seed 8, iteration 1020, time: 372.7050256729126
Starting label LEVI, seed 8, iteration 1030, time: 378.53095388412476
Starting label LEVI, seed 8, iteration 1040, time: 383.63186407089233
Starting label LEVI, seed 8, iteration 1050, time: 389.68834614753723
Starting label LEVI, seed 8, iteration 1060, time: 395.29384112358093
Starting label LEVI, seed 8, iteration 1070, time: 400.939257144928
Starting label LEVI, seed 8, iteration 1080, time: 407.94760727882385
Starting label LEVI, seed 8, iteration 1090, time: 413.6392025947571
Starting label LEVI, seed 8, iteration 1100, time: 419.65582847595215
Starting label LEVI, seed 8, iteration 1110, time: 426.22785806655884
Starting label LEVI, seed 8, iteration 1120, time: 432.2567653656006
Starting label LEVI, seed 8, iteration 1130, time: 439.3844916820526
Starting label LEVI, seed 8, iteration 1140, time: 446.3020191192627
Starting label LEVI, seed 8, iteration 1150, time: 452.6548857688904
Starting label LEVI, seed 8, iteration 1160, time: 459.82996678352356
Starting label LEVI, seed 8, iteration 1170, time: 467.4885444641113
Starting label LEVI, seed 8, iteration 1180, time: 474.5385208129883
Starting label LEVI, seed 8, iteration 1190, time: 481.9024746417999
Starting label LEVI, seed 8, iteration 1200, time: 489.08259677886963
Starting label LEVI, seed 8, iteration 1210, time: 496.3284285068512
Starting label LEVI, seed 8, iteration 1220, time: 505.1572723388672
Starting label LEVI, seed 8, iteration 1230, time: 512.5860047340393
Starting label LEVI, seed 8, iteration 1240, time: 520.8010585308075
Starting label LEVI, seed 8, iteration 1250, time: 528.7553606033325
Starting label LEVI, seed 8, iteration 1260, time: 536.6834280490875
Starting label LEVI, seed 8, iteration 1270, time: 545.7218782901764
Starting label LEVI, seed 8, iteration 1280, time: 553.7132017612457
Starting label LEVI, seed 8, iteration 1290, time: 562.0225629806519
Starting label LEVI, seed 8, iteration 1300, time: 570.6642327308655
Starting label LEVI, seed 8, iteration 1310, time: 579.6937596797943
Starting label LEVI, seed 8, iteration 1320, time: 588.2775528430939
Starting label LEVI, seed 8, iteration 1330, time: 598.7711291313171
Starting label LEVI, seed 8, iteration 1340, time: 607.9704594612122
Starting label LEVI, seed 8, iteration 1350, time: 618.9712369441986
Starting label LEVI, seed 8, iteration 1360, time: 630.1492023468018
Starting label LEVI, seed 8, iteration 1370, time: 641.8441710472107
Starting label LEVI, seed 8, iteration 1380, time: 651.1759116649628
Starting label LEVI, seed 8, iteration 1390, time: 660.9116206169128
Starting label LEVI, seed 8, iteration 1400, time: 670.6010224819183
Starting label LEVI, seed 8, iteration 1410, time: 680.6512265205383
Starting label LEVI, seed 8, iteration 1420, time: 694.7153046131134
Starting label LEVI, seed 8, iteration 1430, time: 706.7749321460724
Starting label LEVI, seed 8, iteration 1440, time: 718.689617395401
Starting label LEVI, seed 8, iteration 1450, time: 731.1687245368958
Starting label LEVI, seed 8, iteration 1460, time: 741.9298179149628
Starting label LEVI, seed 8, iteration 1470, time: 752.924471616745
Starting label LEVI, seed 8, iteration 1480, time: 763.9273979663849
Starting label LEVI, seed 8, iteration 1490, time: 775.2911999225616
Starting label LEVI, seed 8, iteration 1500, time: 787.0113549232483
Starting label LEVI, seed 8, iteration 1510, time: 798.7041418552399
Starting label LEVI, seed 8, iteration 1520, time: 813.017697095871
Starting label LEVI, seed 8, iteration 1530, time: 827.8783433437347
Starting label LEVI, seed 8, iteration 1540, time: 841.0271825790405
Starting label LEVI, seed 8, iteration 1550, time: 855.0152344703674
Starting label LEVI, seed 8, iteration 1560, time: 867.90722489357
Starting label LEVI, seed 8, iteration 1570, time: 880.7336320877075
Starting label LEVI, seed 8, iteration 1580, time: 894.3445479869843
Starting label LEVI, seed 8, iteration 1590, time: 906.85204911232
Starting label LEVI, seed 8, iteration 1600, time: 922.5968201160431
Starting label LEVI, seed 8, iteration 1610, time: 936.2168018817902
Starting label LEVI, seed 8, iteration 1620, time: 949.3313679695129
Starting label LEVI, seed 8, iteration 1630, time: 965.8947606086731
Starting label LEVI, seed 8, iteration 1640, time: 981.6676197052002
Starting label LEVI, seed 8, iteration 1650, time: 996.0659863948822
Starting label LEVI, seed 8, iteration 1660, time: 1013.297952413559
Starting label LEVI, seed 8, iteration 1670, time: 1031.075574874878
Starting label LEVI, seed 8, iteration 1680, time: 1048.7180156707764
Starting label LEVI, seed 8, iteration 1690, time: 1063.6724033355713
Starting label LEVI, seed 8, iteration 1700, time: 1078.984194278717
Starting label LEVI, seed 8, iteration 1710, time: 1096.6939952373505
Starting label LEVI, seed 8, iteration 1720, time: 1115.4957311153412
Starting label LEVI, seed 8, iteration 1730, time: 1133.1321318149567
Starting label LEVI, seed 8, iteration 1740, time: 1149.6687152385712
Starting label LEVI, seed 8, iteration 1750, time: 1166.5311737060547
Starting label LEVI, seed 8, iteration 1760, time: 1182.7141332626343
Starting label LEVI, seed 8, iteration 1770, time: 1200.1650247573853
Starting label LEVI, seed 8, iteration 1780, time: 1220.37672829628
Starting label LEVI, seed 8, iteration 1790, time: 1237.4778852462769
Starting label LEVI, seed 8, iteration 1800, time: 1255.8386809825897
Starting label LEVI, seed 8, iteration 1810, time: 1273.753895521164
Starting label LEVI, seed 8, iteration 1820, time: 1291.3606145381927
Starting label LEVI, seed 8, iteration 1830, time: 1308.8177905082703
Starting label LEVI, seed 8, iteration 1840, time: 1326.9236845970154
Starting label LEVI, seed 8, iteration 1850, time: 1345.4006893634796
Starting label LEVI, seed 8, iteration 1860, time: 1365.5181634426117
Starting label LEVI, seed 8, iteration 1870, time: 1386.8869621753693
Starting label LEVI, seed 8, iteration 1880, time: 1404.6106250286102
Starting label LEVI, seed 8, iteration 1890, time: 1423.0513000488281
Starting label LEVI, seed 8, iteration 1900, time: 1444.7125742435455
Starting label LEVI, seed 8, iteration 1910, time: 1464.1485228538513
Starting label LEVI, seed 8, iteration 1920, time: 1481.7572293281555
Starting label LEVI, seed 8, iteration 1930, time: 1502.8339297771454
Starting label LEVI, seed 8, iteration 1940, time: 1525.4937784671783
Starting label LEVI, seed 8, iteration 1950, time: 1548.9359681606293
Starting label LEVI, seed 8, iteration 1960, time: 1573.0892870426178
submitit WARNING (2022-10-02 00:55:52,198) - Bypassing signal SIGTERM
submitit WARNING (2022-10-02 00:55:52,198) - Bypassing signal SIGCONT
Starting label LEVI, seed 8, iteration 1970, time: 1591.8482263088226
Starting label LEVI, seed 8, iteration 1980, time: 1611.1739082336426
