submitit INFO (2022-10-02 02:25:17,351) - Starting with JobEnvironment(job_id=883715_6, hostname=lecun.cs.cornell.edu, local_rank=0(1), node=0(1), global_rank=0(1))
submitit INFO (2022-10-02 02:25:17,351) - Loading pickle: /home/gid-cakmaks/contextual_rs/experiments/wsc_experiments/logs/883715_6/883715_6_submitted.pkl
Appending iterations to existing output!Warning: If parameters other than `iterations` have been changed, this will corrupt the output!
Starting label LEVI, seed 67, iteration 1590, time: 469.7892236709595
Starting label LEVI, seed 67, iteration 1600, time: 481.7846508026123
Starting label LEVI, seed 67, iteration 1610, time: 493.4849088191986
Starting label LEVI, seed 67, iteration 1620, time: 505.6205403804779
Starting label LEVI, seed 67, iteration 1630, time: 516.837584733963
Starting label LEVI, seed 67, iteration 1640, time: 528.1703248023987
Starting label LEVI, seed 67, iteration 1650, time: 541.5671429634094
Starting label LEVI, seed 67, iteration 1660, time: 553.5400676727295
Starting label LEVI, seed 67, iteration 1670, time: 566.3815538883209
Starting label LEVI, seed 67, iteration 1680, time: 578.8402273654938
Starting label LEVI, seed 67, iteration 1690, time: 591.2542726993561
Starting label LEVI, seed 67, iteration 1700, time: 604.0238296985626
Starting label LEVI, seed 67, iteration 1710, time: 615.2346119880676
Starting label LEVI, seed 67, iteration 1720, time: 628.4197626113892
Starting label LEVI, seed 67, iteration 1730, time: 641.4121775627136
Starting label LEVI, seed 67, iteration 1740, time: 654.4044938087463
Starting label LEVI, seed 67, iteration 1750, time: 665.7050507068634
Starting label LEVI, seed 67, iteration 1760, time: 678.8921775817871
Starting label LEVI, seed 67, iteration 1770, time: 692.2501924037933
Starting label LEVI, seed 67, iteration 1780, time: 706.2467062473297
Starting label LEVI, seed 67, iteration 1790, time: 720.1725273132324
Starting label LEVI, seed 67, iteration 1800, time: 732.4630575180054
Starting label LEVI, seed 67, iteration 1810, time: 744.1073997020721
Starting label LEVI, seed 67, iteration 1820, time: 759.3089878559113
Starting label LEVI, seed 67, iteration 1830, time: 771.1196615695953
Starting label LEVI, seed 67, iteration 1840, time: 786.4005153179169
Starting label LEVI, seed 67, iteration 1850, time: 802.0657374858856
Starting label LEVI, seed 67, iteration 1860, time: 820.2832722663879
Starting label LEVI, seed 67, iteration 1870, time: 836.502605676651
Starting label LEVI, seed 67, iteration 1880, time: 849.6208972930908
Starting label LEVI, seed 67, iteration 1890, time: 864.9272379875183
Starting label LEVI, seed 67, iteration 1900, time: 881.3403177261353
Starting label LEVI, seed 67, iteration 1910, time: 899.34095454216
Starting label LEVI, seed 67, iteration 1920, time: 916.0161800384521
Starting label LEVI, seed 67, iteration 1930, time: 932.3419487476349
Starting label LEVI, seed 67, iteration 1940, time: 948.6750483512878
Starting label LEVI, seed 67, iteration 1950, time: 964.8087556362152
Starting label LEVI, seed 67, iteration 1960, time: 979.0881021022797
Starting label LEVI, seed 67, iteration 1970, time: 995.803927898407
Starting label LEVI, seed 67, iteration 1980, time: 1012.3197243213654
Starting label LEVI, seed 67, iteration 1990, time: 1030.3747458457947
submitit INFO (2022-10-02 02:34:59,199) - Job completed successfully
