submitit INFO (2022-10-02 02:18:07,777) - Starting with JobEnvironment(job_id=883608_1, hostname=nikola-compute-02.cs.cornell.edu, local_rank=0(1), node=0(1), global_rank=0(1))
submitit INFO (2022-10-02 02:18:07,778) - Loading pickle: /home/gid-cakmaks/contextual_rs/experiments/wsc_experiments/logs/883608_1/883608_1_submitted.pkl
Appending iterations to existing output!Warning: If parameters other than `iterations` have been changed, this will corrupt the output!
Starting label LEVI, seed 16, iteration 1130, time: 314.71698570251465
Starting label LEVI, seed 16, iteration 1140, time: 318.3398001194
Starting label LEVI, seed 16, iteration 1150, time: 321.6521713733673
Starting label LEVI, seed 16, iteration 1160, time: 324.949156999588
Starting label LEVI, seed 16, iteration 1170, time: 328.1579792499542
Starting label LEVI, seed 16, iteration 1180, time: 331.47541189193726
Starting label LEVI, seed 16, iteration 1190, time: 334.8671054840088
Starting label LEVI, seed 16, iteration 1200, time: 338.2490243911743
Starting label LEVI, seed 16, iteration 1210, time: 341.5934307575226
Starting label LEVI, seed 16, iteration 1220, time: 345.123507976532
Starting label LEVI, seed 16, iteration 1230, time: 348.6372971534729
Starting label LEVI, seed 16, iteration 1240, time: 352.05221915245056
Starting label LEVI, seed 16, iteration 1250, time: 355.4029440879822
Starting label LEVI, seed 16, iteration 1260, time: 358.9251797199249
Starting label LEVI, seed 16, iteration 1270, time: 362.5927712917328
Starting label LEVI, seed 16, iteration 1280, time: 366.1674077510834
Starting label LEVI, seed 16, iteration 1290, time: 369.813063621521
Starting label LEVI, seed 16, iteration 1300, time: 373.53402185440063
Starting label LEVI, seed 16, iteration 1310, time: 377.2148947715759
Starting label LEVI, seed 16, iteration 1320, time: 380.8834156990051
Starting label LEVI, seed 16, iteration 1330, time: 384.6716876029968
Starting label LEVI, seed 16, iteration 1340, time: 388.3037805557251
submitit WARNING (2022-10-02 02:19:27,059) - Bypassing signal SIGCONT
submitit WARNING (2022-10-02 02:19:27,061) - Bypassing signal SIGTERM
Starting label LEVI, seed 16, iteration 1350, time: 392.1125259399414
Starting label LEVI, seed 16, iteration 1360, time: 395.89983010292053
Starting label LEVI, seed 16, iteration 1370, time: 399.6347167491913
Starting label LEVI, seed 16, iteration 1380, time: 403.32089352607727
Starting label LEVI, seed 16, iteration 1390, time: 407.09356141090393
Starting label LEVI, seed 16, iteration 1400, time: 410.9393718242645
Starting label LEVI, seed 16, iteration 1410, time: 414.7554986476898
Starting label LEVI, seed 16, iteration 1420, time: 418.5616343021393
