submitit INFO (2022-10-02 01:23:12,628) - Starting with JobEnvironment(job_id=883439_8, hostname=sablab-gpu-02.ece.cornell.edu, local_rank=0(1), node=0(1), global_rank=0(1))
submitit INFO (2022-10-02 01:23:12,628) - Loading pickle: /home/gid-cakmaks/contextual_rs/experiments/wsc_experiments/logs/883439_8/883439_8_submitted.pkl
Starting label LEVI, seed 28, iteration 0, time: 0.007819890975952148
Starting label LEVI, seed 28, iteration 10, time: 5.195512294769287
Starting label LEVI, seed 28, iteration 20, time: 10.54064130783081
Starting label LEVI, seed 28, iteration 30, time: 15.528952360153198
Starting label LEVI, seed 28, iteration 40, time: 20.332127332687378
Starting label LEVI, seed 28, iteration 50, time: 26.302956342697144
Starting label LEVI, seed 28, iteration 60, time: 32.597665786743164
Starting label LEVI, seed 28, iteration 70, time: 37.556028842926025
Starting label LEVI, seed 28, iteration 80, time: 42.55120658874512
Starting label LEVI, seed 28, iteration 90, time: 47.59368920326233
Starting label LEVI, seed 28, iteration 100, time: 53.029709339141846
Starting label LEVI, seed 28, iteration 110, time: 58.60901927947998
Starting label LEVI, seed 28, iteration 120, time: 64.26033568382263
Starting label LEVI, seed 28, iteration 130, time: 70.10128617286682
Starting label LEVI, seed 28, iteration 140, time: 76.19360780715942
Starting label LEVI, seed 28, iteration 150, time: 83.77936577796936
Starting label LEVI, seed 28, iteration 160, time: 89.6500289440155
Starting label LEVI, seed 28, iteration 170, time: 95.6908311843872
Starting label LEVI, seed 28, iteration 180, time: 101.7781937122345
Starting label LEVI, seed 28, iteration 190, time: 108.3232831954956
Starting label LEVI, seed 28, iteration 200, time: 114.9662082195282
Starting label LEVI, seed 28, iteration 210, time: 121.8602786064148
Starting label LEVI, seed 28, iteration 220, time: 128.61985731124878
Starting label LEVI, seed 28, iteration 230, time: 135.50239896774292
Starting label LEVI, seed 28, iteration 240, time: 142.14812397956848
Starting label LEVI, seed 28, iteration 250, time: 148.95029306411743
Starting label LEVI, seed 28, iteration 260, time: 155.78696966171265
Starting label LEVI, seed 28, iteration 270, time: 164.11353826522827
Starting label LEVI, seed 28, iteration 280, time: 171.12203907966614
Starting label LEVI, seed 28, iteration 290, time: 178.09329509735107
Starting label LEVI, seed 28, iteration 300, time: 185.2233021259308
Starting label LEVI, seed 28, iteration 310, time: 192.28291249275208
Starting label LEVI, seed 28, iteration 320, time: 199.2559940814972
Starting label LEVI, seed 28, iteration 330, time: 206.286456823349
Starting label LEVI, seed 28, iteration 340, time: 214.9767346382141
Starting label LEVI, seed 28, iteration 350, time: 222.23085403442383
Starting label LEVI, seed 28, iteration 360, time: 229.36898589134216
Starting label LEVI, seed 28, iteration 370, time: 236.20082020759583
Starting label LEVI, seed 28, iteration 380, time: 243.2234013080597
Starting label LEVI, seed 28, iteration 390, time: 250.26224899291992
Starting label LEVI, seed 28, iteration 400, time: 257.2763612270355
Starting label LEVI, seed 28, iteration 410, time: 265.7224304676056
Starting label LEVI, seed 28, iteration 420, time: 272.9015669822693
Starting label LEVI, seed 28, iteration 430, time: 280.10231924057007
Starting label LEVI, seed 28, iteration 440, time: 287.489577293396
Starting label LEVI, seed 28, iteration 450, time: 294.71927189826965
Starting label LEVI, seed 28, iteration 460, time: 302.03778314590454
Starting label LEVI, seed 28, iteration 470, time: 308.999605178833
Starting label LEVI, seed 28, iteration 480, time: 316.3523623943329
Starting label LEVI, seed 28, iteration 490, time: 324.9658327102661
Starting label LEVI, seed 28, iteration 500, time: 332.2793343067169
Starting label LEVI, seed 28, iteration 510, time: 340.7471990585327
Starting label LEVI, seed 28, iteration 520, time: 347.96476221084595
Starting label LEVI, seed 28, iteration 530, time: 356.27833223342896
Starting label LEVI, seed 28, iteration 540, time: 363.9682788848877
Starting label LEVI, seed 28, iteration 550, time: 371.81422209739685
Starting label LEVI, seed 28, iteration 560, time: 379.2250475883484
Starting label LEVI, seed 28, iteration 570, time: 386.63114047050476
Starting label LEVI, seed 28, iteration 580, time: 395.33553433418274
Starting label LEVI, seed 28, iteration 590, time: 402.97511053085327
Starting label LEVI, seed 28, iteration 600, time: 411.0631330013275
Starting label LEVI, seed 28, iteration 610, time: 419.11678290367126
Starting label LEVI, seed 28, iteration 620, time: 428.04957842826843
Starting label LEVI, seed 28, iteration 630, time: 435.8638870716095
Starting label LEVI, seed 28, iteration 640, time: 444.6275873184204
Starting label LEVI, seed 28, iteration 650, time: 453.5063781738281
Starting label LEVI, seed 28, iteration 660, time: 462.2321820259094
Starting label LEVI, seed 28, iteration 670, time: 469.5567753314972
Starting label LEVI, seed 28, iteration 680, time: 477.04319190979004
Starting label LEVI, seed 28, iteration 690, time: 484.560072183609
Starting label LEVI, seed 28, iteration 700, time: 493.3383078575134
Starting label LEVI, seed 28, iteration 710, time: 501.32091903686523
Starting label LEVI, seed 28, iteration 720, time: 508.9637403488159
Starting label LEVI, seed 28, iteration 730, time: 517.8575716018677
Starting label LEVI, seed 28, iteration 740, time: 526.9475693702698
Starting label LEVI, seed 28, iteration 750, time: 534.7462165355682
Starting label LEVI, seed 28, iteration 760, time: 543.394052028656
Starting label LEVI, seed 28, iteration 770, time: 551.4609878063202
Starting label LEVI, seed 28, iteration 780, time: 559.0502536296844
Starting label LEVI, seed 28, iteration 790, time: 566.9671597480774
Starting label LEVI, seed 28, iteration 800, time: 575.7793245315552
Starting label LEVI, seed 28, iteration 810, time: 584.7098255157471
Starting label LEVI, seed 28, iteration 820, time: 592.412367105484
Starting label LEVI, seed 28, iteration 830, time: 601.0785238742828
Starting label LEVI, seed 28, iteration 840, time: 610.1039626598358
Starting label LEVI, seed 28, iteration 850, time: 617.7553572654724
Starting label LEVI, seed 28, iteration 860, time: 625.3824019432068
Starting label LEVI, seed 28, iteration 870, time: 634.4067671298981
Starting label LEVI, seed 28, iteration 880, time: 641.6216380596161
Starting label LEVI, seed 28, iteration 890, time: 648.8284878730774
Starting label LEVI, seed 28, iteration 900, time: 656.5865762233734
Starting label LEVI, seed 28, iteration 910, time: 665.4368197917938
Starting label LEVI, seed 28, iteration 920, time: 673.353569984436
Starting label LEVI, seed 28, iteration 930, time: 681.1576745510101
Starting label LEVI, seed 28, iteration 940, time: 689.0964455604553
Starting label LEVI, seed 28, iteration 950, time: 698.4431171417236
Starting label LEVI, seed 28, iteration 960, time: 707.6109771728516
Starting label LEVI, seed 28, iteration 970, time: 715.4073905944824
Starting label LEVI, seed 28, iteration 980, time: 723.1294260025024
Starting label LEVI, seed 28, iteration 990, time: 731.744879245758
Starting label LEVI, seed 28, iteration 1000, time: 741.0529389381409
Starting label LEVI, seed 28, iteration 1010, time: 749.8722703456879
Starting label LEVI, seed 28, iteration 1020, time: 757.448086977005
Starting label LEVI, seed 28, iteration 1030, time: 766.2684442996979
Starting label LEVI, seed 28, iteration 1040, time: 773.7639124393463
Starting label LEVI, seed 28, iteration 1050, time: 781.3521196842194
Starting label LEVI, seed 28, iteration 1060, time: 788.8881454467773
Starting label LEVI, seed 28, iteration 1070, time: 796.4629974365234
Starting label LEVI, seed 28, iteration 1080, time: 805.5628886222839
Starting label LEVI, seed 28, iteration 1090, time: 813.3921480178833
Starting label LEVI, seed 28, iteration 1100, time: 822.3497643470764
Starting label LEVI, seed 28, iteration 1110, time: 830.9656629562378
Starting label LEVI, seed 28, iteration 1120, time: 840.0048067569733
Starting label LEVI, seed 28, iteration 1130, time: 848.0621483325958
Starting label LEVI, seed 28, iteration 1140, time: 857.3575201034546
Starting label LEVI, seed 28, iteration 1150, time: 865.8735907077789
Starting label LEVI, seed 28, iteration 1160, time: 875.4904370307922
Starting label LEVI, seed 28, iteration 1170, time: 885.0541436672211
Starting label LEVI, seed 28, iteration 1180, time: 893.9238386154175
Starting label LEVI, seed 28, iteration 1190, time: 902.5087199211121
Starting label LEVI, seed 28, iteration 1200, time: 912.088632106781
Starting label LEVI, seed 28, iteration 1210, time: 921.7195918560028
Starting label LEVI, seed 28, iteration 1220, time: 930.7265732288361
Starting label LEVI, seed 28, iteration 1230, time: 939.0214536190033
Starting label LEVI, seed 28, iteration 1240, time: 948.5254988670349
Starting label LEVI, seed 28, iteration 1250, time: 957.2862575054169
Starting label LEVI, seed 28, iteration 1260, time: 966.2344887256622
Starting label LEVI, seed 28, iteration 1270, time: 974.5514526367188
Starting label LEVI, seed 28, iteration 1280, time: 983.2203366756439
Starting label LEVI, seed 28, iteration 1290, time: 992.4076724052429
Starting label LEVI, seed 28, iteration 1300, time: 1000.7090697288513
Starting label LEVI, seed 28, iteration 1310, time: 1009.2949326038361
Starting label LEVI, seed 28, iteration 1320, time: 1017.4727158546448
Starting label LEVI, seed 28, iteration 1330, time: 1026.3523404598236
Starting label LEVI, seed 28, iteration 1340, time: 1034.7263016700745
Starting label LEVI, seed 28, iteration 1350, time: 1042.4833679199219
Starting label LEVI, seed 28, iteration 1360, time: 1050.4764604568481
Starting label LEVI, seed 28, iteration 1370, time: 1058.9392931461334
Starting label LEVI, seed 28, iteration 1380, time: 1066.624882698059
Starting label LEVI, seed 28, iteration 1390, time: 1074.1073505878448
Starting label LEVI, seed 28, iteration 1400, time: 1082.7618975639343
Starting label LEVI, seed 28, iteration 1410, time: 1091.3563566207886
Starting label LEVI, seed 28, iteration 1420, time: 1100.6074855327606
Starting label LEVI, seed 28, iteration 1430, time: 1108.8282041549683
Starting label LEVI, seed 28, iteration 1440, time: 1117.6757769584656
Starting label LEVI, seed 28, iteration 1450, time: 1126.0468928813934
Starting label LEVI, seed 28, iteration 1460, time: 1134.6179111003876
Starting label LEVI, seed 28, iteration 1470, time: 1144.1296656131744
Starting label LEVI, seed 28, iteration 1480, time: 1151.9892530441284
Starting label LEVI, seed 28, iteration 1490, time: 1160.239578962326
Starting label LEVI, seed 28, iteration 1500, time: 1167.869192123413
Starting label LEVI, seed 28, iteration 1510, time: 1176.9268517494202
Starting label LEVI, seed 28, iteration 1520, time: 1186.0750608444214
Starting label LEVI, seed 28, iteration 1530, time: 1194.0606813430786
Starting label LEVI, seed 28, iteration 1540, time: 1201.9853293895721
Starting label LEVI, seed 28, iteration 1550, time: 1209.9636566638947
Starting label LEVI, seed 28, iteration 1560, time: 1218.6649169921875
Starting label LEVI, seed 28, iteration 1570, time: 1227.8423130512238
Starting label LEVI, seed 28, iteration 1580, time: 1236.2499532699585
Starting label LEVI, seed 28, iteration 1590, time: 1244.4628992080688
Starting label LEVI, seed 28, iteration 1600, time: 1253.4829967021942
Starting label LEVI, seed 28, iteration 1610, time: 1262.211279630661
Starting label LEVI, seed 28, iteration 1620, time: 1271.6985762119293
Starting label LEVI, seed 28, iteration 1630, time: 1281.0461225509644
Starting label LEVI, seed 28, iteration 1640, time: 1289.4313189983368
Starting label LEVI, seed 28, iteration 1650, time: 1299.0629744529724
Starting label LEVI, seed 28, iteration 1660, time: 1308.2629466056824
Starting label LEVI, seed 28, iteration 1670, time: 1316.9471015930176
Starting label LEVI, seed 28, iteration 1680, time: 1326.0243318080902
Starting label LEVI, seed 28, iteration 1690, time: 1334.853681564331
Starting label LEVI, seed 28, iteration 1700, time: 1343.02170753479
Starting label LEVI, seed 28, iteration 1710, time: 1352.2078511714935
Starting label LEVI, seed 28, iteration 1720, time: 1360.333976984024
Starting label LEVI, seed 28, iteration 1730, time: 1368.6988639831543
Starting label LEVI, seed 28, iteration 1740, time: 1376.7124371528625
Starting label LEVI, seed 28, iteration 1750, time: 1385.4335856437683
Starting label LEVI, seed 28, iteration 1760, time: 1393.4361853599548
Starting label LEVI, seed 28, iteration 1770, time: 1401.3467366695404
Starting label LEVI, seed 28, iteration 1780, time: 1409.8950712680817
Starting label LEVI, seed 28, iteration 1790, time: 1417.9572784900665
Starting label LEVI, seed 28, iteration 1800, time: 1426.7197279930115
Starting label LEVI, seed 28, iteration 1810, time: 1435.0991263389587
Starting label LEVI, seed 28, iteration 1820, time: 1443.594919681549
Starting label LEVI, seed 28, iteration 1830, time: 1452.0829327106476
Starting label LEVI, seed 28, iteration 1840, time: 1460.2067685127258
Starting label LEVI, seed 28, iteration 1850, time: 1468.4315900802612
Starting label LEVI, seed 28, iteration 1860, time: 1476.9753336906433
Starting label LEVI, seed 28, iteration 1870, time: 1484.8820180892944
Starting label LEVI, seed 28, iteration 1880, time: 1493.2767164707184
Starting label LEVI, seed 28, iteration 1890, time: 1502.0388481616974
Starting label LEVI, seed 28, iteration 1900, time: 1511.0702486038208
Starting label LEVI, seed 28, iteration 1910, time: 1519.3419415950775
Starting label LEVI, seed 28, iteration 1920, time: 1527.8792622089386
Starting label LEVI, seed 28, iteration 1930, time: 1536.124766588211
Starting label LEVI, seed 28, iteration 1940, time: 1544.5241661071777
Starting label LEVI, seed 28, iteration 1950, time: 1553.4516830444336
Starting label LEVI, seed 28, iteration 1960, time: 1561.7086730003357
submitit WARNING (2022-10-02 01:49:22,415) - Bypassing signal SIGCONT
submitit WARNING (2022-10-02 01:49:22,417) - Bypassing signal SIGTERM
Starting label LEVI, seed 28, iteration 1970, time: 1569.7477550506592
Starting label LEVI, seed 28, iteration 1980, time: 1578.6816642284393
Starting label LEVI, seed 28, iteration 1990, time: 1587.355667591095
submitit INFO (2022-10-02 01:49:51,211) - Job completed successfully
