submitit INFO (2022-10-02 00:56:25,348) - Starting with JobEnvironment(job_id=883327_4, hostname=g2-compute-95.coecis.cornell.edu, local_rank=0(1), node=0(1), global_rank=0(1))
submitit INFO (2022-10-02 00:56:25,348) - Loading pickle: /home/gid-cakmaks/contextual_rs/experiments/wsc_experiments/logs/883327_4/883327_4_submitted.pkl
Starting label LEVI, seed 4, iteration 0, time: 0.0004265308380126953
Starting label LEVI, seed 4, iteration 10, time: 2.2519187927246094
Starting label LEVI, seed 4, iteration 20, time: 4.61142110824585
Starting label LEVI, seed 4, iteration 30, time: 6.978396892547607
Starting label LEVI, seed 4, iteration 40, time: 9.274182796478271
Starting label LEVI, seed 4, iteration 50, time: 11.557672262191772
Starting label LEVI, seed 4, iteration 60, time: 13.970579862594604
Starting label LEVI, seed 4, iteration 70, time: 16.37286138534546
Starting label LEVI, seed 4, iteration 80, time: 18.74241280555725
Starting label LEVI, seed 4, iteration 90, time: 21.102062463760376
Starting label LEVI, seed 4, iteration 100, time: 23.522894382476807
Starting label LEVI, seed 4, iteration 110, time: 25.928959608078003
Starting label LEVI, seed 4, iteration 120, time: 28.34819221496582
Starting label LEVI, seed 4, iteration 130, time: 30.800292491912842
Starting label LEVI, seed 4, iteration 140, time: 33.35118079185486
Starting label LEVI, seed 4, iteration 150, time: 35.818753480911255
Starting label LEVI, seed 4, iteration 160, time: 38.27821898460388
Starting label LEVI, seed 4, iteration 170, time: 40.7093985080719
Starting label LEVI, seed 4, iteration 180, time: 43.17298650741577
Starting label LEVI, seed 4, iteration 190, time: 45.65521550178528
Starting label LEVI, seed 4, iteration 200, time: 48.383150577545166
Starting label LEVI, seed 4, iteration 210, time: 50.87534499168396
Starting label LEVI, seed 4, iteration 220, time: 53.353498220443726
Starting label LEVI, seed 4, iteration 230, time: 55.743834257125854
Starting label LEVI, seed 4, iteration 240, time: 58.13299036026001
Starting label LEVI, seed 4, iteration 250, time: 60.744643688201904
Starting label LEVI, seed 4, iteration 260, time: 63.32264685630798
Starting label LEVI, seed 4, iteration 270, time: 66.00836491584778
Starting label LEVI, seed 4, iteration 280, time: 68.90946936607361
Starting label LEVI, seed 4, iteration 290, time: 71.50013566017151
Starting label LEVI, seed 4, iteration 300, time: 74.29163217544556
Starting label LEVI, seed 4, iteration 310, time: 77.18045401573181
Starting label LEVI, seed 4, iteration 320, time: 79.88444995880127
Starting label LEVI, seed 4, iteration 330, time: 82.65511751174927
Starting label LEVI, seed 4, iteration 340, time: 85.32546782493591
Starting label LEVI, seed 4, iteration 350, time: 88.19944334030151
Starting label LEVI, seed 4, iteration 360, time: 91.16579246520996
Starting label LEVI, seed 4, iteration 370, time: 94.35013103485107
Starting label LEVI, seed 4, iteration 380, time: 97.53120064735413
Starting label LEVI, seed 4, iteration 390, time: 100.81596422195435
Starting label LEVI, seed 4, iteration 400, time: 103.91526436805725
Starting label LEVI, seed 4, iteration 410, time: 107.09533190727234
Starting label LEVI, seed 4, iteration 420, time: 110.43359446525574
Starting label LEVI, seed 4, iteration 430, time: 113.69355177879333
Starting label LEVI, seed 4, iteration 440, time: 117.26771187782288
Starting label LEVI, seed 4, iteration 450, time: 120.99958515167236
Starting label LEVI, seed 4, iteration 460, time: 124.89599514007568
Starting label LEVI, seed 4, iteration 470, time: 128.77140426635742
Starting label LEVI, seed 4, iteration 480, time: 132.51724886894226
Starting label LEVI, seed 4, iteration 490, time: 136.3829369544983
Starting label LEVI, seed 4, iteration 500, time: 140.3398401737213
Starting label LEVI, seed 4, iteration 510, time: 144.37549567222595
Starting label LEVI, seed 4, iteration 520, time: 148.7382833957672
Starting label LEVI, seed 4, iteration 530, time: 152.82780385017395
Starting label LEVI, seed 4, iteration 540, time: 157.12420392036438
Starting label LEVI, seed 4, iteration 550, time: 161.02713298797607
Starting label LEVI, seed 4, iteration 560, time: 165.5685248374939
Starting label LEVI, seed 4, iteration 570, time: 170.31812858581543
Starting label LEVI, seed 4, iteration 580, time: 174.4324595928192
Starting label LEVI, seed 4, iteration 590, time: 179.26151990890503
Starting label LEVI, seed 4, iteration 600, time: 184.19718503952026
Starting label LEVI, seed 4, iteration 610, time: 189.24249124526978
Starting label LEVI, seed 4, iteration 620, time: 194.16314697265625
Starting label LEVI, seed 4, iteration 630, time: 198.918625831604
Starting label LEVI, seed 4, iteration 640, time: 203.70825052261353
Starting label LEVI, seed 4, iteration 650, time: 209.39495992660522
Starting label LEVI, seed 4, iteration 660, time: 215.1866180896759
Starting label LEVI, seed 4, iteration 670, time: 220.87659668922424
Starting label LEVI, seed 4, iteration 680, time: 226.78084540367126
Starting label LEVI, seed 4, iteration 690, time: 232.95949506759644
Starting label LEVI, seed 4, iteration 700, time: 239.19945788383484
Starting label LEVI, seed 4, iteration 710, time: 244.956440448761
Starting label LEVI, seed 4, iteration 720, time: 251.0034806728363
Starting label LEVI, seed 4, iteration 730, time: 257.7613134384155
Starting label LEVI, seed 4, iteration 740, time: 264.2458691596985
Starting label LEVI, seed 4, iteration 750, time: 270.70731472969055
Starting label LEVI, seed 4, iteration 760, time: 277.9528532028198
Starting label LEVI, seed 4, iteration 770, time: 284.25108337402344
Starting label LEVI, seed 4, iteration 780, time: 291.48032879829407
Starting label LEVI, seed 4, iteration 790, time: 298.78209376335144
Starting label LEVI, seed 4, iteration 800, time: 306.69795322418213
Starting label LEVI, seed 4, iteration 810, time: 313.574022769928
Starting label LEVI, seed 4, iteration 820, time: 320.428750038147
Starting label LEVI, seed 4, iteration 830, time: 326.721479177475
Starting label LEVI, seed 4, iteration 840, time: 333.1819887161255
Starting label LEVI, seed 4, iteration 850, time: 341.1997001171112
Starting label LEVI, seed 4, iteration 860, time: 348.0034441947937
Starting label LEVI, seed 4, iteration 870, time: 355.7116243839264
Starting label LEVI, seed 4, iteration 880, time: 363.1069941520691
Starting label LEVI, seed 4, iteration 890, time: 370.3661413192749
Starting label LEVI, seed 4, iteration 900, time: 379.2899925708771
Starting label LEVI, seed 4, iteration 910, time: 386.5446925163269
Starting label LEVI, seed 4, iteration 920, time: 396.37212657928467
Starting label LEVI, seed 4, iteration 930, time: 404.3059208393097
Starting label LEVI, seed 4, iteration 940, time: 413.35665464401245
Starting label LEVI, seed 4, iteration 950, time: 421.3834900856018
Starting label LEVI, seed 4, iteration 960, time: 429.3570668697357
Starting label LEVI, seed 4, iteration 970, time: 438.44475388526917
Starting label LEVI, seed 4, iteration 980, time: 446.9945333003998
Starting label LEVI, seed 4, iteration 990, time: 456.80161118507385
Starting label LEVI, seed 4, iteration 1000, time: 465.8006429672241
Starting label LEVI, seed 4, iteration 1010, time: 487.2500376701355
Starting label LEVI, seed 4, iteration 1020, time: 498.2425503730774
Starting label LEVI, seed 4, iteration 1030, time: 506.7844808101654
Starting label LEVI, seed 4, iteration 1040, time: 516.5690922737122
Starting label LEVI, seed 4, iteration 1050, time: 525.8599464893341
Starting label LEVI, seed 4, iteration 1060, time: 538.0912537574768
Starting label LEVI, seed 4, iteration 1070, time: 551.116982460022
Starting label LEVI, seed 4, iteration 1080, time: 561.8051910400391
Starting label LEVI, seed 4, iteration 1090, time: 571.9253256320953
Starting label LEVI, seed 4, iteration 1100, time: 583.9237198829651
Starting label LEVI, seed 4, iteration 1110, time: 595.9740946292877
Starting label LEVI, seed 4, iteration 1120, time: 607.7010231018066
Starting label LEVI, seed 4, iteration 1130, time: 619.9152443408966
Starting label LEVI, seed 4, iteration 1140, time: 635.3774516582489
Starting label LEVI, seed 4, iteration 1150, time: 648.6661694049835
Starting label LEVI, seed 4, iteration 1160, time: 661.8024640083313
Starting label LEVI, seed 4, iteration 1170, time: 677.7083671092987
Starting label LEVI, seed 4, iteration 1180, time: 691.6860752105713
Starting label LEVI, seed 4, iteration 1190, time: 705.3855330944061
Starting label LEVI, seed 4, iteration 1200, time: 720.3757808208466
Starting label LEVI, seed 4, iteration 1210, time: 736.4207906723022
Starting label LEVI, seed 4, iteration 1220, time: 752.8401784896851
Starting label LEVI, seed 4, iteration 1230, time: 770.2747941017151
Starting label LEVI, seed 4, iteration 1240, time: 788.7082092761993
Starting label LEVI, seed 4, iteration 1250, time: 804.1606774330139
Starting label LEVI, seed 4, iteration 1260, time: 819.8543195724487
Starting label LEVI, seed 4, iteration 1270, time: 835.4878478050232
Starting label LEVI, seed 4, iteration 1280, time: 850.9552929401398
Starting label LEVI, seed 4, iteration 1290, time: 867.4606745243073
Starting label LEVI, seed 4, iteration 1300, time: 888.5726149082184
Starting label LEVI, seed 4, iteration 1310, time: 905.846088886261
Starting label LEVI, seed 4, iteration 1320, time: 923.046571969986
Starting label LEVI, seed 4, iteration 1330, time: 940.7219612598419
Starting label LEVI, seed 4, iteration 1340, time: 963.9966509342194
Starting label LEVI, seed 4, iteration 1350, time: 982.7625200748444
Starting label LEVI, seed 4, iteration 1360, time: 1001.5072288513184
Starting label LEVI, seed 4, iteration 1370, time: 1020.4352128505707
Starting label LEVI, seed 4, iteration 1380, time: 1045.0881204605103
Starting label LEVI, seed 4, iteration 1390, time: 1065.3867774009705
Starting label LEVI, seed 4, iteration 1400, time: 1087.3402228355408
Starting label LEVI, seed 4, iteration 1410, time: 1106.5927271842957
Starting label LEVI, seed 4, iteration 1420, time: 1127.3411066532135
Starting label LEVI, seed 4, iteration 1430, time: 1149.2353529930115
Starting label LEVI, seed 4, iteration 1440, time: 1171.1304149627686
Starting label LEVI, seed 4, iteration 1450, time: 1192.9154930114746
Starting label LEVI, seed 4, iteration 1460, time: 1215.089396238327
Starting label LEVI, seed 4, iteration 1470, time: 1238.300363779068
Starting label LEVI, seed 4, iteration 1480, time: 1260.259691953659
Starting label LEVI, seed 4, iteration 1490, time: 1282.8631324768066
Starting label LEVI, seed 4, iteration 1500, time: 1307.1265387535095
Starting label LEVI, seed 4, iteration 1510, time: 1330.9596154689789
Starting label LEVI, seed 4, iteration 1520, time: 1361.730456829071
Starting label LEVI, seed 4, iteration 1530, time: 1385.9129860401154
Starting label LEVI, seed 4, iteration 1540, time: 1411.3213996887207
Starting label LEVI, seed 4, iteration 1550, time: 1437.8062119483948
Starting label LEVI, seed 4, iteration 1560, time: 1463.4755914211273
Starting label LEVI, seed 4, iteration 1570, time: 1491.748196363449
Starting label LEVI, seed 4, iteration 1580, time: 1520.0191674232483
Starting label LEVI, seed 4, iteration 1590, time: 1548.1912217140198
submitit WARNING (2022-10-02 01:22:36,330) - Bypassing signal SIGTERM
submitit WARNING (2022-10-02 01:22:36,331) - Bypassing signal SIGCONT
Starting label LEVI, seed 4, iteration 1600, time: 1583.1575238704681
