submitit INFO (2022-10-02 00:30:12,631) - Starting with JobEnvironment(job_id=883282_1, hostname=g2-compute-97.coecis.cornell.edu, local_rank=0(1), node=0(1), global_rank=0(1))
submitit INFO (2022-10-02 00:30:12,631) - Loading pickle: /home/gid-cakmaks/contextual_rs/experiments/wsc_experiments/logs/883282_1/883282_1_submitted.pkl
Starting label LEVI, seed 51, iteration 0, time: 0.000385284423828125
Starting label LEVI, seed 51, iteration 10, time: 2.2464029788970947
Starting label LEVI, seed 51, iteration 20, time: 4.444845199584961
Starting label LEVI, seed 51, iteration 30, time: 6.762195348739624
Starting label LEVI, seed 51, iteration 40, time: 9.115321159362793
Starting label LEVI, seed 51, iteration 50, time: 11.448638677597046
Starting label LEVI, seed 51, iteration 60, time: 13.763997554779053
Starting label LEVI, seed 51, iteration 70, time: 16.083346128463745
Starting label LEVI, seed 51, iteration 80, time: 18.400710821151733
Starting label LEVI, seed 51, iteration 90, time: 20.71894407272339
Starting label LEVI, seed 51, iteration 100, time: 23.005160093307495
Starting label LEVI, seed 51, iteration 110, time: 25.331030130386353
Starting label LEVI, seed 51, iteration 120, time: 27.695430755615234
Starting label LEVI, seed 51, iteration 130, time: 30.087672472000122
Starting label LEVI, seed 51, iteration 140, time: 32.527687549591064
Starting label LEVI, seed 51, iteration 150, time: 34.926475524902344
Starting label LEVI, seed 51, iteration 160, time: 37.29370594024658
Starting label LEVI, seed 51, iteration 170, time: 39.73357701301575
Starting label LEVI, seed 51, iteration 180, time: 42.19780349731445
Starting label LEVI, seed 51, iteration 190, time: 44.63793897628784
Starting label LEVI, seed 51, iteration 200, time: 47.08312964439392
Starting label LEVI, seed 51, iteration 210, time: 49.55773067474365
Starting label LEVI, seed 51, iteration 220, time: 52.16643524169922
Starting label LEVI, seed 51, iteration 230, time: 54.666582107543945
Starting label LEVI, seed 51, iteration 240, time: 57.16600704193115
Starting label LEVI, seed 51, iteration 250, time: 59.63200855255127
Starting label LEVI, seed 51, iteration 260, time: 62.13330316543579
Starting label LEVI, seed 51, iteration 270, time: 64.65348863601685
Starting label LEVI, seed 51, iteration 280, time: 67.1959445476532
Starting label LEVI, seed 51, iteration 290, time: 69.70730113983154
Starting label LEVI, seed 51, iteration 300, time: 72.18835830688477
Starting label LEVI, seed 51, iteration 310, time: 74.85967922210693
Starting label LEVI, seed 51, iteration 320, time: 77.43543124198914
Starting label LEVI, seed 51, iteration 330, time: 80.00922584533691
Starting label LEVI, seed 51, iteration 340, time: 82.64198184013367
Starting label LEVI, seed 51, iteration 350, time: 85.1574981212616
Starting label LEVI, seed 51, iteration 360, time: 87.7798433303833
Starting label LEVI, seed 51, iteration 370, time: 90.50681281089783
Starting label LEVI, seed 51, iteration 380, time: 93.11174297332764
Starting label LEVI, seed 51, iteration 390, time: 95.87056469917297
Starting label LEVI, seed 51, iteration 400, time: 98.53041958808899
Starting label LEVI, seed 51, iteration 410, time: 101.242014169693
Starting label LEVI, seed 51, iteration 420, time: 104.0253427028656
Starting label LEVI, seed 51, iteration 430, time: 106.8093695640564
Starting label LEVI, seed 51, iteration 440, time: 109.6594545841217
Starting label LEVI, seed 51, iteration 450, time: 112.51039910316467
Starting label LEVI, seed 51, iteration 460, time: 115.31371665000916
Starting label LEVI, seed 51, iteration 470, time: 118.45414900779724
Starting label LEVI, seed 51, iteration 480, time: 121.51358461380005
Starting label LEVI, seed 51, iteration 490, time: 124.5412483215332
Starting label LEVI, seed 51, iteration 500, time: 127.43150568008423
Starting label LEVI, seed 51, iteration 510, time: 130.61962485313416
Starting label LEVI, seed 51, iteration 520, time: 133.79845261573792
Starting label LEVI, seed 51, iteration 530, time: 137.122483253479
Starting label LEVI, seed 51, iteration 540, time: 140.57981491088867
Starting label LEVI, seed 51, iteration 550, time: 144.13982963562012
Starting label LEVI, seed 51, iteration 560, time: 147.7992935180664
Starting label LEVI, seed 51, iteration 570, time: 151.27416276931763
Starting label LEVI, seed 51, iteration 580, time: 154.83319997787476
Starting label LEVI, seed 51, iteration 590, time: 158.44998216629028
Starting label LEVI, seed 51, iteration 600, time: 162.1222779750824
Starting label LEVI, seed 51, iteration 610, time: 165.8732922077179
Starting label LEVI, seed 51, iteration 620, time: 169.81902694702148
Starting label LEVI, seed 51, iteration 630, time: 174.0532112121582
Starting label LEVI, seed 51, iteration 640, time: 178.14717078208923
Starting label LEVI, seed 51, iteration 650, time: 182.6497142314911
Starting label LEVI, seed 51, iteration 660, time: 186.76219296455383
Starting label LEVI, seed 51, iteration 670, time: 191.1459288597107
Starting label LEVI, seed 51, iteration 680, time: 195.531231880188
Starting label LEVI, seed 51, iteration 690, time: 199.6536328792572
Starting label LEVI, seed 51, iteration 700, time: 204.1729176044464
Starting label LEVI, seed 51, iteration 710, time: 208.70273613929749
Starting label LEVI, seed 51, iteration 720, time: 213.32076287269592
Starting label LEVI, seed 51, iteration 730, time: 218.47787809371948
Starting label LEVI, seed 51, iteration 740, time: 223.51670742034912
Starting label LEVI, seed 51, iteration 750, time: 228.64543557167053
Starting label LEVI, seed 51, iteration 760, time: 233.69781589508057
Starting label LEVI, seed 51, iteration 770, time: 239.28003478050232
Starting label LEVI, seed 51, iteration 780, time: 245.18820095062256
Starting label LEVI, seed 51, iteration 790, time: 250.0489354133606
Starting label LEVI, seed 51, iteration 800, time: 256.1254987716675
Starting label LEVI, seed 51, iteration 810, time: 261.75796246528625
Starting label LEVI, seed 51, iteration 820, time: 267.67651104927063
Starting label LEVI, seed 51, iteration 830, time: 273.8519752025604
Starting label LEVI, seed 51, iteration 840, time: 279.2503366470337
Starting label LEVI, seed 51, iteration 850, time: 285.5568091869354
Starting label LEVI, seed 51, iteration 860, time: 292.17286920547485
Starting label LEVI, seed 51, iteration 870, time: 298.71089935302734
Starting label LEVI, seed 51, iteration 880, time: 304.6894226074219
Starting label LEVI, seed 51, iteration 890, time: 311.6757380962372
Starting label LEVI, seed 51, iteration 900, time: 319.61588644981384
Starting label LEVI, seed 51, iteration 910, time: 325.8386912345886
Starting label LEVI, seed 51, iteration 920, time: 333.0057113170624
Starting label LEVI, seed 51, iteration 930, time: 339.8359396457672
Starting label LEVI, seed 51, iteration 940, time: 345.4580843448639
Starting label LEVI, seed 51, iteration 950, time: 351.97580122947693
Starting label LEVI, seed 51, iteration 960, time: 358.80262064933777
Starting label LEVI, seed 51, iteration 970, time: 365.6981327533722
Starting label LEVI, seed 51, iteration 980, time: 372.8395380973816
Starting label LEVI, seed 51, iteration 990, time: 380.4589638710022
Starting label LEVI, seed 51, iteration 1000, time: 388.10122895240784
Starting label LEVI, seed 51, iteration 1010, time: 395.7365906238556
Starting label LEVI, seed 51, iteration 1020, time: 402.2379324436188
Starting label LEVI, seed 51, iteration 1030, time: 409.7284679412842
Starting label LEVI, seed 51, iteration 1040, time: 416.6574356555939
Starting label LEVI, seed 51, iteration 1050, time: 424.54452562332153
Starting label LEVI, seed 51, iteration 1060, time: 433.37907338142395
Starting label LEVI, seed 51, iteration 1070, time: 440.8025572299957
Starting label LEVI, seed 51, iteration 1080, time: 448.874728679657
Starting label LEVI, seed 51, iteration 1090, time: 458.0205762386322
Starting label LEVI, seed 51, iteration 1100, time: 466.3085067272186
Starting label LEVI, seed 51, iteration 1110, time: 476.281635761261
Starting label LEVI, seed 51, iteration 1120, time: 486.2706153392792
Starting label LEVI, seed 51, iteration 1130, time: 496.36531591415405
Starting label LEVI, seed 51, iteration 1140, time: 506.51829290390015
Starting label LEVI, seed 51, iteration 1150, time: 516.7413048744202
Starting label LEVI, seed 51, iteration 1160, time: 526.9986720085144
Starting label LEVI, seed 51, iteration 1170, time: 537.2969801425934
Starting label LEVI, seed 51, iteration 1180, time: 547.6040005683899
Starting label LEVI, seed 51, iteration 1190, time: 558.1211211681366
Starting label LEVI, seed 51, iteration 1200, time: 567.7816359996796
Starting label LEVI, seed 51, iteration 1210, time: 579.9390473365784
Starting label LEVI, seed 51, iteration 1220, time: 591.9261195659637
Starting label LEVI, seed 51, iteration 1230, time: 602.9783861637115
Starting label LEVI, seed 51, iteration 1240, time: 614.591472864151
Starting label LEVI, seed 51, iteration 1250, time: 626.2018706798553
Starting label LEVI, seed 51, iteration 1260, time: 638.269633769989
Starting label LEVI, seed 51, iteration 1270, time: 650.9456036090851
Starting label LEVI, seed 51, iteration 1280, time: 664.028612613678
Starting label LEVI, seed 51, iteration 1290, time: 676.0645637512207
Starting label LEVI, seed 51, iteration 1300, time: 689.2713198661804
Starting label LEVI, seed 51, iteration 1310, time: 700.2958059310913
Starting label LEVI, seed 51, iteration 1320, time: 711.8374319076538
Starting label LEVI, seed 51, iteration 1330, time: 725.4143631458282
Starting label LEVI, seed 51, iteration 1340, time: 739.2554562091827
Starting label LEVI, seed 51, iteration 1350, time: 753.3917098045349
Starting label LEVI, seed 51, iteration 1360, time: 767.1756024360657
Starting label LEVI, seed 51, iteration 1370, time: 783.0537071228027
Starting label LEVI, seed 51, iteration 1380, time: 798.3577830791473
Starting label LEVI, seed 51, iteration 1390, time: 814.0345544815063
Starting label LEVI, seed 51, iteration 1400, time: 829.9464814662933
Starting label LEVI, seed 51, iteration 1410, time: 845.7798552513123
Starting label LEVI, seed 51, iteration 1420, time: 862.0539846420288
Starting label LEVI, seed 51, iteration 1430, time: 876.333633184433
Starting label LEVI, seed 51, iteration 1440, time: 895.2059485912323
Starting label LEVI, seed 51, iteration 1450, time: 912.927009344101
Starting label LEVI, seed 51, iteration 1460, time: 929.6627566814423
Starting label LEVI, seed 51, iteration 1470, time: 944.5182399749756
Starting label LEVI, seed 51, iteration 1480, time: 962.1167788505554
Starting label LEVI, seed 51, iteration 1490, time: 982.5955531597137
Starting label LEVI, seed 51, iteration 1500, time: 1001.6128673553467
Starting label LEVI, seed 51, iteration 1510, time: 1022.2297785282135
Starting label LEVI, seed 51, iteration 1520, time: 1043.6406610012054
Starting label LEVI, seed 51, iteration 1530, time: 1065.9353811740875
Starting label LEVI, seed 51, iteration 1540, time: 1087.960526227951
Starting label LEVI, seed 51, iteration 1550, time: 1109.056842803955
Starting label LEVI, seed 51, iteration 1560, time: 1129.440246105194
Starting label LEVI, seed 51, iteration 1570, time: 1149.8530974388123
Starting label LEVI, seed 51, iteration 1580, time: 1172.6574199199677
Starting label LEVI, seed 51, iteration 1590, time: 1195.1599702835083
Starting label LEVI, seed 51, iteration 1600, time: 1214.4228348731995
Starting label LEVI, seed 51, iteration 1610, time: 1233.379813671112
Starting label LEVI, seed 51, iteration 1620, time: 1257.5901100635529
Starting label LEVI, seed 51, iteration 1630, time: 1278.8905680179596
Starting label LEVI, seed 51, iteration 1640, time: 1305.1990835666656
Starting label LEVI, seed 51, iteration 1650, time: 1330.67995595932
Starting label LEVI, seed 51, iteration 1660, time: 1351.6983551979065
Starting label LEVI, seed 51, iteration 1670, time: 1378.4923288822174
Starting label LEVI, seed 51, iteration 1680, time: 1401.263836145401
Starting label LEVI, seed 51, iteration 1690, time: 1425.5008926391602
Starting label LEVI, seed 51, iteration 1700, time: 1448.8583409786224
Starting label LEVI, seed 51, iteration 1710, time: 1471.889321565628
Starting label LEVI, seed 51, iteration 1720, time: 1495.1091694831848
Starting label LEVI, seed 51, iteration 1730, time: 1518.1641499996185
submitit WARNING (2022-10-02 00:55:52,104) - Bypassing signal SIGCONT
submitit WARNING (2022-10-02 00:55:52,173) - Bypassing signal SIGTERM
Starting label LEVI, seed 51, iteration 1740, time: 1549.4660370349884
