submitit INFO (2022-10-02 02:25:17,714) - Starting with JobEnvironment(job_id=883715_5, hostname=desa-compute-01.cs.cornell.edu, local_rank=0(1), node=0(1), global_rank=0(1))
submitit INFO (2022-10-02 02:25:17,714) - Loading pickle: /home/gid-cakmaks/contextual_rs/experiments/wsc_experiments/logs/883715_5/883715_5_submitted.pkl
Appending iterations to existing output!Warning: If parameters other than `iterations` have been changed, this will corrupt the output!
Starting label LEVI, seed 66, iteration 1440, time: 482.23126220703125
Starting label LEVI, seed 66, iteration 1450, time: 488.18843364715576
Starting label LEVI, seed 66, iteration 1460, time: 493.54846692085266
Starting label LEVI, seed 66, iteration 1470, time: 498.6640086174011
Starting label LEVI, seed 66, iteration 1480, time: 504.01689314842224
Starting label LEVI, seed 66, iteration 1490, time: 509.2389633655548
Starting label LEVI, seed 66, iteration 1500, time: 514.474451303482
Starting label LEVI, seed 66, iteration 1510, time: 520.2004671096802
Starting label LEVI, seed 66, iteration 1520, time: 525.1575541496277
Starting label LEVI, seed 66, iteration 1530, time: 530.3630621433258
Starting label LEVI, seed 66, iteration 1540, time: 536.1106605529785
Starting label LEVI, seed 66, iteration 1550, time: 540.7768242359161
Starting label LEVI, seed 66, iteration 1560, time: 545.8655707836151
Starting label LEVI, seed 66, iteration 1570, time: 551.1137721538544
Starting label LEVI, seed 66, iteration 1580, time: 556.627295255661
Starting label LEVI, seed 66, iteration 1590, time: 562.8496870994568
Starting label LEVI, seed 66, iteration 1600, time: 568.3534843921661
Starting label LEVI, seed 66, iteration 1610, time: 573.7483921051025
Starting label LEVI, seed 66, iteration 1620, time: 578.9668724536896
Starting label LEVI, seed 66, iteration 1630, time: 584.5075147151947
Starting label LEVI, seed 66, iteration 1640, time: 589.977373123169
Starting label LEVI, seed 66, iteration 1650, time: 595.9333744049072
Starting label LEVI, seed 66, iteration 1660, time: 602.630256652832
Starting label LEVI, seed 66, iteration 1670, time: 608.4771902561188
Starting label LEVI, seed 66, iteration 1680, time: 614.057492017746
Starting label LEVI, seed 66, iteration 1690, time: 621.3024063110352
Starting label LEVI, seed 66, iteration 1700, time: 628.8157124519348
Starting label LEVI, seed 66, iteration 1710, time: 635.3565554618835
Starting label LEVI, seed 66, iteration 1720, time: 641.3033459186554
Starting label LEVI, seed 66, iteration 1730, time: 647.0014417171478
Starting label LEVI, seed 66, iteration 1740, time: 652.7470784187317
Starting label LEVI, seed 66, iteration 1750, time: 658.9089937210083
Starting label LEVI, seed 66, iteration 1760, time: 664.7363083362579
Starting label LEVI, seed 66, iteration 1770, time: 671.2294764518738
Starting label LEVI, seed 66, iteration 1780, time: 676.2092041969299
Starting label LEVI, seed 66, iteration 1790, time: 682.1542277336121
Starting label LEVI, seed 66, iteration 1800, time: 688.3149671554565
Starting label LEVI, seed 66, iteration 1810, time: 694.8507244586945
Starting label LEVI, seed 66, iteration 1820, time: 701.5329911708832
Starting label LEVI, seed 66, iteration 1830, time: 706.6815867424011
Starting label LEVI, seed 66, iteration 1840, time: 713.9501256942749
Starting label LEVI, seed 66, iteration 1850, time: 720.4180815219879
Starting label LEVI, seed 66, iteration 1860, time: 728.2966282367706
Starting label LEVI, seed 66, iteration 1870, time: 735.8018555641174
Starting label LEVI, seed 66, iteration 1880, time: 743.6052305698395
Starting label LEVI, seed 66, iteration 1890, time: 749.2948615550995
Starting label LEVI, seed 66, iteration 1900, time: 754.2925689220428
Starting label LEVI, seed 66, iteration 1910, time: 761.4654397964478
Starting label LEVI, seed 66, iteration 1920, time: 768.7796592712402
Starting label LEVI, seed 66, iteration 1930, time: 774.2234537601471
Starting label LEVI, seed 66, iteration 1940, time: 780.3229002952576
Starting label LEVI, seed 66, iteration 1950, time: 785.8853993415833
Starting label LEVI, seed 66, iteration 1960, time: 791.550032377243
Starting label LEVI, seed 66, iteration 1970, time: 797.5066013336182
Starting label LEVI, seed 66, iteration 1980, time: 805.5090093612671
Starting label LEVI, seed 66, iteration 1990, time: 811.3196892738342
submitit INFO (2022-10-02 02:30:55,869) - Job completed successfully
