submitit INFO (2022-10-02 01:49:55,570) - Starting with JobEnvironment(job_id=883520_2, hostname=g2-compute-94.coecis.cornell.edu, local_rank=0(1), node=0(1), global_rank=0(1))
submitit INFO (2022-10-02 01:49:55,570) - Loading pickle: /home/gid-cakmaks/contextual_rs/experiments/wsc_experiments/logs/883520_2/883520_2_submitted.pkl
Starting label LEVI, seed 2, iteration 0, time: 0.0015387535095214844
Starting label LEVI, seed 2, iteration 10, time: 4.195499658584595
Starting label LEVI, seed 2, iteration 20, time: 8.3843994140625
Starting label LEVI, seed 2, iteration 30, time: 12.653392791748047
Starting label LEVI, seed 2, iteration 40, time: 17.11092782020569
Starting label LEVI, seed 2, iteration 50, time: 21.641743421554565
Starting label LEVI, seed 2, iteration 60, time: 26.137314796447754
Starting label LEVI, seed 2, iteration 70, time: 30.555803537368774
Starting label LEVI, seed 2, iteration 80, time: 35.43333601951599
Starting label LEVI, seed 2, iteration 90, time: 40.523621797561646
Starting label LEVI, seed 2, iteration 100, time: 45.74542236328125
Starting label LEVI, seed 2, iteration 110, time: 50.66326427459717
Starting label LEVI, seed 2, iteration 120, time: 55.45321583747864
Starting label LEVI, seed 2, iteration 130, time: 60.28776144981384
Starting label LEVI, seed 2, iteration 140, time: 65.2703583240509
Starting label LEVI, seed 2, iteration 150, time: 70.52324104309082
Starting label LEVI, seed 2, iteration 160, time: 75.70936107635498
Starting label LEVI, seed 2, iteration 170, time: 80.78920650482178
Starting label LEVI, seed 2, iteration 180, time: 85.83897089958191
Starting label LEVI, seed 2, iteration 190, time: 90.6294333934784
Starting label LEVI, seed 2, iteration 200, time: 95.6931369304657
Starting label LEVI, seed 2, iteration 210, time: 100.87818932533264
Starting label LEVI, seed 2, iteration 220, time: 106.20267868041992
Starting label LEVI, seed 2, iteration 230, time: 111.94309091567993
Starting label LEVI, seed 2, iteration 240, time: 117.60565972328186
Starting label LEVI, seed 2, iteration 250, time: 122.99517273902893
Starting label LEVI, seed 2, iteration 260, time: 128.2263216972351
Starting label LEVI, seed 2, iteration 270, time: 133.46784043312073
Starting label LEVI, seed 2, iteration 280, time: 139.0473084449768
Starting label LEVI, seed 2, iteration 290, time: 144.64666104316711
Starting label LEVI, seed 2, iteration 300, time: 150.18742036819458
Starting label LEVI, seed 2, iteration 310, time: 155.95904397964478
Starting label LEVI, seed 2, iteration 320, time: 161.5944628715515
Starting label LEVI, seed 2, iteration 330, time: 167.1898546218872
Starting label LEVI, seed 2, iteration 340, time: 172.8708381652832
Starting label LEVI, seed 2, iteration 350, time: 178.6631736755371
Starting label LEVI, seed 2, iteration 360, time: 184.31984758377075
Starting label LEVI, seed 2, iteration 370, time: 189.87077689170837
Starting label LEVI, seed 2, iteration 380, time: 195.4089593887329
Starting label LEVI, seed 2, iteration 390, time: 200.76964569091797
Starting label LEVI, seed 2, iteration 400, time: 206.21223783493042
Starting label LEVI, seed 2, iteration 410, time: 211.86689448356628
Starting label LEVI, seed 2, iteration 420, time: 217.50034379959106
Starting label LEVI, seed 2, iteration 430, time: 223.15361070632935
Starting label LEVI, seed 2, iteration 440, time: 228.79111194610596
Starting label LEVI, seed 2, iteration 450, time: 234.56915545463562
Starting label LEVI, seed 2, iteration 460, time: 240.68263459205627
Starting label LEVI, seed 2, iteration 470, time: 246.4664068222046
Starting label LEVI, seed 2, iteration 480, time: 252.29020404815674
Starting label LEVI, seed 2, iteration 490, time: 258.810054063797
Starting label LEVI, seed 2, iteration 500, time: 264.64709877967834
Starting label LEVI, seed 2, iteration 510, time: 270.85326313972473
Starting label LEVI, seed 2, iteration 520, time: 277.0193076133728
Starting label LEVI, seed 2, iteration 530, time: 282.85546374320984
Starting label LEVI, seed 2, iteration 540, time: 288.753737449646
Starting label LEVI, seed 2, iteration 550, time: 294.6092686653137
Starting label LEVI, seed 2, iteration 560, time: 300.74430203437805
Starting label LEVI, seed 2, iteration 570, time: 306.9142122268677
Starting label LEVI, seed 2, iteration 580, time: 313.0649893283844
submitit WARNING (2022-10-02 01:55:12,446) - Bypassing signal SIGCONT
submitit WARNING (2022-10-02 01:55:12,448) - Bypassing signal SIGTERM
Starting label LEVI, seed 2, iteration 590, time: 320.0626497268677
Starting label LEVI, seed 2, iteration 600, time: 325.8181674480438
Starting label LEVI, seed 2, iteration 610, time: 331.9873695373535
Starting label LEVI, seed 2, iteration 620, time: 338.36347460746765
Starting label LEVI, seed 2, iteration 630, time: 344.3736643791199
