submitit INFO (2022-10-02 13:27:02,227) - Starting with JobEnvironment(job_id=884551_7, hostname=rush-compute-01.tech.cornell.edu, local_rank=0(1), node=0(1), global_rank=0(1))
submitit INFO (2022-10-02 13:27:02,227) - Loading pickle: /home/gid-cakmaks/contextual_rs/experiments/wsc_experiments/logs/884551_7/884551_7_submitted.pkl
Appending iterations to existing output!Warning: If parameters other than `iterations` have been changed, this will corrupt the output!
Starting label LEVI, seed 37, iteration 510, time: 329.50599932670593
Starting label LEVI, seed 37, iteration 520, time: 336.02352142333984
Starting label LEVI, seed 37, iteration 530, time: 342.47850584983826
Starting label LEVI, seed 37, iteration 540, time: 349.08162808418274
Starting label LEVI, seed 37, iteration 550, time: 355.5165765285492
Starting label LEVI, seed 37, iteration 560, time: 362.03562235832214
Starting label LEVI, seed 37, iteration 570, time: 368.65592193603516
Starting label LEVI, seed 37, iteration 580, time: 375.4142174720764
Starting label LEVI, seed 37, iteration 590, time: 382.1505968570709
Starting label LEVI, seed 37, iteration 600, time: 388.7718470096588
Starting label LEVI, seed 37, iteration 610, time: 395.752418756485
Starting label LEVI, seed 37, iteration 620, time: 402.64224457740784
Starting label LEVI, seed 37, iteration 630, time: 409.5931203365326
Starting label LEVI, seed 37, iteration 640, time: 416.671023607254
Starting label LEVI, seed 37, iteration 650, time: 423.2666668891907
Starting label LEVI, seed 37, iteration 660, time: 430.0196979045868
Starting label LEVI, seed 37, iteration 670, time: 436.6064839363098
Starting label LEVI, seed 37, iteration 680, time: 443.1600275039673
Starting label LEVI, seed 37, iteration 690, time: 449.8500397205353
Starting label LEVI, seed 37, iteration 700, time: 456.46170711517334
Starting label LEVI, seed 37, iteration 710, time: 463.59921979904175
Starting label LEVI, seed 37, iteration 720, time: 470.50147891044617
Starting label LEVI, seed 37, iteration 730, time: 477.768812417984
Starting label LEVI, seed 37, iteration 740, time: 485.0015697479248
Starting label LEVI, seed 37, iteration 750, time: 491.9796988964081
Starting label LEVI, seed 37, iteration 760, time: 498.75553917884827
Starting label LEVI, seed 37, iteration 770, time: 505.66419744491577
Starting label LEVI, seed 37, iteration 780, time: 512.4499876499176
Starting label LEVI, seed 37, iteration 790, time: 519.6346199512482
Starting label LEVI, seed 37, iteration 800, time: 526.8519442081451
Starting label LEVI, seed 37, iteration 810, time: 534.0887911319733
Starting label LEVI, seed 37, iteration 820, time: 541.6268248558044
Starting label LEVI, seed 37, iteration 830, time: 548.9875283241272
Starting label LEVI, seed 37, iteration 840, time: 556.1479780673981
Starting label LEVI, seed 37, iteration 850, time: 563.3560020923615
Starting label LEVI, seed 37, iteration 860, time: 570.600341796875
Starting label LEVI, seed 37, iteration 870, time: 578.1448097229004
Starting label LEVI, seed 37, iteration 880, time: 585.4331767559052
Starting label LEVI, seed 37, iteration 890, time: 592.9256253242493
Starting label LEVI, seed 37, iteration 900, time: 600.2180840969086
Starting label LEVI, seed 37, iteration 910, time: 607.8035697937012
Starting label LEVI, seed 37, iteration 920, time: 615.596039056778
Starting label LEVI, seed 37, iteration 930, time: 623.308737039566
Starting label LEVI, seed 37, iteration 940, time: 631.0469806194305
Starting label LEVI, seed 37, iteration 950, time: 639.2593524456024
Starting label LEVI, seed 37, iteration 960, time: 647.0238754749298
Starting label LEVI, seed 37, iteration 970, time: 654.7671644687653
Starting label LEVI, seed 37, iteration 980, time: 662.2224569320679
Starting label LEVI, seed 37, iteration 990, time: 669.8933846950531
Starting label LEVI, seed 37, iteration 1000, time: 677.7072257995605
Starting label LEVI, seed 37, iteration 1010, time: 685.2344613075256
Starting label LEVI, seed 37, iteration 1020, time: 693.3809485435486
Starting label LEVI, seed 37, iteration 1030, time: 701.4130182266235
Starting label LEVI, seed 37, iteration 1040, time: 709.1717507839203
Starting label LEVI, seed 37, iteration 1050, time: 716.6850755214691
Starting label LEVI, seed 37, iteration 1060, time: 724.2726447582245
Starting label LEVI, seed 37, iteration 1070, time: 732.085574388504
Starting label LEVI, seed 37, iteration 1080, time: 739.9516379833221
Starting label LEVI, seed 37, iteration 1090, time: 747.9425740242004
Starting label LEVI, seed 37, iteration 1100, time: 755.9389894008636
Starting label LEVI, seed 37, iteration 1110, time: 763.9559240341187
Starting label LEVI, seed 37, iteration 1120, time: 771.9533424377441
Starting label LEVI, seed 37, iteration 1130, time: 780.1027081012726
Starting label LEVI, seed 37, iteration 1140, time: 788.2621495723724
Starting label LEVI, seed 37, iteration 1150, time: 796.5763711929321
Starting label LEVI, seed 37, iteration 1160, time: 804.8770344257355
Starting label LEVI, seed 37, iteration 1170, time: 813.242386341095
Starting label LEVI, seed 37, iteration 1180, time: 821.4272961616516
Starting label LEVI, seed 37, iteration 1190, time: 829.8043880462646
Starting label LEVI, seed 37, iteration 1200, time: 838.3196527957916
Starting label LEVI, seed 37, iteration 1210, time: 846.946629524231
Starting label LEVI, seed 37, iteration 1220, time: 855.092972278595
Starting label LEVI, seed 37, iteration 1230, time: 863.3299269676208
Starting label LEVI, seed 37, iteration 1240, time: 871.6008956432343
Starting label LEVI, seed 37, iteration 1250, time: 879.8085851669312
Starting label LEVI, seed 37, iteration 1260, time: 888.0759036540985
Starting label LEVI, seed 37, iteration 1270, time: 896.0813097953796
Starting label LEVI, seed 37, iteration 1280, time: 904.138352394104
Starting label LEVI, seed 37, iteration 1290, time: 912.0830047130585
Starting label LEVI, seed 37, iteration 1300, time: 920.2110767364502
Starting label LEVI, seed 37, iteration 1310, time: 928.3762843608856
Starting label LEVI, seed 37, iteration 1320, time: 936.455570936203
Starting label LEVI, seed 37, iteration 1330, time: 944.7419548034668
Starting label LEVI, seed 37, iteration 1340, time: 952.6447310447693
Starting label LEVI, seed 37, iteration 1350, time: 961.0987830162048
Starting label LEVI, seed 37, iteration 1360, time: 969.8144009113312
Starting label LEVI, seed 37, iteration 1370, time: 977.8780059814453
Starting label LEVI, seed 37, iteration 1380, time: 986.273430109024
Starting label LEVI, seed 37, iteration 1390, time: 994.8070516586304
Starting label LEVI, seed 37, iteration 1400, time: 1003.037271976471
Starting label LEVI, seed 37, iteration 1410, time: 1011.4551773071289
Starting label LEVI, seed 37, iteration 1420, time: 1020.256730556488
Starting label LEVI, seed 37, iteration 1430, time: 1028.7703635692596
Starting label LEVI, seed 37, iteration 1440, time: 1037.5177946090698
Starting label LEVI, seed 37, iteration 1450, time: 1046.4296112060547
Starting label LEVI, seed 37, iteration 1460, time: 1055.2397964000702
Starting label LEVI, seed 37, iteration 1470, time: 1063.8825480937958
Starting label LEVI, seed 37, iteration 1480, time: 1072.4193913936615
Starting label LEVI, seed 37, iteration 1490, time: 1080.9380838871002
Starting label LEVI, seed 37, iteration 1500, time: 1089.7251584529877
Starting label LEVI, seed 37, iteration 1510, time: 1098.500325202942
Starting label LEVI, seed 37, iteration 1520, time: 1107.103182554245
Starting label LEVI, seed 37, iteration 1530, time: 1115.8036971092224
Starting label LEVI, seed 37, iteration 1540, time: 1124.9743921756744
Starting label LEVI, seed 37, iteration 1550, time: 1134.2207825183868
Starting label LEVI, seed 37, iteration 1560, time: 1143.5665583610535
Starting label LEVI, seed 37, iteration 1570, time: 1153.44105386734
Starting label LEVI, seed 37, iteration 1580, time: 1162.7198481559753
Starting label LEVI, seed 37, iteration 1590, time: 1171.9056112766266
Starting label LEVI, seed 37, iteration 1600, time: 1181.4254484176636
Starting label LEVI, seed 37, iteration 1610, time: 1191.4095973968506
Starting label LEVI, seed 37, iteration 1620, time: 1201.641697883606
Starting label LEVI, seed 37, iteration 1630, time: 1212.2104041576385
Starting label LEVI, seed 37, iteration 1640, time: 1222.4001557826996
Starting label LEVI, seed 37, iteration 1650, time: 1232.2018468379974
Starting label LEVI, seed 37, iteration 1660, time: 1242.5463681221008
Starting label LEVI, seed 37, iteration 1670, time: 1252.8609056472778
Starting label LEVI, seed 37, iteration 1680, time: 1262.439936876297
Starting label LEVI, seed 37, iteration 1690, time: 1272.6699450016022
Starting label LEVI, seed 37, iteration 1700, time: 1282.7086389064789
Starting label LEVI, seed 37, iteration 1710, time: 1292.6845471858978
Starting label LEVI, seed 37, iteration 1720, time: 1302.275292634964
Starting label LEVI, seed 37, iteration 1730, time: 1311.9800446033478
Starting label LEVI, seed 37, iteration 1740, time: 1322.8912289142609
Starting label LEVI, seed 37, iteration 1750, time: 1333.2486004829407
Starting label LEVI, seed 37, iteration 1760, time: 1343.0382578372955
Starting label LEVI, seed 37, iteration 1770, time: 1353.0421113967896
Starting label LEVI, seed 37, iteration 1780, time: 1362.70388007164
Starting label LEVI, seed 37, iteration 1790, time: 1372.8672742843628
Starting label LEVI, seed 37, iteration 1800, time: 1384.0919635295868
Starting label LEVI, seed 37, iteration 1810, time: 1395.3921144008636
Starting label LEVI, seed 37, iteration 1820, time: 1406.5513830184937
Starting label LEVI, seed 37, iteration 1830, time: 1417.2119753360748
Starting label LEVI, seed 37, iteration 1840, time: 1428.994512796402
Starting label LEVI, seed 37, iteration 1850, time: 1440.0231940746307
Starting label LEVI, seed 37, iteration 1860, time: 1452.0581755638123
Starting label LEVI, seed 37, iteration 1870, time: 1462.992027759552
Starting label LEVI, seed 37, iteration 1880, time: 1473.8682489395142
Starting label LEVI, seed 37, iteration 1890, time: 1485.23899435997
Starting label LEVI, seed 37, iteration 1900, time: 1496.7353203296661
Starting label LEVI, seed 37, iteration 1910, time: 1508.3089907169342
Starting label LEVI, seed 37, iteration 1920, time: 1520.166434288025
Starting label LEVI, seed 37, iteration 1930, time: 1530.1044499874115
Starting label LEVI, seed 37, iteration 1940, time: 1541.69686961174
Starting label LEVI, seed 37, iteration 1950, time: 1553.1468493938446
Starting label LEVI, seed 37, iteration 1960, time: 1566.2108762264252
Starting label LEVI, seed 37, iteration 1970, time: 1577.036863565445
Starting label LEVI, seed 37, iteration 1980, time: 1588.2935926914215
Starting label LEVI, seed 37, iteration 1990, time: 1599.5126476287842
submitit INFO (2022-10-02 13:48:25,187) - Job completed successfully
