submitit INFO (2022-10-02 02:01:00,686) - Starting with JobEnvironment(job_id=883598, hostname=nikola-compute-03.cs.cornell.edu, local_rank=0(1), node=0(1), global_rank=0(1))
submitit INFO (2022-10-02 02:01:00,686) - Loading pickle: /home/gid-cakmaks/contextual_rs/experiments/wsc_experiments/logs/883598/883598_submitted.pkl
Appending iterations to existing output!Warning: If parameters other than `iterations` have been changed, this will corrupt the output!
Starting label LEVI, seed 48, iteration 390, time: 179.894615650177
Starting label LEVI, seed 48, iteration 400, time: 197.73336601257324
Starting label LEVI, seed 48, iteration 410, time: 201.4212646484375
Starting label LEVI, seed 48, iteration 420, time: 205.77595925331116
Starting label LEVI, seed 48, iteration 430, time: 209.8853142261505
Starting label LEVI, seed 48, iteration 440, time: 213.23512482643127
Starting label LEVI, seed 48, iteration 450, time: 217.24105787277222
Starting label LEVI, seed 48, iteration 460, time: 222.65339136123657
Starting label LEVI, seed 48, iteration 470, time: 226.42314076423645
submitit WARNING (2022-10-02 02:01:49,555) - Bypassing signal SIGCONT
submitit WARNING (2022-10-02 02:01:49,606) - Bypassing signal SIGTERM
Starting label LEVI, seed 48, iteration 480, time: 230.8572335243225
Starting label LEVI, seed 48, iteration 490, time: 235.2717387676239
Starting label LEVI, seed 48, iteration 500, time: 239.02537608146667
Starting label LEVI, seed 48, iteration 510, time: 243.1061806678772
Starting label LEVI, seed 48, iteration 520, time: 246.89343976974487
Starting label LEVI, seed 48, iteration 530, time: 250.6494140625
Starting label LEVI, seed 48, iteration 540, time: 254.8637261390686
