submitit INFO (2022-10-02 04:26:35,145) - Starting with JobEnvironment(job_id=884077_6, hostname=badfellow.cs.cornell.edu, local_rank=0(1), node=0(1), global_rank=0(1))
submitit INFO (2022-10-02 04:26:35,145) - Loading pickle: /home/gid-cakmaks/contextual_rs/experiments/wsc_experiments/logs/884077_6/884077_6_submitted.pkl
Appending iterations to existing output!Warning: If parameters other than `iterations` have been changed, this will corrupt the output!
Starting label LEVI, seed 86, iteration 420, time: 243.40788507461548
Starting label LEVI, seed 86, iteration 430, time: 251.46980142593384
Starting label LEVI, seed 86, iteration 440, time: 255.1793611049652
Starting label LEVI, seed 86, iteration 450, time: 258.8304648399353
Starting label LEVI, seed 86, iteration 460, time: 262.4980721473694
Starting label LEVI, seed 86, iteration 470, time: 266.1689467430115
Starting label LEVI, seed 86, iteration 480, time: 269.8031687736511
Starting label LEVI, seed 86, iteration 490, time: 273.5397756099701
Starting label LEVI, seed 86, iteration 500, time: 277.22489643096924
Starting label LEVI, seed 86, iteration 510, time: 280.739896774292
Starting label LEVI, seed 86, iteration 520, time: 284.2604537010193
Starting label LEVI, seed 86, iteration 530, time: 287.61676025390625
Starting label LEVI, seed 86, iteration 540, time: 291.03280115127563
Starting label LEVI, seed 86, iteration 550, time: 294.53536796569824
Starting label LEVI, seed 86, iteration 560, time: 297.9992232322693
Starting label LEVI, seed 86, iteration 570, time: 301.61033153533936
Starting label LEVI, seed 86, iteration 580, time: 305.27128291130066
Starting label LEVI, seed 86, iteration 590, time: 308.9022514820099
Starting label LEVI, seed 86, iteration 600, time: 312.58463406562805
Starting label LEVI, seed 86, iteration 610, time: 316.24174785614014
Starting label LEVI, seed 86, iteration 620, time: 319.9253726005554
Starting label LEVI, seed 86, iteration 630, time: 323.59280276298523
Starting label LEVI, seed 86, iteration 640, time: 327.35979413986206
Starting label LEVI, seed 86, iteration 650, time: 330.96201157569885
Starting label LEVI, seed 86, iteration 660, time: 334.5535707473755
Starting label LEVI, seed 86, iteration 670, time: 338.1810829639435
Starting label LEVI, seed 86, iteration 680, time: 341.94033885002136
Starting label LEVI, seed 86, iteration 690, time: 345.6812672615051
Starting label LEVI, seed 86, iteration 700, time: 349.5647921562195
Starting label LEVI, seed 86, iteration 710, time: 353.3393077850342
Starting label LEVI, seed 86, iteration 720, time: 357.22915387153625
Starting label LEVI, seed 86, iteration 730, time: 360.93858671188354
Starting label LEVI, seed 86, iteration 740, time: 364.61634159088135
Starting label LEVI, seed 86, iteration 750, time: 368.4122459888458
Starting label LEVI, seed 86, iteration 760, time: 372.2048120498657
Starting label LEVI, seed 86, iteration 770, time: 376.0681884288788
Starting label LEVI, seed 86, iteration 780, time: 379.8329074382782
Starting label LEVI, seed 86, iteration 790, time: 383.82269763946533
Starting label LEVI, seed 86, iteration 800, time: 387.76180267333984
Starting label LEVI, seed 86, iteration 810, time: 391.5482773780823
Starting label LEVI, seed 86, iteration 820, time: 395.2155451774597
Starting label LEVI, seed 86, iteration 830, time: 398.98545718193054
Starting label LEVI, seed 86, iteration 840, time: 402.6673917770386
Starting label LEVI, seed 86, iteration 850, time: 406.41812920570374
Starting label LEVI, seed 86, iteration 860, time: 410.205605506897
Starting label LEVI, seed 86, iteration 870, time: 413.9208867549896
Starting label LEVI, seed 86, iteration 880, time: 417.6759488582611
Starting label LEVI, seed 86, iteration 890, time: 421.55247712135315
Starting label LEVI, seed 86, iteration 900, time: 425.37386107444763
Starting label LEVI, seed 86, iteration 910, time: 429.12106347084045
Starting label LEVI, seed 86, iteration 920, time: 432.83091926574707
Starting label LEVI, seed 86, iteration 930, time: 436.5242533683777
Starting label LEVI, seed 86, iteration 940, time: 440.1692924499512
Starting label LEVI, seed 86, iteration 950, time: 443.8681869506836
Starting label LEVI, seed 86, iteration 960, time: 447.5936815738678
Starting label LEVI, seed 86, iteration 970, time: 451.20604634284973
Starting label LEVI, seed 86, iteration 980, time: 454.8884494304657
Starting label LEVI, seed 86, iteration 990, time: 458.6278796195984
Starting label LEVI, seed 86, iteration 1000, time: 462.46101236343384
Starting label LEVI, seed 86, iteration 1010, time: 466.2295174598694
Starting label LEVI, seed 86, iteration 1020, time: 469.9651162624359
Starting label LEVI, seed 86, iteration 1030, time: 473.66491532325745
Starting label LEVI, seed 86, iteration 1040, time: 477.4287598133087
Starting label LEVI, seed 86, iteration 1050, time: 481.2180588245392
Starting label LEVI, seed 86, iteration 1060, time: 485.09794211387634
Starting label LEVI, seed 86, iteration 1070, time: 488.90292406082153
Starting label LEVI, seed 86, iteration 1080, time: 492.6654281616211
Starting label LEVI, seed 86, iteration 1090, time: 496.511860370636
Starting label LEVI, seed 86, iteration 1100, time: 500.4686641693115
Starting label LEVI, seed 86, iteration 1110, time: 504.4722077846527
Starting label LEVI, seed 86, iteration 1120, time: 508.364709854126
Starting label LEVI, seed 86, iteration 1130, time: 512.3986961841583
Starting label LEVI, seed 86, iteration 1140, time: 516.4790761470795
Starting label LEVI, seed 86, iteration 1150, time: 520.3855457305908
Starting label LEVI, seed 86, iteration 1160, time: 524.3782272338867
Starting label LEVI, seed 86, iteration 1170, time: 528.2443990707397
Starting label LEVI, seed 86, iteration 1180, time: 533.4916658401489
Starting label LEVI, seed 86, iteration 1190, time: 538.3020479679108
Starting label LEVI, seed 86, iteration 1200, time: 542.8583898544312
Starting label LEVI, seed 86, iteration 1210, time: 547.4893207550049
Starting label LEVI, seed 86, iteration 1220, time: 552.2319979667664
Starting label LEVI, seed 86, iteration 1230, time: 556.7897987365723
Starting label LEVI, seed 86, iteration 1240, time: 561.4257135391235
Starting label LEVI, seed 86, iteration 1250, time: 566.2187669277191
Starting label LEVI, seed 86, iteration 1260, time: 571.0565922260284
Starting label LEVI, seed 86, iteration 1270, time: 575.7068498134613
Starting label LEVI, seed 86, iteration 1280, time: 580.4558010101318
Starting label LEVI, seed 86, iteration 1290, time: 585.2968709468842
Starting label LEVI, seed 86, iteration 1300, time: 590.3221297264099
Starting label LEVI, seed 86, iteration 1310, time: 595.2806639671326
Starting label LEVI, seed 86, iteration 1320, time: 600.4075536727905
Starting label LEVI, seed 86, iteration 1330, time: 605.4689967632294
Starting label LEVI, seed 86, iteration 1340, time: 610.9725587368011
Starting label LEVI, seed 86, iteration 1350, time: 616.4099237918854
Starting label LEVI, seed 86, iteration 1360, time: 623.2882494926453
Starting label LEVI, seed 86, iteration 1370, time: 630.5680613517761
Starting label LEVI, seed 86, iteration 1380, time: 637.872962474823
Starting label LEVI, seed 86, iteration 1390, time: 645.164228439331
Starting label LEVI, seed 86, iteration 1400, time: 652.396632194519
Starting label LEVI, seed 86, iteration 1410, time: 659.0757884979248
Starting label LEVI, seed 86, iteration 1420, time: 665.6283564567566
Starting label LEVI, seed 86, iteration 1430, time: 672.4048867225647
Starting label LEVI, seed 86, iteration 1440, time: 679.2569401264191
Starting label LEVI, seed 86, iteration 1450, time: 686.3358099460602
Starting label LEVI, seed 86, iteration 1460, time: 693.3647484779358
Starting label LEVI, seed 86, iteration 1470, time: 700.5196626186371
Starting label LEVI, seed 86, iteration 1480, time: 707.5641005039215
Starting label LEVI, seed 86, iteration 1490, time: 714.7149488925934
Starting label LEVI, seed 86, iteration 1500, time: 721.7850561141968
Starting label LEVI, seed 86, iteration 1510, time: 728.9086878299713
Starting label LEVI, seed 86, iteration 1520, time: 735.9377951622009
Starting label LEVI, seed 86, iteration 1530, time: 742.7189316749573
Starting label LEVI, seed 86, iteration 1540, time: 750.5393357276917
Starting label LEVI, seed 86, iteration 1550, time: 758.426326751709
Starting label LEVI, seed 86, iteration 1560, time: 766.2542223930359
Starting label LEVI, seed 86, iteration 1570, time: 774.8849306106567
Starting label LEVI, seed 86, iteration 1580, time: 783.0016787052155
Starting label LEVI, seed 86, iteration 1590, time: 791.0168921947479
Starting label LEVI, seed 86, iteration 1600, time: 799.5619549751282
Starting label LEVI, seed 86, iteration 1610, time: 807.8677380084991
Starting label LEVI, seed 86, iteration 1620, time: 816.0992035865784
Starting label LEVI, seed 86, iteration 1630, time: 824.7191185951233
Starting label LEVI, seed 86, iteration 1640, time: 833.0622570514679
Starting label LEVI, seed 86, iteration 1650, time: 841.5439932346344
Starting label LEVI, seed 86, iteration 1660, time: 850.3350160121918
Starting label LEVI, seed 86, iteration 1670, time: 858.8189599514008
Starting label LEVI, seed 86, iteration 1680, time: 867.3237669467926
Starting label LEVI, seed 86, iteration 1690, time: 875.9679169654846
Starting label LEVI, seed 86, iteration 1700, time: 885.0158665180206
Starting label LEVI, seed 86, iteration 1710, time: 894.4428107738495
Starting label LEVI, seed 86, iteration 1720, time: 903.1449024677277
Starting label LEVI, seed 86, iteration 1730, time: 911.7270255088806
Starting label LEVI, seed 86, iteration 1740, time: 920.1157205104828
Starting label LEVI, seed 86, iteration 1750, time: 928.6733400821686
Starting label LEVI, seed 86, iteration 1760, time: 937.7891845703125
Starting label LEVI, seed 86, iteration 1770, time: 946.4704351425171
Starting label LEVI, seed 86, iteration 1780, time: 955.3715772628784
Starting label LEVI, seed 86, iteration 1790, time: 964.1394493579865
Starting label LEVI, seed 86, iteration 1800, time: 972.8266131877899
Starting label LEVI, seed 86, iteration 1810, time: 981.7795968055725
Starting label LEVI, seed 86, iteration 1820, time: 991.0701968669891
Starting label LEVI, seed 86, iteration 1830, time: 999.9879636764526
Starting label LEVI, seed 86, iteration 1840, time: 1009.566992521286
Starting label LEVI, seed 86, iteration 1850, time: 1018.7252490520477
Starting label LEVI, seed 86, iteration 1860, time: 1027.894858121872
Starting label LEVI, seed 86, iteration 1870, time: 1036.9087588787079
Starting label LEVI, seed 86, iteration 1880, time: 1045.8879203796387
Starting label LEVI, seed 86, iteration 1890, time: 1054.7195398807526
Starting label LEVI, seed 86, iteration 1900, time: 1064.2450623512268
Starting label LEVI, seed 86, iteration 1910, time: 1073.5104401111603
Starting label LEVI, seed 86, iteration 1920, time: 1082.756248474121
Starting label LEVI, seed 86, iteration 1930, time: 1091.976555109024
Starting label LEVI, seed 86, iteration 1940, time: 1101.2554054260254
Starting label LEVI, seed 86, iteration 1950, time: 1110.3859825134277
Starting label LEVI, seed 86, iteration 1960, time: 1119.3034732341766
Starting label LEVI, seed 86, iteration 1970, time: 1128.396216392517
Starting label LEVI, seed 86, iteration 1980, time: 1137.4878067970276
Starting label LEVI, seed 86, iteration 1990, time: 1146.7691087722778
submitit INFO (2022-10-02 04:41:49,038) - Job completed successfully
