submitit INFO (2022-10-02 01:28:05,040) - Starting with JobEnvironment(job_id=883479_2, hostname=hariharan-compute-01.cs.cornell.edu, local_rank=0(1), node=0(1), global_rank=0(1))
submitit INFO (2022-10-02 01:28:05,041) - Loading pickle: /home/gid-cakmaks/contextual_rs/experiments/wsc_experiments/logs/883479_2/883479_2_submitted.pkl
Starting label LEVI, seed 62, iteration 0, time: 0.0007891654968261719
Starting label LEVI, seed 62, iteration 10, time: 4.6337480545043945
Starting label LEVI, seed 62, iteration 20, time: 9.241711139678955
Starting label LEVI, seed 62, iteration 30, time: 13.847981929779053
Starting label LEVI, seed 62, iteration 40, time: 18.554680824279785
Starting label LEVI, seed 62, iteration 50, time: 23.460699796676636
Starting label LEVI, seed 62, iteration 60, time: 28.331696271896362
Starting label LEVI, seed 62, iteration 70, time: 33.17479181289673
Starting label LEVI, seed 62, iteration 80, time: 38.06973934173584
Starting label LEVI, seed 62, iteration 90, time: 43.05427837371826
Starting label LEVI, seed 62, iteration 100, time: 47.99418354034424
Starting label LEVI, seed 62, iteration 110, time: 53.63720655441284
Starting label LEVI, seed 62, iteration 120, time: 59.132140159606934
Starting label LEVI, seed 62, iteration 130, time: 64.70894575119019
Starting label LEVI, seed 62, iteration 140, time: 69.9655532836914
Starting label LEVI, seed 62, iteration 150, time: 75.56753754615784
Starting label LEVI, seed 62, iteration 160, time: 81.1279833316803
Starting label LEVI, seed 62, iteration 170, time: 86.54963374137878
Starting label LEVI, seed 62, iteration 180, time: 92.47823214530945
Starting label LEVI, seed 62, iteration 190, time: 98.11974287033081
Starting label LEVI, seed 62, iteration 200, time: 104.18013072013855
Starting label LEVI, seed 62, iteration 210, time: 110.43583011627197
Starting label LEVI, seed 62, iteration 220, time: 116.76232409477234
Starting label LEVI, seed 62, iteration 230, time: 123.03901743888855
Starting label LEVI, seed 62, iteration 240, time: 129.17719960212708
Starting label LEVI, seed 62, iteration 250, time: 135.44176363945007
Starting label LEVI, seed 62, iteration 260, time: 140.96508836746216
Starting label LEVI, seed 62, iteration 270, time: 146.74340057373047
Starting label LEVI, seed 62, iteration 280, time: 152.63818168640137
Starting label LEVI, seed 62, iteration 290, time: 158.57031774520874
Starting label LEVI, seed 62, iteration 300, time: 164.46574068069458
Starting label LEVI, seed 62, iteration 310, time: 170.59316897392273
Starting label LEVI, seed 62, iteration 320, time: 176.6518611907959
Starting label LEVI, seed 62, iteration 330, time: 182.97206377983093
Starting label LEVI, seed 62, iteration 340, time: 189.1972315311432
Starting label LEVI, seed 62, iteration 350, time: 195.3240623474121
Starting label LEVI, seed 62, iteration 360, time: 201.60440278053284
Starting label LEVI, seed 62, iteration 370, time: 207.73890280723572
Starting label LEVI, seed 62, iteration 380, time: 213.88529348373413
Starting label LEVI, seed 62, iteration 390, time: 219.96968936920166
Starting label LEVI, seed 62, iteration 400, time: 225.96142411231995
Starting label LEVI, seed 62, iteration 410, time: 231.96339464187622
Starting label LEVI, seed 62, iteration 420, time: 238.0622582435608
Starting label LEVI, seed 62, iteration 430, time: 244.54883241653442
Starting label LEVI, seed 62, iteration 440, time: 250.5888431072235
Starting label LEVI, seed 62, iteration 450, time: 256.8407492637634
Starting label LEVI, seed 62, iteration 460, time: 263.45383071899414
Starting label LEVI, seed 62, iteration 470, time: 269.9794569015503
Starting label LEVI, seed 62, iteration 480, time: 276.5399076938629
Starting label LEVI, seed 62, iteration 490, time: 283.2012183666229
Starting label LEVI, seed 62, iteration 500, time: 289.6772644519806
Starting label LEVI, seed 62, iteration 510, time: 296.42793369293213
Starting label LEVI, seed 62, iteration 520, time: 303.43469285964966
Starting label LEVI, seed 62, iteration 530, time: 310.2628936767578
Starting label LEVI, seed 62, iteration 540, time: 317.1261112689972
Starting label LEVI, seed 62, iteration 550, time: 323.83147740364075
Starting label LEVI, seed 62, iteration 560, time: 330.81905245780945
Starting label LEVI, seed 62, iteration 570, time: 337.7852199077606
Starting label LEVI, seed 62, iteration 580, time: 344.3641166687012
Starting label LEVI, seed 62, iteration 590, time: 351.2774932384491
Starting label LEVI, seed 62, iteration 600, time: 358.0218667984009
Starting label LEVI, seed 62, iteration 610, time: 364.90864396095276
Starting label LEVI, seed 62, iteration 620, time: 371.52962732315063
Starting label LEVI, seed 62, iteration 630, time: 378.4457223415375
Starting label LEVI, seed 62, iteration 640, time: 385.10192799568176
Starting label LEVI, seed 62, iteration 650, time: 391.7628586292267
Starting label LEVI, seed 62, iteration 660, time: 398.5153946876526
Starting label LEVI, seed 62, iteration 670, time: 405.59450483322144
Starting label LEVI, seed 62, iteration 680, time: 412.42904591560364
Starting label LEVI, seed 62, iteration 690, time: 419.6199769973755
Starting label LEVI, seed 62, iteration 700, time: 426.81654930114746
Starting label LEVI, seed 62, iteration 710, time: 433.96974754333496
Starting label LEVI, seed 62, iteration 720, time: 441.2702820301056
Starting label LEVI, seed 62, iteration 730, time: 448.4392840862274
Starting label LEVI, seed 62, iteration 740, time: 455.7439560890198
Starting label LEVI, seed 62, iteration 750, time: 462.94709849357605
Starting label LEVI, seed 62, iteration 760, time: 470.09609365463257
Starting label LEVI, seed 62, iteration 770, time: 477.4242012500763
Starting label LEVI, seed 62, iteration 780, time: 484.1716752052307
Starting label LEVI, seed 62, iteration 790, time: 491.0405855178833
Starting label LEVI, seed 62, iteration 800, time: 498.42062282562256
Starting label LEVI, seed 62, iteration 810, time: 505.70128560066223
Starting label LEVI, seed 62, iteration 820, time: 513.3303468227386
Starting label LEVI, seed 62, iteration 830, time: 520.8176445960999
Starting label LEVI, seed 62, iteration 840, time: 528.1925554275513
Starting label LEVI, seed 62, iteration 850, time: 535.2687635421753
Starting label LEVI, seed 62, iteration 860, time: 541.8500719070435
Starting label LEVI, seed 62, iteration 870, time: 548.7404456138611
Starting label LEVI, seed 62, iteration 880, time: 555.6097950935364
Starting label LEVI, seed 62, iteration 890, time: 562.3766496181488
Starting label LEVI, seed 62, iteration 900, time: 569.2252860069275
Starting label LEVI, seed 62, iteration 910, time: 576.0161380767822
Starting label LEVI, seed 62, iteration 920, time: 583.261417388916
Starting label LEVI, seed 62, iteration 930, time: 590.4584457874298
Starting label LEVI, seed 62, iteration 940, time: 597.653687953949
Starting label LEVI, seed 62, iteration 950, time: 604.7815697193146
Starting label LEVI, seed 62, iteration 960, time: 611.7216510772705
Starting label LEVI, seed 62, iteration 970, time: 618.659609079361
Starting label LEVI, seed 62, iteration 980, time: 625.4928524494171
Starting label LEVI, seed 62, iteration 990, time: 632.2541885375977
Starting label LEVI, seed 62, iteration 1000, time: 639.4525966644287
Starting label LEVI, seed 62, iteration 1010, time: 646.515008687973
Starting label LEVI, seed 62, iteration 1020, time: 653.3183739185333
Starting label LEVI, seed 62, iteration 1030, time: 660.172219991684
Starting label LEVI, seed 62, iteration 1040, time: 667.2341136932373
Starting label LEVI, seed 62, iteration 1050, time: 674.4614231586456
Starting label LEVI, seed 62, iteration 1060, time: 681.7656812667847
Starting label LEVI, seed 62, iteration 1070, time: 689.1367440223694
Starting label LEVI, seed 62, iteration 1080, time: 696.377260684967
Starting label LEVI, seed 62, iteration 1090, time: 703.7114560604095
Starting label LEVI, seed 62, iteration 1100, time: 711.5700314044952
Starting label LEVI, seed 62, iteration 1110, time: 719.248325586319
Starting label LEVI, seed 62, iteration 1120, time: 726.6804051399231
Starting label LEVI, seed 62, iteration 1130, time: 734.2997164726257
Starting label LEVI, seed 62, iteration 1140, time: 741.5420553684235
Starting label LEVI, seed 62, iteration 1150, time: 748.9843280315399
Starting label LEVI, seed 62, iteration 1160, time: 756.5713527202606
Starting label LEVI, seed 62, iteration 1170, time: 764.359014749527
Starting label LEVI, seed 62, iteration 1180, time: 771.9242842197418
Starting label LEVI, seed 62, iteration 1190, time: 779.4925751686096
Starting label LEVI, seed 62, iteration 1200, time: 787.2370266914368
Starting label LEVI, seed 62, iteration 1210, time: 794.6068751811981
Starting label LEVI, seed 62, iteration 1220, time: 803.3551750183105
Starting label LEVI, seed 62, iteration 1230, time: 812.6845009326935
Starting label LEVI, seed 62, iteration 1240, time: 821.5368809700012
Starting label LEVI, seed 62, iteration 1250, time: 830.182249546051
Starting label LEVI, seed 62, iteration 1260, time: 839.5747904777527
Starting label LEVI, seed 62, iteration 1270, time: 849.8633863925934
Starting label LEVI, seed 62, iteration 1280, time: 858.6350622177124
Starting label LEVI, seed 62, iteration 1290, time: 867.6322777271271
Starting label LEVI, seed 62, iteration 1300, time: 875.6310992240906
Starting label LEVI, seed 62, iteration 1310, time: 884.3517346382141
Starting label LEVI, seed 62, iteration 1320, time: 892.6893792152405
Starting label LEVI, seed 62, iteration 1330, time: 902.0495707988739
Starting label LEVI, seed 62, iteration 1340, time: 911.8622288703918
Starting label LEVI, seed 62, iteration 1350, time: 920.396731376648
Starting label LEVI, seed 62, iteration 1360, time: 929.5723345279694
Starting label LEVI, seed 62, iteration 1370, time: 938.8305585384369
Starting label LEVI, seed 62, iteration 1380, time: 948.2703759670258
Starting label LEVI, seed 62, iteration 1390, time: 957.2803246974945
Starting label LEVI, seed 62, iteration 1400, time: 967.263062953949
Starting label LEVI, seed 62, iteration 1410, time: 976.6117310523987
Starting label LEVI, seed 62, iteration 1420, time: 985.8994100093842
Starting label LEVI, seed 62, iteration 1430, time: 995.0869882106781
Starting label LEVI, seed 62, iteration 1440, time: 1004.1480436325073
Starting label LEVI, seed 62, iteration 1450, time: 1013.5651488304138
Starting label LEVI, seed 62, iteration 1460, time: 1023.3373868465424
Starting label LEVI, seed 62, iteration 1470, time: 1033.7558410167694
Starting label LEVI, seed 62, iteration 1480, time: 1043.7303357124329
Starting label LEVI, seed 62, iteration 1490, time: 1053.7844400405884
Starting label LEVI, seed 62, iteration 1500, time: 1064.4579634666443
Starting label LEVI, seed 62, iteration 1510, time: 1076.2254722118378
Starting label LEVI, seed 62, iteration 1520, time: 1088.6097555160522
Starting label LEVI, seed 62, iteration 1530, time: 1099.8163673877716
Starting label LEVI, seed 62, iteration 1540, time: 1110.1141855716705
Starting label LEVI, seed 62, iteration 1550, time: 1120.3827385902405
Starting label LEVI, seed 62, iteration 1560, time: 1131.69664144516
Starting label LEVI, seed 62, iteration 1570, time: 1142.7306325435638
Starting label LEVI, seed 62, iteration 1580, time: 1154.676426410675
Starting label LEVI, seed 62, iteration 1590, time: 1166.7275698184967
Starting label LEVI, seed 62, iteration 1600, time: 1182.1810448169708
Starting label LEVI, seed 62, iteration 1610, time: 1194.0685415267944
Starting label LEVI, seed 62, iteration 1620, time: 1206.972137928009
Starting label LEVI, seed 62, iteration 1630, time: 1220.956353187561
Starting label LEVI, seed 62, iteration 1640, time: 1234.117190361023
Starting label LEVI, seed 62, iteration 1650, time: 1247.5566046237946
Starting label LEVI, seed 62, iteration 1660, time: 1259.2262198925018
Starting label LEVI, seed 62, iteration 1670, time: 1271.6546630859375
submitit WARNING (2022-10-02 01:49:22,439) - Bypassing signal SIGCONT
submitit WARNING (2022-10-02 01:49:22,467) - Bypassing signal SIGTERM
Starting label LEVI, seed 62, iteration 1680, time: 1285.0475406646729
Starting label LEVI, seed 62, iteration 1690, time: 1298.3637318611145
