submitit INFO (2022-10-02 00:52:02,415) - Starting with JobEnvironment(job_id=883293_5, hostname=joachims-compute-02.cs.cornell.edu, local_rank=0(1), node=0(1), global_rank=0(1))
submitit INFO (2022-10-02 00:52:02,415) - Loading pickle: /home/gid-cakmaks/contextual_rs/experiments/wsc_experiments/logs/883293_5/883293_5_submitted.pkl
Starting label LEVI, seed 75, iteration 0, time: 0.0005862712860107422
Starting label LEVI, seed 75, iteration 10, time: 3.4291369915008545
Starting label LEVI, seed 75, iteration 20, time: 6.376555442810059
Starting label LEVI, seed 75, iteration 30, time: 9.286378145217896
Starting label LEVI, seed 75, iteration 40, time: 12.657855033874512
Starting label LEVI, seed 75, iteration 50, time: 16.07463002204895
Starting label LEVI, seed 75, iteration 60, time: 19.66019296646118
Starting label LEVI, seed 75, iteration 70, time: 23.188395977020264
Starting label LEVI, seed 75, iteration 80, time: 26.560104608535767
Starting label LEVI, seed 75, iteration 90, time: 29.82974123954773
Starting label LEVI, seed 75, iteration 100, time: 33.01545238494873
Starting label LEVI, seed 75, iteration 110, time: 36.55282950401306
Starting label LEVI, seed 75, iteration 120, time: 40.26388502120972
Starting label LEVI, seed 75, iteration 130, time: 43.79270911216736
Starting label LEVI, seed 75, iteration 140, time: 47.09049463272095
Starting label LEVI, seed 75, iteration 150, time: 50.32527184486389
Starting label LEVI, seed 75, iteration 160, time: 54.110063314437866
Starting label LEVI, seed 75, iteration 170, time: 57.79828381538391
Starting label LEVI, seed 75, iteration 180, time: 61.707377195358276
Starting label LEVI, seed 75, iteration 190, time: 64.92343521118164
Starting label LEVI, seed 75, iteration 200, time: 68.18867707252502
Starting label LEVI, seed 75, iteration 210, time: 71.76602506637573
Starting label LEVI, seed 75, iteration 220, time: 75.46993708610535
Starting label LEVI, seed 75, iteration 230, time: 79.33353757858276
Starting label LEVI, seed 75, iteration 240, time: 82.56866812705994
Starting label LEVI, seed 75, iteration 250, time: 85.70163774490356
Starting label LEVI, seed 75, iteration 260, time: 89.35110521316528
Starting label LEVI, seed 75, iteration 270, time: 93.0518708229065
Starting label LEVI, seed 75, iteration 280, time: 96.65963125228882
Starting label LEVI, seed 75, iteration 290, time: 99.8596134185791
Starting label LEVI, seed 75, iteration 300, time: 103.43226194381714
Starting label LEVI, seed 75, iteration 310, time: 106.84467720985413
Starting label LEVI, seed 75, iteration 320, time: 110.67273807525635
Starting label LEVI, seed 75, iteration 330, time: 114.44459891319275
Starting label LEVI, seed 75, iteration 340, time: 118.22786045074463
Starting label LEVI, seed 75, iteration 350, time: 121.60716819763184
Starting label LEVI, seed 75, iteration 360, time: 125.05016899108887
Starting label LEVI, seed 75, iteration 370, time: 128.99744653701782
Starting label LEVI, seed 75, iteration 380, time: 132.96621942520142
Starting label LEVI, seed 75, iteration 390, time: 136.9675657749176
Starting label LEVI, seed 75, iteration 400, time: 140.38629412651062
Starting label LEVI, seed 75, iteration 410, time: 143.90123748779297
Starting label LEVI, seed 75, iteration 420, time: 147.57690048217773
Starting label LEVI, seed 75, iteration 430, time: 151.46405959129333
Starting label LEVI, seed 75, iteration 440, time: 154.93596291542053
Starting label LEVI, seed 75, iteration 450, time: 158.7420597076416
Starting label LEVI, seed 75, iteration 460, time: 162.8277304172516
Starting label LEVI, seed 75, iteration 470, time: 166.58256888389587
Starting label LEVI, seed 75, iteration 480, time: 170.5259485244751
Starting label LEVI, seed 75, iteration 490, time: 174.1282889842987
Starting label LEVI, seed 75, iteration 500, time: 178.01840782165527
Starting label LEVI, seed 75, iteration 510, time: 182.0179169178009
Starting label LEVI, seed 75, iteration 520, time: 186.1623306274414
Starting label LEVI, seed 75, iteration 530, time: 189.89625144004822
Starting label LEVI, seed 75, iteration 540, time: 193.6197555065155
Starting label LEVI, seed 75, iteration 550, time: 197.88492631912231
Starting label LEVI, seed 75, iteration 560, time: 202.14579057693481
Starting label LEVI, seed 75, iteration 570, time: 206.4328281879425
Starting label LEVI, seed 75, iteration 580, time: 210.43679285049438
Starting label LEVI, seed 75, iteration 590, time: 214.11217641830444
Starting label LEVI, seed 75, iteration 600, time: 218.32482814788818
Starting label LEVI, seed 75, iteration 610, time: 222.71306777000427
Starting label LEVI, seed 75, iteration 620, time: 226.90059518814087
submitit WARNING (2022-10-02 00:55:52,035) - Bypassing signal SIGCONT
submitit WARNING (2022-10-02 00:55:52,110) - Bypassing signal SIGTERM
Starting label LEVI, seed 75, iteration 630, time: 230.7969253063202
Starting label LEVI, seed 75, iteration 640, time: 234.52853083610535
Starting label LEVI, seed 75, iteration 650, time: 238.90296125411987
Starting label LEVI, seed 75, iteration 660, time: 243.1765809059143
Starting label LEVI, seed 75, iteration 670, time: 247.76463794708252
Starting label LEVI, seed 75, iteration 680, time: 251.5843687057495
Starting label LEVI, seed 75, iteration 690, time: 255.98526430130005
