submitit INFO (2022-10-02 01:15:36,605) - Starting with JobEnvironment(job_id=883387_8, hostname=davis-compute-01.cs.cornell.edu, local_rank=0(1), node=0(1), global_rank=0(1))
submitit INFO (2022-10-02 01:15:36,605) - Loading pickle: /home/gid-cakmaks/contextual_rs/experiments/wsc_experiments/logs/883387_8/883387_8_submitted.pkl
Starting label LEVI, seed 68, iteration 0, time: 0.00037479400634765625
Starting label LEVI, seed 68, iteration 10, time: 2.120896577835083
Starting label LEVI, seed 68, iteration 20, time: 4.195816516876221
Starting label LEVI, seed 68, iteration 30, time: 6.313488483428955
Starting label LEVI, seed 68, iteration 40, time: 8.320946216583252
Starting label LEVI, seed 68, iteration 50, time: 10.432944536209106
Starting label LEVI, seed 68, iteration 60, time: 12.658236026763916
Starting label LEVI, seed 68, iteration 70, time: 14.818114995956421
Starting label LEVI, seed 68, iteration 80, time: 16.97825288772583
Starting label LEVI, seed 68, iteration 90, time: 18.943474769592285
Starting label LEVI, seed 68, iteration 100, time: 21.045292377471924
Starting label LEVI, seed 68, iteration 110, time: 23.14331865310669
Starting label LEVI, seed 68, iteration 120, time: 25.34269118309021
Starting label LEVI, seed 68, iteration 130, time: 27.509268283843994
Starting label LEVI, seed 68, iteration 140, time: 29.746525764465332
Starting label LEVI, seed 68, iteration 150, time: 31.763510942459106
Starting label LEVI, seed 68, iteration 160, time: 33.85722374916077
Starting label LEVI, seed 68, iteration 170, time: 36.27352595329285
Starting label LEVI, seed 68, iteration 180, time: 38.818689584732056
Starting label LEVI, seed 68, iteration 190, time: 41.27163505554199
Starting label LEVI, seed 68, iteration 200, time: 43.565736532211304
Starting label LEVI, seed 68, iteration 210, time: 46.11753964424133
Starting label LEVI, seed 68, iteration 220, time: 48.794127464294434
Starting label LEVI, seed 68, iteration 230, time: 51.487494707107544
Starting label LEVI, seed 68, iteration 240, time: 54.18306112289429
Starting label LEVI, seed 68, iteration 250, time: 56.74315118789673
Starting label LEVI, seed 68, iteration 260, time: 58.91984248161316
Starting label LEVI, seed 68, iteration 270, time: 61.08627915382385
Starting label LEVI, seed 68, iteration 280, time: 63.4150505065918
Starting label LEVI, seed 68, iteration 290, time: 65.70126867294312
Starting label LEVI, seed 68, iteration 300, time: 67.85677576065063
Starting label LEVI, seed 68, iteration 310, time: 70.20056366920471
Starting label LEVI, seed 68, iteration 320, time: 72.41826725006104
Starting label LEVI, seed 68, iteration 330, time: 74.65527200698853
Starting label LEVI, seed 68, iteration 340, time: 76.78693747520447
Starting label LEVI, seed 68, iteration 350, time: 79.01953959465027
Starting label LEVI, seed 68, iteration 360, time: 81.25172567367554
Starting label LEVI, seed 68, iteration 370, time: 83.5550479888916
Starting label LEVI, seed 68, iteration 380, time: 85.94096422195435
Starting label LEVI, seed 68, iteration 390, time: 88.33732581138611
Starting label LEVI, seed 68, iteration 400, time: 90.49772953987122
Starting label LEVI, seed 68, iteration 410, time: 92.87481784820557
Starting label LEVI, seed 68, iteration 420, time: 95.13877964019775
Starting label LEVI, seed 68, iteration 430, time: 97.37383341789246
Starting label LEVI, seed 68, iteration 440, time: 99.69118809700012
Starting label LEVI, seed 68, iteration 450, time: 102.07438397407532
Starting label LEVI, seed 68, iteration 460, time: 104.56455516815186
Starting label LEVI, seed 68, iteration 470, time: 107.24525380134583
Starting label LEVI, seed 68, iteration 480, time: 109.78169631958008
Starting label LEVI, seed 68, iteration 490, time: 112.41720533370972
Starting label LEVI, seed 68, iteration 500, time: 115.14426136016846
Starting label LEVI, seed 68, iteration 510, time: 117.69908237457275
Starting label LEVI, seed 68, iteration 520, time: 120.34521222114563
Starting label LEVI, seed 68, iteration 530, time: 122.94858193397522
Starting label LEVI, seed 68, iteration 540, time: 125.46394348144531
Starting label LEVI, seed 68, iteration 550, time: 128.2535126209259
Starting label LEVI, seed 68, iteration 560, time: 131.2548589706421
Starting label LEVI, seed 68, iteration 570, time: 134.26562762260437
Starting label LEVI, seed 68, iteration 580, time: 137.3288586139679
Starting label LEVI, seed 68, iteration 590, time: 140.47241163253784
Starting label LEVI, seed 68, iteration 600, time: 143.3798177242279
Starting label LEVI, seed 68, iteration 610, time: 146.49423909187317
Starting label LEVI, seed 68, iteration 620, time: 149.78352880477905
Starting label LEVI, seed 68, iteration 630, time: 152.90923929214478
Starting label LEVI, seed 68, iteration 640, time: 156.07277512550354
Starting label LEVI, seed 68, iteration 650, time: 159.31365418434143
Starting label LEVI, seed 68, iteration 660, time: 162.5504732131958
Starting label LEVI, seed 68, iteration 670, time: 165.77666091918945
Starting label LEVI, seed 68, iteration 680, time: 169.1784586906433
Starting label LEVI, seed 68, iteration 690, time: 172.54482674598694
Starting label LEVI, seed 68, iteration 700, time: 175.9977991580963
Starting label LEVI, seed 68, iteration 710, time: 179.0796296596527
Starting label LEVI, seed 68, iteration 720, time: 182.53318309783936
Starting label LEVI, seed 68, iteration 730, time: 185.84618854522705
Starting label LEVI, seed 68, iteration 740, time: 189.0708589553833
Starting label LEVI, seed 68, iteration 750, time: 192.63631200790405
Starting label LEVI, seed 68, iteration 760, time: 196.03062105178833
Starting label LEVI, seed 68, iteration 770, time: 199.73653960227966
Starting label LEVI, seed 68, iteration 780, time: 203.5672914981842
Starting label LEVI, seed 68, iteration 790, time: 207.13345551490784
Starting label LEVI, seed 68, iteration 800, time: 211.02411460876465
Starting label LEVI, seed 68, iteration 810, time: 214.71859169006348
Starting label LEVI, seed 68, iteration 820, time: 218.57415318489075
Starting label LEVI, seed 68, iteration 830, time: 222.3001570701599
Starting label LEVI, seed 68, iteration 840, time: 226.11331367492676
Starting label LEVI, seed 68, iteration 850, time: 229.6059753894806
Starting label LEVI, seed 68, iteration 860, time: 233.21239185333252
Starting label LEVI, seed 68, iteration 870, time: 237.23448276519775
Starting label LEVI, seed 68, iteration 880, time: 240.70156860351562
Starting label LEVI, seed 68, iteration 890, time: 244.71217846870422
Starting label LEVI, seed 68, iteration 900, time: 248.68943548202515
Starting label LEVI, seed 68, iteration 910, time: 252.21838212013245
Starting label LEVI, seed 68, iteration 920, time: 256.14761996269226
Starting label LEVI, seed 68, iteration 930, time: 260.4423141479492
Starting label LEVI, seed 68, iteration 940, time: 264.5561635494232
Starting label LEVI, seed 68, iteration 950, time: 268.76150941848755
Starting label LEVI, seed 68, iteration 960, time: 272.93956446647644
Starting label LEVI, seed 68, iteration 970, time: 276.862033367157
Starting label LEVI, seed 68, iteration 980, time: 281.0184464454651
Starting label LEVI, seed 68, iteration 990, time: 285.17040967941284
Starting label LEVI, seed 68, iteration 1000, time: 289.0458743572235
Starting label LEVI, seed 68, iteration 1010, time: 293.645632982254
Starting label LEVI, seed 68, iteration 1020, time: 298.0800745487213
Starting label LEVI, seed 68, iteration 1030, time: 302.3253161907196
Starting label LEVI, seed 68, iteration 1040, time: 307.01263308525085
Starting label LEVI, seed 68, iteration 1050, time: 311.86727499961853
Starting label LEVI, seed 68, iteration 1060, time: 316.2591927051544
Starting label LEVI, seed 68, iteration 1070, time: 320.6727590560913
Starting label LEVI, seed 68, iteration 1080, time: 324.8858063220978
Starting label LEVI, seed 68, iteration 1090, time: 329.4761815071106
Starting label LEVI, seed 68, iteration 1100, time: 333.9144172668457
Starting label LEVI, seed 68, iteration 1110, time: 338.37128710746765
Starting label LEVI, seed 68, iteration 1120, time: 342.75718927383423
Starting label LEVI, seed 68, iteration 1130, time: 348.2468523979187
Starting label LEVI, seed 68, iteration 1140, time: 353.6972908973694
Starting label LEVI, seed 68, iteration 1150, time: 358.8143620491028
Starting label LEVI, seed 68, iteration 1160, time: 364.21381759643555
Starting label LEVI, seed 68, iteration 1170, time: 369.08219861984253
Starting label LEVI, seed 68, iteration 1180, time: 373.4217665195465
Starting label LEVI, seed 68, iteration 1190, time: 379.0327978134155
Starting label LEVI, seed 68, iteration 1200, time: 383.6156892776489
Starting label LEVI, seed 68, iteration 1210, time: 389.11877369880676
Starting label LEVI, seed 68, iteration 1220, time: 394.07353258132935
Starting label LEVI, seed 68, iteration 1230, time: 398.7591919898987
Starting label LEVI, seed 68, iteration 1240, time: 404.37861943244934
Starting label LEVI, seed 68, iteration 1250, time: 409.76461124420166
Starting label LEVI, seed 68, iteration 1260, time: 414.9586179256439
submitit WARNING (2022-10-02 01:22:35,992) - Bypassing signal SIGCONT
submitit WARNING (2022-10-02 01:22:36,072) - Bypassing signal SIGTERM
Starting label LEVI, seed 68, iteration 1270, time: 420.57943201065063
Starting label LEVI, seed 68, iteration 1280, time: 425.87508821487427
Starting label LEVI, seed 68, iteration 1290, time: 430.9557774066925
Starting label LEVI, seed 68, iteration 1300, time: 436.40634751319885
Starting label LEVI, seed 68, iteration 1310, time: 442.0483853816986
Starting label LEVI, seed 68, iteration 1320, time: 447.9833199977875
