submitit INFO (2022-10-02 13:26:42,203) - Starting with JobEnvironment(job_id=884531_9, hostname=coecis-compute-01.coecis.cornell.edu, local_rank=0(1), node=0(1), global_rank=0(1))
submitit INFO (2022-10-02 13:26:42,203) - Loading pickle: /home/gid-cakmaks/contextual_rs/experiments/wsc_experiments/logs/884531_9/884531_9_submitted.pkl
Appending iterations to existing output!Warning: If parameters other than `iterations` have been changed, this will corrupt the output!
Starting label LEVI, seed 19, iteration 520, time: 336.93678998947144
Starting label LEVI, seed 19, iteration 530, time: 345.0561571121216
Starting label LEVI, seed 19, iteration 540, time: 352.9631073474884
Starting label LEVI, seed 19, iteration 550, time: 360.6019914150238
Starting label LEVI, seed 19, iteration 560, time: 368.25672364234924
Starting label LEVI, seed 19, iteration 570, time: 375.943550825119
Starting label LEVI, seed 19, iteration 580, time: 383.65378499031067
Starting label LEVI, seed 19, iteration 590, time: 391.4232165813446
Starting label LEVI, seed 19, iteration 600, time: 399.45946645736694
Starting label LEVI, seed 19, iteration 610, time: 407.55796003341675
Starting label LEVI, seed 19, iteration 620, time: 415.48930859565735
Starting label LEVI, seed 19, iteration 630, time: 423.2839732170105
Starting label LEVI, seed 19, iteration 640, time: 431.46966886520386
Starting label LEVI, seed 19, iteration 650, time: 439.778915643692
Starting label LEVI, seed 19, iteration 660, time: 447.9626202583313
Starting label LEVI, seed 19, iteration 670, time: 456.0530412197113
Starting label LEVI, seed 19, iteration 680, time: 463.97043919563293
Starting label LEVI, seed 19, iteration 690, time: 473.46519899368286
Starting label LEVI, seed 19, iteration 700, time: 482.9624876976013
Starting label LEVI, seed 19, iteration 710, time: 492.2220706939697
Starting label LEVI, seed 19, iteration 720, time: 501.4447572231293
Starting label LEVI, seed 19, iteration 730, time: 510.5393717288971
Starting label LEVI, seed 19, iteration 740, time: 521.820686340332
Starting label LEVI, seed 19, iteration 750, time: 533.1974446773529
Starting label LEVI, seed 19, iteration 760, time: 544.7450888156891
Starting label LEVI, seed 19, iteration 770, time: 556.1223313808441
Starting label LEVI, seed 19, iteration 780, time: 565.3520214557648
Starting label LEVI, seed 19, iteration 790, time: 574.6277244091034
Starting label LEVI, seed 19, iteration 800, time: 584.8017952442169
Starting label LEVI, seed 19, iteration 810, time: 594.6493337154388
Starting label LEVI, seed 19, iteration 820, time: 603.3872072696686
Starting label LEVI, seed 19, iteration 830, time: 612.286251783371
Starting label LEVI, seed 19, iteration 840, time: 622.507645368576
Starting label LEVI, seed 19, iteration 850, time: 632.7790415287018
Starting label LEVI, seed 19, iteration 860, time: 642.8425569534302
Starting label LEVI, seed 19, iteration 870, time: 652.0529327392578
Starting label LEVI, seed 19, iteration 880, time: 663.2213680744171
Starting label LEVI, seed 19, iteration 890, time: 674.2845675945282
Starting label LEVI, seed 19, iteration 900, time: 684.6948449611664
Starting label LEVI, seed 19, iteration 910, time: 694.5100662708282
Starting label LEVI, seed 19, iteration 920, time: 703.6224565505981
Starting label LEVI, seed 19, iteration 930, time: 713.5011110305786
Starting label LEVI, seed 19, iteration 940, time: 723.2166676521301
Starting label LEVI, seed 19, iteration 950, time: 732.8161492347717
Starting label LEVI, seed 19, iteration 960, time: 742.2085635662079
Starting label LEVI, seed 19, iteration 970, time: 752.1126329898834
Starting label LEVI, seed 19, iteration 980, time: 761.6677470207214
Starting label LEVI, seed 19, iteration 990, time: 770.5758152008057
Starting label LEVI, seed 19, iteration 1000, time: 778.9120004177094
Starting label LEVI, seed 19, iteration 1010, time: 788.0273621082306
Starting label LEVI, seed 19, iteration 1020, time: 797.182653427124
Starting label LEVI, seed 19, iteration 1030, time: 806.4324796199799
Starting label LEVI, seed 19, iteration 1040, time: 815.5994849205017
Starting label LEVI, seed 19, iteration 1050, time: 824.297798871994
Starting label LEVI, seed 19, iteration 1060, time: 833.2921149730682
Starting label LEVI, seed 19, iteration 1070, time: 842.2381172180176
Starting label LEVI, seed 19, iteration 1080, time: 851.3671977519989
Starting label LEVI, seed 19, iteration 1090, time: 860.5649220943451
Starting label LEVI, seed 19, iteration 1100, time: 869.898072719574
Starting label LEVI, seed 19, iteration 1110, time: 879.1376450061798
Starting label LEVI, seed 19, iteration 1120, time: 888.1800739765167
Starting label LEVI, seed 19, iteration 1130, time: 897.4443743228912
Starting label LEVI, seed 19, iteration 1140, time: 906.9539818763733
Starting label LEVI, seed 19, iteration 1150, time: 916.1661128997803
Starting label LEVI, seed 19, iteration 1160, time: 925.5778498649597
Starting label LEVI, seed 19, iteration 1170, time: 934.9922020435333
Starting label LEVI, seed 19, iteration 1180, time: 944.3904910087585
Starting label LEVI, seed 19, iteration 1190, time: 954.2742784023285
Starting label LEVI, seed 19, iteration 1200, time: 964.3184354305267
Starting label LEVI, seed 19, iteration 1210, time: 974.3840219974518
Starting label LEVI, seed 19, iteration 1220, time: 984.5702102184296
Starting label LEVI, seed 19, iteration 1230, time: 994.3434407711029
Starting label LEVI, seed 19, iteration 1240, time: 1004.3767516613007
Starting label LEVI, seed 19, iteration 1250, time: 1014.5833051204681
Starting label LEVI, seed 19, iteration 1260, time: 1024.672212600708
Starting label LEVI, seed 19, iteration 1270, time: 1033.6710591316223
Starting label LEVI, seed 19, iteration 1280, time: 1042.2163016796112
Starting label LEVI, seed 19, iteration 1290, time: 1051.4864437580109
Starting label LEVI, seed 19, iteration 1300, time: 1060.801421403885
Starting label LEVI, seed 19, iteration 1310, time: 1070.7503638267517
Starting label LEVI, seed 19, iteration 1320, time: 1080.7768416404724
Starting label LEVI, seed 19, iteration 1330, time: 1091.2113020420074
Starting label LEVI, seed 19, iteration 1340, time: 1100.9243161678314
Starting label LEVI, seed 19, iteration 1350, time: 1111.308010816574
Starting label LEVI, seed 19, iteration 1360, time: 1122.2004215717316
Starting label LEVI, seed 19, iteration 1370, time: 1132.8912394046783
Starting label LEVI, seed 19, iteration 1380, time: 1142.7421870231628
Starting label LEVI, seed 19, iteration 1390, time: 1153.3172857761383
Starting label LEVI, seed 19, iteration 1400, time: 1163.7721951007843
Starting label LEVI, seed 19, iteration 1410, time: 1174.0414481163025
Starting label LEVI, seed 19, iteration 1420, time: 1184.1735563278198
Starting label LEVI, seed 19, iteration 1430, time: 1194.3330795764923
Starting label LEVI, seed 19, iteration 1440, time: 1204.6546411514282
Starting label LEVI, seed 19, iteration 1450, time: 1215.6245594024658
Starting label LEVI, seed 19, iteration 1460, time: 1226.040312051773
Starting label LEVI, seed 19, iteration 1470, time: 1236.6464066505432
Starting label LEVI, seed 19, iteration 1480, time: 1247.9281039237976
Starting label LEVI, seed 19, iteration 1490, time: 1259.0414810180664
Starting label LEVI, seed 19, iteration 1500, time: 1270.611468076706
Starting label LEVI, seed 19, iteration 1510, time: 1281.9792008399963
Starting label LEVI, seed 19, iteration 1520, time: 1293.3404660224915
Starting label LEVI, seed 19, iteration 1530, time: 1303.7559990882874
Starting label LEVI, seed 19, iteration 1540, time: 1315.1329910755157
Starting label LEVI, seed 19, iteration 1550, time: 1325.6209313869476
Starting label LEVI, seed 19, iteration 1560, time: 1336.3792309761047
Starting label LEVI, seed 19, iteration 1570, time: 1347.8748247623444
Starting label LEVI, seed 19, iteration 1580, time: 1360.2510225772858
Starting label LEVI, seed 19, iteration 1590, time: 1371.0742237567902
Starting label LEVI, seed 19, iteration 1600, time: 1381.9811191558838
Starting label LEVI, seed 19, iteration 1610, time: 1392.5043902397156
Starting label LEVI, seed 19, iteration 1620, time: 1404.521913766861
Starting label LEVI, seed 19, iteration 1630, time: 1415.568888425827
Starting label LEVI, seed 19, iteration 1640, time: 1427.7476794719696
Starting label LEVI, seed 19, iteration 1650, time: 1439.2985000610352
Starting label LEVI, seed 19, iteration 1660, time: 1450.9778215885162
Starting label LEVI, seed 19, iteration 1670, time: 1463.4092664718628
Starting label LEVI, seed 19, iteration 1680, time: 1475.703046321869
Starting label LEVI, seed 19, iteration 1690, time: 1487.494770526886
Starting label LEVI, seed 19, iteration 1700, time: 1500.5181293487549
Starting label LEVI, seed 19, iteration 1710, time: 1514.2168109416962
Starting label LEVI, seed 19, iteration 1720, time: 1527.6080358028412
Starting label LEVI, seed 19, iteration 1730, time: 1539.7084608078003
Starting label LEVI, seed 19, iteration 1740, time: 1553.6926727294922
Starting label LEVI, seed 19, iteration 1750, time: 1567.5593030452728
Starting label LEVI, seed 19, iteration 1760, time: 1581.559097290039
Starting label LEVI, seed 19, iteration 1770, time: 1594.6850657463074
Starting label LEVI, seed 19, iteration 1780, time: 1608.182289838791
Starting label LEVI, seed 19, iteration 1790, time: 1621.0303540229797
Starting label LEVI, seed 19, iteration 1800, time: 1634.3792712688446
Starting label LEVI, seed 19, iteration 1810, time: 1648.0617327690125
Starting label LEVI, seed 19, iteration 1820, time: 1662.1371693611145
Starting label LEVI, seed 19, iteration 1830, time: 1676.2363228797913
Starting label LEVI, seed 19, iteration 1840, time: 1691.3880279064178
Starting label LEVI, seed 19, iteration 1850, time: 1706.948492527008
Starting label LEVI, seed 19, iteration 1860, time: 1722.1957132816315
Starting label LEVI, seed 19, iteration 1870, time: 1737.92773103714
Starting label LEVI, seed 19, iteration 1880, time: 1753.4877798557281
Starting label LEVI, seed 19, iteration 1890, time: 1770.6927638053894
Starting label LEVI, seed 19, iteration 1900, time: 1786.479424238205
Starting label LEVI, seed 19, iteration 1910, time: 1802.4348220825195
Starting label LEVI, seed 19, iteration 1920, time: 1818.055557012558
Starting label LEVI, seed 19, iteration 1930, time: 1833.2317514419556
Starting label LEVI, seed 19, iteration 1940, time: 1849.711979150772
Starting label LEVI, seed 19, iteration 1950, time: 1866.2189402580261
Starting label LEVI, seed 19, iteration 1960, time: 1883.0165634155273
Starting label LEVI, seed 19, iteration 1970, time: 1900.3648118972778
Starting label LEVI, seed 19, iteration 1980, time: 1917.2286169528961
Starting label LEVI, seed 19, iteration 1990, time: 1934.722413301468
submitit INFO (2022-10-02 13:53:39,389) - Job completed successfully
