submitit INFO (2022-10-02 00:14:18,798) - Starting with JobEnvironment(job_id=883189_3, hostname=joachims-compute-02.cs.cornell.edu, local_rank=0(1), node=0(1), global_rank=0(1))
submitit INFO (2022-10-02 00:14:18,798) - Loading pickle: /home/gid-cakmaks/contextual_rs/experiments/wsc_experiments/logs/883189_3/883189_3_submitted.pkl
Starting label LEVI, seed 73, iteration 0, time: 9.441375732421875e-05
Starting label LEVI, seed 73, iteration 10, time: 2.783994436264038
Starting label LEVI, seed 73, iteration 20, time: 5.535696268081665
Starting label LEVI, seed 73, iteration 30, time: 8.26543664932251
Starting label LEVI, seed 73, iteration 40, time: 10.93825912475586
Starting label LEVI, seed 73, iteration 50, time: 13.628854751586914
Starting label LEVI, seed 73, iteration 60, time: 16.3682644367218
Starting label LEVI, seed 73, iteration 70, time: 19.00312876701355
Starting label LEVI, seed 73, iteration 80, time: 21.624727725982666
Starting label LEVI, seed 73, iteration 90, time: 24.217601537704468
Starting label LEVI, seed 73, iteration 100, time: 26.862189292907715
Starting label LEVI, seed 73, iteration 110, time: 29.47681474685669
Starting label LEVI, seed 73, iteration 120, time: 32.08052110671997
Starting label LEVI, seed 73, iteration 130, time: 34.74332237243652
Starting label LEVI, seed 73, iteration 140, time: 37.45062279701233
Starting label LEVI, seed 73, iteration 150, time: 40.05083346366882
Starting label LEVI, seed 73, iteration 160, time: 42.75002193450928
Starting label LEVI, seed 73, iteration 170, time: 45.453797340393066
Starting label LEVI, seed 73, iteration 180, time: 48.24685859680176
Starting label LEVI, seed 73, iteration 190, time: 50.985432863235474
Starting label LEVI, seed 73, iteration 200, time: 53.73638391494751
Starting label LEVI, seed 73, iteration 210, time: 56.57398533821106
Starting label LEVI, seed 73, iteration 220, time: 59.57523989677429
Starting label LEVI, seed 73, iteration 230, time: 62.53125619888306
Starting label LEVI, seed 73, iteration 240, time: 65.3869264125824
Starting label LEVI, seed 73, iteration 250, time: 68.27610945701599
Starting label LEVI, seed 73, iteration 260, time: 71.09706115722656
Starting label LEVI, seed 73, iteration 270, time: 73.80514335632324
Starting label LEVI, seed 73, iteration 280, time: 76.57581806182861
Starting label LEVI, seed 73, iteration 290, time: 79.4601616859436
Starting label LEVI, seed 73, iteration 300, time: 82.31644320487976
Starting label LEVI, seed 73, iteration 310, time: 85.20694494247437
Starting label LEVI, seed 73, iteration 320, time: 88.03143405914307
Starting label LEVI, seed 73, iteration 330, time: 90.8424780368805
Starting label LEVI, seed 73, iteration 340, time: 93.71737170219421
Starting label LEVI, seed 73, iteration 350, time: 96.63435530662537
Starting label LEVI, seed 73, iteration 360, time: 99.53973960876465
Starting label LEVI, seed 73, iteration 370, time: 102.40531969070435
Starting label LEVI, seed 73, iteration 380, time: 105.32131242752075
Starting label LEVI, seed 73, iteration 390, time: 108.31934642791748
Starting label LEVI, seed 73, iteration 400, time: 111.28704977035522
Starting label LEVI, seed 73, iteration 410, time: 114.25272488594055
Starting label LEVI, seed 73, iteration 420, time: 117.12375259399414
Starting label LEVI, seed 73, iteration 430, time: 120.01318287849426
Starting label LEVI, seed 73, iteration 440, time: 122.93865752220154
Starting label LEVI, seed 73, iteration 450, time: 125.84469509124756
Starting label LEVI, seed 73, iteration 460, time: 128.8280177116394
Starting label LEVI, seed 73, iteration 470, time: 131.7582769393921
Starting label LEVI, seed 73, iteration 480, time: 134.84724712371826
Starting label LEVI, seed 73, iteration 490, time: 137.8260543346405
Starting label LEVI, seed 73, iteration 500, time: 140.77830243110657
Starting label LEVI, seed 73, iteration 510, time: 143.74048590660095
Starting label LEVI, seed 73, iteration 520, time: 146.67915153503418
Starting label LEVI, seed 73, iteration 530, time: 149.7128541469574
Starting label LEVI, seed 73, iteration 540, time: 152.78200125694275
Starting label LEVI, seed 73, iteration 550, time: 155.7385437488556
Starting label LEVI, seed 73, iteration 560, time: 158.82009387016296
Starting label LEVI, seed 73, iteration 570, time: 161.70477890968323
Starting label LEVI, seed 73, iteration 580, time: 164.5458381175995
Starting label LEVI, seed 73, iteration 590, time: 167.40420079231262
Starting label LEVI, seed 73, iteration 600, time: 170.3983278274536
Starting label LEVI, seed 73, iteration 610, time: 173.28940224647522
Starting label LEVI, seed 73, iteration 620, time: 176.1497151851654
Starting label LEVI, seed 73, iteration 630, time: 179.06442880630493
Starting label LEVI, seed 73, iteration 640, time: 182.10453629493713
Starting label LEVI, seed 73, iteration 650, time: 185.24361324310303
Starting label LEVI, seed 73, iteration 660, time: 188.3159430027008
Starting label LEVI, seed 73, iteration 670, time: 191.39264464378357
Starting label LEVI, seed 73, iteration 680, time: 194.41396641731262
Starting label LEVI, seed 73, iteration 690, time: 197.42459964752197
Starting label LEVI, seed 73, iteration 700, time: 200.3741946220398
Starting label LEVI, seed 73, iteration 710, time: 203.39318370819092
Starting label LEVI, seed 73, iteration 720, time: 206.44264268875122
Starting label LEVI, seed 73, iteration 730, time: 209.48146057128906
Starting label LEVI, seed 73, iteration 740, time: 212.58888840675354
Starting label LEVI, seed 73, iteration 750, time: 215.74909448623657
Starting label LEVI, seed 73, iteration 760, time: 218.9552390575409
Starting label LEVI, seed 73, iteration 770, time: 222.16910862922668
Starting label LEVI, seed 73, iteration 780, time: 225.3005187511444
Starting label LEVI, seed 73, iteration 790, time: 228.52257561683655
Starting label LEVI, seed 73, iteration 800, time: 231.67385840415955
Starting label LEVI, seed 73, iteration 810, time: 235.0000147819519
Starting label LEVI, seed 73, iteration 820, time: 238.18791604042053
Starting label LEVI, seed 73, iteration 830, time: 241.30520677566528
Starting label LEVI, seed 73, iteration 840, time: 244.48581290245056
Starting label LEVI, seed 73, iteration 850, time: 247.85617184638977
Starting label LEVI, seed 73, iteration 860, time: 251.1595139503479
Starting label LEVI, seed 73, iteration 870, time: 254.40817427635193
Starting label LEVI, seed 73, iteration 880, time: 257.7057430744171
Starting label LEVI, seed 73, iteration 890, time: 261.13326621055603
Starting label LEVI, seed 73, iteration 900, time: 264.37825655937195
Starting label LEVI, seed 73, iteration 910, time: 267.60972332954407
Starting label LEVI, seed 73, iteration 920, time: 270.8687353134155
Starting label LEVI, seed 73, iteration 930, time: 274.16792273521423
Starting label LEVI, seed 73, iteration 940, time: 277.40698409080505
Starting label LEVI, seed 73, iteration 950, time: 280.69139528274536
Starting label LEVI, seed 73, iteration 960, time: 283.88751339912415
Starting label LEVI, seed 73, iteration 970, time: 287.4412384033203
Starting label LEVI, seed 73, iteration 980, time: 290.8075349330902
Starting label LEVI, seed 73, iteration 990, time: 294.19376039505005
Starting label LEVI, seed 73, iteration 1000, time: 297.5984151363373
Starting label LEVI, seed 73, iteration 1010, time: 300.97441506385803
Starting label LEVI, seed 73, iteration 1020, time: 304.3852617740631
Starting label LEVI, seed 73, iteration 1030, time: 307.7953724861145
Starting label LEVI, seed 73, iteration 1040, time: 311.12754106521606
Starting label LEVI, seed 73, iteration 1050, time: 314.64840388298035
Starting label LEVI, seed 73, iteration 1060, time: 318.1645505428314
Starting label LEVI, seed 73, iteration 1070, time: 321.48806262016296
Starting label LEVI, seed 73, iteration 1080, time: 324.8520233631134
Starting label LEVI, seed 73, iteration 1090, time: 328.3087589740753
Starting label LEVI, seed 73, iteration 1100, time: 331.81104350090027
Starting label LEVI, seed 73, iteration 1110, time: 335.33258867263794
Starting label LEVI, seed 73, iteration 1120, time: 338.96010732650757
Starting label LEVI, seed 73, iteration 1130, time: 342.50963306427
Starting label LEVI, seed 73, iteration 1140, time: 346.3049087524414
Starting label LEVI, seed 73, iteration 1150, time: 349.8852233886719
Starting label LEVI, seed 73, iteration 1160, time: 353.40963077545166
Starting label LEVI, seed 73, iteration 1170, time: 357.0532922744751
Starting label LEVI, seed 73, iteration 1180, time: 360.86697149276733
Starting label LEVI, seed 73, iteration 1190, time: 364.4864070415497
Starting label LEVI, seed 73, iteration 1200, time: 368.34542751312256
Starting label LEVI, seed 73, iteration 1210, time: 372.0178623199463
Starting label LEVI, seed 73, iteration 1220, time: 375.7571578025818
Starting label LEVI, seed 73, iteration 1230, time: 379.4613130092621
Starting label LEVI, seed 73, iteration 1240, time: 383.30916571617126
Starting label LEVI, seed 73, iteration 1250, time: 387.1973006725311
Starting label LEVI, seed 73, iteration 1260, time: 391.20906829833984
Starting label LEVI, seed 73, iteration 1270, time: 395.08307123184204
Starting label LEVI, seed 73, iteration 1280, time: 398.90919733047485
Starting label LEVI, seed 73, iteration 1290, time: 402.8874092102051
Starting label LEVI, seed 73, iteration 1300, time: 406.81320548057556
Starting label LEVI, seed 73, iteration 1310, time: 410.7674734592438
Starting label LEVI, seed 73, iteration 1320, time: 414.9628572463989
Starting label LEVI, seed 73, iteration 1330, time: 418.97321677207947
Starting label LEVI, seed 73, iteration 1340, time: 422.824303150177
Starting label LEVI, seed 73, iteration 1350, time: 426.69955682754517
Starting label LEVI, seed 73, iteration 1360, time: 430.46378660202026
Starting label LEVI, seed 73, iteration 1370, time: 434.1850473880768
Starting label LEVI, seed 73, iteration 1380, time: 437.96438550949097
Starting label LEVI, seed 73, iteration 1390, time: 441.98887944221497
Starting label LEVI, seed 73, iteration 1400, time: 445.9639549255371
Starting label LEVI, seed 73, iteration 1410, time: 450.0543541908264
Starting label LEVI, seed 73, iteration 1420, time: 454.1082372665405
Starting label LEVI, seed 73, iteration 1430, time: 457.8961110115051
Starting label LEVI, seed 73, iteration 1440, time: 461.9228641986847
Starting label LEVI, seed 73, iteration 1450, time: 465.95413041114807
Starting label LEVI, seed 73, iteration 1460, time: 469.8910541534424
Starting label LEVI, seed 73, iteration 1470, time: 474.0309040546417
Starting label LEVI, seed 73, iteration 1480, time: 478.4100511074066
Starting label LEVI, seed 73, iteration 1490, time: 482.7457387447357
Starting label LEVI, seed 73, iteration 1500, time: 487.0632882118225
Starting label LEVI, seed 73, iteration 1510, time: 492.13486313819885
Starting label LEVI, seed 73, iteration 1520, time: 496.7157483100891
Starting label LEVI, seed 73, iteration 1530, time: 500.9977300167084
Starting label LEVI, seed 73, iteration 1540, time: 505.4925022125244
Starting label LEVI, seed 73, iteration 1550, time: 509.77536153793335
Starting label LEVI, seed 73, iteration 1560, time: 514.1820738315582
Starting label LEVI, seed 73, iteration 1570, time: 518.7031888961792
Starting label LEVI, seed 73, iteration 1580, time: 523.1016933917999
Starting label LEVI, seed 73, iteration 1590, time: 527.3172075748444
Starting label LEVI, seed 73, iteration 1600, time: 531.6659986972809
Starting label LEVI, seed 73, iteration 1610, time: 535.9354822635651
Starting label LEVI, seed 73, iteration 1620, time: 540.416407585144
Starting label LEVI, seed 73, iteration 1630, time: 544.9860541820526
Starting label LEVI, seed 73, iteration 1640, time: 549.4756047725677
Starting label LEVI, seed 73, iteration 1650, time: 554.2390978336334
Starting label LEVI, seed 73, iteration 1660, time: 558.9236869812012
Starting label LEVI, seed 73, iteration 1670, time: 563.6558680534363
Starting label LEVI, seed 73, iteration 1680, time: 568.2329840660095
Starting label LEVI, seed 73, iteration 1690, time: 572.8686761856079
Starting label LEVI, seed 73, iteration 1700, time: 577.5696320533752
Starting label LEVI, seed 73, iteration 1710, time: 582.3761148452759
Starting label LEVI, seed 73, iteration 1720, time: 587.010669708252
Starting label LEVI, seed 73, iteration 1730, time: 591.8086409568787
Starting label LEVI, seed 73, iteration 1740, time: 596.600301027298
Starting label LEVI, seed 73, iteration 1750, time: 601.537006855011
Starting label LEVI, seed 73, iteration 1760, time: 606.2459392547607
Starting label LEVI, seed 73, iteration 1770, time: 610.9743466377258
Starting label LEVI, seed 73, iteration 1780, time: 615.9245657920837
Starting label LEVI, seed 73, iteration 1790, time: 620.9083189964294
Starting label LEVI, seed 73, iteration 1800, time: 625.8133516311646
Starting label LEVI, seed 73, iteration 1810, time: 631.0150272846222
Starting label LEVI, seed 73, iteration 1820, time: 635.8904695510864
Starting label LEVI, seed 73, iteration 1830, time: 641.0130949020386
Starting label LEVI, seed 73, iteration 1840, time: 645.9458603858948
Starting label LEVI, seed 73, iteration 1850, time: 650.7473139762878
Starting label LEVI, seed 73, iteration 1860, time: 655.7356476783752
Starting label LEVI, seed 73, iteration 1870, time: 660.6200547218323
Starting label LEVI, seed 73, iteration 1880, time: 665.7109639644623
Starting label LEVI, seed 73, iteration 1890, time: 670.8397259712219
Starting label LEVI, seed 73, iteration 1900, time: 675.9875333309174
Starting label LEVI, seed 73, iteration 1910, time: 681.0194270610809
Starting label LEVI, seed 73, iteration 1920, time: 685.8349456787109
Starting label LEVI, seed 73, iteration 1930, time: 690.9365479946136
Starting label LEVI, seed 73, iteration 1940, time: 696.2030048370361
Starting label LEVI, seed 73, iteration 1950, time: 701.4554944038391
Starting label LEVI, seed 73, iteration 1960, time: 707.067675113678
Starting label LEVI, seed 73, iteration 1970, time: 712.3497169017792
Starting label LEVI, seed 73, iteration 1980, time: 717.707323551178
Starting label LEVI, seed 73, iteration 1990, time: 723.1773171424866
submitit INFO (2022-10-02 00:26:28,929) - Job completed successfully
