submitit INFO (2022-10-02 00:30:02,615) - Starting with JobEnvironment(job_id=883272_8, hostname=g2-compute-96.coecis.cornell.edu, local_rank=0(1), node=0(1), global_rank=0(1))
submitit INFO (2022-10-02 00:30:02,615) - Loading pickle: /home/gid-cakmaks/contextual_rs/experiments/wsc_experiments/logs/883272_8/883272_8_submitted.pkl
Starting label LEVI, seed 48, iteration 0, time: 0.0004029273986816406
Starting label LEVI, seed 48, iteration 10, time: 2.2040112018585205
Starting label LEVI, seed 48, iteration 20, time: 4.446638822555542
Starting label LEVI, seed 48, iteration 30, time: 6.730221509933472
Starting label LEVI, seed 48, iteration 40, time: 9.089389324188232
Starting label LEVI, seed 48, iteration 50, time: 11.460601806640625
Starting label LEVI, seed 48, iteration 60, time: 13.883107900619507
Starting label LEVI, seed 48, iteration 70, time: 16.192837715148926
Starting label LEVI, seed 48, iteration 80, time: 18.435245513916016
Starting label LEVI, seed 48, iteration 90, time: 20.778860092163086
Starting label LEVI, seed 48, iteration 100, time: 23.116618871688843
Starting label LEVI, seed 48, iteration 110, time: 25.495989084243774
Starting label LEVI, seed 48, iteration 120, time: 27.832697868347168
Starting label LEVI, seed 48, iteration 130, time: 30.316037893295288
Starting label LEVI, seed 48, iteration 140, time: 32.76324129104614
Starting label LEVI, seed 48, iteration 150, time: 35.19047808647156
Starting label LEVI, seed 48, iteration 160, time: 37.58288097381592
Starting label LEVI, seed 48, iteration 170, time: 40.02970910072327
Starting label LEVI, seed 48, iteration 180, time: 42.51941204071045
Starting label LEVI, seed 48, iteration 190, time: 45.05500411987305
Starting label LEVI, seed 48, iteration 200, time: 47.5158371925354
Starting label LEVI, seed 48, iteration 210, time: 49.96768927574158
Starting label LEVI, seed 48, iteration 220, time: 52.55429553985596
Starting label LEVI, seed 48, iteration 230, time: 55.12220525741577
Starting label LEVI, seed 48, iteration 240, time: 57.69615936279297
Starting label LEVI, seed 48, iteration 250, time: 60.32235264778137
Starting label LEVI, seed 48, iteration 260, time: 62.98228573799133
Starting label LEVI, seed 48, iteration 270, time: 65.65791606903076
Starting label LEVI, seed 48, iteration 280, time: 68.69010710716248
Starting label LEVI, seed 48, iteration 290, time: 71.72810649871826
Starting label LEVI, seed 48, iteration 300, time: 74.75509452819824
Starting label LEVI, seed 48, iteration 310, time: 77.90581750869751
Starting label LEVI, seed 48, iteration 320, time: 81.11489748954773
Starting label LEVI, seed 48, iteration 330, time: 84.27019119262695
Starting label LEVI, seed 48, iteration 340, time: 87.3576831817627
Starting label LEVI, seed 48, iteration 350, time: 90.43352913856506
Starting label LEVI, seed 48, iteration 360, time: 93.60571813583374
Starting label LEVI, seed 48, iteration 370, time: 96.7786705493927
Starting label LEVI, seed 48, iteration 380, time: 99.8964729309082
Starting label LEVI, seed 48, iteration 390, time: 103.11050367355347
Starting label LEVI, seed 48, iteration 400, time: 106.39434456825256
Starting label LEVI, seed 48, iteration 410, time: 109.70535397529602
Starting label LEVI, seed 48, iteration 420, time: 113.06539845466614
Starting label LEVI, seed 48, iteration 430, time: 116.43799591064453
Starting label LEVI, seed 48, iteration 440, time: 119.7934877872467
Starting label LEVI, seed 48, iteration 450, time: 122.86062526702881
Starting label LEVI, seed 48, iteration 460, time: 126.13545227050781
Starting label LEVI, seed 48, iteration 470, time: 129.62295627593994
Starting label LEVI, seed 48, iteration 480, time: 132.89969038963318
Starting label LEVI, seed 48, iteration 490, time: 136.04590821266174
Starting label LEVI, seed 48, iteration 500, time: 138.91296410560608
Starting label LEVI, seed 48, iteration 510, time: 141.8510160446167
Starting label LEVI, seed 48, iteration 520, time: 144.94246411323547
Starting label LEVI, seed 48, iteration 530, time: 147.99984526634216
Starting label LEVI, seed 48, iteration 540, time: 151.2185356616974
Starting label LEVI, seed 48, iteration 550, time: 154.2720046043396
Starting label LEVI, seed 48, iteration 560, time: 157.6071479320526
Starting label LEVI, seed 48, iteration 570, time: 160.7641043663025
Starting label LEVI, seed 48, iteration 580, time: 164.09771823883057
Starting label LEVI, seed 48, iteration 590, time: 167.50153493881226
Starting label LEVI, seed 48, iteration 600, time: 170.80219960212708
Starting label LEVI, seed 48, iteration 610, time: 174.11204195022583
Starting label LEVI, seed 48, iteration 620, time: 177.69117259979248
Starting label LEVI, seed 48, iteration 630, time: 181.1598241329193
Starting label LEVI, seed 48, iteration 640, time: 184.87868309020996
Starting label LEVI, seed 48, iteration 650, time: 188.47271943092346
Starting label LEVI, seed 48, iteration 660, time: 192.19621443748474
Starting label LEVI, seed 48, iteration 670, time: 196.0912721157074
Starting label LEVI, seed 48, iteration 680, time: 199.87561178207397
Starting label LEVI, seed 48, iteration 690, time: 203.44549703598022
Starting label LEVI, seed 48, iteration 700, time: 207.3767855167389
Starting label LEVI, seed 48, iteration 710, time: 211.35765624046326
Starting label LEVI, seed 48, iteration 720, time: 215.76714968681335
Starting label LEVI, seed 48, iteration 730, time: 219.49011421203613
Starting label LEVI, seed 48, iteration 740, time: 223.62170386314392
Starting label LEVI, seed 48, iteration 750, time: 227.95534324645996
Starting label LEVI, seed 48, iteration 760, time: 232.56753396987915
Starting label LEVI, seed 48, iteration 770, time: 237.07025146484375
Starting label LEVI, seed 48, iteration 780, time: 241.37450408935547
Starting label LEVI, seed 48, iteration 790, time: 246.00191259384155
Starting label LEVI, seed 48, iteration 800, time: 250.39108180999756
Starting label LEVI, seed 48, iteration 810, time: 254.90005135536194
Starting label LEVI, seed 48, iteration 820, time: 259.43428778648376
Starting label LEVI, seed 48, iteration 830, time: 264.10206747055054
Starting label LEVI, seed 48, iteration 840, time: 268.9239981174469
Starting label LEVI, seed 48, iteration 850, time: 273.92933416366577
Starting label LEVI, seed 48, iteration 860, time: 278.57642936706543
Starting label LEVI, seed 48, iteration 870, time: 283.8201448917389
Starting label LEVI, seed 48, iteration 880, time: 288.6393811702728
Starting label LEVI, seed 48, iteration 890, time: 292.867511510849
Starting label LEVI, seed 48, iteration 900, time: 297.8507978916168
Starting label LEVI, seed 48, iteration 910, time: 303.3566343784332
Starting label LEVI, seed 48, iteration 920, time: 308.49952459335327
Starting label LEVI, seed 48, iteration 930, time: 313.7720789909363
Starting label LEVI, seed 48, iteration 940, time: 319.2566270828247
Starting label LEVI, seed 48, iteration 950, time: 324.66671228408813
Starting label LEVI, seed 48, iteration 960, time: 331.0578055381775
Starting label LEVI, seed 48, iteration 970, time: 336.67470836639404
Starting label LEVI, seed 48, iteration 980, time: 342.57884430885315
Starting label LEVI, seed 48, iteration 990, time: 348.1440043449402
Starting label LEVI, seed 48, iteration 1000, time: 353.47805857658386
Starting label LEVI, seed 48, iteration 1010, time: 359.53174090385437
Starting label LEVI, seed 48, iteration 1020, time: 366.2025966644287
Starting label LEVI, seed 48, iteration 1030, time: 372.98184871673584
Starting label LEVI, seed 48, iteration 1040, time: 379.49203991889954
Starting label LEVI, seed 48, iteration 1050, time: 386.22618103027344
Starting label LEVI, seed 48, iteration 1060, time: 393.37143754959106
Starting label LEVI, seed 48, iteration 1070, time: 401.06314492225647
Starting label LEVI, seed 48, iteration 1080, time: 408.07388734817505
Starting label LEVI, seed 48, iteration 1090, time: 415.0920832157135
Starting label LEVI, seed 48, iteration 1100, time: 422.1015901565552
Starting label LEVI, seed 48, iteration 1110, time: 429.20818305015564
Starting label LEVI, seed 48, iteration 1120, time: 436.8467147350311
Starting label LEVI, seed 48, iteration 1130, time: 444.24385595321655
Starting label LEVI, seed 48, iteration 1140, time: 452.97917914390564
Starting label LEVI, seed 48, iteration 1150, time: 460.72493076324463
Starting label LEVI, seed 48, iteration 1160, time: 468.9249315261841
Starting label LEVI, seed 48, iteration 1170, time: 476.0442440509796
Starting label LEVI, seed 48, iteration 1180, time: 483.88129687309265
Starting label LEVI, seed 48, iteration 1190, time: 490.2529628276825
Starting label LEVI, seed 48, iteration 1200, time: 498.40501642227173
Starting label LEVI, seed 48, iteration 1210, time: 506.3533308506012
Starting label LEVI, seed 48, iteration 1220, time: 514.5950093269348
Starting label LEVI, seed 48, iteration 1230, time: 522.9863865375519
Starting label LEVI, seed 48, iteration 1240, time: 531.9561007022858
Starting label LEVI, seed 48, iteration 1250, time: 540.0975222587585
Starting label LEVI, seed 48, iteration 1260, time: 549.4756000041962
Starting label LEVI, seed 48, iteration 1270, time: 559.4752728939056
Starting label LEVI, seed 48, iteration 1280, time: 567.0688416957855
Starting label LEVI, seed 48, iteration 1290, time: 576.2307476997375
Starting label LEVI, seed 48, iteration 1300, time: 585.585755109787
Starting label LEVI, seed 48, iteration 1310, time: 595.7648754119873
Starting label LEVI, seed 48, iteration 1320, time: 605.7092127799988
Starting label LEVI, seed 48, iteration 1330, time: 613.5700271129608
Starting label LEVI, seed 48, iteration 1340, time: 623.7573442459106
Starting label LEVI, seed 48, iteration 1350, time: 634.0528469085693
Starting label LEVI, seed 48, iteration 1360, time: 644.288054227829
Starting label LEVI, seed 48, iteration 1370, time: 654.7532176971436
Starting label LEVI, seed 48, iteration 1380, time: 664.9185326099396
Starting label LEVI, seed 48, iteration 1390, time: 674.7029685974121
Starting label LEVI, seed 48, iteration 1400, time: 683.6339650154114
Starting label LEVI, seed 48, iteration 1410, time: 694.833815574646
Starting label LEVI, seed 48, iteration 1420, time: 706.3077726364136
Starting label LEVI, seed 48, iteration 1430, time: 718.6253004074097
Starting label LEVI, seed 48, iteration 1440, time: 731.0731739997864
Starting label LEVI, seed 48, iteration 1450, time: 741.0360758304596
Starting label LEVI, seed 48, iteration 1460, time: 753.6384954452515
Starting label LEVI, seed 48, iteration 1470, time: 766.748108625412
Starting label LEVI, seed 48, iteration 1480, time: 779.7401447296143
Starting label LEVI, seed 48, iteration 1490, time: 793.0144894123077
Starting label LEVI, seed 48, iteration 1500, time: 805.1996991634369
Starting label LEVI, seed 48, iteration 1510, time: 818.6101448535919
Starting label LEVI, seed 48, iteration 1520, time: 829.8613629341125
Starting label LEVI, seed 48, iteration 1530, time: 843.3154010772705
Starting label LEVI, seed 48, iteration 1540, time: 857.4802987575531
Starting label LEVI, seed 48, iteration 1550, time: 870.5668256282806
Starting label LEVI, seed 48, iteration 1560, time: 882.5252599716187
Starting label LEVI, seed 48, iteration 1570, time: 896.4438588619232
Starting label LEVI, seed 48, iteration 1580, time: 909.1217124462128
Starting label LEVI, seed 48, iteration 1590, time: 923.663937330246
Starting label LEVI, seed 48, iteration 1600, time: 936.4308981895447
Starting label LEVI, seed 48, iteration 1610, time: 949.6012942790985
Starting label LEVI, seed 48, iteration 1620, time: 962.2076725959778
Starting label LEVI, seed 48, iteration 1630, time: 978.6924905776978
Starting label LEVI, seed 48, iteration 1640, time: 992.3615970611572
Starting label LEVI, seed 48, iteration 1650, time: 1005.695515871048
Starting label LEVI, seed 48, iteration 1660, time: 1018.4698338508606
Starting label LEVI, seed 48, iteration 1670, time: 1036.2756452560425
Starting label LEVI, seed 48, iteration 1680, time: 1053.0704364776611
Starting label LEVI, seed 48, iteration 1690, time: 1071.1564328670502
Starting label LEVI, seed 48, iteration 1700, time: 1088.7286922931671
Starting label LEVI, seed 48, iteration 1710, time: 1105.2083230018616
Starting label LEVI, seed 48, iteration 1720, time: 1125.496247291565
Starting label LEVI, seed 48, iteration 1730, time: 1142.364063501358
Starting label LEVI, seed 48, iteration 1740, time: 1157.647466659546
Starting label LEVI, seed 48, iteration 1750, time: 1175.1589941978455
Starting label LEVI, seed 48, iteration 1760, time: 1193.1624460220337
Starting label LEVI, seed 48, iteration 1770, time: 1210.7011654376984
Starting label LEVI, seed 48, iteration 1780, time: 1227.7869400978088
Starting label LEVI, seed 48, iteration 1790, time: 1248.4123940467834
Starting label LEVI, seed 48, iteration 1800, time: 1266.315226316452
Starting label LEVI, seed 48, iteration 1810, time: 1287.523238658905
Starting label LEVI, seed 48, iteration 1820, time: 1310.2555394172668
Starting label LEVI, seed 48, iteration 1830, time: 1328.4090523719788
Starting label LEVI, seed 48, iteration 1840, time: 1348.2003860473633
Starting label LEVI, seed 48, iteration 1850, time: 1368.2241773605347
Starting label LEVI, seed 48, iteration 1860, time: 1388.176547050476
Starting label LEVI, seed 48, iteration 1870, time: 1410.1120970249176
Starting label LEVI, seed 48, iteration 1880, time: 1431.483861207962
Starting label LEVI, seed 48, iteration 1890, time: 1451.2113547325134
Starting label LEVI, seed 48, iteration 1900, time: 1477.0214583873749
Starting label LEVI, seed 48, iteration 1910, time: 1501.1887862682343
Starting label LEVI, seed 48, iteration 1920, time: 1524.4996840953827
Starting label LEVI, seed 48, iteration 1930, time: 1545.1973986625671
submitit WARNING (2022-10-02 00:55:52,173) - Bypassing signal SIGTERM
submitit WARNING (2022-10-02 00:55:52,174) - Bypassing signal SIGCONT
Starting label LEVI, seed 48, iteration 1940, time: 1567.189653635025
