submitit INFO (2022-10-02 00:30:02,628) - Starting with JobEnvironment(job_id=883272_6, hostname=g2-compute-94.coecis.cornell.edu, local_rank=0(1), node=0(1), global_rank=0(1))
submitit INFO (2022-10-02 00:30:02,628) - Loading pickle: /home/gid-cakmaks/contextual_rs/experiments/wsc_experiments/logs/883272_6/883272_6_submitted.pkl
Starting label LEVI, seed 46, iteration 0, time: 0.00042700767517089844
Starting label LEVI, seed 46, iteration 10, time: 2.1520802974700928
Starting label LEVI, seed 46, iteration 20, time: 4.226311206817627
Starting label LEVI, seed 46, iteration 30, time: 6.412215709686279
Starting label LEVI, seed 46, iteration 40, time: 8.595149755477905
Starting label LEVI, seed 46, iteration 50, time: 10.796693801879883
Starting label LEVI, seed 46, iteration 60, time: 13.066231966018677
Starting label LEVI, seed 46, iteration 70, time: 15.242511510848999
Starting label LEVI, seed 46, iteration 80, time: 17.4650821685791
Starting label LEVI, seed 46, iteration 90, time: 19.68095850944519
Starting label LEVI, seed 46, iteration 100, time: 21.945766925811768
Starting label LEVI, seed 46, iteration 110, time: 24.217653512954712
Starting label LEVI, seed 46, iteration 120, time: 26.568077087402344
Starting label LEVI, seed 46, iteration 130, time: 28.950846195220947
Starting label LEVI, seed 46, iteration 140, time: 31.41592502593994
Starting label LEVI, seed 46, iteration 150, time: 33.840247631073
Starting label LEVI, seed 46, iteration 160, time: 36.20499658584595
Starting label LEVI, seed 46, iteration 170, time: 38.51535415649414
Starting label LEVI, seed 46, iteration 180, time: 40.918166399002075
Starting label LEVI, seed 46, iteration 190, time: 43.27003860473633
Starting label LEVI, seed 46, iteration 200, time: 45.553983211517334
Starting label LEVI, seed 46, iteration 210, time: 47.93045210838318
Starting label LEVI, seed 46, iteration 220, time: 50.40745234489441
Starting label LEVI, seed 46, iteration 230, time: 52.86190867424011
Starting label LEVI, seed 46, iteration 240, time: 55.33861804008484
Starting label LEVI, seed 46, iteration 250, time: 57.91800260543823
Starting label LEVI, seed 46, iteration 260, time: 60.406142234802246
Starting label LEVI, seed 46, iteration 270, time: 62.95918846130371
Starting label LEVI, seed 46, iteration 280, time: 65.52249503135681
Starting label LEVI, seed 46, iteration 290, time: 68.11289691925049
Starting label LEVI, seed 46, iteration 300, time: 70.64874076843262
Starting label LEVI, seed 46, iteration 310, time: 73.25953459739685
Starting label LEVI, seed 46, iteration 320, time: 75.92931818962097
Starting label LEVI, seed 46, iteration 330, time: 78.58653283119202
Starting label LEVI, seed 46, iteration 340, time: 81.17972207069397
Starting label LEVI, seed 46, iteration 350, time: 83.84875583648682
Starting label LEVI, seed 46, iteration 360, time: 86.50006103515625
Starting label LEVI, seed 46, iteration 370, time: 89.21467661857605
Starting label LEVI, seed 46, iteration 380, time: 92.09555172920227
Starting label LEVI, seed 46, iteration 390, time: 94.91463994979858
Starting label LEVI, seed 46, iteration 400, time: 97.75291466712952
Starting label LEVI, seed 46, iteration 410, time: 100.70724940299988
Starting label LEVI, seed 46, iteration 420, time: 103.4828085899353
Starting label LEVI, seed 46, iteration 430, time: 106.39709520339966
Starting label LEVI, seed 46, iteration 440, time: 109.39156723022461
Starting label LEVI, seed 46, iteration 450, time: 112.27008628845215
Starting label LEVI, seed 46, iteration 460, time: 115.36060094833374
Starting label LEVI, seed 46, iteration 470, time: 118.59937691688538
Starting label LEVI, seed 46, iteration 480, time: 121.91586899757385
Starting label LEVI, seed 46, iteration 490, time: 125.17327356338501
Starting label LEVI, seed 46, iteration 500, time: 128.50512027740479
Starting label LEVI, seed 46, iteration 510, time: 131.8335883617401
Starting label LEVI, seed 46, iteration 520, time: 135.20940732955933
Starting label LEVI, seed 46, iteration 530, time: 138.7158031463623
Starting label LEVI, seed 46, iteration 540, time: 142.50397729873657
Starting label LEVI, seed 46, iteration 550, time: 146.05733180046082
Starting label LEVI, seed 46, iteration 560, time: 149.76323771476746
Starting label LEVI, seed 46, iteration 570, time: 153.49830079078674
Starting label LEVI, seed 46, iteration 580, time: 157.26314043998718
Starting label LEVI, seed 46, iteration 590, time: 161.15345287322998
Starting label LEVI, seed 46, iteration 600, time: 164.98041319847107
Starting label LEVI, seed 46, iteration 610, time: 169.13369393348694
Starting label LEVI, seed 46, iteration 620, time: 172.99540853500366
Starting label LEVI, seed 46, iteration 630, time: 177.252108335495
Starting label LEVI, seed 46, iteration 640, time: 181.14565443992615
Starting label LEVI, seed 46, iteration 650, time: 185.4487431049347
Starting label LEVI, seed 46, iteration 660, time: 189.9726676940918
Starting label LEVI, seed 46, iteration 670, time: 194.50051283836365
Starting label LEVI, seed 46, iteration 680, time: 199.38236021995544
Starting label LEVI, seed 46, iteration 690, time: 203.79725551605225
Starting label LEVI, seed 46, iteration 700, time: 208.71548080444336
Starting label LEVI, seed 46, iteration 710, time: 213.86223435401917
Starting label LEVI, seed 46, iteration 720, time: 219.47780323028564
Starting label LEVI, seed 46, iteration 730, time: 224.71064615249634
Starting label LEVI, seed 46, iteration 740, time: 229.66194486618042
Starting label LEVI, seed 46, iteration 750, time: 235.29488515853882
Starting label LEVI, seed 46, iteration 760, time: 240.8231132030487
Starting label LEVI, seed 46, iteration 770, time: 246.43379402160645
Starting label LEVI, seed 46, iteration 780, time: 252.6571385860443
Starting label LEVI, seed 46, iteration 790, time: 258.83178305625916
Starting label LEVI, seed 46, iteration 800, time: 264.40210032463074
Starting label LEVI, seed 46, iteration 810, time: 270.2501332759857
Starting label LEVI, seed 46, iteration 820, time: 275.4750030040741
Starting label LEVI, seed 46, iteration 830, time: 281.3782675266266
Starting label LEVI, seed 46, iteration 840, time: 288.01141929626465
Starting label LEVI, seed 46, iteration 850, time: 293.9181795120239
Starting label LEVI, seed 46, iteration 860, time: 300.468731880188
Starting label LEVI, seed 46, iteration 870, time: 306.5427711009979
Starting label LEVI, seed 46, iteration 880, time: 313.86613512039185
Starting label LEVI, seed 46, iteration 890, time: 320.13561248779297
Starting label LEVI, seed 46, iteration 900, time: 327.38805532455444
Starting label LEVI, seed 46, iteration 910, time: 334.6495943069458
Starting label LEVI, seed 46, iteration 920, time: 340.87861585617065
Starting label LEVI, seed 46, iteration 930, time: 346.77961254119873
Starting label LEVI, seed 46, iteration 940, time: 354.03358268737793
Starting label LEVI, seed 46, iteration 950, time: 359.6306653022766
Starting label LEVI, seed 46, iteration 960, time: 366.01671600341797
Starting label LEVI, seed 46, iteration 970, time: 372.50792598724365
Starting label LEVI, seed 46, iteration 980, time: 380.15829157829285
Starting label LEVI, seed 46, iteration 990, time: 386.56958413124084
Starting label LEVI, seed 46, iteration 1000, time: 394.69958209991455
Starting label LEVI, seed 46, iteration 1010, time: 401.62682485580444
Starting label LEVI, seed 46, iteration 1020, time: 410.30302262306213
Starting label LEVI, seed 46, iteration 1030, time: 418.12971782684326
Starting label LEVI, seed 46, iteration 1040, time: 426.84555077552795
Starting label LEVI, seed 46, iteration 1050, time: 435.26141238212585
Starting label LEVI, seed 46, iteration 1060, time: 444.28041768074036
Starting label LEVI, seed 46, iteration 1070, time: 453.29650020599365
Starting label LEVI, seed 46, iteration 1080, time: 461.8819727897644
Starting label LEVI, seed 46, iteration 1090, time: 471.9966802597046
Starting label LEVI, seed 46, iteration 1100, time: 482.42944264411926
Starting label LEVI, seed 46, iteration 1110, time: 492.6950931549072
Starting label LEVI, seed 46, iteration 1120, time: 500.5282337665558
Starting label LEVI, seed 46, iteration 1130, time: 509.87334966659546
Starting label LEVI, seed 46, iteration 1140, time: 521.1548962593079
Starting label LEVI, seed 46, iteration 1150, time: 532.7301514148712
Starting label LEVI, seed 46, iteration 1160, time: 542.0827362537384
Starting label LEVI, seed 46, iteration 1170, time: 551.8717024326324
Starting label LEVI, seed 46, iteration 1180, time: 561.137154340744
Starting label LEVI, seed 46, iteration 1190, time: 572.4570326805115
Starting label LEVI, seed 46, iteration 1200, time: 582.8066833019257
Starting label LEVI, seed 46, iteration 1210, time: 593.0988187789917
Starting label LEVI, seed 46, iteration 1220, time: 606.1487545967102
Starting label LEVI, seed 46, iteration 1230, time: 618.8683094978333
Starting label LEVI, seed 46, iteration 1240, time: 629.6894571781158
Starting label LEVI, seed 46, iteration 1250, time: 643.878378868103
Starting label LEVI, seed 46, iteration 1260, time: 657.0793907642365
Starting label LEVI, seed 46, iteration 1270, time: 670.4260149002075
Starting label LEVI, seed 46, iteration 1280, time: 683.6909568309784
Starting label LEVI, seed 46, iteration 1290, time: 696.9792909622192
Starting label LEVI, seed 46, iteration 1300, time: 707.9223489761353
Starting label LEVI, seed 46, iteration 1310, time: 718.5915906429291
Starting label LEVI, seed 46, iteration 1320, time: 730.3118779659271
Starting label LEVI, seed 46, iteration 1330, time: 742.3328981399536
Starting label LEVI, seed 46, iteration 1340, time: 753.8456065654755
Starting label LEVI, seed 46, iteration 1350, time: 769.904016494751
Starting label LEVI, seed 46, iteration 1360, time: 782.7442939281464
Starting label LEVI, seed 46, iteration 1370, time: 794.3268301486969
Starting label LEVI, seed 46, iteration 1380, time: 808.9815368652344
Starting label LEVI, seed 46, iteration 1390, time: 822.2665922641754
Starting label LEVI, seed 46, iteration 1400, time: 834.4205479621887
Starting label LEVI, seed 46, iteration 1410, time: 847.8941414356232
Starting label LEVI, seed 46, iteration 1420, time: 862.2931597232819
Starting label LEVI, seed 46, iteration 1430, time: 880.0662643909454
Starting label LEVI, seed 46, iteration 1440, time: 894.8166861534119
Starting label LEVI, seed 46, iteration 1450, time: 908.5262351036072
Starting label LEVI, seed 46, iteration 1460, time: 926.5109417438507
Starting label LEVI, seed 46, iteration 1470, time: 943.2582569122314
Starting label LEVI, seed 46, iteration 1480, time: 957.246830701828
Starting label LEVI, seed 46, iteration 1490, time: 975.3308889865875
Starting label LEVI, seed 46, iteration 1500, time: 991.5265378952026
Starting label LEVI, seed 46, iteration 1510, time: 1010.716148853302
Starting label LEVI, seed 46, iteration 1520, time: 1033.7400205135345
Starting label LEVI, seed 46, iteration 1530, time: 1055.031902551651
Starting label LEVI, seed 46, iteration 1540, time: 1074.8882222175598
Starting label LEVI, seed 46, iteration 1550, time: 1099.880527973175
Starting label LEVI, seed 46, iteration 1560, time: 1121.8717012405396
Starting label LEVI, seed 46, iteration 1570, time: 1145.0504870414734
Starting label LEVI, seed 46, iteration 1580, time: 1168.6222853660583
Starting label LEVI, seed 46, iteration 1590, time: 1187.8483221530914
Starting label LEVI, seed 46, iteration 1600, time: 1212.099868774414
Starting label LEVI, seed 46, iteration 1610, time: 1236.7602472305298
Starting label LEVI, seed 46, iteration 1620, time: 1258.0484561920166
Starting label LEVI, seed 46, iteration 1630, time: 1283.8105738162994
Starting label LEVI, seed 46, iteration 1640, time: 1309.0159952640533
Starting label LEVI, seed 46, iteration 1650, time: 1336.3969838619232
Starting label LEVI, seed 46, iteration 1660, time: 1363.6345896720886
Starting label LEVI, seed 46, iteration 1670, time: 1385.2666721343994
Starting label LEVI, seed 46, iteration 1680, time: 1408.7905323505402
Starting label LEVI, seed 46, iteration 1690, time: 1433.3985755443573
Starting label LEVI, seed 46, iteration 1700, time: 1457.9800810813904
Starting label LEVI, seed 46, iteration 1710, time: 1482.5544290542603
Starting label LEVI, seed 46, iteration 1720, time: 1507.5977895259857
Starting label LEVI, seed 46, iteration 1730, time: 1532.4814445972443
submitit WARNING (2022-10-02 00:55:52,263) - Bypassing signal SIGTERM
submitit WARNING (2022-10-02 00:55:52,264) - Bypassing signal SIGCONT
Starting label LEVI, seed 46, iteration 1740, time: 1557.7910664081573
