submitit INFO (2022-10-02 00:56:36,362) - Starting with JobEnvironment(job_id=883357_9, hostname=tripods-compute-02.cs.cornell.edu, local_rank=0(1), node=0(1), global_rank=0(1))
submitit INFO (2022-10-02 00:56:36,363) - Loading pickle: /home/gid-cakmaks/contextual_rs/experiments/wsc_experiments/logs/883357_9/883357_9_submitted.pkl
Starting label LEVI, seed 39, iteration 0, time: 0.03093719482421875
Starting label LEVI, seed 39, iteration 10, time: 3.3757870197296143
Starting label LEVI, seed 39, iteration 20, time: 6.624694585800171
Starting label LEVI, seed 39, iteration 30, time: 9.851507425308228
Starting label LEVI, seed 39, iteration 40, time: 13.15626335144043
Starting label LEVI, seed 39, iteration 50, time: 16.400115728378296
Starting label LEVI, seed 39, iteration 60, time: 19.7538058757782
Starting label LEVI, seed 39, iteration 70, time: 23.087822914123535
Starting label LEVI, seed 39, iteration 80, time: 26.386788606643677
Starting label LEVI, seed 39, iteration 90, time: 29.58909821510315
Starting label LEVI, seed 39, iteration 100, time: 32.79350471496582
Starting label LEVI, seed 39, iteration 110, time: 36.02287244796753
Starting label LEVI, seed 39, iteration 120, time: 39.26614999771118
Starting label LEVI, seed 39, iteration 130, time: 42.57016324996948
Starting label LEVI, seed 39, iteration 140, time: 45.98543119430542
Starting label LEVI, seed 39, iteration 150, time: 49.22425627708435
Starting label LEVI, seed 39, iteration 160, time: 52.507527589797974
Starting label LEVI, seed 39, iteration 170, time: 56.705177783966064
Starting label LEVI, seed 39, iteration 180, time: 61.27504324913025
Starting label LEVI, seed 39, iteration 190, time: 65.95664167404175
Starting label LEVI, seed 39, iteration 200, time: 69.87360048294067
Starting label LEVI, seed 39, iteration 210, time: 74.83895874023438
Starting label LEVI, seed 39, iteration 220, time: 79.42134141921997
Starting label LEVI, seed 39, iteration 230, time: 84.20997166633606
Starting label LEVI, seed 39, iteration 240, time: 89.02356123924255
Starting label LEVI, seed 39, iteration 250, time: 93.24924421310425
Starting label LEVI, seed 39, iteration 260, time: 97.5856237411499
Starting label LEVI, seed 39, iteration 270, time: 101.81326913833618
Starting label LEVI, seed 39, iteration 280, time: 105.9139449596405
Starting label LEVI, seed 39, iteration 290, time: 110.04106616973877
Starting label LEVI, seed 39, iteration 300, time: 114.04663443565369
Starting label LEVI, seed 39, iteration 310, time: 118.2935950756073
Starting label LEVI, seed 39, iteration 320, time: 122.53002452850342
Starting label LEVI, seed 39, iteration 330, time: 126.67103505134583
Starting label LEVI, seed 39, iteration 340, time: 130.96202993392944
Starting label LEVI, seed 39, iteration 350, time: 135.14534449577332
Starting label LEVI, seed 39, iteration 360, time: 139.43121361732483
Starting label LEVI, seed 39, iteration 370, time: 143.7960443496704
Starting label LEVI, seed 39, iteration 380, time: 148.17305397987366
Starting label LEVI, seed 39, iteration 390, time: 152.42677760124207
Starting label LEVI, seed 39, iteration 400, time: 156.70179915428162
Starting label LEVI, seed 39, iteration 410, time: 161.13054513931274
Starting label LEVI, seed 39, iteration 420, time: 165.44543170928955
Starting label LEVI, seed 39, iteration 430, time: 169.86294507980347
Starting label LEVI, seed 39, iteration 440, time: 174.34362506866455
Starting label LEVI, seed 39, iteration 450, time: 178.66898441314697
Starting label LEVI, seed 39, iteration 460, time: 183.14471244812012
Starting label LEVI, seed 39, iteration 470, time: 187.8597137928009
Starting label LEVI, seed 39, iteration 480, time: 192.43941640853882
Starting label LEVI, seed 39, iteration 490, time: 197.06299829483032
Starting label LEVI, seed 39, iteration 500, time: 201.5910131931305
Starting label LEVI, seed 39, iteration 510, time: 206.23894929885864
Starting label LEVI, seed 39, iteration 520, time: 210.86328530311584
Starting label LEVI, seed 39, iteration 530, time: 215.57134866714478
Starting label LEVI, seed 39, iteration 540, time: 220.5276448726654
Starting label LEVI, seed 39, iteration 550, time: 225.34345746040344
Starting label LEVI, seed 39, iteration 560, time: 229.63592410087585
Starting label LEVI, seed 39, iteration 570, time: 233.88242483139038
Starting label LEVI, seed 39, iteration 580, time: 238.54239058494568
Starting label LEVI, seed 39, iteration 590, time: 243.21638655662537
Starting label LEVI, seed 39, iteration 600, time: 247.49927496910095
Starting label LEVI, seed 39, iteration 610, time: 252.23960876464844
Starting label LEVI, seed 39, iteration 620, time: 256.97573351860046
Starting label LEVI, seed 39, iteration 630, time: 261.6173059940338
Starting label LEVI, seed 39, iteration 640, time: 266.364310503006
Starting label LEVI, seed 39, iteration 650, time: 270.5149700641632
Starting label LEVI, seed 39, iteration 660, time: 275.2158031463623
Starting label LEVI, seed 39, iteration 670, time: 279.6438708305359
Starting label LEVI, seed 39, iteration 680, time: 284.34781646728516
Starting label LEVI, seed 39, iteration 690, time: 289.39526534080505
Starting label LEVI, seed 39, iteration 700, time: 294.82333040237427
Starting label LEVI, seed 39, iteration 710, time: 299.6118037700653
Starting label LEVI, seed 39, iteration 720, time: 304.29708552360535
Starting label LEVI, seed 39, iteration 730, time: 309.1653606891632
Starting label LEVI, seed 39, iteration 740, time: 314.50644850730896
Starting label LEVI, seed 39, iteration 750, time: 320.09271717071533
Starting label LEVI, seed 39, iteration 760, time: 325.1530086994171
Starting label LEVI, seed 39, iteration 770, time: 331.2486135959625
Starting label LEVI, seed 39, iteration 780, time: 337.2834885120392
Starting label LEVI, seed 39, iteration 790, time: 344.079815864563
Starting label LEVI, seed 39, iteration 800, time: 350.3843972682953
Starting label LEVI, seed 39, iteration 810, time: 356.2413749694824
Starting label LEVI, seed 39, iteration 820, time: 362.1330101490021
Starting label LEVI, seed 39, iteration 830, time: 368.114093542099
Starting label LEVI, seed 39, iteration 840, time: 373.93282175064087
Starting label LEVI, seed 39, iteration 850, time: 379.79287600517273
Starting label LEVI, seed 39, iteration 860, time: 385.97573614120483
Starting label LEVI, seed 39, iteration 870, time: 392.7953338623047
Starting label LEVI, seed 39, iteration 880, time: 401.3172068595886
Starting label LEVI, seed 39, iteration 890, time: 409.07187724113464
Starting label LEVI, seed 39, iteration 900, time: 416.33057475090027
Starting label LEVI, seed 39, iteration 910, time: 423.6041419506073
Starting label LEVI, seed 39, iteration 920, time: 430.8749988079071
Starting label LEVI, seed 39, iteration 930, time: 438.5374975204468
Starting label LEVI, seed 39, iteration 940, time: 446.26571583747864
Starting label LEVI, seed 39, iteration 950, time: 454.79458117485046
Starting label LEVI, seed 39, iteration 960, time: 462.47999835014343
Starting label LEVI, seed 39, iteration 970, time: 471.72038221359253
Starting label LEVI, seed 39, iteration 980, time: 479.9849979877472
Starting label LEVI, seed 39, iteration 990, time: 489.62416648864746
Starting label LEVI, seed 39, iteration 1000, time: 497.74172806739807
Starting label LEVI, seed 39, iteration 1010, time: 506.22886848449707
Starting label LEVI, seed 39, iteration 1020, time: 514.927173614502
Starting label LEVI, seed 39, iteration 1030, time: 522.5284864902496
Starting label LEVI, seed 39, iteration 1040, time: 529.3905868530273
Starting label LEVI, seed 39, iteration 1050, time: 537.6383500099182
Starting label LEVI, seed 39, iteration 1060, time: 546.5596160888672
Starting label LEVI, seed 39, iteration 1070, time: 556.680267572403
Starting label LEVI, seed 39, iteration 1080, time: 565.9420781135559
Starting label LEVI, seed 39, iteration 1090, time: 574.8595910072327
Starting label LEVI, seed 39, iteration 1100, time: 583.5595986843109
Starting label LEVI, seed 39, iteration 1110, time: 592.0764861106873
Starting label LEVI, seed 39, iteration 1120, time: 601.287547826767
Starting label LEVI, seed 39, iteration 1130, time: 609.5752048492432
Starting label LEVI, seed 39, iteration 1140, time: 619.1587381362915
Starting label LEVI, seed 39, iteration 1150, time: 628.1066880226135
Starting label LEVI, seed 39, iteration 1160, time: 637.0031917095184
Starting label LEVI, seed 39, iteration 1170, time: 645.6111526489258
Starting label LEVI, seed 39, iteration 1180, time: 654.5772824287415
Starting label LEVI, seed 39, iteration 1190, time: 665.5816767215729
Starting label LEVI, seed 39, iteration 1200, time: 676.5898909568787
Starting label LEVI, seed 39, iteration 1210, time: 686.9410698413849
Starting label LEVI, seed 39, iteration 1220, time: 696.714519739151
Starting label LEVI, seed 39, iteration 1230, time: 707.1146831512451
Starting label LEVI, seed 39, iteration 1240, time: 716.9194092750549
Starting label LEVI, seed 39, iteration 1250, time: 725.456597328186
Starting label LEVI, seed 39, iteration 1260, time: 733.6903555393219
Starting label LEVI, seed 39, iteration 1270, time: 742.5813312530518
Starting label LEVI, seed 39, iteration 1280, time: 752.1530201435089
Starting label LEVI, seed 39, iteration 1290, time: 760.9945337772369
Starting label LEVI, seed 39, iteration 1300, time: 772.4404175281525
Starting label LEVI, seed 39, iteration 1310, time: 781.9750068187714
Starting label LEVI, seed 39, iteration 1320, time: 790.9026339054108
Starting label LEVI, seed 39, iteration 1330, time: 800.2467217445374
Starting label LEVI, seed 39, iteration 1340, time: 809.9681293964386
Starting label LEVI, seed 39, iteration 1350, time: 820.8115448951721
Starting label LEVI, seed 39, iteration 1360, time: 832.3104372024536
Starting label LEVI, seed 39, iteration 1370, time: 842.0402686595917
Starting label LEVI, seed 39, iteration 1380, time: 853.82470870018
Starting label LEVI, seed 39, iteration 1390, time: 865.9004371166229
Starting label LEVI, seed 39, iteration 1400, time: 877.7567234039307
Starting label LEVI, seed 39, iteration 1410, time: 890.0359086990356
Starting label LEVI, seed 39, iteration 1420, time: 902.8234105110168
Starting label LEVI, seed 39, iteration 1430, time: 913.4556102752686
Starting label LEVI, seed 39, iteration 1440, time: 925.7697229385376
Starting label LEVI, seed 39, iteration 1450, time: 937.043577671051
Starting label LEVI, seed 39, iteration 1460, time: 947.9605576992035
Starting label LEVI, seed 39, iteration 1470, time: 959.0842628479004
Starting label LEVI, seed 39, iteration 1480, time: 972.811407327652
Starting label LEVI, seed 39, iteration 1490, time: 984.3571105003357
Starting label LEVI, seed 39, iteration 1500, time: 996.8248026371002
Starting label LEVI, seed 39, iteration 1510, time: 1010.6098146438599
Starting label LEVI, seed 39, iteration 1520, time: 1025.585027217865
Starting label LEVI, seed 39, iteration 1530, time: 1039.608896970749
Starting label LEVI, seed 39, iteration 1540, time: 1052.1160252094269
Starting label LEVI, seed 39, iteration 1550, time: 1066.6655359268188
Starting label LEVI, seed 39, iteration 1560, time: 1079.2119781970978
Starting label LEVI, seed 39, iteration 1570, time: 1093.865160703659
Starting label LEVI, seed 39, iteration 1580, time: 1106.0965249538422
Starting label LEVI, seed 39, iteration 1590, time: 1120.9405403137207
Starting label LEVI, seed 39, iteration 1600, time: 1133.504521369934
Starting label LEVI, seed 39, iteration 1610, time: 1145.5715544223785
Starting label LEVI, seed 39, iteration 1620, time: 1161.309160709381
Starting label LEVI, seed 39, iteration 1630, time: 1174.1042759418488
Starting label LEVI, seed 39, iteration 1640, time: 1191.9687690734863
Starting label LEVI, seed 39, iteration 1650, time: 1211.5238904953003
Starting label LEVI, seed 39, iteration 1660, time: 1229.7608680725098
Starting label LEVI, seed 39, iteration 1670, time: 1244.3485634326935
Starting label LEVI, seed 39, iteration 1680, time: 1262.164757013321
Starting label LEVI, seed 39, iteration 1690, time: 1277.932332277298
Starting label LEVI, seed 39, iteration 1700, time: 1296.3013889789581
Starting label LEVI, seed 39, iteration 1710, time: 1310.6807701587677
Starting label LEVI, seed 39, iteration 1720, time: 1327.0571429729462
Starting label LEVI, seed 39, iteration 1730, time: 1344.376177072525
Starting label LEVI, seed 39, iteration 1740, time: 1364.9934031963348
Starting label LEVI, seed 39, iteration 1750, time: 1382.2051680088043
Starting label LEVI, seed 39, iteration 1760, time: 1401.3092589378357
Starting label LEVI, seed 39, iteration 1770, time: 1422.6492750644684
Starting label LEVI, seed 39, iteration 1780, time: 1443.2852613925934
Starting label LEVI, seed 39, iteration 1790, time: 1465.61443567276
Starting label LEVI, seed 39, iteration 1800, time: 1487.6418702602386
Starting label LEVI, seed 39, iteration 1810, time: 1511.0157346725464
Starting label LEVI, seed 39, iteration 1820, time: 1529.386117219925
Starting label LEVI, seed 39, iteration 1830, time: 1554.508356809616
submitit WARNING (2022-10-02 01:22:36,044) - Bypassing signal SIGCONT
submitit WARNING (2022-10-02 01:22:36,338) - Bypassing signal SIGTERM
Starting label LEVI, seed 39, iteration 1840, time: 1579.163654088974
