submitit INFO (2022-10-02 00:56:25,542) - Starting with JobEnvironment(job_id=883329_7, hostname=g2-compute-96.coecis.cornell.edu, local_rank=0(1), node=0(1), global_rank=0(1))
submitit INFO (2022-10-02 00:56:25,542) - Loading pickle: /home/gid-cakmaks/contextual_rs/experiments/wsc_experiments/logs/883329_7/883329_7_submitted.pkl
Starting label LEVI, seed 17, iteration 0, time: 0.0003788471221923828
Starting label LEVI, seed 17, iteration 10, time: 2.2502357959747314
Starting label LEVI, seed 17, iteration 20, time: 4.496005296707153
Starting label LEVI, seed 17, iteration 30, time: 6.8183746337890625
Starting label LEVI, seed 17, iteration 40, time: 9.052220106124878
Starting label LEVI, seed 17, iteration 50, time: 11.259474277496338
Starting label LEVI, seed 17, iteration 60, time: 13.560182094573975
Starting label LEVI, seed 17, iteration 70, time: 15.84780216217041
Starting label LEVI, seed 17, iteration 80, time: 18.08114194869995
Starting label LEVI, seed 17, iteration 90, time: 20.336584329605103
Starting label LEVI, seed 17, iteration 100, time: 22.618064165115356
Starting label LEVI, seed 17, iteration 110, time: 24.958389282226562
Starting label LEVI, seed 17, iteration 120, time: 27.26692271232605
Starting label LEVI, seed 17, iteration 130, time: 29.58332347869873
Starting label LEVI, seed 17, iteration 140, time: 32.00892663002014
Starting label LEVI, seed 17, iteration 150, time: 34.38440132141113
Starting label LEVI, seed 17, iteration 160, time: 36.79219889640808
Starting label LEVI, seed 17, iteration 170, time: 39.211647272109985
Starting label LEVI, seed 17, iteration 180, time: 41.6554217338562
Starting label LEVI, seed 17, iteration 190, time: 44.06732511520386
Starting label LEVI, seed 17, iteration 200, time: 46.57234477996826
Starting label LEVI, seed 17, iteration 210, time: 48.99582839012146
Starting label LEVI, seed 17, iteration 220, time: 51.598592042922974
Starting label LEVI, seed 17, iteration 230, time: 54.147324562072754
Starting label LEVI, seed 17, iteration 240, time: 56.68345665931702
Starting label LEVI, seed 17, iteration 250, time: 59.2736382484436
Starting label LEVI, seed 17, iteration 260, time: 61.80230164527893
Starting label LEVI, seed 17, iteration 270, time: 64.4257595539093
Starting label LEVI, seed 17, iteration 280, time: 66.9512550830841
Starting label LEVI, seed 17, iteration 290, time: 69.84228563308716
Starting label LEVI, seed 17, iteration 300, time: 72.49056077003479
Starting label LEVI, seed 17, iteration 310, time: 75.28789401054382
Starting label LEVI, seed 17, iteration 320, time: 78.02407622337341
Starting label LEVI, seed 17, iteration 330, time: 80.86516809463501
Starting label LEVI, seed 17, iteration 340, time: 83.67064571380615
Starting label LEVI, seed 17, iteration 350, time: 86.56582951545715
Starting label LEVI, seed 17, iteration 360, time: 89.54913234710693
Starting label LEVI, seed 17, iteration 370, time: 92.5183596611023
Starting label LEVI, seed 17, iteration 380, time: 95.62230253219604
Starting label LEVI, seed 17, iteration 390, time: 99.04150176048279
Starting label LEVI, seed 17, iteration 400, time: 102.08872246742249
Starting label LEVI, seed 17, iteration 410, time: 105.19297313690186
Starting label LEVI, seed 17, iteration 420, time: 108.37166047096252
Starting label LEVI, seed 17, iteration 430, time: 111.53065133094788
Starting label LEVI, seed 17, iteration 440, time: 114.6167860031128
Starting label LEVI, seed 17, iteration 450, time: 117.73928093910217
Starting label LEVI, seed 17, iteration 460, time: 120.89311599731445
Starting label LEVI, seed 17, iteration 470, time: 124.17306637763977
Starting label LEVI, seed 17, iteration 480, time: 127.32444024085999
Starting label LEVI, seed 17, iteration 490, time: 130.63203287124634
Starting label LEVI, seed 17, iteration 500, time: 133.9259295463562
Starting label LEVI, seed 17, iteration 510, time: 137.26023745536804
Starting label LEVI, seed 17, iteration 520, time: 140.78725171089172
Starting label LEVI, seed 17, iteration 530, time: 144.4383029937744
Starting label LEVI, seed 17, iteration 540, time: 148.01116824150085
Starting label LEVI, seed 17, iteration 550, time: 151.80370330810547
Starting label LEVI, seed 17, iteration 560, time: 155.7466175556183
Starting label LEVI, seed 17, iteration 570, time: 159.81031775474548
Starting label LEVI, seed 17, iteration 580, time: 163.95029664039612
Starting label LEVI, seed 17, iteration 590, time: 168.1572732925415
Starting label LEVI, seed 17, iteration 600, time: 172.360759973526
Starting label LEVI, seed 17, iteration 610, time: 177.08949446678162
Starting label LEVI, seed 17, iteration 620, time: 181.47656917572021
Starting label LEVI, seed 17, iteration 630, time: 185.85694003105164
Starting label LEVI, seed 17, iteration 640, time: 190.43661952018738
Starting label LEVI, seed 17, iteration 650, time: 195.07578945159912
Starting label LEVI, seed 17, iteration 660, time: 199.24245810508728
Starting label LEVI, seed 17, iteration 670, time: 204.06170988082886
Starting label LEVI, seed 17, iteration 680, time: 209.23019003868103
Starting label LEVI, seed 17, iteration 690, time: 213.68418645858765
Starting label LEVI, seed 17, iteration 700, time: 219.00010800361633
Starting label LEVI, seed 17, iteration 710, time: 223.44727659225464
Starting label LEVI, seed 17, iteration 720, time: 229.26534724235535
Starting label LEVI, seed 17, iteration 730, time: 234.4348373413086
Starting label LEVI, seed 17, iteration 740, time: 240.13317680358887
Starting label LEVI, seed 17, iteration 750, time: 246.08299851417542
Starting label LEVI, seed 17, iteration 760, time: 251.3305106163025
Starting label LEVI, seed 17, iteration 770, time: 258.1444818973541
Starting label LEVI, seed 17, iteration 780, time: 265.2517075538635
Starting label LEVI, seed 17, iteration 790, time: 270.81241607666016
Starting label LEVI, seed 17, iteration 800, time: 276.8413724899292
Starting label LEVI, seed 17, iteration 810, time: 283.25238704681396
Starting label LEVI, seed 17, iteration 820, time: 289.7402617931366
Starting label LEVI, seed 17, iteration 830, time: 296.3060636520386
Starting label LEVI, seed 17, iteration 840, time: 302.82014203071594
Starting label LEVI, seed 17, iteration 850, time: 310.43087458610535
Starting label LEVI, seed 17, iteration 860, time: 317.459077835083
Starting label LEVI, seed 17, iteration 870, time: 325.1599235534668
Starting label LEVI, seed 17, iteration 880, time: 333.54705786705017
Starting label LEVI, seed 17, iteration 890, time: 341.73226618766785
Starting label LEVI, seed 17, iteration 900, time: 349.56027483940125
Starting label LEVI, seed 17, iteration 910, time: 357.78640723228455
Starting label LEVI, seed 17, iteration 920, time: 365.0962920188904
Starting label LEVI, seed 17, iteration 930, time: 372.72841238975525
Starting label LEVI, seed 17, iteration 940, time: 381.12896060943604
Starting label LEVI, seed 17, iteration 950, time: 388.04222989082336
Starting label LEVI, seed 17, iteration 960, time: 395.0737884044647
Starting label LEVI, seed 17, iteration 970, time: 403.6986150741577
Starting label LEVI, seed 17, iteration 980, time: 412.06813168525696
Starting label LEVI, seed 17, iteration 990, time: 420.18596267700195
Starting label LEVI, seed 17, iteration 1000, time: 428.7513618469238
Starting label LEVI, seed 17, iteration 1010, time: 437.56886982917786
Starting label LEVI, seed 17, iteration 1020, time: 445.67736983299255
Starting label LEVI, seed 17, iteration 1030, time: 453.9011311531067
Starting label LEVI, seed 17, iteration 1040, time: 462.9273109436035
Starting label LEVI, seed 17, iteration 1050, time: 482.7290859222412
Starting label LEVI, seed 17, iteration 1060, time: 492.2745382785797
Starting label LEVI, seed 17, iteration 1070, time: 502.7120325565338
Starting label LEVI, seed 17, iteration 1080, time: 513.0767846107483
Starting label LEVI, seed 17, iteration 1090, time: 523.5717136859894
Starting label LEVI, seed 17, iteration 1100, time: 534.0239930152893
Starting label LEVI, seed 17, iteration 1110, time: 544.7880976200104
Starting label LEVI, seed 17, iteration 1120, time: 555.8330669403076
Starting label LEVI, seed 17, iteration 1130, time: 566.4506890773773
Starting label LEVI, seed 17, iteration 1140, time: 576.9349591732025
Starting label LEVI, seed 17, iteration 1150, time: 587.3984291553497
Starting label LEVI, seed 17, iteration 1160, time: 597.9103779792786
Starting label LEVI, seed 17, iteration 1170, time: 608.4398474693298
Starting label LEVI, seed 17, iteration 1180, time: 618.9759237766266
Starting label LEVI, seed 17, iteration 1190, time: 629.7193319797516
Starting label LEVI, seed 17, iteration 1200, time: 640.4177350997925
Starting label LEVI, seed 17, iteration 1210, time: 651.0178065299988
Starting label LEVI, seed 17, iteration 1220, time: 661.5922448635101
Starting label LEVI, seed 17, iteration 1230, time: 672.2919728755951
Starting label LEVI, seed 17, iteration 1240, time: 682.9695975780487
Starting label LEVI, seed 17, iteration 1250, time: 694.2842497825623
Starting label LEVI, seed 17, iteration 1260, time: 705.4599928855896
Starting label LEVI, seed 17, iteration 1270, time: 716.7173380851746
Starting label LEVI, seed 17, iteration 1280, time: 727.8163194656372
Starting label LEVI, seed 17, iteration 1290, time: 739.0306429862976
Starting label LEVI, seed 17, iteration 1300, time: 750.3560585975647
Starting label LEVI, seed 17, iteration 1310, time: 760.23029255867
Starting label LEVI, seed 17, iteration 1320, time: 770.2530267238617
Starting label LEVI, seed 17, iteration 1330, time: 781.6596758365631
Starting label LEVI, seed 17, iteration 1340, time: 792.7041535377502
Starting label LEVI, seed 17, iteration 1350, time: 806.3158993721008
Starting label LEVI, seed 17, iteration 1360, time: 820.1891143321991
Starting label LEVI, seed 17, iteration 1370, time: 833.9696106910706
Starting label LEVI, seed 17, iteration 1380, time: 847.6017804145813
Starting label LEVI, seed 17, iteration 1390, time: 862.9105753898621
Starting label LEVI, seed 17, iteration 1400, time: 875.1417860984802
Starting label LEVI, seed 17, iteration 1410, time: 887.1474823951721
Starting label LEVI, seed 17, iteration 1420, time: 899.7000386714935
Starting label LEVI, seed 17, iteration 1430, time: 914.4726054668427
Starting label LEVI, seed 17, iteration 1440, time: 929.3568749427795
Starting label LEVI, seed 17, iteration 1450, time: 943.7906844615936
Starting label LEVI, seed 17, iteration 1460, time: 961.1638779640198
Starting label LEVI, seed 17, iteration 1470, time: 974.6438703536987
Starting label LEVI, seed 17, iteration 1480, time: 991.4747059345245
Starting label LEVI, seed 17, iteration 1490, time: 1005.4261598587036
Starting label LEVI, seed 17, iteration 1500, time: 1020.8707976341248
Starting label LEVI, seed 17, iteration 1510, time: 1037.7949097156525
Starting label LEVI, seed 17, iteration 1520, time: 1054.6349544525146
Starting label LEVI, seed 17, iteration 1530, time: 1069.2528054714203
Starting label LEVI, seed 17, iteration 1540, time: 1087.464548110962
Starting label LEVI, seed 17, iteration 1550, time: 1102.3446781635284
Starting label LEVI, seed 17, iteration 1560, time: 1118.6700274944305
Starting label LEVI, seed 17, iteration 1570, time: 1138.0265653133392
Starting label LEVI, seed 17, iteration 1580, time: 1155.8309652805328
Starting label LEVI, seed 17, iteration 1590, time: 1171.9388740062714
Starting label LEVI, seed 17, iteration 1600, time: 1188.6957743167877
Starting label LEVI, seed 17, iteration 1610, time: 1212.5361649990082
Starting label LEVI, seed 17, iteration 1620, time: 1234.2472224235535
Starting label LEVI, seed 17, iteration 1630, time: 1256.1960127353668
Starting label LEVI, seed 17, iteration 1640, time: 1279.2313504219055
Starting label LEVI, seed 17, iteration 1650, time: 1301.7423024177551
Starting label LEVI, seed 17, iteration 1660, time: 1320.826669216156
Starting label LEVI, seed 17, iteration 1670, time: 1340.3690910339355
Starting label LEVI, seed 17, iteration 1680, time: 1364.4275794029236
Starting label LEVI, seed 17, iteration 1690, time: 1390.1619551181793
Starting label LEVI, seed 17, iteration 1700, time: 1409.7104885578156
Starting label LEVI, seed 17, iteration 1710, time: 1435.0364351272583
Starting label LEVI, seed 17, iteration 1720, time: 1455.770007610321
Starting label LEVI, seed 17, iteration 1730, time: 1476.9181625843048
Starting label LEVI, seed 17, iteration 1740, time: 1504.1460418701172
Starting label LEVI, seed 17, iteration 1750, time: 1526.5625143051147
Starting label LEVI, seed 17, iteration 1760, time: 1548.6112110614777
submitit WARNING (2022-10-02 01:22:36,098) - Bypassing signal SIGTERM
submitit WARNING (2022-10-02 01:22:36,098) - Bypassing signal SIGCONT
Starting label LEVI, seed 17, iteration 1770, time: 1573.4040660858154
