submitit INFO (2022-10-02 01:18:18,679) - Starting with JobEnvironment(job_id=883390_3, hostname=nikola-compute-02.cs.cornell.edu, local_rank=0(1), node=0(1), global_rank=0(1))
submitit INFO (2022-10-02 01:18:18,679) - Loading pickle: /home/gid-cakmaks/contextual_rs/experiments/wsc_experiments/logs/883390_3/883390_3_submitted.pkl
Starting label LEVI, seed 73, iteration 0, time: 0.0004684925079345703
Starting label LEVI, seed 73, iteration 10, time: 2.6359341144561768
Starting label LEVI, seed 73, iteration 20, time: 5.2663350105285645
Starting label LEVI, seed 73, iteration 30, time: 7.916855573654175
Starting label LEVI, seed 73, iteration 40, time: 10.60559868812561
Starting label LEVI, seed 73, iteration 50, time: 13.260219812393188
Starting label LEVI, seed 73, iteration 60, time: 15.967328071594238
Starting label LEVI, seed 73, iteration 70, time: 18.728888988494873
Starting label LEVI, seed 73, iteration 80, time: 21.658897161483765
Starting label LEVI, seed 73, iteration 90, time: 24.469362020492554
Starting label LEVI, seed 73, iteration 100, time: 27.315667390823364
Starting label LEVI, seed 73, iteration 110, time: 29.97493290901184
Starting label LEVI, seed 73, iteration 120, time: 32.59407877922058
Starting label LEVI, seed 73, iteration 130, time: 35.34064865112305
Starting label LEVI, seed 73, iteration 140, time: 38.06161046028137
Starting label LEVI, seed 73, iteration 150, time: 40.865721702575684
Starting label LEVI, seed 73, iteration 160, time: 43.671117067337036
Starting label LEVI, seed 73, iteration 170, time: 46.3295111656189
Starting label LEVI, seed 73, iteration 180, time: 49.133288860321045
Starting label LEVI, seed 73, iteration 190, time: 51.96931076049805
Starting label LEVI, seed 73, iteration 200, time: 54.78551506996155
Starting label LEVI, seed 73, iteration 210, time: 57.532795429229736
Starting label LEVI, seed 73, iteration 220, time: 60.32929182052612
Starting label LEVI, seed 73, iteration 230, time: 63.229825019836426
Starting label LEVI, seed 73, iteration 240, time: 66.12757396697998
Starting label LEVI, seed 73, iteration 250, time: 69.02674436569214
Starting label LEVI, seed 73, iteration 260, time: 71.83815050125122
Starting label LEVI, seed 73, iteration 270, time: 74.68414187431335
Starting label LEVI, seed 73, iteration 280, time: 77.67803883552551
Starting label LEVI, seed 73, iteration 290, time: 80.59472823143005
Starting label LEVI, seed 73, iteration 300, time: 83.6357786655426
Starting label LEVI, seed 73, iteration 310, time: 86.77012658119202
Starting label LEVI, seed 73, iteration 320, time: 89.76362204551697
Starting label LEVI, seed 73, iteration 330, time: 92.75515627861023
Starting label LEVI, seed 73, iteration 340, time: 95.89548397064209
Starting label LEVI, seed 73, iteration 350, time: 99.01822209358215
Starting label LEVI, seed 73, iteration 360, time: 102.0730619430542
Starting label LEVI, seed 73, iteration 370, time: 105.10446166992188
Starting label LEVI, seed 73, iteration 380, time: 108.28690123558044
Starting label LEVI, seed 73, iteration 390, time: 111.60934019088745
Starting label LEVI, seed 73, iteration 400, time: 114.86047792434692
Starting label LEVI, seed 73, iteration 410, time: 117.9174211025238
Starting label LEVI, seed 73, iteration 420, time: 121.09321117401123
Starting label LEVI, seed 73, iteration 430, time: 124.43834829330444
Starting label LEVI, seed 73, iteration 440, time: 127.73921322822571
Starting label LEVI, seed 73, iteration 450, time: 130.9916491508484
Starting label LEVI, seed 73, iteration 460, time: 134.312438249588
Starting label LEVI, seed 73, iteration 470, time: 137.83452653884888
Starting label LEVI, seed 73, iteration 480, time: 141.39474153518677
Starting label LEVI, seed 73, iteration 490, time: 144.70547127723694
Starting label LEVI, seed 73, iteration 500, time: 148.2857940196991
Starting label LEVI, seed 73, iteration 510, time: 151.6791501045227
Starting label LEVI, seed 73, iteration 520, time: 155.30831456184387
Starting label LEVI, seed 73, iteration 530, time: 159.25844883918762
Starting label LEVI, seed 73, iteration 540, time: 162.86435985565186
Starting label LEVI, seed 73, iteration 550, time: 166.33319091796875
Starting label LEVI, seed 73, iteration 560, time: 170.1703760623932
Starting label LEVI, seed 73, iteration 570, time: 173.9872100353241
Starting label LEVI, seed 73, iteration 580, time: 177.78858351707458
Starting label LEVI, seed 73, iteration 590, time: 181.63716864585876
Starting label LEVI, seed 73, iteration 600, time: 185.80211329460144
Starting label LEVI, seed 73, iteration 610, time: 190.04628825187683
Starting label LEVI, seed 73, iteration 620, time: 194.11304879188538
Starting label LEVI, seed 73, iteration 630, time: 197.79000902175903
Starting label LEVI, seed 73, iteration 640, time: 202.0426642894745
Starting label LEVI, seed 73, iteration 650, time: 205.84139466285706
Starting label LEVI, seed 73, iteration 660, time: 209.67952632904053
Starting label LEVI, seed 73, iteration 670, time: 213.90585494041443
Starting label LEVI, seed 73, iteration 680, time: 217.78318071365356
Starting label LEVI, seed 73, iteration 690, time: 222.7056748867035
Starting label LEVI, seed 73, iteration 700, time: 227.03138256072998
Starting label LEVI, seed 73, iteration 710, time: 231.19649124145508
Starting label LEVI, seed 73, iteration 720, time: 235.76808738708496
Starting label LEVI, seed 73, iteration 730, time: 240.5088460445404
Starting label LEVI, seed 73, iteration 740, time: 245.85555171966553
Starting label LEVI, seed 73, iteration 750, time: 250.5978889465332
submitit WARNING (2022-10-02 01:22:35,994) - Bypassing signal SIGCONT
submitit WARNING (2022-10-02 01:22:36,029) - Bypassing signal SIGTERM
Starting label LEVI, seed 73, iteration 760, time: 255.61262845993042
Starting label LEVI, seed 73, iteration 770, time: 260.15340423583984
Starting label LEVI, seed 73, iteration 780, time: 264.5111343860626
Starting label LEVI, seed 73, iteration 790, time: 269.1432430744171
Starting label LEVI, seed 73, iteration 800, time: 273.5325162410736
Starting label LEVI, seed 73, iteration 810, time: 278.0869264602661
Starting label LEVI, seed 73, iteration 820, time: 282.8173131942749
