submitit INFO (2022-10-02 02:24:34,651) - Starting with JobEnvironment(job_id=883679_1, hostname=g2-compute-97.coecis.cornell.edu, local_rank=0(1), node=0(1), global_rank=0(1))
submitit INFO (2022-10-02 02:24:34,652) - Loading pickle: /home/gid-cakmaks/contextual_rs/experiments/wsc_experiments/logs/883679_1/883679_1_submitted.pkl
Appending iterations to existing output!Warning: If parameters other than `iterations` have been changed, this will corrupt the output!
Starting label LEVI, seed 2, iteration 360, time: 1547.2689037322998
Starting label LEVI, seed 2, iteration 370, time: 1550.2792222499847
Starting label LEVI, seed 2, iteration 380, time: 1553.0177628993988
Starting label LEVI, seed 2, iteration 390, time: 1555.8561806678772
Starting label LEVI, seed 2, iteration 400, time: 1558.7690646648407
Starting label LEVI, seed 2, iteration 410, time: 1561.721840620041
Starting label LEVI, seed 2, iteration 420, time: 1564.645443201065
Starting label LEVI, seed 2, iteration 430, time: 1567.5254321098328
Starting label LEVI, seed 2, iteration 440, time: 1570.4270203113556
Starting label LEVI, seed 2, iteration 450, time: 1573.6694016456604
Starting label LEVI, seed 2, iteration 460, time: 1576.7071607112885
Starting label LEVI, seed 2, iteration 470, time: 1579.792628288269
Starting label LEVI, seed 2, iteration 480, time: 1582.920547246933
Starting label LEVI, seed 2, iteration 490, time: 1586.1576075553894
Starting label LEVI, seed 2, iteration 500, time: 1589.4486691951752
Starting label LEVI, seed 2, iteration 510, time: 1592.6196875572205
Starting label LEVI, seed 2, iteration 520, time: 1595.915286064148
Starting label LEVI, seed 2, iteration 530, time: 1599.2274730205536
Starting label LEVI, seed 2, iteration 540, time: 1602.5900900363922
Starting label LEVI, seed 2, iteration 550, time: 1605.6457085609436
Starting label LEVI, seed 2, iteration 560, time: 1609.023030757904
Starting label LEVI, seed 2, iteration 570, time: 1612.504614830017
Starting label LEVI, seed 2, iteration 580, time: 1616.2239563465118
Starting label LEVI, seed 2, iteration 590, time: 1619.8446762561798
Starting label LEVI, seed 2, iteration 600, time: 1623.362297296524
Starting label LEVI, seed 2, iteration 610, time: 1627.0342133045197
Starting label LEVI, seed 2, iteration 620, time: 1630.66836476326
Starting label LEVI, seed 2, iteration 630, time: 1634.2982575893402
Starting label LEVI, seed 2, iteration 640, time: 1638.3691351413727
Starting label LEVI, seed 2, iteration 650, time: 1642.21919131279
Starting label LEVI, seed 2, iteration 660, time: 1645.988810300827
Starting label LEVI, seed 2, iteration 670, time: 1649.877639055252
Starting label LEVI, seed 2, iteration 680, time: 1653.7542974948883
Starting label LEVI, seed 2, iteration 690, time: 1657.8854205608368
Starting label LEVI, seed 2, iteration 700, time: 1662.183075428009
Starting label LEVI, seed 2, iteration 710, time: 1666.20689702034
Starting label LEVI, seed 2, iteration 720, time: 1670.5905482769012
Starting label LEVI, seed 2, iteration 730, time: 1674.8947274684906
Starting label LEVI, seed 2, iteration 740, time: 1679.3108892440796
Starting label LEVI, seed 2, iteration 750, time: 1683.552702665329
Starting label LEVI, seed 2, iteration 760, time: 1687.4773769378662
Starting label LEVI, seed 2, iteration 770, time: 1691.7718064785004
Starting label LEVI, seed 2, iteration 780, time: 1696.0954115390778
Starting label LEVI, seed 2, iteration 790, time: 1700.9423491954803
Starting label LEVI, seed 2, iteration 800, time: 1705.4826428890228
Starting label LEVI, seed 2, iteration 810, time: 1710.5910477638245
Starting label LEVI, seed 2, iteration 820, time: 1714.7647006511688
Starting label LEVI, seed 2, iteration 830, time: 1719.977367401123
Starting label LEVI, seed 2, iteration 840, time: 1725.0663640499115
Starting label LEVI, seed 2, iteration 850, time: 1730.482299566269
Starting label LEVI, seed 2, iteration 860, time: 1735.4208159446716
Starting label LEVI, seed 2, iteration 870, time: 1740.6390972137451
Starting label LEVI, seed 2, iteration 880, time: 1746.0527868270874
Starting label LEVI, seed 2, iteration 890, time: 1751.1412951946259
Starting label LEVI, seed 2, iteration 900, time: 1757.207624912262
Starting label LEVI, seed 2, iteration 910, time: 1762.8306951522827
Starting label LEVI, seed 2, iteration 920, time: 1768.4126706123352
Starting label LEVI, seed 2, iteration 930, time: 1773.8190066814423
Starting label LEVI, seed 2, iteration 940, time: 1779.5369691848755
Starting label LEVI, seed 2, iteration 950, time: 1786.4820401668549
Starting label LEVI, seed 2, iteration 960, time: 1792.5313425064087
Starting label LEVI, seed 2, iteration 970, time: 1797.7089734077454
Starting label LEVI, seed 2, iteration 980, time: 1803.122078180313
Starting label LEVI, seed 2, iteration 990, time: 1809.2964797019958
Starting label LEVI, seed 2, iteration 1000, time: 1815.1822619438171
Starting label LEVI, seed 2, iteration 1010, time: 1822.1474883556366
Starting label LEVI, seed 2, iteration 1020, time: 1828.8813343048096
Starting label LEVI, seed 2, iteration 1030, time: 1835.1804740428925
Starting label LEVI, seed 2, iteration 1040, time: 1842.4162337779999
Starting label LEVI, seed 2, iteration 1050, time: 1849.270132303238
Starting label LEVI, seed 2, iteration 1060, time: 1856.6579642295837
Starting label LEVI, seed 2, iteration 1070, time: 1863.8893518447876
Starting label LEVI, seed 2, iteration 1080, time: 1871.5755422115326
Starting label LEVI, seed 2, iteration 1090, time: 1878.2631015777588
Starting label LEVI, seed 2, iteration 1100, time: 1883.5954689979553
Starting label LEVI, seed 2, iteration 1110, time: 1888.8845410346985
Starting label LEVI, seed 2, iteration 1120, time: 1894.1979296207428
Starting label LEVI, seed 2, iteration 1130, time: 1899.6696994304657
Starting label LEVI, seed 2, iteration 1140, time: 1905.3430128097534
Starting label LEVI, seed 2, iteration 1150, time: 1910.9879298210144
Starting label LEVI, seed 2, iteration 1160, time: 1916.63329911232
Starting label LEVI, seed 2, iteration 1170, time: 1922.4474275112152
Starting label LEVI, seed 2, iteration 1180, time: 1928.0896363258362
Starting label LEVI, seed 2, iteration 1190, time: 1933.8382439613342
Starting label LEVI, seed 2, iteration 1200, time: 1939.7153449058533
Starting label LEVI, seed 2, iteration 1210, time: 1945.8260943889618
Starting label LEVI, seed 2, iteration 1220, time: 1951.817542552948
Starting label LEVI, seed 2, iteration 1230, time: 1959.2513377666473
Starting label LEVI, seed 2, iteration 1240, time: 1967.0547332763672
Starting label LEVI, seed 2, iteration 1250, time: 1974.8866460323334
Starting label LEVI, seed 2, iteration 1260, time: 1982.9603848457336
Starting label LEVI, seed 2, iteration 1270, time: 1989.856431722641
Starting label LEVI, seed 2, iteration 1280, time: 1998.0188660621643
Starting label LEVI, seed 2, iteration 1290, time: 2006.9977478981018
Starting label LEVI, seed 2, iteration 1300, time: 2015.3484904766083
Starting label LEVI, seed 2, iteration 1310, time: 2023.880130290985
Starting label LEVI, seed 2, iteration 1320, time: 2033.3296070098877
Starting label LEVI, seed 2, iteration 1330, time: 2042.9533655643463
Starting label LEVI, seed 2, iteration 1340, time: 2051.723065137863
Starting label LEVI, seed 2, iteration 1350, time: 2060.212390899658
Starting label LEVI, seed 2, iteration 1360, time: 2069.4093356132507
Starting label LEVI, seed 2, iteration 1370, time: 2079.0962557792664
Starting label LEVI, seed 2, iteration 1380, time: 2087.5012378692627
Starting label LEVI, seed 2, iteration 1390, time: 2098.004702568054
Starting label LEVI, seed 2, iteration 1400, time: 2108.634845018387
Starting label LEVI, seed 2, iteration 1410, time: 2118.725641965866
Starting label LEVI, seed 2, iteration 1420, time: 2129.536172389984
Starting label LEVI, seed 2, iteration 1430, time: 2140.8108875751495
Starting label LEVI, seed 2, iteration 1440, time: 2152.0531618595123
Starting label LEVI, seed 2, iteration 1450, time: 2161.3505935668945
Starting label LEVI, seed 2, iteration 1460, time: 2172.3330171108246
Starting label LEVI, seed 2, iteration 1470, time: 2181.6834466457367
Starting label LEVI, seed 2, iteration 1480, time: 2193.1330189704895
Starting label LEVI, seed 2, iteration 1490, time: 2205.5611770153046
Starting label LEVI, seed 2, iteration 1500, time: 2217.2184200286865
Starting label LEVI, seed 2, iteration 1510, time: 2228.3564598560333
Starting label LEVI, seed 2, iteration 1520, time: 2239.882714986801
Starting label LEVI, seed 2, iteration 1530, time: 2251.3360097408295
Starting label LEVI, seed 2, iteration 1540, time: 2263.2706377506256
Starting label LEVI, seed 2, iteration 1550, time: 2275.0993416309357
Starting label LEVI, seed 2, iteration 1560, time: 2286.5647819042206
Starting label LEVI, seed 2, iteration 1570, time: 2299.8428168296814
Starting label LEVI, seed 2, iteration 1580, time: 2313.8680737018585
Starting label LEVI, seed 2, iteration 1590, time: 2328.7725055217743
Starting label LEVI, seed 2, iteration 1600, time: 2343.0314495563507
Starting label LEVI, seed 2, iteration 1610, time: 2355.9674170017242
Starting label LEVI, seed 2, iteration 1620, time: 2369.7805092334747
Starting label LEVI, seed 2, iteration 1630, time: 2383.2040269374847
Starting label LEVI, seed 2, iteration 1640, time: 2395.35329580307
Starting label LEVI, seed 2, iteration 1650, time: 2410.9717977046967
Starting label LEVI, seed 2, iteration 1660, time: 2426.5541200637817
Starting label LEVI, seed 2, iteration 1670, time: 2443.7815117836
Starting label LEVI, seed 2, iteration 1680, time: 2460.726792573929
Starting label LEVI, seed 2, iteration 1690, time: 2474.7062051296234
Starting label LEVI, seed 2, iteration 1700, time: 2488.671459913254
Starting label LEVI, seed 2, iteration 1710, time: 2502.715418100357
Starting label LEVI, seed 2, iteration 1720, time: 2516.8668823242188
Starting label LEVI, seed 2, iteration 1730, time: 2531.299147605896
Starting label LEVI, seed 2, iteration 1740, time: 2545.5655002593994
Starting label LEVI, seed 2, iteration 1750, time: 2559.998090982437
Starting label LEVI, seed 2, iteration 1760, time: 2575.3376002311707
Starting label LEVI, seed 2, iteration 1770, time: 2588.785938024521
Starting label LEVI, seed 2, iteration 1780, time: 2604.7836990356445
Starting label LEVI, seed 2, iteration 1790, time: 2620.409007549286
Starting label LEVI, seed 2, iteration 1800, time: 2637.60910820961
Starting label LEVI, seed 2, iteration 1810, time: 2655.214962244034
Starting label LEVI, seed 2, iteration 1820, time: 2671.6635489463806
Starting label LEVI, seed 2, iteration 1830, time: 2689.1360001564026
Starting label LEVI, seed 2, iteration 1840, time: 2706.325250148773
Starting label LEVI, seed 2, iteration 1850, time: 2729.9542167186737
Starting label LEVI, seed 2, iteration 1860, time: 2749.1059641838074
Starting label LEVI, seed 2, iteration 1870, time: 2766.9339141845703
Starting label LEVI, seed 2, iteration 1880, time: 2784.9110894203186
Starting label LEVI, seed 2, iteration 1890, time: 2806.967373609543
Starting label LEVI, seed 2, iteration 1900, time: 2825.8618059158325
Starting label LEVI, seed 2, iteration 1910, time: 2847.237090587616
Starting label LEVI, seed 2, iteration 1920, time: 2868.501269340515
Starting label LEVI, seed 2, iteration 1930, time: 2888.2226316928864
Starting label LEVI, seed 2, iteration 1940, time: 2914.411342382431
Starting label LEVI, seed 2, iteration 1950, time: 2940.364860057831
Starting label LEVI, seed 2, iteration 1960, time: 2960.3468730449677
Starting label LEVI, seed 2, iteration 1970, time: 2982.174340248108
Starting label LEVI, seed 2, iteration 1980, time: 3003.9902613162994
Starting label LEVI, seed 2, iteration 1990, time: 3029.3168416023254
submitit INFO (2022-10-02 02:49:39,800) - Job completed successfully
