submitit INFO (2022-10-02 03:23:00,657) - Starting with JobEnvironment(job_id=883884_9, hostname=g2-compute-96.coecis.cornell.edu, local_rank=0(1), node=0(1), global_rank=0(1))
submitit INFO (2022-10-02 03:23:00,658) - Loading pickle: /home/gid-cakmaks/contextual_rs/experiments/wsc_experiments/logs/883884_9/883884_9_submitted.pkl
Starting label LEVI, seed 99, iteration 0, time: 0.0019228458404541016
Starting label LEVI, seed 99, iteration 10, time: 2.243504524230957
Starting label LEVI, seed 99, iteration 20, time: 4.511735677719116
Starting label LEVI, seed 99, iteration 30, time: 6.81100606918335
Starting label LEVI, seed 99, iteration 40, time: 9.122941970825195
Starting label LEVI, seed 99, iteration 50, time: 11.40416955947876
Starting label LEVI, seed 99, iteration 60, time: 13.777355194091797
Starting label LEVI, seed 99, iteration 70, time: 16.10879111289978
Starting label LEVI, seed 99, iteration 80, time: 18.450117111206055
Starting label LEVI, seed 99, iteration 90, time: 20.809240102767944
Starting label LEVI, seed 99, iteration 100, time: 23.121930837631226
Starting label LEVI, seed 99, iteration 110, time: 25.872309684753418
Starting label LEVI, seed 99, iteration 120, time: 28.375881910324097
Starting label LEVI, seed 99, iteration 130, time: 30.785835027694702
Starting label LEVI, seed 99, iteration 140, time: 33.346538066864014
Starting label LEVI, seed 99, iteration 150, time: 36.15754699707031
Starting label LEVI, seed 99, iteration 160, time: 38.66677117347717
Starting label LEVI, seed 99, iteration 170, time: 41.51350378990173
Starting label LEVI, seed 99, iteration 180, time: 44.08405685424805
Starting label LEVI, seed 99, iteration 190, time: 46.50286388397217
Starting label LEVI, seed 99, iteration 200, time: 48.958462715148926
Starting label LEVI, seed 99, iteration 210, time: 51.45858931541443
Starting label LEVI, seed 99, iteration 220, time: 54.022319078445435
Starting label LEVI, seed 99, iteration 230, time: 56.51945924758911
Starting label LEVI, seed 99, iteration 240, time: 59.03774666786194
Starting label LEVI, seed 99, iteration 250, time: 61.59115147590637
Starting label LEVI, seed 99, iteration 260, time: 64.09667181968689
Starting label LEVI, seed 99, iteration 270, time: 66.91476964950562
Starting label LEVI, seed 99, iteration 280, time: 69.54043412208557
Starting label LEVI, seed 99, iteration 290, time: 72.4236409664154
Starting label LEVI, seed 99, iteration 300, time: 75.20863676071167
Starting label LEVI, seed 99, iteration 310, time: 78.09692144393921
Starting label LEVI, seed 99, iteration 320, time: 80.91293144226074
Starting label LEVI, seed 99, iteration 330, time: 83.85922074317932
Starting label LEVI, seed 99, iteration 340, time: 86.74545335769653
Starting label LEVI, seed 99, iteration 350, time: 89.64015507698059
Starting label LEVI, seed 99, iteration 360, time: 92.73933982849121
Starting label LEVI, seed 99, iteration 370, time: 95.87186098098755
Starting label LEVI, seed 99, iteration 380, time: 98.97324419021606
Starting label LEVI, seed 99, iteration 390, time: 102.23649048805237
Starting label LEVI, seed 99, iteration 400, time: 105.2335844039917
Starting label LEVI, seed 99, iteration 410, time: 108.49171352386475
submitit WARNING (2022-10-02 03:24:53,454) - Bypassing signal SIGCONT
submitit WARNING (2022-10-02 03:24:53,457) - Bypassing signal SIGTERM
Starting label LEVI, seed 99, iteration 420, time: 111.76089215278625
Starting label LEVI, seed 99, iteration 430, time: 115.08727526664734
Starting label LEVI, seed 99, iteration 440, time: 118.48947215080261
Starting label LEVI, seed 99, iteration 450, time: 122.04529094696045
Starting label LEVI, seed 99, iteration 460, time: 125.36681985855103
Starting label LEVI, seed 99, iteration 470, time: 128.8592083454132
Starting label LEVI, seed 99, iteration 480, time: 132.45287084579468
Starting label LEVI, seed 99, iteration 490, time: 135.9164514541626
Starting label LEVI, seed 99, iteration 500, time: 139.79715251922607
