submitit INFO (2022-10-02 01:44:13,995) - Starting with JobEnvironment(job_id=883480_3, hostname=luxlab-compute-01.infosci.cornell.edu, local_rank=0(1), node=0(1), global_rank=0(1))
submitit INFO (2022-10-02 01:44:13,995) - Loading pickle: /home/gid-cakmaks/contextual_rs/experiments/wsc_experiments/logs/883480_3/883480_3_submitted.pkl
Starting label LEVI, seed 73, iteration 0, time: 0.0005824565887451172
Starting label LEVI, seed 73, iteration 10, time: 3.9085915088653564
Starting label LEVI, seed 73, iteration 20, time: 7.608321666717529
Starting label LEVI, seed 73, iteration 30, time: 11.327342987060547
Starting label LEVI, seed 73, iteration 40, time: 15.028292655944824
Starting label LEVI, seed 73, iteration 50, time: 18.92459797859192
Starting label LEVI, seed 73, iteration 60, time: 22.900861501693726
Starting label LEVI, seed 73, iteration 70, time: 26.926718950271606
Starting label LEVI, seed 73, iteration 80, time: 30.972413539886475
Starting label LEVI, seed 73, iteration 90, time: 35.01589345932007
Starting label LEVI, seed 73, iteration 100, time: 39.294318437576294
Starting label LEVI, seed 73, iteration 110, time: 43.737016439437866
Starting label LEVI, seed 73, iteration 120, time: 48.47879672050476
Starting label LEVI, seed 73, iteration 130, time: 53.03740119934082
Starting label LEVI, seed 73, iteration 140, time: 57.63713240623474
Starting label LEVI, seed 73, iteration 150, time: 62.27752161026001
Starting label LEVI, seed 73, iteration 160, time: 66.71731495857239
Starting label LEVI, seed 73, iteration 170, time: 71.62981605529785
Starting label LEVI, seed 73, iteration 180, time: 76.58612179756165
Starting label LEVI, seed 73, iteration 190, time: 81.31655502319336
Starting label LEVI, seed 73, iteration 200, time: 86.3524796962738
Starting label LEVI, seed 73, iteration 210, time: 91.2916510105133
Starting label LEVI, seed 73, iteration 220, time: 96.33753514289856
Starting label LEVI, seed 73, iteration 230, time: 101.7137017250061
Starting label LEVI, seed 73, iteration 240, time: 107.08086824417114
Starting label LEVI, seed 73, iteration 250, time: 112.58257269859314
Starting label LEVI, seed 73, iteration 260, time: 117.83421325683594
Starting label LEVI, seed 73, iteration 270, time: 123.02251172065735
Starting label LEVI, seed 73, iteration 280, time: 128.46617531776428
Starting label LEVI, seed 73, iteration 290, time: 133.82223892211914
Starting label LEVI, seed 73, iteration 300, time: 139.3027651309967
Starting label LEVI, seed 73, iteration 310, time: 144.7110788822174
Starting label LEVI, seed 73, iteration 320, time: 149.98452496528625
Starting label LEVI, seed 73, iteration 330, time: 155.30595088005066
Starting label LEVI, seed 73, iteration 340, time: 160.51904702186584
Starting label LEVI, seed 73, iteration 350, time: 165.99996948242188
Starting label LEVI, seed 73, iteration 360, time: 171.65563869476318
Starting label LEVI, seed 73, iteration 370, time: 177.18510222434998
Starting label LEVI, seed 73, iteration 380, time: 182.7417631149292
Starting label LEVI, seed 73, iteration 390, time: 188.18583345413208
Starting label LEVI, seed 73, iteration 400, time: 193.65262651443481
Starting label LEVI, seed 73, iteration 410, time: 199.2146258354187
Starting label LEVI, seed 73, iteration 420, time: 204.63420224189758
Starting label LEVI, seed 73, iteration 430, time: 210.0795214176178
Starting label LEVI, seed 73, iteration 440, time: 215.3752052783966
Starting label LEVI, seed 73, iteration 450, time: 220.72592306137085
Starting label LEVI, seed 73, iteration 460, time: 226.14602208137512
Starting label LEVI, seed 73, iteration 470, time: 231.66702961921692
Starting label LEVI, seed 73, iteration 480, time: 237.49433422088623
Starting label LEVI, seed 73, iteration 490, time: 243.37942552566528
Starting label LEVI, seed 73, iteration 500, time: 249.2868025302887
Starting label LEVI, seed 73, iteration 510, time: 255.0527319908142
Starting label LEVI, seed 73, iteration 520, time: 260.8799133300781
Starting label LEVI, seed 73, iteration 530, time: 266.6790039539337
Starting label LEVI, seed 73, iteration 540, time: 272.5971508026123
Starting label LEVI, seed 73, iteration 550, time: 278.49998354911804
Starting label LEVI, seed 73, iteration 560, time: 284.2976553440094
Starting label LEVI, seed 73, iteration 570, time: 290.163400888443
Starting label LEVI, seed 73, iteration 580, time: 295.9058110713959
Starting label LEVI, seed 73, iteration 590, time: 301.7334990501404
submitit WARNING (2022-10-02 01:49:22,486) - Bypassing signal SIGCONT
submitit WARNING (2022-10-02 01:49:22,565) - Bypassing signal SIGTERM
Starting label LEVI, seed 73, iteration 600, time: 307.643803358078
Starting label LEVI, seed 73, iteration 610, time: 313.51433181762695
Starting label LEVI, seed 73, iteration 620, time: 319.44470739364624
Starting label LEVI, seed 73, iteration 630, time: 325.2892892360687
Starting label LEVI, seed 73, iteration 640, time: 331.1731333732605
