submitit INFO (2022-10-02 13:03:04,037) - Starting with JobEnvironment(job_id=884409_0, hostname=nikola-compute-03.cs.cornell.edu, local_rank=0(1), node=0(1), global_rank=0(1))
submitit INFO (2022-10-02 13:03:04,037) - Loading pickle: /home/gid-cakmaks/contextual_rs/experiments/wsc_experiments/logs/884409_0/884409_0_submitted.pkl
Appending iterations to existing output!Warning: If parameters other than `iterations` have been changed, this will corrupt the output!
Starting label LEVI, seed 21, iteration 1010, time: 1840.5354912281036
Starting label LEVI, seed 21, iteration 1020, time: 1847.2662198543549
Starting label LEVI, seed 21, iteration 1030, time: 1853.2434508800507
Starting label LEVI, seed 21, iteration 1040, time: 1858.6396188735962
Starting label LEVI, seed 21, iteration 1050, time: 1865.6169238090515
Starting label LEVI, seed 21, iteration 1060, time: 1871.740751028061
Starting label LEVI, seed 21, iteration 1070, time: 1877.3383629322052
Starting label LEVI, seed 21, iteration 1080, time: 1882.5422322750092
Starting label LEVI, seed 21, iteration 1090, time: 1887.8888988494873
Starting label LEVI, seed 21, iteration 1100, time: 1894.3555006980896
Starting label LEVI, seed 21, iteration 1110, time: 1900.127269744873
submitit WARNING (2022-10-02 13:04:12,230) - Bypassing signal SIGCONT
submitit WARNING (2022-10-02 13:04:12,284) - Bypassing signal SIGTERM
Starting label LEVI, seed 21, iteration 1120, time: 1906.3776149749756
Starting label LEVI, seed 21, iteration 1130, time: 1912.7983357906342
Starting label LEVI, seed 21, iteration 1140, time: 1918.0340993404388
Starting label LEVI, seed 21, iteration 1150, time: 1924.7419250011444
Starting label LEVI, seed 21, iteration 1160, time: 1930.8107118606567
