submitit INFO (2022-10-02 01:45:47,143) - Starting with JobEnvironment(job_id=883481_8, hostname=sablab-gpu-02.ece.cornell.edu, local_rank=0(1), node=0(1), global_rank=0(1))
submitit INFO (2022-10-02 01:45:47,143) - Loading pickle: /home/gid-cakmaks/contextual_rs/experiments/wsc_experiments/logs/883481_8/883481_8_submitted.pkl
Starting label LEVI, seed 88, iteration 0, time: 0.0034074783325195312
Starting label LEVI, seed 88, iteration 10, time: 4.835088729858398
Starting label LEVI, seed 88, iteration 20, time: 9.562564134597778
Starting label LEVI, seed 88, iteration 30, time: 14.314180612564087
Starting label LEVI, seed 88, iteration 40, time: 19.076956748962402
Starting label LEVI, seed 88, iteration 50, time: 23.820398330688477
Starting label LEVI, seed 88, iteration 60, time: 28.956952333450317
Starting label LEVI, seed 88, iteration 70, time: 34.14901852607727
Starting label LEVI, seed 88, iteration 80, time: 39.083019495010376
Starting label LEVI, seed 88, iteration 90, time: 44.21465229988098
Starting label LEVI, seed 88, iteration 100, time: 49.7020103931427
Starting label LEVI, seed 88, iteration 110, time: 55.158979654312134
Starting label LEVI, seed 88, iteration 120, time: 60.74793100357056
Starting label LEVI, seed 88, iteration 130, time: 66.46909999847412
Starting label LEVI, seed 88, iteration 140, time: 71.81414866447449
Starting label LEVI, seed 88, iteration 150, time: 77.32076025009155
Starting label LEVI, seed 88, iteration 160, time: 82.99232530593872
Starting label LEVI, seed 88, iteration 170, time: 88.61660289764404
Starting label LEVI, seed 88, iteration 180, time: 94.37620520591736
Starting label LEVI, seed 88, iteration 190, time: 100.07635545730591
Starting label LEVI, seed 88, iteration 200, time: 106.08745884895325
Starting label LEVI, seed 88, iteration 210, time: 112.09436631202698
Starting label LEVI, seed 88, iteration 220, time: 118.25449657440186
Starting label LEVI, seed 88, iteration 230, time: 124.48676228523254
Starting label LEVI, seed 88, iteration 240, time: 130.55700373649597
Starting label LEVI, seed 88, iteration 250, time: 136.68140196800232
Starting label LEVI, seed 88, iteration 260, time: 142.96982431411743
Starting label LEVI, seed 88, iteration 270, time: 149.34194016456604
Starting label LEVI, seed 88, iteration 280, time: 155.77946305274963
Starting label LEVI, seed 88, iteration 290, time: 162.2004222869873
Starting label LEVI, seed 88, iteration 300, time: 168.694762468338
Starting label LEVI, seed 88, iteration 310, time: 175.27128505706787
Starting label LEVI, seed 88, iteration 320, time: 181.76419639587402
Starting label LEVI, seed 88, iteration 330, time: 188.20292377471924
Starting label LEVI, seed 88, iteration 340, time: 194.78351545333862
Starting label LEVI, seed 88, iteration 350, time: 200.92044067382812
Starting label LEVI, seed 88, iteration 360, time: 207.2919795513153
Starting label LEVI, seed 88, iteration 370, time: 213.48270297050476
submitit WARNING (2022-10-02 01:49:22,475) - Bypassing signal SIGCONT
submitit WARNING (2022-10-02 01:49:22,511) - Bypassing signal SIGTERM
Starting label LEVI, seed 88, iteration 380, time: 219.94191932678223
Starting label LEVI, seed 88, iteration 390, time: 226.05202841758728
Starting label LEVI, seed 88, iteration 400, time: 232.28839421272278
Starting label LEVI, seed 88, iteration 410, time: 238.67524766921997
