submitit INFO (2022-10-02 13:27:12,580) - Starting with JobEnvironment(job_id=884561_5, hostname=g2-compute-96.coecis.cornell.edu, local_rank=0(1), node=0(1), global_rank=0(1))
submitit INFO (2022-10-02 13:27:12,580) - Loading pickle: /home/gid-cakmaks/contextual_rs/experiments/wsc_experiments/logs/884561_5/884561_5_submitted.pkl
Appending iterations to existing output!Warning: If parameters other than `iterations` have been changed, this will corrupt the output!
Starting label LEVI, seed 45, iteration 130, time: 286.8008999824524
Starting label LEVI, seed 45, iteration 140, time: 292.5441846847534
Starting label LEVI, seed 45, iteration 150, time: 298.23216700553894
Starting label LEVI, seed 45, iteration 160, time: 303.6969244480133
Starting label LEVI, seed 45, iteration 170, time: 309.1555290222168
Starting label LEVI, seed 45, iteration 180, time: 314.5083725452423
Starting label LEVI, seed 45, iteration 190, time: 320.2266643047333
Starting label LEVI, seed 45, iteration 200, time: 326.0053904056549
Starting label LEVI, seed 45, iteration 210, time: 331.7134437561035
Starting label LEVI, seed 45, iteration 220, time: 337.49771523475647
Starting label LEVI, seed 45, iteration 230, time: 343.3106117248535
Starting label LEVI, seed 45, iteration 240, time: 348.97642731666565
Starting label LEVI, seed 45, iteration 250, time: 354.7032861709595
Starting label LEVI, seed 45, iteration 260, time: 360.4616575241089
Starting label LEVI, seed 45, iteration 270, time: 366.453551530838
Starting label LEVI, seed 45, iteration 280, time: 372.4454197883606
Starting label LEVI, seed 45, iteration 290, time: 378.5477502346039
Starting label LEVI, seed 45, iteration 300, time: 384.5511260032654
Starting label LEVI, seed 45, iteration 310, time: 390.59627413749695
Starting label LEVI, seed 45, iteration 320, time: 396.5786941051483
Starting label LEVI, seed 45, iteration 330, time: 402.39795088768005
Starting label LEVI, seed 45, iteration 340, time: 408.18432998657227
Starting label LEVI, seed 45, iteration 350, time: 414.0935273170471
Starting label LEVI, seed 45, iteration 360, time: 420.024450302124
Starting label LEVI, seed 45, iteration 370, time: 426.0459473133087
Starting label LEVI, seed 45, iteration 380, time: 432.0085229873657
Starting label LEVI, seed 45, iteration 390, time: 438.03992915153503
Starting label LEVI, seed 45, iteration 400, time: 443.9210801124573
Starting label LEVI, seed 45, iteration 410, time: 449.9092056751251
Starting label LEVI, seed 45, iteration 420, time: 455.94971203804016
Starting label LEVI, seed 45, iteration 430, time: 462.2462511062622
Starting label LEVI, seed 45, iteration 440, time: 468.2738654613495
Starting label LEVI, seed 45, iteration 450, time: 474.349568605423
Starting label LEVI, seed 45, iteration 460, time: 480.42130303382874
Starting label LEVI, seed 45, iteration 470, time: 486.3935296535492
Starting label LEVI, seed 45, iteration 480, time: 492.57687163352966
Starting label LEVI, seed 45, iteration 490, time: 498.54241847991943
Starting label LEVI, seed 45, iteration 500, time: 504.54014706611633
Starting label LEVI, seed 45, iteration 510, time: 510.47635436058044
Starting label LEVI, seed 45, iteration 520, time: 516.298082113266
Starting label LEVI, seed 45, iteration 530, time: 522.1018509864807
Starting label LEVI, seed 45, iteration 540, time: 527.897971868515
Starting label LEVI, seed 45, iteration 550, time: 533.3902006149292
Starting label LEVI, seed 45, iteration 560, time: 539.208217382431
Starting label LEVI, seed 45, iteration 570, time: 545.1501004695892
Starting label LEVI, seed 45, iteration 580, time: 550.8070657253265
Starting label LEVI, seed 45, iteration 590, time: 556.5701234340668
Starting label LEVI, seed 45, iteration 600, time: 562.1772232055664
Starting label LEVI, seed 45, iteration 610, time: 568.0618126392365
Starting label LEVI, seed 45, iteration 620, time: 574.3704204559326
Starting label LEVI, seed 45, iteration 630, time: 580.3563432693481
Starting label LEVI, seed 45, iteration 640, time: 586.3679513931274
Starting label LEVI, seed 45, iteration 650, time: 592.329507112503
Starting label LEVI, seed 45, iteration 660, time: 598.5716879367828
Starting label LEVI, seed 45, iteration 670, time: 604.8581552505493
Starting label LEVI, seed 45, iteration 680, time: 610.9240658283234
Starting label LEVI, seed 45, iteration 690, time: 617.0137839317322
Starting label LEVI, seed 45, iteration 700, time: 623.045307636261
Starting label LEVI, seed 45, iteration 710, time: 629.3063049316406
Starting label LEVI, seed 45, iteration 720, time: 635.6583421230316
Starting label LEVI, seed 45, iteration 730, time: 641.994110584259
Starting label LEVI, seed 45, iteration 740, time: 648.23486161232
Starting label LEVI, seed 45, iteration 750, time: 654.4894881248474
Starting label LEVI, seed 45, iteration 760, time: 660.8804235458374
Starting label LEVI, seed 45, iteration 770, time: 666.9722142219543
Starting label LEVI, seed 45, iteration 780, time: 673.29780626297
Starting label LEVI, seed 45, iteration 790, time: 680.1817350387573
Starting label LEVI, seed 45, iteration 800, time: 686.6083204746246
Starting label LEVI, seed 45, iteration 810, time: 692.9582471847534
Starting label LEVI, seed 45, iteration 820, time: 699.4333777427673
Starting label LEVI, seed 45, iteration 830, time: 705.8058874607086
Starting label LEVI, seed 45, iteration 840, time: 712.3002367019653
Starting label LEVI, seed 45, iteration 850, time: 718.8937737941742
Starting label LEVI, seed 45, iteration 860, time: 725.3100814819336
Starting label LEVI, seed 45, iteration 870, time: 731.8302614688873
Starting label LEVI, seed 45, iteration 880, time: 738.3097367286682
Starting label LEVI, seed 45, iteration 890, time: 744.7340915203094
Starting label LEVI, seed 45, iteration 900, time: 751.4785437583923
Starting label LEVI, seed 45, iteration 910, time: 758.1145746707916
Starting label LEVI, seed 45, iteration 920, time: 764.7525246143341
Starting label LEVI, seed 45, iteration 930, time: 771.654150724411
Starting label LEVI, seed 45, iteration 940, time: 778.6278641223907
Starting label LEVI, seed 45, iteration 950, time: 785.505452632904
Starting label LEVI, seed 45, iteration 960, time: 792.2165117263794
Starting label LEVI, seed 45, iteration 970, time: 799.1064569950104
Starting label LEVI, seed 45, iteration 980, time: 805.9159047603607
Starting label LEVI, seed 45, iteration 990, time: 813.0039999485016
Starting label LEVI, seed 45, iteration 1000, time: 820.2448616027832
Starting label LEVI, seed 45, iteration 1010, time: 827.5562007427216
Starting label LEVI, seed 45, iteration 1020, time: 835.027581691742
Starting label LEVI, seed 45, iteration 1030, time: 842.756903886795
Starting label LEVI, seed 45, iteration 1040, time: 850.4901828765869
Starting label LEVI, seed 45, iteration 1050, time: 858.0932946205139
Starting label LEVI, seed 45, iteration 1060, time: 865.611946105957
Starting label LEVI, seed 45, iteration 1070, time: 873.1862528324127
Starting label LEVI, seed 45, iteration 1080, time: 880.64994764328
Starting label LEVI, seed 45, iteration 1090, time: 888.1094472408295
Starting label LEVI, seed 45, iteration 1100, time: 895.4853942394257
Starting label LEVI, seed 45, iteration 1110, time: 902.9652986526489
Starting label LEVI, seed 45, iteration 1120, time: 910.1168947219849
Starting label LEVI, seed 45, iteration 1130, time: 918.1327383518219
Starting label LEVI, seed 45, iteration 1140, time: 925.9119968414307
Starting label LEVI, seed 45, iteration 1150, time: 933.8309292793274
Starting label LEVI, seed 45, iteration 1160, time: 941.5747582912445
Starting label LEVI, seed 45, iteration 1170, time: 948.941216468811
Starting label LEVI, seed 45, iteration 1180, time: 956.0341744422913
Starting label LEVI, seed 45, iteration 1190, time: 963.254017829895
Starting label LEVI, seed 45, iteration 1200, time: 970.7431457042694
Starting label LEVI, seed 45, iteration 1210, time: 978.2144100666046
Starting label LEVI, seed 45, iteration 1220, time: 985.7028872966766
Starting label LEVI, seed 45, iteration 1230, time: 993.8203978538513
Starting label LEVI, seed 45, iteration 1240, time: 1001.9051611423492
Starting label LEVI, seed 45, iteration 1250, time: 1009.7906494140625
Starting label LEVI, seed 45, iteration 1260, time: 1017.1777005195618
Starting label LEVI, seed 45, iteration 1270, time: 1024.9544897079468
Starting label LEVI, seed 45, iteration 1280, time: 1032.7907810211182
Starting label LEVI, seed 45, iteration 1290, time: 1040.4930431842804
Starting label LEVI, seed 45, iteration 1300, time: 1048.5468065738678
Starting label LEVI, seed 45, iteration 1310, time: 1056.8443953990936
Starting label LEVI, seed 45, iteration 1320, time: 1064.8774874210358
Starting label LEVI, seed 45, iteration 1330, time: 1072.761138677597
Starting label LEVI, seed 45, iteration 1340, time: 1080.729808330536
Starting label LEVI, seed 45, iteration 1350, time: 1089.2125806808472
Starting label LEVI, seed 45, iteration 1360, time: 1097.8923046588898
Starting label LEVI, seed 45, iteration 1370, time: 1106.454975605011
Starting label LEVI, seed 45, iteration 1380, time: 1114.635734796524
Starting label LEVI, seed 45, iteration 1390, time: 1123.1901242733002
Starting label LEVI, seed 45, iteration 1400, time: 1132.1220707893372
Starting label LEVI, seed 45, iteration 1410, time: 1141.3700590133667
Starting label LEVI, seed 45, iteration 1420, time: 1150.4964735507965
Starting label LEVI, seed 45, iteration 1430, time: 1159.9501686096191
Starting label LEVI, seed 45, iteration 1440, time: 1169.0752489566803
Starting label LEVI, seed 45, iteration 1450, time: 1177.7134346961975
Starting label LEVI, seed 45, iteration 1460, time: 1186.6376478672028
Starting label LEVI, seed 45, iteration 1470, time: 1195.9548716545105
Starting label LEVI, seed 45, iteration 1480, time: 1204.7870225906372
Starting label LEVI, seed 45, iteration 1490, time: 1213.8409032821655
Starting label LEVI, seed 45, iteration 1500, time: 1222.904702425003
Starting label LEVI, seed 45, iteration 1510, time: 1232.2115948200226
Starting label LEVI, seed 45, iteration 1520, time: 1241.239991903305
Starting label LEVI, seed 45, iteration 1530, time: 1250.931240081787
Starting label LEVI, seed 45, iteration 1540, time: 1260.3534638881683
Starting label LEVI, seed 45, iteration 1550, time: 1270.4311137199402
Starting label LEVI, seed 45, iteration 1560, time: 1280.33171749115
Starting label LEVI, seed 45, iteration 1570, time: 1290.1818587779999
Starting label LEVI, seed 45, iteration 1580, time: 1299.6387252807617
Starting label LEVI, seed 45, iteration 1590, time: 1309.6103341579437
Starting label LEVI, seed 45, iteration 1600, time: 1319.821615934372
Starting label LEVI, seed 45, iteration 1610, time: 1329.0989906787872
Starting label LEVI, seed 45, iteration 1620, time: 1339.050937652588
Starting label LEVI, seed 45, iteration 1630, time: 1349.5351247787476
Starting label LEVI, seed 45, iteration 1640, time: 1359.6769766807556
Starting label LEVI, seed 45, iteration 1650, time: 1370.0000357627869
Starting label LEVI, seed 45, iteration 1660, time: 1380.094612121582
Starting label LEVI, seed 45, iteration 1670, time: 1391.41237783432
Starting label LEVI, seed 45, iteration 1680, time: 1402.7481153011322
Starting label LEVI, seed 45, iteration 1690, time: 1414.5555465221405
Starting label LEVI, seed 45, iteration 1700, time: 1426.0929398536682
Starting label LEVI, seed 45, iteration 1710, time: 1438.2917714118958
Starting label LEVI, seed 45, iteration 1720, time: 1448.97785282135
Starting label LEVI, seed 45, iteration 1730, time: 1460.8442966938019
Starting label LEVI, seed 45, iteration 1740, time: 1471.8160946369171
Starting label LEVI, seed 45, iteration 1750, time: 1482.6562826633453
Starting label LEVI, seed 45, iteration 1760, time: 1494.0498716831207
Starting label LEVI, seed 45, iteration 1770, time: 1506.5857908725739
Starting label LEVI, seed 45, iteration 1780, time: 1518.019267320633
Starting label LEVI, seed 45, iteration 1790, time: 1529.1834564208984
Starting label LEVI, seed 45, iteration 1800, time: 1539.7449164390564
Starting label LEVI, seed 45, iteration 1810, time: 1550.189950466156
Starting label LEVI, seed 45, iteration 1820, time: 1560.402540922165
Starting label LEVI, seed 45, iteration 1830, time: 1570.7066805362701
Starting label LEVI, seed 45, iteration 1840, time: 1580.8550255298615
Starting label LEVI, seed 45, iteration 1850, time: 1591.6339704990387
Starting label LEVI, seed 45, iteration 1860, time: 1602.763752937317
Starting label LEVI, seed 45, iteration 1870, time: 1612.6742606163025
Starting label LEVI, seed 45, iteration 1880, time: 1623.3122234344482
Starting label LEVI, seed 45, iteration 1890, time: 1634.9871280193329
Starting label LEVI, seed 45, iteration 1900, time: 1646.3061270713806
Starting label LEVI, seed 45, iteration 1910, time: 1657.8619554042816
Starting label LEVI, seed 45, iteration 1920, time: 1669.340695142746
Starting label LEVI, seed 45, iteration 1930, time: 1681.328328371048
Starting label LEVI, seed 45, iteration 1940, time: 1693.326355934143
Starting label LEVI, seed 45, iteration 1950, time: 1703.0783066749573
Starting label LEVI, seed 45, iteration 1960, time: 1714.023389339447
Starting label LEVI, seed 45, iteration 1970, time: 1725.0195183753967
Starting label LEVI, seed 45, iteration 1980, time: 1735.684509754181
Starting label LEVI, seed 45, iteration 1990, time: 1746.9900631904602
submitit INFO (2022-10-02 13:51:46,857) - Job completed successfully
