submitit INFO (2022-10-02 02:25:53,578) - Starting with JobEnvironment(job_id=883734_4, hostname=campbell-compute-01.mae.cornell.edu, local_rank=0(1), node=0(1), global_rank=0(1))
submitit INFO (2022-10-02 02:25:53,578) - Loading pickle: /home/gid-cakmaks/contextual_rs/experiments/wsc_experiments/logs/883734_4/883734_4_submitted.pkl
Appending iterations to existing output!Warning: If parameters other than `iterations` have been changed, this will corrupt the output!
Starting label LEVI, seed 84, iteration 150, time: 47.94623112678528
Starting label LEVI, seed 84, iteration 160, time: 50.93110370635986
Starting label LEVI, seed 84, iteration 170, time: 56.07329058647156
Starting label LEVI, seed 84, iteration 180, time: 67.43341398239136
Starting label LEVI, seed 84, iteration 190, time: 99.13766694068909
Starting label LEVI, seed 84, iteration 200, time: 115.12312388420105
Starting label LEVI, seed 84, iteration 210, time: 135.95954656600952
Starting label LEVI, seed 84, iteration 220, time: 172.07678508758545
Starting label LEVI, seed 84, iteration 230, time: 200.78408122062683
Starting label LEVI, seed 84, iteration 240, time: 248.71539330482483
Starting label LEVI, seed 84, iteration 250, time: 280.71173882484436
Starting label LEVI, seed 84, iteration 260, time: 301.9235339164734
Starting label LEVI, seed 84, iteration 270, time: 318.3769645690918
Starting label LEVI, seed 84, iteration 280, time: 362.2240390777588
Starting label LEVI, seed 84, iteration 290, time: 400.46216583251953
Starting label LEVI, seed 84, iteration 300, time: 403.80577993392944
Starting label LEVI, seed 84, iteration 310, time: 407.2813618183136
Starting label LEVI, seed 84, iteration 320, time: 410.70344519615173
Starting label LEVI, seed 84, iteration 330, time: 413.95451760292053
Starting label LEVI, seed 84, iteration 340, time: 417.3579123020172
Starting label LEVI, seed 84, iteration 350, time: 420.8904321193695
Starting label LEVI, seed 84, iteration 360, time: 431.6750342845917
Starting label LEVI, seed 84, iteration 370, time: 492.87579131126404
Starting label LEVI, seed 84, iteration 380, time: 525.2155663967133
Starting label LEVI, seed 84, iteration 390, time: 556.8831708431244
Starting label LEVI, seed 84, iteration 400, time: 560.2015011310577
Starting label LEVI, seed 84, iteration 410, time: 563.7891528606415
Starting label LEVI, seed 84, iteration 420, time: 567.4080810546875
Starting label LEVI, seed 84, iteration 430, time: 570.8299658298492
Starting label LEVI, seed 84, iteration 440, time: 574.3219072818756
Starting label LEVI, seed 84, iteration 450, time: 577.7766969203949
Starting label LEVI, seed 84, iteration 460, time: 581.459874868393
Starting label LEVI, seed 84, iteration 470, time: 585.071361541748
Starting label LEVI, seed 84, iteration 480, time: 588.479597568512
Starting label LEVI, seed 84, iteration 490, time: 591.8802399635315
Starting label LEVI, seed 84, iteration 500, time: 595.4110488891602
Starting label LEVI, seed 84, iteration 510, time: 598.6038904190063
Starting label LEVI, seed 84, iteration 520, time: 601.9549493789673
Starting label LEVI, seed 84, iteration 530, time: 605.2705910205841
Starting label LEVI, seed 84, iteration 540, time: 608.7767307758331
Starting label LEVI, seed 84, iteration 550, time: 612.4415836334229
Starting label LEVI, seed 84, iteration 560, time: 615.8461511135101
Starting label LEVI, seed 84, iteration 570, time: 619.1490452289581
Starting label LEVI, seed 84, iteration 580, time: 622.6225628852844
Starting label LEVI, seed 84, iteration 590, time: 626.25608253479
Starting label LEVI, seed 84, iteration 600, time: 630.0892009735107
Starting label LEVI, seed 84, iteration 610, time: 633.9397547245026
Starting label LEVI, seed 84, iteration 620, time: 637.8508019447327
Starting label LEVI, seed 84, iteration 630, time: 641.5645794868469
Starting label LEVI, seed 84, iteration 640, time: 645.2283098697662
Starting label LEVI, seed 84, iteration 650, time: 648.8795852661133
Starting label LEVI, seed 84, iteration 660, time: 652.5875384807587
Starting label LEVI, seed 84, iteration 670, time: 656.3731157779694
Starting label LEVI, seed 84, iteration 680, time: 660.0223796367645
Starting label LEVI, seed 84, iteration 690, time: 663.6922614574432
Starting label LEVI, seed 84, iteration 700, time: 667.5376291275024
Starting label LEVI, seed 84, iteration 710, time: 671.4952673912048
Starting label LEVI, seed 84, iteration 720, time: 675.2357034683228
Starting label LEVI, seed 84, iteration 730, time: 679.3255286216736
Starting label LEVI, seed 84, iteration 740, time: 683.5120010375977
Starting label LEVI, seed 84, iteration 750, time: 687.7218050956726
Starting label LEVI, seed 84, iteration 760, time: 691.6941132545471
Starting label LEVI, seed 84, iteration 770, time: 696.0255961418152
Starting label LEVI, seed 84, iteration 780, time: 700.1798448562622
Starting label LEVI, seed 84, iteration 790, time: 704.479238986969
Starting label LEVI, seed 84, iteration 800, time: 708.8016383647919
Starting label LEVI, seed 84, iteration 810, time: 712.991955280304
Starting label LEVI, seed 84, iteration 820, time: 717.0414113998413
Starting label LEVI, seed 84, iteration 830, time: 721.4013991355896
Starting label LEVI, seed 84, iteration 840, time: 725.984691619873
Starting label LEVI, seed 84, iteration 850, time: 730.6032283306122
Starting label LEVI, seed 84, iteration 860, time: 735.0922803878784
Starting label LEVI, seed 84, iteration 870, time: 741.738655090332
Starting label LEVI, seed 84, iteration 880, time: 746.9146535396576
Starting label LEVI, seed 84, iteration 890, time: 751.2168309688568
Starting label LEVI, seed 84, iteration 900, time: 755.7694911956787
Starting label LEVI, seed 84, iteration 910, time: 760.4809684753418
Starting label LEVI, seed 84, iteration 920, time: 765.1299729347229
Starting label LEVI, seed 84, iteration 930, time: 770.1014523506165
Starting label LEVI, seed 84, iteration 940, time: 775.2942805290222
Starting label LEVI, seed 84, iteration 950, time: 780.3734567165375
Starting label LEVI, seed 84, iteration 960, time: 785.4697999954224
Starting label LEVI, seed 84, iteration 970, time: 790.6132292747498
Starting label LEVI, seed 84, iteration 980, time: 795.7373576164246
Starting label LEVI, seed 84, iteration 990, time: 800.5605030059814
Starting label LEVI, seed 84, iteration 1000, time: 806.0352094173431
Starting label LEVI, seed 84, iteration 1010, time: 811.6155068874359
Starting label LEVI, seed 84, iteration 1020, time: 817.3006041049957
Starting label LEVI, seed 84, iteration 1030, time: 822.6192252635956
Starting label LEVI, seed 84, iteration 1040, time: 828.5760569572449
Starting label LEVI, seed 84, iteration 1050, time: 834.6627733707428
Starting label LEVI, seed 84, iteration 1060, time: 840.7137491703033
Starting label LEVI, seed 84, iteration 1070, time: 846.6009004116058
Starting label LEVI, seed 84, iteration 1080, time: 853.0858845710754
Starting label LEVI, seed 84, iteration 1090, time: 858.5019745826721
Starting label LEVI, seed 84, iteration 1100, time: 864.9164481163025
Starting label LEVI, seed 84, iteration 1110, time: 870.2173542976379
Starting label LEVI, seed 84, iteration 1120, time: 875.7623405456543
Starting label LEVI, seed 84, iteration 1130, time: 881.1789891719818
Starting label LEVI, seed 84, iteration 1140, time: 888.4206745624542
Starting label LEVI, seed 84, iteration 1150, time: 894.9023990631104
Starting label LEVI, seed 84, iteration 1160, time: 900.5592927932739
Starting label LEVI, seed 84, iteration 1170, time: 906.8807997703552
Starting label LEVI, seed 84, iteration 1180, time: 912.4465413093567
Starting label LEVI, seed 84, iteration 1190, time: 918.5886073112488
Starting label LEVI, seed 84, iteration 1200, time: 924.6964046955109
Starting label LEVI, seed 84, iteration 1210, time: 930.5384759902954
Starting label LEVI, seed 84, iteration 1220, time: 938.4788043498993
Starting label LEVI, seed 84, iteration 1230, time: 945.8373053073883
Starting label LEVI, seed 84, iteration 1240, time: 952.3245096206665
Starting label LEVI, seed 84, iteration 1250, time: 958.7679312229156
Starting label LEVI, seed 84, iteration 1260, time: 966.3742938041687
Starting label LEVI, seed 84, iteration 1270, time: 973.769106388092
Starting label LEVI, seed 84, iteration 1280, time: 981.4693741798401
Starting label LEVI, seed 84, iteration 1290, time: 989.3581144809723
Starting label LEVI, seed 84, iteration 1300, time: 997.2957859039307
Starting label LEVI, seed 84, iteration 1310, time: 1005.0524921417236
Starting label LEVI, seed 84, iteration 1320, time: 1013.2915573120117
Starting label LEVI, seed 84, iteration 1330, time: 1021.3332812786102
Starting label LEVI, seed 84, iteration 1340, time: 1028.8595192432404
Starting label LEVI, seed 84, iteration 1350, time: 1036.4735615253448
Starting label LEVI, seed 84, iteration 1360, time: 1044.7727673053741
Starting label LEVI, seed 84, iteration 1370, time: 1053.88804769516
Starting label LEVI, seed 84, iteration 1380, time: 1061.9616284370422
Starting label LEVI, seed 84, iteration 1390, time: 1070.91437458992
Starting label LEVI, seed 84, iteration 1400, time: 1080.3290865421295
Starting label LEVI, seed 84, iteration 1410, time: 1089.4193177223206
Starting label LEVI, seed 84, iteration 1420, time: 1098.8724765777588
Starting label LEVI, seed 84, iteration 1430, time: 1107.055909872055
Starting label LEVI, seed 84, iteration 1440, time: 1117.577761888504
Starting label LEVI, seed 84, iteration 1450, time: 1127.0726909637451
Starting label LEVI, seed 84, iteration 1460, time: 1135.5958151817322
Starting label LEVI, seed 84, iteration 1470, time: 1145.476134300232
Starting label LEVI, seed 84, iteration 1480, time: 1156.4039719104767
Starting label LEVI, seed 84, iteration 1490, time: 1167.6318759918213
Starting label LEVI, seed 84, iteration 1500, time: 1176.9603044986725
Starting label LEVI, seed 84, iteration 1510, time: 1187.2835655212402
Starting label LEVI, seed 84, iteration 1520, time: 1198.759234905243
Starting label LEVI, seed 84, iteration 1530, time: 1209.5978767871857
Starting label LEVI, seed 84, iteration 1540, time: 1220.3968648910522
Starting label LEVI, seed 84, iteration 1550, time: 1234.801674604416
Starting label LEVI, seed 84, iteration 1560, time: 1253.583023071289
Starting label LEVI, seed 84, iteration 1570, time: 1269.9111874103546
Starting label LEVI, seed 84, iteration 1580, time: 1280.6074447631836
Starting label LEVI, seed 84, iteration 1590, time: 1291.7938976287842
Starting label LEVI, seed 84, iteration 1600, time: 1308.4988770484924
Starting label LEVI, seed 84, iteration 1610, time: 1327.7063291072845
Starting label LEVI, seed 84, iteration 1620, time: 1344.6723458766937
Starting label LEVI, seed 84, iteration 1630, time: 1362.8699853420258
Starting label LEVI, seed 84, iteration 1640, time: 1388.8066289424896
Starting label LEVI, seed 84, iteration 1650, time: 1480.646541595459
Starting label LEVI, seed 84, iteration 1660, time: 1503.1111207008362
Starting label LEVI, seed 84, iteration 1670, time: 1525.971210718155
Starting label LEVI, seed 84, iteration 1680, time: 1560.5235464572906
Starting label LEVI, seed 84, iteration 1690, time: 1602.0771973133087
Starting label LEVI, seed 84, iteration 1700, time: 1627.7982156276703
Starting label LEVI, seed 84, iteration 1710, time: 1695.1109509468079
Starting label LEVI, seed 84, iteration 1720, time: 1711.379732131958
Starting label LEVI, seed 84, iteration 1730, time: 1728.9209997653961
Starting label LEVI, seed 84, iteration 1740, time: 1746.1844065189362
Starting label LEVI, seed 84, iteration 1750, time: 1761.1555058956146
Starting label LEVI, seed 84, iteration 1760, time: 1776.3651218414307
Starting label LEVI, seed 84, iteration 1770, time: 1790.3188695907593
Starting label LEVI, seed 84, iteration 1780, time: 1806.4488413333893
Starting label LEVI, seed 84, iteration 1790, time: 1822.9160759449005
Starting label LEVI, seed 84, iteration 1800, time: 1839.13365316391
Starting label LEVI, seed 84, iteration 1810, time: 1854.720802783966
Starting label LEVI, seed 84, iteration 1820, time: 1872.3652603626251
Starting label LEVI, seed 84, iteration 1830, time: 1888.7241079807281
Starting label LEVI, seed 84, iteration 1840, time: 1907.2093541622162
Starting label LEVI, seed 84, iteration 1850, time: 1924.576515197754
Starting label LEVI, seed 84, iteration 1860, time: 1937.964347600937
Starting label LEVI, seed 84, iteration 1870, time: 1951.990098953247
Starting label LEVI, seed 84, iteration 1880, time: 1968.4123146533966
Starting label LEVI, seed 84, iteration 1890, time: 1984.4299621582031
Starting label LEVI, seed 84, iteration 1900, time: 2003.9343543052673
Starting label LEVI, seed 84, iteration 1910, time: 2022.7110784053802
Starting label LEVI, seed 84, iteration 1920, time: 2040.2281827926636
Starting label LEVI, seed 84, iteration 1930, time: 2066.7112567424774
Starting label LEVI, seed 84, iteration 1940, time: 2092.933268547058
Starting label LEVI, seed 84, iteration 1950, time: 2112.706693649292
Starting label LEVI, seed 84, iteration 1960, time: 2135.721429824829
Starting label LEVI, seed 84, iteration 1970, time: 2163.31983089447
Starting label LEVI, seed 84, iteration 1980, time: 2198.67108130455
Starting label LEVI, seed 84, iteration 1990, time: 2224.2912786006927
submitit INFO (2022-10-02 03:02:30,357) - Job completed successfully
