submitit INFO (2022-10-02 01:43:19,824) - Starting with JobEnvironment(job_id=883480_0, hostname=lecun.cs.cornell.edu, local_rank=0(1), node=0(1), global_rank=0(1))
submitit INFO (2022-10-02 01:43:19,825) - Loading pickle: /home/gid-cakmaks/contextual_rs/experiments/wsc_experiments/logs/883480_0/883480_0_submitted.pkl
Starting label LEVI, seed 70, iteration 0, time: 0.00041556358337402344
Starting label LEVI, seed 70, iteration 10, time: 4.34477424621582
Starting label LEVI, seed 70, iteration 20, time: 8.53769063949585
Starting label LEVI, seed 70, iteration 30, time: 13.497953414916992
Starting label LEVI, seed 70, iteration 40, time: 17.778717279434204
Starting label LEVI, seed 70, iteration 50, time: 22.318686723709106
Starting label LEVI, seed 70, iteration 60, time: 26.683799266815186
Starting label LEVI, seed 70, iteration 70, time: 31.016390800476074
Starting label LEVI, seed 70, iteration 80, time: 35.18915343284607
Starting label LEVI, seed 70, iteration 90, time: 39.47264337539673
Starting label LEVI, seed 70, iteration 100, time: 44.23504066467285
Starting label LEVI, seed 70, iteration 110, time: 49.27489423751831
Starting label LEVI, seed 70, iteration 120, time: 54.101484537124634
Starting label LEVI, seed 70, iteration 130, time: 58.818243980407715
Starting label LEVI, seed 70, iteration 140, time: 63.85529112815857
Starting label LEVI, seed 70, iteration 150, time: 68.78350591659546
Starting label LEVI, seed 70, iteration 160, time: 73.71926069259644
Starting label LEVI, seed 70, iteration 170, time: 78.669668674469
Starting label LEVI, seed 70, iteration 180, time: 83.72957563400269
Starting label LEVI, seed 70, iteration 190, time: 88.51256799697876
Starting label LEVI, seed 70, iteration 200, time: 93.66493391990662
Starting label LEVI, seed 70, iteration 210, time: 98.81474900245667
Starting label LEVI, seed 70, iteration 220, time: 104.14059042930603
Starting label LEVI, seed 70, iteration 230, time: 109.37359237670898
Starting label LEVI, seed 70, iteration 240, time: 114.47522759437561
Starting label LEVI, seed 70, iteration 250, time: 119.87733101844788
Starting label LEVI, seed 70, iteration 260, time: 124.99716186523438
Starting label LEVI, seed 70, iteration 270, time: 130.24669647216797
Starting label LEVI, seed 70, iteration 280, time: 135.7134873867035
Starting label LEVI, seed 70, iteration 290, time: 140.82266807556152
Starting label LEVI, seed 70, iteration 300, time: 146.1731243133545
Starting label LEVI, seed 70, iteration 310, time: 152.9666085243225
Starting label LEVI, seed 70, iteration 320, time: 158.0061547756195
Starting label LEVI, seed 70, iteration 330, time: 163.30586624145508
Starting label LEVI, seed 70, iteration 340, time: 168.5386824607849
Starting label LEVI, seed 70, iteration 350, time: 173.7654309272766
Starting label LEVI, seed 70, iteration 360, time: 179.02546000480652
Starting label LEVI, seed 70, iteration 370, time: 184.3038272857666
Starting label LEVI, seed 70, iteration 380, time: 189.84746050834656
Starting label LEVI, seed 70, iteration 390, time: 195.33489894866943
Starting label LEVI, seed 70, iteration 400, time: 200.65852642059326
Starting label LEVI, seed 70, iteration 410, time: 205.99448800086975
Starting label LEVI, seed 70, iteration 420, time: 211.32059836387634
Starting label LEVI, seed 70, iteration 430, time: 216.7469356060028
Starting label LEVI, seed 70, iteration 440, time: 223.02608633041382
Starting label LEVI, seed 70, iteration 450, time: 228.28861117362976
Starting label LEVI, seed 70, iteration 460, time: 233.591970205307
Starting label LEVI, seed 70, iteration 470, time: 239.0423879623413
Starting label LEVI, seed 70, iteration 480, time: 244.52244806289673
Starting label LEVI, seed 70, iteration 490, time: 249.811936378479
Starting label LEVI, seed 70, iteration 500, time: 255.07526350021362
Starting label LEVI, seed 70, iteration 510, time: 260.33538937568665
Starting label LEVI, seed 70, iteration 520, time: 265.6376004219055
Starting label LEVI, seed 70, iteration 530, time: 270.959579706192
Starting label LEVI, seed 70, iteration 540, time: 276.2500493526459
Starting label LEVI, seed 70, iteration 550, time: 281.5156252384186
Starting label LEVI, seed 70, iteration 560, time: 286.81332755088806
Starting label LEVI, seed 70, iteration 570, time: 292.0862190723419
Starting label LEVI, seed 70, iteration 580, time: 297.48236536979675
Starting label LEVI, seed 70, iteration 590, time: 302.90966844558716
Starting label LEVI, seed 70, iteration 600, time: 308.27691078186035
Starting label LEVI, seed 70, iteration 610, time: 313.8260569572449
Starting label LEVI, seed 70, iteration 620, time: 319.45771956443787
Starting label LEVI, seed 70, iteration 630, time: 324.9055619239807
Starting label LEVI, seed 70, iteration 640, time: 330.4237411022186
Starting label LEVI, seed 70, iteration 650, time: 335.99472188949585
Starting label LEVI, seed 70, iteration 660, time: 341.8599820137024
Starting label LEVI, seed 70, iteration 670, time: 347.57167315483093
Starting label LEVI, seed 70, iteration 680, time: 352.9251663684845
Starting label LEVI, seed 70, iteration 690, time: 358.37057876586914
submitit WARNING (2022-10-02 01:49:22,550) - Bypassing signal SIGCONT
submitit WARNING (2022-10-02 01:49:22,606) - Bypassing signal SIGTERM
Starting label LEVI, seed 70, iteration 700, time: 363.88183975219727
Starting label LEVI, seed 70, iteration 710, time: 369.52338576316833
Starting label LEVI, seed 70, iteration 720, time: 375.0721859931946
Starting label LEVI, seed 70, iteration 730, time: 380.4814212322235
Starting label LEVI, seed 70, iteration 740, time: 385.89224100112915
Starting label LEVI, seed 70, iteration 750, time: 390.9988360404968
