submitit INFO (2022-10-02 00:29:42,610) - Starting with JobEnvironment(job_id=883252_6, hostname=coecis-compute-01.coecis.cornell.edu, local_rank=0(1), node=0(1), global_rank=0(1))
submitit INFO (2022-10-02 00:29:42,610) - Loading pickle: /home/gid-cakmaks/contextual_rs/experiments/wsc_experiments/logs/883252_6/883252_6_submitted.pkl
Starting label LEVI, seed 26, iteration 0, time: 0.0005888938903808594
Starting label LEVI, seed 26, iteration 10, time: 2.6644012928009033
Starting label LEVI, seed 26, iteration 20, time: 5.36724066734314
Starting label LEVI, seed 26, iteration 30, time: 8.136161088943481
Starting label LEVI, seed 26, iteration 40, time: 11.171970844268799
Starting label LEVI, seed 26, iteration 50, time: 14.239011764526367
Starting label LEVI, seed 26, iteration 60, time: 17.412263870239258
Starting label LEVI, seed 26, iteration 70, time: 20.525906085968018
Starting label LEVI, seed 26, iteration 80, time: 23.633858919143677
Starting label LEVI, seed 26, iteration 90, time: 26.779232501983643
Starting label LEVI, seed 26, iteration 100, time: 29.927525520324707
Starting label LEVI, seed 26, iteration 110, time: 33.04568791389465
Starting label LEVI, seed 26, iteration 120, time: 36.16362690925598
Starting label LEVI, seed 26, iteration 130, time: 39.3189537525177
Starting label LEVI, seed 26, iteration 140, time: 42.56999850273132
Starting label LEVI, seed 26, iteration 150, time: 45.75245213508606
Starting label LEVI, seed 26, iteration 160, time: 49.97548580169678
Starting label LEVI, seed 26, iteration 170, time: 54.906484842300415
Starting label LEVI, seed 26, iteration 180, time: 59.17952823638916
Starting label LEVI, seed 26, iteration 190, time: 63.95077443122864
Starting label LEVI, seed 26, iteration 200, time: 68.67467308044434
Starting label LEVI, seed 26, iteration 210, time: 73.36856031417847
Starting label LEVI, seed 26, iteration 220, time: 77.66634607315063
Starting label LEVI, seed 26, iteration 230, time: 81.2019248008728
Starting label LEVI, seed 26, iteration 240, time: 84.66432976722717
Starting label LEVI, seed 26, iteration 250, time: 88.69098019599915
Starting label LEVI, seed 26, iteration 260, time: 92.56965255737305
Starting label LEVI, seed 26, iteration 270, time: 96.36543607711792
Starting label LEVI, seed 26, iteration 280, time: 100.37380337715149
Starting label LEVI, seed 26, iteration 290, time: 104.34947896003723
Starting label LEVI, seed 26, iteration 300, time: 108.35815191268921
Starting label LEVI, seed 26, iteration 310, time: 112.30437469482422
Starting label LEVI, seed 26, iteration 320, time: 116.39654874801636
Starting label LEVI, seed 26, iteration 330, time: 120.40161395072937
Starting label LEVI, seed 26, iteration 340, time: 124.3916802406311
Starting label LEVI, seed 26, iteration 350, time: 128.32782864570618
Starting label LEVI, seed 26, iteration 360, time: 132.27221250534058
Starting label LEVI, seed 26, iteration 370, time: 136.12507319450378
Starting label LEVI, seed 26, iteration 380, time: 140.18720197677612
Starting label LEVI, seed 26, iteration 390, time: 144.40190291404724
Starting label LEVI, seed 26, iteration 400, time: 148.53158521652222
Starting label LEVI, seed 26, iteration 410, time: 152.71454691886902
Starting label LEVI, seed 26, iteration 420, time: 156.93931126594543
Starting label LEVI, seed 26, iteration 430, time: 161.05851006507874
Starting label LEVI, seed 26, iteration 440, time: 165.1930274963379
Starting label LEVI, seed 26, iteration 450, time: 169.7391471862793
Starting label LEVI, seed 26, iteration 460, time: 174.42999124526978
Starting label LEVI, seed 26, iteration 470, time: 179.05827069282532
Starting label LEVI, seed 26, iteration 480, time: 183.70874905586243
Starting label LEVI, seed 26, iteration 490, time: 188.06582832336426
Starting label LEVI, seed 26, iteration 500, time: 193.04263019561768
Starting label LEVI, seed 26, iteration 510, time: 197.92798590660095
Starting label LEVI, seed 26, iteration 520, time: 202.46850848197937
Starting label LEVI, seed 26, iteration 530, time: 207.36878371238708
Starting label LEVI, seed 26, iteration 540, time: 211.94799041748047
Starting label LEVI, seed 26, iteration 550, time: 217.01990127563477
Starting label LEVI, seed 26, iteration 560, time: 222.2151746749878
Starting label LEVI, seed 26, iteration 570, time: 227.44362783432007
Starting label LEVI, seed 26, iteration 580, time: 232.1361527442932
Starting label LEVI, seed 26, iteration 590, time: 237.1546106338501
Starting label LEVI, seed 26, iteration 600, time: 242.4546709060669
Starting label LEVI, seed 26, iteration 610, time: 247.48884892463684
Starting label LEVI, seed 26, iteration 620, time: 252.72440004348755
Starting label LEVI, seed 26, iteration 630, time: 258.27369928359985
Starting label LEVI, seed 26, iteration 640, time: 263.43536496162415
Starting label LEVI, seed 26, iteration 650, time: 268.72966289520264
Starting label LEVI, seed 26, iteration 660, time: 274.1478817462921
Starting label LEVI, seed 26, iteration 670, time: 279.35045981407166
Starting label LEVI, seed 26, iteration 680, time: 285.0375280380249
Starting label LEVI, seed 26, iteration 690, time: 291.0247232913971
Starting label LEVI, seed 26, iteration 700, time: 296.9039807319641
Starting label LEVI, seed 26, iteration 710, time: 303.0938193798065
Starting label LEVI, seed 26, iteration 720, time: 309.45378947257996
Starting label LEVI, seed 26, iteration 730, time: 315.17268657684326
Starting label LEVI, seed 26, iteration 740, time: 321.52491426467896
Starting label LEVI, seed 26, iteration 750, time: 327.9928607940674
Starting label LEVI, seed 26, iteration 760, time: 334.8198866844177
Starting label LEVI, seed 26, iteration 770, time: 341.25874066352844
Starting label LEVI, seed 26, iteration 780, time: 348.3572955131531
Starting label LEVI, seed 26, iteration 790, time: 355.516371011734
Starting label LEVI, seed 26, iteration 800, time: 362.8877580165863
Starting label LEVI, seed 26, iteration 810, time: 369.9015121459961
Starting label LEVI, seed 26, iteration 820, time: 376.246102809906
Starting label LEVI, seed 26, iteration 830, time: 382.56610345840454
Starting label LEVI, seed 26, iteration 840, time: 389.0232443809509
Starting label LEVI, seed 26, iteration 850, time: 396.00061678886414
Starting label LEVI, seed 26, iteration 860, time: 403.87575483322144
Starting label LEVI, seed 26, iteration 870, time: 411.6949038505554
Starting label LEVI, seed 26, iteration 880, time: 418.43296003341675
Starting label LEVI, seed 26, iteration 890, time: 425.4545736312866
Starting label LEVI, seed 26, iteration 900, time: 433.39392280578613
Starting label LEVI, seed 26, iteration 910, time: 441.7106418609619
Starting label LEVI, seed 26, iteration 920, time: 449.1724452972412
Starting label LEVI, seed 26, iteration 930, time: 457.34992837905884
Starting label LEVI, seed 26, iteration 940, time: 464.8787567615509
Starting label LEVI, seed 26, iteration 950, time: 472.5115096569061
Starting label LEVI, seed 26, iteration 960, time: 480.21532440185547
Starting label LEVI, seed 26, iteration 970, time: 488.8960657119751
Starting label LEVI, seed 26, iteration 980, time: 498.19380617141724
Starting label LEVI, seed 26, iteration 990, time: 506.56643772125244
Starting label LEVI, seed 26, iteration 1000, time: 515.1593713760376
Starting label LEVI, seed 26, iteration 1010, time: 524.730565071106
Starting label LEVI, seed 26, iteration 1020, time: 533.3504116535187
Starting label LEVI, seed 26, iteration 1030, time: 543.3651874065399
Starting label LEVI, seed 26, iteration 1040, time: 553.8213419914246
Starting label LEVI, seed 26, iteration 1050, time: 562.6327655315399
Starting label LEVI, seed 26, iteration 1060, time: 571.6711919307709
Starting label LEVI, seed 26, iteration 1070, time: 582.0794494152069
Starting label LEVI, seed 26, iteration 1080, time: 592.4780645370483
Starting label LEVI, seed 26, iteration 1090, time: 602.9141495227814
Starting label LEVI, seed 26, iteration 1100, time: 613.4423568248749
Starting label LEVI, seed 26, iteration 1110, time: 623.8741574287415
Starting label LEVI, seed 26, iteration 1120, time: 634.2462167739868
Starting label LEVI, seed 26, iteration 1130, time: 644.6603603363037
Starting label LEVI, seed 26, iteration 1140, time: 655.1173748970032
Starting label LEVI, seed 26, iteration 1150, time: 666.2400636672974
Starting label LEVI, seed 26, iteration 1160, time: 677.3950338363647
Starting label LEVI, seed 26, iteration 1170, time: 688.9653367996216
Starting label LEVI, seed 26, iteration 1180, time: 699.565057516098
Starting label LEVI, seed 26, iteration 1190, time: 710.4713981151581
Starting label LEVI, seed 26, iteration 1200, time: 721.189288854599
Starting label LEVI, seed 26, iteration 1210, time: 731.1199314594269
Starting label LEVI, seed 26, iteration 1220, time: 741.0806691646576
Starting label LEVI, seed 26, iteration 1230, time: 751.3678560256958
Starting label LEVI, seed 26, iteration 1240, time: 761.2767155170441
Starting label LEVI, seed 26, iteration 1250, time: 771.2154865264893
Starting label LEVI, seed 26, iteration 1260, time: 780.8776142597198
Starting label LEVI, seed 26, iteration 1270, time: 789.4974188804626
Starting label LEVI, seed 26, iteration 1280, time: 798.0741920471191
Starting label LEVI, seed 26, iteration 1290, time: 806.6673941612244
Starting label LEVI, seed 26, iteration 1300, time: 815.6921899318695
Starting label LEVI, seed 26, iteration 1310, time: 826.4006669521332
Starting label LEVI, seed 26, iteration 1320, time: 837.3777890205383
Starting label LEVI, seed 26, iteration 1330, time: 847.9478878974915
Starting label LEVI, seed 26, iteration 1340, time: 859.2586557865143
Starting label LEVI, seed 26, iteration 1350, time: 870.1924874782562
Starting label LEVI, seed 26, iteration 1360, time: 879.8283302783966
Starting label LEVI, seed 26, iteration 1370, time: 889.2338135242462
Starting label LEVI, seed 26, iteration 1380, time: 899.0529909133911
Starting label LEVI, seed 26, iteration 1390, time: 910.9839932918549
Starting label LEVI, seed 26, iteration 1400, time: 921.0014264583588
Starting label LEVI, seed 26, iteration 1410, time: 931.0872025489807
Starting label LEVI, seed 26, iteration 1420, time: 941.0477380752563
Starting label LEVI, seed 26, iteration 1430, time: 953.0290820598602
Starting label LEVI, seed 26, iteration 1440, time: 963.0151662826538
Starting label LEVI, seed 26, iteration 1450, time: 973.4611749649048
Starting label LEVI, seed 26, iteration 1460, time: 983.9134438037872
Starting label LEVI, seed 26, iteration 1470, time: 996.0646800994873
Starting label LEVI, seed 26, iteration 1480, time: 1006.5534567832947
Starting label LEVI, seed 26, iteration 1490, time: 1016.4186091423035
Starting label LEVI, seed 26, iteration 1500, time: 1027.0131220817566
Starting label LEVI, seed 26, iteration 1510, time: 1037.397010564804
Starting label LEVI, seed 26, iteration 1520, time: 1048.0645961761475
Starting label LEVI, seed 26, iteration 1530, time: 1059.3092143535614
Starting label LEVI, seed 26, iteration 1540, time: 1070.3371753692627
Starting label LEVI, seed 26, iteration 1550, time: 1082.7691640853882
Starting label LEVI, seed 26, iteration 1560, time: 1098.392429113388
Starting label LEVI, seed 26, iteration 1570, time: 1113.7020223140717
Starting label LEVI, seed 26, iteration 1580, time: 1126.9776079654694
Starting label LEVI, seed 26, iteration 1590, time: 1139.574495792389
Starting label LEVI, seed 26, iteration 1600, time: 1153.132981300354
Starting label LEVI, seed 26, iteration 1610, time: 1168.6729290485382
Starting label LEVI, seed 26, iteration 1620, time: 1182.0774602890015
Starting label LEVI, seed 26, iteration 1630, time: 1195.0818135738373
Starting label LEVI, seed 26, iteration 1640, time: 1210.4009757041931
Starting label LEVI, seed 26, iteration 1650, time: 1223.4142091274261
Starting label LEVI, seed 26, iteration 1660, time: 1236.0290293693542
Starting label LEVI, seed 26, iteration 1670, time: 1251.2288184165955
Starting label LEVI, seed 26, iteration 1680, time: 1267.1288404464722
Starting label LEVI, seed 26, iteration 1690, time: 1282.054015636444
Starting label LEVI, seed 26, iteration 1700, time: 1296.3167979717255
Starting label LEVI, seed 26, iteration 1710, time: 1310.9486832618713
Starting label LEVI, seed 26, iteration 1720, time: 1326.409146785736
Starting label LEVI, seed 26, iteration 1730, time: 1341.2188875675201
Starting label LEVI, seed 26, iteration 1740, time: 1356.2188045978546
Starting label LEVI, seed 26, iteration 1750, time: 1372.0103387832642
Starting label LEVI, seed 26, iteration 1760, time: 1390.5190649032593
Starting label LEVI, seed 26, iteration 1770, time: 1410.3706452846527
Starting label LEVI, seed 26, iteration 1780, time: 1426.9981875419617
Starting label LEVI, seed 26, iteration 1790, time: 1445.2892701625824
Starting label LEVI, seed 26, iteration 1800, time: 1463.980331659317
Starting label LEVI, seed 26, iteration 1810, time: 1485.6994800567627
Starting label LEVI, seed 26, iteration 1820, time: 1502.9910435676575
Starting label LEVI, seed 26, iteration 1830, time: 1519.3145339488983
Starting label LEVI, seed 26, iteration 1840, time: 1535.7094254493713
Starting label LEVI, seed 26, iteration 1850, time: 1558.4936735630035
submitit WARNING (2022-10-02 00:55:52,118) - Bypassing signal SIGTERM
submitit WARNING (2022-10-02 00:55:52,119) - Bypassing signal SIGCONT
Starting label LEVI, seed 26, iteration 1860, time: 1576.4341051578522
Starting label LEVI, seed 26, iteration 1870, time: 1594.8983235359192
