submitit INFO (2022-10-02 01:50:09,486) - Starting with JobEnvironment(job_id=883550_8, hostname=hariharan-compute-01.cs.cornell.edu, local_rank=0(1), node=0(1), global_rank=0(1))
submitit INFO (2022-10-02 01:50:09,486) - Loading pickle: /home/gid-cakmaks/contextual_rs/experiments/wsc_experiments/logs/883550_8/883550_8_submitted.pkl
Starting label LEVI, seed 38, iteration 0, time: 0.06477069854736328
Starting label LEVI, seed 38, iteration 10, time: 9.089627981185913
Starting label LEVI, seed 38, iteration 20, time: 14.547771215438843
Starting label LEVI, seed 38, iteration 30, time: 19.916650772094727
Starting label LEVI, seed 38, iteration 40, time: 25.39538550376892
Starting label LEVI, seed 38, iteration 50, time: 30.994935750961304
Starting label LEVI, seed 38, iteration 60, time: 36.391311168670654
Starting label LEVI, seed 38, iteration 70, time: 42.16222858428955
Starting label LEVI, seed 38, iteration 80, time: 47.578657388687134
Starting label LEVI, seed 38, iteration 90, time: 53.236652135849
Starting label LEVI, seed 38, iteration 100, time: 59.17471170425415
Starting label LEVI, seed 38, iteration 110, time: 65.2155487537384
Starting label LEVI, seed 38, iteration 120, time: 71.08056616783142
Starting label LEVI, seed 38, iteration 130, time: 76.67605543136597
Starting label LEVI, seed 38, iteration 140, time: 82.36174750328064
Starting label LEVI, seed 38, iteration 150, time: 88.30269312858582
Starting label LEVI, seed 38, iteration 160, time: 94.25505208969116
Starting label LEVI, seed 38, iteration 170, time: 100.23287963867188
Starting label LEVI, seed 38, iteration 180, time: 106.7293872833252
Starting label LEVI, seed 38, iteration 190, time: 113.1764304637909
Starting label LEVI, seed 38, iteration 200, time: 119.72526335716248
Starting label LEVI, seed 38, iteration 210, time: 125.88973712921143
Starting label LEVI, seed 38, iteration 220, time: 131.8266339302063
Starting label LEVI, seed 38, iteration 230, time: 138.4373264312744
Starting label LEVI, seed 38, iteration 240, time: 144.60210990905762
Starting label LEVI, seed 38, iteration 250, time: 150.77991724014282
Starting label LEVI, seed 38, iteration 260, time: 157.24386262893677
Starting label LEVI, seed 38, iteration 270, time: 163.77328968048096
Starting label LEVI, seed 38, iteration 280, time: 170.37555861473083
Starting label LEVI, seed 38, iteration 290, time: 177.00437688827515
Starting label LEVI, seed 38, iteration 300, time: 184.19920778274536
Starting label LEVI, seed 38, iteration 310, time: 190.5793740749359
Starting label LEVI, seed 38, iteration 320, time: 197.23171186447144
Starting label LEVI, seed 38, iteration 330, time: 204.07166528701782
Starting label LEVI, seed 38, iteration 340, time: 210.72309756278992
Starting label LEVI, seed 38, iteration 350, time: 217.39852142333984
Starting label LEVI, seed 38, iteration 360, time: 223.98815512657166
Starting label LEVI, seed 38, iteration 370, time: 230.38626718521118
Starting label LEVI, seed 38, iteration 380, time: 237.09452056884766
Starting label LEVI, seed 38, iteration 390, time: 243.90961956977844
Starting label LEVI, seed 38, iteration 400, time: 250.84012508392334
Starting label LEVI, seed 38, iteration 410, time: 257.80320262908936
Starting label LEVI, seed 38, iteration 420, time: 264.845223903656
Starting label LEVI, seed 38, iteration 430, time: 272.1001250743866
Starting label LEVI, seed 38, iteration 440, time: 279.3338098526001
Starting label LEVI, seed 38, iteration 450, time: 286.2832942008972
Starting label LEVI, seed 38, iteration 460, time: 293.23872327804565
Starting label LEVI, seed 38, iteration 470, time: 299.9208905696869
submitit WARNING (2022-10-02 01:55:12,524) - Bypassing signal SIGCONT
submitit WARNING (2022-10-02 01:55:12,611) - Bypassing signal SIGTERM
Starting label LEVI, seed 38, iteration 480, time: 306.5491051673889
Starting label LEVI, seed 38, iteration 490, time: 313.42505288124084
Starting label LEVI, seed 38, iteration 500, time: 320.00963401794434
Starting label LEVI, seed 38, iteration 510, time: 326.8726418018341
