submitit INFO (2022-10-02 04:15:13,069) - Starting with JobEnvironment(job_id=884019_0, hostname=nikola-compute-04.cs.cornell.edu, local_rank=0(1), node=0(1), global_rank=0(1))
submitit INFO (2022-10-02 04:15:13,070) - Loading pickle: /home/gid-cakmaks/contextual_rs/experiments/wsc_experiments/logs/884019_0/884019_0_submitted.pkl
Appending iterations to existing output!Warning: If parameters other than `iterations` have been changed, this will corrupt the output!
Starting label LEVI, seed 40, iteration 900, time: 1546.1157095432281
Starting label LEVI, seed 40, iteration 910, time: 1552.8397569656372
Starting label LEVI, seed 40, iteration 920, time: 1559.337575674057
Starting label LEVI, seed 40, iteration 930, time: 1565.9362325668335
Starting label LEVI, seed 40, iteration 940, time: 1572.4712235927582
Starting label LEVI, seed 40, iteration 950, time: 1579.0066981315613
Starting label LEVI, seed 40, iteration 960, time: 1585.6555006504059
Starting label LEVI, seed 40, iteration 970, time: 1592.3680768013
Starting label LEVI, seed 40, iteration 980, time: 1599.1075837612152
Starting label LEVI, seed 40, iteration 990, time: 1605.8349857330322
Starting label LEVI, seed 40, iteration 1000, time: 1612.5785565376282
Starting label LEVI, seed 40, iteration 1010, time: 1618.8349113464355
Starting label LEVI, seed 40, iteration 1020, time: 1625.3904004096985
Starting label LEVI, seed 40, iteration 1030, time: 1631.7121350765228
Starting label LEVI, seed 40, iteration 1040, time: 1638.0939300060272
Starting label LEVI, seed 40, iteration 1050, time: 1644.677368402481
Starting label LEVI, seed 40, iteration 1060, time: 1651.1766192913055
Starting label LEVI, seed 40, iteration 1070, time: 1657.7062754631042
Starting label LEVI, seed 40, iteration 1080, time: 1664.7236831188202
Starting label LEVI, seed 40, iteration 1090, time: 1671.3550741672516
Starting label LEVI, seed 40, iteration 1100, time: 1678.2310152053833
Starting label LEVI, seed 40, iteration 1110, time: 1685.2249977588654
Starting label LEVI, seed 40, iteration 1120, time: 1692.1747689247131
Starting label LEVI, seed 40, iteration 1130, time: 1699.3113565444946
Starting label LEVI, seed 40, iteration 1140, time: 1706.5243482589722
Starting label LEVI, seed 40, iteration 1150, time: 1713.6563131809235
Starting label LEVI, seed 40, iteration 1160, time: 1720.9266119003296
Starting label LEVI, seed 40, iteration 1170, time: 1728.079258441925
Starting label LEVI, seed 40, iteration 1180, time: 1735.1057803630829
Starting label LEVI, seed 40, iteration 1190, time: 1741.9714541435242
Starting label LEVI, seed 40, iteration 1200, time: 1748.916802406311
Starting label LEVI, seed 40, iteration 1210, time: 1755.986380815506
Starting label LEVI, seed 40, iteration 1220, time: 1762.8891961574554
Starting label LEVI, seed 40, iteration 1230, time: 1770.121254682541
Starting label LEVI, seed 40, iteration 1240, time: 1777.3601369857788
Starting label LEVI, seed 40, iteration 1250, time: 1784.481377363205
Starting label LEVI, seed 40, iteration 1260, time: 1791.5015425682068
Starting label LEVI, seed 40, iteration 1270, time: 1798.7629599571228
Starting label LEVI, seed 40, iteration 1280, time: 1805.9230651855469
Starting label LEVI, seed 40, iteration 1290, time: 1813.511223077774
Starting label LEVI, seed 40, iteration 1300, time: 1820.8312056064606
Starting label LEVI, seed 40, iteration 1310, time: 1828.1600756645203
Starting label LEVI, seed 40, iteration 1320, time: 1835.5505850315094
Starting label LEVI, seed 40, iteration 1330, time: 1842.767504453659
Starting label LEVI, seed 40, iteration 1340, time: 1849.937259197235
Starting label LEVI, seed 40, iteration 1350, time: 1856.9971079826355
Starting label LEVI, seed 40, iteration 1360, time: 1864.5980868339539
Starting label LEVI, seed 40, iteration 1370, time: 1871.921531200409
Starting label LEVI, seed 40, iteration 1380, time: 1879.200325012207
Starting label LEVI, seed 40, iteration 1390, time: 1886.334529876709
Starting label LEVI, seed 40, iteration 1400, time: 1893.4162554740906
Starting label LEVI, seed 40, iteration 1410, time: 1900.436393737793
Starting label LEVI, seed 40, iteration 1420, time: 1907.6966876983643
Starting label LEVI, seed 40, iteration 1430, time: 1914.5788102149963
Starting label LEVI, seed 40, iteration 1440, time: 1921.64577126503
Starting label LEVI, seed 40, iteration 1450, time: 1928.6099634170532
Starting label LEVI, seed 40, iteration 1460, time: 1935.2665383815765
Starting label LEVI, seed 40, iteration 1470, time: 1942.4297909736633
Starting label LEVI, seed 40, iteration 1480, time: 1949.3086297512054
Starting label LEVI, seed 40, iteration 1490, time: 1956.24666762352
Starting label LEVI, seed 40, iteration 1500, time: 1963.0153377056122
Starting label LEVI, seed 40, iteration 1510, time: 1969.8544812202454
Starting label LEVI, seed 40, iteration 1520, time: 1976.830200433731
Starting label LEVI, seed 40, iteration 1530, time: 1983.565405845642
Starting label LEVI, seed 40, iteration 1540, time: 1990.6530096530914
Starting label LEVI, seed 40, iteration 1550, time: 1997.490422964096
Starting label LEVI, seed 40, iteration 1560, time: 2004.4724426269531
Starting label LEVI, seed 40, iteration 1570, time: 2011.5782136917114
Starting label LEVI, seed 40, iteration 1580, time: 2018.659524679184
Starting label LEVI, seed 40, iteration 1590, time: 2025.8774163722992
Starting label LEVI, seed 40, iteration 1600, time: 2032.8196392059326
Starting label LEVI, seed 40, iteration 1610, time: 2039.8914663791656
Starting label LEVI, seed 40, iteration 1620, time: 2047.0284144878387
Starting label LEVI, seed 40, iteration 1630, time: 2054.4148099422455
Starting label LEVI, seed 40, iteration 1640, time: 2061.543911218643
Starting label LEVI, seed 40, iteration 1650, time: 2068.8734397888184
Starting label LEVI, seed 40, iteration 1660, time: 2076.1354155540466
Starting label LEVI, seed 40, iteration 1670, time: 2082.968694448471
Starting label LEVI, seed 40, iteration 1680, time: 2090.1859164237976
Starting label LEVI, seed 40, iteration 1690, time: 2097.3642296791077
Starting label LEVI, seed 40, iteration 1700, time: 2104.688895225525
Starting label LEVI, seed 40, iteration 1710, time: 2112.061203479767
Starting label LEVI, seed 40, iteration 1720, time: 2119.5303547382355
Starting label LEVI, seed 40, iteration 1730, time: 2126.71039891243
Starting label LEVI, seed 40, iteration 1740, time: 2133.8353922367096
Starting label LEVI, seed 40, iteration 1750, time: 2141.201677799225
Starting label LEVI, seed 40, iteration 1760, time: 2148.323277950287
Starting label LEVI, seed 40, iteration 1770, time: 2155.639384508133
Starting label LEVI, seed 40, iteration 1780, time: 2162.963575363159
Starting label LEVI, seed 40, iteration 1790, time: 2170.7843148708344
Starting label LEVI, seed 40, iteration 1800, time: 2178.415105819702
Starting label LEVI, seed 40, iteration 1810, time: 2185.951076030731
Starting label LEVI, seed 40, iteration 1820, time: 2193.542996406555
Starting label LEVI, seed 40, iteration 1830, time: 2201.325166940689
Starting label LEVI, seed 40, iteration 1840, time: 2209.2983922958374
Starting label LEVI, seed 40, iteration 1850, time: 2217.1268038749695
Starting label LEVI, seed 40, iteration 1860, time: 2224.902663230896
Starting label LEVI, seed 40, iteration 1870, time: 2232.7335426807404
Starting label LEVI, seed 40, iteration 1880, time: 2240.5472049713135
Starting label LEVI, seed 40, iteration 1890, time: 2248.3699910640717
Starting label LEVI, seed 40, iteration 1900, time: 2256.2275841236115
Starting label LEVI, seed 40, iteration 1910, time: 2263.9692928791046
Starting label LEVI, seed 40, iteration 1920, time: 2271.7575266361237
Starting label LEVI, seed 40, iteration 1930, time: 2279.7344102859497
Starting label LEVI, seed 40, iteration 1940, time: 2287.4470388889313
Starting label LEVI, seed 40, iteration 1950, time: 2295.17138004303
Starting label LEVI, seed 40, iteration 1960, time: 2302.801336288452
Starting label LEVI, seed 40, iteration 1970, time: 2310.6617333889008
Starting label LEVI, seed 40, iteration 1980, time: 2318.3775370121
Starting label LEVI, seed 40, iteration 1990, time: 2326.149880170822
submitit INFO (2022-10-02 04:28:24,431) - Job completed successfully
