submitit INFO (2022-10-02 00:29:42,610) - Starting with JobEnvironment(job_id=883252_5, hostname=coecis-compute-01.coecis.cornell.edu, local_rank=0(1), node=0(1), global_rank=0(1))
submitit INFO (2022-10-02 00:29:42,610) - Loading pickle: /home/gid-cakmaks/contextual_rs/experiments/wsc_experiments/logs/883252_5/883252_5_submitted.pkl
Starting label LEVI, seed 25, iteration 0, time: 0.0007076263427734375
Starting label LEVI, seed 25, iteration 10, time: 3.0398471355438232
Starting label LEVI, seed 25, iteration 20, time: 6.098552703857422
Starting label LEVI, seed 25, iteration 30, time: 9.153320074081421
Starting label LEVI, seed 25, iteration 40, time: 12.165709972381592
Starting label LEVI, seed 25, iteration 50, time: 15.113954305648804
Starting label LEVI, seed 25, iteration 60, time: 18.232975006103516
Starting label LEVI, seed 25, iteration 70, time: 21.283996105194092
Starting label LEVI, seed 25, iteration 80, time: 24.362541913986206
Starting label LEVI, seed 25, iteration 90, time: 27.506398677825928
Starting label LEVI, seed 25, iteration 100, time: 30.6511013507843
Starting label LEVI, seed 25, iteration 110, time: 33.7774760723114
Starting label LEVI, seed 25, iteration 120, time: 36.979918479919434
Starting label LEVI, seed 25, iteration 130, time: 40.17137789726257
Starting label LEVI, seed 25, iteration 140, time: 45.09701347351074
Starting label LEVI, seed 25, iteration 150, time: 49.1663556098938
Starting label LEVI, seed 25, iteration 160, time: 53.26586866378784
Starting label LEVI, seed 25, iteration 170, time: 58.1037437915802
Starting label LEVI, seed 25, iteration 180, time: 62.604971170425415
Starting label LEVI, seed 25, iteration 190, time: 67.04131269454956
Starting label LEVI, seed 25, iteration 200, time: 71.1112790107727
Starting label LEVI, seed 25, iteration 210, time: 74.40256190299988
Starting label LEVI, seed 25, iteration 220, time: 77.88699293136597
Starting label LEVI, seed 25, iteration 230, time: 81.28899598121643
Starting label LEVI, seed 25, iteration 240, time: 84.76353883743286
Starting label LEVI, seed 25, iteration 250, time: 87.9486632347107
Starting label LEVI, seed 25, iteration 260, time: 91.3038125038147
Starting label LEVI, seed 25, iteration 270, time: 94.60759377479553
Starting label LEVI, seed 25, iteration 280, time: 97.88200211524963
Starting label LEVI, seed 25, iteration 290, time: 101.1582932472229
Starting label LEVI, seed 25, iteration 300, time: 104.4525556564331
Starting label LEVI, seed 25, iteration 310, time: 108.00599503517151
Starting label LEVI, seed 25, iteration 320, time: 111.2692813873291
Starting label LEVI, seed 25, iteration 330, time: 114.70678567886353
Starting label LEVI, seed 25, iteration 340, time: 118.21162796020508
Starting label LEVI, seed 25, iteration 350, time: 121.62507510185242
Starting label LEVI, seed 25, iteration 360, time: 125.18758249282837
Starting label LEVI, seed 25, iteration 370, time: 128.89208960533142
Starting label LEVI, seed 25, iteration 380, time: 132.56767892837524
Starting label LEVI, seed 25, iteration 390, time: 136.23248648643494
Starting label LEVI, seed 25, iteration 400, time: 140.01789236068726
Starting label LEVI, seed 25, iteration 410, time: 143.74711394309998
Starting label LEVI, seed 25, iteration 420, time: 147.67175245285034
Starting label LEVI, seed 25, iteration 430, time: 151.27017307281494
Starting label LEVI, seed 25, iteration 440, time: 155.22113227844238
Starting label LEVI, seed 25, iteration 450, time: 159.30570149421692
Starting label LEVI, seed 25, iteration 460, time: 163.44231748580933
Starting label LEVI, seed 25, iteration 470, time: 167.68119406700134
Starting label LEVI, seed 25, iteration 480, time: 171.7862286567688
Starting label LEVI, seed 25, iteration 490, time: 175.93587160110474
Starting label LEVI, seed 25, iteration 500, time: 180.1694266796112
Starting label LEVI, seed 25, iteration 510, time: 184.3041708469391
Starting label LEVI, seed 25, iteration 520, time: 188.4628701210022
Starting label LEVI, seed 25, iteration 530, time: 193.18533039093018
Starting label LEVI, seed 25, iteration 540, time: 197.7961356639862
Starting label LEVI, seed 25, iteration 550, time: 202.02838373184204
Starting label LEVI, seed 25, iteration 560, time: 206.70422220230103
Starting label LEVI, seed 25, iteration 570, time: 210.88418459892273
Starting label LEVI, seed 25, iteration 580, time: 215.34973001480103
Starting label LEVI, seed 25, iteration 590, time: 220.3284080028534
Starting label LEVI, seed 25, iteration 600, time: 225.08330368995667
Starting label LEVI, seed 25, iteration 610, time: 229.57182621955872
Starting label LEVI, seed 25, iteration 620, time: 234.70350074768066
Starting label LEVI, seed 25, iteration 630, time: 239.80901527404785
Starting label LEVI, seed 25, iteration 640, time: 245.49199295043945
Starting label LEVI, seed 25, iteration 650, time: 250.79234719276428
Starting label LEVI, seed 25, iteration 660, time: 256.1589903831482
Starting label LEVI, seed 25, iteration 670, time: 261.5639879703522
Starting label LEVI, seed 25, iteration 680, time: 267.0914397239685
Starting label LEVI, seed 25, iteration 690, time: 272.735698223114
Starting label LEVI, seed 25, iteration 700, time: 277.8527584075928
Starting label LEVI, seed 25, iteration 710, time: 283.925110578537
Starting label LEVI, seed 25, iteration 720, time: 289.9670379161835
Starting label LEVI, seed 25, iteration 730, time: 295.50635290145874
Starting label LEVI, seed 25, iteration 740, time: 301.7306249141693
Starting label LEVI, seed 25, iteration 750, time: 307.313107252121
Starting label LEVI, seed 25, iteration 760, time: 314.097008228302
Starting label LEVI, seed 25, iteration 770, time: 319.8352437019348
Starting label LEVI, seed 25, iteration 780, time: 326.4465289115906
Starting label LEVI, seed 25, iteration 790, time: 333.2943003177643
Starting label LEVI, seed 25, iteration 800, time: 340.0417945384979
Starting label LEVI, seed 25, iteration 810, time: 347.11846828460693
Starting label LEVI, seed 25, iteration 820, time: 353.8928921222687
Starting label LEVI, seed 25, iteration 830, time: 360.53584122657776
Starting label LEVI, seed 25, iteration 840, time: 367.2425308227539
Starting label LEVI, seed 25, iteration 850, time: 374.12507820129395
Starting label LEVI, seed 25, iteration 860, time: 381.16298627853394
Starting label LEVI, seed 25, iteration 870, time: 387.5043578147888
Starting label LEVI, seed 25, iteration 880, time: 394.03877449035645
Starting label LEVI, seed 25, iteration 890, time: 400.25052881240845
Starting label LEVI, seed 25, iteration 900, time: 407.0157449245453
Starting label LEVI, seed 25, iteration 910, time: 414.6515882015228
Starting label LEVI, seed 25, iteration 920, time: 421.39411783218384
Starting label LEVI, seed 25, iteration 930, time: 429.0700252056122
Starting label LEVI, seed 25, iteration 940, time: 436.67702984809875
Starting label LEVI, seed 25, iteration 950, time: 444.6696524620056
Starting label LEVI, seed 25, iteration 960, time: 451.8368012905121
Starting label LEVI, seed 25, iteration 970, time: 458.76672196388245
Starting label LEVI, seed 25, iteration 980, time: 466.0357279777527
Starting label LEVI, seed 25, iteration 990, time: 473.248126745224
Starting label LEVI, seed 25, iteration 1000, time: 482.1564474105835
Starting label LEVI, seed 25, iteration 1010, time: 491.964097738266
Starting label LEVI, seed 25, iteration 1020, time: 500.7855966091156
Starting label LEVI, seed 25, iteration 1030, time: 508.66286635398865
Starting label LEVI, seed 25, iteration 1040, time: 518.7548718452454
Starting label LEVI, seed 25, iteration 1050, time: 532.2456560134888
Starting label LEVI, seed 25, iteration 1060, time: 542.8646864891052
Starting label LEVI, seed 25, iteration 1070, time: 554.035769701004
Starting label LEVI, seed 25, iteration 1080, time: 565.375125169754
Starting label LEVI, seed 25, iteration 1090, time: 575.4416990280151
Starting label LEVI, seed 25, iteration 1100, time: 586.347540140152
Starting label LEVI, seed 25, iteration 1110, time: 595.9010198116302
Starting label LEVI, seed 25, iteration 1120, time: 605.0887799263
Starting label LEVI, seed 25, iteration 1130, time: 614.6256799697876
Starting label LEVI, seed 25, iteration 1140, time: 624.80623960495
Starting label LEVI, seed 25, iteration 1150, time: 636.0711646080017
Starting label LEVI, seed 25, iteration 1160, time: 648.0726635456085
Starting label LEVI, seed 25, iteration 1170, time: 660.8547594547272
Starting label LEVI, seed 25, iteration 1180, time: 674.1912572383881
Starting label LEVI, seed 25, iteration 1190, time: 684.5472598075867
Starting label LEVI, seed 25, iteration 1200, time: 698.3196139335632
Starting label LEVI, seed 25, iteration 1210, time: 708.8133926391602
Starting label LEVI, seed 25, iteration 1220, time: 721.9028358459473
Starting label LEVI, seed 25, iteration 1230, time: 736.9882884025574
Starting label LEVI, seed 25, iteration 1240, time: 753.2237777709961
Starting label LEVI, seed 25, iteration 1250, time: 768.1605246067047
Starting label LEVI, seed 25, iteration 1260, time: 783.3041615486145
Starting label LEVI, seed 25, iteration 1270, time: 799.1107575893402
Starting label LEVI, seed 25, iteration 1280, time: 815.9345991611481
Starting label LEVI, seed 25, iteration 1290, time: 830.3408799171448
Starting label LEVI, seed 25, iteration 1300, time: 847.9472026824951
Starting label LEVI, seed 25, iteration 1310, time: 865.6763970851898
Starting label LEVI, seed 25, iteration 1320, time: 880.3943090438843
Starting label LEVI, seed 25, iteration 1330, time: 896.0248744487762
Starting label LEVI, seed 25, iteration 1340, time: 911.3882350921631
Starting label LEVI, seed 25, iteration 1350, time: 927.0180952548981
Starting label LEVI, seed 25, iteration 1360, time: 943.7537734508514
Starting label LEVI, seed 25, iteration 1370, time: 959.5288791656494
Starting label LEVI, seed 25, iteration 1380, time: 974.8161182403564
Starting label LEVI, seed 25, iteration 1390, time: 990.4525711536407
Starting label LEVI, seed 25, iteration 1400, time: 1010.3422787189484
Starting label LEVI, seed 25, iteration 1410, time: 1030.5199296474457
Starting label LEVI, seed 25, iteration 1420, time: 1047.7109100818634
Starting label LEVI, seed 25, iteration 1430, time: 1065.0237829685211
Starting label LEVI, seed 25, iteration 1440, time: 1084.8869397640228
Starting label LEVI, seed 25, iteration 1450, time: 1104.2477474212646
Starting label LEVI, seed 25, iteration 1460, time: 1122.5132310390472
Starting label LEVI, seed 25, iteration 1470, time: 1145.4044728279114
Starting label LEVI, seed 25, iteration 1480, time: 1163.707100391388
Starting label LEVI, seed 25, iteration 1490, time: 1181.5000395774841
Starting label LEVI, seed 25, iteration 1500, time: 1204.0328905582428
Starting label LEVI, seed 25, iteration 1510, time: 1222.444435119629
Starting label LEVI, seed 25, iteration 1520, time: 1246.6932978630066
Starting label LEVI, seed 25, iteration 1530, time: 1270.9571421146393
Starting label LEVI, seed 25, iteration 1540, time: 1290.4801433086395
Starting label LEVI, seed 25, iteration 1550, time: 1310.509471654892
Starting label LEVI, seed 25, iteration 1560, time: 1335.0523917675018
Starting label LEVI, seed 25, iteration 1570, time: 1361.5784211158752
Starting label LEVI, seed 25, iteration 1580, time: 1391.8172342777252
Starting label LEVI, seed 25, iteration 1590, time: 1417.4202091693878
Starting label LEVI, seed 25, iteration 1600, time: 1446.5905060768127
Starting label LEVI, seed 25, iteration 1610, time: 1472.8484556674957
Starting label LEVI, seed 25, iteration 1620, time: 1500.3292062282562
Starting label LEVI, seed 25, iteration 1630, time: 1530.6516742706299
Starting label LEVI, seed 25, iteration 1640, time: 1562.1576108932495
submitit WARNING (2022-10-02 00:55:52,180) - Bypassing signal SIGTERM
submitit WARNING (2022-10-02 00:55:52,181) - Bypassing signal SIGCONT
Starting label LEVI, seed 25, iteration 1650, time: 1592.5412838459015
