submitit INFO (2022-10-02 13:20:25,425) - Starting with JobEnvironment(job_id=884506_0, hostname=nikola-compute-02.cs.cornell.edu, local_rank=0(1), node=0(1), global_rank=0(1))
submitit INFO (2022-10-02 13:20:25,425) - Loading pickle: /home/gid-cakmaks/contextual_rs/experiments/wsc_experiments/logs/884506_0/884506_0_submitted.pkl
Appending iterations to existing output!Warning: If parameters other than `iterations` have been changed, this will corrupt the output!
Starting label LEVI, seed 1, iteration 1060, time: 1579.9455273151398
Starting label LEVI, seed 1, iteration 1070, time: 1589.6731934547424
Starting label LEVI, seed 1, iteration 1080, time: 1598.981486082077
Starting label LEVI, seed 1, iteration 1090, time: 1608.1358981132507
Starting label LEVI, seed 1, iteration 1100, time: 1617.4528458118439
Starting label LEVI, seed 1, iteration 1110, time: 1626.4929525852203
Starting label LEVI, seed 1, iteration 1120, time: 1635.927421092987
Starting label LEVI, seed 1, iteration 1130, time: 1645.8149416446686
Starting label LEVI, seed 1, iteration 1140, time: 1655.4135172367096
Starting label LEVI, seed 1, iteration 1150, time: 1664.8352689743042
Starting label LEVI, seed 1, iteration 1160, time: 1674.9101135730743
Starting label LEVI, seed 1, iteration 1170, time: 1684.7717967033386
Starting label LEVI, seed 1, iteration 1180, time: 1693.9920835494995
Starting label LEVI, seed 1, iteration 1190, time: 1705.0277009010315
Starting label LEVI, seed 1, iteration 1200, time: 1716.5154683589935
Starting label LEVI, seed 1, iteration 1210, time: 1728.0686287879944
Starting label LEVI, seed 1, iteration 1220, time: 1739.1062378883362
Starting label LEVI, seed 1, iteration 1230, time: 1749.2233674526215
Starting label LEVI, seed 1, iteration 1240, time: 1759.7766482830048
Starting label LEVI, seed 1, iteration 1250, time: 1769.2560710906982
Starting label LEVI, seed 1, iteration 1260, time: 1779.7160151004791
Starting label LEVI, seed 1, iteration 1270, time: 1789.6539523601532
Starting label LEVI, seed 1, iteration 1280, time: 1799.2365493774414
Starting label LEVI, seed 1, iteration 1290, time: 1809.2793045043945
Starting label LEVI, seed 1, iteration 1300, time: 1820.845758676529
Starting label LEVI, seed 1, iteration 1310, time: 1829.2712347507477
Starting label LEVI, seed 1, iteration 1320, time: 1838.232094526291
Starting label LEVI, seed 1, iteration 1330, time: 1847.1401739120483
Starting label LEVI, seed 1, iteration 1340, time: 1856.422939300537
Starting label LEVI, seed 1, iteration 1350, time: 1866.5726435184479
Starting label LEVI, seed 1, iteration 1360, time: 1877.2081832885742
Starting label LEVI, seed 1, iteration 1370, time: 1887.325564622879
Starting label LEVI, seed 1, iteration 1380, time: 1897.0225117206573
Starting label LEVI, seed 1, iteration 1390, time: 1906.658364057541
Starting label LEVI, seed 1, iteration 1400, time: 1915.7766289710999
Starting label LEVI, seed 1, iteration 1410, time: 1924.9487721920013
Starting label LEVI, seed 1, iteration 1420, time: 1932.9778399467468
Starting label LEVI, seed 1, iteration 1430, time: 1942.0199773311615
Starting label LEVI, seed 1, iteration 1440, time: 1951.3171286582947
Starting label LEVI, seed 1, iteration 1450, time: 1960.1617381572723
Starting label LEVI, seed 1, iteration 1460, time: 1968.143652677536
Starting label LEVI, seed 1, iteration 1470, time: 1976.4627132415771
Starting label LEVI, seed 1, iteration 1480, time: 1985.3386402130127
Starting label LEVI, seed 1, iteration 1490, time: 1995.1889238357544
Starting label LEVI, seed 1, iteration 1500, time: 2002.4400157928467
Starting label LEVI, seed 1, iteration 1510, time: 2009.5007963180542
Starting label LEVI, seed 1, iteration 1520, time: 2016.9423196315765
Starting label LEVI, seed 1, iteration 1530, time: 2024.4485228061676
Starting label LEVI, seed 1, iteration 1540, time: 2031.5837304592133
Starting label LEVI, seed 1, iteration 1550, time: 2038.7455472946167
Starting label LEVI, seed 1, iteration 1560, time: 2045.7491297721863
Starting label LEVI, seed 1, iteration 1570, time: 2053.3699033260345
Starting label LEVI, seed 1, iteration 1580, time: 2060.6636674404144
Starting label LEVI, seed 1, iteration 1590, time: 2069.2208139896393
Starting label LEVI, seed 1, iteration 1600, time: 2077.4156255722046
Starting label LEVI, seed 1, iteration 1610, time: 2086.086102962494
Starting label LEVI, seed 1, iteration 1620, time: 2094.6587886810303
Starting label LEVI, seed 1, iteration 1630, time: 2103.10746216774
Starting label LEVI, seed 1, iteration 1640, time: 2111.2990374565125
Starting label LEVI, seed 1, iteration 1650, time: 2121.26145863533
Starting label LEVI, seed 1, iteration 1660, time: 2129.910894393921
Starting label LEVI, seed 1, iteration 1670, time: 2138.6347279548645
Starting label LEVI, seed 1, iteration 1680, time: 2148.285076856613
Starting label LEVI, seed 1, iteration 1690, time: 2158.0656218528748
Starting label LEVI, seed 1, iteration 1700, time: 2167.6431107521057
Starting label LEVI, seed 1, iteration 1710, time: 2176.489843606949
Starting label LEVI, seed 1, iteration 1720, time: 2184.630317211151
Starting label LEVI, seed 1, iteration 1730, time: 2195.437083721161
Starting label LEVI, seed 1, iteration 1740, time: 2207.0236728191376
Starting label LEVI, seed 1, iteration 1750, time: 2218.199010372162
Starting label LEVI, seed 1, iteration 1760, time: 2229.690639257431
Starting label LEVI, seed 1, iteration 1770, time: 2239.1407537460327
Starting label LEVI, seed 1, iteration 1780, time: 2248.689109802246
Starting label LEVI, seed 1, iteration 1790, time: 2258.534072160721
Starting label LEVI, seed 1, iteration 1800, time: 2267.8389925956726
Starting label LEVI, seed 1, iteration 1810, time: 2276.86870098114
Starting label LEVI, seed 1, iteration 1820, time: 2285.882549762726
Starting label LEVI, seed 1, iteration 1830, time: 2294.841769218445
Starting label LEVI, seed 1, iteration 1840, time: 2304.6460099220276
Starting label LEVI, seed 1, iteration 1850, time: 2313.8398180007935
Starting label LEVI, seed 1, iteration 1860, time: 2322.5934071540833
Starting label LEVI, seed 1, iteration 1870, time: 2331.936494588852
Starting label LEVI, seed 1, iteration 1880, time: 2342.0215265750885
Starting label LEVI, seed 1, iteration 1890, time: 2350.983239889145
Starting label LEVI, seed 1, iteration 1900, time: 2360.4779090881348
Starting label LEVI, seed 1, iteration 1910, time: 2369.630714893341
Starting label LEVI, seed 1, iteration 1920, time: 2378.9182674884796
Starting label LEVI, seed 1, iteration 1930, time: 2388.0781667232513
Starting label LEVI, seed 1, iteration 1940, time: 2397.3433198928833
Starting label LEVI, seed 1, iteration 1950, time: 2406.5080873966217
Starting label LEVI, seed 1, iteration 1960, time: 2416.286097049713
Starting label LEVI, seed 1, iteration 1970, time: 2426.8704369068146
Starting label LEVI, seed 1, iteration 1980, time: 2436.7565352916718
Starting label LEVI, seed 1, iteration 1990, time: 2445.9509971141815
submitit INFO (2022-10-02 13:35:03,662) - Job completed successfully
