submitit INFO (2022-10-01 23:36:24,517) - Starting with JobEnvironment(job_id=883059_1, hostname=lecun.cs.cornell.edu, local_rank=0(1), node=0(1), global_rank=0(1))
submitit INFO (2022-10-01 23:36:24,517) - Loading pickle: /home/gid-cakmaks/contextual_rs/experiments/wsc_experiments/logs/883059_1/883059_1_submitted.pkl
Starting label LEVI, seed 31, iteration 0, time: 8.630752563476562e-05
Starting label LEVI, seed 31, iteration 10, time: 2.545891761779785
Starting label LEVI, seed 31, iteration 20, time: 4.843614816665649
Starting label LEVI, seed 31, iteration 30, time: 7.152113437652588
Starting label LEVI, seed 31, iteration 40, time: 9.538210391998291
Starting label LEVI, seed 31, iteration 50, time: 11.910021781921387
Starting label LEVI, seed 31, iteration 60, time: 14.389768838882446
Starting label LEVI, seed 31, iteration 70, time: 16.811954498291016
Starting label LEVI, seed 31, iteration 80, time: 19.213006019592285
Starting label LEVI, seed 31, iteration 90, time: 21.63421392440796
Starting label LEVI, seed 31, iteration 100, time: 24.25538468360901
Starting label LEVI, seed 31, iteration 110, time: 26.654404401779175
Starting label LEVI, seed 31, iteration 120, time: 29.008529663085938
Starting label LEVI, seed 31, iteration 130, time: 31.423418521881104
Starting label LEVI, seed 31, iteration 140, time: 33.906381607055664
Starting label LEVI, seed 31, iteration 150, time: 36.24331259727478
Starting label LEVI, seed 31, iteration 160, time: 38.62726163864136
Starting label LEVI, seed 31, iteration 170, time: 41.03864622116089
Starting label LEVI, seed 31, iteration 180, time: 43.44501495361328
Starting label LEVI, seed 31, iteration 190, time: 45.84286952018738
Starting label LEVI, seed 31, iteration 200, time: 48.29296851158142
Starting label LEVI, seed 31, iteration 210, time: 50.75801706314087
Starting label LEVI, seed 31, iteration 220, time: 53.223787784576416
Starting label LEVI, seed 31, iteration 230, time: 55.75330328941345
Starting label LEVI, seed 31, iteration 240, time: 58.182499170303345
Starting label LEVI, seed 31, iteration 250, time: 60.63649892807007
Starting label LEVI, seed 31, iteration 260, time: 63.05765390396118
Starting label LEVI, seed 31, iteration 270, time: 65.42404079437256
Starting label LEVI, seed 31, iteration 280, time: 67.80542826652527
Starting label LEVI, seed 31, iteration 290, time: 70.20160794258118
Starting label LEVI, seed 31, iteration 300, time: 72.60632991790771
Starting label LEVI, seed 31, iteration 310, time: 75.17001485824585
Starting label LEVI, seed 31, iteration 320, time: 77.65514755249023
Starting label LEVI, seed 31, iteration 330, time: 80.15351748466492
Starting label LEVI, seed 31, iteration 340, time: 82.72704148292542
Starting label LEVI, seed 31, iteration 350, time: 85.26679754257202
Starting label LEVI, seed 31, iteration 360, time: 87.7608642578125
Starting label LEVI, seed 31, iteration 370, time: 90.29176330566406
Starting label LEVI, seed 31, iteration 380, time: 92.80791139602661
Starting label LEVI, seed 31, iteration 390, time: 95.3720965385437
Starting label LEVI, seed 31, iteration 400, time: 98.0085608959198
Starting label LEVI, seed 31, iteration 410, time: 100.47509789466858
Starting label LEVI, seed 31, iteration 420, time: 103.02354645729065
Starting label LEVI, seed 31, iteration 430, time: 105.58427786827087
Starting label LEVI, seed 31, iteration 440, time: 108.03418731689453
Starting label LEVI, seed 31, iteration 450, time: 110.53081321716309
Starting label LEVI, seed 31, iteration 460, time: 113.13198161125183
Starting label LEVI, seed 31, iteration 470, time: 115.8601758480072
Starting label LEVI, seed 31, iteration 480, time: 118.65662789344788
Starting label LEVI, seed 31, iteration 490, time: 121.34125232696533
Starting label LEVI, seed 31, iteration 500, time: 124.13307428359985
Starting label LEVI, seed 31, iteration 510, time: 127.05525398254395
Starting label LEVI, seed 31, iteration 520, time: 129.87440633773804
Starting label LEVI, seed 31, iteration 530, time: 132.75844502449036
Starting label LEVI, seed 31, iteration 540, time: 135.71044373512268
Starting label LEVI, seed 31, iteration 550, time: 138.85073137283325
Starting label LEVI, seed 31, iteration 560, time: 142.0120074748993
Starting label LEVI, seed 31, iteration 570, time: 144.9744575023651
Starting label LEVI, seed 31, iteration 580, time: 147.91105031967163
Starting label LEVI, seed 31, iteration 590, time: 150.88376832008362
Starting label LEVI, seed 31, iteration 600, time: 153.90872979164124
Starting label LEVI, seed 31, iteration 610, time: 156.77918028831482
Starting label LEVI, seed 31, iteration 620, time: 159.7848641872406
Starting label LEVI, seed 31, iteration 630, time: 162.71052980422974
Starting label LEVI, seed 31, iteration 640, time: 165.65460753440857
Starting label LEVI, seed 31, iteration 650, time: 168.5096788406372
Starting label LEVI, seed 31, iteration 660, time: 171.37170386314392
Starting label LEVI, seed 31, iteration 670, time: 174.2415726184845
Starting label LEVI, seed 31, iteration 680, time: 177.22438526153564
Starting label LEVI, seed 31, iteration 690, time: 180.08929872512817
Starting label LEVI, seed 31, iteration 700, time: 182.93485188484192
Starting label LEVI, seed 31, iteration 710, time: 185.75494742393494
Starting label LEVI, seed 31, iteration 720, time: 188.62879514694214
Starting label LEVI, seed 31, iteration 730, time: 191.56257510185242
Starting label LEVI, seed 31, iteration 740, time: 196.1996202468872
Starting label LEVI, seed 31, iteration 750, time: 199.07802939414978
Starting label LEVI, seed 31, iteration 760, time: 201.96430563926697
Starting label LEVI, seed 31, iteration 770, time: 204.82356190681458
Starting label LEVI, seed 31, iteration 780, time: 207.71677422523499
Starting label LEVI, seed 31, iteration 790, time: 210.68279504776
Starting label LEVI, seed 31, iteration 800, time: 213.6240472793579
Starting label LEVI, seed 31, iteration 810, time: 216.70487260818481
Starting label LEVI, seed 31, iteration 820, time: 219.6368293762207
Starting label LEVI, seed 31, iteration 830, time: 222.5579526424408
Starting label LEVI, seed 31, iteration 840, time: 225.48509812355042
Starting label LEVI, seed 31, iteration 850, time: 228.36769151687622
Starting label LEVI, seed 31, iteration 860, time: 231.2616093158722
Starting label LEVI, seed 31, iteration 870, time: 234.17859745025635
Starting label LEVI, seed 31, iteration 880, time: 237.0696907043457
Starting label LEVI, seed 31, iteration 890, time: 240.02268934249878
Starting label LEVI, seed 31, iteration 900, time: 242.9682228565216
Starting label LEVI, seed 31, iteration 910, time: 245.8731894493103
Starting label LEVI, seed 31, iteration 920, time: 248.73415088653564
Starting label LEVI, seed 31, iteration 930, time: 251.6327040195465
Starting label LEVI, seed 31, iteration 940, time: 254.50035166740417
Starting label LEVI, seed 31, iteration 950, time: 257.4194025993347
Starting label LEVI, seed 31, iteration 960, time: 260.30608105659485
Starting label LEVI, seed 31, iteration 970, time: 263.28696966171265
Starting label LEVI, seed 31, iteration 980, time: 266.2385878562927
Starting label LEVI, seed 31, iteration 990, time: 269.1739766597748
Starting label LEVI, seed 31, iteration 1000, time: 272.15690326690674
Starting label LEVI, seed 31, iteration 1010, time: 275.22880125045776
Starting label LEVI, seed 31, iteration 1020, time: 278.2597408294678
Starting label LEVI, seed 31, iteration 1030, time: 281.28699588775635
Starting label LEVI, seed 31, iteration 1040, time: 284.33268904685974
Starting label LEVI, seed 31, iteration 1050, time: 287.7376961708069
Starting label LEVI, seed 31, iteration 1060, time: 290.9777328968048
Starting label LEVI, seed 31, iteration 1070, time: 294.15022468566895
Starting label LEVI, seed 31, iteration 1080, time: 297.5256259441376
Starting label LEVI, seed 31, iteration 1090, time: 300.65498542785645
Starting label LEVI, seed 31, iteration 1100, time: 303.8097393512726
Starting label LEVI, seed 31, iteration 1110, time: 306.9629919528961
Starting label LEVI, seed 31, iteration 1120, time: 310.2931709289551
Starting label LEVI, seed 31, iteration 1130, time: 313.5109119415283
Starting label LEVI, seed 31, iteration 1140, time: 316.97649788856506
Starting label LEVI, seed 31, iteration 1150, time: 320.3137321472168
Starting label LEVI, seed 31, iteration 1160, time: 323.6625416278839
Starting label LEVI, seed 31, iteration 1170, time: 327.0237293243408
Starting label LEVI, seed 31, iteration 1180, time: 330.35794472694397
Starting label LEVI, seed 31, iteration 1190, time: 333.7259237766266
Starting label LEVI, seed 31, iteration 1200, time: 337.0988049507141
Starting label LEVI, seed 31, iteration 1210, time: 340.5751943588257
Starting label LEVI, seed 31, iteration 1220, time: 344.1367726325989
Starting label LEVI, seed 31, iteration 1230, time: 347.53309178352356
Starting label LEVI, seed 31, iteration 1240, time: 350.93314814567566
Starting label LEVI, seed 31, iteration 1250, time: 354.5594367980957
Starting label LEVI, seed 31, iteration 1260, time: 358.05200695991516
Starting label LEVI, seed 31, iteration 1270, time: 361.56227350234985
Starting label LEVI, seed 31, iteration 1280, time: 365.1187994480133
Starting label LEVI, seed 31, iteration 1290, time: 368.8007056713104
Starting label LEVI, seed 31, iteration 1300, time: 372.30203223228455
Starting label LEVI, seed 31, iteration 1310, time: 376.0071978569031
Starting label LEVI, seed 31, iteration 1320, time: 379.5654857158661
Starting label LEVI, seed 31, iteration 1330, time: 383.3390419483185
Starting label LEVI, seed 31, iteration 1340, time: 387.0299255847931
Starting label LEVI, seed 31, iteration 1350, time: 391.3336715698242
Starting label LEVI, seed 31, iteration 1360, time: 395.20985865592957
Starting label LEVI, seed 31, iteration 1370, time: 399.09611988067627
Starting label LEVI, seed 31, iteration 1380, time: 403.01022028923035
Starting label LEVI, seed 31, iteration 1390, time: 407.2534689903259
Starting label LEVI, seed 31, iteration 1400, time: 411.01079964637756
Starting label LEVI, seed 31, iteration 1410, time: 414.7890923023224
Starting label LEVI, seed 31, iteration 1420, time: 418.6110999584198
Starting label LEVI, seed 31, iteration 1430, time: 422.5886673927307
Starting label LEVI, seed 31, iteration 1440, time: 426.48092579841614
Starting label LEVI, seed 31, iteration 1450, time: 430.49099349975586
Starting label LEVI, seed 31, iteration 1460, time: 434.42873644828796
Starting label LEVI, seed 31, iteration 1470, time: 438.4843313694
Starting label LEVI, seed 31, iteration 1480, time: 442.39260244369507
Starting label LEVI, seed 31, iteration 1490, time: 446.47245359420776
Starting label LEVI, seed 31, iteration 1500, time: 450.58917808532715
Starting label LEVI, seed 31, iteration 1510, time: 454.7466332912445
Starting label LEVI, seed 31, iteration 1520, time: 458.7704679965973
Starting label LEVI, seed 31, iteration 1530, time: 462.8089337348938
Starting label LEVI, seed 31, iteration 1540, time: 467.0375232696533
Starting label LEVI, seed 31, iteration 1550, time: 471.1199667453766
Starting label LEVI, seed 31, iteration 1560, time: 475.2720310688019
Starting label LEVI, seed 31, iteration 1570, time: 479.57327580451965
Starting label LEVI, seed 31, iteration 1580, time: 483.7245981693268
Starting label LEVI, seed 31, iteration 1590, time: 487.9689543247223
Starting label LEVI, seed 31, iteration 1600, time: 492.1980948448181
Starting label LEVI, seed 31, iteration 1610, time: 496.65937757492065
Starting label LEVI, seed 31, iteration 1620, time: 501.2668225765228
Starting label LEVI, seed 31, iteration 1630, time: 505.75989508628845
Starting label LEVI, seed 31, iteration 1640, time: 510.1122601032257
Starting label LEVI, seed 31, iteration 1650, time: 514.8949286937714
Starting label LEVI, seed 31, iteration 1660, time: 519.3694379329681
Starting label LEVI, seed 31, iteration 1670, time: 523.9503290653229
Starting label LEVI, seed 31, iteration 1680, time: 528.6587872505188
Starting label LEVI, seed 31, iteration 1690, time: 533.5953533649445
Starting label LEVI, seed 31, iteration 1700, time: 538.547247171402
Starting label LEVI, seed 31, iteration 1710, time: 543.2583243846893
Starting label LEVI, seed 31, iteration 1720, time: 548.5728707313538
Starting label LEVI, seed 31, iteration 1730, time: 553.5832579135895
Starting label LEVI, seed 31, iteration 1740, time: 558.8725130558014
Starting label LEVI, seed 31, iteration 1750, time: 564.5502705574036
Starting label LEVI, seed 31, iteration 1760, time: 569.881331205368
Starting label LEVI, seed 31, iteration 1770, time: 575.1500787734985
Starting label LEVI, seed 31, iteration 1780, time: 580.4067931175232
Starting label LEVI, seed 31, iteration 1790, time: 585.326735496521
Starting label LEVI, seed 31, iteration 1800, time: 590.1676087379456
Starting label LEVI, seed 31, iteration 1810, time: 595.0465922355652
Starting label LEVI, seed 31, iteration 1820, time: 600.0497183799744
Starting label LEVI, seed 31, iteration 1830, time: 605.145468711853
Starting label LEVI, seed 31, iteration 1840, time: 610.1253068447113
Starting label LEVI, seed 31, iteration 1850, time: 615.332998752594
Starting label LEVI, seed 31, iteration 1860, time: 620.309490442276
Starting label LEVI, seed 31, iteration 1870, time: 625.4968402385712
Starting label LEVI, seed 31, iteration 1880, time: 630.7295405864716
Starting label LEVI, seed 31, iteration 1890, time: 636.0617594718933
Starting label LEVI, seed 31, iteration 1900, time: 641.140141248703
Starting label LEVI, seed 31, iteration 1910, time: 645.8901116847992
Starting label LEVI, seed 31, iteration 1920, time: 651.0361075401306
Starting label LEVI, seed 31, iteration 1930, time: 656.1330986022949
Starting label LEVI, seed 31, iteration 1940, time: 661.1720051765442
Starting label LEVI, seed 31, iteration 1950, time: 666.4119548797607
Starting label LEVI, seed 31, iteration 1960, time: 671.4505567550659
Starting label LEVI, seed 31, iteration 1970, time: 676.414208650589
Starting label LEVI, seed 31, iteration 1980, time: 681.5441937446594
Starting label LEVI, seed 31, iteration 1990, time: 686.8137221336365
submitit INFO (2022-10-01 23:47:58,170) - Job completed successfully
