submitit INFO (2022-10-02 04:32:13,651) - Starting with JobEnvironment(job_id=884079_1, hostname=rush-compute-01.tech.cornell.edu, local_rank=0(1), node=0(1), global_rank=0(1))
submitit INFO (2022-10-02 04:32:13,651) - Loading pickle: /home/gid-cakmaks/contextual_rs/experiments/wsc_experiments/logs/884079_1/884079_1_submitted.pkl
Appending iterations to existing output!Warning: If parameters other than `iterations` have been changed, this will corrupt the output!
Starting label LEVI, seed 91, iteration 350, time: 206.8285300731659
Starting label LEVI, seed 91, iteration 360, time: 212.913432598114
Starting label LEVI, seed 91, iteration 370, time: 218.9185757637024
Starting label LEVI, seed 91, iteration 380, time: 224.97119426727295
Starting label LEVI, seed 91, iteration 390, time: 231.2978870868683
Starting label LEVI, seed 91, iteration 400, time: 238.094544172287
Starting label LEVI, seed 91, iteration 410, time: 244.77997827529907
Starting label LEVI, seed 91, iteration 420, time: 251.61057472229004
Starting label LEVI, seed 91, iteration 430, time: 258.14209818840027
Starting label LEVI, seed 91, iteration 440, time: 264.86899518966675
Starting label LEVI, seed 91, iteration 450, time: 271.7651860713959
Starting label LEVI, seed 91, iteration 460, time: 278.72945952415466
Starting label LEVI, seed 91, iteration 470, time: 285.5865430831909
Starting label LEVI, seed 91, iteration 480, time: 292.33768796920776
Starting label LEVI, seed 91, iteration 490, time: 299.04007935523987
Starting label LEVI, seed 91, iteration 500, time: 305.7974843978882
Starting label LEVI, seed 91, iteration 510, time: 312.4262490272522
Starting label LEVI, seed 91, iteration 520, time: 319.3796169757843
Starting label LEVI, seed 91, iteration 530, time: 326.45375633239746
Starting label LEVI, seed 91, iteration 540, time: 333.0614609718323
Starting label LEVI, seed 91, iteration 550, time: 339.8042767047882
Starting label LEVI, seed 91, iteration 560, time: 346.68040704727173
Starting label LEVI, seed 91, iteration 570, time: 353.54246735572815
Starting label LEVI, seed 91, iteration 580, time: 360.5307958126068
Starting label LEVI, seed 91, iteration 590, time: 367.4213492870331
Starting label LEVI, seed 91, iteration 600, time: 374.311101436615
Starting label LEVI, seed 91, iteration 610, time: 380.9963095188141
Starting label LEVI, seed 91, iteration 620, time: 387.7329411506653
Starting label LEVI, seed 91, iteration 630, time: 394.5947542190552
Starting label LEVI, seed 91, iteration 640, time: 401.26381754875183
Starting label LEVI, seed 91, iteration 650, time: 407.97398376464844
Starting label LEVI, seed 91, iteration 660, time: 414.7601354122162
Starting label LEVI, seed 91, iteration 670, time: 421.2856357097626
Starting label LEVI, seed 91, iteration 680, time: 428.0132248401642
Starting label LEVI, seed 91, iteration 690, time: 434.84326457977295
Starting label LEVI, seed 91, iteration 700, time: 441.58792304992676
Starting label LEVI, seed 91, iteration 710, time: 448.0748338699341
Starting label LEVI, seed 91, iteration 720, time: 454.8364305496216
Starting label LEVI, seed 91, iteration 730, time: 461.82487297058105
Starting label LEVI, seed 91, iteration 740, time: 468.55457878112793
Starting label LEVI, seed 91, iteration 750, time: 475.24496698379517
Starting label LEVI, seed 91, iteration 760, time: 481.78225588798523
Starting label LEVI, seed 91, iteration 770, time: 488.2506844997406
Starting label LEVI, seed 91, iteration 780, time: 494.9612650871277
Starting label LEVI, seed 91, iteration 790, time: 501.67706823349
Starting label LEVI, seed 91, iteration 800, time: 508.3185257911682
Starting label LEVI, seed 91, iteration 810, time: 515.1776599884033
Starting label LEVI, seed 91, iteration 820, time: 521.973432302475
Starting label LEVI, seed 91, iteration 830, time: 528.818154335022
Starting label LEVI, seed 91, iteration 840, time: 535.7371711730957
Starting label LEVI, seed 91, iteration 850, time: 542.5738279819489
Starting label LEVI, seed 91, iteration 860, time: 549.399843454361
Starting label LEVI, seed 91, iteration 870, time: 556.3450388908386
Starting label LEVI, seed 91, iteration 880, time: 563.4022557735443
Starting label LEVI, seed 91, iteration 890, time: 570.2278804779053
Starting label LEVI, seed 91, iteration 900, time: 577.1944544315338
Starting label LEVI, seed 91, iteration 910, time: 584.3236382007599
Starting label LEVI, seed 91, iteration 920, time: 591.3554418087006
Starting label LEVI, seed 91, iteration 930, time: 598.6843023300171
Starting label LEVI, seed 91, iteration 940, time: 605.9000988006592
Starting label LEVI, seed 91, iteration 950, time: 613.354603767395
Starting label LEVI, seed 91, iteration 960, time: 620.5612542629242
Starting label LEVI, seed 91, iteration 970, time: 627.7627606391907
Starting label LEVI, seed 91, iteration 980, time: 634.9717931747437
Starting label LEVI, seed 91, iteration 990, time: 642.2593584060669
Starting label LEVI, seed 91, iteration 1000, time: 649.2605426311493
Starting label LEVI, seed 91, iteration 1010, time: 656.54470038414
Starting label LEVI, seed 91, iteration 1020, time: 663.8809185028076
Starting label LEVI, seed 91, iteration 1030, time: 671.2562038898468
Starting label LEVI, seed 91, iteration 1040, time: 678.722814321518
Starting label LEVI, seed 91, iteration 1050, time: 686.171849489212
Starting label LEVI, seed 91, iteration 1060, time: 693.775025844574
Starting label LEVI, seed 91, iteration 1070, time: 701.1894812583923
Starting label LEVI, seed 91, iteration 1080, time: 708.781542301178
Starting label LEVI, seed 91, iteration 1090, time: 716.1916093826294
Starting label LEVI, seed 91, iteration 1100, time: 724.1255252361298
Starting label LEVI, seed 91, iteration 1110, time: 731.5870201587677
Starting label LEVI, seed 91, iteration 1120, time: 739.2521431446075
Starting label LEVI, seed 91, iteration 1130, time: 746.3437488079071
Starting label LEVI, seed 91, iteration 1140, time: 753.6585056781769
Starting label LEVI, seed 91, iteration 1150, time: 760.8365178108215
Starting label LEVI, seed 91, iteration 1160, time: 768.3233435153961
Starting label LEVI, seed 91, iteration 1170, time: 775.7636423110962
Starting label LEVI, seed 91, iteration 1180, time: 783.3865480422974
Starting label LEVI, seed 91, iteration 1190, time: 791.0197901725769
Starting label LEVI, seed 91, iteration 1200, time: 798.5933873653412
Starting label LEVI, seed 91, iteration 1210, time: 806.0943610668182
Starting label LEVI, seed 91, iteration 1220, time: 816.3817024230957
Starting label LEVI, seed 91, iteration 1230, time: 823.7609255313873
Starting label LEVI, seed 91, iteration 1240, time: 831.7288298606873
Starting label LEVI, seed 91, iteration 1250, time: 839.6359887123108
Starting label LEVI, seed 91, iteration 1260, time: 847.4687931537628
Starting label LEVI, seed 91, iteration 1270, time: 855.4623425006866
Starting label LEVI, seed 91, iteration 1280, time: 863.089964389801
Starting label LEVI, seed 91, iteration 1290, time: 870.8873808383942
Starting label LEVI, seed 91, iteration 1300, time: 878.7715334892273
Starting label LEVI, seed 91, iteration 1310, time: 887.1179857254028
Starting label LEVI, seed 91, iteration 1320, time: 895.3960964679718
Starting label LEVI, seed 91, iteration 1330, time: 903.1717026233673
Starting label LEVI, seed 91, iteration 1340, time: 911.1194500923157
Starting label LEVI, seed 91, iteration 1350, time: 919.1540005207062
Starting label LEVI, seed 91, iteration 1360, time: 927.3022925853729
Starting label LEVI, seed 91, iteration 1370, time: 935.5057802200317
Starting label LEVI, seed 91, iteration 1380, time: 943.7638523578644
Starting label LEVI, seed 91, iteration 1390, time: 951.8777422904968
Starting label LEVI, seed 91, iteration 1400, time: 959.9987201690674
Starting label LEVI, seed 91, iteration 1410, time: 967.8142011165619
Starting label LEVI, seed 91, iteration 1420, time: 975.683251619339
Starting label LEVI, seed 91, iteration 1430, time: 983.8466210365295
Starting label LEVI, seed 91, iteration 1440, time: 991.925313949585
Starting label LEVI, seed 91, iteration 1450, time: 999.9926173686981
Starting label LEVI, seed 91, iteration 1460, time: 1007.7743203639984
Starting label LEVI, seed 91, iteration 1470, time: 1015.9540939331055
Starting label LEVI, seed 91, iteration 1480, time: 1024.3068888187408
Starting label LEVI, seed 91, iteration 1490, time: 1032.7696704864502
Starting label LEVI, seed 91, iteration 1500, time: 1041.5776932239532
Starting label LEVI, seed 91, iteration 1510, time: 1050.0574152469635
Starting label LEVI, seed 91, iteration 1520, time: 1058.5706796646118
Starting label LEVI, seed 91, iteration 1530, time: 1067.2458446025848
Starting label LEVI, seed 91, iteration 1540, time: 1075.6488633155823
Starting label LEVI, seed 91, iteration 1550, time: 1083.915032863617
Starting label LEVI, seed 91, iteration 1560, time: 1092.6196465492249
Starting label LEVI, seed 91, iteration 1570, time: 1101.1066844463348
Starting label LEVI, seed 91, iteration 1580, time: 1109.9362618923187
Starting label LEVI, seed 91, iteration 1590, time: 1118.7092144489288
Starting label LEVI, seed 91, iteration 1600, time: 1127.173513174057
Starting label LEVI, seed 91, iteration 1610, time: 1136.022985458374
Starting label LEVI, seed 91, iteration 1620, time: 1144.9124505519867
Starting label LEVI, seed 91, iteration 1630, time: 1153.7350311279297
Starting label LEVI, seed 91, iteration 1640, time: 1162.6456332206726
Starting label LEVI, seed 91, iteration 1650, time: 1172.3007671833038
Starting label LEVI, seed 91, iteration 1660, time: 1181.8684723377228
Starting label LEVI, seed 91, iteration 1670, time: 1191.3024978637695
Starting label LEVI, seed 91, iteration 1680, time: 1201.1413502693176
Starting label LEVI, seed 91, iteration 1690, time: 1210.519122838974
Starting label LEVI, seed 91, iteration 1700, time: 1219.6548776626587
Starting label LEVI, seed 91, iteration 1710, time: 1228.8004496097565
Starting label LEVI, seed 91, iteration 1720, time: 1238.1502273082733
Starting label LEVI, seed 91, iteration 1730, time: 1247.9675636291504
Starting label LEVI, seed 91, iteration 1740, time: 1257.5492429733276
Starting label LEVI, seed 91, iteration 1750, time: 1266.8305625915527
Starting label LEVI, seed 91, iteration 1760, time: 1276.2865688800812
Starting label LEVI, seed 91, iteration 1770, time: 1285.6494619846344
Starting label LEVI, seed 91, iteration 1780, time: 1295.1755020618439
Starting label LEVI, seed 91, iteration 1790, time: 1305.0242581367493
Starting label LEVI, seed 91, iteration 1800, time: 1314.445793390274
Starting label LEVI, seed 91, iteration 1810, time: 1324.3367054462433
Starting label LEVI, seed 91, iteration 1820, time: 1333.7514321804047
Starting label LEVI, seed 91, iteration 1830, time: 1343.8640654087067
Starting label LEVI, seed 91, iteration 1840, time: 1353.821637392044
Starting label LEVI, seed 91, iteration 1850, time: 1362.645075082779
Starting label LEVI, seed 91, iteration 1860, time: 1371.6502177715302
Starting label LEVI, seed 91, iteration 1870, time: 1380.533183336258
Starting label LEVI, seed 91, iteration 1880, time: 1389.7425029277802
Starting label LEVI, seed 91, iteration 1890, time: 1399.4725179672241
Starting label LEVI, seed 91, iteration 1900, time: 1409.2399394512177
Starting label LEVI, seed 91, iteration 1910, time: 1418.7143111228943
Starting label LEVI, seed 91, iteration 1920, time: 1428.1533687114716
Starting label LEVI, seed 91, iteration 1930, time: 1437.6219310760498
Starting label LEVI, seed 91, iteration 1940, time: 1447.1423740386963
Starting label LEVI, seed 91, iteration 1950, time: 1456.379938840866
Starting label LEVI, seed 91, iteration 1960, time: 1466.1161262989044
Starting label LEVI, seed 91, iteration 1970, time: 1475.3342168331146
Starting label LEVI, seed 91, iteration 1980, time: 1484.790832042694
Starting label LEVI, seed 91, iteration 1990, time: 1494.4520733356476
submitit INFO (2022-10-02 04:53:51,849) - Job completed successfully
