submitit INFO (2022-10-02 00:51:22,679) - Starting with JobEnvironment(job_id=883293_2, hostname=nikola-compute-03.cs.cornell.edu, local_rank=0(1), node=0(1), global_rank=0(1))
submitit INFO (2022-10-02 00:51:22,679) - Loading pickle: /home/gid-cakmaks/contextual_rs/experiments/wsc_experiments/logs/883293_2/883293_2_submitted.pkl
Starting label LEVI, seed 72, iteration 0, time: 0.0008594989776611328
Starting label LEVI, seed 72, iteration 10, time: 2.8097760677337646
Starting label LEVI, seed 72, iteration 20, time: 5.6903417110443115
Starting label LEVI, seed 72, iteration 30, time: 8.574065685272217
Starting label LEVI, seed 72, iteration 40, time: 11.451032876968384
Starting label LEVI, seed 72, iteration 50, time: 14.364338636398315
Starting label LEVI, seed 72, iteration 60, time: 17.3144211769104
Starting label LEVI, seed 72, iteration 70, time: 20.153811931610107
Starting label LEVI, seed 72, iteration 80, time: 23.040656566619873
Starting label LEVI, seed 72, iteration 90, time: 25.97731876373291
Starting label LEVI, seed 72, iteration 100, time: 29.050684690475464
Starting label LEVI, seed 72, iteration 110, time: 31.95282244682312
Starting label LEVI, seed 72, iteration 120, time: 35.05384349822998
Starting label LEVI, seed 72, iteration 130, time: 38.30464196205139
Starting label LEVI, seed 72, iteration 140, time: 41.614973068237305
Starting label LEVI, seed 72, iteration 150, time: 44.63710069656372
Starting label LEVI, seed 72, iteration 160, time: 47.72470283508301
Starting label LEVI, seed 72, iteration 170, time: 50.828641414642334
Starting label LEVI, seed 72, iteration 180, time: 53.895177364349365
Starting label LEVI, seed 72, iteration 190, time: 57.011492013931274
Starting label LEVI, seed 72, iteration 200, time: 59.932244062423706
Starting label LEVI, seed 72, iteration 210, time: 63.00977683067322
Starting label LEVI, seed 72, iteration 220, time: 66.23149299621582
Starting label LEVI, seed 72, iteration 230, time: 69.42832851409912
Starting label LEVI, seed 72, iteration 240, time: 72.47103810310364
Starting label LEVI, seed 72, iteration 250, time: 75.60658740997314
Starting label LEVI, seed 72, iteration 260, time: 78.82962203025818
Starting label LEVI, seed 72, iteration 270, time: 82.15114641189575
Starting label LEVI, seed 72, iteration 280, time: 85.3311562538147
Starting label LEVI, seed 72, iteration 290, time: 88.53861856460571
Starting label LEVI, seed 72, iteration 300, time: 91.87196373939514
Starting label LEVI, seed 72, iteration 310, time: 95.05935955047607
Starting label LEVI, seed 72, iteration 320, time: 98.28010678291321
Starting label LEVI, seed 72, iteration 330, time: 101.38055968284607
Starting label LEVI, seed 72, iteration 340, time: 104.52507591247559
Starting label LEVI, seed 72, iteration 350, time: 107.75263905525208
Starting label LEVI, seed 72, iteration 360, time: 110.92458939552307
Starting label LEVI, seed 72, iteration 370, time: 114.32952070236206
Starting label LEVI, seed 72, iteration 380, time: 117.51294016838074
Starting label LEVI, seed 72, iteration 390, time: 121.09057116508484
Starting label LEVI, seed 72, iteration 400, time: 124.65729784965515
Starting label LEVI, seed 72, iteration 410, time: 128.07837843894958
Starting label LEVI, seed 72, iteration 420, time: 131.54981875419617
Starting label LEVI, seed 72, iteration 430, time: 134.9116997718811
Starting label LEVI, seed 72, iteration 440, time: 138.49923181533813
Starting label LEVI, seed 72, iteration 450, time: 142.0566189289093
Starting label LEVI, seed 72, iteration 460, time: 145.78427052497864
Starting label LEVI, seed 72, iteration 470, time: 149.4519646167755
Starting label LEVI, seed 72, iteration 480, time: 153.1169776916504
Starting label LEVI, seed 72, iteration 490, time: 156.87620997428894
Starting label LEVI, seed 72, iteration 500, time: 160.56500577926636
Starting label LEVI, seed 72, iteration 510, time: 164.27065515518188
Starting label LEVI, seed 72, iteration 520, time: 167.95638394355774
Starting label LEVI, seed 72, iteration 530, time: 171.74907541275024
Starting label LEVI, seed 72, iteration 540, time: 175.56596899032593
Starting label LEVI, seed 72, iteration 550, time: 179.77935791015625
Starting label LEVI, seed 72, iteration 560, time: 183.67634844779968
Starting label LEVI, seed 72, iteration 570, time: 187.84474325180054
Starting label LEVI, seed 72, iteration 580, time: 192.09281468391418
Starting label LEVI, seed 72, iteration 590, time: 195.97166442871094
Starting label LEVI, seed 72, iteration 600, time: 199.91679453849792
Starting label LEVI, seed 72, iteration 610, time: 204.0603265762329
Starting label LEVI, seed 72, iteration 620, time: 208.37641096115112
Starting label LEVI, seed 72, iteration 630, time: 212.4797487258911
Starting label LEVI, seed 72, iteration 640, time: 216.86820793151855
Starting label LEVI, seed 72, iteration 650, time: 220.8404893875122
Starting label LEVI, seed 72, iteration 660, time: 225.4118297100067
Starting label LEVI, seed 72, iteration 670, time: 229.959890127182
Starting label LEVI, seed 72, iteration 680, time: 234.3610179424286
Starting label LEVI, seed 72, iteration 690, time: 238.88146305084229
Starting label LEVI, seed 72, iteration 700, time: 243.56849122047424
Starting label LEVI, seed 72, iteration 710, time: 248.07491993904114
Starting label LEVI, seed 72, iteration 720, time: 252.86728858947754
Starting label LEVI, seed 72, iteration 730, time: 257.5428695678711
Starting label LEVI, seed 72, iteration 740, time: 262.13205552101135
submitit WARNING (2022-10-02 00:55:52,019) - Bypassing signal SIGCONT
submitit WARNING (2022-10-02 00:55:52,023) - Bypassing signal SIGTERM
Starting label LEVI, seed 72, iteration 750, time: 266.88572692871094
Starting label LEVI, seed 72, iteration 760, time: 271.35162377357483
Starting label LEVI, seed 72, iteration 770, time: 275.94626092910767
Starting label LEVI, seed 72, iteration 780, time: 280.4404354095459
Starting label LEVI, seed 72, iteration 790, time: 285.2532241344452
Starting label LEVI, seed 72, iteration 800, time: 289.97776222229004
Starting label LEVI, seed 72, iteration 810, time: 295.06318736076355
