submitit INFO (2022-10-02 01:22:58,269) - Starting with JobEnvironment(job_id=883419_0, hostname=harpo.cs.cornell.edu, local_rank=0(1), node=0(1), global_rank=0(1))
submitit INFO (2022-10-02 01:22:58,270) - Loading pickle: /home/gid-cakmaks/contextual_rs/experiments/wsc_experiments/logs/883419_0/883419_0_submitted.pkl
Starting label LEVI, seed 0, iteration 0, time: 0.0008094310760498047
Starting label LEVI, seed 0, iteration 10, time: 5.300414323806763
Starting label LEVI, seed 0, iteration 20, time: 10.693037509918213
Starting label LEVI, seed 0, iteration 30, time: 16.232744455337524
Starting label LEVI, seed 0, iteration 40, time: 21.538524627685547
Starting label LEVI, seed 0, iteration 50, time: 26.82489824295044
Starting label LEVI, seed 0, iteration 60, time: 32.003241300582886
Starting label LEVI, seed 0, iteration 70, time: 37.47292160987854
Starting label LEVI, seed 0, iteration 80, time: 43.09869432449341
Starting label LEVI, seed 0, iteration 90, time: 48.802693367004395
Starting label LEVI, seed 0, iteration 100, time: 55.023021936416626
Starting label LEVI, seed 0, iteration 110, time: 61.123069524765015
Starting label LEVI, seed 0, iteration 120, time: 67.2339358329773
Starting label LEVI, seed 0, iteration 130, time: 73.27811980247498
Starting label LEVI, seed 0, iteration 140, time: 79.31908965110779
Starting label LEVI, seed 0, iteration 150, time: 84.94025254249573
Starting label LEVI, seed 0, iteration 160, time: 90.77300214767456
Starting label LEVI, seed 0, iteration 170, time: 96.44507384300232
Starting label LEVI, seed 0, iteration 180, time: 102.3529863357544
Starting label LEVI, seed 0, iteration 190, time: 108.4000916481018
Starting label LEVI, seed 0, iteration 200, time: 114.61005759239197
Starting label LEVI, seed 0, iteration 210, time: 120.7908706665039
Starting label LEVI, seed 0, iteration 220, time: 126.96798038482666
Starting label LEVI, seed 0, iteration 230, time: 133.18491053581238
Starting label LEVI, seed 0, iteration 240, time: 139.2623941898346
Starting label LEVI, seed 0, iteration 250, time: 145.40989208221436
Starting label LEVI, seed 0, iteration 260, time: 151.55897569656372
Starting label LEVI, seed 0, iteration 270, time: 157.64655947685242
Starting label LEVI, seed 0, iteration 280, time: 164.157461643219
Starting label LEVI, seed 0, iteration 290, time: 170.3664333820343
Starting label LEVI, seed 0, iteration 300, time: 176.74714350700378
Starting label LEVI, seed 0, iteration 310, time: 183.219740152359
Starting label LEVI, seed 0, iteration 320, time: 190.03167605400085
Starting label LEVI, seed 0, iteration 330, time: 196.5489137172699
Starting label LEVI, seed 0, iteration 340, time: 203.02531170845032
Starting label LEVI, seed 0, iteration 350, time: 209.85407829284668
Starting label LEVI, seed 0, iteration 360, time: 216.62739324569702
Starting label LEVI, seed 0, iteration 370, time: 223.41200160980225
Starting label LEVI, seed 0, iteration 380, time: 230.45690059661865
Starting label LEVI, seed 0, iteration 390, time: 237.61917090415955
Starting label LEVI, seed 0, iteration 400, time: 244.7070655822754
Starting label LEVI, seed 0, iteration 410, time: 251.997576713562
Starting label LEVI, seed 0, iteration 420, time: 259.0982201099396
Starting label LEVI, seed 0, iteration 430, time: 266.35306191444397
Starting label LEVI, seed 0, iteration 440, time: 273.5026288032532
Starting label LEVI, seed 0, iteration 450, time: 280.4607951641083
Starting label LEVI, seed 0, iteration 460, time: 287.32335209846497
Starting label LEVI, seed 0, iteration 470, time: 294.1244969367981
Starting label LEVI, seed 0, iteration 480, time: 301.13821744918823
Starting label LEVI, seed 0, iteration 490, time: 308.1832764148712
Starting label LEVI, seed 0, iteration 500, time: 315.22737216949463
Starting label LEVI, seed 0, iteration 510, time: 322.38465309143066
Starting label LEVI, seed 0, iteration 520, time: 329.3749244213104
Starting label LEVI, seed 0, iteration 530, time: 336.38174080848694
Starting label LEVI, seed 0, iteration 540, time: 343.3229007720947
Starting label LEVI, seed 0, iteration 550, time: 350.19652795791626
Starting label LEVI, seed 0, iteration 560, time: 357.11635971069336
Starting label LEVI, seed 0, iteration 570, time: 364.0190727710724
Starting label LEVI, seed 0, iteration 580, time: 370.893981218338
Starting label LEVI, seed 0, iteration 590, time: 378.0237741470337
Starting label LEVI, seed 0, iteration 600, time: 384.96562600135803
Starting label LEVI, seed 0, iteration 610, time: 391.99219703674316
Starting label LEVI, seed 0, iteration 620, time: 399.1782841682434
Starting label LEVI, seed 0, iteration 630, time: 406.23529958724976
Starting label LEVI, seed 0, iteration 640, time: 413.3970146179199
Starting label LEVI, seed 0, iteration 650, time: 420.51176714897156
Starting label LEVI, seed 0, iteration 660, time: 427.7596981525421
Starting label LEVI, seed 0, iteration 670, time: 434.88625931739807
Starting label LEVI, seed 0, iteration 680, time: 441.86639881134033
Starting label LEVI, seed 0, iteration 690, time: 448.8397943973541
Starting label LEVI, seed 0, iteration 700, time: 455.6614456176758
Starting label LEVI, seed 0, iteration 710, time: 462.7308475971222
Starting label LEVI, seed 0, iteration 720, time: 469.8578565120697
Starting label LEVI, seed 0, iteration 730, time: 476.906023979187
Starting label LEVI, seed 0, iteration 740, time: 483.9895062446594
Starting label LEVI, seed 0, iteration 750, time: 491.02737498283386
Starting label LEVI, seed 0, iteration 760, time: 498.0357463359833
Starting label LEVI, seed 0, iteration 770, time: 505.5105655193329
Starting label LEVI, seed 0, iteration 780, time: 513.2784447669983
Starting label LEVI, seed 0, iteration 790, time: 521.1211838722229
Starting label LEVI, seed 0, iteration 800, time: 528.6984493732452
Starting label LEVI, seed 0, iteration 810, time: 536.0287482738495
Starting label LEVI, seed 0, iteration 820, time: 543.4212877750397
Starting label LEVI, seed 0, iteration 830, time: 550.9473090171814
Starting label LEVI, seed 0, iteration 840, time: 558.6127247810364
Starting label LEVI, seed 0, iteration 850, time: 566.1722104549408
Starting label LEVI, seed 0, iteration 860, time: 573.9645705223083
Starting label LEVI, seed 0, iteration 870, time: 581.5918521881104
Starting label LEVI, seed 0, iteration 880, time: 589.0760672092438
Starting label LEVI, seed 0, iteration 890, time: 596.6219220161438
Starting label LEVI, seed 0, iteration 900, time: 604.0022475719452
Starting label LEVI, seed 0, iteration 910, time: 611.2920258045197
Starting label LEVI, seed 0, iteration 920, time: 618.6736974716187
Starting label LEVI, seed 0, iteration 930, time: 626.1788189411163
Starting label LEVI, seed 0, iteration 940, time: 633.5378499031067
Starting label LEVI, seed 0, iteration 950, time: 641.0499119758606
Starting label LEVI, seed 0, iteration 960, time: 648.5993394851685
Starting label LEVI, seed 0, iteration 970, time: 656.4226729869843
Starting label LEVI, seed 0, iteration 980, time: 664.235710144043
Starting label LEVI, seed 0, iteration 990, time: 672.2748336791992
Starting label LEVI, seed 0, iteration 1000, time: 680.6776058673859
Starting label LEVI, seed 0, iteration 1010, time: 689.5659022331238
Starting label LEVI, seed 0, iteration 1020, time: 698.7931962013245
Starting label LEVI, seed 0, iteration 1030, time: 708.4273195266724
Starting label LEVI, seed 0, iteration 1040, time: 717.9916226863861
Starting label LEVI, seed 0, iteration 1050, time: 727.0532264709473
Starting label LEVI, seed 0, iteration 1060, time: 736.6902983188629
Starting label LEVI, seed 0, iteration 1070, time: 745.474760055542
Starting label LEVI, seed 0, iteration 1080, time: 754.1188611984253
Starting label LEVI, seed 0, iteration 1090, time: 762.2781291007996
Starting label LEVI, seed 0, iteration 1100, time: 770.7225661277771
Starting label LEVI, seed 0, iteration 1110, time: 778.8941867351532
Starting label LEVI, seed 0, iteration 1120, time: 787.7293810844421
Starting label LEVI, seed 0, iteration 1130, time: 796.3466823101044
Starting label LEVI, seed 0, iteration 1140, time: 805.2517695426941
Starting label LEVI, seed 0, iteration 1150, time: 814.0117008686066
Starting label LEVI, seed 0, iteration 1160, time: 822.64812707901
Starting label LEVI, seed 0, iteration 1170, time: 831.2474043369293
Starting label LEVI, seed 0, iteration 1180, time: 840.050112247467
Starting label LEVI, seed 0, iteration 1190, time: 848.6135652065277
Starting label LEVI, seed 0, iteration 1200, time: 857.8298351764679
Starting label LEVI, seed 0, iteration 1210, time: 866.9497592449188
Starting label LEVI, seed 0, iteration 1220, time: 876.3852913379669
Starting label LEVI, seed 0, iteration 1230, time: 885.3507723808289
Starting label LEVI, seed 0, iteration 1240, time: 894.4419617652893
Starting label LEVI, seed 0, iteration 1250, time: 903.3747265338898
Starting label LEVI, seed 0, iteration 1260, time: 912.2945580482483
Starting label LEVI, seed 0, iteration 1270, time: 920.8319387435913
Starting label LEVI, seed 0, iteration 1280, time: 929.8944828510284
Starting label LEVI, seed 0, iteration 1290, time: 938.8385796546936
Starting label LEVI, seed 0, iteration 1300, time: 947.5960836410522
Starting label LEVI, seed 0, iteration 1310, time: 956.1233460903168
Starting label LEVI, seed 0, iteration 1320, time: 965.2902805805206
Starting label LEVI, seed 0, iteration 1330, time: 973.9534947872162
Starting label LEVI, seed 0, iteration 1340, time: 983.1461868286133
Starting label LEVI, seed 0, iteration 1350, time: 991.8578546047211
Starting label LEVI, seed 0, iteration 1360, time: 1001.2559816837311
Starting label LEVI, seed 0, iteration 1370, time: 1010.038605928421
Starting label LEVI, seed 0, iteration 1380, time: 1019.1508741378784
Starting label LEVI, seed 0, iteration 1390, time: 1028.1738772392273
Starting label LEVI, seed 0, iteration 1400, time: 1036.5966212749481
Starting label LEVI, seed 0, iteration 1410, time: 1045.4891114234924
Starting label LEVI, seed 0, iteration 1420, time: 1055.0472123622894
Starting label LEVI, seed 0, iteration 1430, time: 1064.7122118473053
Starting label LEVI, seed 0, iteration 1440, time: 1073.5552785396576
Starting label LEVI, seed 0, iteration 1450, time: 1082.71666097641
Starting label LEVI, seed 0, iteration 1460, time: 1091.9796431064606
Starting label LEVI, seed 0, iteration 1470, time: 1100.678872346878
Starting label LEVI, seed 0, iteration 1480, time: 1109.3728196620941
Starting label LEVI, seed 0, iteration 1490, time: 1118.1931612491608
Starting label LEVI, seed 0, iteration 1500, time: 1127.3877048492432
Starting label LEVI, seed 0, iteration 1510, time: 1136.8562870025635
Starting label LEVI, seed 0, iteration 1520, time: 1147.2320566177368
Starting label LEVI, seed 0, iteration 1530, time: 1156.7497670650482
Starting label LEVI, seed 0, iteration 1540, time: 1166.5273599624634
Starting label LEVI, seed 0, iteration 1550, time: 1175.9002418518066
Starting label LEVI, seed 0, iteration 1560, time: 1184.7383873462677
Starting label LEVI, seed 0, iteration 1570, time: 1193.4867753982544
Starting label LEVI, seed 0, iteration 1580, time: 1203.4990780353546
Starting label LEVI, seed 0, iteration 1590, time: 1213.4767920970917
Starting label LEVI, seed 0, iteration 1600, time: 1223.2272579669952
Starting label LEVI, seed 0, iteration 1610, time: 1232.545855998993
Starting label LEVI, seed 0, iteration 1620, time: 1241.7336311340332
Starting label LEVI, seed 0, iteration 1630, time: 1251.1162705421448
Starting label LEVI, seed 0, iteration 1640, time: 1261.2062771320343
Starting label LEVI, seed 0, iteration 1650, time: 1272.1457841396332
Starting label LEVI, seed 0, iteration 1660, time: 1282.7626473903656
Starting label LEVI, seed 0, iteration 1670, time: 1293.154761314392
Starting label LEVI, seed 0, iteration 1680, time: 1303.4847309589386
Starting label LEVI, seed 0, iteration 1690, time: 1313.3884167671204
Starting label LEVI, seed 0, iteration 1700, time: 1323.9526617527008
Starting label LEVI, seed 0, iteration 1710, time: 1334.8853833675385
Starting label LEVI, seed 0, iteration 1720, time: 1345.5810678005219
Starting label LEVI, seed 0, iteration 1730, time: 1355.610678911209
Starting label LEVI, seed 0, iteration 1740, time: 1365.8143365383148
Starting label LEVI, seed 0, iteration 1750, time: 1375.8670279979706
Starting label LEVI, seed 0, iteration 1760, time: 1386.3652548789978
Starting label LEVI, seed 0, iteration 1770, time: 1396.4173460006714
Starting label LEVI, seed 0, iteration 1780, time: 1406.5499835014343
Starting label LEVI, seed 0, iteration 1790, time: 1416.551897764206
Starting label LEVI, seed 0, iteration 1800, time: 1426.8701629638672
Starting label LEVI, seed 0, iteration 1810, time: 1437.594762802124
Starting label LEVI, seed 0, iteration 1820, time: 1447.9957025051117
Starting label LEVI, seed 0, iteration 1830, time: 1458.0633749961853
Starting label LEVI, seed 0, iteration 1840, time: 1469.0776693820953
Starting label LEVI, seed 0, iteration 1850, time: 1480.3519489765167
Starting label LEVI, seed 0, iteration 1860, time: 1492.214008808136
Starting label LEVI, seed 0, iteration 1870, time: 1503.2556173801422
Starting label LEVI, seed 0, iteration 1880, time: 1514.2579898834229
Starting label LEVI, seed 0, iteration 1890, time: 1524.6719827651978
Starting label LEVI, seed 0, iteration 1900, time: 1534.8014464378357
Starting label LEVI, seed 0, iteration 1910, time: 1545.4786098003387
Starting label LEVI, seed 0, iteration 1920, time: 1555.8627381324768
Starting label LEVI, seed 0, iteration 1930, time: 1566.6610634326935
Starting label LEVI, seed 0, iteration 1940, time: 1577.029258966446
submitit WARNING (2022-10-02 01:49:22,409) - Bypassing signal SIGCONT
submitit WARNING (2022-10-02 01:49:22,411) - Bypassing signal SIGTERM
Starting label LEVI, seed 0, iteration 1950, time: 1587.7204775810242
Starting label LEVI, seed 0, iteration 1960, time: 1598.573430299759
Starting label LEVI, seed 0, iteration 1970, time: 1608.9795925617218
