submitit INFO (2022-10-02 01:49:55,629) - Starting with JobEnvironment(job_id=883520_6, hostname=g2-compute-97.coecis.cornell.edu, local_rank=0(1), node=0(1), global_rank=0(1))
submitit INFO (2022-10-02 01:49:55,629) - Loading pickle: /home/gid-cakmaks/contextual_rs/experiments/wsc_experiments/logs/883520_6/883520_6_submitted.pkl
Starting label LEVI, seed 6, iteration 0, time: 0.0002346038818359375
Starting label LEVI, seed 6, iteration 10, time: 4.354336738586426
Starting label LEVI, seed 6, iteration 20, time: 8.619144439697266
Starting label LEVI, seed 6, iteration 30, time: 12.836978912353516
Starting label LEVI, seed 6, iteration 40, time: 17.077333688735962
Starting label LEVI, seed 6, iteration 50, time: 21.563773155212402
Starting label LEVI, seed 6, iteration 60, time: 26.74808692932129
Starting label LEVI, seed 6, iteration 70, time: 31.12006378173828
Starting label LEVI, seed 6, iteration 80, time: 35.53614783287048
Starting label LEVI, seed 6, iteration 90, time: 40.039639949798584
Starting label LEVI, seed 6, iteration 100, time: 44.775914430618286
Starting label LEVI, seed 6, iteration 110, time: 49.645251989364624
Starting label LEVI, seed 6, iteration 120, time: 54.64008021354675
Starting label LEVI, seed 6, iteration 130, time: 59.5945987701416
Starting label LEVI, seed 6, iteration 140, time: 64.80177521705627
Starting label LEVI, seed 6, iteration 150, time: 70.1122875213623
Starting label LEVI, seed 6, iteration 160, time: 75.30367064476013
Starting label LEVI, seed 6, iteration 170, time: 80.56921887397766
Starting label LEVI, seed 6, iteration 180, time: 85.83387899398804
Starting label LEVI, seed 6, iteration 190, time: 91.03739523887634
Starting label LEVI, seed 6, iteration 200, time: 96.50545072555542
Starting label LEVI, seed 6, iteration 210, time: 101.74042868614197
Starting label LEVI, seed 6, iteration 220, time: 106.87411522865295
Starting label LEVI, seed 6, iteration 230, time: 112.24266839027405
Starting label LEVI, seed 6, iteration 240, time: 117.65037727355957
Starting label LEVI, seed 6, iteration 250, time: 123.27262449264526
Starting label LEVI, seed 6, iteration 260, time: 129.4902138710022
Starting label LEVI, seed 6, iteration 270, time: 134.8203420639038
Starting label LEVI, seed 6, iteration 280, time: 140.10919618606567
Starting label LEVI, seed 6, iteration 290, time: 145.04218935966492
Starting label LEVI, seed 6, iteration 300, time: 150.39858269691467
Starting label LEVI, seed 6, iteration 310, time: 155.85052704811096
Starting label LEVI, seed 6, iteration 320, time: 161.52896738052368
Starting label LEVI, seed 6, iteration 330, time: 166.93293571472168
Starting label LEVI, seed 6, iteration 340, time: 172.18584871292114
Starting label LEVI, seed 6, iteration 350, time: 177.71748399734497
Starting label LEVI, seed 6, iteration 360, time: 183.411137342453
Starting label LEVI, seed 6, iteration 370, time: 188.9407229423523
Starting label LEVI, seed 6, iteration 380, time: 195.61629152297974
Starting label LEVI, seed 6, iteration 390, time: 201.90462803840637
Starting label LEVI, seed 6, iteration 400, time: 208.15297198295593
Starting label LEVI, seed 6, iteration 410, time: 214.14120745658875
Starting label LEVI, seed 6, iteration 420, time: 220.46079635620117
Starting label LEVI, seed 6, iteration 430, time: 226.43966007232666
Starting label LEVI, seed 6, iteration 440, time: 232.36705231666565
Starting label LEVI, seed 6, iteration 450, time: 238.18637943267822
Starting label LEVI, seed 6, iteration 460, time: 244.49790358543396
Starting label LEVI, seed 6, iteration 470, time: 250.24494647979736
Starting label LEVI, seed 6, iteration 480, time: 256.14725518226624
Starting label LEVI, seed 6, iteration 490, time: 262.839515209198
Starting label LEVI, seed 6, iteration 500, time: 268.7990438938141
Starting label LEVI, seed 6, iteration 510, time: 274.76798939704895
Starting label LEVI, seed 6, iteration 520, time: 280.7412931919098
Starting label LEVI, seed 6, iteration 530, time: 286.8225066661835
Starting label LEVI, seed 6, iteration 540, time: 292.9664626121521
Starting label LEVI, seed 6, iteration 550, time: 298.83120799064636
Starting label LEVI, seed 6, iteration 560, time: 304.8330411911011
Starting label LEVI, seed 6, iteration 570, time: 310.7230041027069
submitit WARNING (2022-10-02 01:55:12,454) - Bypassing signal SIGCONT
submitit WARNING (2022-10-02 01:55:12,463) - Bypassing signal SIGTERM
Starting label LEVI, seed 6, iteration 580, time: 316.61789727211
Starting label LEVI, seed 6, iteration 590, time: 322.52194929122925
Starting label LEVI, seed 6, iteration 600, time: 328.31049132347107
Starting label LEVI, seed 6, iteration 610, time: 334.0841808319092
Starting label LEVI, seed 6, iteration 620, time: 340.34386801719666
