submitit INFO (2022-10-02 03:22:35,083) - Starting with JobEnvironment(job_id=883884_1, hostname=g2-compute-97.coecis.cornell.edu, local_rank=0(1), node=0(1), global_rank=0(1))
submitit INFO (2022-10-02 03:22:35,084) - Loading pickle: /home/gid-cakmaks/contextual_rs/experiments/wsc_experiments/logs/883884_1/883884_1_submitted.pkl
Starting label LEVI, seed 91, iteration 0, time: 0.001528024673461914
Starting label LEVI, seed 91, iteration 10, time: 2.214851140975952
Starting label LEVI, seed 91, iteration 20, time: 4.373915910720825
Starting label LEVI, seed 91, iteration 30, time: 6.650479316711426
Starting label LEVI, seed 91, iteration 40, time: 9.033040761947632
Starting label LEVI, seed 91, iteration 50, time: 11.324763536453247
Starting label LEVI, seed 91, iteration 60, time: 13.64531946182251
Starting label LEVI, seed 91, iteration 70, time: 15.900131225585938
Starting label LEVI, seed 91, iteration 80, time: 18.17355751991272
Starting label LEVI, seed 91, iteration 90, time: 20.464304208755493
Starting label LEVI, seed 91, iteration 100, time: 22.778480768203735
Starting label LEVI, seed 91, iteration 110, time: 25.082204818725586
Starting label LEVI, seed 91, iteration 120, time: 27.401378393173218
Starting label LEVI, seed 91, iteration 130, time: 29.79732322692871
Starting label LEVI, seed 91, iteration 140, time: 32.24616241455078
Starting label LEVI, seed 91, iteration 150, time: 34.65442156791687
Starting label LEVI, seed 91, iteration 160, time: 37.16386842727661
Starting label LEVI, seed 91, iteration 170, time: 39.62114214897156
Starting label LEVI, seed 91, iteration 180, time: 42.0270516872406
Starting label LEVI, seed 91, iteration 190, time: 44.490983724594116
Starting label LEVI, seed 91, iteration 200, time: 46.87562394142151
Starting label LEVI, seed 91, iteration 210, time: 49.310646057128906
Starting label LEVI, seed 91, iteration 220, time: 51.7073540687561
Starting label LEVI, seed 91, iteration 230, time: 54.23921346664429
Starting label LEVI, seed 91, iteration 240, time: 56.6992871761322
Starting label LEVI, seed 91, iteration 250, time: 59.25300073623657
Starting label LEVI, seed 91, iteration 260, time: 61.773383378982544
Starting label LEVI, seed 91, iteration 270, time: 64.30017852783203
Starting label LEVI, seed 91, iteration 280, time: 66.87610578536987
Starting label LEVI, seed 91, iteration 290, time: 69.45508313179016
Starting label LEVI, seed 91, iteration 300, time: 72.01067161560059
Starting label LEVI, seed 91, iteration 310, time: 74.777174949646
Starting label LEVI, seed 91, iteration 320, time: 77.52397656440735
Starting label LEVI, seed 91, iteration 330, time: 80.28794598579407
Starting label LEVI, seed 91, iteration 340, time: 83.05278301239014
Starting label LEVI, seed 91, iteration 350, time: 85.80912041664124
Starting label LEVI, seed 91, iteration 360, time: 88.72097063064575
Starting label LEVI, seed 91, iteration 370, time: 91.71652221679688
Starting label LEVI, seed 91, iteration 380, time: 94.73918414115906
Starting label LEVI, seed 91, iteration 390, time: 97.92840814590454
Starting label LEVI, seed 91, iteration 400, time: 100.96229362487793
Starting label LEVI, seed 91, iteration 410, time: 104.06215190887451
Starting label LEVI, seed 91, iteration 420, time: 107.06685328483582
Starting label LEVI, seed 91, iteration 430, time: 110.32702708244324
Starting label LEVI, seed 91, iteration 440, time: 113.59980869293213
Starting label LEVI, seed 91, iteration 450, time: 116.75170183181763
Starting label LEVI, seed 91, iteration 460, time: 120.15384221076965
Starting label LEVI, seed 91, iteration 470, time: 123.75509119033813
Starting label LEVI, seed 91, iteration 480, time: 127.19689726829529
Starting label LEVI, seed 91, iteration 490, time: 130.78408026695251
Starting label LEVI, seed 91, iteration 500, time: 134.38436675071716
submitit WARNING (2022-10-02 03:24:53,494) - Bypassing signal SIGCONT
submitit WARNING (2022-10-02 03:24:53,553) - Bypassing signal SIGTERM
Starting label LEVI, seed 91, iteration 510, time: 138.3320074081421
Starting label LEVI, seed 91, iteration 520, time: 142.08092498779297
Starting label LEVI, seed 91, iteration 530, time: 145.8450803756714
Starting label LEVI, seed 91, iteration 540, time: 149.8777735233307
Starting label LEVI, seed 91, iteration 550, time: 153.67029738426208
Starting label LEVI, seed 91, iteration 560, time: 157.50909543037415
Starting label LEVI, seed 91, iteration 570, time: 161.80186820030212
