submitit INFO (2022-10-02 01:49:59,537) - Starting with JobEnvironment(job_id=883540_3, hostname=joachims-compute-02.cs.cornell.edu, local_rank=0(1), node=0(1), global_rank=0(1))
submitit INFO (2022-10-02 01:49:59,537) - Loading pickle: /home/gid-cakmaks/contextual_rs/experiments/wsc_experiments/logs/883540_3/883540_3_submitted.pkl
Starting label LEVI, seed 23, iteration 0, time: 0.0005025863647460938
Starting label LEVI, seed 23, iteration 10, time: 5.078769207000732
Starting label LEVI, seed 23, iteration 20, time: 10.0706946849823
Starting label LEVI, seed 23, iteration 30, time: 14.94760251045227
Starting label LEVI, seed 23, iteration 40, time: 19.845192909240723
Starting label LEVI, seed 23, iteration 50, time: 24.825906991958618
Starting label LEVI, seed 23, iteration 60, time: 29.764012336730957
Starting label LEVI, seed 23, iteration 70, time: 34.88059639930725
Starting label LEVI, seed 23, iteration 80, time: 39.943806409835815
Starting label LEVI, seed 23, iteration 90, time: 45.221023082733154
Starting label LEVI, seed 23, iteration 100, time: 50.4723744392395
Starting label LEVI, seed 23, iteration 110, time: 55.784767389297485
Starting label LEVI, seed 23, iteration 120, time: 61.317360162734985
Starting label LEVI, seed 23, iteration 130, time: 66.92445802688599
Starting label LEVI, seed 23, iteration 140, time: 72.24912929534912
Starting label LEVI, seed 23, iteration 150, time: 77.7157793045044
Starting label LEVI, seed 23, iteration 160, time: 82.9626977443695
Starting label LEVI, seed 23, iteration 170, time: 88.19448781013489
Starting label LEVI, seed 23, iteration 180, time: 93.78567624092102
Starting label LEVI, seed 23, iteration 190, time: 99.22704982757568
Starting label LEVI, seed 23, iteration 200, time: 104.1410927772522
Starting label LEVI, seed 23, iteration 210, time: 109.62287282943726
Starting label LEVI, seed 23, iteration 220, time: 115.09260535240173
Starting label LEVI, seed 23, iteration 230, time: 120.79165410995483
Starting label LEVI, seed 23, iteration 240, time: 126.56794762611389
Starting label LEVI, seed 23, iteration 250, time: 132.38402724266052
Starting label LEVI, seed 23, iteration 260, time: 138.06302070617676
Starting label LEVI, seed 23, iteration 270, time: 143.60732913017273
Starting label LEVI, seed 23, iteration 280, time: 149.54640245437622
Starting label LEVI, seed 23, iteration 290, time: 155.8479404449463
Starting label LEVI, seed 23, iteration 300, time: 162.11814141273499
Starting label LEVI, seed 23, iteration 310, time: 168.23780226707458
Starting label LEVI, seed 23, iteration 320, time: 174.26945781707764
Starting label LEVI, seed 23, iteration 330, time: 180.42112636566162
Starting label LEVI, seed 23, iteration 340, time: 186.61315846443176
Starting label LEVI, seed 23, iteration 350, time: 192.69353890419006
Starting label LEVI, seed 23, iteration 360, time: 198.95393991470337
Starting label LEVI, seed 23, iteration 370, time: 205.15399551391602
Starting label LEVI, seed 23, iteration 380, time: 211.44049501419067
Starting label LEVI, seed 23, iteration 390, time: 217.8457760810852
Starting label LEVI, seed 23, iteration 400, time: 224.53983211517334
Starting label LEVI, seed 23, iteration 410, time: 231.00267696380615
Starting label LEVI, seed 23, iteration 420, time: 237.45638751983643
Starting label LEVI, seed 23, iteration 430, time: 244.0300579071045
Starting label LEVI, seed 23, iteration 440, time: 250.49467182159424
Starting label LEVI, seed 23, iteration 450, time: 257.04665446281433
Starting label LEVI, seed 23, iteration 460, time: 263.5720031261444
Starting label LEVI, seed 23, iteration 470, time: 270.1131908893585
Starting label LEVI, seed 23, iteration 480, time: 276.57319164276123
Starting label LEVI, seed 23, iteration 490, time: 282.8653209209442
Starting label LEVI, seed 23, iteration 500, time: 289.18797874450684
Starting label LEVI, seed 23, iteration 510, time: 295.68602871894836
Starting label LEVI, seed 23, iteration 520, time: 302.3015248775482
Starting label LEVI, seed 23, iteration 530, time: 308.865859746933
submitit WARNING (2022-10-02 01:55:12,459) - Bypassing signal SIGCONT
submitit WARNING (2022-10-02 01:55:12,541) - Bypassing signal SIGTERM
Starting label LEVI, seed 23, iteration 540, time: 315.67358231544495
Starting label LEVI, seed 23, iteration 550, time: 322.07649183273315
Starting label LEVI, seed 23, iteration 560, time: 328.9108376502991
Starting label LEVI, seed 23, iteration 570, time: 335.52981996536255
