submitit INFO (2022-10-02 01:49:55,638) - Starting with JobEnvironment(job_id=883520_8, hostname=g2-compute-96.coecis.cornell.edu, local_rank=0(1), node=0(1), global_rank=0(1))
submitit INFO (2022-10-02 01:49:55,638) - Loading pickle: /home/gid-cakmaks/contextual_rs/experiments/wsc_experiments/logs/883520_8/883520_8_submitted.pkl
Starting label LEVI, seed 8, iteration 0, time: 0.0015497207641601562
Starting label LEVI, seed 8, iteration 10, time: 4.447298526763916
Starting label LEVI, seed 8, iteration 20, time: 8.813070297241211
Starting label LEVI, seed 8, iteration 30, time: 13.09289002418518
Starting label LEVI, seed 8, iteration 40, time: 17.38019824028015
Starting label LEVI, seed 8, iteration 50, time: 21.79680848121643
Starting label LEVI, seed 8, iteration 60, time: 26.367570877075195
Starting label LEVI, seed 8, iteration 70, time: 31.21749234199524
Starting label LEVI, seed 8, iteration 80, time: 35.838993310928345
Starting label LEVI, seed 8, iteration 90, time: 40.64723539352417
Starting label LEVI, seed 8, iteration 100, time: 45.799381494522095
Starting label LEVI, seed 8, iteration 110, time: 51.60956358909607
Starting label LEVI, seed 8, iteration 120, time: 57.22904706001282
Starting label LEVI, seed 8, iteration 130, time: 62.17603158950806
Starting label LEVI, seed 8, iteration 140, time: 67.25586032867432
Starting label LEVI, seed 8, iteration 150, time: 72.1681215763092
Starting label LEVI, seed 8, iteration 160, time: 77.13036775588989
Starting label LEVI, seed 8, iteration 170, time: 82.48448610305786
Starting label LEVI, seed 8, iteration 180, time: 87.95631980895996
Starting label LEVI, seed 8, iteration 190, time: 93.29821062088013
Starting label LEVI, seed 8, iteration 200, time: 98.82986974716187
Starting label LEVI, seed 8, iteration 210, time: 104.31764459609985
Starting label LEVI, seed 8, iteration 220, time: 109.8463966846466
Starting label LEVI, seed 8, iteration 230, time: 115.47302174568176
Starting label LEVI, seed 8, iteration 240, time: 121.05429100990295
Starting label LEVI, seed 8, iteration 250, time: 126.38192009925842
Starting label LEVI, seed 8, iteration 260, time: 131.884024143219
Starting label LEVI, seed 8, iteration 270, time: 137.30222249031067
Starting label LEVI, seed 8, iteration 280, time: 142.914715051651
Starting label LEVI, seed 8, iteration 290, time: 148.58322644233704
Starting label LEVI, seed 8, iteration 300, time: 154.13950276374817
Starting label LEVI, seed 8, iteration 310, time: 159.79069876670837
Starting label LEVI, seed 8, iteration 320, time: 165.91974759101868
Starting label LEVI, seed 8, iteration 330, time: 171.540194272995
Starting label LEVI, seed 8, iteration 340, time: 177.22429060935974
Starting label LEVI, seed 8, iteration 350, time: 182.89489340782166
Starting label LEVI, seed 8, iteration 360, time: 188.8143413066864
Starting label LEVI, seed 8, iteration 370, time: 194.60685420036316
Starting label LEVI, seed 8, iteration 380, time: 200.4706997871399
Starting label LEVI, seed 8, iteration 390, time: 206.36654806137085
Starting label LEVI, seed 8, iteration 400, time: 212.2593548297882
Starting label LEVI, seed 8, iteration 410, time: 217.99093675613403
Starting label LEVI, seed 8, iteration 420, time: 223.81452775001526
Starting label LEVI, seed 8, iteration 430, time: 229.92561411857605
Starting label LEVI, seed 8, iteration 440, time: 236.24677801132202
Starting label LEVI, seed 8, iteration 450, time: 241.82744979858398
Starting label LEVI, seed 8, iteration 460, time: 247.55980825424194
Starting label LEVI, seed 8, iteration 470, time: 253.37416076660156
Starting label LEVI, seed 8, iteration 480, time: 259.0514340400696
Starting label LEVI, seed 8, iteration 490, time: 264.8634901046753
Starting label LEVI, seed 8, iteration 500, time: 270.78962326049805
Starting label LEVI, seed 8, iteration 510, time: 277.19637513160706
Starting label LEVI, seed 8, iteration 520, time: 283.67729663848877
Starting label LEVI, seed 8, iteration 530, time: 290.3323287963867
Starting label LEVI, seed 8, iteration 540, time: 297.1762182712555
Starting label LEVI, seed 8, iteration 550, time: 303.5717008113861
Starting label LEVI, seed 8, iteration 560, time: 309.6663188934326
submitit WARNING (2022-10-02 01:55:12,450) - Bypassing signal SIGCONT
submitit WARNING (2022-10-02 01:55:12,457) - Bypassing signal SIGTERM
Starting label LEVI, seed 8, iteration 570, time: 316.082585811615
Starting label LEVI, seed 8, iteration 580, time: 322.4347457885742
Starting label LEVI, seed 8, iteration 590, time: 329.0777750015259
Starting label LEVI, seed 8, iteration 600, time: 335.28263449668884
Starting label LEVI, seed 8, iteration 610, time: 341.49968671798706
