submitit INFO (2022-10-02 02:24:47,637) - Starting with JobEnvironment(job_id=883698_1, hostname=nikola-compute-04.cs.cornell.edu, local_rank=0(1), node=0(1), global_rank=0(1))
submitit INFO (2022-10-02 02:24:47,637) - Loading pickle: /home/gid-cakmaks/contextual_rs/experiments/wsc_experiments/logs/883698_1/883698_1_submitted.pkl
Appending iterations to existing output!Warning: If parameters other than `iterations` have been changed, this will corrupt the output!
Starting label LEVI, seed 33, iteration 1800, time: 1564.389362335205
Starting label LEVI, seed 33, iteration 1810, time: 1582.3041198253632
Starting label LEVI, seed 33, iteration 1820, time: 1597.1747965812683
Starting label LEVI, seed 33, iteration 1830, time: 1612.241289615631
Starting label LEVI, seed 33, iteration 1840, time: 1631.1222021579742
Starting label LEVI, seed 33, iteration 1850, time: 1644.220047235489
Starting label LEVI, seed 33, iteration 1860, time: 1661.421308517456
Starting label LEVI, seed 33, iteration 1870, time: 1675.3058972358704
Starting label LEVI, seed 33, iteration 1880, time: 1689.3028738498688
Starting label LEVI, seed 33, iteration 1890, time: 1710.9722986221313
Starting label LEVI, seed 33, iteration 1900, time: 1725.2128973007202
Starting label LEVI, seed 33, iteration 1910, time: 1740.2302272319794
Starting label LEVI, seed 33, iteration 1920, time: 1756.1960980892181
Starting label LEVI, seed 33, iteration 1930, time: 1772.3461210727692
Starting label LEVI, seed 33, iteration 1940, time: 1792.7983572483063
Starting label LEVI, seed 33, iteration 1950, time: 1808.5062475204468
Starting label LEVI, seed 33, iteration 1960, time: 1826.8273952007294
Starting label LEVI, seed 33, iteration 1970, time: 1839.1814279556274
Starting label LEVI, seed 33, iteration 1980, time: 1860.6993913650513
Starting label LEVI, seed 33, iteration 1990, time: 1881.6118943691254
submitit INFO (2022-10-02 02:30:31,057) - Job completed successfully
