submitit INFO (2022-10-02 00:14:23,396) - Starting with JobEnvironment(job_id=883189_4, hostname=sablab-gpu-06.ece.cornell.edu, local_rank=0(1), node=0(1), global_rank=0(1))
submitit INFO (2022-10-02 00:14:23,396) - Loading pickle: /home/gid-cakmaks/contextual_rs/experiments/wsc_experiments/logs/883189_4/883189_4_submitted.pkl
Starting label LEVI, seed 74, iteration 0, time: 9.131431579589844e-05
Starting label LEVI, seed 74, iteration 10, time: 2.8920092582702637
Starting label LEVI, seed 74, iteration 20, time: 5.534965515136719
Starting label LEVI, seed 74, iteration 30, time: 8.331636190414429
Starting label LEVI, seed 74, iteration 40, time: 11.232216358184814
Starting label LEVI, seed 74, iteration 50, time: 14.025939464569092
Starting label LEVI, seed 74, iteration 60, time: 16.897751808166504
Starting label LEVI, seed 74, iteration 70, time: 19.671075344085693
Starting label LEVI, seed 74, iteration 80, time: 22.38367199897766
Starting label LEVI, seed 74, iteration 90, time: 24.982739210128784
Starting label LEVI, seed 74, iteration 100, time: 27.678229331970215
Starting label LEVI, seed 74, iteration 110, time: 30.382779121398926
Starting label LEVI, seed 74, iteration 120, time: 33.070255756378174
Starting label LEVI, seed 74, iteration 130, time: 35.64211630821228
Starting label LEVI, seed 74, iteration 140, time: 38.575522661209106
Starting label LEVI, seed 74, iteration 150, time: 41.26423192024231
Starting label LEVI, seed 74, iteration 160, time: 44.067140340805054
Starting label LEVI, seed 74, iteration 170, time: 46.70611929893494
Starting label LEVI, seed 74, iteration 180, time: 49.48107147216797
Starting label LEVI, seed 74, iteration 190, time: 52.153177976608276
Starting label LEVI, seed 74, iteration 200, time: 54.93198871612549
Starting label LEVI, seed 74, iteration 210, time: 57.73080921173096
Starting label LEVI, seed 74, iteration 220, time: 60.59797549247742
Starting label LEVI, seed 74, iteration 230, time: 63.64942669868469
Starting label LEVI, seed 74, iteration 240, time: 66.47721338272095
Starting label LEVI, seed 74, iteration 250, time: 69.3148250579834
Starting label LEVI, seed 74, iteration 260, time: 72.20764875411987
Starting label LEVI, seed 74, iteration 270, time: 75.22073173522949
Starting label LEVI, seed 74, iteration 280, time: 78.04635500907898
Starting label LEVI, seed 74, iteration 290, time: 80.69080257415771
Starting label LEVI, seed 74, iteration 300, time: 83.42866134643555
Starting label LEVI, seed 74, iteration 310, time: 86.38392472267151
Starting label LEVI, seed 74, iteration 320, time: 89.2142219543457
Starting label LEVI, seed 74, iteration 330, time: 92.07044887542725
Starting label LEVI, seed 74, iteration 340, time: 94.96935629844666
Starting label LEVI, seed 74, iteration 350, time: 97.91022801399231
Starting label LEVI, seed 74, iteration 360, time: 100.72589254379272
Starting label LEVI, seed 74, iteration 370, time: 103.55246996879578
Starting label LEVI, seed 74, iteration 380, time: 106.3824234008789
Starting label LEVI, seed 74, iteration 390, time: 109.28913044929504
Starting label LEVI, seed 74, iteration 400, time: 112.0147545337677
Starting label LEVI, seed 74, iteration 410, time: 114.8112428188324
Starting label LEVI, seed 74, iteration 420, time: 117.61107683181763
Starting label LEVI, seed 74, iteration 430, time: 120.42051577568054
Starting label LEVI, seed 74, iteration 440, time: 123.26424908638
Starting label LEVI, seed 74, iteration 450, time: 126.17327642440796
Starting label LEVI, seed 74, iteration 460, time: 128.98218655586243
Starting label LEVI, seed 74, iteration 470, time: 131.8001425266266
Starting label LEVI, seed 74, iteration 480, time: 134.7262179851532
Starting label LEVI, seed 74, iteration 490, time: 137.61407899856567
Starting label LEVI, seed 74, iteration 500, time: 140.4301176071167
Starting label LEVI, seed 74, iteration 510, time: 143.2694833278656
Starting label LEVI, seed 74, iteration 520, time: 146.11999487876892
Starting label LEVI, seed 74, iteration 530, time: 149.01354265213013
Starting label LEVI, seed 74, iteration 540, time: 151.85957193374634
Starting label LEVI, seed 74, iteration 550, time: 154.73764872550964
Starting label LEVI, seed 74, iteration 560, time: 157.71176099777222
Starting label LEVI, seed 74, iteration 570, time: 160.4954023361206
Starting label LEVI, seed 74, iteration 580, time: 163.4001431465149
Starting label LEVI, seed 74, iteration 590, time: 166.33355951309204
Starting label LEVI, seed 74, iteration 600, time: 169.18860268592834
Starting label LEVI, seed 74, iteration 610, time: 172.08659553527832
Starting label LEVI, seed 74, iteration 620, time: 174.92673587799072
Starting label LEVI, seed 74, iteration 630, time: 177.74560070037842
Starting label LEVI, seed 74, iteration 640, time: 180.70478987693787
Starting label LEVI, seed 74, iteration 650, time: 183.55054712295532
Starting label LEVI, seed 74, iteration 660, time: 186.33312153816223
Starting label LEVI, seed 74, iteration 670, time: 189.0654742717743
Starting label LEVI, seed 74, iteration 680, time: 191.7989161014557
Starting label LEVI, seed 74, iteration 690, time: 194.59435272216797
Starting label LEVI, seed 74, iteration 700, time: 197.39482069015503
Starting label LEVI, seed 74, iteration 710, time: 200.23167848587036
Starting label LEVI, seed 74, iteration 720, time: 203.05392622947693
Starting label LEVI, seed 74, iteration 730, time: 206.00752115249634
Starting label LEVI, seed 74, iteration 740, time: 208.8419497013092
Starting label LEVI, seed 74, iteration 750, time: 211.67864274978638
Starting label LEVI, seed 74, iteration 760, time: 214.52243185043335
Starting label LEVI, seed 74, iteration 770, time: 217.39627051353455
Starting label LEVI, seed 74, iteration 780, time: 220.3123230934143
Starting label LEVI, seed 74, iteration 790, time: 223.21373963356018
Starting label LEVI, seed 74, iteration 800, time: 226.11899375915527
Starting label LEVI, seed 74, iteration 810, time: 229.10076928138733
Starting label LEVI, seed 74, iteration 820, time: 232.13241147994995
Starting label LEVI, seed 74, iteration 830, time: 235.11779356002808
Starting label LEVI, seed 74, iteration 840, time: 238.0748908519745
Starting label LEVI, seed 74, iteration 850, time: 241.02351546287537
Starting label LEVI, seed 74, iteration 860, time: 243.91204500198364
Starting label LEVI, seed 74, iteration 870, time: 246.8670997619629
Starting label LEVI, seed 74, iteration 880, time: 249.8038592338562
Starting label LEVI, seed 74, iteration 890, time: 252.83665204048157
Starting label LEVI, seed 74, iteration 900, time: 255.93005681037903
Starting label LEVI, seed 74, iteration 910, time: 258.9042880535126
Starting label LEVI, seed 74, iteration 920, time: 261.91343569755554
Starting label LEVI, seed 74, iteration 930, time: 264.90104579925537
Starting label LEVI, seed 74, iteration 940, time: 267.91476941108704
Starting label LEVI, seed 74, iteration 950, time: 270.8678181171417
Starting label LEVI, seed 74, iteration 960, time: 273.88192081451416
Starting label LEVI, seed 74, iteration 970, time: 276.8529403209686
Starting label LEVI, seed 74, iteration 980, time: 280.0409424304962
Starting label LEVI, seed 74, iteration 990, time: 283.0861759185791
Starting label LEVI, seed 74, iteration 1000, time: 286.243216753006
Starting label LEVI, seed 74, iteration 1010, time: 289.3182396888733
Starting label LEVI, seed 74, iteration 1020, time: 292.4171416759491
Starting label LEVI, seed 74, iteration 1030, time: 295.49294924736023
Starting label LEVI, seed 74, iteration 1040, time: 298.5533151626587
Starting label LEVI, seed 74, iteration 1050, time: 301.82270407676697
Starting label LEVI, seed 74, iteration 1060, time: 305.078830242157
Starting label LEVI, seed 74, iteration 1070, time: 308.33387565612793
Starting label LEVI, seed 74, iteration 1080, time: 311.5516302585602
Starting label LEVI, seed 74, iteration 1090, time: 314.7309055328369
Starting label LEVI, seed 74, iteration 1100, time: 317.88556146621704
Starting label LEVI, seed 74, iteration 1110, time: 321.03050541877747
Starting label LEVI, seed 74, iteration 1120, time: 324.2694442272186
Starting label LEVI, seed 74, iteration 1130, time: 327.5018558502197
Starting label LEVI, seed 74, iteration 1140, time: 330.83850026130676
Starting label LEVI, seed 74, iteration 1150, time: 334.1533422470093
Starting label LEVI, seed 74, iteration 1160, time: 337.38511776924133
Starting label LEVI, seed 74, iteration 1170, time: 340.672443151474
Starting label LEVI, seed 74, iteration 1180, time: 343.97857999801636
Starting label LEVI, seed 74, iteration 1190, time: 347.2541615962982
Starting label LEVI, seed 74, iteration 1200, time: 350.57904076576233
Starting label LEVI, seed 74, iteration 1210, time: 353.9528090953827
Starting label LEVI, seed 74, iteration 1220, time: 357.3756217956543
Starting label LEVI, seed 74, iteration 1230, time: 360.9631791114807
Starting label LEVI, seed 74, iteration 1240, time: 364.383935213089
Starting label LEVI, seed 74, iteration 1250, time: 367.7380163669586
Starting label LEVI, seed 74, iteration 1260, time: 371.24549412727356
Starting label LEVI, seed 74, iteration 1270, time: 374.731055021286
Starting label LEVI, seed 74, iteration 1280, time: 378.22582149505615
Starting label LEVI, seed 74, iteration 1290, time: 381.80028915405273
Starting label LEVI, seed 74, iteration 1300, time: 385.71966767311096
Starting label LEVI, seed 74, iteration 1310, time: 389.6267454624176
Starting label LEVI, seed 74, iteration 1320, time: 393.34092235565186
Starting label LEVI, seed 74, iteration 1330, time: 396.9175338745117
Starting label LEVI, seed 74, iteration 1340, time: 400.49367332458496
Starting label LEVI, seed 74, iteration 1350, time: 404.2416114807129
Starting label LEVI, seed 74, iteration 1360, time: 407.8980972766876
Starting label LEVI, seed 74, iteration 1370, time: 411.4109263420105
Starting label LEVI, seed 74, iteration 1380, time: 415.080139875412
Starting label LEVI, seed 74, iteration 1390, time: 418.7504177093506
Starting label LEVI, seed 74, iteration 1400, time: 422.51034808158875
Starting label LEVI, seed 74, iteration 1410, time: 426.24597001075745
Starting label LEVI, seed 74, iteration 1420, time: 429.8867537975311
Starting label LEVI, seed 74, iteration 1430, time: 433.7026650905609
Starting label LEVI, seed 74, iteration 1440, time: 437.44570803642273
Starting label LEVI, seed 74, iteration 1450, time: 441.4241464138031
Starting label LEVI, seed 74, iteration 1460, time: 445.4240312576294
Starting label LEVI, seed 74, iteration 1470, time: 449.1555743217468
Starting label LEVI, seed 74, iteration 1480, time: 453.13939476013184
Starting label LEVI, seed 74, iteration 1490, time: 456.9907417297363
Starting label LEVI, seed 74, iteration 1500, time: 461.0059416294098
Starting label LEVI, seed 74, iteration 1510, time: 465.0008361339569
Starting label LEVI, seed 74, iteration 1520, time: 469.19879269599915
Starting label LEVI, seed 74, iteration 1530, time: 473.150089263916
Starting label LEVI, seed 74, iteration 1540, time: 477.15512323379517
Starting label LEVI, seed 74, iteration 1550, time: 481.16890954971313
Starting label LEVI, seed 74, iteration 1560, time: 485.2150785923004
Starting label LEVI, seed 74, iteration 1570, time: 489.4028687477112
Starting label LEVI, seed 74, iteration 1580, time: 493.8539206981659
Starting label LEVI, seed 74, iteration 1590, time: 498.0938425064087
Starting label LEVI, seed 74, iteration 1600, time: 502.54105854034424
Starting label LEVI, seed 74, iteration 1610, time: 506.8790690898895
Starting label LEVI, seed 74, iteration 1620, time: 511.20511841773987
Starting label LEVI, seed 74, iteration 1630, time: 515.5935988426208
Starting label LEVI, seed 74, iteration 1640, time: 519.9627573490143
Starting label LEVI, seed 74, iteration 1650, time: 524.284948348999
Starting label LEVI, seed 74, iteration 1660, time: 528.6778695583344
Starting label LEVI, seed 74, iteration 1670, time: 533.0797343254089
Starting label LEVI, seed 74, iteration 1680, time: 537.4073259830475
Starting label LEVI, seed 74, iteration 1690, time: 541.8450708389282
Starting label LEVI, seed 74, iteration 1700, time: 546.252584695816
Starting label LEVI, seed 74, iteration 1710, time: 550.5093057155609
Starting label LEVI, seed 74, iteration 1720, time: 554.9260938167572
Starting label LEVI, seed 74, iteration 1730, time: 559.2974133491516
Starting label LEVI, seed 74, iteration 1740, time: 563.5847971439362
Starting label LEVI, seed 74, iteration 1750, time: 567.8868103027344
Starting label LEVI, seed 74, iteration 1760, time: 572.2576200962067
Starting label LEVI, seed 74, iteration 1770, time: 576.8837099075317
Starting label LEVI, seed 74, iteration 1780, time: 581.2057003974915
Starting label LEVI, seed 74, iteration 1790, time: 585.550568819046
Starting label LEVI, seed 74, iteration 1800, time: 590.0474398136139
Starting label LEVI, seed 74, iteration 1810, time: 594.6844751834869
Starting label LEVI, seed 74, iteration 1820, time: 599.5737805366516
Starting label LEVI, seed 74, iteration 1830, time: 604.2582037448883
Starting label LEVI, seed 74, iteration 1840, time: 608.7308328151703
Starting label LEVI, seed 74, iteration 1850, time: 613.2152745723724
Starting label LEVI, seed 74, iteration 1860, time: 618.0548057556152
Starting label LEVI, seed 74, iteration 1870, time: 622.8178701400757
Starting label LEVI, seed 74, iteration 1880, time: 627.8927059173584
Starting label LEVI, seed 74, iteration 1890, time: 632.6148216724396
Starting label LEVI, seed 74, iteration 1900, time: 637.4086351394653
Starting label LEVI, seed 74, iteration 1910, time: 642.380811214447
Starting label LEVI, seed 74, iteration 1920, time: 647.2055625915527
Starting label LEVI, seed 74, iteration 1930, time: 652.1245152950287
Starting label LEVI, seed 74, iteration 1940, time: 657.0629415512085
Starting label LEVI, seed 74, iteration 1950, time: 661.9476931095123
Starting label LEVI, seed 74, iteration 1960, time: 666.7886159420013
Starting label LEVI, seed 74, iteration 1970, time: 671.765373468399
Starting label LEVI, seed 74, iteration 1980, time: 676.7757155895233
Starting label LEVI, seed 74, iteration 1990, time: 681.6706509590149
submitit INFO (2022-10-02 00:25:51,453) - Job completed successfully
