submitit INFO (2022-10-02 13:26:42,251) - Starting with JobEnvironment(job_id=884531_6, hostname=sablab-gpu-02.ece.cornell.edu, local_rank=0(1), node=0(1), global_rank=0(1))
submitit INFO (2022-10-02 13:26:42,251) - Loading pickle: /home/gid-cakmaks/contextual_rs/experiments/wsc_experiments/logs/884531_6/884531_6_submitted.pkl
Appending iterations to existing output!Warning: If parameters other than `iterations` have been changed, this will corrupt the output!
Starting label LEVI, seed 16, iteration 490, time: 340.8801429271698
Starting label LEVI, seed 16, iteration 500, time: 347.6849102973938
Starting label LEVI, seed 16, iteration 510, time: 354.73103952407837
Starting label LEVI, seed 16, iteration 520, time: 361.93585896492004
Starting label LEVI, seed 16, iteration 530, time: 369.17562675476074
Starting label LEVI, seed 16, iteration 540, time: 376.54909086227417
Starting label LEVI, seed 16, iteration 550, time: 383.60484623908997
Starting label LEVI, seed 16, iteration 560, time: 390.6352050304413
Starting label LEVI, seed 16, iteration 570, time: 397.60971093177795
Starting label LEVI, seed 16, iteration 580, time: 405.14078736305237
Starting label LEVI, seed 16, iteration 590, time: 412.19644951820374
Starting label LEVI, seed 16, iteration 600, time: 419.5915584564209
Starting label LEVI, seed 16, iteration 610, time: 427.19546937942505
Starting label LEVI, seed 16, iteration 620, time: 434.51381850242615
Starting label LEVI, seed 16, iteration 630, time: 441.8545575141907
Starting label LEVI, seed 16, iteration 640, time: 449.45057439804077
Starting label LEVI, seed 16, iteration 650, time: 457.20406198501587
Starting label LEVI, seed 16, iteration 660, time: 464.9161548614502
Starting label LEVI, seed 16, iteration 670, time: 472.67367458343506
Starting label LEVI, seed 16, iteration 680, time: 480.08287620544434
Starting label LEVI, seed 16, iteration 690, time: 487.27914905548096
Starting label LEVI, seed 16, iteration 700, time: 494.75227069854736
Starting label LEVI, seed 16, iteration 710, time: 502.21909642219543
Starting label LEVI, seed 16, iteration 720, time: 509.9582464694977
Starting label LEVI, seed 16, iteration 730, time: 517.571323633194
Starting label LEVI, seed 16, iteration 740, time: 525.0535154342651
Starting label LEVI, seed 16, iteration 750, time: 533.3685002326965
Starting label LEVI, seed 16, iteration 760, time: 541.0256202220917
Starting label LEVI, seed 16, iteration 770, time: 548.7928256988525
Starting label LEVI, seed 16, iteration 780, time: 556.7152705192566
Starting label LEVI, seed 16, iteration 790, time: 564.8494472503662
Starting label LEVI, seed 16, iteration 800, time: 573.0641808509827
Starting label LEVI, seed 16, iteration 810, time: 581.0249760150909
Starting label LEVI, seed 16, iteration 820, time: 589.3870465755463
Starting label LEVI, seed 16, iteration 830, time: 597.7848110198975
Starting label LEVI, seed 16, iteration 840, time: 605.5603024959564
Starting label LEVI, seed 16, iteration 850, time: 613.8914556503296
Starting label LEVI, seed 16, iteration 860, time: 622.2832622528076
Starting label LEVI, seed 16, iteration 870, time: 630.586761713028
Starting label LEVI, seed 16, iteration 880, time: 638.9073886871338
Starting label LEVI, seed 16, iteration 890, time: 647.1348688602448
Starting label LEVI, seed 16, iteration 900, time: 655.526712179184
Starting label LEVI, seed 16, iteration 910, time: 664.0057587623596
Starting label LEVI, seed 16, iteration 920, time: 672.7118308544159
Starting label LEVI, seed 16, iteration 930, time: 681.5310842990875
Starting label LEVI, seed 16, iteration 940, time: 690.3761479854584
Starting label LEVI, seed 16, iteration 950, time: 699.4527416229248
Starting label LEVI, seed 16, iteration 960, time: 708.0406696796417
Starting label LEVI, seed 16, iteration 970, time: 717.3590822219849
Starting label LEVI, seed 16, iteration 980, time: 726.272698879242
Starting label LEVI, seed 16, iteration 990, time: 735.4956657886505
Starting label LEVI, seed 16, iteration 1000, time: 744.5304093360901
Starting label LEVI, seed 16, iteration 1010, time: 753.8353481292725
Starting label LEVI, seed 16, iteration 1020, time: 763.0616629123688
Starting label LEVI, seed 16, iteration 1030, time: 772.1960532665253
Starting label LEVI, seed 16, iteration 1040, time: 781.0065314769745
Starting label LEVI, seed 16, iteration 1050, time: 790.5024166107178
Starting label LEVI, seed 16, iteration 1060, time: 799.3879635334015
Starting label LEVI, seed 16, iteration 1070, time: 808.7783923149109
Starting label LEVI, seed 16, iteration 1080, time: 818.0368323326111
Starting label LEVI, seed 16, iteration 1090, time: 826.7961623668671
Starting label LEVI, seed 16, iteration 1100, time: 835.6801054477692
Starting label LEVI, seed 16, iteration 1110, time: 844.5541474819183
Starting label LEVI, seed 16, iteration 1120, time: 853.4969618320465
Starting label LEVI, seed 16, iteration 1130, time: 862.3261988162994
Starting label LEVI, seed 16, iteration 1140, time: 871.2193422317505
Starting label LEVI, seed 16, iteration 1150, time: 880.612607717514
Starting label LEVI, seed 16, iteration 1160, time: 890.2106771469116
Starting label LEVI, seed 16, iteration 1170, time: 899.6195785999298
Starting label LEVI, seed 16, iteration 1180, time: 908.8073914051056
Starting label LEVI, seed 16, iteration 1190, time: 918.35449051857
Starting label LEVI, seed 16, iteration 1200, time: 927.2425892353058
Starting label LEVI, seed 16, iteration 1210, time: 936.1298065185547
Starting label LEVI, seed 16, iteration 1220, time: 945.7787673473358
Starting label LEVI, seed 16, iteration 1230, time: 954.8221096992493
Starting label LEVI, seed 16, iteration 1240, time: 963.9818844795227
Starting label LEVI, seed 16, iteration 1250, time: 973.5048310756683
Starting label LEVI, seed 16, iteration 1260, time: 982.7062151432037
Starting label LEVI, seed 16, iteration 1270, time: 991.6825549602509
Starting label LEVI, seed 16, iteration 1280, time: 1001.14581990242
Starting label LEVI, seed 16, iteration 1290, time: 1011.1364514827728
Starting label LEVI, seed 16, iteration 1300, time: 1021.2969968318939
Starting label LEVI, seed 16, iteration 1310, time: 1031.336226940155
Starting label LEVI, seed 16, iteration 1320, time: 1041.4652819633484
Starting label LEVI, seed 16, iteration 1330, time: 1051.674415588379
Starting label LEVI, seed 16, iteration 1340, time: 1062.150401353836
Starting label LEVI, seed 16, iteration 1350, time: 1072.275246143341
Starting label LEVI, seed 16, iteration 1360, time: 1082.9476537704468
Starting label LEVI, seed 16, iteration 1370, time: 1093.5229148864746
Starting label LEVI, seed 16, iteration 1380, time: 1104.396201133728
Starting label LEVI, seed 16, iteration 1390, time: 1114.6567778587341
Starting label LEVI, seed 16, iteration 1400, time: 1124.784687280655
Starting label LEVI, seed 16, iteration 1410, time: 1134.8988888263702
Starting label LEVI, seed 16, iteration 1420, time: 1144.8915059566498
Starting label LEVI, seed 16, iteration 1430, time: 1155.2765438556671
Starting label LEVI, seed 16, iteration 1440, time: 1165.5107862949371
Starting label LEVI, seed 16, iteration 1450, time: 1176.0715951919556
Starting label LEVI, seed 16, iteration 1460, time: 1187.2961919307709
Starting label LEVI, seed 16, iteration 1470, time: 1198.0910317897797
Starting label LEVI, seed 16, iteration 1480, time: 1208.530223608017
Starting label LEVI, seed 16, iteration 1490, time: 1220.2670285701752
Starting label LEVI, seed 16, iteration 1500, time: 1231.1872375011444
Starting label LEVI, seed 16, iteration 1510, time: 1242.3123798370361
Starting label LEVI, seed 16, iteration 1520, time: 1253.8895196914673
Starting label LEVI, seed 16, iteration 1530, time: 1265.0010795593262
Starting label LEVI, seed 16, iteration 1540, time: 1275.7995824813843
Starting label LEVI, seed 16, iteration 1550, time: 1287.0129437446594
Starting label LEVI, seed 16, iteration 1560, time: 1298.0588459968567
Starting label LEVI, seed 16, iteration 1570, time: 1309.375667333603
Starting label LEVI, seed 16, iteration 1580, time: 1320.5709011554718
Starting label LEVI, seed 16, iteration 1590, time: 1332.2976276874542
Starting label LEVI, seed 16, iteration 1600, time: 1344.062720298767
Starting label LEVI, seed 16, iteration 1610, time: 1355.322300195694
Starting label LEVI, seed 16, iteration 1620, time: 1366.4354150295258
Starting label LEVI, seed 16, iteration 1630, time: 1378.345342874527
Starting label LEVI, seed 16, iteration 1640, time: 1390.4076671600342
Starting label LEVI, seed 16, iteration 1650, time: 1401.9043617248535
Starting label LEVI, seed 16, iteration 1660, time: 1413.4288642406464
Starting label LEVI, seed 16, iteration 1670, time: 1425.0128228664398
Starting label LEVI, seed 16, iteration 1680, time: 1436.252980709076
Starting label LEVI, seed 16, iteration 1690, time: 1448.276611328125
Starting label LEVI, seed 16, iteration 1700, time: 1459.340732574463
Starting label LEVI, seed 16, iteration 1710, time: 1470.8256394863129
Starting label LEVI, seed 16, iteration 1720, time: 1482.8287477493286
Starting label LEVI, seed 16, iteration 1730, time: 1494.3623805046082
Starting label LEVI, seed 16, iteration 1740, time: 1505.5398416519165
Starting label LEVI, seed 16, iteration 1750, time: 1517.772537946701
Starting label LEVI, seed 16, iteration 1760, time: 1530.3889679908752
Starting label LEVI, seed 16, iteration 1770, time: 1542.0957930088043
Starting label LEVI, seed 16, iteration 1780, time: 1554.9019265174866
Starting label LEVI, seed 16, iteration 1790, time: 1568.1625392436981
Starting label LEVI, seed 16, iteration 1800, time: 1581.0356922149658
Starting label LEVI, seed 16, iteration 1810, time: 1595.00781416893
Starting label LEVI, seed 16, iteration 1820, time: 1607.428561925888
Starting label LEVI, seed 16, iteration 1830, time: 1620.0327632427216
Starting label LEVI, seed 16, iteration 1840, time: 1632.0874280929565
Starting label LEVI, seed 16, iteration 1850, time: 1644.4571437835693
Starting label LEVI, seed 16, iteration 1860, time: 1656.4222359657288
Starting label LEVI, seed 16, iteration 1870, time: 1668.7784745693207
Starting label LEVI, seed 16, iteration 1880, time: 1681.0254504680634
Starting label LEVI, seed 16, iteration 1890, time: 1692.108493566513
Starting label LEVI, seed 16, iteration 1900, time: 1704.1047134399414
Starting label LEVI, seed 16, iteration 1910, time: 1715.9537422657013
Starting label LEVI, seed 16, iteration 1920, time: 1727.087477684021
Starting label LEVI, seed 16, iteration 1930, time: 1738.8670840263367
Starting label LEVI, seed 16, iteration 1940, time: 1750.9920902252197
Starting label LEVI, seed 16, iteration 1950, time: 1762.763587474823
Starting label LEVI, seed 16, iteration 1960, time: 1775.6318769454956
Starting label LEVI, seed 16, iteration 1970, time: 1787.9550414085388
Starting label LEVI, seed 16, iteration 1980, time: 1800.7781829833984
Starting label LEVI, seed 16, iteration 1990, time: 1813.771324634552
submitit INFO (2022-10-02 13:51:29,749) - Job completed successfully
