submitit INFO (2022-10-02 04:34:23,022) - Starting with JobEnvironment(job_id=884079_8, hostname=joachims-compute-02.cs.cornell.edu, local_rank=0(1), node=0(1), global_rank=0(1))
submitit INFO (2022-10-02 04:34:23,023) - Loading pickle: /home/gid-cakmaks/contextual_rs/experiments/wsc_experiments/logs/884079_8/884079_8_submitted.pkl
Appending iterations to existing output!Warning: If parameters other than `iterations` have been changed, this will corrupt the output!
Starting label LEVI, seed 98, iteration 340, time: 154.63916754722595
Starting label LEVI, seed 98, iteration 350, time: 160.26590180397034
Starting label LEVI, seed 98, iteration 360, time: 165.8267183303833
Starting label LEVI, seed 98, iteration 370, time: 171.33463096618652
Starting label LEVI, seed 98, iteration 380, time: 176.77855134010315
Starting label LEVI, seed 98, iteration 390, time: 182.41512489318848
Starting label LEVI, seed 98, iteration 400, time: 187.92686676979065
Starting label LEVI, seed 98, iteration 410, time: 193.35676074028015
Starting label LEVI, seed 98, iteration 420, time: 198.98629641532898
Starting label LEVI, seed 98, iteration 430, time: 204.53033709526062
Starting label LEVI, seed 98, iteration 440, time: 210.2242283821106
Starting label LEVI, seed 98, iteration 450, time: 216.00980401039124
Starting label LEVI, seed 98, iteration 460, time: 221.7053632736206
Starting label LEVI, seed 98, iteration 470, time: 227.40978169441223
Starting label LEVI, seed 98, iteration 480, time: 233.11192321777344
Starting label LEVI, seed 98, iteration 490, time: 238.78840446472168
Starting label LEVI, seed 98, iteration 500, time: 244.36485147476196
Starting label LEVI, seed 98, iteration 510, time: 249.874041557312
Starting label LEVI, seed 98, iteration 520, time: 255.61507749557495
Starting label LEVI, seed 98, iteration 530, time: 261.39551305770874
Starting label LEVI, seed 98, iteration 540, time: 267.1944372653961
Starting label LEVI, seed 98, iteration 550, time: 273.23910999298096
Starting label LEVI, seed 98, iteration 560, time: 279.11785984039307
Starting label LEVI, seed 98, iteration 570, time: 284.81225061416626
Starting label LEVI, seed 98, iteration 580, time: 290.37191224098206
Starting label LEVI, seed 98, iteration 590, time: 295.9949655532837
Starting label LEVI, seed 98, iteration 600, time: 301.7381520271301
Starting label LEVI, seed 98, iteration 610, time: 307.5013735294342
Starting label LEVI, seed 98, iteration 620, time: 313.29498863220215
Starting label LEVI, seed 98, iteration 630, time: 319.23053073883057
Starting label LEVI, seed 98, iteration 640, time: 325.1872148513794
Starting label LEVI, seed 98, iteration 650, time: 331.0316073894501
Starting label LEVI, seed 98, iteration 660, time: 336.89265966415405
Starting label LEVI, seed 98, iteration 670, time: 342.8265221118927
Starting label LEVI, seed 98, iteration 680, time: 348.7688219547272
Starting label LEVI, seed 98, iteration 690, time: 354.54421281814575
Starting label LEVI, seed 98, iteration 700, time: 360.64958214759827
Starting label LEVI, seed 98, iteration 710, time: 366.41817903518677
Starting label LEVI, seed 98, iteration 720, time: 372.4590060710907
Starting label LEVI, seed 98, iteration 730, time: 378.4015748500824
Starting label LEVI, seed 98, iteration 740, time: 384.27968668937683
Starting label LEVI, seed 98, iteration 750, time: 390.43101167678833
Starting label LEVI, seed 98, iteration 760, time: 396.5355463027954
Starting label LEVI, seed 98, iteration 770, time: 402.7124261856079
Starting label LEVI, seed 98, iteration 780, time: 408.9668593406677
Starting label LEVI, seed 98, iteration 790, time: 415.3079240322113
Starting label LEVI, seed 98, iteration 800, time: 421.4481279850006
Starting label LEVI, seed 98, iteration 810, time: 427.669371843338
Starting label LEVI, seed 98, iteration 820, time: 433.8340075016022
Starting label LEVI, seed 98, iteration 830, time: 440.0958116054535
Starting label LEVI, seed 98, iteration 840, time: 446.57883858680725
Starting label LEVI, seed 98, iteration 850, time: 452.97089552879333
Starting label LEVI, seed 98, iteration 860, time: 459.62468004226685
Starting label LEVI, seed 98, iteration 870, time: 466.0715141296387
Starting label LEVI, seed 98, iteration 880, time: 472.5166413784027
Starting label LEVI, seed 98, iteration 890, time: 478.96926522254944
Starting label LEVI, seed 98, iteration 900, time: 485.3561975955963
Starting label LEVI, seed 98, iteration 910, time: 491.8153266906738
Starting label LEVI, seed 98, iteration 920, time: 497.911673784256
Starting label LEVI, seed 98, iteration 930, time: 504.0188910961151
Starting label LEVI, seed 98, iteration 940, time: 510.23790884017944
Starting label LEVI, seed 98, iteration 950, time: 516.4825727939606
Starting label LEVI, seed 98, iteration 960, time: 523.0101613998413
Starting label LEVI, seed 98, iteration 970, time: 529.5709919929504
Starting label LEVI, seed 98, iteration 980, time: 535.8827829360962
Starting label LEVI, seed 98, iteration 990, time: 542.1824972629547
Starting label LEVI, seed 98, iteration 1000, time: 548.692209482193
Starting label LEVI, seed 98, iteration 1010, time: 555.4522457122803
Starting label LEVI, seed 98, iteration 1020, time: 561.9967188835144
Starting label LEVI, seed 98, iteration 1030, time: 568.4954051971436
Starting label LEVI, seed 98, iteration 1040, time: 575.1088166236877
Starting label LEVI, seed 98, iteration 1050, time: 581.6951680183411
Starting label LEVI, seed 98, iteration 1060, time: 588.2521367073059
Starting label LEVI, seed 98, iteration 1070, time: 594.7612841129303
Starting label LEVI, seed 98, iteration 1080, time: 601.3754665851593
Starting label LEVI, seed 98, iteration 1090, time: 608.036328792572
Starting label LEVI, seed 98, iteration 1100, time: 614.6640989780426
Starting label LEVI, seed 98, iteration 1110, time: 621.2474167346954
Starting label LEVI, seed 98, iteration 1120, time: 627.45738697052
Starting label LEVI, seed 98, iteration 1130, time: 633.7095453739166
Starting label LEVI, seed 98, iteration 1140, time: 639.7788827419281
Starting label LEVI, seed 98, iteration 1150, time: 646.2471504211426
Starting label LEVI, seed 98, iteration 1160, time: 652.6943719387054
Starting label LEVI, seed 98, iteration 1170, time: 659.2459526062012
Starting label LEVI, seed 98, iteration 1180, time: 665.6013231277466
Starting label LEVI, seed 98, iteration 1190, time: 672.0776970386505
Starting label LEVI, seed 98, iteration 1200, time: 678.7153072357178
Starting label LEVI, seed 98, iteration 1210, time: 685.073258638382
Starting label LEVI, seed 98, iteration 1220, time: 691.5198931694031
Starting label LEVI, seed 98, iteration 1230, time: 697.7683007717133
Starting label LEVI, seed 98, iteration 1240, time: 704.1962532997131
Starting label LEVI, seed 98, iteration 1250, time: 710.6608581542969
Starting label LEVI, seed 98, iteration 1260, time: 717.3915448188782
Starting label LEVI, seed 98, iteration 1270, time: 724.246265411377
Starting label LEVI, seed 98, iteration 1280, time: 730.9887583255768
Starting label LEVI, seed 98, iteration 1290, time: 737.9546127319336
Starting label LEVI, seed 98, iteration 1300, time: 744.7764129638672
Starting label LEVI, seed 98, iteration 1310, time: 751.7043302059174
Starting label LEVI, seed 98, iteration 1320, time: 758.994731426239
Starting label LEVI, seed 98, iteration 1330, time: 765.600745677948
Starting label LEVI, seed 98, iteration 1340, time: 772.128876209259
Starting label LEVI, seed 98, iteration 1350, time: 778.6821038722992
Starting label LEVI, seed 98, iteration 1360, time: 785.5473554134369
Starting label LEVI, seed 98, iteration 1370, time: 792.4927756786346
Starting label LEVI, seed 98, iteration 1380, time: 799.3388352394104
Starting label LEVI, seed 98, iteration 1390, time: 806.143443107605
Starting label LEVI, seed 98, iteration 1400, time: 813.014310836792
Starting label LEVI, seed 98, iteration 1410, time: 820.0238556861877
Starting label LEVI, seed 98, iteration 1420, time: 827.018488407135
Starting label LEVI, seed 98, iteration 1430, time: 833.9525427818298
Starting label LEVI, seed 98, iteration 1440, time: 841.1143853664398
Starting label LEVI, seed 98, iteration 1450, time: 847.980829000473
Starting label LEVI, seed 98, iteration 1460, time: 855.1347694396973
Starting label LEVI, seed 98, iteration 1470, time: 862.2084629535675
Starting label LEVI, seed 98, iteration 1480, time: 868.9830286502838
Starting label LEVI, seed 98, iteration 1490, time: 875.7155361175537
Starting label LEVI, seed 98, iteration 1500, time: 882.525872707367
Starting label LEVI, seed 98, iteration 1510, time: 889.193291425705
Starting label LEVI, seed 98, iteration 1520, time: 895.9922335147858
Starting label LEVI, seed 98, iteration 1530, time: 902.9365594387054
Starting label LEVI, seed 98, iteration 1540, time: 909.5894272327423
Starting label LEVI, seed 98, iteration 1550, time: 916.5167338848114
Starting label LEVI, seed 98, iteration 1560, time: 923.4919009208679
Starting label LEVI, seed 98, iteration 1570, time: 930.3059940338135
Starting label LEVI, seed 98, iteration 1580, time: 937.0182330608368
Starting label LEVI, seed 98, iteration 1590, time: 943.739009141922
Starting label LEVI, seed 98, iteration 1600, time: 950.3495080471039
Starting label LEVI, seed 98, iteration 1610, time: 957.097464799881
Starting label LEVI, seed 98, iteration 1620, time: 963.729043006897
Starting label LEVI, seed 98, iteration 1630, time: 970.5593433380127
Starting label LEVI, seed 98, iteration 1640, time: 977.0633084774017
Starting label LEVI, seed 98, iteration 1650, time: 983.1849889755249
Starting label LEVI, seed 98, iteration 1660, time: 989.175609588623
Starting label LEVI, seed 98, iteration 1670, time: 995.2476267814636
Starting label LEVI, seed 98, iteration 1680, time: 1001.9412612915039
Starting label LEVI, seed 98, iteration 1690, time: 1008.9748885631561
Starting label LEVI, seed 98, iteration 1700, time: 1016.0700283050537
Starting label LEVI, seed 98, iteration 1710, time: 1022.8948059082031
Starting label LEVI, seed 98, iteration 1720, time: 1029.4198174476624
Starting label LEVI, seed 98, iteration 1730, time: 1035.937270641327
Starting label LEVI, seed 98, iteration 1740, time: 1042.3199045658112
Starting label LEVI, seed 98, iteration 1750, time: 1048.7623357772827
Starting label LEVI, seed 98, iteration 1760, time: 1055.2439091205597
Starting label LEVI, seed 98, iteration 1770, time: 1061.599666595459
Starting label LEVI, seed 98, iteration 1780, time: 1068.2424449920654
Starting label LEVI, seed 98, iteration 1790, time: 1074.914547920227
Starting label LEVI, seed 98, iteration 1800, time: 1081.7197742462158
Starting label LEVI, seed 98, iteration 1810, time: 1088.7606549263
Starting label LEVI, seed 98, iteration 1820, time: 1095.9404351711273
Starting label LEVI, seed 98, iteration 1830, time: 1103.2689714431763
Starting label LEVI, seed 98, iteration 1840, time: 1110.3119659423828
Starting label LEVI, seed 98, iteration 1850, time: 1117.4547872543335
Starting label LEVI, seed 98, iteration 1860, time: 1124.930813074112
Starting label LEVI, seed 98, iteration 1870, time: 1132.2699882984161
Starting label LEVI, seed 98, iteration 1880, time: 1139.6299257278442
Starting label LEVI, seed 98, iteration 1890, time: 1147.3396649360657
Starting label LEVI, seed 98, iteration 1900, time: 1154.7213854789734
Starting label LEVI, seed 98, iteration 1910, time: 1162.2627527713776
Starting label LEVI, seed 98, iteration 1920, time: 1169.4160568714142
Starting label LEVI, seed 98, iteration 1930, time: 1176.401638507843
Starting label LEVI, seed 98, iteration 1940, time: 1183.3505527973175
Starting label LEVI, seed 98, iteration 1950, time: 1190.2474026679993
Starting label LEVI, seed 98, iteration 1960, time: 1197.260483264923
Starting label LEVI, seed 98, iteration 1970, time: 1204.1140534877777
Starting label LEVI, seed 98, iteration 1980, time: 1211.0570023059845
Starting label LEVI, seed 98, iteration 1990, time: 1217.9398770332336
submitit INFO (2022-10-02 04:52:16,501) - Job completed successfully
