submitit INFO (2022-10-02 13:26:32,152) - Starting with JobEnvironment(job_id=884521_1, hostname=nikola-compute-03.cs.cornell.edu, local_rank=0(1), node=0(1), global_rank=0(1))
submitit INFO (2022-10-02 13:26:32,153) - Loading pickle: /home/gid-cakmaks/contextual_rs/experiments/wsc_experiments/logs/884521_1/884521_1_submitted.pkl
Appending iterations to existing output!Warning: If parameters other than `iterations` have been changed, this will corrupt the output!
Starting label LEVI, seed 1, iteration 570, time: 353.22784447669983
Starting label LEVI, seed 1, iteration 580, time: 364.5043637752533
Starting label LEVI, seed 1, iteration 590, time: 372.6497600078583
Starting label LEVI, seed 1, iteration 600, time: 381.69809341430664
Starting label LEVI, seed 1, iteration 610, time: 392.12879848480225
Starting label LEVI, seed 1, iteration 620, time: 405.2125918865204
Starting label LEVI, seed 1, iteration 630, time: 415.97005891799927
Starting label LEVI, seed 1, iteration 640, time: 429.40470719337463
Starting label LEVI, seed 1, iteration 650, time: 442.68978786468506
Starting label LEVI, seed 1, iteration 660, time: 453.33010625839233
Starting label LEVI, seed 1, iteration 670, time: 465.87091422080994
Starting label LEVI, seed 1, iteration 680, time: 479.3982071876526
Starting label LEVI, seed 1, iteration 690, time: 491.70043540000916
Starting label LEVI, seed 1, iteration 700, time: 504.95551204681396
Starting label LEVI, seed 1, iteration 710, time: 520.4180431365967
Starting label LEVI, seed 1, iteration 720, time: 535.5016570091248
Starting label LEVI, seed 1, iteration 730, time: 552.0909786224365
Starting label LEVI, seed 1, iteration 740, time: 567.1944942474365
Starting label LEVI, seed 1, iteration 750, time: 584.0263752937317
Starting label LEVI, seed 1, iteration 760, time: 600.2207043170929
Starting label LEVI, seed 1, iteration 770, time: 616.9511921405792
Starting label LEVI, seed 1, iteration 780, time: 633.6939599514008
Starting label LEVI, seed 1, iteration 790, time: 649.3279902935028
Starting label LEVI, seed 1, iteration 800, time: 665.2409310340881
Starting label LEVI, seed 1, iteration 810, time: 680.8515679836273
Starting label LEVI, seed 1, iteration 820, time: 698.186689376831
Starting label LEVI, seed 1, iteration 830, time: 713.8629326820374
Starting label LEVI, seed 1, iteration 840, time: 730.0880324840546
Starting label LEVI, seed 1, iteration 850, time: 746.1958458423615
Starting label LEVI, seed 1, iteration 860, time: 762.5220475196838
Starting label LEVI, seed 1, iteration 870, time: 780.40274477005
Starting label LEVI, seed 1, iteration 880, time: 796.3739969730377
Starting label LEVI, seed 1, iteration 890, time: 814.2558522224426
Starting label LEVI, seed 1, iteration 900, time: 832.3337934017181
Starting label LEVI, seed 1, iteration 910, time: 847.7465796470642
Starting label LEVI, seed 1, iteration 920, time: 863.6414277553558
Starting label LEVI, seed 1, iteration 930, time: 880.8778495788574
Starting label LEVI, seed 1, iteration 940, time: 896.6805415153503
Starting label LEVI, seed 1, iteration 950, time: 911.3366820812225
Starting label LEVI, seed 1, iteration 960, time: 927.2981641292572
Starting label LEVI, seed 1, iteration 970, time: 943.4971842765808
Starting label LEVI, seed 1, iteration 980, time: 957.1772587299347
Starting label LEVI, seed 1, iteration 990, time: 972.5434670448303
Starting label LEVI, seed 1, iteration 1000, time: 989.524745464325
Starting label LEVI, seed 1, iteration 1010, time: 1005.9463057518005
Starting label LEVI, seed 1, iteration 1020, time: 1022.1129629611969
Starting label LEVI, seed 1, iteration 1030, time: 1038.522043466568
Starting label LEVI, seed 1, iteration 1040, time: 1053.068036556244
Starting label LEVI, seed 1, iteration 1050, time: 1067.2951102256775
Starting label LEVI, seed 1, iteration 1060, time: 1081.497641801834
Starting label LEVI, seed 1, iteration 1070, time: 1096.7841742038727
Starting label LEVI, seed 1, iteration 1080, time: 1111.809196472168
Starting label LEVI, seed 1, iteration 1090, time: 1126.0221257209778
Starting label LEVI, seed 1, iteration 1100, time: 1140.6426742076874
Starting label LEVI, seed 1, iteration 1110, time: 1154.1785476207733
Starting label LEVI, seed 1, iteration 1120, time: 1168.7938375473022
Starting label LEVI, seed 1, iteration 1130, time: 1182.7202804088593
Starting label LEVI, seed 1, iteration 1140, time: 1197.8145191669464
Starting label LEVI, seed 1, iteration 1150, time: 1213.5200035572052
Starting label LEVI, seed 1, iteration 1160, time: 1230.0526037216187
Starting label LEVI, seed 1, iteration 1170, time: 1244.7959554195404
Starting label LEVI, seed 1, iteration 1180, time: 1260.651649236679
Starting label LEVI, seed 1, iteration 1190, time: 1273.792793750763
Starting label LEVI, seed 1, iteration 1200, time: 1286.254524230957
Starting label LEVI, seed 1, iteration 1210, time: 1301.6618962287903
Starting label LEVI, seed 1, iteration 1220, time: 1315.9789264202118
Starting label LEVI, seed 1, iteration 1230, time: 1331.8460898399353
Starting label LEVI, seed 1, iteration 1240, time: 1346.3800275325775
Starting label LEVI, seed 1, iteration 1250, time: 1362.130666255951
Starting label LEVI, seed 1, iteration 1260, time: 1376.543155670166
Starting label LEVI, seed 1, iteration 1270, time: 1390.4661691188812
Starting label LEVI, seed 1, iteration 1280, time: 1403.969990491867
Starting label LEVI, seed 1, iteration 1290, time: 1417.873740196228
Starting label LEVI, seed 1, iteration 1300, time: 1433.7910869121552
Starting label LEVI, seed 1, iteration 1310, time: 1447.6016948223114
Starting label LEVI, seed 1, iteration 1320, time: 1462.410428762436
Starting label LEVI, seed 1, iteration 1330, time: 1476.500569343567
Starting label LEVI, seed 1, iteration 1340, time: 1492.7582020759583
Starting label LEVI, seed 1, iteration 1350, time: 1506.3842899799347
Starting label LEVI, seed 1, iteration 1360, time: 1521.8842837810516
Starting label LEVI, seed 1, iteration 1370, time: 1536.2914197444916
Starting label LEVI, seed 1, iteration 1380, time: 1551.620740890503
Starting label LEVI, seed 1, iteration 1390, time: 1569.4957766532898
Starting label LEVI, seed 1, iteration 1400, time: 1602.457690000534
Starting label LEVI, seed 1, iteration 1410, time: 1613.989738225937
Starting label LEVI, seed 1, iteration 1420, time: 1624.7221901416779
Starting label LEVI, seed 1, iteration 1430, time: 1640.414686203003
Starting label LEVI, seed 1, iteration 1440, time: 1655.0657980442047
Starting label LEVI, seed 1, iteration 1450, time: 1670.2642376422882
Starting label LEVI, seed 1, iteration 1460, time: 1684.8178589344025
Starting label LEVI, seed 1, iteration 1470, time: 1700.1847593784332
Starting label LEVI, seed 1, iteration 1480, time: 1713.970826625824
Starting label LEVI, seed 1, iteration 1490, time: 1729.5826234817505
Starting label LEVI, seed 1, iteration 1500, time: 1744.6525294780731
Starting label LEVI, seed 1, iteration 1510, time: 1760.9647891521454
Starting label LEVI, seed 1, iteration 1520, time: 1777.6779091358185
Starting label LEVI, seed 1, iteration 1530, time: 1794.268055677414
Starting label LEVI, seed 1, iteration 1540, time: 1809.9712064266205
Starting label LEVI, seed 1, iteration 1550, time: 1826.4500267505646
Starting label LEVI, seed 1, iteration 1560, time: 1843.1292872428894
Starting label LEVI, seed 1, iteration 1570, time: 1860.6772570610046
Starting label LEVI, seed 1, iteration 1580, time: 1876.8594439029694
Starting label LEVI, seed 1, iteration 1590, time: 1892.1990463733673
Starting label LEVI, seed 1, iteration 1600, time: 1910.2519538402557
Starting label LEVI, seed 1, iteration 1610, time: 1926.1617090702057
Starting label LEVI, seed 1, iteration 1620, time: 1942.299048423767
Starting label LEVI, seed 1, iteration 1630, time: 1958.2495346069336
Starting label LEVI, seed 1, iteration 1640, time: 1975.65340924263
Starting label LEVI, seed 1, iteration 1650, time: 1991.0837333202362
Starting label LEVI, seed 1, iteration 1660, time: 2009.0877368450165
Starting label LEVI, seed 1, iteration 1670, time: 2025.505461215973
Starting label LEVI, seed 1, iteration 1680, time: 2044.30859375
Starting label LEVI, seed 1, iteration 1690, time: 2063.1639778614044
Starting label LEVI, seed 1, iteration 1700, time: 2081.4784257411957
Starting label LEVI, seed 1, iteration 1710, time: 2099.9938819408417
Starting label LEVI, seed 1, iteration 1720, time: 2118.5854721069336
Starting label LEVI, seed 1, iteration 1730, time: 2138.121102809906
Starting label LEVI, seed 1, iteration 1740, time: 2157.3628072738647
Starting label LEVI, seed 1, iteration 1750, time: 2176.191267490387
Starting label LEVI, seed 1, iteration 1760, time: 2194.4544649124146
Starting label LEVI, seed 1, iteration 1770, time: 2212.8815689086914
Starting label LEVI, seed 1, iteration 1780, time: 2232.6678857803345
Starting label LEVI, seed 1, iteration 1790, time: 2251.0359678268433
Starting label LEVI, seed 1, iteration 1800, time: 2268.8283863067627
Starting label LEVI, seed 1, iteration 1810, time: 2287.802149295807
Starting label LEVI, seed 1, iteration 1820, time: 2308.4432315826416
Starting label LEVI, seed 1, iteration 1830, time: 2327.2487111091614
Starting label LEVI, seed 1, iteration 1840, time: 2346.106717824936
Starting label LEVI, seed 1, iteration 1850, time: 2363.6359906196594
Starting label LEVI, seed 1, iteration 1860, time: 2381.8851199150085
Starting label LEVI, seed 1, iteration 1870, time: 2400.005334377289
Starting label LEVI, seed 1, iteration 1880, time: 2417.300146341324
Starting label LEVI, seed 1, iteration 1890, time: 2434.7982234954834
Starting label LEVI, seed 1, iteration 1900, time: 2451.8414478302
Starting label LEVI, seed 1, iteration 1910, time: 2469.930459022522
Starting label LEVI, seed 1, iteration 1920, time: 2488.503659725189
Starting label LEVI, seed 1, iteration 1930, time: 2507.27375292778
Starting label LEVI, seed 1, iteration 1940, time: 2527.3029930591583
Starting label LEVI, seed 1, iteration 1950, time: 2547.726155757904
Starting label LEVI, seed 1, iteration 1960, time: 2569.9431517124176
Starting label LEVI, seed 1, iteration 1970, time: 2590.77361869812
Starting label LEVI, seed 1, iteration 1980, time: 2610.0729072093964
Starting label LEVI, seed 1, iteration 1990, time: 2630.0094203948975
submitit INFO (2022-10-02 14:04:51,087) - Job completed successfully
