submitit INFO (2022-10-02 04:24:23,540) - Starting with JobEnvironment(job_id=884077_4, hostname=snavely-compute-01.tech.cornell.edu, local_rank=0(1), node=0(1), global_rank=0(1))
submitit INFO (2022-10-02 04:24:23,541) - Loading pickle: /home/gid-cakmaks/contextual_rs/experiments/wsc_experiments/logs/884077_4/884077_4_submitted.pkl
Appending iterations to existing output!Warning: If parameters other than `iterations` have been changed, this will corrupt the output!
Starting label LEVI, seed 84, iteration 450, time: 247.69338250160217
Starting label LEVI, seed 84, iteration 460, time: 254.26009511947632
Starting label LEVI, seed 84, iteration 470, time: 260.8199391365051
Starting label LEVI, seed 84, iteration 480, time: 267.5500476360321
Starting label LEVI, seed 84, iteration 490, time: 274.32903599739075
Starting label LEVI, seed 84, iteration 500, time: 281.28629541397095
Starting label LEVI, seed 84, iteration 510, time: 288.12033247947693
Starting label LEVI, seed 84, iteration 520, time: 295.12737345695496
Starting label LEVI, seed 84, iteration 530, time: 301.9479625225067
Starting label LEVI, seed 84, iteration 540, time: 308.21080231666565
Starting label LEVI, seed 84, iteration 550, time: 314.59315276145935
Starting label LEVI, seed 84, iteration 560, time: 320.9371521472931
Starting label LEVI, seed 84, iteration 570, time: 327.63710498809814
Starting label LEVI, seed 84, iteration 580, time: 334.4925317764282
Starting label LEVI, seed 84, iteration 590, time: 341.3519387245178
Starting label LEVI, seed 84, iteration 600, time: 348.2323133945465
Starting label LEVI, seed 84, iteration 610, time: 355.1611123085022
Starting label LEVI, seed 84, iteration 620, time: 361.94095826148987
Starting label LEVI, seed 84, iteration 630, time: 369.0000436306
Starting label LEVI, seed 84, iteration 640, time: 376.0560600757599
Starting label LEVI, seed 84, iteration 650, time: 383.2320988178253
Starting label LEVI, seed 84, iteration 660, time: 390.1404621601105
Starting label LEVI, seed 84, iteration 670, time: 397.1825625896454
Starting label LEVI, seed 84, iteration 680, time: 404.3049771785736
Starting label LEVI, seed 84, iteration 690, time: 411.0382525920868
Starting label LEVI, seed 84, iteration 700, time: 418.1053991317749
Starting label LEVI, seed 84, iteration 710, time: 425.1415903568268
Starting label LEVI, seed 84, iteration 720, time: 432.3102641105652
Starting label LEVI, seed 84, iteration 730, time: 439.20390224456787
Starting label LEVI, seed 84, iteration 740, time: 446.2030174732208
Starting label LEVI, seed 84, iteration 750, time: 453.41908168792725
Starting label LEVI, seed 84, iteration 760, time: 460.87679052352905
Starting label LEVI, seed 84, iteration 770, time: 468.0445728302002
Starting label LEVI, seed 84, iteration 780, time: 475.1013526916504
Starting label LEVI, seed 84, iteration 790, time: 482.1970624923706
Starting label LEVI, seed 84, iteration 800, time: 489.3277051448822
Starting label LEVI, seed 84, iteration 810, time: 496.1785497665405
Starting label LEVI, seed 84, iteration 820, time: 502.8595862388611
Starting label LEVI, seed 84, iteration 830, time: 509.55893301963806
Starting label LEVI, seed 84, iteration 840, time: 516.2613046169281
Starting label LEVI, seed 84, iteration 850, time: 523.2601659297943
Starting label LEVI, seed 84, iteration 860, time: 530.7196140289307
Starting label LEVI, seed 84, iteration 870, time: 537.4351980686188
Starting label LEVI, seed 84, iteration 880, time: 544.1926746368408
Starting label LEVI, seed 84, iteration 890, time: 551.0749707221985
Starting label LEVI, seed 84, iteration 900, time: 557.7721977233887
Starting label LEVI, seed 84, iteration 910, time: 564.5820307731628
Starting label LEVI, seed 84, iteration 920, time: 571.6159143447876
Starting label LEVI, seed 84, iteration 930, time: 578.6193923950195
Starting label LEVI, seed 84, iteration 940, time: 585.5713536739349
Starting label LEVI, seed 84, iteration 950, time: 592.5352478027344
Starting label LEVI, seed 84, iteration 960, time: 599.7581305503845
Starting label LEVI, seed 84, iteration 970, time: 607.0595335960388
Starting label LEVI, seed 84, iteration 980, time: 615.320383310318
Starting label LEVI, seed 84, iteration 990, time: 623.63059258461
Starting label LEVI, seed 84, iteration 1000, time: 631.609311580658
Starting label LEVI, seed 84, iteration 1010, time: 639.5428304672241
Starting label LEVI, seed 84, iteration 1020, time: 647.4398350715637
Starting label LEVI, seed 84, iteration 1030, time: 655.161337852478
Starting label LEVI, seed 84, iteration 1040, time: 663.0182931423187
Starting label LEVI, seed 84, iteration 1050, time: 671.1588649749756
Starting label LEVI, seed 84, iteration 1060, time: 679.781308889389
Starting label LEVI, seed 84, iteration 1070, time: 688.673529624939
Starting label LEVI, seed 84, iteration 1080, time: 698.1547439098358
Starting label LEVI, seed 84, iteration 1090, time: 707.1173586845398
Starting label LEVI, seed 84, iteration 1100, time: 715.7518191337585
Starting label LEVI, seed 84, iteration 1110, time: 724.3225436210632
Starting label LEVI, seed 84, iteration 1120, time: 733.0898659229279
Starting label LEVI, seed 84, iteration 1130, time: 741.7217798233032
Starting label LEVI, seed 84, iteration 1140, time: 750.2316296100616
Starting label LEVI, seed 84, iteration 1150, time: 758.9519927501678
Starting label LEVI, seed 84, iteration 1160, time: 767.726726770401
Starting label LEVI, seed 84, iteration 1170, time: 776.3184998035431
Starting label LEVI, seed 84, iteration 1180, time: 785.0315992832184
Starting label LEVI, seed 84, iteration 1190, time: 794.9266242980957
Starting label LEVI, seed 84, iteration 1200, time: 805.8790185451508
Starting label LEVI, seed 84, iteration 1210, time: 816.2385923862457
Starting label LEVI, seed 84, iteration 1220, time: 825.9037892818451
Starting label LEVI, seed 84, iteration 1230, time: 834.4738056659698
Starting label LEVI, seed 84, iteration 1240, time: 843.264467716217
Starting label LEVI, seed 84, iteration 1250, time: 853.3024799823761
Starting label LEVI, seed 84, iteration 1260, time: 862.8226625919342
Starting label LEVI, seed 84, iteration 1270, time: 873.0338401794434
Starting label LEVI, seed 84, iteration 1280, time: 882.617844581604
Starting label LEVI, seed 84, iteration 1290, time: 893.9872765541077
Starting label LEVI, seed 84, iteration 1300, time: 905.1112043857574
Starting label LEVI, seed 84, iteration 1310, time: 914.9994904994965
Starting label LEVI, seed 84, iteration 1320, time: 924.5924940109253
Starting label LEVI, seed 84, iteration 1330, time: 934.4259386062622
Starting label LEVI, seed 84, iteration 1340, time: 944.1154925823212
Starting label LEVI, seed 84, iteration 1350, time: 953.940580368042
Starting label LEVI, seed 84, iteration 1360, time: 964.102196931839
Starting label LEVI, seed 84, iteration 1370, time: 973.9819014072418
Starting label LEVI, seed 84, iteration 1380, time: 983.8671352863312
Starting label LEVI, seed 84, iteration 1390, time: 993.3280568122864
Starting label LEVI, seed 84, iteration 1400, time: 1002.6470155715942
Starting label LEVI, seed 84, iteration 1410, time: 1011.389139175415
Starting label LEVI, seed 84, iteration 1420, time: 1020.9292538166046
Starting label LEVI, seed 84, iteration 1430, time: 1029.9560568332672
Starting label LEVI, seed 84, iteration 1440, time: 1038.7386689186096
Starting label LEVI, seed 84, iteration 1450, time: 1047.8179349899292
Starting label LEVI, seed 84, iteration 1460, time: 1056.9113337993622
Starting label LEVI, seed 84, iteration 1470, time: 1066.282487154007
Starting label LEVI, seed 84, iteration 1480, time: 1075.5537450313568
Starting label LEVI, seed 84, iteration 1490, time: 1085.3885774612427
Starting label LEVI, seed 84, iteration 1500, time: 1094.7190232276917
Starting label LEVI, seed 84, iteration 1510, time: 1103.6795890331268
Starting label LEVI, seed 84, iteration 1520, time: 1112.740063905716
Starting label LEVI, seed 84, iteration 1530, time: 1121.6492660045624
Starting label LEVI, seed 84, iteration 1540, time: 1130.1158394813538
Starting label LEVI, seed 84, iteration 1550, time: 1138.6680085659027
Starting label LEVI, seed 84, iteration 1560, time: 1147.3428518772125
Starting label LEVI, seed 84, iteration 1570, time: 1156.5597059726715
Starting label LEVI, seed 84, iteration 1580, time: 1166.2320337295532
Starting label LEVI, seed 84, iteration 1590, time: 1175.689870595932
Starting label LEVI, seed 84, iteration 1600, time: 1184.670658826828
Starting label LEVI, seed 84, iteration 1610, time: 1194.0911786556244
Starting label LEVI, seed 84, iteration 1620, time: 1203.3220105171204
Starting label LEVI, seed 84, iteration 1630, time: 1213.3393177986145
Starting label LEVI, seed 84, iteration 1640, time: 1223.7882945537567
Starting label LEVI, seed 84, iteration 1650, time: 1233.4959864616394
Starting label LEVI, seed 84, iteration 1660, time: 1243.5576434135437
Starting label LEVI, seed 84, iteration 1670, time: 1252.8090419769287
Starting label LEVI, seed 84, iteration 1680, time: 1263.5017416477203
Starting label LEVI, seed 84, iteration 1690, time: 1274.0878748893738
Starting label LEVI, seed 84, iteration 1700, time: 1285.3401589393616
Starting label LEVI, seed 84, iteration 1710, time: 1296.7850823402405
Starting label LEVI, seed 84, iteration 1720, time: 1307.1527788639069
Starting label LEVI, seed 84, iteration 1730, time: 1318.3381819725037
Starting label LEVI, seed 84, iteration 1740, time: 1329.2084319591522
Starting label LEVI, seed 84, iteration 1750, time: 1339.6435499191284
Starting label LEVI, seed 84, iteration 1760, time: 1351.403323173523
Starting label LEVI, seed 84, iteration 1770, time: 1362.7409737110138
Starting label LEVI, seed 84, iteration 1780, time: 1373.7625761032104
Starting label LEVI, seed 84, iteration 1790, time: 1384.9560203552246
Starting label LEVI, seed 84, iteration 1800, time: 1396.4666697978973
Starting label LEVI, seed 84, iteration 1810, time: 1407.5789709091187
Starting label LEVI, seed 84, iteration 1820, time: 1418.415573835373
Starting label LEVI, seed 84, iteration 1830, time: 1429.6303579807281
Starting label LEVI, seed 84, iteration 1840, time: 1440.8102941513062
Starting label LEVI, seed 84, iteration 1850, time: 1452.3099353313446
Starting label LEVI, seed 84, iteration 1860, time: 1463.6525738239288
Starting label LEVI, seed 84, iteration 1870, time: 1476.9589757919312
Starting label LEVI, seed 84, iteration 1880, time: 1490.1181647777557
Starting label LEVI, seed 84, iteration 1890, time: 1500.2444069385529
Starting label LEVI, seed 84, iteration 1900, time: 1511.2102236747742
Starting label LEVI, seed 84, iteration 1910, time: 1522.2963683605194
Starting label LEVI, seed 84, iteration 1920, time: 1533.5398604869843
Starting label LEVI, seed 84, iteration 1930, time: 1545.011361837387
Starting label LEVI, seed 84, iteration 1940, time: 1556.101603269577
Starting label LEVI, seed 84, iteration 1950, time: 1567.2469923496246
Starting label LEVI, seed 84, iteration 1960, time: 1578.4728546142578
Starting label LEVI, seed 84, iteration 1970, time: 1590.1210720539093
Starting label LEVI, seed 84, iteration 1980, time: 1601.6750202178955
Starting label LEVI, seed 84, iteration 1990, time: 1613.2565619945526
submitit INFO (2022-10-02 04:47:25,063) - Job completed successfully
