submitit INFO (2022-10-02 01:23:09,938) - Starting with JobEnvironment(job_id=883419_3, hostname=snavely-compute-01.tech.cornell.edu, local_rank=0(1), node=0(1), global_rank=0(1))
submitit INFO (2022-10-02 01:23:09,938) - Loading pickle: /home/gid-cakmaks/contextual_rs/experiments/wsc_experiments/logs/883419_3/883419_3_submitted.pkl
Starting label LEVI, seed 3, iteration 0, time: 0.007858753204345703
Starting label LEVI, seed 3, iteration 10, time: 5.33441686630249
Starting label LEVI, seed 3, iteration 20, time: 11.28758955001831
Starting label LEVI, seed 3, iteration 30, time: 17.037178993225098
Starting label LEVI, seed 3, iteration 40, time: 22.59314799308777
Starting label LEVI, seed 3, iteration 50, time: 28.10196852684021
Starting label LEVI, seed 3, iteration 60, time: 33.722471475601196
Starting label LEVI, seed 3, iteration 70, time: 39.63153910636902
Starting label LEVI, seed 3, iteration 80, time: 45.83485269546509
Starting label LEVI, seed 3, iteration 90, time: 51.985039710998535
Starting label LEVI, seed 3, iteration 100, time: 58.276772022247314
Starting label LEVI, seed 3, iteration 110, time: 64.42795419692993
Starting label LEVI, seed 3, iteration 120, time: 70.63132953643799
Starting label LEVI, seed 3, iteration 130, time: 76.93750643730164
Starting label LEVI, seed 3, iteration 140, time: 83.52811050415039
Starting label LEVI, seed 3, iteration 150, time: 90.10218644142151
Starting label LEVI, seed 3, iteration 160, time: 96.66738605499268
Starting label LEVI, seed 3, iteration 170, time: 103.2831015586853
Starting label LEVI, seed 3, iteration 180, time: 109.93522071838379
Starting label LEVI, seed 3, iteration 190, time: 117.10151171684265
Starting label LEVI, seed 3, iteration 200, time: 124.12978267669678
Starting label LEVI, seed 3, iteration 210, time: 130.88652443885803
Starting label LEVI, seed 3, iteration 220, time: 137.6542341709137
Starting label LEVI, seed 3, iteration 230, time: 144.67057538032532
Starting label LEVI, seed 3, iteration 240, time: 152.00799751281738
Starting label LEVI, seed 3, iteration 250, time: 159.35408306121826
Starting label LEVI, seed 3, iteration 260, time: 166.338769197464
Starting label LEVI, seed 3, iteration 270, time: 173.6283802986145
Starting label LEVI, seed 3, iteration 280, time: 181.30026698112488
Starting label LEVI, seed 3, iteration 290, time: 188.70925879478455
Starting label LEVI, seed 3, iteration 300, time: 196.23642897605896
Starting label LEVI, seed 3, iteration 310, time: 203.65497517585754
Starting label LEVI, seed 3, iteration 320, time: 211.1434404850006
Starting label LEVI, seed 3, iteration 330, time: 218.69908356666565
Starting label LEVI, seed 3, iteration 340, time: 226.17877531051636
Starting label LEVI, seed 3, iteration 350, time: 233.75644040107727
Starting label LEVI, seed 3, iteration 360, time: 241.02489972114563
Starting label LEVI, seed 3, iteration 370, time: 248.42095494270325
Starting label LEVI, seed 3, iteration 380, time: 255.8021080493927
Starting label LEVI, seed 3, iteration 390, time: 263.3139832019806
Starting label LEVI, seed 3, iteration 400, time: 270.92554450035095
Starting label LEVI, seed 3, iteration 410, time: 278.3345785140991
Starting label LEVI, seed 3, iteration 420, time: 285.63588070869446
Starting label LEVI, seed 3, iteration 430, time: 292.9842414855957
Starting label LEVI, seed 3, iteration 440, time: 300.5655870437622
Starting label LEVI, seed 3, iteration 450, time: 308.0710837841034
Starting label LEVI, seed 3, iteration 460, time: 315.5462508201599
Starting label LEVI, seed 3, iteration 470, time: 323.0766763687134
Starting label LEVI, seed 3, iteration 480, time: 330.7764115333557
Starting label LEVI, seed 3, iteration 490, time: 338.5311470031738
Starting label LEVI, seed 3, iteration 500, time: 346.25468277931213
Starting label LEVI, seed 3, iteration 510, time: 354.0505964756012
Starting label LEVI, seed 3, iteration 520, time: 361.5536825656891
Starting label LEVI, seed 3, iteration 530, time: 369.24590134620667
Starting label LEVI, seed 3, iteration 540, time: 376.96056151390076
Starting label LEVI, seed 3, iteration 550, time: 384.72070121765137
Starting label LEVI, seed 3, iteration 560, time: 392.8438415527344
Starting label LEVI, seed 3, iteration 570, time: 400.63977122306824
Starting label LEVI, seed 3, iteration 580, time: 408.3574011325836
Starting label LEVI, seed 3, iteration 590, time: 416.05764961242676
Starting label LEVI, seed 3, iteration 600, time: 424.0746850967407
Starting label LEVI, seed 3, iteration 610, time: 431.83141469955444
Starting label LEVI, seed 3, iteration 620, time: 439.53468680381775
Starting label LEVI, seed 3, iteration 630, time: 447.2530212402344
Starting label LEVI, seed 3, iteration 640, time: 455.01766872406006
Starting label LEVI, seed 3, iteration 650, time: 492.09095525741577
Starting label LEVI, seed 3, iteration 660, time: 598.2585160732269
Starting label LEVI, seed 3, iteration 670, time: 605.863089799881
Starting label LEVI, seed 3, iteration 680, time: 614.7697038650513
Starting label LEVI, seed 3, iteration 690, time: 622.8571560382843
Starting label LEVI, seed 3, iteration 700, time: 630.4191358089447
Starting label LEVI, seed 3, iteration 710, time: 638.469911813736
Starting label LEVI, seed 3, iteration 720, time: 685.5672976970673
Starting label LEVI, seed 3, iteration 730, time: 891.3236374855042
Starting label LEVI, seed 3, iteration 740, time: 1088.5926446914673
Starting label LEVI, seed 3, iteration 750, time: 1297.7883474826813
Starting label LEVI, seed 3, iteration 760, time: 1503.912750005722
submitit WARNING (2022-10-02 01:49:22,677) - Bypassing signal SIGTERM
submitit WARNING (2022-10-02 01:49:22,677) - Bypassing signal SIGCONT
