submitit INFO (2022-10-02 01:49:59,538) - Starting with JobEnvironment(job_id=883540_5, hostname=joachims-compute-02.cs.cornell.edu, local_rank=0(1), node=0(1), global_rank=0(1))
submitit INFO (2022-10-02 01:49:59,538) - Loading pickle: /home/gid-cakmaks/contextual_rs/experiments/wsc_experiments/logs/883540_5/883540_5_submitted.pkl
Starting label LEVI, seed 25, iteration 0, time: 0.0028655529022216797
Starting label LEVI, seed 25, iteration 10, time: 5.378671407699585
Starting label LEVI, seed 25, iteration 20, time: 10.773338556289673
Starting label LEVI, seed 25, iteration 30, time: 16.06082558631897
Starting label LEVI, seed 25, iteration 40, time: 21.535693883895874
Starting label LEVI, seed 25, iteration 50, time: 27.17965054512024
Starting label LEVI, seed 25, iteration 60, time: 32.76180648803711
Starting label LEVI, seed 25, iteration 70, time: 38.340606689453125
Starting label LEVI, seed 25, iteration 80, time: 43.743366956710815
Starting label LEVI, seed 25, iteration 90, time: 48.947351932525635
Starting label LEVI, seed 25, iteration 100, time: 54.360538959503174
Starting label LEVI, seed 25, iteration 110, time: 59.73223090171814
Starting label LEVI, seed 25, iteration 120, time: 65.36870455741882
Starting label LEVI, seed 25, iteration 130, time: 71.16584324836731
Starting label LEVI, seed 25, iteration 140, time: 77.02373719215393
Starting label LEVI, seed 25, iteration 150, time: 82.69129228591919
Starting label LEVI, seed 25, iteration 160, time: 88.42772221565247
Starting label LEVI, seed 25, iteration 170, time: 94.17045187950134
Starting label LEVI, seed 25, iteration 180, time: 99.8844268321991
Starting label LEVI, seed 25, iteration 190, time: 105.73106217384338
Starting label LEVI, seed 25, iteration 200, time: 111.74108481407166
Starting label LEVI, seed 25, iteration 210, time: 117.63479709625244
Starting label LEVI, seed 25, iteration 220, time: 123.2608790397644
Starting label LEVI, seed 25, iteration 230, time: 129.22157049179077
Starting label LEVI, seed 25, iteration 240, time: 135.07508373260498
Starting label LEVI, seed 25, iteration 250, time: 141.08870363235474
Starting label LEVI, seed 25, iteration 260, time: 147.03395318984985
Starting label LEVI, seed 25, iteration 270, time: 153.02538967132568
Starting label LEVI, seed 25, iteration 280, time: 159.08454728126526
Starting label LEVI, seed 25, iteration 290, time: 165.4185667037964
Starting label LEVI, seed 25, iteration 300, time: 171.67635917663574
Starting label LEVI, seed 25, iteration 310, time: 178.08516311645508
Starting label LEVI, seed 25, iteration 320, time: 184.53529143333435
Starting label LEVI, seed 25, iteration 330, time: 191.09757471084595
Starting label LEVI, seed 25, iteration 340, time: 197.76642560958862
Starting label LEVI, seed 25, iteration 350, time: 204.21203875541687
Starting label LEVI, seed 25, iteration 360, time: 210.8399691581726
Starting label LEVI, seed 25, iteration 370, time: 217.34044575691223
Starting label LEVI, seed 25, iteration 380, time: 223.7421281337738
Starting label LEVI, seed 25, iteration 390, time: 230.18790221214294
Starting label LEVI, seed 25, iteration 400, time: 236.82935428619385
Starting label LEVI, seed 25, iteration 410, time: 243.43404722213745
Starting label LEVI, seed 25, iteration 420, time: 249.85629177093506
Starting label LEVI, seed 25, iteration 430, time: 256.6088271141052
Starting label LEVI, seed 25, iteration 440, time: 263.52740812301636
Starting label LEVI, seed 25, iteration 450, time: 270.4530129432678
Starting label LEVI, seed 25, iteration 460, time: 277.3898506164551
Starting label LEVI, seed 25, iteration 470, time: 284.7195463180542
Starting label LEVI, seed 25, iteration 480, time: 291.8521988391876
Starting label LEVI, seed 25, iteration 490, time: 298.8436539173126
Starting label LEVI, seed 25, iteration 500, time: 305.89959716796875
submitit WARNING (2022-10-02 01:55:12,460) - Bypassing signal SIGCONT
submitit WARNING (2022-10-02 01:55:12,525) - Bypassing signal SIGTERM
Starting label LEVI, seed 25, iteration 510, time: 312.8169102668762
Starting label LEVI, seed 25, iteration 520, time: 319.7134847640991
Starting label LEVI, seed 25, iteration 530, time: 326.4652383327484
Starting label LEVI, seed 25, iteration 540, time: 333.6144902706146
