submitit INFO (2022-10-02 13:27:42,296) - Starting with JobEnvironment(job_id=884571_7, hostname=hariharan-compute-03.cs.cornell.edu, local_rank=0(1), node=0(1), global_rank=0(1))
submitit INFO (2022-10-02 13:27:42,296) - Loading pickle: /home/gid-cakmaks/contextual_rs/experiments/wsc_experiments/logs/884571_7/884571_7_submitted.pkl
Appending iterations to existing output!Warning: If parameters other than `iterations` have been changed, this will corrupt the output!
Starting label LEVI, seed 57, iteration 870, time: 307.44691944122314
Starting label LEVI, seed 57, iteration 880, time: 312.4915771484375
Starting label LEVI, seed 57, iteration 890, time: 316.9122393131256
Starting label LEVI, seed 57, iteration 900, time: 321.1237564086914
Starting label LEVI, seed 57, iteration 910, time: 325.4472396373749
Starting label LEVI, seed 57, iteration 920, time: 329.91889214515686
Starting label LEVI, seed 57, iteration 930, time: 334.2734386920929
Starting label LEVI, seed 57, iteration 940, time: 339.01971554756165
Starting label LEVI, seed 57, iteration 950, time: 343.8636655807495
Starting label LEVI, seed 57, iteration 960, time: 348.31038212776184
Starting label LEVI, seed 57, iteration 970, time: 352.848908662796
Starting label LEVI, seed 57, iteration 980, time: 357.6261098384857
Starting label LEVI, seed 57, iteration 990, time: 362.3733150959015
Starting label LEVI, seed 57, iteration 1000, time: 367.24698400497437
Starting label LEVI, seed 57, iteration 1010, time: 372.2120785713196
Starting label LEVI, seed 57, iteration 1020, time: 377.12948417663574
Starting label LEVI, seed 57, iteration 1030, time: 381.89199018478394
Starting label LEVI, seed 57, iteration 1040, time: 386.385470867157
Starting label LEVI, seed 57, iteration 1050, time: 391.25656509399414
Starting label LEVI, seed 57, iteration 1060, time: 396.38689708709717
Starting label LEVI, seed 57, iteration 1070, time: 401.23945355415344
Starting label LEVI, seed 57, iteration 1080, time: 406.0461494922638
Starting label LEVI, seed 57, iteration 1090, time: 410.6550712585449
Starting label LEVI, seed 57, iteration 1100, time: 415.645987033844
Starting label LEVI, seed 57, iteration 1110, time: 420.56551694869995
Starting label LEVI, seed 57, iteration 1120, time: 425.48787236213684
Starting label LEVI, seed 57, iteration 1130, time: 430.26313400268555
Starting label LEVI, seed 57, iteration 1140, time: 435.0374550819397
Starting label LEVI, seed 57, iteration 1150, time: 439.8238763809204
Starting label LEVI, seed 57, iteration 1160, time: 444.5419251918793
Starting label LEVI, seed 57, iteration 1170, time: 449.28542399406433
Starting label LEVI, seed 57, iteration 1180, time: 454.24618268013
Starting label LEVI, seed 57, iteration 1190, time: 459.15694522857666
Starting label LEVI, seed 57, iteration 1200, time: 463.988383769989
Starting label LEVI, seed 57, iteration 1210, time: 468.8506679534912
Starting label LEVI, seed 57, iteration 1220, time: 473.85429191589355
Starting label LEVI, seed 57, iteration 1230, time: 479.0012412071228
Starting label LEVI, seed 57, iteration 1240, time: 483.81278824806213
Starting label LEVI, seed 57, iteration 1250, time: 489.022584438324
Starting label LEVI, seed 57, iteration 1260, time: 494.2297360897064
Starting label LEVI, seed 57, iteration 1270, time: 499.40731143951416
Starting label LEVI, seed 57, iteration 1280, time: 504.9341733455658
Starting label LEVI, seed 57, iteration 1290, time: 510.2518820762634
Starting label LEVI, seed 57, iteration 1300, time: 515.4404375553131
Starting label LEVI, seed 57, iteration 1310, time: 520.6994769573212
Starting label LEVI, seed 57, iteration 1320, time: 525.8369138240814
Starting label LEVI, seed 57, iteration 1330, time: 531.1867156028748
Starting label LEVI, seed 57, iteration 1340, time: 536.6574692726135
Starting label LEVI, seed 57, iteration 1350, time: 542.0159196853638
Starting label LEVI, seed 57, iteration 1360, time: 547.5547890663147
Starting label LEVI, seed 57, iteration 1370, time: 553.0125000476837
Starting label LEVI, seed 57, iteration 1380, time: 558.0876007080078
Starting label LEVI, seed 57, iteration 1390, time: 563.4727478027344
Starting label LEVI, seed 57, iteration 1400, time: 569.1790142059326
Starting label LEVI, seed 57, iteration 1410, time: 574.622575044632
Starting label LEVI, seed 57, iteration 1420, time: 580.6093037128448
Starting label LEVI, seed 57, iteration 1430, time: 586.0332608222961
Starting label LEVI, seed 57, iteration 1440, time: 592.1524398326874
Starting label LEVI, seed 57, iteration 1450, time: 598.5605435371399
Starting label LEVI, seed 57, iteration 1460, time: 604.5946183204651
Starting label LEVI, seed 57, iteration 1470, time: 610.1036038398743
Starting label LEVI, seed 57, iteration 1480, time: 616.1207497119904
Starting label LEVI, seed 57, iteration 1490, time: 621.7169773578644
Starting label LEVI, seed 57, iteration 1500, time: 628.0942342281342
Starting label LEVI, seed 57, iteration 1510, time: 633.5532310009003
Starting label LEVI, seed 57, iteration 1520, time: 639.3891518115997
Starting label LEVI, seed 57, iteration 1530, time: 645.6981172561646
Starting label LEVI, seed 57, iteration 1540, time: 651.4944727420807
Starting label LEVI, seed 57, iteration 1550, time: 657.6072127819061
Starting label LEVI, seed 57, iteration 1560, time: 663.4750125408173
Starting label LEVI, seed 57, iteration 1570, time: 669.1085875034332
Starting label LEVI, seed 57, iteration 1580, time: 675.206949710846
Starting label LEVI, seed 57, iteration 1590, time: 681.4645583629608
Starting label LEVI, seed 57, iteration 1600, time: 687.5594534873962
Starting label LEVI, seed 57, iteration 1610, time: 693.5182685852051
Starting label LEVI, seed 57, iteration 1620, time: 699.3437962532043
Starting label LEVI, seed 57, iteration 1630, time: 706.1791334152222
Starting label LEVI, seed 57, iteration 1640, time: 712.4459235668182
Starting label LEVI, seed 57, iteration 1650, time: 718.7947602272034
Starting label LEVI, seed 57, iteration 1660, time: 725.1059193611145
Starting label LEVI, seed 57, iteration 1670, time: 731.7539911270142
Starting label LEVI, seed 57, iteration 1680, time: 738.2687358856201
Starting label LEVI, seed 57, iteration 1690, time: 745.1585094928741
Starting label LEVI, seed 57, iteration 1700, time: 751.5214266777039
Starting label LEVI, seed 57, iteration 1710, time: 757.8450930118561
Starting label LEVI, seed 57, iteration 1720, time: 764.2715928554535
Starting label LEVI, seed 57, iteration 1730, time: 769.9718458652496
Starting label LEVI, seed 57, iteration 1740, time: 776.1068015098572
Starting label LEVI, seed 57, iteration 1750, time: 782.742436170578
Starting label LEVI, seed 57, iteration 1760, time: 789.9228355884552
Starting label LEVI, seed 57, iteration 1770, time: 796.4809744358063
Starting label LEVI, seed 57, iteration 1780, time: 803.2352554798126
Starting label LEVI, seed 57, iteration 1790, time: 809.5979721546173
Starting label LEVI, seed 57, iteration 1800, time: 816.0609917640686
Starting label LEVI, seed 57, iteration 1810, time: 822.3492302894592
Starting label LEVI, seed 57, iteration 1820, time: 828.4806323051453
Starting label LEVI, seed 57, iteration 1830, time: 835.8099882602692
Starting label LEVI, seed 57, iteration 1840, time: 842.925529718399
Starting label LEVI, seed 57, iteration 1850, time: 849.9603176116943
Starting label LEVI, seed 57, iteration 1860, time: 856.6274130344391
Starting label LEVI, seed 57, iteration 1870, time: 864.0477161407471
Starting label LEVI, seed 57, iteration 1880, time: 870.9548978805542
Starting label LEVI, seed 57, iteration 1890, time: 878.4499521255493
Starting label LEVI, seed 57, iteration 1900, time: 884.8237426280975
Starting label LEVI, seed 57, iteration 1910, time: 891.3484179973602
Starting label LEVI, seed 57, iteration 1920, time: 898.6552803516388
Starting label LEVI, seed 57, iteration 1930, time: 905.9682762622833
Starting label LEVI, seed 57, iteration 1940, time: 912.6998002529144
Starting label LEVI, seed 57, iteration 1950, time: 919.6468739509583
Starting label LEVI, seed 57, iteration 1960, time: 926.9871497154236
Starting label LEVI, seed 57, iteration 1970, time: 934.5489230155945
Starting label LEVI, seed 57, iteration 1980, time: 941.9398767948151
Starting label LEVI, seed 57, iteration 1990, time: 949.3865811824799
submitit INFO (2022-10-02 13:38:35,796) - Job completed successfully
