submitit INFO (2022-10-02 01:23:09,659) - Starting with JobEnvironment(job_id=883419_2, hostname=nikola-compute-01.cs.cornell.edu, local_rank=0(1), node=0(1), global_rank=0(1))
submitit INFO (2022-10-02 01:23:09,659) - Loading pickle: /home/gid-cakmaks/contextual_rs/experiments/wsc_experiments/logs/883419_2/883419_2_submitted.pkl
Starting label LEVI, seed 2, iteration 0, time: 0.00801849365234375
Starting label LEVI, seed 2, iteration 10, time: 5.068421363830566
Starting label LEVI, seed 2, iteration 20, time: 9.783007621765137
Starting label LEVI, seed 2, iteration 30, time: 14.205073833465576
Starting label LEVI, seed 2, iteration 40, time: 18.83675241470337
Starting label LEVI, seed 2, iteration 50, time: 23.408467292785645
Starting label LEVI, seed 2, iteration 60, time: 28.03476357460022
Starting label LEVI, seed 2, iteration 70, time: 32.8567910194397
Starting label LEVI, seed 2, iteration 80, time: 37.64422011375427
Starting label LEVI, seed 2, iteration 90, time: 42.67426419258118
Starting label LEVI, seed 2, iteration 100, time: 47.761473417282104
Starting label LEVI, seed 2, iteration 110, time: 52.430527210235596
Starting label LEVI, seed 2, iteration 120, time: 57.337565183639526
Starting label LEVI, seed 2, iteration 130, time: 62.400667905807495
Starting label LEVI, seed 2, iteration 140, time: 67.89607071876526
Starting label LEVI, seed 2, iteration 150, time: 73.45686650276184
Starting label LEVI, seed 2, iteration 160, time: 78.92197799682617
Starting label LEVI, seed 2, iteration 170, time: 84.29379463195801
Starting label LEVI, seed 2, iteration 180, time: 89.54049062728882
Starting label LEVI, seed 2, iteration 190, time: 94.72852325439453
Starting label LEVI, seed 2, iteration 200, time: 99.95674109458923
Starting label LEVI, seed 2, iteration 210, time: 105.03585386276245
Starting label LEVI, seed 2, iteration 220, time: 110.23820495605469
Starting label LEVI, seed 2, iteration 230, time: 115.53917241096497
Starting label LEVI, seed 2, iteration 240, time: 120.704097032547
Starting label LEVI, seed 2, iteration 250, time: 125.9192123413086
Starting label LEVI, seed 2, iteration 260, time: 131.17519640922546
Starting label LEVI, seed 2, iteration 270, time: 136.59710597991943
Starting label LEVI, seed 2, iteration 280, time: 142.2501997947693
Starting label LEVI, seed 2, iteration 290, time: 148.23093628883362
Starting label LEVI, seed 2, iteration 300, time: 154.12179517745972
Starting label LEVI, seed 2, iteration 310, time: 160.0745120048523
Starting label LEVI, seed 2, iteration 320, time: 166.26300716400146
Starting label LEVI, seed 2, iteration 330, time: 172.5485405921936
Starting label LEVI, seed 2, iteration 340, time: 178.63002228736877
Starting label LEVI, seed 2, iteration 350, time: 184.79312086105347
Starting label LEVI, seed 2, iteration 360, time: 190.9187958240509
Starting label LEVI, seed 2, iteration 370, time: 197.08012890815735
Starting label LEVI, seed 2, iteration 380, time: 203.21575260162354
Starting label LEVI, seed 2, iteration 390, time: 209.72046899795532
Starting label LEVI, seed 2, iteration 400, time: 215.83347392082214
Starting label LEVI, seed 2, iteration 410, time: 222.0367946624756
Starting label LEVI, seed 2, iteration 420, time: 228.21002984046936
Starting label LEVI, seed 2, iteration 430, time: 234.534893989563
Starting label LEVI, seed 2, iteration 440, time: 240.6890869140625
Starting label LEVI, seed 2, iteration 450, time: 247.4237060546875
Starting label LEVI, seed 2, iteration 460, time: 254.52161073684692
Starting label LEVI, seed 2, iteration 470, time: 261.58596110343933
Starting label LEVI, seed 2, iteration 480, time: 267.8741853237152
Starting label LEVI, seed 2, iteration 490, time: 274.3522460460663
Starting label LEVI, seed 2, iteration 500, time: 281.23347759246826
Starting label LEVI, seed 2, iteration 510, time: 287.7710704803467
Starting label LEVI, seed 2, iteration 520, time: 294.42115902900696
Starting label LEVI, seed 2, iteration 530, time: 303.63502526283264
Starting label LEVI, seed 2, iteration 540, time: 310.6216125488281
Starting label LEVI, seed 2, iteration 550, time: 318.9257616996765
Starting label LEVI, seed 2, iteration 560, time: 326.60994815826416
Starting label LEVI, seed 2, iteration 570, time: 332.81404209136963
Starting label LEVI, seed 2, iteration 580, time: 339.77099680900574
Starting label LEVI, seed 2, iteration 590, time: 345.7160906791687
Starting label LEVI, seed 2, iteration 600, time: 351.71607422828674
Starting label LEVI, seed 2, iteration 610, time: 357.71235966682434
Starting label LEVI, seed 2, iteration 620, time: 363.90072798728943
Starting label LEVI, seed 2, iteration 630, time: 370.0945599079132
Starting label LEVI, seed 2, iteration 640, time: 376.31628370285034
Starting label LEVI, seed 2, iteration 650, time: 382.76927757263184
Starting label LEVI, seed 2, iteration 660, time: 389.18456077575684
Starting label LEVI, seed 2, iteration 670, time: 395.7243242263794
Starting label LEVI, seed 2, iteration 680, time: 402.07038378715515
Starting label LEVI, seed 2, iteration 690, time: 408.7631585597992
Starting label LEVI, seed 2, iteration 700, time: 415.4223792552948
Starting label LEVI, seed 2, iteration 710, time: 421.8365032672882
Starting label LEVI, seed 2, iteration 720, time: 428.3190643787384
Starting label LEVI, seed 2, iteration 730, time: 434.79958033561707
Starting label LEVI, seed 2, iteration 740, time: 441.1361265182495
Starting label LEVI, seed 2, iteration 750, time: 447.44517159461975
Starting label LEVI, seed 2, iteration 760, time: 454.0806601047516
Starting label LEVI, seed 2, iteration 770, time: 460.90413641929626
Starting label LEVI, seed 2, iteration 780, time: 467.5590646266937
Starting label LEVI, seed 2, iteration 790, time: 473.9991295337677
Starting label LEVI, seed 2, iteration 800, time: 480.91138315200806
Starting label LEVI, seed 2, iteration 810, time: 505.41116857528687
Starting label LEVI, seed 2, iteration 820, time: 514.5200452804565
Starting label LEVI, seed 2, iteration 830, time: 521.5630922317505
Starting label LEVI, seed 2, iteration 840, time: 528.6669158935547
Starting label LEVI, seed 2, iteration 850, time: 536.3376019001007
Starting label LEVI, seed 2, iteration 860, time: 545.0529410839081
Starting label LEVI, seed 2, iteration 870, time: 554.1523962020874
Starting label LEVI, seed 2, iteration 880, time: 562.8467326164246
Starting label LEVI, seed 2, iteration 890, time: 571.2942674160004
Starting label LEVI, seed 2, iteration 900, time: 579.7392845153809
Starting label LEVI, seed 2, iteration 910, time: 588.7598843574524
Starting label LEVI, seed 2, iteration 920, time: 598.6227161884308
Starting label LEVI, seed 2, iteration 930, time: 607.3892951011658
Starting label LEVI, seed 2, iteration 940, time: 616.3481891155243
Starting label LEVI, seed 2, iteration 950, time: 627.6110954284668
Starting label LEVI, seed 2, iteration 960, time: 637.931218624115
Starting label LEVI, seed 2, iteration 970, time: 649.6284532546997
Starting label LEVI, seed 2, iteration 980, time: 660.3898241519928
Starting label LEVI, seed 2, iteration 990, time: 671.6215772628784
Starting label LEVI, seed 2, iteration 1000, time: 683.0832993984222
Starting label LEVI, seed 2, iteration 1010, time: 692.9957060813904
Starting label LEVI, seed 2, iteration 1020, time: 703.8313090801239
Starting label LEVI, seed 2, iteration 1030, time: 714.3913226127625
Starting label LEVI, seed 2, iteration 1040, time: 724.375429391861
Starting label LEVI, seed 2, iteration 1050, time: 735.6498141288757
Starting label LEVI, seed 2, iteration 1060, time: 745.001371383667
Starting label LEVI, seed 2, iteration 1070, time: 759.0341501235962
Starting label LEVI, seed 2, iteration 1080, time: 770.7065107822418
Starting label LEVI, seed 2, iteration 1090, time: 784.138453245163
Starting label LEVI, seed 2, iteration 1100, time: 797.1843137741089
Starting label LEVI, seed 2, iteration 1110, time: 808.9900453090668
Starting label LEVI, seed 2, iteration 1120, time: 820.774510383606
Starting label LEVI, seed 2, iteration 1130, time: 833.059107542038
Starting label LEVI, seed 2, iteration 1140, time: 845.1498086452484
Starting label LEVI, seed 2, iteration 1150, time: 858.231724023819
Starting label LEVI, seed 2, iteration 1160, time: 870.3978714942932
Starting label LEVI, seed 2, iteration 1170, time: 881.1295297145844
Starting label LEVI, seed 2, iteration 1180, time: 889.1020710468292
Starting label LEVI, seed 2, iteration 1190, time: 898.5500967502594
Starting label LEVI, seed 2, iteration 1200, time: 906.2646572589874
Starting label LEVI, seed 2, iteration 1210, time: 914.0385370254517
Starting label LEVI, seed 2, iteration 1220, time: 921.711724281311
Starting label LEVI, seed 2, iteration 1230, time: 929.7148933410645
Starting label LEVI, seed 2, iteration 1240, time: 937.2426085472107
Starting label LEVI, seed 2, iteration 1250, time: 944.3095076084137
Starting label LEVI, seed 2, iteration 1260, time: 951.4530348777771
Starting label LEVI, seed 2, iteration 1270, time: 959.0057244300842
Starting label LEVI, seed 2, iteration 1280, time: 966.2845067977905
Starting label LEVI, seed 2, iteration 1290, time: 973.3525938987732
Starting label LEVI, seed 2, iteration 1300, time: 980.7570948600769
Starting label LEVI, seed 2, iteration 1310, time: 990.1086196899414
Starting label LEVI, seed 2, iteration 1320, time: 997.5369427204132
Starting label LEVI, seed 2, iteration 1330, time: 1014.3050501346588
Starting label LEVI, seed 2, iteration 1340, time: 1030.7490742206573
Starting label LEVI, seed 2, iteration 1350, time: 1041.8122763633728
Starting label LEVI, seed 2, iteration 1360, time: 1049.6970965862274
Starting label LEVI, seed 2, iteration 1370, time: 1057.0287373065948
Starting label LEVI, seed 2, iteration 1380, time: 1064.3383421897888
Starting label LEVI, seed 2, iteration 1390, time: 1072.0607743263245
Starting label LEVI, seed 2, iteration 1400, time: 1079.351277589798
Starting label LEVI, seed 2, iteration 1410, time: 1086.9077472686768
Starting label LEVI, seed 2, iteration 1420, time: 1094.7704937458038
Starting label LEVI, seed 2, iteration 1430, time: 1102.7385847568512
Starting label LEVI, seed 2, iteration 1440, time: 1113.716322183609
Starting label LEVI, seed 2, iteration 1450, time: 1123.3028800487518
Starting label LEVI, seed 2, iteration 1460, time: 1133.2662374973297
Starting label LEVI, seed 2, iteration 1470, time: 1143.7353165149689
Starting label LEVI, seed 2, iteration 1480, time: 1151.163718700409
Starting label LEVI, seed 2, iteration 1490, time: 1158.3390183448792
Starting label LEVI, seed 2, iteration 1500, time: 1165.621072769165
Starting label LEVI, seed 2, iteration 1510, time: 1172.8463509082794
Starting label LEVI, seed 2, iteration 1520, time: 1180.3317782878876
Starting label LEVI, seed 2, iteration 1530, time: 1187.9668955802917
Starting label LEVI, seed 2, iteration 1540, time: 1195.4821426868439
Starting label LEVI, seed 2, iteration 1550, time: 1202.9113011360168
Starting label LEVI, seed 2, iteration 1560, time: 1210.9370093345642
Starting label LEVI, seed 2, iteration 1570, time: 1218.9297633171082
Starting label LEVI, seed 2, iteration 1580, time: 1228.3085548877716
Starting label LEVI, seed 2, iteration 1590, time: 1236.117877960205
Starting label LEVI, seed 2, iteration 1600, time: 1243.5734634399414
Starting label LEVI, seed 2, iteration 1610, time: 1250.648345708847
Starting label LEVI, seed 2, iteration 1620, time: 1258.6221117973328
Starting label LEVI, seed 2, iteration 1630, time: 1266.4009313583374
Starting label LEVI, seed 2, iteration 1640, time: 1273.8324825763702
Starting label LEVI, seed 2, iteration 1650, time: 1281.6118483543396
Starting label LEVI, seed 2, iteration 1660, time: 1289.0629291534424
Starting label LEVI, seed 2, iteration 1670, time: 1296.6948027610779
Starting label LEVI, seed 2, iteration 1680, time: 1304.471669435501
Starting label LEVI, seed 2, iteration 1690, time: 1312.7087881565094
Starting label LEVI, seed 2, iteration 1700, time: 1320.9381461143494
Starting label LEVI, seed 2, iteration 1710, time: 1330.212816476822
Starting label LEVI, seed 2, iteration 1720, time: 1339.3364284038544
Starting label LEVI, seed 2, iteration 1730, time: 1347.6495523452759
Starting label LEVI, seed 2, iteration 1740, time: 1355.6678402423859
Starting label LEVI, seed 2, iteration 1750, time: 1363.445925951004
Starting label LEVI, seed 2, iteration 1760, time: 1371.744030714035
Starting label LEVI, seed 2, iteration 1770, time: 1379.4515175819397
Starting label LEVI, seed 2, iteration 1780, time: 1387.4511511325836
Starting label LEVI, seed 2, iteration 1790, time: 1395.8245849609375
Starting label LEVI, seed 2, iteration 1800, time: 1405.721487045288
Starting label LEVI, seed 2, iteration 1810, time: 1415.069857597351
Starting label LEVI, seed 2, iteration 1820, time: 1424.054575920105
Starting label LEVI, seed 2, iteration 1830, time: 1432.955316543579
Starting label LEVI, seed 2, iteration 1840, time: 1442.1683559417725
Starting label LEVI, seed 2, iteration 1850, time: 1451.455945968628
Starting label LEVI, seed 2, iteration 1860, time: 1460.147245168686
Starting label LEVI, seed 2, iteration 1870, time: 1468.9221205711365
Starting label LEVI, seed 2, iteration 1880, time: 1477.3916428089142
Starting label LEVI, seed 2, iteration 1890, time: 1486.7813601493835
Starting label LEVI, seed 2, iteration 1900, time: 1495.7908141613007
Starting label LEVI, seed 2, iteration 1910, time: 1504.5173468589783
Starting label LEVI, seed 2, iteration 1920, time: 1513.239836215973
Starting label LEVI, seed 2, iteration 1930, time: 1522.2288892269135
Starting label LEVI, seed 2, iteration 1940, time: 1531.224660873413
Starting label LEVI, seed 2, iteration 1950, time: 1539.922547340393
Starting label LEVI, seed 2, iteration 1960, time: 1548.9295258522034
Starting label LEVI, seed 2, iteration 1970, time: 1558.0356245040894
Starting label LEVI, seed 2, iteration 1980, time: 1567.2311942577362
submitit WARNING (2022-10-02 01:49:22,411) - Bypassing signal SIGCONT
submitit WARNING (2022-10-02 01:49:22,427) - Bypassing signal SIGTERM
Starting label LEVI, seed 2, iteration 1990, time: 1577.2238285541534
submitit INFO (2022-10-02 01:49:38,950) - Job completed successfully
