submitit INFO (2022-10-02 01:17:42,473) - Starting with JobEnvironment(job_id=883390_1, hostname=sablab-gpu-02.ece.cornell.edu, local_rank=0(1), node=0(1), global_rank=0(1))
submitit INFO (2022-10-02 01:17:42,474) - Loading pickle: /home/gid-cakmaks/contextual_rs/experiments/wsc_experiments/logs/883390_1/883390_1_submitted.pkl
Starting label LEVI, seed 71, iteration 0, time: 0.002955913543701172
Starting label LEVI, seed 71, iteration 10, time: 2.9371395111083984
Starting label LEVI, seed 71, iteration 20, time: 5.980647802352905
Starting label LEVI, seed 71, iteration 30, time: 9.142715215682983
Starting label LEVI, seed 71, iteration 40, time: 12.906970024108887
Starting label LEVI, seed 71, iteration 50, time: 16.113694667816162
Starting label LEVI, seed 71, iteration 60, time: 19.118464469909668
Starting label LEVI, seed 71, iteration 70, time: 22.514612436294556
Starting label LEVI, seed 71, iteration 80, time: 26.50987672805786
Starting label LEVI, seed 71, iteration 90, time: 29.867796659469604
Starting label LEVI, seed 71, iteration 100, time: 33.52047681808472
Starting label LEVI, seed 71, iteration 110, time: 37.255530834198
Starting label LEVI, seed 71, iteration 120, time: 41.119828939437866
Starting label LEVI, seed 71, iteration 130, time: 45.01525831222534
Starting label LEVI, seed 71, iteration 140, time: 49.00286555290222
Starting label LEVI, seed 71, iteration 150, time: 52.54554271697998
Starting label LEVI, seed 71, iteration 160, time: 56.4992790222168
Starting label LEVI, seed 71, iteration 170, time: 60.67012095451355
Starting label LEVI, seed 71, iteration 180, time: 64.64018487930298
Starting label LEVI, seed 71, iteration 190, time: 68.01884293556213
Starting label LEVI, seed 71, iteration 200, time: 71.02407574653625
Starting label LEVI, seed 71, iteration 210, time: 74.54196190834045
Starting label LEVI, seed 71, iteration 220, time: 78.14939570426941
Starting label LEVI, seed 71, iteration 230, time: 81.83207201957703
Starting label LEVI, seed 71, iteration 240, time: 85.33722376823425
Starting label LEVI, seed 71, iteration 250, time: 88.56770873069763
Starting label LEVI, seed 71, iteration 260, time: 91.87479496002197
Starting label LEVI, seed 71, iteration 270, time: 96.09216260910034
Starting label LEVI, seed 71, iteration 280, time: 100.31676363945007
Starting label LEVI, seed 71, iteration 290, time: 104.67528200149536
Starting label LEVI, seed 71, iteration 300, time: 107.88122367858887
Starting label LEVI, seed 71, iteration 310, time: 111.45798015594482
Starting label LEVI, seed 71, iteration 320, time: 115.77717876434326
Starting label LEVI, seed 71, iteration 330, time: 119.63215732574463
Starting label LEVI, seed 71, iteration 340, time: 123.8686695098877
Starting label LEVI, seed 71, iteration 350, time: 127.70581007003784
Starting label LEVI, seed 71, iteration 360, time: 131.18189334869385
Starting label LEVI, seed 71, iteration 370, time: 134.61893224716187
Starting label LEVI, seed 71, iteration 380, time: 138.2758207321167
Starting label LEVI, seed 71, iteration 390, time: 141.94430828094482
Starting label LEVI, seed 71, iteration 400, time: 145.645601272583
Starting label LEVI, seed 71, iteration 410, time: 149.17248463630676
Starting label LEVI, seed 71, iteration 420, time: 152.76095938682556
Starting label LEVI, seed 71, iteration 430, time: 156.80848503112793
Starting label LEVI, seed 71, iteration 440, time: 160.32000160217285
Starting label LEVI, seed 71, iteration 450, time: 163.919198513031
Starting label LEVI, seed 71, iteration 460, time: 167.60257005691528
Starting label LEVI, seed 71, iteration 470, time: 171.48080372810364
Starting label LEVI, seed 71, iteration 480, time: 175.07476091384888
Starting label LEVI, seed 71, iteration 490, time: 178.4183530807495
Starting label LEVI, seed 71, iteration 500, time: 182.18884754180908
Starting label LEVI, seed 71, iteration 510, time: 185.72604203224182
Starting label LEVI, seed 71, iteration 520, time: 189.53534269332886
Starting label LEVI, seed 71, iteration 530, time: 193.23570799827576
Starting label LEVI, seed 71, iteration 540, time: 197.1662175655365
Starting label LEVI, seed 71, iteration 550, time: 201.1395127773285
Starting label LEVI, seed 71, iteration 560, time: 205.01810836791992
Starting label LEVI, seed 71, iteration 570, time: 208.77648329734802
Starting label LEVI, seed 71, iteration 580, time: 212.71474146842957
Starting label LEVI, seed 71, iteration 590, time: 216.75609374046326
Starting label LEVI, seed 71, iteration 600, time: 220.64994287490845
Starting label LEVI, seed 71, iteration 610, time: 224.72832918167114
Starting label LEVI, seed 71, iteration 620, time: 228.67471551895142
Starting label LEVI, seed 71, iteration 630, time: 232.76558661460876
Starting label LEVI, seed 71, iteration 640, time: 236.88830184936523
Starting label LEVI, seed 71, iteration 650, time: 240.94291377067566
Starting label LEVI, seed 71, iteration 660, time: 245.2010247707367
Starting label LEVI, seed 71, iteration 670, time: 249.72835516929626
Starting label LEVI, seed 71, iteration 680, time: 253.92279720306396
Starting label LEVI, seed 71, iteration 690, time: 258.13297033309937
Starting label LEVI, seed 71, iteration 700, time: 261.92392206192017
Starting label LEVI, seed 71, iteration 710, time: 266.27705574035645
Starting label LEVI, seed 71, iteration 720, time: 270.92904472351074
Starting label LEVI, seed 71, iteration 730, time: 275.38716983795166
Starting label LEVI, seed 71, iteration 740, time: 279.92841625213623
Starting label LEVI, seed 71, iteration 750, time: 284.6289119720459
Starting label LEVI, seed 71, iteration 760, time: 289.8023612499237
submitit WARNING (2022-10-02 01:22:36,067) - Bypassing signal SIGCONT
submitit WARNING (2022-10-02 01:22:36,103) - Bypassing signal SIGTERM
Starting label LEVI, seed 71, iteration 770, time: 294.6881904602051
Starting label LEVI, seed 71, iteration 780, time: 299.75885581970215
Starting label LEVI, seed 71, iteration 790, time: 304.4576315879822
Starting label LEVI, seed 71, iteration 800, time: 308.66813230514526
Starting label LEVI, seed 71, iteration 810, time: 313.5436267852783
Starting label LEVI, seed 71, iteration 820, time: 318.75697016716003
