submitit INFO (2022-10-02 00:29:33,224) - Starting with JobEnvironment(job_id=883242_9, hostname=sablab-gpu-02.ece.cornell.edu, local_rank=0(1), node=0(1), global_rank=0(1))
submitit INFO (2022-10-02 00:29:33,224) - Loading pickle: /home/gid-cakmaks/contextual_rs/experiments/wsc_experiments/logs/883242_9/883242_9_submitted.pkl
Starting label LEVI, seed 19, iteration 0, time: 0.0005879402160644531
Starting label LEVI, seed 19, iteration 10, time: 2.5340635776519775
Starting label LEVI, seed 19, iteration 20, time: 5.060240030288696
Starting label LEVI, seed 19, iteration 30, time: 7.645613670349121
Starting label LEVI, seed 19, iteration 40, time: 10.390362977981567
Starting label LEVI, seed 19, iteration 50, time: 13.210801362991333
Starting label LEVI, seed 19, iteration 60, time: 16.163828134536743
Starting label LEVI, seed 19, iteration 70, time: 19.534500122070312
Starting label LEVI, seed 19, iteration 80, time: 22.803277492523193
Starting label LEVI, seed 19, iteration 90, time: 25.87737536430359
Starting label LEVI, seed 19, iteration 100, time: 28.8165762424469
Starting label LEVI, seed 19, iteration 110, time: 31.664654970169067
Starting label LEVI, seed 19, iteration 120, time: 34.55238103866577
Starting label LEVI, seed 19, iteration 130, time: 37.41963982582092
Starting label LEVI, seed 19, iteration 140, time: 40.36269450187683
Starting label LEVI, seed 19, iteration 150, time: 43.28184676170349
Starting label LEVI, seed 19, iteration 160, time: 46.191645860672
Starting label LEVI, seed 19, iteration 170, time: 49.618778467178345
Starting label LEVI, seed 19, iteration 180, time: 53.04230070114136
Starting label LEVI, seed 19, iteration 190, time: 55.979729890823364
Starting label LEVI, seed 19, iteration 200, time: 58.89271640777588
Starting label LEVI, seed 19, iteration 210, time: 61.80760908126831
Starting label LEVI, seed 19, iteration 220, time: 64.82059812545776
Starting label LEVI, seed 19, iteration 230, time: 67.67699193954468
Starting label LEVI, seed 19, iteration 240, time: 70.65954160690308
Starting label LEVI, seed 19, iteration 250, time: 73.63429093360901
Starting label LEVI, seed 19, iteration 260, time: 76.66073536872864
Starting label LEVI, seed 19, iteration 270, time: 79.72748184204102
Starting label LEVI, seed 19, iteration 280, time: 82.76730537414551
Starting label LEVI, seed 19, iteration 290, time: 86.4036808013916
Starting label LEVI, seed 19, iteration 300, time: 90.11563158035278
Starting label LEVI, seed 19, iteration 310, time: 93.77451348304749
Starting label LEVI, seed 19, iteration 320, time: 97.43604922294617
Starting label LEVI, seed 19, iteration 330, time: 101.09991192817688
Starting label LEVI, seed 19, iteration 340, time: 104.81939911842346
Starting label LEVI, seed 19, iteration 350, time: 108.09478497505188
Starting label LEVI, seed 19, iteration 360, time: 111.61546540260315
Starting label LEVI, seed 19, iteration 370, time: 114.98035669326782
Starting label LEVI, seed 19, iteration 380, time: 118.34307670593262
Starting label LEVI, seed 19, iteration 390, time: 122.50727343559265
Starting label LEVI, seed 19, iteration 400, time: 126.45205545425415
Starting label LEVI, seed 19, iteration 410, time: 130.30527591705322
Starting label LEVI, seed 19, iteration 420, time: 134.22279405593872
Starting label LEVI, seed 19, iteration 430, time: 137.78537893295288
Starting label LEVI, seed 19, iteration 440, time: 141.91773748397827
Starting label LEVI, seed 19, iteration 450, time: 145.6466724872589
Starting label LEVI, seed 19, iteration 460, time: 149.45390129089355
Starting label LEVI, seed 19, iteration 470, time: 153.24863696098328
Starting label LEVI, seed 19, iteration 480, time: 157.0524821281433
Starting label LEVI, seed 19, iteration 490, time: 160.9624457359314
Starting label LEVI, seed 19, iteration 500, time: 164.81329774856567
Starting label LEVI, seed 19, iteration 510, time: 168.94466519355774
Starting label LEVI, seed 19, iteration 520, time: 172.91196060180664
Starting label LEVI, seed 19, iteration 530, time: 176.81627249717712
Starting label LEVI, seed 19, iteration 540, time: 180.74314975738525
Starting label LEVI, seed 19, iteration 550, time: 184.6651222705841
Starting label LEVI, seed 19, iteration 560, time: 189.22926545143127
Starting label LEVI, seed 19, iteration 570, time: 193.83375692367554
Starting label LEVI, seed 19, iteration 580, time: 198.32983922958374
Starting label LEVI, seed 19, iteration 590, time: 202.36852979660034
Starting label LEVI, seed 19, iteration 600, time: 206.65035319328308
Starting label LEVI, seed 19, iteration 610, time: 211.70522212982178
Starting label LEVI, seed 19, iteration 620, time: 216.41433382034302
Starting label LEVI, seed 19, iteration 630, time: 221.50083565711975
Starting label LEVI, seed 19, iteration 640, time: 226.19170355796814
Starting label LEVI, seed 19, iteration 650, time: 230.49894332885742
Starting label LEVI, seed 19, iteration 660, time: 235.3831923007965
Starting label LEVI, seed 19, iteration 670, time: 239.81183624267578
Starting label LEVI, seed 19, iteration 680, time: 244.72889924049377
Starting label LEVI, seed 19, iteration 690, time: 249.92486810684204
Starting label LEVI, seed 19, iteration 700, time: 255.02348494529724
Starting label LEVI, seed 19, iteration 710, time: 259.75701904296875
Starting label LEVI, seed 19, iteration 720, time: 264.7495377063751
Starting label LEVI, seed 19, iteration 730, time: 269.24151968955994
Starting label LEVI, seed 19, iteration 740, time: 274.7264766693115
Starting label LEVI, seed 19, iteration 750, time: 279.6741473674774
Starting label LEVI, seed 19, iteration 760, time: 285.3073399066925
Starting label LEVI, seed 19, iteration 770, time: 290.5885033607483
Starting label LEVI, seed 19, iteration 780, time: 295.70617485046387
Starting label LEVI, seed 19, iteration 790, time: 300.88746786117554
Starting label LEVI, seed 19, iteration 800, time: 306.3109645843506
Starting label LEVI, seed 19, iteration 810, time: 312.1761133670807
Starting label LEVI, seed 19, iteration 820, time: 317.32339668273926
Starting label LEVI, seed 19, iteration 830, time: 322.6119203567505
Starting label LEVI, seed 19, iteration 840, time: 328.36276602745056
Starting label LEVI, seed 19, iteration 850, time: 334.40323758125305
Starting label LEVI, seed 19, iteration 860, time: 340.5568308830261
Starting label LEVI, seed 19, iteration 870, time: 346.97364807128906
Starting label LEVI, seed 19, iteration 880, time: 352.71889328956604
Starting label LEVI, seed 19, iteration 890, time: 359.1677050590515
Starting label LEVI, seed 19, iteration 900, time: 364.76339197158813
Starting label LEVI, seed 19, iteration 910, time: 371.2132349014282
Starting label LEVI, seed 19, iteration 920, time: 377.9698688983917
Starting label LEVI, seed 19, iteration 930, time: 384.5487253665924
Starting label LEVI, seed 19, iteration 940, time: 390.32887148857117
Starting label LEVI, seed 19, iteration 950, time: 395.95376086235046
Starting label LEVI, seed 19, iteration 960, time: 402.90806579589844
Starting label LEVI, seed 19, iteration 970, time: 409.1241660118103
Starting label LEVI, seed 19, iteration 980, time: 416.1031515598297
Starting label LEVI, seed 19, iteration 990, time: 422.16961312294006
Starting label LEVI, seed 19, iteration 1000, time: 430.30839443206787
Starting label LEVI, seed 19, iteration 1010, time: 437.94208693504333
Starting label LEVI, seed 19, iteration 1020, time: 445.4639914035797
Starting label LEVI, seed 19, iteration 1030, time: 453.29619693756104
Starting label LEVI, seed 19, iteration 1040, time: 462.2756052017212
Starting label LEVI, seed 19, iteration 1050, time: 468.98169207572937
Starting label LEVI, seed 19, iteration 1060, time: 476.5260965824127
Starting label LEVI, seed 19, iteration 1070, time: 484.8503592014313
Starting label LEVI, seed 19, iteration 1080, time: 493.8392426967621
Starting label LEVI, seed 19, iteration 1090, time: 502.49359607696533
Starting label LEVI, seed 19, iteration 1100, time: 510.35668897628784
Starting label LEVI, seed 19, iteration 1110, time: 519.6295161247253
Starting label LEVI, seed 19, iteration 1120, time: 528.993185043335
Starting label LEVI, seed 19, iteration 1130, time: 538.7281415462494
Starting label LEVI, seed 19, iteration 1140, time: 548.6960186958313
Starting label LEVI, seed 19, iteration 1150, time: 557.0904567241669
Starting label LEVI, seed 19, iteration 1160, time: 566.9517855644226
Starting label LEVI, seed 19, iteration 1170, time: 578.2973399162292
Starting label LEVI, seed 19, iteration 1180, time: 587.6678578853607
Starting label LEVI, seed 19, iteration 1190, time: 596.256409406662
Starting label LEVI, seed 19, iteration 1200, time: 604.8999445438385
Starting label LEVI, seed 19, iteration 1210, time: 613.9248666763306
Starting label LEVI, seed 19, iteration 1220, time: 624.1079342365265
Starting label LEVI, seed 19, iteration 1230, time: 635.9862434864044
Starting label LEVI, seed 19, iteration 1240, time: 648.9069573879242
Starting label LEVI, seed 19, iteration 1250, time: 662.368115901947
Starting label LEVI, seed 19, iteration 1260, time: 674.297196149826
Starting label LEVI, seed 19, iteration 1270, time: 686.114141702652
Starting label LEVI, seed 19, iteration 1280, time: 697.7612144947052
Starting label LEVI, seed 19, iteration 1290, time: 708.5798230171204
Starting label LEVI, seed 19, iteration 1300, time: 720.2464528083801
Starting label LEVI, seed 19, iteration 1310, time: 733.4398407936096
Starting label LEVI, seed 19, iteration 1320, time: 747.4532165527344
Starting label LEVI, seed 19, iteration 1330, time: 760.9974653720856
Starting label LEVI, seed 19, iteration 1340, time: 775.2962462902069
Starting label LEVI, seed 19, iteration 1350, time: 789.1262052059174
Starting label LEVI, seed 19, iteration 1360, time: 801.3821744918823
Starting label LEVI, seed 19, iteration 1370, time: 813.4572687149048
Starting label LEVI, seed 19, iteration 1380, time: 829.2508909702301
Starting label LEVI, seed 19, iteration 1390, time: 842.8221867084503
Starting label LEVI, seed 19, iteration 1400, time: 858.2987115383148
Starting label LEVI, seed 19, iteration 1410, time: 874.5729868412018
Starting label LEVI, seed 19, iteration 1420, time: 889.2158460617065
Starting label LEVI, seed 19, iteration 1430, time: 906.0547902584076
Starting label LEVI, seed 19, iteration 1440, time: 919.9747030735016
Starting label LEVI, seed 19, iteration 1450, time: 933.7046732902527
Starting label LEVI, seed 19, iteration 1460, time: 949.2763948440552
Starting label LEVI, seed 19, iteration 1470, time: 963.5340151786804
Starting label LEVI, seed 19, iteration 1480, time: 978.8206980228424
Starting label LEVI, seed 19, iteration 1490, time: 995.9140508174896
Starting label LEVI, seed 19, iteration 1500, time: 1012.9797751903534
Starting label LEVI, seed 19, iteration 1510, time: 1030.2785880565643
Starting label LEVI, seed 19, iteration 1520, time: 1048.4547846317291
Starting label LEVI, seed 19, iteration 1530, time: 1067.7340772151947
Starting label LEVI, seed 19, iteration 1540, time: 1087.042632818222
Starting label LEVI, seed 19, iteration 1550, time: 1108.23153424263
Starting label LEVI, seed 19, iteration 1560, time: 1124.3623585700989
Starting label LEVI, seed 19, iteration 1570, time: 1141.7345945835114
Starting label LEVI, seed 19, iteration 1580, time: 1158.2306716442108
Starting label LEVI, seed 19, iteration 1590, time: 1175.1126194000244
Starting label LEVI, seed 19, iteration 1600, time: 1195.423841714859
Starting label LEVI, seed 19, iteration 1610, time: 1212.8393108844757
Starting label LEVI, seed 19, iteration 1620, time: 1230.5819432735443
Starting label LEVI, seed 19, iteration 1630, time: 1247.780428647995
Starting label LEVI, seed 19, iteration 1640, time: 1264.9582600593567
Starting label LEVI, seed 19, iteration 1650, time: 1283.133808374405
Starting label LEVI, seed 19, iteration 1660, time: 1301.1760778427124
Starting label LEVI, seed 19, iteration 1670, time: 1320.193734884262
Starting label LEVI, seed 19, iteration 1680, time: 1338.248147726059
Starting label LEVI, seed 19, iteration 1690, time: 1358.0151052474976
Starting label LEVI, seed 19, iteration 1700, time: 1379.7474801540375
Starting label LEVI, seed 19, iteration 1710, time: 1398.8282628059387
Starting label LEVI, seed 19, iteration 1720, time: 1416.8804709911346
Starting label LEVI, seed 19, iteration 1730, time: 1441.1632487773895
Starting label LEVI, seed 19, iteration 1740, time: 1462.6959357261658
Starting label LEVI, seed 19, iteration 1750, time: 1488.2677583694458
Starting label LEVI, seed 19, iteration 1760, time: 1512.3553149700165
Starting label LEVI, seed 19, iteration 1770, time: 1538.314516544342
Starting label LEVI, seed 19, iteration 1780, time: 1559.3007924556732
submitit WARNING (2022-10-02 00:55:52,188) - Bypassing signal SIGTERM
submitit WARNING (2022-10-02 00:55:52,188) - Bypassing signal SIGCONT
Starting label LEVI, seed 19, iteration 1790, time: 1581.7716171741486
