submitit INFO (2022-10-02 13:03:13,103) - Starting with JobEnvironment(job_id=884417_2, hostname=joachims-compute-02.cs.cornell.edu, local_rank=0(1), node=0(1), global_rank=0(1))
submitit INFO (2022-10-02 13:03:13,103) - Loading pickle: /home/gid-cakmaks/contextual_rs/experiments/wsc_experiments/logs/884417_2/884417_2_submitted.pkl
Appending iterations to existing output!Warning: If parameters other than `iterations` have been changed, this will corrupt the output!
Starting label LEVI, seed 36, iteration 740, time: 1741.464503288269
Starting label LEVI, seed 36, iteration 750, time: 1746.2192597389221
Starting label LEVI, seed 36, iteration 760, time: 1750.6443293094635
Starting label LEVI, seed 36, iteration 770, time: 1755.1021616458893
Starting label LEVI, seed 36, iteration 780, time: 1759.7908322811127
Starting label LEVI, seed 36, iteration 790, time: 1764.0938086509705
Starting label LEVI, seed 36, iteration 800, time: 1768.3981528282166
Starting label LEVI, seed 36, iteration 810, time: 1772.885579586029
Starting label LEVI, seed 36, iteration 820, time: 1777.5372262001038
Starting label LEVI, seed 36, iteration 830, time: 1782.018337726593
Starting label LEVI, seed 36, iteration 840, time: 1786.2580382823944
Starting label LEVI, seed 36, iteration 850, time: 1790.7827234268188
Starting label LEVI, seed 36, iteration 860, time: 1795.3247480392456
submitit WARNING (2022-10-02 13:04:12,292) - Bypassing signal SIGCONT
submitit WARNING (2022-10-02 13:04:12,300) - Bypassing signal SIGTERM
Starting label LEVI, seed 36, iteration 870, time: 1800.0671672821045
Starting label LEVI, seed 36, iteration 880, time: 1804.596468448639
Starting label LEVI, seed 36, iteration 890, time: 1809.4327824115753
Starting label LEVI, seed 36, iteration 900, time: 1813.7582540512085
Starting label LEVI, seed 36, iteration 910, time: 1818.1720683574677
Starting label LEVI, seed 36, iteration 920, time: 1823.1752195358276
Starting label LEVI, seed 36, iteration 930, time: 1828.205555677414
