submitit INFO (2022-10-02 04:34:02,502) - Starting with JobEnvironment(job_id=884079_7, hostname=scaglione-compute-01.tech.cornell.edu, local_rank=0(1), node=0(1), global_rank=0(1))
submitit INFO (2022-10-02 04:34:02,502) - Loading pickle: /home/gid-cakmaks/contextual_rs/experiments/wsc_experiments/logs/884079_7/884079_7_submitted.pkl
Appending iterations to existing output!Warning: If parameters other than `iterations` have been changed, this will corrupt the output!
Starting label LEVI, seed 97, iteration 340, time: 180.56221985816956
Starting label LEVI, seed 97, iteration 350, time: 186.78723883628845
Starting label LEVI, seed 97, iteration 360, time: 193.08845782279968
Starting label LEVI, seed 97, iteration 370, time: 199.56134128570557
Starting label LEVI, seed 97, iteration 380, time: 205.95573163032532
Starting label LEVI, seed 97, iteration 390, time: 212.68230199813843
Starting label LEVI, seed 97, iteration 400, time: 219.17521905899048
Starting label LEVI, seed 97, iteration 410, time: 225.5684311389923
Starting label LEVI, seed 97, iteration 420, time: 232.21296000480652
Starting label LEVI, seed 97, iteration 430, time: 238.95701360702515
Starting label LEVI, seed 97, iteration 440, time: 245.6396827697754
Starting label LEVI, seed 97, iteration 450, time: 252.18687295913696
Starting label LEVI, seed 97, iteration 460, time: 258.7347435951233
Starting label LEVI, seed 97, iteration 470, time: 265.29160022735596
Starting label LEVI, seed 97, iteration 480, time: 271.68636202812195
Starting label LEVI, seed 97, iteration 490, time: 278.39278769493103
Starting label LEVI, seed 97, iteration 500, time: 285.05065178871155
Starting label LEVI, seed 97, iteration 510, time: 291.6279821395874
Starting label LEVI, seed 97, iteration 520, time: 298.339643239975
Starting label LEVI, seed 97, iteration 530, time: 304.88793778419495
Starting label LEVI, seed 97, iteration 540, time: 311.2946882247925
Starting label LEVI, seed 97, iteration 550, time: 317.694673538208
Starting label LEVI, seed 97, iteration 560, time: 324.23370718955994
Starting label LEVI, seed 97, iteration 570, time: 331.1375608444214
Starting label LEVI, seed 97, iteration 580, time: 337.8412172794342
Starting label LEVI, seed 97, iteration 590, time: 344.4909620285034
Starting label LEVI, seed 97, iteration 600, time: 351.57569217681885
Starting label LEVI, seed 97, iteration 610, time: 358.6903269290924
Starting label LEVI, seed 97, iteration 620, time: 365.5755488872528
Starting label LEVI, seed 97, iteration 630, time: 372.463565826416
Starting label LEVI, seed 97, iteration 640, time: 379.2119047641754
Starting label LEVI, seed 97, iteration 650, time: 386.2974283695221
Starting label LEVI, seed 97, iteration 660, time: 393.4569456577301
Starting label LEVI, seed 97, iteration 670, time: 400.6434905529022
Starting label LEVI, seed 97, iteration 680, time: 407.4469184875488
Starting label LEVI, seed 97, iteration 690, time: 414.5378370285034
Starting label LEVI, seed 97, iteration 700, time: 422.1390755176544
Starting label LEVI, seed 97, iteration 710, time: 429.3374774456024
Starting label LEVI, seed 97, iteration 720, time: 436.46486353874207
Starting label LEVI, seed 97, iteration 730, time: 443.90068006515503
Starting label LEVI, seed 97, iteration 740, time: 451.0867028236389
Starting label LEVI, seed 97, iteration 750, time: 458.33678436279297
Starting label LEVI, seed 97, iteration 760, time: 465.6212065219879
Starting label LEVI, seed 97, iteration 770, time: 473.1961250305176
Starting label LEVI, seed 97, iteration 780, time: 481.0792269706726
Starting label LEVI, seed 97, iteration 790, time: 488.6019997596741
Starting label LEVI, seed 97, iteration 800, time: 495.91009163856506
Starting label LEVI, seed 97, iteration 810, time: 503.2116687297821
Starting label LEVI, seed 97, iteration 820, time: 510.60531067848206
Starting label LEVI, seed 97, iteration 830, time: 518.2405121326447
Starting label LEVI, seed 97, iteration 840, time: 525.51629114151
Starting label LEVI, seed 97, iteration 850, time: 532.8326847553253
Starting label LEVI, seed 97, iteration 860, time: 540.0844757556915
Starting label LEVI, seed 97, iteration 870, time: 547.541818857193
Starting label LEVI, seed 97, iteration 880, time: 554.8658785820007
Starting label LEVI, seed 97, iteration 890, time: 562.3348863124847
Starting label LEVI, seed 97, iteration 900, time: 569.777747631073
Starting label LEVI, seed 97, iteration 910, time: 576.9686694145203
Starting label LEVI, seed 97, iteration 920, time: 584.016942024231
Starting label LEVI, seed 97, iteration 930, time: 591.3220458030701
Starting label LEVI, seed 97, iteration 940, time: 598.6352894306183
Starting label LEVI, seed 97, iteration 950, time: 606.3160817623138
Starting label LEVI, seed 97, iteration 960, time: 613.680037021637
Starting label LEVI, seed 97, iteration 970, time: 621.3342518806458
Starting label LEVI, seed 97, iteration 980, time: 628.9226541519165
Starting label LEVI, seed 97, iteration 990, time: 636.7788031101227
Starting label LEVI, seed 97, iteration 1000, time: 644.7272984981537
Starting label LEVI, seed 97, iteration 1010, time: 652.5743901729584
Starting label LEVI, seed 97, iteration 1020, time: 660.4036037921906
Starting label LEVI, seed 97, iteration 1030, time: 668.2617897987366
Starting label LEVI, seed 97, iteration 1040, time: 676.3960740566254
Starting label LEVI, seed 97, iteration 1050, time: 684.4142444133759
Starting label LEVI, seed 97, iteration 1060, time: 692.3142282962799
Starting label LEVI, seed 97, iteration 1070, time: 700.0624425411224
Starting label LEVI, seed 97, iteration 1080, time: 707.794323682785
Starting label LEVI, seed 97, iteration 1090, time: 715.7000722885132
Starting label LEVI, seed 97, iteration 1100, time: 723.4501845836639
Starting label LEVI, seed 97, iteration 1110, time: 731.24076795578
Starting label LEVI, seed 97, iteration 1120, time: 739.1717472076416
Starting label LEVI, seed 97, iteration 1130, time: 747.5218179225922
Starting label LEVI, seed 97, iteration 1140, time: 755.4308483600616
Starting label LEVI, seed 97, iteration 1150, time: 763.0927534103394
Starting label LEVI, seed 97, iteration 1160, time: 770.9197835922241
Starting label LEVI, seed 97, iteration 1170, time: 778.6145911216736
Starting label LEVI, seed 97, iteration 1180, time: 786.442521572113
Starting label LEVI, seed 97, iteration 1190, time: 794.4375791549683
Starting label LEVI, seed 97, iteration 1200, time: 802.6590759754181
Starting label LEVI, seed 97, iteration 1210, time: 811.0084207057953
Starting label LEVI, seed 97, iteration 1220, time: 818.8984594345093
Starting label LEVI, seed 97, iteration 1230, time: 826.5889492034912
Starting label LEVI, seed 97, iteration 1240, time: 834.7079439163208
Starting label LEVI, seed 97, iteration 1250, time: 842.851752281189
Starting label LEVI, seed 97, iteration 1260, time: 851.0988128185272
Starting label LEVI, seed 97, iteration 1270, time: 859.1542069911957
Starting label LEVI, seed 97, iteration 1280, time: 867.2222707271576
Starting label LEVI, seed 97, iteration 1290, time: 875.645336151123
Starting label LEVI, seed 97, iteration 1300, time: 883.8287751674652
Starting label LEVI, seed 97, iteration 1310, time: 891.9149832725525
Starting label LEVI, seed 97, iteration 1320, time: 899.967643737793
Starting label LEVI, seed 97, iteration 1330, time: 907.9749174118042
Starting label LEVI, seed 97, iteration 1340, time: 916.0228672027588
Starting label LEVI, seed 97, iteration 1350, time: 924.0802810192108
Starting label LEVI, seed 97, iteration 1360, time: 932.2368078231812
Starting label LEVI, seed 97, iteration 1370, time: 940.5399467945099
Starting label LEVI, seed 97, iteration 1380, time: 949.0831117630005
Starting label LEVI, seed 97, iteration 1390, time: 957.74649310112
Starting label LEVI, seed 97, iteration 1400, time: 966.2275276184082
Starting label LEVI, seed 97, iteration 1410, time: 974.6561102867126
Starting label LEVI, seed 97, iteration 1420, time: 983.1842076778412
Starting label LEVI, seed 97, iteration 1430, time: 991.6247463226318
Starting label LEVI, seed 97, iteration 1440, time: 999.9833583831787
Starting label LEVI, seed 97, iteration 1450, time: 1008.2273240089417
Starting label LEVI, seed 97, iteration 1460, time: 1016.76824259758
Starting label LEVI, seed 97, iteration 1470, time: 1025.7829167842865
Starting label LEVI, seed 97, iteration 1480, time: 1035.1132130622864
Starting label LEVI, seed 97, iteration 1490, time: 1044.1259434223175
Starting label LEVI, seed 97, iteration 1500, time: 1053.0472056865692
Starting label LEVI, seed 97, iteration 1510, time: 1061.787546157837
Starting label LEVI, seed 97, iteration 1520, time: 1070.6741638183594
Starting label LEVI, seed 97, iteration 1530, time: 1079.390718460083
Starting label LEVI, seed 97, iteration 1540, time: 1088.248372077942
Starting label LEVI, seed 97, iteration 1550, time: 1097.775824546814
Starting label LEVI, seed 97, iteration 1560, time: 1107.4656944274902
Starting label LEVI, seed 97, iteration 1570, time: 1116.4111800193787
Starting label LEVI, seed 97, iteration 1580, time: 1125.5619761943817
Starting label LEVI, seed 97, iteration 1590, time: 1134.7567539215088
Starting label LEVI, seed 97, iteration 1600, time: 1144.123347043991
Starting label LEVI, seed 97, iteration 1610, time: 1153.6665246486664
Starting label LEVI, seed 97, iteration 1620, time: 1163.2395186424255
Starting label LEVI, seed 97, iteration 1630, time: 1173.0827476978302
Starting label LEVI, seed 97, iteration 1640, time: 1182.5323967933655
Starting label LEVI, seed 97, iteration 1650, time: 1191.8507416248322
Starting label LEVI, seed 97, iteration 1660, time: 1201.2543363571167
Starting label LEVI, seed 97, iteration 1670, time: 1210.39688539505
Starting label LEVI, seed 97, iteration 1680, time: 1219.6926307678223
Starting label LEVI, seed 97, iteration 1690, time: 1228.8218274116516
Starting label LEVI, seed 97, iteration 1700, time: 1238.0852212905884
Starting label LEVI, seed 97, iteration 1710, time: 1247.260917186737
Starting label LEVI, seed 97, iteration 1720, time: 1256.3814883232117
Starting label LEVI, seed 97, iteration 1730, time: 1265.5361216068268
Starting label LEVI, seed 97, iteration 1740, time: 1274.7326729297638
Starting label LEVI, seed 97, iteration 1750, time: 1283.9108355045319
Starting label LEVI, seed 97, iteration 1760, time: 1293.0128200054169
Starting label LEVI, seed 97, iteration 1770, time: 1302.332849740982
Starting label LEVI, seed 97, iteration 1780, time: 1311.5412845611572
Starting label LEVI, seed 97, iteration 1790, time: 1320.7916316986084
Starting label LEVI, seed 97, iteration 1800, time: 1330.0536258220673
Starting label LEVI, seed 97, iteration 1810, time: 1339.8590273857117
Starting label LEVI, seed 97, iteration 1820, time: 1349.7080686092377
Starting label LEVI, seed 97, iteration 1830, time: 1359.7578682899475
Starting label LEVI, seed 97, iteration 1840, time: 1369.617104291916
Starting label LEVI, seed 97, iteration 1850, time: 1378.8361718654633
Starting label LEVI, seed 97, iteration 1860, time: 1388.297511100769
Starting label LEVI, seed 97, iteration 1870, time: 1398.0141806602478
Starting label LEVI, seed 97, iteration 1880, time: 1407.8341045379639
Starting label LEVI, seed 97, iteration 1890, time: 1417.9771888256073
Starting label LEVI, seed 97, iteration 1900, time: 1427.2420845031738
Starting label LEVI, seed 97, iteration 1910, time: 1437.0122377872467
Starting label LEVI, seed 97, iteration 1920, time: 1447.2299950122833
Starting label LEVI, seed 97, iteration 1930, time: 1456.9530029296875
Starting label LEVI, seed 97, iteration 1940, time: 1466.7955210208893
Starting label LEVI, seed 97, iteration 1950, time: 1476.6241204738617
Starting label LEVI, seed 97, iteration 1960, time: 1486.3128516674042
Starting label LEVI, seed 97, iteration 1970, time: 1496.2938213348389
Starting label LEVI, seed 97, iteration 1980, time: 1506.5064189434052
Starting label LEVI, seed 97, iteration 1990, time: 1516.650149345398
submitit INFO (2022-10-02 04:56:30,272) - Job completed successfully
