submitit INFO (2022-10-02 00:30:02,615) - Starting with JobEnvironment(job_id=883272_9, hostname=g2-compute-96.coecis.cornell.edu, local_rank=0(1), node=0(1), global_rank=0(1))
submitit INFO (2022-10-02 00:30:02,615) - Loading pickle: /home/gid-cakmaks/contextual_rs/experiments/wsc_experiments/logs/883272_9/883272_9_submitted.pkl
Starting label LEVI, seed 49, iteration 0, time: 0.001920938491821289
Starting label LEVI, seed 49, iteration 10, time: 2.1627860069274902
Starting label LEVI, seed 49, iteration 20, time: 4.321018218994141
Starting label LEVI, seed 49, iteration 30, time: 6.522244930267334
Starting label LEVI, seed 49, iteration 40, time: 8.775323390960693
Starting label LEVI, seed 49, iteration 50, time: 11.023406744003296
Starting label LEVI, seed 49, iteration 60, time: 13.38800311088562
Starting label LEVI, seed 49, iteration 70, time: 15.616513013839722
Starting label LEVI, seed 49, iteration 80, time: 17.85098385810852
Starting label LEVI, seed 49, iteration 90, time: 20.068549394607544
Starting label LEVI, seed 49, iteration 100, time: 22.347900390625
Starting label LEVI, seed 49, iteration 110, time: 24.653117418289185
Starting label LEVI, seed 49, iteration 120, time: 26.980726718902588
Starting label LEVI, seed 49, iteration 130, time: 29.254097938537598
Starting label LEVI, seed 49, iteration 140, time: 31.6155207157135
Starting label LEVI, seed 49, iteration 150, time: 33.838075399398804
Starting label LEVI, seed 49, iteration 160, time: 36.16313338279724
Starting label LEVI, seed 49, iteration 170, time: 38.437724113464355
Starting label LEVI, seed 49, iteration 180, time: 40.8196382522583
Starting label LEVI, seed 49, iteration 190, time: 43.204888582229614
Starting label LEVI, seed 49, iteration 200, time: 45.57376551628113
Starting label LEVI, seed 49, iteration 210, time: 48.026328563690186
Starting label LEVI, seed 49, iteration 220, time: 50.4428768157959
Starting label LEVI, seed 49, iteration 230, time: 52.94532036781311
Starting label LEVI, seed 49, iteration 240, time: 55.425628423690796
Starting label LEVI, seed 49, iteration 250, time: 57.94343543052673
Starting label LEVI, seed 49, iteration 260, time: 60.43796634674072
Starting label LEVI, seed 49, iteration 270, time: 62.92579793930054
Starting label LEVI, seed 49, iteration 280, time: 65.443434715271
Starting label LEVI, seed 49, iteration 290, time: 68.0061411857605
Starting label LEVI, seed 49, iteration 300, time: 70.54604458808899
Starting label LEVI, seed 49, iteration 310, time: 73.28205943107605
Starting label LEVI, seed 49, iteration 320, time: 75.86558842658997
Starting label LEVI, seed 49, iteration 330, time: 78.43903040885925
Starting label LEVI, seed 49, iteration 340, time: 81.05960941314697
Starting label LEVI, seed 49, iteration 350, time: 83.77373504638672
Starting label LEVI, seed 49, iteration 360, time: 86.54370355606079
Starting label LEVI, seed 49, iteration 370, time: 89.28921437263489
Starting label LEVI, seed 49, iteration 380, time: 91.79027199745178
Starting label LEVI, seed 49, iteration 390, time: 94.54008650779724
Starting label LEVI, seed 49, iteration 400, time: 97.37108612060547
Starting label LEVI, seed 49, iteration 410, time: 100.13875126838684
Starting label LEVI, seed 49, iteration 420, time: 102.98226594924927
Starting label LEVI, seed 49, iteration 430, time: 105.80175352096558
Starting label LEVI, seed 49, iteration 440, time: 108.65740370750427
Starting label LEVI, seed 49, iteration 450, time: 111.58870124816895
Starting label LEVI, seed 49, iteration 460, time: 114.57118821144104
Starting label LEVI, seed 49, iteration 470, time: 117.87022852897644
Starting label LEVI, seed 49, iteration 480, time: 120.92458415031433
Starting label LEVI, seed 49, iteration 490, time: 123.99332571029663
Starting label LEVI, seed 49, iteration 500, time: 126.98821330070496
Starting label LEVI, seed 49, iteration 510, time: 130.11595463752747
Starting label LEVI, seed 49, iteration 520, time: 133.32268738746643
Starting label LEVI, seed 49, iteration 530, time: 136.64658164978027
Starting label LEVI, seed 49, iteration 540, time: 140.20699548721313
Starting label LEVI, seed 49, iteration 550, time: 143.6646945476532
Starting label LEVI, seed 49, iteration 560, time: 147.1571307182312
Starting label LEVI, seed 49, iteration 570, time: 150.63070678710938
Starting label LEVI, seed 49, iteration 580, time: 154.06416988372803
Starting label LEVI, seed 49, iteration 590, time: 157.6519992351532
Starting label LEVI, seed 49, iteration 600, time: 161.233154296875
Starting label LEVI, seed 49, iteration 610, time: 164.74105024337769
Starting label LEVI, seed 49, iteration 620, time: 168.56983017921448
Starting label LEVI, seed 49, iteration 630, time: 172.62017178535461
Starting label LEVI, seed 49, iteration 640, time: 176.50784873962402
Starting label LEVI, seed 49, iteration 650, time: 180.54802417755127
Starting label LEVI, seed 49, iteration 660, time: 184.34605765342712
Starting label LEVI, seed 49, iteration 670, time: 188.39050245285034
Starting label LEVI, seed 49, iteration 680, time: 192.50329661369324
Starting label LEVI, seed 49, iteration 690, time: 196.9010980129242
Starting label LEVI, seed 49, iteration 700, time: 201.24404788017273
Starting label LEVI, seed 49, iteration 710, time: 205.1224319934845
Starting label LEVI, seed 49, iteration 720, time: 209.45421838760376
Starting label LEVI, seed 49, iteration 730, time: 214.35700249671936
Starting label LEVI, seed 49, iteration 740, time: 219.28704071044922
Starting label LEVI, seed 49, iteration 750, time: 224.943528175354
Starting label LEVI, seed 49, iteration 760, time: 229.83976101875305
Starting label LEVI, seed 49, iteration 770, time: 234.7771565914154
Starting label LEVI, seed 49, iteration 780, time: 239.42951917648315
Starting label LEVI, seed 49, iteration 790, time: 243.9887707233429
Starting label LEVI, seed 49, iteration 800, time: 250.20003056526184
Starting label LEVI, seed 49, iteration 810, time: 255.33614826202393
Starting label LEVI, seed 49, iteration 820, time: 260.94000458717346
Starting label LEVI, seed 49, iteration 830, time: 266.7436079978943
Starting label LEVI, seed 49, iteration 840, time: 272.47755432128906
Starting label LEVI, seed 49, iteration 850, time: 277.8548002243042
Starting label LEVI, seed 49, iteration 860, time: 284.0240249633789
Starting label LEVI, seed 49, iteration 870, time: 289.54432702064514
Starting label LEVI, seed 49, iteration 880, time: 296.29610228538513
Starting label LEVI, seed 49, iteration 890, time: 303.14387941360474
Starting label LEVI, seed 49, iteration 900, time: 310.3116612434387
Starting label LEVI, seed 49, iteration 910, time: 318.07994055747986
Starting label LEVI, seed 49, iteration 920, time: 325.5296277999878
Starting label LEVI, seed 49, iteration 930, time: 332.9625141620636
Starting label LEVI, seed 49, iteration 940, time: 339.23825669288635
Starting label LEVI, seed 49, iteration 950, time: 346.50223779678345
Starting label LEVI, seed 49, iteration 960, time: 353.9961197376251
Starting label LEVI, seed 49, iteration 970, time: 361.8799810409546
Starting label LEVI, seed 49, iteration 980, time: 368.3620796203613
Starting label LEVI, seed 49, iteration 990, time: 376.25783109664917
Starting label LEVI, seed 49, iteration 1000, time: 383.9559066295624
Starting label LEVI, seed 49, iteration 1010, time: 390.5859143733978
Starting label LEVI, seed 49, iteration 1020, time: 398.53953647613525
Starting label LEVI, seed 49, iteration 1030, time: 406.85215401649475
Starting label LEVI, seed 49, iteration 1040, time: 414.98183822631836
Starting label LEVI, seed 49, iteration 1050, time: 423.06070923805237
Starting label LEVI, seed 49, iteration 1060, time: 432.1723327636719
Starting label LEVI, seed 49, iteration 1070, time: 439.4619288444519
Starting label LEVI, seed 49, iteration 1080, time: 447.9037721157074
Starting label LEVI, seed 49, iteration 1090, time: 457.1453561782837
Starting label LEVI, seed 49, iteration 1100, time: 466.52747869491577
Starting label LEVI, seed 49, iteration 1110, time: 475.4282114505768
Starting label LEVI, seed 49, iteration 1120, time: 484.9109857082367
Starting label LEVI, seed 49, iteration 1130, time: 495.3411400318146
Starting label LEVI, seed 49, iteration 1140, time: 505.32527565956116
Starting label LEVI, seed 49, iteration 1150, time: 514.1182281970978
Starting label LEVI, seed 49, iteration 1160, time: 522.972460269928
Starting label LEVI, seed 49, iteration 1170, time: 531.8885731697083
Starting label LEVI, seed 49, iteration 1180, time: 541.2429523468018
Starting label LEVI, seed 49, iteration 1190, time: 550.6724638938904
Starting label LEVI, seed 49, iteration 1200, time: 562.10178399086
Starting label LEVI, seed 49, iteration 1210, time: 574.6844699382782
Starting label LEVI, seed 49, iteration 1220, time: 586.8276121616364
Starting label LEVI, seed 49, iteration 1230, time: 596.7176628112793
Starting label LEVI, seed 49, iteration 1240, time: 609.7495050430298
Starting label LEVI, seed 49, iteration 1250, time: 620.0888028144836
Starting label LEVI, seed 49, iteration 1260, time: 633.5311367511749
Starting label LEVI, seed 49, iteration 1270, time: 646.8096189498901
Starting label LEVI, seed 49, iteration 1280, time: 659.7408292293549
Starting label LEVI, seed 49, iteration 1290, time: 673.6195259094238
Starting label LEVI, seed 49, iteration 1300, time: 686.6356823444366
Starting label LEVI, seed 49, iteration 1310, time: 698.8115954399109
Starting label LEVI, seed 49, iteration 1320, time: 710.5991809368134
Starting label LEVI, seed 49, iteration 1330, time: 722.6691505908966
Starting label LEVI, seed 49, iteration 1340, time: 734.9523177146912
Starting label LEVI, seed 49, iteration 1350, time: 749.391658782959
Starting label LEVI, seed 49, iteration 1360, time: 765.8923861980438
Starting label LEVI, seed 49, iteration 1370, time: 778.4558687210083
Starting label LEVI, seed 49, iteration 1380, time: 793.0772812366486
Starting label LEVI, seed 49, iteration 1390, time: 808.30166888237
Starting label LEVI, seed 49, iteration 1400, time: 824.3982970714569
Starting label LEVI, seed 49, iteration 1410, time: 841.6241571903229
Starting label LEVI, seed 49, iteration 1420, time: 859.3390991687775
Starting label LEVI, seed 49, iteration 1430, time: 875.3512978553772
Starting label LEVI, seed 49, iteration 1440, time: 894.1101837158203
Starting label LEVI, seed 49, iteration 1450, time: 910.3553287982941
Starting label LEVI, seed 49, iteration 1460, time: 925.1901664733887
Starting label LEVI, seed 49, iteration 1470, time: 939.4461116790771
Starting label LEVI, seed 49, iteration 1480, time: 956.9978878498077
Starting label LEVI, seed 49, iteration 1490, time: 973.0036387443542
Starting label LEVI, seed 49, iteration 1500, time: 990.7838563919067
Starting label LEVI, seed 49, iteration 1510, time: 1010.5899217128754
Starting label LEVI, seed 49, iteration 1520, time: 1029.7252614498138
Starting label LEVI, seed 49, iteration 1530, time: 1049.7092306613922
Starting label LEVI, seed 49, iteration 1540, time: 1071.7140882015228
Starting label LEVI, seed 49, iteration 1550, time: 1089.0480422973633
Starting label LEVI, seed 49, iteration 1560, time: 1106.9892778396606
Starting label LEVI, seed 49, iteration 1570, time: 1129.240059375763
Starting label LEVI, seed 49, iteration 1580, time: 1153.326073884964
Starting label LEVI, seed 49, iteration 1590, time: 1173.1484665870667
Starting label LEVI, seed 49, iteration 1600, time: 1197.1099491119385
Starting label LEVI, seed 49, iteration 1610, time: 1222.4938275814056
Starting label LEVI, seed 49, iteration 1620, time: 1244.0665969848633
Starting label LEVI, seed 49, iteration 1630, time: 1267.111326932907
Starting label LEVI, seed 49, iteration 1640, time: 1289.727115392685
Starting label LEVI, seed 49, iteration 1650, time: 1312.923949956894
Starting label LEVI, seed 49, iteration 1660, time: 1337.8755757808685
Starting label LEVI, seed 49, iteration 1670, time: 1362.5927605628967
Starting label LEVI, seed 49, iteration 1680, time: 1382.0001401901245
Starting label LEVI, seed 49, iteration 1690, time: 1402.4239015579224
Starting label LEVI, seed 49, iteration 1700, time: 1427.473125219345
Starting label LEVI, seed 49, iteration 1710, time: 1459.6840388774872
Starting label LEVI, seed 49, iteration 1720, time: 1481.340166091919
Starting label LEVI, seed 49, iteration 1730, time: 1503.169469833374
Starting label LEVI, seed 49, iteration 1740, time: 1529.1007421016693
submitit WARNING (2022-10-02 00:55:52,227) - Bypassing signal SIGTERM
submitit WARNING (2022-10-02 00:55:52,228) - Bypassing signal SIGCONT
Starting label LEVI, seed 49, iteration 1750, time: 1551.5449879169464
