submitit INFO (2022-10-02 00:52:40,256) - Starting with JobEnvironment(job_id=883293_7, hostname=davis-compute-01.cs.cornell.edu, local_rank=0(1), node=0(1), global_rank=0(1))
submitit INFO (2022-10-02 00:52:40,256) - Loading pickle: /home/gid-cakmaks/contextual_rs/experiments/wsc_experiments/logs/883293_7/883293_7_submitted.pkl
Starting label LEVI, seed 77, iteration 0, time: 0.005635738372802734
Starting label LEVI, seed 77, iteration 10, time: 2.042001724243164
Starting label LEVI, seed 77, iteration 20, time: 4.320388317108154
Starting label LEVI, seed 77, iteration 30, time: 6.349100589752197
Starting label LEVI, seed 77, iteration 40, time: 8.428340911865234
Starting label LEVI, seed 77, iteration 50, time: 10.500267028808594
Starting label LEVI, seed 77, iteration 60, time: 12.830471515655518
Starting label LEVI, seed 77, iteration 70, time: 14.767737627029419
Starting label LEVI, seed 77, iteration 80, time: 17.099748611450195
Starting label LEVI, seed 77, iteration 90, time: 19.223249912261963
Starting label LEVI, seed 77, iteration 100, time: 21.283481121063232
Starting label LEVI, seed 77, iteration 110, time: 23.59195113182068
Starting label LEVI, seed 77, iteration 120, time: 25.704756259918213
Starting label LEVI, seed 77, iteration 130, time: 27.994271278381348
Starting label LEVI, seed 77, iteration 140, time: 30.24649739265442
Starting label LEVI, seed 77, iteration 150, time: 32.54284358024597
Starting label LEVI, seed 77, iteration 160, time: 34.63518261909485
Starting label LEVI, seed 77, iteration 170, time: 37.0666127204895
Starting label LEVI, seed 77, iteration 180, time: 39.2421510219574
Starting label LEVI, seed 77, iteration 190, time: 41.378458976745605
Starting label LEVI, seed 77, iteration 200, time: 43.91155552864075
Starting label LEVI, seed 77, iteration 210, time: 46.014673709869385
Starting label LEVI, seed 77, iteration 220, time: 48.601874351501465
Starting label LEVI, seed 77, iteration 230, time: 51.017539739608765
Starting label LEVI, seed 77, iteration 240, time: 53.64582872390747
Starting label LEVI, seed 77, iteration 250, time: 55.853266954422
Starting label LEVI, seed 77, iteration 260, time: 58.80435276031494
Starting label LEVI, seed 77, iteration 270, time: 61.55208945274353
Starting label LEVI, seed 77, iteration 280, time: 64.2472243309021
Starting label LEVI, seed 77, iteration 290, time: 66.65778994560242
Starting label LEVI, seed 77, iteration 300, time: 69.64098978042603
Starting label LEVI, seed 77, iteration 310, time: 72.8728015422821
Starting label LEVI, seed 77, iteration 320, time: 75.54285097122192
Starting label LEVI, seed 77, iteration 330, time: 78.43364000320435
Starting label LEVI, seed 77, iteration 340, time: 81.39202857017517
Starting label LEVI, seed 77, iteration 350, time: 84.4297878742218
Starting label LEVI, seed 77, iteration 360, time: 87.33992409706116
Starting label LEVI, seed 77, iteration 370, time: 90.3021628856659
Starting label LEVI, seed 77, iteration 380, time: 93.261971950531
Starting label LEVI, seed 77, iteration 390, time: 96.05660676956177
Starting label LEVI, seed 77, iteration 400, time: 99.0152940750122
Starting label LEVI, seed 77, iteration 410, time: 101.79626631736755
Starting label LEVI, seed 77, iteration 420, time: 104.64206767082214
Starting label LEVI, seed 77, iteration 430, time: 107.39282202720642
Starting label LEVI, seed 77, iteration 440, time: 110.30025219917297
Starting label LEVI, seed 77, iteration 450, time: 113.03439831733704
Starting label LEVI, seed 77, iteration 460, time: 116.06191396713257
Starting label LEVI, seed 77, iteration 470, time: 119.04424738883972
Starting label LEVI, seed 77, iteration 480, time: 121.92993521690369
Starting label LEVI, seed 77, iteration 490, time: 125.11568236351013
Starting label LEVI, seed 77, iteration 500, time: 128.1305079460144
Starting label LEVI, seed 77, iteration 510, time: 130.9442367553711
Starting label LEVI, seed 77, iteration 520, time: 134.10040068626404
Starting label LEVI, seed 77, iteration 530, time: 136.74912118911743
Starting label LEVI, seed 77, iteration 540, time: 139.9762179851532
Starting label LEVI, seed 77, iteration 550, time: 142.86616396903992
Starting label LEVI, seed 77, iteration 560, time: 145.99427962303162
Starting label LEVI, seed 77, iteration 570, time: 148.92596459388733
Starting label LEVI, seed 77, iteration 580, time: 152.26595330238342
Starting label LEVI, seed 77, iteration 590, time: 155.2572956085205
Starting label LEVI, seed 77, iteration 600, time: 158.12045216560364
Starting label LEVI, seed 77, iteration 610, time: 161.47649478912354
Starting label LEVI, seed 77, iteration 620, time: 164.5099811553955
Starting label LEVI, seed 77, iteration 630, time: 167.29800152778625
Starting label LEVI, seed 77, iteration 640, time: 170.66956114768982
Starting label LEVI, seed 77, iteration 650, time: 173.9189476966858
Starting label LEVI, seed 77, iteration 660, time: 177.0194365978241
Starting label LEVI, seed 77, iteration 670, time: 180.0408914089203
Starting label LEVI, seed 77, iteration 680, time: 183.59638905525208
Starting label LEVI, seed 77, iteration 690, time: 187.00814986228943
submitit WARNING (2022-10-02 00:55:52,087) - Bypassing signal SIGCONT
submitit WARNING (2022-10-02 00:55:52,089) - Bypassing signal SIGTERM
Starting label LEVI, seed 77, iteration 700, time: 190.4900197982788
Starting label LEVI, seed 77, iteration 710, time: 194.36302065849304
Starting label LEVI, seed 77, iteration 720, time: 197.56942534446716
Starting label LEVI, seed 77, iteration 730, time: 201.30090832710266
Starting label LEVI, seed 77, iteration 740, time: 204.7898211479187
Starting label LEVI, seed 77, iteration 750, time: 208.42920994758606
Starting label LEVI, seed 77, iteration 760, time: 211.90215492248535
Starting label LEVI, seed 77, iteration 770, time: 215.84053206443787
Starting label LEVI, seed 77, iteration 780, time: 219.07275295257568
