submitit INFO (2022-10-02 02:25:27,520) - Starting with JobEnvironment(job_id=883724_3, hostname=rush-compute-01.tech.cornell.edu, local_rank=0(1), node=0(1), global_rank=0(1))
submitit INFO (2022-10-02 02:25:27,520) - Loading pickle: /home/gid-cakmaks/contextual_rs/experiments/wsc_experiments/logs/883724_3/883724_3_submitted.pkl
Appending iterations to existing output!Warning: If parameters other than `iterations` have been changed, this will corrupt the output!
Starting label LEVI, seed 73, iteration 820, time: 282.80970549583435
Starting label LEVI, seed 73, iteration 830, time: 289.59126687049866
Starting label LEVI, seed 73, iteration 840, time: 295.4886984825134
Starting label LEVI, seed 73, iteration 850, time: 300.6300964355469
Starting label LEVI, seed 73, iteration 860, time: 305.75006318092346
Starting label LEVI, seed 73, iteration 870, time: 312.229807138443
Starting label LEVI, seed 73, iteration 880, time: 317.83960008621216
Starting label LEVI, seed 73, iteration 890, time: 323.06568002700806
Starting label LEVI, seed 73, iteration 900, time: 330.22553992271423
Starting label LEVI, seed 73, iteration 910, time: 336.39082074165344
Starting label LEVI, seed 73, iteration 920, time: 344.04360151290894
Starting label LEVI, seed 73, iteration 930, time: 349.84570956230164
Starting label LEVI, seed 73, iteration 940, time: 356.4315116405487
Starting label LEVI, seed 73, iteration 950, time: 362.8819999694824
Starting label LEVI, seed 73, iteration 960, time: 369.41656160354614
Starting label LEVI, seed 73, iteration 970, time: 376.2483263015747
Starting label LEVI, seed 73, iteration 980, time: 383.23737931251526
Starting label LEVI, seed 73, iteration 990, time: 390.3649218082428
Starting label LEVI, seed 73, iteration 1000, time: 396.6711618900299
Starting label LEVI, seed 73, iteration 1010, time: 404.78429913520813
Starting label LEVI, seed 73, iteration 1020, time: 411.33888840675354
Starting label LEVI, seed 73, iteration 1030, time: 417.7735936641693
Starting label LEVI, seed 73, iteration 1040, time: 427.3653259277344
Starting label LEVI, seed 73, iteration 1050, time: 435.7680115699768
Starting label LEVI, seed 73, iteration 1060, time: 442.67944717407227
Starting label LEVI, seed 73, iteration 1070, time: 450.99884390830994
Starting label LEVI, seed 73, iteration 1080, time: 459.9227056503296
Starting label LEVI, seed 73, iteration 1090, time: 469.0913360118866
Starting label LEVI, seed 73, iteration 1100, time: 476.6793887615204
Starting label LEVI, seed 73, iteration 1110, time: 486.02338314056396
Starting label LEVI, seed 73, iteration 1120, time: 495.6493651866913
Starting label LEVI, seed 73, iteration 1130, time: 505.4435863494873
Starting label LEVI, seed 73, iteration 1140, time: 514.6840410232544
Starting label LEVI, seed 73, iteration 1150, time: 524.2828001976013
Starting label LEVI, seed 73, iteration 1160, time: 533.9872238636017
Starting label LEVI, seed 73, iteration 1170, time: 541.613566160202
Starting label LEVI, seed 73, iteration 1180, time: 549.5960040092468
Starting label LEVI, seed 73, iteration 1190, time: 559.2867300510406
Starting label LEVI, seed 73, iteration 1200, time: 570.0202305316925
Starting label LEVI, seed 73, iteration 1210, time: 578.3964774608612
Starting label LEVI, seed 73, iteration 1220, time: 587.842236995697
Starting label LEVI, seed 73, iteration 1230, time: 597.0336833000183
Starting label LEVI, seed 73, iteration 1240, time: 608.1147677898407
Starting label LEVI, seed 73, iteration 1250, time: 618.5175487995148
Starting label LEVI, seed 73, iteration 1260, time: 628.9565393924713
Starting label LEVI, seed 73, iteration 1270, time: 641.3348894119263
Starting label LEVI, seed 73, iteration 1280, time: 651.3034720420837
Starting label LEVI, seed 73, iteration 1290, time: 664.4781727790833
Starting label LEVI, seed 73, iteration 1300, time: 674.113879442215
Starting label LEVI, seed 73, iteration 1310, time: 686.8376288414001
Starting label LEVI, seed 73, iteration 1320, time: 696.769385099411
Starting label LEVI, seed 73, iteration 1330, time: 709.3994858264923
Starting label LEVI, seed 73, iteration 1340, time: 721.2325170040131
Starting label LEVI, seed 73, iteration 1350, time: 732.881936788559
Starting label LEVI, seed 73, iteration 1360, time: 745.0421471595764
Starting label LEVI, seed 73, iteration 1370, time: 757.6935572624207
Starting label LEVI, seed 73, iteration 1380, time: 767.8343262672424
Starting label LEVI, seed 73, iteration 1390, time: 778.4379200935364
Starting label LEVI, seed 73, iteration 1400, time: 789.234828710556
Starting label LEVI, seed 73, iteration 1410, time: 800.0234656333923
Starting label LEVI, seed 73, iteration 1420, time: 810.8737452030182
Starting label LEVI, seed 73, iteration 1430, time: 821.695565700531
Starting label LEVI, seed 73, iteration 1440, time: 832.7399022579193
Starting label LEVI, seed 73, iteration 1450, time: 846.5352621078491
Starting label LEVI, seed 73, iteration 1460, time: 858.7132234573364
Starting label LEVI, seed 73, iteration 1470, time: 875.41983294487
Starting label LEVI, seed 73, iteration 1480, time: 887.0658168792725
Starting label LEVI, seed 73, iteration 1490, time: 901.407212972641
Starting label LEVI, seed 73, iteration 1500, time: 913.9254262447357
Starting label LEVI, seed 73, iteration 1510, time: 926.8390216827393
Starting label LEVI, seed 73, iteration 1520, time: 942.6569380760193
Starting label LEVI, seed 73, iteration 1530, time: 956.0239996910095
Starting label LEVI, seed 73, iteration 1540, time: 973.8217198848724
Starting label LEVI, seed 73, iteration 1550, time: 988.5349338054657
Starting label LEVI, seed 73, iteration 1560, time: 1002.315367937088
Starting label LEVI, seed 73, iteration 1570, time: 1017.3265247344971
Starting label LEVI, seed 73, iteration 1580, time: 1034.1065838336945
Starting label LEVI, seed 73, iteration 1590, time: 1049.54625248909
Starting label LEVI, seed 73, iteration 1600, time: 1065.2946245670319
Starting label LEVI, seed 73, iteration 1610, time: 1082.3348350524902
Starting label LEVI, seed 73, iteration 1620, time: 1098.3240702152252
Starting label LEVI, seed 73, iteration 1630, time: 1119.737711906433
Starting label LEVI, seed 73, iteration 1640, time: 1136.5179920196533
Starting label LEVI, seed 73, iteration 1650, time: 1153.8029222488403
Starting label LEVI, seed 73, iteration 1660, time: 1176.0660338401794
Starting label LEVI, seed 73, iteration 1670, time: 1199.8554482460022
Starting label LEVI, seed 73, iteration 1680, time: 1218.597636938095
Starting label LEVI, seed 73, iteration 1690, time: 1236.327517747879
Starting label LEVI, seed 73, iteration 1700, time: 1257.9545469284058
Starting label LEVI, seed 73, iteration 1710, time: 1275.5008676052094
Starting label LEVI, seed 73, iteration 1720, time: 1293.4311270713806
Starting label LEVI, seed 73, iteration 1730, time: 1317.9420773983002
Starting label LEVI, seed 73, iteration 1740, time: 1337.7879824638367
Starting label LEVI, seed 73, iteration 1750, time: 1356.0933270454407
Starting label LEVI, seed 73, iteration 1760, time: 1374.3282628059387
Starting label LEVI, seed 73, iteration 1770, time: 1398.7602367401123
Starting label LEVI, seed 73, iteration 1780, time: 1420.7969880104065
Starting label LEVI, seed 73, iteration 1790, time: 1445.533536195755
Starting label LEVI, seed 73, iteration 1800, time: 1471.9559862613678
Starting label LEVI, seed 73, iteration 1810, time: 1496.403596162796
Starting label LEVI, seed 73, iteration 1820, time: 1520.5990121364594
Starting label LEVI, seed 73, iteration 1830, time: 1540.9213149547577
Starting label LEVI, seed 73, iteration 1840, time: 1561.945502281189
Starting label LEVI, seed 73, iteration 1850, time: 1583.488599061966
Starting label LEVI, seed 73, iteration 1860, time: 1609.3886530399323
Starting label LEVI, seed 73, iteration 1870, time: 1635.859870672226
Starting label LEVI, seed 73, iteration 1880, time: 1657.8633840084076
Starting label LEVI, seed 73, iteration 1890, time: 1681.1455624103546
Starting label LEVI, seed 73, iteration 1900, time: 1706.1470878124237
Starting label LEVI, seed 73, iteration 1910, time: 1732.0038516521454
Starting label LEVI, seed 73, iteration 1920, time: 1753.793624162674
Starting label LEVI, seed 73, iteration 1930, time: 1781.6075484752655
Starting label LEVI, seed 73, iteration 1940, time: 1809.0814535617828
Starting label LEVI, seed 73, iteration 1950, time: 1831.235179424286
Starting label LEVI, seed 73, iteration 1960, time: 1853.4522595405579
Starting label LEVI, seed 73, iteration 1970, time: 1875.9277255535126
Starting label LEVI, seed 73, iteration 1980, time: 1900.6690952777863
Starting label LEVI, seed 73, iteration 1990, time: 1930.655190706253
submitit INFO (2022-10-02 02:53:23,233) - Job completed successfully
