submitit INFO (2022-10-02 13:27:12,294) - Starting with JobEnvironment(job_id=884561_1, hostname=scaglione-compute-01.tech.cornell.edu, local_rank=0(1), node=0(1), global_rank=0(1))
submitit INFO (2022-10-02 13:27:12,294) - Loading pickle: /home/gid-cakmaks/contextual_rs/experiments/wsc_experiments/logs/884561_1/884561_1_submitted.pkl
Appending iterations to existing output!Warning: If parameters other than `iterations` have been changed, this will corrupt the output!
Starting label LEVI, seed 41, iteration 40, time: 199.9122030735016
Starting label LEVI, seed 41, iteration 50, time: 205.87745141983032
Starting label LEVI, seed 41, iteration 60, time: 211.9408576488495
Starting label LEVI, seed 41, iteration 70, time: 217.38873863220215
Starting label LEVI, seed 41, iteration 80, time: 223.03536367416382
Starting label LEVI, seed 41, iteration 90, time: 228.97608995437622
Starting label LEVI, seed 41, iteration 100, time: 234.61251425743103
Starting label LEVI, seed 41, iteration 110, time: 240.41342067718506
Starting label LEVI, seed 41, iteration 120, time: 246.18438410758972
Starting label LEVI, seed 41, iteration 130, time: 252.24162936210632
Starting label LEVI, seed 41, iteration 140, time: 258.594523191452
Starting label LEVI, seed 41, iteration 150, time: 265.0743143558502
Starting label LEVI, seed 41, iteration 160, time: 271.9016273021698
Starting label LEVI, seed 41, iteration 170, time: 278.4213993549347
Starting label LEVI, seed 41, iteration 180, time: 284.7080841064453
Starting label LEVI, seed 41, iteration 190, time: 291.0573353767395
Starting label LEVI, seed 41, iteration 200, time: 297.52752900123596
Starting label LEVI, seed 41, iteration 210, time: 304.0848731994629
Starting label LEVI, seed 41, iteration 220, time: 310.5388493537903
Starting label LEVI, seed 41, iteration 230, time: 316.9242956638336
Starting label LEVI, seed 41, iteration 240, time: 323.4970278739929
Starting label LEVI, seed 41, iteration 250, time: 329.9967107772827
Starting label LEVI, seed 41, iteration 260, time: 336.6337003707886
Starting label LEVI, seed 41, iteration 270, time: 342.9414551258087
Starting label LEVI, seed 41, iteration 280, time: 349.4536843299866
Starting label LEVI, seed 41, iteration 290, time: 355.9042217731476
Starting label LEVI, seed 41, iteration 300, time: 362.30747413635254
Starting label LEVI, seed 41, iteration 310, time: 369.01775193214417
Starting label LEVI, seed 41, iteration 320, time: 375.67586493492126
Starting label LEVI, seed 41, iteration 330, time: 382.3265607357025
Starting label LEVI, seed 41, iteration 340, time: 389.64173650741577
Starting label LEVI, seed 41, iteration 350, time: 396.80206274986267
Starting label LEVI, seed 41, iteration 360, time: 403.94624733924866
Starting label LEVI, seed 41, iteration 370, time: 411.1384451389313
Starting label LEVI, seed 41, iteration 380, time: 417.9040672779083
Starting label LEVI, seed 41, iteration 390, time: 424.78337144851685
Starting label LEVI, seed 41, iteration 400, time: 431.99302864074707
Starting label LEVI, seed 41, iteration 410, time: 439.2828674316406
Starting label LEVI, seed 41, iteration 420, time: 446.36893677711487
Starting label LEVI, seed 41, iteration 430, time: 453.6982431411743
Starting label LEVI, seed 41, iteration 440, time: 461.45760130882263
Starting label LEVI, seed 41, iteration 450, time: 469.1499011516571
Starting label LEVI, seed 41, iteration 460, time: 476.6038353443146
Starting label LEVI, seed 41, iteration 470, time: 484.28007531166077
Starting label LEVI, seed 41, iteration 480, time: 491.68410897254944
Starting label LEVI, seed 41, iteration 490, time: 499.399915933609
Starting label LEVI, seed 41, iteration 500, time: 506.9901738166809
Starting label LEVI, seed 41, iteration 510, time: 514.6785666942596
Starting label LEVI, seed 41, iteration 520, time: 522.2474150657654
Starting label LEVI, seed 41, iteration 530, time: 529.864515542984
Starting label LEVI, seed 41, iteration 540, time: 537.2793316841125
Starting label LEVI, seed 41, iteration 550, time: 544.9077863693237
Starting label LEVI, seed 41, iteration 560, time: 552.5035393238068
Starting label LEVI, seed 41, iteration 570, time: 559.9483909606934
Starting label LEVI, seed 41, iteration 580, time: 567.2999391555786
Starting label LEVI, seed 41, iteration 590, time: 574.5195407867432
Starting label LEVI, seed 41, iteration 600, time: 581.8598067760468
Starting label LEVI, seed 41, iteration 610, time: 589.1386082172394
Starting label LEVI, seed 41, iteration 620, time: 595.9466490745544
Starting label LEVI, seed 41, iteration 630, time: 603.0126531124115
Starting label LEVI, seed 41, iteration 640, time: 610.3326623439789
Starting label LEVI, seed 41, iteration 650, time: 617.6964018344879
Starting label LEVI, seed 41, iteration 660, time: 624.899781703949
Starting label LEVI, seed 41, iteration 670, time: 632.2974054813385
Starting label LEVI, seed 41, iteration 680, time: 640.1001787185669
Starting label LEVI, seed 41, iteration 690, time: 647.7940504550934
Starting label LEVI, seed 41, iteration 700, time: 655.2577638626099
Starting label LEVI, seed 41, iteration 710, time: 662.8131113052368
Starting label LEVI, seed 41, iteration 720, time: 670.3731639385223
Starting label LEVI, seed 41, iteration 730, time: 678.138020992279
Starting label LEVI, seed 41, iteration 740, time: 685.5779457092285
Starting label LEVI, seed 41, iteration 750, time: 692.9489002227783
Starting label LEVI, seed 41, iteration 760, time: 700.3841254711151
Starting label LEVI, seed 41, iteration 770, time: 708.1281199455261
Starting label LEVI, seed 41, iteration 780, time: 715.9793951511383
Starting label LEVI, seed 41, iteration 790, time: 724.1136417388916
Starting label LEVI, seed 41, iteration 800, time: 732.0287251472473
Starting label LEVI, seed 41, iteration 810, time: 740.4184973239899
Starting label LEVI, seed 41, iteration 820, time: 748.6649467945099
Starting label LEVI, seed 41, iteration 830, time: 757.2382121086121
Starting label LEVI, seed 41, iteration 840, time: 765.6241097450256
Starting label LEVI, seed 41, iteration 850, time: 773.9549617767334
Starting label LEVI, seed 41, iteration 860, time: 782.5793752670288
Starting label LEVI, seed 41, iteration 870, time: 791.0772783756256
Starting label LEVI, seed 41, iteration 880, time: 799.3051280975342
Starting label LEVI, seed 41, iteration 890, time: 808.1878678798676
Starting label LEVI, seed 41, iteration 900, time: 817.7013487815857
Starting label LEVI, seed 41, iteration 910, time: 827.2276825904846
Starting label LEVI, seed 41, iteration 920, time: 836.3834407329559
Starting label LEVI, seed 41, iteration 930, time: 845.5516533851624
Starting label LEVI, seed 41, iteration 940, time: 854.9492030143738
Starting label LEVI, seed 41, iteration 950, time: 863.7935376167297
Starting label LEVI, seed 41, iteration 960, time: 872.4326837062836
Starting label LEVI, seed 41, iteration 970, time: 881.2572553157806
Starting label LEVI, seed 41, iteration 980, time: 889.9601578712463
Starting label LEVI, seed 41, iteration 990, time: 898.6998527050018
Starting label LEVI, seed 41, iteration 1000, time: 907.1877212524414
Starting label LEVI, seed 41, iteration 1010, time: 916.018979549408
Starting label LEVI, seed 41, iteration 1020, time: 924.8261640071869
Starting label LEVI, seed 41, iteration 1030, time: 933.7659301757812
Starting label LEVI, seed 41, iteration 1040, time: 942.6708078384399
Starting label LEVI, seed 41, iteration 1050, time: 951.4068052768707
Starting label LEVI, seed 41, iteration 1060, time: 960.0088937282562
Starting label LEVI, seed 41, iteration 1070, time: 968.9976029396057
Starting label LEVI, seed 41, iteration 1080, time: 977.707261800766
Starting label LEVI, seed 41, iteration 1090, time: 986.7409164905548
Starting label LEVI, seed 41, iteration 1100, time: 995.9708349704742
Starting label LEVI, seed 41, iteration 1110, time: 1004.960422039032
Starting label LEVI, seed 41, iteration 1120, time: 1013.6959278583527
Starting label LEVI, seed 41, iteration 1130, time: 1022.7953748703003
Starting label LEVI, seed 41, iteration 1140, time: 1032.2625062465668
Starting label LEVI, seed 41, iteration 1150, time: 1041.2797904014587
Starting label LEVI, seed 41, iteration 1160, time: 1050.4684944152832
Starting label LEVI, seed 41, iteration 1170, time: 1060.0293095111847
Starting label LEVI, seed 41, iteration 1180, time: 1069.1910989284515
Starting label LEVI, seed 41, iteration 1190, time: 1078.2038531303406
Starting label LEVI, seed 41, iteration 1200, time: 1087.6995313167572
Starting label LEVI, seed 41, iteration 1210, time: 1097.3996574878693
Starting label LEVI, seed 41, iteration 1220, time: 1107.0543463230133
Starting label LEVI, seed 41, iteration 1230, time: 1116.1807165145874
Starting label LEVI, seed 41, iteration 1240, time: 1125.4761142730713
Starting label LEVI, seed 41, iteration 1250, time: 1134.5573091506958
Starting label LEVI, seed 41, iteration 1260, time: 1143.5274503231049
Starting label LEVI, seed 41, iteration 1270, time: 1152.4852266311646
Starting label LEVI, seed 41, iteration 1280, time: 1161.5849373340607
Starting label LEVI, seed 41, iteration 1290, time: 1170.0841517448425
Starting label LEVI, seed 41, iteration 1300, time: 1179.0124652385712
Starting label LEVI, seed 41, iteration 1310, time: 1188.3381469249725
Starting label LEVI, seed 41, iteration 1320, time: 1197.957153081894
Starting label LEVI, seed 41, iteration 1330, time: 1207.221883058548
Starting label LEVI, seed 41, iteration 1340, time: 1216.0336701869965
Starting label LEVI, seed 41, iteration 1350, time: 1225.198308467865
Starting label LEVI, seed 41, iteration 1360, time: 1234.7032780647278
Starting label LEVI, seed 41, iteration 1370, time: 1244.0883569717407
Starting label LEVI, seed 41, iteration 1380, time: 1253.1198508739471
Starting label LEVI, seed 41, iteration 1390, time: 1261.9184098243713
Starting label LEVI, seed 41, iteration 1400, time: 1271.334043264389
Starting label LEVI, seed 41, iteration 1410, time: 1280.4683146476746
Starting label LEVI, seed 41, iteration 1420, time: 1289.5492696762085
Starting label LEVI, seed 41, iteration 1430, time: 1298.8688979148865
Starting label LEVI, seed 41, iteration 1440, time: 1308.1821837425232
Starting label LEVI, seed 41, iteration 1450, time: 1317.9990074634552
Starting label LEVI, seed 41, iteration 1460, time: 1327.964926958084
Starting label LEVI, seed 41, iteration 1470, time: 1337.7646617889404
Starting label LEVI, seed 41, iteration 1480, time: 1347.9039096832275
Starting label LEVI, seed 41, iteration 1490, time: 1357.5699980258942
Starting label LEVI, seed 41, iteration 1500, time: 1367.7037661075592
Starting label LEVI, seed 41, iteration 1510, time: 1377.2089531421661
Starting label LEVI, seed 41, iteration 1520, time: 1387.20405626297
Starting label LEVI, seed 41, iteration 1530, time: 1396.9540770053864
Starting label LEVI, seed 41, iteration 1540, time: 1405.8529505729675
Starting label LEVI, seed 41, iteration 1550, time: 1416.2107517719269
Starting label LEVI, seed 41, iteration 1560, time: 1426.5263690948486
Starting label LEVI, seed 41, iteration 1570, time: 1436.7070009708405
Starting label LEVI, seed 41, iteration 1580, time: 1447.1963970661163
Starting label LEVI, seed 41, iteration 1590, time: 1458.1554503440857
Starting label LEVI, seed 41, iteration 1600, time: 1468.9048039913177
Starting label LEVI, seed 41, iteration 1610, time: 1479.5186500549316
Starting label LEVI, seed 41, iteration 1620, time: 1489.945407629013
Starting label LEVI, seed 41, iteration 1630, time: 1499.957667350769
Starting label LEVI, seed 41, iteration 1640, time: 1510.2407131195068
Starting label LEVI, seed 41, iteration 1650, time: 1520.7726395130157
Starting label LEVI, seed 41, iteration 1660, time: 1531.5683932304382
Starting label LEVI, seed 41, iteration 1670, time: 1541.691107749939
Starting label LEVI, seed 41, iteration 1680, time: 1552.662891626358
Starting label LEVI, seed 41, iteration 1690, time: 1563.692444562912
Starting label LEVI, seed 41, iteration 1700, time: 1574.6855056285858
Starting label LEVI, seed 41, iteration 1710, time: 1586.3131198883057
Starting label LEVI, seed 41, iteration 1720, time: 1598.1784031391144
Starting label LEVI, seed 41, iteration 1730, time: 1609.5300233364105
Starting label LEVI, seed 41, iteration 1740, time: 1621.609182357788
Starting label LEVI, seed 41, iteration 1750, time: 1632.8666064739227
Starting label LEVI, seed 41, iteration 1760, time: 1643.5114068984985
Starting label LEVI, seed 41, iteration 1770, time: 1654.1997504234314
Starting label LEVI, seed 41, iteration 1780, time: 1665.2794454097748
Starting label LEVI, seed 41, iteration 1790, time: 1676.3753249645233
Starting label LEVI, seed 41, iteration 1800, time: 1688.1468942165375
Starting label LEVI, seed 41, iteration 1810, time: 1700.559480190277
Starting label LEVI, seed 41, iteration 1820, time: 1713.0691165924072
Starting label LEVI, seed 41, iteration 1830, time: 1725.6225180625916
Starting label LEVI, seed 41, iteration 1840, time: 1737.8737783432007
Starting label LEVI, seed 41, iteration 1850, time: 1750.861387014389
Starting label LEVI, seed 41, iteration 1860, time: 1763.3794548511505
Starting label LEVI, seed 41, iteration 1870, time: 1775.4714016914368
Starting label LEVI, seed 41, iteration 1880, time: 1787.36541223526
Starting label LEVI, seed 41, iteration 1890, time: 1799.5046043395996
Starting label LEVI, seed 41, iteration 1900, time: 1812.0374193191528
Starting label LEVI, seed 41, iteration 1910, time: 1823.8558821678162
Starting label LEVI, seed 41, iteration 1920, time: 1836.3493747711182
Starting label LEVI, seed 41, iteration 1930, time: 1848.7454121112823
Starting label LEVI, seed 41, iteration 1940, time: 1861.0148453712463
Starting label LEVI, seed 41, iteration 1950, time: 1873.1260468959808
Starting label LEVI, seed 41, iteration 1960, time: 1885.7521224021912
Starting label LEVI, seed 41, iteration 1970, time: 1898.6770679950714
Starting label LEVI, seed 41, iteration 1980, time: 1911.2644772529602
Starting label LEVI, seed 41, iteration 1990, time: 1924.34575009346
submitit INFO (2022-10-02 13:56:12,520) - Job completed successfully
