submitit INFO (2022-10-02 00:29:42,609) - Starting with JobEnvironment(job_id=883252_3, hostname=coecis-compute-01.coecis.cornell.edu, local_rank=0(1), node=0(1), global_rank=0(1))
submitit INFO (2022-10-02 00:29:42,610) - Loading pickle: /home/gid-cakmaks/contextual_rs/experiments/wsc_experiments/logs/883252_3/883252_3_submitted.pkl
Starting label LEVI, seed 23, iteration 0, time: 0.030244112014770508
Starting label LEVI, seed 23, iteration 10, time: 3.229508638381958
Starting label LEVI, seed 23, iteration 20, time: 6.476413726806641
Starting label LEVI, seed 23, iteration 30, time: 9.647757291793823
Starting label LEVI, seed 23, iteration 40, time: 12.876502513885498
Starting label LEVI, seed 23, iteration 50, time: 16.084867000579834
Starting label LEVI, seed 23, iteration 60, time: 19.409789085388184
Starting label LEVI, seed 23, iteration 70, time: 22.66102123260498
Starting label LEVI, seed 23, iteration 80, time: 25.881893634796143
Starting label LEVI, seed 23, iteration 90, time: 29.078866481781006
Starting label LEVI, seed 23, iteration 100, time: 32.293031215667725
Starting label LEVI, seed 23, iteration 110, time: 35.48114991188049
Starting label LEVI, seed 23, iteration 120, time: 38.756911516189575
Starting label LEVI, seed 23, iteration 130, time: 42.06053066253662
Starting label LEVI, seed 23, iteration 140, time: 45.442246437072754
Starting label LEVI, seed 23, iteration 150, time: 48.81317973136902
Starting label LEVI, seed 23, iteration 160, time: 52.154149293899536
Starting label LEVI, seed 23, iteration 170, time: 55.523818492889404
Starting label LEVI, seed 23, iteration 180, time: 58.85943365097046
Starting label LEVI, seed 23, iteration 190, time: 62.135987281799316
Starting label LEVI, seed 23, iteration 200, time: 65.5452995300293
Starting label LEVI, seed 23, iteration 210, time: 68.96837139129639
Starting label LEVI, seed 23, iteration 220, time: 72.91068887710571
Starting label LEVI, seed 23, iteration 230, time: 76.8846082687378
Starting label LEVI, seed 23, iteration 240, time: 81.62409138679504
Starting label LEVI, seed 23, iteration 250, time: 85.79043197631836
Starting label LEVI, seed 23, iteration 260, time: 90.58694052696228
Starting label LEVI, seed 23, iteration 270, time: 94.75292491912842
Starting label LEVI, seed 23, iteration 280, time: 99.40467166900635
Starting label LEVI, seed 23, iteration 290, time: 103.1025800704956
Starting label LEVI, seed 23, iteration 300, time: 106.66439938545227
Starting label LEVI, seed 23, iteration 310, time: 110.48575949668884
Starting label LEVI, seed 23, iteration 320, time: 114.01665258407593
Starting label LEVI, seed 23, iteration 330, time: 117.56173610687256
Starting label LEVI, seed 23, iteration 340, time: 121.1573486328125
Starting label LEVI, seed 23, iteration 350, time: 124.79800534248352
Starting label LEVI, seed 23, iteration 360, time: 128.48513531684875
Starting label LEVI, seed 23, iteration 370, time: 132.2215404510498
Starting label LEVI, seed 23, iteration 380, time: 135.8642773628235
Starting label LEVI, seed 23, iteration 390, time: 139.69765734672546
Starting label LEVI, seed 23, iteration 400, time: 143.50248837471008
Starting label LEVI, seed 23, iteration 410, time: 147.32217502593994
Starting label LEVI, seed 23, iteration 420, time: 151.2023937702179
Starting label LEVI, seed 23, iteration 430, time: 154.94318771362305
Starting label LEVI, seed 23, iteration 440, time: 158.93899130821228
Starting label LEVI, seed 23, iteration 450, time: 162.92834448814392
Starting label LEVI, seed 23, iteration 460, time: 166.99774622917175
Starting label LEVI, seed 23, iteration 470, time: 170.93322491645813
Starting label LEVI, seed 23, iteration 480, time: 174.9465835094452
Starting label LEVI, seed 23, iteration 490, time: 179.03810238838196
Starting label LEVI, seed 23, iteration 500, time: 183.1906168460846
Starting label LEVI, seed 23, iteration 510, time: 187.08551454544067
Starting label LEVI, seed 23, iteration 520, time: 191.32018661499023
Starting label LEVI, seed 23, iteration 530, time: 195.71982407569885
Starting label LEVI, seed 23, iteration 540, time: 200.01279735565186
Starting label LEVI, seed 23, iteration 550, time: 204.47516632080078
Starting label LEVI, seed 23, iteration 560, time: 208.81425189971924
Starting label LEVI, seed 23, iteration 570, time: 213.16440176963806
Starting label LEVI, seed 23, iteration 580, time: 217.75381207466125
Starting label LEVI, seed 23, iteration 590, time: 222.49240398406982
Starting label LEVI, seed 23, iteration 600, time: 227.2899649143219
Starting label LEVI, seed 23, iteration 610, time: 232.3985984325409
Starting label LEVI, seed 23, iteration 620, time: 237.0649597644806
Starting label LEVI, seed 23, iteration 630, time: 242.07041120529175
Starting label LEVI, seed 23, iteration 640, time: 246.68219780921936
Starting label LEVI, seed 23, iteration 650, time: 251.4861183166504
Starting label LEVI, seed 23, iteration 660, time: 256.7895541191101
Starting label LEVI, seed 23, iteration 670, time: 262.03270292282104
Starting label LEVI, seed 23, iteration 680, time: 267.2551259994507
Starting label LEVI, seed 23, iteration 690, time: 272.51059770584106
Starting label LEVI, seed 23, iteration 700, time: 278.08628368377686
Starting label LEVI, seed 23, iteration 710, time: 283.7528066635132
Starting label LEVI, seed 23, iteration 720, time: 289.6492555141449
Starting label LEVI, seed 23, iteration 730, time: 295.5197865962982
Starting label LEVI, seed 23, iteration 740, time: 301.63367772102356
Starting label LEVI, seed 23, iteration 750, time: 307.1749818325043
Starting label LEVI, seed 23, iteration 760, time: 313.3695604801178
Starting label LEVI, seed 23, iteration 770, time: 319.6095917224884
Starting label LEVI, seed 23, iteration 780, time: 326.3771266937256
Starting label LEVI, seed 23, iteration 790, time: 332.82832431793213
Starting label LEVI, seed 23, iteration 800, time: 339.65062713623047
Starting label LEVI, seed 23, iteration 810, time: 346.57136392593384
Starting label LEVI, seed 23, iteration 820, time: 353.1323654651642
Starting label LEVI, seed 23, iteration 830, time: 360.55220079421997
Starting label LEVI, seed 23, iteration 840, time: 368.47822284698486
Starting label LEVI, seed 23, iteration 850, time: 375.91067576408386
Starting label LEVI, seed 23, iteration 860, time: 383.39797616004944
Starting label LEVI, seed 23, iteration 870, time: 390.89401149749756
Starting label LEVI, seed 23, iteration 880, time: 399.0087366104126
Starting label LEVI, seed 23, iteration 890, time: 406.99527502059937
Starting label LEVI, seed 23, iteration 900, time: 414.87517642974854
Starting label LEVI, seed 23, iteration 910, time: 422.49606347084045
Starting label LEVI, seed 23, iteration 920, time: 430.26407170295715
Starting label LEVI, seed 23, iteration 930, time: 437.6790690422058
Starting label LEVI, seed 23, iteration 940, time: 445.06555438041687
Starting label LEVI, seed 23, iteration 950, time: 453.60342741012573
Starting label LEVI, seed 23, iteration 960, time: 461.036306142807
Starting label LEVI, seed 23, iteration 970, time: 470.00300192832947
Starting label LEVI, seed 23, iteration 980, time: 477.7523353099823
Starting label LEVI, seed 23, iteration 990, time: 485.7763891220093
Starting label LEVI, seed 23, iteration 1000, time: 494.2684030532837
Starting label LEVI, seed 23, iteration 1010, time: 503.2493510246277
Starting label LEVI, seed 23, iteration 1020, time: 511.8247756958008
Starting label LEVI, seed 23, iteration 1030, time: 520.8114833831787
Starting label LEVI, seed 23, iteration 1040, time: 531.5724804401398
Starting label LEVI, seed 23, iteration 1050, time: 541.124737739563
Starting label LEVI, seed 23, iteration 1060, time: 551.5289251804352
Starting label LEVI, seed 23, iteration 1070, time: 562.545254945755
Starting label LEVI, seed 23, iteration 1080, time: 572.5790057182312
Starting label LEVI, seed 23, iteration 1090, time: 582.5350015163422
Starting label LEVI, seed 23, iteration 1100, time: 592.1265113353729
Starting label LEVI, seed 23, iteration 1110, time: 603.5157055854797
Starting label LEVI, seed 23, iteration 1120, time: 613.115656375885
Starting label LEVI, seed 23, iteration 1130, time: 624.007098197937
Starting label LEVI, seed 23, iteration 1140, time: 635.8595957756042
Starting label LEVI, seed 23, iteration 1150, time: 647.6723484992981
Starting label LEVI, seed 23, iteration 1160, time: 658.359935760498
Starting label LEVI, seed 23, iteration 1170, time: 669.290699005127
Starting label LEVI, seed 23, iteration 1180, time: 681.6774504184723
Starting label LEVI, seed 23, iteration 1190, time: 695.1887607574463
Starting label LEVI, seed 23, iteration 1200, time: 706.232176065445
Starting label LEVI, seed 23, iteration 1210, time: 720.3172533512115
Starting label LEVI, seed 23, iteration 1220, time: 732.2095854282379
Starting label LEVI, seed 23, iteration 1230, time: 746.3042783737183
Starting label LEVI, seed 23, iteration 1240, time: 761.3933546543121
Starting label LEVI, seed 23, iteration 1250, time: 776.0157084465027
Starting label LEVI, seed 23, iteration 1260, time: 791.4093515872955
Starting label LEVI, seed 23, iteration 1270, time: 806.6363825798035
Starting label LEVI, seed 23, iteration 1280, time: 821.9666402339935
Starting label LEVI, seed 23, iteration 1290, time: 834.6104481220245
Starting label LEVI, seed 23, iteration 1300, time: 850.039448261261
Starting label LEVI, seed 23, iteration 1310, time: 864.2169234752655
Starting label LEVI, seed 23, iteration 1320, time: 877.2127628326416
Starting label LEVI, seed 23, iteration 1330, time: 890.7951488494873
Starting label LEVI, seed 23, iteration 1340, time: 906.6278991699219
Starting label LEVI, seed 23, iteration 1350, time: 924.1859362125397
Starting label LEVI, seed 23, iteration 1360, time: 940.8120317459106
Starting label LEVI, seed 23, iteration 1370, time: 959.1288673877716
Starting label LEVI, seed 23, iteration 1380, time: 977.11159491539
Starting label LEVI, seed 23, iteration 1390, time: 993.4971551895142
Starting label LEVI, seed 23, iteration 1400, time: 1013.08922290802
Starting label LEVI, seed 23, iteration 1410, time: 1030.5926110744476
Starting label LEVI, seed 23, iteration 1420, time: 1047.4633910655975
Starting label LEVI, seed 23, iteration 1430, time: 1064.9518640041351
Starting label LEVI, seed 23, iteration 1440, time: 1081.3935885429382
Starting label LEVI, seed 23, iteration 1450, time: 1098.014295578003
Starting label LEVI, seed 23, iteration 1460, time: 1114.6163470745087
Starting label LEVI, seed 23, iteration 1470, time: 1132.1021115779877
Starting label LEVI, seed 23, iteration 1480, time: 1148.8353898525238
Starting label LEVI, seed 23, iteration 1490, time: 1170.7948389053345
Starting label LEVI, seed 23, iteration 1500, time: 1191.4546694755554
Starting label LEVI, seed 23, iteration 1510, time: 1211.631652355194
Starting label LEVI, seed 23, iteration 1520, time: 1231.6205084323883
Starting label LEVI, seed 23, iteration 1530, time: 1253.6909561157227
Starting label LEVI, seed 23, iteration 1540, time: 1273.3355131149292
Starting label LEVI, seed 23, iteration 1550, time: 1294.0552735328674
Starting label LEVI, seed 23, iteration 1560, time: 1314.0831615924835
Starting label LEVI, seed 23, iteration 1570, time: 1334.2854633331299
Starting label LEVI, seed 23, iteration 1580, time: 1354.516116142273
Starting label LEVI, seed 23, iteration 1590, time: 1373.9932866096497
Starting label LEVI, seed 23, iteration 1600, time: 1393.7485449314117
Starting label LEVI, seed 23, iteration 1610, time: 1413.681922674179
Starting label LEVI, seed 23, iteration 1620, time: 1433.2943947315216
Starting label LEVI, seed 23, iteration 1630, time: 1452.655054807663
Starting label LEVI, seed 23, iteration 1640, time: 1472.4297397136688
Starting label LEVI, seed 23, iteration 1650, time: 1493.02987575531
Starting label LEVI, seed 23, iteration 1660, time: 1513.0890526771545
Starting label LEVI, seed 23, iteration 1670, time: 1533.033441066742
Starting label LEVI, seed 23, iteration 1680, time: 1553.3664894104004
submitit WARNING (2022-10-02 00:55:52,180) - Bypassing signal SIGTERM
submitit WARNING (2022-10-02 00:55:52,180) - Bypassing signal SIGCONT
Starting label LEVI, seed 23, iteration 1690, time: 1573.25998711586
Starting label LEVI, seed 23, iteration 1700, time: 1593.3360350131989
