submitit INFO (2022-10-02 01:50:09,497) - Starting with JobEnvironment(job_id=883550_9, hostname=hariharan-compute-01.cs.cornell.edu, local_rank=0(1), node=0(1), global_rank=0(1))
submitit INFO (2022-10-02 01:50:09,498) - Loading pickle: /home/gid-cakmaks/contextual_rs/experiments/wsc_experiments/logs/883550_9/883550_9_submitted.pkl
Starting label LEVI, seed 39, iteration 0, time: 0.0005762577056884766
Starting label LEVI, seed 39, iteration 10, time: 5.383080244064331
Starting label LEVI, seed 39, iteration 20, time: 10.699093341827393
Starting label LEVI, seed 39, iteration 30, time: 15.960005521774292
Starting label LEVI, seed 39, iteration 40, time: 21.5497305393219
Starting label LEVI, seed 39, iteration 50, time: 26.918171405792236
Starting label LEVI, seed 39, iteration 60, time: 32.21925616264343
Starting label LEVI, seed 39, iteration 70, time: 37.81151247024536
Starting label LEVI, seed 39, iteration 80, time: 43.19922471046448
Starting label LEVI, seed 39, iteration 90, time: 48.39806008338928
Starting label LEVI, seed 39, iteration 100, time: 53.8741021156311
Starting label LEVI, seed 39, iteration 110, time: 59.34685134887695
Starting label LEVI, seed 39, iteration 120, time: 65.26114344596863
Starting label LEVI, seed 39, iteration 130, time: 71.23012375831604
Starting label LEVI, seed 39, iteration 140, time: 77.07415676116943
Starting label LEVI, seed 39, iteration 150, time: 83.26476669311523
Starting label LEVI, seed 39, iteration 160, time: 89.35527992248535
Starting label LEVI, seed 39, iteration 170, time: 95.40572357177734
Starting label LEVI, seed 39, iteration 180, time: 101.42524695396423
Starting label LEVI, seed 39, iteration 190, time: 107.55512619018555
Starting label LEVI, seed 39, iteration 200, time: 113.99212455749512
Starting label LEVI, seed 39, iteration 210, time: 120.29715967178345
Starting label LEVI, seed 39, iteration 220, time: 126.23555111885071
Starting label LEVI, seed 39, iteration 230, time: 132.34878659248352
Starting label LEVI, seed 39, iteration 240, time: 138.5053906440735
Starting label LEVI, seed 39, iteration 250, time: 144.67395281791687
Starting label LEVI, seed 39, iteration 260, time: 150.7289752960205
Starting label LEVI, seed 39, iteration 270, time: 157.1163408756256
Starting label LEVI, seed 39, iteration 280, time: 163.59413862228394
Starting label LEVI, seed 39, iteration 290, time: 169.9263048171997
Starting label LEVI, seed 39, iteration 300, time: 176.25423097610474
Starting label LEVI, seed 39, iteration 310, time: 182.7580041885376
Starting label LEVI, seed 39, iteration 320, time: 189.06530284881592
Starting label LEVI, seed 39, iteration 330, time: 195.6709587574005
Starting label LEVI, seed 39, iteration 340, time: 202.25342512130737
Starting label LEVI, seed 39, iteration 350, time: 208.64225316047668
Starting label LEVI, seed 39, iteration 360, time: 215.11837887763977
Starting label LEVI, seed 39, iteration 370, time: 221.4348816871643
Starting label LEVI, seed 39, iteration 380, time: 227.94206595420837
Starting label LEVI, seed 39, iteration 390, time: 234.56422519683838
Starting label LEVI, seed 39, iteration 400, time: 240.95561933517456
Starting label LEVI, seed 39, iteration 410, time: 247.52016282081604
Starting label LEVI, seed 39, iteration 420, time: 254.06747150421143
Starting label LEVI, seed 39, iteration 430, time: 260.68842458724976
Starting label LEVI, seed 39, iteration 440, time: 267.1409840583801
Starting label LEVI, seed 39, iteration 450, time: 273.5163676738739
Starting label LEVI, seed 39, iteration 460, time: 280.41055727005005
Starting label LEVI, seed 39, iteration 470, time: 287.30079340934753
Starting label LEVI, seed 39, iteration 480, time: 294.2565574645996
submitit WARNING (2022-10-02 01:55:12,499) - Bypassing signal SIGCONT
submitit WARNING (2022-10-02 01:55:12,548) - Bypassing signal SIGTERM
Starting label LEVI, seed 39, iteration 490, time: 301.08375787734985
Starting label LEVI, seed 39, iteration 500, time: 307.8613860607147
Starting label LEVI, seed 39, iteration 510, time: 314.73944640159607
Starting label LEVI, seed 39, iteration 520, time: 321.73185992240906
Starting label LEVI, seed 39, iteration 530, time: 328.55625081062317
