submitit INFO (2022-10-02 01:23:22,688) - Starting with JobEnvironment(job_id=883449_2, hostname=coecis-compute-01.coecis.cornell.edu, local_rank=0(1), node=0(1), global_rank=0(1))
submitit INFO (2022-10-02 01:23:22,689) - Loading pickle: /home/gid-cakmaks/contextual_rs/experiments/wsc_experiments/logs/883449_2/883449_2_submitted.pkl
Starting label LEVI, seed 32, iteration 0, time: 0.0005846023559570312
Starting label LEVI, seed 32, iteration 10, time: 4.620609760284424
Starting label LEVI, seed 32, iteration 20, time: 9.576544523239136
Starting label LEVI, seed 32, iteration 30, time: 14.419442892074585
Starting label LEVI, seed 32, iteration 40, time: 19.32354712486267
Starting label LEVI, seed 32, iteration 50, time: 24.35996150970459
Starting label LEVI, seed 32, iteration 60, time: 29.492056608200073
Starting label LEVI, seed 32, iteration 70, time: 34.77501201629639
Starting label LEVI, seed 32, iteration 80, time: 39.82473564147949
Starting label LEVI, seed 32, iteration 90, time: 45.242392778396606
Starting label LEVI, seed 32, iteration 100, time: 51.10205888748169
Starting label LEVI, seed 32, iteration 110, time: 56.93386268615723
Starting label LEVI, seed 32, iteration 120, time: 63.158520221710205
Starting label LEVI, seed 32, iteration 130, time: 69.41274642944336
Starting label LEVI, seed 32, iteration 140, time: 75.44127535820007
Starting label LEVI, seed 32, iteration 150, time: 81.92448925971985
Starting label LEVI, seed 32, iteration 160, time: 88.30617427825928
Starting label LEVI, seed 32, iteration 170, time: 94.59548926353455
Starting label LEVI, seed 32, iteration 180, time: 101.00000500679016
Starting label LEVI, seed 32, iteration 190, time: 107.6317811012268
Starting label LEVI, seed 32, iteration 200, time: 114.46748518943787
Starting label LEVI, seed 32, iteration 210, time: 121.28772020339966
Starting label LEVI, seed 32, iteration 220, time: 128.079181432724
Starting label LEVI, seed 32, iteration 230, time: 135.06219816207886
Starting label LEVI, seed 32, iteration 240, time: 141.70469427108765
Starting label LEVI, seed 32, iteration 250, time: 148.33075070381165
Starting label LEVI, seed 32, iteration 260, time: 155.06410884857178
Starting label LEVI, seed 32, iteration 270, time: 161.89914846420288
Starting label LEVI, seed 32, iteration 280, time: 169.07943272590637
Starting label LEVI, seed 32, iteration 290, time: 176.16638255119324
Starting label LEVI, seed 32, iteration 300, time: 183.39768075942993
Starting label LEVI, seed 32, iteration 310, time: 190.7454628944397
Starting label LEVI, seed 32, iteration 320, time: 197.68624925613403
Starting label LEVI, seed 32, iteration 330, time: 204.62555956840515
Starting label LEVI, seed 32, iteration 340, time: 211.55121517181396
Starting label LEVI, seed 32, iteration 350, time: 218.46469855308533
Starting label LEVI, seed 32, iteration 360, time: 225.6830563545227
Starting label LEVI, seed 32, iteration 370, time: 232.9140865802765
Starting label LEVI, seed 32, iteration 380, time: 240.24373197555542
Starting label LEVI, seed 32, iteration 390, time: 247.4800248146057
Starting label LEVI, seed 32, iteration 400, time: 254.48039937019348
Starting label LEVI, seed 32, iteration 410, time: 261.81383633613586
Starting label LEVI, seed 32, iteration 420, time: 269.0804851055145
Starting label LEVI, seed 32, iteration 430, time: 276.5678126811981
Starting label LEVI, seed 32, iteration 440, time: 284.17630887031555
Starting label LEVI, seed 32, iteration 450, time: 291.7749876976013
Starting label LEVI, seed 32, iteration 460, time: 299.6673650741577
Starting label LEVI, seed 32, iteration 470, time: 307.3619854450226
Starting label LEVI, seed 32, iteration 480, time: 315.23461389541626
Starting label LEVI, seed 32, iteration 490, time: 323.2679977416992
Starting label LEVI, seed 32, iteration 500, time: 331.24862718582153
Starting label LEVI, seed 32, iteration 510, time: 339.24781012535095
Starting label LEVI, seed 32, iteration 520, time: 347.06623578071594
Starting label LEVI, seed 32, iteration 530, time: 354.8088195323944
Starting label LEVI, seed 32, iteration 540, time: 362.39997911453247
Starting label LEVI, seed 32, iteration 550, time: 370.0457878112793
Starting label LEVI, seed 32, iteration 560, time: 377.8921844959259
Starting label LEVI, seed 32, iteration 570, time: 385.8644495010376
Starting label LEVI, seed 32, iteration 580, time: 393.4515745639801
Starting label LEVI, seed 32, iteration 590, time: 401.2082214355469
Starting label LEVI, seed 32, iteration 600, time: 408.9481415748596
Starting label LEVI, seed 32, iteration 610, time: 416.85047912597656
Starting label LEVI, seed 32, iteration 620, time: 424.6505753993988
Starting label LEVI, seed 32, iteration 630, time: 432.1262307167053
Starting label LEVI, seed 32, iteration 640, time: 439.51853919029236
Starting label LEVI, seed 32, iteration 650, time: 446.80021047592163
Starting label LEVI, seed 32, iteration 660, time: 454.3872675895691
Starting label LEVI, seed 32, iteration 670, time: 462.1416971683502
Starting label LEVI, seed 32, iteration 680, time: 469.5877170562744
Starting label LEVI, seed 32, iteration 690, time: 477.1328663825989
Starting label LEVI, seed 32, iteration 700, time: 484.7805407047272
Starting label LEVI, seed 32, iteration 710, time: 492.5206422805786
Starting label LEVI, seed 32, iteration 720, time: 500.16922092437744
Starting label LEVI, seed 32, iteration 730, time: 507.9737024307251
Starting label LEVI, seed 32, iteration 740, time: 515.7166712284088
Starting label LEVI, seed 32, iteration 750, time: 523.2610301971436
Starting label LEVI, seed 32, iteration 760, time: 531.024210691452
Starting label LEVI, seed 32, iteration 770, time: 538.8817734718323
Starting label LEVI, seed 32, iteration 780, time: 546.2768256664276
Starting label LEVI, seed 32, iteration 790, time: 553.7337160110474
Starting label LEVI, seed 32, iteration 800, time: 561.1913063526154
Starting label LEVI, seed 32, iteration 810, time: 568.5887277126312
Starting label LEVI, seed 32, iteration 820, time: 576.6422910690308
Starting label LEVI, seed 32, iteration 830, time: 584.569456577301
Starting label LEVI, seed 32, iteration 840, time: 592.526015996933
Starting label LEVI, seed 32, iteration 850, time: 600.4179821014404
Starting label LEVI, seed 32, iteration 860, time: 608.2155811786652
Starting label LEVI, seed 32, iteration 870, time: 616.1577382087708
Starting label LEVI, seed 32, iteration 880, time: 623.8406255245209
Starting label LEVI, seed 32, iteration 890, time: 631.7355823516846
Starting label LEVI, seed 32, iteration 900, time: 639.5696842670441
Starting label LEVI, seed 32, iteration 910, time: 647.615550994873
Starting label LEVI, seed 32, iteration 920, time: 655.6987998485565
Starting label LEVI, seed 32, iteration 930, time: 663.628983259201
Starting label LEVI, seed 32, iteration 940, time: 671.5727770328522
Starting label LEVI, seed 32, iteration 950, time: 679.6477959156036
Starting label LEVI, seed 32, iteration 960, time: 687.7493741512299
Starting label LEVI, seed 32, iteration 970, time: 695.7263293266296
Starting label LEVI, seed 32, iteration 980, time: 703.7210781574249
Starting label LEVI, seed 32, iteration 990, time: 711.7864453792572
Starting label LEVI, seed 32, iteration 1000, time: 720.1598296165466
Starting label LEVI, seed 32, iteration 1010, time: 728.5665483474731
Starting label LEVI, seed 32, iteration 1020, time: 737.3370287418365
Starting label LEVI, seed 32, iteration 1030, time: 746.4799652099609
Starting label LEVI, seed 32, iteration 1040, time: 755.706093788147
Starting label LEVI, seed 32, iteration 1050, time: 765.1262168884277
Starting label LEVI, seed 32, iteration 1060, time: 774.3481109142303
Starting label LEVI, seed 32, iteration 1070, time: 785.5220835208893
Starting label LEVI, seed 32, iteration 1080, time: 795.9762766361237
Starting label LEVI, seed 32, iteration 1090, time: 805.8843150138855
Starting label LEVI, seed 32, iteration 1100, time: 815.5740833282471
Starting label LEVI, seed 32, iteration 1110, time: 825.2543182373047
Starting label LEVI, seed 32, iteration 1120, time: 834.6275465488434
Starting label LEVI, seed 32, iteration 1130, time: 844.5609261989594
Starting label LEVI, seed 32, iteration 1140, time: 855.1270098686218
Starting label LEVI, seed 32, iteration 1150, time: 866.1084413528442
Starting label LEVI, seed 32, iteration 1160, time: 875.8619885444641
Starting label LEVI, seed 32, iteration 1170, time: 886.4184982776642
Starting label LEVI, seed 32, iteration 1180, time: 897.0735533237457
Starting label LEVI, seed 32, iteration 1190, time: 907.4334852695465
Starting label LEVI, seed 32, iteration 1200, time: 918.5259146690369
Starting label LEVI, seed 32, iteration 1210, time: 929.4151921272278
Starting label LEVI, seed 32, iteration 1220, time: 939.8764040470123
Starting label LEVI, seed 32, iteration 1230, time: 949.7364654541016
Starting label LEVI, seed 32, iteration 1240, time: 959.2663991451263
Starting label LEVI, seed 32, iteration 1250, time: 969.0368123054504
Starting label LEVI, seed 32, iteration 1260, time: 979.3569033145905
Starting label LEVI, seed 32, iteration 1270, time: 989.3838512897491
Starting label LEVI, seed 32, iteration 1280, time: 999.2856857776642
Starting label LEVI, seed 32, iteration 1290, time: 1009.1587867736816
Starting label LEVI, seed 32, iteration 1300, time: 1019.1480097770691
Starting label LEVI, seed 32, iteration 1310, time: 1028.7844157218933
Starting label LEVI, seed 32, iteration 1320, time: 1038.7072703838348
Starting label LEVI, seed 32, iteration 1330, time: 1048.6130487918854
Starting label LEVI, seed 32, iteration 1340, time: 1059.60262465477
Starting label LEVI, seed 32, iteration 1350, time: 1070.3930532932281
Starting label LEVI, seed 32, iteration 1360, time: 1081.5129189491272
Starting label LEVI, seed 32, iteration 1370, time: 1093.7710201740265
Starting label LEVI, seed 32, iteration 1380, time: 1105.055213212967
Starting label LEVI, seed 32, iteration 1390, time: 1115.589839220047
Starting label LEVI, seed 32, iteration 1400, time: 1125.9603826999664
Starting label LEVI, seed 32, iteration 1410, time: 1136.079698085785
Starting label LEVI, seed 32, iteration 1420, time: 1146.425662279129
Starting label LEVI, seed 32, iteration 1430, time: 1156.6525268554688
Starting label LEVI, seed 32, iteration 1440, time: 1166.523731470108
Starting label LEVI, seed 32, iteration 1450, time: 1176.139683008194
Starting label LEVI, seed 32, iteration 1460, time: 1185.8477654457092
Starting label LEVI, seed 32, iteration 1470, time: 1195.9284002780914
Starting label LEVI, seed 32, iteration 1480, time: 1205.8996105194092
Starting label LEVI, seed 32, iteration 1490, time: 1216.2989485263824
Starting label LEVI, seed 32, iteration 1500, time: 1225.5371778011322
Starting label LEVI, seed 32, iteration 1510, time: 1235.6523098945618
Starting label LEVI, seed 32, iteration 1520, time: 1245.7089488506317
Starting label LEVI, seed 32, iteration 1530, time: 1255.295678138733
Starting label LEVI, seed 32, iteration 1540, time: 1264.5644805431366
Starting label LEVI, seed 32, iteration 1550, time: 1273.6053307056427
Starting label LEVI, seed 32, iteration 1560, time: 1283.7485036849976
Starting label LEVI, seed 32, iteration 1570, time: 1293.2073652744293
Starting label LEVI, seed 32, iteration 1580, time: 1303.8317861557007
Starting label LEVI, seed 32, iteration 1590, time: 1314.2492156028748
Starting label LEVI, seed 32, iteration 1600, time: 1324.352842092514
Starting label LEVI, seed 32, iteration 1610, time: 1334.090185880661
Starting label LEVI, seed 32, iteration 1620, time: 1344.3121075630188
Starting label LEVI, seed 32, iteration 1630, time: 1354.2572784423828
Starting label LEVI, seed 32, iteration 1640, time: 1366.139193058014
Starting label LEVI, seed 32, iteration 1650, time: 1377.172120332718
Starting label LEVI, seed 32, iteration 1660, time: 1389.019945383072
Starting label LEVI, seed 32, iteration 1670, time: 1401.3481605052948
Starting label LEVI, seed 32, iteration 1680, time: 1412.3506915569305
Starting label LEVI, seed 32, iteration 1690, time: 1423.9566061496735
Starting label LEVI, seed 32, iteration 1700, time: 1436.1161954402924
Starting label LEVI, seed 32, iteration 1710, time: 1448.359249830246
Starting label LEVI, seed 32, iteration 1720, time: 1463.0169219970703
Starting label LEVI, seed 32, iteration 1730, time: 1478.210130929947
Starting label LEVI, seed 32, iteration 1740, time: 1491.658779144287
Starting label LEVI, seed 32, iteration 1750, time: 1505.6405928134918
Starting label LEVI, seed 32, iteration 1760, time: 1519.5010271072388
Starting label LEVI, seed 32, iteration 1770, time: 1532.413737297058
Starting label LEVI, seed 32, iteration 1780, time: 1546.583907365799
submitit WARNING (2022-10-02 01:49:22,459) - Bypassing signal SIGCONT
submitit WARNING (2022-10-02 01:49:22,531) - Bypassing signal SIGTERM
Starting label LEVI, seed 32, iteration 1790, time: 1560.1067492961884
Starting label LEVI, seed 32, iteration 1800, time: 1573.1790132522583
Starting label LEVI, seed 32, iteration 1810, time: 1586.6092829704285
