submitit INFO (2022-10-02 00:03:08,716) - Starting with JobEnvironment(job_id=883160_9, hostname=lecun.cs.cornell.edu, local_rank=0(1), node=0(1), global_rank=0(1))
submitit INFO (2022-10-02 00:03:08,716) - Loading pickle: /home/gid-cakmaks/contextual_rs/experiments/wsc_experiments/logs/883160_9/883160_9_submitted.pkl
Starting label LEVI, seed 39, iteration 0, time: 8.988380432128906e-05
Starting label LEVI, seed 39, iteration 10, time: 2.363532066345215
Starting label LEVI, seed 39, iteration 20, time: 4.648788928985596
Starting label LEVI, seed 39, iteration 30, time: 6.908430099487305
Starting label LEVI, seed 39, iteration 40, time: 9.342930316925049
Starting label LEVI, seed 39, iteration 50, time: 11.654937267303467
Starting label LEVI, seed 39, iteration 60, time: 14.038585424423218
Starting label LEVI, seed 39, iteration 70, time: 16.357669591903687
Starting label LEVI, seed 39, iteration 80, time: 20.44277286529541
Starting label LEVI, seed 39, iteration 90, time: 22.7051260471344
Starting label LEVI, seed 39, iteration 100, time: 25.00469994544983
Starting label LEVI, seed 39, iteration 110, time: 27.292211294174194
Starting label LEVI, seed 39, iteration 120, time: 29.506330251693726
Starting label LEVI, seed 39, iteration 130, time: 31.873857736587524
Starting label LEVI, seed 39, iteration 140, time: 34.35816764831543
Starting label LEVI, seed 39, iteration 150, time: 36.87837529182434
Starting label LEVI, seed 39, iteration 160, time: 39.176753282547
Starting label LEVI, seed 39, iteration 170, time: 41.45320987701416
Starting label LEVI, seed 39, iteration 180, time: 43.7353949546814
Starting label LEVI, seed 39, iteration 190, time: 46.005530834198
Starting label LEVI, seed 39, iteration 200, time: 48.723724603652954
Starting label LEVI, seed 39, iteration 210, time: 51.0219943523407
Starting label LEVI, seed 39, iteration 220, time: 53.3584566116333
Starting label LEVI, seed 39, iteration 230, time: 56.53119778633118
Starting label LEVI, seed 39, iteration 240, time: 58.83552956581116
Starting label LEVI, seed 39, iteration 250, time: 61.13512849807739
Starting label LEVI, seed 39, iteration 260, time: 63.38150477409363
Starting label LEVI, seed 39, iteration 270, time: 65.72042942047119
Starting label LEVI, seed 39, iteration 280, time: 68.05521774291992
Starting label LEVI, seed 39, iteration 290, time: 70.42910885810852
Starting label LEVI, seed 39, iteration 300, time: 72.80546951293945
Starting label LEVI, seed 39, iteration 310, time: 75.29416298866272
Starting label LEVI, seed 39, iteration 320, time: 77.69137048721313
Starting label LEVI, seed 39, iteration 330, time: 80.04582810401917
Starting label LEVI, seed 39, iteration 340, time: 82.44014167785645
Starting label LEVI, seed 39, iteration 350, time: 84.75091671943665
Starting label LEVI, seed 39, iteration 360, time: 87.0832769870758
Starting label LEVI, seed 39, iteration 370, time: 89.50643229484558
Starting label LEVI, seed 39, iteration 380, time: 91.95821213722229
Starting label LEVI, seed 39, iteration 390, time: 94.47991299629211
Starting label LEVI, seed 39, iteration 400, time: 96.94624161720276
Starting label LEVI, seed 39, iteration 410, time: 99.43220949172974
Starting label LEVI, seed 39, iteration 420, time: 102.02478218078613
Starting label LEVI, seed 39, iteration 430, time: 104.58043503761292
Starting label LEVI, seed 39, iteration 440, time: 107.10203838348389
Starting label LEVI, seed 39, iteration 450, time: 109.6055121421814
Starting label LEVI, seed 39, iteration 460, time: 112.19705820083618
Starting label LEVI, seed 39, iteration 470, time: 114.81119704246521
Starting label LEVI, seed 39, iteration 480, time: 117.56775617599487
Starting label LEVI, seed 39, iteration 490, time: 120.30886960029602
Starting label LEVI, seed 39, iteration 500, time: 122.91866445541382
Starting label LEVI, seed 39, iteration 510, time: 125.64007616043091
Starting label LEVI, seed 39, iteration 520, time: 128.32785367965698
Starting label LEVI, seed 39, iteration 530, time: 130.99765586853027
Starting label LEVI, seed 39, iteration 540, time: 133.68623876571655
Starting label LEVI, seed 39, iteration 550, time: 136.92870593070984
Starting label LEVI, seed 39, iteration 560, time: 140.18470788002014
Starting label LEVI, seed 39, iteration 570, time: 142.9105498790741
Starting label LEVI, seed 39, iteration 580, time: 146.27635860443115
Starting label LEVI, seed 39, iteration 590, time: 148.94348859786987
Starting label LEVI, seed 39, iteration 600, time: 151.60543370246887
Starting label LEVI, seed 39, iteration 610, time: 154.31246376037598
Starting label LEVI, seed 39, iteration 620, time: 157.01153087615967
Starting label LEVI, seed 39, iteration 630, time: 159.74061346054077
Starting label LEVI, seed 39, iteration 640, time: 163.34103894233704
Starting label LEVI, seed 39, iteration 650, time: 165.99058866500854
Starting label LEVI, seed 39, iteration 660, time: 168.64384078979492
Starting label LEVI, seed 39, iteration 670, time: 171.25739860534668
Starting label LEVI, seed 39, iteration 680, time: 173.92876052856445
Starting label LEVI, seed 39, iteration 690, time: 176.49697637557983
Starting label LEVI, seed 39, iteration 700, time: 179.06195068359375
Starting label LEVI, seed 39, iteration 710, time: 181.7029311656952
Starting label LEVI, seed 39, iteration 720, time: 184.3861482143402
Starting label LEVI, seed 39, iteration 730, time: 187.28044533729553
Starting label LEVI, seed 39, iteration 740, time: 190.0943305492401
Starting label LEVI, seed 39, iteration 750, time: 192.8519184589386
Starting label LEVI, seed 39, iteration 760, time: 195.61762166023254
Starting label LEVI, seed 39, iteration 770, time: 198.2933793067932
Starting label LEVI, seed 39, iteration 780, time: 201.00098419189453
Starting label LEVI, seed 39, iteration 790, time: 203.71359515190125
Starting label LEVI, seed 39, iteration 800, time: 206.42767643928528
Starting label LEVI, seed 39, iteration 810, time: 209.38614082336426
Starting label LEVI, seed 39, iteration 820, time: 212.12071657180786
Starting label LEVI, seed 39, iteration 830, time: 214.81399273872375
Starting label LEVI, seed 39, iteration 840, time: 217.57194781303406
Starting label LEVI, seed 39, iteration 850, time: 220.31666088104248
Starting label LEVI, seed 39, iteration 860, time: 224.02743196487427
Starting label LEVI, seed 39, iteration 870, time: 226.94771552085876
Starting label LEVI, seed 39, iteration 880, time: 229.76480269432068
Starting label LEVI, seed 39, iteration 890, time: 232.6932942867279
Starting label LEVI, seed 39, iteration 900, time: 235.71184253692627
Starting label LEVI, seed 39, iteration 910, time: 238.53674697875977
Starting label LEVI, seed 39, iteration 920, time: 241.43226194381714
Starting label LEVI, seed 39, iteration 930, time: 244.43038654327393
Starting label LEVI, seed 39, iteration 940, time: 247.37250328063965
Starting label LEVI, seed 39, iteration 950, time: 250.38931441307068
Starting label LEVI, seed 39, iteration 960, time: 253.47522616386414
Starting label LEVI, seed 39, iteration 970, time: 256.4205553531647
Starting label LEVI, seed 39, iteration 980, time: 259.54514932632446
Starting label LEVI, seed 39, iteration 990, time: 262.3909227848053
Starting label LEVI, seed 39, iteration 1000, time: 265.3822009563446
Starting label LEVI, seed 39, iteration 1010, time: 268.2293598651886
Starting label LEVI, seed 39, iteration 1020, time: 271.0134451389313
Starting label LEVI, seed 39, iteration 1030, time: 273.78077697753906
Starting label LEVI, seed 39, iteration 1040, time: 276.54643034935
Starting label LEVI, seed 39, iteration 1050, time: 279.4275658130646
Starting label LEVI, seed 39, iteration 1060, time: 282.3236153125763
Starting label LEVI, seed 39, iteration 1070, time: 285.1213626861572
Starting label LEVI, seed 39, iteration 1080, time: 287.9261450767517
Starting label LEVI, seed 39, iteration 1090, time: 290.8194327354431
Starting label LEVI, seed 39, iteration 1100, time: 293.8115785121918
Starting label LEVI, seed 39, iteration 1110, time: 296.6854910850525
Starting label LEVI, seed 39, iteration 1120, time: 299.72292590141296
Starting label LEVI, seed 39, iteration 1130, time: 303.5437891483307
Starting label LEVI, seed 39, iteration 1140, time: 306.7100021839142
Starting label LEVI, seed 39, iteration 1150, time: 310.17083978652954
Starting label LEVI, seed 39, iteration 1160, time: 313.31361174583435
Starting label LEVI, seed 39, iteration 1170, time: 316.53507113456726
Starting label LEVI, seed 39, iteration 1180, time: 319.75843596458435
Starting label LEVI, seed 39, iteration 1190, time: 322.8980016708374
Starting label LEVI, seed 39, iteration 1200, time: 326.00031304359436
Starting label LEVI, seed 39, iteration 1210, time: 329.1012873649597
Starting label LEVI, seed 39, iteration 1220, time: 332.3584268093109
Starting label LEVI, seed 39, iteration 1230, time: 335.7280876636505
Starting label LEVI, seed 39, iteration 1240, time: 338.89484786987305
Starting label LEVI, seed 39, iteration 1250, time: 342.15060210227966
Starting label LEVI, seed 39, iteration 1260, time: 345.2531473636627
Starting label LEVI, seed 39, iteration 1270, time: 348.5101799964905
Starting label LEVI, seed 39, iteration 1280, time: 351.83930826187134
Starting label LEVI, seed 39, iteration 1290, time: 355.0890808105469
Starting label LEVI, seed 39, iteration 1300, time: 358.4653422832489
Starting label LEVI, seed 39, iteration 1310, time: 362.0819125175476
Starting label LEVI, seed 39, iteration 1320, time: 366.46934843063354
Starting label LEVI, seed 39, iteration 1330, time: 369.79313111305237
Starting label LEVI, seed 39, iteration 1340, time: 373.1239125728607
Starting label LEVI, seed 39, iteration 1350, time: 376.492568731308
Starting label LEVI, seed 39, iteration 1360, time: 379.98716473579407
Starting label LEVI, seed 39, iteration 1370, time: 383.8096995353699
Starting label LEVI, seed 39, iteration 1380, time: 387.37679624557495
Starting label LEVI, seed 39, iteration 1390, time: 390.8643410205841
Starting label LEVI, seed 39, iteration 1400, time: 394.3359649181366
Starting label LEVI, seed 39, iteration 1410, time: 397.73124742507935
Starting label LEVI, seed 39, iteration 1420, time: 401.1717483997345
Starting label LEVI, seed 39, iteration 1430, time: 404.8450984954834
Starting label LEVI, seed 39, iteration 1440, time: 408.4280414581299
Starting label LEVI, seed 39, iteration 1450, time: 412.0357918739319
Starting label LEVI, seed 39, iteration 1460, time: 415.68619418144226
Starting label LEVI, seed 39, iteration 1470, time: 419.4002935886383
Starting label LEVI, seed 39, iteration 1480, time: 423.19805455207825
Starting label LEVI, seed 39, iteration 1490, time: 427.00975131988525
Starting label LEVI, seed 39, iteration 1500, time: 430.96478056907654
Starting label LEVI, seed 39, iteration 1510, time: 434.85120391845703
Starting label LEVI, seed 39, iteration 1520, time: 438.6738336086273
Starting label LEVI, seed 39, iteration 1530, time: 442.563839673996
Starting label LEVI, seed 39, iteration 1540, time: 446.43199920654297
Starting label LEVI, seed 39, iteration 1550, time: 450.6528596878052
Starting label LEVI, seed 39, iteration 1560, time: 454.75264859199524
Starting label LEVI, seed 39, iteration 1570, time: 458.9163148403168
Starting label LEVI, seed 39, iteration 1580, time: 462.91530203819275
Starting label LEVI, seed 39, iteration 1590, time: 466.9241819381714
Starting label LEVI, seed 39, iteration 1600, time: 470.87437105178833
Starting label LEVI, seed 39, iteration 1610, time: 475.06041622161865
Starting label LEVI, seed 39, iteration 1620, time: 479.30252599716187
Starting label LEVI, seed 39, iteration 1630, time: 483.76219630241394
Starting label LEVI, seed 39, iteration 1640, time: 488.27002573013306
Starting label LEVI, seed 39, iteration 1650, time: 492.58342123031616
Starting label LEVI, seed 39, iteration 1660, time: 497.8101341724396
Starting label LEVI, seed 39, iteration 1670, time: 502.2741000652313
Starting label LEVI, seed 39, iteration 1680, time: 507.69113183021545
Starting label LEVI, seed 39, iteration 1690, time: 511.99863505363464
Starting label LEVI, seed 39, iteration 1700, time: 516.4886429309845
Starting label LEVI, seed 39, iteration 1710, time: 520.9305737018585
Starting label LEVI, seed 39, iteration 1720, time: 525.1314704418182
Starting label LEVI, seed 39, iteration 1730, time: 529.3479285240173
Starting label LEVI, seed 39, iteration 1740, time: 533.6908061504364
Starting label LEVI, seed 39, iteration 1750, time: 538.0286734104156
Starting label LEVI, seed 39, iteration 1760, time: 542.4937880039215
Starting label LEVI, seed 39, iteration 1770, time: 548.4551258087158
Starting label LEVI, seed 39, iteration 1780, time: 553.1008610725403
Starting label LEVI, seed 39, iteration 1790, time: 557.7106575965881
Starting label LEVI, seed 39, iteration 1800, time: 562.4548573493958
Starting label LEVI, seed 39, iteration 1810, time: 567.234288930893
Starting label LEVI, seed 39, iteration 1820, time: 572.0095274448395
Starting label LEVI, seed 39, iteration 1830, time: 577.220333814621
Starting label LEVI, seed 39, iteration 1840, time: 582.5828495025635
Starting label LEVI, seed 39, iteration 1850, time: 587.2593162059784
Starting label LEVI, seed 39, iteration 1860, time: 592.2140119075775
Starting label LEVI, seed 39, iteration 1870, time: 597.212465763092
Starting label LEVI, seed 39, iteration 1880, time: 602.7618541717529
Starting label LEVI, seed 39, iteration 1890, time: 607.8038847446442
Starting label LEVI, seed 39, iteration 1900, time: 613.2966091632843
Starting label LEVI, seed 39, iteration 1910, time: 618.1565823554993
Starting label LEVI, seed 39, iteration 1920, time: 623.1521582603455
Starting label LEVI, seed 39, iteration 1930, time: 628.1318252086639
Starting label LEVI, seed 39, iteration 1940, time: 633.0182631015778
Starting label LEVI, seed 39, iteration 1950, time: 637.6657915115356
Starting label LEVI, seed 39, iteration 1960, time: 642.4935653209686
Starting label LEVI, seed 39, iteration 1970, time: 647.1525776386261
Starting label LEVI, seed 39, iteration 1980, time: 651.8278179168701
Starting label LEVI, seed 39, iteration 1990, time: 656.7409448623657
submitit INFO (2022-10-02 00:14:11,948) - Job completed successfully
