submitit INFO (2022-10-02 02:25:27,393) - Starting with JobEnvironment(job_id=883724_0, hostname=lecun.cs.cornell.edu, local_rank=0(1), node=0(1), global_rank=0(1))
submitit INFO (2022-10-02 02:25:27,393) - Loading pickle: /home/gid-cakmaks/contextual_rs/experiments/wsc_experiments/logs/883724_0/883724_0_submitted.pkl
Appending iterations to existing output!Warning: If parameters other than `iterations` have been changed, this will corrupt the output!
Starting label LEVI, seed 70, iteration 910, time: 324.2520616054535
Starting label LEVI, seed 70, iteration 920, time: 329.49290895462036
Starting label LEVI, seed 70, iteration 930, time: 334.20173954963684
Starting label LEVI, seed 70, iteration 940, time: 339.064257144928
Starting label LEVI, seed 70, iteration 950, time: 343.4922215938568
Starting label LEVI, seed 70, iteration 960, time: 348.0255637168884
Starting label LEVI, seed 70, iteration 970, time: 352.6836166381836
Starting label LEVI, seed 70, iteration 980, time: 358.8044903278351
Starting label LEVI, seed 70, iteration 990, time: 363.54110980033875
Starting label LEVI, seed 70, iteration 1000, time: 368.36850094795227
Starting label LEVI, seed 70, iteration 1010, time: 373.0591719150543
Starting label LEVI, seed 70, iteration 1020, time: 377.8319139480591
Starting label LEVI, seed 70, iteration 1030, time: 384.4143204689026
Starting label LEVI, seed 70, iteration 1040, time: 389.6411237716675
Starting label LEVI, seed 70, iteration 1050, time: 394.93494939804077
Starting label LEVI, seed 70, iteration 1060, time: 400.3068778514862
Starting label LEVI, seed 70, iteration 1070, time: 406.0232243537903
Starting label LEVI, seed 70, iteration 1080, time: 411.36447286605835
Starting label LEVI, seed 70, iteration 1090, time: 417.0112383365631
Starting label LEVI, seed 70, iteration 1100, time: 422.78092646598816
Starting label LEVI, seed 70, iteration 1110, time: 430.4767951965332
Starting label LEVI, seed 70, iteration 1120, time: 436.0546033382416
Starting label LEVI, seed 70, iteration 1130, time: 441.80050349235535
Starting label LEVI, seed 70, iteration 1140, time: 447.616486787796
Starting label LEVI, seed 70, iteration 1150, time: 453.1812722682953
Starting label LEVI, seed 70, iteration 1160, time: 458.9617826938629
Starting label LEVI, seed 70, iteration 1170, time: 464.77187156677246
Starting label LEVI, seed 70, iteration 1180, time: 470.5227401256561
Starting label LEVI, seed 70, iteration 1190, time: 477.2765929698944
Starting label LEVI, seed 70, iteration 1200, time: 482.9747748374939
Starting label LEVI, seed 70, iteration 1210, time: 490.26673769950867
Starting label LEVI, seed 70, iteration 1220, time: 496.49721670150757
Starting label LEVI, seed 70, iteration 1230, time: 503.1755049228668
Starting label LEVI, seed 70, iteration 1240, time: 509.2024600505829
Starting label LEVI, seed 70, iteration 1250, time: 516.4454588890076
Starting label LEVI, seed 70, iteration 1260, time: 522.7152540683746
Starting label LEVI, seed 70, iteration 1270, time: 530.246063709259
Starting label LEVI, seed 70, iteration 1280, time: 536.3677544593811
Starting label LEVI, seed 70, iteration 1290, time: 545.719630241394
Starting label LEVI, seed 70, iteration 1300, time: 555.2769689559937
Starting label LEVI, seed 70, iteration 1310, time: 561.936023235321
Starting label LEVI, seed 70, iteration 1320, time: 569.2749290466309
Starting label LEVI, seed 70, iteration 1330, time: 576.5525481700897
Starting label LEVI, seed 70, iteration 1340, time: 583.82000207901
Starting label LEVI, seed 70, iteration 1350, time: 592.1958730220795
Starting label LEVI, seed 70, iteration 1360, time: 600.4809818267822
Starting label LEVI, seed 70, iteration 1370, time: 607.909921169281
Starting label LEVI, seed 70, iteration 1380, time: 614.5377221107483
Starting label LEVI, seed 70, iteration 1390, time: 621.6280941963196
Starting label LEVI, seed 70, iteration 1400, time: 628.6336476802826
Starting label LEVI, seed 70, iteration 1410, time: 635.9710385799408
Starting label LEVI, seed 70, iteration 1420, time: 644.0431878566742
Starting label LEVI, seed 70, iteration 1430, time: 652.0263545513153
Starting label LEVI, seed 70, iteration 1440, time: 659.5252814292908
Starting label LEVI, seed 70, iteration 1450, time: 666.9544043540955
Starting label LEVI, seed 70, iteration 1460, time: 674.2045114040375
Starting label LEVI, seed 70, iteration 1470, time: 682.4247686862946
Starting label LEVI, seed 70, iteration 1480, time: 689.4883637428284
Starting label LEVI, seed 70, iteration 1490, time: 697.1834447383881
Starting label LEVI, seed 70, iteration 1500, time: 704.8423271179199
Starting label LEVI, seed 70, iteration 1510, time: 713.0315365791321
Starting label LEVI, seed 70, iteration 1520, time: 720.7997491359711
Starting label LEVI, seed 70, iteration 1530, time: 729.9351346492767
Starting label LEVI, seed 70, iteration 1540, time: 737.7024147510529
Starting label LEVI, seed 70, iteration 1550, time: 744.799816608429
Starting label LEVI, seed 70, iteration 1560, time: 752.9409725666046
Starting label LEVI, seed 70, iteration 1570, time: 762.3762998580933
Starting label LEVI, seed 70, iteration 1580, time: 770.5481443405151
Starting label LEVI, seed 70, iteration 1590, time: 779.1403036117554
Starting label LEVI, seed 70, iteration 1600, time: 787.4406862258911
Starting label LEVI, seed 70, iteration 1610, time: 795.2023918628693
Starting label LEVI, seed 70, iteration 1620, time: 803.5568873882294
Starting label LEVI, seed 70, iteration 1630, time: 811.7088284492493
Starting label LEVI, seed 70, iteration 1640, time: 820.9881038665771
Starting label LEVI, seed 70, iteration 1650, time: 832.0661103725433
Starting label LEVI, seed 70, iteration 1660, time: 841.4074230194092
Starting label LEVI, seed 70, iteration 1670, time: 850.3365716934204
Starting label LEVI, seed 70, iteration 1680, time: 859.504887342453
Starting label LEVI, seed 70, iteration 1690, time: 868.9322054386139
Starting label LEVI, seed 70, iteration 1700, time: 877.1940875053406
Starting label LEVI, seed 70, iteration 1710, time: 887.6687350273132
Starting label LEVI, seed 70, iteration 1720, time: 897.0377192497253
Starting label LEVI, seed 70, iteration 1730, time: 908.0671842098236
Starting label LEVI, seed 70, iteration 1740, time: 918.7848272323608
Starting label LEVI, seed 70, iteration 1750, time: 930.9328801631927
Starting label LEVI, seed 70, iteration 1760, time: 940.5443823337555
Starting label LEVI, seed 70, iteration 1770, time: 951.4979567527771
Starting label LEVI, seed 70, iteration 1780, time: 961.8527081012726
Starting label LEVI, seed 70, iteration 1790, time: 972.414172410965
Starting label LEVI, seed 70, iteration 1800, time: 984.1870791912079
Starting label LEVI, seed 70, iteration 1810, time: 995.883716583252
Starting label LEVI, seed 70, iteration 1820, time: 1006.6795763969421
Starting label LEVI, seed 70, iteration 1830, time: 1017.3952198028564
Starting label LEVI, seed 70, iteration 1840, time: 1027.6111223697662
Starting label LEVI, seed 70, iteration 1850, time: 1039.572818517685
Starting label LEVI, seed 70, iteration 1860, time: 1051.1059908866882
Starting label LEVI, seed 70, iteration 1870, time: 1062.229754447937
Starting label LEVI, seed 70, iteration 1880, time: 1073.3731498718262
Starting label LEVI, seed 70, iteration 1890, time: 1084.1739871501923
Starting label LEVI, seed 70, iteration 1900, time: 1095.8329901695251
Starting label LEVI, seed 70, iteration 1910, time: 1107.6084823608398
Starting label LEVI, seed 70, iteration 1920, time: 1118.4443981647491
Starting label LEVI, seed 70, iteration 1930, time: 1128.7236132621765
Starting label LEVI, seed 70, iteration 1940, time: 1140.8974740505219
Starting label LEVI, seed 70, iteration 1950, time: 1150.8909265995026
Starting label LEVI, seed 70, iteration 1960, time: 1162.6406157016754
Starting label LEVI, seed 70, iteration 1970, time: 1175.9207689762115
Starting label LEVI, seed 70, iteration 1980, time: 1188.9093449115753
Starting label LEVI, seed 70, iteration 1990, time: 1201.616916179657
submitit INFO (2022-10-02 02:40:17,307) - Job completed successfully
