submitit INFO (2022-10-02 13:27:12,511) - Starting with JobEnvironment(job_id=884561_4, hostname=g2-compute-95.coecis.cornell.edu, local_rank=0(1), node=0(1), global_rank=0(1))
submitit INFO (2022-10-02 13:27:12,512) - Loading pickle: /home/gid-cakmaks/contextual_rs/experiments/wsc_experiments/logs/884561_4/884561_4_submitted.pkl
Appending iterations to existing output!Warning: If parameters other than `iterations` have been changed, this will corrupt the output!
Starting label LEVI, seed 44, iteration 630, time: 315.21939849853516
Starting label LEVI, seed 44, iteration 640, time: 321.4586796760559
Starting label LEVI, seed 44, iteration 650, time: 327.3731315135956
Starting label LEVI, seed 44, iteration 660, time: 333.23255443573
Starting label LEVI, seed 44, iteration 670, time: 339.29360246658325
Starting label LEVI, seed 44, iteration 680, time: 345.4109516143799
Starting label LEVI, seed 44, iteration 690, time: 351.4564907550812
Starting label LEVI, seed 44, iteration 700, time: 357.27060437202454
Starting label LEVI, seed 44, iteration 710, time: 362.992910861969
Starting label LEVI, seed 44, iteration 720, time: 368.7381224632263
Starting label LEVI, seed 44, iteration 730, time: 374.5026488304138
Starting label LEVI, seed 44, iteration 740, time: 380.21149253845215
Starting label LEVI, seed 44, iteration 750, time: 385.9602692127228
Starting label LEVI, seed 44, iteration 760, time: 391.82319593429565
Starting label LEVI, seed 44, iteration 770, time: 397.68979001045227
Starting label LEVI, seed 44, iteration 780, time: 403.71345615386963
Starting label LEVI, seed 44, iteration 790, time: 409.7986841201782
Starting label LEVI, seed 44, iteration 800, time: 415.8570125102997
Starting label LEVI, seed 44, iteration 810, time: 421.77052664756775
Starting label LEVI, seed 44, iteration 820, time: 427.3727436065674
Starting label LEVI, seed 44, iteration 830, time: 432.9719457626343
Starting label LEVI, seed 44, iteration 840, time: 438.66068029403687
Starting label LEVI, seed 44, iteration 850, time: 444.1931402683258
Starting label LEVI, seed 44, iteration 860, time: 449.93392753601074
Starting label LEVI, seed 44, iteration 870, time: 455.74481773376465
Starting label LEVI, seed 44, iteration 880, time: 461.3295669555664
Starting label LEVI, seed 44, iteration 890, time: 466.8275623321533
Starting label LEVI, seed 44, iteration 900, time: 472.5486946105957
Starting label LEVI, seed 44, iteration 910, time: 478.53323197364807
Starting label LEVI, seed 44, iteration 920, time: 484.40382385253906
Starting label LEVI, seed 44, iteration 930, time: 490.5094528198242
Starting label LEVI, seed 44, iteration 940, time: 496.6172823905945
Starting label LEVI, seed 44, iteration 950, time: 502.4211392402649
Starting label LEVI, seed 44, iteration 960, time: 508.77866077423096
Starting label LEVI, seed 44, iteration 970, time: 514.9488184452057
Starting label LEVI, seed 44, iteration 980, time: 521.4141068458557
Starting label LEVI, seed 44, iteration 990, time: 527.7330045700073
Starting label LEVI, seed 44, iteration 1000, time: 534.4695026874542
Starting label LEVI, seed 44, iteration 1010, time: 541.0110590457916
Starting label LEVI, seed 44, iteration 1020, time: 547.4316205978394
Starting label LEVI, seed 44, iteration 1030, time: 554.006183385849
Starting label LEVI, seed 44, iteration 1040, time: 560.3283867835999
Starting label LEVI, seed 44, iteration 1050, time: 566.5830135345459
Starting label LEVI, seed 44, iteration 1060, time: 573.1566083431244
Starting label LEVI, seed 44, iteration 1070, time: 579.6842660903931
Starting label LEVI, seed 44, iteration 1080, time: 586.1761898994446
Starting label LEVI, seed 44, iteration 1090, time: 592.458794593811
Starting label LEVI, seed 44, iteration 1100, time: 598.4345750808716
Starting label LEVI, seed 44, iteration 1110, time: 604.5749080181122
Starting label LEVI, seed 44, iteration 1120, time: 610.6932492256165
Starting label LEVI, seed 44, iteration 1130, time: 616.9547584056854
Starting label LEVI, seed 44, iteration 1140, time: 623.5273292064667
Starting label LEVI, seed 44, iteration 1150, time: 630.0186035633087
Starting label LEVI, seed 44, iteration 1160, time: 636.710577249527
Starting label LEVI, seed 44, iteration 1170, time: 643.0859837532043
Starting label LEVI, seed 44, iteration 1180, time: 649.5783092975616
Starting label LEVI, seed 44, iteration 1190, time: 656.2442700862885
Starting label LEVI, seed 44, iteration 1200, time: 662.8249189853668
Starting label LEVI, seed 44, iteration 1210, time: 668.7898163795471
Starting label LEVI, seed 44, iteration 1220, time: 675.6238760948181
Starting label LEVI, seed 44, iteration 1230, time: 682.1430203914642
Starting label LEVI, seed 44, iteration 1240, time: 689.2668361663818
Starting label LEVI, seed 44, iteration 1250, time: 695.9408643245697
Starting label LEVI, seed 44, iteration 1260, time: 702.665849685669
Starting label LEVI, seed 44, iteration 1270, time: 709.6290974617004
Starting label LEVI, seed 44, iteration 1280, time: 716.9419214725494
Starting label LEVI, seed 44, iteration 1290, time: 724.3169555664062
Starting label LEVI, seed 44, iteration 1300, time: 731.7642772197723
Starting label LEVI, seed 44, iteration 1310, time: 738.7978162765503
Starting label LEVI, seed 44, iteration 1320, time: 746.6147072315216
Starting label LEVI, seed 44, iteration 1330, time: 753.8358144760132
Starting label LEVI, seed 44, iteration 1340, time: 760.9580526351929
Starting label LEVI, seed 44, iteration 1350, time: 768.5293483734131
Starting label LEVI, seed 44, iteration 1360, time: 775.9888432025909
Starting label LEVI, seed 44, iteration 1370, time: 783.8155834674835
Starting label LEVI, seed 44, iteration 1380, time: 791.451064825058
Starting label LEVI, seed 44, iteration 1390, time: 798.938946723938
Starting label LEVI, seed 44, iteration 1400, time: 806.7665612697601
Starting label LEVI, seed 44, iteration 1410, time: 813.9529085159302
Starting label LEVI, seed 44, iteration 1420, time: 821.4401404857635
Starting label LEVI, seed 44, iteration 1430, time: 829.1442892551422
Starting label LEVI, seed 44, iteration 1440, time: 836.733148097992
Starting label LEVI, seed 44, iteration 1450, time: 844.0963313579559
Starting label LEVI, seed 44, iteration 1460, time: 852.0322644710541
Starting label LEVI, seed 44, iteration 1470, time: 860.7048609256744
Starting label LEVI, seed 44, iteration 1480, time: 869.3131959438324
Starting label LEVI, seed 44, iteration 1490, time: 877.1752171516418
Starting label LEVI, seed 44, iteration 1500, time: 885.8949279785156
Starting label LEVI, seed 44, iteration 1510, time: 894.4482417106628
Starting label LEVI, seed 44, iteration 1520, time: 903.2254648208618
Starting label LEVI, seed 44, iteration 1530, time: 912.549733877182
Starting label LEVI, seed 44, iteration 1540, time: 921.3936245441437
Starting label LEVI, seed 44, iteration 1550, time: 930.7453899383545
Starting label LEVI, seed 44, iteration 1560, time: 940.2512788772583
Starting label LEVI, seed 44, iteration 1570, time: 950.1367690563202
Starting label LEVI, seed 44, iteration 1580, time: 959.7972764968872
Starting label LEVI, seed 44, iteration 1590, time: 969.4940314292908
Starting label LEVI, seed 44, iteration 1600, time: 979.3754231929779
Starting label LEVI, seed 44, iteration 1610, time: 989.2378494739532
Starting label LEVI, seed 44, iteration 1620, time: 999.4137027263641
Starting label LEVI, seed 44, iteration 1630, time: 1009.5528693199158
Starting label LEVI, seed 44, iteration 1640, time: 1019.665141582489
Starting label LEVI, seed 44, iteration 1650, time: 1030.3530552387238
Starting label LEVI, seed 44, iteration 1660, time: 1040.2525017261505
Starting label LEVI, seed 44, iteration 1670, time: 1050.9232573509216
Starting label LEVI, seed 44, iteration 1680, time: 1062.180608034134
Starting label LEVI, seed 44, iteration 1690, time: 1071.2087967395782
Starting label LEVI, seed 44, iteration 1700, time: 1081.7929558753967
Starting label LEVI, seed 44, iteration 1710, time: 1092.250880241394
Starting label LEVI, seed 44, iteration 1720, time: 1102.2529118061066
Starting label LEVI, seed 44, iteration 1730, time: 1111.3367166519165
Starting label LEVI, seed 44, iteration 1740, time: 1121.5185203552246
Starting label LEVI, seed 44, iteration 1750, time: 1133.2903854846954
Starting label LEVI, seed 44, iteration 1760, time: 1144.34379196167
Starting label LEVI, seed 44, iteration 1770, time: 1155.1799960136414
Starting label LEVI, seed 44, iteration 1780, time: 1167.05584192276
Starting label LEVI, seed 44, iteration 1790, time: 1178.2049493789673
Starting label LEVI, seed 44, iteration 1800, time: 1189.9400720596313
Starting label LEVI, seed 44, iteration 1810, time: 1200.9683632850647
Starting label LEVI, seed 44, iteration 1820, time: 1212.2271893024445
Starting label LEVI, seed 44, iteration 1830, time: 1222.7787086963654
Starting label LEVI, seed 44, iteration 1840, time: 1235.87344288826
Starting label LEVI, seed 44, iteration 1850, time: 1249.2133424282074
Starting label LEVI, seed 44, iteration 1860, time: 1261.1696982383728
Starting label LEVI, seed 44, iteration 1870, time: 1272.5986337661743
Starting label LEVI, seed 44, iteration 1880, time: 1286.0478372573853
Starting label LEVI, seed 44, iteration 1890, time: 1299.1897661685944
Starting label LEVI, seed 44, iteration 1900, time: 1313.156490802765
Starting label LEVI, seed 44, iteration 1910, time: 1324.2371423244476
Starting label LEVI, seed 44, iteration 1920, time: 1335.4998188018799
Starting label LEVI, seed 44, iteration 1930, time: 1348.476974248886
Starting label LEVI, seed 44, iteration 1940, time: 1362.1830959320068
Starting label LEVI, seed 44, iteration 1950, time: 1375.4783935546875
Starting label LEVI, seed 44, iteration 1960, time: 1388.5045936107635
Starting label LEVI, seed 44, iteration 1970, time: 1401.497876405716
Starting label LEVI, seed 44, iteration 1980, time: 1415.2787456512451
Starting label LEVI, seed 44, iteration 1990, time: 1430.2576727867126
submitit INFO (2022-10-02 13:46:04,941) - Job completed successfully
