submitit INFO (2022-10-02 01:45:30,871) - Starting with JobEnvironment(job_id=883481_2, hostname=nikola-compute-02.cs.cornell.edu, local_rank=0(1), node=0(1), global_rank=0(1))
submitit INFO (2022-10-02 01:45:30,871) - Loading pickle: /home/gid-cakmaks/contextual_rs/experiments/wsc_experiments/logs/883481_2/883481_2_submitted.pkl
Starting label LEVI, seed 82, iteration 0, time: 0.0029799938201904297
Starting label LEVI, seed 82, iteration 10, time: 4.890805959701538
Starting label LEVI, seed 82, iteration 20, time: 9.604159593582153
Starting label LEVI, seed 82, iteration 30, time: 14.332853078842163
Starting label LEVI, seed 82, iteration 40, time: 18.714263916015625
Starting label LEVI, seed 82, iteration 50, time: 23.050142765045166
Starting label LEVI, seed 82, iteration 60, time: 27.475383281707764
Starting label LEVI, seed 82, iteration 70, time: 32.225098848342896
Starting label LEVI, seed 82, iteration 80, time: 36.953312397003174
Starting label LEVI, seed 82, iteration 90, time: 41.78362846374512
Starting label LEVI, seed 82, iteration 100, time: 47.01580572128296
Starting label LEVI, seed 82, iteration 110, time: 52.18038010597229
Starting label LEVI, seed 82, iteration 120, time: 57.78822994232178
Starting label LEVI, seed 82, iteration 130, time: 63.442179441452026
Starting label LEVI, seed 82, iteration 140, time: 69.04998087882996
Starting label LEVI, seed 82, iteration 150, time: 74.79591631889343
Starting label LEVI, seed 82, iteration 160, time: 80.57040858268738
Starting label LEVI, seed 82, iteration 170, time: 86.62710523605347
Starting label LEVI, seed 82, iteration 180, time: 92.55685067176819
Starting label LEVI, seed 82, iteration 190, time: 98.74735379219055
Starting label LEVI, seed 82, iteration 200, time: 105.03279185295105
Starting label LEVI, seed 82, iteration 210, time: 111.2106580734253
Starting label LEVI, seed 82, iteration 220, time: 117.23164939880371
Starting label LEVI, seed 82, iteration 230, time: 122.82636404037476
Starting label LEVI, seed 82, iteration 240, time: 128.42930221557617
Starting label LEVI, seed 82, iteration 250, time: 133.9975929260254
Starting label LEVI, seed 82, iteration 260, time: 139.51590538024902
Starting label LEVI, seed 82, iteration 270, time: 145.17648458480835
Starting label LEVI, seed 82, iteration 280, time: 150.8794388771057
Starting label LEVI, seed 82, iteration 290, time: 156.68950200080872
Starting label LEVI, seed 82, iteration 300, time: 162.71574926376343
Starting label LEVI, seed 82, iteration 310, time: 168.35632753372192
Starting label LEVI, seed 82, iteration 320, time: 173.9261510372162
Starting label LEVI, seed 82, iteration 330, time: 179.85210394859314
Starting label LEVI, seed 82, iteration 340, time: 185.85739302635193
Starting label LEVI, seed 82, iteration 350, time: 191.9135205745697
Starting label LEVI, seed 82, iteration 360, time: 198.1279456615448
Starting label LEVI, seed 82, iteration 370, time: 204.17379903793335
Starting label LEVI, seed 82, iteration 380, time: 210.25526213645935
Starting label LEVI, seed 82, iteration 390, time: 216.11286211013794
Starting label LEVI, seed 82, iteration 400, time: 221.97352170944214
Starting label LEVI, seed 82, iteration 410, time: 227.90394973754883
submitit WARNING (2022-10-02 01:49:22,459) - Bypassing signal SIGCONT
submitit WARNING (2022-10-02 01:49:22,464) - Bypassing signal SIGTERM
Starting label LEVI, seed 82, iteration 420, time: 233.85928964614868
Starting label LEVI, seed 82, iteration 430, time: 239.98863196372986
Starting label LEVI, seed 82, iteration 440, time: 245.8155493736267
Starting label LEVI, seed 82, iteration 450, time: 251.73820805549622
Starting label LEVI, seed 82, iteration 460, time: 257.6520285606384
