submitit INFO (2022-10-02 00:29:52,717) - Starting with JobEnvironment(job_id=883262_5, hostname=lecun.cs.cornell.edu, local_rank=0(1), node=0(1), global_rank=0(1))
submitit INFO (2022-10-02 00:29:52,717) - Loading pickle: /home/gid-cakmaks/contextual_rs/experiments/wsc_experiments/logs/883262_5/883262_5_submitted.pkl
Starting label LEVI, seed 35, iteration 0, time: 0.01817035675048828
Starting label LEVI, seed 35, iteration 10, time: 3.805881977081299
Starting label LEVI, seed 35, iteration 20, time: 6.109648942947388
Starting label LEVI, seed 35, iteration 30, time: 8.490978479385376
Starting label LEVI, seed 35, iteration 40, time: 10.845637559890747
Starting label LEVI, seed 35, iteration 50, time: 13.196476459503174
Starting label LEVI, seed 35, iteration 60, time: 16.599091291427612
Starting label LEVI, seed 35, iteration 70, time: 18.961769580841064
Starting label LEVI, seed 35, iteration 80, time: 21.362438678741455
Starting label LEVI, seed 35, iteration 90, time: 23.74036931991577
Starting label LEVI, seed 35, iteration 100, time: 26.160155534744263
Starting label LEVI, seed 35, iteration 110, time: 28.571381330490112
Starting label LEVI, seed 35, iteration 120, time: 31.06789803504944
Starting label LEVI, seed 35, iteration 130, time: 33.521331787109375
Starting label LEVI, seed 35, iteration 140, time: 36.124106884002686
Starting label LEVI, seed 35, iteration 150, time: 38.70159554481506
Starting label LEVI, seed 35, iteration 160, time: 41.46558237075806
Starting label LEVI, seed 35, iteration 170, time: 44.12408709526062
Starting label LEVI, seed 35, iteration 180, time: 46.84231734275818
Starting label LEVI, seed 35, iteration 190, time: 49.512988567352295
Starting label LEVI, seed 35, iteration 200, time: 52.165502309799194
Starting label LEVI, seed 35, iteration 210, time: 54.7287540435791
Starting label LEVI, seed 35, iteration 220, time: 57.424131870269775
Starting label LEVI, seed 35, iteration 230, time: 60.02073645591736
Starting label LEVI, seed 35, iteration 240, time: 62.538469552993774
Starting label LEVI, seed 35, iteration 250, time: 65.091867685318
Starting label LEVI, seed 35, iteration 260, time: 67.66277360916138
Starting label LEVI, seed 35, iteration 270, time: 70.22471141815186
Starting label LEVI, seed 35, iteration 280, time: 72.85254645347595
Starting label LEVI, seed 35, iteration 290, time: 75.50402736663818
Starting label LEVI, seed 35, iteration 300, time: 78.21206569671631
Starting label LEVI, seed 35, iteration 310, time: 80.95790839195251
Starting label LEVI, seed 35, iteration 320, time: 83.51131296157837
Starting label LEVI, seed 35, iteration 330, time: 86.22186756134033
Starting label LEVI, seed 35, iteration 340, time: 88.97201538085938
Starting label LEVI, seed 35, iteration 350, time: 91.80662178993225
Starting label LEVI, seed 35, iteration 360, time: 94.76979684829712
Starting label LEVI, seed 35, iteration 370, time: 97.79325318336487
Starting label LEVI, seed 35, iteration 380, time: 100.61443042755127
Starting label LEVI, seed 35, iteration 390, time: 103.53877878189087
Starting label LEVI, seed 35, iteration 400, time: 106.2855715751648
Starting label LEVI, seed 35, iteration 410, time: 108.98638463020325
Starting label LEVI, seed 35, iteration 420, time: 111.9291820526123
Starting label LEVI, seed 35, iteration 430, time: 114.67752408981323
Starting label LEVI, seed 35, iteration 440, time: 117.50163078308105
Starting label LEVI, seed 35, iteration 450, time: 120.27561068534851
Starting label LEVI, seed 35, iteration 460, time: 122.89032340049744
Starting label LEVI, seed 35, iteration 470, time: 125.64460611343384
Starting label LEVI, seed 35, iteration 480, time: 128.70968174934387
Starting label LEVI, seed 35, iteration 490, time: 131.62845659255981
Starting label LEVI, seed 35, iteration 500, time: 134.95815777778625
Starting label LEVI, seed 35, iteration 510, time: 138.13675260543823
Starting label LEVI, seed 35, iteration 520, time: 141.34028959274292
Starting label LEVI, seed 35, iteration 530, time: 144.70653891563416
Starting label LEVI, seed 35, iteration 540, time: 148.02292561531067
Starting label LEVI, seed 35, iteration 550, time: 151.42302107810974
Starting label LEVI, seed 35, iteration 560, time: 154.85734152793884
Starting label LEVI, seed 35, iteration 570, time: 158.40375685691833
Starting label LEVI, seed 35, iteration 580, time: 162.27450561523438
Starting label LEVI, seed 35, iteration 590, time: 166.03477478027344
Starting label LEVI, seed 35, iteration 600, time: 169.7487828731537
Starting label LEVI, seed 35, iteration 610, time: 173.39531302452087
Starting label LEVI, seed 35, iteration 620, time: 177.24533772468567
Starting label LEVI, seed 35, iteration 630, time: 181.0076072216034
Starting label LEVI, seed 35, iteration 640, time: 184.97125029563904
Starting label LEVI, seed 35, iteration 650, time: 188.471905708313
Starting label LEVI, seed 35, iteration 660, time: 192.41598415374756
Starting label LEVI, seed 35, iteration 670, time: 196.53494668006897
Starting label LEVI, seed 35, iteration 680, time: 200.5871617794037
Starting label LEVI, seed 35, iteration 690, time: 205.34278178215027
Starting label LEVI, seed 35, iteration 700, time: 209.36065673828125
Starting label LEVI, seed 35, iteration 710, time: 213.81382822990417
Starting label LEVI, seed 35, iteration 720, time: 218.09279894828796
Starting label LEVI, seed 35, iteration 730, time: 222.7071568965912
Starting label LEVI, seed 35, iteration 740, time: 226.69917631149292
Starting label LEVI, seed 35, iteration 750, time: 231.29709815979004
Starting label LEVI, seed 35, iteration 760, time: 235.79307079315186
Starting label LEVI, seed 35, iteration 770, time: 240.74335765838623
Starting label LEVI, seed 35, iteration 780, time: 245.88079452514648
Starting label LEVI, seed 35, iteration 790, time: 251.17183375358582
Starting label LEVI, seed 35, iteration 800, time: 256.46133041381836
Starting label LEVI, seed 35, iteration 810, time: 261.4646735191345
Starting label LEVI, seed 35, iteration 820, time: 266.65513610839844
Starting label LEVI, seed 35, iteration 830, time: 271.887638092041
Starting label LEVI, seed 35, iteration 840, time: 277.2352964878082
Starting label LEVI, seed 35, iteration 850, time: 282.43330907821655
Starting label LEVI, seed 35, iteration 860, time: 287.84032368659973
Starting label LEVI, seed 35, iteration 870, time: 293.28346276283264
Starting label LEVI, seed 35, iteration 880, time: 299.23896980285645
Starting label LEVI, seed 35, iteration 890, time: 304.49169301986694
Starting label LEVI, seed 35, iteration 900, time: 310.0094692707062
Starting label LEVI, seed 35, iteration 910, time: 316.48144340515137
Starting label LEVI, seed 35, iteration 920, time: 323.0907907485962
Starting label LEVI, seed 35, iteration 930, time: 328.4848675727844
Starting label LEVI, seed 35, iteration 940, time: 334.824645280838
Starting label LEVI, seed 35, iteration 950, time: 341.24352192878723
Starting label LEVI, seed 35, iteration 960, time: 347.59135723114014
Starting label LEVI, seed 35, iteration 970, time: 354.32910656929016
Starting label LEVI, seed 35, iteration 980, time: 360.74605655670166
Starting label LEVI, seed 35, iteration 990, time: 366.3986761569977
Starting label LEVI, seed 35, iteration 1000, time: 372.28337836265564
Starting label LEVI, seed 35, iteration 1010, time: 379.2694571018219
Starting label LEVI, seed 35, iteration 1020, time: 386.4150142669678
Starting label LEVI, seed 35, iteration 1030, time: 393.84427309036255
Starting label LEVI, seed 35, iteration 1040, time: 399.8059401512146
Starting label LEVI, seed 35, iteration 1050, time: 407.2095808982849
Starting label LEVI, seed 35, iteration 1060, time: 414.03827118873596
Starting label LEVI, seed 35, iteration 1070, time: 420.19248962402344
Starting label LEVI, seed 35, iteration 1080, time: 426.98212003707886
Starting label LEVI, seed 35, iteration 1090, time: 433.2413489818573
Starting label LEVI, seed 35, iteration 1100, time: 439.82534980773926
Starting label LEVI, seed 35, iteration 1110, time: 447.9995086193085
Starting label LEVI, seed 35, iteration 1120, time: 455.47212052345276
Starting label LEVI, seed 35, iteration 1130, time: 463.577476978302
Starting label LEVI, seed 35, iteration 1140, time: 470.57363080978394
Starting label LEVI, seed 35, iteration 1150, time: 478.5233335494995
Starting label LEVI, seed 35, iteration 1160, time: 487.0667700767517
Starting label LEVI, seed 35, iteration 1170, time: 496.32520389556885
Starting label LEVI, seed 35, iteration 1180, time: 505.70326685905457
Starting label LEVI, seed 35, iteration 1190, time: 514.6086213588715
Starting label LEVI, seed 35, iteration 1200, time: 522.3787755966187
Starting label LEVI, seed 35, iteration 1210, time: 530.7699222564697
Starting label LEVI, seed 35, iteration 1220, time: 538.9552090167999
Starting label LEVI, seed 35, iteration 1230, time: 546.9614069461823
Starting label LEVI, seed 35, iteration 1240, time: 554.9097981452942
Starting label LEVI, seed 35, iteration 1250, time: 562.6979460716248
Starting label LEVI, seed 35, iteration 1260, time: 570.7596709728241
Starting label LEVI, seed 35, iteration 1270, time: 578.5786075592041
Starting label LEVI, seed 35, iteration 1280, time: 588.2711277008057
Starting label LEVI, seed 35, iteration 1290, time: 596.5263998508453
Starting label LEVI, seed 35, iteration 1300, time: 605.3968098163605
Starting label LEVI, seed 35, iteration 1310, time: 614.4368596076965
Starting label LEVI, seed 35, iteration 1320, time: 622.9346799850464
Starting label LEVI, seed 35, iteration 1330, time: 633.3384945392609
Starting label LEVI, seed 35, iteration 1340, time: 642.5258014202118
Starting label LEVI, seed 35, iteration 1350, time: 653.4455449581146
Starting label LEVI, seed 35, iteration 1360, time: 663.6951739788055
Starting label LEVI, seed 35, iteration 1370, time: 675.6171061992645
Starting label LEVI, seed 35, iteration 1380, time: 688.0666117668152
Starting label LEVI, seed 35, iteration 1390, time: 698.8527836799622
Starting label LEVI, seed 35, iteration 1400, time: 710.5823640823364
Starting label LEVI, seed 35, iteration 1410, time: 720.9292578697205
Starting label LEVI, seed 35, iteration 1420, time: 735.5614762306213
Starting label LEVI, seed 35, iteration 1430, time: 748.0959014892578
Starting label LEVI, seed 35, iteration 1440, time: 760.6604714393616
Starting label LEVI, seed 35, iteration 1450, time: 771.150785446167
Starting label LEVI, seed 35, iteration 1460, time: 782.1832880973816
Starting label LEVI, seed 35, iteration 1470, time: 792.1824674606323
Starting label LEVI, seed 35, iteration 1480, time: 807.0226850509644
Starting label LEVI, seed 35, iteration 1490, time: 820.8666596412659
Starting label LEVI, seed 35, iteration 1500, time: 835.0406312942505
Starting label LEVI, seed 35, iteration 1510, time: 847.1174111366272
Starting label LEVI, seed 35, iteration 1520, time: 859.283792257309
Starting label LEVI, seed 35, iteration 1530, time: 870.5775661468506
Starting label LEVI, seed 35, iteration 1540, time: 882.2872269153595
Starting label LEVI, seed 35, iteration 1550, time: 898.3011476993561
Starting label LEVI, seed 35, iteration 1560, time: 910.9961204528809
Starting label LEVI, seed 35, iteration 1570, time: 928.704576253891
Starting label LEVI, seed 35, iteration 1580, time: 946.8339257240295
Starting label LEVI, seed 35, iteration 1590, time: 961.9276604652405
Starting label LEVI, seed 35, iteration 1600, time: 973.9151329994202
Starting label LEVI, seed 35, iteration 1610, time: 989.0974905490875
Starting label LEVI, seed 35, iteration 1620, time: 1000.3276000022888
Starting label LEVI, seed 35, iteration 1630, time: 1014.4123549461365
Starting label LEVI, seed 35, iteration 1640, time: 1027.5742056369781
Starting label LEVI, seed 35, iteration 1650, time: 1043.7147099971771
Starting label LEVI, seed 35, iteration 1660, time: 1058.080986738205
Starting label LEVI, seed 35, iteration 1670, time: 1074.4377813339233
Starting label LEVI, seed 35, iteration 1680, time: 1094.342561006546
Starting label LEVI, seed 35, iteration 1690, time: 1112.0279455184937
Starting label LEVI, seed 35, iteration 1700, time: 1127.4879219532013
Starting label LEVI, seed 35, iteration 1710, time: 1142.99742770195
Starting label LEVI, seed 35, iteration 1720, time: 1163.289189338684
Starting label LEVI, seed 35, iteration 1730, time: 1183.4133396148682
Starting label LEVI, seed 35, iteration 1740, time: 1201.8463253974915
Starting label LEVI, seed 35, iteration 1750, time: 1218.6016600131989
Starting label LEVI, seed 35, iteration 1760, time: 1240.13609457016
Starting label LEVI, seed 35, iteration 1770, time: 1254.3061242103577
Starting label LEVI, seed 35, iteration 1780, time: 1271.5446767807007
Starting label LEVI, seed 35, iteration 1790, time: 1287.7465660572052
Starting label LEVI, seed 35, iteration 1800, time: 1305.6660091876984
Starting label LEVI, seed 35, iteration 1810, time: 1327.2706668376923
Starting label LEVI, seed 35, iteration 1820, time: 1347.8402750492096
Starting label LEVI, seed 35, iteration 1830, time: 1364.6415522098541
Starting label LEVI, seed 35, iteration 1840, time: 1383.2580404281616
Starting label LEVI, seed 35, iteration 1850, time: 1401.2085328102112
Starting label LEVI, seed 35, iteration 1860, time: 1421.594941854477
Starting label LEVI, seed 35, iteration 1870, time: 1439.955229997635
Starting label LEVI, seed 35, iteration 1880, time: 1463.681212902069
Starting label LEVI, seed 35, iteration 1890, time: 1484.1216077804565
Starting label LEVI, seed 35, iteration 1900, time: 1510.009138584137
Starting label LEVI, seed 35, iteration 1910, time: 1529.28093624115
Starting label LEVI, seed 35, iteration 1920, time: 1549.6622440814972
submitit WARNING (2022-10-02 00:55:52,145) - Bypassing signal SIGTERM
submitit WARNING (2022-10-02 00:55:52,146) - Bypassing signal SIGCONT
Starting label LEVI, seed 35, iteration 1930, time: 1574.291285276413
