submitit INFO (2022-10-02 02:25:17,689) - Starting with JobEnvironment(job_id=883715_4, hostname=belongie-compute-01.tech.cornell.edu, local_rank=0(1), node=0(1), global_rank=0(1))
submitit INFO (2022-10-02 02:25:17,689) - Loading pickle: /home/gid-cakmaks/contextual_rs/experiments/wsc_experiments/logs/883715_4/883715_4_submitted.pkl
Appending iterations to existing output!Warning: If parameters other than `iterations` have been changed, this will corrupt the output!
Starting label LEVI, seed 65, iteration 1460, time: 562.3779881000519
Starting label LEVI, seed 65, iteration 1470, time: 585.3532598018646
Starting label LEVI, seed 65, iteration 1480, time: 613.310519695282
Starting label LEVI, seed 65, iteration 1490, time: 644.6563637256622
Starting label LEVI, seed 65, iteration 1500, time: 669.9610462188721
Starting label LEVI, seed 65, iteration 1510, time: 686.1887986660004
Starting label LEVI, seed 65, iteration 1520, time: 718.5797650814056
Starting label LEVI, seed 65, iteration 1530, time: 739.6410021781921
Starting label LEVI, seed 65, iteration 1540, time: 769.6900835037231
Starting label LEVI, seed 65, iteration 1550, time: 801.6362438201904
Starting label LEVI, seed 65, iteration 1560, time: 828.095132112503
Starting label LEVI, seed 65, iteration 1570, time: 857.2261934280396
Starting label LEVI, seed 65, iteration 1580, time: 882.6181035041809
Starting label LEVI, seed 65, iteration 1590, time: 903.660816192627
Starting label LEVI, seed 65, iteration 1600, time: 928.4602432250977
Starting label LEVI, seed 65, iteration 1610, time: 964.3708851337433
Starting label LEVI, seed 65, iteration 1620, time: 999.7618453502655
Starting label LEVI, seed 65, iteration 1630, time: 1030.786870956421
Starting label LEVI, seed 65, iteration 1640, time: 1059.6090507507324
Starting label LEVI, seed 65, iteration 1650, time: 1090.2066547870636
Starting label LEVI, seed 65, iteration 1660, time: 1123.6692810058594
Starting label LEVI, seed 65, iteration 1670, time: 1155.891301393509
Starting label LEVI, seed 65, iteration 1680, time: 1188.3563752174377
Starting label LEVI, seed 65, iteration 1690, time: 1222.2330372333527
Starting label LEVI, seed 65, iteration 1700, time: 1256.7418959140778
Starting label LEVI, seed 65, iteration 1710, time: 1292.2545311450958
Starting label LEVI, seed 65, iteration 1720, time: 1327.305387020111
Starting label LEVI, seed 65, iteration 1730, time: 1361.43341755867
Starting label LEVI, seed 65, iteration 1740, time: 1392.3739621639252
Starting label LEVI, seed 65, iteration 1750, time: 1414.894347667694
Starting label LEVI, seed 65, iteration 1760, time: 1443.7133204936981
Starting label LEVI, seed 65, iteration 1770, time: 1466.9698798656464
Starting label LEVI, seed 65, iteration 1780, time: 1489.889517068863
Starting label LEVI, seed 65, iteration 1790, time: 1520.1759192943573
Starting label LEVI, seed 65, iteration 1800, time: 1554.8534116744995
Starting label LEVI, seed 65, iteration 1810, time: 1579.345559835434
Starting label LEVI, seed 65, iteration 1820, time: 1604.3383104801178
Starting label LEVI, seed 65, iteration 1830, time: 1631.202940940857
Starting label LEVI, seed 65, iteration 1840, time: 1662.8594799041748
Starting label LEVI, seed 65, iteration 1850, time: 1691.8922717571259
Starting label LEVI, seed 65, iteration 1860, time: 1724.6528849601746
Starting label LEVI, seed 65, iteration 1870, time: 1750.5105428695679
Starting label LEVI, seed 65, iteration 1880, time: 1798.9100954532623
Starting label LEVI, seed 65, iteration 1890, time: 1829.2697613239288
Starting label LEVI, seed 65, iteration 1900, time: 1862.0534024238586
Starting label LEVI, seed 65, iteration 1910, time: 1891.6574711799622
Starting label LEVI, seed 65, iteration 1920, time: 1926.0023651123047
Starting label LEVI, seed 65, iteration 1930, time: 1962.5298969745636
Starting label LEVI, seed 65, iteration 1940, time: 2001.6209154129028
Starting label LEVI, seed 65, iteration 1950, time: 2031.72624874115
Starting label LEVI, seed 65, iteration 1960, time: 2071.8217866420746
Starting label LEVI, seed 65, iteration 1970, time: 2102.936534643173
Starting label LEVI, seed 65, iteration 1980, time: 2134.1548402309418
Starting label LEVI, seed 65, iteration 1990, time: 2166.2506172657013
submitit INFO (2022-10-02 02:52:34,776) - Job completed successfully
