submitit INFO (2022-10-02 13:20:54,736) - Starting with JobEnvironment(job_id=884511_6, hostname=joachims-compute-02.cs.cornell.edu, local_rank=0(1), node=0(1), global_rank=0(1))
submitit INFO (2022-10-02 13:20:54,737) - Loading pickle: /home/gid-cakmaks/contextual_rs/experiments/wsc_experiments/logs/884511_6/884511_6_submitted.pkl
Appending iterations to existing output!Warning: If parameters other than `iterations` have been changed, this will corrupt the output!
Starting label LEVI, seed 37, iteration 1810, time: 1577.5815784931183
Starting label LEVI, seed 37, iteration 1820, time: 1605.750920534134
Starting label LEVI, seed 37, iteration 1830, time: 1641.4852163791656
Starting label LEVI, seed 37, iteration 1840, time: 1654.837363243103
Starting label LEVI, seed 37, iteration 1850, time: 1667.2968320846558
Starting label LEVI, seed 37, iteration 1860, time: 1681.7304821014404
Starting label LEVI, seed 37, iteration 1870, time: 1699.8468430042267
Starting label LEVI, seed 37, iteration 1880, time: 1718.0440182685852
Starting label LEVI, seed 37, iteration 1890, time: 1727.768102645874
Starting label LEVI, seed 37, iteration 1900, time: 1737.798007965088
Starting label LEVI, seed 37, iteration 1910, time: 1749.0661182403564
Starting label LEVI, seed 37, iteration 1920, time: 1759.2384541034698
Starting label LEVI, seed 37, iteration 1930, time: 1767.6157636642456
Starting label LEVI, seed 37, iteration 1940, time: 1776.510358095169
Starting label LEVI, seed 37, iteration 1950, time: 1785.5802400112152
Starting label LEVI, seed 37, iteration 1960, time: 1794.7740252017975
Starting label LEVI, seed 37, iteration 1970, time: 1803.3331716060638
Starting label LEVI, seed 37, iteration 1980, time: 1812.2111809253693
Starting label LEVI, seed 37, iteration 1990, time: 1820.9519300460815
submitit INFO (2022-10-02 13:25:10,667) - Job completed successfully
