submitit INFO (2022-10-02 02:25:37,532) - Starting with JobEnvironment(job_id=883734_0, hostname=nikola-compute-01.cs.cornell.edu, local_rank=0(1), node=0(1), global_rank=0(1))
submitit INFO (2022-10-02 02:25:37,532) - Loading pickle: /home/gid-cakmaks/contextual_rs/experiments/wsc_experiments/logs/883734_0/883734_0_submitted.pkl
Appending iterations to existing output!Warning: If parameters other than `iterations` have been changed, this will corrupt the output!
Starting label LEVI, seed 80, iteration 470, time: 132.051029920578
Starting label LEVI, seed 80, iteration 480, time: 135.76587510108948
Starting label LEVI, seed 80, iteration 490, time: 139.38716435432434
Starting label LEVI, seed 80, iteration 500, time: 143.12409663200378
Starting label LEVI, seed 80, iteration 510, time: 146.94082593917847
Starting label LEVI, seed 80, iteration 520, time: 150.69248366355896
Starting label LEVI, seed 80, iteration 530, time: 154.59539008140564
Starting label LEVI, seed 80, iteration 540, time: 158.4331455230713
Starting label LEVI, seed 80, iteration 550, time: 162.12466096878052
Starting label LEVI, seed 80, iteration 560, time: 165.5146996974945
Starting label LEVI, seed 80, iteration 570, time: 168.8661994934082
Starting label LEVI, seed 80, iteration 580, time: 172.1665391921997
Starting label LEVI, seed 80, iteration 590, time: 176.16376185417175
Starting label LEVI, seed 80, iteration 600, time: 179.88460779190063
Starting label LEVI, seed 80, iteration 610, time: 183.7739269733429
Starting label LEVI, seed 80, iteration 620, time: 187.67936897277832
Starting label LEVI, seed 80, iteration 630, time: 191.28852248191833
Starting label LEVI, seed 80, iteration 640, time: 195.0402054786682
Starting label LEVI, seed 80, iteration 650, time: 198.7722671031952
Starting label LEVI, seed 80, iteration 660, time: 202.47630715370178
Starting label LEVI, seed 80, iteration 670, time: 206.35660982131958
Starting label LEVI, seed 80, iteration 680, time: 210.61025547981262
Starting label LEVI, seed 80, iteration 690, time: 214.44533824920654
Starting label LEVI, seed 80, iteration 700, time: 218.34119248390198
Starting label LEVI, seed 80, iteration 710, time: 222.2075731754303
Starting label LEVI, seed 80, iteration 720, time: 226.07185769081116
Starting label LEVI, seed 80, iteration 730, time: 230.10432076454163
Starting label LEVI, seed 80, iteration 740, time: 234.46537685394287
Starting label LEVI, seed 80, iteration 750, time: 238.46780586242676
Starting label LEVI, seed 80, iteration 760, time: 242.91858458518982
Starting label LEVI, seed 80, iteration 770, time: 247.60901498794556
Starting label LEVI, seed 80, iteration 780, time: 251.73105025291443
Starting label LEVI, seed 80, iteration 790, time: 255.9511525630951
Starting label LEVI, seed 80, iteration 800, time: 260.3808043003082
Starting label LEVI, seed 80, iteration 810, time: 264.6064305305481
Starting label LEVI, seed 80, iteration 820, time: 269.35458159446716
Starting label LEVI, seed 80, iteration 830, time: 274.1433837413788
Starting label LEVI, seed 80, iteration 840, time: 278.5109283924103
Starting label LEVI, seed 80, iteration 850, time: 282.8857219219208
Starting label LEVI, seed 80, iteration 860, time: 287.2258999347687
Starting label LEVI, seed 80, iteration 870, time: 291.64375948905945
Starting label LEVI, seed 80, iteration 880, time: 296.21083998680115
Starting label LEVI, seed 80, iteration 890, time: 301.0738377571106
Starting label LEVI, seed 80, iteration 900, time: 305.84651017189026
Starting label LEVI, seed 80, iteration 910, time: 310.42446208000183
Starting label LEVI, seed 80, iteration 920, time: 315.0642189979553
Starting label LEVI, seed 80, iteration 930, time: 320.1496639251709
Starting label LEVI, seed 80, iteration 940, time: 325.29855251312256
Starting label LEVI, seed 80, iteration 950, time: 330.6111583709717
Starting label LEVI, seed 80, iteration 960, time: 335.80654644966125
Starting label LEVI, seed 80, iteration 970, time: 341.0056390762329
Starting label LEVI, seed 80, iteration 980, time: 346.0713725090027
Starting label LEVI, seed 80, iteration 990, time: 351.1012375354767
Starting label LEVI, seed 80, iteration 1000, time: 356.6860258579254
Starting label LEVI, seed 80, iteration 1010, time: 362.21053647994995
Starting label LEVI, seed 80, iteration 1020, time: 368.54234981536865
Starting label LEVI, seed 80, iteration 1030, time: 373.9977333545685
Starting label LEVI, seed 80, iteration 1040, time: 379.63208389282227
Starting label LEVI, seed 80, iteration 1050, time: 385.51165294647217
Starting label LEVI, seed 80, iteration 1060, time: 391.46942353248596
Starting label LEVI, seed 80, iteration 1070, time: 397.1910183429718
Starting label LEVI, seed 80, iteration 1080, time: 402.6946487426758
Starting label LEVI, seed 80, iteration 1090, time: 408.3458659648895
Starting label LEVI, seed 80, iteration 1100, time: 413.90679383277893
Starting label LEVI, seed 80, iteration 1110, time: 419.7269937992096
Starting label LEVI, seed 80, iteration 1120, time: 425.55160307884216
Starting label LEVI, seed 80, iteration 1130, time: 432.55413842201233
Starting label LEVI, seed 80, iteration 1140, time: 438.4154827594757
Starting label LEVI, seed 80, iteration 1150, time: 443.71149945259094
Starting label LEVI, seed 80, iteration 1160, time: 449.8831236362457
Starting label LEVI, seed 80, iteration 1170, time: 455.6390333175659
Starting label LEVI, seed 80, iteration 1180, time: 461.773234128952
Starting label LEVI, seed 80, iteration 1190, time: 467.727388381958
Starting label LEVI, seed 80, iteration 1200, time: 474.02866291999817
Starting label LEVI, seed 80, iteration 1210, time: 480.17449164390564
Starting label LEVI, seed 80, iteration 1220, time: 486.5749261379242
Starting label LEVI, seed 80, iteration 1230, time: 492.71925616264343
Starting label LEVI, seed 80, iteration 1240, time: 498.95993733406067
Starting label LEVI, seed 80, iteration 1250, time: 504.9346091747284
Starting label LEVI, seed 80, iteration 1260, time: 510.73417496681213
Starting label LEVI, seed 80, iteration 1270, time: 516.7965660095215
Starting label LEVI, seed 80, iteration 1280, time: 522.9508807659149
Starting label LEVI, seed 80, iteration 1290, time: 529.0541431903839
Starting label LEVI, seed 80, iteration 1300, time: 534.9646165370941
Starting label LEVI, seed 80, iteration 1310, time: 540.9546513557434
Starting label LEVI, seed 80, iteration 1320, time: 547.8540151119232
Starting label LEVI, seed 80, iteration 1330, time: 554.0276811122894
Starting label LEVI, seed 80, iteration 1340, time: 560.9630861282349
Starting label LEVI, seed 80, iteration 1350, time: 567.1601498126984
Starting label LEVI, seed 80, iteration 1360, time: 573.573742389679
Starting label LEVI, seed 80, iteration 1370, time: 579.9871006011963
Starting label LEVI, seed 80, iteration 1380, time: 586.852231502533
Starting label LEVI, seed 80, iteration 1390, time: 593.8636224269867
Starting label LEVI, seed 80, iteration 1400, time: 601.7809200286865
Starting label LEVI, seed 80, iteration 1410, time: 608.4154660701752
Starting label LEVI, seed 80, iteration 1420, time: 615.6189963817596
Starting label LEVI, seed 80, iteration 1430, time: 622.7897369861603
Starting label LEVI, seed 80, iteration 1440, time: 630.393669128418
Starting label LEVI, seed 80, iteration 1450, time: 637.7151353359222
Starting label LEVI, seed 80, iteration 1460, time: 645.0866711139679
Starting label LEVI, seed 80, iteration 1470, time: 652.471444606781
Starting label LEVI, seed 80, iteration 1480, time: 660.429018497467
Starting label LEVI, seed 80, iteration 1490, time: 668.5772123336792
Starting label LEVI, seed 80, iteration 1500, time: 675.898638010025
Starting label LEVI, seed 80, iteration 1510, time: 684.1823921203613
Starting label LEVI, seed 80, iteration 1520, time: 691.5619246959686
Starting label LEVI, seed 80, iteration 1530, time: 699.6677138805389
Starting label LEVI, seed 80, iteration 1540, time: 706.3395230770111
Starting label LEVI, seed 80, iteration 1550, time: 714.6094627380371
Starting label LEVI, seed 80, iteration 1560, time: 724.9219801425934
Starting label LEVI, seed 80, iteration 1570, time: 737.218501329422
Starting label LEVI, seed 80, iteration 1580, time: 745.0512180328369
Starting label LEVI, seed 80, iteration 1590, time: 753.1198353767395
Starting label LEVI, seed 80, iteration 1600, time: 760.7749121189117
Starting label LEVI, seed 80, iteration 1610, time: 769.365716457367
Starting label LEVI, seed 80, iteration 1620, time: 777.8150181770325
Starting label LEVI, seed 80, iteration 1630, time: 786.7740111351013
Starting label LEVI, seed 80, iteration 1640, time: 794.6959314346313
Starting label LEVI, seed 80, iteration 1650, time: 804.0147216320038
Starting label LEVI, seed 80, iteration 1660, time: 811.4608662128448
Starting label LEVI, seed 80, iteration 1670, time: 818.7965798377991
Starting label LEVI, seed 80, iteration 1680, time: 827.9635887145996
Starting label LEVI, seed 80, iteration 1690, time: 836.9890413284302
Starting label LEVI, seed 80, iteration 1700, time: 846.7687077522278
Starting label LEVI, seed 80, iteration 1710, time: 855.1813468933105
Starting label LEVI, seed 80, iteration 1720, time: 864.3911335468292
Starting label LEVI, seed 80, iteration 1730, time: 874.2142918109894
Starting label LEVI, seed 80, iteration 1740, time: 883.4426345825195
Starting label LEVI, seed 80, iteration 1750, time: 893.511159658432
Starting label LEVI, seed 80, iteration 1760, time: 903.4641802310944
Starting label LEVI, seed 80, iteration 1770, time: 912.4929637908936
Starting label LEVI, seed 80, iteration 1780, time: 920.7348651885986
Starting label LEVI, seed 80, iteration 1790, time: 928.9104747772217
Starting label LEVI, seed 80, iteration 1800, time: 937.045711517334
Starting label LEVI, seed 80, iteration 1810, time: 947.0843136310577
Starting label LEVI, seed 80, iteration 1820, time: 955.6455869674683
Starting label LEVI, seed 80, iteration 1830, time: 964.7983121871948
Starting label LEVI, seed 80, iteration 1840, time: 973.8485989570618
Starting label LEVI, seed 80, iteration 1850, time: 982.4889988899231
Starting label LEVI, seed 80, iteration 1860, time: 994.1756842136383
Starting label LEVI, seed 80, iteration 1870, time: 1004.9743642807007
Starting label LEVI, seed 80, iteration 1880, time: 1014.0228712558746
Starting label LEVI, seed 80, iteration 1890, time: 1026.4862787723541
Starting label LEVI, seed 80, iteration 1900, time: 1036.3116250038147
Starting label LEVI, seed 80, iteration 1910, time: 1046.5981345176697
Starting label LEVI, seed 80, iteration 1920, time: 1058.5129289627075
Starting label LEVI, seed 80, iteration 1930, time: 1068.2159631252289
Starting label LEVI, seed 80, iteration 1940, time: 1077.8377876281738
Starting label LEVI, seed 80, iteration 1950, time: 1088.9868743419647
Starting label LEVI, seed 80, iteration 1960, time: 1099.6051614284515
Starting label LEVI, seed 80, iteration 1970, time: 1111.0395679473877
Starting label LEVI, seed 80, iteration 1980, time: 1121.5116574764252
Starting label LEVI, seed 80, iteration 1990, time: 1132.090871810913
submitit INFO (2022-10-02 02:42:29,159) - Job completed successfully
