submitit INFO (2022-10-02 13:26:52,016) - Starting with JobEnvironment(job_id=884541_0, hostname=coecis-compute-01.coecis.cornell.edu, local_rank=0(1), node=0(1), global_rank=0(1))
submitit INFO (2022-10-02 13:26:52,016) - Loading pickle: /home/gid-cakmaks/contextual_rs/experiments/wsc_experiments/logs/884541_0/884541_0_submitted.pkl
Appending iterations to existing output!Warning: If parameters other than `iterations` have been changed, this will corrupt the output!
Starting label LEVI, seed 20, iteration 550, time: 339.6177387237549
Starting label LEVI, seed 20, iteration 560, time: 348.3412435054779
Starting label LEVI, seed 20, iteration 570, time: 356.30237770080566
Starting label LEVI, seed 20, iteration 580, time: 364.3331925868988
Starting label LEVI, seed 20, iteration 590, time: 373.97263383865356
Starting label LEVI, seed 20, iteration 600, time: 383.9367380142212
Starting label LEVI, seed 20, iteration 610, time: 394.08083868026733
Starting label LEVI, seed 20, iteration 620, time: 404.7288382053375
Starting label LEVI, seed 20, iteration 630, time: 414.78776931762695
Starting label LEVI, seed 20, iteration 640, time: 428.92064237594604
Starting label LEVI, seed 20, iteration 650, time: 439.94978427886963
Starting label LEVI, seed 20, iteration 660, time: 452.1373429298401
Starting label LEVI, seed 20, iteration 670, time: 461.7910873889923
Starting label LEVI, seed 20, iteration 680, time: 470.5182800292969
Starting label LEVI, seed 20, iteration 690, time: 480.9839332103729
Starting label LEVI, seed 20, iteration 700, time: 491.1139669418335
Starting label LEVI, seed 20, iteration 710, time: 500.2729272842407
Starting label LEVI, seed 20, iteration 720, time: 510.82203221321106
Starting label LEVI, seed 20, iteration 730, time: 521.5293831825256
Starting label LEVI, seed 20, iteration 740, time: 532.627578496933
Starting label LEVI, seed 20, iteration 750, time: 543.5241062641144
Starting label LEVI, seed 20, iteration 760, time: 554.2459006309509
Starting label LEVI, seed 20, iteration 770, time: 563.7297606468201
Starting label LEVI, seed 20, iteration 780, time: 572.4432072639465
Starting label LEVI, seed 20, iteration 790, time: 581.2622864246368
Starting label LEVI, seed 20, iteration 800, time: 589.9909265041351
Starting label LEVI, seed 20, iteration 810, time: 598.9303698539734
Starting label LEVI, seed 20, iteration 820, time: 607.8389744758606
Starting label LEVI, seed 20, iteration 830, time: 616.5941870212555
Starting label LEVI, seed 20, iteration 840, time: 624.9937500953674
Starting label LEVI, seed 20, iteration 850, time: 633.4883089065552
Starting label LEVI, seed 20, iteration 860, time: 642.4354028701782
Starting label LEVI, seed 20, iteration 870, time: 652.1352961063385
Starting label LEVI, seed 20, iteration 880, time: 661.5604195594788
Starting label LEVI, seed 20, iteration 890, time: 670.3917467594147
Starting label LEVI, seed 20, iteration 900, time: 679.3907463550568
Starting label LEVI, seed 20, iteration 910, time: 688.4510118961334
Starting label LEVI, seed 20, iteration 920, time: 697.3804063796997
Starting label LEVI, seed 20, iteration 930, time: 707.2815606594086
Starting label LEVI, seed 20, iteration 940, time: 717.9555833339691
Starting label LEVI, seed 20, iteration 950, time: 729.0521419048309
Starting label LEVI, seed 20, iteration 960, time: 739.8624632358551
Starting label LEVI, seed 20, iteration 970, time: 750.8050508499146
Starting label LEVI, seed 20, iteration 980, time: 762.3045041561127
Starting label LEVI, seed 20, iteration 990, time: 772.5387485027313
Starting label LEVI, seed 20, iteration 1000, time: 781.5365059375763
Starting label LEVI, seed 20, iteration 1010, time: 791.4164431095123
Starting label LEVI, seed 20, iteration 1020, time: 800.6568489074707
Starting label LEVI, seed 20, iteration 1030, time: 810.5699174404144
Starting label LEVI, seed 20, iteration 1040, time: 820.0160701274872
Starting label LEVI, seed 20, iteration 1050, time: 829.383526802063
Starting label LEVI, seed 20, iteration 1060, time: 839.1896290779114
Starting label LEVI, seed 20, iteration 1070, time: 848.516960144043
Starting label LEVI, seed 20, iteration 1080, time: 857.9487323760986
Starting label LEVI, seed 20, iteration 1090, time: 867.5332081317902
Starting label LEVI, seed 20, iteration 1100, time: 877.0287523269653
Starting label LEVI, seed 20, iteration 1110, time: 885.9436712265015
Starting label LEVI, seed 20, iteration 1120, time: 895.3623955249786
Starting label LEVI, seed 20, iteration 1130, time: 904.3413395881653
Starting label LEVI, seed 20, iteration 1140, time: 912.9933469295502
Starting label LEVI, seed 20, iteration 1150, time: 921.6066117286682
Starting label LEVI, seed 20, iteration 1160, time: 930.5833685398102
Starting label LEVI, seed 20, iteration 1170, time: 939.7776401042938
Starting label LEVI, seed 20, iteration 1180, time: 948.8121147155762
Starting label LEVI, seed 20, iteration 1190, time: 957.9352121353149
Starting label LEVI, seed 20, iteration 1200, time: 967.2668280601501
Starting label LEVI, seed 20, iteration 1210, time: 976.7134211063385
Starting label LEVI, seed 20, iteration 1220, time: 986.4928004741669
Starting label LEVI, seed 20, iteration 1230, time: 995.8381278514862
Starting label LEVI, seed 20, iteration 1240, time: 1005.6605541706085
Starting label LEVI, seed 20, iteration 1250, time: 1015.3251218795776
Starting label LEVI, seed 20, iteration 1260, time: 1024.91019821167
Starting label LEVI, seed 20, iteration 1270, time: 1034.5232756137848
Starting label LEVI, seed 20, iteration 1280, time: 1044.3047728538513
Starting label LEVI, seed 20, iteration 1290, time: 1054.220102071762
Starting label LEVI, seed 20, iteration 1300, time: 1064.192400932312
Starting label LEVI, seed 20, iteration 1310, time: 1073.9414761066437
Starting label LEVI, seed 20, iteration 1320, time: 1083.2543411254883
Starting label LEVI, seed 20, iteration 1330, time: 1092.88685464859
Starting label LEVI, seed 20, iteration 1340, time: 1102.6420271396637
Starting label LEVI, seed 20, iteration 1350, time: 1112.059513092041
Starting label LEVI, seed 20, iteration 1360, time: 1122.0184481143951
Starting label LEVI, seed 20, iteration 1370, time: 1131.9651963710785
Starting label LEVI, seed 20, iteration 1380, time: 1142.476725578308
Starting label LEVI, seed 20, iteration 1390, time: 1153.2825381755829
Starting label LEVI, seed 20, iteration 1400, time: 1163.6959414482117
Starting label LEVI, seed 20, iteration 1410, time: 1173.4630970954895
Starting label LEVI, seed 20, iteration 1420, time: 1183.5374631881714
Starting label LEVI, seed 20, iteration 1430, time: 1194.3163385391235
Starting label LEVI, seed 20, iteration 1440, time: 1205.833125114441
Starting label LEVI, seed 20, iteration 1450, time: 1218.0755014419556
Starting label LEVI, seed 20, iteration 1460, time: 1231.0038883686066
Starting label LEVI, seed 20, iteration 1470, time: 1244.1150741577148
Starting label LEVI, seed 20, iteration 1480, time: 1256.5519757270813
Starting label LEVI, seed 20, iteration 1490, time: 1268.4043991565704
Starting label LEVI, seed 20, iteration 1500, time: 1281.3060722351074
Starting label LEVI, seed 20, iteration 1510, time: 1293.9216213226318
Starting label LEVI, seed 20, iteration 1520, time: 1306.12038064003
Starting label LEVI, seed 20, iteration 1530, time: 1318.12065243721
Starting label LEVI, seed 20, iteration 1540, time: 1330.5658738613129
Starting label LEVI, seed 20, iteration 1550, time: 1343.1431138515472
Starting label LEVI, seed 20, iteration 1560, time: 1356.305598974228
Starting label LEVI, seed 20, iteration 1570, time: 1368.9275107383728
Starting label LEVI, seed 20, iteration 1580, time: 1382.021047115326
Starting label LEVI, seed 20, iteration 1590, time: 1395.2108716964722
Starting label LEVI, seed 20, iteration 1600, time: 1408.8487787246704
Starting label LEVI, seed 20, iteration 1610, time: 1422.4768006801605
Starting label LEVI, seed 20, iteration 1620, time: 1436.041015625
Starting label LEVI, seed 20, iteration 1630, time: 1451.1484246253967
Starting label LEVI, seed 20, iteration 1640, time: 1465.3487768173218
Starting label LEVI, seed 20, iteration 1650, time: 1479.5780782699585
Starting label LEVI, seed 20, iteration 1660, time: 1492.9643881320953
Starting label LEVI, seed 20, iteration 1670, time: 1505.467452287674
Starting label LEVI, seed 20, iteration 1680, time: 1519.381439447403
Starting label LEVI, seed 20, iteration 1690, time: 1533.165905714035
Starting label LEVI, seed 20, iteration 1700, time: 1547.0506217479706
Starting label LEVI, seed 20, iteration 1710, time: 1562.1814396381378
Starting label LEVI, seed 20, iteration 1720, time: 1575.7858743667603
Starting label LEVI, seed 20, iteration 1730, time: 1590.7216799259186
Starting label LEVI, seed 20, iteration 1740, time: 1604.8035151958466
Starting label LEVI, seed 20, iteration 1750, time: 1618.758530139923
Starting label LEVI, seed 20, iteration 1760, time: 1632.5710825920105
Starting label LEVI, seed 20, iteration 1770, time: 1646.2775509357452
Starting label LEVI, seed 20, iteration 1780, time: 1660.5860342979431
Starting label LEVI, seed 20, iteration 1790, time: 1674.580152273178
Starting label LEVI, seed 20, iteration 1800, time: 1689.144365787506
Starting label LEVI, seed 20, iteration 1810, time: 1703.060459136963
Starting label LEVI, seed 20, iteration 1820, time: 1718.906925201416
Starting label LEVI, seed 20, iteration 1830, time: 1734.663384437561
Starting label LEVI, seed 20, iteration 1840, time: 1750.1381394863129
Starting label LEVI, seed 20, iteration 1850, time: 1765.2097654342651
Starting label LEVI, seed 20, iteration 1860, time: 1780.7932758331299
Starting label LEVI, seed 20, iteration 1870, time: 1796.9845280647278
Starting label LEVI, seed 20, iteration 1880, time: 1813.18803024292
Starting label LEVI, seed 20, iteration 1890, time: 1828.3669595718384
Starting label LEVI, seed 20, iteration 1900, time: 1842.7237780094147
Starting label LEVI, seed 20, iteration 1910, time: 1858.0985996723175
Starting label LEVI, seed 20, iteration 1920, time: 1874.2801942825317
Starting label LEVI, seed 20, iteration 1930, time: 1889.6312801837921
Starting label LEVI, seed 20, iteration 1940, time: 1905.932946920395
Starting label LEVI, seed 20, iteration 1950, time: 1921.5398962497711
Starting label LEVI, seed 20, iteration 1960, time: 1938.012311220169
Starting label LEVI, seed 20, iteration 1970, time: 1953.3410341739655
Starting label LEVI, seed 20, iteration 1980, time: 1969.6413555145264
Starting label LEVI, seed 20, iteration 1990, time: 1985.3728334903717
submitit INFO (2022-10-02 13:54:35,962) - Job completed successfully
