submitit INFO (2022-10-02 01:46:21,902) - Starting with JobEnvironment(job_id=883484_2, hostname=campbell-compute-01.mae.cornell.edu, local_rank=0(1), node=0(1), global_rank=0(1))
submitit INFO (2022-10-02 01:46:21,903) - Loading pickle: /home/gid-cakmaks/contextual_rs/experiments/wsc_experiments/logs/883484_2/883484_2_submitted.pkl
Starting label LEVI, seed 92, iteration 0, time: 0.0004775524139404297
Starting label LEVI, seed 92, iteration 10, time: 3.4986860752105713
Starting label LEVI, seed 92, iteration 20, time: 7.142571687698364
Starting label LEVI, seed 92, iteration 30, time: 10.667561531066895
Starting label LEVI, seed 92, iteration 40, time: 14.33717942237854
Starting label LEVI, seed 92, iteration 50, time: 18.37121820449829
Starting label LEVI, seed 92, iteration 60, time: 22.124579429626465
Starting label LEVI, seed 92, iteration 70, time: 26.223877668380737
Starting label LEVI, seed 92, iteration 80, time: 30.311979055404663
Starting label LEVI, seed 92, iteration 90, time: 34.44338512420654
Starting label LEVI, seed 92, iteration 100, time: 38.741464138031006
Starting label LEVI, seed 92, iteration 110, time: 43.10158967971802
Starting label LEVI, seed 92, iteration 120, time: 47.70734977722168
Starting label LEVI, seed 92, iteration 130, time: 52.41081523895264
Starting label LEVI, seed 92, iteration 140, time: 57.29870271682739
Starting label LEVI, seed 92, iteration 150, time: 62.47216057777405
Starting label LEVI, seed 92, iteration 160, time: 67.60549974441528
Starting label LEVI, seed 92, iteration 170, time: 72.7453670501709
Starting label LEVI, seed 92, iteration 180, time: 78.31525206565857
Starting label LEVI, seed 92, iteration 190, time: 83.6994116306305
Starting label LEVI, seed 92, iteration 200, time: 88.96144413948059
Starting label LEVI, seed 92, iteration 210, time: 94.19622659683228
Starting label LEVI, seed 92, iteration 220, time: 99.54778575897217
Starting label LEVI, seed 92, iteration 230, time: 105.2630615234375
Starting label LEVI, seed 92, iteration 240, time: 111.31618618965149
Starting label LEVI, seed 92, iteration 250, time: 117.45693969726562
Starting label LEVI, seed 92, iteration 260, time: 123.35959815979004
Starting label LEVI, seed 92, iteration 270, time: 129.48180603981018
Starting label LEVI, seed 92, iteration 280, time: 135.66756749153137
Starting label LEVI, seed 92, iteration 290, time: 141.8919198513031
Starting label LEVI, seed 92, iteration 300, time: 148.15226769447327
Starting label LEVI, seed 92, iteration 310, time: 154.0404839515686
Starting label LEVI, seed 92, iteration 320, time: 159.91257786750793
Starting label LEVI, seed 92, iteration 330, time: 165.8214132785797
Starting label LEVI, seed 92, iteration 340, time: 172.01269841194153
Starting label LEVI, seed 92, iteration 350, time: 178.29837274551392
submitit WARNING (2022-10-02 01:49:22,498) - Bypassing signal SIGCONT
submitit WARNING (2022-10-02 01:49:22,570) - Bypassing signal SIGTERM
Starting label LEVI, seed 92, iteration 360, time: 184.62700414657593
Starting label LEVI, seed 92, iteration 370, time: 190.69959783554077
Starting label LEVI, seed 92, iteration 380, time: 197.0960922241211
Starting label LEVI, seed 92, iteration 390, time: 203.39250659942627
