submitit INFO (2022-10-02 04:32:06,319) - Starting with JobEnvironment(job_id=884079_0, hostname=g2-compute-97.coecis.cornell.edu, local_rank=0(1), node=0(1), global_rank=0(1))
submitit INFO (2022-10-02 04:32:06,319) - Loading pickle: /home/gid-cakmaks/contextual_rs/experiments/wsc_experiments/logs/884079_0/884079_0_submitted.pkl
Appending iterations to existing output!Warning: If parameters other than `iterations` have been changed, this will corrupt the output!
Starting label LEVI, seed 90, iteration 390, time: 217.03039693832397
Starting label LEVI, seed 90, iteration 400, time: 222.14903020858765
Starting label LEVI, seed 90, iteration 410, time: 227.46505069732666
Starting label LEVI, seed 90, iteration 420, time: 232.62915921211243
Starting label LEVI, seed 90, iteration 430, time: 237.8514313697815
Starting label LEVI, seed 90, iteration 440, time: 243.1296787261963
Starting label LEVI, seed 90, iteration 450, time: 248.3256130218506
Starting label LEVI, seed 90, iteration 460, time: 253.61873507499695
Starting label LEVI, seed 90, iteration 470, time: 258.95975852012634
Starting label LEVI, seed 90, iteration 480, time: 264.295086145401
Starting label LEVI, seed 90, iteration 490, time: 269.76230669021606
Starting label LEVI, seed 90, iteration 500, time: 275.2234733104706
Starting label LEVI, seed 90, iteration 510, time: 280.71198439598083
Starting label LEVI, seed 90, iteration 520, time: 286.2303445339203
Starting label LEVI, seed 90, iteration 530, time: 291.67237639427185
Starting label LEVI, seed 90, iteration 540, time: 297.4142825603485
Starting label LEVI, seed 90, iteration 550, time: 302.93462562561035
Starting label LEVI, seed 90, iteration 560, time: 308.53115797042847
Starting label LEVI, seed 90, iteration 570, time: 314.48630714416504
Starting label LEVI, seed 90, iteration 580, time: 320.34750628471375
Starting label LEVI, seed 90, iteration 590, time: 326.33059191703796
Starting label LEVI, seed 90, iteration 600, time: 332.03634119033813
Starting label LEVI, seed 90, iteration 610, time: 337.6777594089508
Starting label LEVI, seed 90, iteration 620, time: 343.34067249298096
Starting label LEVI, seed 90, iteration 630, time: 348.97878313064575
Starting label LEVI, seed 90, iteration 640, time: 355.097208738327
Starting label LEVI, seed 90, iteration 650, time: 361.1186957359314
Starting label LEVI, seed 90, iteration 660, time: 367.08593130111694
Starting label LEVI, seed 90, iteration 670, time: 373.1782727241516
Starting label LEVI, seed 90, iteration 680, time: 379.05665588378906
Starting label LEVI, seed 90, iteration 690, time: 385.1079602241516
Starting label LEVI, seed 90, iteration 700, time: 391.0712616443634
Starting label LEVI, seed 90, iteration 710, time: 396.9612340927124
Starting label LEVI, seed 90, iteration 720, time: 402.699588060379
Starting label LEVI, seed 90, iteration 730, time: 408.3914396762848
Starting label LEVI, seed 90, iteration 740, time: 414.0162434577942
Starting label LEVI, seed 90, iteration 750, time: 419.8153614997864
Starting label LEVI, seed 90, iteration 760, time: 425.5678105354309
Starting label LEVI, seed 90, iteration 770, time: 431.50109934806824
Starting label LEVI, seed 90, iteration 780, time: 437.4829866886139
Starting label LEVI, seed 90, iteration 790, time: 443.1933181285858
Starting label LEVI, seed 90, iteration 800, time: 449.13905596733093
Starting label LEVI, seed 90, iteration 810, time: 455.0504298210144
Starting label LEVI, seed 90, iteration 820, time: 461.11989068984985
Starting label LEVI, seed 90, iteration 830, time: 467.0060474872589
Starting label LEVI, seed 90, iteration 840, time: 473.00811862945557
Starting label LEVI, seed 90, iteration 850, time: 478.9620146751404
Starting label LEVI, seed 90, iteration 860, time: 484.896853685379
Starting label LEVI, seed 90, iteration 870, time: 491.37516355514526
Starting label LEVI, seed 90, iteration 880, time: 497.7459976673126
Starting label LEVI, seed 90, iteration 890, time: 504.1713342666626
Starting label LEVI, seed 90, iteration 900, time: 510.617290019989
Starting label LEVI, seed 90, iteration 910, time: 516.8781471252441
Starting label LEVI, seed 90, iteration 920, time: 523.1516671180725
Starting label LEVI, seed 90, iteration 930, time: 529.523767709732
Starting label LEVI, seed 90, iteration 940, time: 535.6470985412598
Starting label LEVI, seed 90, iteration 950, time: 541.9624469280243
Starting label LEVI, seed 90, iteration 960, time: 548.3169779777527
Starting label LEVI, seed 90, iteration 970, time: 554.6324551105499
Starting label LEVI, seed 90, iteration 980, time: 561.74183177948
Starting label LEVI, seed 90, iteration 990, time: 568.070467710495
Starting label LEVI, seed 90, iteration 1000, time: 575.5662009716034
Starting label LEVI, seed 90, iteration 1010, time: 582.9361319541931
Starting label LEVI, seed 90, iteration 1020, time: 590.3127384185791
Starting label LEVI, seed 90, iteration 1030, time: 596.623420715332
Starting label LEVI, seed 90, iteration 1040, time: 602.799976348877
Starting label LEVI, seed 90, iteration 1050, time: 609.1513500213623
Starting label LEVI, seed 90, iteration 1060, time: 615.6341977119446
Starting label LEVI, seed 90, iteration 1070, time: 621.9405512809753
Starting label LEVI, seed 90, iteration 1080, time: 628.6159782409668
Starting label LEVI, seed 90, iteration 1090, time: 635.1212966442108
Starting label LEVI, seed 90, iteration 1100, time: 641.6491084098816
Starting label LEVI, seed 90, iteration 1110, time: 648.31223320961
Starting label LEVI, seed 90, iteration 1120, time: 654.8076868057251
Starting label LEVI, seed 90, iteration 1130, time: 661.7124514579773
Starting label LEVI, seed 90, iteration 1140, time: 668.2265164852142
Starting label LEVI, seed 90, iteration 1150, time: 674.9987947940826
Starting label LEVI, seed 90, iteration 1160, time: 681.7210721969604
Starting label LEVI, seed 90, iteration 1170, time: 688.3643424510956
Starting label LEVI, seed 90, iteration 1180, time: 695.308251619339
Starting label LEVI, seed 90, iteration 1190, time: 702.3167395591736
Starting label LEVI, seed 90, iteration 1200, time: 709.266978263855
Starting label LEVI, seed 90, iteration 1210, time: 716.3816511631012
Starting label LEVI, seed 90, iteration 1220, time: 723.4359438419342
Starting label LEVI, seed 90, iteration 1230, time: 730.6858580112457
Starting label LEVI, seed 90, iteration 1240, time: 737.9934735298157
Starting label LEVI, seed 90, iteration 1250, time: 745.2067441940308
Starting label LEVI, seed 90, iteration 1260, time: 752.332282781601
Starting label LEVI, seed 90, iteration 1270, time: 759.2164072990417
Starting label LEVI, seed 90, iteration 1280, time: 766.1042258739471
Starting label LEVI, seed 90, iteration 1290, time: 772.8648149967194
Starting label LEVI, seed 90, iteration 1300, time: 779.4836993217468
Starting label LEVI, seed 90, iteration 1310, time: 786.2388386726379
Starting label LEVI, seed 90, iteration 1320, time: 792.9634208679199
Starting label LEVI, seed 90, iteration 1330, time: 799.6868073940277
Starting label LEVI, seed 90, iteration 1340, time: 806.3841757774353
Starting label LEVI, seed 90, iteration 1350, time: 812.9288785457611
Starting label LEVI, seed 90, iteration 1360, time: 819.5529398918152
Starting label LEVI, seed 90, iteration 1370, time: 826.1613395214081
Starting label LEVI, seed 90, iteration 1380, time: 833.9310629367828
Starting label LEVI, seed 90, iteration 1390, time: 840.9534554481506
Starting label LEVI, seed 90, iteration 1400, time: 847.7015738487244
Starting label LEVI, seed 90, iteration 1410, time: 854.547821521759
Starting label LEVI, seed 90, iteration 1420, time: 861.3918409347534
Starting label LEVI, seed 90, iteration 1430, time: 868.3949866294861
Starting label LEVI, seed 90, iteration 1440, time: 875.390111207962
Starting label LEVI, seed 90, iteration 1450, time: 882.1706454753876
Starting label LEVI, seed 90, iteration 1460, time: 888.8400347232819
Starting label LEVI, seed 90, iteration 1470, time: 895.9829747676849
Starting label LEVI, seed 90, iteration 1480, time: 903.098659992218
Starting label LEVI, seed 90, iteration 1490, time: 910.1916255950928
Starting label LEVI, seed 90, iteration 1500, time: 917.3624515533447
Starting label LEVI, seed 90, iteration 1510, time: 924.48166680336
Starting label LEVI, seed 90, iteration 1520, time: 931.8458812236786
Starting label LEVI, seed 90, iteration 1530, time: 938.9889523983002
Starting label LEVI, seed 90, iteration 1540, time: 946.1315195560455
Starting label LEVI, seed 90, iteration 1550, time: 953.1937034130096
Starting label LEVI, seed 90, iteration 1560, time: 960.1632680892944
Starting label LEVI, seed 90, iteration 1570, time: 967.2598543167114
Starting label LEVI, seed 90, iteration 1580, time: 974.3283054828644
Starting label LEVI, seed 90, iteration 1590, time: 981.5820004940033
Starting label LEVI, seed 90, iteration 1600, time: 989.0420804023743
Starting label LEVI, seed 90, iteration 1610, time: 996.4574594497681
Starting label LEVI, seed 90, iteration 1620, time: 1003.999493598938
Starting label LEVI, seed 90, iteration 1630, time: 1011.5391592979431
Starting label LEVI, seed 90, iteration 1640, time: 1019.49951171875
Starting label LEVI, seed 90, iteration 1650, time: 1027.2475891113281
Starting label LEVI, seed 90, iteration 1660, time: 1034.9164040088654
Starting label LEVI, seed 90, iteration 1670, time: 1043.063951253891
Starting label LEVI, seed 90, iteration 1680, time: 1050.8534007072449
Starting label LEVI, seed 90, iteration 1690, time: 1058.5538811683655
Starting label LEVI, seed 90, iteration 1700, time: 1066.259873867035
Starting label LEVI, seed 90, iteration 1710, time: 1073.7180984020233
Starting label LEVI, seed 90, iteration 1720, time: 1081.4347171783447
Starting label LEVI, seed 90, iteration 1730, time: 1088.8101680278778
Starting label LEVI, seed 90, iteration 1740, time: 1096.5753545761108
Starting label LEVI, seed 90, iteration 1750, time: 1104.1193590164185
Starting label LEVI, seed 90, iteration 1760, time: 1111.7728934288025
Starting label LEVI, seed 90, iteration 1770, time: 1119.8507432937622
Starting label LEVI, seed 90, iteration 1780, time: 1127.708239555359
Starting label LEVI, seed 90, iteration 1790, time: 1135.5928483009338
Starting label LEVI, seed 90, iteration 1800, time: 1143.6663100719452
Starting label LEVI, seed 90, iteration 1810, time: 1151.4002554416656
Starting label LEVI, seed 90, iteration 1820, time: 1159.1087455749512
Starting label LEVI, seed 90, iteration 1830, time: 1167.0966212749481
Starting label LEVI, seed 90, iteration 1840, time: 1175.060537815094
Starting label LEVI, seed 90, iteration 1850, time: 1183.5525677204132
Starting label LEVI, seed 90, iteration 1860, time: 1191.620129108429
Starting label LEVI, seed 90, iteration 1870, time: 1200.1688559055328
Starting label LEVI, seed 90, iteration 1880, time: 1208.8086001873016
Starting label LEVI, seed 90, iteration 1890, time: 1216.9669811725616
Starting label LEVI, seed 90, iteration 1900, time: 1225.296344280243
Starting label LEVI, seed 90, iteration 1910, time: 1233.622864484787
Starting label LEVI, seed 90, iteration 1920, time: 1241.6700019836426
Starting label LEVI, seed 90, iteration 1930, time: 1249.982672214508
Starting label LEVI, seed 90, iteration 1940, time: 1258.086229801178
Starting label LEVI, seed 90, iteration 1950, time: 1266.0810611248016
Starting label LEVI, seed 90, iteration 1960, time: 1274.2064454555511
Starting label LEVI, seed 90, iteration 1970, time: 1282.3156707286835
Starting label LEVI, seed 90, iteration 1980, time: 1290.979864358902
Starting label LEVI, seed 90, iteration 1990, time: 1299.2793552875519
submitit INFO (2022-10-02 04:50:18,216) - Job completed successfully
