submitit INFO (2022-10-02 00:52:36,884) - Starting with JobEnvironment(job_id=883293_6, hostname=rush-compute-01.tech.cornell.edu, local_rank=0(1), node=0(1), global_rank=0(1))
submitit INFO (2022-10-02 00:52:36,885) - Loading pickle: /home/gid-cakmaks/contextual_rs/experiments/wsc_experiments/logs/883293_6/883293_6_submitted.pkl
Starting label LEVI, seed 76, iteration 0, time: 0.0005171298980712891
Starting label LEVI, seed 76, iteration 10, time: 3.0165159702301025
Starting label LEVI, seed 76, iteration 20, time: 6.1322503089904785
Starting label LEVI, seed 76, iteration 30, time: 9.240217208862305
Starting label LEVI, seed 76, iteration 40, time: 12.295341730117798
Starting label LEVI, seed 76, iteration 50, time: 15.369153022766113
Starting label LEVI, seed 76, iteration 60, time: 18.367013931274414
Starting label LEVI, seed 76, iteration 70, time: 21.512616395950317
Starting label LEVI, seed 76, iteration 80, time: 24.67063593864441
Starting label LEVI, seed 76, iteration 90, time: 27.847103357315063
Starting label LEVI, seed 76, iteration 100, time: 31.00431489944458
Starting label LEVI, seed 76, iteration 110, time: 34.17321228981018
Starting label LEVI, seed 76, iteration 120, time: 37.3345742225647
Starting label LEVI, seed 76, iteration 130, time: 40.335209369659424
Starting label LEVI, seed 76, iteration 140, time: 43.60250663757324
Starting label LEVI, seed 76, iteration 150, time: 47.11202120780945
Starting label LEVI, seed 76, iteration 160, time: 50.616565465927124
Starting label LEVI, seed 76, iteration 170, time: 54.1096465587616
Starting label LEVI, seed 76, iteration 180, time: 57.93218636512756
Starting label LEVI, seed 76, iteration 190, time: 61.331512212753296
Starting label LEVI, seed 76, iteration 200, time: 64.86386370658875
Starting label LEVI, seed 76, iteration 210, time: 68.53424072265625
Starting label LEVI, seed 76, iteration 220, time: 72.13921475410461
Starting label LEVI, seed 76, iteration 230, time: 75.6992576122284
Starting label LEVI, seed 76, iteration 240, time: 79.12510204315186
Starting label LEVI, seed 76, iteration 250, time: 82.44922256469727
Starting label LEVI, seed 76, iteration 260, time: 85.83606147766113
Starting label LEVI, seed 76, iteration 270, time: 89.31853127479553
Starting label LEVI, seed 76, iteration 280, time: 92.82391905784607
Starting label LEVI, seed 76, iteration 290, time: 96.04733562469482
Starting label LEVI, seed 76, iteration 300, time: 99.24914526939392
Starting label LEVI, seed 76, iteration 310, time: 102.65537214279175
Starting label LEVI, seed 76, iteration 320, time: 106.07629442214966
Starting label LEVI, seed 76, iteration 330, time: 109.68365502357483
Starting label LEVI, seed 76, iteration 340, time: 113.16523575782776
Starting label LEVI, seed 76, iteration 350, time: 116.63328218460083
Starting label LEVI, seed 76, iteration 360, time: 120.02441120147705
Starting label LEVI, seed 76, iteration 370, time: 123.45480632781982
Starting label LEVI, seed 76, iteration 380, time: 126.97963452339172
Starting label LEVI, seed 76, iteration 390, time: 130.76857829093933
Starting label LEVI, seed 76, iteration 400, time: 134.5564160346985
Starting label LEVI, seed 76, iteration 410, time: 138.2875702381134
Starting label LEVI, seed 76, iteration 420, time: 142.20316410064697
Starting label LEVI, seed 76, iteration 430, time: 145.97136878967285
Starting label LEVI, seed 76, iteration 440, time: 149.66186809539795
Starting label LEVI, seed 76, iteration 450, time: 153.93619084358215
Starting label LEVI, seed 76, iteration 460, time: 157.92189002037048
Starting label LEVI, seed 76, iteration 470, time: 161.94330406188965
Starting label LEVI, seed 76, iteration 480, time: 166.26582431793213
Starting label LEVI, seed 76, iteration 490, time: 170.17964458465576
Starting label LEVI, seed 76, iteration 500, time: 173.94391012191772
Starting label LEVI, seed 76, iteration 510, time: 178.03129935264587
Starting label LEVI, seed 76, iteration 520, time: 182.00356149673462
Starting label LEVI, seed 76, iteration 530, time: 186.32885479927063
Starting label LEVI, seed 76, iteration 540, time: 190.72364807128906
submitit WARNING (2022-10-02 00:55:52,049) - Bypassing signal SIGCONT
submitit WARNING (2022-10-02 00:55:52,132) - Bypassing signal SIGTERM
Starting label LEVI, seed 76, iteration 550, time: 194.7607147693634
Starting label LEVI, seed 76, iteration 560, time: 198.84739565849304
Starting label LEVI, seed 76, iteration 570, time: 203.34459519386292
Starting label LEVI, seed 76, iteration 580, time: 207.9951674938202
Starting label LEVI, seed 76, iteration 590, time: 212.7398476600647
Starting label LEVI, seed 76, iteration 600, time: 217.27506232261658
Starting label LEVI, seed 76, iteration 610, time: 221.8328287601471
