submitit INFO (2022-10-02 13:26:52,417) - Starting with JobEnvironment(job_id=884541_1, hostname=harpo.cs.cornell.edu, local_rank=0(1), node=0(1), global_rank=0(1))
submitit INFO (2022-10-02 13:26:52,418) - Loading pickle: /home/gid-cakmaks/contextual_rs/experiments/wsc_experiments/logs/884541_1/884541_1_submitted.pkl
Appending iterations to existing output!Warning: If parameters other than `iterations` have been changed, this will corrupt the output!
Starting label LEVI, seed 21, iteration 510, time: 336.04408144950867
Starting label LEVI, seed 21, iteration 520, time: 344.4628689289093
Starting label LEVI, seed 21, iteration 530, time: 352.44499468803406
Starting label LEVI, seed 21, iteration 540, time: 360.65068197250366
Starting label LEVI, seed 21, iteration 550, time: 369.09294080734253
Starting label LEVI, seed 21, iteration 560, time: 377.4506986141205
Starting label LEVI, seed 21, iteration 570, time: 385.77960228919983
Starting label LEVI, seed 21, iteration 580, time: 394.15516805648804
Starting label LEVI, seed 21, iteration 590, time: 402.8362727165222
Starting label LEVI, seed 21, iteration 600, time: 411.1645383834839
Starting label LEVI, seed 21, iteration 610, time: 419.55437779426575
Starting label LEVI, seed 21, iteration 620, time: 428.0317106246948
Starting label LEVI, seed 21, iteration 630, time: 436.29747104644775
Starting label LEVI, seed 21, iteration 640, time: 444.8368561267853
Starting label LEVI, seed 21, iteration 650, time: 453.25937056541443
Starting label LEVI, seed 21, iteration 660, time: 461.6256721019745
Starting label LEVI, seed 21, iteration 670, time: 470.0261948108673
Starting label LEVI, seed 21, iteration 680, time: 478.45908403396606
Starting label LEVI, seed 21, iteration 690, time: 487.1471481323242
Starting label LEVI, seed 21, iteration 700, time: 496.13626432418823
Starting label LEVI, seed 21, iteration 710, time: 505.1444537639618
Starting label LEVI, seed 21, iteration 720, time: 514.5618748664856
Starting label LEVI, seed 21, iteration 730, time: 523.9650769233704
Starting label LEVI, seed 21, iteration 740, time: 532.687490940094
Starting label LEVI, seed 21, iteration 750, time: 541.4982550144196
Starting label LEVI, seed 21, iteration 760, time: 550.0176346302032
Starting label LEVI, seed 21, iteration 770, time: 558.6187372207642
Starting label LEVI, seed 21, iteration 780, time: 567.0886750221252
Starting label LEVI, seed 21, iteration 790, time: 576.0962281227112
Starting label LEVI, seed 21, iteration 800, time: 584.0943441390991
Starting label LEVI, seed 21, iteration 810, time: 592.601705789566
Starting label LEVI, seed 21, iteration 820, time: 600.9948780536652
Starting label LEVI, seed 21, iteration 830, time: 609.4480633735657
Starting label LEVI, seed 21, iteration 840, time: 618.0452976226807
Starting label LEVI, seed 21, iteration 850, time: 627.151581287384
Starting label LEVI, seed 21, iteration 860, time: 636.044989824295
Starting label LEVI, seed 21, iteration 870, time: 644.769933462143
Starting label LEVI, seed 21, iteration 880, time: 653.5928447246552
Starting label LEVI, seed 21, iteration 890, time: 663.3424336910248
Starting label LEVI, seed 21, iteration 900, time: 674.2724370956421
Starting label LEVI, seed 21, iteration 910, time: 684.2002935409546
Starting label LEVI, seed 21, iteration 920, time: 694.1184775829315
Starting label LEVI, seed 21, iteration 930, time: 704.0151357650757
Starting label LEVI, seed 21, iteration 940, time: 713.3254437446594
Starting label LEVI, seed 21, iteration 950, time: 722.6304543018341
Starting label LEVI, seed 21, iteration 960, time: 731.9441711902618
Starting label LEVI, seed 21, iteration 970, time: 741.3019948005676
Starting label LEVI, seed 21, iteration 980, time: 750.481347322464
Starting label LEVI, seed 21, iteration 990, time: 759.281875371933
Starting label LEVI, seed 21, iteration 1000, time: 768.3116216659546
Starting label LEVI, seed 21, iteration 1010, time: 777.1643419265747
Starting label LEVI, seed 21, iteration 1020, time: 786.1418738365173
Starting label LEVI, seed 21, iteration 1030, time: 795.2771303653717
Starting label LEVI, seed 21, iteration 1040, time: 804.4000370502472
Starting label LEVI, seed 21, iteration 1050, time: 813.6044535636902
Starting label LEVI, seed 21, iteration 1060, time: 822.6497967243195
Starting label LEVI, seed 21, iteration 1070, time: 832.4345266819
Starting label LEVI, seed 21, iteration 1080, time: 841.2873094081879
Starting label LEVI, seed 21, iteration 1090, time: 850.2199823856354
Starting label LEVI, seed 21, iteration 1100, time: 859.0851459503174
Starting label LEVI, seed 21, iteration 1110, time: 868.070883512497
Starting label LEVI, seed 21, iteration 1120, time: 876.6132438182831
Starting label LEVI, seed 21, iteration 1130, time: 885.7325780391693
Starting label LEVI, seed 21, iteration 1140, time: 894.6415967941284
Starting label LEVI, seed 21, iteration 1150, time: 903.7570238113403
Starting label LEVI, seed 21, iteration 1160, time: 912.952978849411
Starting label LEVI, seed 21, iteration 1170, time: 922.2453691959381
Starting label LEVI, seed 21, iteration 1180, time: 931.7963078022003
Starting label LEVI, seed 21, iteration 1190, time: 941.1877453327179
Starting label LEVI, seed 21, iteration 1200, time: 950.7055854797363
Starting label LEVI, seed 21, iteration 1210, time: 960.368373632431
Starting label LEVI, seed 21, iteration 1220, time: 969.8085913658142
Starting label LEVI, seed 21, iteration 1230, time: 979.8217995166779
Starting label LEVI, seed 21, iteration 1240, time: 989.3792471885681
Starting label LEVI, seed 21, iteration 1250, time: 999.0072059631348
Starting label LEVI, seed 21, iteration 1260, time: 1008.5074374675751
Starting label LEVI, seed 21, iteration 1270, time: 1018.4698083400726
Starting label LEVI, seed 21, iteration 1280, time: 1028.5423109531403
Starting label LEVI, seed 21, iteration 1290, time: 1038.8225588798523
Starting label LEVI, seed 21, iteration 1300, time: 1048.5807566642761
Starting label LEVI, seed 21, iteration 1310, time: 1059.117583990097
Starting label LEVI, seed 21, iteration 1320, time: 1069.9730670452118
Starting label LEVI, seed 21, iteration 1330, time: 1081.1779220104218
Starting label LEVI, seed 21, iteration 1340, time: 1092.4003505706787
Starting label LEVI, seed 21, iteration 1350, time: 1104.0883529186249
Starting label LEVI, seed 21, iteration 1360, time: 1115.3291697502136
Starting label LEVI, seed 21, iteration 1370, time: 1126.4151685237885
Starting label LEVI, seed 21, iteration 1380, time: 1137.2807159423828
Starting label LEVI, seed 21, iteration 1390, time: 1148.1865129470825
Starting label LEVI, seed 21, iteration 1400, time: 1159.6028356552124
Starting label LEVI, seed 21, iteration 1410, time: 1171.3055634498596
Starting label LEVI, seed 21, iteration 1420, time: 1182.6917266845703
Starting label LEVI, seed 21, iteration 1430, time: 1194.5865552425385
Starting label LEVI, seed 21, iteration 1440, time: 1206.9789354801178
Starting label LEVI, seed 21, iteration 1450, time: 1219.3242988586426
Starting label LEVI, seed 21, iteration 1460, time: 1231.2284832000732
Starting label LEVI, seed 21, iteration 1470, time: 1243.0457391738892
Starting label LEVI, seed 21, iteration 1480, time: 1254.9114832878113
Starting label LEVI, seed 21, iteration 1490, time: 1266.7506296634674
Starting label LEVI, seed 21, iteration 1500, time: 1279.3650574684143
Starting label LEVI, seed 21, iteration 1510, time: 1291.2397117614746
Starting label LEVI, seed 21, iteration 1520, time: 1303.6676316261292
Starting label LEVI, seed 21, iteration 1530, time: 1315.797451019287
Starting label LEVI, seed 21, iteration 1540, time: 1328.1290276050568
Starting label LEVI, seed 21, iteration 1550, time: 1339.5302257537842
Starting label LEVI, seed 21, iteration 1560, time: 1351.9504806995392
Starting label LEVI, seed 21, iteration 1570, time: 1364.1742832660675
Starting label LEVI, seed 21, iteration 1580, time: 1375.7117903232574
Starting label LEVI, seed 21, iteration 1590, time: 1387.8905737400055
Starting label LEVI, seed 21, iteration 1600, time: 1400.055213689804
Starting label LEVI, seed 21, iteration 1610, time: 1412.4642295837402
Starting label LEVI, seed 21, iteration 1620, time: 1424.6787011623383
Starting label LEVI, seed 21, iteration 1630, time: 1437.3065702915192
Starting label LEVI, seed 21, iteration 1640, time: 1449.5726573467255
Starting label LEVI, seed 21, iteration 1650, time: 1461.9877061843872
Starting label LEVI, seed 21, iteration 1660, time: 1474.8552956581116
Starting label LEVI, seed 21, iteration 1670, time: 1488.4100799560547
Starting label LEVI, seed 21, iteration 1680, time: 1501.4461946487427
Starting label LEVI, seed 21, iteration 1690, time: 1514.9775297641754
Starting label LEVI, seed 21, iteration 1700, time: 1526.8022906780243
Starting label LEVI, seed 21, iteration 1710, time: 1539.2095220088959
Starting label LEVI, seed 21, iteration 1720, time: 1551.5016460418701
Starting label LEVI, seed 21, iteration 1730, time: 1563.8837337493896
Starting label LEVI, seed 21, iteration 1740, time: 1577.003122329712
Starting label LEVI, seed 21, iteration 1750, time: 1590.1114301681519
Starting label LEVI, seed 21, iteration 1760, time: 1603.155552148819
Starting label LEVI, seed 21, iteration 1770, time: 1616.6037273406982
Starting label LEVI, seed 21, iteration 1780, time: 1630.092752456665
Starting label LEVI, seed 21, iteration 1790, time: 1644.7611510753632
Starting label LEVI, seed 21, iteration 1800, time: 1658.1691229343414
Starting label LEVI, seed 21, iteration 1810, time: 1672.1465923786163
Starting label LEVI, seed 21, iteration 1820, time: 1687.0226686000824
Starting label LEVI, seed 21, iteration 1830, time: 1701.0491120815277
Starting label LEVI, seed 21, iteration 1840, time: 1717.0929758548737
Starting label LEVI, seed 21, iteration 1850, time: 1731.13308095932
Starting label LEVI, seed 21, iteration 1860, time: 1745.0469126701355
Starting label LEVI, seed 21, iteration 1870, time: 1758.3666534423828
Starting label LEVI, seed 21, iteration 1880, time: 1773.5753560066223
Starting label LEVI, seed 21, iteration 1890, time: 1788.0622444152832
Starting label LEVI, seed 21, iteration 1900, time: 1802.5653381347656
Starting label LEVI, seed 21, iteration 1910, time: 1817.9288647174835
Starting label LEVI, seed 21, iteration 1920, time: 1832.054973602295
Starting label LEVI, seed 21, iteration 1930, time: 1847.9848098754883
Starting label LEVI, seed 21, iteration 1940, time: 1863.742939710617
Starting label LEVI, seed 21, iteration 1950, time: 1879.6901931762695
Starting label LEVI, seed 21, iteration 1960, time: 1895.8344728946686
Starting label LEVI, seed 21, iteration 1970, time: 1911.7480461597443
Starting label LEVI, seed 21, iteration 1980, time: 1926.7858641147614
Starting label LEVI, seed 21, iteration 1990, time: 1942.665638923645
submitit INFO (2022-10-02 13:53:57,779) - Job completed successfully
