submitit INFO (2022-10-02 01:49:59,537) - Starting with JobEnvironment(job_id=883540_4, hostname=joachims-compute-02.cs.cornell.edu, local_rank=0(1), node=0(1), global_rank=0(1))
submitit INFO (2022-10-02 01:49:59,537) - Loading pickle: /home/gid-cakmaks/contextual_rs/experiments/wsc_experiments/logs/883540_4/883540_4_submitted.pkl
Starting label LEVI, seed 24, iteration 0, time: 0.0003483295440673828
Starting label LEVI, seed 24, iteration 10, time: 4.767401218414307
Starting label LEVI, seed 24, iteration 20, time: 9.505921125411987
Starting label LEVI, seed 24, iteration 30, time: 14.329718589782715
Starting label LEVI, seed 24, iteration 40, time: 19.058298110961914
Starting label LEVI, seed 24, iteration 50, time: 23.96548366546631
Starting label LEVI, seed 24, iteration 60, time: 28.925811767578125
Starting label LEVI, seed 24, iteration 70, time: 33.95409607887268
Starting label LEVI, seed 24, iteration 80, time: 38.69473910331726
Starting label LEVI, seed 24, iteration 90, time: 43.434826135635376
Starting label LEVI, seed 24, iteration 100, time: 48.44759941101074
Starting label LEVI, seed 24, iteration 110, time: 53.365962743759155
Starting label LEVI, seed 24, iteration 120, time: 58.40677213668823
Starting label LEVI, seed 24, iteration 130, time: 63.36213731765747
Starting label LEVI, seed 24, iteration 140, time: 68.31524801254272
Starting label LEVI, seed 24, iteration 150, time: 73.34322762489319
Starting label LEVI, seed 24, iteration 160, time: 78.43970370292664
Starting label LEVI, seed 24, iteration 170, time: 83.63102126121521
Starting label LEVI, seed 24, iteration 180, time: 88.96059250831604
Starting label LEVI, seed 24, iteration 190, time: 94.10218214988708
Starting label LEVI, seed 24, iteration 200, time: 99.41756105422974
Starting label LEVI, seed 24, iteration 210, time: 104.56713366508484
Starting label LEVI, seed 24, iteration 220, time: 109.67665934562683
Starting label LEVI, seed 24, iteration 230, time: 115.01178479194641
Starting label LEVI, seed 24, iteration 240, time: 120.27065849304199
Starting label LEVI, seed 24, iteration 250, time: 125.61551594734192
Starting label LEVI, seed 24, iteration 260, time: 130.86916279792786
Starting label LEVI, seed 24, iteration 270, time: 136.0299470424652
Starting label LEVI, seed 24, iteration 280, time: 141.20209884643555
Starting label LEVI, seed 24, iteration 290, time: 146.40646624565125
Starting label LEVI, seed 24, iteration 300, time: 151.89437317848206
Starting label LEVI, seed 24, iteration 310, time: 157.5733208656311
Starting label LEVI, seed 24, iteration 320, time: 163.20478582382202
Starting label LEVI, seed 24, iteration 330, time: 169.02485918998718
Starting label LEVI, seed 24, iteration 340, time: 174.63815832138062
Starting label LEVI, seed 24, iteration 350, time: 180.12477827072144
Starting label LEVI, seed 24, iteration 360, time: 185.57701683044434
Starting label LEVI, seed 24, iteration 370, time: 190.92640709877014
Starting label LEVI, seed 24, iteration 380, time: 196.5377824306488
Starting label LEVI, seed 24, iteration 390, time: 202.28255319595337
Starting label LEVI, seed 24, iteration 400, time: 207.9178705215454
Starting label LEVI, seed 24, iteration 410, time: 213.77281022071838
Starting label LEVI, seed 24, iteration 420, time: 219.5731749534607
Starting label LEVI, seed 24, iteration 430, time: 225.35349917411804
Starting label LEVI, seed 24, iteration 440, time: 231.09871125221252
Starting label LEVI, seed 24, iteration 450, time: 236.67924165725708
Starting label LEVI, seed 24, iteration 460, time: 242.5479485988617
Starting label LEVI, seed 24, iteration 470, time: 248.4307463169098
Starting label LEVI, seed 24, iteration 480, time: 254.35852479934692
Starting label LEVI, seed 24, iteration 490, time: 260.4077739715576
Starting label LEVI, seed 24, iteration 500, time: 266.25224804878235
Starting label LEVI, seed 24, iteration 510, time: 272.1032271385193
Starting label LEVI, seed 24, iteration 520, time: 278.4841411113739
Starting label LEVI, seed 24, iteration 530, time: 285.0108816623688
Starting label LEVI, seed 24, iteration 540, time: 291.1894507408142
Starting label LEVI, seed 24, iteration 550, time: 297.41436767578125
Starting label LEVI, seed 24, iteration 560, time: 303.90856432914734
Starting label LEVI, seed 24, iteration 570, time: 310.41428112983704
submitit WARNING (2022-10-02 01:55:12,457) - Bypassing signal SIGCONT
submitit WARNING (2022-10-02 01:55:12,476) - Bypassing signal SIGTERM
Starting label LEVI, seed 24, iteration 580, time: 316.93922996520996
Starting label LEVI, seed 24, iteration 590, time: 323.3869094848633
Starting label LEVI, seed 24, iteration 600, time: 329.84796047210693
Starting label LEVI, seed 24, iteration 610, time: 336.1166458129883
