submitit INFO (2022-10-02 01:50:19,518) - Starting with JobEnvironment(job_id=883560_6, hostname=lecun.cs.cornell.edu, local_rank=0(1), node=0(1), global_rank=0(1))
submitit INFO (2022-10-02 01:50:19,519) - Loading pickle: /home/gid-cakmaks/contextual_rs/experiments/wsc_experiments/logs/883560_6/883560_6_submitted.pkl
Starting label LEVI, seed 46, iteration 0, time: 0.007503032684326172
Starting label LEVI, seed 46, iteration 10, time: 4.942321300506592
Starting label LEVI, seed 46, iteration 20, time: 9.861118078231812
Starting label LEVI, seed 46, iteration 30, time: 14.648451328277588
Starting label LEVI, seed 46, iteration 40, time: 19.593398809432983
Starting label LEVI, seed 46, iteration 50, time: 24.419265747070312
Starting label LEVI, seed 46, iteration 60, time: 30.695528745651245
Starting label LEVI, seed 46, iteration 70, time: 36.72743058204651
Starting label LEVI, seed 46, iteration 80, time: 43.58428359031677
Starting label LEVI, seed 46, iteration 90, time: 48.537022829055786
Starting label LEVI, seed 46, iteration 100, time: 53.2339551448822
Starting label LEVI, seed 46, iteration 110, time: 57.96549606323242
Starting label LEVI, seed 46, iteration 120, time: 64.0698094367981
Starting label LEVI, seed 46, iteration 130, time: 69.13333439826965
Starting label LEVI, seed 46, iteration 140, time: 74.45613074302673
Starting label LEVI, seed 46, iteration 150, time: 79.90245461463928
Starting label LEVI, seed 46, iteration 160, time: 86.52789115905762
Starting label LEVI, seed 46, iteration 170, time: 91.90408539772034
Starting label LEVI, seed 46, iteration 180, time: 97.60540270805359
Starting label LEVI, seed 46, iteration 190, time: 103.06178212165833
Starting label LEVI, seed 46, iteration 200, time: 108.77857041358948
Starting label LEVI, seed 46, iteration 210, time: 114.31361722946167
Starting label LEVI, seed 46, iteration 220, time: 120.00228071212769
Starting label LEVI, seed 46, iteration 230, time: 125.58956503868103
Starting label LEVI, seed 46, iteration 240, time: 130.9022183418274
Starting label LEVI, seed 46, iteration 250, time: 136.5236074924469
Starting label LEVI, seed 46, iteration 260, time: 142.06230473518372
Starting label LEVI, seed 46, iteration 270, time: 147.74370169639587
Starting label LEVI, seed 46, iteration 280, time: 153.69117975234985
Starting label LEVI, seed 46, iteration 290, time: 159.69449830055237
Starting label LEVI, seed 46, iteration 300, time: 165.48732256889343
Starting label LEVI, seed 46, iteration 310, time: 171.49539732933044
Starting label LEVI, seed 46, iteration 320, time: 177.0319848060608
Starting label LEVI, seed 46, iteration 330, time: 182.69539546966553
Starting label LEVI, seed 46, iteration 340, time: 188.2271761894226
Starting label LEVI, seed 46, iteration 350, time: 193.77349972724915
Starting label LEVI, seed 46, iteration 360, time: 199.22422695159912
Starting label LEVI, seed 46, iteration 370, time: 204.67350816726685
Starting label LEVI, seed 46, iteration 380, time: 210.12101006507874
Starting label LEVI, seed 46, iteration 390, time: 215.6814088821411
Starting label LEVI, seed 46, iteration 400, time: 221.4013888835907
Starting label LEVI, seed 46, iteration 410, time: 227.38517928123474
Starting label LEVI, seed 46, iteration 420, time: 232.926855802536
Starting label LEVI, seed 46, iteration 430, time: 238.582590341568
Starting label LEVI, seed 46, iteration 440, time: 244.08884286880493
Starting label LEVI, seed 46, iteration 450, time: 249.67010378837585
Starting label LEVI, seed 46, iteration 460, time: 255.556236743927
Starting label LEVI, seed 46, iteration 470, time: 261.44840955734253
Starting label LEVI, seed 46, iteration 480, time: 267.4242091178894
Starting label LEVI, seed 46, iteration 490, time: 273.4236104488373
Starting label LEVI, seed 46, iteration 500, time: 279.30834341049194
Starting label LEVI, seed 46, iteration 510, time: 285.2017152309418
Starting label LEVI, seed 46, iteration 520, time: 291.0921516418457
submitit WARNING (2022-10-02 01:55:12,486) - Bypassing signal SIGCONT
submitit WARNING (2022-10-02 01:55:12,594) - Bypassing signal SIGTERM
Starting label LEVI, seed 46, iteration 530, time: 297.07765221595764
Starting label LEVI, seed 46, iteration 540, time: 302.98027539253235
Starting label LEVI, seed 46, iteration 550, time: 309.59409523010254
Starting label LEVI, seed 46, iteration 560, time: 315.4915473461151
Starting label LEVI, seed 46, iteration 570, time: 321.16007924079895
