submitit INFO (2022-10-02 01:15:10,812) - Starting with JobEnvironment(job_id=883387_7, hostname=desa-compute-01.cs.cornell.edu, local_rank=0(1), node=0(1), global_rank=0(1))
submitit INFO (2022-10-02 01:15:10,812) - Loading pickle: /home/gid-cakmaks/contextual_rs/experiments/wsc_experiments/logs/883387_7/883387_7_submitted.pkl
Starting label LEVI, seed 67, iteration 0, time: 0.0006272792816162109
Starting label LEVI, seed 67, iteration 10, time: 1.7442984580993652
Starting label LEVI, seed 67, iteration 20, time: 3.490896224975586
Starting label LEVI, seed 67, iteration 30, time: 5.196709156036377
Starting label LEVI, seed 67, iteration 40, time: 6.928389310836792
Starting label LEVI, seed 67, iteration 50, time: 8.613586902618408
Starting label LEVI, seed 67, iteration 60, time: 10.402600049972534
Starting label LEVI, seed 67, iteration 70, time: 12.138440608978271
Starting label LEVI, seed 67, iteration 80, time: 13.918413162231445
Starting label LEVI, seed 67, iteration 90, time: 15.668627262115479
Starting label LEVI, seed 67, iteration 100, time: 17.44585108757019
Starting label LEVI, seed 67, iteration 110, time: 19.23008441925049
Starting label LEVI, seed 67, iteration 120, time: 21.01386070251465
Starting label LEVI, seed 67, iteration 130, time: 22.808998584747314
Starting label LEVI, seed 67, iteration 140, time: 24.651469945907593
Starting label LEVI, seed 67, iteration 150, time: 26.44071888923645
Starting label LEVI, seed 67, iteration 160, time: 28.223163604736328
Starting label LEVI, seed 67, iteration 170, time: 30.009803533554077
Starting label LEVI, seed 67, iteration 180, time: 31.954736948013306
Starting label LEVI, seed 67, iteration 190, time: 33.83020734786987
Starting label LEVI, seed 67, iteration 200, time: 35.80408239364624
Starting label LEVI, seed 67, iteration 210, time: 37.77157378196716
Starting label LEVI, seed 67, iteration 220, time: 39.81740593910217
Starting label LEVI, seed 67, iteration 230, time: 41.7750289440155
Starting label LEVI, seed 67, iteration 240, time: 43.78078889846802
Starting label LEVI, seed 67, iteration 250, time: 45.75761079788208
Starting label LEVI, seed 67, iteration 260, time: 47.7066433429718
Starting label LEVI, seed 67, iteration 270, time: 49.63846302032471
Starting label LEVI, seed 67, iteration 280, time: 51.661154985427856
Starting label LEVI, seed 67, iteration 290, time: 53.57513117790222
Starting label LEVI, seed 67, iteration 300, time: 55.422513008117676
Starting label LEVI, seed 67, iteration 310, time: 57.384358644485474
Starting label LEVI, seed 67, iteration 320, time: 59.310736656188965
Starting label LEVI, seed 67, iteration 330, time: 61.22884821891785
Starting label LEVI, seed 67, iteration 340, time: 63.14138197898865
Starting label LEVI, seed 67, iteration 350, time: 65.05845975875854
Starting label LEVI, seed 67, iteration 360, time: 66.96870565414429
Starting label LEVI, seed 67, iteration 370, time: 68.94097375869751
Starting label LEVI, seed 67, iteration 380, time: 70.87971019744873
Starting label LEVI, seed 67, iteration 390, time: 72.9453706741333
Starting label LEVI, seed 67, iteration 400, time: 74.98547172546387
Starting label LEVI, seed 67, iteration 410, time: 76.88269853591919
Starting label LEVI, seed 67, iteration 420, time: 78.90491509437561
Starting label LEVI, seed 67, iteration 430, time: 80.95927214622498
Starting label LEVI, seed 67, iteration 440, time: 82.99284100532532
Starting label LEVI, seed 67, iteration 450, time: 85.03221249580383
Starting label LEVI, seed 67, iteration 460, time: 87.12469172477722
Starting label LEVI, seed 67, iteration 470, time: 89.26808452606201
Starting label LEVI, seed 67, iteration 480, time: 91.37007403373718
Starting label LEVI, seed 67, iteration 490, time: 93.51707863807678
Starting label LEVI, seed 67, iteration 500, time: 95.63766479492188
Starting label LEVI, seed 67, iteration 510, time: 97.72825956344604
Starting label LEVI, seed 67, iteration 520, time: 99.83239197731018
Starting label LEVI, seed 67, iteration 530, time: 101.99795937538147
Starting label LEVI, seed 67, iteration 540, time: 104.24378275871277
Starting label LEVI, seed 67, iteration 550, time: 106.49208474159241
Starting label LEVI, seed 67, iteration 560, time: 108.85771369934082
Starting label LEVI, seed 67, iteration 570, time: 111.06018662452698
Starting label LEVI, seed 67, iteration 580, time: 113.31409478187561
Starting label LEVI, seed 67, iteration 590, time: 115.5901997089386
Starting label LEVI, seed 67, iteration 600, time: 117.9747724533081
Starting label LEVI, seed 67, iteration 610, time: 120.31291913986206
Starting label LEVI, seed 67, iteration 620, time: 122.44914078712463
Starting label LEVI, seed 67, iteration 630, time: 124.87484359741211
Starting label LEVI, seed 67, iteration 640, time: 127.25227117538452
Starting label LEVI, seed 67, iteration 650, time: 129.3411726951599
Starting label LEVI, seed 67, iteration 660, time: 131.60635781288147
Starting label LEVI, seed 67, iteration 670, time: 133.84520363807678
Starting label LEVI, seed 67, iteration 680, time: 136.31608057022095
Starting label LEVI, seed 67, iteration 690, time: 138.7864122390747
Starting label LEVI, seed 67, iteration 700, time: 141.4070065021515
Starting label LEVI, seed 67, iteration 710, time: 143.7722291946411
Starting label LEVI, seed 67, iteration 720, time: 146.3254108428955
Starting label LEVI, seed 67, iteration 730, time: 149.0601680278778
Starting label LEVI, seed 67, iteration 740, time: 151.57098579406738
Starting label LEVI, seed 67, iteration 750, time: 154.25463199615479
Starting label LEVI, seed 67, iteration 760, time: 156.79792642593384
Starting label LEVI, seed 67, iteration 770, time: 159.3844256401062
Starting label LEVI, seed 67, iteration 780, time: 161.95159721374512
Starting label LEVI, seed 67, iteration 790, time: 164.64509057998657
Starting label LEVI, seed 67, iteration 800, time: 167.27815556526184
Starting label LEVI, seed 67, iteration 810, time: 169.98101997375488
Starting label LEVI, seed 67, iteration 820, time: 172.6762022972107
Starting label LEVI, seed 67, iteration 830, time: 175.25979924201965
Starting label LEVI, seed 67, iteration 840, time: 177.76507019996643
Starting label LEVI, seed 67, iteration 850, time: 180.2687065601349
Starting label LEVI, seed 67, iteration 860, time: 183.03205847740173
Starting label LEVI, seed 67, iteration 870, time: 185.83695220947266
Starting label LEVI, seed 67, iteration 880, time: 188.79013419151306
Starting label LEVI, seed 67, iteration 890, time: 191.72262501716614
Starting label LEVI, seed 67, iteration 900, time: 194.72183966636658
Starting label LEVI, seed 67, iteration 910, time: 197.51225090026855
Starting label LEVI, seed 67, iteration 920, time: 200.17366123199463
Starting label LEVI, seed 67, iteration 930, time: 203.0153570175171
Starting label LEVI, seed 67, iteration 940, time: 206.1244854927063
Starting label LEVI, seed 67, iteration 950, time: 209.34449815750122
Starting label LEVI, seed 67, iteration 960, time: 212.4321792125702
Starting label LEVI, seed 67, iteration 970, time: 215.35236525535583
Starting label LEVI, seed 67, iteration 980, time: 218.54562258720398
Starting label LEVI, seed 67, iteration 990, time: 221.4348292350769
Starting label LEVI, seed 67, iteration 1000, time: 224.59534645080566
Starting label LEVI, seed 67, iteration 1010, time: 227.72575759887695
Starting label LEVI, seed 67, iteration 1020, time: 230.7777180671692
Starting label LEVI, seed 67, iteration 1030, time: 234.23672795295715
Starting label LEVI, seed 67, iteration 1040, time: 237.7357680797577
Starting label LEVI, seed 67, iteration 1050, time: 241.0583884716034
Starting label LEVI, seed 67, iteration 1060, time: 244.53368067741394
Starting label LEVI, seed 67, iteration 1070, time: 247.97745490074158
Starting label LEVI, seed 67, iteration 1080, time: 251.29555535316467
Starting label LEVI, seed 67, iteration 1090, time: 254.80393266677856
Starting label LEVI, seed 67, iteration 1100, time: 258.29040932655334
Starting label LEVI, seed 67, iteration 1110, time: 261.7397985458374
Starting label LEVI, seed 67, iteration 1120, time: 265.3800506591797
Starting label LEVI, seed 67, iteration 1130, time: 268.95257806777954
Starting label LEVI, seed 67, iteration 1140, time: 272.5566191673279
Starting label LEVI, seed 67, iteration 1150, time: 276.2871973514557
Starting label LEVI, seed 67, iteration 1160, time: 279.8770022392273
Starting label LEVI, seed 67, iteration 1170, time: 283.59394454956055
Starting label LEVI, seed 67, iteration 1180, time: 286.9901490211487
Starting label LEVI, seed 67, iteration 1190, time: 290.692626953125
Starting label LEVI, seed 67, iteration 1200, time: 294.1857752799988
Starting label LEVI, seed 67, iteration 1210, time: 297.3413224220276
Starting label LEVI, seed 67, iteration 1220, time: 300.94345784187317
Starting label LEVI, seed 67, iteration 1230, time: 304.7085163593292
Starting label LEVI, seed 67, iteration 1240, time: 308.63865208625793
Starting label LEVI, seed 67, iteration 1250, time: 311.8760721683502
Starting label LEVI, seed 67, iteration 1260, time: 315.2434642314911
Starting label LEVI, seed 67, iteration 1270, time: 318.97741866111755
Starting label LEVI, seed 67, iteration 1280, time: 322.3603537082672
Starting label LEVI, seed 67, iteration 1290, time: 325.86121439933777
Starting label LEVI, seed 67, iteration 1300, time: 329.8566384315491
Starting label LEVI, seed 67, iteration 1310, time: 333.97357869148254
Starting label LEVI, seed 67, iteration 1320, time: 338.42806220054626
Starting label LEVI, seed 67, iteration 1330, time: 342.6921968460083
Starting label LEVI, seed 67, iteration 1340, time: 347.0957193374634
Starting label LEVI, seed 67, iteration 1350, time: 351.11853551864624
Starting label LEVI, seed 67, iteration 1360, time: 355.00911951065063
Starting label LEVI, seed 67, iteration 1370, time: 358.69969153404236
Starting label LEVI, seed 67, iteration 1380, time: 363.26331782341003
Starting label LEVI, seed 67, iteration 1390, time: 367.36826729774475
Starting label LEVI, seed 67, iteration 1400, time: 371.29631447792053
Starting label LEVI, seed 67, iteration 1410, time: 376.0249574184418
Starting label LEVI, seed 67, iteration 1420, time: 380.19571924209595
Starting label LEVI, seed 67, iteration 1430, time: 385.17837619781494
Starting label LEVI, seed 67, iteration 1440, time: 390.29813718795776
Starting label LEVI, seed 67, iteration 1450, time: 395.18504571914673
Starting label LEVI, seed 67, iteration 1460, time: 400.45500206947327
Starting label LEVI, seed 67, iteration 1470, time: 405.7858567237854
Starting label LEVI, seed 67, iteration 1480, time: 410.68610286712646
Starting label LEVI, seed 67, iteration 1490, time: 415.4107027053833
Starting label LEVI, seed 67, iteration 1500, time: 419.86042070388794
Starting label LEVI, seed 67, iteration 1510, time: 425.38684821128845
Starting label LEVI, seed 67, iteration 1520, time: 430.5847249031067
Starting label LEVI, seed 67, iteration 1530, time: 435.1807689666748
Starting label LEVI, seed 67, iteration 1540, time: 440.8256404399872
submitit WARNING (2022-10-02 01:22:36,003) - Bypassing signal SIGCONT
submitit WARNING (2022-10-02 01:22:36,041) - Bypassing signal SIGTERM
Starting label LEVI, seed 67, iteration 1550, time: 446.5332748889923
Starting label LEVI, seed 67, iteration 1560, time: 451.49014139175415
Starting label LEVI, seed 67, iteration 1570, time: 457.4401922225952
Starting label LEVI, seed 67, iteration 1580, time: 463.6127128601074
Starting label LEVI, seed 67, iteration 1590, time: 469.79359769821167
