submitit INFO (2022-10-02 01:56:32,619) - Starting with JobEnvironment(job_id=883587_0, hostname=nikola-compute-03.cs.cornell.edu, local_rank=0(1), node=0(1), global_rank=0(1))
submitit INFO (2022-10-02 01:56:32,619) - Loading pickle: /home/gid-cakmaks/contextual_rs/experiments/wsc_experiments/logs/883587_0/883587_0_submitted.pkl
Appending iterations to existing output!Warning: If parameters other than `iterations` have been changed, this will corrupt the output!
Starting label LEVI, seed 26, iteration 390, time: 1574.3034553527832
Starting label LEVI, seed 26, iteration 400, time: 1577.2359020709991
Starting label LEVI, seed 26, iteration 410, time: 1580.0680840015411
Starting label LEVI, seed 26, iteration 420, time: 1582.8847675323486
Starting label LEVI, seed 26, iteration 430, time: 1585.6932702064514
Starting label LEVI, seed 26, iteration 440, time: 1588.4609169960022
Starting label LEVI, seed 26, iteration 450, time: 1591.296005487442
Starting label LEVI, seed 26, iteration 460, time: 1594.0597858428955
Starting label LEVI, seed 26, iteration 470, time: 1596.8237838745117
Starting label LEVI, seed 26, iteration 480, time: 1599.6170365810394
Starting label LEVI, seed 26, iteration 490, time: 1602.4465820789337
Starting label LEVI, seed 26, iteration 500, time: 1605.1727418899536
Starting label LEVI, seed 26, iteration 510, time: 1607.9348466396332
Starting label LEVI, seed 26, iteration 520, time: 1610.6962206363678
Starting label LEVI, seed 26, iteration 530, time: 1613.453490972519
Starting label LEVI, seed 26, iteration 540, time: 1616.157170534134
Starting label LEVI, seed 26, iteration 550, time: 1618.9452867507935
Starting label LEVI, seed 26, iteration 560, time: 1621.6510207653046
Starting label LEVI, seed 26, iteration 570, time: 1624.3919003009796
Starting label LEVI, seed 26, iteration 580, time: 1627.133537054062
Starting label LEVI, seed 26, iteration 590, time: 1629.8506333827972
Starting label LEVI, seed 26, iteration 600, time: 1632.5351269245148
Starting label LEVI, seed 26, iteration 610, time: 1635.2388083934784
Starting label LEVI, seed 26, iteration 620, time: 1638.0663883686066
Starting label LEVI, seed 26, iteration 630, time: 1640.7938928604126
Starting label LEVI, seed 26, iteration 640, time: 1643.6159284114838
Starting label LEVI, seed 26, iteration 650, time: 1646.4390380382538
Starting label LEVI, seed 26, iteration 660, time: 1649.2713112831116
Starting label LEVI, seed 26, iteration 670, time: 1652.1838936805725
Starting label LEVI, seed 26, iteration 680, time: 1655.1434330940247
Starting label LEVI, seed 26, iteration 690, time: 1658.0265276432037
Starting label LEVI, seed 26, iteration 700, time: 1661.0101282596588
Starting label LEVI, seed 26, iteration 710, time: 1663.9162430763245
Starting label LEVI, seed 26, iteration 720, time: 1666.8178036212921
Starting label LEVI, seed 26, iteration 730, time: 1669.7429547309875
Starting label LEVI, seed 26, iteration 740, time: 1672.6526703834534
Starting label LEVI, seed 26, iteration 750, time: 1675.6143450737
Starting label LEVI, seed 26, iteration 760, time: 1678.5263204574585
Starting label LEVI, seed 26, iteration 770, time: 1681.510172843933
Starting label LEVI, seed 26, iteration 780, time: 1684.4431402683258
Starting label LEVI, seed 26, iteration 790, time: 1687.3477189540863
Starting label LEVI, seed 26, iteration 800, time: 1690.2793254852295
Starting label LEVI, seed 26, iteration 810, time: 1693.2580511569977
Starting label LEVI, seed 26, iteration 820, time: 1696.1394500732422
Starting label LEVI, seed 26, iteration 830, time: 1699.059154510498
Starting label LEVI, seed 26, iteration 840, time: 1701.9579963684082
Starting label LEVI, seed 26, iteration 850, time: 1704.9286966323853
Starting label LEVI, seed 26, iteration 860, time: 1707.863130569458
Starting label LEVI, seed 26, iteration 870, time: 1710.9277565479279
Starting label LEVI, seed 26, iteration 880, time: 1713.8988468647003
Starting label LEVI, seed 26, iteration 890, time: 1716.9019639492035
Starting label LEVI, seed 26, iteration 900, time: 1719.894611120224
Starting label LEVI, seed 26, iteration 910, time: 1722.8215460777283
Starting label LEVI, seed 26, iteration 920, time: 1725.87056016922
Starting label LEVI, seed 26, iteration 930, time: 1728.8344013690948
Starting label LEVI, seed 26, iteration 940, time: 1731.7253024578094
Starting label LEVI, seed 26, iteration 950, time: 1734.8197174072266
Starting label LEVI, seed 26, iteration 960, time: 1737.8879661560059
Starting label LEVI, seed 26, iteration 970, time: 1740.9385402202606
Starting label LEVI, seed 26, iteration 980, time: 1744.0316455364227
submitit WARNING (2022-10-02 01:59:26,639) - Bypassing signal SIGCONT
submitit WARNING (2022-10-02 01:59:26,644) - Bypassing signal SIGTERM
Starting label LEVI, seed 26, iteration 990, time: 1747.089833021164
Starting label LEVI, seed 26, iteration 1000, time: 1750.170284986496
Starting label LEVI, seed 26, iteration 1010, time: 1753.3251447677612
Starting label LEVI, seed 26, iteration 1020, time: 1756.5164823532104
Starting label LEVI, seed 26, iteration 1030, time: 1759.7652349472046
Starting label LEVI, seed 26, iteration 1040, time: 1762.8691775798798
Starting label LEVI, seed 26, iteration 1050, time: 1765.9408638477325
Starting label LEVI, seed 26, iteration 1060, time: 1769.0689489841461
Starting label LEVI, seed 26, iteration 1070, time: 1772.2211365699768
Starting label LEVI, seed 26, iteration 1080, time: 1775.2848579883575
