submitit INFO (2022-10-01 23:47:12,804) - Starting with JobEnvironment(job_id=883082_8, hostname=lecun.cs.cornell.edu, local_rank=0(1), node=0(1), global_rank=0(1))
submitit INFO (2022-10-01 23:47:12,805) - Loading pickle: /home/gid-cakmaks/contextual_rs/experiments/wsc_experiments/logs/883082_8/883082_8_submitted.pkl
Starting label LEVI, seed 68, iteration 0, time: 9.799003601074219e-05
Starting label LEVI, seed 68, iteration 10, time: 2.283318519592285
Starting label LEVI, seed 68, iteration 20, time: 4.457521200180054
Starting label LEVI, seed 68, iteration 30, time: 6.693626642227173
Starting label LEVI, seed 68, iteration 40, time: 9.008467435836792
Starting label LEVI, seed 68, iteration 50, time: 11.35710883140564
Starting label LEVI, seed 68, iteration 60, time: 13.708278179168701
Starting label LEVI, seed 68, iteration 70, time: 16.032033920288086
Starting label LEVI, seed 68, iteration 80, time: 18.34177541732788
Starting label LEVI, seed 68, iteration 90, time: 20.68900418281555
Starting label LEVI, seed 68, iteration 100, time: 23.026795387268066
Starting label LEVI, seed 68, iteration 110, time: 25.362622022628784
Starting label LEVI, seed 68, iteration 120, time: 27.599419116973877
Starting label LEVI, seed 68, iteration 130, time: 29.809670209884644
Starting label LEVI, seed 68, iteration 140, time: 32.1707546710968
Starting label LEVI, seed 68, iteration 150, time: 34.4034743309021
Starting label LEVI, seed 68, iteration 160, time: 36.707719564437866
Starting label LEVI, seed 68, iteration 170, time: 39.028634548187256
Starting label LEVI, seed 68, iteration 180, time: 41.285484790802
Starting label LEVI, seed 68, iteration 190, time: 43.599780321121216
Starting label LEVI, seed 68, iteration 200, time: 45.96830487251282
Starting label LEVI, seed 68, iteration 210, time: 48.334057331085205
Starting label LEVI, seed 68, iteration 220, time: 50.80144476890564
Starting label LEVI, seed 68, iteration 230, time: 53.13187789916992
Starting label LEVI, seed 68, iteration 240, time: 55.434913873672485
Starting label LEVI, seed 68, iteration 250, time: 57.752827405929565
Starting label LEVI, seed 68, iteration 260, time: 60.038569688797
Starting label LEVI, seed 68, iteration 270, time: 62.396531105041504
Starting label LEVI, seed 68, iteration 280, time: 64.74065971374512
Starting label LEVI, seed 68, iteration 290, time: 67.11080193519592
Starting label LEVI, seed 68, iteration 300, time: 69.46745872497559
Starting label LEVI, seed 68, iteration 310, time: 71.87174892425537
Starting label LEVI, seed 68, iteration 320, time: 74.18554902076721
Starting label LEVI, seed 68, iteration 330, time: 76.48532319068909
Starting label LEVI, seed 68, iteration 340, time: 78.81755352020264
Starting label LEVI, seed 68, iteration 350, time: 81.12434840202332
Starting label LEVI, seed 68, iteration 360, time: 83.70752906799316
Starting label LEVI, seed 68, iteration 370, time: 86.31089115142822
Starting label LEVI, seed 68, iteration 380, time: 88.8896095752716
Starting label LEVI, seed 68, iteration 390, time: 91.57493185997009
Starting label LEVI, seed 68, iteration 400, time: 94.05033469200134
Starting label LEVI, seed 68, iteration 410, time: 96.51286149024963
Starting label LEVI, seed 68, iteration 420, time: 99.04317879676819
Starting label LEVI, seed 68, iteration 430, time: 101.66230154037476
Starting label LEVI, seed 68, iteration 440, time: 104.2535629272461
Starting label LEVI, seed 68, iteration 450, time: 106.86601233482361
Starting label LEVI, seed 68, iteration 460, time: 109.44181370735168
Starting label LEVI, seed 68, iteration 470, time: 112.25185990333557
Starting label LEVI, seed 68, iteration 480, time: 114.9282763004303
Starting label LEVI, seed 68, iteration 490, time: 117.60307455062866
Starting label LEVI, seed 68, iteration 500, time: 120.28256440162659
Starting label LEVI, seed 68, iteration 510, time: 122.93226289749146
Starting label LEVI, seed 68, iteration 520, time: 125.54328989982605
Starting label LEVI, seed 68, iteration 530, time: 128.1040723323822
Starting label LEVI, seed 68, iteration 540, time: 130.67515683174133
Starting label LEVI, seed 68, iteration 550, time: 133.32875847816467
Starting label LEVI, seed 68, iteration 560, time: 136.04539322853088
Starting label LEVI, seed 68, iteration 570, time: 138.6368236541748
Starting label LEVI, seed 68, iteration 580, time: 141.20380759239197
Starting label LEVI, seed 68, iteration 590, time: 143.78490018844604
Starting label LEVI, seed 68, iteration 600, time: 146.32601380348206
Starting label LEVI, seed 68, iteration 610, time: 148.80627822875977
Starting label LEVI, seed 68, iteration 620, time: 151.4463062286377
Starting label LEVI, seed 68, iteration 630, time: 154.02617120742798
Starting label LEVI, seed 68, iteration 640, time: 156.72924399375916
Starting label LEVI, seed 68, iteration 650, time: 159.41195845603943
Starting label LEVI, seed 68, iteration 660, time: 162.14316821098328
Starting label LEVI, seed 68, iteration 670, time: 164.9050304889679
Starting label LEVI, seed 68, iteration 680, time: 167.7073245048523
Starting label LEVI, seed 68, iteration 690, time: 170.47212600708008
Starting label LEVI, seed 68, iteration 700, time: 173.29594159126282
Starting label LEVI, seed 68, iteration 710, time: 176.02182793617249
Starting label LEVI, seed 68, iteration 720, time: 178.8703649044037
Starting label LEVI, seed 68, iteration 730, time: 181.53849530220032
Starting label LEVI, seed 68, iteration 740, time: 184.25855922698975
Starting label LEVI, seed 68, iteration 750, time: 186.98994517326355
Starting label LEVI, seed 68, iteration 760, time: 189.75702738761902
Starting label LEVI, seed 68, iteration 770, time: 192.516663312912
Starting label LEVI, seed 68, iteration 780, time: 195.29375410079956
Starting label LEVI, seed 68, iteration 790, time: 198.18643498420715
Starting label LEVI, seed 68, iteration 800, time: 200.96446585655212
Starting label LEVI, seed 68, iteration 810, time: 203.91015315055847
Starting label LEVI, seed 68, iteration 820, time: 206.78715991973877
Starting label LEVI, seed 68, iteration 830, time: 209.81710839271545
Starting label LEVI, seed 68, iteration 840, time: 212.81694221496582
Starting label LEVI, seed 68, iteration 850, time: 215.77379322052002
Starting label LEVI, seed 68, iteration 860, time: 218.7255036830902
Starting label LEVI, seed 68, iteration 870, time: 222.09595274925232
Starting label LEVI, seed 68, iteration 880, time: 225.12210059165955
Starting label LEVI, seed 68, iteration 890, time: 228.25066947937012
Starting label LEVI, seed 68, iteration 900, time: 231.29046964645386
Starting label LEVI, seed 68, iteration 910, time: 234.41086339950562
Starting label LEVI, seed 68, iteration 920, time: 237.4553599357605
Starting label LEVI, seed 68, iteration 930, time: 240.47243475914001
Starting label LEVI, seed 68, iteration 940, time: 243.4311957359314
Starting label LEVI, seed 68, iteration 950, time: 246.39719009399414
Starting label LEVI, seed 68, iteration 960, time: 249.33589696884155
Starting label LEVI, seed 68, iteration 970, time: 252.30889344215393
Starting label LEVI, seed 68, iteration 980, time: 255.30982756614685
Starting label LEVI, seed 68, iteration 990, time: 258.28499698638916
Starting label LEVI, seed 68, iteration 1000, time: 261.2057616710663
Starting label LEVI, seed 68, iteration 1010, time: 264.2349817752838
Starting label LEVI, seed 68, iteration 1020, time: 267.3075726032257
Starting label LEVI, seed 68, iteration 1030, time: 270.2946288585663
Starting label LEVI, seed 68, iteration 1040, time: 273.3515625
Starting label LEVI, seed 68, iteration 1050, time: 276.3423058986664
Starting label LEVI, seed 68, iteration 1060, time: 279.4142279624939
Starting label LEVI, seed 68, iteration 1070, time: 282.5378088951111
Starting label LEVI, seed 68, iteration 1080, time: 285.6717002391815
Starting label LEVI, seed 68, iteration 1090, time: 288.78220677375793
Starting label LEVI, seed 68, iteration 1100, time: 291.92083168029785
Starting label LEVI, seed 68, iteration 1110, time: 295.0944359302521
Starting label LEVI, seed 68, iteration 1120, time: 298.3473801612854
Starting label LEVI, seed 68, iteration 1130, time: 301.7144317626953
Starting label LEVI, seed 68, iteration 1140, time: 305.0524597167969
Starting label LEVI, seed 68, iteration 1150, time: 308.1385259628296
Starting label LEVI, seed 68, iteration 1160, time: 311.3060157299042
Starting label LEVI, seed 68, iteration 1170, time: 314.5830421447754
Starting label LEVI, seed 68, iteration 1180, time: 317.8060064315796
Starting label LEVI, seed 68, iteration 1190, time: 321.1620919704437
Starting label LEVI, seed 68, iteration 1200, time: 324.39746952056885
Starting label LEVI, seed 68, iteration 1210, time: 327.75561571121216
Starting label LEVI, seed 68, iteration 1220, time: 331.07547640800476
Starting label LEVI, seed 68, iteration 1230, time: 334.48328256607056
Starting label LEVI, seed 68, iteration 1240, time: 337.9461088180542
Starting label LEVI, seed 68, iteration 1250, time: 341.3996467590332
Starting label LEVI, seed 68, iteration 1260, time: 344.8771662712097
Starting label LEVI, seed 68, iteration 1270, time: 348.53076362609863
Starting label LEVI, seed 68, iteration 1280, time: 352.0213644504547
Starting label LEVI, seed 68, iteration 1290, time: 355.5809464454651
Starting label LEVI, seed 68, iteration 1300, time: 359.0889172554016
Starting label LEVI, seed 68, iteration 1310, time: 362.6589276790619
Starting label LEVI, seed 68, iteration 1320, time: 366.2191207408905
Starting label LEVI, seed 68, iteration 1330, time: 370.0820064544678
Starting label LEVI, seed 68, iteration 1340, time: 373.83543610572815
Starting label LEVI, seed 68, iteration 1350, time: 377.74577832221985
Starting label LEVI, seed 68, iteration 1360, time: 381.60044169425964
Starting label LEVI, seed 68, iteration 1370, time: 385.3151922225952
Starting label LEVI, seed 68, iteration 1380, time: 388.9684247970581
Starting label LEVI, seed 68, iteration 1390, time: 392.80144691467285
Starting label LEVI, seed 68, iteration 1400, time: 396.4708092212677
Starting label LEVI, seed 68, iteration 1410, time: 400.50547194480896
Starting label LEVI, seed 68, iteration 1420, time: 404.3936092853546
Starting label LEVI, seed 68, iteration 1430, time: 408.27736926078796
Starting label LEVI, seed 68, iteration 1440, time: 412.4250154495239
Starting label LEVI, seed 68, iteration 1450, time: 416.63579773902893
Starting label LEVI, seed 68, iteration 1460, time: 420.85385251045227
Starting label LEVI, seed 68, iteration 1470, time: 425.1017282009125
Starting label LEVI, seed 68, iteration 1480, time: 429.0406665802002
Starting label LEVI, seed 68, iteration 1490, time: 433.2779014110565
Starting label LEVI, seed 68, iteration 1500, time: 437.4131226539612
Starting label LEVI, seed 68, iteration 1510, time: 441.6233129501343
Starting label LEVI, seed 68, iteration 1520, time: 445.7036406993866
Starting label LEVI, seed 68, iteration 1530, time: 449.69409823417664
Starting label LEVI, seed 68, iteration 1540, time: 453.7097764015198
Starting label LEVI, seed 68, iteration 1550, time: 457.9270079135895
Starting label LEVI, seed 68, iteration 1560, time: 462.2003130912781
Starting label LEVI, seed 68, iteration 1570, time: 466.6061611175537
Starting label LEVI, seed 68, iteration 1580, time: 470.9122431278229
Starting label LEVI, seed 68, iteration 1590, time: 475.3223261833191
Starting label LEVI, seed 68, iteration 1600, time: 479.7687015533447
Starting label LEVI, seed 68, iteration 1610, time: 484.3161675930023
Starting label LEVI, seed 68, iteration 1620, time: 488.92837715148926
Starting label LEVI, seed 68, iteration 1630, time: 493.53522539138794
Starting label LEVI, seed 68, iteration 1640, time: 498.1163446903229
Starting label LEVI, seed 68, iteration 1650, time: 502.7286400794983
Starting label LEVI, seed 68, iteration 1660, time: 507.4466369152069
Starting label LEVI, seed 68, iteration 1670, time: 511.81486892700195
Starting label LEVI, seed 68, iteration 1680, time: 516.3759427070618
Starting label LEVI, seed 68, iteration 1690, time: 521.0120160579681
Starting label LEVI, seed 68, iteration 1700, time: 525.6838226318359
Starting label LEVI, seed 68, iteration 1710, time: 530.3302617073059
Starting label LEVI, seed 68, iteration 1720, time: 534.8386244773865
Starting label LEVI, seed 68, iteration 1730, time: 539.4652712345123
Starting label LEVI, seed 68, iteration 1740, time: 544.2473728656769
Starting label LEVI, seed 68, iteration 1750, time: 549.1304132938385
Starting label LEVI, seed 68, iteration 1760, time: 553.8660581111908
Starting label LEVI, seed 68, iteration 1770, time: 558.4079306125641
Starting label LEVI, seed 68, iteration 1780, time: 563.4206683635712
Starting label LEVI, seed 68, iteration 1790, time: 567.9540054798126
Starting label LEVI, seed 68, iteration 1800, time: 572.2504827976227
Starting label LEVI, seed 68, iteration 1810, time: 576.8497247695923
Starting label LEVI, seed 68, iteration 1820, time: 583.6552228927612
Starting label LEVI, seed 68, iteration 1830, time: 588.6274540424347
Starting label LEVI, seed 68, iteration 1840, time: 592.749190568924
Starting label LEVI, seed 68, iteration 1850, time: 597.0799214839935
Starting label LEVI, seed 68, iteration 1860, time: 601.6240658760071
Starting label LEVI, seed 68, iteration 1870, time: 605.8276407718658
Starting label LEVI, seed 68, iteration 1880, time: 610.1677730083466
Starting label LEVI, seed 68, iteration 1890, time: 614.5894043445587
Starting label LEVI, seed 68, iteration 1900, time: 618.839243888855
Starting label LEVI, seed 68, iteration 1910, time: 623.2929663658142
Starting label LEVI, seed 68, iteration 1920, time: 627.4208006858826
Starting label LEVI, seed 68, iteration 1930, time: 632.1053607463837
Starting label LEVI, seed 68, iteration 1940, time: 636.450097322464
Starting label LEVI, seed 68, iteration 1950, time: 640.9779095649719
Starting label LEVI, seed 68, iteration 1960, time: 645.5292046070099
Starting label LEVI, seed 68, iteration 1970, time: 650.3075482845306
Starting label LEVI, seed 68, iteration 1980, time: 654.6215760707855
Starting label LEVI, seed 68, iteration 1990, time: 659.0577685832977
submitit INFO (2022-10-01 23:58:17,063) - Job completed successfully
