submitit INFO (2022-10-02 01:22:12,986) - Starting with JobEnvironment(job_id=883391_4, hostname=nikola-compute-03.cs.cornell.edu, local_rank=0(1), node=0(1), global_rank=0(1))
submitit INFO (2022-10-02 01:22:12,987) - Loading pickle: /home/gid-cakmaks/contextual_rs/experiments/wsc_experiments/logs/883391_4/883391_4_submitted.pkl
Starting label LEVI, seed 84, iteration 0, time: 0.00048470497131347656
Starting label LEVI, seed 84, iteration 10, time: 3.049452781677246
Starting label LEVI, seed 84, iteration 20, time: 6.23773717880249
Starting label LEVI, seed 84, iteration 30, time: 9.449640989303589
Starting label LEVI, seed 84, iteration 40, time: 12.709063291549683
Starting label LEVI, seed 84, iteration 50, time: 15.51883578300476
Starting label LEVI, seed 84, iteration 60, time: 18.778337478637695
submitit WARNING (2022-10-02 01:22:36,045) - Bypassing signal SIGCONT
submitit WARNING (2022-10-02 01:22:36,048) - Bypassing signal SIGTERM
Starting label LEVI, seed 84, iteration 70, time: 21.79511547088623
Starting label LEVI, seed 84, iteration 80, time: 24.954285144805908
Starting label LEVI, seed 84, iteration 90, time: 28.114574193954468
Starting label LEVI, seed 84, iteration 100, time: 31.33161211013794
Starting label LEVI, seed 84, iteration 110, time: 34.421855211257935
Starting label LEVI, seed 84, iteration 120, time: 37.693318367004395
Starting label LEVI, seed 84, iteration 130, time: 41.08789372444153
Starting label LEVI, seed 84, iteration 140, time: 44.58344221115112
Starting label LEVI, seed 84, iteration 150, time: 47.93645739555359
