submitit INFO (2022-10-02 13:26:41,987) - Starting with JobEnvironment(job_id=884531_1, hostname=sablab-gpu-06.ece.cornell.edu, local_rank=0(1), node=0(1), global_rank=0(1))
submitit INFO (2022-10-02 13:26:41,987) - Loading pickle: /home/gid-cakmaks/contextual_rs/experiments/wsc_experiments/logs/884531_1/884531_1_submitted.pkl
Appending iterations to existing output!Warning: If parameters other than `iterations` have been changed, this will corrupt the output!
Starting label LEVI, seed 11, iteration 530, time: 343.5203366279602
Starting label LEVI, seed 11, iteration 540, time: 351.20746397972107
Starting label LEVI, seed 11, iteration 550, time: 358.6438641548157
Starting label LEVI, seed 11, iteration 560, time: 366.06109523773193
Starting label LEVI, seed 11, iteration 570, time: 373.6254417896271
Starting label LEVI, seed 11, iteration 580, time: 381.1546983718872
Starting label LEVI, seed 11, iteration 590, time: 388.74950432777405
Starting label LEVI, seed 11, iteration 600, time: 396.52193117141724
Starting label LEVI, seed 11, iteration 610, time: 404.14297580718994
Starting label LEVI, seed 11, iteration 620, time: 411.6309587955475
Starting label LEVI, seed 11, iteration 630, time: 419.230596780777
Starting label LEVI, seed 11, iteration 640, time: 426.78821086883545
Starting label LEVI, seed 11, iteration 650, time: 434.18612575531006
Starting label LEVI, seed 11, iteration 660, time: 441.9906406402588
Starting label LEVI, seed 11, iteration 670, time: 449.9389371871948
Starting label LEVI, seed 11, iteration 680, time: 457.8974163532257
Starting label LEVI, seed 11, iteration 690, time: 465.54619669914246
Starting label LEVI, seed 11, iteration 700, time: 472.90890073776245
Starting label LEVI, seed 11, iteration 710, time: 480.5593910217285
Starting label LEVI, seed 11, iteration 720, time: 488.34667134284973
Starting label LEVI, seed 11, iteration 730, time: 495.86632323265076
Starting label LEVI, seed 11, iteration 740, time: 503.4582829475403
Starting label LEVI, seed 11, iteration 750, time: 511.0675084590912
Starting label LEVI, seed 11, iteration 760, time: 518.4636631011963
Starting label LEVI, seed 11, iteration 770, time: 526.0191705226898
Starting label LEVI, seed 11, iteration 780, time: 533.2508308887482
Starting label LEVI, seed 11, iteration 790, time: 540.695503950119
Starting label LEVI, seed 11, iteration 800, time: 548.2668294906616
Starting label LEVI, seed 11, iteration 810, time: 555.9213540554047
Starting label LEVI, seed 11, iteration 820, time: 563.63947224617
Starting label LEVI, seed 11, iteration 830, time: 571.3667714595795
Starting label LEVI, seed 11, iteration 840, time: 579.0786974430084
Starting label LEVI, seed 11, iteration 850, time: 587.1516978740692
Starting label LEVI, seed 11, iteration 860, time: 595.3472409248352
Starting label LEVI, seed 11, iteration 870, time: 603.5124740600586
Starting label LEVI, seed 11, iteration 880, time: 611.9911501407623
Starting label LEVI, seed 11, iteration 890, time: 620.053460597992
Starting label LEVI, seed 11, iteration 900, time: 627.9913907051086
Starting label LEVI, seed 11, iteration 910, time: 636.3420443534851
Starting label LEVI, seed 11, iteration 920, time: 644.7018237113953
Starting label LEVI, seed 11, iteration 930, time: 653.0275113582611
Starting label LEVI, seed 11, iteration 940, time: 661.3882002830505
Starting label LEVI, seed 11, iteration 950, time: 669.9627964496613
Starting label LEVI, seed 11, iteration 960, time: 678.6349291801453
Starting label LEVI, seed 11, iteration 970, time: 687.1151661872864
Starting label LEVI, seed 11, iteration 980, time: 695.4316520690918
Starting label LEVI, seed 11, iteration 990, time: 703.4692845344543
Starting label LEVI, seed 11, iteration 1000, time: 711.9247307777405
Starting label LEVI, seed 11, iteration 1010, time: 720.3047151565552
Starting label LEVI, seed 11, iteration 1020, time: 728.6155967712402
Starting label LEVI, seed 11, iteration 1030, time: 736.9434521198273
Starting label LEVI, seed 11, iteration 1040, time: 745.3509800434113
Starting label LEVI, seed 11, iteration 1050, time: 753.823441028595
Starting label LEVI, seed 11, iteration 1060, time: 762.571923494339
Starting label LEVI, seed 11, iteration 1070, time: 771.2802205085754
Starting label LEVI, seed 11, iteration 1080, time: 779.716472864151
Starting label LEVI, seed 11, iteration 1090, time: 788.0888829231262
Starting label LEVI, seed 11, iteration 1100, time: 796.5726237297058
Starting label LEVI, seed 11, iteration 1110, time: 804.7084882259369
Starting label LEVI, seed 11, iteration 1120, time: 813.0695946216583
Starting label LEVI, seed 11, iteration 1130, time: 821.5494549274445
Starting label LEVI, seed 11, iteration 1140, time: 829.9215519428253
Starting label LEVI, seed 11, iteration 1150, time: 838.6854832172394
Starting label LEVI, seed 11, iteration 1160, time: 847.3934805393219
Starting label LEVI, seed 11, iteration 1170, time: 856.1379270553589
Starting label LEVI, seed 11, iteration 1180, time: 864.689656496048
Starting label LEVI, seed 11, iteration 1190, time: 873.4979355335236
Starting label LEVI, seed 11, iteration 1200, time: 882.463632106781
Starting label LEVI, seed 11, iteration 1210, time: 891.1296145915985
Starting label LEVI, seed 11, iteration 1220, time: 899.7855670452118
Starting label LEVI, seed 11, iteration 1230, time: 908.3017265796661
Starting label LEVI, seed 11, iteration 1240, time: 916.7896144390106
Starting label LEVI, seed 11, iteration 1250, time: 925.3678169250488
Starting label LEVI, seed 11, iteration 1260, time: 933.8188560009003
Starting label LEVI, seed 11, iteration 1270, time: 942.2895741462708
Starting label LEVI, seed 11, iteration 1280, time: 951.0466136932373
Starting label LEVI, seed 11, iteration 1290, time: 959.9599947929382
Starting label LEVI, seed 11, iteration 1300, time: 968.6948537826538
Starting label LEVI, seed 11, iteration 1310, time: 977.7846169471741
Starting label LEVI, seed 11, iteration 1320, time: 986.4307281970978
Starting label LEVI, seed 11, iteration 1330, time: 996.3450827598572
Starting label LEVI, seed 11, iteration 1340, time: 1005.7689819335938
Starting label LEVI, seed 11, iteration 1350, time: 1014.8567566871643
Starting label LEVI, seed 11, iteration 1360, time: 1024.3900883197784
Starting label LEVI, seed 11, iteration 1370, time: 1033.8880732059479
Starting label LEVI, seed 11, iteration 1380, time: 1043.6702497005463
Starting label LEVI, seed 11, iteration 1390, time: 1053.3490579128265
Starting label LEVI, seed 11, iteration 1400, time: 1062.68417263031
Starting label LEVI, seed 11, iteration 1410, time: 1072.5110847949982
Starting label LEVI, seed 11, iteration 1420, time: 1082.8950543403625
Starting label LEVI, seed 11, iteration 1430, time: 1092.8200283050537
Starting label LEVI, seed 11, iteration 1440, time: 1102.1505234241486
Starting label LEVI, seed 11, iteration 1450, time: 1111.751536846161
Starting label LEVI, seed 11, iteration 1460, time: 1121.5836458206177
Starting label LEVI, seed 11, iteration 1470, time: 1131.609058856964
Starting label LEVI, seed 11, iteration 1480, time: 1142.0870571136475
Starting label LEVI, seed 11, iteration 1490, time: 1152.2064349651337
Starting label LEVI, seed 11, iteration 1500, time: 1162.2993211746216
Starting label LEVI, seed 11, iteration 1510, time: 1172.2624280452728
Starting label LEVI, seed 11, iteration 1520, time: 1182.3467650413513
Starting label LEVI, seed 11, iteration 1530, time: 1192.293911933899
Starting label LEVI, seed 11, iteration 1540, time: 1203.1375195980072
Starting label LEVI, seed 11, iteration 1550, time: 1213.601235628128
Starting label LEVI, seed 11, iteration 1560, time: 1223.8193674087524
Starting label LEVI, seed 11, iteration 1570, time: 1234.3829174041748
Starting label LEVI, seed 11, iteration 1580, time: 1244.366400718689
Starting label LEVI, seed 11, iteration 1590, time: 1254.3243253231049
Starting label LEVI, seed 11, iteration 1600, time: 1265.4337930679321
Starting label LEVI, seed 11, iteration 1610, time: 1275.698256969452
Starting label LEVI, seed 11, iteration 1620, time: 1285.5625576972961
Starting label LEVI, seed 11, iteration 1630, time: 1296.8925788402557
Starting label LEVI, seed 11, iteration 1640, time: 1307.9090917110443
Starting label LEVI, seed 11, iteration 1650, time: 1319.239691734314
Starting label LEVI, seed 11, iteration 1660, time: 1330.6776704788208
Starting label LEVI, seed 11, iteration 1670, time: 1342.2972345352173
Starting label LEVI, seed 11, iteration 1680, time: 1352.7786338329315
Starting label LEVI, seed 11, iteration 1690, time: 1364.7401497364044
Starting label LEVI, seed 11, iteration 1700, time: 1376.8934674263
Starting label LEVI, seed 11, iteration 1710, time: 1389.2880065441132
Starting label LEVI, seed 11, iteration 1720, time: 1402.5081596374512
Starting label LEVI, seed 11, iteration 1730, time: 1413.6930859088898
Starting label LEVI, seed 11, iteration 1740, time: 1425.3241772651672
Starting label LEVI, seed 11, iteration 1750, time: 1437.2228395938873
Starting label LEVI, seed 11, iteration 1760, time: 1449.536058664322
Starting label LEVI, seed 11, iteration 1770, time: 1461.4010021686554
Starting label LEVI, seed 11, iteration 1780, time: 1472.8837578296661
Starting label LEVI, seed 11, iteration 1790, time: 1484.16303896904
Starting label LEVI, seed 11, iteration 1800, time: 1496.6685433387756
Starting label LEVI, seed 11, iteration 1810, time: 1508.73357462883
Starting label LEVI, seed 11, iteration 1820, time: 1521.1865484714508
Starting label LEVI, seed 11, iteration 1830, time: 1533.520397901535
Starting label LEVI, seed 11, iteration 1840, time: 1545.115537405014
Starting label LEVI, seed 11, iteration 1850, time: 1556.8882308006287
Starting label LEVI, seed 11, iteration 1860, time: 1568.5381848812103
Starting label LEVI, seed 11, iteration 1870, time: 1580.5765538215637
Starting label LEVI, seed 11, iteration 1880, time: 1593.0029501914978
Starting label LEVI, seed 11, iteration 1890, time: 1606.126942873001
Starting label LEVI, seed 11, iteration 1900, time: 1617.7851195335388
Starting label LEVI, seed 11, iteration 1910, time: 1630.253276348114
Starting label LEVI, seed 11, iteration 1920, time: 1643.162945508957
Starting label LEVI, seed 11, iteration 1930, time: 1656.17964553833
Starting label LEVI, seed 11, iteration 1940, time: 1668.9153258800507
Starting label LEVI, seed 11, iteration 1950, time: 1682.311270236969
Starting label LEVI, seed 11, iteration 1960, time: 1695.8237142562866
Starting label LEVI, seed 11, iteration 1970, time: 1708.134733915329
Starting label LEVI, seed 11, iteration 1980, time: 1721.995189666748
Starting label LEVI, seed 11, iteration 1990, time: 1735.19238448143
submitit INFO (2022-10-02 13:50:07,986) - Job completed successfully
