submitit INFO (2022-10-02 02:03:35,323) - Starting with JobEnvironment(job_id=883603_1, hostname=nikola-compute-03.cs.cornell.edu, local_rank=0(1), node=0(1), global_rank=0(1))
submitit INFO (2022-10-02 02:03:35,324) - Loading pickle: /home/gid-cakmaks/contextual_rs/experiments/wsc_experiments/logs/883603_1/883603_1_submitted.pkl
Appending iterations to existing output!Warning: If parameters other than `iterations` have been changed, this will corrupt the output!
Starting label LEVI, seed 95, iteration 920, time: 781.6310789585114
Starting label LEVI, seed 95, iteration 930, time: 785.1211466789246
Starting label LEVI, seed 95, iteration 940, time: 788.334615945816
Starting label LEVI, seed 95, iteration 950, time: 791.4865634441376
Starting label LEVI, seed 95, iteration 960, time: 794.6234450340271
Starting label LEVI, seed 95, iteration 970, time: 797.7488920688629
Starting label LEVI, seed 95, iteration 980, time: 800.950576543808
Starting label LEVI, seed 95, iteration 990, time: 804.1555962562561
Starting label LEVI, seed 95, iteration 1000, time: 807.2684800624847
Starting label LEVI, seed 95, iteration 1010, time: 810.3641073703766
Starting label LEVI, seed 95, iteration 1020, time: 813.5978817939758
Starting label LEVI, seed 95, iteration 1030, time: 816.6932969093323
Starting label LEVI, seed 95, iteration 1040, time: 819.8364701271057
Starting label LEVI, seed 95, iteration 1050, time: 822.9514374732971
Starting label LEVI, seed 95, iteration 1060, time: 826.1920313835144
Starting label LEVI, seed 95, iteration 1070, time: 829.248996257782
Starting label LEVI, seed 95, iteration 1080, time: 832.3371748924255
Starting label LEVI, seed 95, iteration 1090, time: 835.4898760318756
Starting label LEVI, seed 95, iteration 1100, time: 838.7414202690125
Starting label LEVI, seed 95, iteration 1110, time: 841.9818778038025
Starting label LEVI, seed 95, iteration 1120, time: 845.1704683303833
Starting label LEVI, seed 95, iteration 1130, time: 848.3905646800995
Starting label LEVI, seed 95, iteration 1140, time: 851.8860366344452
Starting label LEVI, seed 95, iteration 1150, time: 855.2619731426239
Starting label LEVI, seed 95, iteration 1160, time: 858.7050886154175
Starting label LEVI, seed 95, iteration 1170, time: 862.2333514690399
Starting label LEVI, seed 95, iteration 1180, time: 865.7348229885101
Starting label LEVI, seed 95, iteration 1190, time: 869.3337779045105
Starting label LEVI, seed 95, iteration 1200, time: 872.9103760719299
Starting label LEVI, seed 95, iteration 1210, time: 876.5104455947876
Starting label LEVI, seed 95, iteration 1220, time: 880.0419025421143
Starting label LEVI, seed 95, iteration 1230, time: 883.5406839847565
Starting label LEVI, seed 95, iteration 1240, time: 887.0947523117065
Starting label LEVI, seed 95, iteration 1250, time: 890.7249538898468
Starting label LEVI, seed 95, iteration 1260, time: 894.1135263442993
Starting label LEVI, seed 95, iteration 1270, time: 897.7264304161072
Starting label LEVI, seed 95, iteration 1280, time: 901.2865614891052
Starting label LEVI, seed 95, iteration 1290, time: 905.013778924942
Starting label LEVI, seed 95, iteration 1300, time: 908.6432585716248
Starting label LEVI, seed 95, iteration 1310, time: 912.2500309944153
Starting label LEVI, seed 95, iteration 1320, time: 915.9669525623322
Starting label LEVI, seed 95, iteration 1330, time: 920.0894274711609
Starting label LEVI, seed 95, iteration 1340, time: 923.8169920444489
Starting label LEVI, seed 95, iteration 1350, time: 927.5638258457184
Starting label LEVI, seed 95, iteration 1360, time: 931.3070695400238
Starting label LEVI, seed 95, iteration 1370, time: 935.1615586280823
Starting label LEVI, seed 95, iteration 1380, time: 939.0922894477844
Starting label LEVI, seed 95, iteration 1390, time: 943.1732687950134
Starting label LEVI, seed 95, iteration 1400, time: 946.988921880722
Starting label LEVI, seed 95, iteration 1410, time: 950.7344071865082
Starting label LEVI, seed 95, iteration 1420, time: 954.54842710495
Starting label LEVI, seed 95, iteration 1430, time: 958.4526543617249
Starting label LEVI, seed 95, iteration 1440, time: 962.4514174461365
Starting label LEVI, seed 95, iteration 1450, time: 966.4633767604828
Starting label LEVI, seed 95, iteration 1460, time: 970.4620792865753
Starting label LEVI, seed 95, iteration 1470, time: 974.547080039978
Starting label LEVI, seed 95, iteration 1480, time: 978.4673488140106
Starting label LEVI, seed 95, iteration 1490, time: 982.3530390262604
Starting label LEVI, seed 95, iteration 1500, time: 986.2619307041168
Starting label LEVI, seed 95, iteration 1510, time: 990.1617271900177
Starting label LEVI, seed 95, iteration 1520, time: 994.0274696350098
Starting label LEVI, seed 95, iteration 1530, time: 997.7929637432098
Starting label LEVI, seed 95, iteration 1540, time: 1001.642511844635
Starting label LEVI, seed 95, iteration 1550, time: 1005.4039444923401
Starting label LEVI, seed 95, iteration 1560, time: 1009.2369039058685
Starting label LEVI, seed 95, iteration 1570, time: 1013.1252164840698
Starting label LEVI, seed 95, iteration 1580, time: 1016.9101119041443
Starting label LEVI, seed 95, iteration 1590, time: 1020.6341316699982
Starting label LEVI, seed 95, iteration 1600, time: 1024.6619935035706
Starting label LEVI, seed 95, iteration 1610, time: 1028.4871802330017
Starting label LEVI, seed 95, iteration 1620, time: 1032.3093988895416
Starting label LEVI, seed 95, iteration 1630, time: 1036.36700797081
Starting label LEVI, seed 95, iteration 1640, time: 1040.4867534637451
Starting label LEVI, seed 95, iteration 1650, time: 1044.3689651489258
Starting label LEVI, seed 95, iteration 1660, time: 1048.4387979507446
Starting label LEVI, seed 95, iteration 1670, time: 1052.6558010578156
Starting label LEVI, seed 95, iteration 1680, time: 1056.85613322258
Starting label LEVI, seed 95, iteration 1690, time: 1061.175167798996
Starting label LEVI, seed 95, iteration 1700, time: 1065.3986115455627
Starting label LEVI, seed 95, iteration 1710, time: 1069.6359276771545
Starting label LEVI, seed 95, iteration 1720, time: 1073.8827838897705
Starting label LEVI, seed 95, iteration 1730, time: 1077.9807000160217
Starting label LEVI, seed 95, iteration 1740, time: 1082.332397222519
Starting label LEVI, seed 95, iteration 1750, time: 1087.0244481563568
Starting label LEVI, seed 95, iteration 1760, time: 1091.366447687149
Starting label LEVI, seed 95, iteration 1770, time: 1095.4850008487701
Starting label LEVI, seed 95, iteration 1780, time: 1099.7432191371918
Starting label LEVI, seed 95, iteration 1790, time: 1104.2787504196167
Starting label LEVI, seed 95, iteration 1800, time: 1108.9798936843872
Starting label LEVI, seed 95, iteration 1810, time: 1113.4850721359253
Starting label LEVI, seed 95, iteration 1820, time: 1118.1457691192627
Starting label LEVI, seed 95, iteration 1830, time: 1122.8001432418823
Starting label LEVI, seed 95, iteration 1840, time: 1127.5966284275055
Starting label LEVI, seed 95, iteration 1850, time: 1132.2700502872467
Starting label LEVI, seed 95, iteration 1860, time: 1136.9334995746613
Starting label LEVI, seed 95, iteration 1870, time: 1141.6433231830597
Starting label LEVI, seed 95, iteration 1880, time: 1146.320808172226
Starting label LEVI, seed 95, iteration 1890, time: 1151.1346209049225
Starting label LEVI, seed 95, iteration 1900, time: 1155.8975594043732
Starting label LEVI, seed 95, iteration 1910, time: 1160.3871417045593
Starting label LEVI, seed 95, iteration 1920, time: 1165.2786202430725
Starting label LEVI, seed 95, iteration 1930, time: 1170.2259566783905
Starting label LEVI, seed 95, iteration 1940, time: 1174.7266011238098
Starting label LEVI, seed 95, iteration 1950, time: 1179.3654339313507
Starting label LEVI, seed 95, iteration 1960, time: 1184.078619003296
Starting label LEVI, seed 95, iteration 1970, time: 1189.20840716362
Starting label LEVI, seed 95, iteration 1980, time: 1194.3085520267487
Starting label LEVI, seed 95, iteration 1990, time: 1198.9934406280518
submitit INFO (2022-10-02 02:10:39,946) - Job completed successfully
