submitit INFO (2022-10-02 00:03:08,716) - Starting with JobEnvironment(job_id=883160_8, hostname=lecun.cs.cornell.edu, local_rank=0(1), node=0(1), global_rank=0(1))
submitit INFO (2022-10-02 00:03:08,716) - Loading pickle: /home/gid-cakmaks/contextual_rs/experiments/wsc_experiments/logs/883160_8/883160_8_submitted.pkl
Starting label LEVI, seed 38, iteration 0, time: 9.632110595703125e-05
Starting label LEVI, seed 38, iteration 10, time: 3.008303642272949
Starting label LEVI, seed 38, iteration 20, time: 5.318279981613159
Starting label LEVI, seed 38, iteration 30, time: 7.598098278045654
Starting label LEVI, seed 38, iteration 40, time: 9.88616681098938
Starting label LEVI, seed 38, iteration 50, time: 12.287447452545166
Starting label LEVI, seed 38, iteration 60, time: 14.72979211807251
Starting label LEVI, seed 38, iteration 70, time: 17.107152938842773
Starting label LEVI, seed 38, iteration 80, time: 19.45056653022766
Starting label LEVI, seed 38, iteration 90, time: 22.431579113006592
Starting label LEVI, seed 38, iteration 100, time: 24.739159107208252
Starting label LEVI, seed 38, iteration 110, time: 27.0651593208313
Starting label LEVI, seed 38, iteration 120, time: 29.391068696975708
Starting label LEVI, seed 38, iteration 130, time: 31.758362293243408
Starting label LEVI, seed 38, iteration 140, time: 34.188161849975586
Starting label LEVI, seed 38, iteration 150, time: 36.52602434158325
Starting label LEVI, seed 38, iteration 160, time: 38.92898726463318
Starting label LEVI, seed 38, iteration 170, time: 41.28930044174194
Starting label LEVI, seed 38, iteration 180, time: 43.627872943878174
Starting label LEVI, seed 38, iteration 190, time: 45.97801351547241
Starting label LEVI, seed 38, iteration 200, time: 48.30974292755127
Starting label LEVI, seed 38, iteration 210, time: 50.612117290496826
Starting label LEVI, seed 38, iteration 220, time: 52.92888832092285
Starting label LEVI, seed 38, iteration 230, time: 55.359299421310425
Starting label LEVI, seed 38, iteration 240, time: 57.70115923881531
Starting label LEVI, seed 38, iteration 250, time: 60.0660355091095
Starting label LEVI, seed 38, iteration 260, time: 62.41503024101257
Starting label LEVI, seed 38, iteration 270, time: 64.8040702342987
Starting label LEVI, seed 38, iteration 280, time: 67.18897485733032
Starting label LEVI, seed 38, iteration 290, time: 69.5348289012909
Starting label LEVI, seed 38, iteration 300, time: 71.93615388870239
Starting label LEVI, seed 38, iteration 310, time: 74.616872549057
Starting label LEVI, seed 38, iteration 320, time: 77.15258812904358
Starting label LEVI, seed 38, iteration 330, time: 79.70143055915833
Starting label LEVI, seed 38, iteration 340, time: 82.29395008087158
Starting label LEVI, seed 38, iteration 350, time: 84.80791091918945
Starting label LEVI, seed 38, iteration 360, time: 87.36507773399353
Starting label LEVI, seed 38, iteration 370, time: 89.9463939666748
Starting label LEVI, seed 38, iteration 380, time: 92.57181072235107
Starting label LEVI, seed 38, iteration 390, time: 95.13664531707764
Starting label LEVI, seed 38, iteration 400, time: 97.80737257003784
Starting label LEVI, seed 38, iteration 410, time: 100.2939031124115
Starting label LEVI, seed 38, iteration 420, time: 102.81353902816772
Starting label LEVI, seed 38, iteration 430, time: 105.31232738494873
Starting label LEVI, seed 38, iteration 440, time: 107.79810237884521
Starting label LEVI, seed 38, iteration 450, time: 110.24710464477539
Starting label LEVI, seed 38, iteration 460, time: 112.72995805740356
Starting label LEVI, seed 38, iteration 470, time: 115.2501630783081
Starting label LEVI, seed 38, iteration 480, time: 117.88051962852478
Starting label LEVI, seed 38, iteration 490, time: 120.41998243331909
Starting label LEVI, seed 38, iteration 500, time: 122.96751832962036
Starting label LEVI, seed 38, iteration 510, time: 125.45790982246399
Starting label LEVI, seed 38, iteration 520, time: 128.01498317718506
Starting label LEVI, seed 38, iteration 530, time: 130.54707503318787
Starting label LEVI, seed 38, iteration 540, time: 133.1264944076538
Starting label LEVI, seed 38, iteration 550, time: 135.66328048706055
Starting label LEVI, seed 38, iteration 560, time: 138.22854042053223
Starting label LEVI, seed 38, iteration 570, time: 140.63854265213013
Starting label LEVI, seed 38, iteration 580, time: 143.12749600410461
Starting label LEVI, seed 38, iteration 590, time: 145.6855754852295
Starting label LEVI, seed 38, iteration 600, time: 148.80196738243103
Starting label LEVI, seed 38, iteration 610, time: 151.33440399169922
Starting label LEVI, seed 38, iteration 620, time: 153.87718224525452
Starting label LEVI, seed 38, iteration 630, time: 156.85250043869019
Starting label LEVI, seed 38, iteration 640, time: 159.73947095870972
Starting label LEVI, seed 38, iteration 650, time: 162.4831566810608
Starting label LEVI, seed 38, iteration 660, time: 165.21289467811584
Starting label LEVI, seed 38, iteration 670, time: 167.85844826698303
Starting label LEVI, seed 38, iteration 680, time: 170.4784746170044
Starting label LEVI, seed 38, iteration 690, time: 173.19419503211975
Starting label LEVI, seed 38, iteration 700, time: 175.91149616241455
Starting label LEVI, seed 38, iteration 710, time: 179.2877070903778
Starting label LEVI, seed 38, iteration 720, time: 182.91928815841675
Starting label LEVI, seed 38, iteration 730, time: 185.67813754081726
Starting label LEVI, seed 38, iteration 740, time: 188.41189813613892
Starting label LEVI, seed 38, iteration 750, time: 191.14821600914001
Starting label LEVI, seed 38, iteration 760, time: 193.95569801330566
Starting label LEVI, seed 38, iteration 770, time: 196.74786400794983
Starting label LEVI, seed 38, iteration 780, time: 199.57288074493408
Starting label LEVI, seed 38, iteration 790, time: 202.43793869018555
Starting label LEVI, seed 38, iteration 800, time: 205.3219816684723
Starting label LEVI, seed 38, iteration 810, time: 208.32898998260498
Starting label LEVI, seed 38, iteration 820, time: 211.1196689605713
Starting label LEVI, seed 38, iteration 830, time: 213.86641883850098
Starting label LEVI, seed 38, iteration 840, time: 216.70863604545593
Starting label LEVI, seed 38, iteration 850, time: 219.49962091445923
Starting label LEVI, seed 38, iteration 860, time: 222.35223364830017
Starting label LEVI, seed 38, iteration 870, time: 225.3269166946411
Starting label LEVI, seed 38, iteration 880, time: 228.24684238433838
Starting label LEVI, seed 38, iteration 890, time: 231.2990849018097
Starting label LEVI, seed 38, iteration 900, time: 234.53601789474487
Starting label LEVI, seed 38, iteration 910, time: 237.8095977306366
Starting label LEVI, seed 38, iteration 920, time: 240.92022514343262
Starting label LEVI, seed 38, iteration 930, time: 244.19886112213135
Starting label LEVI, seed 38, iteration 940, time: 247.43138074874878
Starting label LEVI, seed 38, iteration 950, time: 250.46252632141113
Starting label LEVI, seed 38, iteration 960, time: 253.4486527442932
Starting label LEVI, seed 38, iteration 970, time: 256.5954134464264
Starting label LEVI, seed 38, iteration 980, time: 259.75088906288147
Starting label LEVI, seed 38, iteration 990, time: 262.77881026268005
Starting label LEVI, seed 38, iteration 1000, time: 265.86739587783813
Starting label LEVI, seed 38, iteration 1010, time: 268.8810200691223
Starting label LEVI, seed 38, iteration 1020, time: 272.0698051452637
Starting label LEVI, seed 38, iteration 1030, time: 275.1229271888733
Starting label LEVI, seed 38, iteration 1040, time: 278.13310742378235
Starting label LEVI, seed 38, iteration 1050, time: 281.10852122306824
Starting label LEVI, seed 38, iteration 1060, time: 284.2265365123749
Starting label LEVI, seed 38, iteration 1070, time: 287.3494005203247
Starting label LEVI, seed 38, iteration 1080, time: 290.39963030815125
Starting label LEVI, seed 38, iteration 1090, time: 293.5180859565735
Starting label LEVI, seed 38, iteration 1100, time: 296.3959684371948
Starting label LEVI, seed 38, iteration 1110, time: 299.4086081981659
Starting label LEVI, seed 38, iteration 1120, time: 302.36852765083313
Starting label LEVI, seed 38, iteration 1130, time: 305.4352722167969
Starting label LEVI, seed 38, iteration 1140, time: 308.35544061660767
Starting label LEVI, seed 38, iteration 1150, time: 311.38969016075134
Starting label LEVI, seed 38, iteration 1160, time: 314.4387152194977
Starting label LEVI, seed 38, iteration 1170, time: 317.4220814704895
Starting label LEVI, seed 38, iteration 1180, time: 320.5157222747803
Starting label LEVI, seed 38, iteration 1190, time: 323.5694818496704
Starting label LEVI, seed 38, iteration 1200, time: 326.69718766212463
Starting label LEVI, seed 38, iteration 1210, time: 329.92147183418274
Starting label LEVI, seed 38, iteration 1220, time: 333.12235403060913
Starting label LEVI, seed 38, iteration 1230, time: 336.4417653083801
Starting label LEVI, seed 38, iteration 1240, time: 339.7040185928345
Starting label LEVI, seed 38, iteration 1250, time: 344.5101215839386
Starting label LEVI, seed 38, iteration 1260, time: 347.8070514202118
Starting label LEVI, seed 38, iteration 1270, time: 351.19775319099426
Starting label LEVI, seed 38, iteration 1280, time: 354.4598698616028
Starting label LEVI, seed 38, iteration 1290, time: 359.3228838443756
Starting label LEVI, seed 38, iteration 1300, time: 362.6410253047943
Starting label LEVI, seed 38, iteration 1310, time: 365.98775148391724
Starting label LEVI, seed 38, iteration 1320, time: 369.5295810699463
Starting label LEVI, seed 38, iteration 1330, time: 372.9263451099396
Starting label LEVI, seed 38, iteration 1340, time: 376.3284161090851
Starting label LEVI, seed 38, iteration 1350, time: 379.7254264354706
Starting label LEVI, seed 38, iteration 1360, time: 383.15070486068726
Starting label LEVI, seed 38, iteration 1370, time: 386.46508836746216
Starting label LEVI, seed 38, iteration 1380, time: 389.79178404808044
Starting label LEVI, seed 38, iteration 1390, time: 393.0720748901367
Starting label LEVI, seed 38, iteration 1400, time: 396.83043026924133
Starting label LEVI, seed 38, iteration 1410, time: 400.14213609695435
Starting label LEVI, seed 38, iteration 1420, time: 403.54887318611145
Starting label LEVI, seed 38, iteration 1430, time: 406.9773197174072
Starting label LEVI, seed 38, iteration 1440, time: 410.5339512825012
Starting label LEVI, seed 38, iteration 1450, time: 414.0192813873291
Starting label LEVI, seed 38, iteration 1460, time: 417.6178276538849
Starting label LEVI, seed 38, iteration 1470, time: 421.10931730270386
Starting label LEVI, seed 38, iteration 1480, time: 424.63843512535095
Starting label LEVI, seed 38, iteration 1490, time: 428.2507178783417
Starting label LEVI, seed 38, iteration 1500, time: 432.4812870025635
Starting label LEVI, seed 38, iteration 1510, time: 435.9652376174927
Starting label LEVI, seed 38, iteration 1520, time: 439.76143980026245
Starting label LEVI, seed 38, iteration 1530, time: 443.684077501297
Starting label LEVI, seed 38, iteration 1540, time: 447.5146818161011
Starting label LEVI, seed 38, iteration 1550, time: 451.16496777534485
Starting label LEVI, seed 38, iteration 1560, time: 454.872243642807
Starting label LEVI, seed 38, iteration 1570, time: 458.811651468277
Starting label LEVI, seed 38, iteration 1580, time: 462.6140809059143
Starting label LEVI, seed 38, iteration 1590, time: 467.0907700061798
Starting label LEVI, seed 38, iteration 1600, time: 470.87050318717957
Starting label LEVI, seed 38, iteration 1610, time: 474.77995562553406
Starting label LEVI, seed 38, iteration 1620, time: 478.7944893836975
Starting label LEVI, seed 38, iteration 1630, time: 482.50194931030273
Starting label LEVI, seed 38, iteration 1640, time: 486.430162191391
Starting label LEVI, seed 38, iteration 1650, time: 490.688533782959
Starting label LEVI, seed 38, iteration 1660, time: 494.58294343948364
Starting label LEVI, seed 38, iteration 1670, time: 498.5919027328491
Starting label LEVI, seed 38, iteration 1680, time: 502.48953557014465
Starting label LEVI, seed 38, iteration 1690, time: 506.6771569252014
Starting label LEVI, seed 38, iteration 1700, time: 511.1727249622345
Starting label LEVI, seed 38, iteration 1710, time: 515.3607378005981
Starting label LEVI, seed 38, iteration 1720, time: 519.4759192466736
Starting label LEVI, seed 38, iteration 1730, time: 523.545051574707
Starting label LEVI, seed 38, iteration 1740, time: 527.7990992069244
Starting label LEVI, seed 38, iteration 1750, time: 532.0456597805023
Starting label LEVI, seed 38, iteration 1760, time: 536.1312391757965
Starting label LEVI, seed 38, iteration 1770, time: 540.4590406417847
Starting label LEVI, seed 38, iteration 1780, time: 545.0218000411987
Starting label LEVI, seed 38, iteration 1790, time: 549.2809607982635
Starting label LEVI, seed 38, iteration 1800, time: 553.6218972206116
Starting label LEVI, seed 38, iteration 1810, time: 558.0589044094086
Starting label LEVI, seed 38, iteration 1820, time: 562.2877402305603
Starting label LEVI, seed 38, iteration 1830, time: 566.434357881546
Starting label LEVI, seed 38, iteration 1840, time: 570.8875861167908
Starting label LEVI, seed 38, iteration 1850, time: 575.3283560276031
Starting label LEVI, seed 38, iteration 1860, time: 579.8367054462433
Starting label LEVI, seed 38, iteration 1870, time: 584.081924200058
Starting label LEVI, seed 38, iteration 1880, time: 588.4757506847382
Starting label LEVI, seed 38, iteration 1890, time: 593.1890804767609
Starting label LEVI, seed 38, iteration 1900, time: 598.014981508255
Starting label LEVI, seed 38, iteration 1910, time: 602.7092821598053
Starting label LEVI, seed 38, iteration 1920, time: 607.47287940979
Starting label LEVI, seed 38, iteration 1930, time: 612.2005817890167
Starting label LEVI, seed 38, iteration 1940, time: 617.0211067199707
Starting label LEVI, seed 38, iteration 1950, time: 622.0018537044525
Starting label LEVI, seed 38, iteration 1960, time: 626.924186706543
Starting label LEVI, seed 38, iteration 1970, time: 631.4985992908478
Starting label LEVI, seed 38, iteration 1980, time: 636.359468460083
Starting label LEVI, seed 38, iteration 1990, time: 641.2454295158386
submitit INFO (2022-10-02 00:13:56,539) - Job completed successfully
