submitit INFO (2022-10-02 00:13:47,764) - Starting with JobEnvironment(job_id=883188_5, hostname=lecun.cs.cornell.edu, local_rank=0(1), node=0(1), global_rank=0(1))
submitit INFO (2022-10-02 00:13:47,764) - Loading pickle: /home/gid-cakmaks/contextual_rs/experiments/wsc_experiments/logs/883188_5/883188_5_submitted.pkl
Starting label LEVI, seed 65, iteration 0, time: 9.226799011230469e-05
Starting label LEVI, seed 65, iteration 10, time: 2.2412071228027344
Starting label LEVI, seed 65, iteration 20, time: 4.401089191436768
Starting label LEVI, seed 65, iteration 30, time: 6.566138029098511
Starting label LEVI, seed 65, iteration 40, time: 8.680965423583984
Starting label LEVI, seed 65, iteration 50, time: 10.803585052490234
Starting label LEVI, seed 65, iteration 60, time: 12.999868392944336
Starting label LEVI, seed 65, iteration 70, time: 15.190063953399658
Starting label LEVI, seed 65, iteration 80, time: 17.34682273864746
Starting label LEVI, seed 65, iteration 90, time: 19.448378562927246
Starting label LEVI, seed 65, iteration 100, time: 21.659573554992676
Starting label LEVI, seed 65, iteration 110, time: 23.821086406707764
Starting label LEVI, seed 65, iteration 120, time: 25.99152898788452
Starting label LEVI, seed 65, iteration 130, time: 28.13533067703247
Starting label LEVI, seed 65, iteration 140, time: 30.345670700073242
Starting label LEVI, seed 65, iteration 150, time: 32.52862858772278
Starting label LEVI, seed 65, iteration 160, time: 34.66342377662659
Starting label LEVI, seed 65, iteration 170, time: 36.800533294677734
Starting label LEVI, seed 65, iteration 180, time: 38.96242904663086
Starting label LEVI, seed 65, iteration 190, time: 41.16572070121765
Starting label LEVI, seed 65, iteration 200, time: 43.319520235061646
Starting label LEVI, seed 65, iteration 210, time: 45.437825202941895
Starting label LEVI, seed 65, iteration 220, time: 47.59809112548828
Starting label LEVI, seed 65, iteration 230, time: 49.84529662132263
Starting label LEVI, seed 65, iteration 240, time: 52.04227662086487
Starting label LEVI, seed 65, iteration 250, time: 54.22493052482605
Starting label LEVI, seed 65, iteration 260, time: 56.378034591674805
Starting label LEVI, seed 65, iteration 270, time: 58.57657527923584
Starting label LEVI, seed 65, iteration 280, time: 60.77306032180786
Starting label LEVI, seed 65, iteration 290, time: 63.517704248428345
Starting label LEVI, seed 65, iteration 300, time: 65.73191285133362
Starting label LEVI, seed 65, iteration 310, time: 68.04786109924316
Starting label LEVI, seed 65, iteration 320, time: 70.2632143497467
Starting label LEVI, seed 65, iteration 330, time: 72.50471782684326
Starting label LEVI, seed 65, iteration 340, time: 74.75294065475464
Starting label LEVI, seed 65, iteration 350, time: 77.01916027069092
Starting label LEVI, seed 65, iteration 360, time: 79.25557684898376
Starting label LEVI, seed 65, iteration 370, time: 81.52416706085205
Starting label LEVI, seed 65, iteration 380, time: 83.8741979598999
Starting label LEVI, seed 65, iteration 390, time: 86.28060102462769
Starting label LEVI, seed 65, iteration 400, time: 88.70080590248108
Starting label LEVI, seed 65, iteration 410, time: 91.06340622901917
Starting label LEVI, seed 65, iteration 420, time: 93.39808917045593
Starting label LEVI, seed 65, iteration 430, time: 96.38677954673767
Starting label LEVI, seed 65, iteration 440, time: 98.99406862258911
Starting label LEVI, seed 65, iteration 450, time: 101.6142520904541
Starting label LEVI, seed 65, iteration 460, time: 104.22031331062317
Starting label LEVI, seed 65, iteration 470, time: 106.79620456695557
Starting label LEVI, seed 65, iteration 480, time: 109.36748147010803
Starting label LEVI, seed 65, iteration 490, time: 111.97403764724731
Starting label LEVI, seed 65, iteration 500, time: 114.55337166786194
Starting label LEVI, seed 65, iteration 510, time: 117.12690353393555
Starting label LEVI, seed 65, iteration 520, time: 119.74274635314941
Starting label LEVI, seed 65, iteration 530, time: 122.5512011051178
Starting label LEVI, seed 65, iteration 540, time: 125.22712922096252
Starting label LEVI, seed 65, iteration 550, time: 127.9796838760376
Starting label LEVI, seed 65, iteration 560, time: 130.76909470558167
Starting label LEVI, seed 65, iteration 570, time: 133.47424817085266
Starting label LEVI, seed 65, iteration 580, time: 136.21158051490784
Starting label LEVI, seed 65, iteration 590, time: 138.94447875022888
Starting label LEVI, seed 65, iteration 600, time: 141.72281312942505
Starting label LEVI, seed 65, iteration 610, time: 144.3260841369629
Starting label LEVI, seed 65, iteration 620, time: 147.08782076835632
Starting label LEVI, seed 65, iteration 630, time: 149.8543405532837
Starting label LEVI, seed 65, iteration 640, time: 152.63715267181396
Starting label LEVI, seed 65, iteration 650, time: 155.2332866191864
Starting label LEVI, seed 65, iteration 660, time: 157.9170219898224
Starting label LEVI, seed 65, iteration 670, time: 160.56666946411133
Starting label LEVI, seed 65, iteration 680, time: 163.18108677864075
Starting label LEVI, seed 65, iteration 690, time: 165.74960136413574
Starting label LEVI, seed 65, iteration 700, time: 168.39367055892944
Starting label LEVI, seed 65, iteration 710, time: 170.97345113754272
Starting label LEVI, seed 65, iteration 720, time: 173.49156761169434
Starting label LEVI, seed 65, iteration 730, time: 175.98603129386902
Starting label LEVI, seed 65, iteration 740, time: 178.5125572681427
Starting label LEVI, seed 65, iteration 750, time: 181.0222532749176
Starting label LEVI, seed 65, iteration 760, time: 183.57158851623535
Starting label LEVI, seed 65, iteration 770, time: 186.0183436870575
Starting label LEVI, seed 65, iteration 780, time: 188.52480506896973
Starting label LEVI, seed 65, iteration 790, time: 191.0590033531189
Starting label LEVI, seed 65, iteration 800, time: 193.6246907711029
Starting label LEVI, seed 65, iteration 810, time: 196.21406483650208
Starting label LEVI, seed 65, iteration 820, time: 198.7020046710968
Starting label LEVI, seed 65, iteration 830, time: 201.1755518913269
Starting label LEVI, seed 65, iteration 840, time: 203.709641456604
Starting label LEVI, seed 65, iteration 850, time: 206.26222324371338
Starting label LEVI, seed 65, iteration 860, time: 208.84286856651306
Starting label LEVI, seed 65, iteration 870, time: 211.46282744407654
Starting label LEVI, seed 65, iteration 880, time: 214.13061118125916
Starting label LEVI, seed 65, iteration 890, time: 216.85007095336914
Starting label LEVI, seed 65, iteration 900, time: 219.4378538131714
Starting label LEVI, seed 65, iteration 910, time: 222.05764603614807
Starting label LEVI, seed 65, iteration 920, time: 224.76800394058228
Starting label LEVI, seed 65, iteration 930, time: 227.4383406639099
Starting label LEVI, seed 65, iteration 940, time: 230.10698199272156
Starting label LEVI, seed 65, iteration 950, time: 233.90129923820496
Starting label LEVI, seed 65, iteration 960, time: 236.66201519966125
Starting label LEVI, seed 65, iteration 970, time: 240.27624917030334
Starting label LEVI, seed 65, iteration 980, time: 243.0309281349182
Starting label LEVI, seed 65, iteration 990, time: 245.72493410110474
Starting label LEVI, seed 65, iteration 1000, time: 248.50225138664246
Starting label LEVI, seed 65, iteration 1010, time: 251.3461456298828
Starting label LEVI, seed 65, iteration 1020, time: 254.14882063865662
Starting label LEVI, seed 65, iteration 1030, time: 256.92616868019104
Starting label LEVI, seed 65, iteration 1040, time: 259.7835977077484
Starting label LEVI, seed 65, iteration 1050, time: 262.5608365535736
Starting label LEVI, seed 65, iteration 1060, time: 265.4820168018341
Starting label LEVI, seed 65, iteration 1070, time: 268.2434878349304
Starting label LEVI, seed 65, iteration 1080, time: 271.08946919441223
Starting label LEVI, seed 65, iteration 1090, time: 273.9957535266876
Starting label LEVI, seed 65, iteration 1100, time: 276.88246846199036
Starting label LEVI, seed 65, iteration 1110, time: 279.775940656662
Starting label LEVI, seed 65, iteration 1120, time: 282.79419445991516
Starting label LEVI, seed 65, iteration 1130, time: 285.8456528186798
Starting label LEVI, seed 65, iteration 1140, time: 289.08218789100647
Starting label LEVI, seed 65, iteration 1150, time: 292.1199321746826
Starting label LEVI, seed 65, iteration 1160, time: 295.08319067955017
Starting label LEVI, seed 65, iteration 1170, time: 298.1216537952423
Starting label LEVI, seed 65, iteration 1180, time: 301.23944783210754
Starting label LEVI, seed 65, iteration 1190, time: 304.3350365161896
Starting label LEVI, seed 65, iteration 1200, time: 307.5479140281677
Starting label LEVI, seed 65, iteration 1210, time: 310.6245348453522
Starting label LEVI, seed 65, iteration 1220, time: 313.81364393234253
Starting label LEVI, seed 65, iteration 1230, time: 316.96984124183655
Starting label LEVI, seed 65, iteration 1240, time: 320.28037118911743
Starting label LEVI, seed 65, iteration 1250, time: 323.58696150779724
Starting label LEVI, seed 65, iteration 1260, time: 326.9759576320648
Starting label LEVI, seed 65, iteration 1270, time: 330.3487436771393
Starting label LEVI, seed 65, iteration 1280, time: 333.68815326690674
Starting label LEVI, seed 65, iteration 1290, time: 336.9349420070648
Starting label LEVI, seed 65, iteration 1300, time: 340.5863707065582
Starting label LEVI, seed 65, iteration 1310, time: 344.0737888813019
Starting label LEVI, seed 65, iteration 1320, time: 347.5039975643158
Starting label LEVI, seed 65, iteration 1330, time: 350.7822015285492
Starting label LEVI, seed 65, iteration 1340, time: 353.9795038700104
Starting label LEVI, seed 65, iteration 1350, time: 357.2749080657959
Starting label LEVI, seed 65, iteration 1360, time: 360.6799702644348
Starting label LEVI, seed 65, iteration 1370, time: 364.18724393844604
Starting label LEVI, seed 65, iteration 1380, time: 367.9957048892975
Starting label LEVI, seed 65, iteration 1390, time: 371.62740755081177
Starting label LEVI, seed 65, iteration 1400, time: 375.38656091690063
Starting label LEVI, seed 65, iteration 1410, time: 379.12725043296814
Starting label LEVI, seed 65, iteration 1420, time: 382.6911127567291
Starting label LEVI, seed 65, iteration 1430, time: 386.3662543296814
Starting label LEVI, seed 65, iteration 1440, time: 390.12101674079895
Starting label LEVI, seed 65, iteration 1450, time: 393.92482328414917
Starting label LEVI, seed 65, iteration 1460, time: 398.0141649246216
Starting label LEVI, seed 65, iteration 1470, time: 401.7802770137787
Starting label LEVI, seed 65, iteration 1480, time: 405.6930618286133
Starting label LEVI, seed 65, iteration 1490, time: 409.63193559646606
Starting label LEVI, seed 65, iteration 1500, time: 413.4316246509552
Starting label LEVI, seed 65, iteration 1510, time: 417.4001715183258
Starting label LEVI, seed 65, iteration 1520, time: 421.50183033943176
Starting label LEVI, seed 65, iteration 1530, time: 425.75580739974976
Starting label LEVI, seed 65, iteration 1540, time: 429.601047039032
Starting label LEVI, seed 65, iteration 1550, time: 433.5976617336273
Starting label LEVI, seed 65, iteration 1560, time: 437.5920286178589
Starting label LEVI, seed 65, iteration 1570, time: 441.7080821990967
Starting label LEVI, seed 65, iteration 1580, time: 445.71213817596436
Starting label LEVI, seed 65, iteration 1590, time: 449.8849835395813
Starting label LEVI, seed 65, iteration 1600, time: 454.0061695575714
Starting label LEVI, seed 65, iteration 1610, time: 458.1220326423645
Starting label LEVI, seed 65, iteration 1620, time: 462.3055055141449
Starting label LEVI, seed 65, iteration 1630, time: 466.6854693889618
Starting label LEVI, seed 65, iteration 1640, time: 471.0800006389618
Starting label LEVI, seed 65, iteration 1650, time: 475.55193877220154
Starting label LEVI, seed 65, iteration 1660, time: 480.09179639816284
Starting label LEVI, seed 65, iteration 1670, time: 484.57277846336365
Starting label LEVI, seed 65, iteration 1680, time: 489.2977612018585
Starting label LEVI, seed 65, iteration 1690, time: 493.73495292663574
Starting label LEVI, seed 65, iteration 1700, time: 498.09383177757263
Starting label LEVI, seed 65, iteration 1710, time: 502.7904007434845
Starting label LEVI, seed 65, iteration 1720, time: 507.01607847213745
Starting label LEVI, seed 65, iteration 1730, time: 511.6376440525055
Starting label LEVI, seed 65, iteration 1740, time: 515.986200094223
Starting label LEVI, seed 65, iteration 1750, time: 520.6931428909302
Starting label LEVI, seed 65, iteration 1760, time: 525.485241651535
Starting label LEVI, seed 65, iteration 1770, time: 530.1307845115662
Starting label LEVI, seed 65, iteration 1780, time: 535.2048091888428
Starting label LEVI, seed 65, iteration 1790, time: 540.0753152370453
Starting label LEVI, seed 65, iteration 1800, time: 544.8416318893433
Starting label LEVI, seed 65, iteration 1810, time: 549.640506029129
Starting label LEVI, seed 65, iteration 1820, time: 554.267427444458
Starting label LEVI, seed 65, iteration 1830, time: 559.084442615509
Starting label LEVI, seed 65, iteration 1840, time: 563.8419101238251
Starting label LEVI, seed 65, iteration 1850, time: 568.7855622768402
Starting label LEVI, seed 65, iteration 1860, time: 573.9991507530212
Starting label LEVI, seed 65, iteration 1870, time: 578.9629590511322
Starting label LEVI, seed 65, iteration 1880, time: 583.8766493797302
Starting label LEVI, seed 65, iteration 1890, time: 589.1512560844421
Starting label LEVI, seed 65, iteration 1900, time: 594.0480868816376
Starting label LEVI, seed 65, iteration 1910, time: 598.7959403991699
Starting label LEVI, seed 65, iteration 1920, time: 603.7807612419128
Starting label LEVI, seed 65, iteration 1930, time: 608.4093689918518
Starting label LEVI, seed 65, iteration 1940, time: 613.2866683006287
Starting label LEVI, seed 65, iteration 1950, time: 617.8043353557587
Starting label LEVI, seed 65, iteration 1960, time: 622.250161409378
Starting label LEVI, seed 65, iteration 1970, time: 627.0248260498047
Starting label LEVI, seed 65, iteration 1980, time: 631.8622336387634
Starting label LEVI, seed 65, iteration 1990, time: 636.420015335083
submitit INFO (2022-10-02 00:24:30,825) - Job completed successfully
