submitit INFO (2022-10-02 00:56:36,387) - Starting with JobEnvironment(job_id=883357_6, hostname=harpo.cs.cornell.edu, local_rank=0(1), node=0(1), global_rank=0(1))
submitit INFO (2022-10-02 00:56:36,388) - Loading pickle: /home/gid-cakmaks/contextual_rs/experiments/wsc_experiments/logs/883357_6/883357_6_submitted.pkl
Starting label LEVI, seed 36, iteration 0, time: 0.0008063316345214844
Starting label LEVI, seed 36, iteration 10, time: 3.187562942504883
Starting label LEVI, seed 36, iteration 20, time: 6.231093406677246
Starting label LEVI, seed 36, iteration 30, time: 9.335654497146606
Starting label LEVI, seed 36, iteration 40, time: 12.43594765663147
Starting label LEVI, seed 36, iteration 50, time: 15.387426137924194
Starting label LEVI, seed 36, iteration 60, time: 18.520570278167725
Starting label LEVI, seed 36, iteration 70, time: 21.488155603408813
Starting label LEVI, seed 36, iteration 80, time: 24.576918840408325
Starting label LEVI, seed 36, iteration 90, time: 27.61829948425293
Starting label LEVI, seed 36, iteration 100, time: 30.663238763809204
Starting label LEVI, seed 36, iteration 110, time: 33.7019259929657
Starting label LEVI, seed 36, iteration 120, time: 36.67515707015991
Starting label LEVI, seed 36, iteration 130, time: 39.724802017211914
Starting label LEVI, seed 36, iteration 140, time: 42.895658016204834
Starting label LEVI, seed 36, iteration 150, time: 45.94208073616028
Starting label LEVI, seed 36, iteration 160, time: 49.01423263549805
Starting label LEVI, seed 36, iteration 170, time: 52.079543113708496
Starting label LEVI, seed 36, iteration 180, time: 55.21304154396057
Starting label LEVI, seed 36, iteration 190, time: 58.803954124450684
Starting label LEVI, seed 36, iteration 200, time: 62.29184365272522
Starting label LEVI, seed 36, iteration 210, time: 66.05914378166199
Starting label LEVI, seed 36, iteration 220, time: 69.50859355926514
Starting label LEVI, seed 36, iteration 230, time: 73.56389498710632
Starting label LEVI, seed 36, iteration 240, time: 77.28270411491394
Starting label LEVI, seed 36, iteration 250, time: 81.52046537399292
Starting label LEVI, seed 36, iteration 260, time: 85.62701344490051
Starting label LEVI, seed 36, iteration 270, time: 90.22880172729492
Starting label LEVI, seed 36, iteration 280, time: 93.793781042099
Starting label LEVI, seed 36, iteration 290, time: 97.21637201309204
Starting label LEVI, seed 36, iteration 300, time: 100.94075202941895
Starting label LEVI, seed 36, iteration 310, time: 104.96736574172974
Starting label LEVI, seed 36, iteration 320, time: 108.38288354873657
Starting label LEVI, seed 36, iteration 330, time: 111.68880939483643
Starting label LEVI, seed 36, iteration 340, time: 114.9876503944397
Starting label LEVI, seed 36, iteration 350, time: 118.26939296722412
Starting label LEVI, seed 36, iteration 360, time: 121.62717819213867
Starting label LEVI, seed 36, iteration 370, time: 125.19911742210388
Starting label LEVI, seed 36, iteration 380, time: 129.02430391311646
Starting label LEVI, seed 36, iteration 390, time: 132.7533266544342
Starting label LEVI, seed 36, iteration 400, time: 136.21816754341125
Starting label LEVI, seed 36, iteration 410, time: 139.60998010635376
Starting label LEVI, seed 36, iteration 420, time: 143.51604747772217
Starting label LEVI, seed 36, iteration 430, time: 147.21794772148132
Starting label LEVI, seed 36, iteration 440, time: 150.83478307724
Starting label LEVI, seed 36, iteration 450, time: 154.51091504096985
Starting label LEVI, seed 36, iteration 460, time: 158.21217012405396
Starting label LEVI, seed 36, iteration 470, time: 161.97155928611755
Starting label LEVI, seed 36, iteration 480, time: 165.70771646499634
Starting label LEVI, seed 36, iteration 490, time: 169.4180850982666
Starting label LEVI, seed 36, iteration 500, time: 172.91449618339539
Starting label LEVI, seed 36, iteration 510, time: 177.46811819076538
Starting label LEVI, seed 36, iteration 520, time: 182.45267248153687
Starting label LEVI, seed 36, iteration 530, time: 186.57276248931885
Starting label LEVI, seed 36, iteration 540, time: 191.05451774597168
Starting label LEVI, seed 36, iteration 550, time: 195.61180329322815
Starting label LEVI, seed 36, iteration 560, time: 200.96365571022034
Starting label LEVI, seed 36, iteration 570, time: 205.67089319229126
Starting label LEVI, seed 36, iteration 580, time: 210.68334984779358
Starting label LEVI, seed 36, iteration 590, time: 215.35478258132935
Starting label LEVI, seed 36, iteration 600, time: 220.26795029640198
Starting label LEVI, seed 36, iteration 610, time: 225.64095282554626
Starting label LEVI, seed 36, iteration 620, time: 231.34110164642334
Starting label LEVI, seed 36, iteration 630, time: 236.32165455818176
Starting label LEVI, seed 36, iteration 640, time: 241.27685642242432
Starting label LEVI, seed 36, iteration 650, time: 247.6871645450592
Starting label LEVI, seed 36, iteration 660, time: 253.0515158176422
Starting label LEVI, seed 36, iteration 670, time: 257.73607087135315
Starting label LEVI, seed 36, iteration 680, time: 263.68423080444336
Starting label LEVI, seed 36, iteration 690, time: 268.97072315216064
Starting label LEVI, seed 36, iteration 700, time: 273.9882547855377
Starting label LEVI, seed 36, iteration 710, time: 279.1776113510132
Starting label LEVI, seed 36, iteration 720, time: 284.520955324173
Starting label LEVI, seed 36, iteration 730, time: 289.41086053848267
Starting label LEVI, seed 36, iteration 740, time: 295.387149810791
Starting label LEVI, seed 36, iteration 750, time: 301.6603937149048
Starting label LEVI, seed 36, iteration 760, time: 306.42111682891846
Starting label LEVI, seed 36, iteration 770, time: 311.49860167503357
Starting label LEVI, seed 36, iteration 780, time: 316.47842931747437
Starting label LEVI, seed 36, iteration 790, time: 321.5990698337555
Starting label LEVI, seed 36, iteration 800, time: 326.4101822376251
Starting label LEVI, seed 36, iteration 810, time: 331.84727334976196
Starting label LEVI, seed 36, iteration 820, time: 336.6853537559509
Starting label LEVI, seed 36, iteration 830, time: 341.49342918395996
Starting label LEVI, seed 36, iteration 840, time: 346.4705653190613
Starting label LEVI, seed 36, iteration 850, time: 351.88325810432434
Starting label LEVI, seed 36, iteration 860, time: 357.8639495372772
Starting label LEVI, seed 36, iteration 870, time: 363.317236661911
Starting label LEVI, seed 36, iteration 880, time: 369.0748116970062
Starting label LEVI, seed 36, iteration 890, time: 374.66055560112
Starting label LEVI, seed 36, iteration 900, time: 380.55944299697876
Starting label LEVI, seed 36, iteration 910, time: 386.4234402179718
Starting label LEVI, seed 36, iteration 920, time: 391.9146776199341
Starting label LEVI, seed 36, iteration 930, time: 398.13481521606445
Starting label LEVI, seed 36, iteration 940, time: 404.37095880508423
Starting label LEVI, seed 36, iteration 950, time: 410.3933787345886
Starting label LEVI, seed 36, iteration 960, time: 417.55713534355164
Starting label LEVI, seed 36, iteration 970, time: 424.17267417907715
Starting label LEVI, seed 36, iteration 980, time: 430.92840933799744
Starting label LEVI, seed 36, iteration 990, time: 437.6335439682007
Starting label LEVI, seed 36, iteration 1000, time: 443.75117349624634
Starting label LEVI, seed 36, iteration 1010, time: 450.0412027835846
Starting label LEVI, seed 36, iteration 1020, time: 456.60902428627014
Starting label LEVI, seed 36, iteration 1030, time: 463.67720079421997
Starting label LEVI, seed 36, iteration 1040, time: 470.6672067642212
Starting label LEVI, seed 36, iteration 1050, time: 476.81630754470825
Starting label LEVI, seed 36, iteration 1060, time: 482.34001421928406
Starting label LEVI, seed 36, iteration 1070, time: 488.0812084674835
Starting label LEVI, seed 36, iteration 1080, time: 494.62412548065186
Starting label LEVI, seed 36, iteration 1090, time: 501.52328085899353
Starting label LEVI, seed 36, iteration 1100, time: 508.2717580795288
Starting label LEVI, seed 36, iteration 1110, time: 515.3156192302704
Starting label LEVI, seed 36, iteration 1120, time: 522.6661546230316
Starting label LEVI, seed 36, iteration 1130, time: 530.7129948139191
Starting label LEVI, seed 36, iteration 1140, time: 537.2222399711609
Starting label LEVI, seed 36, iteration 1150, time: 544.2122642993927
Starting label LEVI, seed 36, iteration 1160, time: 551.8996255397797
Starting label LEVI, seed 36, iteration 1170, time: 558.6705794334412
Starting label LEVI, seed 36, iteration 1180, time: 565.6478428840637
Starting label LEVI, seed 36, iteration 1190, time: 572.6631729602814
Starting label LEVI, seed 36, iteration 1200, time: 579.8346288204193
Starting label LEVI, seed 36, iteration 1210, time: 587.8077538013458
Starting label LEVI, seed 36, iteration 1220, time: 595.0031254291534
Starting label LEVI, seed 36, iteration 1230, time: 602.5129647254944
Starting label LEVI, seed 36, iteration 1240, time: 610.5730874538422
Starting label LEVI, seed 36, iteration 1250, time: 619.0349788665771
Starting label LEVI, seed 36, iteration 1260, time: 627.017525434494
Starting label LEVI, seed 36, iteration 1270, time: 634.851114988327
Starting label LEVI, seed 36, iteration 1280, time: 644.1249232292175
Starting label LEVI, seed 36, iteration 1290, time: 652.9714241027832
Starting label LEVI, seed 36, iteration 1300, time: 662.2088041305542
Starting label LEVI, seed 36, iteration 1310, time: 671.2232143878937
Starting label LEVI, seed 36, iteration 1320, time: 679.3672533035278
Starting label LEVI, seed 36, iteration 1330, time: 689.4573867321014
Starting label LEVI, seed 36, iteration 1340, time: 698.8275933265686
Starting label LEVI, seed 36, iteration 1350, time: 706.6211688518524
Starting label LEVI, seed 36, iteration 1360, time: 715.5458793640137
Starting label LEVI, seed 36, iteration 1370, time: 724.2317616939545
Starting label LEVI, seed 36, iteration 1380, time: 732.0752573013306
Starting label LEVI, seed 36, iteration 1390, time: 740.3595449924469
Starting label LEVI, seed 36, iteration 1400, time: 750.1078209877014
Starting label LEVI, seed 36, iteration 1410, time: 759.2407581806183
Starting label LEVI, seed 36, iteration 1420, time: 768.7247049808502
Starting label LEVI, seed 36, iteration 1430, time: 778.2540843486786
Starting label LEVI, seed 36, iteration 1440, time: 789.6387987136841
Starting label LEVI, seed 36, iteration 1450, time: 799.8309011459351
Starting label LEVI, seed 36, iteration 1460, time: 809.4111676216125
Starting label LEVI, seed 36, iteration 1470, time: 818.2945535182953
Starting label LEVI, seed 36, iteration 1480, time: 828.799379825592
Starting label LEVI, seed 36, iteration 1490, time: 839.7239921092987
Starting label LEVI, seed 36, iteration 1500, time: 848.6930446624756
Starting label LEVI, seed 36, iteration 1510, time: 859.4914298057556
Starting label LEVI, seed 36, iteration 1520, time: 868.652960062027
Starting label LEVI, seed 36, iteration 1530, time: 880.2092621326447
Starting label LEVI, seed 36, iteration 1540, time: 893.2876377105713
Starting label LEVI, seed 36, iteration 1550, time: 904.0125641822815
Starting label LEVI, seed 36, iteration 1560, time: 914.8543839454651
Starting label LEVI, seed 36, iteration 1570, time: 926.8056540489197
Starting label LEVI, seed 36, iteration 1580, time: 936.4412302970886
Starting label LEVI, seed 36, iteration 1590, time: 949.5091409683228
Starting label LEVI, seed 36, iteration 1600, time: 962.5881338119507
Starting label LEVI, seed 36, iteration 1610, time: 976.3569152355194
Starting label LEVI, seed 36, iteration 1620, time: 990.4409790039062
Starting label LEVI, seed 36, iteration 1630, time: 1003.4249544143677
Starting label LEVI, seed 36, iteration 1640, time: 1015.3108446598053
Starting label LEVI, seed 36, iteration 1650, time: 1027.2468647956848
Starting label LEVI, seed 36, iteration 1660, time: 1038.869738817215
Starting label LEVI, seed 36, iteration 1670, time: 1051.2863428592682
Starting label LEVI, seed 36, iteration 1680, time: 1064.9855070114136
Starting label LEVI, seed 36, iteration 1690, time: 1077.8593649864197
Starting label LEVI, seed 36, iteration 1700, time: 1089.5493297576904
Starting label LEVI, seed 36, iteration 1710, time: 1101.8201522827148
Starting label LEVI, seed 36, iteration 1720, time: 1118.116821050644
Starting label LEVI, seed 36, iteration 1730, time: 1129.4936351776123
Starting label LEVI, seed 36, iteration 1740, time: 1141.5009689331055
Starting label LEVI, seed 36, iteration 1750, time: 1157.1653385162354
Starting label LEVI, seed 36, iteration 1760, time: 1174.121558189392
Starting label LEVI, seed 36, iteration 1770, time: 1187.333803653717
Starting label LEVI, seed 36, iteration 1780, time: 1201.2121737003326
Starting label LEVI, seed 36, iteration 1790, time: 1216.6464517116547
Starting label LEVI, seed 36, iteration 1800, time: 1228.02632188797
Starting label LEVI, seed 36, iteration 1810, time: 1243.2622425556183
Starting label LEVI, seed 36, iteration 1820, time: 1258.9724974632263
Starting label LEVI, seed 36, iteration 1830, time: 1273.4492151737213
Starting label LEVI, seed 36, iteration 1840, time: 1292.0980632305145
Starting label LEVI, seed 36, iteration 1850, time: 1307.392572402954
Starting label LEVI, seed 36, iteration 1860, time: 1322.3011345863342
Starting label LEVI, seed 36, iteration 1870, time: 1337.7761273384094
Starting label LEVI, seed 36, iteration 1880, time: 1351.8685586452484
Starting label LEVI, seed 36, iteration 1890, time: 1366.5525424480438
Starting label LEVI, seed 36, iteration 1900, time: 1382.1032905578613
Starting label LEVI, seed 36, iteration 1910, time: 1400.218738079071
Starting label LEVI, seed 36, iteration 1920, time: 1419.909564256668
Starting label LEVI, seed 36, iteration 1930, time: 1434.494117975235
Starting label LEVI, seed 36, iteration 1940, time: 1453.328533411026
Starting label LEVI, seed 36, iteration 1950, time: 1473.0040819644928
Starting label LEVI, seed 36, iteration 1960, time: 1488.7733738422394
Starting label LEVI, seed 36, iteration 1970, time: 1509.9830548763275
Starting label LEVI, seed 36, iteration 1980, time: 1530.2751395702362
Starting label LEVI, seed 36, iteration 1990, time: 1551.6776359081268
submitit WARNING (2022-10-02 01:22:36,209) - Bypassing signal SIGTERM
submitit WARNING (2022-10-02 01:22:36,209) - Bypassing signal SIGCONT
submitit INFO (2022-10-02 01:22:53,563) - Job completed successfully
