submitit INFO (2022-10-02 02:25:17,353) - Starting with JobEnvironment(job_id=883715_8, hostname=lecun.cs.cornell.edu, local_rank=0(1), node=0(1), global_rank=0(1))
submitit INFO (2022-10-02 02:25:17,353) - Loading pickle: /home/gid-cakmaks/contextual_rs/experiments/wsc_experiments/logs/883715_8/883715_8_submitted.pkl
Appending iterations to existing output!Warning: If parameters other than `iterations` have been changed, this will corrupt the output!
Starting label LEVI, seed 69, iteration 1130, time: 385.2186498641968
Starting label LEVI, seed 69, iteration 1140, time: 464.77672386169434
Starting label LEVI, seed 69, iteration 1150, time: 510.43431425094604
Starting label LEVI, seed 69, iteration 1160, time: 604.5676560401917
Starting label LEVI, seed 69, iteration 1170, time: 686.9647850990295
Starting label LEVI, seed 69, iteration 1180, time: 766.5799281597137
Starting label LEVI, seed 69, iteration 1190, time: 850.1896982192993
Starting label LEVI, seed 69, iteration 1200, time: 939.5351984500885
Starting label LEVI, seed 69, iteration 1210, time: 1019.4684715270996
Starting label LEVI, seed 69, iteration 1220, time: 1110.382982969284
Starting label LEVI, seed 69, iteration 1230, time: 1188.9003658294678
Starting label LEVI, seed 69, iteration 1240, time: 1265.6725482940674
Starting label LEVI, seed 69, iteration 1250, time: 1349.5595345497131
Starting label LEVI, seed 69, iteration 1260, time: 1435.8951680660248
Starting label LEVI, seed 69, iteration 1270, time: 1521.7287805080414
Starting label LEVI, seed 69, iteration 1280, time: 1609.540528535843
Starting label LEVI, seed 69, iteration 1290, time: 1664.6851296424866
Starting label LEVI, seed 69, iteration 1300, time: 1679.9817724227905
Starting label LEVI, seed 69, iteration 1310, time: 1744.7318449020386
Starting label LEVI, seed 69, iteration 1320, time: 1759.8719701766968
Starting label LEVI, seed 69, iteration 1330, time: 1846.3366923332214
Starting label LEVI, seed 69, iteration 1340, time: 1934.1649804115295
Starting label LEVI, seed 69, iteration 1350, time: 2012.7659652233124
Starting label LEVI, seed 69, iteration 1360, time: 2041.1371381282806
Starting label LEVI, seed 69, iteration 1370, time: 2073.001054286957
Starting label LEVI, seed 69, iteration 1380, time: 2141.18261051178
Starting label LEVI, seed 69, iteration 1390, time: 2210.7617049217224
Starting label LEVI, seed 69, iteration 1400, time: 2298.62882065773
Starting label LEVI, seed 69, iteration 1410, time: 2379.7412073612213
Starting label LEVI, seed 69, iteration 1420, time: 2460.3070406913757
Starting label LEVI, seed 69, iteration 1430, time: 2533.502378463745
Starting label LEVI, seed 69, iteration 1440, time: 2628.2855508327484
Starting label LEVI, seed 69, iteration 1450, time: 2719.61803150177
Starting label LEVI, seed 69, iteration 1460, time: 2799.640916824341
Starting label LEVI, seed 69, iteration 1470, time: 2891.8142879009247
Starting label LEVI, seed 69, iteration 1480, time: 2982.8056089878082
Starting label LEVI, seed 69, iteration 1490, time: 3074.1971142292023
Starting label LEVI, seed 69, iteration 1500, time: 3166.4816739559174
Starting label LEVI, seed 69, iteration 1510, time: 3224.760468482971
Starting label LEVI, seed 69, iteration 1520, time: 3242.693958759308
Starting label LEVI, seed 69, iteration 1530, time: 3267.194475889206
Starting label LEVI, seed 69, iteration 1540, time: 3284.78293800354
Starting label LEVI, seed 69, iteration 1550, time: 3334.350844860077
Starting label LEVI, seed 69, iteration 1560, time: 3353.2394835948944
submitit WARNING (2022-10-02 03:15:39,572) - Bypassing signal SIGTERM
submitit WARNING (2022-10-02 03:15:39,576) - Bypassing signal SIGCONT
Starting label LEVI, seed 69, iteration 1570, time: 3434.3781378269196
