submitit INFO (2022-10-02 03:22:35,083) - Starting with JobEnvironment(job_id=883884_0, hostname=g2-compute-97.coecis.cornell.edu, local_rank=0(1), node=0(1), global_rank=0(1))
submitit INFO (2022-10-02 03:22:35,084) - Loading pickle: /home/gid-cakmaks/contextual_rs/experiments/wsc_experiments/logs/883884_0/883884_0_submitted.pkl
Starting label LEVI, seed 90, iteration 0, time: 0.0004019737243652344
Starting label LEVI, seed 90, iteration 10, time: 2.2078332901000977
Starting label LEVI, seed 90, iteration 20, time: 4.437455654144287
Starting label LEVI, seed 90, iteration 30, time: 6.631404876708984
Starting label LEVI, seed 90, iteration 40, time: 8.819490671157837
Starting label LEVI, seed 90, iteration 50, time: 10.979080200195312
Starting label LEVI, seed 90, iteration 60, time: 13.225995540618896
Starting label LEVI, seed 90, iteration 70, time: 15.45329999923706
Starting label LEVI, seed 90, iteration 80, time: 17.679879188537598
Starting label LEVI, seed 90, iteration 90, time: 19.880353927612305
Starting label LEVI, seed 90, iteration 100, time: 22.158519744873047
Starting label LEVI, seed 90, iteration 110, time: 24.46398615837097
Starting label LEVI, seed 90, iteration 120, time: 26.821721076965332
Starting label LEVI, seed 90, iteration 130, time: 29.16425085067749
Starting label LEVI, seed 90, iteration 140, time: 31.609283685684204
Starting label LEVI, seed 90, iteration 150, time: 34.027737617492676
Starting label LEVI, seed 90, iteration 160, time: 36.41968750953674
Starting label LEVI, seed 90, iteration 170, time: 38.83716607093811
Starting label LEVI, seed 90, iteration 180, time: 41.191088914871216
Starting label LEVI, seed 90, iteration 190, time: 43.62608528137207
Starting label LEVI, seed 90, iteration 200, time: 45.98248744010925
Starting label LEVI, seed 90, iteration 210, time: 48.38489508628845
Starting label LEVI, seed 90, iteration 220, time: 50.94639825820923
Starting label LEVI, seed 90, iteration 230, time: 53.43518948554993
Starting label LEVI, seed 90, iteration 240, time: 55.9364173412323
Starting label LEVI, seed 90, iteration 250, time: 58.388895988464355
Starting label LEVI, seed 90, iteration 260, time: 60.9053795337677
Starting label LEVI, seed 90, iteration 270, time: 63.61080026626587
Starting label LEVI, seed 90, iteration 280, time: 66.11375379562378
Starting label LEVI, seed 90, iteration 290, time: 68.81126809120178
Starting label LEVI, seed 90, iteration 300, time: 71.60396647453308
Starting label LEVI, seed 90, iteration 310, time: 74.32670664787292
Starting label LEVI, seed 90, iteration 320, time: 76.99935340881348
Starting label LEVI, seed 90, iteration 330, time: 79.81105303764343
Starting label LEVI, seed 90, iteration 340, time: 82.57911443710327
Starting label LEVI, seed 90, iteration 350, time: 85.50887966156006
Starting label LEVI, seed 90, iteration 360, time: 88.28143095970154
Starting label LEVI, seed 90, iteration 370, time: 91.31640005111694
Starting label LEVI, seed 90, iteration 380, time: 94.38102197647095
Starting label LEVI, seed 90, iteration 390, time: 97.48558592796326
Starting label LEVI, seed 90, iteration 400, time: 100.4785008430481
Starting label LEVI, seed 90, iteration 410, time: 103.37194800376892
Starting label LEVI, seed 90, iteration 420, time: 106.37208223342896
Starting label LEVI, seed 90, iteration 430, time: 109.56320309638977
Starting label LEVI, seed 90, iteration 440, time: 112.8797767162323
Starting label LEVI, seed 90, iteration 450, time: 116.26011729240417
Starting label LEVI, seed 90, iteration 460, time: 119.67847490310669
Starting label LEVI, seed 90, iteration 470, time: 123.26888227462769
Starting label LEVI, seed 90, iteration 480, time: 126.8309166431427
Starting label LEVI, seed 90, iteration 490, time: 130.57967495918274
Starting label LEVI, seed 90, iteration 500, time: 133.97433280944824
submitit WARNING (2022-10-02 03:24:53,454) - Bypassing signal SIGCONT
submitit WARNING (2022-10-02 03:24:53,477) - Bypassing signal SIGTERM
Starting label LEVI, seed 90, iteration 510, time: 137.49538707733154
Starting label LEVI, seed 90, iteration 520, time: 141.71956515312195
Starting label LEVI, seed 90, iteration 530, time: 145.84807920455933
Starting label LEVI, seed 90, iteration 540, time: 149.80893540382385
Starting label LEVI, seed 90, iteration 550, time: 153.96560382843018
Starting label LEVI, seed 90, iteration 560, time: 157.67199087142944
Starting label LEVI, seed 90, iteration 570, time: 162.16539692878723
