submitit INFO (2022-10-02 01:19:25,038) - Starting with JobEnvironment(job_id=883390_4, hostname=rush-compute-01.tech.cornell.edu, local_rank=0(1), node=0(1), global_rank=0(1))
submitit INFO (2022-10-02 01:19:25,039) - Loading pickle: /home/gid-cakmaks/contextual_rs/experiments/wsc_experiments/logs/883390_4/883390_4_submitted.pkl
Starting label LEVI, seed 74, iteration 0, time: 0.01414632797241211
Starting label LEVI, seed 74, iteration 10, time: 3.056082010269165
Starting label LEVI, seed 74, iteration 20, time: 6.053195238113403
Starting label LEVI, seed 74, iteration 30, time: 9.151439428329468
Starting label LEVI, seed 74, iteration 40, time: 12.016863584518433
Starting label LEVI, seed 74, iteration 50, time: 14.929908990859985
Starting label LEVI, seed 74, iteration 60, time: 18.12952995300293
Starting label LEVI, seed 74, iteration 70, time: 21.25830602645874
Starting label LEVI, seed 74, iteration 80, time: 24.299248456954956
Starting label LEVI, seed 74, iteration 90, time: 27.397958755493164
Starting label LEVI, seed 74, iteration 100, time: 30.491944074630737
Starting label LEVI, seed 74, iteration 110, time: 33.35580563545227
Starting label LEVI, seed 74, iteration 120, time: 36.416802167892456
Starting label LEVI, seed 74, iteration 130, time: 39.56488299369812
Starting label LEVI, seed 74, iteration 140, time: 42.96182346343994
Starting label LEVI, seed 74, iteration 150, time: 46.33147144317627
Starting label LEVI, seed 74, iteration 160, time: 49.509607553482056
Starting label LEVI, seed 74, iteration 170, time: 52.838427782058716
Starting label LEVI, seed 74, iteration 180, time: 56.381837606430054
Starting label LEVI, seed 74, iteration 190, time: 59.816144704818726
Starting label LEVI, seed 74, iteration 200, time: 63.51039958000183
Starting label LEVI, seed 74, iteration 210, time: 66.89084649085999
Starting label LEVI, seed 74, iteration 220, time: 70.38529086112976
Starting label LEVI, seed 74, iteration 230, time: 73.78553056716919
Starting label LEVI, seed 74, iteration 240, time: 77.05225014686584
Starting label LEVI, seed 74, iteration 250, time: 80.28445029258728
Starting label LEVI, seed 74, iteration 260, time: 83.60050678253174
Starting label LEVI, seed 74, iteration 270, time: 86.9844298362732
Starting label LEVI, seed 74, iteration 280, time: 90.41239166259766
Starting label LEVI, seed 74, iteration 290, time: 93.8148832321167
Starting label LEVI, seed 74, iteration 300, time: 97.26819825172424
Starting label LEVI, seed 74, iteration 310, time: 100.76869821548462
Starting label LEVI, seed 74, iteration 320, time: 103.98615050315857
Starting label LEVI, seed 74, iteration 330, time: 107.43324756622314
Starting label LEVI, seed 74, iteration 340, time: 111.12568402290344
Starting label LEVI, seed 74, iteration 350, time: 114.75754618644714
Starting label LEVI, seed 74, iteration 360, time: 118.38575673103333
Starting label LEVI, seed 74, iteration 370, time: 121.73577332496643
Starting label LEVI, seed 74, iteration 380, time: 125.7072913646698
Starting label LEVI, seed 74, iteration 390, time: 129.41549277305603
Starting label LEVI, seed 74, iteration 400, time: 132.9496030807495
Starting label LEVI, seed 74, iteration 410, time: 136.65791416168213
Starting label LEVI, seed 74, iteration 420, time: 140.34566354751587
Starting label LEVI, seed 74, iteration 430, time: 143.85846781730652
Starting label LEVI, seed 74, iteration 440, time: 147.62982606887817
Starting label LEVI, seed 74, iteration 450, time: 151.62033772468567
Starting label LEVI, seed 74, iteration 460, time: 155.4436218738556
Starting label LEVI, seed 74, iteration 470, time: 159.0887303352356
Starting label LEVI, seed 74, iteration 480, time: 162.81832671165466
Starting label LEVI, seed 74, iteration 490, time: 166.91588234901428
Starting label LEVI, seed 74, iteration 500, time: 170.8420684337616
Starting label LEVI, seed 74, iteration 510, time: 174.77593612670898
Starting label LEVI, seed 74, iteration 520, time: 178.54045009613037
Starting label LEVI, seed 74, iteration 530, time: 182.74824929237366
Starting label LEVI, seed 74, iteration 540, time: 186.64357566833496
submitit WARNING (2022-10-02 01:22:36,073) - Bypassing signal SIGCONT
submitit WARNING (2022-10-02 01:22:36,138) - Bypassing signal SIGTERM
Starting label LEVI, seed 74, iteration 550, time: 190.78401017189026
Starting label LEVI, seed 74, iteration 560, time: 194.89150619506836
Starting label LEVI, seed 74, iteration 570, time: 199.05754780769348
Starting label LEVI, seed 74, iteration 580, time: 203.71477270126343
Starting label LEVI, seed 74, iteration 590, time: 208.14721059799194
Starting label LEVI, seed 74, iteration 600, time: 212.60677433013916
Starting label LEVI, seed 74, iteration 610, time: 217.21255731582642
