submitit INFO (2022-10-02 03:21:35,239) - Starting with JobEnvironment(job_id=883843_3, hostname=sablab-gpu-06.ece.cornell.edu, local_rank=0(1), node=0(1), global_rank=0(1))
submitit INFO (2022-10-02 03:21:35,239) - Loading pickle: /home/gid-cakmaks/contextual_rs/experiments/wsc_experiments/logs/883843_3/883843_3_submitted.pkl
Appending iterations to existing output!Warning: If parameters other than `iterations` have been changed, this will corrupt the output!
Starting label LEVI, seed 36, iteration 570, time: 1664.9181079864502
Starting label LEVI, seed 36, iteration 580, time: 1669.5112929344177
Starting label LEVI, seed 36, iteration 590, time: 1673.7464118003845
Starting label LEVI, seed 36, iteration 600, time: 1678.2022411823273
Starting label LEVI, seed 36, iteration 610, time: 1682.3835167884827
Starting label LEVI, seed 36, iteration 620, time: 1686.7499070167542
Starting label LEVI, seed 36, iteration 630, time: 1690.6700723171234
Starting label LEVI, seed 36, iteration 640, time: 1695.1891694068909
Starting label LEVI, seed 36, iteration 650, time: 1699.7299330234528
Starting label LEVI, seed 36, iteration 660, time: 1704.2446475028992
Starting label LEVI, seed 36, iteration 670, time: 1709.1048588752747
Starting label LEVI, seed 36, iteration 680, time: 1713.9435002803802
submitit WARNING (2022-10-02 03:22:27,565) - Bypassing signal SIGCONT
submitit WARNING (2022-10-02 03:22:27,660) - Bypassing signal SIGTERM
Starting label LEVI, seed 36, iteration 690, time: 1718.798160791397
Starting label LEVI, seed 36, iteration 700, time: 1723.1611893177032
Starting label LEVI, seed 36, iteration 710, time: 1727.6794109344482
Starting label LEVI, seed 36, iteration 720, time: 1732.1467669010162
Starting label LEVI, seed 36, iteration 730, time: 1736.5321316719055
Starting label LEVI, seed 36, iteration 740, time: 1741.4718618392944
