submitit INFO (2022-10-02 13:26:32,152) - Starting with JobEnvironment(job_id=884521_0, hostname=nikola-compute-03.cs.cornell.edu, local_rank=0(1), node=0(1), global_rank=0(1))
submitit INFO (2022-10-02 13:26:32,152) - Loading pickle: /home/gid-cakmaks/contextual_rs/experiments/wsc_experiments/logs/884521_0/884521_0_submitted.pkl
Appending iterations to existing output!Warning: If parameters other than `iterations` have been changed, this will corrupt the output!
Starting label LEVI, seed 0, iteration 580, time: 358.31064105033875
Starting label LEVI, seed 0, iteration 590, time: 365.0278091430664
Starting label LEVI, seed 0, iteration 600, time: 371.9207253456116
Starting label LEVI, seed 0, iteration 610, time: 378.77951741218567
Starting label LEVI, seed 0, iteration 620, time: 385.4369492530823
Starting label LEVI, seed 0, iteration 630, time: 392.1193768978119
Starting label LEVI, seed 0, iteration 640, time: 398.84249925613403
Starting label LEVI, seed 0, iteration 650, time: 405.64489555358887
Starting label LEVI, seed 0, iteration 660, time: 412.74337577819824
Starting label LEVI, seed 0, iteration 670, time: 419.73133063316345
Starting label LEVI, seed 0, iteration 680, time: 426.482545375824
Starting label LEVI, seed 0, iteration 690, time: 433.17500138282776
Starting label LEVI, seed 0, iteration 700, time: 439.99158573150635
Starting label LEVI, seed 0, iteration 710, time: 446.9231481552124
Starting label LEVI, seed 0, iteration 720, time: 453.73561120033264
Starting label LEVI, seed 0, iteration 730, time: 460.80323123931885
Starting label LEVI, seed 0, iteration 740, time: 467.87481451034546
Starting label LEVI, seed 0, iteration 750, time: 474.7476236820221
Starting label LEVI, seed 0, iteration 760, time: 481.7524905204773
Starting label LEVI, seed 0, iteration 770, time: 488.3109517097473
Starting label LEVI, seed 0, iteration 780, time: 494.898610830307
Starting label LEVI, seed 0, iteration 790, time: 501.75564432144165
Starting label LEVI, seed 0, iteration 800, time: 508.4212558269501
Starting label LEVI, seed 0, iteration 810, time: 515.3671259880066
Starting label LEVI, seed 0, iteration 820, time: 522.4064011573792
Starting label LEVI, seed 0, iteration 830, time: 529.3933601379395
Starting label LEVI, seed 0, iteration 840, time: 536.282726764679
Starting label LEVI, seed 0, iteration 850, time: 543.2418687343597
Starting label LEVI, seed 0, iteration 860, time: 550.1987564563751
Starting label LEVI, seed 0, iteration 870, time: 557.159583568573
Starting label LEVI, seed 0, iteration 880, time: 564.2765154838562
Starting label LEVI, seed 0, iteration 890, time: 571.4351558685303
Starting label LEVI, seed 0, iteration 900, time: 578.8996186256409
Starting label LEVI, seed 0, iteration 910, time: 586.5468120574951
Starting label LEVI, seed 0, iteration 920, time: 594.3072512149811
Starting label LEVI, seed 0, iteration 930, time: 601.8795294761658
Starting label LEVI, seed 0, iteration 940, time: 609.8236291408539
Starting label LEVI, seed 0, iteration 950, time: 617.3893520832062
Starting label LEVI, seed 0, iteration 960, time: 624.8226685523987
Starting label LEVI, seed 0, iteration 970, time: 632.6570773124695
Starting label LEVI, seed 0, iteration 980, time: 640.3512282371521
Starting label LEVI, seed 0, iteration 990, time: 648.0995993614197
Starting label LEVI, seed 0, iteration 1000, time: 655.8206679821014
Starting label LEVI, seed 0, iteration 1010, time: 663.6486511230469
Starting label LEVI, seed 0, iteration 1020, time: 671.6984460353851
Starting label LEVI, seed 0, iteration 1030, time: 679.4304282665253
Starting label LEVI, seed 0, iteration 1040, time: 687.3357541561127
Starting label LEVI, seed 0, iteration 1050, time: 695.8289651870728
Starting label LEVI, seed 0, iteration 1060, time: 703.9754614830017
Starting label LEVI, seed 0, iteration 1070, time: 712.0666739940643
Starting label LEVI, seed 0, iteration 1080, time: 719.9552140235901
Starting label LEVI, seed 0, iteration 1090, time: 727.7803952693939
Starting label LEVI, seed 0, iteration 1100, time: 736.0219910144806
Starting label LEVI, seed 0, iteration 1110, time: 744.19366979599
Starting label LEVI, seed 0, iteration 1120, time: 752.0605103969574
Starting label LEVI, seed 0, iteration 1130, time: 759.6105916500092
Starting label LEVI, seed 0, iteration 1140, time: 767.3079657554626
Starting label LEVI, seed 0, iteration 1150, time: 774.8756186962128
Starting label LEVI, seed 0, iteration 1160, time: 782.7884221076965
Starting label LEVI, seed 0, iteration 1170, time: 790.6724393367767
Starting label LEVI, seed 0, iteration 1180, time: 798.8270671367645
Starting label LEVI, seed 0, iteration 1190, time: 806.5086643695831
Starting label LEVI, seed 0, iteration 1200, time: 814.3188376426697
Starting label LEVI, seed 0, iteration 1210, time: 822.0695185661316
Starting label LEVI, seed 0, iteration 1220, time: 829.715939283371
Starting label LEVI, seed 0, iteration 1230, time: 837.4004514217377
Starting label LEVI, seed 0, iteration 1240, time: 844.8612358570099
Starting label LEVI, seed 0, iteration 1250, time: 852.5951182842255
Starting label LEVI, seed 0, iteration 1260, time: 860.2738144397736
Starting label LEVI, seed 0, iteration 1270, time: 868.251912355423
Starting label LEVI, seed 0, iteration 1280, time: 876.5210683345795
Starting label LEVI, seed 0, iteration 1290, time: 884.3758554458618
Starting label LEVI, seed 0, iteration 1300, time: 892.465300321579
Starting label LEVI, seed 0, iteration 1310, time: 900.7744777202606
Starting label LEVI, seed 0, iteration 1320, time: 908.7871201038361
Starting label LEVI, seed 0, iteration 1330, time: 916.8792045116425
Starting label LEVI, seed 0, iteration 1340, time: 925.3203101158142
Starting label LEVI, seed 0, iteration 1350, time: 933.5677306652069
Starting label LEVI, seed 0, iteration 1360, time: 942.3706500530243
Starting label LEVI, seed 0, iteration 1370, time: 950.9795291423798
Starting label LEVI, seed 0, iteration 1380, time: 959.3199286460876
Starting label LEVI, seed 0, iteration 1390, time: 967.539297580719
Starting label LEVI, seed 0, iteration 1400, time: 976.5199820995331
Starting label LEVI, seed 0, iteration 1410, time: 985.175998210907
Starting label LEVI, seed 0, iteration 1420, time: 993.8810904026031
Starting label LEVI, seed 0, iteration 1430, time: 1002.4711973667145
Starting label LEVI, seed 0, iteration 1440, time: 1011.129894733429
Starting label LEVI, seed 0, iteration 1450, time: 1019.972048997879
Starting label LEVI, seed 0, iteration 1460, time: 1028.55610704422
Starting label LEVI, seed 0, iteration 1470, time: 1037.2696390151978
Starting label LEVI, seed 0, iteration 1480, time: 1045.8212492465973
Starting label LEVI, seed 0, iteration 1490, time: 1054.6728444099426
Starting label LEVI, seed 0, iteration 1500, time: 1063.7702641487122
Starting label LEVI, seed 0, iteration 1510, time: 1072.6623117923737
Starting label LEVI, seed 0, iteration 1520, time: 1081.7998769283295
Starting label LEVI, seed 0, iteration 1530, time: 1091.1405036449432
Starting label LEVI, seed 0, iteration 1540, time: 1100.5704107284546
Starting label LEVI, seed 0, iteration 1550, time: 1109.9555201530457
Starting label LEVI, seed 0, iteration 1560, time: 1119.6439061164856
Starting label LEVI, seed 0, iteration 1570, time: 1129.6197457313538
Starting label LEVI, seed 0, iteration 1580, time: 1139.2914378643036
Starting label LEVI, seed 0, iteration 1590, time: 1148.6879241466522
Starting label LEVI, seed 0, iteration 1600, time: 1158.5449566841125
Starting label LEVI, seed 0, iteration 1610, time: 1168.5802931785583
Starting label LEVI, seed 0, iteration 1620, time: 1178.3424365520477
Starting label LEVI, seed 0, iteration 1630, time: 1188.2976140975952
Starting label LEVI, seed 0, iteration 1640, time: 1198.5535876750946
Starting label LEVI, seed 0, iteration 1650, time: 1208.3394794464111
Starting label LEVI, seed 0, iteration 1660, time: 1218.7747581005096
Starting label LEVI, seed 0, iteration 1670, time: 1229.1592752933502
Starting label LEVI, seed 0, iteration 1680, time: 1239.5344944000244
Starting label LEVI, seed 0, iteration 1690, time: 1250.260694026947
Starting label LEVI, seed 0, iteration 1700, time: 1260.5535414218903
Starting label LEVI, seed 0, iteration 1710, time: 1271.0880720615387
Starting label LEVI, seed 0, iteration 1720, time: 1281.3600146770477
Starting label LEVI, seed 0, iteration 1730, time: 1291.6858189105988
Starting label LEVI, seed 0, iteration 1740, time: 1302.507290840149
Starting label LEVI, seed 0, iteration 1750, time: 1313.3188433647156
Starting label LEVI, seed 0, iteration 1760, time: 1323.652649641037
Starting label LEVI, seed 0, iteration 1770, time: 1334.0460953712463
Starting label LEVI, seed 0, iteration 1780, time: 1343.4456434249878
Starting label LEVI, seed 0, iteration 1790, time: 1354.0923733711243
Starting label LEVI, seed 0, iteration 1800, time: 1363.940024137497
Starting label LEVI, seed 0, iteration 1810, time: 1375.0906584262848
Starting label LEVI, seed 0, iteration 1820, time: 1385.8513238430023
Starting label LEVI, seed 0, iteration 1830, time: 1397.247639656067
Starting label LEVI, seed 0, iteration 1840, time: 1408.5166566371918
Starting label LEVI, seed 0, iteration 1850, time: 1420.548823595047
Starting label LEVI, seed 0, iteration 1860, time: 1431.348435640335
Starting label LEVI, seed 0, iteration 1870, time: 1443.5923709869385
Starting label LEVI, seed 0, iteration 1880, time: 1454.8950552940369
Starting label LEVI, seed 0, iteration 1890, time: 1466.9492027759552
Starting label LEVI, seed 0, iteration 1900, time: 1478.408376455307
Starting label LEVI, seed 0, iteration 1910, time: 1491.2196762561798
Starting label LEVI, seed 0, iteration 1920, time: 1502.1871845722198
Starting label LEVI, seed 0, iteration 1930, time: 1514.6779839992523
Starting label LEVI, seed 0, iteration 1940, time: 1527.1276988983154
Starting label LEVI, seed 0, iteration 1950, time: 1539.740638256073
Starting label LEVI, seed 0, iteration 1960, time: 1551.7563164234161
Starting label LEVI, seed 0, iteration 1970, time: 1563.9850339889526
Starting label LEVI, seed 0, iteration 1980, time: 1576.3287789821625
Starting label LEVI, seed 0, iteration 1990, time: 1588.155622959137
submitit INFO (2022-10-02 13:47:16,051) - Job completed successfully
