submitit INFO (2022-10-02 01:49:44,416) - Starting with JobEnvironment(job_id=883520_1, hostname=nikola-compute-01.cs.cornell.edu, local_rank=0(1), node=0(1), global_rank=0(1))
submitit INFO (2022-10-02 01:49:44,416) - Loading pickle: /home/gid-cakmaks/contextual_rs/experiments/wsc_experiments/logs/883520_1/883520_1_submitted.pkl
Starting label LEVI, seed 1, iteration 0, time: 0.0048449039459228516
Starting label LEVI, seed 1, iteration 10, time: 5.378611326217651
Starting label LEVI, seed 1, iteration 20, time: 10.84833836555481
Starting label LEVI, seed 1, iteration 30, time: 16.30992078781128
Starting label LEVI, seed 1, iteration 40, time: 21.727931261062622
Starting label LEVI, seed 1, iteration 50, time: 27.314242124557495
Starting label LEVI, seed 1, iteration 60, time: 32.937312841415405
Starting label LEVI, seed 1, iteration 70, time: 38.801249980926514
Starting label LEVI, seed 1, iteration 80, time: 44.71742033958435
Starting label LEVI, seed 1, iteration 90, time: 50.53472542762756
Starting label LEVI, seed 1, iteration 100, time: 56.269113540649414
Starting label LEVI, seed 1, iteration 110, time: 62.149975061416626
Starting label LEVI, seed 1, iteration 120, time: 68.44416928291321
Starting label LEVI, seed 1, iteration 130, time: 74.41895484924316
Starting label LEVI, seed 1, iteration 140, time: 80.69226145744324
Starting label LEVI, seed 1, iteration 150, time: 87.00985074043274
Starting label LEVI, seed 1, iteration 160, time: 93.30180406570435
Starting label LEVI, seed 1, iteration 170, time: 99.72285771369934
Starting label LEVI, seed 1, iteration 180, time: 105.78622007369995
Starting label LEVI, seed 1, iteration 190, time: 111.68943166732788
Starting label LEVI, seed 1, iteration 200, time: 117.82756781578064
Starting label LEVI, seed 1, iteration 210, time: 123.61291098594666
Starting label LEVI, seed 1, iteration 220, time: 129.37904524803162
Starting label LEVI, seed 1, iteration 230, time: 135.43924164772034
Starting label LEVI, seed 1, iteration 240, time: 141.56740164756775
Starting label LEVI, seed 1, iteration 250, time: 147.94651436805725
Starting label LEVI, seed 1, iteration 260, time: 154.40707778930664
Starting label LEVI, seed 1, iteration 270, time: 160.7831609249115
Starting label LEVI, seed 1, iteration 280, time: 167.34215188026428
Starting label LEVI, seed 1, iteration 290, time: 173.8327658176422
Starting label LEVI, seed 1, iteration 300, time: 180.36903381347656
Starting label LEVI, seed 1, iteration 310, time: 186.7631709575653
Starting label LEVI, seed 1, iteration 320, time: 193.0352647304535
Starting label LEVI, seed 1, iteration 330, time: 199.40514159202576
Starting label LEVI, seed 1, iteration 340, time: 205.57411670684814
Starting label LEVI, seed 1, iteration 350, time: 211.93772792816162
Starting label LEVI, seed 1, iteration 360, time: 218.62978625297546
Starting label LEVI, seed 1, iteration 370, time: 224.88631939888
Starting label LEVI, seed 1, iteration 380, time: 231.27746677398682
Starting label LEVI, seed 1, iteration 390, time: 237.48073291778564
Starting label LEVI, seed 1, iteration 400, time: 243.6283209323883
Starting label LEVI, seed 1, iteration 410, time: 250.15198016166687
Starting label LEVI, seed 1, iteration 420, time: 256.2803907394409
Starting label LEVI, seed 1, iteration 430, time: 262.6668894290924
Starting label LEVI, seed 1, iteration 440, time: 268.8489954471588
Starting label LEVI, seed 1, iteration 450, time: 275.04033398628235
Starting label LEVI, seed 1, iteration 460, time: 281.3705720901489
Starting label LEVI, seed 1, iteration 470, time: 287.6258022785187
Starting label LEVI, seed 1, iteration 480, time: 293.902800321579
Starting label LEVI, seed 1, iteration 490, time: 300.26019310951233
Starting label LEVI, seed 1, iteration 500, time: 306.49229550361633
Starting label LEVI, seed 1, iteration 510, time: 313.2249960899353
Starting label LEVI, seed 1, iteration 520, time: 319.9622356891632
submitit WARNING (2022-10-02 01:55:12,452) - Bypassing signal SIGCONT
submitit WARNING (2022-10-02 01:55:12,458) - Bypassing signal SIGTERM
Starting label LEVI, seed 1, iteration 530, time: 326.6976397037506
Starting label LEVI, seed 1, iteration 540, time: 333.35963201522827
Starting label LEVI, seed 1, iteration 550, time: 340.07090973854065
Starting label LEVI, seed 1, iteration 560, time: 346.7821683883667
Starting label LEVI, seed 1, iteration 570, time: 353.23464941978455
