submitit INFO (2022-10-02 01:50:09,694) - Starting with JobEnvironment(job_id=883550_4, hostname=harpo.cs.cornell.edu, local_rank=0(1), node=0(1), global_rank=0(1))
submitit INFO (2022-10-02 01:50:09,694) - Loading pickle: /home/gid-cakmaks/contextual_rs/experiments/wsc_experiments/logs/883550_4/883550_4_submitted.pkl
Starting label LEVI, seed 34, iteration 0, time: 0.0007343292236328125
Starting label LEVI, seed 34, iteration 10, time: 5.402099609375
Starting label LEVI, seed 34, iteration 20, time: 10.868600130081177
Starting label LEVI, seed 34, iteration 30, time: 16.21267580986023
Starting label LEVI, seed 34, iteration 40, time: 21.54213309288025
Starting label LEVI, seed 34, iteration 50, time: 27.229124307632446
Starting label LEVI, seed 34, iteration 60, time: 32.847203493118286
Starting label LEVI, seed 34, iteration 70, time: 38.78919434547424
Starting label LEVI, seed 34, iteration 80, time: 44.374316692352295
Starting label LEVI, seed 34, iteration 90, time: 50.01424598693848
Starting label LEVI, seed 34, iteration 100, time: 55.78725242614746
Starting label LEVI, seed 34, iteration 110, time: 61.4171507358551
Starting label LEVI, seed 34, iteration 120, time: 67.05906748771667
Starting label LEVI, seed 34, iteration 130, time: 72.8057758808136
Starting label LEVI, seed 34, iteration 140, time: 78.4445173740387
Starting label LEVI, seed 34, iteration 150, time: 84.41367650032043
Starting label LEVI, seed 34, iteration 160, time: 90.46236324310303
Starting label LEVI, seed 34, iteration 170, time: 96.36437845230103
Starting label LEVI, seed 34, iteration 180, time: 102.36906290054321
Starting label LEVI, seed 34, iteration 190, time: 108.40792775154114
Starting label LEVI, seed 34, iteration 200, time: 114.41272854804993
Starting label LEVI, seed 34, iteration 210, time: 120.06896185874939
Starting label LEVI, seed 34, iteration 220, time: 125.68983221054077
Starting label LEVI, seed 34, iteration 230, time: 131.70716738700867
Starting label LEVI, seed 34, iteration 240, time: 137.94699358940125
Starting label LEVI, seed 34, iteration 250, time: 144.0837652683258
Starting label LEVI, seed 34, iteration 260, time: 150.29538345336914
Starting label LEVI, seed 34, iteration 270, time: 156.52337265014648
Starting label LEVI, seed 34, iteration 280, time: 162.88775515556335
Starting label LEVI, seed 34, iteration 290, time: 169.30692505836487
Starting label LEVI, seed 34, iteration 300, time: 175.96420884132385
Starting label LEVI, seed 34, iteration 310, time: 182.49118304252625
Starting label LEVI, seed 34, iteration 320, time: 188.6719846725464
Starting label LEVI, seed 34, iteration 330, time: 194.87616872787476
Starting label LEVI, seed 34, iteration 340, time: 201.41151881217957
Starting label LEVI, seed 34, iteration 350, time: 208.31211185455322
Starting label LEVI, seed 34, iteration 360, time: 214.9232702255249
Starting label LEVI, seed 34, iteration 370, time: 221.57194423675537
Starting label LEVI, seed 34, iteration 380, time: 228.42685961723328
Starting label LEVI, seed 34, iteration 390, time: 235.57782363891602
Starting label LEVI, seed 34, iteration 400, time: 242.4748730659485
Starting label LEVI, seed 34, iteration 410, time: 249.85752820968628
Starting label LEVI, seed 34, iteration 420, time: 256.9772136211395
Starting label LEVI, seed 34, iteration 430, time: 263.9229648113251
Starting label LEVI, seed 34, iteration 440, time: 270.7095010280609
Starting label LEVI, seed 34, iteration 450, time: 277.6780695915222
Starting label LEVI, seed 34, iteration 460, time: 284.5682284832001
Starting label LEVI, seed 34, iteration 470, time: 291.4876687526703
Starting label LEVI, seed 34, iteration 480, time: 298.6209375858307
submitit WARNING (2022-10-02 01:55:12,501) - Bypassing signal SIGCONT
submitit WARNING (2022-10-02 01:55:12,560) - Bypassing signal SIGTERM
Starting label LEVI, seed 34, iteration 490, time: 305.79603457450867
Starting label LEVI, seed 34, iteration 500, time: 312.75992822647095
Starting label LEVI, seed 34, iteration 510, time: 319.8083016872406
Starting label LEVI, seed 34, iteration 520, time: 326.90696239471436
