submitit INFO (2022-10-02 02:23:42,715) - Starting with JobEnvironment(job_id=883663_9, hostname=badfellow.cs.cornell.edu, local_rank=0(1), node=0(1), global_rank=0(1))
submitit INFO (2022-10-02 02:23:42,715) - Loading pickle: /home/gid-cakmaks/contextual_rs/experiments/wsc_experiments/logs/883663_9/883663_9_submitted.pkl
Appending iterations to existing output!Warning: If parameters other than `iterations` have been changed, this will corrupt the output!
Starting label LEVI, seed 79, iteration 450, time: 167.87492895126343
Starting label LEVI, seed 79, iteration 460, time: 174.96081042289734
Starting label LEVI, seed 79, iteration 470, time: 177.41284322738647
Starting label LEVI, seed 79, iteration 480, time: 179.53431916236877
Starting label LEVI, seed 79, iteration 490, time: 181.56660914421082
Starting label LEVI, seed 79, iteration 500, time: 183.78267288208008
submitit WARNING (2022-10-02 02:24:01,440) - Bypassing signal SIGCONT
submitit WARNING (2022-10-02 02:24:01,527) - Bypassing signal SIGTERM
Starting label LEVI, seed 79, iteration 510, time: 186.0922155380249
Starting label LEVI, seed 79, iteration 520, time: 188.21942710876465
Starting label LEVI, seed 79, iteration 530, time: 190.52981328964233
Starting label LEVI, seed 79, iteration 540, time: 192.81679487228394
Starting label LEVI, seed 79, iteration 550, time: 195.28551030158997
Starting label LEVI, seed 79, iteration 560, time: 197.66074967384338
Starting label LEVI, seed 79, iteration 570, time: 200.02444076538086
Starting label LEVI, seed 79, iteration 580, time: 202.17759346961975
Starting label LEVI, seed 79, iteration 590, time: 204.60522770881653
Starting label LEVI, seed 79, iteration 600, time: 207.0912582874298
Starting label LEVI, seed 79, iteration 610, time: 209.5880310535431
Starting label LEVI, seed 79, iteration 620, time: 211.95323657989502
