submitit INFO (2022-10-02 02:26:14,480) - Starting with JobEnvironment(job_id=883734_5, hostname=tripods-compute-02.cs.cornell.edu, local_rank=0(1), node=0(1), global_rank=0(1))
submitit INFO (2022-10-02 02:26:14,480) - Loading pickle: /home/gid-cakmaks/contextual_rs/experiments/wsc_experiments/logs/883734_5/883734_5_submitted.pkl
Appending iterations to existing output!Warning: If parameters other than `iterations` have been changed, this will corrupt the output!
Starting label LEVI, seed 85, iteration 140, time: 45.45047569274902
Starting label LEVI, seed 85, iteration 150, time: 48.695937156677246
Starting label LEVI, seed 85, iteration 160, time: 51.72331142425537
Starting label LEVI, seed 85, iteration 170, time: 55.55007815361023
Starting label LEVI, seed 85, iteration 180, time: 59.604658126831055
Starting label LEVI, seed 85, iteration 190, time: 64.15192604064941
Starting label LEVI, seed 85, iteration 200, time: 68.10222458839417
Starting label LEVI, seed 85, iteration 210, time: 73.00980186462402
Starting label LEVI, seed 85, iteration 220, time: 77.14241290092468
Starting label LEVI, seed 85, iteration 230, time: 81.52804970741272
Starting label LEVI, seed 85, iteration 240, time: 86.55521488189697
Starting label LEVI, seed 85, iteration 250, time: 89.94326043128967
Starting label LEVI, seed 85, iteration 260, time: 93.75002241134644
Starting label LEVI, seed 85, iteration 270, time: 97.6947455406189
Starting label LEVI, seed 85, iteration 280, time: 101.71594858169556
Starting label LEVI, seed 85, iteration 290, time: 105.56591272354126
Starting label LEVI, seed 85, iteration 300, time: 109.31194853782654
Starting label LEVI, seed 85, iteration 310, time: 113.07458114624023
Starting label LEVI, seed 85, iteration 320, time: 116.90740942955017
Starting label LEVI, seed 85, iteration 330, time: 120.72459268569946
Starting label LEVI, seed 85, iteration 340, time: 124.59092164039612
Starting label LEVI, seed 85, iteration 350, time: 128.58982944488525
Starting label LEVI, seed 85, iteration 360, time: 132.60321283340454
Starting label LEVI, seed 85, iteration 370, time: 136.42490148544312
Starting label LEVI, seed 85, iteration 380, time: 140.22215056419373
Starting label LEVI, seed 85, iteration 390, time: 143.63624930381775
Starting label LEVI, seed 85, iteration 400, time: 146.85612845420837
Starting label LEVI, seed 85, iteration 410, time: 150.38637900352478
Starting label LEVI, seed 85, iteration 420, time: 153.7487301826477
Starting label LEVI, seed 85, iteration 430, time: 157.1291971206665
Starting label LEVI, seed 85, iteration 440, time: 160.55693554878235
Starting label LEVI, seed 85, iteration 450, time: 164.25799012184143
Starting label LEVI, seed 85, iteration 460, time: 167.61222577095032
Starting label LEVI, seed 85, iteration 470, time: 171.0083315372467
Starting label LEVI, seed 85, iteration 480, time: 174.79517579078674
Starting label LEVI, seed 85, iteration 490, time: 178.37595987319946
Starting label LEVI, seed 85, iteration 500, time: 182.0522165298462
Starting label LEVI, seed 85, iteration 510, time: 185.90614104270935
Starting label LEVI, seed 85, iteration 520, time: 189.69283747673035
Starting label LEVI, seed 85, iteration 530, time: 193.73634552955627
Starting label LEVI, seed 85, iteration 540, time: 197.6050419807434
Starting label LEVI, seed 85, iteration 550, time: 201.467378616333
Starting label LEVI, seed 85, iteration 560, time: 205.57520747184753
Starting label LEVI, seed 85, iteration 570, time: 209.8264286518097
Starting label LEVI, seed 85, iteration 580, time: 214.11117959022522
Starting label LEVI, seed 85, iteration 590, time: 218.2485761642456
Starting label LEVI, seed 85, iteration 600, time: 222.58936524391174
Starting label LEVI, seed 85, iteration 610, time: 227.0751829147339
Starting label LEVI, seed 85, iteration 620, time: 231.57635688781738
Starting label LEVI, seed 85, iteration 630, time: 236.17763781547546
Starting label LEVI, seed 85, iteration 640, time: 240.4714822769165
Starting label LEVI, seed 85, iteration 650, time: 244.79312658309937
Starting label LEVI, seed 85, iteration 660, time: 249.46455812454224
Starting label LEVI, seed 85, iteration 670, time: 255.6596736907959
Starting label LEVI, seed 85, iteration 680, time: 261.367623090744
Starting label LEVI, seed 85, iteration 690, time: 267.50935530662537
Starting label LEVI, seed 85, iteration 700, time: 273.1785340309143
Starting label LEVI, seed 85, iteration 710, time: 279.0932810306549
Starting label LEVI, seed 85, iteration 720, time: 285.426331281662
Starting label LEVI, seed 85, iteration 730, time: 291.31182742118835
Starting label LEVI, seed 85, iteration 740, time: 298.15905356407166
Starting label LEVI, seed 85, iteration 750, time: 304.7695722579956
Starting label LEVI, seed 85, iteration 760, time: 311.75201177597046
Starting label LEVI, seed 85, iteration 770, time: 318.80926060676575
Starting label LEVI, seed 85, iteration 780, time: 325.3678922653198
Starting label LEVI, seed 85, iteration 790, time: 330.94992899894714
Starting label LEVI, seed 85, iteration 800, time: 337.63538217544556
Starting label LEVI, seed 85, iteration 810, time: 344.05091190338135
Starting label LEVI, seed 85, iteration 820, time: 350.64843368530273
Starting label LEVI, seed 85, iteration 830, time: 356.8014793395996
Starting label LEVI, seed 85, iteration 840, time: 363.33467626571655
Starting label LEVI, seed 85, iteration 850, time: 370.27872252464294
Starting label LEVI, seed 85, iteration 860, time: 377.37305974960327
Starting label LEVI, seed 85, iteration 870, time: 384.87159991264343
Starting label LEVI, seed 85, iteration 880, time: 393.25922894477844
Starting label LEVI, seed 85, iteration 890, time: 401.012166261673
Starting label LEVI, seed 85, iteration 900, time: 408.52785420417786
Starting label LEVI, seed 85, iteration 910, time: 415.2191848754883
Starting label LEVI, seed 85, iteration 920, time: 422.0757210254669
Starting label LEVI, seed 85, iteration 930, time: 429.812077999115
Starting label LEVI, seed 85, iteration 940, time: 437.0879752635956
Starting label LEVI, seed 85, iteration 950, time: 445.06240248680115
Starting label LEVI, seed 85, iteration 960, time: 452.4722514152527
Starting label LEVI, seed 85, iteration 970, time: 459.90306544303894
Starting label LEVI, seed 85, iteration 980, time: 466.8973591327667
Starting label LEVI, seed 85, iteration 990, time: 474.12028074264526
Starting label LEVI, seed 85, iteration 1000, time: 481.2910943031311
Starting label LEVI, seed 85, iteration 1010, time: 489.6164038181305
Starting label LEVI, seed 85, iteration 1020, time: 497.25723600387573
Starting label LEVI, seed 85, iteration 1030, time: 504.8176064491272
Starting label LEVI, seed 85, iteration 1040, time: 511.8391742706299
Starting label LEVI, seed 85, iteration 1050, time: 518.449193239212
Starting label LEVI, seed 85, iteration 1060, time: 525.7573189735413
Starting label LEVI, seed 85, iteration 1070, time: 534.1186673641205
Starting label LEVI, seed 85, iteration 1080, time: 541.5044748783112
Starting label LEVI, seed 85, iteration 1090, time: 548.6620166301727
Starting label LEVI, seed 85, iteration 1100, time: 555.3463723659515
Starting label LEVI, seed 85, iteration 1110, time: 562.3821015357971
Starting label LEVI, seed 85, iteration 1120, time: 569.673262834549
Starting label LEVI, seed 85, iteration 1130, time: 576.6449155807495
Starting label LEVI, seed 85, iteration 1140, time: 583.7541346549988
Starting label LEVI, seed 85, iteration 1150, time: 591.0441570281982
Starting label LEVI, seed 85, iteration 1160, time: 597.5262002944946
Starting label LEVI, seed 85, iteration 1170, time: 604.3079509735107
Starting label LEVI, seed 85, iteration 1180, time: 611.016606092453
Starting label LEVI, seed 85, iteration 1190, time: 617.8859214782715
Starting label LEVI, seed 85, iteration 1200, time: 626.0515384674072
Starting label LEVI, seed 85, iteration 1210, time: 634.3430027961731
Starting label LEVI, seed 85, iteration 1220, time: 641.6759812831879
Starting label LEVI, seed 85, iteration 1230, time: 650.0802550315857
Starting label LEVI, seed 85, iteration 1240, time: 657.2335186004639
Starting label LEVI, seed 85, iteration 1250, time: 664.5946905612946
Starting label LEVI, seed 85, iteration 1260, time: 672.0130031108856
Starting label LEVI, seed 85, iteration 1270, time: 680.2666366100311
Starting label LEVI, seed 85, iteration 1280, time: 687.8528072834015
Starting label LEVI, seed 85, iteration 1290, time: 695.4489989280701
Starting label LEVI, seed 85, iteration 1300, time: 704.2521419525146
Starting label LEVI, seed 85, iteration 1310, time: 712.3979723453522
Starting label LEVI, seed 85, iteration 1320, time: 720.3553586006165
Starting label LEVI, seed 85, iteration 1330, time: 729.4157316684723
Starting label LEVI, seed 85, iteration 1340, time: 738.6256144046783
Starting label LEVI, seed 85, iteration 1350, time: 746.8548419475555
Starting label LEVI, seed 85, iteration 1360, time: 755.5390079021454
Starting label LEVI, seed 85, iteration 1370, time: 763.698813199997
Starting label LEVI, seed 85, iteration 1380, time: 773.5866997241974
Starting label LEVI, seed 85, iteration 1390, time: 782.3641383647919
Starting label LEVI, seed 85, iteration 1400, time: 791.8760178089142
Starting label LEVI, seed 85, iteration 1410, time: 801.6240940093994
Starting label LEVI, seed 85, iteration 1420, time: 812.5374438762665
Starting label LEVI, seed 85, iteration 1430, time: 822.1356477737427
Starting label LEVI, seed 85, iteration 1440, time: 833.6195812225342
Starting label LEVI, seed 85, iteration 1450, time: 843.6378273963928
Starting label LEVI, seed 85, iteration 1460, time: 855.8059847354889
Starting label LEVI, seed 85, iteration 1470, time: 866.5626745223999
Starting label LEVI, seed 85, iteration 1480, time: 877.3730745315552
Starting label LEVI, seed 85, iteration 1490, time: 889.351952791214
Starting label LEVI, seed 85, iteration 1500, time: 902.1083450317383
Starting label LEVI, seed 85, iteration 1510, time: 912.7291054725647
Starting label LEVI, seed 85, iteration 1520, time: 924.0452058315277
Starting label LEVI, seed 85, iteration 1530, time: 935.3288300037384
Starting label LEVI, seed 85, iteration 1540, time: 947.3304860591888
Starting label LEVI, seed 85, iteration 1550, time: 960.6230564117432
Starting label LEVI, seed 85, iteration 1560, time: 971.6071429252625
Starting label LEVI, seed 85, iteration 1570, time: 983.3845434188843
Starting label LEVI, seed 85, iteration 1580, time: 995.3785192966461
Starting label LEVI, seed 85, iteration 1590, time: 1008.8635628223419
Starting label LEVI, seed 85, iteration 1600, time: 1023.0816032886505
Starting label LEVI, seed 85, iteration 1610, time: 1038.4061317443848
Starting label LEVI, seed 85, iteration 1620, time: 1054.4152734279633
Starting label LEVI, seed 85, iteration 1630, time: 1067.287876367569
Starting label LEVI, seed 85, iteration 1640, time: 1081.5627238750458
Starting label LEVI, seed 85, iteration 1650, time: 1096.0462009906769
Starting label LEVI, seed 85, iteration 1660, time: 1110.2476887702942
Starting label LEVI, seed 85, iteration 1670, time: 1123.0171451568604
Starting label LEVI, seed 85, iteration 1680, time: 1135.8873596191406
Starting label LEVI, seed 85, iteration 1690, time: 1148.9157016277313
Starting label LEVI, seed 85, iteration 1700, time: 1162.1231396198273
Starting label LEVI, seed 85, iteration 1710, time: 1178.282171010971
Starting label LEVI, seed 85, iteration 1720, time: 1192.7952823638916
Starting label LEVI, seed 85, iteration 1730, time: 1210.8254444599152
Starting label LEVI, seed 85, iteration 1740, time: 1228.041561126709
Starting label LEVI, seed 85, iteration 1750, time: 1243.4932730197906
Starting label LEVI, seed 85, iteration 1760, time: 1262.5785274505615
Starting label LEVI, seed 85, iteration 1770, time: 1281.2792944908142
Starting label LEVI, seed 85, iteration 1780, time: 1299.015307188034
Starting label LEVI, seed 85, iteration 1790, time: 1314.011183977127
Starting label LEVI, seed 85, iteration 1800, time: 1332.2476205825806
Starting label LEVI, seed 85, iteration 1810, time: 1351.13924574852
Starting label LEVI, seed 85, iteration 1820, time: 1366.1519396305084
Starting label LEVI, seed 85, iteration 1830, time: 1381.3988995552063
Starting label LEVI, seed 85, iteration 1840, time: 1396.510507106781
Starting label LEVI, seed 85, iteration 1850, time: 1411.887178659439
Starting label LEVI, seed 85, iteration 1860, time: 1427.8350908756256
Starting label LEVI, seed 85, iteration 1870, time: 1443.6947138309479
Starting label LEVI, seed 85, iteration 1880, time: 1460.0617628097534
Starting label LEVI, seed 85, iteration 1890, time: 1479.110208272934
Starting label LEVI, seed 85, iteration 1900, time: 1495.9602382183075
Starting label LEVI, seed 85, iteration 1910, time: 1513.034819841385
Starting label LEVI, seed 85, iteration 1920, time: 1532.442966222763
Starting label LEVI, seed 85, iteration 1930, time: 1553.634682893753
Starting label LEVI, seed 85, iteration 1940, time: 1573.30397772789
Starting label LEVI, seed 85, iteration 1950, time: 1596.6357192993164
Starting label LEVI, seed 85, iteration 1960, time: 1615.331048488617
Starting label LEVI, seed 85, iteration 1970, time: 1638.3924677371979
Starting label LEVI, seed 85, iteration 1980, time: 1661.8015983104706
Starting label LEVI, seed 85, iteration 1990, time: 1681.2761979103088
submitit INFO (2022-10-02 02:53:51,059) - Job completed successfully
