submitit INFO (2022-10-02 01:44:44,372) - Starting with JobEnvironment(job_id=883480_5, hostname=lecun.cs.cornell.edu, local_rank=0(1), node=0(1), global_rank=0(1))
submitit INFO (2022-10-02 01:44:44,372) - Loading pickle: /home/gid-cakmaks/contextual_rs/experiments/wsc_experiments/logs/883480_5/883480_5_submitted.pkl
Starting label LEVI, seed 75, iteration 0, time: 0.0004961490631103516
Starting label LEVI, seed 75, iteration 10, time: 3.9589593410491943
Starting label LEVI, seed 75, iteration 20, time: 7.981832981109619
Starting label LEVI, seed 75, iteration 30, time: 11.727114200592041
Starting label LEVI, seed 75, iteration 40, time: 15.696428775787354
Starting label LEVI, seed 75, iteration 50, time: 19.987409830093384
Starting label LEVI, seed 75, iteration 60, time: 25.22438955307007
Starting label LEVI, seed 75, iteration 70, time: 29.454538106918335
Starting label LEVI, seed 75, iteration 80, time: 33.44556021690369
Starting label LEVI, seed 75, iteration 90, time: 37.56195640563965
Starting label LEVI, seed 75, iteration 100, time: 41.95101070404053
Starting label LEVI, seed 75, iteration 110, time: 46.653207778930664
Starting label LEVI, seed 75, iteration 120, time: 50.79896283149719
Starting label LEVI, seed 75, iteration 130, time: 54.94538903236389
Starting label LEVI, seed 75, iteration 140, time: 59.1937940120697
Starting label LEVI, seed 75, iteration 150, time: 63.609031200408936
Starting label LEVI, seed 75, iteration 160, time: 67.9269654750824
Starting label LEVI, seed 75, iteration 170, time: 72.6310465335846
Starting label LEVI, seed 75, iteration 180, time: 77.22790217399597
Starting label LEVI, seed 75, iteration 190, time: 82.2605631351471
Starting label LEVI, seed 75, iteration 200, time: 86.92283129692078
Starting label LEVI, seed 75, iteration 210, time: 91.51754903793335
Starting label LEVI, seed 75, iteration 220, time: 96.41361904144287
Starting label LEVI, seed 75, iteration 230, time: 101.2179183959961
Starting label LEVI, seed 75, iteration 240, time: 106.25057005882263
Starting label LEVI, seed 75, iteration 250, time: 111.42256999015808
Starting label LEVI, seed 75, iteration 260, time: 116.56310439109802
Starting label LEVI, seed 75, iteration 270, time: 121.61562275886536
Starting label LEVI, seed 75, iteration 280, time: 128.2263627052307
Starting label LEVI, seed 75, iteration 290, time: 133.41601085662842
Starting label LEVI, seed 75, iteration 300, time: 138.80616974830627
Starting label LEVI, seed 75, iteration 310, time: 145.08200430870056
Starting label LEVI, seed 75, iteration 320, time: 150.05452847480774
Starting label LEVI, seed 75, iteration 330, time: 155.84685516357422
Starting label LEVI, seed 75, iteration 340, time: 160.81974840164185
Starting label LEVI, seed 75, iteration 350, time: 165.84777283668518
Starting label LEVI, seed 75, iteration 360, time: 170.8699607849121
Starting label LEVI, seed 75, iteration 370, time: 176.06215023994446
Starting label LEVI, seed 75, iteration 380, time: 181.2260582447052
Starting label LEVI, seed 75, iteration 390, time: 187.2004532814026
Starting label LEVI, seed 75, iteration 400, time: 192.35144090652466
Starting label LEVI, seed 75, iteration 410, time: 197.61167740821838
Starting label LEVI, seed 75, iteration 420, time: 202.66557502746582
Starting label LEVI, seed 75, iteration 430, time: 207.84513068199158
Starting label LEVI, seed 75, iteration 440, time: 214.28973031044006
Starting label LEVI, seed 75, iteration 450, time: 220.41516280174255
Starting label LEVI, seed 75, iteration 460, time: 226.89800143241882
Starting label LEVI, seed 75, iteration 470, time: 232.2859172821045
Starting label LEVI, seed 75, iteration 480, time: 237.6039023399353
Starting label LEVI, seed 75, iteration 490, time: 242.89201498031616
Starting label LEVI, seed 75, iteration 500, time: 248.0777564048767
Starting label LEVI, seed 75, iteration 510, time: 253.5519256591797
Starting label LEVI, seed 75, iteration 520, time: 259.0386002063751
Starting label LEVI, seed 75, iteration 530, time: 264.48849177360535
Starting label LEVI, seed 75, iteration 540, time: 269.7477300167084
Starting label LEVI, seed 75, iteration 550, time: 275.1292974948883
submitit WARNING (2022-10-02 01:49:22,549) - Bypassing signal SIGCONT
submitit WARNING (2022-10-02 01:49:22,555) - Bypassing signal SIGTERM
Starting label LEVI, seed 75, iteration 560, time: 280.52020382881165
Starting label LEVI, seed 75, iteration 570, time: 285.7233884334564
Starting label LEVI, seed 75, iteration 580, time: 290.81097888946533
Starting label LEVI, seed 75, iteration 590, time: 296.23189091682434
Starting label LEVI, seed 75, iteration 600, time: 301.46780610084534
