submitit INFO (2022-10-01 23:49:20,365) - Starting with JobEnvironment(job_id=883091_2, hostname=nikola-compute-02.cs.cornell.edu, local_rank=0(1), node=0(1), global_rank=0(1))
submitit INFO (2022-10-01 23:49:20,365) - Loading pickle: /home/gid-cakmaks/contextual_rs/experiments/wsc_experiments/logs/883091_2/883091_2_submitted.pkl
Starting label LEVI, seed 92, iteration 0, time: 0.000148773193359375
Starting label LEVI, seed 92, iteration 10, time: 4.139561891555786
Starting label LEVI, seed 92, iteration 20, time: 6.936084985733032
Starting label LEVI, seed 92, iteration 30, time: 9.688419342041016
Starting label LEVI, seed 92, iteration 40, time: 12.482823610305786
Starting label LEVI, seed 92, iteration 50, time: 15.299532413482666
Starting label LEVI, seed 92, iteration 60, time: 18.192156553268433
Starting label LEVI, seed 92, iteration 70, time: 21.167272806167603
Starting label LEVI, seed 92, iteration 80, time: 24.042623043060303
Starting label LEVI, seed 92, iteration 90, time: 26.89954924583435
Starting label LEVI, seed 92, iteration 100, time: 29.786139488220215
Starting label LEVI, seed 92, iteration 110, time: 32.582611322402954
Starting label LEVI, seed 92, iteration 120, time: 35.37190246582031
Starting label LEVI, seed 92, iteration 130, time: 38.204071044921875
Starting label LEVI, seed 92, iteration 140, time: 41.22923398017883
Starting label LEVI, seed 92, iteration 150, time: 44.662548780441284
Starting label LEVI, seed 92, iteration 160, time: 47.86394476890564
Starting label LEVI, seed 92, iteration 170, time: 51.14830422401428
Starting label LEVI, seed 92, iteration 180, time: 54.438610553741455
Starting label LEVI, seed 92, iteration 190, time: 58.105830669403076
Starting label LEVI, seed 92, iteration 200, time: 61.48152303695679
Starting label LEVI, seed 92, iteration 210, time: 65.31205224990845
Starting label LEVI, seed 92, iteration 220, time: 69.51254796981812
Starting label LEVI, seed 92, iteration 230, time: 73.23002123832703
Starting label LEVI, seed 92, iteration 240, time: 77.23021245002747
Starting label LEVI, seed 92, iteration 250, time: 80.24864435195923
Starting label LEVI, seed 92, iteration 260, time: 83.9887535572052
Starting label LEVI, seed 92, iteration 270, time: 87.47964334487915
Starting label LEVI, seed 92, iteration 280, time: 92.30850720405579
Starting label LEVI, seed 92, iteration 290, time: 96.39912414550781
Starting label LEVI, seed 92, iteration 300, time: 100.04276823997498
Starting label LEVI, seed 92, iteration 310, time: 105.11449527740479
Starting label LEVI, seed 92, iteration 320, time: 109.69090819358826
Starting label LEVI, seed 92, iteration 330, time: 113.48348426818848
Starting label LEVI, seed 92, iteration 340, time: 117.27526116371155
Starting label LEVI, seed 92, iteration 350, time: 121.5944812297821
Starting label LEVI, seed 92, iteration 360, time: 125.58520245552063
Starting label LEVI, seed 92, iteration 370, time: 129.96212887763977
Starting label LEVI, seed 92, iteration 380, time: 133.86775588989258
Starting label LEVI, seed 92, iteration 390, time: 137.62095618247986
Starting label LEVI, seed 92, iteration 400, time: 141.04207062721252
Starting label LEVI, seed 92, iteration 410, time: 144.5876009464264
Starting label LEVI, seed 92, iteration 420, time: 148.07771229743958
Starting label LEVI, seed 92, iteration 430, time: 151.55733036994934
Starting label LEVI, seed 92, iteration 440, time: 155.102064371109
Starting label LEVI, seed 92, iteration 450, time: 158.56151962280273
Starting label LEVI, seed 92, iteration 460, time: 162.4249231815338
Starting label LEVI, seed 92, iteration 470, time: 166.50223541259766
Starting label LEVI, seed 92, iteration 480, time: 169.5591378211975
Starting label LEVI, seed 92, iteration 490, time: 172.4658522605896
Starting label LEVI, seed 92, iteration 500, time: 175.5461847782135
Starting label LEVI, seed 92, iteration 510, time: 178.45942974090576
Starting label LEVI, seed 92, iteration 520, time: 181.3608033657074
Starting label LEVI, seed 92, iteration 530, time: 184.4303321838379
Starting label LEVI, seed 92, iteration 540, time: 187.3079812526703
Starting label LEVI, seed 92, iteration 550, time: 190.32242131233215
Starting label LEVI, seed 92, iteration 560, time: 193.51473760604858
Starting label LEVI, seed 92, iteration 570, time: 198.2042417526245
Starting label LEVI, seed 92, iteration 580, time: 202.6282458305359
Starting label LEVI, seed 92, iteration 590, time: 206.8413062095642
Starting label LEVI, seed 92, iteration 600, time: 211.17674660682678
Starting label LEVI, seed 92, iteration 610, time: 216.03196263313293
Starting label LEVI, seed 92, iteration 620, time: 219.89090156555176
Starting label LEVI, seed 92, iteration 630, time: 224.6727590560913
Starting label LEVI, seed 92, iteration 640, time: 230.31845951080322
Starting label LEVI, seed 92, iteration 650, time: 234.90433931350708
Starting label LEVI, seed 92, iteration 660, time: 238.999342918396
Starting label LEVI, seed 92, iteration 670, time: 242.650155544281
Starting label LEVI, seed 92, iteration 680, time: 246.2127616405487
Starting label LEVI, seed 92, iteration 690, time: 250.3948905467987
Starting label LEVI, seed 92, iteration 700, time: 254.55745553970337
Starting label LEVI, seed 92, iteration 710, time: 258.3176872730255
Starting label LEVI, seed 92, iteration 720, time: 262.0540380477905
Starting label LEVI, seed 92, iteration 730, time: 266.72980785369873
Starting label LEVI, seed 92, iteration 740, time: 270.5694737434387
Starting label LEVI, seed 92, iteration 750, time: 274.60277009010315
Starting label LEVI, seed 92, iteration 760, time: 278.42793893814087
Starting label LEVI, seed 92, iteration 770, time: 282.9746096134186
Starting label LEVI, seed 92, iteration 780, time: 287.202675819397
Starting label LEVI, seed 92, iteration 790, time: 291.8871214389801
Starting label LEVI, seed 92, iteration 800, time: 296.34267687797546
Starting label LEVI, seed 92, iteration 810, time: 299.95080041885376
Starting label LEVI, seed 92, iteration 820, time: 303.35612297058105
Starting label LEVI, seed 92, iteration 830, time: 306.69613456726074
Starting label LEVI, seed 92, iteration 840, time: 310.37333154678345
Starting label LEVI, seed 92, iteration 850, time: 313.78738927841187
Starting label LEVI, seed 92, iteration 860, time: 317.16902208328247
Starting label LEVI, seed 92, iteration 870, time: 320.6879253387451
Starting label LEVI, seed 92, iteration 880, time: 324.34458208084106
Starting label LEVI, seed 92, iteration 890, time: 328.77476596832275
Starting label LEVI, seed 92, iteration 900, time: 333.23333191871643
Starting label LEVI, seed 92, iteration 910, time: 337.2974011898041
Starting label LEVI, seed 92, iteration 920, time: 340.87625885009766
Starting label LEVI, seed 92, iteration 930, time: 344.28463220596313
Starting label LEVI, seed 92, iteration 940, time: 347.71777749061584
Starting label LEVI, seed 92, iteration 950, time: 352.5570843219757
Starting label LEVI, seed 92, iteration 960, time: 355.89163303375244
Starting label LEVI, seed 92, iteration 970, time: 359.28909063339233
Starting label LEVI, seed 92, iteration 980, time: 362.94652366638184
Starting label LEVI, seed 92, iteration 990, time: 366.76524567604065
Starting label LEVI, seed 92, iteration 1000, time: 370.47707629203796
Starting label LEVI, seed 92, iteration 1010, time: 373.94473528862
Starting label LEVI, seed 92, iteration 1020, time: 377.58745789527893
Starting label LEVI, seed 92, iteration 1030, time: 382.0008177757263
Starting label LEVI, seed 92, iteration 1040, time: 386.1965067386627
Starting label LEVI, seed 92, iteration 1050, time: 390.3920202255249
Starting label LEVI, seed 92, iteration 1060, time: 394.57767510414124
Starting label LEVI, seed 92, iteration 1070, time: 398.9046986103058
Starting label LEVI, seed 92, iteration 1080, time: 402.47668623924255
Starting label LEVI, seed 92, iteration 1090, time: 406.09906363487244
Starting label LEVI, seed 92, iteration 1100, time: 409.67019963264465
Starting label LEVI, seed 92, iteration 1110, time: 413.192595243454
Starting label LEVI, seed 92, iteration 1120, time: 416.7441842556
Starting label LEVI, seed 92, iteration 1130, time: 420.34951639175415
Starting label LEVI, seed 92, iteration 1140, time: 423.8975956439972
Starting label LEVI, seed 92, iteration 1150, time: 427.6424939632416
Starting label LEVI, seed 92, iteration 1160, time: 431.27588391304016
Starting label LEVI, seed 92, iteration 1170, time: 434.98387360572815
Starting label LEVI, seed 92, iteration 1180, time: 438.46385979652405
Starting label LEVI, seed 92, iteration 1190, time: 441.9588897228241
Starting label LEVI, seed 92, iteration 1200, time: 445.52508330345154
Starting label LEVI, seed 92, iteration 1210, time: 449.16250586509705
Starting label LEVI, seed 92, iteration 1220, time: 452.7066969871521
Starting label LEVI, seed 92, iteration 1230, time: 456.50811529159546
Starting label LEVI, seed 92, iteration 1240, time: 460.25011229515076
Starting label LEVI, seed 92, iteration 1250, time: 463.85235047340393
Starting label LEVI, seed 92, iteration 1260, time: 467.4490382671356
Starting label LEVI, seed 92, iteration 1270, time: 471.15150022506714
Starting label LEVI, seed 92, iteration 1280, time: 474.73441791534424
Starting label LEVI, seed 92, iteration 1290, time: 478.37067699432373
Starting label LEVI, seed 92, iteration 1300, time: 482.15944719314575
Starting label LEVI, seed 92, iteration 1310, time: 486.0136649608612
Starting label LEVI, seed 92, iteration 1320, time: 489.82545495033264
Starting label LEVI, seed 92, iteration 1330, time: 493.59243869781494
Starting label LEVI, seed 92, iteration 1340, time: 497.43672156333923
Starting label LEVI, seed 92, iteration 1350, time: 501.06702995300293
Starting label LEVI, seed 92, iteration 1360, time: 504.7709538936615
Starting label LEVI, seed 92, iteration 1370, time: 508.5242865085602
Starting label LEVI, seed 92, iteration 1380, time: 512.3826911449432
Starting label LEVI, seed 92, iteration 1390, time: 516.1471230983734
Starting label LEVI, seed 92, iteration 1400, time: 519.9343566894531
Starting label LEVI, seed 92, iteration 1410, time: 523.7445688247681
Starting label LEVI, seed 92, iteration 1420, time: 527.665342092514
Starting label LEVI, seed 92, iteration 1430, time: 531.6169278621674
Starting label LEVI, seed 92, iteration 1440, time: 535.7984335422516
Starting label LEVI, seed 92, iteration 1450, time: 539.6933841705322
Starting label LEVI, seed 92, iteration 1460, time: 543.6839578151703
Starting label LEVI, seed 92, iteration 1470, time: 548.3504238128662
Starting label LEVI, seed 92, iteration 1480, time: 552.361398935318
Starting label LEVI, seed 92, iteration 1490, time: 556.6237983703613
Starting label LEVI, seed 92, iteration 1500, time: 560.974799156189
Starting label LEVI, seed 92, iteration 1510, time: 565.2871396541595
Starting label LEVI, seed 92, iteration 1520, time: 569.5308408737183
Starting label LEVI, seed 92, iteration 1530, time: 573.8880066871643
Starting label LEVI, seed 92, iteration 1540, time: 578.2609541416168
Starting label LEVI, seed 92, iteration 1550, time: 582.6959722042084
Starting label LEVI, seed 92, iteration 1560, time: 587.299341917038
Starting label LEVI, seed 92, iteration 1570, time: 591.9210925102234
Starting label LEVI, seed 92, iteration 1580, time: 596.2058837413788
Starting label LEVI, seed 92, iteration 1590, time: 600.5930125713348
Starting label LEVI, seed 92, iteration 1600, time: 605.2132530212402
Starting label LEVI, seed 92, iteration 1610, time: 609.3261229991913
Starting label LEVI, seed 92, iteration 1620, time: 613.3917956352234
Starting label LEVI, seed 92, iteration 1630, time: 617.6668577194214
Starting label LEVI, seed 92, iteration 1640, time: 622.2280251979828
Starting label LEVI, seed 92, iteration 1650, time: 626.9727890491486
Starting label LEVI, seed 92, iteration 1660, time: 631.6924016475677
Starting label LEVI, seed 92, iteration 1670, time: 636.3797147274017
Starting label LEVI, seed 92, iteration 1680, time: 641.0154218673706
Starting label LEVI, seed 92, iteration 1690, time: 645.6515617370605
Starting label LEVI, seed 92, iteration 1700, time: 649.7827932834625
Starting label LEVI, seed 92, iteration 1710, time: 654.2967250347137
Starting label LEVI, seed 92, iteration 1720, time: 658.6880948543549
Starting label LEVI, seed 92, iteration 1730, time: 663.1857633590698
Starting label LEVI, seed 92, iteration 1740, time: 667.7456498146057
Starting label LEVI, seed 92, iteration 1750, time: 671.7243721485138
Starting label LEVI, seed 92, iteration 1760, time: 676.1426944732666
Starting label LEVI, seed 92, iteration 1770, time: 680.7755415439606
Starting label LEVI, seed 92, iteration 1780, time: 685.725955247879
Starting label LEVI, seed 92, iteration 1790, time: 690.5759878158569
Starting label LEVI, seed 92, iteration 1800, time: 695.7698650360107
Starting label LEVI, seed 92, iteration 1810, time: 700.5245976448059
Starting label LEVI, seed 92, iteration 1820, time: 705.1437950134277
Starting label LEVI, seed 92, iteration 1830, time: 709.6512298583984
Starting label LEVI, seed 92, iteration 1840, time: 714.694620847702
Starting label LEVI, seed 92, iteration 1850, time: 719.3285443782806
Starting label LEVI, seed 92, iteration 1860, time: 724.1680655479431
Starting label LEVI, seed 92, iteration 1870, time: 729.4927840232849
Starting label LEVI, seed 92, iteration 1880, time: 734.5563843250275
Starting label LEVI, seed 92, iteration 1890, time: 739.9354412555695
Starting label LEVI, seed 92, iteration 1900, time: 745.1265060901642
Starting label LEVI, seed 92, iteration 1910, time: 750.4469754695892
Starting label LEVI, seed 92, iteration 1920, time: 755.6661467552185
Starting label LEVI, seed 92, iteration 1930, time: 760.725118637085
Starting label LEVI, seed 92, iteration 1940, time: 766.0574929714203
Starting label LEVI, seed 92, iteration 1950, time: 772.5541255474091
Starting label LEVI, seed 92, iteration 1960, time: 778.5719861984253
submitit WARNING (2022-10-02 00:02:24,155) - Bypassing signal SIGCONT
submitit WARNING (2022-10-02 00:02:24,160) - Bypassing signal SIGTERM
Starting label LEVI, seed 92, iteration 1970, time: 784.8908975124359
Starting label LEVI, seed 92, iteration 1980, time: 792.202862739563
Starting label LEVI, seed 92, iteration 1990, time: 799.3926966190338
submitit INFO (2022-10-02 00:02:48,449) - Job completed successfully
