submitit INFO (2022-10-02 04:32:43,168) - Starting with JobEnvironment(job_id=884079_4, hostname=nikola-compute-03.cs.cornell.edu, local_rank=0(1), node=0(1), global_rank=0(1))
submitit INFO (2022-10-02 04:32:43,168) - Loading pickle: /home/gid-cakmaks/contextual_rs/experiments/wsc_experiments/logs/884079_4/884079_4_submitted.pkl
Appending iterations to existing output!Warning: If parameters other than `iterations` have been changed, this will corrupt the output!
Starting label LEVI, seed 94, iteration 400, time: 205.57976293563843
Starting label LEVI, seed 94, iteration 410, time: 211.562358379364
Starting label LEVI, seed 94, iteration 420, time: 217.55407643318176
Starting label LEVI, seed 94, iteration 430, time: 223.531268119812
Starting label LEVI, seed 94, iteration 440, time: 229.52510142326355
Starting label LEVI, seed 94, iteration 450, time: 235.43999814987183
Starting label LEVI, seed 94, iteration 460, time: 241.32907581329346
Starting label LEVI, seed 94, iteration 470, time: 247.24406743049622
Starting label LEVI, seed 94, iteration 480, time: 253.2020878791809
Starting label LEVI, seed 94, iteration 490, time: 259.0930678844452
Starting label LEVI, seed 94, iteration 500, time: 265.0726079940796
Starting label LEVI, seed 94, iteration 510, time: 270.92889976501465
Starting label LEVI, seed 94, iteration 520, time: 276.88997173309326
Starting label LEVI, seed 94, iteration 530, time: 283.08224511146545
Starting label LEVI, seed 94, iteration 540, time: 289.5259528160095
Starting label LEVI, seed 94, iteration 550, time: 296.1512243747711
Starting label LEVI, seed 94, iteration 560, time: 302.4737048149109
Starting label LEVI, seed 94, iteration 570, time: 308.78813457489014
Starting label LEVI, seed 94, iteration 580, time: 315.08546447753906
Starting label LEVI, seed 94, iteration 590, time: 321.38848400115967
Starting label LEVI, seed 94, iteration 600, time: 327.7850742340088
Starting label LEVI, seed 94, iteration 610, time: 334.40949845314026
Starting label LEVI, seed 94, iteration 620, time: 341.06923246383667
Starting label LEVI, seed 94, iteration 630, time: 347.70538091659546
Starting label LEVI, seed 94, iteration 640, time: 354.0478022098541
Starting label LEVI, seed 94, iteration 650, time: 360.5430483818054
Starting label LEVI, seed 94, iteration 660, time: 367.16713213920593
Starting label LEVI, seed 94, iteration 670, time: 373.66278100013733
Starting label LEVI, seed 94, iteration 680, time: 380.4179723262787
Starting label LEVI, seed 94, iteration 690, time: 387.0085837841034
Starting label LEVI, seed 94, iteration 700, time: 393.8223433494568
Starting label LEVI, seed 94, iteration 710, time: 400.4986939430237
Starting label LEVI, seed 94, iteration 720, time: 407.185250043869
Starting label LEVI, seed 94, iteration 730, time: 414.05505108833313
Starting label LEVI, seed 94, iteration 740, time: 420.6094801425934
Starting label LEVI, seed 94, iteration 750, time: 427.4213354587555
Starting label LEVI, seed 94, iteration 760, time: 434.335636138916
Starting label LEVI, seed 94, iteration 770, time: 440.88846135139465
Starting label LEVI, seed 94, iteration 780, time: 447.9505805969238
Starting label LEVI, seed 94, iteration 790, time: 454.912456035614
Starting label LEVI, seed 94, iteration 800, time: 462.0136902332306
Starting label LEVI, seed 94, iteration 810, time: 469.38946890830994
Starting label LEVI, seed 94, iteration 820, time: 476.60034823417664
Starting label LEVI, seed 94, iteration 830, time: 483.70947551727295
Starting label LEVI, seed 94, iteration 840, time: 491.0356628894806
Starting label LEVI, seed 94, iteration 850, time: 498.4809377193451
Starting label LEVI, seed 94, iteration 860, time: 506.006299495697
Starting label LEVI, seed 94, iteration 870, time: 513.3656177520752
Starting label LEVI, seed 94, iteration 880, time: 520.9907293319702
Starting label LEVI, seed 94, iteration 890, time: 528.3653657436371
Starting label LEVI, seed 94, iteration 900, time: 535.789858341217
Starting label LEVI, seed 94, iteration 910, time: 542.9436872005463
Starting label LEVI, seed 94, iteration 920, time: 550.286863565445
Starting label LEVI, seed 94, iteration 930, time: 558.0695245265961
Starting label LEVI, seed 94, iteration 940, time: 565.7766222953796
Starting label LEVI, seed 94, iteration 950, time: 573.2712540626526
Starting label LEVI, seed 94, iteration 960, time: 581.1187973022461
Starting label LEVI, seed 94, iteration 970, time: 588.7760970592499
Starting label LEVI, seed 94, iteration 980, time: 596.0117373466492
Starting label LEVI, seed 94, iteration 990, time: 603.3405408859253
Starting label LEVI, seed 94, iteration 1000, time: 610.6044130325317
Starting label LEVI, seed 94, iteration 1010, time: 617.8479549884796
Starting label LEVI, seed 94, iteration 1020, time: 625.1680145263672
Starting label LEVI, seed 94, iteration 1030, time: 632.3815665245056
Starting label LEVI, seed 94, iteration 1040, time: 639.581047296524
Starting label LEVI, seed 94, iteration 1050, time: 646.6605319976807
Starting label LEVI, seed 94, iteration 1060, time: 654.1924142837524
Starting label LEVI, seed 94, iteration 1070, time: 661.5758922100067
Starting label LEVI, seed 94, iteration 1080, time: 669.2550466060638
Starting label LEVI, seed 94, iteration 1090, time: 676.942551612854
Starting label LEVI, seed 94, iteration 1100, time: 684.6624827384949
Starting label LEVI, seed 94, iteration 1110, time: 692.5481538772583
Starting label LEVI, seed 94, iteration 1120, time: 700.4503076076508
Starting label LEVI, seed 94, iteration 1130, time: 708.4085555076599
Starting label LEVI, seed 94, iteration 1140, time: 716.0985708236694
Starting label LEVI, seed 94, iteration 1150, time: 723.8720054626465
Starting label LEVI, seed 94, iteration 1160, time: 731.2436771392822
Starting label LEVI, seed 94, iteration 1170, time: 738.799890756607
Starting label LEVI, seed 94, iteration 1180, time: 746.045107126236
Starting label LEVI, seed 94, iteration 1190, time: 753.5479071140289
Starting label LEVI, seed 94, iteration 1200, time: 761.3551466464996
Starting label LEVI, seed 94, iteration 1210, time: 769.0124440193176
Starting label LEVI, seed 94, iteration 1220, time: 776.5710852146149
Starting label LEVI, seed 94, iteration 1230, time: 784.2286367416382
Starting label LEVI, seed 94, iteration 1240, time: 791.9382984638214
Starting label LEVI, seed 94, iteration 1250, time: 799.675942659378
Starting label LEVI, seed 94, iteration 1260, time: 807.5881662368774
Starting label LEVI, seed 94, iteration 1270, time: 815.4538815021515
Starting label LEVI, seed 94, iteration 1280, time: 823.1490552425385
Starting label LEVI, seed 94, iteration 1290, time: 830.8728728294373
Starting label LEVI, seed 94, iteration 1300, time: 838.8443772792816
Starting label LEVI, seed 94, iteration 1310, time: 847.1988596916199
Starting label LEVI, seed 94, iteration 1320, time: 855.0031397342682
Starting label LEVI, seed 94, iteration 1330, time: 862.604953289032
Starting label LEVI, seed 94, iteration 1340, time: 870.0826218128204
Starting label LEVI, seed 94, iteration 1350, time: 877.8186600208282
Starting label LEVI, seed 94, iteration 1360, time: 885.2517640590668
Starting label LEVI, seed 94, iteration 1370, time: 892.6409795284271
Starting label LEVI, seed 94, iteration 1380, time: 900.1840283870697
Starting label LEVI, seed 94, iteration 1390, time: 907.5161943435669
Starting label LEVI, seed 94, iteration 1400, time: 914.9003698825836
Starting label LEVI, seed 94, iteration 1410, time: 922.7252271175385
Starting label LEVI, seed 94, iteration 1420, time: 930.2758929729462
Starting label LEVI, seed 94, iteration 1430, time: 937.6734576225281
Starting label LEVI, seed 94, iteration 1440, time: 944.9565923213959
Starting label LEVI, seed 94, iteration 1450, time: 952.1030328273773
Starting label LEVI, seed 94, iteration 1460, time: 959.470775604248
Starting label LEVI, seed 94, iteration 1470, time: 966.222992181778
Starting label LEVI, seed 94, iteration 1480, time: 973.3220484256744
Starting label LEVI, seed 94, iteration 1490, time: 980.4803366661072
Starting label LEVI, seed 94, iteration 1500, time: 987.3753809928894
Starting label LEVI, seed 94, iteration 1510, time: 994.5066313743591
Starting label LEVI, seed 94, iteration 1520, time: 1001.3215265274048
Starting label LEVI, seed 94, iteration 1530, time: 1008.3101422786713
Starting label LEVI, seed 94, iteration 1540, time: 1015.0938336849213
Starting label LEVI, seed 94, iteration 1550, time: 1022.1804664134979
Starting label LEVI, seed 94, iteration 1560, time: 1029.4230811595917
Starting label LEVI, seed 94, iteration 1570, time: 1036.597086906433
Starting label LEVI, seed 94, iteration 1580, time: 1043.4760029315948
Starting label LEVI, seed 94, iteration 1590, time: 1050.5157980918884
Starting label LEVI, seed 94, iteration 1600, time: 1057.2474117279053
Starting label LEVI, seed 94, iteration 1610, time: 1064.72616147995
Starting label LEVI, seed 94, iteration 1620, time: 1071.7655408382416
Starting label LEVI, seed 94, iteration 1630, time: 1078.924771785736
Starting label LEVI, seed 94, iteration 1640, time: 1086.0428771972656
Starting label LEVI, seed 94, iteration 1650, time: 1093.3157534599304
Starting label LEVI, seed 94, iteration 1660, time: 1101.20547914505
Starting label LEVI, seed 94, iteration 1670, time: 1108.3719964027405
Starting label LEVI, seed 94, iteration 1680, time: 1115.7467079162598
Starting label LEVI, seed 94, iteration 1690, time: 1123.1019146442413
Starting label LEVI, seed 94, iteration 1700, time: 1130.168224811554
Starting label LEVI, seed 94, iteration 1710, time: 1137.208079814911
Starting label LEVI, seed 94, iteration 1720, time: 1144.7088763713837
Starting label LEVI, seed 94, iteration 1730, time: 1152.187881231308
Starting label LEVI, seed 94, iteration 1740, time: 1159.7518496513367
Starting label LEVI, seed 94, iteration 1750, time: 1167.1985330581665
Starting label LEVI, seed 94, iteration 1760, time: 1174.6552209854126
Starting label LEVI, seed 94, iteration 1770, time: 1181.9731378555298
Starting label LEVI, seed 94, iteration 1780, time: 1189.1864264011383
Starting label LEVI, seed 94, iteration 1790, time: 1196.598741054535
Starting label LEVI, seed 94, iteration 1800, time: 1203.955904006958
Starting label LEVI, seed 94, iteration 1810, time: 1211.1351299285889
Starting label LEVI, seed 94, iteration 1820, time: 1218.6035630702972
Starting label LEVI, seed 94, iteration 1830, time: 1225.9357318878174
Starting label LEVI, seed 94, iteration 1840, time: 1233.3900990486145
Starting label LEVI, seed 94, iteration 1850, time: 1240.802490234375
Starting label LEVI, seed 94, iteration 1860, time: 1248.5524144172668
Starting label LEVI, seed 94, iteration 1870, time: 1256.2037343978882
Starting label LEVI, seed 94, iteration 1880, time: 1263.8244609832764
Starting label LEVI, seed 94, iteration 1890, time: 1271.718623638153
Starting label LEVI, seed 94, iteration 1900, time: 1279.7507333755493
Starting label LEVI, seed 94, iteration 1910, time: 1288.1633579730988
Starting label LEVI, seed 94, iteration 1920, time: 1296.5026180744171
Starting label LEVI, seed 94, iteration 1930, time: 1304.1399791240692
Starting label LEVI, seed 94, iteration 1940, time: 1311.7690279483795
Starting label LEVI, seed 94, iteration 1950, time: 1319.573476076126
Starting label LEVI, seed 94, iteration 1960, time: 1327.4602258205414
Starting label LEVI, seed 94, iteration 1970, time: 1335.0531792640686
Starting label LEVI, seed 94, iteration 1980, time: 1342.4077033996582
Starting label LEVI, seed 94, iteration 1990, time: 1350.1449575424194
submitit INFO (2022-10-02 04:51:58,202) - Job completed successfully
