submitit INFO (2022-10-02 02:26:46,989) - Starting with JobEnvironment(job_id=883734_7, hostname=g2-compute-96.coecis.cornell.edu, local_rank=0(1), node=0(1), global_rank=0(1))
submitit INFO (2022-10-02 02:26:46,989) - Loading pickle: /home/gid-cakmaks/contextual_rs/experiments/wsc_experiments/logs/883734_7/883734_7_submitted.pkl
Appending iterations to existing output!Warning: If parameters other than `iterations` have been changed, this will corrupt the output!
Starting label LEVI, seed 87, iteration 140, time: 40.92728900909424
Starting label LEVI, seed 87, iteration 150, time: 43.35619592666626
Starting label LEVI, seed 87, iteration 160, time: 45.725245237350464
Starting label LEVI, seed 87, iteration 170, time: 48.098397970199585
Starting label LEVI, seed 87, iteration 180, time: 50.52871894836426
Starting label LEVI, seed 87, iteration 190, time: 52.990334272384644
Starting label LEVI, seed 87, iteration 200, time: 55.521799087524414
Starting label LEVI, seed 87, iteration 210, time: 57.9925103187561
Starting label LEVI, seed 87, iteration 220, time: 60.554768562316895
Starting label LEVI, seed 87, iteration 230, time: 63.05778741836548
Starting label LEVI, seed 87, iteration 240, time: 65.64942789077759
Starting label LEVI, seed 87, iteration 250, time: 68.19280171394348
Starting label LEVI, seed 87, iteration 260, time: 70.7788896560669
Starting label LEVI, seed 87, iteration 270, time: 73.39049553871155
Starting label LEVI, seed 87, iteration 280, time: 76.03943347930908
Starting label LEVI, seed 87, iteration 290, time: 78.66877627372742
Starting label LEVI, seed 87, iteration 300, time: 81.22571563720703
Starting label LEVI, seed 87, iteration 310, time: 83.81242775917053
Starting label LEVI, seed 87, iteration 320, time: 86.3579695224762
Starting label LEVI, seed 87, iteration 330, time: 89.12860608100891
Starting label LEVI, seed 87, iteration 340, time: 91.76177501678467
Starting label LEVI, seed 87, iteration 350, time: 94.53067898750305
Starting label LEVI, seed 87, iteration 360, time: 97.25209617614746
Starting label LEVI, seed 87, iteration 370, time: 100.0065484046936
Starting label LEVI, seed 87, iteration 380, time: 102.66116714477539
Starting label LEVI, seed 87, iteration 390, time: 105.46060395240784
Starting label LEVI, seed 87, iteration 400, time: 108.2134690284729
Starting label LEVI, seed 87, iteration 410, time: 111.02188801765442
Starting label LEVI, seed 87, iteration 420, time: 113.91852164268494
Starting label LEVI, seed 87, iteration 430, time: 116.54074501991272
Starting label LEVI, seed 87, iteration 440, time: 119.62702345848083
Starting label LEVI, seed 87, iteration 450, time: 122.9217689037323
Starting label LEVI, seed 87, iteration 460, time: 125.97392439842224
Starting label LEVI, seed 87, iteration 470, time: 129.31702041625977
Starting label LEVI, seed 87, iteration 480, time: 132.4406247138977
Starting label LEVI, seed 87, iteration 490, time: 135.53547143936157
Starting label LEVI, seed 87, iteration 500, time: 138.43023490905762
Starting label LEVI, seed 87, iteration 510, time: 141.89251065254211
Starting label LEVI, seed 87, iteration 520, time: 145.3273892402649
Starting label LEVI, seed 87, iteration 530, time: 148.93771243095398
Starting label LEVI, seed 87, iteration 540, time: 152.15206336975098
Starting label LEVI, seed 87, iteration 550, time: 155.29417896270752
Starting label LEVI, seed 87, iteration 560, time: 158.65423107147217
Starting label LEVI, seed 87, iteration 570, time: 162.3428328037262
Starting label LEVI, seed 87, iteration 580, time: 165.85194635391235
Starting label LEVI, seed 87, iteration 590, time: 169.80957913398743
Starting label LEVI, seed 87, iteration 600, time: 173.8310616016388
Starting label LEVI, seed 87, iteration 610, time: 177.8689842224121
Starting label LEVI, seed 87, iteration 620, time: 182.04779481887817
Starting label LEVI, seed 87, iteration 630, time: 185.75236892700195
Starting label LEVI, seed 87, iteration 640, time: 190.1652500629425
Starting label LEVI, seed 87, iteration 650, time: 194.53903126716614
Starting label LEVI, seed 87, iteration 660, time: 198.9047577381134
Starting label LEVI, seed 87, iteration 670, time: 202.86068153381348
Starting label LEVI, seed 87, iteration 680, time: 207.20627212524414
Starting label LEVI, seed 87, iteration 690, time: 212.37873315811157
Starting label LEVI, seed 87, iteration 700, time: 216.94416546821594
Starting label LEVI, seed 87, iteration 710, time: 222.4803388118744
Starting label LEVI, seed 87, iteration 720, time: 227.62014889717102
Starting label LEVI, seed 87, iteration 730, time: 232.63027215003967
Starting label LEVI, seed 87, iteration 740, time: 237.2048966884613
Starting label LEVI, seed 87, iteration 750, time: 242.46631836891174
Starting label LEVI, seed 87, iteration 760, time: 248.6690661907196
Starting label LEVI, seed 87, iteration 770, time: 254.4163737297058
Starting label LEVI, seed 87, iteration 780, time: 259.47188568115234
Starting label LEVI, seed 87, iteration 790, time: 264.9486794471741
Starting label LEVI, seed 87, iteration 800, time: 271.308801651001
Starting label LEVI, seed 87, iteration 810, time: 276.8096373081207
Starting label LEVI, seed 87, iteration 820, time: 283.4601004123688
Starting label LEVI, seed 87, iteration 830, time: 288.77677965164185
Starting label LEVI, seed 87, iteration 840, time: 294.2211899757385
Starting label LEVI, seed 87, iteration 850, time: 300.4481294155121
Starting label LEVI, seed 87, iteration 860, time: 307.10437202453613
Starting label LEVI, seed 87, iteration 870, time: 313.1809754371643
Starting label LEVI, seed 87, iteration 880, time: 320.49056696891785
Starting label LEVI, seed 87, iteration 890, time: 327.0191924571991
Starting label LEVI, seed 87, iteration 900, time: 333.45212626457214
Starting label LEVI, seed 87, iteration 910, time: 339.8628284931183
Starting label LEVI, seed 87, iteration 920, time: 346.5671031475067
Starting label LEVI, seed 87, iteration 930, time: 353.71580958366394
Starting label LEVI, seed 87, iteration 940, time: 360.9596383571625
Starting label LEVI, seed 87, iteration 950, time: 369.0408537387848
Starting label LEVI, seed 87, iteration 960, time: 375.1004865169525
Starting label LEVI, seed 87, iteration 970, time: 381.41319274902344
Starting label LEVI, seed 87, iteration 980, time: 388.1099889278412
Starting label LEVI, seed 87, iteration 990, time: 395.71198415756226
Starting label LEVI, seed 87, iteration 1000, time: 403.88538885116577
Starting label LEVI, seed 87, iteration 1010, time: 412.5868754386902
Starting label LEVI, seed 87, iteration 1020, time: 421.089323759079
Starting label LEVI, seed 87, iteration 1030, time: 429.7653181552887
Starting label LEVI, seed 87, iteration 1040, time: 438.43400144577026
Starting label LEVI, seed 87, iteration 1050, time: 447.00651812553406
Starting label LEVI, seed 87, iteration 1060, time: 456.6316468715668
Starting label LEVI, seed 87, iteration 1070, time: 466.80288100242615
Starting label LEVI, seed 87, iteration 1080, time: 477.0780465602875
Starting label LEVI, seed 87, iteration 1090, time: 487.33016633987427
Starting label LEVI, seed 87, iteration 1100, time: 497.70265889167786
Starting label LEVI, seed 87, iteration 1110, time: 505.95896339416504
Starting label LEVI, seed 87, iteration 1120, time: 516.7510509490967
Starting label LEVI, seed 87, iteration 1130, time: 525.1626346111298
Starting label LEVI, seed 87, iteration 1140, time: 535.4863357543945
Starting label LEVI, seed 87, iteration 1150, time: 544.958958864212
Starting label LEVI, seed 87, iteration 1160, time: 556.0823278427124
Starting label LEVI, seed 87, iteration 1170, time: 564.8543419837952
Starting label LEVI, seed 87, iteration 1180, time: 573.7932641506195
Starting label LEVI, seed 87, iteration 1190, time: 582.8232650756836
Starting label LEVI, seed 87, iteration 1200, time: 593.0807604789734
Starting label LEVI, seed 87, iteration 1210, time: 605.4799010753632
Starting label LEVI, seed 87, iteration 1220, time: 616.8014616966248
Starting label LEVI, seed 87, iteration 1230, time: 628.7088103294373
Starting label LEVI, seed 87, iteration 1240, time: 640.2673127651215
Starting label LEVI, seed 87, iteration 1250, time: 654.7630300521851
Starting label LEVI, seed 87, iteration 1260, time: 669.2951447963715
Starting label LEVI, seed 87, iteration 1270, time: 683.7631604671478
Starting label LEVI, seed 87, iteration 1280, time: 696.3371391296387
Starting label LEVI, seed 87, iteration 1290, time: 708.9617590904236
Starting label LEVI, seed 87, iteration 1300, time: 723.2590801715851
Starting label LEVI, seed 87, iteration 1310, time: 735.3303730487823
Starting label LEVI, seed 87, iteration 1320, time: 750.9013619422913
Starting label LEVI, seed 87, iteration 1330, time: 766.09073138237
Starting label LEVI, seed 87, iteration 1340, time: 778.7731556892395
Starting label LEVI, seed 87, iteration 1350, time: 795.6549105644226
Starting label LEVI, seed 87, iteration 1360, time: 809.2542572021484
Starting label LEVI, seed 87, iteration 1370, time: 828.0511522293091
Starting label LEVI, seed 87, iteration 1380, time: 842.849494934082
Starting label LEVI, seed 87, iteration 1390, time: 862.4103009700775
Starting label LEVI, seed 87, iteration 1400, time: 880.841817855835
Starting label LEVI, seed 87, iteration 1410, time: 899.7046971321106
Starting label LEVI, seed 87, iteration 1420, time: 917.8612213134766
Starting label LEVI, seed 87, iteration 1430, time: 937.4170658588409
Starting label LEVI, seed 87, iteration 1440, time: 957.2254564762115
Starting label LEVI, seed 87, iteration 1450, time: 977.0710306167603
Starting label LEVI, seed 87, iteration 1460, time: 997.8143191337585
Starting label LEVI, seed 87, iteration 1470, time: 1015.2867212295532
Starting label LEVI, seed 87, iteration 1480, time: 1034.438455581665
Starting label LEVI, seed 87, iteration 1490, time: 1056.3751204013824
Starting label LEVI, seed 87, iteration 1500, time: 1079.3861186504364
Starting label LEVI, seed 87, iteration 1510, time: 1097.8508875370026
Starting label LEVI, seed 87, iteration 1520, time: 1121.3153977394104
Starting label LEVI, seed 87, iteration 1530, time: 1144.822452545166
Starting label LEVI, seed 87, iteration 1540, time: 1168.2969539165497
Starting label LEVI, seed 87, iteration 1550, time: 1191.871558189392
Starting label LEVI, seed 87, iteration 1560, time: 1215.4543952941895
Starting label LEVI, seed 87, iteration 1570, time: 1238.8989384174347
Starting label LEVI, seed 87, iteration 1580, time: 1262.8378763198853
Starting label LEVI, seed 87, iteration 1590, time: 1287.8872163295746
Starting label LEVI, seed 87, iteration 1600, time: 1309.7088210582733
Starting label LEVI, seed 87, iteration 1610, time: 1329.7784214019775
Starting label LEVI, seed 87, iteration 1620, time: 1355.854240655899
Starting label LEVI, seed 87, iteration 1630, time: 1381.8130764961243
Starting label LEVI, seed 87, iteration 1640, time: 1404.742713689804
Starting label LEVI, seed 87, iteration 1650, time: 1431.8171699047089
Starting label LEVI, seed 87, iteration 1660, time: 1459.39239859581
Starting label LEVI, seed 87, iteration 1670, time: 1486.9987692832947
Starting label LEVI, seed 87, iteration 1680, time: 1512.608200788498
Starting label LEVI, seed 87, iteration 1690, time: 1538.2797787189484
Starting label LEVI, seed 87, iteration 1700, time: 1563.5958642959595
Starting label LEVI, seed 87, iteration 1710, time: 1592.383419752121
Starting label LEVI, seed 87, iteration 1720, time: 1620.2693567276
Starting label LEVI, seed 87, iteration 1730, time: 1646.9779999256134
Starting label LEVI, seed 87, iteration 1740, time: 1673.7682919502258
Starting label LEVI, seed 87, iteration 1750, time: 1704.8134875297546
Starting label LEVI, seed 87, iteration 1760, time: 1737.1623775959015
Starting label LEVI, seed 87, iteration 1770, time: 1762.5954055786133
Starting label LEVI, seed 87, iteration 1780, time: 1789.7947130203247
Starting label LEVI, seed 87, iteration 1790, time: 1817.0387694835663
Starting label LEVI, seed 87, iteration 1800, time: 1845.1897146701813
Starting label LEVI, seed 87, iteration 1810, time: 1873.869497537613
Starting label LEVI, seed 87, iteration 1820, time: 1909.1863009929657
Starting label LEVI, seed 87, iteration 1830, time: 1937.6701872348785
Starting label LEVI, seed 87, iteration 1840, time: 1967.178111076355
Starting label LEVI, seed 87, iteration 1850, time: 1996.978515625
Starting label LEVI, seed 87, iteration 1860, time: 2033.1316061019897
Starting label LEVI, seed 87, iteration 1870, time: 2065.4582328796387
Starting label LEVI, seed 87, iteration 1880, time: 2096.8788318634033
Starting label LEVI, seed 87, iteration 1890, time: 2136.794515132904
Starting label LEVI, seed 87, iteration 1900, time: 2169.7212266921997
Starting label LEVI, seed 87, iteration 1910, time: 2202.8857369422913
Starting label LEVI, seed 87, iteration 1920, time: 2240.8503284454346
Starting label LEVI, seed 87, iteration 1930, time: 2277.0367527008057
Starting label LEVI, seed 87, iteration 1940, time: 2312.1884150505066
Starting label LEVI, seed 87, iteration 1950, time: 2344.692843914032
Starting label LEVI, seed 87, iteration 1960, time: 2377.649231672287
Starting label LEVI, seed 87, iteration 1970, time: 2411.1288414001465
Starting label LEVI, seed 87, iteration 1980, time: 2444.1883578300476
Starting label LEVI, seed 87, iteration 1990, time: 2478.1115097999573
submitit INFO (2022-10-02 03:08:02,482) - Job completed successfully
