submitit INFO (2022-10-02 01:37:13,215) - Starting with JobEnvironment(job_id=883479_5, hostname=badfellow.cs.cornell.edu, local_rank=0(1), node=0(1), global_rank=0(1))
submitit INFO (2022-10-02 01:37:13,215) - Loading pickle: /home/gid-cakmaks/contextual_rs/experiments/wsc_experiments/logs/883479_5/883479_5_submitted.pkl
Starting label LEVI, seed 65, iteration 0, time: 0.00037217140197753906
Starting label LEVI, seed 65, iteration 10, time: 7.049888610839844
Starting label LEVI, seed 65, iteration 20, time: 9.891226291656494
Starting label LEVI, seed 65, iteration 30, time: 12.614593982696533
Starting label LEVI, seed 65, iteration 40, time: 15.280306816101074
Starting label LEVI, seed 65, iteration 50, time: 17.739745140075684
Starting label LEVI, seed 65, iteration 60, time: 20.365453004837036
Starting label LEVI, seed 65, iteration 70, time: 22.987735271453857
Starting label LEVI, seed 65, iteration 80, time: 25.553282499313354
Starting label LEVI, seed 65, iteration 90, time: 28.155057191848755
Starting label LEVI, seed 65, iteration 100, time: 30.894596338272095
Starting label LEVI, seed 65, iteration 110, time: 33.611350297927856
Starting label LEVI, seed 65, iteration 120, time: 36.421647787094116
Starting label LEVI, seed 65, iteration 130, time: 39.19730496406555
Starting label LEVI, seed 65, iteration 140, time: 42.17891216278076
Starting label LEVI, seed 65, iteration 150, time: 45.336379528045654
Starting label LEVI, seed 65, iteration 160, time: 48.56536602973938
Starting label LEVI, seed 65, iteration 170, time: 51.791224241256714
Starting label LEVI, seed 65, iteration 180, time: 54.96670317649841
Starting label LEVI, seed 65, iteration 190, time: 58.285964488983154
Starting label LEVI, seed 65, iteration 200, time: 61.65235900878906
Starting label LEVI, seed 65, iteration 210, time: 64.97973704338074
Starting label LEVI, seed 65, iteration 220, time: 68.20579099655151
Starting label LEVI, seed 65, iteration 230, time: 71.76988458633423
Starting label LEVI, seed 65, iteration 240, time: 75.31885647773743
Starting label LEVI, seed 65, iteration 250, time: 78.83982729911804
Starting label LEVI, seed 65, iteration 260, time: 82.14095091819763
Starting label LEVI, seed 65, iteration 270, time: 85.46498489379883
Starting label LEVI, seed 65, iteration 280, time: 88.87832260131836
Starting label LEVI, seed 65, iteration 290, time: 92.25873255729675
Starting label LEVI, seed 65, iteration 300, time: 95.78142213821411
Starting label LEVI, seed 65, iteration 310, time: 99.24197173118591
Starting label LEVI, seed 65, iteration 320, time: 102.77630233764648
Starting label LEVI, seed 65, iteration 330, time: 106.39157748222351
Starting label LEVI, seed 65, iteration 340, time: 109.73390173912048
Starting label LEVI, seed 65, iteration 350, time: 113.19174718856812
Starting label LEVI, seed 65, iteration 360, time: 116.7190260887146
Starting label LEVI, seed 65, iteration 370, time: 120.37440490722656
Starting label LEVI, seed 65, iteration 380, time: 123.92791199684143
Starting label LEVI, seed 65, iteration 390, time: 127.60341238975525
Starting label LEVI, seed 65, iteration 400, time: 131.26936864852905
Starting label LEVI, seed 65, iteration 410, time: 134.90741753578186
Starting label LEVI, seed 65, iteration 420, time: 138.5089864730835
Starting label LEVI, seed 65, iteration 430, time: 142.19607067108154
Starting label LEVI, seed 65, iteration 440, time: 145.95840859413147
Starting label LEVI, seed 65, iteration 450, time: 149.67737746238708
Starting label LEVI, seed 65, iteration 460, time: 153.36675667762756
Starting label LEVI, seed 65, iteration 470, time: 157.13670468330383
Starting label LEVI, seed 65, iteration 480, time: 160.84624934196472
Starting label LEVI, seed 65, iteration 490, time: 164.52191638946533
Starting label LEVI, seed 65, iteration 500, time: 168.07544207572937
Starting label LEVI, seed 65, iteration 510, time: 171.70955729484558
Starting label LEVI, seed 65, iteration 520, time: 175.27357578277588
Starting label LEVI, seed 65, iteration 530, time: 178.93057656288147
Starting label LEVI, seed 65, iteration 540, time: 182.61266112327576
Starting label LEVI, seed 65, iteration 550, time: 186.20408463478088
Starting label LEVI, seed 65, iteration 560, time: 189.86765027046204
Starting label LEVI, seed 65, iteration 570, time: 193.5508062839508
Starting label LEVI, seed 65, iteration 580, time: 197.17209887504578
Starting label LEVI, seed 65, iteration 590, time: 200.85526752471924
Starting label LEVI, seed 65, iteration 600, time: 204.59525609016418
Starting label LEVI, seed 65, iteration 610, time: 208.30071806907654
Starting label LEVI, seed 65, iteration 620, time: 212.02545404434204
Starting label LEVI, seed 65, iteration 630, time: 215.71985912322998
Starting label LEVI, seed 65, iteration 640, time: 219.46378207206726
Starting label LEVI, seed 65, iteration 650, time: 223.26141238212585
Starting label LEVI, seed 65, iteration 660, time: 227.06428503990173
Starting label LEVI, seed 65, iteration 670, time: 230.82409930229187
Starting label LEVI, seed 65, iteration 680, time: 234.82459115982056
Starting label LEVI, seed 65, iteration 690, time: 238.7330560684204
Starting label LEVI, seed 65, iteration 700, time: 242.57344245910645
Starting label LEVI, seed 65, iteration 710, time: 246.27465891838074
Starting label LEVI, seed 65, iteration 720, time: 250.03379821777344
Starting label LEVI, seed 65, iteration 730, time: 253.74359440803528
Starting label LEVI, seed 65, iteration 740, time: 257.50896525382996
Starting label LEVI, seed 65, iteration 750, time: 261.2482669353485
Starting label LEVI, seed 65, iteration 760, time: 265.01106357574463
Starting label LEVI, seed 65, iteration 770, time: 268.767525434494
Starting label LEVI, seed 65, iteration 780, time: 272.5114140510559
Starting label LEVI, seed 65, iteration 790, time: 276.25716376304626
Starting label LEVI, seed 65, iteration 800, time: 279.9869210720062
Starting label LEVI, seed 65, iteration 810, time: 283.75771617889404
Starting label LEVI, seed 65, iteration 820, time: 287.6238751411438
Starting label LEVI, seed 65, iteration 830, time: 291.3751413822174
Starting label LEVI, seed 65, iteration 840, time: 295.187783241272
Starting label LEVI, seed 65, iteration 850, time: 298.9375419616699
Starting label LEVI, seed 65, iteration 860, time: 302.80101227760315
Starting label LEVI, seed 65, iteration 870, time: 306.6373257637024
Starting label LEVI, seed 65, iteration 880, time: 310.445116519928
Starting label LEVI, seed 65, iteration 890, time: 314.25522923469543
Starting label LEVI, seed 65, iteration 900, time: 318.1717700958252
Starting label LEVI, seed 65, iteration 910, time: 321.85682702064514
Starting label LEVI, seed 65, iteration 920, time: 326.04806089401245
Starting label LEVI, seed 65, iteration 930, time: 331.4965512752533
Starting label LEVI, seed 65, iteration 940, time: 335.9055120944977
Starting label LEVI, seed 65, iteration 950, time: 340.1619379520416
Starting label LEVI, seed 65, iteration 960, time: 344.3818271160126
Starting label LEVI, seed 65, iteration 970, time: 349.9230225086212
Starting label LEVI, seed 65, iteration 980, time: 354.480082988739
Starting label LEVI, seed 65, iteration 990, time: 358.82208347320557
Starting label LEVI, seed 65, iteration 1000, time: 363.1472256183624
Starting label LEVI, seed 65, iteration 1010, time: 368.96351194381714
Starting label LEVI, seed 65, iteration 1020, time: 374.81837248802185
Starting label LEVI, seed 65, iteration 1030, time: 379.6275427341461
Starting label LEVI, seed 65, iteration 1040, time: 385.6611919403076
Starting label LEVI, seed 65, iteration 1050, time: 391.48619389533997
Starting label LEVI, seed 65, iteration 1060, time: 397.20207381248474
Starting label LEVI, seed 65, iteration 1070, time: 403.0291500091553
Starting label LEVI, seed 65, iteration 1080, time: 407.80772161483765
Starting label LEVI, seed 65, iteration 1090, time: 412.63294506073
Starting label LEVI, seed 65, iteration 1100, time: 418.4595000743866
Starting label LEVI, seed 65, iteration 1110, time: 424.4095923900604
Starting label LEVI, seed 65, iteration 1120, time: 429.84923458099365
Starting label LEVI, seed 65, iteration 1130, time: 435.4383363723755
Starting label LEVI, seed 65, iteration 1140, time: 441.5856559276581
Starting label LEVI, seed 65, iteration 1150, time: 447.17305612564087
Starting label LEVI, seed 65, iteration 1160, time: 453.7086594104767
Starting label LEVI, seed 65, iteration 1170, time: 460.45532989501953
Starting label LEVI, seed 65, iteration 1180, time: 467.0441620349884
Starting label LEVI, seed 65, iteration 1190, time: 473.17910957336426
Starting label LEVI, seed 65, iteration 1200, time: 478.90957164764404
Starting label LEVI, seed 65, iteration 1210, time: 485.3999741077423
Starting label LEVI, seed 65, iteration 1220, time: 491.6533398628235
Starting label LEVI, seed 65, iteration 1230, time: 497.9587001800537
Starting label LEVI, seed 65, iteration 1240, time: 504.7038686275482
Starting label LEVI, seed 65, iteration 1250, time: 511.47727608680725
Starting label LEVI, seed 65, iteration 1260, time: 517.7551941871643
Starting label LEVI, seed 65, iteration 1270, time: 523.6710572242737
Starting label LEVI, seed 65, iteration 1280, time: 529.7034885883331
Starting label LEVI, seed 65, iteration 1290, time: 535.9179723262787
Starting label LEVI, seed 65, iteration 1300, time: 541.7932345867157
Starting label LEVI, seed 65, iteration 1310, time: 547.7515099048615
Starting label LEVI, seed 65, iteration 1320, time: 554.3100202083588
Starting label LEVI, seed 65, iteration 1330, time: 560.5744404792786
Starting label LEVI, seed 65, iteration 1340, time: 566.7624697685242
Starting label LEVI, seed 65, iteration 1350, time: 573.0898008346558
Starting label LEVI, seed 65, iteration 1360, time: 579.4570224285126
Starting label LEVI, seed 65, iteration 1370, time: 583.8683643341064
Starting label LEVI, seed 65, iteration 1380, time: 589.4912257194519
Starting label LEVI, seed 65, iteration 1390, time: 595.4982633590698
Starting label LEVI, seed 65, iteration 1400, time: 600.0855720043182
Starting label LEVI, seed 65, iteration 1410, time: 604.8786644935608
Starting label LEVI, seed 65, iteration 1420, time: 609.5642099380493
Starting label LEVI, seed 65, iteration 1430, time: 614.8964927196503
Starting label LEVI, seed 65, iteration 1440, time: 619.602103471756
Starting label LEVI, seed 65, iteration 1450, time: 624.6041126251221
Starting label LEVI, seed 65, iteration 1460, time: 629.7285318374634
Starting label LEVI, seed 65, iteration 1470, time: 634.4931643009186
Starting label LEVI, seed 65, iteration 1480, time: 639.4689743518829
Starting label LEVI, seed 65, iteration 1490, time: 644.3041915893555
Starting label LEVI, seed 65, iteration 1500, time: 649.384646654129
Starting label LEVI, seed 65, iteration 1510, time: 654.537097454071
Starting label LEVI, seed 65, iteration 1520, time: 659.3171572685242
Starting label LEVI, seed 65, iteration 1530, time: 664.7916414737701
Starting label LEVI, seed 65, iteration 1540, time: 669.9325377941132
Starting label LEVI, seed 65, iteration 1550, time: 674.5157737731934
Starting label LEVI, seed 65, iteration 1560, time: 679.4751298427582
Starting label LEVI, seed 65, iteration 1570, time: 684.3673264980316
Starting label LEVI, seed 65, iteration 1580, time: 688.9273657798767
Starting label LEVI, seed 65, iteration 1590, time: 693.8608050346375
Starting label LEVI, seed 65, iteration 1600, time: 698.8716835975647
Starting label LEVI, seed 65, iteration 1610, time: 703.3801128864288
Starting label LEVI, seed 65, iteration 1620, time: 708.2389068603516
Starting label LEVI, seed 65, iteration 1630, time: 712.9922473430634
Starting label LEVI, seed 65, iteration 1640, time: 717.6216118335724
Starting label LEVI, seed 65, iteration 1650, time: 722.4559109210968
Starting label LEVI, seed 65, iteration 1660, time: 727.1630382537842
submitit WARNING (2022-10-02 01:49:22,424) - Bypassing signal SIGCONT
submitit WARNING (2022-10-02 01:49:22,461) - Bypassing signal SIGTERM
Starting label LEVI, seed 65, iteration 1670, time: 732.0961780548096
Starting label LEVI, seed 65, iteration 1680, time: 736.9432654380798
Starting label LEVI, seed 65, iteration 1690, time: 741.5806715488434
Starting label LEVI, seed 65, iteration 1700, time: 746.6903460025787
Starting label LEVI, seed 65, iteration 1710, time: 751.2723517417908
Starting label LEVI, seed 65, iteration 1720, time: 755.8696162700653
