submitit INFO (2022-10-02 01:49:55,873) - Starting with JobEnvironment(job_id=883523_5, hostname=nikola-compute-03.cs.cornell.edu, local_rank=0(1), node=0(1), global_rank=0(1))
submitit INFO (2022-10-02 01:49:55,873) - Loading pickle: /home/gid-cakmaks/contextual_rs/experiments/wsc_experiments/logs/883523_5/883523_5_submitted.pkl
Starting label LEVI, seed 15, iteration 0, time: 0.0004508495330810547
Starting label LEVI, seed 15, iteration 10, time: 5.279553174972534
Starting label LEVI, seed 15, iteration 20, time: 10.430675745010376
Starting label LEVI, seed 15, iteration 30, time: 15.596791744232178
Starting label LEVI, seed 15, iteration 40, time: 20.835105895996094
Starting label LEVI, seed 15, iteration 50, time: 26.288694381713867
Starting label LEVI, seed 15, iteration 60, time: 31.607752323150635
Starting label LEVI, seed 15, iteration 70, time: 36.961520195007324
Starting label LEVI, seed 15, iteration 80, time: 42.370816469192505
Starting label LEVI, seed 15, iteration 90, time: 48.01090383529663
Starting label LEVI, seed 15, iteration 100, time: 53.69507336616516
Starting label LEVI, seed 15, iteration 110, time: 59.492173194885254
Starting label LEVI, seed 15, iteration 120, time: 65.26356315612793
Starting label LEVI, seed 15, iteration 130, time: 71.13541293144226
Starting label LEVI, seed 15, iteration 140, time: 76.61892056465149
Starting label LEVI, seed 15, iteration 150, time: 82.54752969741821
Starting label LEVI, seed 15, iteration 160, time: 88.48242831230164
Starting label LEVI, seed 15, iteration 170, time: 94.41381692886353
Starting label LEVI, seed 15, iteration 180, time: 100.47251176834106
Starting label LEVI, seed 15, iteration 190, time: 106.03233647346497
Starting label LEVI, seed 15, iteration 200, time: 111.98013401031494
Starting label LEVI, seed 15, iteration 210, time: 118.21214056015015
Starting label LEVI, seed 15, iteration 220, time: 124.35632467269897
Starting label LEVI, seed 15, iteration 230, time: 130.4774649143219
Starting label LEVI, seed 15, iteration 240, time: 136.3265266418457
Starting label LEVI, seed 15, iteration 250, time: 142.2625753879547
Starting label LEVI, seed 15, iteration 260, time: 148.34010410308838
Starting label LEVI, seed 15, iteration 270, time: 154.50685596466064
Starting label LEVI, seed 15, iteration 280, time: 160.55084919929504
Starting label LEVI, seed 15, iteration 290, time: 166.52680850028992
Starting label LEVI, seed 15, iteration 300, time: 172.54655146598816
Starting label LEVI, seed 15, iteration 310, time: 178.57258558273315
Starting label LEVI, seed 15, iteration 320, time: 184.77025508880615
Starting label LEVI, seed 15, iteration 330, time: 190.890065908432
Starting label LEVI, seed 15, iteration 340, time: 197.33608293533325
Starting label LEVI, seed 15, iteration 350, time: 203.69107174873352
Starting label LEVI, seed 15, iteration 360, time: 210.12561583518982
Starting label LEVI, seed 15, iteration 370, time: 216.51747679710388
Starting label LEVI, seed 15, iteration 380, time: 223.07306671142578
Starting label LEVI, seed 15, iteration 390, time: 229.60363221168518
Starting label LEVI, seed 15, iteration 400, time: 236.01894426345825
Starting label LEVI, seed 15, iteration 410, time: 242.34874057769775
Starting label LEVI, seed 15, iteration 420, time: 248.54731130599976
Starting label LEVI, seed 15, iteration 430, time: 254.67043900489807
Starting label LEVI, seed 15, iteration 440, time: 260.9104070663452
Starting label LEVI, seed 15, iteration 450, time: 266.95944905281067
Starting label LEVI, seed 15, iteration 460, time: 273.209929227829
Starting label LEVI, seed 15, iteration 470, time: 279.1848728656769
Starting label LEVI, seed 15, iteration 480, time: 285.2692184448242
Starting label LEVI, seed 15, iteration 490, time: 291.22232842445374
Starting label LEVI, seed 15, iteration 500, time: 297.4557719230652
Starting label LEVI, seed 15, iteration 510, time: 303.7927043437958
Starting label LEVI, seed 15, iteration 520, time: 310.0832622051239
submitit WARNING (2022-10-02 01:55:12,455) - Bypassing signal SIGCONT
submitit WARNING (2022-10-02 01:55:12,459) - Bypassing signal SIGTERM
Starting label LEVI, seed 15, iteration 530, time: 316.2246322631836
Starting label LEVI, seed 15, iteration 540, time: 322.69751358032227
Starting label LEVI, seed 15, iteration 550, time: 328.55305099487305
Starting label LEVI, seed 15, iteration 560, time: 334.87315034866333
Starting label LEVI, seed 15, iteration 570, time: 341.07526540756226
