submitit INFO (2022-10-02 01:38:20,087) - Starting with JobEnvironment(job_id=883479_6, hostname=desa-compute-01.cs.cornell.edu, local_rank=0(1), node=0(1), global_rank=0(1))
submitit INFO (2022-10-02 01:38:20,087) - Loading pickle: /home/gid-cakmaks/contextual_rs/experiments/wsc_experiments/logs/883479_6/883479_6_submitted.pkl
Starting label LEVI, seed 66, iteration 0, time: 0.0005984306335449219
Starting label LEVI, seed 66, iteration 10, time: 3.1187686920166016
Starting label LEVI, seed 66, iteration 20, time: 6.352041959762573
Starting label LEVI, seed 66, iteration 30, time: 9.577820062637329
Starting label LEVI, seed 66, iteration 40, time: 12.586449384689331
Starting label LEVI, seed 66, iteration 50, time: 15.502196311950684
Starting label LEVI, seed 66, iteration 60, time: 18.44565439224243
Starting label LEVI, seed 66, iteration 70, time: 21.85235857963562
Starting label LEVI, seed 66, iteration 80, time: 25.17119860649109
Starting label LEVI, seed 66, iteration 90, time: 28.054373741149902
Starting label LEVI, seed 66, iteration 100, time: 31.32588768005371
Starting label LEVI, seed 66, iteration 110, time: 34.639790773391724
Starting label LEVI, seed 66, iteration 120, time: 37.93164110183716
Starting label LEVI, seed 66, iteration 130, time: 41.21768069267273
Starting label LEVI, seed 66, iteration 140, time: 44.48578405380249
Starting label LEVI, seed 66, iteration 150, time: 47.80554699897766
Starting label LEVI, seed 66, iteration 160, time: 51.593592166900635
Starting label LEVI, seed 66, iteration 170, time: 55.229254484176636
Starting label LEVI, seed 66, iteration 180, time: 58.773597955703735
Starting label LEVI, seed 66, iteration 190, time: 62.269198417663574
Starting label LEVI, seed 66, iteration 200, time: 65.95344042778015
Starting label LEVI, seed 66, iteration 210, time: 69.53544402122498
Starting label LEVI, seed 66, iteration 220, time: 73.2549831867218
Starting label LEVI, seed 66, iteration 230, time: 77.03413796424866
Starting label LEVI, seed 66, iteration 240, time: 80.75799798965454
Starting label LEVI, seed 66, iteration 250, time: 84.57303595542908
Starting label LEVI, seed 66, iteration 260, time: 88.43618035316467
Starting label LEVI, seed 66, iteration 270, time: 92.29363417625427
Starting label LEVI, seed 66, iteration 280, time: 96.17777347564697
Starting label LEVI, seed 66, iteration 290, time: 100.05515503883362
Starting label LEVI, seed 66, iteration 300, time: 103.89906477928162
Starting label LEVI, seed 66, iteration 310, time: 107.81306457519531
Starting label LEVI, seed 66, iteration 320, time: 111.83256244659424
Starting label LEVI, seed 66, iteration 330, time: 115.99767541885376
Starting label LEVI, seed 66, iteration 340, time: 120.09122586250305
Starting label LEVI, seed 66, iteration 350, time: 124.09616804122925
Starting label LEVI, seed 66, iteration 360, time: 128.17237615585327
Starting label LEVI, seed 66, iteration 370, time: 132.29367399215698
Starting label LEVI, seed 66, iteration 380, time: 136.43052315711975
Starting label LEVI, seed 66, iteration 390, time: 140.5438847541809
Starting label LEVI, seed 66, iteration 400, time: 144.5346019268036
Starting label LEVI, seed 66, iteration 410, time: 148.69788885116577
Starting label LEVI, seed 66, iteration 420, time: 152.786235332489
Starting label LEVI, seed 66, iteration 430, time: 156.8818359375
Starting label LEVI, seed 66, iteration 440, time: 160.9760057926178
Starting label LEVI, seed 66, iteration 450, time: 164.99273777008057
Starting label LEVI, seed 66, iteration 460, time: 169.02372097969055
Starting label LEVI, seed 66, iteration 470, time: 172.92238640785217
Starting label LEVI, seed 66, iteration 480, time: 176.9542362689972
Starting label LEVI, seed 66, iteration 490, time: 180.98369693756104
Starting label LEVI, seed 66, iteration 500, time: 184.9789879322052
Starting label LEVI, seed 66, iteration 510, time: 188.94828629493713
Starting label LEVI, seed 66, iteration 520, time: 192.93531608581543
Starting label LEVI, seed 66, iteration 530, time: 196.85709595680237
Starting label LEVI, seed 66, iteration 540, time: 200.84868144989014
Starting label LEVI, seed 66, iteration 550, time: 204.91870379447937
Starting label LEVI, seed 66, iteration 560, time: 208.99814820289612
Starting label LEVI, seed 66, iteration 570, time: 213.0209367275238
Starting label LEVI, seed 66, iteration 580, time: 217.00688242912292
Starting label LEVI, seed 66, iteration 590, time: 221.00271463394165
Starting label LEVI, seed 66, iteration 600, time: 224.8990340232849
Starting label LEVI, seed 66, iteration 610, time: 229.16836762428284
Starting label LEVI, seed 66, iteration 620, time: 233.24494576454163
Starting label LEVI, seed 66, iteration 630, time: 237.19397139549255
Starting label LEVI, seed 66, iteration 640, time: 241.2629873752594
Starting label LEVI, seed 66, iteration 650, time: 245.15755939483643
Starting label LEVI, seed 66, iteration 660, time: 249.1539011001587
Starting label LEVI, seed 66, iteration 670, time: 253.16136384010315
Starting label LEVI, seed 66, iteration 680, time: 256.9602906703949
Starting label LEVI, seed 66, iteration 690, time: 260.9216799736023
Starting label LEVI, seed 66, iteration 700, time: 264.8670928478241
Starting label LEVI, seed 66, iteration 710, time: 268.8673508167267
Starting label LEVI, seed 66, iteration 720, time: 272.90480613708496
Starting label LEVI, seed 66, iteration 730, time: 276.80659914016724
Starting label LEVI, seed 66, iteration 740, time: 280.9940354824066
Starting label LEVI, seed 66, iteration 750, time: 285.0605854988098
Starting label LEVI, seed 66, iteration 760, time: 289.0498650074005
Starting label LEVI, seed 66, iteration 770, time: 293.215078830719
Starting label LEVI, seed 66, iteration 780, time: 297.2604413032532
Starting label LEVI, seed 66, iteration 790, time: 301.4216866493225
Starting label LEVI, seed 66, iteration 800, time: 305.54133105278015
Starting label LEVI, seed 66, iteration 810, time: 309.65220642089844
Starting label LEVI, seed 66, iteration 820, time: 313.8797149658203
Starting label LEVI, seed 66, iteration 830, time: 318.1486220359802
Starting label LEVI, seed 66, iteration 840, time: 322.3834421634674
Starting label LEVI, seed 66, iteration 850, time: 326.67333245277405
Starting label LEVI, seed 66, iteration 860, time: 331.09023451805115
Starting label LEVI, seed 66, iteration 870, time: 335.4696099758148
Starting label LEVI, seed 66, iteration 880, time: 339.7547585964203
Starting label LEVI, seed 66, iteration 890, time: 344.0411717891693
Starting label LEVI, seed 66, iteration 900, time: 348.4054036140442
Starting label LEVI, seed 66, iteration 910, time: 352.7969033718109
Starting label LEVI, seed 66, iteration 920, time: 357.2203359603882
Starting label LEVI, seed 66, iteration 930, time: 361.5297820568085
Starting label LEVI, seed 66, iteration 940, time: 365.91081047058105
Starting label LEVI, seed 66, iteration 950, time: 370.53484749794006
Starting label LEVI, seed 66, iteration 960, time: 375.071569442749
Starting label LEVI, seed 66, iteration 970, time: 379.29632449150085
Starting label LEVI, seed 66, iteration 980, time: 383.65284752845764
Starting label LEVI, seed 66, iteration 990, time: 387.9172477722168
Starting label LEVI, seed 66, iteration 1000, time: 392.5566747188568
Starting label LEVI, seed 66, iteration 1010, time: 397.0444293022156
Starting label LEVI, seed 66, iteration 1020, time: 401.5437116622925
Starting label LEVI, seed 66, iteration 1030, time: 406.0159704685211
Starting label LEVI, seed 66, iteration 1040, time: 410.31981205940247
Starting label LEVI, seed 66, iteration 1050, time: 414.74029541015625
Starting label LEVI, seed 66, iteration 1060, time: 419.26034593582153
Starting label LEVI, seed 66, iteration 1070, time: 423.8775415420532
Starting label LEVI, seed 66, iteration 1080, time: 428.68989300727844
Starting label LEVI, seed 66, iteration 1090, time: 433.38882851600647
Starting label LEVI, seed 66, iteration 1100, time: 437.9714632034302
Starting label LEVI, seed 66, iteration 1110, time: 442.6546404361725
Starting label LEVI, seed 66, iteration 1120, time: 447.3770213127136
Starting label LEVI, seed 66, iteration 1130, time: 452.0195243358612
Starting label LEVI, seed 66, iteration 1140, time: 456.62092447280884
Starting label LEVI, seed 66, iteration 1150, time: 461.37225818634033
Starting label LEVI, seed 66, iteration 1160, time: 466.037752866745
Starting label LEVI, seed 66, iteration 1170, time: 470.76502442359924
Starting label LEVI, seed 66, iteration 1180, time: 475.4579894542694
Starting label LEVI, seed 66, iteration 1190, time: 480.2414331436157
Starting label LEVI, seed 66, iteration 1200, time: 484.8580644130707
Starting label LEVI, seed 66, iteration 1210, time: 489.48800325393677
Starting label LEVI, seed 66, iteration 1220, time: 494.249632358551
Starting label LEVI, seed 66, iteration 1230, time: 499.07534408569336
Starting label LEVI, seed 66, iteration 1240, time: 503.45301604270935
Starting label LEVI, seed 66, iteration 1250, time: 508.22424030303955
Starting label LEVI, seed 66, iteration 1260, time: 513.1057329177856
Starting label LEVI, seed 66, iteration 1270, time: 517.9179718494415
Starting label LEVI, seed 66, iteration 1280, time: 522.857424736023
Starting label LEVI, seed 66, iteration 1290, time: 527.732958316803
Starting label LEVI, seed 66, iteration 1300, time: 532.6928305625916
Starting label LEVI, seed 66, iteration 1310, time: 537.7329194545746
Starting label LEVI, seed 66, iteration 1320, time: 542.659396648407
Starting label LEVI, seed 66, iteration 1330, time: 547.6619219779968
Starting label LEVI, seed 66, iteration 1340, time: 552.8622169494629
Starting label LEVI, seed 66, iteration 1350, time: 558.1583890914917
Starting label LEVI, seed 66, iteration 1360, time: 563.2203593254089
Starting label LEVI, seed 66, iteration 1370, time: 568.0341498851776
Starting label LEVI, seed 66, iteration 1380, time: 572.8274865150452
Starting label LEVI, seed 66, iteration 1390, time: 577.7461893558502
Starting label LEVI, seed 66, iteration 1400, time: 582.6781165599823
Starting label LEVI, seed 66, iteration 1410, time: 587.5863583087921
Starting label LEVI, seed 66, iteration 1420, time: 592.5804109573364
Starting label LEVI, seed 66, iteration 1430, time: 597.5126185417175
Starting label LEVI, seed 66, iteration 1440, time: 602.5784666538239
Starting label LEVI, seed 66, iteration 1450, time: 607.6735422611237
Starting label LEVI, seed 66, iteration 1460, time: 612.7090394496918
Starting label LEVI, seed 66, iteration 1470, time: 617.5926878452301
Starting label LEVI, seed 66, iteration 1480, time: 622.5507063865662
Starting label LEVI, seed 66, iteration 1490, time: 627.5597639083862
Starting label LEVI, seed 66, iteration 1500, time: 632.3303792476654
Starting label LEVI, seed 66, iteration 1510, time: 637.4541251659393
Starting label LEVI, seed 66, iteration 1520, time: 642.564798116684
Starting label LEVI, seed 66, iteration 1530, time: 647.5380511283875
Starting label LEVI, seed 66, iteration 1540, time: 652.7664310932159
Starting label LEVI, seed 66, iteration 1550, time: 658.1134731769562
submitit WARNING (2022-10-02 01:49:22,428) - Bypassing signal SIGTERM
submitit WARNING (2022-10-02 01:49:22,428) - Bypassing signal SIGCONT
Starting label LEVI, seed 66, iteration 1560, time: 663.3650062084198
Starting label LEVI, seed 66, iteration 1570, time: 668.7335238456726
Starting label LEVI, seed 66, iteration 1580, time: 674.1011772155762
Starting label LEVI, seed 66, iteration 1590, time: 679.5916244983673
Starting label LEVI, seed 66, iteration 1600, time: 684.7237393856049
Starting label LEVI, seed 66, iteration 1610, time: 689.7313363552094
