submitit INFO (2022-10-02 13:26:42,251) - Starting with JobEnvironment(job_id=884531_4, hostname=sablab-gpu-02.ece.cornell.edu, local_rank=0(1), node=0(1), global_rank=0(1))
submitit INFO (2022-10-02 13:26:42,251) - Loading pickle: /home/gid-cakmaks/contextual_rs/experiments/wsc_experiments/logs/884531_4/884531_4_submitted.pkl
Appending iterations to existing output!Warning: If parameters other than `iterations` have been changed, this will corrupt the output!
Starting label LEVI, seed 14, iteration 570, time: 337.59025144577026
Starting label LEVI, seed 14, iteration 580, time: 344.19245052337646
Starting label LEVI, seed 14, iteration 590, time: 350.68931436538696
Starting label LEVI, seed 14, iteration 600, time: 357.1063001155853
Starting label LEVI, seed 14, iteration 610, time: 364.06589221954346
Starting label LEVI, seed 14, iteration 620, time: 370.91412353515625
Starting label LEVI, seed 14, iteration 630, time: 378.02895879745483
Starting label LEVI, seed 14, iteration 640, time: 384.76058983802795
Starting label LEVI, seed 14, iteration 650, time: 391.87904119491577
Starting label LEVI, seed 14, iteration 660, time: 398.94809007644653
Starting label LEVI, seed 14, iteration 670, time: 406.22272205352783
Starting label LEVI, seed 14, iteration 680, time: 413.5212254524231
Starting label LEVI, seed 14, iteration 690, time: 420.71638894081116
Starting label LEVI, seed 14, iteration 700, time: 427.53283429145813
Starting label LEVI, seed 14, iteration 710, time: 434.5954387187958
Starting label LEVI, seed 14, iteration 720, time: 441.6922833919525
Starting label LEVI, seed 14, iteration 730, time: 448.7754867076874
Starting label LEVI, seed 14, iteration 740, time: 455.886981010437
Starting label LEVI, seed 14, iteration 750, time: 462.90452456474304
Starting label LEVI, seed 14, iteration 760, time: 469.83102464675903
Starting label LEVI, seed 14, iteration 770, time: 476.7693591117859
Starting label LEVI, seed 14, iteration 780, time: 483.79773020744324
Starting label LEVI, seed 14, iteration 790, time: 490.5485577583313
Starting label LEVI, seed 14, iteration 800, time: 497.46076798439026
Starting label LEVI, seed 14, iteration 810, time: 504.465145111084
Starting label LEVI, seed 14, iteration 820, time: 511.53733682632446
Starting label LEVI, seed 14, iteration 830, time: 518.5958786010742
Starting label LEVI, seed 14, iteration 840, time: 525.3909146785736
Starting label LEVI, seed 14, iteration 850, time: 532.3900353908539
Starting label LEVI, seed 14, iteration 860, time: 540.1118021011353
Starting label LEVI, seed 14, iteration 870, time: 547.1800765991211
Starting label LEVI, seed 14, iteration 880, time: 554.3092534542084
Starting label LEVI, seed 14, iteration 890, time: 561.583553314209
Starting label LEVI, seed 14, iteration 900, time: 568.9422554969788
Starting label LEVI, seed 14, iteration 910, time: 576.0489852428436
Starting label LEVI, seed 14, iteration 920, time: 582.6325490474701
Starting label LEVI, seed 14, iteration 930, time: 589.6532680988312
Starting label LEVI, seed 14, iteration 940, time: 596.796884059906
Starting label LEVI, seed 14, iteration 950, time: 603.9611327648163
Starting label LEVI, seed 14, iteration 960, time: 611.5849146842957
Starting label LEVI, seed 14, iteration 970, time: 618.9420990943909
Starting label LEVI, seed 14, iteration 980, time: 626.4735803604126
Starting label LEVI, seed 14, iteration 990, time: 634.1806638240814
Starting label LEVI, seed 14, iteration 1000, time: 641.6901121139526
Starting label LEVI, seed 14, iteration 1010, time: 649.0839104652405
Starting label LEVI, seed 14, iteration 1020, time: 656.6804177761078
Starting label LEVI, seed 14, iteration 1030, time: 664.1522128582001
Starting label LEVI, seed 14, iteration 1040, time: 672.020751953125
Starting label LEVI, seed 14, iteration 1050, time: 679.5227189064026
Starting label LEVI, seed 14, iteration 1060, time: 686.9764628410339
Starting label LEVI, seed 14, iteration 1070, time: 694.2404582500458
Starting label LEVI, seed 14, iteration 1080, time: 701.5578866004944
Starting label LEVI, seed 14, iteration 1090, time: 708.9301354885101
Starting label LEVI, seed 14, iteration 1100, time: 716.4160597324371
Starting label LEVI, seed 14, iteration 1110, time: 723.9371483325958
Starting label LEVI, seed 14, iteration 1120, time: 731.918046951294
Starting label LEVI, seed 14, iteration 1130, time: 739.6887483596802
Starting label LEVI, seed 14, iteration 1140, time: 747.4651772975922
Starting label LEVI, seed 14, iteration 1150, time: 755.2818441390991
Starting label LEVI, seed 14, iteration 1160, time: 763.1093120574951
Starting label LEVI, seed 14, iteration 1170, time: 771.3475272655487
Starting label LEVI, seed 14, iteration 1180, time: 779.3738036155701
Starting label LEVI, seed 14, iteration 1190, time: 786.8177962303162
Starting label LEVI, seed 14, iteration 1200, time: 795.1698589324951
Starting label LEVI, seed 14, iteration 1210, time: 802.7868404388428
Starting label LEVI, seed 14, iteration 1220, time: 810.0772194862366
Starting label LEVI, seed 14, iteration 1230, time: 817.912896156311
Starting label LEVI, seed 14, iteration 1240, time: 825.8185181617737
Starting label LEVI, seed 14, iteration 1250, time: 833.9179701805115
Starting label LEVI, seed 14, iteration 1260, time: 841.8177709579468
Starting label LEVI, seed 14, iteration 1270, time: 850.1081864833832
Starting label LEVI, seed 14, iteration 1280, time: 858.1427421569824
Starting label LEVI, seed 14, iteration 1290, time: 866.1171565055847
Starting label LEVI, seed 14, iteration 1300, time: 873.6649081707001
Starting label LEVI, seed 14, iteration 1310, time: 881.6687912940979
Starting label LEVI, seed 14, iteration 1320, time: 889.7018749713898
Starting label LEVI, seed 14, iteration 1330, time: 897.7985682487488
Starting label LEVI, seed 14, iteration 1340, time: 906.128701210022
Starting label LEVI, seed 14, iteration 1350, time: 914.1057105064392
Starting label LEVI, seed 14, iteration 1360, time: 922.4173786640167
Starting label LEVI, seed 14, iteration 1370, time: 930.3542997837067
Starting label LEVI, seed 14, iteration 1380, time: 938.4010002613068
Starting label LEVI, seed 14, iteration 1390, time: 946.3729765415192
Starting label LEVI, seed 14, iteration 1400, time: 954.7322511672974
Starting label LEVI, seed 14, iteration 1410, time: 963.1932456493378
Starting label LEVI, seed 14, iteration 1420, time: 971.1417689323425
Starting label LEVI, seed 14, iteration 1430, time: 979.3739008903503
Starting label LEVI, seed 14, iteration 1440, time: 987.8982348442078
Starting label LEVI, seed 14, iteration 1450, time: 996.6322424411774
Starting label LEVI, seed 14, iteration 1460, time: 1005.0065226554871
Starting label LEVI, seed 14, iteration 1470, time: 1012.9012544155121
Starting label LEVI, seed 14, iteration 1480, time: 1021.459100484848
Starting label LEVI, seed 14, iteration 1490, time: 1030.9005818367004
Starting label LEVI, seed 14, iteration 1500, time: 1039.3517940044403
Starting label LEVI, seed 14, iteration 1510, time: 1048.0917575359344
Starting label LEVI, seed 14, iteration 1520, time: 1056.7022893428802
Starting label LEVI, seed 14, iteration 1530, time: 1065.04541182518
Starting label LEVI, seed 14, iteration 1540, time: 1073.6460945606232
Starting label LEVI, seed 14, iteration 1550, time: 1081.3773856163025
Starting label LEVI, seed 14, iteration 1560, time: 1089.4175865650177
Starting label LEVI, seed 14, iteration 1570, time: 1097.5376210212708
Starting label LEVI, seed 14, iteration 1580, time: 1105.638531446457
Starting label LEVI, seed 14, iteration 1590, time: 1113.5544545650482
Starting label LEVI, seed 14, iteration 1600, time: 1121.4177026748657
Starting label LEVI, seed 14, iteration 1610, time: 1129.7218856811523
Starting label LEVI, seed 14, iteration 1620, time: 1137.8582673072815
Starting label LEVI, seed 14, iteration 1630, time: 1146.2462918758392
Starting label LEVI, seed 14, iteration 1640, time: 1154.958405971527
Starting label LEVI, seed 14, iteration 1650, time: 1163.954805612564
Starting label LEVI, seed 14, iteration 1660, time: 1171.7581152915955
Starting label LEVI, seed 14, iteration 1670, time: 1179.6294224262238
Starting label LEVI, seed 14, iteration 1680, time: 1187.402283668518
Starting label LEVI, seed 14, iteration 1690, time: 1195.27849817276
Starting label LEVI, seed 14, iteration 1700, time: 1203.5068516731262
Starting label LEVI, seed 14, iteration 1710, time: 1212.8420577049255
Starting label LEVI, seed 14, iteration 1720, time: 1222.009595155716
Starting label LEVI, seed 14, iteration 1730, time: 1231.642682313919
Starting label LEVI, seed 14, iteration 1740, time: 1240.7209947109222
Starting label LEVI, seed 14, iteration 1750, time: 1250.1502583026886
Starting label LEVI, seed 14, iteration 1760, time: 1259.5390079021454
Starting label LEVI, seed 14, iteration 1770, time: 1269.6152811050415
Starting label LEVI, seed 14, iteration 1780, time: 1279.1061160564423
Starting label LEVI, seed 14, iteration 1790, time: 1288.8277025222778
Starting label LEVI, seed 14, iteration 1800, time: 1299.1396713256836
Starting label LEVI, seed 14, iteration 1810, time: 1308.8706028461456
Starting label LEVI, seed 14, iteration 1820, time: 1319.2038531303406
Starting label LEVI, seed 14, iteration 1830, time: 1328.485882282257
Starting label LEVI, seed 14, iteration 1840, time: 1338.0083849430084
Starting label LEVI, seed 14, iteration 1850, time: 1347.6916291713715
Starting label LEVI, seed 14, iteration 1860, time: 1357.8710086345673
Starting label LEVI, seed 14, iteration 1870, time: 1368.0037932395935
Starting label LEVI, seed 14, iteration 1880, time: 1377.5391993522644
Starting label LEVI, seed 14, iteration 1890, time: 1387.431100845337
Starting label LEVI, seed 14, iteration 1900, time: 1397.3126244544983
Starting label LEVI, seed 14, iteration 1910, time: 1406.7356050014496
Starting label LEVI, seed 14, iteration 1920, time: 1416.2390491962433
Starting label LEVI, seed 14, iteration 1930, time: 1425.8400058746338
Starting label LEVI, seed 14, iteration 1940, time: 1436.294865846634
Starting label LEVI, seed 14, iteration 1950, time: 1447.44748711586
Starting label LEVI, seed 14, iteration 1960, time: 1457.955236673355
Starting label LEVI, seed 14, iteration 1970, time: 1468.5477643013
Starting label LEVI, seed 14, iteration 1980, time: 1478.8904523849487
Starting label LEVI, seed 14, iteration 1990, time: 1489.495998620987
submitit INFO (2022-10-02 13:46:06,750) - Job completed successfully
