submitit INFO (2022-10-02 00:29:42,609) - Starting with JobEnvironment(job_id=883252_4, hostname=coecis-compute-01.coecis.cornell.edu, local_rank=0(1), node=0(1), global_rank=0(1))
submitit INFO (2022-10-02 00:29:42,610) - Loading pickle: /home/gid-cakmaks/contextual_rs/experiments/wsc_experiments/logs/883252_4/883252_4_submitted.pkl
Starting label LEVI, seed 24, iteration 0, time: 0.026333093643188477
Starting label LEVI, seed 24, iteration 10, time: 3.044556140899658
Starting label LEVI, seed 24, iteration 20, time: 6.1985085010528564
Starting label LEVI, seed 24, iteration 30, time: 9.337634801864624
Starting label LEVI, seed 24, iteration 40, time: 12.360340356826782
Starting label LEVI, seed 24, iteration 50, time: 15.42648196220398
Starting label LEVI, seed 24, iteration 60, time: 18.761117458343506
Starting label LEVI, seed 24, iteration 70, time: 21.924539804458618
Starting label LEVI, seed 24, iteration 80, time: 25.064884901046753
Starting label LEVI, seed 24, iteration 90, time: 28.25068998336792
Starting label LEVI, seed 24, iteration 100, time: 31.370216608047485
Starting label LEVI, seed 24, iteration 110, time: 34.55652737617493
Starting label LEVI, seed 24, iteration 120, time: 37.72915983200073
Starting label LEVI, seed 24, iteration 130, time: 40.923917055130005
Starting label LEVI, seed 24, iteration 140, time: 44.158631563186646
Starting label LEVI, seed 24, iteration 150, time: 47.28840160369873
Starting label LEVI, seed 24, iteration 160, time: 50.46626257896423
Starting label LEVI, seed 24, iteration 170, time: 53.6713330745697
Starting label LEVI, seed 24, iteration 180, time: 56.88664126396179
Starting label LEVI, seed 24, iteration 190, time: 60.05374264717102
Starting label LEVI, seed 24, iteration 200, time: 63.723084688186646
Starting label LEVI, seed 24, iteration 210, time: 67.5940945148468
Starting label LEVI, seed 24, iteration 220, time: 72.10664868354797
Starting label LEVI, seed 24, iteration 230, time: 76.53016519546509
Starting label LEVI, seed 24, iteration 240, time: 80.98437285423279
Starting label LEVI, seed 24, iteration 250, time: 85.25748825073242
Starting label LEVI, seed 24, iteration 260, time: 89.68988060951233
Starting label LEVI, seed 24, iteration 270, time: 94.2725088596344
Starting label LEVI, seed 24, iteration 280, time: 98.31313467025757
Starting label LEVI, seed 24, iteration 290, time: 101.8906307220459
Starting label LEVI, seed 24, iteration 300, time: 105.41081094741821
Starting label LEVI, seed 24, iteration 310, time: 109.0695583820343
Starting label LEVI, seed 24, iteration 320, time: 112.38641214370728
Starting label LEVI, seed 24, iteration 330, time: 115.77072501182556
Starting label LEVI, seed 24, iteration 340, time: 119.13535070419312
Starting label LEVI, seed 24, iteration 350, time: 122.56636142730713
Starting label LEVI, seed 24, iteration 360, time: 125.96876835823059
Starting label LEVI, seed 24, iteration 370, time: 129.26758337020874
Starting label LEVI, seed 24, iteration 380, time: 133.39873552322388
Starting label LEVI, seed 24, iteration 390, time: 138.1098370552063
Starting label LEVI, seed 24, iteration 400, time: 142.80546474456787
Starting label LEVI, seed 24, iteration 410, time: 147.51488161087036
Starting label LEVI, seed 24, iteration 420, time: 151.94676971435547
Starting label LEVI, seed 24, iteration 430, time: 156.93944215774536
Starting label LEVI, seed 24, iteration 440, time: 161.47706055641174
Starting label LEVI, seed 24, iteration 450, time: 165.97900390625
Starting label LEVI, seed 24, iteration 460, time: 170.64140725135803
Starting label LEVI, seed 24, iteration 470, time: 175.25420928001404
Starting label LEVI, seed 24, iteration 480, time: 179.9810528755188
Starting label LEVI, seed 24, iteration 490, time: 184.99984693527222
Starting label LEVI, seed 24, iteration 500, time: 189.77889037132263
Starting label LEVI, seed 24, iteration 510, time: 195.5803894996643
Starting label LEVI, seed 24, iteration 520, time: 201.0597631931305
Starting label LEVI, seed 24, iteration 530, time: 206.1464967727661
Starting label LEVI, seed 24, iteration 540, time: 212.10444140434265
Starting label LEVI, seed 24, iteration 550, time: 218.3666114807129
Starting label LEVI, seed 24, iteration 560, time: 225.3891100883484
Starting label LEVI, seed 24, iteration 570, time: 231.8322446346283
Starting label LEVI, seed 24, iteration 580, time: 238.29936385154724
Starting label LEVI, seed 24, iteration 590, time: 244.23027896881104
Starting label LEVI, seed 24, iteration 600, time: 249.99653315544128
Starting label LEVI, seed 24, iteration 610, time: 256.06748056411743
Starting label LEVI, seed 24, iteration 620, time: 262.3758611679077
Starting label LEVI, seed 24, iteration 630, time: 267.31291007995605
Starting label LEVI, seed 24, iteration 640, time: 272.64743757247925
Starting label LEVI, seed 24, iteration 650, time: 278.0533289909363
Starting label LEVI, seed 24, iteration 660, time: 283.29187083244324
Starting label LEVI, seed 24, iteration 670, time: 288.29499864578247
Starting label LEVI, seed 24, iteration 680, time: 293.45752120018005
Starting label LEVI, seed 24, iteration 690, time: 299.05605721473694
Starting label LEVI, seed 24, iteration 700, time: 305.0038733482361
Starting label LEVI, seed 24, iteration 710, time: 311.0507354736328
Starting label LEVI, seed 24, iteration 720, time: 316.8328733444214
Starting label LEVI, seed 24, iteration 730, time: 323.02413296699524
Starting label LEVI, seed 24, iteration 740, time: 329.75291442871094
Starting label LEVI, seed 24, iteration 750, time: 336.1557650566101
Starting label LEVI, seed 24, iteration 760, time: 343.03898429870605
Starting label LEVI, seed 24, iteration 770, time: 349.85397815704346
Starting label LEVI, seed 24, iteration 780, time: 356.54147028923035
Starting label LEVI, seed 24, iteration 790, time: 363.87271094322205
Starting label LEVI, seed 24, iteration 800, time: 371.551598072052
Starting label LEVI, seed 24, iteration 810, time: 378.35384464263916
Starting label LEVI, seed 24, iteration 820, time: 384.98455786705017
Starting label LEVI, seed 24, iteration 830, time: 391.20174264907837
Starting label LEVI, seed 24, iteration 840, time: 397.7235379219055
Starting label LEVI, seed 24, iteration 850, time: 405.09442043304443
Starting label LEVI, seed 24, iteration 860, time: 412.77496695518494
Starting label LEVI, seed 24, iteration 870, time: 420.04198265075684
Starting label LEVI, seed 24, iteration 880, time: 426.652943611145
Starting label LEVI, seed 24, iteration 890, time: 434.1405873298645
Starting label LEVI, seed 24, iteration 900, time: 441.82784032821655
Starting label LEVI, seed 24, iteration 910, time: 450.05979919433594
Starting label LEVI, seed 24, iteration 920, time: 458.4048500061035
Starting label LEVI, seed 24, iteration 930, time: 465.83899974823
Starting label LEVI, seed 24, iteration 940, time: 474.3529095649719
Starting label LEVI, seed 24, iteration 950, time: 482.23087453842163
Starting label LEVI, seed 24, iteration 960, time: 489.92379450798035
Starting label LEVI, seed 24, iteration 970, time: 498.8481092453003
Starting label LEVI, seed 24, iteration 980, time: 506.19841027259827
Starting label LEVI, seed 24, iteration 990, time: 513.1893165111542
Starting label LEVI, seed 24, iteration 1000, time: 519.9035205841064
Starting label LEVI, seed 24, iteration 1010, time: 529.1683070659637
Starting label LEVI, seed 24, iteration 1020, time: 537.6869735717773
Starting label LEVI, seed 24, iteration 1030, time: 546.4730257987976
Starting label LEVI, seed 24, iteration 1040, time: 554.2044579982758
Starting label LEVI, seed 24, iteration 1050, time: 562.8363900184631
Starting label LEVI, seed 24, iteration 1060, time: 571.8988566398621
Starting label LEVI, seed 24, iteration 1070, time: 579.4260606765747
Starting label LEVI, seed 24, iteration 1080, time: 587.4797682762146
Starting label LEVI, seed 24, iteration 1090, time: 595.0607705116272
Starting label LEVI, seed 24, iteration 1100, time: 603.8566410541534
Starting label LEVI, seed 24, iteration 1110, time: 613.5516855716705
Starting label LEVI, seed 24, iteration 1120, time: 623.8238925933838
Starting label LEVI, seed 24, iteration 1130, time: 634.558177947998
Starting label LEVI, seed 24, iteration 1140, time: 643.3243930339813
Starting label LEVI, seed 24, iteration 1150, time: 651.7125535011292
Starting label LEVI, seed 24, iteration 1160, time: 662.2312059402466
Starting label LEVI, seed 24, iteration 1170, time: 672.5878920555115
Starting label LEVI, seed 24, iteration 1180, time: 682.6380965709686
Starting label LEVI, seed 24, iteration 1190, time: 691.3191447257996
Starting label LEVI, seed 24, iteration 1200, time: 702.4729175567627
Starting label LEVI, seed 24, iteration 1210, time: 713.3855955600739
Starting label LEVI, seed 24, iteration 1220, time: 723.2230339050293
Starting label LEVI, seed 24, iteration 1230, time: 733.751631975174
Starting label LEVI, seed 24, iteration 1240, time: 745.2505030632019
Starting label LEVI, seed 24, iteration 1250, time: 757.6842181682587
Starting label LEVI, seed 24, iteration 1260, time: 767.8930671215057
Starting label LEVI, seed 24, iteration 1270, time: 781.8364601135254
Starting label LEVI, seed 24, iteration 1280, time: 792.0667397975922
Starting label LEVI, seed 24, iteration 1290, time: 803.5728154182434
Starting label LEVI, seed 24, iteration 1300, time: 817.0967178344727
Starting label LEVI, seed 24, iteration 1310, time: 830.2939732074738
Starting label LEVI, seed 24, iteration 1320, time: 842.8261313438416
Starting label LEVI, seed 24, iteration 1330, time: 855.9441695213318
Starting label LEVI, seed 24, iteration 1340, time: 866.9557452201843
Starting label LEVI, seed 24, iteration 1350, time: 878.6551253795624
Starting label LEVI, seed 24, iteration 1360, time: 895.5415453910828
Starting label LEVI, seed 24, iteration 1370, time: 908.0002536773682
Starting label LEVI, seed 24, iteration 1380, time: 920.9043054580688
Starting label LEVI, seed 24, iteration 1390, time: 933.9673283100128
Starting label LEVI, seed 24, iteration 1400, time: 948.4965651035309
Starting label LEVI, seed 24, iteration 1410, time: 963.5622141361237
Starting label LEVI, seed 24, iteration 1420, time: 976.7578773498535
Starting label LEVI, seed 24, iteration 1430, time: 990.9998950958252
Starting label LEVI, seed 24, iteration 1440, time: 1007.728357553482
Starting label LEVI, seed 24, iteration 1450, time: 1021.0887722969055
Starting label LEVI, seed 24, iteration 1460, time: 1034.637942790985
Starting label LEVI, seed 24, iteration 1470, time: 1048.5841898918152
Starting label LEVI, seed 24, iteration 1480, time: 1063.285672903061
Starting label LEVI, seed 24, iteration 1490, time: 1077.9218184947968
Starting label LEVI, seed 24, iteration 1500, time: 1091.4944744110107
Starting label LEVI, seed 24, iteration 1510, time: 1105.7882001399994
Starting label LEVI, seed 24, iteration 1520, time: 1122.614578485489
Starting label LEVI, seed 24, iteration 1530, time: 1140.7980148792267
Starting label LEVI, seed 24, iteration 1540, time: 1155.8024489879608
Starting label LEVI, seed 24, iteration 1550, time: 1170.1790370941162
Starting label LEVI, seed 24, iteration 1560, time: 1185.3566265106201
Starting label LEVI, seed 24, iteration 1570, time: 1200.193440437317
Starting label LEVI, seed 24, iteration 1580, time: 1217.7058424949646
Starting label LEVI, seed 24, iteration 1590, time: 1234.1584684848785
Starting label LEVI, seed 24, iteration 1600, time: 1250.5915033817291
Starting label LEVI, seed 24, iteration 1610, time: 1267.8128929138184
Starting label LEVI, seed 24, iteration 1620, time: 1284.702252626419
Starting label LEVI, seed 24, iteration 1630, time: 1304.8417754173279
Starting label LEVI, seed 24, iteration 1640, time: 1321.5390183925629
Starting label LEVI, seed 24, iteration 1650, time: 1337.2917335033417
Starting label LEVI, seed 24, iteration 1660, time: 1356.854638338089
Starting label LEVI, seed 24, iteration 1670, time: 1373.2791030406952
Starting label LEVI, seed 24, iteration 1680, time: 1395.1823918819427
Starting label LEVI, seed 24, iteration 1690, time: 1413.85178565979
Starting label LEVI, seed 24, iteration 1700, time: 1432.5039839744568
Starting label LEVI, seed 24, iteration 1710, time: 1451.5191695690155
Starting label LEVI, seed 24, iteration 1720, time: 1470.697160243988
Starting label LEVI, seed 24, iteration 1730, time: 1495.8223385810852
Starting label LEVI, seed 24, iteration 1740, time: 1520.1584885120392
Starting label LEVI, seed 24, iteration 1750, time: 1547.1326026916504
submitit WARNING (2022-10-02 00:55:52,030) - Bypassing signal SIGCONT
submitit WARNING (2022-10-02 00:55:52,107) - Bypassing signal SIGTERM
Starting label LEVI, seed 24, iteration 1760, time: 1570.5123400688171
Starting label LEVI, seed 24, iteration 1770, time: 1595.6408932209015
