submitit INFO (2022-10-02 02:24:34,667) - Starting with JobEnvironment(job_id=883679_4, hostname=compling-compute-02.compling.cornell.edu, local_rank=0(1), node=0(1), global_rank=0(1))
submitit INFO (2022-10-02 02:24:34,667) - Loading pickle: /home/gid-cakmaks/contextual_rs/experiments/wsc_experiments/logs/883679_4/883679_4_submitted.pkl
Appending iterations to existing output!Warning: If parameters other than `iterations` have been changed, this will corrupt the output!
Starting label LEVI, seed 8, iteration 1770, time: 1582.9174361228943
Starting label LEVI, seed 8, iteration 1780, time: 1592.166340827942
Starting label LEVI, seed 8, iteration 1790, time: 1600.8432841300964
Starting label LEVI, seed 8, iteration 1800, time: 1610.5229151248932
Starting label LEVI, seed 8, iteration 1810, time: 1619.6908679008484
Starting label LEVI, seed 8, iteration 1820, time: 1628.5799033641815
Starting label LEVI, seed 8, iteration 1830, time: 1638.0433733463287
Starting label LEVI, seed 8, iteration 1840, time: 1647.6556868553162
Starting label LEVI, seed 8, iteration 1850, time: 1657.2253448963165
Starting label LEVI, seed 8, iteration 1860, time: 1667.7739861011505
Starting label LEVI, seed 8, iteration 1870, time: 1677.279386997223
Starting label LEVI, seed 8, iteration 1880, time: 1687.2751994132996
Starting label LEVI, seed 8, iteration 1890, time: 1696.2452523708344
Starting label LEVI, seed 8, iteration 1900, time: 1705.1211919784546
Starting label LEVI, seed 8, iteration 1910, time: 1714.0962800979614
Starting label LEVI, seed 8, iteration 1920, time: 1723.2611713409424
Starting label LEVI, seed 8, iteration 1930, time: 1732.6356000900269
Starting label LEVI, seed 8, iteration 1940, time: 1743.5238358974457
Starting label LEVI, seed 8, iteration 1950, time: 1753.4945950508118
Starting label LEVI, seed 8, iteration 1960, time: 1761.858350276947
Starting label LEVI, seed 8, iteration 1970, time: 1771.5208473205566
Starting label LEVI, seed 8, iteration 1980, time: 1779.2552845478058
Starting label LEVI, seed 8, iteration 1990, time: 1787.6230716705322
submitit INFO (2022-10-02 02:28:09,335) - Job completed successfully
