submitit INFO (2022-10-02 01:56:22,530) - Starting with JobEnvironment(job_id=883585_0, hostname=nikola-compute-02.cs.cornell.edu, local_rank=0(1), node=0(1), global_rank=0(1))
submitit INFO (2022-10-02 01:56:22,531) - Loading pickle: /home/gid-cakmaks/contextual_rs/experiments/wsc_experiments/logs/883585_0/883585_0_submitted.pkl
Starting label LEVI, seed 15, iteration 0, time: 0.00015425682067871094
Starting label LEVI, seed 15, iteration 10, time: 4.9336278438568115
Starting label LEVI, seed 15, iteration 20, time: 7.301590442657471
Starting label LEVI, seed 15, iteration 30, time: 9.720239639282227
Starting label LEVI, seed 15, iteration 40, time: 12.244935989379883
Starting label LEVI, seed 15, iteration 50, time: 14.661407947540283
Starting label LEVI, seed 15, iteration 60, time: 17.205427646636963
Starting label LEVI, seed 15, iteration 70, time: 19.59679675102234
Starting label LEVI, seed 15, iteration 80, time: 22.01819944381714
Starting label LEVI, seed 15, iteration 90, time: 24.477052927017212
Starting label LEVI, seed 15, iteration 100, time: 26.853254795074463
Starting label LEVI, seed 15, iteration 110, time: 29.190458059310913
Starting label LEVI, seed 15, iteration 120, time: 31.659545421600342
Starting label LEVI, seed 15, iteration 130, time: 33.9803409576416
Starting label LEVI, seed 15, iteration 140, time: 36.419753551483154
Starting label LEVI, seed 15, iteration 150, time: 38.75209927558899
Starting label LEVI, seed 15, iteration 160, time: 41.15646958351135
Starting label LEVI, seed 15, iteration 170, time: 43.50830960273743
Starting label LEVI, seed 15, iteration 180, time: 46.08185887336731
Starting label LEVI, seed 15, iteration 190, time: 48.681445837020874
Starting label LEVI, seed 15, iteration 200, time: 51.154277324676514
Starting label LEVI, seed 15, iteration 210, time: 53.60943150520325
Starting label LEVI, seed 15, iteration 220, time: 56.31349849700928
Starting label LEVI, seed 15, iteration 230, time: 58.91004920005798
Starting label LEVI, seed 15, iteration 240, time: 62.26840925216675
Starting label LEVI, seed 15, iteration 250, time: 66.08202791213989
Starting label LEVI, seed 15, iteration 260, time: 70.4922125339508
Starting label LEVI, seed 15, iteration 270, time: 73.83912873268127
Starting label LEVI, seed 15, iteration 280, time: 78.380530834198
Starting label LEVI, seed 15, iteration 290, time: 82.57810926437378
Starting label LEVI, seed 15, iteration 300, time: 87.38355660438538
Starting label LEVI, seed 15, iteration 310, time: 91.9565372467041
Starting label LEVI, seed 15, iteration 320, time: 96.47677612304688
Starting label LEVI, seed 15, iteration 330, time: 101.37811875343323
Starting label LEVI, seed 15, iteration 340, time: 106.81136703491211
Starting label LEVI, seed 15, iteration 350, time: 112.69730806350708
Starting label LEVI, seed 15, iteration 360, time: 120.24419379234314
Starting label LEVI, seed 15, iteration 370, time: 122.94155764579773
Starting label LEVI, seed 15, iteration 380, time: 127.16181492805481
Starting label LEVI, seed 15, iteration 390, time: 131.0209183692932
Starting label LEVI, seed 15, iteration 400, time: 134.014390707016
Starting label LEVI, seed 15, iteration 410, time: 137.49708676338196
Starting label LEVI, seed 15, iteration 420, time: 140.77801132202148
Starting label LEVI, seed 15, iteration 430, time: 144.42203664779663
Starting label LEVI, seed 15, iteration 440, time: 148.408616065979
Starting label LEVI, seed 15, iteration 450, time: 152.37612342834473
Starting label LEVI, seed 15, iteration 460, time: 156.61643886566162
Starting label LEVI, seed 15, iteration 470, time: 160.49219751358032
Starting label LEVI, seed 15, iteration 480, time: 164.84852242469788
Starting label LEVI, seed 15, iteration 490, time: 168.7457149028778
Starting label LEVI, seed 15, iteration 500, time: 173.52024865150452
Starting label LEVI, seed 15, iteration 510, time: 177.40770840644836
Starting label LEVI, seed 15, iteration 520, time: 180.8863079547882
submitit WARNING (2022-10-02 01:59:26,641) - Bypassing signal SIGCONT
submitit WARNING (2022-10-02 01:59:26,654) - Bypassing signal SIGTERM
Starting label LEVI, seed 15, iteration 530, time: 184.7729320526123
Starting label LEVI, seed 15, iteration 540, time: 188.76260209083557
Starting label LEVI, seed 15, iteration 550, time: 192.59609985351562
Starting label LEVI, seed 15, iteration 560, time: 196.81740736961365
Starting label LEVI, seed 15, iteration 570, time: 200.25237345695496
Starting label LEVI, seed 15, iteration 580, time: 204.04266333580017
Starting label LEVI, seed 15, iteration 590, time: 207.30963325500488
Starting label LEVI, seed 15, iteration 600, time: 210.4809045791626
