submitit INFO (2022-10-02 01:44:28,295) - Starting with JobEnvironment(job_id=883480_4, hostname=lecun.cs.cornell.edu, local_rank=0(1), node=0(1), global_rank=0(1))
submitit INFO (2022-10-02 01:44:28,296) - Loading pickle: /home/gid-cakmaks/contextual_rs/experiments/wsc_experiments/logs/883480_4/883480_4_submitted.pkl
Starting label LEVI, seed 74, iteration 0, time: 0.0004937648773193359
Starting label LEVI, seed 74, iteration 10, time: 3.5410232543945312
Starting label LEVI, seed 74, iteration 20, time: 6.968844413757324
Starting label LEVI, seed 74, iteration 30, time: 10.272743225097656
Starting label LEVI, seed 74, iteration 40, time: 13.47091794013977
Starting label LEVI, seed 74, iteration 50, time: 16.794967651367188
Starting label LEVI, seed 74, iteration 60, time: 20.068753957748413
Starting label LEVI, seed 74, iteration 70, time: 24.02545976638794
Starting label LEVI, seed 74, iteration 80, time: 27.430742979049683
Starting label LEVI, seed 74, iteration 90, time: 31.028579711914062
Starting label LEVI, seed 74, iteration 100, time: 34.83778142929077
Starting label LEVI, seed 74, iteration 110, time: 38.68933439254761
Starting label LEVI, seed 74, iteration 120, time: 42.623021602630615
Starting label LEVI, seed 74, iteration 130, time: 46.624974489212036
Starting label LEVI, seed 74, iteration 140, time: 50.750561237335205
Starting label LEVI, seed 74, iteration 150, time: 55.96495342254639
Starting label LEVI, seed 74, iteration 160, time: 60.424105167388916
Starting label LEVI, seed 74, iteration 170, time: 64.9948832988739
Starting label LEVI, seed 74, iteration 180, time: 69.85691928863525
Starting label LEVI, seed 74, iteration 190, time: 74.44881749153137
Starting label LEVI, seed 74, iteration 200, time: 79.28389072418213
Starting label LEVI, seed 74, iteration 210, time: 83.96935653686523
Starting label LEVI, seed 74, iteration 220, time: 88.67257022857666
Starting label LEVI, seed 74, iteration 230, time: 93.36427783966064
Starting label LEVI, seed 74, iteration 240, time: 98.97642493247986
Starting label LEVI, seed 74, iteration 250, time: 103.99238634109497
Starting label LEVI, seed 74, iteration 260, time: 108.9064588546753
Starting label LEVI, seed 74, iteration 270, time: 113.76295375823975
Starting label LEVI, seed 74, iteration 280, time: 118.45700335502625
Starting label LEVI, seed 74, iteration 290, time: 123.12289118766785
Starting label LEVI, seed 74, iteration 300, time: 127.99476480484009
Starting label LEVI, seed 74, iteration 310, time: 132.71439814567566
Starting label LEVI, seed 74, iteration 320, time: 137.6719937324524
Starting label LEVI, seed 74, iteration 330, time: 142.413152217865
Starting label LEVI, seed 74, iteration 340, time: 147.13599395751953
Starting label LEVI, seed 74, iteration 350, time: 151.85042452812195
Starting label LEVI, seed 74, iteration 360, time: 156.55614352226257
Starting label LEVI, seed 74, iteration 370, time: 161.08756709098816
Starting label LEVI, seed 74, iteration 380, time: 165.6494472026825
Starting label LEVI, seed 74, iteration 390, time: 170.1665494441986
Starting label LEVI, seed 74, iteration 400, time: 174.6705584526062
Starting label LEVI, seed 74, iteration 410, time: 179.40006136894226
Starting label LEVI, seed 74, iteration 420, time: 183.83230543136597
Starting label LEVI, seed 74, iteration 430, time: 188.40835618972778
Starting label LEVI, seed 74, iteration 440, time: 192.93681001663208
Starting label LEVI, seed 74, iteration 450, time: 197.47073340415955
Starting label LEVI, seed 74, iteration 460, time: 202.11332058906555
Starting label LEVI, seed 74, iteration 470, time: 206.67545294761658
Starting label LEVI, seed 74, iteration 480, time: 211.28427267074585
Starting label LEVI, seed 74, iteration 490, time: 216.04837918281555
Starting label LEVI, seed 74, iteration 500, time: 220.74488997459412
Starting label LEVI, seed 74, iteration 510, time: 225.50117659568787
Starting label LEVI, seed 74, iteration 520, time: 230.19904804229736
Starting label LEVI, seed 74, iteration 530, time: 234.903653383255
Starting label LEVI, seed 74, iteration 540, time: 239.75943088531494
Starting label LEVI, seed 74, iteration 550, time: 244.6656494140625
Starting label LEVI, seed 74, iteration 560, time: 249.63415670394897
Starting label LEVI, seed 74, iteration 570, time: 254.4160122871399
Starting label LEVI, seed 74, iteration 580, time: 259.25233578681946
Starting label LEVI, seed 74, iteration 590, time: 264.25543332099915
Starting label LEVI, seed 74, iteration 600, time: 269.23814129829407
Starting label LEVI, seed 74, iteration 610, time: 274.3366940021515
Starting label LEVI, seed 74, iteration 620, time: 279.5082743167877
Starting label LEVI, seed 74, iteration 630, time: 284.5128812789917
Starting label LEVI, seed 74, iteration 640, time: 289.5013346672058
submitit WARNING (2022-10-02 01:49:22,550) - Bypassing signal SIGCONT
submitit WARNING (2022-10-02 01:49:22,598) - Bypassing signal SIGTERM
Starting label LEVI, seed 74, iteration 650, time: 295.05299639701843
Starting label LEVI, seed 74, iteration 660, time: 300.0625240802765
Starting label LEVI, seed 74, iteration 670, time: 305.3571808338165
Starting label LEVI, seed 74, iteration 680, time: 310.73205161094666
Starting label LEVI, seed 74, iteration 690, time: 315.79523730278015
Starting label LEVI, seed 74, iteration 700, time: 320.9528269767761
