submitit INFO (2022-10-02 00:56:26,134) - Starting with JobEnvironment(job_id=883347_5, hostname=sablab-gpu-06.ece.cornell.edu, local_rank=0(1), node=0(1), global_rank=0(1))
submitit INFO (2022-10-02 00:56:26,134) - Loading pickle: /home/gid-cakmaks/contextual_rs/experiments/wsc_experiments/logs/883347_5/883347_5_submitted.pkl
Starting label LEVI, seed 25, iteration 0, time: 0.001401662826538086
Starting label LEVI, seed 25, iteration 10, time: 2.7941997051239014
Starting label LEVI, seed 25, iteration 20, time: 5.4863121509552
Starting label LEVI, seed 25, iteration 30, time: 8.180508375167847
Starting label LEVI, seed 25, iteration 40, time: 10.82710576057434
Starting label LEVI, seed 25, iteration 50, time: 13.41800045967102
Starting label LEVI, seed 25, iteration 60, time: 16.222132205963135
Starting label LEVI, seed 25, iteration 70, time: 18.981258630752563
Starting label LEVI, seed 25, iteration 80, time: 21.790427446365356
Starting label LEVI, seed 25, iteration 90, time: 24.63773250579834
Starting label LEVI, seed 25, iteration 100, time: 27.47197389602661
Starting label LEVI, seed 25, iteration 110, time: 30.229878187179565
Starting label LEVI, seed 25, iteration 120, time: 33.050079584121704
Starting label LEVI, seed 25, iteration 130, time: 35.84303164482117
Starting label LEVI, seed 25, iteration 140, time: 38.75184392929077
Starting label LEVI, seed 25, iteration 150, time: 41.603840351104736
Starting label LEVI, seed 25, iteration 160, time: 44.449148654937744
Starting label LEVI, seed 25, iteration 170, time: 47.26643991470337
Starting label LEVI, seed 25, iteration 180, time: 50.086464405059814
Starting label LEVI, seed 25, iteration 190, time: 52.94122648239136
Starting label LEVI, seed 25, iteration 200, time: 55.69196391105652
Starting label LEVI, seed 25, iteration 210, time: 58.479783058166504
Starting label LEVI, seed 25, iteration 220, time: 61.39086413383484
Starting label LEVI, seed 25, iteration 230, time: 64.18571877479553
Starting label LEVI, seed 25, iteration 240, time: 67.00657224655151
Starting label LEVI, seed 25, iteration 250, time: 69.76633596420288
Starting label LEVI, seed 25, iteration 260, time: 72.6518030166626
Starting label LEVI, seed 25, iteration 270, time: 75.49937534332275
Starting label LEVI, seed 25, iteration 280, time: 78.32910108566284
Starting label LEVI, seed 25, iteration 290, time: 81.17794561386108
Starting label LEVI, seed 25, iteration 300, time: 84.03350806236267
Starting label LEVI, seed 25, iteration 310, time: 87.11947321891785
Starting label LEVI, seed 25, iteration 320, time: 89.96978425979614
Starting label LEVI, seed 25, iteration 330, time: 92.96417021751404
Starting label LEVI, seed 25, iteration 340, time: 96.01780533790588
Starting label LEVI, seed 25, iteration 350, time: 99.00427579879761
Starting label LEVI, seed 25, iteration 360, time: 102.09797167778015
Starting label LEVI, seed 25, iteration 370, time: 105.36273622512817
Starting label LEVI, seed 25, iteration 380, time: 108.5584008693695
Starting label LEVI, seed 25, iteration 390, time: 111.76558899879456
Starting label LEVI, seed 25, iteration 400, time: 115.18768358230591
Starting label LEVI, seed 25, iteration 410, time: 118.56685256958008
Starting label LEVI, seed 25, iteration 420, time: 122.09710097312927
Starting label LEVI, seed 25, iteration 430, time: 125.34282207489014
Starting label LEVI, seed 25, iteration 440, time: 128.85780715942383
Starting label LEVI, seed 25, iteration 450, time: 132.3979208469391
Starting label LEVI, seed 25, iteration 460, time: 136.06520104408264
Starting label LEVI, seed 25, iteration 470, time: 139.72003412246704
Starting label LEVI, seed 25, iteration 480, time: 143.3629446029663
Starting label LEVI, seed 25, iteration 490, time: 147.09057784080505
Starting label LEVI, seed 25, iteration 500, time: 150.882342338562
Starting label LEVI, seed 25, iteration 510, time: 154.58748483657837
Starting label LEVI, seed 25, iteration 520, time: 158.27574014663696
Starting label LEVI, seed 25, iteration 530, time: 162.4254491329193
Starting label LEVI, seed 25, iteration 540, time: 166.50404334068298
Starting label LEVI, seed 25, iteration 550, time: 170.24782967567444
Starting label LEVI, seed 25, iteration 560, time: 174.3827769756317
Starting label LEVI, seed 25, iteration 570, time: 178.0857448577881
Starting label LEVI, seed 25, iteration 580, time: 182.0113685131073
Starting label LEVI, seed 25, iteration 590, time: 186.32699608802795
Starting label LEVI, seed 25, iteration 600, time: 190.54244685173035
Starting label LEVI, seed 25, iteration 610, time: 194.42869520187378
Starting label LEVI, seed 25, iteration 620, time: 198.88171005249023
Starting label LEVI, seed 25, iteration 630, time: 203.29185223579407
Starting label LEVI, seed 25, iteration 640, time: 208.0891308784485
Starting label LEVI, seed 25, iteration 650, time: 212.82387495040894
Starting label LEVI, seed 25, iteration 660, time: 217.45276546478271
Starting label LEVI, seed 25, iteration 670, time: 222.09755897521973
Starting label LEVI, seed 25, iteration 680, time: 226.80265355110168
Starting label LEVI, seed 25, iteration 690, time: 231.54189252853394
Starting label LEVI, seed 25, iteration 700, time: 235.92487573623657
Starting label LEVI, seed 25, iteration 710, time: 241.00909996032715
Starting label LEVI, seed 25, iteration 720, time: 246.07650923728943
Starting label LEVI, seed 25, iteration 730, time: 250.7850799560547
Starting label LEVI, seed 25, iteration 740, time: 255.9722113609314
Starting label LEVI, seed 25, iteration 750, time: 260.69260835647583
Starting label LEVI, seed 25, iteration 760, time: 266.5189006328583
Starting label LEVI, seed 25, iteration 770, time: 271.3142509460449
Starting label LEVI, seed 25, iteration 780, time: 276.67386388778687
Starting label LEVI, seed 25, iteration 790, time: 282.2114133834839
Starting label LEVI, seed 25, iteration 800, time: 287.6891505718231
Starting label LEVI, seed 25, iteration 810, time: 293.4079899787903
Starting label LEVI, seed 25, iteration 820, time: 298.9634130001068
Starting label LEVI, seed 25, iteration 830, time: 304.29549741744995
Starting label LEVI, seed 25, iteration 840, time: 309.513290643692
Starting label LEVI, seed 25, iteration 850, time: 314.98032426834106
Starting label LEVI, seed 25, iteration 860, time: 320.53783321380615
Starting label LEVI, seed 25, iteration 870, time: 325.56399869918823
Starting label LEVI, seed 25, iteration 880, time: 330.8278880119324
Starting label LEVI, seed 25, iteration 890, time: 336.0204017162323
Starting label LEVI, seed 25, iteration 900, time: 341.5560953617096
Starting label LEVI, seed 25, iteration 910, time: 347.5510551929474
Starting label LEVI, seed 25, iteration 920, time: 352.9043667316437
Starting label LEVI, seed 25, iteration 930, time: 358.8899953365326
Starting label LEVI, seed 25, iteration 940, time: 364.903333902359
Starting label LEVI, seed 25, iteration 950, time: 371.1363604068756
Starting label LEVI, seed 25, iteration 960, time: 376.76381397247314
Starting label LEVI, seed 25, iteration 970, time: 382.2609419822693
Starting label LEVI, seed 25, iteration 980, time: 387.9395263195038
Starting label LEVI, seed 25, iteration 990, time: 393.62334275245667
Starting label LEVI, seed 25, iteration 1000, time: 400.5892241001129
Starting label LEVI, seed 25, iteration 1010, time: 408.2296121120453
Starting label LEVI, seed 25, iteration 1020, time: 414.95894837379456
Starting label LEVI, seed 25, iteration 1030, time: 420.98377656936646
Starting label LEVI, seed 25, iteration 1040, time: 428.74732303619385
Starting label LEVI, seed 25, iteration 1050, time: 436.0758032798767
Starting label LEVI, seed 25, iteration 1060, time: 443.6529371738434
Starting label LEVI, seed 25, iteration 1070, time: 451.958105802536
Starting label LEVI, seed 25, iteration 1080, time: 458.52876710891724
Starting label LEVI, seed 25, iteration 1090, time: 466.8627073764801
Starting label LEVI, seed 25, iteration 1100, time: 476.01781129837036
Starting label LEVI, seed 25, iteration 1110, time: 485.1503117084503
Starting label LEVI, seed 25, iteration 1120, time: 494.0505301952362
Starting label LEVI, seed 25, iteration 1130, time: 501.8782091140747
Starting label LEVI, seed 25, iteration 1140, time: 510.2075650691986
Starting label LEVI, seed 25, iteration 1150, time: 518.7912328243256
Starting label LEVI, seed 25, iteration 1160, time: 527.2031135559082
Starting label LEVI, seed 25, iteration 1170, time: 537.0891573429108
Starting label LEVI, seed 25, iteration 1180, time: 544.575665473938
Starting label LEVI, seed 25, iteration 1190, time: 553.3943922519684
Starting label LEVI, seed 25, iteration 1200, time: 562.9398655891418
Starting label LEVI, seed 25, iteration 1210, time: 572.3749346733093
Starting label LEVI, seed 25, iteration 1220, time: 580.7714397907257
Starting label LEVI, seed 25, iteration 1230, time: 589.4751961231232
Starting label LEVI, seed 25, iteration 1240, time: 599.2996048927307
Starting label LEVI, seed 25, iteration 1250, time: 610.0949437618256
Starting label LEVI, seed 25, iteration 1260, time: 619.3330206871033
Starting label LEVI, seed 25, iteration 1270, time: 628.5633985996246
Starting label LEVI, seed 25, iteration 1280, time: 638.0205578804016
Starting label LEVI, seed 25, iteration 1290, time: 649.4087946414948
Starting label LEVI, seed 25, iteration 1300, time: 659.9691717624664
Starting label LEVI, seed 25, iteration 1310, time: 672.6834750175476
Starting label LEVI, seed 25, iteration 1320, time: 683.3401653766632
Starting label LEVI, seed 25, iteration 1330, time: 694.5647480487823
Starting label LEVI, seed 25, iteration 1340, time: 706.5184919834137
Starting label LEVI, seed 25, iteration 1350, time: 717.6226575374603
Starting label LEVI, seed 25, iteration 1360, time: 728.9919624328613
Starting label LEVI, seed 25, iteration 1370, time: 740.8927760124207
Starting label LEVI, seed 25, iteration 1380, time: 752.462639093399
Starting label LEVI, seed 25, iteration 1390, time: 765.9656054973602
Starting label LEVI, seed 25, iteration 1400, time: 779.6304774284363
Starting label LEVI, seed 25, iteration 1410, time: 793.4212050437927
Starting label LEVI, seed 25, iteration 1420, time: 807.077879190445
Starting label LEVI, seed 25, iteration 1430, time: 820.522341966629
Starting label LEVI, seed 25, iteration 1440, time: 834.2827677726746
Starting label LEVI, seed 25, iteration 1450, time: 848.1838085651398
Starting label LEVI, seed 25, iteration 1460, time: 862.0257861614227
Starting label LEVI, seed 25, iteration 1470, time: 875.8477764129639
Starting label LEVI, seed 25, iteration 1480, time: 889.6081693172455
Starting label LEVI, seed 25, iteration 1490, time: 903.4048476219177
Starting label LEVI, seed 25, iteration 1500, time: 917.3455710411072
Starting label LEVI, seed 25, iteration 1510, time: 929.180123090744
Starting label LEVI, seed 25, iteration 1520, time: 940.746819972992
Starting label LEVI, seed 25, iteration 1530, time: 951.5023713111877
Starting label LEVI, seed 25, iteration 1540, time: 962.1349956989288
Starting label LEVI, seed 25, iteration 1550, time: 974.64439702034
Starting label LEVI, seed 25, iteration 1560, time: 987.2840745449066
Starting label LEVI, seed 25, iteration 1570, time: 1000.0621538162231
Starting label LEVI, seed 25, iteration 1580, time: 1017.6254198551178
Starting label LEVI, seed 25, iteration 1590, time: 1031.4211416244507
Starting label LEVI, seed 25, iteration 1600, time: 1043.1101894378662
Starting label LEVI, seed 25, iteration 1610, time: 1056.0006592273712
Starting label LEVI, seed 25, iteration 1620, time: 1068.8044760227203
Starting label LEVI, seed 25, iteration 1630, time: 1083.64422082901
Starting label LEVI, seed 25, iteration 1640, time: 1097.5755817890167
Starting label LEVI, seed 25, iteration 1650, time: 1111.3487780094147
Starting label LEVI, seed 25, iteration 1660, time: 1125.483870267868
Starting label LEVI, seed 25, iteration 1670, time: 1142.3812074661255
Starting label LEVI, seed 25, iteration 1680, time: 1157.0655055046082
Starting label LEVI, seed 25, iteration 1690, time: 1171.3423159122467
Starting label LEVI, seed 25, iteration 1700, time: 1186.6756165027618
Starting label LEVI, seed 25, iteration 1710, time: 1202.4714748859406
Starting label LEVI, seed 25, iteration 1720, time: 1215.7128777503967
Starting label LEVI, seed 25, iteration 1730, time: 1231.0549643039703
Starting label LEVI, seed 25, iteration 1740, time: 1246.8023517131805
Starting label LEVI, seed 25, iteration 1750, time: 1263.1114494800568
Starting label LEVI, seed 25, iteration 1760, time: 1279.1100103855133
Starting label LEVI, seed 25, iteration 1770, time: 1296.5816814899445
Starting label LEVI, seed 25, iteration 1780, time: 1314.6678507328033
Starting label LEVI, seed 25, iteration 1790, time: 1330.1053321361542
Starting label LEVI, seed 25, iteration 1800, time: 1345.998629808426
Starting label LEVI, seed 25, iteration 1810, time: 1362.6711428165436
Starting label LEVI, seed 25, iteration 1820, time: 1378.918704032898
Starting label LEVI, seed 25, iteration 1830, time: 1402.743103981018
Starting label LEVI, seed 25, iteration 1840, time: 1421.7361800670624
Starting label LEVI, seed 25, iteration 1850, time: 1444.6392240524292
Starting label LEVI, seed 25, iteration 1860, time: 1463.6872708797455
Starting label LEVI, seed 25, iteration 1870, time: 1486.280626296997
Starting label LEVI, seed 25, iteration 1880, time: 1504.0385489463806
Starting label LEVI, seed 25, iteration 1890, time: 1519.8915882110596
Starting label LEVI, seed 25, iteration 1900, time: 1536.479531288147
Starting label LEVI, seed 25, iteration 1910, time: 1553.8351488113403
submitit WARNING (2022-10-02 01:22:36,000) - Bypassing signal SIGCONT
submitit WARNING (2022-10-02 01:22:36,061) - Bypassing signal SIGTERM
Starting label LEVI, seed 25, iteration 1920, time: 1571.6032135486603
Starting label LEVI, seed 25, iteration 1930, time: 1592.2636890411377
