submitit INFO (2022-10-02 04:22:05,029) - Starting with JobEnvironment(job_id=884077_1, hostname=hariharan-compute-02.cs.cornell.edu, local_rank=0(1), node=0(1), global_rank=0(1))
submitit INFO (2022-10-02 04:22:05,030) - Loading pickle: /home/gid-cakmaks/contextual_rs/experiments/wsc_experiments/logs/884077_1/884077_1_submitted.pkl
Appending iterations to existing output!Warning: If parameters other than `iterations` have been changed, this will corrupt the output!
Starting label LEVI, seed 81, iteration 490, time: 258.8179624080658
Starting label LEVI, seed 81, iteration 500, time: 265.3878450393677
Starting label LEVI, seed 81, iteration 510, time: 272.0558841228485
Starting label LEVI, seed 81, iteration 520, time: 278.54364228248596
Starting label LEVI, seed 81, iteration 530, time: 285.0837285518646
Starting label LEVI, seed 81, iteration 540, time: 291.66604256629944
Starting label LEVI, seed 81, iteration 550, time: 297.9687337875366
Starting label LEVI, seed 81, iteration 560, time: 304.483943939209
Starting label LEVI, seed 81, iteration 570, time: 310.7964506149292
Starting label LEVI, seed 81, iteration 580, time: 316.9926772117615
Starting label LEVI, seed 81, iteration 590, time: 323.4100363254547
Starting label LEVI, seed 81, iteration 600, time: 329.5908942222595
Starting label LEVI, seed 81, iteration 610, time: 335.9171230792999
Starting label LEVI, seed 81, iteration 620, time: 342.20567440986633
Starting label LEVI, seed 81, iteration 630, time: 348.49861240386963
Starting label LEVI, seed 81, iteration 640, time: 355.12580728530884
Starting label LEVI, seed 81, iteration 650, time: 361.54974484443665
Starting label LEVI, seed 81, iteration 660, time: 367.75180554389954
Starting label LEVI, seed 81, iteration 670, time: 374.0562620162964
Starting label LEVI, seed 81, iteration 680, time: 380.3313624858856
Starting label LEVI, seed 81, iteration 690, time: 386.87531304359436
Starting label LEVI, seed 81, iteration 700, time: 393.37342596054077
Starting label LEVI, seed 81, iteration 710, time: 399.79671120643616
Starting label LEVI, seed 81, iteration 720, time: 406.5836718082428
Starting label LEVI, seed 81, iteration 730, time: 413.3269283771515
Starting label LEVI, seed 81, iteration 740, time: 419.8911163806915
Starting label LEVI, seed 81, iteration 750, time: 426.45771074295044
Starting label LEVI, seed 81, iteration 760, time: 434.92049074172974
Starting label LEVI, seed 81, iteration 770, time: 441.5694100856781
Starting label LEVI, seed 81, iteration 780, time: 448.27532863616943
Starting label LEVI, seed 81, iteration 790, time: 454.70279335975647
Starting label LEVI, seed 81, iteration 800, time: 461.2833032608032
Starting label LEVI, seed 81, iteration 810, time: 467.8026885986328
Starting label LEVI, seed 81, iteration 820, time: 474.39939165115356
Starting label LEVI, seed 81, iteration 830, time: 480.9326169490814
Starting label LEVI, seed 81, iteration 840, time: 487.3154947757721
Starting label LEVI, seed 81, iteration 850, time: 494.1012008190155
Starting label LEVI, seed 81, iteration 860, time: 501.1273534297943
Starting label LEVI, seed 81, iteration 870, time: 508.083833694458
Starting label LEVI, seed 81, iteration 880, time: 514.801367521286
Starting label LEVI, seed 81, iteration 890, time: 521.4568977355957
Starting label LEVI, seed 81, iteration 900, time: 528.3854012489319
Starting label LEVI, seed 81, iteration 910, time: 535.2223424911499
Starting label LEVI, seed 81, iteration 920, time: 542.1035227775574
Starting label LEVI, seed 81, iteration 930, time: 549.1391248703003
Starting label LEVI, seed 81, iteration 940, time: 555.8040163516998
Starting label LEVI, seed 81, iteration 950, time: 563.823783159256
Starting label LEVI, seed 81, iteration 960, time: 571.6043293476105
Starting label LEVI, seed 81, iteration 970, time: 579.7103772163391
Starting label LEVI, seed 81, iteration 980, time: 587.6479060649872
Starting label LEVI, seed 81, iteration 990, time: 596.7199347019196
Starting label LEVI, seed 81, iteration 1000, time: 605.1174314022064
Starting label LEVI, seed 81, iteration 1010, time: 613.245165348053
Starting label LEVI, seed 81, iteration 1020, time: 621.3496034145355
Starting label LEVI, seed 81, iteration 1030, time: 629.9135084152222
Starting label LEVI, seed 81, iteration 1040, time: 637.6492736339569
Starting label LEVI, seed 81, iteration 1050, time: 645.7954919338226
Starting label LEVI, seed 81, iteration 1060, time: 653.8973217010498
Starting label LEVI, seed 81, iteration 1070, time: 662.2845888137817
Starting label LEVI, seed 81, iteration 1080, time: 669.684469461441
Starting label LEVI, seed 81, iteration 1090, time: 676.9446246623993
Starting label LEVI, seed 81, iteration 1100, time: 684.5900194644928
Starting label LEVI, seed 81, iteration 1110, time: 691.8898372650146
Starting label LEVI, seed 81, iteration 1120, time: 699.3339459896088
Starting label LEVI, seed 81, iteration 1130, time: 707.6987085342407
Starting label LEVI, seed 81, iteration 1140, time: 716.967931509018
Starting label LEVI, seed 81, iteration 1150, time: 726.2580497264862
Starting label LEVI, seed 81, iteration 1160, time: 736.501570224762
Starting label LEVI, seed 81, iteration 1170, time: 746.302360534668
Starting label LEVI, seed 81, iteration 1180, time: 754.3245143890381
Starting label LEVI, seed 81, iteration 1190, time: 763.0028696060181
Starting label LEVI, seed 81, iteration 1200, time: 772.1326296329498
Starting label LEVI, seed 81, iteration 1210, time: 781.677942276001
Starting label LEVI, seed 81, iteration 1220, time: 791.4626615047455
Starting label LEVI, seed 81, iteration 1230, time: 800.3921148777008
Starting label LEVI, seed 81, iteration 1240, time: 811.6107103824615
Starting label LEVI, seed 81, iteration 1250, time: 824.5574688911438
Starting label LEVI, seed 81, iteration 1260, time: 838.3368775844574
Starting label LEVI, seed 81, iteration 1270, time: 852.1834797859192
Starting label LEVI, seed 81, iteration 1280, time: 868.3751862049103
Starting label LEVI, seed 81, iteration 1290, time: 881.5922057628632
Starting label LEVI, seed 81, iteration 1300, time: 896.4950397014618
Starting label LEVI, seed 81, iteration 1310, time: 911.3222935199738
Starting label LEVI, seed 81, iteration 1320, time: 927.7992663383484
Starting label LEVI, seed 81, iteration 1330, time: 941.3777549266815
Starting label LEVI, seed 81, iteration 1340, time: 955.2413015365601
Starting label LEVI, seed 81, iteration 1350, time: 967.3359045982361
Starting label LEVI, seed 81, iteration 1360, time: 979.1433665752411
Starting label LEVI, seed 81, iteration 1370, time: 996.221049785614
Starting label LEVI, seed 81, iteration 1380, time: 1009.1507630348206
Starting label LEVI, seed 81, iteration 1390, time: 1023.8113915920258
Starting label LEVI, seed 81, iteration 1400, time: 1036.8402109146118
Starting label LEVI, seed 81, iteration 1410, time: 1047.9736738204956
Starting label LEVI, seed 81, iteration 1420, time: 1059.9775533676147
Starting label LEVI, seed 81, iteration 1430, time: 1072.3737576007843
Starting label LEVI, seed 81, iteration 1440, time: 1083.2755274772644
Starting label LEVI, seed 81, iteration 1450, time: 1094.675451517105
Starting label LEVI, seed 81, iteration 1460, time: 1104.277098417282
Starting label LEVI, seed 81, iteration 1470, time: 1114.1238770484924
Starting label LEVI, seed 81, iteration 1480, time: 1124.1228728294373
Starting label LEVI, seed 81, iteration 1490, time: 1134.0419116020203
Starting label LEVI, seed 81, iteration 1500, time: 1145.2591495513916
Starting label LEVI, seed 81, iteration 1510, time: 1155.4866752624512
Starting label LEVI, seed 81, iteration 1520, time: 1166.611472606659
Starting label LEVI, seed 81, iteration 1530, time: 1176.4612872600555
Starting label LEVI, seed 81, iteration 1540, time: 1186.6936340332031
Starting label LEVI, seed 81, iteration 1550, time: 1197.3314235210419
Starting label LEVI, seed 81, iteration 1560, time: 1207.6386549472809
Starting label LEVI, seed 81, iteration 1570, time: 1218.2134742736816
Starting label LEVI, seed 81, iteration 1580, time: 1227.9739441871643
Starting label LEVI, seed 81, iteration 1590, time: 1238.0035526752472
Starting label LEVI, seed 81, iteration 1600, time: 1248.4173784255981
Starting label LEVI, seed 81, iteration 1610, time: 1258.4472579956055
Starting label LEVI, seed 81, iteration 1620, time: 1268.9660353660583
Starting label LEVI, seed 81, iteration 1630, time: 1279.0535233020782
Starting label LEVI, seed 81, iteration 1640, time: 1288.7997930049896
Starting label LEVI, seed 81, iteration 1650, time: 1299.0869226455688
Starting label LEVI, seed 81, iteration 1660, time: 1308.7940628528595
Starting label LEVI, seed 81, iteration 1670, time: 1318.0135927200317
Starting label LEVI, seed 81, iteration 1680, time: 1328.0099458694458
Starting label LEVI, seed 81, iteration 1690, time: 1336.4081046581268
Starting label LEVI, seed 81, iteration 1700, time: 1344.9576961994171
Starting label LEVI, seed 81, iteration 1710, time: 1353.4051876068115
Starting label LEVI, seed 81, iteration 1720, time: 1362.071026802063
Starting label LEVI, seed 81, iteration 1730, time: 1370.7607247829437
Starting label LEVI, seed 81, iteration 1740, time: 1379.5882620811462
Starting label LEVI, seed 81, iteration 1750, time: 1390.4940061569214
Starting label LEVI, seed 81, iteration 1760, time: 1400.9726853370667
Starting label LEVI, seed 81, iteration 1770, time: 1411.6314208507538
Starting label LEVI, seed 81, iteration 1780, time: 1422.5361442565918
Starting label LEVI, seed 81, iteration 1790, time: 1432.980763912201
Starting label LEVI, seed 81, iteration 1800, time: 1443.5907213687897
Starting label LEVI, seed 81, iteration 1810, time: 1453.5196528434753
Starting label LEVI, seed 81, iteration 1820, time: 1464.56254529953
Starting label LEVI, seed 81, iteration 1830, time: 1475.8051159381866
Starting label LEVI, seed 81, iteration 1840, time: 1488.8880202770233
Starting label LEVI, seed 81, iteration 1850, time: 1501.3333418369293
Starting label LEVI, seed 81, iteration 1860, time: 1513.9134845733643
Starting label LEVI, seed 81, iteration 1870, time: 1525.788846731186
Starting label LEVI, seed 81, iteration 1880, time: 1537.9213752746582
Starting label LEVI, seed 81, iteration 1890, time: 1549.7799649238586
Starting label LEVI, seed 81, iteration 1900, time: 1561.6808228492737
Starting label LEVI, seed 81, iteration 1910, time: 1573.568778514862
Starting label LEVI, seed 81, iteration 1920, time: 1585.7631385326385
Starting label LEVI, seed 81, iteration 1930, time: 1599.8355305194855
Starting label LEVI, seed 81, iteration 1940, time: 1612.6747756004333
Starting label LEVI, seed 81, iteration 1950, time: 1625.6969776153564
Starting label LEVI, seed 81, iteration 1960, time: 1638.6046788692474
Starting label LEVI, seed 81, iteration 1970, time: 1652.2145035266876
Starting label LEVI, seed 81, iteration 1980, time: 1665.75905418396
Starting label LEVI, seed 81, iteration 1990, time: 1678.7135653495789
submitit INFO (2022-10-02 04:46:01,591) - Job completed successfully
