submitit INFO (2022-10-02 00:56:25,542) - Starting with JobEnvironment(job_id=883329_8, hostname=g2-compute-96.coecis.cornell.edu, local_rank=0(1), node=0(1), global_rank=0(1))
submitit INFO (2022-10-02 00:56:25,543) - Loading pickle: /home/gid-cakmaks/contextual_rs/experiments/wsc_experiments/logs/883329_8/883329_8_submitted.pkl
Starting label LEVI, seed 18, iteration 0, time: 0.00041294097900390625
Starting label LEVI, seed 18, iteration 10, time: 2.241727113723755
Starting label LEVI, seed 18, iteration 20, time: 4.481833457946777
Starting label LEVI, seed 18, iteration 30, time: 6.658073425292969
Starting label LEVI, seed 18, iteration 40, time: 8.903107166290283
Starting label LEVI, seed 18, iteration 50, time: 11.149619579315186
Starting label LEVI, seed 18, iteration 60, time: 13.455676078796387
Starting label LEVI, seed 18, iteration 70, time: 15.66731333732605
Starting label LEVI, seed 18, iteration 80, time: 17.997441053390503
Starting label LEVI, seed 18, iteration 90, time: 20.364521026611328
Starting label LEVI, seed 18, iteration 100, time: 22.70898127555847
Starting label LEVI, seed 18, iteration 110, time: 25.053330659866333
Starting label LEVI, seed 18, iteration 120, time: 27.41537046432495
Starting label LEVI, seed 18, iteration 130, time: 29.758368015289307
Starting label LEVI, seed 18, iteration 140, time: 32.158671140670776
Starting label LEVI, seed 18, iteration 150, time: 34.506041526794434
Starting label LEVI, seed 18, iteration 160, time: 36.92230153083801
Starting label LEVI, seed 18, iteration 170, time: 39.329543113708496
Starting label LEVI, seed 18, iteration 180, time: 41.76861023902893
Starting label LEVI, seed 18, iteration 190, time: 44.211538553237915
Starting label LEVI, seed 18, iteration 200, time: 46.68113136291504
Starting label LEVI, seed 18, iteration 210, time: 49.06066393852234
Starting label LEVI, seed 18, iteration 220, time: 51.55132174491882
Starting label LEVI, seed 18, iteration 230, time: 54.12469983100891
Starting label LEVI, seed 18, iteration 240, time: 56.59496450424194
Starting label LEVI, seed 18, iteration 250, time: 59.09131693840027
Starting label LEVI, seed 18, iteration 260, time: 61.572954416275024
Starting label LEVI, seed 18, iteration 270, time: 64.0777895450592
Starting label LEVI, seed 18, iteration 280, time: 66.61050724983215
Starting label LEVI, seed 18, iteration 290, time: 69.10626029968262
Starting label LEVI, seed 18, iteration 300, time: 71.73244762420654
Starting label LEVI, seed 18, iteration 310, time: 74.48345065116882
Starting label LEVI, seed 18, iteration 320, time: 77.15655946731567
Starting label LEVI, seed 18, iteration 330, time: 79.77742457389832
Starting label LEVI, seed 18, iteration 340, time: 82.39477396011353
Starting label LEVI, seed 18, iteration 350, time: 85.07481956481934
Starting label LEVI, seed 18, iteration 360, time: 87.79696679115295
Starting label LEVI, seed 18, iteration 370, time: 90.52919912338257
Starting label LEVI, seed 18, iteration 380, time: 93.50253677368164
Starting label LEVI, seed 18, iteration 390, time: 96.4429383277893
Starting label LEVI, seed 18, iteration 400, time: 99.11590766906738
Starting label LEVI, seed 18, iteration 410, time: 102.48666596412659
Starting label LEVI, seed 18, iteration 420, time: 105.30508661270142
Starting label LEVI, seed 18, iteration 430, time: 108.17814803123474
Starting label LEVI, seed 18, iteration 440, time: 111.47907042503357
Starting label LEVI, seed 18, iteration 450, time: 115.00050258636475
Starting label LEVI, seed 18, iteration 460, time: 118.67400050163269
Starting label LEVI, seed 18, iteration 470, time: 121.94881701469421
Starting label LEVI, seed 18, iteration 480, time: 125.1480884552002
Starting label LEVI, seed 18, iteration 490, time: 128.23189496994019
Starting label LEVI, seed 18, iteration 500, time: 131.50801992416382
Starting label LEVI, seed 18, iteration 510, time: 134.8469021320343
Starting label LEVI, seed 18, iteration 520, time: 138.25661969184875
Starting label LEVI, seed 18, iteration 530, time: 141.67271041870117
Starting label LEVI, seed 18, iteration 540, time: 145.18146014213562
Starting label LEVI, seed 18, iteration 550, time: 148.81159853935242
Starting label LEVI, seed 18, iteration 560, time: 152.69374442100525
Starting label LEVI, seed 18, iteration 570, time: 156.37129306793213
Starting label LEVI, seed 18, iteration 580, time: 159.82665133476257
Starting label LEVI, seed 18, iteration 590, time: 163.62976479530334
Starting label LEVI, seed 18, iteration 600, time: 167.7829782962799
Starting label LEVI, seed 18, iteration 610, time: 171.81901001930237
Starting label LEVI, seed 18, iteration 620, time: 176.0773265361786
Starting label LEVI, seed 18, iteration 630, time: 180.3782479763031
Starting label LEVI, seed 18, iteration 640, time: 184.48730540275574
Starting label LEVI, seed 18, iteration 650, time: 188.8685474395752
Starting label LEVI, seed 18, iteration 660, time: 193.04794907569885
Starting label LEVI, seed 18, iteration 670, time: 197.51254177093506
Starting label LEVI, seed 18, iteration 680, time: 202.10975337028503
Starting label LEVI, seed 18, iteration 690, time: 206.37028193473816
Starting label LEVI, seed 18, iteration 700, time: 210.9655408859253
Starting label LEVI, seed 18, iteration 710, time: 215.67969632148743
Starting label LEVI, seed 18, iteration 720, time: 220.664892911911
Starting label LEVI, seed 18, iteration 730, time: 225.8834011554718
Starting label LEVI, seed 18, iteration 740, time: 231.38000440597534
Starting label LEVI, seed 18, iteration 750, time: 236.58590126037598
Starting label LEVI, seed 18, iteration 760, time: 241.8925232887268
Starting label LEVI, seed 18, iteration 770, time: 247.57524871826172
Starting label LEVI, seed 18, iteration 780, time: 252.58696007728577
Starting label LEVI, seed 18, iteration 790, time: 258.15500378608704
Starting label LEVI, seed 18, iteration 800, time: 264.3128640651703
Starting label LEVI, seed 18, iteration 810, time: 270.18747329711914
Starting label LEVI, seed 18, iteration 820, time: 276.24318766593933
Starting label LEVI, seed 18, iteration 830, time: 282.39079451560974
Starting label LEVI, seed 18, iteration 840, time: 288.0300877094269
Starting label LEVI, seed 18, iteration 850, time: 296.41439270973206
Starting label LEVI, seed 18, iteration 860, time: 302.69680857658386
Starting label LEVI, seed 18, iteration 870, time: 309.4866862297058
Starting label LEVI, seed 18, iteration 880, time: 317.5716392993927
Starting label LEVI, seed 18, iteration 890, time: 323.9866268634796
Starting label LEVI, seed 18, iteration 900, time: 330.7992169857025
Starting label LEVI, seed 18, iteration 910, time: 339.0708236694336
Starting label LEVI, seed 18, iteration 920, time: 346.5085895061493
Starting label LEVI, seed 18, iteration 930, time: 352.3784689903259
Starting label LEVI, seed 18, iteration 940, time: 358.1202733516693
Starting label LEVI, seed 18, iteration 950, time: 364.0543887615204
Starting label LEVI, seed 18, iteration 960, time: 370.920378446579
Starting label LEVI, seed 18, iteration 970, time: 378.10401821136475
Starting label LEVI, seed 18, iteration 980, time: 385.2846796512604
Starting label LEVI, seed 18, iteration 990, time: 392.8665795326233
Starting label LEVI, seed 18, iteration 1000, time: 400.22045636177063
Starting label LEVI, seed 18, iteration 1010, time: 407.17291617393494
Starting label LEVI, seed 18, iteration 1020, time: 413.858934879303
Starting label LEVI, seed 18, iteration 1030, time: 421.5047152042389
Starting label LEVI, seed 18, iteration 1040, time: 430.65538263320923
Starting label LEVI, seed 18, iteration 1050, time: 439.7408299446106
Starting label LEVI, seed 18, iteration 1060, time: 447.27114748954773
Starting label LEVI, seed 18, iteration 1070, time: 456.1753795146942
Starting label LEVI, seed 18, iteration 1080, time: 465.2726945877075
Starting label LEVI, seed 18, iteration 1090, time: 482.29735136032104
Starting label LEVI, seed 18, iteration 1100, time: 490.2288999557495
Starting label LEVI, seed 18, iteration 1110, time: 498.2648367881775
Starting label LEVI, seed 18, iteration 1120, time: 508.8525311946869
Starting label LEVI, seed 18, iteration 1130, time: 519.6969718933105
Starting label LEVI, seed 18, iteration 1140, time: 530.3370981216431
Starting label LEVI, seed 18, iteration 1150, time: 539.1150550842285
Starting label LEVI, seed 18, iteration 1160, time: 550.3164048194885
Starting label LEVI, seed 18, iteration 1170, time: 560.266928434372
Starting label LEVI, seed 18, iteration 1180, time: 569.520664691925
Starting label LEVI, seed 18, iteration 1190, time: 582.070098400116
Starting label LEVI, seed 18, iteration 1200, time: 594.909882068634
Starting label LEVI, seed 18, iteration 1210, time: 605.4852850437164
Starting label LEVI, seed 18, iteration 1220, time: 617.3000280857086
Starting label LEVI, seed 18, iteration 1230, time: 629.429872751236
Starting label LEVI, seed 18, iteration 1240, time: 643.3570475578308
Starting label LEVI, seed 18, iteration 1250, time: 655.9101235866547
Starting label LEVI, seed 18, iteration 1260, time: 668.9995362758636
Starting label LEVI, seed 18, iteration 1270, time: 682.7395451068878
Starting label LEVI, seed 18, iteration 1280, time: 696.4448914527893
Starting label LEVI, seed 18, iteration 1290, time: 708.7486827373505
Starting label LEVI, seed 18, iteration 1300, time: 724.042962551117
Starting label LEVI, seed 18, iteration 1310, time: 736.242888212204
Starting label LEVI, seed 18, iteration 1320, time: 749.2400994300842
Starting label LEVI, seed 18, iteration 1330, time: 766.5570092201233
Starting label LEVI, seed 18, iteration 1340, time: 782.1183905601501
Starting label LEVI, seed 18, iteration 1350, time: 795.8157877922058
Starting label LEVI, seed 18, iteration 1360, time: 809.7560200691223
Starting label LEVI, seed 18, iteration 1370, time: 827.5786156654358
Starting label LEVI, seed 18, iteration 1380, time: 843.2286381721497
Starting label LEVI, seed 18, iteration 1390, time: 860.0880115032196
Starting label LEVI, seed 18, iteration 1400, time: 876.7449059486389
Starting label LEVI, seed 18, iteration 1410, time: 896.7785770893097
Starting label LEVI, seed 18, iteration 1420, time: 911.9471216201782
Starting label LEVI, seed 18, iteration 1430, time: 932.5273809432983
Starting label LEVI, seed 18, iteration 1440, time: 951.7525722980499
Starting label LEVI, seed 18, iteration 1450, time: 970.0346527099609
Starting label LEVI, seed 18, iteration 1460, time: 992.2915978431702
Starting label LEVI, seed 18, iteration 1470, time: 1011.292368888855
Starting label LEVI, seed 18, iteration 1480, time: 1028.3156898021698
Starting label LEVI, seed 18, iteration 1490, time: 1050.5250914096832
Starting label LEVI, seed 18, iteration 1500, time: 1068.232668876648
Starting label LEVI, seed 18, iteration 1510, time: 1087.0811376571655
Starting label LEVI, seed 18, iteration 1520, time: 1112.4027919769287
Starting label LEVI, seed 18, iteration 1530, time: 1138.723509311676
Starting label LEVI, seed 18, iteration 1540, time: 1164.565298318863
Starting label LEVI, seed 18, iteration 1550, time: 1185.1880087852478
Starting label LEVI, seed 18, iteration 1560, time: 1205.7750208377838
Starting label LEVI, seed 18, iteration 1570, time: 1227.0362257957458
Starting label LEVI, seed 18, iteration 1580, time: 1249.2352440357208
Starting label LEVI, seed 18, iteration 1590, time: 1269.9944081306458
Starting label LEVI, seed 18, iteration 1600, time: 1290.7066037654877
Starting label LEVI, seed 18, iteration 1610, time: 1311.6855254173279
Starting label LEVI, seed 18, iteration 1620, time: 1332.9973702430725
Starting label LEVI, seed 18, iteration 1630, time: 1355.2717027664185
Starting label LEVI, seed 18, iteration 1640, time: 1376.5840122699738
Starting label LEVI, seed 18, iteration 1650, time: 1403.3568215370178
Starting label LEVI, seed 18, iteration 1660, time: 1426.5419430732727
Starting label LEVI, seed 18, iteration 1670, time: 1447.768844127655
Starting label LEVI, seed 18, iteration 1680, time: 1473.8721470832825
Starting label LEVI, seed 18, iteration 1690, time: 1497.1934978961945
Starting label LEVI, seed 18, iteration 1700, time: 1526.2219207286835
Starting label LEVI, seed 18, iteration 1710, time: 1553.8441355228424
submitit WARNING (2022-10-02 01:22:36,062) - Bypassing signal SIGCONT
submitit WARNING (2022-10-02 01:22:36,132) - Bypassing signal SIGTERM
Starting label LEVI, seed 18, iteration 1720, time: 1582.2307999134064
