submitit INFO (2022-10-02 13:27:02,278) - Starting with JobEnvironment(job_id=884551_3, hostname=lecun.cs.cornell.edu, local_rank=0(1), node=0(1), global_rank=0(1))
submitit INFO (2022-10-02 13:27:02,278) - Loading pickle: /home/gid-cakmaks/contextual_rs/experiments/wsc_experiments/logs/884551_3/884551_3_submitted.pkl
Appending iterations to existing output!Warning: If parameters other than `iterations` have been changed, this will corrupt the output!
Starting label LEVI, seed 33, iteration 520, time: 324.0401327610016
Starting label LEVI, seed 33, iteration 530, time: 330.19305896759033
Starting label LEVI, seed 33, iteration 540, time: 336.20147609710693
Starting label LEVI, seed 33, iteration 550, time: 342.26350378990173
Starting label LEVI, seed 33, iteration 560, time: 348.15298557281494
Starting label LEVI, seed 33, iteration 570, time: 354.1243031024933
Starting label LEVI, seed 33, iteration 580, time: 360.2348439693451
Starting label LEVI, seed 33, iteration 590, time: 366.5030589103699
Starting label LEVI, seed 33, iteration 600, time: 372.6410973072052
Starting label LEVI, seed 33, iteration 610, time: 379.1093695163727
Starting label LEVI, seed 33, iteration 620, time: 385.6707339286804
Starting label LEVI, seed 33, iteration 630, time: 391.9386079311371
Starting label LEVI, seed 33, iteration 640, time: 398.24669766426086
Starting label LEVI, seed 33, iteration 650, time: 404.34225726127625
Starting label LEVI, seed 33, iteration 660, time: 411.9779267311096
Starting label LEVI, seed 33, iteration 670, time: 417.95271253585815
Starting label LEVI, seed 33, iteration 680, time: 424.1098301410675
Starting label LEVI, seed 33, iteration 690, time: 430.14626240730286
Starting label LEVI, seed 33, iteration 700, time: 436.55108737945557
Starting label LEVI, seed 33, iteration 710, time: 443.00358843803406
Starting label LEVI, seed 33, iteration 720, time: 451.58514881134033
Starting label LEVI, seed 33, iteration 730, time: 458.2213845252991
Starting label LEVI, seed 33, iteration 740, time: 465.0354554653168
Starting label LEVI, seed 33, iteration 750, time: 473.5479521751404
Starting label LEVI, seed 33, iteration 760, time: 480.85807728767395
Starting label LEVI, seed 33, iteration 770, time: 487.9687728881836
Starting label LEVI, seed 33, iteration 780, time: 495.06882786750793
Starting label LEVI, seed 33, iteration 790, time: 502.0800361633301
Starting label LEVI, seed 33, iteration 800, time: 508.9256181716919
Starting label LEVI, seed 33, iteration 810, time: 515.7698011398315
Starting label LEVI, seed 33, iteration 820, time: 522.6502857208252
Starting label LEVI, seed 33, iteration 830, time: 529.6860520839691
Starting label LEVI, seed 33, iteration 840, time: 536.4022691249847
Starting label LEVI, seed 33, iteration 850, time: 543.3723108768463
Starting label LEVI, seed 33, iteration 860, time: 550.1352608203888
Starting label LEVI, seed 33, iteration 870, time: 556.7690348625183
Starting label LEVI, seed 33, iteration 880, time: 563.3348364830017
Starting label LEVI, seed 33, iteration 890, time: 570.0154707431793
Starting label LEVI, seed 33, iteration 900, time: 577.241979598999
Starting label LEVI, seed 33, iteration 910, time: 584.6771304607391
Starting label LEVI, seed 33, iteration 920, time: 594.5625216960907
Starting label LEVI, seed 33, iteration 930, time: 601.1084637641907
Starting label LEVI, seed 33, iteration 940, time: 607.7431626319885
Starting label LEVI, seed 33, iteration 950, time: 614.606728553772
Starting label LEVI, seed 33, iteration 960, time: 621.4099721908569
Starting label LEVI, seed 33, iteration 970, time: 628.4762237071991
Starting label LEVI, seed 33, iteration 980, time: 635.9892315864563
Starting label LEVI, seed 33, iteration 990, time: 643.1910421848297
Starting label LEVI, seed 33, iteration 1000, time: 650.3684060573578
Starting label LEVI, seed 33, iteration 1010, time: 657.5025849342346
Starting label LEVI, seed 33, iteration 1020, time: 666.028461933136
Starting label LEVI, seed 33, iteration 1030, time: 674.2781779766083
Starting label LEVI, seed 33, iteration 1040, time: 681.234890460968
Starting label LEVI, seed 33, iteration 1050, time: 687.954094171524
Starting label LEVI, seed 33, iteration 1060, time: 695.0008335113525
Starting label LEVI, seed 33, iteration 1070, time: 701.7202649116516
Starting label LEVI, seed 33, iteration 1080, time: 708.4521610736847
Starting label LEVI, seed 33, iteration 1090, time: 715.5353057384491
Starting label LEVI, seed 33, iteration 1100, time: 722.2015054225922
Starting label LEVI, seed 33, iteration 1110, time: 730.7351236343384
Starting label LEVI, seed 33, iteration 1120, time: 737.8135621547699
Starting label LEVI, seed 33, iteration 1130, time: 745.1615626811981
Starting label LEVI, seed 33, iteration 1140, time: 752.0915148258209
Starting label LEVI, seed 33, iteration 1150, time: 759.3732240200043
Starting label LEVI, seed 33, iteration 1160, time: 766.3178312778473
Starting label LEVI, seed 33, iteration 1170, time: 773.1519565582275
Starting label LEVI, seed 33, iteration 1180, time: 780.0252153873444
Starting label LEVI, seed 33, iteration 1190, time: 788.1008017063141
Starting label LEVI, seed 33, iteration 1200, time: 795.4924244880676
Starting label LEVI, seed 33, iteration 1210, time: 803.0303266048431
Starting label LEVI, seed 33, iteration 1220, time: 810.6168451309204
Starting label LEVI, seed 33, iteration 1230, time: 818.1195471286774
Starting label LEVI, seed 33, iteration 1240, time: 825.5289621353149
Starting label LEVI, seed 33, iteration 1250, time: 833.7317264080048
Starting label LEVI, seed 33, iteration 1260, time: 841.0253536701202
Starting label LEVI, seed 33, iteration 1270, time: 848.7591741085052
Starting label LEVI, seed 33, iteration 1280, time: 856.9230556488037
Starting label LEVI, seed 33, iteration 1290, time: 864.0091106891632
Starting label LEVI, seed 33, iteration 1300, time: 871.9024214744568
Starting label LEVI, seed 33, iteration 1310, time: 879.9866347312927
Starting label LEVI, seed 33, iteration 1320, time: 887.9940395355225
Starting label LEVI, seed 33, iteration 1330, time: 895.8068058490753
Starting label LEVI, seed 33, iteration 1340, time: 903.6360414028168
Starting label LEVI, seed 33, iteration 1350, time: 912.0716228485107
Starting label LEVI, seed 33, iteration 1360, time: 921.4090509414673
Starting label LEVI, seed 33, iteration 1370, time: 929.0879530906677
Starting label LEVI, seed 33, iteration 1380, time: 936.3976230621338
Starting label LEVI, seed 33, iteration 1390, time: 944.8200764656067
Starting label LEVI, seed 33, iteration 1400, time: 952.9913666248322
Starting label LEVI, seed 33, iteration 1410, time: 960.6720674037933
Starting label LEVI, seed 33, iteration 1420, time: 968.9281497001648
Starting label LEVI, seed 33, iteration 1430, time: 976.8963513374329
Starting label LEVI, seed 33, iteration 1440, time: 985.50474858284
Starting label LEVI, seed 33, iteration 1450, time: 994.7944047451019
Starting label LEVI, seed 33, iteration 1460, time: 1002.8803999423981
Starting label LEVI, seed 33, iteration 1470, time: 1014.0805675983429
Starting label LEVI, seed 33, iteration 1480, time: 1022.3830120563507
Starting label LEVI, seed 33, iteration 1490, time: 1030.8734183311462
Starting label LEVI, seed 33, iteration 1500, time: 1039.8924589157104
Starting label LEVI, seed 33, iteration 1510, time: 1049.7118084430695
Starting label LEVI, seed 33, iteration 1520, time: 1060.0608911514282
Starting label LEVI, seed 33, iteration 1530, time: 1068.7470734119415
Starting label LEVI, seed 33, iteration 1540, time: 1077.6011607646942
Starting label LEVI, seed 33, iteration 1550, time: 1087.2723226547241
Starting label LEVI, seed 33, iteration 1560, time: 1096.200086593628
Starting label LEVI, seed 33, iteration 1570, time: 1105.317964553833
Starting label LEVI, seed 33, iteration 1580, time: 1114.4651019573212
Starting label LEVI, seed 33, iteration 1590, time: 1122.3375477790833
Starting label LEVI, seed 33, iteration 1600, time: 1131.259860277176
Starting label LEVI, seed 33, iteration 1610, time: 1140.8442697525024
Starting label LEVI, seed 33, iteration 1620, time: 1149.2406568527222
Starting label LEVI, seed 33, iteration 1630, time: 1158.030784368515
Starting label LEVI, seed 33, iteration 1640, time: 1167.4480719566345
Starting label LEVI, seed 33, iteration 1650, time: 1178.0291278362274
Starting label LEVI, seed 33, iteration 1660, time: 1187.1913981437683
Starting label LEVI, seed 33, iteration 1670, time: 1196.718240737915
Starting label LEVI, seed 33, iteration 1680, time: 1206.679757118225
Starting label LEVI, seed 33, iteration 1690, time: 1217.0129244327545
Starting label LEVI, seed 33, iteration 1700, time: 1228.2032942771912
Starting label LEVI, seed 33, iteration 1710, time: 1239.2200202941895
Starting label LEVI, seed 33, iteration 1720, time: 1250.4440596103668
Starting label LEVI, seed 33, iteration 1730, time: 1261.7901742458344
Starting label LEVI, seed 33, iteration 1740, time: 1272.0543141365051
Starting label LEVI, seed 33, iteration 1750, time: 1283.1853873729706
Starting label LEVI, seed 33, iteration 1760, time: 1293.6357533931732
Starting label LEVI, seed 33, iteration 1770, time: 1304.7721781730652
Starting label LEVI, seed 33, iteration 1780, time: 1315.546912908554
Starting label LEVI, seed 33, iteration 1790, time: 1327.8139023780823
Starting label LEVI, seed 33, iteration 1800, time: 1339.224447965622
Starting label LEVI, seed 33, iteration 1810, time: 1350.1359598636627
Starting label LEVI, seed 33, iteration 1820, time: 1361.6718890666962
Starting label LEVI, seed 33, iteration 1830, time: 1373.7457251548767
Starting label LEVI, seed 33, iteration 1840, time: 1383.3571898937225
Starting label LEVI, seed 33, iteration 1850, time: 1393.2325856685638
Starting label LEVI, seed 33, iteration 1860, time: 1403.4163670539856
Starting label LEVI, seed 33, iteration 1870, time: 1414.0411324501038
Starting label LEVI, seed 33, iteration 1880, time: 1424.5394446849823
Starting label LEVI, seed 33, iteration 1890, time: 1435.571222782135
Starting label LEVI, seed 33, iteration 1900, time: 1446.6063268184662
Starting label LEVI, seed 33, iteration 1910, time: 1457.4066996574402
Starting label LEVI, seed 33, iteration 1920, time: 1469.6370995044708
Starting label LEVI, seed 33, iteration 1930, time: 1481.8506128787994
Starting label LEVI, seed 33, iteration 1940, time: 1492.1549065113068
Starting label LEVI, seed 33, iteration 1950, time: 1506.8173377513885
Starting label LEVI, seed 33, iteration 1960, time: 1518.9562838077545
Starting label LEVI, seed 33, iteration 1970, time: 1532.0086643695831
Starting label LEVI, seed 33, iteration 1980, time: 1543.1686067581177
Starting label LEVI, seed 33, iteration 1990, time: 1554.6104278564453
submitit INFO (2022-10-02 13:47:45,735) - Job completed successfully
