submitit INFO (2022-10-02 01:16:34,145) - Starting with JobEnvironment(job_id=883387_9, hostname=davis-compute-01.cs.cornell.edu, local_rank=0(1), node=0(1), global_rank=0(1))
submitit INFO (2022-10-02 01:16:34,145) - Loading pickle: /home/gid-cakmaks/contextual_rs/experiments/wsc_experiments/logs/883387_9/883387_9_submitted.pkl
Starting label LEVI, seed 69, iteration 0, time: 0.0004601478576660156
Starting label LEVI, seed 69, iteration 10, time: 1.9049594402313232
Starting label LEVI, seed 69, iteration 20, time: 3.7261762619018555
Starting label LEVI, seed 69, iteration 30, time: 5.6021459102630615
Starting label LEVI, seed 69, iteration 40, time: 7.430376052856445
Starting label LEVI, seed 69, iteration 50, time: 9.290673971176147
Starting label LEVI, seed 69, iteration 60, time: 11.28838300704956
Starting label LEVI, seed 69, iteration 70, time: 13.09771728515625
Starting label LEVI, seed 69, iteration 80, time: 15.046197175979614
Starting label LEVI, seed 69, iteration 90, time: 16.968133687973022
Starting label LEVI, seed 69, iteration 100, time: 18.821956396102905
Starting label LEVI, seed 69, iteration 110, time: 20.853386640548706
Starting label LEVI, seed 69, iteration 120, time: 22.728363275527954
Starting label LEVI, seed 69, iteration 130, time: 24.801538944244385
Starting label LEVI, seed 69, iteration 140, time: 26.8427574634552
Starting label LEVI, seed 69, iteration 150, time: 28.98817729949951
Starting label LEVI, seed 69, iteration 160, time: 31.273183345794678
Starting label LEVI, seed 69, iteration 170, time: 33.50443243980408
Starting label LEVI, seed 69, iteration 180, time: 35.8958694934845
Starting label LEVI, seed 69, iteration 190, time: 38.23330569267273
Starting label LEVI, seed 69, iteration 200, time: 40.51349401473999
Starting label LEVI, seed 69, iteration 210, time: 42.835200786590576
Starting label LEVI, seed 69, iteration 220, time: 45.186448097229004
Starting label LEVI, seed 69, iteration 230, time: 47.458006143569946
Starting label LEVI, seed 69, iteration 240, time: 49.6902277469635
Starting label LEVI, seed 69, iteration 250, time: 51.69857621192932
Starting label LEVI, seed 69, iteration 260, time: 53.87052941322327
Starting label LEVI, seed 69, iteration 270, time: 56.04794692993164
Starting label LEVI, seed 69, iteration 280, time: 58.061097860336304
Starting label LEVI, seed 69, iteration 290, time: 60.24044847488403
Starting label LEVI, seed 69, iteration 300, time: 62.46443271636963
Starting label LEVI, seed 69, iteration 310, time: 64.59463477134705
Starting label LEVI, seed 69, iteration 320, time: 66.80086326599121
Starting label LEVI, seed 69, iteration 330, time: 69.16708874702454
Starting label LEVI, seed 69, iteration 340, time: 71.21918964385986
Starting label LEVI, seed 69, iteration 350, time: 73.52942442893982
Starting label LEVI, seed 69, iteration 360, time: 75.91179203987122
Starting label LEVI, seed 69, iteration 370, time: 78.21129322052002
Starting label LEVI, seed 69, iteration 380, time: 80.73095488548279
Starting label LEVI, seed 69, iteration 390, time: 83.25962996482849
Starting label LEVI, seed 69, iteration 400, time: 85.5522677898407
Starting label LEVI, seed 69, iteration 410, time: 88.04703283309937
Starting label LEVI, seed 69, iteration 420, time: 90.65126919746399
Starting label LEVI, seed 69, iteration 430, time: 93.01393008232117
Starting label LEVI, seed 69, iteration 440, time: 95.63352751731873
Starting label LEVI, seed 69, iteration 450, time: 98.25527238845825
Starting label LEVI, seed 69, iteration 460, time: 100.969562292099
Starting label LEVI, seed 69, iteration 470, time: 103.91593050956726
Starting label LEVI, seed 69, iteration 480, time: 106.65377116203308
Starting label LEVI, seed 69, iteration 490, time: 109.28433156013489
Starting label LEVI, seed 69, iteration 500, time: 112.10220193862915
Starting label LEVI, seed 69, iteration 510, time: 114.89118814468384
Starting label LEVI, seed 69, iteration 520, time: 117.54253363609314
Starting label LEVI, seed 69, iteration 530, time: 120.62119126319885
Starting label LEVI, seed 69, iteration 540, time: 123.41019201278687
Starting label LEVI, seed 69, iteration 550, time: 126.34134268760681
Starting label LEVI, seed 69, iteration 560, time: 129.5100290775299
Starting label LEVI, seed 69, iteration 570, time: 132.1744453907013
Starting label LEVI, seed 69, iteration 580, time: 135.11386156082153
Starting label LEVI, seed 69, iteration 590, time: 138.28628063201904
Starting label LEVI, seed 69, iteration 600, time: 141.398264169693
Starting label LEVI, seed 69, iteration 610, time: 144.59556651115417
Starting label LEVI, seed 69, iteration 620, time: 147.87015342712402
Starting label LEVI, seed 69, iteration 630, time: 151.27225279808044
Starting label LEVI, seed 69, iteration 640, time: 154.7211937904358
Starting label LEVI, seed 69, iteration 650, time: 158.3875823020935
Starting label LEVI, seed 69, iteration 660, time: 161.8173325061798
Starting label LEVI, seed 69, iteration 670, time: 165.4166042804718
Starting label LEVI, seed 69, iteration 680, time: 169.09715008735657
Starting label LEVI, seed 69, iteration 690, time: 172.55736470222473
Starting label LEVI, seed 69, iteration 700, time: 176.1243395805359
Starting label LEVI, seed 69, iteration 710, time: 179.70183658599854
Starting label LEVI, seed 69, iteration 720, time: 183.2766182422638
Starting label LEVI, seed 69, iteration 730, time: 186.98368334770203
Starting label LEVI, seed 69, iteration 740, time: 190.43050956726074
Starting label LEVI, seed 69, iteration 750, time: 194.32462763786316
Starting label LEVI, seed 69, iteration 760, time: 197.86819767951965
Starting label LEVI, seed 69, iteration 770, time: 201.82110166549683
Starting label LEVI, seed 69, iteration 780, time: 205.62664461135864
Starting label LEVI, seed 69, iteration 790, time: 209.34684681892395
Starting label LEVI, seed 69, iteration 800, time: 213.2823896408081
Starting label LEVI, seed 69, iteration 810, time: 217.0131871700287
Starting label LEVI, seed 69, iteration 820, time: 220.6454029083252
Starting label LEVI, seed 69, iteration 830, time: 224.94265413284302
Starting label LEVI, seed 69, iteration 840, time: 229.3805375099182
Starting label LEVI, seed 69, iteration 850, time: 233.27288508415222
Starting label LEVI, seed 69, iteration 860, time: 237.72092604637146
Starting label LEVI, seed 69, iteration 870, time: 242.25517773628235
Starting label LEVI, seed 69, iteration 880, time: 246.8457751274109
Starting label LEVI, seed 69, iteration 890, time: 251.50143694877625
Starting label LEVI, seed 69, iteration 900, time: 256.1472671031952
Starting label LEVI, seed 69, iteration 910, time: 260.95621633529663
Starting label LEVI, seed 69, iteration 920, time: 266.1133270263672
Starting label LEVI, seed 69, iteration 930, time: 271.1714520454407
Starting label LEVI, seed 69, iteration 940, time: 275.86484360694885
Starting label LEVI, seed 69, iteration 950, time: 280.7994740009308
Starting label LEVI, seed 69, iteration 960, time: 285.3731667995453
Starting label LEVI, seed 69, iteration 970, time: 290.7929193973541
Starting label LEVI, seed 69, iteration 980, time: 296.23443627357483
Starting label LEVI, seed 69, iteration 990, time: 300.6621472835541
Starting label LEVI, seed 69, iteration 1000, time: 305.8456974029541
Starting label LEVI, seed 69, iteration 1010, time: 311.84235191345215
Starting label LEVI, seed 69, iteration 1020, time: 318.1198444366455
Starting label LEVI, seed 69, iteration 1030, time: 323.0909049510956
Starting label LEVI, seed 69, iteration 1040, time: 329.3334336280823
Starting label LEVI, seed 69, iteration 1050, time: 334.93872237205505
Starting label LEVI, seed 69, iteration 1060, time: 340.77215456962585
Starting label LEVI, seed 69, iteration 1070, time: 345.9861342906952
Starting label LEVI, seed 69, iteration 1080, time: 352.5221166610718
Starting label LEVI, seed 69, iteration 1090, time: 358.24211382865906
submitit WARNING (2022-10-02 01:22:36,011) - Bypassing signal SIGTERM
submitit WARNING (2022-10-02 01:22:36,011) - Bypassing signal SIGCONT
Starting label LEVI, seed 69, iteration 1100, time: 364.7323935031891
Starting label LEVI, seed 69, iteration 1110, time: 371.56680035591125
Starting label LEVI, seed 69, iteration 1120, time: 378.28622221946716
Starting label LEVI, seed 69, iteration 1130, time: 385.2029995918274
