submitit INFO (2022-10-02 03:23:00,606) - Starting with JobEnvironment(job_id=883884_7, hostname=g2-compute-94.coecis.cornell.edu, local_rank=0(1), node=0(1), global_rank=0(1))
submitit INFO (2022-10-02 03:23:00,607) - Loading pickle: /home/gid-cakmaks/contextual_rs/experiments/wsc_experiments/logs/883884_7/883884_7_submitted.pkl
Starting label LEVI, seed 97, iteration 0, time: 0.0004315376281738281
Starting label LEVI, seed 97, iteration 10, time: 2.4141740798950195
Starting label LEVI, seed 97, iteration 20, time: 4.694354772567749
Starting label LEVI, seed 97, iteration 30, time: 7.113600015640259
Starting label LEVI, seed 97, iteration 40, time: 9.49377727508545
Starting label LEVI, seed 97, iteration 50, time: 11.878442764282227
Starting label LEVI, seed 97, iteration 60, time: 14.232533693313599
Starting label LEVI, seed 97, iteration 70, time: 16.641759395599365
Starting label LEVI, seed 97, iteration 80, time: 19.20963191986084
Starting label LEVI, seed 97, iteration 90, time: 21.619415283203125
Starting label LEVI, seed 97, iteration 100, time: 24.04021406173706
Starting label LEVI, seed 97, iteration 110, time: 26.467692852020264
Starting label LEVI, seed 97, iteration 120, time: 28.89618945121765
Starting label LEVI, seed 97, iteration 130, time: 31.378562450408936
Starting label LEVI, seed 97, iteration 140, time: 33.880491733551025
Starting label LEVI, seed 97, iteration 150, time: 36.397913694381714
Starting label LEVI, seed 97, iteration 160, time: 38.93160390853882
Starting label LEVI, seed 97, iteration 170, time: 41.361567735672
Starting label LEVI, seed 97, iteration 180, time: 43.88635873794556
Starting label LEVI, seed 97, iteration 190, time: 46.42934060096741
Starting label LEVI, seed 97, iteration 200, time: 49.02706551551819
Starting label LEVI, seed 97, iteration 210, time: 51.5561261177063
Starting label LEVI, seed 97, iteration 220, time: 54.08571815490723
Starting label LEVI, seed 97, iteration 230, time: 56.75845551490784
Starting label LEVI, seed 97, iteration 240, time: 59.25766205787659
Starting label LEVI, seed 97, iteration 250, time: 61.869343757629395
Starting label LEVI, seed 97, iteration 260, time: 64.4759955406189
Starting label LEVI, seed 97, iteration 270, time: 67.0851001739502
Starting label LEVI, seed 97, iteration 280, time: 69.708491563797
Starting label LEVI, seed 97, iteration 290, time: 72.36075448989868
Starting label LEVI, seed 97, iteration 300, time: 75.05527901649475
Starting label LEVI, seed 97, iteration 310, time: 77.90630340576172
Starting label LEVI, seed 97, iteration 320, time: 80.73885893821716
Starting label LEVI, seed 97, iteration 330, time: 83.44603610038757
Starting label LEVI, seed 97, iteration 340, time: 86.25897574424744
Starting label LEVI, seed 97, iteration 350, time: 89.00401425361633
Starting label LEVI, seed 97, iteration 360, time: 91.8282310962677
Starting label LEVI, seed 97, iteration 370, time: 94.71038484573364
Starting label LEVI, seed 97, iteration 380, time: 97.65156316757202
Starting label LEVI, seed 97, iteration 390, time: 100.61340427398682
Starting label LEVI, seed 97, iteration 400, time: 103.56952023506165
Starting label LEVI, seed 97, iteration 410, time: 106.5031316280365
Starting label LEVI, seed 97, iteration 420, time: 109.51079678535461
submitit WARNING (2022-10-02 03:24:53,463) - Bypassing signal SIGCONT
submitit WARNING (2022-10-02 03:24:53,471) - Bypassing signal SIGTERM
Starting label LEVI, seed 97, iteration 430, time: 112.60369658470154
Starting label LEVI, seed 97, iteration 440, time: 115.73101162910461
Starting label LEVI, seed 97, iteration 450, time: 118.66772270202637
Starting label LEVI, seed 97, iteration 460, time: 121.92778325080872
Starting label LEVI, seed 97, iteration 470, time: 125.48359823226929
Starting label LEVI, seed 97, iteration 480, time: 128.9006233215332
Starting label LEVI, seed 97, iteration 490, time: 132.1070272922516
Starting label LEVI, seed 97, iteration 500, time: 135.68305349349976
Starting label LEVI, seed 97, iteration 510, time: 139.03133726119995
