submitit INFO (2022-10-02 00:29:52,796) - Starting with JobEnvironment(job_id=883262_1, hostname=belongie-compute-01.tech.cornell.edu, local_rank=0(1), node=0(1), global_rank=0(1))
submitit INFO (2022-10-02 00:29:52,796) - Loading pickle: /home/gid-cakmaks/contextual_rs/experiments/wsc_experiments/logs/883262_1/883262_1_submitted.pkl
Starting label LEVI, seed 31, iteration 0, time: 0.0007140636444091797
Starting label LEVI, seed 31, iteration 10, time: 3.3281381130218506
Starting label LEVI, seed 31, iteration 20, time: 6.558385372161865
Starting label LEVI, seed 31, iteration 30, time: 9.86380934715271
Starting label LEVI, seed 31, iteration 40, time: 13.277220487594604
Starting label LEVI, seed 31, iteration 50, time: 16.5586576461792
Starting label LEVI, seed 31, iteration 60, time: 20.021408557891846
Starting label LEVI, seed 31, iteration 70, time: 23.332112789154053
Starting label LEVI, seed 31, iteration 80, time: 26.613343715667725
Starting label LEVI, seed 31, iteration 90, time: 30.01678729057312
Starting label LEVI, seed 31, iteration 100, time: 33.44610619544983
Starting label LEVI, seed 31, iteration 110, time: 36.83973813056946
Starting label LEVI, seed 31, iteration 120, time: 40.34669232368469
Starting label LEVI, seed 31, iteration 130, time: 43.85668158531189
Starting label LEVI, seed 31, iteration 140, time: 47.41624879837036
Starting label LEVI, seed 31, iteration 150, time: 50.88348150253296
Starting label LEVI, seed 31, iteration 160, time: 54.40959286689758
Starting label LEVI, seed 31, iteration 170, time: 57.8541054725647
Starting label LEVI, seed 31, iteration 180, time: 61.37371873855591
Starting label LEVI, seed 31, iteration 190, time: 64.84503102302551
Starting label LEVI, seed 31, iteration 200, time: 68.27488136291504
Starting label LEVI, seed 31, iteration 210, time: 71.87482404708862
Starting label LEVI, seed 31, iteration 220, time: 75.55598402023315
Starting label LEVI, seed 31, iteration 230, time: 79.20255756378174
Starting label LEVI, seed 31, iteration 240, time: 82.99800562858582
Starting label LEVI, seed 31, iteration 250, time: 86.64471006393433
Starting label LEVI, seed 31, iteration 260, time: 90.29597973823547
Starting label LEVI, seed 31, iteration 270, time: 94.08191895484924
Starting label LEVI, seed 31, iteration 280, time: 98.11290907859802
Starting label LEVI, seed 31, iteration 290, time: 102.62845182418823
Starting label LEVI, seed 31, iteration 300, time: 106.95094609260559
Starting label LEVI, seed 31, iteration 310, time: 111.17247080802917
Starting label LEVI, seed 31, iteration 320, time: 115.56950521469116
Starting label LEVI, seed 31, iteration 330, time: 119.85120129585266
Starting label LEVI, seed 31, iteration 340, time: 124.10791754722595
Starting label LEVI, seed 31, iteration 350, time: 128.12603402137756
Starting label LEVI, seed 31, iteration 360, time: 132.0327651500702
Starting label LEVI, seed 31, iteration 370, time: 135.98704862594604
Starting label LEVI, seed 31, iteration 380, time: 139.93074440956116
Starting label LEVI, seed 31, iteration 390, time: 144.29558539390564
Starting label LEVI, seed 31, iteration 400, time: 148.577308177948
Starting label LEVI, seed 31, iteration 410, time: 153.17427849769592
Starting label LEVI, seed 31, iteration 420, time: 157.36901569366455
Starting label LEVI, seed 31, iteration 430, time: 161.84283256530762
Starting label LEVI, seed 31, iteration 440, time: 166.38504195213318
Starting label LEVI, seed 31, iteration 450, time: 171.01999282836914
Starting label LEVI, seed 31, iteration 460, time: 175.79893326759338
Starting label LEVI, seed 31, iteration 470, time: 180.9223132133484
Starting label LEVI, seed 31, iteration 480, time: 185.6186351776123
Starting label LEVI, seed 31, iteration 490, time: 190.3219187259674
Starting label LEVI, seed 31, iteration 500, time: 195.45721197128296
Starting label LEVI, seed 31, iteration 510, time: 200.32142734527588
Starting label LEVI, seed 31, iteration 520, time: 204.8986222743988
Starting label LEVI, seed 31, iteration 530, time: 209.59934544563293
Starting label LEVI, seed 31, iteration 540, time: 214.4015908241272
Starting label LEVI, seed 31, iteration 550, time: 219.2008843421936
Starting label LEVI, seed 31, iteration 560, time: 224.46268320083618
Starting label LEVI, seed 31, iteration 570, time: 229.45266389846802
Starting label LEVI, seed 31, iteration 580, time: 234.25058770179749
Starting label LEVI, seed 31, iteration 590, time: 239.48942947387695
Starting label LEVI, seed 31, iteration 600, time: 244.73942947387695
Starting label LEVI, seed 31, iteration 610, time: 249.48611426353455
Starting label LEVI, seed 31, iteration 620, time: 254.40435338020325
Starting label LEVI, seed 31, iteration 630, time: 259.27029943466187
Starting label LEVI, seed 31, iteration 640, time: 264.69547867774963
Starting label LEVI, seed 31, iteration 650, time: 269.7567114830017
Starting label LEVI, seed 31, iteration 660, time: 274.92254161834717
Starting label LEVI, seed 31, iteration 670, time: 280.38115525245667
Starting label LEVI, seed 31, iteration 680, time: 285.9708800315857
Starting label LEVI, seed 31, iteration 690, time: 291.30028438568115
Starting label LEVI, seed 31, iteration 700, time: 296.4803042411804
Starting label LEVI, seed 31, iteration 710, time: 301.93743801116943
Starting label LEVI, seed 31, iteration 720, time: 306.73517394065857
Starting label LEVI, seed 31, iteration 730, time: 311.94092202186584
Starting label LEVI, seed 31, iteration 740, time: 317.6668004989624
Starting label LEVI, seed 31, iteration 750, time: 322.9088661670685
Starting label LEVI, seed 31, iteration 760, time: 328.7825608253479
Starting label LEVI, seed 31, iteration 770, time: 334.40802097320557
Starting label LEVI, seed 31, iteration 780, time: 340.07107853889465
Starting label LEVI, seed 31, iteration 790, time: 345.7334620952606
Starting label LEVI, seed 31, iteration 800, time: 350.77532720565796
Starting label LEVI, seed 31, iteration 810, time: 356.1093227863312
Starting label LEVI, seed 31, iteration 820, time: 361.4198729991913
Starting label LEVI, seed 31, iteration 830, time: 366.709264755249
Starting label LEVI, seed 31, iteration 840, time: 373.0298762321472
Starting label LEVI, seed 31, iteration 850, time: 379.4168133735657
Starting label LEVI, seed 31, iteration 860, time: 386.0204436779022
Starting label LEVI, seed 31, iteration 870, time: 392.23237466812134
Starting label LEVI, seed 31, iteration 880, time: 397.9692265987396
Starting label LEVI, seed 31, iteration 890, time: 404.00982999801636
Starting label LEVI, seed 31, iteration 900, time: 410.87611985206604
Starting label LEVI, seed 31, iteration 910, time: 417.2894546985626
Starting label LEVI, seed 31, iteration 920, time: 424.82230710983276
Starting label LEVI, seed 31, iteration 930, time: 431.5523614883423
Starting label LEVI, seed 31, iteration 940, time: 438.8785607814789
Starting label LEVI, seed 31, iteration 950, time: 445.70736169815063
Starting label LEVI, seed 31, iteration 960, time: 452.54446744918823
Starting label LEVI, seed 31, iteration 970, time: 459.10560727119446
Starting label LEVI, seed 31, iteration 980, time: 467.18261075019836
Starting label LEVI, seed 31, iteration 990, time: 474.5223014354706
Starting label LEVI, seed 31, iteration 1000, time: 483.03541231155396
Starting label LEVI, seed 31, iteration 1010, time: 491.19659066200256
Starting label LEVI, seed 31, iteration 1020, time: 499.4735515117645
Starting label LEVI, seed 31, iteration 1030, time: 507.12916898727417
Starting label LEVI, seed 31, iteration 1040, time: 514.7711124420166
Starting label LEVI, seed 31, iteration 1050, time: 522.2769601345062
Starting label LEVI, seed 31, iteration 1060, time: 531.6721866130829
Starting label LEVI, seed 31, iteration 1070, time: 541.0618631839752
Starting label LEVI, seed 31, iteration 1080, time: 548.873946428299
Starting label LEVI, seed 31, iteration 1090, time: 557.0258278846741
Starting label LEVI, seed 31, iteration 1100, time: 565.3519456386566
Starting label LEVI, seed 31, iteration 1110, time: 572.9239928722382
Starting label LEVI, seed 31, iteration 1120, time: 582.1816720962524
Starting label LEVI, seed 31, iteration 1130, time: 590.3149421215057
Starting label LEVI, seed 31, iteration 1140, time: 599.9476835727692
Starting label LEVI, seed 31, iteration 1150, time: 609.2327065467834
Starting label LEVI, seed 31, iteration 1160, time: 618.7105181217194
Starting label LEVI, seed 31, iteration 1170, time: 628.2715649604797
Starting label LEVI, seed 31, iteration 1180, time: 636.8405492305756
Starting label LEVI, seed 31, iteration 1190, time: 645.7298548221588
Starting label LEVI, seed 31, iteration 1200, time: 654.6219019889832
Starting label LEVI, seed 31, iteration 1210, time: 663.5364308357239
Starting label LEVI, seed 31, iteration 1220, time: 673.248941898346
Starting label LEVI, seed 31, iteration 1230, time: 682.3064565658569
Starting label LEVI, seed 31, iteration 1240, time: 691.8351261615753
Starting label LEVI, seed 31, iteration 1250, time: 701.3133313655853
Starting label LEVI, seed 31, iteration 1260, time: 710.756186246872
Starting label LEVI, seed 31, iteration 1270, time: 720.4240930080414
Starting label LEVI, seed 31, iteration 1280, time: 730.0748615264893
Starting label LEVI, seed 31, iteration 1290, time: 740.9071354866028
Starting label LEVI, seed 31, iteration 1300, time: 754.0284669399261
Starting label LEVI, seed 31, iteration 1310, time: 763.9869801998138
Starting label LEVI, seed 31, iteration 1320, time: 775.7556483745575
Starting label LEVI, seed 31, iteration 1330, time: 787.7575490474701
Starting label LEVI, seed 31, iteration 1340, time: 799.09512758255
Starting label LEVI, seed 31, iteration 1350, time: 811.764497756958
Starting label LEVI, seed 31, iteration 1360, time: 822.9711542129517
Starting label LEVI, seed 31, iteration 1370, time: 836.5252277851105
Starting label LEVI, seed 31, iteration 1380, time: 849.7777755260468
Starting label LEVI, seed 31, iteration 1390, time: 862.1946029663086
Starting label LEVI, seed 31, iteration 1400, time: 874.0351409912109
Starting label LEVI, seed 31, iteration 1410, time: 886.1334104537964
Starting label LEVI, seed 31, iteration 1420, time: 900.5824472904205
Starting label LEVI, seed 31, iteration 1430, time: 915.7160367965698
Starting label LEVI, seed 31, iteration 1440, time: 932.4091634750366
Starting label LEVI, seed 31, iteration 1450, time: 945.811936378479
Starting label LEVI, seed 31, iteration 1460, time: 961.2621350288391
Starting label LEVI, seed 31, iteration 1470, time: 974.7264759540558
Starting label LEVI, seed 31, iteration 1480, time: 987.6736500263214
Starting label LEVI, seed 31, iteration 1490, time: 1000.8076050281525
Starting label LEVI, seed 31, iteration 1500, time: 1014.0713934898376
Starting label LEVI, seed 31, iteration 1510, time: 1027.7714853286743
Starting label LEVI, seed 31, iteration 1520, time: 1041.448870420456
Starting label LEVI, seed 31, iteration 1530, time: 1052.6484031677246
Starting label LEVI, seed 31, iteration 1540, time: 1064.2215468883514
Starting label LEVI, seed 31, iteration 1550, time: 1075.916309595108
Starting label LEVI, seed 31, iteration 1560, time: 1087.24010014534
Starting label LEVI, seed 31, iteration 1570, time: 1099.4436557292938
Starting label LEVI, seed 31, iteration 1580, time: 1111.5088765621185
Starting label LEVI, seed 31, iteration 1590, time: 1123.5003101825714
Starting label LEVI, seed 31, iteration 1600, time: 1138.2850675582886
Starting label LEVI, seed 31, iteration 1610, time: 1150.3406836986542
Starting label LEVI, seed 31, iteration 1620, time: 1162.6375274658203
Starting label LEVI, seed 31, iteration 1630, time: 1178.2772674560547
Starting label LEVI, seed 31, iteration 1640, time: 1192.2807631492615
Starting label LEVI, seed 31, iteration 1650, time: 1207.3993065357208
Starting label LEVI, seed 31, iteration 1660, time: 1222.392991065979
Starting label LEVI, seed 31, iteration 1670, time: 1237.0024042129517
Starting label LEVI, seed 31, iteration 1680, time: 1251.3161752223969
Starting label LEVI, seed 31, iteration 1690, time: 1266.120674610138
Starting label LEVI, seed 31, iteration 1700, time: 1284.425531387329
Starting label LEVI, seed 31, iteration 1710, time: 1299.182912349701
Starting label LEVI, seed 31, iteration 1720, time: 1313.7225577831268
Starting label LEVI, seed 31, iteration 1730, time: 1328.8928699493408
Starting label LEVI, seed 31, iteration 1740, time: 1347.9759628772736
Starting label LEVI, seed 31, iteration 1750, time: 1364.122943162918
Starting label LEVI, seed 31, iteration 1760, time: 1379.3804252147675
Starting label LEVI, seed 31, iteration 1770, time: 1404.368766784668
Starting label LEVI, seed 31, iteration 1780, time: 1423.0595054626465
Starting label LEVI, seed 31, iteration 1790, time: 1448.5149869918823
Starting label LEVI, seed 31, iteration 1800, time: 1466.456304550171
Starting label LEVI, seed 31, iteration 1810, time: 1488.0172939300537
Starting label LEVI, seed 31, iteration 1820, time: 1509.4650099277496
Starting label LEVI, seed 31, iteration 1830, time: 1533.6735854148865
submitit WARNING (2022-10-02 00:55:52,054) - Bypassing signal SIGCONT
submitit WARNING (2022-10-02 00:55:52,110) - Bypassing signal SIGTERM
Starting label LEVI, seed 31, iteration 1840, time: 1559.5584845542908
Starting label LEVI, seed 31, iteration 1850, time: 1582.7189228534698
