submitit INFO (2022-10-02 03:23:00,658) - Starting with JobEnvironment(job_id=883884_8, hostname=g2-compute-96.coecis.cornell.edu, local_rank=0(1), node=0(1), global_rank=0(1))
submitit INFO (2022-10-02 03:23:00,658) - Loading pickle: /home/gid-cakmaks/contextual_rs/experiments/wsc_experiments/logs/883884_8/883884_8_submitted.pkl
Starting label LEVI, seed 98, iteration 0, time: 0.00041484832763671875
Starting label LEVI, seed 98, iteration 10, time: 2.202605962753296
Starting label LEVI, seed 98, iteration 20, time: 4.410855531692505
Starting label LEVI, seed 98, iteration 30, time: 6.662172079086304
Starting label LEVI, seed 98, iteration 40, time: 9.006798267364502
Starting label LEVI, seed 98, iteration 50, time: 11.186304092407227
Starting label LEVI, seed 98, iteration 60, time: 13.522864818572998
Starting label LEVI, seed 98, iteration 70, time: 15.84140133857727
Starting label LEVI, seed 98, iteration 80, time: 18.137582063674927
Starting label LEVI, seed 98, iteration 90, time: 20.477538108825684
Starting label LEVI, seed 98, iteration 100, time: 22.84191346168518
Starting label LEVI, seed 98, iteration 110, time: 25.284886121749878
Starting label LEVI, seed 98, iteration 120, time: 27.68678569793701
Starting label LEVI, seed 98, iteration 130, time: 30.065916299819946
Starting label LEVI, seed 98, iteration 140, time: 32.51492190361023
Starting label LEVI, seed 98, iteration 150, time: 34.90127444267273
Starting label LEVI, seed 98, iteration 160, time: 37.29073238372803
Starting label LEVI, seed 98, iteration 170, time: 39.70598363876343
Starting label LEVI, seed 98, iteration 180, time: 42.199936628341675
Starting label LEVI, seed 98, iteration 190, time: 44.6603889465332
Starting label LEVI, seed 98, iteration 200, time: 47.12127423286438
Starting label LEVI, seed 98, iteration 210, time: 49.57460808753967
Starting label LEVI, seed 98, iteration 220, time: 52.042771100997925
Starting label LEVI, seed 98, iteration 230, time: 54.640692710876465
Starting label LEVI, seed 98, iteration 240, time: 57.190043449401855
Starting label LEVI, seed 98, iteration 250, time: 59.79600477218628
Starting label LEVI, seed 98, iteration 260, time: 62.319674015045166
Starting label LEVI, seed 98, iteration 270, time: 64.6900372505188
Starting label LEVI, seed 98, iteration 280, time: 67.14298725128174
Starting label LEVI, seed 98, iteration 290, time: 69.59685969352722
Starting label LEVI, seed 98, iteration 300, time: 72.24656105041504
Starting label LEVI, seed 98, iteration 310, time: 74.99593567848206
Starting label LEVI, seed 98, iteration 320, time: 77.72784733772278
Starting label LEVI, seed 98, iteration 330, time: 80.40959668159485
Starting label LEVI, seed 98, iteration 340, time: 83.16871356964111
Starting label LEVI, seed 98, iteration 350, time: 85.74077820777893
Starting label LEVI, seed 98, iteration 360, time: 88.52027940750122
Starting label LEVI, seed 98, iteration 370, time: 91.1573383808136
Starting label LEVI, seed 98, iteration 380, time: 93.77629208564758
Starting label LEVI, seed 98, iteration 390, time: 96.81299901008606
Starting label LEVI, seed 98, iteration 400, time: 99.58817028999329
Starting label LEVI, seed 98, iteration 410, time: 102.5666754245758
Starting label LEVI, seed 98, iteration 420, time: 105.62145137786865
Starting label LEVI, seed 98, iteration 430, time: 108.72649478912354
submitit WARNING (2022-10-02 03:24:53,454) - Bypassing signal SIGCONT
submitit WARNING (2022-10-02 03:24:53,457) - Bypassing signal SIGTERM
Starting label LEVI, seed 98, iteration 440, time: 111.85550951957703
Starting label LEVI, seed 98, iteration 450, time: 115.21540403366089
Starting label LEVI, seed 98, iteration 460, time: 118.88172149658203
Starting label LEVI, seed 98, iteration 470, time: 122.55097103118896
Starting label LEVI, seed 98, iteration 480, time: 126.0992522239685
Starting label LEVI, seed 98, iteration 490, time: 129.46533131599426
Starting label LEVI, seed 98, iteration 500, time: 132.85872602462769
Starting label LEVI, seed 98, iteration 510, time: 136.401789188385
Starting label LEVI, seed 98, iteration 520, time: 140.13086986541748
