submitit INFO (2022-10-02 01:50:09,538) - Starting with JobEnvironment(job_id=883550_7, hostname=tripods-compute-02.cs.cornell.edu, local_rank=0(1), node=0(1), global_rank=0(1))
submitit INFO (2022-10-02 01:50:09,539) - Loading pickle: /home/gid-cakmaks/contextual_rs/experiments/wsc_experiments/logs/883550_7/883550_7_submitted.pkl
Starting label LEVI, seed 37, iteration 0, time: 0.0006878376007080078
Starting label LEVI, seed 37, iteration 10, time: 5.311466693878174
Starting label LEVI, seed 37, iteration 20, time: 10.561550855636597
Starting label LEVI, seed 37, iteration 30, time: 15.978557348251343
Starting label LEVI, seed 37, iteration 40, time: 21.146666765213013
Starting label LEVI, seed 37, iteration 50, time: 26.63583540916443
Starting label LEVI, seed 37, iteration 60, time: 32.17793893814087
Starting label LEVI, seed 37, iteration 70, time: 37.72703146934509
Starting label LEVI, seed 37, iteration 80, time: 43.504791498184204
Starting label LEVI, seed 37, iteration 90, time: 49.29089951515198
Starting label LEVI, seed 37, iteration 100, time: 55.308714151382446
Starting label LEVI, seed 37, iteration 110, time: 61.24786019325256
Starting label LEVI, seed 37, iteration 120, time: 67.19769620895386
Starting label LEVI, seed 37, iteration 130, time: 73.51188683509827
Starting label LEVI, seed 37, iteration 140, time: 79.81238007545471
Starting label LEVI, seed 37, iteration 150, time: 86.46489977836609
Starting label LEVI, seed 37, iteration 160, time: 92.82673478126526
Starting label LEVI, seed 37, iteration 170, time: 99.1764726638794
Starting label LEVI, seed 37, iteration 180, time: 105.01002979278564
Starting label LEVI, seed 37, iteration 190, time: 111.01548075675964
Starting label LEVI, seed 37, iteration 200, time: 117.29338002204895
Starting label LEVI, seed 37, iteration 210, time: 124.00946092605591
Starting label LEVI, seed 37, iteration 220, time: 130.61140656471252
Starting label LEVI, seed 37, iteration 230, time: 137.45719242095947
Starting label LEVI, seed 37, iteration 240, time: 144.05069589614868
Starting label LEVI, seed 37, iteration 250, time: 150.54278469085693
Starting label LEVI, seed 37, iteration 260, time: 156.6244888305664
Starting label LEVI, seed 37, iteration 270, time: 162.5439088344574
Starting label LEVI, seed 37, iteration 280, time: 168.4854974746704
Starting label LEVI, seed 37, iteration 290, time: 174.47439169883728
Starting label LEVI, seed 37, iteration 300, time: 180.54471111297607
Starting label LEVI, seed 37, iteration 310, time: 186.70511937141418
Starting label LEVI, seed 37, iteration 320, time: 192.74777126312256
Starting label LEVI, seed 37, iteration 330, time: 198.7627818584442
Starting label LEVI, seed 37, iteration 340, time: 205.13971209526062
Starting label LEVI, seed 37, iteration 350, time: 211.81177926063538
Starting label LEVI, seed 37, iteration 360, time: 218.38927483558655
Starting label LEVI, seed 37, iteration 370, time: 224.95019507408142
Starting label LEVI, seed 37, iteration 380, time: 231.65562772750854
Starting label LEVI, seed 37, iteration 390, time: 238.33292317390442
Starting label LEVI, seed 37, iteration 400, time: 244.99104642868042
Starting label LEVI, seed 37, iteration 410, time: 251.85160112380981
Starting label LEVI, seed 37, iteration 420, time: 258.8254144191742
Starting label LEVI, seed 37, iteration 430, time: 267.1089925765991
Starting label LEVI, seed 37, iteration 440, time: 275.372540473938
Starting label LEVI, seed 37, iteration 450, time: 283.3776273727417
Starting label LEVI, seed 37, iteration 460, time: 291.56687331199646
Starting label LEVI, seed 37, iteration 470, time: 299.6320073604584
submitit WARNING (2022-10-02 01:55:12,524) - Bypassing signal SIGCONT
submitit WARNING (2022-10-02 01:55:12,593) - Bypassing signal SIGTERM
Starting label LEVI, seed 37, iteration 480, time: 307.769882440567
Starting label LEVI, seed 37, iteration 490, time: 315.5611891746521
Starting label LEVI, seed 37, iteration 500, time: 322.49546217918396
Starting label LEVI, seed 37, iteration 510, time: 329.50346064567566
