submitit INFO (2022-10-02 13:26:32,274) - Starting with JobEnvironment(job_id=884521_7, hostname=joachims-compute-02.cs.cornell.edu, local_rank=0(1), node=0(1), global_rank=0(1))
submitit INFO (2022-10-02 13:26:32,274) - Loading pickle: /home/gid-cakmaks/contextual_rs/experiments/wsc_experiments/logs/884521_7/884521_7_submitted.pkl
Appending iterations to existing output!Warning: If parameters other than `iterations` have been changed, this will corrupt the output!
Starting label LEVI, seed 7, iteration 600, time: 338.38908195495605
Starting label LEVI, seed 7, iteration 610, time: 345.2399067878723
Starting label LEVI, seed 7, iteration 620, time: 352.0773878097534
Starting label LEVI, seed 7, iteration 630, time: 358.78681349754333
Starting label LEVI, seed 7, iteration 640, time: 366.21750807762146
Starting label LEVI, seed 7, iteration 650, time: 372.96042132377625
Starting label LEVI, seed 7, iteration 660, time: 379.67836451530457
Starting label LEVI, seed 7, iteration 670, time: 386.8542137145996
Starting label LEVI, seed 7, iteration 680, time: 393.9411346912384
Starting label LEVI, seed 7, iteration 690, time: 401.02688455581665
Starting label LEVI, seed 7, iteration 700, time: 408.31731390953064
Starting label LEVI, seed 7, iteration 710, time: 415.51899576187134
Starting label LEVI, seed 7, iteration 720, time: 422.72414922714233
Starting label LEVI, seed 7, iteration 730, time: 429.99179220199585
Starting label LEVI, seed 7, iteration 740, time: 437.0222327709198
Starting label LEVI, seed 7, iteration 750, time: 444.52586245536804
Starting label LEVI, seed 7, iteration 760, time: 452.0944073200226
Starting label LEVI, seed 7, iteration 770, time: 459.72601532936096
Starting label LEVI, seed 7, iteration 780, time: 467.39243030548096
Starting label LEVI, seed 7, iteration 790, time: 474.62616539001465
Starting label LEVI, seed 7, iteration 800, time: 481.9565224647522
Starting label LEVI, seed 7, iteration 810, time: 489.43034315109253
Starting label LEVI, seed 7, iteration 820, time: 496.87362265586853
Starting label LEVI, seed 7, iteration 830, time: 504.3715102672577
Starting label LEVI, seed 7, iteration 840, time: 511.65166878700256
Starting label LEVI, seed 7, iteration 850, time: 518.5583062171936
Starting label LEVI, seed 7, iteration 860, time: 525.7156610488892
Starting label LEVI, seed 7, iteration 870, time: 532.9502959251404
Starting label LEVI, seed 7, iteration 880, time: 540.1603162288666
Starting label LEVI, seed 7, iteration 890, time: 547.4109575748444
Starting label LEVI, seed 7, iteration 900, time: 554.8425507545471
Starting label LEVI, seed 7, iteration 910, time: 562.5714552402496
Starting label LEVI, seed 7, iteration 920, time: 570.1395936012268
Starting label LEVI, seed 7, iteration 930, time: 577.8009622097015
Starting label LEVI, seed 7, iteration 940, time: 585.4137032032013
Starting label LEVI, seed 7, iteration 950, time: 592.9140555858612
Starting label LEVI, seed 7, iteration 960, time: 600.6991708278656
Starting label LEVI, seed 7, iteration 970, time: 608.3019194602966
Starting label LEVI, seed 7, iteration 980, time: 616.0266332626343
Starting label LEVI, seed 7, iteration 990, time: 623.6762835979462
Starting label LEVI, seed 7, iteration 1000, time: 631.4633142948151
Starting label LEVI, seed 7, iteration 1010, time: 639.5100281238556
Starting label LEVI, seed 7, iteration 1020, time: 647.5459167957306
Starting label LEVI, seed 7, iteration 1030, time: 655.2423031330109
Starting label LEVI, seed 7, iteration 1040, time: 663.2391314506531
Starting label LEVI, seed 7, iteration 1050, time: 671.2433202266693
Starting label LEVI, seed 7, iteration 1060, time: 679.282057762146
Starting label LEVI, seed 7, iteration 1070, time: 686.6942534446716
Starting label LEVI, seed 7, iteration 1080, time: 694.6558377742767
Starting label LEVI, seed 7, iteration 1090, time: 702.7676069736481
Starting label LEVI, seed 7, iteration 1100, time: 711.0145978927612
Starting label LEVI, seed 7, iteration 1110, time: 718.9114971160889
Starting label LEVI, seed 7, iteration 1120, time: 727.1693642139435
Starting label LEVI, seed 7, iteration 1130, time: 735.2511382102966
Starting label LEVI, seed 7, iteration 1140, time: 743.8937909603119
Starting label LEVI, seed 7, iteration 1150, time: 752.3408529758453
Starting label LEVI, seed 7, iteration 1160, time: 760.1343283653259
Starting label LEVI, seed 7, iteration 1170, time: 768.0028882026672
Starting label LEVI, seed 7, iteration 1180, time: 775.8136854171753
Starting label LEVI, seed 7, iteration 1190, time: 784.1253159046173
Starting label LEVI, seed 7, iteration 1200, time: 792.543470621109
Starting label LEVI, seed 7, iteration 1210, time: 800.7672140598297
Starting label LEVI, seed 7, iteration 1220, time: 809.1877083778381
Starting label LEVI, seed 7, iteration 1230, time: 817.1787798404694
Starting label LEVI, seed 7, iteration 1240, time: 825.2220203876495
Starting label LEVI, seed 7, iteration 1250, time: 833.1089923381805
Starting label LEVI, seed 7, iteration 1260, time: 841.2341918945312
Starting label LEVI, seed 7, iteration 1270, time: 849.3532111644745
Starting label LEVI, seed 7, iteration 1280, time: 857.1012923717499
Starting label LEVI, seed 7, iteration 1290, time: 865.1284856796265
Starting label LEVI, seed 7, iteration 1300, time: 873.3367471694946
Starting label LEVI, seed 7, iteration 1310, time: 882.2748558521271
Starting label LEVI, seed 7, iteration 1320, time: 890.8738791942596
Starting label LEVI, seed 7, iteration 1330, time: 899.3884823322296
Starting label LEVI, seed 7, iteration 1340, time: 908.0512022972107
Starting label LEVI, seed 7, iteration 1350, time: 916.8571050167084
Starting label LEVI, seed 7, iteration 1360, time: 925.5201711654663
Starting label LEVI, seed 7, iteration 1370, time: 934.0918412208557
Starting label LEVI, seed 7, iteration 1380, time: 943.4138104915619
Starting label LEVI, seed 7, iteration 1390, time: 952.5294995307922
Starting label LEVI, seed 7, iteration 1400, time: 961.9933326244354
Starting label LEVI, seed 7, iteration 1410, time: 971.5937924385071
Starting label LEVI, seed 7, iteration 1420, time: 981.4837157726288
Starting label LEVI, seed 7, iteration 1430, time: 991.0841710567474
Starting label LEVI, seed 7, iteration 1440, time: 1001.017050743103
Starting label LEVI, seed 7, iteration 1450, time: 1010.7622580528259
Starting label LEVI, seed 7, iteration 1460, time: 1021.1099736690521
Starting label LEVI, seed 7, iteration 1470, time: 1030.7902824878693
Starting label LEVI, seed 7, iteration 1480, time: 1040.0735023021698
Starting label LEVI, seed 7, iteration 1490, time: 1050.1791830062866
Starting label LEVI, seed 7, iteration 1500, time: 1059.7479293346405
Starting label LEVI, seed 7, iteration 1510, time: 1069.386939048767
Starting label LEVI, seed 7, iteration 1520, time: 1078.8566279411316
Starting label LEVI, seed 7, iteration 1530, time: 1088.8697352409363
Starting label LEVI, seed 7, iteration 1540, time: 1098.4750051498413
Starting label LEVI, seed 7, iteration 1550, time: 1108.123294353485
Starting label LEVI, seed 7, iteration 1560, time: 1118.6141695976257
Starting label LEVI, seed 7, iteration 1570, time: 1129.2551095485687
Starting label LEVI, seed 7, iteration 1580, time: 1140.0318622589111
Starting label LEVI, seed 7, iteration 1590, time: 1151.1776196956635
Starting label LEVI, seed 7, iteration 1600, time: 1161.2965457439423
Starting label LEVI, seed 7, iteration 1610, time: 1171.7562220096588
Starting label LEVI, seed 7, iteration 1620, time: 1181.706435918808
Starting label LEVI, seed 7, iteration 1630, time: 1191.886955499649
Starting label LEVI, seed 7, iteration 1640, time: 1201.5961112976074
Starting label LEVI, seed 7, iteration 1650, time: 1212.2923078536987
Starting label LEVI, seed 7, iteration 1660, time: 1223.4570882320404
Starting label LEVI, seed 7, iteration 1670, time: 1234.6271269321442
Starting label LEVI, seed 7, iteration 1680, time: 1246.208182811737
Starting label LEVI, seed 7, iteration 1690, time: 1257.8809773921967
Starting label LEVI, seed 7, iteration 1700, time: 1269.665991306305
Starting label LEVI, seed 7, iteration 1710, time: 1280.372942686081
Starting label LEVI, seed 7, iteration 1720, time: 1291.2696537971497
Starting label LEVI, seed 7, iteration 1730, time: 1302.5603003501892
Starting label LEVI, seed 7, iteration 1740, time: 1314.6662244796753
Starting label LEVI, seed 7, iteration 1750, time: 1325.9073898792267
Starting label LEVI, seed 7, iteration 1760, time: 1337.5789012908936
Starting label LEVI, seed 7, iteration 1770, time: 1348.9364876747131
Starting label LEVI, seed 7, iteration 1780, time: 1360.3035187721252
Starting label LEVI, seed 7, iteration 1790, time: 1371.9849846363068
Starting label LEVI, seed 7, iteration 1800, time: 1383.2709784507751
Starting label LEVI, seed 7, iteration 1810, time: 1394.3817126750946
Starting label LEVI, seed 7, iteration 1820, time: 1405.772578239441
Starting label LEVI, seed 7, iteration 1830, time: 1417.3669815063477
Starting label LEVI, seed 7, iteration 1840, time: 1427.9852802753448
Starting label LEVI, seed 7, iteration 1850, time: 1439.4274652004242
Starting label LEVI, seed 7, iteration 1860, time: 1450.8246519565582
Starting label LEVI, seed 7, iteration 1870, time: 1463.0706315040588
Starting label LEVI, seed 7, iteration 1880, time: 1474.9795985221863
Starting label LEVI, seed 7, iteration 1890, time: 1486.209457874298
Starting label LEVI, seed 7, iteration 1900, time: 1498.2429778575897
Starting label LEVI, seed 7, iteration 1910, time: 1511.209856748581
Starting label LEVI, seed 7, iteration 1920, time: 1523.2541363239288
Starting label LEVI, seed 7, iteration 1930, time: 1535.9354910850525
Starting label LEVI, seed 7, iteration 1940, time: 1546.9478063583374
Starting label LEVI, seed 7, iteration 1950, time: 1558.6343357563019
Starting label LEVI, seed 7, iteration 1960, time: 1570.928037405014
Starting label LEVI, seed 7, iteration 1970, time: 1582.7073032855988
Starting label LEVI, seed 7, iteration 1980, time: 1593.9736788272858
Starting label LEVI, seed 7, iteration 1990, time: 1604.4365379810333
submitit INFO (2022-10-02 13:47:53,011) - Job completed successfully
