submitit INFO (2022-10-02 01:23:32,583) - Starting with JobEnvironment(job_id=883459_0, hostname=lecun.cs.cornell.edu, local_rank=0(1), node=0(1), global_rank=0(1))
submitit INFO (2022-10-02 01:23:32,583) - Loading pickle: /home/gid-cakmaks/contextual_rs/experiments/wsc_experiments/logs/883459_0/883459_0_submitted.pkl
Starting label LEVI, seed 40, iteration 0, time: 0.021821975708007812
Starting label LEVI, seed 40, iteration 10, time: 6.532315015792847
Starting label LEVI, seed 40, iteration 20, time: 15.909728765487671
Starting label LEVI, seed 40, iteration 30, time: 25.37142586708069
Starting label LEVI, seed 40, iteration 40, time: 30.475250005722046
Starting label LEVI, seed 40, iteration 50, time: 39.59201192855835
Starting label LEVI, seed 40, iteration 60, time: 52.596266746520996
Starting label LEVI, seed 40, iteration 70, time: 91.80720281600952
Starting label LEVI, seed 40, iteration 80, time: 127.18937087059021
Starting label LEVI, seed 40, iteration 90, time: 169.5888319015503
Starting label LEVI, seed 40, iteration 100, time: 204.25605726242065
Starting label LEVI, seed 40, iteration 110, time: 242.8340277671814
Starting label LEVI, seed 40, iteration 120, time: 285.2354006767273
Starting label LEVI, seed 40, iteration 130, time: 326.7067925930023
Starting label LEVI, seed 40, iteration 140, time: 353.04635190963745
Starting label LEVI, seed 40, iteration 150, time: 357.8200948238373
Starting label LEVI, seed 40, iteration 160, time: 363.97351121902466
Starting label LEVI, seed 40, iteration 170, time: 370.3299458026886
Starting label LEVI, seed 40, iteration 180, time: 376.3504226207733
Starting label LEVI, seed 40, iteration 190, time: 381.28907203674316
Starting label LEVI, seed 40, iteration 200, time: 387.2747449874878
Starting label LEVI, seed 40, iteration 210, time: 393.1983013153076
Starting label LEVI, seed 40, iteration 220, time: 399.01082825660706
Starting label LEVI, seed 40, iteration 230, time: 405.1718695163727
Starting label LEVI, seed 40, iteration 240, time: 411.0655539035797
Starting label LEVI, seed 40, iteration 250, time: 416.962171792984
Starting label LEVI, seed 40, iteration 260, time: 422.4822220802307
Starting label LEVI, seed 40, iteration 270, time: 428.72368335723877
Starting label LEVI, seed 40, iteration 280, time: 463.2129545211792
Starting label LEVI, seed 40, iteration 290, time: 468.4998986721039
Starting label LEVI, seed 40, iteration 300, time: 489.6799831390381
Starting label LEVI, seed 40, iteration 310, time: 498.84752583503723
Starting label LEVI, seed 40, iteration 320, time: 504.2458264827728
Starting label LEVI, seed 40, iteration 330, time: 538.040100812912
Starting label LEVI, seed 40, iteration 340, time: 554.9620590209961
Starting label LEVI, seed 40, iteration 350, time: 567.2447128295898
Starting label LEVI, seed 40, iteration 360, time: 573.5354301929474
Starting label LEVI, seed 40, iteration 370, time: 578.9298989772797
Starting label LEVI, seed 40, iteration 380, time: 584.4108176231384
Starting label LEVI, seed 40, iteration 390, time: 589.6979038715363
Starting label LEVI, seed 40, iteration 400, time: 595.218234539032
Starting label LEVI, seed 40, iteration 410, time: 601.1081562042236
Starting label LEVI, seed 40, iteration 420, time: 606.8425312042236
Starting label LEVI, seed 40, iteration 430, time: 612.3729417324066
Starting label LEVI, seed 40, iteration 440, time: 617.8992354869843
Starting label LEVI, seed 40, iteration 450, time: 623.3317637443542
Starting label LEVI, seed 40, iteration 460, time: 632.2783381938934
Starting label LEVI, seed 40, iteration 470, time: 639.0683193206787
Starting label LEVI, seed 40, iteration 480, time: 645.6845490932465
Starting label LEVI, seed 40, iteration 490, time: 651.323805809021
Starting label LEVI, seed 40, iteration 500, time: 656.8701236248016
Starting label LEVI, seed 40, iteration 510, time: 662.6649503707886
Starting label LEVI, seed 40, iteration 520, time: 668.7973968982697
Starting label LEVI, seed 40, iteration 530, time: 677.2704062461853
Starting label LEVI, seed 40, iteration 540, time: 688.8280229568481
Starting label LEVI, seed 40, iteration 550, time: 694.3599066734314
Starting label LEVI, seed 40, iteration 560, time: 699.9038696289062
Starting label LEVI, seed 40, iteration 570, time: 707.1999416351318
Starting label LEVI, seed 40, iteration 580, time: 729.9948878288269
Starting label LEVI, seed 40, iteration 590, time: 740.9665603637695
Starting label LEVI, seed 40, iteration 600, time: 793.3860538005829
Starting label LEVI, seed 40, iteration 610, time: 857.2843980789185
Starting label LEVI, seed 40, iteration 620, time: 906.23584151268
Starting label LEVI, seed 40, iteration 630, time: 913.2295033931732
Starting label LEVI, seed 40, iteration 640, time: 922.4429788589478
Starting label LEVI, seed 40, iteration 650, time: 928.6380121707916
Starting label LEVI, seed 40, iteration 660, time: 934.6149044036865
Starting label LEVI, seed 40, iteration 670, time: 940.8644919395447
Starting label LEVI, seed 40, iteration 680, time: 948.4781098365784
Starting label LEVI, seed 40, iteration 690, time: 955.589367389679
Starting label LEVI, seed 40, iteration 700, time: 961.6471755504608
Starting label LEVI, seed 40, iteration 710, time: 968.2666900157928
Starting label LEVI, seed 40, iteration 720, time: 975.3601107597351
Starting label LEVI, seed 40, iteration 730, time: 982.4768600463867
Starting label LEVI, seed 40, iteration 740, time: 989.7408268451691
Starting label LEVI, seed 40, iteration 750, time: 995.779354095459
Starting label LEVI, seed 40, iteration 760, time: 1002.9876446723938
Starting label LEVI, seed 40, iteration 770, time: 1015.5641181468964
Starting label LEVI, seed 40, iteration 780, time: 1021.9683382511139
Starting label LEVI, seed 40, iteration 790, time: 1028.5477590560913
Starting label LEVI, seed 40, iteration 800, time: 1034.5730667114258
Starting label LEVI, seed 40, iteration 810, time: 1050.8323035240173
Starting label LEVI, seed 40, iteration 820, time: 1086.4958729743958
Starting label LEVI, seed 40, iteration 830, time: 1149.1671605110168
Starting label LEVI, seed 40, iteration 840, time: 1157.2430703639984
Starting label LEVI, seed 40, iteration 850, time: 1202.8575553894043
Starting label LEVI, seed 40, iteration 860, time: 1247.8287827968597
Starting label LEVI, seed 40, iteration 870, time: 1319.14253282547
Starting label LEVI, seed 40, iteration 880, time: 1394.6134459972382
Starting label LEVI, seed 40, iteration 890, time: 1485.8633315563202
Starting label LEVI, seed 40, iteration 900, time: 1546.1262466907501
submitit WARNING (2022-10-02 01:49:22,484) - Bypassing signal SIGTERM
submitit WARNING (2022-10-02 01:49:22,484) - Bypassing signal SIGCONT
