submitit INFO (2022-10-02 01:49:55,873) - Starting with JobEnvironment(job_id=883523_4, hostname=nikola-compute-03.cs.cornell.edu, local_rank=0(1), node=0(1), global_rank=0(1))
submitit INFO (2022-10-02 01:49:55,873) - Loading pickle: /home/gid-cakmaks/contextual_rs/experiments/wsc_experiments/logs/883523_4/883523_4_submitted.pkl
Starting label LEVI, seed 14, iteration 0, time: 0.0003552436828613281
Starting label LEVI, seed 14, iteration 10, time: 5.25842809677124
Starting label LEVI, seed 14, iteration 20, time: 10.335927248001099
Starting label LEVI, seed 14, iteration 30, time: 15.41109848022461
Starting label LEVI, seed 14, iteration 40, time: 20.57829785346985
Starting label LEVI, seed 14, iteration 50, time: 25.728553295135498
Starting label LEVI, seed 14, iteration 60, time: 30.751407623291016
Starting label LEVI, seed 14, iteration 70, time: 35.95957803726196
Starting label LEVI, seed 14, iteration 80, time: 41.01363134384155
Starting label LEVI, seed 14, iteration 90, time: 46.26053071022034
Starting label LEVI, seed 14, iteration 100, time: 51.66058015823364
Starting label LEVI, seed 14, iteration 110, time: 56.991151332855225
Starting label LEVI, seed 14, iteration 120, time: 62.65683579444885
Starting label LEVI, seed 14, iteration 130, time: 68.27285718917847
Starting label LEVI, seed 14, iteration 140, time: 73.41811442375183
Starting label LEVI, seed 14, iteration 150, time: 78.93884944915771
Starting label LEVI, seed 14, iteration 160, time: 84.34206986427307
Starting label LEVI, seed 14, iteration 170, time: 89.849773645401
Starting label LEVI, seed 14, iteration 180, time: 95.51100707054138
Starting label LEVI, seed 14, iteration 190, time: 100.95570993423462
Starting label LEVI, seed 14, iteration 200, time: 106.6168487071991
Starting label LEVI, seed 14, iteration 210, time: 112.2293872833252
Starting label LEVI, seed 14, iteration 220, time: 117.61785197257996
Starting label LEVI, seed 14, iteration 230, time: 123.19494581222534
Starting label LEVI, seed 14, iteration 240, time: 128.53093218803406
Starting label LEVI, seed 14, iteration 250, time: 134.12115097045898
Starting label LEVI, seed 14, iteration 260, time: 139.57833075523376
Starting label LEVI, seed 14, iteration 270, time: 145.017507314682
Starting label LEVI, seed 14, iteration 280, time: 150.48106217384338
Starting label LEVI, seed 14, iteration 290, time: 156.08000493049622
Starting label LEVI, seed 14, iteration 300, time: 161.90905451774597
Starting label LEVI, seed 14, iteration 310, time: 167.71150493621826
Starting label LEVI, seed 14, iteration 320, time: 173.43517065048218
Starting label LEVI, seed 14, iteration 330, time: 179.5556778907776
Starting label LEVI, seed 14, iteration 340, time: 185.66403579711914
Starting label LEVI, seed 14, iteration 350, time: 192.1010227203369
Starting label LEVI, seed 14, iteration 360, time: 198.44949412345886
Starting label LEVI, seed 14, iteration 370, time: 204.73636937141418
Starting label LEVI, seed 14, iteration 380, time: 211.06335878372192
Starting label LEVI, seed 14, iteration 390, time: 217.32707738876343
Starting label LEVI, seed 14, iteration 400, time: 223.72110176086426
Starting label LEVI, seed 14, iteration 410, time: 230.11109018325806
Starting label LEVI, seed 14, iteration 420, time: 236.5147190093994
Starting label LEVI, seed 14, iteration 430, time: 242.9101984500885
Starting label LEVI, seed 14, iteration 440, time: 249.4470784664154
Starting label LEVI, seed 14, iteration 450, time: 255.93056774139404
Starting label LEVI, seed 14, iteration 460, time: 262.4770677089691
Starting label LEVI, seed 14, iteration 470, time: 269.1765937805176
Starting label LEVI, seed 14, iteration 480, time: 275.813113451004
Starting label LEVI, seed 14, iteration 490, time: 282.38942670822144
Starting label LEVI, seed 14, iteration 500, time: 288.99566173553467
Starting label LEVI, seed 14, iteration 510, time: 295.6541609764099
Starting label LEVI, seed 14, iteration 520, time: 302.30262422561646
Starting label LEVI, seed 14, iteration 530, time: 309.03279161453247
submitit WARNING (2022-10-02 01:55:12,453) - Bypassing signal SIGCONT
submitit WARNING (2022-10-02 01:55:12,460) - Bypassing signal SIGTERM
Starting label LEVI, seed 14, iteration 540, time: 316.02008390426636
Starting label LEVI, seed 14, iteration 550, time: 323.31198716163635
Starting label LEVI, seed 14, iteration 560, time: 330.511225938797
Starting label LEVI, seed 14, iteration 570, time: 337.60105443000793
