submitit INFO (2022-10-02 00:56:25,684) - Starting with JobEnvironment(job_id=883329_5, hostname=joachims-compute-02.cs.cornell.edu, local_rank=0(1), node=0(1), global_rank=0(1))
submitit INFO (2022-10-02 00:56:25,684) - Loading pickle: /home/gid-cakmaks/contextual_rs/experiments/wsc_experiments/logs/883329_5/883329_5_submitted.pkl
Starting label LEVI, seed 15, iteration 0, time: 0.0005621910095214844
Starting label LEVI, seed 15, iteration 10, time: 2.8393216133117676
Starting label LEVI, seed 15, iteration 20, time: 5.46600866317749
Starting label LEVI, seed 15, iteration 30, time: 8.20953893661499
Starting label LEVI, seed 15, iteration 40, time: 10.92744493484497
Starting label LEVI, seed 15, iteration 50, time: 13.673136472702026
Starting label LEVI, seed 15, iteration 60, time: 16.54251718521118
Starting label LEVI, seed 15, iteration 70, time: 19.33375573158264
Starting label LEVI, seed 15, iteration 80, time: 22.157615423202515
Starting label LEVI, seed 15, iteration 90, time: 25.000720739364624
Starting label LEVI, seed 15, iteration 100, time: 27.87727642059326
Starting label LEVI, seed 15, iteration 110, time: 30.805219650268555
Starting label LEVI, seed 15, iteration 120, time: 33.57223153114319
Starting label LEVI, seed 15, iteration 130, time: 36.462656021118164
Starting label LEVI, seed 15, iteration 140, time: 39.3118736743927
Starting label LEVI, seed 15, iteration 150, time: 42.14326190948486
Starting label LEVI, seed 15, iteration 160, time: 45.12229824066162
Starting label LEVI, seed 15, iteration 170, time: 48.04602289199829
Starting label LEVI, seed 15, iteration 180, time: 50.94186568260193
Starting label LEVI, seed 15, iteration 190, time: 53.89433288574219
Starting label LEVI, seed 15, iteration 200, time: 56.771178245544434
Starting label LEVI, seed 15, iteration 210, time: 59.722734451293945
Starting label LEVI, seed 15, iteration 220, time: 62.67120695114136
Starting label LEVI, seed 15, iteration 230, time: 65.66629481315613
Starting label LEVI, seed 15, iteration 240, time: 68.68594002723694
Starting label LEVI, seed 15, iteration 250, time: 71.66504240036011
Starting label LEVI, seed 15, iteration 260, time: 74.63997721672058
Starting label LEVI, seed 15, iteration 270, time: 77.68217611312866
Starting label LEVI, seed 15, iteration 280, time: 80.77198481559753
Starting label LEVI, seed 15, iteration 290, time: 83.88796949386597
Starting label LEVI, seed 15, iteration 300, time: 86.91431879997253
Starting label LEVI, seed 15, iteration 310, time: 90.04158592224121
Starting label LEVI, seed 15, iteration 320, time: 93.14644026756287
Starting label LEVI, seed 15, iteration 330, time: 96.2631688117981
Starting label LEVI, seed 15, iteration 340, time: 99.33075642585754
Starting label LEVI, seed 15, iteration 350, time: 102.45097637176514
Starting label LEVI, seed 15, iteration 360, time: 105.55421853065491
Starting label LEVI, seed 15, iteration 370, time: 108.68702864646912
Starting label LEVI, seed 15, iteration 380, time: 111.97998476028442
Starting label LEVI, seed 15, iteration 390, time: 115.33166217803955
Starting label LEVI, seed 15, iteration 400, time: 118.58772659301758
Starting label LEVI, seed 15, iteration 410, time: 121.82454252243042
Starting label LEVI, seed 15, iteration 420, time: 125.0964126586914
Starting label LEVI, seed 15, iteration 430, time: 128.41411995887756
Starting label LEVI, seed 15, iteration 440, time: 131.7373673915863
Starting label LEVI, seed 15, iteration 450, time: 135.22009372711182
Starting label LEVI, seed 15, iteration 460, time: 138.6178276538849
Starting label LEVI, seed 15, iteration 470, time: 142.10678434371948
Starting label LEVI, seed 15, iteration 480, time: 145.6500747203827
Starting label LEVI, seed 15, iteration 490, time: 149.21006774902344
Starting label LEVI, seed 15, iteration 500, time: 152.7167251110077
Starting label LEVI, seed 15, iteration 510, time: 156.31306624412537
Starting label LEVI, seed 15, iteration 520, time: 160.0267460346222
Starting label LEVI, seed 15, iteration 530, time: 163.77346777915955
Starting label LEVI, seed 15, iteration 540, time: 167.68371653556824
Starting label LEVI, seed 15, iteration 550, time: 171.65405797958374
Starting label LEVI, seed 15, iteration 560, time: 175.66725778579712
Starting label LEVI, seed 15, iteration 570, time: 179.4253966808319
Starting label LEVI, seed 15, iteration 580, time: 183.4703493118286
Starting label LEVI, seed 15, iteration 590, time: 187.60087251663208
Starting label LEVI, seed 15, iteration 600, time: 191.67383193969727
Starting label LEVI, seed 15, iteration 610, time: 195.59267449378967
Starting label LEVI, seed 15, iteration 620, time: 199.77079319953918
Starting label LEVI, seed 15, iteration 630, time: 203.76473331451416
Starting label LEVI, seed 15, iteration 640, time: 207.92221570014954
Starting label LEVI, seed 15, iteration 650, time: 212.44614243507385
Starting label LEVI, seed 15, iteration 660, time: 217.14364624023438
Starting label LEVI, seed 15, iteration 670, time: 221.60168480873108
Starting label LEVI, seed 15, iteration 680, time: 225.98194360733032
Starting label LEVI, seed 15, iteration 690, time: 230.41240167617798
Starting label LEVI, seed 15, iteration 700, time: 234.83525347709656
Starting label LEVI, seed 15, iteration 710, time: 239.7897171974182
Starting label LEVI, seed 15, iteration 720, time: 244.58660078048706
Starting label LEVI, seed 15, iteration 730, time: 249.21761465072632
Starting label LEVI, seed 15, iteration 740, time: 254.0649492740631
Starting label LEVI, seed 15, iteration 750, time: 258.5725247859955
Starting label LEVI, seed 15, iteration 760, time: 263.2909646034241
Starting label LEVI, seed 15, iteration 770, time: 268.00637912750244
Starting label LEVI, seed 15, iteration 780, time: 272.6272192001343
Starting label LEVI, seed 15, iteration 790, time: 278.04520535469055
Starting label LEVI, seed 15, iteration 800, time: 283.2581527233124
Starting label LEVI, seed 15, iteration 810, time: 288.734219789505
Starting label LEVI, seed 15, iteration 820, time: 294.31638622283936
Starting label LEVI, seed 15, iteration 830, time: 299.91698837280273
Starting label LEVI, seed 15, iteration 840, time: 305.4967496395111
Starting label LEVI, seed 15, iteration 850, time: 310.40025901794434
Starting label LEVI, seed 15, iteration 860, time: 315.76068663597107
Starting label LEVI, seed 15, iteration 870, time: 321.3211781978607
Starting label LEVI, seed 15, iteration 880, time: 327.1087839603424
Starting label LEVI, seed 15, iteration 890, time: 332.73677039146423
Starting label LEVI, seed 15, iteration 900, time: 337.7090792655945
Starting label LEVI, seed 15, iteration 910, time: 343.5978319644928
Starting label LEVI, seed 15, iteration 920, time: 349.83697485923767
Starting label LEVI, seed 15, iteration 930, time: 355.9164845943451
Starting label LEVI, seed 15, iteration 940, time: 362.08530950546265
Starting label LEVI, seed 15, iteration 950, time: 368.1730365753174
Starting label LEVI, seed 15, iteration 960, time: 374.5458571910858
Starting label LEVI, seed 15, iteration 970, time: 380.4090259075165
Starting label LEVI, seed 15, iteration 980, time: 387.0457866191864
Starting label LEVI, seed 15, iteration 990, time: 393.09571838378906
Starting label LEVI, seed 15, iteration 1000, time: 399.0863411426544
Starting label LEVI, seed 15, iteration 1010, time: 405.1084988117218
Starting label LEVI, seed 15, iteration 1020, time: 411.2171323299408
Starting label LEVI, seed 15, iteration 1030, time: 418.4518926143646
Starting label LEVI, seed 15, iteration 1040, time: 426.3680510520935
Starting label LEVI, seed 15, iteration 1050, time: 434.07631945610046
Starting label LEVI, seed 15, iteration 1060, time: 441.56146454811096
Starting label LEVI, seed 15, iteration 1070, time: 450.1138565540314
Starting label LEVI, seed 15, iteration 1080, time: 457.52615904808044
Starting label LEVI, seed 15, iteration 1090, time: 466.40162563323975
Starting label LEVI, seed 15, iteration 1100, time: 475.1558563709259
Starting label LEVI, seed 15, iteration 1110, time: 482.5660185813904
Starting label LEVI, seed 15, iteration 1120, time: 490.609822511673
Starting label LEVI, seed 15, iteration 1130, time: 498.7927622795105
Starting label LEVI, seed 15, iteration 1140, time: 507.1211004257202
Starting label LEVI, seed 15, iteration 1150, time: 516.8754012584686
Starting label LEVI, seed 15, iteration 1160, time: 525.1740233898163
Starting label LEVI, seed 15, iteration 1170, time: 533.7621030807495
Starting label LEVI, seed 15, iteration 1180, time: 543.935704946518
Starting label LEVI, seed 15, iteration 1190, time: 554.1370179653168
Starting label LEVI, seed 15, iteration 1200, time: 564.6023230552673
Starting label LEVI, seed 15, iteration 1210, time: 573.3446147441864
Starting label LEVI, seed 15, iteration 1220, time: 583.1429300308228
Starting label LEVI, seed 15, iteration 1230, time: 592.6774249076843
Starting label LEVI, seed 15, iteration 1240, time: 602.4399313926697
Starting label LEVI, seed 15, iteration 1250, time: 611.9468214511871
Starting label LEVI, seed 15, iteration 1260, time: 623.438915014267
Starting label LEVI, seed 15, iteration 1270, time: 634.4009170532227
Starting label LEVI, seed 15, iteration 1280, time: 644.6390132904053
Starting label LEVI, seed 15, iteration 1290, time: 655.1304812431335
Starting label LEVI, seed 15, iteration 1300, time: 667.7321465015411
Starting label LEVI, seed 15, iteration 1310, time: 679.4473419189453
Starting label LEVI, seed 15, iteration 1320, time: 690.3661131858826
Starting label LEVI, seed 15, iteration 1330, time: 701.2067201137543
Starting label LEVI, seed 15, iteration 1340, time: 712.287606716156
Starting label LEVI, seed 15, iteration 1350, time: 723.1684067249298
Starting label LEVI, seed 15, iteration 1360, time: 737.1090161800385
Starting label LEVI, seed 15, iteration 1370, time: 750.584671497345
Starting label LEVI, seed 15, iteration 1380, time: 761.9245047569275
Starting label LEVI, seed 15, iteration 1390, time: 776.3901875019073
Starting label LEVI, seed 15, iteration 1400, time: 787.9827868938446
Starting label LEVI, seed 15, iteration 1410, time: 802.0793993473053
Starting label LEVI, seed 15, iteration 1420, time: 814.0624794960022
Starting label LEVI, seed 15, iteration 1430, time: 825.9293818473816
Starting label LEVI, seed 15, iteration 1440, time: 838.0864880084991
Starting label LEVI, seed 15, iteration 1450, time: 852.6929075717926
Starting label LEVI, seed 15, iteration 1460, time: 867.5950367450714
Starting label LEVI, seed 15, iteration 1470, time: 880.5232217311859
Starting label LEVI, seed 15, iteration 1480, time: 895.4359269142151
Starting label LEVI, seed 15, iteration 1490, time: 910.4872720241547
Starting label LEVI, seed 15, iteration 1500, time: 927.9724731445312
Starting label LEVI, seed 15, iteration 1510, time: 942.643746137619
Starting label LEVI, seed 15, iteration 1520, time: 959.2952291965485
Starting label LEVI, seed 15, iteration 1530, time: 976.5147142410278
Starting label LEVI, seed 15, iteration 1540, time: 993.8858141899109
Starting label LEVI, seed 15, iteration 1550, time: 1011.3728594779968
Starting label LEVI, seed 15, iteration 1560, time: 1028.8581647872925
Starting label LEVI, seed 15, iteration 1570, time: 1043.1203784942627
Starting label LEVI, seed 15, iteration 1580, time: 1058.4149663448334
Starting label LEVI, seed 15, iteration 1590, time: 1075.9522337913513
Starting label LEVI, seed 15, iteration 1600, time: 1091.5780487060547
Starting label LEVI, seed 15, iteration 1610, time: 1106.2030699253082
Starting label LEVI, seed 15, iteration 1620, time: 1126.54621052742
Starting label LEVI, seed 15, iteration 1630, time: 1141.0932252407074
Starting label LEVI, seed 15, iteration 1640, time: 1160.8929631710052
Starting label LEVI, seed 15, iteration 1650, time: 1178.0833554267883
Starting label LEVI, seed 15, iteration 1660, time: 1197.6362206935883
Starting label LEVI, seed 15, iteration 1670, time: 1214.2418758869171
Starting label LEVI, seed 15, iteration 1680, time: 1231.1590077877045
Starting label LEVI, seed 15, iteration 1690, time: 1248.2666401863098
Starting label LEVI, seed 15, iteration 1700, time: 1265.5334033966064
Starting label LEVI, seed 15, iteration 1710, time: 1283.5131011009216
Starting label LEVI, seed 15, iteration 1720, time: 1303.4549548625946
Starting label LEVI, seed 15, iteration 1730, time: 1319.0236911773682
Starting label LEVI, seed 15, iteration 1740, time: 1335.8214507102966
Starting label LEVI, seed 15, iteration 1750, time: 1352.6544189453125
Starting label LEVI, seed 15, iteration 1760, time: 1369.997251033783
Starting label LEVI, seed 15, iteration 1770, time: 1391.1380326747894
Starting label LEVI, seed 15, iteration 1780, time: 1408.0460455417633
Starting label LEVI, seed 15, iteration 1790, time: 1424.9351181983948
Starting label LEVI, seed 15, iteration 1800, time: 1446.737440109253
Starting label LEVI, seed 15, iteration 1810, time: 1464.9622659683228
Starting label LEVI, seed 15, iteration 1820, time: 1487.5788140296936
Starting label LEVI, seed 15, iteration 1830, time: 1504.1600291728973
Starting label LEVI, seed 15, iteration 1840, time: 1521.6060907840729
Starting label LEVI, seed 15, iteration 1850, time: 1539.4288394451141
Starting label LEVI, seed 15, iteration 1860, time: 1557.4600002765656
submitit WARNING (2022-10-02 01:22:35,982) - Bypassing signal SIGCONT
submitit WARNING (2022-10-02 01:22:36,070) - Bypassing signal SIGTERM
Starting label LEVI, seed 15, iteration 1870, time: 1577.5532474517822
Starting label LEVI, seed 15, iteration 1880, time: 1597.4489538669586
