submitit INFO (2022-10-02 04:15:44,102) - Starting with JobEnvironment(job_id=884064_0, hostname=rush-compute-01.tech.cornell.edu, local_rank=0(1), node=0(1), global_rank=0(1))
submitit INFO (2022-10-02 04:15:44,102) - Loading pickle: /home/gid-cakmaks/contextual_rs/experiments/wsc_experiments/logs/884064_0/884064_0_submitted.pkl
Appending iterations to existing output!Warning: If parameters other than `iterations` have been changed, this will corrupt the output!
Starting label LEVI, seed 70, iteration 750, time: 391.002078294754
Starting label LEVI, seed 70, iteration 760, time: 397.4598059654236
Starting label LEVI, seed 70, iteration 770, time: 404.0269773006439
Starting label LEVI, seed 70, iteration 780, time: 410.71906566619873
Starting label LEVI, seed 70, iteration 790, time: 417.42344641685486
Starting label LEVI, seed 70, iteration 800, time: 424.3538794517517
Starting label LEVI, seed 70, iteration 810, time: 430.98764634132385
Starting label LEVI, seed 70, iteration 820, time: 437.88671803474426
Starting label LEVI, seed 70, iteration 830, time: 444.74580931663513
Starting label LEVI, seed 70, iteration 840, time: 451.3169484138489
Starting label LEVI, seed 70, iteration 850, time: 458.3721706867218
Starting label LEVI, seed 70, iteration 860, time: 465.2499318122864
Starting label LEVI, seed 70, iteration 870, time: 472.0657105445862
Starting label LEVI, seed 70, iteration 880, time: 478.9025185108185
Starting label LEVI, seed 70, iteration 890, time: 485.62805104255676
Starting label LEVI, seed 70, iteration 900, time: 492.517201423645
Starting label LEVI, seed 70, iteration 910, time: 499.40758299827576
Starting label LEVI, seed 70, iteration 920, time: 506.14042687416077
Starting label LEVI, seed 70, iteration 930, time: 513.0791885852814
Starting label LEVI, seed 70, iteration 940, time: 519.6072423458099
Starting label LEVI, seed 70, iteration 950, time: 526.3212456703186
Starting label LEVI, seed 70, iteration 960, time: 533.3046662807465
Starting label LEVI, seed 70, iteration 970, time: 540.4185039997101
Starting label LEVI, seed 70, iteration 980, time: 547.5268669128418
Starting label LEVI, seed 70, iteration 990, time: 554.7729423046112
Starting label LEVI, seed 70, iteration 1000, time: 561.9899144172668
Starting label LEVI, seed 70, iteration 1010, time: 569.634991645813
Starting label LEVI, seed 70, iteration 1020, time: 577.3176612854004
Starting label LEVI, seed 70, iteration 1030, time: 584.9196209907532
Starting label LEVI, seed 70, iteration 1040, time: 592.5932323932648
Starting label LEVI, seed 70, iteration 1050, time: 600.1414959430695
Starting label LEVI, seed 70, iteration 1060, time: 607.5342168807983
Starting label LEVI, seed 70, iteration 1070, time: 614.7577619552612
Starting label LEVI, seed 70, iteration 1080, time: 622.1937999725342
Starting label LEVI, seed 70, iteration 1090, time: 629.0745482444763
Starting label LEVI, seed 70, iteration 1100, time: 635.7550098896027
Starting label LEVI, seed 70, iteration 1110, time: 643.082218170166
Starting label LEVI, seed 70, iteration 1120, time: 650.4797999858856
Starting label LEVI, seed 70, iteration 1130, time: 658.1539580821991
Starting label LEVI, seed 70, iteration 1140, time: 665.7429604530334
Starting label LEVI, seed 70, iteration 1150, time: 673.0440731048584
Starting label LEVI, seed 70, iteration 1160, time: 680.621170759201
Starting label LEVI, seed 70, iteration 1170, time: 688.1378157138824
Starting label LEVI, seed 70, iteration 1180, time: 695.5013816356659
Starting label LEVI, seed 70, iteration 1190, time: 703.0496518611908
Starting label LEVI, seed 70, iteration 1200, time: 710.5248644351959
Starting label LEVI, seed 70, iteration 1210, time: 718.4670958518982
Starting label LEVI, seed 70, iteration 1220, time: 726.1920938491821
Starting label LEVI, seed 70, iteration 1230, time: 733.9612820148468
Starting label LEVI, seed 70, iteration 1240, time: 741.7309455871582
Starting label LEVI, seed 70, iteration 1250, time: 749.5793941020966
Starting label LEVI, seed 70, iteration 1260, time: 757.4632794857025
Starting label LEVI, seed 70, iteration 1270, time: 765.3277609348297
Starting label LEVI, seed 70, iteration 1280, time: 773.1764388084412
Starting label LEVI, seed 70, iteration 1290, time: 780.9837572574615
Starting label LEVI, seed 70, iteration 1300, time: 788.7186782360077
Starting label LEVI, seed 70, iteration 1310, time: 796.4903185367584
Starting label LEVI, seed 70, iteration 1320, time: 804.3215930461884
Starting label LEVI, seed 70, iteration 1330, time: 812.1667075157166
Starting label LEVI, seed 70, iteration 1340, time: 820.1453936100006
Starting label LEVI, seed 70, iteration 1350, time: 828.0112371444702
Starting label LEVI, seed 70, iteration 1360, time: 835.8739614486694
Starting label LEVI, seed 70, iteration 1370, time: 843.7768769264221
Starting label LEVI, seed 70, iteration 1380, time: 851.5760734081268
Starting label LEVI, seed 70, iteration 1390, time: 859.7809164524078
Starting label LEVI, seed 70, iteration 1400, time: 867.792338848114
Starting label LEVI, seed 70, iteration 1410, time: 875.5278646945953
Starting label LEVI, seed 70, iteration 1420, time: 883.4071292877197
Starting label LEVI, seed 70, iteration 1430, time: 891.2711203098297
Starting label LEVI, seed 70, iteration 1440, time: 899.0364196300507
Starting label LEVI, seed 70, iteration 1450, time: 906.880943775177
Starting label LEVI, seed 70, iteration 1460, time: 914.8220458030701
Starting label LEVI, seed 70, iteration 1470, time: 923.0048525333405
Starting label LEVI, seed 70, iteration 1480, time: 931.4306929111481
Starting label LEVI, seed 70, iteration 1490, time: 939.5361804962158
Starting label LEVI, seed 70, iteration 1500, time: 947.8075423240662
Starting label LEVI, seed 70, iteration 1510, time: 955.988187789917
Starting label LEVI, seed 70, iteration 1520, time: 964.242903470993
Starting label LEVI, seed 70, iteration 1530, time: 972.434383392334
Starting label LEVI, seed 70, iteration 1540, time: 980.327422618866
Starting label LEVI, seed 70, iteration 1550, time: 988.1773579120636
Starting label LEVI, seed 70, iteration 1560, time: 996.5356569290161
Starting label LEVI, seed 70, iteration 1570, time: 1005.299408197403
Starting label LEVI, seed 70, iteration 1580, time: 1014.1843402385712
Starting label LEVI, seed 70, iteration 1590, time: 1022.879720211029
Starting label LEVI, seed 70, iteration 1600, time: 1031.634242773056
Starting label LEVI, seed 70, iteration 1610, time: 1040.37384390831
Starting label LEVI, seed 70, iteration 1620, time: 1049.0643632411957
Starting label LEVI, seed 70, iteration 1630, time: 1057.9866099357605
Starting label LEVI, seed 70, iteration 1640, time: 1067.0370445251465
Starting label LEVI, seed 70, iteration 1650, time: 1075.9846849441528
Starting label LEVI, seed 70, iteration 1660, time: 1085.0108580589294
Starting label LEVI, seed 70, iteration 1670, time: 1093.8773357868195
Starting label LEVI, seed 70, iteration 1680, time: 1102.7727468013763
Starting label LEVI, seed 70, iteration 1690, time: 1111.108506679535
Starting label LEVI, seed 70, iteration 1700, time: 1119.4342639446259
Starting label LEVI, seed 70, iteration 1710, time: 1128.329791545868
Starting label LEVI, seed 70, iteration 1720, time: 1137.3057928085327
Starting label LEVI, seed 70, iteration 1730, time: 1146.3103227615356
Starting label LEVI, seed 70, iteration 1740, time: 1155.5059463977814
Starting label LEVI, seed 70, iteration 1750, time: 1164.5883276462555
Starting label LEVI, seed 70, iteration 1760, time: 1174.0640451908112
Starting label LEVI, seed 70, iteration 1770, time: 1183.4137291908264
Starting label LEVI, seed 70, iteration 1780, time: 1192.679539680481
Starting label LEVI, seed 70, iteration 1790, time: 1201.5889282226562
Starting label LEVI, seed 70, iteration 1800, time: 1210.3138530254364
Starting label LEVI, seed 70, iteration 1810, time: 1218.9283111095428
Starting label LEVI, seed 70, iteration 1820, time: 1227.6957318782806
Starting label LEVI, seed 70, iteration 1830, time: 1236.7280023097992
Starting label LEVI, seed 70, iteration 1840, time: 1245.684500694275
Starting label LEVI, seed 70, iteration 1850, time: 1254.602505683899
Starting label LEVI, seed 70, iteration 1860, time: 1263.793459892273
Starting label LEVI, seed 70, iteration 1870, time: 1272.544341802597
Starting label LEVI, seed 70, iteration 1880, time: 1281.9051105976105
Starting label LEVI, seed 70, iteration 1890, time: 1290.886137008667
Starting label LEVI, seed 70, iteration 1900, time: 1299.6796975135803
Starting label LEVI, seed 70, iteration 1910, time: 1308.934451341629
Starting label LEVI, seed 70, iteration 1920, time: 1317.948368549347
Starting label LEVI, seed 70, iteration 1930, time: 1327.4726819992065
Starting label LEVI, seed 70, iteration 1940, time: 1336.1822168827057
Starting label LEVI, seed 70, iteration 1950, time: 1344.965684890747
Starting label LEVI, seed 70, iteration 1960, time: 1354.0461075305939
Starting label LEVI, seed 70, iteration 1970, time: 1362.9704558849335
Starting label LEVI, seed 70, iteration 1980, time: 1372.0543143749237
Starting label LEVI, seed 70, iteration 1990, time: 1380.8633303642273
submitit INFO (2022-10-02 04:32:24,029) - Job completed successfully
