submitit INFO (2022-10-02 13:27:28,854) - Starting with JobEnvironment(job_id=884571_4, hostname=nikola-compute-03.cs.cornell.edu, local_rank=0(1), node=0(1), global_rank=0(1))
submitit INFO (2022-10-02 13:27:28,854) - Loading pickle: /home/gid-cakmaks/contextual_rs/experiments/wsc_experiments/logs/884571_4/884571_4_submitted.pkl
Appending iterations to existing output!Warning: If parameters other than `iterations` have been changed, this will corrupt the output!
Starting label LEVI, seed 54, iteration 580, time: 308.3182632923126
Starting label LEVI, seed 54, iteration 590, time: 315.29395866394043
Starting label LEVI, seed 54, iteration 600, time: 322.147189617157
Starting label LEVI, seed 54, iteration 610, time: 328.98933601379395
Starting label LEVI, seed 54, iteration 620, time: 335.5166561603546
Starting label LEVI, seed 54, iteration 630, time: 342.2425904273987
Starting label LEVI, seed 54, iteration 640, time: 348.85077452659607
Starting label LEVI, seed 54, iteration 650, time: 355.9228410720825
Starting label LEVI, seed 54, iteration 660, time: 362.812194108963
Starting label LEVI, seed 54, iteration 670, time: 369.377436876297
Starting label LEVI, seed 54, iteration 680, time: 376.44297981262207
Starting label LEVI, seed 54, iteration 690, time: 383.1322889328003
Starting label LEVI, seed 54, iteration 700, time: 389.70604276657104
Starting label LEVI, seed 54, iteration 710, time: 396.3878917694092
Starting label LEVI, seed 54, iteration 720, time: 402.99507093429565
Starting label LEVI, seed 54, iteration 730, time: 409.9609112739563
Starting label LEVI, seed 54, iteration 740, time: 416.4050178527832
Starting label LEVI, seed 54, iteration 750, time: 423.1193323135376
Starting label LEVI, seed 54, iteration 760, time: 429.8568432331085
Starting label LEVI, seed 54, iteration 770, time: 436.59672951698303
Starting label LEVI, seed 54, iteration 780, time: 443.3583779335022
Starting label LEVI, seed 54, iteration 790, time: 449.9434390068054
Starting label LEVI, seed 54, iteration 800, time: 456.70500349998474
Starting label LEVI, seed 54, iteration 810, time: 463.5282337665558
Starting label LEVI, seed 54, iteration 820, time: 470.3673405647278
Starting label LEVI, seed 54, iteration 830, time: 477.3406000137329
Starting label LEVI, seed 54, iteration 840, time: 484.3267478942871
Starting label LEVI, seed 54, iteration 850, time: 491.345144033432
Starting label LEVI, seed 54, iteration 860, time: 498.6214289665222
Starting label LEVI, seed 54, iteration 870, time: 505.73263144493103
Starting label LEVI, seed 54, iteration 880, time: 512.7605278491974
Starting label LEVI, seed 54, iteration 890, time: 519.7238020896912
Starting label LEVI, seed 54, iteration 900, time: 526.8365483283997
Starting label LEVI, seed 54, iteration 910, time: 534.1092991828918
Starting label LEVI, seed 54, iteration 920, time: 541.2410986423492
Starting label LEVI, seed 54, iteration 930, time: 548.4613862037659
Starting label LEVI, seed 54, iteration 940, time: 555.6524426937103
Starting label LEVI, seed 54, iteration 950, time: 562.8445179462433
Starting label LEVI, seed 54, iteration 960, time: 569.7363452911377
Starting label LEVI, seed 54, iteration 970, time: 576.688319683075
Starting label LEVI, seed 54, iteration 980, time: 583.6408207416534
Starting label LEVI, seed 54, iteration 990, time: 590.6123485565186
Starting label LEVI, seed 54, iteration 1000, time: 597.7571272850037
Starting label LEVI, seed 54, iteration 1010, time: 604.9168286323547
Starting label LEVI, seed 54, iteration 1020, time: 611.9770123958588
Starting label LEVI, seed 54, iteration 1030, time: 619.1481604576111
Starting label LEVI, seed 54, iteration 1040, time: 626.4290206432343
Starting label LEVI, seed 54, iteration 1050, time: 633.8896110057831
Starting label LEVI, seed 54, iteration 1060, time: 641.8049857616425
Starting label LEVI, seed 54, iteration 1070, time: 649.9496841430664
Starting label LEVI, seed 54, iteration 1080, time: 658.0630388259888
Starting label LEVI, seed 54, iteration 1090, time: 666.2287247180939
Starting label LEVI, seed 54, iteration 1100, time: 673.9926826953888
Starting label LEVI, seed 54, iteration 1110, time: 681.8509695529938
Starting label LEVI, seed 54, iteration 1120, time: 689.7615084648132
Starting label LEVI, seed 54, iteration 1130, time: 697.7250173091888
Starting label LEVI, seed 54, iteration 1140, time: 705.9260506629944
Starting label LEVI, seed 54, iteration 1150, time: 713.7609083652496
Starting label LEVI, seed 54, iteration 1160, time: 721.3886935710907
Starting label LEVI, seed 54, iteration 1170, time: 729.4167575836182
Starting label LEVI, seed 54, iteration 1180, time: 737.5498933792114
Starting label LEVI, seed 54, iteration 1190, time: 746.0644733905792
Starting label LEVI, seed 54, iteration 1200, time: 754.44500207901
Starting label LEVI, seed 54, iteration 1210, time: 763.1201133728027
Starting label LEVI, seed 54, iteration 1220, time: 771.9052014350891
Starting label LEVI, seed 54, iteration 1230, time: 780.1436924934387
Starting label LEVI, seed 54, iteration 1240, time: 788.4259951114655
Starting label LEVI, seed 54, iteration 1250, time: 796.6914460659027
Starting label LEVI, seed 54, iteration 1260, time: 805.0536601543427
Starting label LEVI, seed 54, iteration 1270, time: 813.0980293750763
Starting label LEVI, seed 54, iteration 1280, time: 821.2828373908997
Starting label LEVI, seed 54, iteration 1290, time: 829.533933877945
Starting label LEVI, seed 54, iteration 1300, time: 838.0528268814087
Starting label LEVI, seed 54, iteration 1310, time: 846.5234336853027
Starting label LEVI, seed 54, iteration 1320, time: 854.4354348182678
Starting label LEVI, seed 54, iteration 1330, time: 862.6639065742493
Starting label LEVI, seed 54, iteration 1340, time: 871.1125514507294
Starting label LEVI, seed 54, iteration 1350, time: 879.7264878749847
Starting label LEVI, seed 54, iteration 1360, time: 888.1117663383484
Starting label LEVI, seed 54, iteration 1370, time: 897.0143067836761
Starting label LEVI, seed 54, iteration 1380, time: 905.2710404396057
Starting label LEVI, seed 54, iteration 1390, time: 913.7188985347748
Starting label LEVI, seed 54, iteration 1400, time: 922.3179261684418
Starting label LEVI, seed 54, iteration 1410, time: 930.4940865039825
Starting label LEVI, seed 54, iteration 1420, time: 938.8403117656708
Starting label LEVI, seed 54, iteration 1430, time: 947.3394150733948
Starting label LEVI, seed 54, iteration 1440, time: 955.7936911582947
Starting label LEVI, seed 54, iteration 1450, time: 964.4101421833038
Starting label LEVI, seed 54, iteration 1460, time: 972.893529176712
Starting label LEVI, seed 54, iteration 1470, time: 981.7893528938293
Starting label LEVI, seed 54, iteration 1480, time: 990.4496853351593
Starting label LEVI, seed 54, iteration 1490, time: 999.0390219688416
Starting label LEVI, seed 54, iteration 1500, time: 1008.0112698078156
Starting label LEVI, seed 54, iteration 1510, time: 1016.5830750465393
Starting label LEVI, seed 54, iteration 1520, time: 1025.2042980194092
Starting label LEVI, seed 54, iteration 1530, time: 1034.0812344551086
Starting label LEVI, seed 54, iteration 1540, time: 1042.9580357074738
Starting label LEVI, seed 54, iteration 1550, time: 1052.6196372509003
Starting label LEVI, seed 54, iteration 1560, time: 1062.1809194087982
Starting label LEVI, seed 54, iteration 1570, time: 1071.5772273540497
Starting label LEVI, seed 54, iteration 1580, time: 1081.1261849403381
Starting label LEVI, seed 54, iteration 1590, time: 1090.664912223816
Starting label LEVI, seed 54, iteration 1600, time: 1100.487632036209
Starting label LEVI, seed 54, iteration 1610, time: 1110.4198894500732
Starting label LEVI, seed 54, iteration 1620, time: 1119.815213918686
Starting label LEVI, seed 54, iteration 1630, time: 1128.8101649284363
Starting label LEVI, seed 54, iteration 1640, time: 1137.6919734477997
Starting label LEVI, seed 54, iteration 1650, time: 1146.9113047122955
Starting label LEVI, seed 54, iteration 1660, time: 1157.2025513648987
Starting label LEVI, seed 54, iteration 1670, time: 1167.054101228714
Starting label LEVI, seed 54, iteration 1680, time: 1176.5591151714325
Starting label LEVI, seed 54, iteration 1690, time: 1186.7028646469116
Starting label LEVI, seed 54, iteration 1700, time: 1196.8880343437195
Starting label LEVI, seed 54, iteration 1710, time: 1207.4607706069946
Starting label LEVI, seed 54, iteration 1720, time: 1217.064828634262
Starting label LEVI, seed 54, iteration 1730, time: 1226.8793632984161
Starting label LEVI, seed 54, iteration 1740, time: 1236.8899471759796
Starting label LEVI, seed 54, iteration 1750, time: 1247.2527289390564
Starting label LEVI, seed 54, iteration 1760, time: 1257.4795026779175
Starting label LEVI, seed 54, iteration 1770, time: 1268.034143447876
Starting label LEVI, seed 54, iteration 1780, time: 1278.5117919445038
Starting label LEVI, seed 54, iteration 1790, time: 1289.0609695911407
Starting label LEVI, seed 54, iteration 1800, time: 1299.527717590332
Starting label LEVI, seed 54, iteration 1810, time: 1309.922379732132
Starting label LEVI, seed 54, iteration 1820, time: 1320.040738582611
Starting label LEVI, seed 54, iteration 1830, time: 1330.3057627677917
Starting label LEVI, seed 54, iteration 1840, time: 1341.1927275657654
Starting label LEVI, seed 54, iteration 1850, time: 1352.3075935840607
Starting label LEVI, seed 54, iteration 1860, time: 1363.413370847702
Starting label LEVI, seed 54, iteration 1870, time: 1374.6720578670502
Starting label LEVI, seed 54, iteration 1880, time: 1385.484902381897
Starting label LEVI, seed 54, iteration 1890, time: 1396.3443715572357
Starting label LEVI, seed 54, iteration 1900, time: 1407.1728327274323
Starting label LEVI, seed 54, iteration 1910, time: 1417.8352410793304
Starting label LEVI, seed 54, iteration 1920, time: 1428.7077221870422
Starting label LEVI, seed 54, iteration 1930, time: 1440.064353466034
Starting label LEVI, seed 54, iteration 1940, time: 1451.2099997997284
Starting label LEVI, seed 54, iteration 1950, time: 1463.129473209381
Starting label LEVI, seed 54, iteration 1960, time: 1475.1025035381317
Starting label LEVI, seed 54, iteration 1970, time: 1486.8869404792786
Starting label LEVI, seed 54, iteration 1980, time: 1498.2136073112488
Starting label LEVI, seed 54, iteration 1990, time: 1509.3766713142395
submitit INFO (2022-10-02 13:47:42,285) - Job completed successfully
