submitit INFO (2022-10-02 01:56:52,272) - Starting with JobEnvironment(job_id=883589, hostname=nikola-compute-03.cs.cornell.edu, local_rank=0(1), node=0(1), global_rank=0(1))
submitit INFO (2022-10-02 01:56:52,273) - Loading pickle: /home/gid-cakmaks/contextual_rs/experiments/wsc_experiments/logs/883589/883589_submitted.pkl
Starting label LEVI, seed 48, iteration 0, time: 0.00012087821960449219
Starting label LEVI, seed 48, iteration 10, time: 9.78075909614563
Starting label LEVI, seed 48, iteration 20, time: 15.360563516616821
Starting label LEVI, seed 48, iteration 30, time: 18.977742433547974
Starting label LEVI, seed 48, iteration 40, time: 22.431655883789062
Starting label LEVI, seed 48, iteration 50, time: 25.40693950653076
Starting label LEVI, seed 48, iteration 60, time: 28.587493181228638
Starting label LEVI, seed 48, iteration 70, time: 31.868693590164185
Starting label LEVI, seed 48, iteration 80, time: 34.75226616859436
Starting label LEVI, seed 48, iteration 90, time: 37.602702379226685
Starting label LEVI, seed 48, iteration 100, time: 40.52920055389404
Starting label LEVI, seed 48, iteration 110, time: 43.428560733795166
Starting label LEVI, seed 48, iteration 120, time: 46.42090845108032
Starting label LEVI, seed 48, iteration 130, time: 50.53807735443115
Starting label LEVI, seed 48, iteration 140, time: 54.031490325927734
Starting label LEVI, seed 48, iteration 150, time: 57.69479465484619
Starting label LEVI, seed 48, iteration 160, time: 61.22986078262329
Starting label LEVI, seed 48, iteration 170, time: 64.68997645378113
Starting label LEVI, seed 48, iteration 180, time: 68.03840899467468
Starting label LEVI, seed 48, iteration 190, time: 71.43099761009216
Starting label LEVI, seed 48, iteration 200, time: 76.85807776451111
Starting label LEVI, seed 48, iteration 210, time: 80.90715098381042
Starting label LEVI, seed 48, iteration 220, time: 86.05536580085754
Starting label LEVI, seed 48, iteration 230, time: 91.92161011695862
Starting label LEVI, seed 48, iteration 240, time: 96.47717380523682
Starting label LEVI, seed 48, iteration 250, time: 102.03967571258545
Starting label LEVI, seed 48, iteration 260, time: 107.94510865211487
Starting label LEVI, seed 48, iteration 270, time: 112.87683916091919
Starting label LEVI, seed 48, iteration 280, time: 119.14499831199646
Starting label LEVI, seed 48, iteration 290, time: 126.60162925720215
Starting label LEVI, seed 48, iteration 300, time: 132.14637422561646
Starting label LEVI, seed 48, iteration 310, time: 138.0744731426239
Starting label LEVI, seed 48, iteration 320, time: 144.14313769340515
Starting label LEVI, seed 48, iteration 330, time: 150.33917021751404
submitit WARNING (2022-10-02 01:59:26,637) - Bypassing signal SIGCONT
submitit WARNING (2022-10-02 01:59:26,641) - Bypassing signal SIGTERM
Starting label LEVI, seed 48, iteration 340, time: 156.6091387271881
Starting label LEVI, seed 48, iteration 350, time: 160.88625621795654
Starting label LEVI, seed 48, iteration 360, time: 166.22126698493958
Starting label LEVI, seed 48, iteration 370, time: 170.707768201828
Starting label LEVI, seed 48, iteration 380, time: 175.40102529525757
Starting label LEVI, seed 48, iteration 390, time: 179.9001133441925
