submitit INFO (2022-10-02 04:15:44,551) - Starting with JobEnvironment(job_id=884064_8, hostname=badfellow.cs.cornell.edu, local_rank=0(1), node=0(1), global_rank=0(1))
submitit INFO (2022-10-02 04:15:44,551) - Loading pickle: /home/gid-cakmaks/contextual_rs/experiments/wsc_experiments/logs/884064_8/884064_8_submitted.pkl
Appending iterations to existing output!Warning: If parameters other than `iterations` have been changed, this will corrupt the output!
Starting label LEVI, seed 78, iteration 520, time: 274.87686228752136
Starting label LEVI, seed 78, iteration 530, time: 283.1932530403137
Starting label LEVI, seed 78, iteration 540, time: 286.60518407821655
Starting label LEVI, seed 78, iteration 550, time: 290.0032091140747
Starting label LEVI, seed 78, iteration 560, time: 293.38388204574585
Starting label LEVI, seed 78, iteration 570, time: 296.8321521282196
Starting label LEVI, seed 78, iteration 580, time: 300.1518723964691
Starting label LEVI, seed 78, iteration 590, time: 303.54239869117737
Starting label LEVI, seed 78, iteration 600, time: 306.93199038505554
Starting label LEVI, seed 78, iteration 610, time: 310.37461280822754
Starting label LEVI, seed 78, iteration 620, time: 313.8169889450073
Starting label LEVI, seed 78, iteration 630, time: 317.1727337837219
Starting label LEVI, seed 78, iteration 640, time: 320.6468131542206
Starting label LEVI, seed 78, iteration 650, time: 324.1439881324768
Starting label LEVI, seed 78, iteration 660, time: 327.68705701828003
Starting label LEVI, seed 78, iteration 670, time: 331.2756419181824
Starting label LEVI, seed 78, iteration 680, time: 334.7059564590454
Starting label LEVI, seed 78, iteration 690, time: 338.2392568588257
Starting label LEVI, seed 78, iteration 700, time: 342.7055149078369
Starting label LEVI, seed 78, iteration 710, time: 347.39475417137146
Starting label LEVI, seed 78, iteration 720, time: 351.0893714427948
Starting label LEVI, seed 78, iteration 730, time: 354.5309283733368
Starting label LEVI, seed 78, iteration 740, time: 357.9476568698883
Starting label LEVI, seed 78, iteration 750, time: 361.5173616409302
Starting label LEVI, seed 78, iteration 760, time: 365.0484127998352
Starting label LEVI, seed 78, iteration 770, time: 368.75139713287354
Starting label LEVI, seed 78, iteration 780, time: 372.53430104255676
Starting label LEVI, seed 78, iteration 790, time: 376.5831370353699
Starting label LEVI, seed 78, iteration 800, time: 380.5237398147583
Starting label LEVI, seed 78, iteration 810, time: 385.88995695114136
Starting label LEVI, seed 78, iteration 820, time: 390.4926640987396
Starting label LEVI, seed 78, iteration 830, time: 394.69362020492554
Starting label LEVI, seed 78, iteration 840, time: 398.8094627857208
Starting label LEVI, seed 78, iteration 850, time: 402.8168728351593
Starting label LEVI, seed 78, iteration 860, time: 406.6301667690277
Starting label LEVI, seed 78, iteration 870, time: 410.8632695674896
Starting label LEVI, seed 78, iteration 880, time: 414.7281882762909
Starting label LEVI, seed 78, iteration 890, time: 418.9146304130554
Starting label LEVI, seed 78, iteration 900, time: 422.8437898159027
Starting label LEVI, seed 78, iteration 910, time: 426.67760705947876
Starting label LEVI, seed 78, iteration 920, time: 430.57441759109497
Starting label LEVI, seed 78, iteration 930, time: 434.6220214366913
Starting label LEVI, seed 78, iteration 940, time: 438.9025647640228
Starting label LEVI, seed 78, iteration 950, time: 442.89343643188477
Starting label LEVI, seed 78, iteration 960, time: 447.27011728286743
Starting label LEVI, seed 78, iteration 970, time: 451.56610774993896
Starting label LEVI, seed 78, iteration 980, time: 455.7516977787018
Starting label LEVI, seed 78, iteration 990, time: 459.5669860839844
Starting label LEVI, seed 78, iteration 1000, time: 463.7258253097534
Starting label LEVI, seed 78, iteration 1010, time: 467.5687987804413
Starting label LEVI, seed 78, iteration 1020, time: 471.34030961990356
Starting label LEVI, seed 78, iteration 1030, time: 475.2401649951935
Starting label LEVI, seed 78, iteration 1040, time: 479.03349471092224
Starting label LEVI, seed 78, iteration 1050, time: 482.8621759414673
Starting label LEVI, seed 78, iteration 1060, time: 486.4739935398102
Starting label LEVI, seed 78, iteration 1070, time: 490.32387471199036
Starting label LEVI, seed 78, iteration 1080, time: 494.22738885879517
Starting label LEVI, seed 78, iteration 1090, time: 498.04133892059326
Starting label LEVI, seed 78, iteration 1100, time: 502.14551997184753
Starting label LEVI, seed 78, iteration 1110, time: 506.2960650920868
Starting label LEVI, seed 78, iteration 1120, time: 510.26177191734314
Starting label LEVI, seed 78, iteration 1130, time: 514.6769449710846
Starting label LEVI, seed 78, iteration 1140, time: 518.7306079864502
Starting label LEVI, seed 78, iteration 1150, time: 522.855494260788
Starting label LEVI, seed 78, iteration 1160, time: 526.7348124980927
Starting label LEVI, seed 78, iteration 1170, time: 530.454208612442
Starting label LEVI, seed 78, iteration 1180, time: 534.6850309371948
Starting label LEVI, seed 78, iteration 1190, time: 538.8601417541504
Starting label LEVI, seed 78, iteration 1200, time: 543.2781729698181
Starting label LEVI, seed 78, iteration 1210, time: 547.5865962505341
Starting label LEVI, seed 78, iteration 1220, time: 551.7889611721039
Starting label LEVI, seed 78, iteration 1230, time: 555.9484803676605
Starting label LEVI, seed 78, iteration 1240, time: 560.445714712143
Starting label LEVI, seed 78, iteration 1250, time: 564.8382956981659
Starting label LEVI, seed 78, iteration 1260, time: 569.0477848052979
Starting label LEVI, seed 78, iteration 1270, time: 575.3926742076874
Starting label LEVI, seed 78, iteration 1280, time: 579.3476836681366
Starting label LEVI, seed 78, iteration 1290, time: 583.697164773941
Starting label LEVI, seed 78, iteration 1300, time: 588.0065140724182
Starting label LEVI, seed 78, iteration 1310, time: 592.257087469101
Starting label LEVI, seed 78, iteration 1320, time: 596.6644337177277
Starting label LEVI, seed 78, iteration 1330, time: 601.0166084766388
Starting label LEVI, seed 78, iteration 1340, time: 605.4365928173065
Starting label LEVI, seed 78, iteration 1350, time: 609.7405712604523
Starting label LEVI, seed 78, iteration 1360, time: 614.2582013607025
Starting label LEVI, seed 78, iteration 1370, time: 618.5204379558563
Starting label LEVI, seed 78, iteration 1380, time: 623.1505608558655
Starting label LEVI, seed 78, iteration 1390, time: 627.9389717578888
Starting label LEVI, seed 78, iteration 1400, time: 632.2873623371124
Starting label LEVI, seed 78, iteration 1410, time: 636.3935658931732
Starting label LEVI, seed 78, iteration 1420, time: 640.8496277332306
Starting label LEVI, seed 78, iteration 1430, time: 645.0317859649658
Starting label LEVI, seed 78, iteration 1440, time: 649.250837802887
Starting label LEVI, seed 78, iteration 1450, time: 653.4550206661224
Starting label LEVI, seed 78, iteration 1460, time: 657.602371931076
Starting label LEVI, seed 78, iteration 1470, time: 661.8412415981293
Starting label LEVI, seed 78, iteration 1480, time: 666.2927191257477
Starting label LEVI, seed 78, iteration 1490, time: 670.9333748817444
Starting label LEVI, seed 78, iteration 1500, time: 675.6709325313568
Starting label LEVI, seed 78, iteration 1510, time: 680.0482184886932
Starting label LEVI, seed 78, iteration 1520, time: 684.7321155071259
Starting label LEVI, seed 78, iteration 1530, time: 689.2660644054413
Starting label LEVI, seed 78, iteration 1540, time: 693.7941069602966
Starting label LEVI, seed 78, iteration 1550, time: 698.5650372505188
Starting label LEVI, seed 78, iteration 1560, time: 703.3216216564178
Starting label LEVI, seed 78, iteration 1570, time: 707.891916513443
Starting label LEVI, seed 78, iteration 1580, time: 712.618928194046
Starting label LEVI, seed 78, iteration 1590, time: 717.3615252971649
Starting label LEVI, seed 78, iteration 1600, time: 721.8934197425842
Starting label LEVI, seed 78, iteration 1610, time: 726.8493227958679
Starting label LEVI, seed 78, iteration 1620, time: 731.5508801937103
Starting label LEVI, seed 78, iteration 1630, time: 736.4023990631104
Starting label LEVI, seed 78, iteration 1640, time: 741.1628403663635
Starting label LEVI, seed 78, iteration 1650, time: 745.7277202606201
Starting label LEVI, seed 78, iteration 1660, time: 750.5801808834076
Starting label LEVI, seed 78, iteration 1670, time: 755.4135406017303
Starting label LEVI, seed 78, iteration 1680, time: 759.8446321487427
Starting label LEVI, seed 78, iteration 1690, time: 764.8962745666504
Starting label LEVI, seed 78, iteration 1700, time: 769.9602167606354
Starting label LEVI, seed 78, iteration 1710, time: 774.6657037734985
Starting label LEVI, seed 78, iteration 1720, time: 779.4745361804962
Starting label LEVI, seed 78, iteration 1730, time: 784.300345659256
Starting label LEVI, seed 78, iteration 1740, time: 789.0479207038879
Starting label LEVI, seed 78, iteration 1750, time: 793.7791349887848
Starting label LEVI, seed 78, iteration 1760, time: 798.667632818222
Starting label LEVI, seed 78, iteration 1770, time: 803.555634021759
Starting label LEVI, seed 78, iteration 1780, time: 808.0484306812286
Starting label LEVI, seed 78, iteration 1790, time: 812.8583505153656
Starting label LEVI, seed 78, iteration 1800, time: 817.6274573802948
Starting label LEVI, seed 78, iteration 1810, time: 822.270289182663
Starting label LEVI, seed 78, iteration 1820, time: 826.9456746578217
Starting label LEVI, seed 78, iteration 1830, time: 831.8267605304718
Starting label LEVI, seed 78, iteration 1840, time: 836.4335634708405
Starting label LEVI, seed 78, iteration 1850, time: 841.4477336406708
Starting label LEVI, seed 78, iteration 1860, time: 846.1630938053131
Starting label LEVI, seed 78, iteration 1870, time: 851.0427138805389
Starting label LEVI, seed 78, iteration 1880, time: 855.9368472099304
Starting label LEVI, seed 78, iteration 1890, time: 860.7075185775757
Starting label LEVI, seed 78, iteration 1900, time: 865.5552535057068
Starting label LEVI, seed 78, iteration 1910, time: 870.2162663936615
Starting label LEVI, seed 78, iteration 1920, time: 875.0237557888031
Starting label LEVI, seed 78, iteration 1930, time: 879.9326102733612
Starting label LEVI, seed 78, iteration 1940, time: 884.7352604866028
Starting label LEVI, seed 78, iteration 1950, time: 889.5336978435516
Starting label LEVI, seed 78, iteration 1960, time: 894.3722546100616
Starting label LEVI, seed 78, iteration 1970, time: 899.0812799930573
Starting label LEVI, seed 78, iteration 1980, time: 903.8867378234863
Starting label LEVI, seed 78, iteration 1990, time: 908.7383668422699
submitit INFO (2022-10-02 04:26:25,500) - Job completed successfully
