submitit INFO (2022-10-02 13:27:02,278) - Starting with JobEnvironment(job_id=884551_1, hostname=lecun.cs.cornell.edu, local_rank=0(1), node=0(1), global_rank=0(1))
submitit INFO (2022-10-02 13:27:02,278) - Loading pickle: /home/gid-cakmaks/contextual_rs/experiments/wsc_experiments/logs/884551_1/884551_1_submitted.pkl
Appending iterations to existing output!Warning: If parameters other than `iterations` have been changed, this will corrupt the output!
Starting label LEVI, seed 31, iteration 440, time: 324.606974363327
Starting label LEVI, seed 31, iteration 450, time: 330.48935532569885
Starting label LEVI, seed 31, iteration 460, time: 336.1534972190857
Starting label LEVI, seed 31, iteration 470, time: 341.8810544013977
Starting label LEVI, seed 31, iteration 480, time: 347.64918303489685
Starting label LEVI, seed 31, iteration 490, time: 353.83933782577515
Starting label LEVI, seed 31, iteration 500, time: 360.11497735977173
Starting label LEVI, seed 31, iteration 510, time: 367.2606828212738
Starting label LEVI, seed 31, iteration 520, time: 373.4197862148285
Starting label LEVI, seed 31, iteration 530, time: 380.1876242160797
Starting label LEVI, seed 31, iteration 540, time: 386.36700081825256
Starting label LEVI, seed 31, iteration 550, time: 392.70196747779846
Starting label LEVI, seed 31, iteration 560, time: 398.73725485801697
Starting label LEVI, seed 31, iteration 570, time: 404.73886036872864
Starting label LEVI, seed 31, iteration 580, time: 410.78087997436523
Starting label LEVI, seed 31, iteration 590, time: 416.8414239883423
Starting label LEVI, seed 31, iteration 600, time: 423.03524446487427
Starting label LEVI, seed 31, iteration 610, time: 429.52046179771423
Starting label LEVI, seed 31, iteration 620, time: 436.3189890384674
Starting label LEVI, seed 31, iteration 630, time: 442.95175194740295
Starting label LEVI, seed 31, iteration 640, time: 450.8207907676697
Starting label LEVI, seed 31, iteration 650, time: 457.5573606491089
Starting label LEVI, seed 31, iteration 660, time: 463.71232295036316
Starting label LEVI, seed 31, iteration 670, time: 470.1531300544739
Starting label LEVI, seed 31, iteration 680, time: 476.30738711357117
Starting label LEVI, seed 31, iteration 690, time: 482.50374484062195
Starting label LEVI, seed 31, iteration 700, time: 488.8836991786957
Starting label LEVI, seed 31, iteration 710, time: 494.8946647644043
Starting label LEVI, seed 31, iteration 720, time: 501.16864681243896
Starting label LEVI, seed 31, iteration 730, time: 507.64911913871765
Starting label LEVI, seed 31, iteration 740, time: 513.7967700958252
Starting label LEVI, seed 31, iteration 750, time: 519.8985130786896
Starting label LEVI, seed 31, iteration 760, time: 526.2505595684052
Starting label LEVI, seed 31, iteration 770, time: 532.5368337631226
Starting label LEVI, seed 31, iteration 780, time: 539.1734149456024
Starting label LEVI, seed 31, iteration 790, time: 545.3953185081482
Starting label LEVI, seed 31, iteration 800, time: 551.5401518344879
Starting label LEVI, seed 31, iteration 810, time: 557.8728201389313
Starting label LEVI, seed 31, iteration 820, time: 564.7276694774628
Starting label LEVI, seed 31, iteration 830, time: 571.591255903244
Starting label LEVI, seed 31, iteration 840, time: 578.4757678508759
Starting label LEVI, seed 31, iteration 850, time: 585.5469460487366
Starting label LEVI, seed 31, iteration 860, time: 593.4524562358856
Starting label LEVI, seed 31, iteration 870, time: 600.3595404624939
Starting label LEVI, seed 31, iteration 880, time: 606.9975416660309
Starting label LEVI, seed 31, iteration 890, time: 613.7583546638489
Starting label LEVI, seed 31, iteration 900, time: 620.5787122249603
Starting label LEVI, seed 31, iteration 910, time: 627.4724378585815
Starting label LEVI, seed 31, iteration 920, time: 634.0359828472137
Starting label LEVI, seed 31, iteration 930, time: 640.73544049263
Starting label LEVI, seed 31, iteration 940, time: 647.5465197563171
Starting label LEVI, seed 31, iteration 950, time: 654.2480118274689
Starting label LEVI, seed 31, iteration 960, time: 660.7974281311035
Starting label LEVI, seed 31, iteration 970, time: 667.4291772842407
Starting label LEVI, seed 31, iteration 980, time: 674.3696460723877
Starting label LEVI, seed 31, iteration 990, time: 681.2695603370667
Starting label LEVI, seed 31, iteration 1000, time: 688.2794365882874
Starting label LEVI, seed 31, iteration 1010, time: 695.506264925003
Starting label LEVI, seed 31, iteration 1020, time: 702.8370189666748
Starting label LEVI, seed 31, iteration 1030, time: 710.4391350746155
Starting label LEVI, seed 31, iteration 1040, time: 717.8231930732727
Starting label LEVI, seed 31, iteration 1050, time: 725.156745672226
Starting label LEVI, seed 31, iteration 1060, time: 732.4998848438263
Starting label LEVI, seed 31, iteration 1070, time: 739.6332185268402
Starting label LEVI, seed 31, iteration 1080, time: 747.0672764778137
Starting label LEVI, seed 31, iteration 1090, time: 754.2851855754852
Starting label LEVI, seed 31, iteration 1100, time: 763.0546708106995
Starting label LEVI, seed 31, iteration 1110, time: 770.0141291618347
Starting label LEVI, seed 31, iteration 1120, time: 777.8270950317383
Starting label LEVI, seed 31, iteration 1130, time: 785.0933895111084
Starting label LEVI, seed 31, iteration 1140, time: 792.2197279930115
Starting label LEVI, seed 31, iteration 1150, time: 799.8560853004456
Starting label LEVI, seed 31, iteration 1160, time: 807.2577624320984
Starting label LEVI, seed 31, iteration 1170, time: 814.5199294090271
Starting label LEVI, seed 31, iteration 1180, time: 822.3349542617798
Starting label LEVI, seed 31, iteration 1190, time: 829.9024424552917
Starting label LEVI, seed 31, iteration 1200, time: 837.5711994171143
Starting label LEVI, seed 31, iteration 1210, time: 845.223376750946
Starting label LEVI, seed 31, iteration 1220, time: 852.719477891922
Starting label LEVI, seed 31, iteration 1230, time: 860.7916038036346
Starting label LEVI, seed 31, iteration 1240, time: 868.2924914360046
Starting label LEVI, seed 31, iteration 1250, time: 876.6321425437927
Starting label LEVI, seed 31, iteration 1260, time: 884.4581563472748
Starting label LEVI, seed 31, iteration 1270, time: 891.7414338588715
Starting label LEVI, seed 31, iteration 1280, time: 899.3810555934906
Starting label LEVI, seed 31, iteration 1290, time: 908.8493225574493
Starting label LEVI, seed 31, iteration 1300, time: 917.1490054130554
Starting label LEVI, seed 31, iteration 1310, time: 925.3888716697693
Starting label LEVI, seed 31, iteration 1320, time: 932.9447085857391
Starting label LEVI, seed 31, iteration 1330, time: 940.6158399581909
Starting label LEVI, seed 31, iteration 1340, time: 949.1184802055359
Starting label LEVI, seed 31, iteration 1350, time: 957.6434707641602
Starting label LEVI, seed 31, iteration 1360, time: 966.3476750850677
Starting label LEVI, seed 31, iteration 1370, time: 974.837019443512
Starting label LEVI, seed 31, iteration 1380, time: 983.0720176696777
Starting label LEVI, seed 31, iteration 1390, time: 990.8335897922516
Starting label LEVI, seed 31, iteration 1400, time: 999.2481164932251
Starting label LEVI, seed 31, iteration 1410, time: 1007.486191034317
Starting label LEVI, seed 31, iteration 1420, time: 1016.1194858551025
Starting label LEVI, seed 31, iteration 1430, time: 1025.6254534721375
Starting label LEVI, seed 31, iteration 1440, time: 1034.4822187423706
Starting label LEVI, seed 31, iteration 1450, time: 1043.228836774826
Starting label LEVI, seed 31, iteration 1460, time: 1051.9948287010193
Starting label LEVI, seed 31, iteration 1470, time: 1060.7431716918945
Starting label LEVI, seed 31, iteration 1480, time: 1069.296088218689
Starting label LEVI, seed 31, iteration 1490, time: 1077.9422085285187
Starting label LEVI, seed 31, iteration 1500, time: 1086.597054719925
Starting label LEVI, seed 31, iteration 1510, time: 1097.0013027191162
Starting label LEVI, seed 31, iteration 1520, time: 1106.6026105880737
Starting label LEVI, seed 31, iteration 1530, time: 1115.7665820121765
Starting label LEVI, seed 31, iteration 1540, time: 1125.1168203353882
Starting label LEVI, seed 31, iteration 1550, time: 1134.7400197982788
Starting label LEVI, seed 31, iteration 1560, time: 1143.9738585948944
Starting label LEVI, seed 31, iteration 1570, time: 1153.911012172699
Starting label LEVI, seed 31, iteration 1580, time: 1164.755470275879
Starting label LEVI, seed 31, iteration 1590, time: 1174.8152239322662
Starting label LEVI, seed 31, iteration 1600, time: 1184.8852365016937
Starting label LEVI, seed 31, iteration 1610, time: 1194.873657464981
Starting label LEVI, seed 31, iteration 1620, time: 1205.0642318725586
Starting label LEVI, seed 31, iteration 1630, time: 1214.6413214206696
Starting label LEVI, seed 31, iteration 1640, time: 1224.4056537151337
Starting label LEVI, seed 31, iteration 1650, time: 1235.300797700882
Starting label LEVI, seed 31, iteration 1660, time: 1245.8214948177338
Starting label LEVI, seed 31, iteration 1670, time: 1254.6283583641052
Starting label LEVI, seed 31, iteration 1680, time: 1264.6325299739838
Starting label LEVI, seed 31, iteration 1690, time: 1273.172422170639
Starting label LEVI, seed 31, iteration 1700, time: 1282.0030710697174
Starting label LEVI, seed 31, iteration 1710, time: 1291.5329430103302
Starting label LEVI, seed 31, iteration 1720, time: 1302.793198108673
Starting label LEVI, seed 31, iteration 1730, time: 1313.77588224411
Starting label LEVI, seed 31, iteration 1740, time: 1323.6309340000153
Starting label LEVI, seed 31, iteration 1750, time: 1334.978503704071
Starting label LEVI, seed 31, iteration 1760, time: 1346.3374028205872
Starting label LEVI, seed 31, iteration 1770, time: 1356.8496725559235
Starting label LEVI, seed 31, iteration 1780, time: 1367.2993190288544
Starting label LEVI, seed 31, iteration 1790, time: 1377.7154858112335
Starting label LEVI, seed 31, iteration 1800, time: 1389.8776025772095
Starting label LEVI, seed 31, iteration 1810, time: 1402.1396653652191
Starting label LEVI, seed 31, iteration 1820, time: 1413.7459707260132
Starting label LEVI, seed 31, iteration 1830, time: 1426.598123550415
Starting label LEVI, seed 31, iteration 1840, time: 1438.0847413539886
Starting label LEVI, seed 31, iteration 1850, time: 1450.0890634059906
Starting label LEVI, seed 31, iteration 1860, time: 1461.967772245407
Starting label LEVI, seed 31, iteration 1870, time: 1474.041036605835
Starting label LEVI, seed 31, iteration 1880, time: 1485.889531135559
Starting label LEVI, seed 31, iteration 1890, time: 1497.1459248065948
Starting label LEVI, seed 31, iteration 1900, time: 1509.3028767108917
Starting label LEVI, seed 31, iteration 1910, time: 1520.5475499629974
Starting label LEVI, seed 31, iteration 1920, time: 1533.078771352768
Starting label LEVI, seed 31, iteration 1930, time: 1546.0931413173676
Starting label LEVI, seed 31, iteration 1940, time: 1559.5368020534515
Starting label LEVI, seed 31, iteration 1950, time: 1572.9761333465576
Starting label LEVI, seed 31, iteration 1960, time: 1585.0653812885284
Starting label LEVI, seed 31, iteration 1970, time: 1597.6433985233307
Starting label LEVI, seed 31, iteration 1980, time: 1611.8180630207062
Starting label LEVI, seed 31, iteration 1990, time: 1624.4341070652008
submitit INFO (2022-10-02 13:48:55,267) - Job completed successfully
