submitit INFO (2022-10-02 01:20:52,829) - Starting with JobEnvironment(job_id=883391_1, hostname=compling-compute-02.compling.cornell.edu, local_rank=0(1), node=0(1), global_rank=0(1))
submitit INFO (2022-10-02 01:20:52,829) - Loading pickle: /home/gid-cakmaks/contextual_rs/experiments/wsc_experiments/logs/883391_1/883391_1_submitted.pkl
Starting label LEVI, seed 81, iteration 0, time: 0.0003192424774169922
Starting label LEVI, seed 81, iteration 10, time: 1.5586342811584473
Starting label LEVI, seed 81, iteration 20, time: 3.103602647781372
Starting label LEVI, seed 81, iteration 30, time: 4.6481921672821045
Starting label LEVI, seed 81, iteration 40, time: 6.182610750198364
Starting label LEVI, seed 81, iteration 50, time: 7.739226341247559
Starting label LEVI, seed 81, iteration 60, time: 9.295833587646484
Starting label LEVI, seed 81, iteration 70, time: 10.854376077651978
Starting label LEVI, seed 81, iteration 80, time: 12.402575016021729
Starting label LEVI, seed 81, iteration 90, time: 13.91506052017212
Starting label LEVI, seed 81, iteration 100, time: 15.461137056350708
Starting label LEVI, seed 81, iteration 110, time: 17.021361589431763
Starting label LEVI, seed 81, iteration 120, time: 18.585780382156372
Starting label LEVI, seed 81, iteration 130, time: 20.164881944656372
Starting label LEVI, seed 81, iteration 140, time: 21.78454875946045
Starting label LEVI, seed 81, iteration 150, time: 23.361814498901367
Starting label LEVI, seed 81, iteration 160, time: 24.976316452026367
Starting label LEVI, seed 81, iteration 170, time: 26.551594734191895
Starting label LEVI, seed 81, iteration 180, time: 28.1175057888031
Starting label LEVI, seed 81, iteration 190, time: 29.72676730155945
Starting label LEVI, seed 81, iteration 200, time: 31.313706159591675
Starting label LEVI, seed 81, iteration 210, time: 32.91513204574585
Starting label LEVI, seed 81, iteration 220, time: 34.58377742767334
Starting label LEVI, seed 81, iteration 230, time: 36.19431519508362
Starting label LEVI, seed 81, iteration 240, time: 37.907968521118164
Starting label LEVI, seed 81, iteration 250, time: 39.61103916168213
Starting label LEVI, seed 81, iteration 260, time: 41.58828520774841
Starting label LEVI, seed 81, iteration 270, time: 43.53432321548462
Starting label LEVI, seed 81, iteration 280, time: 45.54389476776123
Starting label LEVI, seed 81, iteration 290, time: 47.599952697753906
Starting label LEVI, seed 81, iteration 300, time: 49.79596424102783
Starting label LEVI, seed 81, iteration 310, time: 51.946224212646484
Starting label LEVI, seed 81, iteration 320, time: 54.15392708778381
Starting label LEVI, seed 81, iteration 330, time: 56.32055950164795
Starting label LEVI, seed 81, iteration 340, time: 58.61060929298401
Starting label LEVI, seed 81, iteration 350, time: 60.60286211967468
Starting label LEVI, seed 81, iteration 360, time: 62.673930406570435
Starting label LEVI, seed 81, iteration 370, time: 64.93735599517822
Starting label LEVI, seed 81, iteration 380, time: 66.9875054359436
Starting label LEVI, seed 81, iteration 390, time: 68.95644783973694
Starting label LEVI, seed 81, iteration 400, time: 71.00782775878906
Starting label LEVI, seed 81, iteration 410, time: 73.05990743637085
Starting label LEVI, seed 81, iteration 420, time: 74.86593103408813
Starting label LEVI, seed 81, iteration 430, time: 76.67638158798218
Starting label LEVI, seed 81, iteration 440, time: 78.51096415519714
Starting label LEVI, seed 81, iteration 450, time: 80.39205265045166
Starting label LEVI, seed 81, iteration 460, time: 82.27929258346558
Starting label LEVI, seed 81, iteration 470, time: 84.19708752632141
Starting label LEVI, seed 81, iteration 480, time: 85.94043111801147
Starting label LEVI, seed 81, iteration 490, time: 87.70876693725586
Starting label LEVI, seed 81, iteration 500, time: 89.47464323043823
Starting label LEVI, seed 81, iteration 510, time: 91.2665467262268
Starting label LEVI, seed 81, iteration 520, time: 93.009934425354
Starting label LEVI, seed 81, iteration 530, time: 94.7972400188446
Starting label LEVI, seed 81, iteration 540, time: 96.5608446598053
Starting label LEVI, seed 81, iteration 550, time: 98.33035588264465
Starting label LEVI, seed 81, iteration 560, time: 100.2688000202179
submitit WARNING (2022-10-02 01:22:36,000) - Bypassing signal SIGCONT
submitit WARNING (2022-10-02 01:22:36,041) - Bypassing signal SIGTERM
Starting label LEVI, seed 81, iteration 570, time: 102.037109375
Starting label LEVI, seed 81, iteration 580, time: 103.85746908187866
Starting label LEVI, seed 81, iteration 590, time: 105.67777991294861
Starting label LEVI, seed 81, iteration 600, time: 107.56884098052979
Starting label LEVI, seed 81, iteration 610, time: 109.40004062652588
Starting label LEVI, seed 81, iteration 620, time: 111.26156687736511
Starting label LEVI, seed 81, iteration 630, time: 113.12337112426758
Starting label LEVI, seed 81, iteration 640, time: 115.15882182121277
Starting label LEVI, seed 81, iteration 650, time: 117.00748586654663
Starting label LEVI, seed 81, iteration 660, time: 118.90575885772705
Starting label LEVI, seed 81, iteration 670, time: 120.71762728691101
Starting label LEVI, seed 81, iteration 680, time: 122.61518454551697
Starting label LEVI, seed 81, iteration 690, time: 124.58317828178406
Starting label LEVI, seed 81, iteration 700, time: 126.61222219467163
Starting label LEVI, seed 81, iteration 710, time: 128.6785683631897
Starting label LEVI, seed 81, iteration 720, time: 130.79920029640198
