submitit INFO (2022-10-02 00:30:02,637) - Starting with JobEnvironment(job_id=883272_1, hostname=rush-compute-01.tech.cornell.edu, local_rank=0(1), node=0(1), global_rank=0(1))
submitit INFO (2022-10-02 00:30:02,638) - Loading pickle: /home/gid-cakmaks/contextual_rs/experiments/wsc_experiments/logs/883272_1/883272_1_submitted.pkl
Starting label LEVI, seed 41, iteration 0, time: 0.0004930496215820312
Starting label LEVI, seed 41, iteration 10, time: 2.9577271938323975
Starting label LEVI, seed 41, iteration 20, time: 5.8335936069488525
Starting label LEVI, seed 41, iteration 30, time: 8.61591100692749
Starting label LEVI, seed 41, iteration 40, time: 11.474540710449219
Starting label LEVI, seed 41, iteration 50, time: 14.342352867126465
Starting label LEVI, seed 41, iteration 60, time: 17.2816264629364
Starting label LEVI, seed 41, iteration 70, time: 20.150460720062256
Starting label LEVI, seed 41, iteration 80, time: 23.05206274986267
Starting label LEVI, seed 41, iteration 90, time: 25.936806678771973
Starting label LEVI, seed 41, iteration 100, time: 28.86926293373108
Starting label LEVI, seed 41, iteration 110, time: 31.73660683631897
Starting label LEVI, seed 41, iteration 120, time: 34.63398027420044
Starting label LEVI, seed 41, iteration 130, time: 37.54782581329346
Starting label LEVI, seed 41, iteration 140, time: 40.58953523635864
Starting label LEVI, seed 41, iteration 150, time: 43.524582386016846
Starting label LEVI, seed 41, iteration 160, time: 46.71782445907593
Starting label LEVI, seed 41, iteration 170, time: 49.77941155433655
Starting label LEVI, seed 41, iteration 180, time: 52.961530447006226
Starting label LEVI, seed 41, iteration 190, time: 56.0599160194397
Starting label LEVI, seed 41, iteration 200, time: 59.31788229942322
Starting label LEVI, seed 41, iteration 210, time: 62.67289161682129
Starting label LEVI, seed 41, iteration 220, time: 65.88864636421204
Starting label LEVI, seed 41, iteration 230, time: 69.343745470047
Starting label LEVI, seed 41, iteration 240, time: 72.47585797309875
Starting label LEVI, seed 41, iteration 250, time: 75.69844269752502
Starting label LEVI, seed 41, iteration 260, time: 79.08301758766174
Starting label LEVI, seed 41, iteration 270, time: 82.14804935455322
Starting label LEVI, seed 41, iteration 280, time: 85.21931624412537
Starting label LEVI, seed 41, iteration 290, time: 88.2400758266449
Starting label LEVI, seed 41, iteration 300, time: 91.30764579772949
Starting label LEVI, seed 41, iteration 310, time: 94.54815554618835
Starting label LEVI, seed 41, iteration 320, time: 97.71184468269348
Starting label LEVI, seed 41, iteration 330, time: 100.91491389274597
Starting label LEVI, seed 41, iteration 340, time: 104.11352109909058
Starting label LEVI, seed 41, iteration 350, time: 107.3221344947815
Starting label LEVI, seed 41, iteration 360, time: 110.5686411857605
Starting label LEVI, seed 41, iteration 370, time: 113.84899711608887
Starting label LEVI, seed 41, iteration 380, time: 117.19014382362366
Starting label LEVI, seed 41, iteration 390, time: 120.64347720146179
Starting label LEVI, seed 41, iteration 400, time: 124.0341010093689
Starting label LEVI, seed 41, iteration 410, time: 127.51153206825256
Starting label LEVI, seed 41, iteration 420, time: 130.73227262496948
Starting label LEVI, seed 41, iteration 430, time: 134.06782007217407
Starting label LEVI, seed 41, iteration 440, time: 137.29273104667664
Starting label LEVI, seed 41, iteration 450, time: 140.5710413455963
Starting label LEVI, seed 41, iteration 460, time: 143.9588897228241
Starting label LEVI, seed 41, iteration 470, time: 147.6838641166687
Starting label LEVI, seed 41, iteration 480, time: 151.05402946472168
Starting label LEVI, seed 41, iteration 490, time: 154.47151136398315
Starting label LEVI, seed 41, iteration 500, time: 157.82582998275757
Starting label LEVI, seed 41, iteration 510, time: 161.3219530582428
Starting label LEVI, seed 41, iteration 520, time: 164.88393020629883
Starting label LEVI, seed 41, iteration 530, time: 168.43009853363037
Starting label LEVI, seed 41, iteration 540, time: 172.2193615436554
Starting label LEVI, seed 41, iteration 550, time: 176.004647731781
Starting label LEVI, seed 41, iteration 560, time: 179.6834397315979
Starting label LEVI, seed 41, iteration 570, time: 183.49849390983582
Starting label LEVI, seed 41, iteration 580, time: 187.39825916290283
Starting label LEVI, seed 41, iteration 590, time: 191.17480635643005
Starting label LEVI, seed 41, iteration 600, time: 194.93058371543884
Starting label LEVI, seed 41, iteration 610, time: 199.5045680999756
Starting label LEVI, seed 41, iteration 620, time: 203.99253582954407
Starting label LEVI, seed 41, iteration 630, time: 208.54078936576843
Starting label LEVI, seed 41, iteration 640, time: 213.0379376411438
Starting label LEVI, seed 41, iteration 650, time: 217.97306847572327
Starting label LEVI, seed 41, iteration 660, time: 222.78775691986084
Starting label LEVI, seed 41, iteration 670, time: 227.75327682495117
Starting label LEVI, seed 41, iteration 680, time: 232.79772758483887
Starting label LEVI, seed 41, iteration 690, time: 237.2080841064453
Starting label LEVI, seed 41, iteration 700, time: 241.705482006073
Starting label LEVI, seed 41, iteration 710, time: 246.6404528617859
Starting label LEVI, seed 41, iteration 720, time: 251.2702443599701
Starting label LEVI, seed 41, iteration 730, time: 255.87977981567383
Starting label LEVI, seed 41, iteration 740, time: 260.56404733657837
Starting label LEVI, seed 41, iteration 750, time: 265.9431459903717
Starting label LEVI, seed 41, iteration 760, time: 270.87447905540466
Starting label LEVI, seed 41, iteration 770, time: 276.4382710456848
Starting label LEVI, seed 41, iteration 780, time: 281.6499092578888
Starting label LEVI, seed 41, iteration 790, time: 287.4161069393158
Starting label LEVI, seed 41, iteration 800, time: 293.2804238796234
Starting label LEVI, seed 41, iteration 810, time: 298.6819303035736
Starting label LEVI, seed 41, iteration 820, time: 304.18422770500183
Starting label LEVI, seed 41, iteration 830, time: 309.6375997066498
Starting label LEVI, seed 41, iteration 840, time: 315.5337553024292
Starting label LEVI, seed 41, iteration 850, time: 321.57079005241394
Starting label LEVI, seed 41, iteration 860, time: 327.2699303627014
Starting label LEVI, seed 41, iteration 870, time: 333.11158871650696
Starting label LEVI, seed 41, iteration 880, time: 339.17529487609863
Starting label LEVI, seed 41, iteration 890, time: 345.19016790390015
Starting label LEVI, seed 41, iteration 900, time: 350.41041564941406
Starting label LEVI, seed 41, iteration 910, time: 356.84330892562866
Starting label LEVI, seed 41, iteration 920, time: 363.315557718277
Starting label LEVI, seed 41, iteration 930, time: 369.77902841567993
Starting label LEVI, seed 41, iteration 940, time: 376.00713181495667
Starting label LEVI, seed 41, iteration 950, time: 382.11287665367126
Starting label LEVI, seed 41, iteration 960, time: 388.6199049949646
Starting label LEVI, seed 41, iteration 970, time: 395.8180332183838
Starting label LEVI, seed 41, iteration 980, time: 402.89655590057373
Starting label LEVI, seed 41, iteration 990, time: 408.952840089798
Starting label LEVI, seed 41, iteration 1000, time: 414.6141700744629
Starting label LEVI, seed 41, iteration 1010, time: 420.9054448604584
Starting label LEVI, seed 41, iteration 1020, time: 428.3147838115692
Starting label LEVI, seed 41, iteration 1030, time: 436.1725609302521
Starting label LEVI, seed 41, iteration 1040, time: 443.4241132736206
Starting label LEVI, seed 41, iteration 1050, time: 450.38233065605164
Starting label LEVI, seed 41, iteration 1060, time: 457.58136892318726
Starting label LEVI, seed 41, iteration 1070, time: 464.60727190971375
Starting label LEVI, seed 41, iteration 1080, time: 471.8723394870758
Starting label LEVI, seed 41, iteration 1090, time: 480.6719048023224
Starting label LEVI, seed 41, iteration 1100, time: 489.20792055130005
Starting label LEVI, seed 41, iteration 1110, time: 497.8616178035736
Starting label LEVI, seed 41, iteration 1120, time: 507.16541504859924
Starting label LEVI, seed 41, iteration 1130, time: 515.7395091056824
Starting label LEVI, seed 41, iteration 1140, time: 525.3028512001038
Starting label LEVI, seed 41, iteration 1150, time: 534.5196096897125
Starting label LEVI, seed 41, iteration 1160, time: 543.7560727596283
Starting label LEVI, seed 41, iteration 1170, time: 551.7421925067902
Starting label LEVI, seed 41, iteration 1180, time: 560.3867604732513
Starting label LEVI, seed 41, iteration 1190, time: 570.1817634105682
Starting label LEVI, seed 41, iteration 1200, time: 579.3740613460541
Starting label LEVI, seed 41, iteration 1210, time: 588.932404756546
Starting label LEVI, seed 41, iteration 1220, time: 599.7009024620056
Starting label LEVI, seed 41, iteration 1230, time: 608.7089879512787
Starting label LEVI, seed 41, iteration 1240, time: 619.9539964199066
Starting label LEVI, seed 41, iteration 1250, time: 631.3766083717346
Starting label LEVI, seed 41, iteration 1260, time: 641.1085402965546
Starting label LEVI, seed 41, iteration 1270, time: 653.0923330783844
Starting label LEVI, seed 41, iteration 1280, time: 663.891747713089
Starting label LEVI, seed 41, iteration 1290, time: 676.4175264835358
Starting label LEVI, seed 41, iteration 1300, time: 688.8061122894287
Starting label LEVI, seed 41, iteration 1310, time: 701.1402225494385
Starting label LEVI, seed 41, iteration 1320, time: 713.7740242481232
Starting label LEVI, seed 41, iteration 1330, time: 726.981912612915
Starting label LEVI, seed 41, iteration 1340, time: 740.1007061004639
Starting label LEVI, seed 41, iteration 1350, time: 753.516674041748
Starting label LEVI, seed 41, iteration 1360, time: 766.1679155826569
Starting label LEVI, seed 41, iteration 1370, time: 779.8506152629852
Starting label LEVI, seed 41, iteration 1380, time: 793.9770843982697
Starting label LEVI, seed 41, iteration 1390, time: 808.1147577762604
Starting label LEVI, seed 41, iteration 1400, time: 821.5838396549225
Starting label LEVI, seed 41, iteration 1410, time: 835.7145240306854
Starting label LEVI, seed 41, iteration 1420, time: 850.075403213501
Starting label LEVI, seed 41, iteration 1430, time: 865.4096903800964
Starting label LEVI, seed 41, iteration 1440, time: 880.3837249279022
Starting label LEVI, seed 41, iteration 1450, time: 895.4480044841766
Starting label LEVI, seed 41, iteration 1460, time: 909.8239872455597
Starting label LEVI, seed 41, iteration 1470, time: 925.9522740840912
Starting label LEVI, seed 41, iteration 1480, time: 941.3633768558502
Starting label LEVI, seed 41, iteration 1490, time: 954.6081583499908
Starting label LEVI, seed 41, iteration 1500, time: 968.5231771469116
Starting label LEVI, seed 41, iteration 1510, time: 982.3517918586731
Starting label LEVI, seed 41, iteration 1520, time: 1000.5422427654266
Starting label LEVI, seed 41, iteration 1530, time: 1015.3424344062805
Starting label LEVI, seed 41, iteration 1540, time: 1033.2173223495483
Starting label LEVI, seed 41, iteration 1550, time: 1052.5845792293549
Starting label LEVI, seed 41, iteration 1560, time: 1071.1632287502289
Starting label LEVI, seed 41, iteration 1570, time: 1087.9746553897858
Starting label LEVI, seed 41, iteration 1580, time: 1106.769015789032
Starting label LEVI, seed 41, iteration 1590, time: 1127.7302603721619
Starting label LEVI, seed 41, iteration 1600, time: 1147.7464714050293
Starting label LEVI, seed 41, iteration 1610, time: 1163.8637714385986
Starting label LEVI, seed 41, iteration 1620, time: 1184.6728417873383
Starting label LEVI, seed 41, iteration 1630, time: 1204.9906039237976
Starting label LEVI, seed 41, iteration 1640, time: 1221.855782032013
Starting label LEVI, seed 41, iteration 1650, time: 1244.022932767868
Starting label LEVI, seed 41, iteration 1660, time: 1261.0022768974304
Starting label LEVI, seed 41, iteration 1670, time: 1282.4164304733276
Starting label LEVI, seed 41, iteration 1680, time: 1304.0899708271027
Starting label LEVI, seed 41, iteration 1690, time: 1325.7952816486359
Starting label LEVI, seed 41, iteration 1700, time: 1348.5643281936646
Starting label LEVI, seed 41, iteration 1710, time: 1367.6600971221924
Starting label LEVI, seed 41, iteration 1720, time: 1385.0399672985077
Starting label LEVI, seed 41, iteration 1730, time: 1402.6950330734253
Starting label LEVI, seed 41, iteration 1740, time: 1422.2127966880798
Starting label LEVI, seed 41, iteration 1750, time: 1445.7063565254211
Starting label LEVI, seed 41, iteration 1760, time: 1465.8788712024689
Starting label LEVI, seed 41, iteration 1770, time: 1485.965990781784
Starting label LEVI, seed 41, iteration 1780, time: 1504.7282581329346
Starting label LEVI, seed 41, iteration 1790, time: 1530.107907295227
submitit WARNING (2022-10-02 00:55:52,053) - Bypassing signal SIGCONT
submitit WARNING (2022-10-02 00:55:52,134) - Bypassing signal SIGTERM
Starting label LEVI, seed 41, iteration 1800, time: 1549.9938950538635
