submitit INFO (2022-10-02 01:46:24,066) - Starting with JobEnvironment(job_id=883484_4, hostname=rush-compute-01.tech.cornell.edu, local_rank=0(1), node=0(1), global_rank=0(1))
submitit INFO (2022-10-02 01:46:24,067) - Loading pickle: /home/gid-cakmaks/contextual_rs/experiments/wsc_experiments/logs/883484_4/883484_4_submitted.pkl
Starting label LEVI, seed 94, iteration 0, time: 0.010828733444213867
Starting label LEVI, seed 94, iteration 10, time: 3.8966925144195557
Starting label LEVI, seed 94, iteration 20, time: 7.933685064315796
Starting label LEVI, seed 94, iteration 30, time: 11.68584132194519
Starting label LEVI, seed 94, iteration 40, time: 15.665246486663818
Starting label LEVI, seed 94, iteration 50, time: 19.829856872558594
Starting label LEVI, seed 94, iteration 60, time: 23.972689628601074
Starting label LEVI, seed 94, iteration 70, time: 28.32731294631958
Starting label LEVI, seed 94, iteration 80, time: 32.66216707229614
Starting label LEVI, seed 94, iteration 90, time: 37.31763029098511
Starting label LEVI, seed 94, iteration 100, time: 42.03962707519531
Starting label LEVI, seed 94, iteration 110, time: 46.88617825508118
Starting label LEVI, seed 94, iteration 120, time: 51.955384731292725
Starting label LEVI, seed 94, iteration 130, time: 56.90916728973389
Starting label LEVI, seed 94, iteration 140, time: 61.881072998046875
Starting label LEVI, seed 94, iteration 150, time: 66.98753213882446
Starting label LEVI, seed 94, iteration 160, time: 72.35301113128662
Starting label LEVI, seed 94, iteration 170, time: 77.68563580513
Starting label LEVI, seed 94, iteration 180, time: 83.02366328239441
Starting label LEVI, seed 94, iteration 190, time: 88.57409381866455
Starting label LEVI, seed 94, iteration 200, time: 94.17945098876953
Starting label LEVI, seed 94, iteration 210, time: 99.63949656486511
Starting label LEVI, seed 94, iteration 220, time: 105.23616194725037
Starting label LEVI, seed 94, iteration 230, time: 110.72026038169861
Starting label LEVI, seed 94, iteration 240, time: 116.46873044967651
Starting label LEVI, seed 94, iteration 250, time: 122.23522591590881
Starting label LEVI, seed 94, iteration 260, time: 128.02051758766174
Starting label LEVI, seed 94, iteration 270, time: 133.67481303215027
Starting label LEVI, seed 94, iteration 280, time: 139.3721330165863
Starting label LEVI, seed 94, iteration 290, time: 144.94657111167908
Starting label LEVI, seed 94, iteration 300, time: 150.41906762123108
Starting label LEVI, seed 94, iteration 310, time: 155.67745923995972
Starting label LEVI, seed 94, iteration 320, time: 161.24004530906677
Starting label LEVI, seed 94, iteration 330, time: 166.58311820030212
Starting label LEVI, seed 94, iteration 340, time: 172.07797145843506
submitit WARNING (2022-10-02 01:49:22,429) - Bypassing signal SIGCONT
submitit WARNING (2022-10-02 01:49:22,431) - Bypassing signal SIGTERM
Starting label LEVI, seed 94, iteration 350, time: 177.43571400642395
Starting label LEVI, seed 94, iteration 360, time: 182.9378161430359
Starting label LEVI, seed 94, iteration 370, time: 188.3330159187317
Starting label LEVI, seed 94, iteration 380, time: 193.92959880828857
Starting label LEVI, seed 94, iteration 390, time: 199.69627904891968
Starting label LEVI, seed 94, iteration 400, time: 205.5830533504486
