submitit INFO (2022-10-02 01:50:19,519) - Starting with JobEnvironment(job_id=883560_7, hostname=lecun.cs.cornell.edu, local_rank=0(1), node=0(1), global_rank=0(1))
submitit INFO (2022-10-02 01:50:19,519) - Loading pickle: /home/gid-cakmaks/contextual_rs/experiments/wsc_experiments/logs/883560_7/883560_7_submitted.pkl
Starting label LEVI, seed 47, iteration 0, time: 0.0003714561462402344
Starting label LEVI, seed 47, iteration 10, time: 4.871866941452026
Starting label LEVI, seed 47, iteration 20, time: 9.749039649963379
Starting label LEVI, seed 47, iteration 30, time: 14.618434429168701
Starting label LEVI, seed 47, iteration 40, time: 19.367565393447876
Starting label LEVI, seed 47, iteration 50, time: 24.475693464279175
Starting label LEVI, seed 47, iteration 60, time: 29.563793182373047
Starting label LEVI, seed 47, iteration 70, time: 34.94631886482239
Starting label LEVI, seed 47, iteration 80, time: 40.56342673301697
Starting label LEVI, seed 47, iteration 90, time: 46.818920373916626
Starting label LEVI, seed 47, iteration 100, time: 52.17455816268921
Starting label LEVI, seed 47, iteration 110, time: 57.33381247520447
Starting label LEVI, seed 47, iteration 120, time: 62.7399685382843
Starting label LEVI, seed 47, iteration 130, time: 68.07837224006653
Starting label LEVI, seed 47, iteration 140, time: 73.17152094841003
Starting label LEVI, seed 47, iteration 150, time: 78.54329752922058
Starting label LEVI, seed 47, iteration 160, time: 83.92373585700989
Starting label LEVI, seed 47, iteration 170, time: 89.34853410720825
Starting label LEVI, seed 47, iteration 180, time: 94.82737040519714
Starting label LEVI, seed 47, iteration 190, time: 100.70964980125427
Starting label LEVI, seed 47, iteration 200, time: 106.31755876541138
Starting label LEVI, seed 47, iteration 210, time: 113.07663893699646
Starting label LEVI, seed 47, iteration 220, time: 118.92186975479126
Starting label LEVI, seed 47, iteration 230, time: 124.82176542282104
Starting label LEVI, seed 47, iteration 240, time: 130.67175483703613
Starting label LEVI, seed 47, iteration 250, time: 136.42821311950684
Starting label LEVI, seed 47, iteration 260, time: 142.0593330860138
Starting label LEVI, seed 47, iteration 270, time: 147.9430811405182
Starting label LEVI, seed 47, iteration 280, time: 153.9348587989807
Starting label LEVI, seed 47, iteration 290, time: 159.9692680835724
Starting label LEVI, seed 47, iteration 300, time: 166.2493851184845
Starting label LEVI, seed 47, iteration 310, time: 172.58690929412842
Starting label LEVI, seed 47, iteration 320, time: 179.09750533103943
Starting label LEVI, seed 47, iteration 330, time: 185.61038184165955
Starting label LEVI, seed 47, iteration 340, time: 192.01588249206543
Starting label LEVI, seed 47, iteration 350, time: 199.59770441055298
Starting label LEVI, seed 47, iteration 360, time: 205.80442357063293
Starting label LEVI, seed 47, iteration 370, time: 211.95328855514526
Starting label LEVI, seed 47, iteration 380, time: 218.22299313545227
Starting label LEVI, seed 47, iteration 390, time: 224.62428760528564
Starting label LEVI, seed 47, iteration 400, time: 230.91562175750732
Starting label LEVI, seed 47, iteration 410, time: 237.33400559425354
Starting label LEVI, seed 47, iteration 420, time: 243.24526572227478
Starting label LEVI, seed 47, iteration 430, time: 250.3993091583252
Starting label LEVI, seed 47, iteration 440, time: 256.70351004600525
Starting label LEVI, seed 47, iteration 450, time: 262.71865129470825
Starting label LEVI, seed 47, iteration 460, time: 268.77892565727234
Starting label LEVI, seed 47, iteration 470, time: 274.9242055416107
Starting label LEVI, seed 47, iteration 480, time: 280.98138523101807
Starting label LEVI, seed 47, iteration 490, time: 286.94469261169434
submitit WARNING (2022-10-02 01:55:12,595) - Bypassing signal SIGCONT
submitit WARNING (2022-10-02 01:55:12,643) - Bypassing signal SIGTERM
Starting label LEVI, seed 47, iteration 500, time: 293.1539943218231
Starting label LEVI, seed 47, iteration 510, time: 299.69713068008423
Starting label LEVI, seed 47, iteration 520, time: 305.970805644989
Starting label LEVI, seed 47, iteration 530, time: 312.38616156578064
Starting label LEVI, seed 47, iteration 540, time: 319.16493010520935
