submitit INFO (2022-10-02 13:27:02,227) - Starting with JobEnvironment(job_id=884551_9, hostname=rush-compute-01.tech.cornell.edu, local_rank=0(1), node=0(1), global_rank=0(1))
submitit INFO (2022-10-02 13:27:02,227) - Loading pickle: /home/gid-cakmaks/contextual_rs/experiments/wsc_experiments/logs/884551_9/884551_9_submitted.pkl
Appending iterations to existing output!Warning: If parameters other than `iterations` have been changed, this will corrupt the output!
Starting label LEVI, seed 39, iteration 530, time: 328.5499324798584
Starting label LEVI, seed 39, iteration 540, time: 334.80282187461853
Starting label LEVI, seed 39, iteration 550, time: 341.2436730861664
Starting label LEVI, seed 39, iteration 560, time: 347.8489284515381
Starting label LEVI, seed 39, iteration 570, time: 354.5358612537384
Starting label LEVI, seed 39, iteration 580, time: 361.39324927330017
Starting label LEVI, seed 39, iteration 590, time: 368.0808846950531
Starting label LEVI, seed 39, iteration 600, time: 374.5374381542206
Starting label LEVI, seed 39, iteration 610, time: 381.3855903148651
Starting label LEVI, seed 39, iteration 620, time: 387.9472029209137
Starting label LEVI, seed 39, iteration 630, time: 394.9433398246765
Starting label LEVI, seed 39, iteration 640, time: 401.4370174407959
Starting label LEVI, seed 39, iteration 650, time: 407.97863388061523
Starting label LEVI, seed 39, iteration 660, time: 414.9194130897522
Starting label LEVI, seed 39, iteration 670, time: 421.46229338645935
Starting label LEVI, seed 39, iteration 680, time: 428.0633656978607
Starting label LEVI, seed 39, iteration 690, time: 434.93565130233765
Starting label LEVI, seed 39, iteration 700, time: 441.37991070747375
Starting label LEVI, seed 39, iteration 710, time: 448.0538544654846
Starting label LEVI, seed 39, iteration 720, time: 454.6406497955322
Starting label LEVI, seed 39, iteration 730, time: 461.44563150405884
Starting label LEVI, seed 39, iteration 740, time: 468.0730047225952
Starting label LEVI, seed 39, iteration 750, time: 474.7033498287201
Starting label LEVI, seed 39, iteration 760, time: 481.98409628868103
Starting label LEVI, seed 39, iteration 770, time: 489.0424726009369
Starting label LEVI, seed 39, iteration 780, time: 496.2805771827698
Starting label LEVI, seed 39, iteration 790, time: 503.5630874633789
Starting label LEVI, seed 39, iteration 800, time: 510.49939918518066
Starting label LEVI, seed 39, iteration 810, time: 517.6878807544708
Starting label LEVI, seed 39, iteration 820, time: 524.962112903595
Starting label LEVI, seed 39, iteration 830, time: 532.2675869464874
Starting label LEVI, seed 39, iteration 840, time: 539.7702827453613
Starting label LEVI, seed 39, iteration 850, time: 547.1524946689606
Starting label LEVI, seed 39, iteration 860, time: 554.7714931964874
Starting label LEVI, seed 39, iteration 870, time: 562.6181879043579
Starting label LEVI, seed 39, iteration 880, time: 570.1142692565918
Starting label LEVI, seed 39, iteration 890, time: 577.8388752937317
Starting label LEVI, seed 39, iteration 900, time: 585.2429964542389
Starting label LEVI, seed 39, iteration 910, time: 592.7685618400574
Starting label LEVI, seed 39, iteration 920, time: 600.3534417152405
Starting label LEVI, seed 39, iteration 930, time: 608.0706238746643
Starting label LEVI, seed 39, iteration 940, time: 616.0078639984131
Starting label LEVI, seed 39, iteration 950, time: 624.7402210235596
Starting label LEVI, seed 39, iteration 960, time: 633.1807277202606
Starting label LEVI, seed 39, iteration 970, time: 641.7102544307709
Starting label LEVI, seed 39, iteration 980, time: 650.2227172851562
Starting label LEVI, seed 39, iteration 990, time: 657.9420962333679
Starting label LEVI, seed 39, iteration 1000, time: 665.6867473125458
Starting label LEVI, seed 39, iteration 1010, time: 673.6833710670471
Starting label LEVI, seed 39, iteration 1020, time: 681.7764253616333
Starting label LEVI, seed 39, iteration 1030, time: 689.8385682106018
Starting label LEVI, seed 39, iteration 1040, time: 697.9631102085114
Starting label LEVI, seed 39, iteration 1050, time: 706.1424052715302
Starting label LEVI, seed 39, iteration 1060, time: 714.7390477657318
Starting label LEVI, seed 39, iteration 1070, time: 723.0601058006287
Starting label LEVI, seed 39, iteration 1080, time: 731.4426710605621
Starting label LEVI, seed 39, iteration 1090, time: 740.1137578487396
Starting label LEVI, seed 39, iteration 1100, time: 748.1987495422363
Starting label LEVI, seed 39, iteration 1110, time: 756.2557203769684
Starting label LEVI, seed 39, iteration 1120, time: 764.4607756137848
Starting label LEVI, seed 39, iteration 1130, time: 772.5669541358948
Starting label LEVI, seed 39, iteration 1140, time: 780.7457187175751
Starting label LEVI, seed 39, iteration 1150, time: 789.1843013763428
Starting label LEVI, seed 39, iteration 1160, time: 797.2215046882629
Starting label LEVI, seed 39, iteration 1170, time: 805.08180809021
Starting label LEVI, seed 39, iteration 1180, time: 812.9182405471802
Starting label LEVI, seed 39, iteration 1190, time: 821.0424840450287
Starting label LEVI, seed 39, iteration 1200, time: 829.6950151920319
Starting label LEVI, seed 39, iteration 1210, time: 837.9124999046326
Starting label LEVI, seed 39, iteration 1220, time: 846.4541847705841
Starting label LEVI, seed 39, iteration 1230, time: 855.0991625785828
Starting label LEVI, seed 39, iteration 1240, time: 864.0435078144073
Starting label LEVI, seed 39, iteration 1250, time: 872.8129696846008
Starting label LEVI, seed 39, iteration 1260, time: 881.7596204280853
Starting label LEVI, seed 39, iteration 1270, time: 890.7623610496521
Starting label LEVI, seed 39, iteration 1280, time: 899.4470717906952
Starting label LEVI, seed 39, iteration 1290, time: 908.4873199462891
Starting label LEVI, seed 39, iteration 1300, time: 917.2279732227325
Starting label LEVI, seed 39, iteration 1310, time: 925.805914402008
Starting label LEVI, seed 39, iteration 1320, time: 934.4070997238159
Starting label LEVI, seed 39, iteration 1330, time: 943.439695596695
Starting label LEVI, seed 39, iteration 1340, time: 952.5777595043182
Starting label LEVI, seed 39, iteration 1350, time: 961.6620535850525
Starting label LEVI, seed 39, iteration 1360, time: 970.4829688072205
Starting label LEVI, seed 39, iteration 1370, time: 979.8562064170837
Starting label LEVI, seed 39, iteration 1380, time: 988.8497242927551
Starting label LEVI, seed 39, iteration 1390, time: 997.79594373703
Starting label LEVI, seed 39, iteration 1400, time: 1007.010094165802
Starting label LEVI, seed 39, iteration 1410, time: 1016.1715123653412
Starting label LEVI, seed 39, iteration 1420, time: 1024.5568387508392
Starting label LEVI, seed 39, iteration 1430, time: 1033.122752904892
Starting label LEVI, seed 39, iteration 1440, time: 1041.9713559150696
Starting label LEVI, seed 39, iteration 1450, time: 1051.2328281402588
Starting label LEVI, seed 39, iteration 1460, time: 1061.104586839676
Starting label LEVI, seed 39, iteration 1470, time: 1071.6507699489594
Starting label LEVI, seed 39, iteration 1480, time: 1081.432570695877
Starting label LEVI, seed 39, iteration 1490, time: 1091.0349280834198
Starting label LEVI, seed 39, iteration 1500, time: 1100.610962152481
Starting label LEVI, seed 39, iteration 1510, time: 1110.412743806839
Starting label LEVI, seed 39, iteration 1520, time: 1120.847028017044
Starting label LEVI, seed 39, iteration 1530, time: 1131.1352672576904
Starting label LEVI, seed 39, iteration 1540, time: 1140.8297638893127
Starting label LEVI, seed 39, iteration 1550, time: 1151.5506880283356
Starting label LEVI, seed 39, iteration 1560, time: 1161.2860171794891
Starting label LEVI, seed 39, iteration 1570, time: 1171.1218936443329
Starting label LEVI, seed 39, iteration 1580, time: 1181.2070500850677
Starting label LEVI, seed 39, iteration 1590, time: 1190.924923658371
Starting label LEVI, seed 39, iteration 1600, time: 1200.753010749817
Starting label LEVI, seed 39, iteration 1610, time: 1211.3318898677826
Starting label LEVI, seed 39, iteration 1620, time: 1221.4112131595612
Starting label LEVI, seed 39, iteration 1630, time: 1231.9742414951324
Starting label LEVI, seed 39, iteration 1640, time: 1243.7441840171814
Starting label LEVI, seed 39, iteration 1650, time: 1254.7139821052551
Starting label LEVI, seed 39, iteration 1660, time: 1266.2289998531342
Starting label LEVI, seed 39, iteration 1670, time: 1277.2839913368225
Starting label LEVI, seed 39, iteration 1680, time: 1289.3218047618866
Starting label LEVI, seed 39, iteration 1690, time: 1301.0371232032776
Starting label LEVI, seed 39, iteration 1700, time: 1312.3394157886505
Starting label LEVI, seed 39, iteration 1710, time: 1325.131418466568
Starting label LEVI, seed 39, iteration 1720, time: 1337.3692376613617
Starting label LEVI, seed 39, iteration 1730, time: 1349.0420949459076
Starting label LEVI, seed 39, iteration 1740, time: 1361.5913789272308
Starting label LEVI, seed 39, iteration 1750, time: 1374.5038056373596
Starting label LEVI, seed 39, iteration 1760, time: 1386.7542700767517
Starting label LEVI, seed 39, iteration 1770, time: 1399.7201454639435
Starting label LEVI, seed 39, iteration 1780, time: 1412.2539222240448
Starting label LEVI, seed 39, iteration 1790, time: 1425.3932235240936
Starting label LEVI, seed 39, iteration 1800, time: 1438.02614569664
Starting label LEVI, seed 39, iteration 1810, time: 1450.678733587265
Starting label LEVI, seed 39, iteration 1820, time: 1463.9203343391418
Starting label LEVI, seed 39, iteration 1830, time: 1477.867155790329
Starting label LEVI, seed 39, iteration 1840, time: 1492.2044236660004
Starting label LEVI, seed 39, iteration 1850, time: 1507.4109871387482
Starting label LEVI, seed 39, iteration 1860, time: 1521.692801952362
Starting label LEVI, seed 39, iteration 1870, time: 1534.9101526737213
Starting label LEVI, seed 39, iteration 1880, time: 1548.8777165412903
Starting label LEVI, seed 39, iteration 1890, time: 1563.606070280075
Starting label LEVI, seed 39, iteration 1900, time: 1577.304919242859
Starting label LEVI, seed 39, iteration 1910, time: 1591.5552713871002
Starting label LEVI, seed 39, iteration 1920, time: 1605.435087442398
Starting label LEVI, seed 39, iteration 1930, time: 1619.9107949733734
Starting label LEVI, seed 39, iteration 1940, time: 1634.526314496994
Starting label LEVI, seed 39, iteration 1950, time: 1648.9318661689758
Starting label LEVI, seed 39, iteration 1960, time: 1662.8320662975311
Starting label LEVI, seed 39, iteration 1970, time: 1676.9123182296753
Starting label LEVI, seed 39, iteration 1980, time: 1691.931616783142
Starting label LEVI, seed 39, iteration 1990, time: 1706.658563375473
submitit INFO (2022-10-02 13:50:18,657) - Job completed successfully
