submitit INFO (2022-10-02 13:26:52,418) - Starting with JobEnvironment(job_id=884541_3, hostname=tripods-compute-02.cs.cornell.edu, local_rank=0(1), node=0(1), global_rank=0(1))
submitit INFO (2022-10-02 13:26:52,419) - Loading pickle: /home/gid-cakmaks/contextual_rs/experiments/wsc_experiments/logs/884541_3/884541_3_submitted.pkl
Appending iterations to existing output!Warning: If parameters other than `iterations` have been changed, this will corrupt the output!
Starting label LEVI, seed 23, iteration 570, time: 335.51932311058044
Starting label LEVI, seed 23, iteration 580, time: 343.19436717033386
Starting label LEVI, seed 23, iteration 590, time: 351.0574719905853
Starting label LEVI, seed 23, iteration 600, time: 358.71078276634216
Starting label LEVI, seed 23, iteration 610, time: 366.2364776134491
Starting label LEVI, seed 23, iteration 620, time: 374.0914182662964
Starting label LEVI, seed 23, iteration 630, time: 383.0582208633423
Starting label LEVI, seed 23, iteration 640, time: 392.3841140270233
Starting label LEVI, seed 23, iteration 650, time: 401.8393306732178
Starting label LEVI, seed 23, iteration 660, time: 410.76840019226074
Starting label LEVI, seed 23, iteration 670, time: 420.2363724708557
Starting label LEVI, seed 23, iteration 680, time: 430.1461567878723
Starting label LEVI, seed 23, iteration 690, time: 438.9672567844391
Starting label LEVI, seed 23, iteration 700, time: 447.89770889282227
Starting label LEVI, seed 23, iteration 710, time: 457.0322391986847
Starting label LEVI, seed 23, iteration 720, time: 465.9936797618866
Starting label LEVI, seed 23, iteration 730, time: 475.25676703453064
Starting label LEVI, seed 23, iteration 740, time: 486.07064628601074
Starting label LEVI, seed 23, iteration 750, time: 496.5163013935089
Starting label LEVI, seed 23, iteration 760, time: 506.6703085899353
Starting label LEVI, seed 23, iteration 770, time: 517.4880068302155
Starting label LEVI, seed 23, iteration 780, time: 527.7810230255127
Starting label LEVI, seed 23, iteration 790, time: 537.801450252533
Starting label LEVI, seed 23, iteration 800, time: 547.2794618606567
Starting label LEVI, seed 23, iteration 810, time: 557.7190997600555
Starting label LEVI, seed 23, iteration 820, time: 568.4148292541504
Starting label LEVI, seed 23, iteration 830, time: 578.6150853633881
Starting label LEVI, seed 23, iteration 840, time: 589.2850966453552
Starting label LEVI, seed 23, iteration 850, time: 601.3685555458069
Starting label LEVI, seed 23, iteration 860, time: 611.2327904701233
Starting label LEVI, seed 23, iteration 870, time: 621.7579007148743
Starting label LEVI, seed 23, iteration 880, time: 633.772463798523
Starting label LEVI, seed 23, iteration 890, time: 644.8154315948486
Starting label LEVI, seed 23, iteration 900, time: 654.9234349727631
Starting label LEVI, seed 23, iteration 910, time: 666.8258945941925
Starting label LEVI, seed 23, iteration 920, time: 678.439266204834
Starting label LEVI, seed 23, iteration 930, time: 690.4841637611389
Starting label LEVI, seed 23, iteration 940, time: 701.8672950267792
Starting label LEVI, seed 23, iteration 950, time: 711.974603176117
Starting label LEVI, seed 23, iteration 960, time: 721.8357298374176
Starting label LEVI, seed 23, iteration 970, time: 730.9869759082794
Starting label LEVI, seed 23, iteration 980, time: 741.1924827098846
Starting label LEVI, seed 23, iteration 990, time: 750.4520747661591
Starting label LEVI, seed 23, iteration 1000, time: 759.859860420227
Starting label LEVI, seed 23, iteration 1010, time: 769.3872368335724
Starting label LEVI, seed 23, iteration 1020, time: 778.4485108852386
Starting label LEVI, seed 23, iteration 1030, time: 787.816731929779
Starting label LEVI, seed 23, iteration 1040, time: 797.0299603939056
Starting label LEVI, seed 23, iteration 1050, time: 806.4979395866394
Starting label LEVI, seed 23, iteration 1060, time: 815.7396547794342
Starting label LEVI, seed 23, iteration 1070, time: 824.6319766044617
Starting label LEVI, seed 23, iteration 1080, time: 833.7246932983398
Starting label LEVI, seed 23, iteration 1090, time: 842.8454558849335
Starting label LEVI, seed 23, iteration 1100, time: 851.9731316566467
Starting label LEVI, seed 23, iteration 1110, time: 861.3230693340302
Starting label LEVI, seed 23, iteration 1120, time: 870.8056125640869
Starting label LEVI, seed 23, iteration 1130, time: 880.2817001342773
Starting label LEVI, seed 23, iteration 1140, time: 889.3988916873932
Starting label LEVI, seed 23, iteration 1150, time: 898.8064739704132
Starting label LEVI, seed 23, iteration 1160, time: 908.2652337551117
Starting label LEVI, seed 23, iteration 1170, time: 917.8961417675018
Starting label LEVI, seed 23, iteration 1180, time: 927.8537542819977
Starting label LEVI, seed 23, iteration 1190, time: 937.2897548675537
Starting label LEVI, seed 23, iteration 1200, time: 947.1451301574707
Starting label LEVI, seed 23, iteration 1210, time: 957.0013790130615
Starting label LEVI, seed 23, iteration 1220, time: 966.5403606891632
Starting label LEVI, seed 23, iteration 1230, time: 975.3909430503845
Starting label LEVI, seed 23, iteration 1240, time: 984.7624220848083
Starting label LEVI, seed 23, iteration 1250, time: 993.6951792240143
Starting label LEVI, seed 23, iteration 1260, time: 1002.9891428947449
Starting label LEVI, seed 23, iteration 1270, time: 1012.1374185085297
Starting label LEVI, seed 23, iteration 1280, time: 1020.8571307659149
Starting label LEVI, seed 23, iteration 1290, time: 1029.4116780757904
Starting label LEVI, seed 23, iteration 1300, time: 1038.0638842582703
Starting label LEVI, seed 23, iteration 1310, time: 1047.0953748226166
Starting label LEVI, seed 23, iteration 1320, time: 1055.823293209076
Starting label LEVI, seed 23, iteration 1330, time: 1064.9744000434875
Starting label LEVI, seed 23, iteration 1340, time: 1074.1977634429932
Starting label LEVI, seed 23, iteration 1350, time: 1083.0757639408112
Starting label LEVI, seed 23, iteration 1360, time: 1092.3288850784302
Starting label LEVI, seed 23, iteration 1370, time: 1101.0341536998749
Starting label LEVI, seed 23, iteration 1380, time: 1110.057729959488
Starting label LEVI, seed 23, iteration 1390, time: 1119.3139367103577
Starting label LEVI, seed 23, iteration 1400, time: 1129.4074556827545
Starting label LEVI, seed 23, iteration 1410, time: 1139.5513327121735
Starting label LEVI, seed 23, iteration 1420, time: 1149.7247717380524
Starting label LEVI, seed 23, iteration 1430, time: 1159.960795879364
Starting label LEVI, seed 23, iteration 1440, time: 1170.1403863430023
Starting label LEVI, seed 23, iteration 1450, time: 1179.4184663295746
Starting label LEVI, seed 23, iteration 1460, time: 1189.629122018814
Starting label LEVI, seed 23, iteration 1470, time: 1199.475294828415
Starting label LEVI, seed 23, iteration 1480, time: 1209.6779026985168
Starting label LEVI, seed 23, iteration 1490, time: 1219.3417687416077
Starting label LEVI, seed 23, iteration 1500, time: 1228.676871061325
Starting label LEVI, seed 23, iteration 1510, time: 1238.6056253910065
Starting label LEVI, seed 23, iteration 1520, time: 1249.1571111679077
Starting label LEVI, seed 23, iteration 1530, time: 1259.207997560501
Starting label LEVI, seed 23, iteration 1540, time: 1271.3018827438354
Starting label LEVI, seed 23, iteration 1550, time: 1282.086730003357
Starting label LEVI, seed 23, iteration 1560, time: 1292.5919666290283
Starting label LEVI, seed 23, iteration 1570, time: 1303.4006741046906
Starting label LEVI, seed 23, iteration 1580, time: 1313.7451436519623
Starting label LEVI, seed 23, iteration 1590, time: 1325.004784822464
Starting label LEVI, seed 23, iteration 1600, time: 1335.202650308609
Starting label LEVI, seed 23, iteration 1610, time: 1346.0284352302551
Starting label LEVI, seed 23, iteration 1620, time: 1357.1135592460632
Starting label LEVI, seed 23, iteration 1630, time: 1368.0539529323578
Starting label LEVI, seed 23, iteration 1640, time: 1379.5817294120789
Starting label LEVI, seed 23, iteration 1650, time: 1390.8395760059357
Starting label LEVI, seed 23, iteration 1660, time: 1402.73530459404
Starting label LEVI, seed 23, iteration 1670, time: 1414.7788443565369
Starting label LEVI, seed 23, iteration 1680, time: 1427.29412150383
Starting label LEVI, seed 23, iteration 1690, time: 1440.4991912841797
Starting label LEVI, seed 23, iteration 1700, time: 1452.7641217708588
Starting label LEVI, seed 23, iteration 1710, time: 1466.9465041160583
Starting label LEVI, seed 23, iteration 1720, time: 1479.16552734375
Starting label LEVI, seed 23, iteration 1730, time: 1492.6291332244873
Starting label LEVI, seed 23, iteration 1740, time: 1506.5999104976654
Starting label LEVI, seed 23, iteration 1750, time: 1520.5379037857056
Starting label LEVI, seed 23, iteration 1760, time: 1534.8497931957245
Starting label LEVI, seed 23, iteration 1770, time: 1548.4351460933685
Starting label LEVI, seed 23, iteration 1780, time: 1561.1355574131012
Starting label LEVI, seed 23, iteration 1790, time: 1574.1277148723602
Starting label LEVI, seed 23, iteration 1800, time: 1587.7506906986237
Starting label LEVI, seed 23, iteration 1810, time: 1601.3497579097748
Starting label LEVI, seed 23, iteration 1820, time: 1615.1091346740723
Starting label LEVI, seed 23, iteration 1830, time: 1628.360855102539
Starting label LEVI, seed 23, iteration 1840, time: 1642.596479177475
Starting label LEVI, seed 23, iteration 1850, time: 1654.9189682006836
Starting label LEVI, seed 23, iteration 1860, time: 1668.5836663246155
Starting label LEVI, seed 23, iteration 1870, time: 1682.5878448486328
Starting label LEVI, seed 23, iteration 1880, time: 1696.657704114914
Starting label LEVI, seed 23, iteration 1890, time: 1709.9896111488342
Starting label LEVI, seed 23, iteration 1900, time: 1724.0249569416046
Starting label LEVI, seed 23, iteration 1910, time: 1738.2274141311646
Starting label LEVI, seed 23, iteration 1920, time: 1753.1491529941559
Starting label LEVI, seed 23, iteration 1930, time: 1768.9257819652557
Starting label LEVI, seed 23, iteration 1940, time: 1784.0829317569733
Starting label LEVI, seed 23, iteration 1950, time: 1799.1975588798523
Starting label LEVI, seed 23, iteration 1960, time: 1813.173614025116
Starting label LEVI, seed 23, iteration 1970, time: 1829.4348061084747
Starting label LEVI, seed 23, iteration 1980, time: 1846.0694234371185
Starting label LEVI, seed 23, iteration 1990, time: 1860.6614775657654
submitit INFO (2022-10-02 13:52:36,003) - Job completed successfully
