submitit INFO (2022-10-02 01:49:55,843) - Starting with JobEnvironment(job_id=883523_2, hostname=sablab-gpu-06.ece.cornell.edu, local_rank=0(1), node=0(1), global_rank=0(1))
submitit INFO (2022-10-02 01:49:55,843) - Loading pickle: /home/gid-cakmaks/contextual_rs/experiments/wsc_experiments/logs/883523_2/883523_2_submitted.pkl
Starting label LEVI, seed 12, iteration 0, time: 0.002565145492553711
Starting label LEVI, seed 12, iteration 10, time: 5.269352436065674
Starting label LEVI, seed 12, iteration 20, time: 10.458462715148926
Starting label LEVI, seed 12, iteration 30, time: 15.794897317886353
Starting label LEVI, seed 12, iteration 40, time: 21.17832660675049
Starting label LEVI, seed 12, iteration 50, time: 27.901179790496826
Starting label LEVI, seed 12, iteration 60, time: 33.47462177276611
Starting label LEVI, seed 12, iteration 70, time: 39.09456396102905
Starting label LEVI, seed 12, iteration 80, time: 44.886988401412964
Starting label LEVI, seed 12, iteration 90, time: 51.10299015045166
Starting label LEVI, seed 12, iteration 100, time: 56.84464931488037
Starting label LEVI, seed 12, iteration 110, time: 62.579795837402344
Starting label LEVI, seed 12, iteration 120, time: 68.23071670532227
Starting label LEVI, seed 12, iteration 130, time: 74.02961468696594
Starting label LEVI, seed 12, iteration 140, time: 79.94836187362671
Starting label LEVI, seed 12, iteration 150, time: 86.15260410308838
Starting label LEVI, seed 12, iteration 160, time: 92.31811308860779
Starting label LEVI, seed 12, iteration 170, time: 98.64693546295166
Starting label LEVI, seed 12, iteration 180, time: 106.15963840484619
Starting label LEVI, seed 12, iteration 190, time: 112.26371645927429
Starting label LEVI, seed 12, iteration 200, time: 119.27366781234741
Starting label LEVI, seed 12, iteration 210, time: 126.29213309288025
Starting label LEVI, seed 12, iteration 220, time: 133.51287388801575
Starting label LEVI, seed 12, iteration 230, time: 140.8060383796692
Starting label LEVI, seed 12, iteration 240, time: 146.73833918571472
Starting label LEVI, seed 12, iteration 250, time: 152.72171568870544
Starting label LEVI, seed 12, iteration 260, time: 158.90395855903625
Starting label LEVI, seed 12, iteration 270, time: 165.76148438453674
Starting label LEVI, seed 12, iteration 280, time: 171.75852251052856
Starting label LEVI, seed 12, iteration 290, time: 177.63376998901367
Starting label LEVI, seed 12, iteration 300, time: 183.49036383628845
Starting label LEVI, seed 12, iteration 310, time: 189.50408720970154
Starting label LEVI, seed 12, iteration 320, time: 195.4660985469818
Starting label LEVI, seed 12, iteration 330, time: 201.55243754386902
Starting label LEVI, seed 12, iteration 340, time: 207.56015276908875
Starting label LEVI, seed 12, iteration 350, time: 214.5005133152008
Starting label LEVI, seed 12, iteration 360, time: 220.8014440536499
Starting label LEVI, seed 12, iteration 370, time: 226.91913199424744
Starting label LEVI, seed 12, iteration 380, time: 233.05868196487427
Starting label LEVI, seed 12, iteration 390, time: 240.47585439682007
Starting label LEVI, seed 12, iteration 400, time: 246.72163486480713
Starting label LEVI, seed 12, iteration 410, time: 253.07528233528137
Starting label LEVI, seed 12, iteration 420, time: 259.4539294242859
Starting label LEVI, seed 12, iteration 430, time: 266.7190001010895
Starting label LEVI, seed 12, iteration 440, time: 273.6636085510254
Starting label LEVI, seed 12, iteration 450, time: 280.08453011512756
Starting label LEVI, seed 12, iteration 460, time: 286.6247754096985
Starting label LEVI, seed 12, iteration 470, time: 294.1776373386383
Starting label LEVI, seed 12, iteration 480, time: 301.6379814147949
Starting label LEVI, seed 12, iteration 490, time: 308.7543160915375
submitit WARNING (2022-10-02 01:55:12,486) - Bypassing signal SIGCONT
submitit WARNING (2022-10-02 01:55:12,491) - Bypassing signal SIGTERM
Starting label LEVI, seed 12, iteration 500, time: 315.75517225265503
Starting label LEVI, seed 12, iteration 510, time: 322.37865948677063
Starting label LEVI, seed 12, iteration 520, time: 329.2074534893036
Starting label LEVI, seed 12, iteration 530, time: 335.9947896003723
Starting label LEVI, seed 12, iteration 540, time: 343.6239912509918
