submitit INFO (2022-10-02 01:23:32,570) - Starting with JobEnvironment(job_id=883459_6, hostname=rush-compute-01.tech.cornell.edu, local_rank=0(1), node=0(1), global_rank=0(1))
submitit INFO (2022-10-02 01:23:32,571) - Loading pickle: /home/gid-cakmaks/contextual_rs/experiments/wsc_experiments/logs/883459_6/883459_6_submitted.pkl
Starting label LEVI, seed 46, iteration 0, time: 0.01642012596130371
Starting label LEVI, seed 46, iteration 10, time: 5.276134967803955
Starting label LEVI, seed 46, iteration 20, time: 10.890380382537842
Starting label LEVI, seed 46, iteration 30, time: 16.668640613555908
Starting label LEVI, seed 46, iteration 40, time: 22.320727109909058
Starting label LEVI, seed 46, iteration 50, time: 28.054001569747925
Starting label LEVI, seed 46, iteration 60, time: 33.87761902809143
Starting label LEVI, seed 46, iteration 70, time: 39.83465814590454
Starting label LEVI, seed 46, iteration 80, time: 45.892723083496094
Starting label LEVI, seed 46, iteration 90, time: 51.74488639831543
Starting label LEVI, seed 46, iteration 100, time: 57.627410650253296
Starting label LEVI, seed 46, iteration 110, time: 63.68235421180725
Starting label LEVI, seed 46, iteration 120, time: 69.83479714393616
Starting label LEVI, seed 46, iteration 130, time: 76.43002724647522
Starting label LEVI, seed 46, iteration 140, time: 82.81828689575195
Starting label LEVI, seed 46, iteration 150, time: 89.54361987113953
Starting label LEVI, seed 46, iteration 160, time: 96.59145188331604
Starting label LEVI, seed 46, iteration 170, time: 103.98368382453918
Starting label LEVI, seed 46, iteration 180, time: 111.4105658531189
Starting label LEVI, seed 46, iteration 190, time: 118.68082118034363
Starting label LEVI, seed 46, iteration 200, time: 126.00987100601196
Starting label LEVI, seed 46, iteration 210, time: 133.41877913475037
Starting label LEVI, seed 46, iteration 220, time: 140.67003893852234
Starting label LEVI, seed 46, iteration 230, time: 147.90275883674622
Starting label LEVI, seed 46, iteration 240, time: 154.8900899887085
Starting label LEVI, seed 46, iteration 250, time: 162.11715459823608
Starting label LEVI, seed 46, iteration 260, time: 169.0967152118683
Starting label LEVI, seed 46, iteration 270, time: 175.8159317970276
Starting label LEVI, seed 46, iteration 280, time: 182.98821902275085
Starting label LEVI, seed 46, iteration 290, time: 190.270578622818
Starting label LEVI, seed 46, iteration 300, time: 197.51901769638062
Starting label LEVI, seed 46, iteration 310, time: 204.86880254745483
Starting label LEVI, seed 46, iteration 320, time: 212.14510941505432
Starting label LEVI, seed 46, iteration 330, time: 219.47648453712463
Starting label LEVI, seed 46, iteration 340, time: 226.4320240020752
Starting label LEVI, seed 46, iteration 350, time: 233.53390383720398
Starting label LEVI, seed 46, iteration 360, time: 240.55497217178345
Starting label LEVI, seed 46, iteration 370, time: 247.8077278137207
Starting label LEVI, seed 46, iteration 380, time: 255.55848455429077
Starting label LEVI, seed 46, iteration 390, time: 262.98582649230957
Starting label LEVI, seed 46, iteration 400, time: 269.30329179763794
Starting label LEVI, seed 46, iteration 410, time: 275.48594975471497
Starting label LEVI, seed 46, iteration 420, time: 281.9978680610657
Starting label LEVI, seed 46, iteration 430, time: 288.52614736557007
Starting label LEVI, seed 46, iteration 440, time: 294.9894037246704
Starting label LEVI, seed 46, iteration 450, time: 301.4456298351288
Starting label LEVI, seed 46, iteration 460, time: 308.1238033771515
Starting label LEVI, seed 46, iteration 470, time: 314.5628385543823
Starting label LEVI, seed 46, iteration 480, time: 321.2366735935211
Starting label LEVI, seed 46, iteration 490, time: 327.8521959781647
Starting label LEVI, seed 46, iteration 500, time: 334.42796087265015
Starting label LEVI, seed 46, iteration 510, time: 341.102379322052
Starting label LEVI, seed 46, iteration 520, time: 347.6981563568115
Starting label LEVI, seed 46, iteration 530, time: 354.3148500919342
Starting label LEVI, seed 46, iteration 540, time: 360.9147045612335
Starting label LEVI, seed 46, iteration 550, time: 367.4344868659973
Starting label LEVI, seed 46, iteration 560, time: 374.0515115261078
Starting label LEVI, seed 46, iteration 570, time: 380.6921305656433
Starting label LEVI, seed 46, iteration 580, time: 387.0750539302826
Starting label LEVI, seed 46, iteration 590, time: 393.6073191165924
Starting label LEVI, seed 46, iteration 600, time: 399.97149562835693
Starting label LEVI, seed 46, iteration 610, time: 406.62153720855713
Starting label LEVI, seed 46, iteration 620, time: 413.2598876953125
Starting label LEVI, seed 46, iteration 630, time: 419.7442491054535
Starting label LEVI, seed 46, iteration 640, time: 426.28062653541565
Starting label LEVI, seed 46, iteration 650, time: 435.2513906955719
Starting label LEVI, seed 46, iteration 660, time: 443.9464728832245
Starting label LEVI, seed 46, iteration 670, time: 451.44417095184326
Starting label LEVI, seed 46, iteration 680, time: 460.2730917930603
Starting label LEVI, seed 46, iteration 690, time: 469.72052788734436
Starting label LEVI, seed 46, iteration 700, time: 479.1426191329956
Starting label LEVI, seed 46, iteration 710, time: 487.78279638290405
Starting label LEVI, seed 46, iteration 720, time: 497.68159317970276
Starting label LEVI, seed 46, iteration 730, time: 506.7672016620636
Starting label LEVI, seed 46, iteration 740, time: 515.5924024581909
Starting label LEVI, seed 46, iteration 750, time: 524.2818367481232
Starting label LEVI, seed 46, iteration 760, time: 533.4002137184143
Starting label LEVI, seed 46, iteration 770, time: 542.881379365921
Starting label LEVI, seed 46, iteration 780, time: 551.6644601821899
Starting label LEVI, seed 46, iteration 790, time: 560.5779056549072
Starting label LEVI, seed 46, iteration 800, time: 568.9237811565399
Starting label LEVI, seed 46, iteration 810, time: 578.3503086566925
Starting label LEVI, seed 46, iteration 820, time: 588.0289306640625
Starting label LEVI, seed 46, iteration 830, time: 599.1410739421844
Starting label LEVI, seed 46, iteration 840, time: 610.4830713272095
Starting label LEVI, seed 46, iteration 850, time: 621.0125877857208
Starting label LEVI, seed 46, iteration 860, time: 630.9641149044037
Starting label LEVI, seed 46, iteration 870, time: 641.2470262050629
Starting label LEVI, seed 46, iteration 880, time: 650.2036204338074
Starting label LEVI, seed 46, iteration 890, time: 658.5230996608734
Starting label LEVI, seed 46, iteration 900, time: 667.7525742053986
Starting label LEVI, seed 46, iteration 910, time: 677.2786083221436
Starting label LEVI, seed 46, iteration 920, time: 687.4572303295135
Starting label LEVI, seed 46, iteration 930, time: 696.8953111171722
Starting label LEVI, seed 46, iteration 940, time: 704.9092729091644
Starting label LEVI, seed 46, iteration 950, time: 712.0609660148621
Starting label LEVI, seed 46, iteration 960, time: 719.4839911460876
Starting label LEVI, seed 46, iteration 970, time: 727.0152585506439
Starting label LEVI, seed 46, iteration 980, time: 734.527991771698
Starting label LEVI, seed 46, iteration 990, time: 742.7391638755798
Starting label LEVI, seed 46, iteration 1000, time: 751.3919668197632
Starting label LEVI, seed 46, iteration 1010, time: 759.693922996521
Starting label LEVI, seed 46, iteration 1020, time: 768.0072114467621
Starting label LEVI, seed 46, iteration 1030, time: 776.385449886322
Starting label LEVI, seed 46, iteration 1040, time: 783.9821150302887
Starting label LEVI, seed 46, iteration 1050, time: 791.4447975158691
Starting label LEVI, seed 46, iteration 1060, time: 799.2427864074707
Starting label LEVI, seed 46, iteration 1070, time: 806.7381381988525
Starting label LEVI, seed 46, iteration 1080, time: 813.6536130905151
Starting label LEVI, seed 46, iteration 1090, time: 820.6502025127411
Starting label LEVI, seed 46, iteration 1100, time: 827.7267465591431
Starting label LEVI, seed 46, iteration 1110, time: 834.6267085075378
Starting label LEVI, seed 46, iteration 1120, time: 841.621862411499
Starting label LEVI, seed 46, iteration 1130, time: 848.8670010566711
Starting label LEVI, seed 46, iteration 1140, time: 855.8847010135651
Starting label LEVI, seed 46, iteration 1150, time: 862.7542691230774
Starting label LEVI, seed 46, iteration 1160, time: 869.6187598705292
Starting label LEVI, seed 46, iteration 1170, time: 876.5292322635651
Starting label LEVI, seed 46, iteration 1180, time: 883.748676776886
Starting label LEVI, seed 46, iteration 1190, time: 891.0509834289551
Starting label LEVI, seed 46, iteration 1200, time: 898.4159915447235
Starting label LEVI, seed 46, iteration 1210, time: 905.70556473732
Starting label LEVI, seed 46, iteration 1220, time: 912.99795794487
Starting label LEVI, seed 46, iteration 1230, time: 920.4783277511597
Starting label LEVI, seed 46, iteration 1240, time: 927.7250263690948
Starting label LEVI, seed 46, iteration 1250, time: 936.4300796985626
Starting label LEVI, seed 46, iteration 1260, time: 945.194709777832
Starting label LEVI, seed 46, iteration 1270, time: 954.1483104228973
Starting label LEVI, seed 46, iteration 1280, time: 963.679562330246
Starting label LEVI, seed 46, iteration 1290, time: 974.4964938163757
Starting label LEVI, seed 46, iteration 1300, time: 984.4749026298523
Starting label LEVI, seed 46, iteration 1310, time: 995.180216550827
Starting label LEVI, seed 46, iteration 1320, time: 1006.8239810466766
Starting label LEVI, seed 46, iteration 1330, time: 1018.9208750724792
Starting label LEVI, seed 46, iteration 1340, time: 1030.0645773410797
Starting label LEVI, seed 46, iteration 1350, time: 1040.2856817245483
Starting label LEVI, seed 46, iteration 1360, time: 1052.232411623001
Starting label LEVI, seed 46, iteration 1370, time: 1064.7771153450012
Starting label LEVI, seed 46, iteration 1380, time: 1074.9644207954407
Starting label LEVI, seed 46, iteration 1390, time: 1084.9767820835114
Starting label LEVI, seed 46, iteration 1400, time: 1096.1112468242645
Starting label LEVI, seed 46, iteration 1410, time: 1110.122413635254
Starting label LEVI, seed 46, iteration 1420, time: 1123.3908014297485
Starting label LEVI, seed 46, iteration 1430, time: 1136.1316151618958
Starting label LEVI, seed 46, iteration 1440, time: 1147.020179271698
Starting label LEVI, seed 46, iteration 1450, time: 1158.4154918193817
Starting label LEVI, seed 46, iteration 1460, time: 1168.033284187317
Starting label LEVI, seed 46, iteration 1470, time: 1178.1121735572815
Starting label LEVI, seed 46, iteration 1480, time: 1187.8740208148956
Starting label LEVI, seed 46, iteration 1490, time: 1197.295337677002
Starting label LEVI, seed 46, iteration 1500, time: 1207.8681011199951
Starting label LEVI, seed 46, iteration 1510, time: 1219.4929189682007
Starting label LEVI, seed 46, iteration 1520, time: 1229.7862508296967
Starting label LEVI, seed 46, iteration 1530, time: 1239.8664445877075
Starting label LEVI, seed 46, iteration 1540, time: 1249.2654378414154
Starting label LEVI, seed 46, iteration 1550, time: 1259.8846943378448
Starting label LEVI, seed 46, iteration 1560, time: 1271.5440516471863
Starting label LEVI, seed 46, iteration 1570, time: 1284.2417693138123
Starting label LEVI, seed 46, iteration 1580, time: 1296.0442006587982
Starting label LEVI, seed 46, iteration 1590, time: 1306.4670147895813
Starting label LEVI, seed 46, iteration 1600, time: 1316.3350481987
Starting label LEVI, seed 46, iteration 1610, time: 1325.63685297966
Starting label LEVI, seed 46, iteration 1620, time: 1336.1787190437317
Starting label LEVI, seed 46, iteration 1630, time: 1347.3709571361542
Starting label LEVI, seed 46, iteration 1640, time: 1359.7518424987793
Starting label LEVI, seed 46, iteration 1650, time: 1374.3027136325836
Starting label LEVI, seed 46, iteration 1660, time: 1385.3262677192688
Starting label LEVI, seed 46, iteration 1670, time: 1396.8265051841736
Starting label LEVI, seed 46, iteration 1680, time: 1410.3318247795105
Starting label LEVI, seed 46, iteration 1690, time: 1422.2107708454132
Starting label LEVI, seed 46, iteration 1700, time: 1438.1658709049225
Starting label LEVI, seed 46, iteration 1710, time: 1453.6650574207306
Starting label LEVI, seed 46, iteration 1720, time: 1465.1139681339264
Starting label LEVI, seed 46, iteration 1730, time: 1482.8399305343628
Starting label LEVI, seed 46, iteration 1740, time: 1506.3660430908203
Starting label LEVI, seed 46, iteration 1750, time: 1527.6400091648102
Starting label LEVI, seed 46, iteration 1760, time: 1547.3109035491943
submitit WARNING (2022-10-02 01:49:22,453) - Bypassing signal SIGCONT
submitit WARNING (2022-10-02 01:49:22,506) - Bypassing signal SIGTERM
Starting label LEVI, seed 46, iteration 1770, time: 1565.3434422016144
