submitit INFO (2022-10-02 02:25:17,369) - Starting with JobEnvironment(job_id=883715_7, hostname=lecun.cs.cornell.edu, local_rank=0(1), node=0(1), global_rank=0(1))
submitit INFO (2022-10-02 02:25:17,369) - Loading pickle: /home/gid-cakmaks/contextual_rs/experiments/wsc_experiments/logs/883715_7/883715_7_submitted.pkl
Appending iterations to existing output!Warning: If parameters other than `iterations` have been changed, this will corrupt the output!
Starting label LEVI, seed 68, iteration 1320, time: 447.97914695739746
Starting label LEVI, seed 68, iteration 1330, time: 455.40392541885376
Starting label LEVI, seed 68, iteration 1340, time: 461.645094871521
Starting label LEVI, seed 68, iteration 1350, time: 468.26777386665344
Starting label LEVI, seed 68, iteration 1360, time: 475.4093391895294
Starting label LEVI, seed 68, iteration 1370, time: 482.6623980998993
Starting label LEVI, seed 68, iteration 1380, time: 488.7396152019501
Starting label LEVI, seed 68, iteration 1390, time: 496.9490792751312
Starting label LEVI, seed 68, iteration 1400, time: 503.63830828666687
Starting label LEVI, seed 68, iteration 1410, time: 509.8622815608978
Starting label LEVI, seed 68, iteration 1420, time: 517.7574472427368
Starting label LEVI, seed 68, iteration 1430, time: 525.4384310245514
Starting label LEVI, seed 68, iteration 1440, time: 531.3577570915222
Starting label LEVI, seed 68, iteration 1450, time: 538.0871171951294
Starting label LEVI, seed 68, iteration 1460, time: 545.5472733974457
Starting label LEVI, seed 68, iteration 1470, time: 551.5352141857147
Starting label LEVI, seed 68, iteration 1480, time: 557.4396109580994
Starting label LEVI, seed 68, iteration 1490, time: 564.6821579933167
Starting label LEVI, seed 68, iteration 1500, time: 570.2514491081238
Starting label LEVI, seed 68, iteration 1510, time: 577.789008140564
Starting label LEVI, seed 68, iteration 1520, time: 583.5207047462463
Starting label LEVI, seed 68, iteration 1530, time: 590.4630641937256
Starting label LEVI, seed 68, iteration 1540, time: 597.4147861003876
Starting label LEVI, seed 68, iteration 1550, time: 603.4468989372253
Starting label LEVI, seed 68, iteration 1560, time: 612.3793380260468
Starting label LEVI, seed 68, iteration 1570, time: 618.3121299743652
Starting label LEVI, seed 68, iteration 1580, time: 626.5458624362946
Starting label LEVI, seed 68, iteration 1590, time: 632.662700176239
Starting label LEVI, seed 68, iteration 1600, time: 640.8490056991577
Starting label LEVI, seed 68, iteration 1610, time: 648.4607684612274
Starting label LEVI, seed 68, iteration 1620, time: 655.1121091842651
Starting label LEVI, seed 68, iteration 1630, time: 661.6541430950165
Starting label LEVI, seed 68, iteration 1640, time: 670.2507407665253
Starting label LEVI, seed 68, iteration 1650, time: 678.8117458820343
Starting label LEVI, seed 68, iteration 1660, time: 687.9578475952148
Starting label LEVI, seed 68, iteration 1670, time: 696.7541263103485
Starting label LEVI, seed 68, iteration 1680, time: 704.2278928756714
Starting label LEVI, seed 68, iteration 1690, time: 714.1338586807251
Starting label LEVI, seed 68, iteration 1700, time: 724.4147560596466
Starting label LEVI, seed 68, iteration 1710, time: 735.833747625351
Starting label LEVI, seed 68, iteration 1720, time: 746.836977481842
Starting label LEVI, seed 68, iteration 1730, time: 756.9036726951599
Starting label LEVI, seed 68, iteration 1740, time: 769.7691028118134
Starting label LEVI, seed 68, iteration 1750, time: 780.9201180934906
Starting label LEVI, seed 68, iteration 1760, time: 791.0964925289154
Starting label LEVI, seed 68, iteration 1770, time: 802.0328793525696
Starting label LEVI, seed 68, iteration 1780, time: 812.9850060939789
Starting label LEVI, seed 68, iteration 1790, time: 823.7757968902588
Starting label LEVI, seed 68, iteration 1800, time: 838.1869928836823
Starting label LEVI, seed 68, iteration 1810, time: 850.4755964279175
Starting label LEVI, seed 68, iteration 1820, time: 861.3104004859924
Starting label LEVI, seed 68, iteration 1830, time: 873.2188954353333
Starting label LEVI, seed 68, iteration 1840, time: 885.5296003818512
Starting label LEVI, seed 68, iteration 1850, time: 899.0800087451935
Starting label LEVI, seed 68, iteration 1860, time: 914.065182685852
Starting label LEVI, seed 68, iteration 1870, time: 930.4758713245392
Starting label LEVI, seed 68, iteration 1880, time: 945.2539176940918
Starting label LEVI, seed 68, iteration 1890, time: 957.742517709732
Starting label LEVI, seed 68, iteration 1900, time: 973.6627938747406
Starting label LEVI, seed 68, iteration 1910, time: 988.0714745521545
Starting label LEVI, seed 68, iteration 1920, time: 1004.4186222553253
Starting label LEVI, seed 68, iteration 1930, time: 1017.3243894577026
Starting label LEVI, seed 68, iteration 1940, time: 1032.7724013328552
Starting label LEVI, seed 68, iteration 1950, time: 1046.0543818473816
Starting label LEVI, seed 68, iteration 1960, time: 1057.8035595417023
Starting label LEVI, seed 68, iteration 1970, time: 1073.985818862915
Starting label LEVI, seed 68, iteration 1980, time: 1086.7884900569916
Starting label LEVI, seed 68, iteration 1990, time: 1100.879728794098
submitit INFO (2022-10-02 02:36:23,469) - Job completed successfully
