submitit INFO (2022-10-02 02:23:02,651) - Starting with JobEnvironment(job_id=883635_4, hostname=coecis-compute-01.coecis.cornell.edu, local_rank=0(1), node=0(1), global_rank=0(1))
submitit INFO (2022-10-02 02:23:02,652) - Loading pickle: /home/gid-cakmaks/contextual_rs/experiments/wsc_experiments/logs/883635_4/883635_4_submitted.pkl
Appending iterations to existing output!Warning: If parameters other than `iterations` have been changed, this will corrupt the output!
Starting label LEVI, seed 36, iteration 410, time: 1581.4084379673004
Starting label LEVI, seed 36, iteration 420, time: 1586.1844155788422
Starting label LEVI, seed 36, iteration 430, time: 1590.662380695343
Starting label LEVI, seed 36, iteration 440, time: 1595.2282543182373
Starting label LEVI, seed 36, iteration 450, time: 1599.7348766326904
Starting label LEVI, seed 36, iteration 460, time: 1604.3330824375153
Starting label LEVI, seed 36, iteration 470, time: 1609.7434175014496
Starting label LEVI, seed 36, iteration 480, time: 1615.157693862915
Starting label LEVI, seed 36, iteration 490, time: 1620.362338066101
Starting label LEVI, seed 36, iteration 500, time: 1625.7685286998749
Starting label LEVI, seed 36, iteration 510, time: 1631.4800288677216
submitit WARNING (2022-10-02 02:24:01,393) - Bypassing signal SIGCONT
submitit WARNING (2022-10-02 02:24:01,394) - Bypassing signal SIGTERM
Starting label LEVI, seed 36, iteration 520, time: 1637.4949066638947
Starting label LEVI, seed 36, iteration 530, time: 1643.2726271152496
Starting label LEVI, seed 36, iteration 540, time: 1648.82745718956
Starting label LEVI, seed 36, iteration 550, time: 1654.1219248771667
Starting label LEVI, seed 36, iteration 560, time: 1659.7331285476685
Starting label LEVI, seed 36, iteration 570, time: 1664.922357559204
