submitit INFO (2022-10-02 00:56:46,163) - Starting with JobEnvironment(job_id=883367_5, hostname=lecun.cs.cornell.edu, local_rank=0(1), node=0(1), global_rank=0(1))
submitit INFO (2022-10-02 00:56:46,163) - Loading pickle: /home/gid-cakmaks/contextual_rs/experiments/wsc_experiments/logs/883367_5/883367_5_submitted.pkl
Starting label LEVI, seed 45, iteration 0, time: 0.00511932373046875
Starting label LEVI, seed 45, iteration 10, time: 2.632934093475342
Starting label LEVI, seed 45, iteration 20, time: 5.014130353927612
Starting label LEVI, seed 45, iteration 30, time: 7.4671220779418945
Starting label LEVI, seed 45, iteration 40, time: 9.951677322387695
Starting label LEVI, seed 45, iteration 50, time: 12.40420126914978
Starting label LEVI, seed 45, iteration 60, time: 14.934245824813843
Starting label LEVI, seed 45, iteration 70, time: 17.423179864883423
Starting label LEVI, seed 45, iteration 80, time: 19.90112042427063
Starting label LEVI, seed 45, iteration 90, time: 22.414257049560547
Starting label LEVI, seed 45, iteration 100, time: 24.864629983901978
Starting label LEVI, seed 45, iteration 110, time: 27.38840413093567
Starting label LEVI, seed 45, iteration 120, time: 29.89986753463745
Starting label LEVI, seed 45, iteration 130, time: 32.45492124557495
Starting label LEVI, seed 45, iteration 140, time: 35.15386962890625
Starting label LEVI, seed 45, iteration 150, time: 37.675827503204346
Starting label LEVI, seed 45, iteration 160, time: 40.255584955215454
Starting label LEVI, seed 45, iteration 170, time: 42.940781593322754
Starting label LEVI, seed 45, iteration 180, time: 45.62344217300415
Starting label LEVI, seed 45, iteration 190, time: 48.36932396888733
Starting label LEVI, seed 45, iteration 200, time: 51.156105279922485
Starting label LEVI, seed 45, iteration 210, time: 53.900317907333374
Starting label LEVI, seed 45, iteration 220, time: 56.786609411239624
Starting label LEVI, seed 45, iteration 230, time: 59.48469948768616
Starting label LEVI, seed 45, iteration 240, time: 62.22066020965576
Starting label LEVI, seed 45, iteration 250, time: 64.99185371398926
Starting label LEVI, seed 45, iteration 260, time: 67.752525806427
Starting label LEVI, seed 45, iteration 270, time: 70.44528365135193
Starting label LEVI, seed 45, iteration 280, time: 73.05505156517029
Starting label LEVI, seed 45, iteration 290, time: 75.7086398601532
Starting label LEVI, seed 45, iteration 300, time: 78.36913323402405
Starting label LEVI, seed 45, iteration 310, time: 82.212557554245
Starting label LEVI, seed 45, iteration 320, time: 84.93021130561829
Starting label LEVI, seed 45, iteration 330, time: 87.74862170219421
Starting label LEVI, seed 45, iteration 340, time: 90.45892977714539
Starting label LEVI, seed 45, iteration 350, time: 93.28461217880249
Starting label LEVI, seed 45, iteration 360, time: 96.17279958724976
Starting label LEVI, seed 45, iteration 370, time: 99.19974946975708
Starting label LEVI, seed 45, iteration 380, time: 102.06162619590759
Starting label LEVI, seed 45, iteration 390, time: 105.00023412704468
Starting label LEVI, seed 45, iteration 400, time: 107.92285251617432
Starting label LEVI, seed 45, iteration 410, time: 110.81129360198975
Starting label LEVI, seed 45, iteration 420, time: 113.92175841331482
Starting label LEVI, seed 45, iteration 430, time: 116.86165165901184
Starting label LEVI, seed 45, iteration 440, time: 120.08613228797913
Starting label LEVI, seed 45, iteration 450, time: 123.07516312599182
Starting label LEVI, seed 45, iteration 460, time: 126.27574110031128
Starting label LEVI, seed 45, iteration 470, time: 129.60842037200928
Starting label LEVI, seed 45, iteration 480, time: 132.9619960784912
Starting label LEVI, seed 45, iteration 490, time: 136.25074887275696
Starting label LEVI, seed 45, iteration 500, time: 139.63203072547913
Starting label LEVI, seed 45, iteration 510, time: 142.8881618976593
Starting label LEVI, seed 45, iteration 520, time: 146.22250843048096
Starting label LEVI, seed 45, iteration 530, time: 149.4122314453125
Starting label LEVI, seed 45, iteration 540, time: 153.0404031276703
Starting label LEVI, seed 45, iteration 550, time: 156.79045724868774
Starting label LEVI, seed 45, iteration 560, time: 160.4517686367035
Starting label LEVI, seed 45, iteration 570, time: 164.13852071762085
Starting label LEVI, seed 45, iteration 580, time: 167.80242586135864
Starting label LEVI, seed 45, iteration 590, time: 171.53076887130737
Starting label LEVI, seed 45, iteration 600, time: 175.27854537963867
Starting label LEVI, seed 45, iteration 610, time: 179.32389903068542
Starting label LEVI, seed 45, iteration 620, time: 183.11927390098572
Starting label LEVI, seed 45, iteration 630, time: 186.87567830085754
Starting label LEVI, seed 45, iteration 640, time: 190.80129289627075
Starting label LEVI, seed 45, iteration 650, time: 195.1104712486267
Starting label LEVI, seed 45, iteration 660, time: 199.53014516830444
Starting label LEVI, seed 45, iteration 670, time: 203.72428560256958
Starting label LEVI, seed 45, iteration 680, time: 207.47409892082214
Starting label LEVI, seed 45, iteration 690, time: 212.11536955833435
Starting label LEVI, seed 45, iteration 700, time: 216.6010706424713
Starting label LEVI, seed 45, iteration 710, time: 221.60602855682373
Starting label LEVI, seed 45, iteration 720, time: 225.8770890235901
Starting label LEVI, seed 45, iteration 730, time: 231.02864360809326
Starting label LEVI, seed 45, iteration 740, time: 236.157856464386
Starting label LEVI, seed 45, iteration 750, time: 241.4466691017151
Starting label LEVI, seed 45, iteration 760, time: 246.07402110099792
Starting label LEVI, seed 45, iteration 770, time: 251.53855061531067
Starting label LEVI, seed 45, iteration 780, time: 256.27504301071167
Starting label LEVI, seed 45, iteration 790, time: 261.78681206703186
Starting label LEVI, seed 45, iteration 800, time: 267.84955883026123
Starting label LEVI, seed 45, iteration 810, time: 272.9783139228821
Starting label LEVI, seed 45, iteration 820, time: 278.9581573009491
Starting label LEVI, seed 45, iteration 830, time: 283.9264314174652
Starting label LEVI, seed 45, iteration 840, time: 289.6622836589813
Starting label LEVI, seed 45, iteration 850, time: 295.47922110557556
Starting label LEVI, seed 45, iteration 860, time: 301.0411684513092
Starting label LEVI, seed 45, iteration 870, time: 306.5467550754547
Starting label LEVI, seed 45, iteration 880, time: 313.0152862071991
Starting label LEVI, seed 45, iteration 890, time: 318.14531326293945
Starting label LEVI, seed 45, iteration 900, time: 323.6034960746765
Starting label LEVI, seed 45, iteration 910, time: 329.1494071483612
Starting label LEVI, seed 45, iteration 920, time: 334.673291683197
Starting label LEVI, seed 45, iteration 930, time: 340.6542418003082
Starting label LEVI, seed 45, iteration 940, time: 345.72649574279785
Starting label LEVI, seed 45, iteration 950, time: 352.00636434555054
Starting label LEVI, seed 45, iteration 960, time: 357.55344462394714
Starting label LEVI, seed 45, iteration 970, time: 364.5938169956207
Starting label LEVI, seed 45, iteration 980, time: 371.3760302066803
Starting label LEVI, seed 45, iteration 990, time: 377.98989033699036
Starting label LEVI, seed 45, iteration 1000, time: 385.38251090049744
Starting label LEVI, seed 45, iteration 1010, time: 392.5121531486511
Starting label LEVI, seed 45, iteration 1020, time: 399.05575942993164
Starting label LEVI, seed 45, iteration 1030, time: 405.38126730918884
Starting label LEVI, seed 45, iteration 1040, time: 412.2807340621948
Starting label LEVI, seed 45, iteration 1050, time: 419.21661138534546
Starting label LEVI, seed 45, iteration 1060, time: 426.4752616882324
Starting label LEVI, seed 45, iteration 1070, time: 434.4980754852295
Starting label LEVI, seed 45, iteration 1080, time: 442.9922535419464
Starting label LEVI, seed 45, iteration 1090, time: 451.3145830631256
Starting label LEVI, seed 45, iteration 1100, time: 459.5953459739685
Starting label LEVI, seed 45, iteration 1110, time: 467.4720928668976
Starting label LEVI, seed 45, iteration 1120, time: 475.36567783355713
Starting label LEVI, seed 45, iteration 1130, time: 483.47266244888306
Starting label LEVI, seed 45, iteration 1140, time: 492.2523648738861
Starting label LEVI, seed 45, iteration 1150, time: 500.8711531162262
Starting label LEVI, seed 45, iteration 1160, time: 507.81265473365784
Starting label LEVI, seed 45, iteration 1170, time: 516.7565810680389
Starting label LEVI, seed 45, iteration 1180, time: 525.0642876625061
Starting label LEVI, seed 45, iteration 1190, time: 534.5450220108032
Starting label LEVI, seed 45, iteration 1200, time: 544.2058708667755
Starting label LEVI, seed 45, iteration 1210, time: 553.5428488254547
Starting label LEVI, seed 45, iteration 1220, time: 562.9053556919098
Starting label LEVI, seed 45, iteration 1230, time: 572.7519063949585
Starting label LEVI, seed 45, iteration 1240, time: 584.6812236309052
Starting label LEVI, seed 45, iteration 1250, time: 594.8247678279877
Starting label LEVI, seed 45, iteration 1260, time: 605.131468296051
Starting label LEVI, seed 45, iteration 1270, time: 614.8140847682953
Starting label LEVI, seed 45, iteration 1280, time: 625.6541962623596
Starting label LEVI, seed 45, iteration 1290, time: 634.6853413581848
Starting label LEVI, seed 45, iteration 1300, time: 644.2754392623901
Starting label LEVI, seed 45, iteration 1310, time: 656.6697371006012
Starting label LEVI, seed 45, iteration 1320, time: 668.7841563224792
Starting label LEVI, seed 45, iteration 1330, time: 679.6501452922821
Starting label LEVI, seed 45, iteration 1340, time: 689.9414622783661
Starting label LEVI, seed 45, iteration 1350, time: 700.1210396289825
Starting label LEVI, seed 45, iteration 1360, time: 711.5125362873077
Starting label LEVI, seed 45, iteration 1370, time: 724.0705950260162
Starting label LEVI, seed 45, iteration 1380, time: 737.9174792766571
Starting label LEVI, seed 45, iteration 1390, time: 750.1400089263916
Starting label LEVI, seed 45, iteration 1400, time: 760.8491034507751
Starting label LEVI, seed 45, iteration 1410, time: 773.0055465698242
Starting label LEVI, seed 45, iteration 1420, time: 785.9323863983154
Starting label LEVI, seed 45, iteration 1430, time: 801.7855336666107
Starting label LEVI, seed 45, iteration 1440, time: 812.7489171028137
Starting label LEVI, seed 45, iteration 1450, time: 825.0227708816528
Starting label LEVI, seed 45, iteration 1460, time: 836.5007202625275
Starting label LEVI, seed 45, iteration 1470, time: 848.1281933784485
Starting label LEVI, seed 45, iteration 1480, time: 859.9811899662018
Starting label LEVI, seed 45, iteration 1490, time: 871.4443781375885
Starting label LEVI, seed 45, iteration 1500, time: 883.6216366291046
Starting label LEVI, seed 45, iteration 1510, time: 899.415474653244
Starting label LEVI, seed 45, iteration 1520, time: 915.5696928501129
Starting label LEVI, seed 45, iteration 1530, time: 932.1601839065552
Starting label LEVI, seed 45, iteration 1540, time: 945.4271507263184
Starting label LEVI, seed 45, iteration 1550, time: 958.3474843502045
Starting label LEVI, seed 45, iteration 1560, time: 973.5092504024506
Starting label LEVI, seed 45, iteration 1570, time: 986.9120378494263
Starting label LEVI, seed 45, iteration 1580, time: 1003.517819404602
Starting label LEVI, seed 45, iteration 1590, time: 1019.816748380661
Starting label LEVI, seed 45, iteration 1600, time: 1039.8995382785797
Starting label LEVI, seed 45, iteration 1610, time: 1055.911591053009
Starting label LEVI, seed 45, iteration 1620, time: 1074.5310587882996
Starting label LEVI, seed 45, iteration 1630, time: 1091.630129814148
Starting label LEVI, seed 45, iteration 1640, time: 1110.9696452617645
Starting label LEVI, seed 45, iteration 1650, time: 1127.3218619823456
Starting label LEVI, seed 45, iteration 1660, time: 1143.4911572933197
Starting label LEVI, seed 45, iteration 1670, time: 1159.755931377411
Starting label LEVI, seed 45, iteration 1680, time: 1175.9784054756165
Starting label LEVI, seed 45, iteration 1690, time: 1198.0777678489685
Starting label LEVI, seed 45, iteration 1700, time: 1220.0180916786194
Starting label LEVI, seed 45, iteration 1710, time: 1241.6582605838776
Starting label LEVI, seed 45, iteration 1720, time: 1258.370371580124
Starting label LEVI, seed 45, iteration 1730, time: 1278.9415833950043
Starting label LEVI, seed 45, iteration 1740, time: 1295.66583776474
Starting label LEVI, seed 45, iteration 1750, time: 1316.161789894104
Starting label LEVI, seed 45, iteration 1760, time: 1337.9165530204773
Starting label LEVI, seed 45, iteration 1770, time: 1359.430430173874
Starting label LEVI, seed 45, iteration 1780, time: 1377.0713124275208
Starting label LEVI, seed 45, iteration 1790, time: 1394.2218902111053
Starting label LEVI, seed 45, iteration 1800, time: 1412.3715515136719
Starting label LEVI, seed 45, iteration 1810, time: 1431.53289270401
Starting label LEVI, seed 45, iteration 1820, time: 1455.7710070610046
Starting label LEVI, seed 45, iteration 1830, time: 1476.4159817695618
Starting label LEVI, seed 45, iteration 1840, time: 1499.2067139148712
Starting label LEVI, seed 45, iteration 1850, time: 1523.0892944335938
Starting label LEVI, seed 45, iteration 1860, time: 1541.1281666755676
submitit WARNING (2022-10-02 01:22:36,206) - Bypassing signal SIGTERM
submitit WARNING (2022-10-02 01:22:36,206) - Bypassing signal SIGCONT
Starting label LEVI, seed 45, iteration 1870, time: 1564.1710531711578
