submitit INFO (2022-10-02 01:19:29,955) - Starting with JobEnvironment(job_id=883390_5, hostname=joachims-compute-02.cs.cornell.edu, local_rank=0(1), node=0(1), global_rank=0(1))
submitit INFO (2022-10-02 01:19:29,955) - Loading pickle: /home/gid-cakmaks/contextual_rs/experiments/wsc_experiments/logs/883390_5/883390_5_submitted.pkl
Starting label LEVI, seed 75, iteration 0, time: 0.0005230903625488281
Starting label LEVI, seed 75, iteration 10, time: 2.800347328186035
Starting label LEVI, seed 75, iteration 20, time: 5.504989862442017
Starting label LEVI, seed 75, iteration 30, time: 8.230568408966064
Starting label LEVI, seed 75, iteration 40, time: 10.916425228118896
Starting label LEVI, seed 75, iteration 50, time: 13.622072696685791
Starting label LEVI, seed 75, iteration 60, time: 16.39626717567444
Starting label LEVI, seed 75, iteration 70, time: 19.159461498260498
Starting label LEVI, seed 75, iteration 80, time: 21.985934734344482
Starting label LEVI, seed 75, iteration 90, time: 24.795965433120728
Starting label LEVI, seed 75, iteration 100, time: 27.6656973361969
Starting label LEVI, seed 75, iteration 110, time: 30.46789264678955
Starting label LEVI, seed 75, iteration 120, time: 33.84844255447388
Starting label LEVI, seed 75, iteration 130, time: 36.73289895057678
Starting label LEVI, seed 75, iteration 140, time: 39.63356900215149
Starting label LEVI, seed 75, iteration 150, time: 42.50928735733032
Starting label LEVI, seed 75, iteration 160, time: 45.4247772693634
Starting label LEVI, seed 75, iteration 170, time: 48.7065703868866
Starting label LEVI, seed 75, iteration 180, time: 51.86430311203003
Starting label LEVI, seed 75, iteration 190, time: 54.86520457267761
Starting label LEVI, seed 75, iteration 200, time: 58.2094202041626
Starting label LEVI, seed 75, iteration 210, time: 61.15238308906555
Starting label LEVI, seed 75, iteration 220, time: 64.07584285736084
Starting label LEVI, seed 75, iteration 230, time: 67.05984044075012
Starting label LEVI, seed 75, iteration 240, time: 69.95179843902588
Starting label LEVI, seed 75, iteration 250, time: 72.80273079872131
Starting label LEVI, seed 75, iteration 260, time: 75.70857429504395
Starting label LEVI, seed 75, iteration 270, time: 78.59486293792725
Starting label LEVI, seed 75, iteration 280, time: 81.43835163116455
Starting label LEVI, seed 75, iteration 290, time: 84.30460023880005
Starting label LEVI, seed 75, iteration 300, time: 87.23295903205872
Starting label LEVI, seed 75, iteration 310, time: 90.15287208557129
Starting label LEVI, seed 75, iteration 320, time: 93.07915830612183
Starting label LEVI, seed 75, iteration 330, time: 95.97243189811707
Starting label LEVI, seed 75, iteration 340, time: 98.86881899833679
Starting label LEVI, seed 75, iteration 350, time: 101.86464715003967
Starting label LEVI, seed 75, iteration 360, time: 104.84346914291382
Starting label LEVI, seed 75, iteration 370, time: 107.8228554725647
Starting label LEVI, seed 75, iteration 380, time: 110.8189914226532
Starting label LEVI, seed 75, iteration 390, time: 113.88428902626038
Starting label LEVI, seed 75, iteration 400, time: 116.88289618492126
Starting label LEVI, seed 75, iteration 410, time: 119.97442197799683
Starting label LEVI, seed 75, iteration 420, time: 122.82170248031616
Starting label LEVI, seed 75, iteration 430, time: 125.80070376396179
Starting label LEVI, seed 75, iteration 440, time: 128.80923557281494
Starting label LEVI, seed 75, iteration 450, time: 131.82740712165833
Starting label LEVI, seed 75, iteration 460, time: 134.94813060760498
Starting label LEVI, seed 75, iteration 470, time: 138.1785945892334
Starting label LEVI, seed 75, iteration 480, time: 141.21318697929382
Starting label LEVI, seed 75, iteration 490, time: 144.26439881324768
Starting label LEVI, seed 75, iteration 500, time: 147.4030055999756
Starting label LEVI, seed 75, iteration 510, time: 150.5190134048462
Starting label LEVI, seed 75, iteration 520, time: 153.72383427619934
Starting label LEVI, seed 75, iteration 530, time: 156.9203803539276
Starting label LEVI, seed 75, iteration 540, time: 160.184415102005
Starting label LEVI, seed 75, iteration 550, time: 163.40843605995178
Starting label LEVI, seed 75, iteration 560, time: 166.6893434524536
Starting label LEVI, seed 75, iteration 570, time: 170.0121304988861
Starting label LEVI, seed 75, iteration 580, time: 173.3207106590271
Starting label LEVI, seed 75, iteration 590, time: 176.720707654953
Starting label LEVI, seed 75, iteration 600, time: 180.07756352424622
submitit WARNING (2022-10-02 01:22:36,066) - Bypassing signal SIGCONT
submitit WARNING (2022-10-02 01:22:36,068) - Bypassing signal SIGTERM
Starting label LEVI, seed 75, iteration 610, time: 183.6502320766449
Starting label LEVI, seed 75, iteration 620, time: 187.42372155189514
Starting label LEVI, seed 75, iteration 630, time: 191.2415370941162
Starting label LEVI, seed 75, iteration 640, time: 195.1667833328247
Starting label LEVI, seed 75, iteration 650, time: 198.9716920852661
Starting label LEVI, seed 75, iteration 660, time: 202.28125047683716
Starting label LEVI, seed 75, iteration 670, time: 205.74778175354004
Starting label LEVI, seed 75, iteration 680, time: 209.24281454086304
Starting label LEVI, seed 75, iteration 690, time: 212.7640290260315
