submitit INFO (2022-10-02 01:23:42,610) - Starting with JobEnvironment(job_id=883469_8, hostname=davis-compute-01.cs.cornell.edu, local_rank=0(1), node=0(1), global_rank=0(1))
submitit INFO (2022-10-02 01:23:42,611) - Loading pickle: /home/gid-cakmaks/contextual_rs/experiments/wsc_experiments/logs/883469_8/883469_8_submitted.pkl
Starting label LEVI, seed 58, iteration 0, time: 0.0004260540008544922
Starting label LEVI, seed 58, iteration 10, time: 3.1475069522857666
Starting label LEVI, seed 58, iteration 20, time: 6.13580846786499
Starting label LEVI, seed 58, iteration 30, time: 9.169619083404541
Starting label LEVI, seed 58, iteration 40, time: 12.207586288452148
Starting label LEVI, seed 58, iteration 50, time: 15.37880253791809
Starting label LEVI, seed 58, iteration 60, time: 18.47625160217285
Starting label LEVI, seed 58, iteration 70, time: 21.820631742477417
Starting label LEVI, seed 58, iteration 80, time: 25.256736040115356
Starting label LEVI, seed 58, iteration 90, time: 28.67856478691101
Starting label LEVI, seed 58, iteration 100, time: 32.19591426849365
Starting label LEVI, seed 58, iteration 110, time: 35.67635178565979
Starting label LEVI, seed 58, iteration 120, time: 39.07786202430725
Starting label LEVI, seed 58, iteration 130, time: 42.48822641372681
Starting label LEVI, seed 58, iteration 140, time: 45.81817078590393
Starting label LEVI, seed 58, iteration 150, time: 49.266154050827026
Starting label LEVI, seed 58, iteration 160, time: 52.63592028617859
Starting label LEVI, seed 58, iteration 170, time: 56.16988015174866
Starting label LEVI, seed 58, iteration 180, time: 59.790767669677734
Starting label LEVI, seed 58, iteration 190, time: 63.32556915283203
Starting label LEVI, seed 58, iteration 200, time: 67.14223289489746
Starting label LEVI, seed 58, iteration 210, time: 70.90462684631348
Starting label LEVI, seed 58, iteration 220, time: 74.68636965751648
Starting label LEVI, seed 58, iteration 230, time: 78.39929914474487
Starting label LEVI, seed 58, iteration 240, time: 82.17382669448853
Starting label LEVI, seed 58, iteration 250, time: 86.11929631233215
Starting label LEVI, seed 58, iteration 260, time: 89.9762327671051
Starting label LEVI, seed 58, iteration 270, time: 93.78969240188599
Starting label LEVI, seed 58, iteration 280, time: 97.72686839103699
Starting label LEVI, seed 58, iteration 290, time: 101.70593667030334
Starting label LEVI, seed 58, iteration 300, time: 105.88233709335327
Starting label LEVI, seed 58, iteration 310, time: 110.04051232337952
Starting label LEVI, seed 58, iteration 320, time: 114.1035590171814
Starting label LEVI, seed 58, iteration 330, time: 118.29544186592102
Starting label LEVI, seed 58, iteration 340, time: 122.44878578186035
Starting label LEVI, seed 58, iteration 350, time: 126.61519765853882
Starting label LEVI, seed 58, iteration 360, time: 130.72209358215332
Starting label LEVI, seed 58, iteration 370, time: 134.75447869300842
Starting label LEVI, seed 58, iteration 380, time: 138.93807983398438
Starting label LEVI, seed 58, iteration 390, time: 143.0891900062561
Starting label LEVI, seed 58, iteration 400, time: 147.1922001838684
Starting label LEVI, seed 58, iteration 410, time: 151.5195436477661
Starting label LEVI, seed 58, iteration 420, time: 155.6992621421814
Starting label LEVI, seed 58, iteration 430, time: 159.91013860702515
Starting label LEVI, seed 58, iteration 440, time: 163.895836353302
Starting label LEVI, seed 58, iteration 450, time: 167.9308454990387
Starting label LEVI, seed 58, iteration 460, time: 172.0955650806427
Starting label LEVI, seed 58, iteration 470, time: 176.30582761764526
Starting label LEVI, seed 58, iteration 480, time: 180.3940451145172
Starting label LEVI, seed 58, iteration 490, time: 184.51330041885376
Starting label LEVI, seed 58, iteration 500, time: 188.56589365005493
Starting label LEVI, seed 58, iteration 510, time: 192.74467492103577
Starting label LEVI, seed 58, iteration 520, time: 196.92961263656616
Starting label LEVI, seed 58, iteration 530, time: 201.15474367141724
Starting label LEVI, seed 58, iteration 540, time: 205.530179977417
Starting label LEVI, seed 58, iteration 550, time: 209.74486351013184
Starting label LEVI, seed 58, iteration 560, time: 214.00263118743896
Starting label LEVI, seed 58, iteration 570, time: 218.25142669677734
Starting label LEVI, seed 58, iteration 580, time: 222.50549387931824
Starting label LEVI, seed 58, iteration 590, time: 226.80036449432373
Starting label LEVI, seed 58, iteration 600, time: 231.00398755073547
Starting label LEVI, seed 58, iteration 610, time: 235.3378460407257
Starting label LEVI, seed 58, iteration 620, time: 239.61274433135986
Starting label LEVI, seed 58, iteration 630, time: 243.79459047317505
Starting label LEVI, seed 58, iteration 640, time: 248.0525176525116
Starting label LEVI, seed 58, iteration 650, time: 252.1726794242859
Starting label LEVI, seed 58, iteration 660, time: 256.53270053863525
Starting label LEVI, seed 58, iteration 670, time: 260.83798718452454
Starting label LEVI, seed 58, iteration 680, time: 265.0486238002777
Starting label LEVI, seed 58, iteration 690, time: 269.42011189460754
Starting label LEVI, seed 58, iteration 700, time: 273.73655676841736
Starting label LEVI, seed 58, iteration 710, time: 278.08372688293457
Starting label LEVI, seed 58, iteration 720, time: 282.37221097946167
Starting label LEVI, seed 58, iteration 730, time: 286.7591574192047
Starting label LEVI, seed 58, iteration 740, time: 291.1750280857086
Starting label LEVI, seed 58, iteration 750, time: 295.43663716316223
Starting label LEVI, seed 58, iteration 760, time: 299.7899115085602
Starting label LEVI, seed 58, iteration 770, time: 304.1607732772827
Starting label LEVI, seed 58, iteration 780, time: 308.6485388278961
Starting label LEVI, seed 58, iteration 790, time: 313.53590512275696
Starting label LEVI, seed 58, iteration 800, time: 318.1567392349243
Starting label LEVI, seed 58, iteration 810, time: 322.7991943359375
Starting label LEVI, seed 58, iteration 820, time: 327.3226900100708
Starting label LEVI, seed 58, iteration 830, time: 331.96861362457275
Starting label LEVI, seed 58, iteration 840, time: 336.7531039714813
Starting label LEVI, seed 58, iteration 850, time: 341.56272053718567
Starting label LEVI, seed 58, iteration 860, time: 346.45361733436584
Starting label LEVI, seed 58, iteration 870, time: 351.3977539539337
Starting label LEVI, seed 58, iteration 880, time: 356.22040343284607
Starting label LEVI, seed 58, iteration 890, time: 361.10717391967773
Starting label LEVI, seed 58, iteration 900, time: 366.0187244415283
Starting label LEVI, seed 58, iteration 910, time: 370.80294847488403
Starting label LEVI, seed 58, iteration 920, time: 375.71570801734924
Starting label LEVI, seed 58, iteration 930, time: 380.61518144607544
Starting label LEVI, seed 58, iteration 940, time: 385.5732491016388
Starting label LEVI, seed 58, iteration 950, time: 390.5218987464905
Starting label LEVI, seed 58, iteration 960, time: 395.6169319152832
Starting label LEVI, seed 58, iteration 970, time: 400.7321925163269
Starting label LEVI, seed 58, iteration 980, time: 405.6935029029846
Starting label LEVI, seed 58, iteration 990, time: 410.7941529750824
Starting label LEVI, seed 58, iteration 1000, time: 415.72781229019165
Starting label LEVI, seed 58, iteration 1010, time: 420.7100729942322
Starting label LEVI, seed 58, iteration 1020, time: 425.7491464614868
Starting label LEVI, seed 58, iteration 1030, time: 430.86134028434753
Starting label LEVI, seed 58, iteration 1040, time: 435.8929843902588
Starting label LEVI, seed 58, iteration 1050, time: 441.26787972450256
Starting label LEVI, seed 58, iteration 1060, time: 446.71457695961
Starting label LEVI, seed 58, iteration 1070, time: 452.1771676540375
Starting label LEVI, seed 58, iteration 1080, time: 457.80225443840027
Starting label LEVI, seed 58, iteration 1090, time: 463.3467984199524
Starting label LEVI, seed 58, iteration 1100, time: 468.72997093200684
Starting label LEVI, seed 58, iteration 1110, time: 473.73603916168213
Starting label LEVI, seed 58, iteration 1120, time: 478.706116437912
Starting label LEVI, seed 58, iteration 1130, time: 483.7624192237854
Starting label LEVI, seed 58, iteration 1140, time: 488.8653793334961
Starting label LEVI, seed 58, iteration 1150, time: 494.2960937023163
Starting label LEVI, seed 58, iteration 1160, time: 499.70064997673035
Starting label LEVI, seed 58, iteration 1170, time: 504.9180808067322
Starting label LEVI, seed 58, iteration 1180, time: 510.0711352825165
Starting label LEVI, seed 58, iteration 1190, time: 515.2448019981384
Starting label LEVI, seed 58, iteration 1200, time: 520.3823738098145
Starting label LEVI, seed 58, iteration 1210, time: 525.8440835475922
Starting label LEVI, seed 58, iteration 1220, time: 531.1996431350708
Starting label LEVI, seed 58, iteration 1230, time: 536.6988208293915
Starting label LEVI, seed 58, iteration 1240, time: 542.0127985477448
Starting label LEVI, seed 58, iteration 1250, time: 546.9551575183868
Starting label LEVI, seed 58, iteration 1260, time: 552.1747934818268
Starting label LEVI, seed 58, iteration 1270, time: 557.212345123291
Starting label LEVI, seed 58, iteration 1280, time: 562.3388969898224
Starting label LEVI, seed 58, iteration 1290, time: 567.3738288879395
Starting label LEVI, seed 58, iteration 1300, time: 572.4817972183228
Starting label LEVI, seed 58, iteration 1310, time: 577.7969000339508
Starting label LEVI, seed 58, iteration 1320, time: 583.4494545459747
Starting label LEVI, seed 58, iteration 1330, time: 588.966771364212
Starting label LEVI, seed 58, iteration 1340, time: 594.218478679657
Starting label LEVI, seed 58, iteration 1350, time: 600.1611979007721
Starting label LEVI, seed 58, iteration 1360, time: 605.7600560188293
Starting label LEVI, seed 58, iteration 1370, time: 611.5624749660492
Starting label LEVI, seed 58, iteration 1380, time: 617.1117625236511
Starting label LEVI, seed 58, iteration 1390, time: 622.6866409778595
Starting label LEVI, seed 58, iteration 1400, time: 628.3903737068176
Starting label LEVI, seed 58, iteration 1410, time: 634.0856564044952
Starting label LEVI, seed 58, iteration 1420, time: 639.4837756156921
submitit WARNING (2022-10-02 01:34:27,963) - Bypassing signal SIGTERM
submitit WARNING (2022-10-02 01:34:28,006) - Bypassing signal SIGCONT
submitit WARNING (2022-10-02 01:34:28,054) - Bypassing signal SIGTERM
Starting label LEVI, seed 58, iteration 1430, time: 645.1362135410309
Starting label LEVI, seed 58, iteration 1440, time: 651.0968763828278
Starting label LEVI, seed 58, iteration 1450, time: 656.5872738361359
Starting label LEVI, seed 58, iteration 1460, time: 662.0311124324799
Starting label LEVI, seed 58, iteration 1470, time: 667.4137048721313
Starting label LEVI, seed 58, iteration 1480, time: 672.7373034954071
