submitit INFO (2022-10-02 01:23:22,688) - Starting with JobEnvironment(job_id=883449_1, hostname=coecis-compute-01.coecis.cornell.edu, local_rank=0(1), node=0(1), global_rank=0(1))
submitit INFO (2022-10-02 01:23:22,689) - Loading pickle: /home/gid-cakmaks/contextual_rs/experiments/wsc_experiments/logs/883449_1/883449_1_submitted.pkl
Starting label LEVI, seed 31, iteration 0, time: 0.0005700588226318359
Starting label LEVI, seed 31, iteration 10, time: 5.02130913734436
Starting label LEVI, seed 31, iteration 20, time: 10.017679929733276
Starting label LEVI, seed 31, iteration 30, time: 15.177831172943115
Starting label LEVI, seed 31, iteration 40, time: 20.17696762084961
Starting label LEVI, seed 31, iteration 50, time: 25.575847625732422
Starting label LEVI, seed 31, iteration 60, time: 31.144410133361816
Starting label LEVI, seed 31, iteration 70, time: 36.985342025756836
Starting label LEVI, seed 31, iteration 80, time: 42.78116416931152
Starting label LEVI, seed 31, iteration 90, time: 48.272597551345825
Starting label LEVI, seed 31, iteration 100, time: 54.19007897377014
Starting label LEVI, seed 31, iteration 110, time: 60.109331369400024
Starting label LEVI, seed 31, iteration 120, time: 66.20196580886841
Starting label LEVI, seed 31, iteration 130, time: 72.30862045288086
Starting label LEVI, seed 31, iteration 140, time: 78.3507616519928
Starting label LEVI, seed 31, iteration 150, time: 84.4012393951416
Starting label LEVI, seed 31, iteration 160, time: 90.30361437797546
Starting label LEVI, seed 31, iteration 170, time: 96.58436965942383
Starting label LEVI, seed 31, iteration 180, time: 103.35053324699402
Starting label LEVI, seed 31, iteration 190, time: 110.10197401046753
Starting label LEVI, seed 31, iteration 200, time: 117.04290556907654
Starting label LEVI, seed 31, iteration 210, time: 123.77197170257568
Starting label LEVI, seed 31, iteration 220, time: 130.41796398162842
Starting label LEVI, seed 31, iteration 230, time: 137.40039038658142
Starting label LEVI, seed 31, iteration 240, time: 144.51184558868408
Starting label LEVI, seed 31, iteration 250, time: 151.65345072746277
Starting label LEVI, seed 31, iteration 260, time: 158.76157450675964
Starting label LEVI, seed 31, iteration 270, time: 165.9854655265808
Starting label LEVI, seed 31, iteration 280, time: 173.348464012146
Starting label LEVI, seed 31, iteration 290, time: 180.6135377883911
Starting label LEVI, seed 31, iteration 300, time: 187.98977756500244
Starting label LEVI, seed 31, iteration 310, time: 195.38915467262268
Starting label LEVI, seed 31, iteration 320, time: 202.88151597976685
Starting label LEVI, seed 31, iteration 330, time: 209.89398622512817
Starting label LEVI, seed 31, iteration 340, time: 216.89045691490173
Starting label LEVI, seed 31, iteration 350, time: 224.04660081863403
Starting label LEVI, seed 31, iteration 360, time: 231.199622631073
Starting label LEVI, seed 31, iteration 370, time: 238.38026905059814
Starting label LEVI, seed 31, iteration 380, time: 245.64710235595703
Starting label LEVI, seed 31, iteration 390, time: 252.86804294586182
Starting label LEVI, seed 31, iteration 400, time: 260.17159366607666
Starting label LEVI, seed 31, iteration 410, time: 267.5737271308899
Starting label LEVI, seed 31, iteration 420, time: 274.8564410209656
Starting label LEVI, seed 31, iteration 430, time: 282.30246114730835
Starting label LEVI, seed 31, iteration 440, time: 289.6634886264801
Starting label LEVI, seed 31, iteration 450, time: 296.944030046463
Starting label LEVI, seed 31, iteration 460, time: 304.2967607975006
Starting label LEVI, seed 31, iteration 470, time: 311.4473006725311
Starting label LEVI, seed 31, iteration 480, time: 318.591091632843
Starting label LEVI, seed 31, iteration 490, time: 325.7585289478302
Starting label LEVI, seed 31, iteration 500, time: 332.7520694732666
Starting label LEVI, seed 31, iteration 510, time: 340.0045144557953
Starting label LEVI, seed 31, iteration 520, time: 347.2220366001129
Starting label LEVI, seed 31, iteration 530, time: 354.4992024898529
Starting label LEVI, seed 31, iteration 540, time: 361.6918296813965
Starting label LEVI, seed 31, iteration 550, time: 368.83457493782043
Starting label LEVI, seed 31, iteration 560, time: 375.96541690826416
Starting label LEVI, seed 31, iteration 570, time: 382.93310809135437
Starting label LEVI, seed 31, iteration 580, time: 389.9666631221771
Starting label LEVI, seed 31, iteration 590, time: 397.1387357711792
Starting label LEVI, seed 31, iteration 600, time: 404.19096660614014
Starting label LEVI, seed 31, iteration 610, time: 411.2762954235077
Starting label LEVI, seed 31, iteration 620, time: 418.4229505062103
Starting label LEVI, seed 31, iteration 630, time: 425.5250036716461
Starting label LEVI, seed 31, iteration 640, time: 432.62823843955994
Starting label LEVI, seed 31, iteration 650, time: 439.7792739868164
Starting label LEVI, seed 31, iteration 660, time: 446.95008397102356
Starting label LEVI, seed 31, iteration 670, time: 454.3611557483673
Starting label LEVI, seed 31, iteration 680, time: 461.7484555244446
Starting label LEVI, seed 31, iteration 690, time: 469.22818970680237
Starting label LEVI, seed 31, iteration 700, time: 476.3772192001343
Starting label LEVI, seed 31, iteration 710, time: 483.80542635917664
Starting label LEVI, seed 31, iteration 720, time: 491.32394433021545
Starting label LEVI, seed 31, iteration 730, time: 498.7021656036377
Starting label LEVI, seed 31, iteration 740, time: 506.1509356498718
Starting label LEVI, seed 31, iteration 750, time: 513.4698667526245
Starting label LEVI, seed 31, iteration 760, time: 521.854086637497
Starting label LEVI, seed 31, iteration 770, time: 530.8325328826904
Starting label LEVI, seed 31, iteration 780, time: 539.2733116149902
Starting label LEVI, seed 31, iteration 790, time: 547.499312877655
Starting label LEVI, seed 31, iteration 800, time: 558.46604180336
Starting label LEVI, seed 31, iteration 810, time: 567.9966382980347
Starting label LEVI, seed 31, iteration 820, time: 575.7588024139404
Starting label LEVI, seed 31, iteration 830, time: 583.6274762153625
Starting label LEVI, seed 31, iteration 840, time: 591.153281211853
Starting label LEVI, seed 31, iteration 850, time: 598.2936472892761
Starting label LEVI, seed 31, iteration 860, time: 605.4630579948425
Starting label LEVI, seed 31, iteration 870, time: 612.7066714763641
Starting label LEVI, seed 31, iteration 880, time: 619.7139096260071
Starting label LEVI, seed 31, iteration 890, time: 627.0264897346497
Starting label LEVI, seed 31, iteration 900, time: 634.6099746227264
Starting label LEVI, seed 31, iteration 910, time: 642.1366136074066
Starting label LEVI, seed 31, iteration 920, time: 650.1039254665375
Starting label LEVI, seed 31, iteration 930, time: 657.8428521156311
Starting label LEVI, seed 31, iteration 940, time: 665.5836651325226
Starting label LEVI, seed 31, iteration 950, time: 673.0967290401459
Starting label LEVI, seed 31, iteration 960, time: 680.5948009490967
Starting label LEVI, seed 31, iteration 970, time: 688.1467154026031
Starting label LEVI, seed 31, iteration 980, time: 696.0829801559448
Starting label LEVI, seed 31, iteration 990, time: 703.8971865177155
Starting label LEVI, seed 31, iteration 1000, time: 711.874050617218
Starting label LEVI, seed 31, iteration 1010, time: 719.3450887203217
Starting label LEVI, seed 31, iteration 1020, time: 727.1587471961975
Starting label LEVI, seed 31, iteration 1030, time: 734.6942932605743
Starting label LEVI, seed 31, iteration 1040, time: 742.264969587326
Starting label LEVI, seed 31, iteration 1050, time: 749.9184994697571
Starting label LEVI, seed 31, iteration 1060, time: 757.4922103881836
Starting label LEVI, seed 31, iteration 1070, time: 765.5370953083038
Starting label LEVI, seed 31, iteration 1080, time: 773.5418894290924
Starting label LEVI, seed 31, iteration 1090, time: 781.4512441158295
Starting label LEVI, seed 31, iteration 1100, time: 789.6142954826355
Starting label LEVI, seed 31, iteration 1110, time: 797.6771943569183
Starting label LEVI, seed 31, iteration 1120, time: 805.6481156349182
Starting label LEVI, seed 31, iteration 1130, time: 813.7648837566376
Starting label LEVI, seed 31, iteration 1140, time: 821.7637393474579
Starting label LEVI, seed 31, iteration 1150, time: 829.5094156265259
Starting label LEVI, seed 31, iteration 1160, time: 837.2142930030823
Starting label LEVI, seed 31, iteration 1170, time: 844.8966825008392
Starting label LEVI, seed 31, iteration 1180, time: 852.5679271221161
Starting label LEVI, seed 31, iteration 1190, time: 861.6814477443695
Starting label LEVI, seed 31, iteration 1200, time: 870.9991381168365
Starting label LEVI, seed 31, iteration 1210, time: 879.7728548049927
Starting label LEVI, seed 31, iteration 1220, time: 888.9202268123627
Starting label LEVI, seed 31, iteration 1230, time: 898.378466129303
Starting label LEVI, seed 31, iteration 1240, time: 907.7422997951508
Starting label LEVI, seed 31, iteration 1250, time: 916.694563627243
Starting label LEVI, seed 31, iteration 1260, time: 925.3635897636414
Starting label LEVI, seed 31, iteration 1270, time: 933.8712711334229
Starting label LEVI, seed 31, iteration 1280, time: 942.6013829708099
Starting label LEVI, seed 31, iteration 1290, time: 950.8146629333496
Starting label LEVI, seed 31, iteration 1300, time: 959.4583144187927
Starting label LEVI, seed 31, iteration 1310, time: 967.726509809494
Starting label LEVI, seed 31, iteration 1320, time: 976.361879825592
Starting label LEVI, seed 31, iteration 1330, time: 985.6983337402344
Starting label LEVI, seed 31, iteration 1340, time: 994.6216979026794
Starting label LEVI, seed 31, iteration 1350, time: 1004.4446930885315
Starting label LEVI, seed 31, iteration 1360, time: 1014.5439922809601
Starting label LEVI, seed 31, iteration 1370, time: 1023.8098316192627
Starting label LEVI, seed 31, iteration 1380, time: 1033.124044418335
Starting label LEVI, seed 31, iteration 1390, time: 1042.2185130119324
Starting label LEVI, seed 31, iteration 1400, time: 1051.2477493286133
Starting label LEVI, seed 31, iteration 1410, time: 1060.387975692749
Starting label LEVI, seed 31, iteration 1420, time: 1070.2300865650177
Starting label LEVI, seed 31, iteration 1430, time: 1080.1730918884277
Starting label LEVI, seed 31, iteration 1440, time: 1090.211876630783
Starting label LEVI, seed 31, iteration 1450, time: 1100.2947177886963
Starting label LEVI, seed 31, iteration 1460, time: 1110.1799850463867
Starting label LEVI, seed 31, iteration 1470, time: 1119.719007730484
Starting label LEVI, seed 31, iteration 1480, time: 1130.5958533287048
Starting label LEVI, seed 31, iteration 1490, time: 1141.3900589942932
Starting label LEVI, seed 31, iteration 1500, time: 1151.3435759544373
Starting label LEVI, seed 31, iteration 1510, time: 1161.6070790290833
Starting label LEVI, seed 31, iteration 1520, time: 1172.476326227188
Starting label LEVI, seed 31, iteration 1530, time: 1183.1433427333832
Starting label LEVI, seed 31, iteration 1540, time: 1194.1875069141388
Starting label LEVI, seed 31, iteration 1550, time: 1204.7872214317322
Starting label LEVI, seed 31, iteration 1560, time: 1214.5931551456451
Starting label LEVI, seed 31, iteration 1570, time: 1225.2662415504456
Starting label LEVI, seed 31, iteration 1580, time: 1235.4672076702118
Starting label LEVI, seed 31, iteration 1590, time: 1246.8370451927185
Starting label LEVI, seed 31, iteration 1600, time: 1258.0322415828705
Starting label LEVI, seed 31, iteration 1610, time: 1270.0623784065247
Starting label LEVI, seed 31, iteration 1620, time: 1282.8330564498901
Starting label LEVI, seed 31, iteration 1630, time: 1295.2355344295502
Starting label LEVI, seed 31, iteration 1640, time: 1308.0674443244934
Starting label LEVI, seed 31, iteration 1650, time: 1321.8720593452454
Starting label LEVI, seed 31, iteration 1660, time: 1335.3911485671997
Starting label LEVI, seed 31, iteration 1670, time: 1348.0615792274475
Starting label LEVI, seed 31, iteration 1680, time: 1360.1340844631195
Starting label LEVI, seed 31, iteration 1690, time: 1373.6200621128082
Starting label LEVI, seed 31, iteration 1700, time: 1385.7181849479675
Starting label LEVI, seed 31, iteration 1710, time: 1397.4623034000397
Starting label LEVI, seed 31, iteration 1720, time: 1409.5089647769928
Starting label LEVI, seed 31, iteration 1730, time: 1421.1037726402283
Starting label LEVI, seed 31, iteration 1740, time: 1432.8316793441772
Starting label LEVI, seed 31, iteration 1750, time: 1444.90100979805
Starting label LEVI, seed 31, iteration 1760, time: 1456.8306441307068
Starting label LEVI, seed 31, iteration 1770, time: 1468.3803906440735
Starting label LEVI, seed 31, iteration 1780, time: 1479.8463816642761
Starting label LEVI, seed 31, iteration 1790, time: 1491.8604364395142
Starting label LEVI, seed 31, iteration 1800, time: 1504.0613901615143
Starting label LEVI, seed 31, iteration 1810, time: 1515.2547755241394
Starting label LEVI, seed 31, iteration 1820, time: 1527.7106952667236
Starting label LEVI, seed 31, iteration 1830, time: 1539.6611778736115
Starting label LEVI, seed 31, iteration 1840, time: 1551.3874900341034
submitit WARNING (2022-10-02 01:49:22,414) - Bypassing signal SIGCONT
submitit WARNING (2022-10-02 01:49:22,426) - Bypassing signal SIGTERM
Starting label LEVI, seed 31, iteration 1850, time: 1563.4755644798279
Starting label LEVI, seed 31, iteration 1860, time: 1575.9080426692963
