submitit INFO (2022-10-02 03:23:00,607) - Starting with JobEnvironment(job_id=883884_6, hostname=g2-compute-95.coecis.cornell.edu, local_rank=0(1), node=0(1), global_rank=0(1))
submitit INFO (2022-10-02 03:23:00,608) - Loading pickle: /home/gid-cakmaks/contextual_rs/experiments/wsc_experiments/logs/883884_6/883884_6_submitted.pkl
Starting label LEVI, seed 96, iteration 0, time: 0.0004677772521972656
Starting label LEVI, seed 96, iteration 10, time: 2.1329314708709717
Starting label LEVI, seed 96, iteration 20, time: 4.283647537231445
Starting label LEVI, seed 96, iteration 30, time: 6.510236024856567
Starting label LEVI, seed 96, iteration 40, time: 8.732476472854614
Starting label LEVI, seed 96, iteration 50, time: 10.98478388786316
Starting label LEVI, seed 96, iteration 60, time: 13.306969404220581
Starting label LEVI, seed 96, iteration 70, time: 15.51863718032837
Starting label LEVI, seed 96, iteration 80, time: 17.731857538223267
Starting label LEVI, seed 96, iteration 90, time: 19.94386649131775
Starting label LEVI, seed 96, iteration 100, time: 22.206548929214478
Starting label LEVI, seed 96, iteration 110, time: 24.445106983184814
Starting label LEVI, seed 96, iteration 120, time: 26.74914264678955
Starting label LEVI, seed 96, iteration 130, time: 29.064719438552856
Starting label LEVI, seed 96, iteration 140, time: 31.494097232818604
Starting label LEVI, seed 96, iteration 150, time: 33.82667088508606
Starting label LEVI, seed 96, iteration 160, time: 36.1534309387207
Starting label LEVI, seed 96, iteration 170, time: 38.50748634338379
Starting label LEVI, seed 96, iteration 180, time: 40.76430344581604
Starting label LEVI, seed 96, iteration 190, time: 43.04877686500549
Starting label LEVI, seed 96, iteration 200, time: 45.35961437225342
Starting label LEVI, seed 96, iteration 210, time: 47.73646402359009
Starting label LEVI, seed 96, iteration 220, time: 50.270081758499146
Starting label LEVI, seed 96, iteration 230, time: 52.71221923828125
Starting label LEVI, seed 96, iteration 240, time: 55.60122013092041
Starting label LEVI, seed 96, iteration 250, time: 58.231916427612305
Starting label LEVI, seed 96, iteration 260, time: 60.79281234741211
Starting label LEVI, seed 96, iteration 270, time: 63.49023771286011
Starting label LEVI, seed 96, iteration 280, time: 65.96022200584412
Starting label LEVI, seed 96, iteration 290, time: 68.55269241333008
Starting label LEVI, seed 96, iteration 300, time: 71.11855340003967
Starting label LEVI, seed 96, iteration 310, time: 73.8073878288269
Starting label LEVI, seed 96, iteration 320, time: 76.38274240493774
Starting label LEVI, seed 96, iteration 330, time: 78.96685695648193
Starting label LEVI, seed 96, iteration 340, time: 81.58394455909729
Starting label LEVI, seed 96, iteration 350, time: 84.1650071144104
Starting label LEVI, seed 96, iteration 360, time: 86.71128964424133
Starting label LEVI, seed 96, iteration 370, time: 89.37140727043152
Starting label LEVI, seed 96, iteration 380, time: 91.98724508285522
Starting label LEVI, seed 96, iteration 390, time: 94.78595900535583
Starting label LEVI, seed 96, iteration 400, time: 97.51223039627075
Starting label LEVI, seed 96, iteration 410, time: 100.12621712684631
Starting label LEVI, seed 96, iteration 420, time: 102.8530502319336
Starting label LEVI, seed 96, iteration 430, time: 105.59817147254944
Starting label LEVI, seed 96, iteration 440, time: 108.44688081741333
Starting label LEVI, seed 96, iteration 450, time: 111.2484757900238
submitit WARNING (2022-10-02 03:24:53,467) - Bypassing signal SIGCONT
submitit WARNING (2022-10-02 03:24:53,517) - Bypassing signal SIGTERM
Starting label LEVI, seed 96, iteration 460, time: 114.15584564208984
Starting label LEVI, seed 96, iteration 470, time: 117.23968291282654
Starting label LEVI, seed 96, iteration 480, time: 120.4581286907196
Starting label LEVI, seed 96, iteration 490, time: 123.55755305290222
Starting label LEVI, seed 96, iteration 500, time: 126.80449771881104
Starting label LEVI, seed 96, iteration 510, time: 129.79941391944885
Starting label LEVI, seed 96, iteration 520, time: 132.76303958892822
Starting label LEVI, seed 96, iteration 530, time: 135.9605631828308
Starting label LEVI, seed 96, iteration 540, time: 139.7999303340912
