submitit INFO (2022-10-02 01:49:55,639) - Starting with JobEnvironment(job_id=883520_3, hostname=g2-compute-95.coecis.cornell.edu, local_rank=0(1), node=0(1), global_rank=0(1))
submitit INFO (2022-10-02 01:49:55,639) - Loading pickle: /home/gid-cakmaks/contextual_rs/experiments/wsc_experiments/logs/883520_3/883520_3_submitted.pkl
Starting label LEVI, seed 3, iteration 0, time: 0.001529693603515625
Starting label LEVI, seed 3, iteration 10, time: 3.8457417488098145
Starting label LEVI, seed 3, iteration 20, time: 7.781858444213867
Starting label LEVI, seed 3, iteration 30, time: 11.748636484146118
Starting label LEVI, seed 3, iteration 40, time: 15.976057052612305
Starting label LEVI, seed 3, iteration 50, time: 20.14273428916931
Starting label LEVI, seed 3, iteration 60, time: 24.423160552978516
Starting label LEVI, seed 3, iteration 70, time: 28.670196056365967
Starting label LEVI, seed 3, iteration 80, time: 32.84972381591797
Starting label LEVI, seed 3, iteration 90, time: 37.00519347190857
Starting label LEVI, seed 3, iteration 100, time: 41.28741502761841
Starting label LEVI, seed 3, iteration 110, time: 45.535486936569214
Starting label LEVI, seed 3, iteration 120, time: 49.982794761657715
Starting label LEVI, seed 3, iteration 130, time: 54.28612422943115
Starting label LEVI, seed 3, iteration 140, time: 58.71432304382324
Starting label LEVI, seed 3, iteration 150, time: 63.1606969833374
Starting label LEVI, seed 3, iteration 160, time: 67.72365069389343
Starting label LEVI, seed 3, iteration 170, time: 72.21491312980652
Starting label LEVI, seed 3, iteration 180, time: 76.68129658699036
Starting label LEVI, seed 3, iteration 190, time: 80.96248602867126
Starting label LEVI, seed 3, iteration 200, time: 85.2263011932373
Starting label LEVI, seed 3, iteration 210, time: 89.68551135063171
Starting label LEVI, seed 3, iteration 220, time: 94.29565930366516
Starting label LEVI, seed 3, iteration 230, time: 98.99787282943726
Starting label LEVI, seed 3, iteration 240, time: 103.61276650428772
Starting label LEVI, seed 3, iteration 250, time: 108.24664235115051
Starting label LEVI, seed 3, iteration 260, time: 112.9706974029541
Starting label LEVI, seed 3, iteration 270, time: 117.73757076263428
Starting label LEVI, seed 3, iteration 280, time: 122.69772958755493
Starting label LEVI, seed 3, iteration 290, time: 127.58595943450928
Starting label LEVI, seed 3, iteration 300, time: 132.38683462142944
Starting label LEVI, seed 3, iteration 310, time: 137.26098084449768
Starting label LEVI, seed 3, iteration 320, time: 142.10911893844604
Starting label LEVI, seed 3, iteration 330, time: 146.97976422309875
Starting label LEVI, seed 3, iteration 340, time: 151.88670086860657
Starting label LEVI, seed 3, iteration 350, time: 156.6020646095276
Starting label LEVI, seed 3, iteration 360, time: 161.3307044506073
Starting label LEVI, seed 3, iteration 370, time: 166.13306975364685
Starting label LEVI, seed 3, iteration 380, time: 170.94833612442017
Starting label LEVI, seed 3, iteration 390, time: 175.75161457061768
Starting label LEVI, seed 3, iteration 400, time: 180.52471327781677
Starting label LEVI, seed 3, iteration 410, time: 185.3213391304016
Starting label LEVI, seed 3, iteration 420, time: 190.09597611427307
Starting label LEVI, seed 3, iteration 430, time: 194.99251317977905
Starting label LEVI, seed 3, iteration 440, time: 199.88379287719727
Starting label LEVI, seed 3, iteration 450, time: 204.5381498336792
Starting label LEVI, seed 3, iteration 460, time: 209.45364212989807
Starting label LEVI, seed 3, iteration 470, time: 214.52150344848633
Starting label LEVI, seed 3, iteration 480, time: 219.7195303440094
Starting label LEVI, seed 3, iteration 490, time: 225.1143581867218
Starting label LEVI, seed 3, iteration 500, time: 230.2260775566101
Starting label LEVI, seed 3, iteration 510, time: 235.32246494293213
Starting label LEVI, seed 3, iteration 520, time: 240.42459511756897
Starting label LEVI, seed 3, iteration 530, time: 245.64044404029846
Starting label LEVI, seed 3, iteration 540, time: 250.8923680782318
Starting label LEVI, seed 3, iteration 550, time: 256.0200500488281
Starting label LEVI, seed 3, iteration 560, time: 261.31207036972046
Starting label LEVI, seed 3, iteration 570, time: 266.497615814209
Starting label LEVI, seed 3, iteration 580, time: 271.8029885292053
Starting label LEVI, seed 3, iteration 590, time: 277.2080352306366
Starting label LEVI, seed 3, iteration 600, time: 282.5713617801666
Starting label LEVI, seed 3, iteration 610, time: 288.1207504272461
Starting label LEVI, seed 3, iteration 620, time: 293.64725613594055
Starting label LEVI, seed 3, iteration 630, time: 299.0854675769806
Starting label LEVI, seed 3, iteration 640, time: 304.38247871398926
Starting label LEVI, seed 3, iteration 650, time: 309.59945130348206
Starting label LEVI, seed 3, iteration 660, time: 314.7265610694885
submitit WARNING (2022-10-02 01:55:12,449) - Bypassing signal SIGCONT
submitit WARNING (2022-10-02 01:55:12,458) - Bypassing signal SIGTERM
Starting label LEVI, seed 3, iteration 670, time: 320.31538462638855
Starting label LEVI, seed 3, iteration 680, time: 325.2203528881073
Starting label LEVI, seed 3, iteration 690, time: 330.3076403141022
Starting label LEVI, seed 3, iteration 700, time: 335.29883766174316
Starting label LEVI, seed 3, iteration 710, time: 340.52515268325806
