submitit INFO (2022-10-02 13:12:37,361) - Starting with JobEnvironment(job_id=884465_1, hostname=nikola-compute-04.cs.cornell.edu, local_rank=0(1), node=0(1), global_rank=0(1))
submitit INFO (2022-10-02 13:12:37,361) - Loading pickle: /home/gid-cakmaks/contextual_rs/experiments/wsc_experiments/logs/884465_1/884465_1_submitted.pkl
Appending iterations to existing output!Warning: If parameters other than `iterations` have been changed, this will corrupt the output!
Starting label LEVI, seed 36, iteration 930, time: 1828.1980466842651
Starting label LEVI, seed 36, iteration 940, time: 1833.3585815429688
Starting label LEVI, seed 36, iteration 950, time: 1839.0643634796143
Starting label LEVI, seed 36, iteration 960, time: 1845.27854180336
Starting label LEVI, seed 36, iteration 970, time: 1851.7412912845612
Starting label LEVI, seed 36, iteration 980, time: 1857.852195739746
Starting label LEVI, seed 36, iteration 990, time: 1863.6613323688507
Starting label LEVI, seed 36, iteration 1000, time: 1868.982059955597
Starting label LEVI, seed 36, iteration 1010, time: 1874.2479181289673
Starting label LEVI, seed 36, iteration 1020, time: 1879.952177286148
Starting label LEVI, seed 36, iteration 1030, time: 1885.4146659374237
submitit WARNING (2022-10-02 13:13:37,467) - Bypassing signal SIGCONT
submitit WARNING (2022-10-02 13:13:37,497) - Bypassing signal SIGTERM
Starting label LEVI, seed 36, iteration 1040, time: 1890.7226829528809
Starting label LEVI, seed 36, iteration 1050, time: 1895.8730721473694
Starting label LEVI, seed 36, iteration 1060, time: 1900.450566291809
Starting label LEVI, seed 36, iteration 1070, time: 1905.3550252914429
Starting label LEVI, seed 36, iteration 1080, time: 1911.7322776317596
