submitit INFO (2022-10-02 01:19:55,691) - Starting with JobEnvironment(job_id=883390_6, hostname=sablab-gpu-02.ece.cornell.edu, local_rank=0(1), node=0(1), global_rank=0(1))
submitit INFO (2022-10-02 01:19:55,692) - Loading pickle: /home/gid-cakmaks/contextual_rs/experiments/wsc_experiments/logs/883390_6/883390_6_submitted.pkl
Starting label LEVI, seed 76, iteration 0, time: 0.002878427505493164
Starting label LEVI, seed 76, iteration 10, time: 2.844542980194092
Starting label LEVI, seed 76, iteration 20, time: 5.684193849563599
Starting label LEVI, seed 76, iteration 30, time: 8.51259970664978
Starting label LEVI, seed 76, iteration 40, time: 11.323583841323853
Starting label LEVI, seed 76, iteration 50, time: 14.194858312606812
Starting label LEVI, seed 76, iteration 60, time: 17.08222508430481
Starting label LEVI, seed 76, iteration 70, time: 19.908955097198486
Starting label LEVI, seed 76, iteration 80, time: 22.8632493019104
Starting label LEVI, seed 76, iteration 90, time: 25.80456566810608
Starting label LEVI, seed 76, iteration 100, time: 28.79081678390503
Starting label LEVI, seed 76, iteration 110, time: 31.72211456298828
Starting label LEVI, seed 76, iteration 120, time: 34.59120750427246
Starting label LEVI, seed 76, iteration 130, time: 37.5320041179657
Starting label LEVI, seed 76, iteration 140, time: 40.51804852485657
Starting label LEVI, seed 76, iteration 150, time: 43.47446894645691
Starting label LEVI, seed 76, iteration 160, time: 46.45598220825195
Starting label LEVI, seed 76, iteration 170, time: 49.37780165672302
Starting label LEVI, seed 76, iteration 180, time: 52.416701555252075
Starting label LEVI, seed 76, iteration 190, time: 55.40111446380615
Starting label LEVI, seed 76, iteration 200, time: 58.36762452125549
Starting label LEVI, seed 76, iteration 210, time: 61.394994020462036
Starting label LEVI, seed 76, iteration 220, time: 64.42828845977783
Starting label LEVI, seed 76, iteration 230, time: 67.52224850654602
Starting label LEVI, seed 76, iteration 240, time: 70.64402389526367
Starting label LEVI, seed 76, iteration 250, time: 73.67368841171265
Starting label LEVI, seed 76, iteration 260, time: 76.73138308525085
Starting label LEVI, seed 76, iteration 270, time: 79.83513355255127
Starting label LEVI, seed 76, iteration 280, time: 83.09352135658264
Starting label LEVI, seed 76, iteration 290, time: 86.15143871307373
Starting label LEVI, seed 76, iteration 300, time: 89.247478723526
Starting label LEVI, seed 76, iteration 310, time: 92.46281242370605
Starting label LEVI, seed 76, iteration 320, time: 95.61298942565918
Starting label LEVI, seed 76, iteration 330, time: 98.99340176582336
Starting label LEVI, seed 76, iteration 340, time: 102.25398969650269
Starting label LEVI, seed 76, iteration 350, time: 105.50871682167053
Starting label LEVI, seed 76, iteration 360, time: 108.73564672470093
Starting label LEVI, seed 76, iteration 370, time: 112.08499503135681
Starting label LEVI, seed 76, iteration 380, time: 115.5453109741211
Starting label LEVI, seed 76, iteration 390, time: 119.10434031486511
Starting label LEVI, seed 76, iteration 400, time: 122.59352493286133
Starting label LEVI, seed 76, iteration 410, time: 125.97445678710938
Starting label LEVI, seed 76, iteration 420, time: 129.52193593978882
Starting label LEVI, seed 76, iteration 430, time: 133.13229703903198
Starting label LEVI, seed 76, iteration 440, time: 136.8525664806366
Starting label LEVI, seed 76, iteration 450, time: 140.7844307422638
Starting label LEVI, seed 76, iteration 460, time: 144.48303198814392
Starting label LEVI, seed 76, iteration 470, time: 148.1857624053955
Starting label LEVI, seed 76, iteration 480, time: 152.204195022583
Starting label LEVI, seed 76, iteration 490, time: 156.01854944229126
submitit WARNING (2022-10-02 01:22:36,001) - Bypassing signal SIGCONT
submitit WARNING (2022-10-02 01:22:36,060) - Bypassing signal SIGTERM
Starting label LEVI, seed 76, iteration 500, time: 159.7931146621704
Starting label LEVI, seed 76, iteration 510, time: 163.6002540588379
Starting label LEVI, seed 76, iteration 520, time: 167.27714705467224
Starting label LEVI, seed 76, iteration 530, time: 171.28456592559814
Starting label LEVI, seed 76, iteration 540, time: 175.3722701072693
Starting label LEVI, seed 76, iteration 550, time: 179.30741715431213
Starting label LEVI, seed 76, iteration 560, time: 183.42790722846985
Starting label LEVI, seed 76, iteration 570, time: 187.7253577709198
