submitit INFO (2022-10-02 00:53:01,875) - Starting with JobEnvironment(job_id=883293_8, hostname=sablab-gpu-02.ece.cornell.edu, local_rank=0(1), node=0(1), global_rank=0(1))
submitit INFO (2022-10-02 00:53:01,876) - Loading pickle: /home/gid-cakmaks/contextual_rs/experiments/wsc_experiments/logs/883293_8/883293_8_submitted.pkl
Starting label LEVI, seed 78, iteration 0, time: 0.0005660057067871094
Starting label LEVI, seed 78, iteration 10, time: 2.7506768703460693
Starting label LEVI, seed 78, iteration 20, time: 5.315375328063965
Starting label LEVI, seed 78, iteration 30, time: 7.814687728881836
Starting label LEVI, seed 78, iteration 40, time: 10.32870602607727
Starting label LEVI, seed 78, iteration 50, time: 12.844095230102539
Starting label LEVI, seed 78, iteration 60, time: 15.47178053855896
Starting label LEVI, seed 78, iteration 70, time: 18.085317850112915
Starting label LEVI, seed 78, iteration 80, time: 20.771212339401245
Starting label LEVI, seed 78, iteration 90, time: 23.3069486618042
Starting label LEVI, seed 78, iteration 100, time: 25.90824818611145
Starting label LEVI, seed 78, iteration 110, time: 28.49822735786438
Starting label LEVI, seed 78, iteration 120, time: 31.04702091217041
Starting label LEVI, seed 78, iteration 130, time: 33.65895199775696
Starting label LEVI, seed 78, iteration 140, time: 36.3428053855896
Starting label LEVI, seed 78, iteration 150, time: 38.91334104537964
Starting label LEVI, seed 78, iteration 160, time: 41.44366431236267
Starting label LEVI, seed 78, iteration 170, time: 44.00595021247864
Starting label LEVI, seed 78, iteration 180, time: 46.647767543792725
Starting label LEVI, seed 78, iteration 190, time: 49.24748611450195
Starting label LEVI, seed 78, iteration 200, time: 51.843159914016724
Starting label LEVI, seed 78, iteration 210, time: 54.46906018257141
Starting label LEVI, seed 78, iteration 220, time: 57.17704224586487
Starting label LEVI, seed 78, iteration 230, time: 59.92475080490112
Starting label LEVI, seed 78, iteration 240, time: 62.5671489238739
Starting label LEVI, seed 78, iteration 250, time: 65.26865100860596
Starting label LEVI, seed 78, iteration 260, time: 67.95971870422363
Starting label LEVI, seed 78, iteration 270, time: 70.71472430229187
Starting label LEVI, seed 78, iteration 280, time: 73.5318386554718
Starting label LEVI, seed 78, iteration 290, time: 76.26292824745178
Starting label LEVI, seed 78, iteration 300, time: 79.0584545135498
Starting label LEVI, seed 78, iteration 310, time: 81.90445733070374
Starting label LEVI, seed 78, iteration 320, time: 84.6609034538269
Starting label LEVI, seed 78, iteration 330, time: 87.44605302810669
Starting label LEVI, seed 78, iteration 340, time: 90.32614707946777
Starting label LEVI, seed 78, iteration 350, time: 93.28165197372437
Starting label LEVI, seed 78, iteration 360, time: 96.20724606513977
Starting label LEVI, seed 78, iteration 370, time: 99.26645088195801
Starting label LEVI, seed 78, iteration 380, time: 102.17897176742554
Starting label LEVI, seed 78, iteration 390, time: 105.2615578174591
Starting label LEVI, seed 78, iteration 400, time: 108.22126889228821
Starting label LEVI, seed 78, iteration 410, time: 111.39478302001953
Starting label LEVI, seed 78, iteration 420, time: 114.58720850944519
Starting label LEVI, seed 78, iteration 430, time: 117.6249098777771
Starting label LEVI, seed 78, iteration 440, time: 120.84601879119873
Starting label LEVI, seed 78, iteration 450, time: 124.0802710056305
Starting label LEVI, seed 78, iteration 460, time: 127.41951894760132
Starting label LEVI, seed 78, iteration 470, time: 130.6732029914856
Starting label LEVI, seed 78, iteration 480, time: 134.00852227210999
Starting label LEVI, seed 78, iteration 490, time: 137.30250668525696
Starting label LEVI, seed 78, iteration 500, time: 140.70266699790955
Starting label LEVI, seed 78, iteration 510, time: 144.09032940864563
Starting label LEVI, seed 78, iteration 520, time: 147.60995507240295
Starting label LEVI, seed 78, iteration 530, time: 151.27884006500244
Starting label LEVI, seed 78, iteration 540, time: 154.90767550468445
Starting label LEVI, seed 78, iteration 550, time: 158.82199478149414
Starting label LEVI, seed 78, iteration 560, time: 162.05021023750305
Starting label LEVI, seed 78, iteration 570, time: 165.7808096408844
submitit WARNING (2022-10-02 00:55:52,024) - Bypassing signal SIGCONT
submitit WARNING (2022-10-02 00:55:52,039) - Bypassing signal SIGTERM
Starting label LEVI, seed 78, iteration 580, time: 169.62677454948425
Starting label LEVI, seed 78, iteration 590, time: 172.9236752986908
Starting label LEVI, seed 78, iteration 600, time: 176.71386122703552
Starting label LEVI, seed 78, iteration 610, time: 180.4150812625885
Starting label LEVI, seed 78, iteration 620, time: 184.05951285362244
Starting label LEVI, seed 78, iteration 630, time: 187.7316119670868
Starting label LEVI, seed 78, iteration 640, time: 191.80995535850525
Starting label LEVI, seed 78, iteration 650, time: 195.798499584198
