submitit INFO (2022-10-02 00:49:01,823) - Starting with JobEnvironment(job_id=883292_6, hostname=nikola-compute-03.cs.cornell.edu, local_rank=0(1), node=0(1), global_rank=0(1))
submitit INFO (2022-10-02 00:49:01,823) - Loading pickle: /home/gid-cakmaks/contextual_rs/experiments/wsc_experiments/logs/883292_6/883292_6_submitted.pkl
Starting label LEVI, seed 66, iteration 0, time: 0.0032155513763427734
Starting label LEVI, seed 66, iteration 10, time: 3.1916003227233887
Starting label LEVI, seed 66, iteration 20, time: 6.302871942520142
Starting label LEVI, seed 66, iteration 30, time: 9.477178812026978
Starting label LEVI, seed 66, iteration 40, time: 12.1959068775177
Starting label LEVI, seed 66, iteration 50, time: 15.074265241622925
Starting label LEVI, seed 66, iteration 60, time: 18.294006824493408
Starting label LEVI, seed 66, iteration 70, time: 21.48769497871399
Starting label LEVI, seed 66, iteration 80, time: 24.54239296913147
Starting label LEVI, seed 66, iteration 90, time: 27.277636528015137
Starting label LEVI, seed 66, iteration 100, time: 30.606918573379517
Starting label LEVI, seed 66, iteration 110, time: 33.935805797576904
Starting label LEVI, seed 66, iteration 120, time: 37.290841817855835
Starting label LEVI, seed 66, iteration 130, time: 40.35749673843384
Starting label LEVI, seed 66, iteration 140, time: 43.82602572441101
Starting label LEVI, seed 66, iteration 150, time: 47.133997440338135
Starting label LEVI, seed 66, iteration 160, time: 50.616856813430786
Starting label LEVI, seed 66, iteration 170, time: 53.69166612625122
Starting label LEVI, seed 66, iteration 180, time: 56.93355631828308
Starting label LEVI, seed 66, iteration 190, time: 60.34074568748474
Starting label LEVI, seed 66, iteration 200, time: 63.90186309814453
Starting label LEVI, seed 66, iteration 210, time: 66.92903590202332
Starting label LEVI, seed 66, iteration 220, time: 70.28030848503113
Starting label LEVI, seed 66, iteration 230, time: 73.99613976478577
Starting label LEVI, seed 66, iteration 240, time: 77.65243482589722
Starting label LEVI, seed 66, iteration 250, time: 80.93982172012329
Starting label LEVI, seed 66, iteration 260, time: 84.0003912448883
Starting label LEVI, seed 66, iteration 270, time: 87.49654746055603
Starting label LEVI, seed 66, iteration 280, time: 90.98015093803406
Starting label LEVI, seed 66, iteration 290, time: 94.45312714576721
Starting label LEVI, seed 66, iteration 300, time: 97.48301863670349
Starting label LEVI, seed 66, iteration 310, time: 100.84141945838928
Starting label LEVI, seed 66, iteration 320, time: 104.38564324378967
Starting label LEVI, seed 66, iteration 330, time: 107.86672329902649
Starting label LEVI, seed 66, iteration 340, time: 111.41627812385559
Starting label LEVI, seed 66, iteration 350, time: 114.57525515556335
Starting label LEVI, seed 66, iteration 360, time: 117.66627764701843
Starting label LEVI, seed 66, iteration 370, time: 121.33922481536865
Starting label LEVI, seed 66, iteration 380, time: 124.81899857521057
Starting label LEVI, seed 66, iteration 390, time: 128.2259612083435
Starting label LEVI, seed 66, iteration 400, time: 131.87975144386292
Starting label LEVI, seed 66, iteration 410, time: 135.15567827224731
Starting label LEVI, seed 66, iteration 420, time: 138.331444978714
Starting label LEVI, seed 66, iteration 430, time: 141.34527444839478
Starting label LEVI, seed 66, iteration 440, time: 144.38387775421143
Starting label LEVI, seed 66, iteration 450, time: 147.57690596580505
Starting label LEVI, seed 66, iteration 460, time: 150.85145092010498
Starting label LEVI, seed 66, iteration 470, time: 154.0435597896576
Starting label LEVI, seed 66, iteration 480, time: 157.30102109909058
Starting label LEVI, seed 66, iteration 490, time: 160.4232726097107
Starting label LEVI, seed 66, iteration 500, time: 163.75244808197021
Starting label LEVI, seed 66, iteration 510, time: 166.93085265159607
Starting label LEVI, seed 66, iteration 520, time: 170.11365842819214
Starting label LEVI, seed 66, iteration 530, time: 173.2173991203308
Starting label LEVI, seed 66, iteration 540, time: 176.66847920417786
Starting label LEVI, seed 66, iteration 550, time: 180.11556434631348
Starting label LEVI, seed 66, iteration 560, time: 183.5407910346985
Starting label LEVI, seed 66, iteration 570, time: 186.79836559295654
Starting label LEVI, seed 66, iteration 580, time: 190.14615154266357
Starting label LEVI, seed 66, iteration 590, time: 193.46782040596008
Starting label LEVI, seed 66, iteration 600, time: 196.7750678062439
Starting label LEVI, seed 66, iteration 610, time: 199.90117764472961
Starting label LEVI, seed 66, iteration 620, time: 203.26910018920898
Starting label LEVI, seed 66, iteration 630, time: 206.7644591331482
Starting label LEVI, seed 66, iteration 640, time: 210.42344856262207
Starting label LEVI, seed 66, iteration 650, time: 213.79321813583374
Starting label LEVI, seed 66, iteration 660, time: 217.1588318347931
Starting label LEVI, seed 66, iteration 670, time: 220.53138971328735
Starting label LEVI, seed 66, iteration 680, time: 224.13924884796143
Starting label LEVI, seed 66, iteration 690, time: 227.7687497138977
Starting label LEVI, seed 66, iteration 700, time: 231.30116081237793
Starting label LEVI, seed 66, iteration 710, time: 235.23469948768616
Starting label LEVI, seed 66, iteration 720, time: 239.33844566345215
Starting label LEVI, seed 66, iteration 730, time: 243.19401931762695
Starting label LEVI, seed 66, iteration 740, time: 247.0518720149994
Starting label LEVI, seed 66, iteration 750, time: 251.0716118812561
Starting label LEVI, seed 66, iteration 760, time: 255.19960021972656
Starting label LEVI, seed 66, iteration 770, time: 259.1698000431061
Starting label LEVI, seed 66, iteration 780, time: 263.22577595710754
Starting label LEVI, seed 66, iteration 790, time: 267.5822825431824
Starting label LEVI, seed 66, iteration 800, time: 272.1779260635376
Starting label LEVI, seed 66, iteration 810, time: 276.33163595199585
Starting label LEVI, seed 66, iteration 820, time: 280.4552071094513
Starting label LEVI, seed 66, iteration 830, time: 284.5689215660095
Starting label LEVI, seed 66, iteration 840, time: 288.76134610176086
Starting label LEVI, seed 66, iteration 850, time: 293.1165406703949
Starting label LEVI, seed 66, iteration 860, time: 297.69739270210266
Starting label LEVI, seed 66, iteration 870, time: 302.16905212402344
Starting label LEVI, seed 66, iteration 880, time: 306.6624677181244
Starting label LEVI, seed 66, iteration 890, time: 311.11495208740234
Starting label LEVI, seed 66, iteration 900, time: 315.911141872406
Starting label LEVI, seed 66, iteration 910, time: 320.73939538002014
Starting label LEVI, seed 66, iteration 920, time: 325.479065656662
Starting label LEVI, seed 66, iteration 930, time: 330.1540675163269
Starting label LEVI, seed 66, iteration 940, time: 335.1621923446655
Starting label LEVI, seed 66, iteration 950, time: 339.94618558883667
Starting label LEVI, seed 66, iteration 960, time: 344.3526668548584
Starting label LEVI, seed 66, iteration 970, time: 349.5019407272339
Starting label LEVI, seed 66, iteration 980, time: 354.96839594841003
Starting label LEVI, seed 66, iteration 990, time: 360.0015902519226
Starting label LEVI, seed 66, iteration 1000, time: 364.78581619262695
Starting label LEVI, seed 66, iteration 1010, time: 369.94237327575684
Starting label LEVI, seed 66, iteration 1020, time: 374.69041204452515
Starting label LEVI, seed 66, iteration 1030, time: 379.84886741638184
Starting label LEVI, seed 66, iteration 1040, time: 385.20805501937866
Starting label LEVI, seed 66, iteration 1050, time: 390.02915120124817
Starting label LEVI, seed 66, iteration 1060, time: 395.07936573028564
Starting label LEVI, seed 66, iteration 1070, time: 400.1144986152649
Starting label LEVI, seed 66, iteration 1080, time: 405.3378083705902
submitit WARNING (2022-10-02 00:55:52,084) - Bypassing signal SIGCONT
submitit WARNING (2022-10-02 00:55:52,086) - Bypassing signal SIGTERM
Starting label LEVI, seed 66, iteration 1090, time: 411.0849025249481
Starting label LEVI, seed 66, iteration 1100, time: 416.9502341747284
Starting label LEVI, seed 66, iteration 1110, time: 422.059130191803
Starting label LEVI, seed 66, iteration 1120, time: 427.44879603385925
Starting label LEVI, seed 66, iteration 1130, time: 432.8103361129761
