submitit INFO (2022-10-02 01:50:19,448) - Starting with JobEnvironment(job_id=883560_9, hostname=rush-compute-01.tech.cornell.edu, local_rank=0(1), node=0(1), global_rank=0(1))
submitit INFO (2022-10-02 01:50:19,448) - Loading pickle: /home/gid-cakmaks/contextual_rs/experiments/wsc_experiments/logs/883560_9/883560_9_submitted.pkl
Starting label LEVI, seed 49, iteration 0, time: 0.0004646778106689453
Starting label LEVI, seed 49, iteration 10, time: 4.559053421020508
Starting label LEVI, seed 49, iteration 20, time: 9.162936925888062
Starting label LEVI, seed 49, iteration 30, time: 14.146108150482178
Starting label LEVI, seed 49, iteration 40, time: 19.05847406387329
Starting label LEVI, seed 49, iteration 50, time: 24.093055963516235
Starting label LEVI, seed 49, iteration 60, time: 29.08000946044922
Starting label LEVI, seed 49, iteration 70, time: 34.04807209968567
Starting label LEVI, seed 49, iteration 80, time: 39.37507247924805
Starting label LEVI, seed 49, iteration 90, time: 44.38250207901001
Starting label LEVI, seed 49, iteration 100, time: 49.461076498031616
Starting label LEVI, seed 49, iteration 110, time: 54.280357122421265
Starting label LEVI, seed 49, iteration 120, time: 59.60238289833069
Starting label LEVI, seed 49, iteration 130, time: 64.93164086341858
Starting label LEVI, seed 49, iteration 140, time: 70.63438272476196
Starting label LEVI, seed 49, iteration 150, time: 76.62447190284729
Starting label LEVI, seed 49, iteration 160, time: 82.33666491508484
Starting label LEVI, seed 49, iteration 170, time: 87.96907067298889
Starting label LEVI, seed 49, iteration 180, time: 93.64274477958679
Starting label LEVI, seed 49, iteration 190, time: 99.20271158218384
Starting label LEVI, seed 49, iteration 200, time: 104.84030437469482
Starting label LEVI, seed 49, iteration 210, time: 110.37630486488342
Starting label LEVI, seed 49, iteration 220, time: 115.71686220169067
Starting label LEVI, seed 49, iteration 230, time: 121.30041980743408
Starting label LEVI, seed 49, iteration 240, time: 126.9807813167572
Starting label LEVI, seed 49, iteration 250, time: 132.76209235191345
Starting label LEVI, seed 49, iteration 260, time: 138.9255771636963
Starting label LEVI, seed 49, iteration 270, time: 144.68167805671692
Starting label LEVI, seed 49, iteration 280, time: 150.42727136611938
Starting label LEVI, seed 49, iteration 290, time: 156.18139123916626
Starting label LEVI, seed 49, iteration 300, time: 162.06424474716187
Starting label LEVI, seed 49, iteration 310, time: 168.0123109817505
Starting label LEVI, seed 49, iteration 320, time: 173.88089442253113
Starting label LEVI, seed 49, iteration 330, time: 179.78608870506287
Starting label LEVI, seed 49, iteration 340, time: 185.6377077102661
Starting label LEVI, seed 49, iteration 350, time: 191.70358204841614
Starting label LEVI, seed 49, iteration 360, time: 197.81481838226318
Starting label LEVI, seed 49, iteration 370, time: 204.05314707756042
Starting label LEVI, seed 49, iteration 380, time: 210.31704878807068
Starting label LEVI, seed 49, iteration 390, time: 216.4222116470337
Starting label LEVI, seed 49, iteration 400, time: 222.48937439918518
Starting label LEVI, seed 49, iteration 410, time: 228.91650438308716
Starting label LEVI, seed 49, iteration 420, time: 235.43028378486633
Starting label LEVI, seed 49, iteration 430, time: 241.98165893554688
Starting label LEVI, seed 49, iteration 440, time: 248.25163316726685
Starting label LEVI, seed 49, iteration 450, time: 254.48988127708435
Starting label LEVI, seed 49, iteration 460, time: 261.05429100990295
Starting label LEVI, seed 49, iteration 470, time: 267.5080337524414
Starting label LEVI, seed 49, iteration 480, time: 273.88131380081177
Starting label LEVI, seed 49, iteration 490, time: 280.28993582725525
Starting label LEVI, seed 49, iteration 500, time: 286.48364186286926
submitit WARNING (2022-10-02 01:55:12,470) - Bypassing signal SIGCONT
submitit WARNING (2022-10-02 01:55:12,520) - Bypassing signal SIGTERM
Starting label LEVI, seed 49, iteration 510, time: 292.65095138549805
Starting label LEVI, seed 49, iteration 520, time: 299.2478802204132
Starting label LEVI, seed 49, iteration 530, time: 305.71181654930115
Starting label LEVI, seed 49, iteration 540, time: 311.9118149280548
Starting label LEVI, seed 49, iteration 550, time: 318.20133900642395
