submitit INFO (2022-10-02 02:27:24,096) - Starting with JobEnvironment(job_id=883734_9, hostname=g2-compute-96.coecis.cornell.edu, local_rank=0(1), node=0(1), global_rank=0(1))
submitit INFO (2022-10-02 02:27:24,096) - Loading pickle: /home/gid-cakmaks/contextual_rs/experiments/wsc_experiments/logs/883734_9/883734_9_submitted.pkl
Starting label LEVI, seed 89, iteration 0, time: 0.0011906623840332031
Starting label LEVI, seed 89, iteration 10, time: 2.2419803142547607
Starting label LEVI, seed 89, iteration 20, time: 4.4842212200164795
Starting label LEVI, seed 89, iteration 30, time: 6.99168062210083
Starting label LEVI, seed 89, iteration 40, time: 9.419425964355469
Starting label LEVI, seed 89, iteration 50, time: 11.743271827697754
Starting label LEVI, seed 89, iteration 60, time: 14.411821126937866
Starting label LEVI, seed 89, iteration 70, time: 16.84223175048828
Starting label LEVI, seed 89, iteration 80, time: 19.491076946258545
Starting label LEVI, seed 89, iteration 90, time: 21.974722385406494
Starting label LEVI, seed 89, iteration 100, time: 24.393340587615967
Starting label LEVI, seed 89, iteration 110, time: 27.10530424118042
Starting label LEVI, seed 89, iteration 120, time: 29.569291591644287
Starting label LEVI, seed 89, iteration 130, time: 32.053778409957886
Starting label LEVI, seed 89, iteration 140, time: 34.570204734802246
Starting label LEVI, seed 89, iteration 150, time: 37.10421538352966
Starting label LEVI, seed 89, iteration 160, time: 39.60426187515259
Starting label LEVI, seed 89, iteration 170, time: 42.154462575912476
Starting label LEVI, seed 89, iteration 180, time: 44.67593479156494
Starting label LEVI, seed 89, iteration 190, time: 47.11284160614014
Starting label LEVI, seed 89, iteration 200, time: 49.643797636032104
Starting label LEVI, seed 89, iteration 210, time: 52.61223387718201
Starting label LEVI, seed 89, iteration 220, time: 55.332420110702515
Starting label LEVI, seed 89, iteration 230, time: 57.87477159500122
Starting label LEVI, seed 89, iteration 240, time: 60.52571511268616
Starting label LEVI, seed 89, iteration 250, time: 63.04991579055786
Starting label LEVI, seed 89, iteration 260, time: 65.70928382873535
Starting label LEVI, seed 89, iteration 270, time: 68.89050793647766
Starting label LEVI, seed 89, iteration 280, time: 71.58711767196655
Starting label LEVI, seed 89, iteration 290, time: 74.27417612075806
Starting label LEVI, seed 89, iteration 300, time: 77.08811259269714
Starting label LEVI, seed 89, iteration 310, time: 80.07368087768555
Starting label LEVI, seed 89, iteration 320, time: 82.95194864273071
Starting label LEVI, seed 89, iteration 330, time: 85.87070083618164
Starting label LEVI, seed 89, iteration 340, time: 88.68610405921936
Starting label LEVI, seed 89, iteration 350, time: 91.52448010444641
Starting label LEVI, seed 89, iteration 360, time: 94.62861108779907
Starting label LEVI, seed 89, iteration 370, time: 98.16005539894104
Starting label LEVI, seed 89, iteration 380, time: 101.28397679328918
Starting label LEVI, seed 89, iteration 390, time: 104.69869375228882
Starting label LEVI, seed 89, iteration 400, time: 107.86334681510925
Starting label LEVI, seed 89, iteration 410, time: 111.10984182357788
Starting label LEVI, seed 89, iteration 420, time: 114.30507469177246
Starting label LEVI, seed 89, iteration 430, time: 117.59737086296082
Starting label LEVI, seed 89, iteration 440, time: 120.98928809165955
Starting label LEVI, seed 89, iteration 450, time: 124.367347240448
Starting label LEVI, seed 89, iteration 460, time: 128.02986001968384
Starting label LEVI, seed 89, iteration 470, time: 131.99339723587036
Starting label LEVI, seed 89, iteration 480, time: 135.50578427314758
Starting label LEVI, seed 89, iteration 490, time: 139.6237509250641
Starting label LEVI, seed 89, iteration 500, time: 143.92796850204468
Starting label LEVI, seed 89, iteration 510, time: 147.93253993988037
Starting label LEVI, seed 89, iteration 520, time: 152.0280876159668
Starting label LEVI, seed 89, iteration 530, time: 155.88797688484192
Starting label LEVI, seed 89, iteration 540, time: 160.3547341823578
Starting label LEVI, seed 89, iteration 550, time: 164.27215147018433
Starting label LEVI, seed 89, iteration 560, time: 169.04591512680054
Starting label LEVI, seed 89, iteration 570, time: 173.89615178108215
Starting label LEVI, seed 89, iteration 580, time: 178.46888279914856
Starting label LEVI, seed 89, iteration 590, time: 183.3167622089386
Starting label LEVI, seed 89, iteration 600, time: 187.5123360157013
Starting label LEVI, seed 89, iteration 610, time: 192.4543526172638
Starting label LEVI, seed 89, iteration 620, time: 197.5351893901825
Starting label LEVI, seed 89, iteration 630, time: 202.91871547698975
Starting label LEVI, seed 89, iteration 640, time: 207.44269227981567
Starting label LEVI, seed 89, iteration 650, time: 212.3225462436676
Starting label LEVI, seed 89, iteration 660, time: 217.66922640800476
Starting label LEVI, seed 89, iteration 670, time: 222.67438387870789
Starting label LEVI, seed 89, iteration 680, time: 227.7669494152069
Starting label LEVI, seed 89, iteration 690, time: 233.8454554080963
Starting label LEVI, seed 89, iteration 700, time: 240.16809821128845
Starting label LEVI, seed 89, iteration 710, time: 245.91307544708252
Starting label LEVI, seed 89, iteration 720, time: 251.85336589813232
Starting label LEVI, seed 89, iteration 730, time: 259.0129017829895
Starting label LEVI, seed 89, iteration 740, time: 266.4446666240692
Starting label LEVI, seed 89, iteration 750, time: 272.38838601112366
Starting label LEVI, seed 89, iteration 760, time: 278.8644437789917
Starting label LEVI, seed 89, iteration 770, time: 286.1024532318115
Starting label LEVI, seed 89, iteration 780, time: 291.8794662952423
Starting label LEVI, seed 89, iteration 790, time: 298.59731888771057
Starting label LEVI, seed 89, iteration 800, time: 305.00239539146423
Starting label LEVI, seed 89, iteration 810, time: 312.2747383117676
Starting label LEVI, seed 89, iteration 820, time: 318.2460632324219
Starting label LEVI, seed 89, iteration 830, time: 324.4128153324127
Starting label LEVI, seed 89, iteration 840, time: 332.5619752407074
Starting label LEVI, seed 89, iteration 850, time: 339.89602756500244
Starting label LEVI, seed 89, iteration 860, time: 345.96175265312195
Starting label LEVI, seed 89, iteration 870, time: 353.7555856704712
Starting label LEVI, seed 89, iteration 880, time: 360.4956934452057
Starting label LEVI, seed 89, iteration 890, time: 368.9100434780121
Starting label LEVI, seed 89, iteration 900, time: 375.90073680877686
Starting label LEVI, seed 89, iteration 910, time: 384.2458815574646
Starting label LEVI, seed 89, iteration 920, time: 393.04374051094055
Starting label LEVI, seed 89, iteration 930, time: 402.3712589740753
Starting label LEVI, seed 89, iteration 940, time: 411.1679804325104
Starting label LEVI, seed 89, iteration 950, time: 420.32177472114563
Starting label LEVI, seed 89, iteration 960, time: 428.7699613571167
Starting label LEVI, seed 89, iteration 970, time: 438.06598448753357
Starting label LEVI, seed 89, iteration 980, time: 448.0773375034332
Starting label LEVI, seed 89, iteration 990, time: 458.4320595264435
Starting label LEVI, seed 89, iteration 1000, time: 469.42178654670715
Starting label LEVI, seed 89, iteration 1010, time: 479.43694710731506
Starting label LEVI, seed 89, iteration 1020, time: 489.06880378723145
Starting label LEVI, seed 89, iteration 1030, time: 499.5599420070648
Starting label LEVI, seed 89, iteration 1040, time: 508.0806646347046
Starting label LEVI, seed 89, iteration 1050, time: 520.6460664272308
Starting label LEVI, seed 89, iteration 1060, time: 532.8806672096252
Starting label LEVI, seed 89, iteration 1070, time: 543.408132314682
Starting label LEVI, seed 89, iteration 1080, time: 554.0376574993134
Starting label LEVI, seed 89, iteration 1090, time: 564.5901501178741
Starting label LEVI, seed 89, iteration 1100, time: 575.4698102474213
Starting label LEVI, seed 89, iteration 1110, time: 586.6182441711426
Starting label LEVI, seed 89, iteration 1120, time: 598.0426359176636
Starting label LEVI, seed 89, iteration 1130, time: 612.1855409145355
Starting label LEVI, seed 89, iteration 1140, time: 623.5171718597412
Starting label LEVI, seed 89, iteration 1150, time: 634.1443367004395
Starting label LEVI, seed 89, iteration 1160, time: 648.9483046531677
Starting label LEVI, seed 89, iteration 1170, time: 661.0176634788513
Starting label LEVI, seed 89, iteration 1180, time: 677.0125904083252
Starting label LEVI, seed 89, iteration 1190, time: 690.7036139965057
Starting label LEVI, seed 89, iteration 1200, time: 703.5344157218933
Starting label LEVI, seed 89, iteration 1210, time: 718.3912847042084
Starting label LEVI, seed 89, iteration 1220, time: 731.3457932472229
Starting label LEVI, seed 89, iteration 1230, time: 748.8578073978424
Starting label LEVI, seed 89, iteration 1240, time: 763.3220770359039
Starting label LEVI, seed 89, iteration 1250, time: 780.6715798377991
Starting label LEVI, seed 89, iteration 1260, time: 799.4262821674347
Starting label LEVI, seed 89, iteration 1270, time: 814.218514919281
Starting label LEVI, seed 89, iteration 1280, time: 830.5401258468628
Starting label LEVI, seed 89, iteration 1290, time: 850.2320840358734
Starting label LEVI, seed 89, iteration 1300, time: 866.9076128005981
Starting label LEVI, seed 89, iteration 1310, time: 886.6496891975403
Starting label LEVI, seed 89, iteration 1320, time: 905.6946232318878
Starting label LEVI, seed 89, iteration 1330, time: 927.3440737724304
Starting label LEVI, seed 89, iteration 1340, time: 948.9537103176117
Starting label LEVI, seed 89, iteration 1350, time: 970.0470926761627
Starting label LEVI, seed 89, iteration 1360, time: 991.6918296813965
Starting label LEVI, seed 89, iteration 1370, time: 1011.9347484111786
Starting label LEVI, seed 89, iteration 1380, time: 1036.3791418075562
Starting label LEVI, seed 89, iteration 1390, time: 1059.248278617859
Starting label LEVI, seed 89, iteration 1400, time: 1079.1469404697418
Starting label LEVI, seed 89, iteration 1410, time: 1101.062530040741
Starting label LEVI, seed 89, iteration 1420, time: 1126.3011860847473
Starting label LEVI, seed 89, iteration 1430, time: 1152.3704352378845
Starting label LEVI, seed 89, iteration 1440, time: 1179.0561563968658
Starting label LEVI, seed 89, iteration 1450, time: 1205.8802525997162
Starting label LEVI, seed 89, iteration 1460, time: 1228.680480003357
Starting label LEVI, seed 89, iteration 1470, time: 1250.0100286006927
Starting label LEVI, seed 89, iteration 1480, time: 1276.2648820877075
Starting label LEVI, seed 89, iteration 1490, time: 1304.4722752571106
Starting label LEVI, seed 89, iteration 1500, time: 1327.9334540367126
Starting label LEVI, seed 89, iteration 1510, time: 1359.104791879654
Starting label LEVI, seed 89, iteration 1520, time: 1390.8297181129456
Starting label LEVI, seed 89, iteration 1530, time: 1418.4919805526733
Starting label LEVI, seed 89, iteration 1540, time: 1451.16658949852
Starting label LEVI, seed 89, iteration 1550, time: 1477.2168562412262
Starting label LEVI, seed 89, iteration 1560, time: 1503.8625316619873
Starting label LEVI, seed 89, iteration 1570, time: 1530.0839529037476
Starting label LEVI, seed 89, iteration 1580, time: 1555.2321863174438
Starting label LEVI, seed 89, iteration 1590, time: 1581.3142848014832
Starting label LEVI, seed 89, iteration 1600, time: 1606.2098252773285
Starting label LEVI, seed 89, iteration 1610, time: 1634.28036403656
Starting label LEVI, seed 89, iteration 1620, time: 1659.7849974632263
Starting label LEVI, seed 89, iteration 1630, time: 1687.2477045059204
Starting label LEVI, seed 89, iteration 1640, time: 1719.8756976127625
Starting label LEVI, seed 89, iteration 1650, time: 1748.1578810214996
Starting label LEVI, seed 89, iteration 1660, time: 1784.0112347602844
Starting label LEVI, seed 89, iteration 1670, time: 1813.6501715183258
Starting label LEVI, seed 89, iteration 1680, time: 1857.853933095932
Starting label LEVI, seed 89, iteration 1690, time: 1894.9805195331573
Starting label LEVI, seed 89, iteration 1700, time: 1926.8516557216644
Starting label LEVI, seed 89, iteration 1710, time: 1969.4448418617249
Starting label LEVI, seed 89, iteration 1720, time: 2012.2193939685822
Starting label LEVI, seed 89, iteration 1730, time: 2055.6441173553467
Starting label LEVI, seed 89, iteration 1740, time: 2089.8978459835052
Starting label LEVI, seed 89, iteration 1750, time: 2135.8345210552216
Starting label LEVI, seed 89, iteration 1760, time: 2171.733006954193
Starting label LEVI, seed 89, iteration 1770, time: 2216.3526606559753
Starting label LEVI, seed 89, iteration 1780, time: 2258.6407034397125
Starting label LEVI, seed 89, iteration 1790, time: 2296.273159265518
Starting label LEVI, seed 89, iteration 1800, time: 2340.3344321250916
Starting label LEVI, seed 89, iteration 1810, time: 2379.4029824733734
Starting label LEVI, seed 89, iteration 1820, time: 2417.083622455597
Starting label LEVI, seed 89, iteration 1830, time: 2458.516710996628
Starting label LEVI, seed 89, iteration 1840, time: 2505.967146396637
Starting label LEVI, seed 89, iteration 1850, time: 2555.417445898056
Starting label LEVI, seed 89, iteration 1860, time: 2603.500006914139
Starting label LEVI, seed 89, iteration 1870, time: 2642.5613889694214
Starting label LEVI, seed 89, iteration 1880, time: 2683.818969488144
Starting label LEVI, seed 89, iteration 1890, time: 2724.4124250411987
Starting label LEVI, seed 89, iteration 1900, time: 2764.7277340888977
Starting label LEVI, seed 89, iteration 1910, time: 2813.6332359313965
Starting label LEVI, seed 89, iteration 1920, time: 2852.160091638565
submitit WARNING (2022-10-02 03:15:39,695) - Bypassing signal SIGTERM
submitit WARNING (2022-10-02 03:15:39,696) - Bypassing signal SIGCONT
Starting label LEVI, seed 89, iteration 1930, time: 2910.393041610718
