submitit INFO (2022-10-02 00:56:26,335) - Starting with JobEnvironment(job_id=883347_9, hostname=sablab-gpu-02.ece.cornell.edu, local_rank=0(1), node=0(1), global_rank=0(1))
submitit INFO (2022-10-02 00:56:26,335) - Loading pickle: /home/gid-cakmaks/contextual_rs/experiments/wsc_experiments/logs/883347_9/883347_9_submitted.pkl
Starting label LEVI, seed 29, iteration 0, time: 0.0005390644073486328
Starting label LEVI, seed 29, iteration 10, time: 2.615741491317749
Starting label LEVI, seed 29, iteration 20, time: 5.041694402694702
Starting label LEVI, seed 29, iteration 30, time: 7.539008855819702
Starting label LEVI, seed 29, iteration 40, time: 9.984853982925415
Starting label LEVI, seed 29, iteration 50, time: 12.518903017044067
Starting label LEVI, seed 29, iteration 60, time: 15.116798877716064
Starting label LEVI, seed 29, iteration 70, time: 17.691908597946167
Starting label LEVI, seed 29, iteration 80, time: 20.249440670013428
Starting label LEVI, seed 29, iteration 90, time: 22.869714975357056
Starting label LEVI, seed 29, iteration 100, time: 25.405422687530518
Starting label LEVI, seed 29, iteration 110, time: 27.91499972343445
Starting label LEVI, seed 29, iteration 120, time: 30.466997146606445
Starting label LEVI, seed 29, iteration 130, time: 32.95164680480957
Starting label LEVI, seed 29, iteration 140, time: 35.561939001083374
Starting label LEVI, seed 29, iteration 150, time: 38.108824014663696
Starting label LEVI, seed 29, iteration 160, time: 40.57740139961243
Starting label LEVI, seed 29, iteration 170, time: 43.03981280326843
Starting label LEVI, seed 29, iteration 180, time: 45.55281734466553
Starting label LEVI, seed 29, iteration 190, time: 48.07703256607056
Starting label LEVI, seed 29, iteration 200, time: 50.68187141418457
Starting label LEVI, seed 29, iteration 210, time: 53.26337742805481
Starting label LEVI, seed 29, iteration 220, time: 55.930352210998535
Starting label LEVI, seed 29, iteration 230, time: 58.506917238235474
Starting label LEVI, seed 29, iteration 240, time: 61.111122846603394
Starting label LEVI, seed 29, iteration 250, time: 63.66390037536621
Starting label LEVI, seed 29, iteration 260, time: 66.25468373298645
Starting label LEVI, seed 29, iteration 270, time: 68.93820095062256
Starting label LEVI, seed 29, iteration 280, time: 71.59378337860107
Starting label LEVI, seed 29, iteration 290, time: 74.24205732345581
Starting label LEVI, seed 29, iteration 300, time: 76.95810389518738
Starting label LEVI, seed 29, iteration 310, time: 79.71773099899292
Starting label LEVI, seed 29, iteration 320, time: 82.51097178459167
Starting label LEVI, seed 29, iteration 330, time: 85.16967964172363
Starting label LEVI, seed 29, iteration 340, time: 87.94871926307678
Starting label LEVI, seed 29, iteration 350, time: 90.75540065765381
Starting label LEVI, seed 29, iteration 360, time: 93.87536787986755
Starting label LEVI, seed 29, iteration 370, time: 96.93891096115112
Starting label LEVI, seed 29, iteration 380, time: 100.07390427589417
Starting label LEVI, seed 29, iteration 390, time: 103.20322465896606
Starting label LEVI, seed 29, iteration 400, time: 106.29975700378418
Starting label LEVI, seed 29, iteration 410, time: 109.34072542190552
Starting label LEVI, seed 29, iteration 420, time: 112.66009855270386
Starting label LEVI, seed 29, iteration 430, time: 115.61652183532715
Starting label LEVI, seed 29, iteration 440, time: 118.75787830352783
Starting label LEVI, seed 29, iteration 450, time: 121.87036561965942
Starting label LEVI, seed 29, iteration 460, time: 125.08759999275208
Starting label LEVI, seed 29, iteration 470, time: 128.61475610733032
Starting label LEVI, seed 29, iteration 480, time: 132.14289116859436
Starting label LEVI, seed 29, iteration 490, time: 135.7237663269043
Starting label LEVI, seed 29, iteration 500, time: 139.0941252708435
Starting label LEVI, seed 29, iteration 510, time: 142.4715588092804
Starting label LEVI, seed 29, iteration 520, time: 145.87561655044556
Starting label LEVI, seed 29, iteration 530, time: 149.67893862724304
Starting label LEVI, seed 29, iteration 540, time: 153.18268942832947
Starting label LEVI, seed 29, iteration 550, time: 157.010005235672
Starting label LEVI, seed 29, iteration 560, time: 160.87951517105103
Starting label LEVI, seed 29, iteration 570, time: 164.69844889640808
Starting label LEVI, seed 29, iteration 580, time: 168.38024067878723
Starting label LEVI, seed 29, iteration 590, time: 172.67641711235046
Starting label LEVI, seed 29, iteration 600, time: 176.74377536773682
Starting label LEVI, seed 29, iteration 610, time: 180.893226146698
Starting label LEVI, seed 29, iteration 620, time: 184.93623304367065
Starting label LEVI, seed 29, iteration 630, time: 188.83142566680908
Starting label LEVI, seed 29, iteration 640, time: 192.9365782737732
Starting label LEVI, seed 29, iteration 650, time: 197.42075634002686
Starting label LEVI, seed 29, iteration 660, time: 201.65490245819092
Starting label LEVI, seed 29, iteration 670, time: 205.8732841014862
Starting label LEVI, seed 29, iteration 680, time: 210.6101849079132
Starting label LEVI, seed 29, iteration 690, time: 215.27262258529663
Starting label LEVI, seed 29, iteration 700, time: 219.4025273323059
Starting label LEVI, seed 29, iteration 710, time: 223.99724054336548
Starting label LEVI, seed 29, iteration 720, time: 228.49643635749817
Starting label LEVI, seed 29, iteration 730, time: 232.79352831840515
Starting label LEVI, seed 29, iteration 740, time: 237.7013657093048
Starting label LEVI, seed 29, iteration 750, time: 242.63555717468262
Starting label LEVI, seed 29, iteration 760, time: 247.4163475036621
Starting label LEVI, seed 29, iteration 770, time: 252.55906224250793
Starting label LEVI, seed 29, iteration 780, time: 256.835125207901
Starting label LEVI, seed 29, iteration 790, time: 261.57490587234497
Starting label LEVI, seed 29, iteration 800, time: 266.364355802536
Starting label LEVI, seed 29, iteration 810, time: 270.82793951034546
Starting label LEVI, seed 29, iteration 820, time: 275.5217308998108
Starting label LEVI, seed 29, iteration 830, time: 280.2450625896454
Starting label LEVI, seed 29, iteration 840, time: 285.4564788341522
Starting label LEVI, seed 29, iteration 850, time: 289.94701075553894
Starting label LEVI, seed 29, iteration 860, time: 295.2425699234009
Starting label LEVI, seed 29, iteration 870, time: 300.9211642742157
Starting label LEVI, seed 29, iteration 880, time: 305.8513662815094
Starting label LEVI, seed 29, iteration 890, time: 310.8234815597534
Starting label LEVI, seed 29, iteration 900, time: 315.8459701538086
Starting label LEVI, seed 29, iteration 910, time: 320.84269309043884
Starting label LEVI, seed 29, iteration 920, time: 325.65530824661255
Starting label LEVI, seed 29, iteration 930, time: 330.7089855670929
Starting label LEVI, seed 29, iteration 940, time: 335.0864861011505
Starting label LEVI, seed 29, iteration 950, time: 340.60627269744873
Starting label LEVI, seed 29, iteration 960, time: 345.5155532360077
Starting label LEVI, seed 29, iteration 970, time: 350.32303500175476
Starting label LEVI, seed 29, iteration 980, time: 355.5006935596466
Starting label LEVI, seed 29, iteration 990, time: 360.8046169281006
Starting label LEVI, seed 29, iteration 1000, time: 366.6662211418152
Starting label LEVI, seed 29, iteration 1010, time: 371.9212520122528
Starting label LEVI, seed 29, iteration 1020, time: 377.8511731624603
Starting label LEVI, seed 29, iteration 1030, time: 383.06022119522095
Starting label LEVI, seed 29, iteration 1040, time: 389.02714228630066
Starting label LEVI, seed 29, iteration 1050, time: 395.70661902427673
Starting label LEVI, seed 29, iteration 1060, time: 401.6650025844574
Starting label LEVI, seed 29, iteration 1070, time: 408.23696875572205
Starting label LEVI, seed 29, iteration 1080, time: 413.85780668258667
Starting label LEVI, seed 29, iteration 1090, time: 421.27473068237305
Starting label LEVI, seed 29, iteration 1100, time: 426.89622950553894
Starting label LEVI, seed 29, iteration 1110, time: 433.25695157051086
Starting label LEVI, seed 29, iteration 1120, time: 440.10046458244324
Starting label LEVI, seed 29, iteration 1130, time: 446.00342655181885
Starting label LEVI, seed 29, iteration 1140, time: 452.2658534049988
Starting label LEVI, seed 29, iteration 1150, time: 459.3716609477997
Starting label LEVI, seed 29, iteration 1160, time: 467.4486954212189
Starting label LEVI, seed 29, iteration 1170, time: 474.19332814216614
Starting label LEVI, seed 29, iteration 1180, time: 482.40323853492737
Starting label LEVI, seed 29, iteration 1190, time: 490.8900611400604
Starting label LEVI, seed 29, iteration 1200, time: 499.9878566265106
Starting label LEVI, seed 29, iteration 1210, time: 508.5811231136322
Starting label LEVI, seed 29, iteration 1220, time: 517.8577387332916
Starting label LEVI, seed 29, iteration 1230, time: 526.9042768478394
Starting label LEVI, seed 29, iteration 1240, time: 536.0584280490875
Starting label LEVI, seed 29, iteration 1250, time: 545.6307337284088
Starting label LEVI, seed 29, iteration 1260, time: 553.4828157424927
Starting label LEVI, seed 29, iteration 1270, time: 562.6813962459564
Starting label LEVI, seed 29, iteration 1280, time: 571.7656939029694
Starting label LEVI, seed 29, iteration 1290, time: 579.5897011756897
Starting label LEVI, seed 29, iteration 1300, time: 587.5730307102203
Starting label LEVI, seed 29, iteration 1310, time: 595.4394061565399
Starting label LEVI, seed 29, iteration 1320, time: 605.80055975914
Starting label LEVI, seed 29, iteration 1330, time: 614.0473425388336
Starting label LEVI, seed 29, iteration 1340, time: 621.9930374622345
Starting label LEVI, seed 29, iteration 1350, time: 631.3494837284088
Starting label LEVI, seed 29, iteration 1360, time: 641.6438975334167
Starting label LEVI, seed 29, iteration 1370, time: 651.4467182159424
Starting label LEVI, seed 29, iteration 1380, time: 660.3880214691162
Starting label LEVI, seed 29, iteration 1390, time: 670.4509556293488
Starting label LEVI, seed 29, iteration 1400, time: 679.5726027488708
Starting label LEVI, seed 29, iteration 1410, time: 689.3356709480286
Starting label LEVI, seed 29, iteration 1420, time: 698.3254039287567
Starting label LEVI, seed 29, iteration 1430, time: 709.8195524215698
Starting label LEVI, seed 29, iteration 1440, time: 720.2472703456879
Starting label LEVI, seed 29, iteration 1450, time: 730.8103921413422
Starting label LEVI, seed 29, iteration 1460, time: 739.9424133300781
Starting label LEVI, seed 29, iteration 1470, time: 749.503968000412
Starting label LEVI, seed 29, iteration 1480, time: 759.267689704895
Starting label LEVI, seed 29, iteration 1490, time: 770.1078588962555
Starting label LEVI, seed 29, iteration 1500, time: 779.2302868366241
Starting label LEVI, seed 29, iteration 1510, time: 789.1390359401703
Starting label LEVI, seed 29, iteration 1520, time: 800.9882700443268
Starting label LEVI, seed 29, iteration 1530, time: 816.178774356842
Starting label LEVI, seed 29, iteration 1540, time: 828.0034415721893
Starting label LEVI, seed 29, iteration 1550, time: 841.6804642677307
Starting label LEVI, seed 29, iteration 1560, time: 853.6574547290802
Starting label LEVI, seed 29, iteration 1570, time: 866.6065647602081
Starting label LEVI, seed 29, iteration 1580, time: 885.1712915897369
Starting label LEVI, seed 29, iteration 1590, time: 898.661554813385
Starting label LEVI, seed 29, iteration 1600, time: 911.4067335128784
Starting label LEVI, seed 29, iteration 1610, time: 924.3474388122559
Starting label LEVI, seed 29, iteration 1620, time: 939.5946459770203
Starting label LEVI, seed 29, iteration 1630, time: 953.092010974884
Starting label LEVI, seed 29, iteration 1640, time: 965.21497631073
Starting label LEVI, seed 29, iteration 1650, time: 977.9861221313477
Starting label LEVI, seed 29, iteration 1660, time: 994.7313961982727
Starting label LEVI, seed 29, iteration 1670, time: 1008.4365174770355
Starting label LEVI, seed 29, iteration 1680, time: 1022.7408349514008
Starting label LEVI, seed 29, iteration 1690, time: 1044.970870733261
Starting label LEVI, seed 29, iteration 1700, time: 1063.6619992256165
Starting label LEVI, seed 29, iteration 1710, time: 1081.295741558075
Starting label LEVI, seed 29, iteration 1720, time: 1098.2164421081543
Starting label LEVI, seed 29, iteration 1730, time: 1113.476175069809
Starting label LEVI, seed 29, iteration 1740, time: 1128.4936165809631
Starting label LEVI, seed 29, iteration 1750, time: 1140.7620117664337
Starting label LEVI, seed 29, iteration 1760, time: 1157.1269245147705
Starting label LEVI, seed 29, iteration 1770, time: 1172.2455830574036
Starting label LEVI, seed 29, iteration 1780, time: 1187.4224190711975
Starting label LEVI, seed 29, iteration 1790, time: 1201.9993426799774
Starting label LEVI, seed 29, iteration 1800, time: 1223.9595460891724
Starting label LEVI, seed 29, iteration 1810, time: 1245.5844767093658
Starting label LEVI, seed 29, iteration 1820, time: 1268.600819826126
Starting label LEVI, seed 29, iteration 1830, time: 1285.1363551616669
Starting label LEVI, seed 29, iteration 1840, time: 1307.110096693039
Starting label LEVI, seed 29, iteration 1850, time: 1329.62428855896
Starting label LEVI, seed 29, iteration 1860, time: 1351.0605895519257
Starting label LEVI, seed 29, iteration 1870, time: 1374.3742198944092
Starting label LEVI, seed 29, iteration 1880, time: 1396.6392493247986
Starting label LEVI, seed 29, iteration 1890, time: 1419.0219480991364
Starting label LEVI, seed 29, iteration 1900, time: 1437.6197106838226
Starting label LEVI, seed 29, iteration 1910, time: 1464.1091272830963
Starting label LEVI, seed 29, iteration 1920, time: 1487.095492362976
Starting label LEVI, seed 29, iteration 1930, time: 1511.322312116623
Starting label LEVI, seed 29, iteration 1940, time: 1536.8824138641357
Starting label LEVI, seed 29, iteration 1950, time: 1564.059365272522
submitit WARNING (2022-10-02 01:22:36,176) - Bypassing signal SIGTERM
submitit WARNING (2022-10-02 01:22:36,176) - Bypassing signal SIGCONT
Starting label LEVI, seed 29, iteration 1960, time: 1589.2594442367554
