submitit INFO (2022-10-02 04:33:38,524) - Starting with JobEnvironment(job_id=884079_6, hostname=nikola-compute-04.cs.cornell.edu, local_rank=0(1), node=0(1), global_rank=0(1))
submitit INFO (2022-10-02 04:33:38,525) - Loading pickle: /home/gid-cakmaks/contextual_rs/experiments/wsc_experiments/logs/884079_6/884079_6_submitted.pkl
Appending iterations to existing output!Warning: If parameters other than `iterations` have been changed, this will corrupt the output!
Starting label LEVI, seed 96, iteration 330, time: 178.24341702461243
Starting label LEVI, seed 96, iteration 340, time: 184.1452660560608
Starting label LEVI, seed 96, iteration 350, time: 190.05689930915833
Starting label LEVI, seed 96, iteration 360, time: 195.99681973457336
Starting label LEVI, seed 96, iteration 370, time: 203.2581593990326
Starting label LEVI, seed 96, iteration 380, time: 210.7077293395996
Starting label LEVI, seed 96, iteration 390, time: 218.02410340309143
Starting label LEVI, seed 96, iteration 400, time: 224.10752153396606
Starting label LEVI, seed 96, iteration 410, time: 230.52189874649048
Starting label LEVI, seed 96, iteration 420, time: 237.97724795341492
Starting label LEVI, seed 96, iteration 430, time: 244.30675601959229
Starting label LEVI, seed 96, iteration 440, time: 250.54545140266418
Starting label LEVI, seed 96, iteration 450, time: 256.82615303993225
Starting label LEVI, seed 96, iteration 460, time: 263.4702744483948
Starting label LEVI, seed 96, iteration 470, time: 269.83760952949524
Starting label LEVI, seed 96, iteration 480, time: 276.29451084136963
Starting label LEVI, seed 96, iteration 490, time: 282.41976714134216
Starting label LEVI, seed 96, iteration 500, time: 288.6975746154785
Starting label LEVI, seed 96, iteration 510, time: 296.04512786865234
Starting label LEVI, seed 96, iteration 520, time: 302.28589034080505
Starting label LEVI, seed 96, iteration 530, time: 308.252055644989
Starting label LEVI, seed 96, iteration 540, time: 314.512268781662
Starting label LEVI, seed 96, iteration 550, time: 320.7597916126251
Starting label LEVI, seed 96, iteration 560, time: 327.0814425945282
Starting label LEVI, seed 96, iteration 570, time: 333.43036794662476
Starting label LEVI, seed 96, iteration 580, time: 341.0188887119293
Starting label LEVI, seed 96, iteration 590, time: 347.73512172698975
Starting label LEVI, seed 96, iteration 600, time: 355.38109254837036
Starting label LEVI, seed 96, iteration 610, time: 363.3122022151947
Starting label LEVI, seed 96, iteration 620, time: 370.11777901649475
Starting label LEVI, seed 96, iteration 630, time: 376.62268471717834
Starting label LEVI, seed 96, iteration 640, time: 383.3578028678894
Starting label LEVI, seed 96, iteration 650, time: 390.12540555000305
Starting label LEVI, seed 96, iteration 660, time: 396.9147024154663
Starting label LEVI, seed 96, iteration 670, time: 403.5221745967865
Starting label LEVI, seed 96, iteration 680, time: 410.2521216869354
Starting label LEVI, seed 96, iteration 690, time: 416.68778252601624
Starting label LEVI, seed 96, iteration 700, time: 423.2822308540344
Starting label LEVI, seed 96, iteration 710, time: 429.9018397331238
Starting label LEVI, seed 96, iteration 720, time: 436.5203125476837
Starting label LEVI, seed 96, iteration 730, time: 443.0276725292206
Starting label LEVI, seed 96, iteration 740, time: 449.77020597457886
Starting label LEVI, seed 96, iteration 750, time: 456.1087772846222
Starting label LEVI, seed 96, iteration 760, time: 462.684033870697
Starting label LEVI, seed 96, iteration 770, time: 469.645005941391
Starting label LEVI, seed 96, iteration 780, time: 476.4263367652893
Starting label LEVI, seed 96, iteration 790, time: 484.39507389068604
Starting label LEVI, seed 96, iteration 800, time: 492.1764512062073
Starting label LEVI, seed 96, iteration 810, time: 498.9092392921448
Starting label LEVI, seed 96, iteration 820, time: 506.7848265171051
Starting label LEVI, seed 96, iteration 830, time: 513.6193225383759
Starting label LEVI, seed 96, iteration 840, time: 521.4103336334229
Starting label LEVI, seed 96, iteration 850, time: 528.1479203701019
Starting label LEVI, seed 96, iteration 860, time: 534.9489779472351
Starting label LEVI, seed 96, iteration 870, time: 541.8648126125336
Starting label LEVI, seed 96, iteration 880, time: 549.6468646526337
Starting label LEVI, seed 96, iteration 890, time: 556.5416178703308
Starting label LEVI, seed 96, iteration 900, time: 563.535537481308
Starting label LEVI, seed 96, iteration 910, time: 571.640510559082
Starting label LEVI, seed 96, iteration 920, time: 579.0540680885315
Starting label LEVI, seed 96, iteration 930, time: 586.120941400528
Starting label LEVI, seed 96, iteration 940, time: 593.6201148033142
Starting label LEVI, seed 96, iteration 950, time: 600.791755437851
Starting label LEVI, seed 96, iteration 960, time: 608.9829616546631
Starting label LEVI, seed 96, iteration 970, time: 617.4675889015198
Starting label LEVI, seed 96, iteration 980, time: 624.7238261699677
Starting label LEVI, seed 96, iteration 990, time: 631.7999529838562
Starting label LEVI, seed 96, iteration 1000, time: 639.0698509216309
Starting label LEVI, seed 96, iteration 1010, time: 646.3545920848846
Starting label LEVI, seed 96, iteration 1020, time: 653.9569280147552
Starting label LEVI, seed 96, iteration 1030, time: 662.2741935253143
Starting label LEVI, seed 96, iteration 1040, time: 670.5875432491302
Starting label LEVI, seed 96, iteration 1050, time: 678.1711232662201
Starting label LEVI, seed 96, iteration 1060, time: 685.4872643947601
Starting label LEVI, seed 96, iteration 1070, time: 693.0400614738464
Starting label LEVI, seed 96, iteration 1080, time: 700.1852612495422
Starting label LEVI, seed 96, iteration 1090, time: 707.8560485839844
Starting label LEVI, seed 96, iteration 1100, time: 716.5762124061584
Starting label LEVI, seed 96, iteration 1110, time: 725.0978331565857
Starting label LEVI, seed 96, iteration 1120, time: 733.3174767494202
Starting label LEVI, seed 96, iteration 1130, time: 740.763977766037
Starting label LEVI, seed 96, iteration 1140, time: 748.007232427597
Starting label LEVI, seed 96, iteration 1150, time: 755.8960816860199
Starting label LEVI, seed 96, iteration 1160, time: 764.0896947383881
Starting label LEVI, seed 96, iteration 1170, time: 772.1324272155762
Starting label LEVI, seed 96, iteration 1180, time: 779.5198862552643
Starting label LEVI, seed 96, iteration 1190, time: 786.8195979595184
Starting label LEVI, seed 96, iteration 1200, time: 794.1727514266968
Starting label LEVI, seed 96, iteration 1210, time: 801.3618068695068
Starting label LEVI, seed 96, iteration 1220, time: 808.4865145683289
Starting label LEVI, seed 96, iteration 1230, time: 815.8083667755127
Starting label LEVI, seed 96, iteration 1240, time: 822.949196100235
Starting label LEVI, seed 96, iteration 1250, time: 829.965654373169
Starting label LEVI, seed 96, iteration 1260, time: 837.3753850460052
Starting label LEVI, seed 96, iteration 1270, time: 844.6630215644836
Starting label LEVI, seed 96, iteration 1280, time: 853.1245422363281
Starting label LEVI, seed 96, iteration 1290, time: 860.7053780555725
Starting label LEVI, seed 96, iteration 1300, time: 867.9888117313385
Starting label LEVI, seed 96, iteration 1310, time: 875.595449924469
Starting label LEVI, seed 96, iteration 1320, time: 883.0565373897552
Starting label LEVI, seed 96, iteration 1330, time: 890.5834562778473
Starting label LEVI, seed 96, iteration 1340, time: 898.3529179096222
Starting label LEVI, seed 96, iteration 1350, time: 906.6110415458679
Starting label LEVI, seed 96, iteration 1360, time: 914.1926488876343
Starting label LEVI, seed 96, iteration 1370, time: 921.5439457893372
Starting label LEVI, seed 96, iteration 1380, time: 929.5442686080933
Starting label LEVI, seed 96, iteration 1390, time: 937.1929454803467
Starting label LEVI, seed 96, iteration 1400, time: 945.1903195381165
Starting label LEVI, seed 96, iteration 1410, time: 952.8203027248383
Starting label LEVI, seed 96, iteration 1420, time: 960.783605337143
Starting label LEVI, seed 96, iteration 1430, time: 968.6261961460114
Starting label LEVI, seed 96, iteration 1440, time: 977.0805003643036
Starting label LEVI, seed 96, iteration 1450, time: 985.2089259624481
Starting label LEVI, seed 96, iteration 1460, time: 993.055061340332
Starting label LEVI, seed 96, iteration 1470, time: 1000.8001801967621
Starting label LEVI, seed 96, iteration 1480, time: 1008.8049929141998
Starting label LEVI, seed 96, iteration 1490, time: 1017.8217475414276
Starting label LEVI, seed 96, iteration 1500, time: 1026.1083493232727
Starting label LEVI, seed 96, iteration 1510, time: 1034.1810052394867
Starting label LEVI, seed 96, iteration 1520, time: 1042.550122976303
Starting label LEVI, seed 96, iteration 1530, time: 1051.6720025539398
Starting label LEVI, seed 96, iteration 1540, time: 1060.2819156646729
Starting label LEVI, seed 96, iteration 1550, time: 1069.2086777687073
Starting label LEVI, seed 96, iteration 1560, time: 1079.4229760169983
Starting label LEVI, seed 96, iteration 1570, time: 1089.4719696044922
Starting label LEVI, seed 96, iteration 1580, time: 1097.7525701522827
Starting label LEVI, seed 96, iteration 1590, time: 1106.1396796703339
Starting label LEVI, seed 96, iteration 1600, time: 1114.6714425086975
Starting label LEVI, seed 96, iteration 1610, time: 1122.983985900879
Starting label LEVI, seed 96, iteration 1620, time: 1131.3367323875427
Starting label LEVI, seed 96, iteration 1630, time: 1139.5853550434113
Starting label LEVI, seed 96, iteration 1640, time: 1147.6120591163635
Starting label LEVI, seed 96, iteration 1650, time: 1156.0639979839325
Starting label LEVI, seed 96, iteration 1660, time: 1163.8841662406921
Starting label LEVI, seed 96, iteration 1670, time: 1171.7200877666473
Starting label LEVI, seed 96, iteration 1680, time: 1179.9287943840027
Starting label LEVI, seed 96, iteration 1690, time: 1188.227887392044
Starting label LEVI, seed 96, iteration 1700, time: 1196.5089275836945
Starting label LEVI, seed 96, iteration 1710, time: 1205.698826789856
Starting label LEVI, seed 96, iteration 1720, time: 1215.4429879188538
Starting label LEVI, seed 96, iteration 1730, time: 1224.7417042255402
Starting label LEVI, seed 96, iteration 1740, time: 1233.9473893642426
Starting label LEVI, seed 96, iteration 1750, time: 1243.2797186374664
Starting label LEVI, seed 96, iteration 1760, time: 1252.8676552772522
Starting label LEVI, seed 96, iteration 1770, time: 1261.739060163498
Starting label LEVI, seed 96, iteration 1780, time: 1269.8814647197723
Starting label LEVI, seed 96, iteration 1790, time: 1278.5171978473663
Starting label LEVI, seed 96, iteration 1800, time: 1287.834350824356
Starting label LEVI, seed 96, iteration 1810, time: 1296.6109654903412
Starting label LEVI, seed 96, iteration 1820, time: 1306.0034847259521
Starting label LEVI, seed 96, iteration 1830, time: 1315.8443126678467
Starting label LEVI, seed 96, iteration 1840, time: 1324.5129890441895
Starting label LEVI, seed 96, iteration 1850, time: 1333.640073299408
Starting label LEVI, seed 96, iteration 1860, time: 1343.0507349967957
Starting label LEVI, seed 96, iteration 1870, time: 1352.1391360759735
Starting label LEVI, seed 96, iteration 1880, time: 1361.0569586753845
Starting label LEVI, seed 96, iteration 1890, time: 1370.0366406440735
Starting label LEVI, seed 96, iteration 1900, time: 1378.4290566444397
Starting label LEVI, seed 96, iteration 1910, time: 1387.0679671764374
Starting label LEVI, seed 96, iteration 1920, time: 1395.5044887065887
Starting label LEVI, seed 96, iteration 1930, time: 1404.1125845909119
Starting label LEVI, seed 96, iteration 1940, time: 1412.387089729309
Starting label LEVI, seed 96, iteration 1950, time: 1420.938913822174
Starting label LEVI, seed 96, iteration 1960, time: 1429.558072566986
Starting label LEVI, seed 96, iteration 1970, time: 1438.1280834674835
Starting label LEVI, seed 96, iteration 1980, time: 1446.8523721694946
Starting label LEVI, seed 96, iteration 1990, time: 1455.7261002063751
submitit INFO (2022-10-02 04:55:07,890) - Job completed successfully
