submitit INFO (2022-10-02 13:12:37,378) - Starting with JobEnvironment(job_id=884465_0, hostname=nikola-compute-04.cs.cornell.edu, local_rank=0(1), node=0(1), global_rank=0(1))
submitit INFO (2022-10-02 13:12:37,378) - Loading pickle: /home/gid-cakmaks/contextual_rs/experiments/wsc_experiments/logs/884465_0/884465_0_submitted.pkl
Appending iterations to existing output!Warning: If parameters other than `iterations` have been changed, this will corrupt the output!
Starting label LEVI, seed 32, iteration 990, time: 1816.8145105838776
Starting label LEVI, seed 32, iteration 1000, time: 1822.9024484157562
Starting label LEVI, seed 32, iteration 1010, time: 1828.308307647705
Starting label LEVI, seed 32, iteration 1020, time: 1833.6490001678467
Starting label LEVI, seed 32, iteration 1030, time: 1839.0556664466858
Starting label LEVI, seed 32, iteration 1040, time: 1844.5080344676971
Starting label LEVI, seed 32, iteration 1050, time: 1850.1578867435455
Starting label LEVI, seed 32, iteration 1060, time: 1855.659585237503
Starting label LEVI, seed 32, iteration 1070, time: 1861.1075222492218
Starting label LEVI, seed 32, iteration 1080, time: 1866.8809671401978
Starting label LEVI, seed 32, iteration 1090, time: 1872.664551973343
submitit WARNING (2022-10-02 13:13:37,405) - Bypassing signal SIGCONT
submitit WARNING (2022-10-02 13:13:37,466) - Bypassing signal SIGTERM
Starting label LEVI, seed 32, iteration 1100, time: 1878.4310283660889
Starting label LEVI, seed 32, iteration 1110, time: 1883.898222208023
Starting label LEVI, seed 32, iteration 1120, time: 1889.161868572235
Starting label LEVI, seed 32, iteration 1130, time: 1894.9769611358643
Starting label LEVI, seed 32, iteration 1140, time: 1901.4393479824066
