submitit INFO (2022-10-02 01:49:39,348) - Starting with JobEnvironment(job_id=883520_0, hostname=scaglione-compute-01.tech.cornell.edu, local_rank=0(1), node=0(1), global_rank=0(1))
submitit INFO (2022-10-02 01:49:39,348) - Loading pickle: /home/gid-cakmaks/contextual_rs/experiments/wsc_experiments/logs/883520_0/883520_0_submitted.pkl
Starting label LEVI, seed 0, iteration 0, time: 0.0006365776062011719
Starting label LEVI, seed 0, iteration 10, time: 5.0205299854278564
Starting label LEVI, seed 0, iteration 20, time: 10.040265798568726
Starting label LEVI, seed 0, iteration 30, time: 15.122214078903198
Starting label LEVI, seed 0, iteration 40, time: 20.359298706054688
Starting label LEVI, seed 0, iteration 50, time: 25.727742910385132
Starting label LEVI, seed 0, iteration 60, time: 30.928592205047607
Starting label LEVI, seed 0, iteration 70, time: 36.226194858551025
Starting label LEVI, seed 0, iteration 80, time: 41.44798183441162
Starting label LEVI, seed 0, iteration 90, time: 46.79413032531738
Starting label LEVI, seed 0, iteration 100, time: 52.24209022521973
Starting label LEVI, seed 0, iteration 110, time: 57.48369288444519
Starting label LEVI, seed 0, iteration 120, time: 62.91584300994873
Starting label LEVI, seed 0, iteration 130, time: 68.46149754524231
Starting label LEVI, seed 0, iteration 140, time: 74.1155424118042
Starting label LEVI, seed 0, iteration 150, time: 79.95209836959839
Starting label LEVI, seed 0, iteration 160, time: 85.60345101356506
Starting label LEVI, seed 0, iteration 170, time: 91.5271475315094
Starting label LEVI, seed 0, iteration 180, time: 97.59069299697876
Starting label LEVI, seed 0, iteration 190, time: 103.29554629325867
Starting label LEVI, seed 0, iteration 200, time: 109.30058789253235
Starting label LEVI, seed 0, iteration 210, time: 115.11080241203308
Starting label LEVI, seed 0, iteration 220, time: 120.87378668785095
Starting label LEVI, seed 0, iteration 230, time: 126.98063373565674
Starting label LEVI, seed 0, iteration 240, time: 133.26960229873657
Starting label LEVI, seed 0, iteration 250, time: 139.73190307617188
Starting label LEVI, seed 0, iteration 260, time: 145.79528880119324
Starting label LEVI, seed 0, iteration 270, time: 151.57484531402588
Starting label LEVI, seed 0, iteration 280, time: 157.58243107795715
Starting label LEVI, seed 0, iteration 290, time: 163.50689029693604
Starting label LEVI, seed 0, iteration 300, time: 169.30830311775208
Starting label LEVI, seed 0, iteration 310, time: 175.1344759464264
Starting label LEVI, seed 0, iteration 320, time: 180.8818597793579
Starting label LEVI, seed 0, iteration 330, time: 186.83646178245544
Starting label LEVI, seed 0, iteration 340, time: 192.68879461288452
Starting label LEVI, seed 0, iteration 350, time: 199.3039312362671
Starting label LEVI, seed 0, iteration 360, time: 206.05898785591125
Starting label LEVI, seed 0, iteration 370, time: 212.84104084968567
Starting label LEVI, seed 0, iteration 380, time: 219.62651467323303
Starting label LEVI, seed 0, iteration 390, time: 226.49029541015625
Starting label LEVI, seed 0, iteration 400, time: 233.34719967842102
Starting label LEVI, seed 0, iteration 410, time: 240.4433171749115
Starting label LEVI, seed 0, iteration 420, time: 247.41336464881897
Starting label LEVI, seed 0, iteration 430, time: 254.46621227264404
Starting label LEVI, seed 0, iteration 440, time: 261.39900946617126
Starting label LEVI, seed 0, iteration 450, time: 268.1131739616394
Starting label LEVI, seed 0, iteration 460, time: 275.1726086139679
Starting label LEVI, seed 0, iteration 470, time: 282.3196949958801
Starting label LEVI, seed 0, iteration 480, time: 289.4941017627716
Starting label LEVI, seed 0, iteration 490, time: 296.57500529289246
Starting label LEVI, seed 0, iteration 500, time: 303.3573648929596
Starting label LEVI, seed 0, iteration 510, time: 310.2268099784851
Starting label LEVI, seed 0, iteration 520, time: 317.06947684288025
Starting label LEVI, seed 0, iteration 530, time: 323.828843832016
Starting label LEVI, seed 0, iteration 540, time: 330.7205481529236
submitit WARNING (2022-10-02 01:55:12,514) - Bypassing signal SIGCONT
submitit WARNING (2022-10-02 01:55:12,610) - Bypassing signal SIGTERM
Starting label LEVI, seed 0, iteration 550, time: 337.3569760322571
Starting label LEVI, seed 0, iteration 560, time: 344.51651668548584
Starting label LEVI, seed 0, iteration 570, time: 351.54895853996277
Starting label LEVI, seed 0, iteration 580, time: 358.3155975341797
