submitit INFO (2022-10-02 00:47:20,710) - Starting with JobEnvironment(job_id=883292_5, hostname=davis-compute-01.cs.cornell.edu, local_rank=0(1), node=0(1), global_rank=0(1))
submitit INFO (2022-10-02 00:47:20,711) - Loading pickle: /home/gid-cakmaks/contextual_rs/experiments/wsc_experiments/logs/883292_5/883292_5_submitted.pkl
Starting label LEVI, seed 65, iteration 0, time: 0.011383533477783203
Starting label LEVI, seed 65, iteration 10, time: 2.5811803340911865
Starting label LEVI, seed 65, iteration 20, time: 5.147634506225586
Starting label LEVI, seed 65, iteration 30, time: 7.083290338516235
Starting label LEVI, seed 65, iteration 40, time: 9.26501727104187
Starting label LEVI, seed 65, iteration 50, time: 11.893778562545776
Starting label LEVI, seed 65, iteration 60, time: 14.631203651428223
Starting label LEVI, seed 65, iteration 70, time: 17.33487820625305
Starting label LEVI, seed 65, iteration 80, time: 19.653284311294556
Starting label LEVI, seed 65, iteration 90, time: 21.661484956741333
Starting label LEVI, seed 65, iteration 100, time: 23.951761960983276
Starting label LEVI, seed 65, iteration 110, time: 26.5869038105011
Starting label LEVI, seed 65, iteration 120, time: 29.258073806762695
Starting label LEVI, seed 65, iteration 130, time: 31.92745876312256
Starting label LEVI, seed 65, iteration 140, time: 34.14387369155884
Starting label LEVI, seed 65, iteration 150, time: 36.95336031913757
Starting label LEVI, seed 65, iteration 160, time: 39.31121110916138
Starting label LEVI, seed 65, iteration 170, time: 42.34261775016785
Starting label LEVI, seed 65, iteration 180, time: 45.14721703529358
Starting label LEVI, seed 65, iteration 190, time: 47.53717923164368
Starting label LEVI, seed 65, iteration 200, time: 50.34748959541321
Starting label LEVI, seed 65, iteration 210, time: 53.34400224685669
Starting label LEVI, seed 65, iteration 220, time: 56.143442153930664
Starting label LEVI, seed 65, iteration 230, time: 58.65431261062622
Starting label LEVI, seed 65, iteration 240, time: 61.42484736442566
Starting label LEVI, seed 65, iteration 250, time: 64.55240368843079
Starting label LEVI, seed 65, iteration 260, time: 67.10430240631104
Starting label LEVI, seed 65, iteration 270, time: 69.36772799491882
Starting label LEVI, seed 65, iteration 280, time: 72.19800448417664
Starting label LEVI, seed 65, iteration 290, time: 74.62744116783142
Starting label LEVI, seed 65, iteration 300, time: 77.25550961494446
Starting label LEVI, seed 65, iteration 310, time: 79.65783357620239
Starting label LEVI, seed 65, iteration 320, time: 82.21724033355713
Starting label LEVI, seed 65, iteration 330, time: 85.15474462509155
Starting label LEVI, seed 65, iteration 340, time: 87.6491265296936
Starting label LEVI, seed 65, iteration 350, time: 90.33385610580444
Starting label LEVI, seed 65, iteration 360, time: 92.93240189552307
Starting label LEVI, seed 65, iteration 370, time: 95.63296461105347
Starting label LEVI, seed 65, iteration 380, time: 98.23226761817932
Starting label LEVI, seed 65, iteration 390, time: 100.62347459793091
Starting label LEVI, seed 65, iteration 400, time: 103.10583281517029
Starting label LEVI, seed 65, iteration 410, time: 105.52955079078674
Starting label LEVI, seed 65, iteration 420, time: 107.93128776550293
Starting label LEVI, seed 65, iteration 430, time: 109.93894600868225
Starting label LEVI, seed 65, iteration 440, time: 112.17430424690247
Starting label LEVI, seed 65, iteration 450, time: 114.82866740226746
Starting label LEVI, seed 65, iteration 460, time: 117.71389770507812
Starting label LEVI, seed 65, iteration 470, time: 120.43919491767883
Starting label LEVI, seed 65, iteration 480, time: 122.83722758293152
Starting label LEVI, seed 65, iteration 490, time: 125.71821856498718
Starting label LEVI, seed 65, iteration 500, time: 128.69410228729248
Starting label LEVI, seed 65, iteration 510, time: 131.35053372383118
Starting label LEVI, seed 65, iteration 520, time: 134.07222032546997
Starting label LEVI, seed 65, iteration 530, time: 136.7918336391449
Starting label LEVI, seed 65, iteration 540, time: 139.94188690185547
Starting label LEVI, seed 65, iteration 550, time: 143.08515977859497
Starting label LEVI, seed 65, iteration 560, time: 145.88464641571045
Starting label LEVI, seed 65, iteration 570, time: 148.53750228881836
Starting label LEVI, seed 65, iteration 580, time: 151.68234276771545
Starting label LEVI, seed 65, iteration 590, time: 154.9281632900238
Starting label LEVI, seed 65, iteration 600, time: 157.93896293640137
Starting label LEVI, seed 65, iteration 610, time: 160.79413151741028
Starting label LEVI, seed 65, iteration 620, time: 163.62413001060486
Starting label LEVI, seed 65, iteration 630, time: 166.74409890174866
Starting label LEVI, seed 65, iteration 640, time: 169.6810748577118
Starting label LEVI, seed 65, iteration 650, time: 172.94342279434204
Starting label LEVI, seed 65, iteration 660, time: 175.99859189987183
Starting label LEVI, seed 65, iteration 670, time: 179.247878074646
Starting label LEVI, seed 65, iteration 680, time: 182.59743928909302
Starting label LEVI, seed 65, iteration 690, time: 185.8050298690796
Starting label LEVI, seed 65, iteration 700, time: 189.22382402420044
Starting label LEVI, seed 65, iteration 710, time: 192.37321019172668
Starting label LEVI, seed 65, iteration 720, time: 195.7194402217865
Starting label LEVI, seed 65, iteration 730, time: 198.76998329162598
Starting label LEVI, seed 65, iteration 740, time: 202.121502161026
Starting label LEVI, seed 65, iteration 750, time: 205.56210041046143
Starting label LEVI, seed 65, iteration 760, time: 209.37295532226562
Starting label LEVI, seed 65, iteration 770, time: 213.06529140472412
Starting label LEVI, seed 65, iteration 780, time: 216.9057457447052
Starting label LEVI, seed 65, iteration 790, time: 220.05414700508118
Starting label LEVI, seed 65, iteration 800, time: 223.7403542995453
Starting label LEVI, seed 65, iteration 810, time: 227.6658055782318
Starting label LEVI, seed 65, iteration 820, time: 231.26568961143494
Starting label LEVI, seed 65, iteration 830, time: 233.9966597557068
Starting label LEVI, seed 65, iteration 840, time: 237.06900334358215
Starting label LEVI, seed 65, iteration 850, time: 240.97796630859375
Starting label LEVI, seed 65, iteration 860, time: 244.63512420654297
Starting label LEVI, seed 65, iteration 870, time: 247.96442532539368
Starting label LEVI, seed 65, iteration 880, time: 251.4475908279419
Starting label LEVI, seed 65, iteration 890, time: 255.00307488441467
Starting label LEVI, seed 65, iteration 900, time: 258.59797406196594
Starting label LEVI, seed 65, iteration 910, time: 262.316171169281
Starting label LEVI, seed 65, iteration 920, time: 266.40681529045105
Starting label LEVI, seed 65, iteration 930, time: 270.4940674304962
Starting label LEVI, seed 65, iteration 940, time: 274.1304142475128
Starting label LEVI, seed 65, iteration 950, time: 277.95367312431335
Starting label LEVI, seed 65, iteration 960, time: 281.81528210639954
Starting label LEVI, seed 65, iteration 970, time: 285.84449529647827
Starting label LEVI, seed 65, iteration 980, time: 290.5846915245056
Starting label LEVI, seed 65, iteration 990, time: 295.1577377319336
Starting label LEVI, seed 65, iteration 1000, time: 299.3088457584381
Starting label LEVI, seed 65, iteration 1010, time: 303.23847675323486
Starting label LEVI, seed 65, iteration 1020, time: 308.3434009552002
Starting label LEVI, seed 65, iteration 1030, time: 313.74426341056824
Starting label LEVI, seed 65, iteration 1040, time: 317.627724647522
Starting label LEVI, seed 65, iteration 1050, time: 321.5180199146271
Starting label LEVI, seed 65, iteration 1060, time: 326.26864409446716
Starting label LEVI, seed 65, iteration 1070, time: 330.1971139907837
Starting label LEVI, seed 65, iteration 1080, time: 334.19054913520813
Starting label LEVI, seed 65, iteration 1090, time: 339.04069352149963
Starting label LEVI, seed 65, iteration 1100, time: 343.85940074920654
Starting label LEVI, seed 65, iteration 1110, time: 349.07703137397766
Starting label LEVI, seed 65, iteration 1120, time: 354.022901058197
Starting label LEVI, seed 65, iteration 1130, time: 359.4131877422333
Starting label LEVI, seed 65, iteration 1140, time: 364.62307357788086
Starting label LEVI, seed 65, iteration 1150, time: 370.18026518821716
Starting label LEVI, seed 65, iteration 1160, time: 375.3513913154602
Starting label LEVI, seed 65, iteration 1170, time: 380.60050535202026
Starting label LEVI, seed 65, iteration 1180, time: 385.2183976173401
Starting label LEVI, seed 65, iteration 1190, time: 389.7721300125122
Starting label LEVI, seed 65, iteration 1200, time: 394.6840355396271
Starting label LEVI, seed 65, iteration 1210, time: 399.51444935798645
Starting label LEVI, seed 65, iteration 1220, time: 405.4812662601471
Starting label LEVI, seed 65, iteration 1230, time: 410.3355314731598
Starting label LEVI, seed 65, iteration 1240, time: 415.48075890541077
Starting label LEVI, seed 65, iteration 1250, time: 420.80397748947144
Starting label LEVI, seed 65, iteration 1260, time: 426.14678740501404
Starting label LEVI, seed 65, iteration 1270, time: 431.28770995140076
Starting label LEVI, seed 65, iteration 1280, time: 436.6176941394806
Starting label LEVI, seed 65, iteration 1290, time: 442.0340039730072
Starting label LEVI, seed 65, iteration 1300, time: 449.0288362503052
Starting label LEVI, seed 65, iteration 1310, time: 455.2532248497009
Starting label LEVI, seed 65, iteration 1320, time: 460.82114243507385
Starting label LEVI, seed 65, iteration 1330, time: 467.0289373397827
Starting label LEVI, seed 65, iteration 1340, time: 472.80033349990845
Starting label LEVI, seed 65, iteration 1350, time: 478.39596247673035
Starting label LEVI, seed 65, iteration 1360, time: 484.937463760376
Starting label LEVI, seed 65, iteration 1370, time: 491.00863456726074
Starting label LEVI, seed 65, iteration 1380, time: 499.42290806770325
Starting label LEVI, seed 65, iteration 1390, time: 507.6019206047058
submitit WARNING (2022-10-02 00:55:52,028) - Bypassing signal SIGTERM
submitit WARNING (2022-10-02 00:55:52,028) - Bypassing signal SIGCONT
Starting label LEVI, seed 65, iteration 1400, time: 514.7675242424011
Starting label LEVI, seed 65, iteration 1410, time: 522.4878449440002
Starting label LEVI, seed 65, iteration 1420, time: 531.535165309906
Starting label LEVI, seed 65, iteration 1430, time: 538.4767527580261
