submitit INFO (2022-10-02 01:50:19,519) - Starting with JobEnvironment(job_id=883560_4, hostname=lecun.cs.cornell.edu, local_rank=0(1), node=0(1), global_rank=0(1))
submitit INFO (2022-10-02 01:50:19,519) - Loading pickle: /home/gid-cakmaks/contextual_rs/experiments/wsc_experiments/logs/883560_4/883560_4_submitted.pkl
Starting label LEVI, seed 44, iteration 0, time: 0.0004634857177734375
Starting label LEVI, seed 44, iteration 10, time: 4.213395595550537
Starting label LEVI, seed 44, iteration 20, time: 8.356250762939453
Starting label LEVI, seed 44, iteration 30, time: 13.55524754524231
Starting label LEVI, seed 44, iteration 40, time: 17.855493545532227
Starting label LEVI, seed 44, iteration 50, time: 22.221460103988647
Starting label LEVI, seed 44, iteration 60, time: 26.40381956100464
Starting label LEVI, seed 44, iteration 70, time: 30.557208776474
Starting label LEVI, seed 44, iteration 80, time: 34.75035309791565
Starting label LEVI, seed 44, iteration 90, time: 38.927844285964966
Starting label LEVI, seed 44, iteration 100, time: 43.53665113449097
Starting label LEVI, seed 44, iteration 110, time: 48.047034740448
Starting label LEVI, seed 44, iteration 120, time: 52.79648041725159
Starting label LEVI, seed 44, iteration 130, time: 57.48393511772156
Starting label LEVI, seed 44, iteration 140, time: 62.19090533256531
Starting label LEVI, seed 44, iteration 150, time: 67.1037335395813
Starting label LEVI, seed 44, iteration 160, time: 71.93381595611572
Starting label LEVI, seed 44, iteration 170, time: 76.66492867469788
Starting label LEVI, seed 44, iteration 180, time: 81.38109922409058
Starting label LEVI, seed 44, iteration 190, time: 85.92844367027283
Starting label LEVI, seed 44, iteration 200, time: 90.50059819221497
Starting label LEVI, seed 44, iteration 210, time: 94.93564176559448
Starting label LEVI, seed 44, iteration 220, time: 99.59927606582642
Starting label LEVI, seed 44, iteration 230, time: 104.41139531135559
Starting label LEVI, seed 44, iteration 240, time: 109.11319637298584
Starting label LEVI, seed 44, iteration 250, time: 113.89911770820618
Starting label LEVI, seed 44, iteration 260, time: 118.59685754776001
Starting label LEVI, seed 44, iteration 270, time: 123.33136892318726
Starting label LEVI, seed 44, iteration 280, time: 128.3017144203186
Starting label LEVI, seed 44, iteration 290, time: 133.1779158115387
Starting label LEVI, seed 44, iteration 300, time: 138.0136845111847
Starting label LEVI, seed 44, iteration 310, time: 142.7723844051361
Starting label LEVI, seed 44, iteration 320, time: 147.6392092704773
Starting label LEVI, seed 44, iteration 330, time: 152.4172921180725
Starting label LEVI, seed 44, iteration 340, time: 157.20442152023315
Starting label LEVI, seed 44, iteration 350, time: 161.9790780544281
Starting label LEVI, seed 44, iteration 360, time: 166.83797359466553
Starting label LEVI, seed 44, iteration 370, time: 172.70816707611084
Starting label LEVI, seed 44, iteration 380, time: 177.5894148349762
Starting label LEVI, seed 44, iteration 390, time: 183.54065442085266
Starting label LEVI, seed 44, iteration 400, time: 188.35657405853271
Starting label LEVI, seed 44, iteration 410, time: 193.3421859741211
Starting label LEVI, seed 44, iteration 420, time: 198.10235977172852
Starting label LEVI, seed 44, iteration 430, time: 203.14455842971802
Starting label LEVI, seed 44, iteration 440, time: 208.13495063781738
Starting label LEVI, seed 44, iteration 450, time: 213.28708934783936
Starting label LEVI, seed 44, iteration 460, time: 218.77385568618774
Starting label LEVI, seed 44, iteration 470, time: 224.16645050048828
Starting label LEVI, seed 44, iteration 480, time: 229.57064867019653
Starting label LEVI, seed 44, iteration 490, time: 235.1382541656494
Starting label LEVI, seed 44, iteration 500, time: 240.48530268669128
Starting label LEVI, seed 44, iteration 510, time: 245.8413863182068
Starting label LEVI, seed 44, iteration 520, time: 251.06649589538574
Starting label LEVI, seed 44, iteration 530, time: 256.407746553421
Starting label LEVI, seed 44, iteration 540, time: 261.8690984249115
Starting label LEVI, seed 44, iteration 550, time: 267.47162556648254
Starting label LEVI, seed 44, iteration 560, time: 273.5100564956665
Starting label LEVI, seed 44, iteration 570, time: 279.3968758583069
Starting label LEVI, seed 44, iteration 580, time: 284.75289702415466
Starting label LEVI, seed 44, iteration 590, time: 290.0572974681854
submitit WARNING (2022-10-02 01:55:12,590) - Bypassing signal SIGCONT
submitit WARNING (2022-10-02 01:55:12,650) - Bypassing signal SIGTERM
Starting label LEVI, seed 44, iteration 600, time: 295.6902689933777
Starting label LEVI, seed 44, iteration 610, time: 303.33473658561707
Starting label LEVI, seed 44, iteration 620, time: 309.40272188186646
Starting label LEVI, seed 44, iteration 630, time: 315.22132563591003
