submitit INFO (2022-10-02 00:03:18,639) - Starting with JobEnvironment(job_id=883170_8, hostname=g2-compute-96.coecis.cornell.edu, local_rank=0(1), node=0(1), global_rank=0(1))
submitit INFO (2022-10-02 00:03:18,639) - Loading pickle: /home/gid-cakmaks/contextual_rs/experiments/wsc_experiments/logs/883170_8/883170_8_submitted.pkl
Starting label LEVI, seed 48, iteration 0, time: 9.703636169433594e-05
Starting label LEVI, seed 48, iteration 10, time: 2.1457557678222656
Starting label LEVI, seed 48, iteration 20, time: 4.260455369949341
Starting label LEVI, seed 48, iteration 30, time: 6.367736101150513
Starting label LEVI, seed 48, iteration 40, time: 8.485903978347778
Starting label LEVI, seed 48, iteration 50, time: 10.684772729873657
Starting label LEVI, seed 48, iteration 60, time: 12.968482494354248
Starting label LEVI, seed 48, iteration 70, time: 15.1165452003479
Starting label LEVI, seed 48, iteration 80, time: 17.30409812927246
Starting label LEVI, seed 48, iteration 90, time: 19.55856704711914
Starting label LEVI, seed 48, iteration 100, time: 21.94023823738098
Starting label LEVI, seed 48, iteration 110, time: 24.29386806488037
Starting label LEVI, seed 48, iteration 120, time: 26.51448082923889
Starting label LEVI, seed 48, iteration 130, time: 28.764416933059692
Starting label LEVI, seed 48, iteration 140, time: 31.113218307495117
Starting label LEVI, seed 48, iteration 150, time: 33.45040321350098
Starting label LEVI, seed 48, iteration 160, time: 35.72292494773865
Starting label LEVI, seed 48, iteration 170, time: 37.9797248840332
Starting label LEVI, seed 48, iteration 180, time: 40.228925466537476
Starting label LEVI, seed 48, iteration 190, time: 42.47783923149109
Starting label LEVI, seed 48, iteration 200, time: 44.745158433914185
Starting label LEVI, seed 48, iteration 210, time: 46.96716666221619
Starting label LEVI, seed 48, iteration 220, time: 49.15575075149536
Starting label LEVI, seed 48, iteration 230, time: 51.42133593559265
Starting label LEVI, seed 48, iteration 240, time: 53.61310124397278
Starting label LEVI, seed 48, iteration 250, time: 55.87086820602417
Starting label LEVI, seed 48, iteration 260, time: 58.10022735595703
Starting label LEVI, seed 48, iteration 270, time: 60.36686134338379
Starting label LEVI, seed 48, iteration 280, time: 62.57806348800659
Starting label LEVI, seed 48, iteration 290, time: 64.84242463111877
Starting label LEVI, seed 48, iteration 300, time: 67.13480424880981
Starting label LEVI, seed 48, iteration 310, time: 69.51993823051453
Starting label LEVI, seed 48, iteration 320, time: 71.84130215644836
Starting label LEVI, seed 48, iteration 330, time: 74.1422393321991
Starting label LEVI, seed 48, iteration 340, time: 76.47080039978027
Starting label LEVI, seed 48, iteration 350, time: 78.74958753585815
Starting label LEVI, seed 48, iteration 360, time: 81.10678625106812
Starting label LEVI, seed 48, iteration 370, time: 83.47352695465088
Starting label LEVI, seed 48, iteration 380, time: 85.84642434120178
Starting label LEVI, seed 48, iteration 390, time: 88.30308890342712
Starting label LEVI, seed 48, iteration 400, time: 90.70227384567261
Starting label LEVI, seed 48, iteration 410, time: 93.0991952419281
Starting label LEVI, seed 48, iteration 420, time: 95.4816083908081
Starting label LEVI, seed 48, iteration 430, time: 97.88898825645447
Starting label LEVI, seed 48, iteration 440, time: 100.26602149009705
Starting label LEVI, seed 48, iteration 450, time: 102.6672055721283
Starting label LEVI, seed 48, iteration 460, time: 105.11530637741089
Starting label LEVI, seed 48, iteration 470, time: 107.59537959098816
Starting label LEVI, seed 48, iteration 480, time: 110.00159692764282
Starting label LEVI, seed 48, iteration 490, time: 112.47262382507324
Starting label LEVI, seed 48, iteration 500, time: 114.946542263031
Starting label LEVI, seed 48, iteration 510, time: 117.48907804489136
Starting label LEVI, seed 48, iteration 520, time: 119.9975745677948
Starting label LEVI, seed 48, iteration 530, time: 122.51505541801453
Starting label LEVI, seed 48, iteration 540, time: 125.05055499076843
Starting label LEVI, seed 48, iteration 550, time: 127.6369321346283
Starting label LEVI, seed 48, iteration 560, time: 130.32615423202515
Starting label LEVI, seed 48, iteration 570, time: 132.9029221534729
Starting label LEVI, seed 48, iteration 580, time: 135.47307562828064
Starting label LEVI, seed 48, iteration 590, time: 138.1133623123169
Starting label LEVI, seed 48, iteration 600, time: 140.6949498653412
Starting label LEVI, seed 48, iteration 610, time: 143.2057774066925
Starting label LEVI, seed 48, iteration 620, time: 145.7576584815979
Starting label LEVI, seed 48, iteration 630, time: 148.31010365486145
Starting label LEVI, seed 48, iteration 640, time: 151.06885409355164
Starting label LEVI, seed 48, iteration 650, time: 153.73128366470337
Starting label LEVI, seed 48, iteration 660, time: 156.45396900177002
Starting label LEVI, seed 48, iteration 670, time: 159.2115261554718
Starting label LEVI, seed 48, iteration 680, time: 161.90805625915527
Starting label LEVI, seed 48, iteration 690, time: 164.46990275382996
Starting label LEVI, seed 48, iteration 700, time: 167.1391716003418
Starting label LEVI, seed 48, iteration 710, time: 169.77103543281555
Starting label LEVI, seed 48, iteration 720, time: 172.4883270263672
Starting label LEVI, seed 48, iteration 730, time: 175.14714002609253
Starting label LEVI, seed 48, iteration 740, time: 177.81906867027283
Starting label LEVI, seed 48, iteration 750, time: 180.5810580253601
Starting label LEVI, seed 48, iteration 760, time: 183.3203408718109
Starting label LEVI, seed 48, iteration 770, time: 186.09896564483643
Starting label LEVI, seed 48, iteration 780, time: 189.03535223007202
Starting label LEVI, seed 48, iteration 790, time: 192.04883861541748
Starting label LEVI, seed 48, iteration 800, time: 195.0434193611145
Starting label LEVI, seed 48, iteration 810, time: 198.08044123649597
Starting label LEVI, seed 48, iteration 820, time: 201.12149953842163
Starting label LEVI, seed 48, iteration 830, time: 204.1407334804535
Starting label LEVI, seed 48, iteration 840, time: 207.1615915298462
Starting label LEVI, seed 48, iteration 850, time: 210.26402926445007
Starting label LEVI, seed 48, iteration 860, time: 213.48569560050964
Starting label LEVI, seed 48, iteration 870, time: 216.73854327201843
Starting label LEVI, seed 48, iteration 880, time: 219.98122906684875
Starting label LEVI, seed 48, iteration 890, time: 223.33512330055237
Starting label LEVI, seed 48, iteration 900, time: 226.66504979133606
Starting label LEVI, seed 48, iteration 910, time: 229.95282649993896
Starting label LEVI, seed 48, iteration 920, time: 233.31284618377686
Starting label LEVI, seed 48, iteration 930, time: 236.6896550655365
Starting label LEVI, seed 48, iteration 940, time: 240.0329122543335
Starting label LEVI, seed 48, iteration 950, time: 243.31137204170227
Starting label LEVI, seed 48, iteration 960, time: 246.72902917861938
Starting label LEVI, seed 48, iteration 970, time: 250.33882236480713
Starting label LEVI, seed 48, iteration 980, time: 254.03524518013
Starting label LEVI, seed 48, iteration 990, time: 257.560964345932
Starting label LEVI, seed 48, iteration 1000, time: 261.05581521987915
Starting label LEVI, seed 48, iteration 1010, time: 264.49191188812256
Starting label LEVI, seed 48, iteration 1020, time: 267.87974858283997
Starting label LEVI, seed 48, iteration 1030, time: 271.3346357345581
Starting label LEVI, seed 48, iteration 1040, time: 274.8830780982971
Starting label LEVI, seed 48, iteration 1050, time: 278.5808801651001
Starting label LEVI, seed 48, iteration 1060, time: 282.74967193603516
Starting label LEVI, seed 48, iteration 1070, time: 286.46909046173096
Starting label LEVI, seed 48, iteration 1080, time: 290.3841314315796
Starting label LEVI, seed 48, iteration 1090, time: 294.45296239852905
Starting label LEVI, seed 48, iteration 1100, time: 298.25950479507446
Starting label LEVI, seed 48, iteration 1110, time: 301.9746973514557
Starting label LEVI, seed 48, iteration 1120, time: 305.70900654792786
Starting label LEVI, seed 48, iteration 1130, time: 309.7842493057251
Starting label LEVI, seed 48, iteration 1140, time: 313.9014108181
Starting label LEVI, seed 48, iteration 1150, time: 317.7056579589844
Starting label LEVI, seed 48, iteration 1160, time: 322.20303559303284
Starting label LEVI, seed 48, iteration 1170, time: 326.51053285598755
Starting label LEVI, seed 48, iteration 1180, time: 330.862984418869
Starting label LEVI, seed 48, iteration 1190, time: 335.31764674186707
Starting label LEVI, seed 48, iteration 1200, time: 339.8687241077423
Starting label LEVI, seed 48, iteration 1210, time: 344.2903082370758
Starting label LEVI, seed 48, iteration 1220, time: 349.02322721481323
Starting label LEVI, seed 48, iteration 1230, time: 353.65948462486267
Starting label LEVI, seed 48, iteration 1240, time: 358.5629563331604
Starting label LEVI, seed 48, iteration 1250, time: 363.4255340099335
Starting label LEVI, seed 48, iteration 1260, time: 368.15848088264465
Starting label LEVI, seed 48, iteration 1270, time: 373.00180983543396
Starting label LEVI, seed 48, iteration 1280, time: 377.7211170196533
Starting label LEVI, seed 48, iteration 1290, time: 382.5668714046478
Starting label LEVI, seed 48, iteration 1300, time: 387.31421303749084
Starting label LEVI, seed 48, iteration 1310, time: 392.14985752105713
Starting label LEVI, seed 48, iteration 1320, time: 397.18636202812195
Starting label LEVI, seed 48, iteration 1330, time: 402.35321044921875
Starting label LEVI, seed 48, iteration 1340, time: 407.1326107978821
Starting label LEVI, seed 48, iteration 1350, time: 412.0297706127167
Starting label LEVI, seed 48, iteration 1360, time: 416.61388540267944
Starting label LEVI, seed 48, iteration 1370, time: 421.3009977340698
Starting label LEVI, seed 48, iteration 1380, time: 426.43003392219543
Starting label LEVI, seed 48, iteration 1390, time: 431.42473578453064
Starting label LEVI, seed 48, iteration 1400, time: 436.4047477245331
Starting label LEVI, seed 48, iteration 1410, time: 441.44553804397583
Starting label LEVI, seed 48, iteration 1420, time: 446.17704033851624
Starting label LEVI, seed 48, iteration 1430, time: 451.05088472366333
Starting label LEVI, seed 48, iteration 1440, time: 455.86460876464844
Starting label LEVI, seed 48, iteration 1450, time: 460.8201279640198
Starting label LEVI, seed 48, iteration 1460, time: 465.831209897995
Starting label LEVI, seed 48, iteration 1470, time: 470.68210434913635
Starting label LEVI, seed 48, iteration 1480, time: 476.0180678367615
Starting label LEVI, seed 48, iteration 1490, time: 481.12317848205566
Starting label LEVI, seed 48, iteration 1500, time: 486.3460109233856
Starting label LEVI, seed 48, iteration 1510, time: 491.72949862480164
Starting label LEVI, seed 48, iteration 1520, time: 497.10904908180237
Starting label LEVI, seed 48, iteration 1530, time: 502.2741174697876
Starting label LEVI, seed 48, iteration 1540, time: 507.6169927120209
Starting label LEVI, seed 48, iteration 1550, time: 513.2205729484558
Starting label LEVI, seed 48, iteration 1560, time: 519.2898669242859
Starting label LEVI, seed 48, iteration 1570, time: 524.801283121109
Starting label LEVI, seed 48, iteration 1580, time: 530.6602420806885
Starting label LEVI, seed 48, iteration 1590, time: 536.3378276824951
Starting label LEVI, seed 48, iteration 1600, time: 542.0375735759735
Starting label LEVI, seed 48, iteration 1610, time: 547.721435546875
Starting label LEVI, seed 48, iteration 1620, time: 553.4389145374298
Starting label LEVI, seed 48, iteration 1630, time: 559.4138696193695
Starting label LEVI, seed 48, iteration 1640, time: 565.0367534160614
Starting label LEVI, seed 48, iteration 1650, time: 570.8512363433838
Starting label LEVI, seed 48, iteration 1660, time: 577.3636956214905
Starting label LEVI, seed 48, iteration 1670, time: 583.5254330635071
Starting label LEVI, seed 48, iteration 1680, time: 590.3957586288452
Starting label LEVI, seed 48, iteration 1690, time: 596.8269748687744
Starting label LEVI, seed 48, iteration 1700, time: 603.3096079826355
Starting label LEVI, seed 48, iteration 1710, time: 609.4772155284882
Starting label LEVI, seed 48, iteration 1720, time: 615.6014323234558
Starting label LEVI, seed 48, iteration 1730, time: 621.6676161289215
Starting label LEVI, seed 48, iteration 1740, time: 627.8052155971527
Starting label LEVI, seed 48, iteration 1750, time: 634.3164215087891
Starting label LEVI, seed 48, iteration 1760, time: 641.5994684696198
Starting label LEVI, seed 48, iteration 1770, time: 648.6034417152405
Starting label LEVI, seed 48, iteration 1780, time: 656.1535336971283
Starting label LEVI, seed 48, iteration 1790, time: 662.9629092216492
Starting label LEVI, seed 48, iteration 1800, time: 669.8824367523193
Starting label LEVI, seed 48, iteration 1810, time: 677.0177474021912
Starting label LEVI, seed 48, iteration 1820, time: 684.0062320232391
Starting label LEVI, seed 48, iteration 1830, time: 691.088948726654
Starting label LEVI, seed 48, iteration 1840, time: 698.3278532028198
Starting label LEVI, seed 48, iteration 1850, time: 705.3985998630524
Starting label LEVI, seed 48, iteration 1860, time: 712.3244342803955
Starting label LEVI, seed 48, iteration 1870, time: 719.051059961319
Starting label LEVI, seed 48, iteration 1880, time: 725.4349720478058
Starting label LEVI, seed 48, iteration 1890, time: 732.3343544006348
Starting label LEVI, seed 48, iteration 1900, time: 739.0362691879272
Starting label LEVI, seed 48, iteration 1910, time: 746.1106510162354
Starting label LEVI, seed 48, iteration 1920, time: 752.8736517429352
Starting label LEVI, seed 48, iteration 1930, time: 759.5620062351227
Starting label LEVI, seed 48, iteration 1940, time: 766.168340921402
Starting label LEVI, seed 48, iteration 1950, time: 772.9183568954468
Starting label LEVI, seed 48, iteration 1960, time: 779.634535074234
Starting label LEVI, seed 48, iteration 1970, time: 786.5427732467651
Starting label LEVI, seed 48, iteration 1980, time: 793.6274132728577
Starting label LEVI, seed 48, iteration 1990, time: 801.3245186805725
submitit INFO (2022-10-02 00:16:49,673) - Job completed successfully
