submitit INFO (2022-10-02 01:09:28,877) - Starting with JobEnvironment(job_id=883387_4, hostname=badfellow.cs.cornell.edu, local_rank=0(1), node=0(1), global_rank=0(1))
submitit INFO (2022-10-02 01:09:28,877) - Loading pickle: /home/gid-cakmaks/contextual_rs/experiments/wsc_experiments/logs/883387_4/883387_4_submitted.pkl
Starting label LEVI, seed 64, iteration 0, time: 0.00035858154296875
Starting label LEVI, seed 64, iteration 10, time: 6.0684473514556885
Starting label LEVI, seed 64, iteration 20, time: 7.788243770599365
Starting label LEVI, seed 64, iteration 30, time: 9.411343812942505
Starting label LEVI, seed 64, iteration 40, time: 11.012520790100098
Starting label LEVI, seed 64, iteration 50, time: 12.634190082550049
Starting label LEVI, seed 64, iteration 60, time: 14.302829027175903
Starting label LEVI, seed 64, iteration 70, time: 15.92918586730957
Starting label LEVI, seed 64, iteration 80, time: 17.569014310836792
Starting label LEVI, seed 64, iteration 90, time: 19.207340478897095
Starting label LEVI, seed 64, iteration 100, time: 20.782345056533813
Starting label LEVI, seed 64, iteration 110, time: 22.41579270362854
Starting label LEVI, seed 64, iteration 120, time: 24.064536571502686
Starting label LEVI, seed 64, iteration 130, time: 25.73102593421936
Starting label LEVI, seed 64, iteration 140, time: 27.478872299194336
Starting label LEVI, seed 64, iteration 150, time: 29.11636972427368
Starting label LEVI, seed 64, iteration 160, time: 30.754371404647827
Starting label LEVI, seed 64, iteration 170, time: 32.447325706481934
Starting label LEVI, seed 64, iteration 180, time: 34.470919370651245
Starting label LEVI, seed 64, iteration 190, time: 36.129719734191895
Starting label LEVI, seed 64, iteration 200, time: 38.11938500404358
Starting label LEVI, seed 64, iteration 210, time: 39.80542850494385
Starting label LEVI, seed 64, iteration 220, time: 41.98583245277405
Starting label LEVI, seed 64, iteration 230, time: 43.79105281829834
Starting label LEVI, seed 64, iteration 240, time: 45.85864591598511
Starting label LEVI, seed 64, iteration 250, time: 47.71577739715576
Starting label LEVI, seed 64, iteration 260, time: 49.802886724472046
Starting label LEVI, seed 64, iteration 270, time: 51.683860301971436
Starting label LEVI, seed 64, iteration 280, time: 53.57312035560608
Starting label LEVI, seed 64, iteration 290, time: 55.96441602706909
Starting label LEVI, seed 64, iteration 300, time: 57.92240381240845
Starting label LEVI, seed 64, iteration 310, time: 59.80353403091431
Starting label LEVI, seed 64, iteration 320, time: 61.49834609031677
Starting label LEVI, seed 64, iteration 330, time: 63.23069357872009
Starting label LEVI, seed 64, iteration 340, time: 64.97718548774719
Starting label LEVI, seed 64, iteration 350, time: 66.78176259994507
Starting label LEVI, seed 64, iteration 360, time: 68.62587809562683
Starting label LEVI, seed 64, iteration 370, time: 70.4764552116394
Starting label LEVI, seed 64, iteration 380, time: 72.30284810066223
Starting label LEVI, seed 64, iteration 390, time: 74.17104721069336
Starting label LEVI, seed 64, iteration 400, time: 76.29314589500427
Starting label LEVI, seed 64, iteration 410, time: 78.45682096481323
Starting label LEVI, seed 64, iteration 420, time: 80.86744952201843
Starting label LEVI, seed 64, iteration 430, time: 83.04022884368896
Starting label LEVI, seed 64, iteration 440, time: 84.89729189872742
Starting label LEVI, seed 64, iteration 450, time: 86.95692563056946
Starting label LEVI, seed 64, iteration 460, time: 89.06805849075317
Starting label LEVI, seed 64, iteration 470, time: 91.24619650840759
Starting label LEVI, seed 64, iteration 480, time: 93.89390182495117
Starting label LEVI, seed 64, iteration 490, time: 96.6535120010376
Starting label LEVI, seed 64, iteration 500, time: 98.96234941482544
Starting label LEVI, seed 64, iteration 510, time: 101.14045977592468
Starting label LEVI, seed 64, iteration 520, time: 104.0897901058197
Starting label LEVI, seed 64, iteration 530, time: 106.68058705329895
Starting label LEVI, seed 64, iteration 540, time: 108.9441728591919
Starting label LEVI, seed 64, iteration 550, time: 111.39179992675781
Starting label LEVI, seed 64, iteration 560, time: 114.43837237358093
Starting label LEVI, seed 64, iteration 570, time: 116.97194051742554
Starting label LEVI, seed 64, iteration 580, time: 119.74322891235352
Starting label LEVI, seed 64, iteration 590, time: 122.09485864639282
Starting label LEVI, seed 64, iteration 600, time: 124.42806577682495
Starting label LEVI, seed 64, iteration 610, time: 126.74973797798157
Starting label LEVI, seed 64, iteration 620, time: 129.35322523117065
Starting label LEVI, seed 64, iteration 630, time: 131.8078830242157
Starting label LEVI, seed 64, iteration 640, time: 134.20000791549683
Starting label LEVI, seed 64, iteration 650, time: 136.72266459465027
Starting label LEVI, seed 64, iteration 660, time: 139.74822902679443
Starting label LEVI, seed 64, iteration 670, time: 142.8728950023651
Starting label LEVI, seed 64, iteration 680, time: 145.5469365119934
Starting label LEVI, seed 64, iteration 690, time: 148.13959670066833
Starting label LEVI, seed 64, iteration 700, time: 151.11441802978516
Starting label LEVI, seed 64, iteration 710, time: 153.767085313797
Starting label LEVI, seed 64, iteration 720, time: 156.50318789482117
Starting label LEVI, seed 64, iteration 730, time: 159.38419651985168
Starting label LEVI, seed 64, iteration 740, time: 162.299298286438
Starting label LEVI, seed 64, iteration 750, time: 165.51340079307556
Starting label LEVI, seed 64, iteration 760, time: 168.20317101478577
Starting label LEVI, seed 64, iteration 770, time: 170.58317518234253
Starting label LEVI, seed 64, iteration 780, time: 173.19715762138367
Starting label LEVI, seed 64, iteration 790, time: 175.70049595832825
Starting label LEVI, seed 64, iteration 800, time: 178.2502248287201
Starting label LEVI, seed 64, iteration 810, time: 180.7508623600006
Starting label LEVI, seed 64, iteration 820, time: 183.3030924797058
Starting label LEVI, seed 64, iteration 830, time: 185.92516040802002
Starting label LEVI, seed 64, iteration 840, time: 188.47872161865234
Starting label LEVI, seed 64, iteration 850, time: 190.9702332019806
Starting label LEVI, seed 64, iteration 860, time: 193.86883735656738
Starting label LEVI, seed 64, iteration 870, time: 196.90792274475098
Starting label LEVI, seed 64, iteration 880, time: 199.51871752738953
Starting label LEVI, seed 64, iteration 890, time: 202.21217966079712
Starting label LEVI, seed 64, iteration 900, time: 205.2061836719513
Starting label LEVI, seed 64, iteration 910, time: 208.4341082572937
Starting label LEVI, seed 64, iteration 920, time: 211.7385241985321
Starting label LEVI, seed 64, iteration 930, time: 214.82167887687683
Starting label LEVI, seed 64, iteration 940, time: 217.819806098938
Starting label LEVI, seed 64, iteration 950, time: 221.1715202331543
Starting label LEVI, seed 64, iteration 960, time: 224.4364583492279
Starting label LEVI, seed 64, iteration 970, time: 227.28761506080627
Starting label LEVI, seed 64, iteration 980, time: 230.4379370212555
Starting label LEVI, seed 64, iteration 990, time: 233.21037101745605
Starting label LEVI, seed 64, iteration 1000, time: 236.16308975219727
Starting label LEVI, seed 64, iteration 1010, time: 239.456072807312
Starting label LEVI, seed 64, iteration 1020, time: 242.6757538318634
Starting label LEVI, seed 64, iteration 1030, time: 245.66314840316772
Starting label LEVI, seed 64, iteration 1040, time: 248.97582364082336
Starting label LEVI, seed 64, iteration 1050, time: 252.44539546966553
Starting label LEVI, seed 64, iteration 1060, time: 255.35542941093445
Starting label LEVI, seed 64, iteration 1070, time: 258.2274911403656
Starting label LEVI, seed 64, iteration 1080, time: 261.34551215171814
Starting label LEVI, seed 64, iteration 1090, time: 264.7009787559509
Starting label LEVI, seed 64, iteration 1100, time: 267.6491551399231
Starting label LEVI, seed 64, iteration 1110, time: 270.8912196159363
Starting label LEVI, seed 64, iteration 1120, time: 274.4572243690491
Starting label LEVI, seed 64, iteration 1130, time: 278.0826392173767
Starting label LEVI, seed 64, iteration 1140, time: 281.79430532455444
Starting label LEVI, seed 64, iteration 1150, time: 285.1393446922302
Starting label LEVI, seed 64, iteration 1160, time: 288.9159269332886
Starting label LEVI, seed 64, iteration 1170, time: 292.6858434677124
Starting label LEVI, seed 64, iteration 1180, time: 296.41145753860474
Starting label LEVI, seed 64, iteration 1190, time: 299.71401953697205
Starting label LEVI, seed 64, iteration 1200, time: 303.788786649704
Starting label LEVI, seed 64, iteration 1210, time: 307.4291741847992
Starting label LEVI, seed 64, iteration 1220, time: 311.16547894477844
Starting label LEVI, seed 64, iteration 1230, time: 314.7320737838745
Starting label LEVI, seed 64, iteration 1240, time: 319.1004841327667
Starting label LEVI, seed 64, iteration 1250, time: 322.8062250614166
Starting label LEVI, seed 64, iteration 1260, time: 326.82372403144836
Starting label LEVI, seed 64, iteration 1270, time: 330.74806809425354
Starting label LEVI, seed 64, iteration 1280, time: 334.67796421051025
Starting label LEVI, seed 64, iteration 1290, time: 338.6281943321228
Starting label LEVI, seed 64, iteration 1300, time: 342.6022183895111
Starting label LEVI, seed 64, iteration 1310, time: 346.49982619285583
Starting label LEVI, seed 64, iteration 1320, time: 351.2450249195099
Starting label LEVI, seed 64, iteration 1330, time: 356.0051431655884
Starting label LEVI, seed 64, iteration 1340, time: 360.84593892097473
Starting label LEVI, seed 64, iteration 1350, time: 365.7961676120758
Starting label LEVI, seed 64, iteration 1360, time: 370.54015278816223
Starting label LEVI, seed 64, iteration 1370, time: 375.78637766838074
Starting label LEVI, seed 64, iteration 1380, time: 379.8408668041229
Starting label LEVI, seed 64, iteration 1390, time: 385.1461627483368
Starting label LEVI, seed 64, iteration 1400, time: 390.43146657943726
Starting label LEVI, seed 64, iteration 1410, time: 394.82494473457336
Starting label LEVI, seed 64, iteration 1420, time: 400.2076323032379
Starting label LEVI, seed 64, iteration 1430, time: 405.3927917480469
Starting label LEVI, seed 64, iteration 1440, time: 410.9895992279053
Starting label LEVI, seed 64, iteration 1450, time: 415.86541080474854
Starting label LEVI, seed 64, iteration 1460, time: 421.52535128593445
Starting label LEVI, seed 64, iteration 1470, time: 427.7186563014984
Starting label LEVI, seed 64, iteration 1480, time: 434.1065812110901
Starting label LEVI, seed 64, iteration 1490, time: 440.318156003952
Starting label LEVI, seed 64, iteration 1500, time: 445.6587734222412
Starting label LEVI, seed 64, iteration 1510, time: 450.8933525085449
Starting label LEVI, seed 64, iteration 1520, time: 456.31331729888916
Starting label LEVI, seed 64, iteration 1530, time: 461.7443106174469
Starting label LEVI, seed 64, iteration 1540, time: 467.105571269989
Starting label LEVI, seed 64, iteration 1550, time: 472.82138872146606
Starting label LEVI, seed 64, iteration 1560, time: 479.05710434913635
Starting label LEVI, seed 64, iteration 1570, time: 485.896000623703
Starting label LEVI, seed 64, iteration 1580, time: 492.5719666481018
Starting label LEVI, seed 64, iteration 1590, time: 499.6153178215027
Starting label LEVI, seed 64, iteration 1600, time: 505.14840602874756
Starting label LEVI, seed 64, iteration 1610, time: 511.1102421283722
Starting label LEVI, seed 64, iteration 1620, time: 518.4886949062347
Starting label LEVI, seed 64, iteration 1630, time: 525.2861683368683
Starting label LEVI, seed 64, iteration 1640, time: 532.4983060359955
Starting label LEVI, seed 64, iteration 1650, time: 538.7115819454193
Starting label LEVI, seed 64, iteration 1660, time: 545.8757290840149
Starting label LEVI, seed 64, iteration 1670, time: 552.3796565532684
Starting label LEVI, seed 64, iteration 1680, time: 559.6182024478912
Starting label LEVI, seed 64, iteration 1690, time: 566.4289383888245
Starting label LEVI, seed 64, iteration 1700, time: 572.8650889396667
Starting label LEVI, seed 64, iteration 1710, time: 579.6395881175995
Starting label LEVI, seed 64, iteration 1720, time: 586.2253601551056
Starting label LEVI, seed 64, iteration 1730, time: 593.1471283435822
Starting label LEVI, seed 64, iteration 1740, time: 601.277224779129
Starting label LEVI, seed 64, iteration 1750, time: 608.6800768375397
Starting label LEVI, seed 64, iteration 1760, time: 615.6952073574066
Starting label LEVI, seed 64, iteration 1770, time: 623.3436846733093
Starting label LEVI, seed 64, iteration 1780, time: 631.5027348995209
Starting label LEVI, seed 64, iteration 1790, time: 638.8824076652527
Starting label LEVI, seed 64, iteration 1800, time: 646.2377293109894
Starting label LEVI, seed 64, iteration 1810, time: 655.7999134063721
Starting label LEVI, seed 64, iteration 1820, time: 663.0034306049347
Starting label LEVI, seed 64, iteration 1830, time: 670.824212551117
Starting label LEVI, seed 64, iteration 1840, time: 678.1253125667572
Starting label LEVI, seed 64, iteration 1850, time: 685.160552740097
Starting label LEVI, seed 64, iteration 1860, time: 694.7041728496552
Starting label LEVI, seed 64, iteration 1870, time: 704.6258294582367
Starting label LEVI, seed 64, iteration 1880, time: 712.6158983707428
Starting label LEVI, seed 64, iteration 1890, time: 721.9697716236115
Starting label LEVI, seed 64, iteration 1900, time: 732.2551350593567
Starting label LEVI, seed 64, iteration 1910, time: 742.6283979415894
Starting label LEVI, seed 64, iteration 1920, time: 752.9441447257996
Starting label LEVI, seed 64, iteration 1930, time: 763.4624311923981
Starting label LEVI, seed 64, iteration 1940, time: 771.8337905406952
Starting label LEVI, seed 64, iteration 1950, time: 780.4464666843414
submitit WARNING (2022-10-02 01:22:36,051) - Bypassing signal SIGCONT
submitit WARNING (2022-10-02 01:22:36,175) - Bypassing signal SIGTERM
Starting label LEVI, seed 64, iteration 1960, time: 789.0985226631165
Starting label LEVI, seed 64, iteration 1970, time: 799.736428976059
Starting label LEVI, seed 64, iteration 1980, time: 810.7474620342255
