submitit INFO (2022-10-02 00:49:06,238) - Starting with JobEnvironment(job_id=883292_7, hostname=davis-compute-01.cs.cornell.edu, local_rank=0(1), node=0(1), global_rank=0(1))
submitit INFO (2022-10-02 00:49:06,239) - Loading pickle: /home/gid-cakmaks/contextual_rs/experiments/wsc_experiments/logs/883292_7/883292_7_submitted.pkl
Starting label LEVI, seed 67, iteration 0, time: 0.0005495548248291016
Starting label LEVI, seed 67, iteration 10, time: 2.3273093700408936
Starting label LEVI, seed 67, iteration 20, time: 4.29211688041687
Starting label LEVI, seed 67, iteration 30, time: 6.277731418609619
Starting label LEVI, seed 67, iteration 40, time: 8.628909826278687
Starting label LEVI, seed 67, iteration 50, time: 10.92662763595581
Starting label LEVI, seed 67, iteration 60, time: 13.415914535522461
Starting label LEVI, seed 67, iteration 70, time: 15.447745323181152
Starting label LEVI, seed 67, iteration 80, time: 17.461610078811646
Starting label LEVI, seed 67, iteration 90, time: 19.888888120651245
Starting label LEVI, seed 67, iteration 100, time: 22.319056510925293
Starting label LEVI, seed 67, iteration 110, time: 24.754825592041016
Starting label LEVI, seed 67, iteration 120, time: 27.03302836418152
Starting label LEVI, seed 67, iteration 130, time: 29.038830995559692
Starting label LEVI, seed 67, iteration 140, time: 31.306665182113647
Starting label LEVI, seed 67, iteration 150, time: 33.8162784576416
Starting label LEVI, seed 67, iteration 160, time: 36.35750079154968
Starting label LEVI, seed 67, iteration 170, time: 38.81726598739624
Starting label LEVI, seed 67, iteration 180, time: 41.408610820770264
Starting label LEVI, seed 67, iteration 190, time: 43.61121702194214
Starting label LEVI, seed 67, iteration 200, time: 46.521888971328735
Starting label LEVI, seed 67, iteration 210, time: 49.418235540390015
Starting label LEVI, seed 67, iteration 220, time: 52.26388740539551
Starting label LEVI, seed 67, iteration 230, time: 54.85237121582031
Starting label LEVI, seed 67, iteration 240, time: 57.26050877571106
Starting label LEVI, seed 67, iteration 250, time: 59.90098762512207
Starting label LEVI, seed 67, iteration 260, time: 62.380688190460205
Starting label LEVI, seed 67, iteration 270, time: 64.78227710723877
Starting label LEVI, seed 67, iteration 280, time: 67.17880511283875
Starting label LEVI, seed 67, iteration 290, time: 69.43395352363586
Starting label LEVI, seed 67, iteration 300, time: 71.72051906585693
Starting label LEVI, seed 67, iteration 310, time: 74.07593441009521
Starting label LEVI, seed 67, iteration 320, time: 76.50384569168091
Starting label LEVI, seed 67, iteration 330, time: 78.7404055595398
Starting label LEVI, seed 67, iteration 340, time: 80.90957427024841
Starting label LEVI, seed 67, iteration 350, time: 83.27121329307556
Starting label LEVI, seed 67, iteration 360, time: 85.69096541404724
Starting label LEVI, seed 67, iteration 370, time: 88.15636014938354
Starting label LEVI, seed 67, iteration 380, time: 90.3585615158081
Starting label LEVI, seed 67, iteration 390, time: 92.84057545661926
Starting label LEVI, seed 67, iteration 400, time: 95.44837617874146
Starting label LEVI, seed 67, iteration 410, time: 97.78171730041504
Starting label LEVI, seed 67, iteration 420, time: 100.17920184135437
Starting label LEVI, seed 67, iteration 430, time: 102.64678955078125
Starting label LEVI, seed 67, iteration 440, time: 105.06331300735474
Starting label LEVI, seed 67, iteration 450, time: 107.63193392753601
Starting label LEVI, seed 67, iteration 460, time: 110.34582543373108
Starting label LEVI, seed 67, iteration 470, time: 113.08198261260986
Starting label LEVI, seed 67, iteration 480, time: 115.42750811576843
Starting label LEVI, seed 67, iteration 490, time: 118.06856369972229
Starting label LEVI, seed 67, iteration 500, time: 120.8506588935852
Starting label LEVI, seed 67, iteration 510, time: 123.49683713912964
Starting label LEVI, seed 67, iteration 520, time: 126.01816821098328
Starting label LEVI, seed 67, iteration 530, time: 128.61030459403992
Starting label LEVI, seed 67, iteration 540, time: 131.51903986930847
Starting label LEVI, seed 67, iteration 550, time: 134.65006017684937
Starting label LEVI, seed 67, iteration 560, time: 138.0751986503601
Starting label LEVI, seed 67, iteration 570, time: 141.10483145713806
Starting label LEVI, seed 67, iteration 580, time: 143.96246194839478
Starting label LEVI, seed 67, iteration 590, time: 146.94277667999268
Starting label LEVI, seed 67, iteration 600, time: 149.90669083595276
Starting label LEVI, seed 67, iteration 610, time: 152.9678680896759
Starting label LEVI, seed 67, iteration 620, time: 155.59043216705322
Starting label LEVI, seed 67, iteration 630, time: 158.5886583328247
Starting label LEVI, seed 67, iteration 640, time: 161.59337830543518
Starting label LEVI, seed 67, iteration 650, time: 164.4075469970703
Starting label LEVI, seed 67, iteration 660, time: 167.372816324234
Starting label LEVI, seed 67, iteration 670, time: 170.12669277191162
Starting label LEVI, seed 67, iteration 680, time: 173.30433773994446
Starting label LEVI, seed 67, iteration 690, time: 176.42421555519104
Starting label LEVI, seed 67, iteration 700, time: 179.95068454742432
Starting label LEVI, seed 67, iteration 710, time: 182.99887895584106
Starting label LEVI, seed 67, iteration 720, time: 186.0844202041626
Starting label LEVI, seed 67, iteration 730, time: 189.61688017845154
Starting label LEVI, seed 67, iteration 740, time: 193.0164918899536
Starting label LEVI, seed 67, iteration 750, time: 196.41269946098328
Starting label LEVI, seed 67, iteration 760, time: 199.79648613929749
Starting label LEVI, seed 67, iteration 770, time: 203.18229818344116
Starting label LEVI, seed 67, iteration 780, time: 206.7428629398346
Starting label LEVI, seed 67, iteration 790, time: 210.0323188304901
Starting label LEVI, seed 67, iteration 800, time: 213.01747465133667
Starting label LEVI, seed 67, iteration 810, time: 216.1919162273407
Starting label LEVI, seed 67, iteration 820, time: 219.5424792766571
Starting label LEVI, seed 67, iteration 830, time: 222.58428621292114
Starting label LEVI, seed 67, iteration 840, time: 225.46572184562683
Starting label LEVI, seed 67, iteration 850, time: 228.4660987854004
Starting label LEVI, seed 67, iteration 860, time: 231.86017680168152
Starting label LEVI, seed 67, iteration 870, time: 235.14844274520874
Starting label LEVI, seed 67, iteration 880, time: 238.5320463180542
Starting label LEVI, seed 67, iteration 890, time: 242.2026994228363
Starting label LEVI, seed 67, iteration 900, time: 245.72730469703674
Starting label LEVI, seed 67, iteration 910, time: 248.93477964401245
Starting label LEVI, seed 67, iteration 920, time: 252.26429295539856
Starting label LEVI, seed 67, iteration 930, time: 255.54272174835205
Starting label LEVI, seed 67, iteration 940, time: 259.2002396583557
Starting label LEVI, seed 67, iteration 950, time: 263.15715312957764
Starting label LEVI, seed 67, iteration 960, time: 266.82098293304443
Starting label LEVI, seed 67, iteration 970, time: 270.22767996788025
Starting label LEVI, seed 67, iteration 980, time: 274.2170467376709
Starting label LEVI, seed 67, iteration 990, time: 277.74348974227905
Starting label LEVI, seed 67, iteration 1000, time: 281.52835154533386
Starting label LEVI, seed 67, iteration 1010, time: 285.18341183662415
Starting label LEVI, seed 67, iteration 1020, time: 288.8187403678894
Starting label LEVI, seed 67, iteration 1030, time: 293.14144015312195
Starting label LEVI, seed 67, iteration 1040, time: 297.45901560783386
Starting label LEVI, seed 67, iteration 1050, time: 301.41437458992004
Starting label LEVI, seed 67, iteration 1060, time: 305.6859850883484
Starting label LEVI, seed 67, iteration 1070, time: 309.927125453949
Starting label LEVI, seed 67, iteration 1080, time: 314.1704480648041
Starting label LEVI, seed 67, iteration 1090, time: 318.60316944122314
Starting label LEVI, seed 67, iteration 1100, time: 322.9865996837616
Starting label LEVI, seed 67, iteration 1110, time: 327.17563247680664
Starting label LEVI, seed 67, iteration 1120, time: 331.67113041877747
Starting label LEVI, seed 67, iteration 1130, time: 336.27981781959534
Starting label LEVI, seed 67, iteration 1140, time: 340.98586320877075
Starting label LEVI, seed 67, iteration 1150, time: 345.70837116241455
Starting label LEVI, seed 67, iteration 1160, time: 350.1413540840149
Starting label LEVI, seed 67, iteration 1170, time: 354.8806118965149
Starting label LEVI, seed 67, iteration 1180, time: 359.4078297615051
Starting label LEVI, seed 67, iteration 1190, time: 363.9783308506012
Starting label LEVI, seed 67, iteration 1200, time: 368.32652258872986
Starting label LEVI, seed 67, iteration 1210, time: 372.4802939891815
Starting label LEVI, seed 67, iteration 1220, time: 377.117919921875
Starting label LEVI, seed 67, iteration 1230, time: 381.8108904361725
Starting label LEVI, seed 67, iteration 1240, time: 386.9362635612488
Starting label LEVI, seed 67, iteration 1250, time: 391.35234689712524
Starting label LEVI, seed 67, iteration 1260, time: 395.6165659427643
Starting label LEVI, seed 67, iteration 1270, time: 400.694673538208
submitit WARNING (2022-10-02 00:55:52,023) - Bypassing signal SIGCONT
submitit WARNING (2022-10-02 00:55:52,123) - Bypassing signal SIGTERM
Starting label LEVI, seed 67, iteration 1280, time: 405.08253812789917
Starting label LEVI, seed 67, iteration 1290, time: 409.63418412208557
Starting label LEVI, seed 67, iteration 1300, time: 415.2276017665863
Starting label LEVI, seed 67, iteration 1310, time: 420.8179428577423
Starting label LEVI, seed 67, iteration 1320, time: 426.6765341758728
Starting label LEVI, seed 67, iteration 1330, time: 432.3418037891388
