submitit INFO (2022-10-02 04:15:44,473) - Starting with JobEnvironment(job_id=884064_7, hostname=luxlab-compute-01.infosci.cornell.edu, local_rank=0(1), node=0(1), global_rank=0(1))
submitit INFO (2022-10-02 04:15:44,473) - Loading pickle: /home/gid-cakmaks/contextual_rs/experiments/wsc_experiments/logs/884064_7/884064_7_submitted.pkl
Appending iterations to existing output!Warning: If parameters other than `iterations` have been changed, this will corrupt the output!
Starting label LEVI, seed 77, iteration 620, time: 285.19413900375366
Starting label LEVI, seed 77, iteration 630, time: 290.77841877937317
Starting label LEVI, seed 77, iteration 640, time: 296.19758892059326
Starting label LEVI, seed 77, iteration 650, time: 301.6352291107178
Starting label LEVI, seed 77, iteration 660, time: 306.96977138519287
Starting label LEVI, seed 77, iteration 670, time: 312.34678769111633
Starting label LEVI, seed 77, iteration 680, time: 317.6638526916504
Starting label LEVI, seed 77, iteration 690, time: 323.00816535949707
Starting label LEVI, seed 77, iteration 700, time: 328.393532037735
Starting label LEVI, seed 77, iteration 710, time: 333.99334383010864
Starting label LEVI, seed 77, iteration 720, time: 339.6586787700653
Starting label LEVI, seed 77, iteration 730, time: 345.1116020679474
Starting label LEVI, seed 77, iteration 740, time: 350.5530915260315
Starting label LEVI, seed 77, iteration 750, time: 355.8611490726471
Starting label LEVI, seed 77, iteration 760, time: 361.2044494152069
Starting label LEVI, seed 77, iteration 770, time: 366.5816316604614
Starting label LEVI, seed 77, iteration 780, time: 372.2139778137207
Starting label LEVI, seed 77, iteration 790, time: 377.92951011657715
Starting label LEVI, seed 77, iteration 800, time: 383.6772789955139
Starting label LEVI, seed 77, iteration 810, time: 389.29374957084656
Starting label LEVI, seed 77, iteration 820, time: 395.336083650589
Starting label LEVI, seed 77, iteration 830, time: 401.28779554367065
Starting label LEVI, seed 77, iteration 840, time: 407.2833709716797
Starting label LEVI, seed 77, iteration 850, time: 413.19688963890076
Starting label LEVI, seed 77, iteration 860, time: 419.0952925682068
Starting label LEVI, seed 77, iteration 870, time: 425.0257875919342
Starting label LEVI, seed 77, iteration 880, time: 430.89475321769714
Starting label LEVI, seed 77, iteration 890, time: 436.5592350959778
Starting label LEVI, seed 77, iteration 900, time: 442.3248987197876
Starting label LEVI, seed 77, iteration 910, time: 448.02212357521057
Starting label LEVI, seed 77, iteration 920, time: 454.03899931907654
Starting label LEVI, seed 77, iteration 930, time: 459.96651434898376
Starting label LEVI, seed 77, iteration 940, time: 465.6679148674011
Starting label LEVI, seed 77, iteration 950, time: 471.5982913970947
Starting label LEVI, seed 77, iteration 960, time: 477.73210525512695
Starting label LEVI, seed 77, iteration 970, time: 483.8173177242279
Starting label LEVI, seed 77, iteration 980, time: 489.8578984737396
Starting label LEVI, seed 77, iteration 990, time: 496.082008600235
Starting label LEVI, seed 77, iteration 1000, time: 502.24073910713196
Starting label LEVI, seed 77, iteration 1010, time: 508.4567356109619
Starting label LEVI, seed 77, iteration 1020, time: 514.4725522994995
Starting label LEVI, seed 77, iteration 1030, time: 520.7545435428619
Starting label LEVI, seed 77, iteration 1040, time: 527.1933979988098
Starting label LEVI, seed 77, iteration 1050, time: 533.656347990036
Starting label LEVI, seed 77, iteration 1060, time: 540.0484216213226
Starting label LEVI, seed 77, iteration 1070, time: 546.3403997421265
Starting label LEVI, seed 77, iteration 1080, time: 552.6791000366211
Starting label LEVI, seed 77, iteration 1090, time: 558.979945898056
Starting label LEVI, seed 77, iteration 1100, time: 565.2252769470215
Starting label LEVI, seed 77, iteration 1110, time: 571.4499914646149
Starting label LEVI, seed 77, iteration 1120, time: 577.4970009326935
Starting label LEVI, seed 77, iteration 1130, time: 585.6414077281952
Starting label LEVI, seed 77, iteration 1140, time: 591.9490146636963
Starting label LEVI, seed 77, iteration 1150, time: 598.6043934822083
Starting label LEVI, seed 77, iteration 1160, time: 605.0816876888275
Starting label LEVI, seed 77, iteration 1170, time: 611.1973979473114
Starting label LEVI, seed 77, iteration 1180, time: 617.3302521705627
Starting label LEVI, seed 77, iteration 1190, time: 623.5423495769501
Starting label LEVI, seed 77, iteration 1200, time: 630.1122353076935
Starting label LEVI, seed 77, iteration 1210, time: 636.9635915756226
Starting label LEVI, seed 77, iteration 1220, time: 643.6635491847992
Starting label LEVI, seed 77, iteration 1230, time: 650.1793525218964
Starting label LEVI, seed 77, iteration 1240, time: 657.0098111629486
Starting label LEVI, seed 77, iteration 1250, time: 663.7373957633972
Starting label LEVI, seed 77, iteration 1260, time: 670.3693437576294
Starting label LEVI, seed 77, iteration 1270, time: 677.0152735710144
Starting label LEVI, seed 77, iteration 1280, time: 683.6550495624542
Starting label LEVI, seed 77, iteration 1290, time: 690.2293038368225
Starting label LEVI, seed 77, iteration 1300, time: 696.8256688117981
Starting label LEVI, seed 77, iteration 1310, time: 703.857768535614
Starting label LEVI, seed 77, iteration 1320, time: 710.8240344524384
Starting label LEVI, seed 77, iteration 1330, time: 718.0219647884369
Starting label LEVI, seed 77, iteration 1340, time: 724.9852156639099
Starting label LEVI, seed 77, iteration 1350, time: 732.2495272159576
Starting label LEVI, seed 77, iteration 1360, time: 739.4044954776764
Starting label LEVI, seed 77, iteration 1370, time: 746.387843132019
Starting label LEVI, seed 77, iteration 1380, time: 753.3377919197083
Starting label LEVI, seed 77, iteration 1390, time: 760.2855596542358
Starting label LEVI, seed 77, iteration 1400, time: 767.2560198307037
Starting label LEVI, seed 77, iteration 1410, time: 774.2573273181915
Starting label LEVI, seed 77, iteration 1420, time: 780.9703640937805
Starting label LEVI, seed 77, iteration 1430, time: 787.5022621154785
Starting label LEVI, seed 77, iteration 1440, time: 794.3718330860138
Starting label LEVI, seed 77, iteration 1450, time: 801.0632357597351
Starting label LEVI, seed 77, iteration 1460, time: 807.29523229599
Starting label LEVI, seed 77, iteration 1470, time: 813.6093771457672
Starting label LEVI, seed 77, iteration 1480, time: 820.1344678401947
Starting label LEVI, seed 77, iteration 1490, time: 826.7948093414307
Starting label LEVI, seed 77, iteration 1500, time: 833.5892293453217
Starting label LEVI, seed 77, iteration 1510, time: 840.1420896053314
Starting label LEVI, seed 77, iteration 1520, time: 847.0015411376953
Starting label LEVI, seed 77, iteration 1530, time: 853.6700663566589
Starting label LEVI, seed 77, iteration 1540, time: 860.5962996482849
Starting label LEVI, seed 77, iteration 1550, time: 867.6357491016388
Starting label LEVI, seed 77, iteration 1560, time: 874.4971430301666
Starting label LEVI, seed 77, iteration 1570, time: 881.4279956817627
Starting label LEVI, seed 77, iteration 1580, time: 887.9000341892242
Starting label LEVI, seed 77, iteration 1590, time: 894.6411399841309
Starting label LEVI, seed 77, iteration 1600, time: 901.7151758670807
Starting label LEVI, seed 77, iteration 1610, time: 908.97767162323
Starting label LEVI, seed 77, iteration 1620, time: 916.1290006637573
Starting label LEVI, seed 77, iteration 1630, time: 923.296957731247
Starting label LEVI, seed 77, iteration 1640, time: 930.540277004242
Starting label LEVI, seed 77, iteration 1650, time: 937.8589355945587
Starting label LEVI, seed 77, iteration 1660, time: 944.992027759552
Starting label LEVI, seed 77, iteration 1670, time: 951.9709184169769
Starting label LEVI, seed 77, iteration 1680, time: 958.9087946414948
Starting label LEVI, seed 77, iteration 1690, time: 965.9281942844391
Starting label LEVI, seed 77, iteration 1700, time: 973.1826469898224
Starting label LEVI, seed 77, iteration 1710, time: 980.433981180191
Starting label LEVI, seed 77, iteration 1720, time: 987.6260762214661
Starting label LEVI, seed 77, iteration 1730, time: 994.6167175769806
Starting label LEVI, seed 77, iteration 1740, time: 1001.3471786975861
Starting label LEVI, seed 77, iteration 1750, time: 1008.4533874988556
Starting label LEVI, seed 77, iteration 1760, time: 1015.2957656383514
Starting label LEVI, seed 77, iteration 1770, time: 1022.533408164978
Starting label LEVI, seed 77, iteration 1780, time: 1029.9397077560425
Starting label LEVI, seed 77, iteration 1790, time: 1037.1936769485474
Starting label LEVI, seed 77, iteration 1800, time: 1044.8013026714325
Starting label LEVI, seed 77, iteration 1810, time: 1052.3244292736053
Starting label LEVI, seed 77, iteration 1820, time: 1059.6538226604462
Starting label LEVI, seed 77, iteration 1830, time: 1067.4009251594543
Starting label LEVI, seed 77, iteration 1840, time: 1074.7980480194092
Starting label LEVI, seed 77, iteration 1850, time: 1082.109355688095
Starting label LEVI, seed 77, iteration 1860, time: 1089.7962548732758
Starting label LEVI, seed 77, iteration 1870, time: 1097.4020776748657
Starting label LEVI, seed 77, iteration 1880, time: 1105.4676654338837
Starting label LEVI, seed 77, iteration 1890, time: 1113.1868512630463
Starting label LEVI, seed 77, iteration 1900, time: 1121.1354310512543
Starting label LEVI, seed 77, iteration 1910, time: 1128.8680679798126
Starting label LEVI, seed 77, iteration 1920, time: 1136.5258531570435
Starting label LEVI, seed 77, iteration 1930, time: 1144.0608580112457
Starting label LEVI, seed 77, iteration 1940, time: 1151.947124004364
Starting label LEVI, seed 77, iteration 1950, time: 1159.7665638923645
Starting label LEVI, seed 77, iteration 1960, time: 1167.5132901668549
Starting label LEVI, seed 77, iteration 1970, time: 1175.2032852172852
Starting label LEVI, seed 77, iteration 1980, time: 1183.1222445964813
Starting label LEVI, seed 77, iteration 1990, time: 1190.7879161834717
submitit INFO (2022-10-02 04:31:00,117) - Job completed successfully
