submitit INFO (2022-10-02 01:45:26,597) - Starting with JobEnvironment(job_id=883481_0, hostname=g2-compute-94.coecis.cornell.edu, local_rank=0(1), node=0(1), global_rank=0(1))
submitit INFO (2022-10-02 01:45:26,597) - Loading pickle: /home/gid-cakmaks/contextual_rs/experiments/wsc_experiments/logs/883481_0/883481_0_submitted.pkl
Starting label LEVI, seed 80, iteration 0, time: 0.0004019737243652344
Starting label LEVI, seed 80, iteration 10, time: 3.5772616863250732
Starting label LEVI, seed 80, iteration 20, time: 7.211658239364624
Starting label LEVI, seed 80, iteration 30, time: 10.893171787261963
Starting label LEVI, seed 80, iteration 40, time: 14.608498573303223
Starting label LEVI, seed 80, iteration 50, time: 18.500922679901123
Starting label LEVI, seed 80, iteration 60, time: 22.122243642807007
Starting label LEVI, seed 80, iteration 70, time: 25.760629892349243
Starting label LEVI, seed 80, iteration 80, time: 29.688446044921875
Starting label LEVI, seed 80, iteration 90, time: 33.630027532577515
Starting label LEVI, seed 80, iteration 100, time: 37.64814615249634
Starting label LEVI, seed 80, iteration 110, time: 41.54590320587158
Starting label LEVI, seed 80, iteration 120, time: 45.6105694770813
Starting label LEVI, seed 80, iteration 130, time: 49.688178062438965
Starting label LEVI, seed 80, iteration 140, time: 53.921130418777466
Starting label LEVI, seed 80, iteration 150, time: 58.31585216522217
Starting label LEVI, seed 80, iteration 160, time: 62.519104957580566
Starting label LEVI, seed 80, iteration 170, time: 66.71326184272766
Starting label LEVI, seed 80, iteration 180, time: 71.09755992889404
Starting label LEVI, seed 80, iteration 190, time: 75.38330149650574
Starting label LEVI, seed 80, iteration 200, time: 79.74796080589294
Starting label LEVI, seed 80, iteration 210, time: 84.1114239692688
Starting label LEVI, seed 80, iteration 220, time: 88.3505187034607
Starting label LEVI, seed 80, iteration 230, time: 92.74665093421936
Starting label LEVI, seed 80, iteration 240, time: 97.31075191497803
Starting label LEVI, seed 80, iteration 250, time: 101.94708681106567
Starting label LEVI, seed 80, iteration 260, time: 106.54766249656677
Starting label LEVI, seed 80, iteration 270, time: 111.33921599388123
Starting label LEVI, seed 80, iteration 280, time: 116.18159675598145
Starting label LEVI, seed 80, iteration 290, time: 120.89932370185852
Starting label LEVI, seed 80, iteration 300, time: 125.77568626403809
Starting label LEVI, seed 80, iteration 310, time: 130.58212423324585
Starting label LEVI, seed 80, iteration 320, time: 135.86086535453796
Starting label LEVI, seed 80, iteration 330, time: 140.90825271606445
Starting label LEVI, seed 80, iteration 340, time: 145.61097121238708
Starting label LEVI, seed 80, iteration 350, time: 150.47990822792053
Starting label LEVI, seed 80, iteration 360, time: 155.22399044036865
Starting label LEVI, seed 80, iteration 370, time: 160.00039410591125
Starting label LEVI, seed 80, iteration 380, time: 165.0277121067047
Starting label LEVI, seed 80, iteration 390, time: 170.10260105133057
Starting label LEVI, seed 80, iteration 400, time: 175.1564483642578
Starting label LEVI, seed 80, iteration 410, time: 180.43885803222656
Starting label LEVI, seed 80, iteration 420, time: 185.8852949142456
Starting label LEVI, seed 80, iteration 430, time: 191.30925297737122
Starting label LEVI, seed 80, iteration 440, time: 196.58360171318054
Starting label LEVI, seed 80, iteration 450, time: 201.66328263282776
Starting label LEVI, seed 80, iteration 460, time: 206.76486825942993
Starting label LEVI, seed 80, iteration 470, time: 211.63757395744324
Starting label LEVI, seed 80, iteration 480, time: 216.4501657485962
Starting label LEVI, seed 80, iteration 490, time: 221.24927592277527
Starting label LEVI, seed 80, iteration 500, time: 226.80998349189758
Starting label LEVI, seed 80, iteration 510, time: 231.8881003856659
submitit WARNING (2022-10-02 01:49:22,420) - Bypassing signal SIGCONT
submitit WARNING (2022-10-02 01:49:22,454) - Bypassing signal SIGTERM
Starting label LEVI, seed 80, iteration 520, time: 237.02574253082275
Starting label LEVI, seed 80, iteration 530, time: 242.29250288009644
Starting label LEVI, seed 80, iteration 540, time: 247.58251118659973
Starting label LEVI, seed 80, iteration 550, time: 252.80023193359375
Starting label LEVI, seed 80, iteration 560, time: 258.17124938964844
Starting label LEVI, seed 80, iteration 570, time: 263.3839671611786
