submitit INFO (2022-10-02 02:25:37,714) - Starting with JobEnvironment(job_id=883734_1, hostname=sablab-gpu-11.ece.cornell.edu, local_rank=0(1), node=0(1), global_rank=0(1))
submitit INFO (2022-10-02 02:25:37,714) - Loading pickle: /home/gid-cakmaks/contextual_rs/experiments/wsc_experiments/logs/883734_1/883734_1_submitted.pkl
Appending iterations to existing output!Warning: If parameters other than `iterations` have been changed, this will corrupt the output!
Starting label LEVI, seed 81, iteration 720, time: 130.79544854164124
Starting label LEVI, seed 81, iteration 730, time: 135.10627555847168
Starting label LEVI, seed 81, iteration 740, time: 138.88596200942993
Starting label LEVI, seed 81, iteration 750, time: 142.64389944076538
Starting label LEVI, seed 81, iteration 760, time: 146.31965851783752
Starting label LEVI, seed 81, iteration 770, time: 149.8270981311798
Starting label LEVI, seed 81, iteration 780, time: 153.85898113250732
Starting label LEVI, seed 81, iteration 790, time: 157.46264624595642
Starting label LEVI, seed 81, iteration 800, time: 161.4170207977295
Starting label LEVI, seed 81, iteration 810, time: 165.48873353004456
Starting label LEVI, seed 81, iteration 820, time: 169.42417430877686
Starting label LEVI, seed 81, iteration 830, time: 173.55360102653503
Starting label LEVI, seed 81, iteration 840, time: 177.6723711490631
Starting label LEVI, seed 81, iteration 850, time: 181.8902130126953
Starting label LEVI, seed 81, iteration 860, time: 185.78737878799438
Starting label LEVI, seed 81, iteration 870, time: 190.13215613365173
Starting label LEVI, seed 81, iteration 880, time: 194.69285535812378
Starting label LEVI, seed 81, iteration 890, time: 199.14189291000366
Starting label LEVI, seed 81, iteration 900, time: 203.55394887924194
Starting label LEVI, seed 81, iteration 910, time: 207.86154675483704
Starting label LEVI, seed 81, iteration 920, time: 212.12313747406006
Starting label LEVI, seed 81, iteration 930, time: 216.68810153007507
Starting label LEVI, seed 81, iteration 940, time: 220.8818187713623
Starting label LEVI, seed 81, iteration 950, time: 226.03522109985352
Starting label LEVI, seed 81, iteration 960, time: 230.71753644943237
Starting label LEVI, seed 81, iteration 970, time: 234.98517036437988
Starting label LEVI, seed 81, iteration 980, time: 239.39064741134644
Starting label LEVI, seed 81, iteration 990, time: 243.85945343971252
Starting label LEVI, seed 81, iteration 1000, time: 248.3572940826416
Starting label LEVI, seed 81, iteration 1010, time: 253.28604245185852
Starting label LEVI, seed 81, iteration 1020, time: 258.2101409435272
Starting label LEVI, seed 81, iteration 1030, time: 263.43530082702637
Starting label LEVI, seed 81, iteration 1040, time: 268.51709055900574
Starting label LEVI, seed 81, iteration 1050, time: 273.37240862846375
Starting label LEVI, seed 81, iteration 1060, time: 278.0910668373108
Starting label LEVI, seed 81, iteration 1070, time: 282.88299679756165
Starting label LEVI, seed 81, iteration 1080, time: 287.67854261398315
Starting label LEVI, seed 81, iteration 1090, time: 292.60351967811584
Starting label LEVI, seed 81, iteration 1100, time: 297.8505735397339
Starting label LEVI, seed 81, iteration 1110, time: 303.24318075180054
Starting label LEVI, seed 81, iteration 1120, time: 308.8695921897888
Starting label LEVI, seed 81, iteration 1130, time: 314.9973301887512
Starting label LEVI, seed 81, iteration 1140, time: 320.40421986579895
Starting label LEVI, seed 81, iteration 1150, time: 326.7295527458191
Starting label LEVI, seed 81, iteration 1160, time: 332.79268527030945
Starting label LEVI, seed 81, iteration 1170, time: 338.84044790267944
Starting label LEVI, seed 81, iteration 1180, time: 344.36643648147583
Starting label LEVI, seed 81, iteration 1190, time: 349.5846862792969
Starting label LEVI, seed 81, iteration 1200, time: 354.9114420413971
Starting label LEVI, seed 81, iteration 1210, time: 361.15756034851074
Starting label LEVI, seed 81, iteration 1220, time: 367.3506758213043
Starting label LEVI, seed 81, iteration 1230, time: 372.76438188552856
Starting label LEVI, seed 81, iteration 1240, time: 378.32732677459717
Starting label LEVI, seed 81, iteration 1250, time: 383.6693229675293
Starting label LEVI, seed 81, iteration 1260, time: 389.7689507007599
Starting label LEVI, seed 81, iteration 1270, time: 395.3670451641083
Starting label LEVI, seed 81, iteration 1280, time: 402.2273817062378
Starting label LEVI, seed 81, iteration 1290, time: 408.880243062973
Starting label LEVI, seed 81, iteration 1300, time: 414.682736158371
Starting label LEVI, seed 81, iteration 1310, time: 420.3474726676941
Starting label LEVI, seed 81, iteration 1320, time: 427.20501828193665
Starting label LEVI, seed 81, iteration 1330, time: 434.18105483055115
Starting label LEVI, seed 81, iteration 1340, time: 440.2715816497803
Starting label LEVI, seed 81, iteration 1350, time: 446.6912307739258
Starting label LEVI, seed 81, iteration 1360, time: 453.40219712257385
Starting label LEVI, seed 81, iteration 1370, time: 460.7999186515808
Starting label LEVI, seed 81, iteration 1380, time: 467.39304780960083
Starting label LEVI, seed 81, iteration 1390, time: 474.1502959728241
Starting label LEVI, seed 81, iteration 1400, time: 481.5733802318573
Starting label LEVI, seed 81, iteration 1410, time: 488.79582118988037
Starting label LEVI, seed 81, iteration 1420, time: 496.5554840564728
Starting label LEVI, seed 81, iteration 1430, time: 504.39165019989014
Starting label LEVI, seed 81, iteration 1440, time: 511.5837366580963
Starting label LEVI, seed 81, iteration 1450, time: 518.7782373428345
Starting label LEVI, seed 81, iteration 1460, time: 527.8495514392853
Starting label LEVI, seed 81, iteration 1470, time: 535.0707650184631
Starting label LEVI, seed 81, iteration 1480, time: 544.8797175884247
Starting label LEVI, seed 81, iteration 1490, time: 553.132520198822
Starting label LEVI, seed 81, iteration 1500, time: 561.3175902366638
Starting label LEVI, seed 81, iteration 1510, time: 570.0186278820038
Starting label LEVI, seed 81, iteration 1520, time: 578.5519993305206
Starting label LEVI, seed 81, iteration 1530, time: 587.454530954361
Starting label LEVI, seed 81, iteration 1540, time: 596.5753626823425
Starting label LEVI, seed 81, iteration 1550, time: 605.7499160766602
Starting label LEVI, seed 81, iteration 1560, time: 614.3911192417145
Starting label LEVI, seed 81, iteration 1570, time: 623.6845371723175
Starting label LEVI, seed 81, iteration 1580, time: 632.1659736633301
Starting label LEVI, seed 81, iteration 1590, time: 643.0718150138855
Starting label LEVI, seed 81, iteration 1600, time: 653.2936868667603
Starting label LEVI, seed 81, iteration 1610, time: 663.0153796672821
Starting label LEVI, seed 81, iteration 1620, time: 674.0278437137604
Starting label LEVI, seed 81, iteration 1630, time: 684.9141988754272
Starting label LEVI, seed 81, iteration 1640, time: 695.8642053604126
Starting label LEVI, seed 81, iteration 1650, time: 706.9836242198944
Starting label LEVI, seed 81, iteration 1660, time: 717.3017597198486
Starting label LEVI, seed 81, iteration 1670, time: 728.2424817085266
Starting label LEVI, seed 81, iteration 1680, time: 737.9388508796692
Starting label LEVI, seed 81, iteration 1690, time: 748.9126882553101
Starting label LEVI, seed 81, iteration 1700, time: 759.7616233825684
Starting label LEVI, seed 81, iteration 1710, time: 769.6064693927765
Starting label LEVI, seed 81, iteration 1720, time: 780.8779866695404
Starting label LEVI, seed 81, iteration 1730, time: 792.7224442958832
Starting label LEVI, seed 81, iteration 1740, time: 804.9948918819427
Starting label LEVI, seed 81, iteration 1750, time: 815.7279000282288
Starting label LEVI, seed 81, iteration 1760, time: 828.1007525920868
Starting label LEVI, seed 81, iteration 1770, time: 841.4614913463593
Starting label LEVI, seed 81, iteration 1780, time: 854.537629365921
Starting label LEVI, seed 81, iteration 1790, time: 866.7091784477234
Starting label LEVI, seed 81, iteration 1800, time: 877.5290579795837
Starting label LEVI, seed 81, iteration 1810, time: 891.1377041339874
Starting label LEVI, seed 81, iteration 1820, time: 905.3735914230347
Starting label LEVI, seed 81, iteration 1830, time: 918.7737002372742
Starting label LEVI, seed 81, iteration 1840, time: 932.6654245853424
Starting label LEVI, seed 81, iteration 1850, time: 944.7696254253387
Starting label LEVI, seed 81, iteration 1860, time: 959.4146647453308
Starting label LEVI, seed 81, iteration 1870, time: 974.2120959758759
Starting label LEVI, seed 81, iteration 1880, time: 987.1604981422424
Starting label LEVI, seed 81, iteration 1890, time: 1002.3666024208069
Starting label LEVI, seed 81, iteration 1900, time: 1018.8929026126862
Starting label LEVI, seed 81, iteration 1910, time: 1032.3502349853516
Starting label LEVI, seed 81, iteration 1920, time: 1045.2770762443542
Starting label LEVI, seed 81, iteration 1930, time: 1058.4305927753448
Starting label LEVI, seed 81, iteration 1940, time: 1072.949243068695
Starting label LEVI, seed 81, iteration 1950, time: 1086.3209064006805
Starting label LEVI, seed 81, iteration 1960, time: 1102.2942390441895
Starting label LEVI, seed 81, iteration 1970, time: 1119.3378911018372
Starting label LEVI, seed 81, iteration 1980, time: 1135.9931581020355
Starting label LEVI, seed 81, iteration 1990, time: 1152.19415640831
submitit INFO (2022-10-02 02:42:55,208) - Job completed successfully
