submitit INFO (2022-10-02 00:56:55,962) - Starting with JobEnvironment(job_id=883377_1, hostname=rush-compute-01.tech.cornell.edu, local_rank=0(1), node=0(1), global_rank=0(1))
submitit INFO (2022-10-02 00:56:55,962) - Loading pickle: /home/gid-cakmaks/contextual_rs/experiments/wsc_experiments/logs/883377_1/883377_1_submitted.pkl
Starting label LEVI, seed 51, iteration 0, time: 0.0004584789276123047
Starting label LEVI, seed 51, iteration 10, time: 2.852210521697998
Starting label LEVI, seed 51, iteration 20, time: 5.649689197540283
Starting label LEVI, seed 51, iteration 30, time: 8.444787979125977
Starting label LEVI, seed 51, iteration 40, time: 11.295749187469482
Starting label LEVI, seed 51, iteration 50, time: 14.135779619216919
Starting label LEVI, seed 51, iteration 60, time: 17.019880294799805
Starting label LEVI, seed 51, iteration 70, time: 19.918233633041382
Starting label LEVI, seed 51, iteration 80, time: 22.789716720581055
Starting label LEVI, seed 51, iteration 90, time: 25.68214225769043
Starting label LEVI, seed 51, iteration 100, time: 28.538024425506592
Starting label LEVI, seed 51, iteration 110, time: 31.447776794433594
Starting label LEVI, seed 51, iteration 120, time: 34.35168528556824
Starting label LEVI, seed 51, iteration 130, time: 37.302716970443726
Starting label LEVI, seed 51, iteration 140, time: 40.292062520980835
Starting label LEVI, seed 51, iteration 150, time: 43.21869254112244
Starting label LEVI, seed 51, iteration 160, time: 46.112292528152466
Starting label LEVI, seed 51, iteration 170, time: 49.07414174079895
Starting label LEVI, seed 51, iteration 180, time: 52.0663378238678
Starting label LEVI, seed 51, iteration 190, time: 55.03124737739563
Starting label LEVI, seed 51, iteration 200, time: 57.975072383880615
Starting label LEVI, seed 51, iteration 210, time: 61.184043407440186
Starting label LEVI, seed 51, iteration 220, time: 64.51664543151855
Starting label LEVI, seed 51, iteration 230, time: 67.71958637237549
Starting label LEVI, seed 51, iteration 240, time: 70.92150139808655
Starting label LEVI, seed 51, iteration 250, time: 74.13865208625793
Starting label LEVI, seed 51, iteration 260, time: 77.3201732635498
Starting label LEVI, seed 51, iteration 270, time: 80.77554106712341
Starting label LEVI, seed 51, iteration 280, time: 84.14149641990662
Starting label LEVI, seed 51, iteration 290, time: 87.40389156341553
Starting label LEVI, seed 51, iteration 300, time: 90.5461916923523
Starting label LEVI, seed 51, iteration 310, time: 94.00732374191284
Starting label LEVI, seed 51, iteration 320, time: 97.23492646217346
Starting label LEVI, seed 51, iteration 330, time: 100.5456063747406
Starting label LEVI, seed 51, iteration 340, time: 103.72721147537231
Starting label LEVI, seed 51, iteration 350, time: 106.75528621673584
Starting label LEVI, seed 51, iteration 360, time: 110.11205220222473
Starting label LEVI, seed 51, iteration 370, time: 113.61957502365112
Starting label LEVI, seed 51, iteration 380, time: 116.94379568099976
Starting label LEVI, seed 51, iteration 390, time: 120.41591310501099
Starting label LEVI, seed 51, iteration 400, time: 123.75374150276184
Starting label LEVI, seed 51, iteration 410, time: 127.19177770614624
Starting label LEVI, seed 51, iteration 420, time: 130.68604826927185
Starting label LEVI, seed 51, iteration 430, time: 134.13842940330505
Starting label LEVI, seed 51, iteration 440, time: 137.71518349647522
Starting label LEVI, seed 51, iteration 450, time: 141.2514989376068
Starting label LEVI, seed 51, iteration 460, time: 144.6920187473297
Starting label LEVI, seed 51, iteration 470, time: 148.76160526275635
Starting label LEVI, seed 51, iteration 480, time: 152.79179644584656
Starting label LEVI, seed 51, iteration 490, time: 156.7192189693451
Starting label LEVI, seed 51, iteration 500, time: 160.46045231819153
Starting label LEVI, seed 51, iteration 510, time: 164.4397416114807
Starting label LEVI, seed 51, iteration 520, time: 168.33705520629883
Starting label LEVI, seed 51, iteration 530, time: 172.32345294952393
Starting label LEVI, seed 51, iteration 540, time: 176.35726833343506
Starting label LEVI, seed 51, iteration 550, time: 180.30848598480225
Starting label LEVI, seed 51, iteration 560, time: 184.4060080051422
Starting label LEVI, seed 51, iteration 570, time: 188.41196751594543
Starting label LEVI, seed 51, iteration 580, time: 192.47885870933533
Starting label LEVI, seed 51, iteration 590, time: 196.6388566493988
Starting label LEVI, seed 51, iteration 600, time: 200.6818926334381
Starting label LEVI, seed 51, iteration 610, time: 204.9048252105713
Starting label LEVI, seed 51, iteration 620, time: 209.15915489196777
Starting label LEVI, seed 51, iteration 630, time: 213.7032446861267
Starting label LEVI, seed 51, iteration 640, time: 218.19583940505981
Starting label LEVI, seed 51, iteration 650, time: 223.01081132888794
Starting label LEVI, seed 51, iteration 660, time: 227.50785875320435
Starting label LEVI, seed 51, iteration 670, time: 232.18858790397644
Starting label LEVI, seed 51, iteration 680, time: 236.85133600234985
Starting label LEVI, seed 51, iteration 690, time: 241.37602281570435
Starting label LEVI, seed 51, iteration 700, time: 246.0906834602356
Starting label LEVI, seed 51, iteration 710, time: 250.8878173828125
Starting label LEVI, seed 51, iteration 720, time: 255.66841220855713
Starting label LEVI, seed 51, iteration 730, time: 260.7881622314453
Starting label LEVI, seed 51, iteration 740, time: 265.73891162872314
Starting label LEVI, seed 51, iteration 750, time: 270.9176778793335
Starting label LEVI, seed 51, iteration 760, time: 276.00801157951355
Starting label LEVI, seed 51, iteration 770, time: 281.46727991104126
Starting label LEVI, seed 51, iteration 780, time: 287.1566355228424
Starting label LEVI, seed 51, iteration 790, time: 292.10253262519836
Starting label LEVI, seed 51, iteration 800, time: 297.77463459968567
Starting label LEVI, seed 51, iteration 810, time: 303.2409520149231
Starting label LEVI, seed 51, iteration 820, time: 308.8231887817383
Starting label LEVI, seed 51, iteration 830, time: 314.5956904888153
Starting label LEVI, seed 51, iteration 840, time: 319.70241260528564
Starting label LEVI, seed 51, iteration 850, time: 325.3037474155426
Starting label LEVI, seed 51, iteration 860, time: 331.4828362464905
Starting label LEVI, seed 51, iteration 870, time: 337.5931260585785
Starting label LEVI, seed 51, iteration 880, time: 343.2665364742279
Starting label LEVI, seed 51, iteration 890, time: 349.4522879123688
Starting label LEVI, seed 51, iteration 900, time: 356.39593505859375
Starting label LEVI, seed 51, iteration 910, time: 362.1448926925659
Starting label LEVI, seed 51, iteration 920, time: 368.574294090271
Starting label LEVI, seed 51, iteration 930, time: 374.79927611351013
Starting label LEVI, seed 51, iteration 940, time: 380.2148668766022
Starting label LEVI, seed 51, iteration 950, time: 385.992800951004
Starting label LEVI, seed 51, iteration 960, time: 392.06653213500977
Starting label LEVI, seed 51, iteration 970, time: 397.5996825695038
Starting label LEVI, seed 51, iteration 980, time: 403.76642537117004
Starting label LEVI, seed 51, iteration 990, time: 409.87477350234985
Starting label LEVI, seed 51, iteration 1000, time: 416.0947687625885
Starting label LEVI, seed 51, iteration 1010, time: 422.92112922668457
Starting label LEVI, seed 51, iteration 1020, time: 429.87075567245483
Starting label LEVI, seed 51, iteration 1030, time: 436.76841926574707
Starting label LEVI, seed 51, iteration 1040, time: 444.5328485965729
Starting label LEVI, seed 51, iteration 1050, time: 451.65049505233765
Starting label LEVI, seed 51, iteration 1060, time: 458.46403980255127
Starting label LEVI, seed 51, iteration 1070, time: 464.89149713516235
Starting label LEVI, seed 51, iteration 1080, time: 472.70708656311035
Starting label LEVI, seed 51, iteration 1090, time: 480.1496784687042
Starting label LEVI, seed 51, iteration 1100, time: 488.2211871147156
Starting label LEVI, seed 51, iteration 1110, time: 496.2448420524597
Starting label LEVI, seed 51, iteration 1120, time: 504.88566184043884
Starting label LEVI, seed 51, iteration 1130, time: 513.3127346038818
Starting label LEVI, seed 51, iteration 1140, time: 521.2641065120697
Starting label LEVI, seed 51, iteration 1150, time: 528.5105526447296
Starting label LEVI, seed 51, iteration 1160, time: 536.0066230297089
Starting label LEVI, seed 51, iteration 1170, time: 545.4016530513763
Starting label LEVI, seed 51, iteration 1180, time: 553.9671537876129
Starting label LEVI, seed 51, iteration 1190, time: 561.9073536396027
Starting label LEVI, seed 51, iteration 1200, time: 570.986673116684
Starting label LEVI, seed 51, iteration 1210, time: 580.5026290416718
Starting label LEVI, seed 51, iteration 1220, time: 588.7794423103333
Starting label LEVI, seed 51, iteration 1230, time: 596.8015532493591
Starting label LEVI, seed 51, iteration 1240, time: 605.1990613937378
Starting label LEVI, seed 51, iteration 1250, time: 615.3296678066254
Starting label LEVI, seed 51, iteration 1260, time: 623.7430458068848
Starting label LEVI, seed 51, iteration 1270, time: 634.0176913738251
Starting label LEVI, seed 51, iteration 1280, time: 643.7711567878723
Starting label LEVI, seed 51, iteration 1290, time: 652.7099599838257
Starting label LEVI, seed 51, iteration 1300, time: 664.3819732666016
Starting label LEVI, seed 51, iteration 1310, time: 673.909815788269
Starting label LEVI, seed 51, iteration 1320, time: 685.2816157341003
Starting label LEVI, seed 51, iteration 1330, time: 696.3780770301819
Starting label LEVI, seed 51, iteration 1340, time: 705.5675394535065
Starting label LEVI, seed 51, iteration 1350, time: 717.746856212616
Starting label LEVI, seed 51, iteration 1360, time: 727.927494764328
Starting label LEVI, seed 51, iteration 1370, time: 740.176971912384
Starting label LEVI, seed 51, iteration 1380, time: 752.9185991287231
Starting label LEVI, seed 51, iteration 1390, time: 763.6713991165161
Starting label LEVI, seed 51, iteration 1400, time: 775.9889311790466
Starting label LEVI, seed 51, iteration 1410, time: 789.0556530952454
Starting label LEVI, seed 51, iteration 1420, time: 801.9986956119537
Starting label LEVI, seed 51, iteration 1430, time: 814.8480486869812
Starting label LEVI, seed 51, iteration 1440, time: 828.3337979316711
Starting label LEVI, seed 51, iteration 1450, time: 842.1318416595459
Starting label LEVI, seed 51, iteration 1460, time: 854.8661079406738
Starting label LEVI, seed 51, iteration 1470, time: 866.3396079540253
Starting label LEVI, seed 51, iteration 1480, time: 877.7818839550018
Starting label LEVI, seed 51, iteration 1490, time: 891.8035187721252
Starting label LEVI, seed 51, iteration 1500, time: 904.1117980480194
Starting label LEVI, seed 51, iteration 1510, time: 919.1439247131348
Starting label LEVI, seed 51, iteration 1520, time: 933.9398446083069
Starting label LEVI, seed 51, iteration 1530, time: 949.652262210846
Starting label LEVI, seed 51, iteration 1540, time: 964.5973281860352
Starting label LEVI, seed 51, iteration 1550, time: 980.4195394515991
Starting label LEVI, seed 51, iteration 1560, time: 993.7510449886322
Starting label LEVI, seed 51, iteration 1570, time: 1009.01584815979
Starting label LEVI, seed 51, iteration 1580, time: 1022.1459679603577
Starting label LEVI, seed 51, iteration 1590, time: 1038.801480770111
Starting label LEVI, seed 51, iteration 1600, time: 1052.348875761032
Starting label LEVI, seed 51, iteration 1610, time: 1069.8777906894684
Starting label LEVI, seed 51, iteration 1620, time: 1083.743484735489
Starting label LEVI, seed 51, iteration 1630, time: 1098.081511259079
Starting label LEVI, seed 51, iteration 1640, time: 1115.39102435112
Starting label LEVI, seed 51, iteration 1650, time: 1129.5718085765839
Starting label LEVI, seed 51, iteration 1660, time: 1143.68860912323
Starting label LEVI, seed 51, iteration 1670, time: 1158.3202855587006
Starting label LEVI, seed 51, iteration 1680, time: 1173.3422214984894
Starting label LEVI, seed 51, iteration 1690, time: 1193.9961636066437
Starting label LEVI, seed 51, iteration 1700, time: 1211.2614641189575
Starting label LEVI, seed 51, iteration 1710, time: 1229.969500541687
Starting label LEVI, seed 51, iteration 1720, time: 1245.1627564430237
Starting label LEVI, seed 51, iteration 1730, time: 1262.399894475937
Starting label LEVI, seed 51, iteration 1740, time: 1284.44269490242
Starting label LEVI, seed 51, iteration 1750, time: 1306.6793129444122
Starting label LEVI, seed 51, iteration 1760, time: 1325.1220636367798
Starting label LEVI, seed 51, iteration 1770, time: 1347.1802201271057
Starting label LEVI, seed 51, iteration 1780, time: 1364.040328502655
Starting label LEVI, seed 51, iteration 1790, time: 1384.4283406734467
Starting label LEVI, seed 51, iteration 1800, time: 1403.010549545288
Starting label LEVI, seed 51, iteration 1810, time: 1426.8581199645996
Starting label LEVI, seed 51, iteration 1820, time: 1450.3121104240417
Starting label LEVI, seed 51, iteration 1830, time: 1474.2721366882324
Starting label LEVI, seed 51, iteration 1840, time: 1493.2870197296143
Starting label LEVI, seed 51, iteration 1850, time: 1514.16605758667
Starting label LEVI, seed 51, iteration 1860, time: 1537.5498268604279
submitit WARNING (2022-10-02 01:22:35,999) - Bypassing signal SIGTERM
submitit WARNING (2022-10-02 01:22:35,999) - Bypassing signal SIGCONT
Starting label LEVI, seed 51, iteration 1870, time: 1556.8862209320068
