submitit INFO (2022-10-02 01:13:34,680) - Starting with JobEnvironment(job_id=883387_5, hostname=davis-compute-01.cs.cornell.edu, local_rank=0(1), node=0(1), global_rank=0(1))
submitit INFO (2022-10-02 01:13:34,680) - Loading pickle: /home/gid-cakmaks/contextual_rs/experiments/wsc_experiments/logs/883387_5/883387_5_submitted.pkl
Starting label LEVI, seed 65, iteration 0, time: 0.006696939468383789
Starting label LEVI, seed 65, iteration 10, time: 2.226421356201172
Starting label LEVI, seed 65, iteration 20, time: 4.7098753452301025
Starting label LEVI, seed 65, iteration 30, time: 6.974285125732422
Starting label LEVI, seed 65, iteration 40, time: 9.370073795318604
Starting label LEVI, seed 65, iteration 50, time: 11.692231178283691
Starting label LEVI, seed 65, iteration 60, time: 14.205666303634644
Starting label LEVI, seed 65, iteration 70, time: 16.661710023880005
Starting label LEVI, seed 65, iteration 80, time: 19.085362672805786
Starting label LEVI, seed 65, iteration 90, time: 21.404280424118042
Starting label LEVI, seed 65, iteration 100, time: 23.750758171081543
Starting label LEVI, seed 65, iteration 110, time: 26.269848585128784
Starting label LEVI, seed 65, iteration 120, time: 28.685412168502808
Starting label LEVI, seed 65, iteration 130, time: 31.107414484024048
Starting label LEVI, seed 65, iteration 140, time: 33.89614272117615
Starting label LEVI, seed 65, iteration 150, time: 36.322739362716675
Starting label LEVI, seed 65, iteration 160, time: 38.97130846977234
Starting label LEVI, seed 65, iteration 170, time: 41.762600898742676
Starting label LEVI, seed 65, iteration 180, time: 44.42274522781372
Starting label LEVI, seed 65, iteration 190, time: 47.118760108947754
Starting label LEVI, seed 65, iteration 200, time: 49.79465389251709
Starting label LEVI, seed 65, iteration 210, time: 52.588444232940674
Starting label LEVI, seed 65, iteration 220, time: 55.45074462890625
Starting label LEVI, seed 65, iteration 230, time: 58.283031702041626
Starting label LEVI, seed 65, iteration 240, time: 60.845024824142456
Starting label LEVI, seed 65, iteration 250, time: 63.684853315353394
Starting label LEVI, seed 65, iteration 260, time: 66.42095708847046
Starting label LEVI, seed 65, iteration 270, time: 68.7760877609253
Starting label LEVI, seed 65, iteration 280, time: 71.57372903823853
Starting label LEVI, seed 65, iteration 290, time: 74.40927290916443
Starting label LEVI, seed 65, iteration 300, time: 76.90244960784912
Starting label LEVI, seed 65, iteration 310, time: 79.26085877418518
Starting label LEVI, seed 65, iteration 320, time: 81.36550092697144
Starting label LEVI, seed 65, iteration 330, time: 83.74770545959473
Starting label LEVI, seed 65, iteration 340, time: 86.30805802345276
Starting label LEVI, seed 65, iteration 350, time: 88.72406315803528
Starting label LEVI, seed 65, iteration 360, time: 90.66026496887207
Starting label LEVI, seed 65, iteration 370, time: 93.25041270256042
Starting label LEVI, seed 65, iteration 380, time: 95.64441728591919
Starting label LEVI, seed 65, iteration 390, time: 98.12168216705322
Starting label LEVI, seed 65, iteration 400, time: 100.25103425979614
Starting label LEVI, seed 65, iteration 410, time: 102.62363266944885
Starting label LEVI, seed 65, iteration 420, time: 104.74578666687012
Starting label LEVI, seed 65, iteration 430, time: 107.07723331451416
Starting label LEVI, seed 65, iteration 440, time: 109.23971962928772
Starting label LEVI, seed 65, iteration 450, time: 111.8537654876709
Starting label LEVI, seed 65, iteration 460, time: 114.7588574886322
Starting label LEVI, seed 65, iteration 470, time: 117.59119009971619
Starting label LEVI, seed 65, iteration 480, time: 119.85072827339172
Starting label LEVI, seed 65, iteration 490, time: 122.38597798347473
Starting label LEVI, seed 65, iteration 500, time: 125.01313638687134
Starting label LEVI, seed 65, iteration 510, time: 127.50281405448914
Starting label LEVI, seed 65, iteration 520, time: 129.95236587524414
Starting label LEVI, seed 65, iteration 530, time: 132.64416122436523
Starting label LEVI, seed 65, iteration 540, time: 135.62779259681702
Starting label LEVI, seed 65, iteration 550, time: 138.3800277709961
Starting label LEVI, seed 65, iteration 560, time: 140.68326210975647
Starting label LEVI, seed 65, iteration 570, time: 143.4269895553589
Starting label LEVI, seed 65, iteration 580, time: 146.26007723808289
Starting label LEVI, seed 65, iteration 590, time: 149.02871823310852
Starting label LEVI, seed 65, iteration 600, time: 151.69475078582764
Starting label LEVI, seed 65, iteration 610, time: 154.46523904800415
Starting label LEVI, seed 65, iteration 620, time: 157.5069386959076
Starting label LEVI, seed 65, iteration 630, time: 160.70672225952148
Starting label LEVI, seed 65, iteration 640, time: 163.46123147010803
Starting label LEVI, seed 65, iteration 650, time: 166.6857557296753
Starting label LEVI, seed 65, iteration 660, time: 169.83924865722656
Starting label LEVI, seed 65, iteration 670, time: 173.12893056869507
Starting label LEVI, seed 65, iteration 680, time: 176.31481337547302
Starting label LEVI, seed 65, iteration 690, time: 179.4551100730896
Starting label LEVI, seed 65, iteration 700, time: 182.56482124328613
Starting label LEVI, seed 65, iteration 710, time: 185.46079659461975
Starting label LEVI, seed 65, iteration 720, time: 188.60821437835693
Starting label LEVI, seed 65, iteration 730, time: 191.47147369384766
Starting label LEVI, seed 65, iteration 740, time: 194.5639009475708
Starting label LEVI, seed 65, iteration 750, time: 197.52414560317993
Starting label LEVI, seed 65, iteration 760, time: 201.29305028915405
Starting label LEVI, seed 65, iteration 770, time: 204.664142370224
Starting label LEVI, seed 65, iteration 780, time: 208.1311480998993
Starting label LEVI, seed 65, iteration 790, time: 211.12479496002197
Starting label LEVI, seed 65, iteration 800, time: 214.5309226512909
Starting label LEVI, seed 65, iteration 810, time: 217.8002519607544
Starting label LEVI, seed 65, iteration 820, time: 221.04934644699097
Starting label LEVI, seed 65, iteration 830, time: 223.69705963134766
Starting label LEVI, seed 65, iteration 840, time: 226.43633937835693
Starting label LEVI, seed 65, iteration 850, time: 229.8846893310547
Starting label LEVI, seed 65, iteration 860, time: 233.1615788936615
Starting label LEVI, seed 65, iteration 870, time: 236.37212920188904
Starting label LEVI, seed 65, iteration 880, time: 239.51813077926636
Starting label LEVI, seed 65, iteration 890, time: 242.6743927001953
Starting label LEVI, seed 65, iteration 900, time: 245.96363377571106
Starting label LEVI, seed 65, iteration 910, time: 249.55814719200134
Starting label LEVI, seed 65, iteration 920, time: 253.21426701545715
Starting label LEVI, seed 65, iteration 930, time: 256.92222261428833
Starting label LEVI, seed 65, iteration 940, time: 260.43461298942566
Starting label LEVI, seed 65, iteration 950, time: 263.8624687194824
Starting label LEVI, seed 65, iteration 960, time: 267.4199583530426
Starting label LEVI, seed 65, iteration 970, time: 271.05519676208496
Starting label LEVI, seed 65, iteration 980, time: 275.7011775970459
Starting label LEVI, seed 65, iteration 990, time: 279.8658125400543
Starting label LEVI, seed 65, iteration 1000, time: 283.6451368331909
Starting label LEVI, seed 65, iteration 1010, time: 287.48184466362
Starting label LEVI, seed 65, iteration 1020, time: 292.1787929534912
Starting label LEVI, seed 65, iteration 1030, time: 297.0452630519867
Starting label LEVI, seed 65, iteration 1040, time: 301.0688052177429
Starting label LEVI, seed 65, iteration 1050, time: 305.04220032691956
Starting label LEVI, seed 65, iteration 1060, time: 309.90385341644287
Starting label LEVI, seed 65, iteration 1070, time: 314.06127405166626
Starting label LEVI, seed 65, iteration 1080, time: 318.2660918235779
Starting label LEVI, seed 65, iteration 1090, time: 323.1704800128937
Starting label LEVI, seed 65, iteration 1100, time: 328.34471344947815
Starting label LEVI, seed 65, iteration 1110, time: 333.60763788223267
Starting label LEVI, seed 65, iteration 1120, time: 338.9874665737152
Starting label LEVI, seed 65, iteration 1130, time: 344.58614206314087
Starting label LEVI, seed 65, iteration 1140, time: 350.02990770339966
Starting label LEVI, seed 65, iteration 1150, time: 355.9113256931305
Starting label LEVI, seed 65, iteration 1160, time: 361.2570550441742
Starting label LEVI, seed 65, iteration 1170, time: 366.832444190979
Starting label LEVI, seed 65, iteration 1180, time: 371.7298331260681
Starting label LEVI, seed 65, iteration 1190, time: 376.48030495643616
Starting label LEVI, seed 65, iteration 1200, time: 381.66435265541077
Starting label LEVI, seed 65, iteration 1210, time: 386.76840353012085
Starting label LEVI, seed 65, iteration 1220, time: 393.03948187828064
Starting label LEVI, seed 65, iteration 1230, time: 398.1080250740051
Starting label LEVI, seed 65, iteration 1240, time: 403.59771943092346
Starting label LEVI, seed 65, iteration 1250, time: 409.2198667526245
Starting label LEVI, seed 65, iteration 1260, time: 414.921404838562
Starting label LEVI, seed 65, iteration 1270, time: 420.29432106018066
Starting label LEVI, seed 65, iteration 1280, time: 426.0467014312744
Starting label LEVI, seed 65, iteration 1290, time: 432.03190183639526
Starting label LEVI, seed 65, iteration 1300, time: 439.1508934497833
Starting label LEVI, seed 65, iteration 1310, time: 445.7431833744049
Starting label LEVI, seed 65, iteration 1320, time: 452.08181858062744
Starting label LEVI, seed 65, iteration 1330, time: 458.44049096107483
Starting label LEVI, seed 65, iteration 1340, time: 464.5526020526886
Starting label LEVI, seed 65, iteration 1350, time: 470.78718733787537
Starting label LEVI, seed 65, iteration 1360, time: 477.6536102294922
Starting label LEVI, seed 65, iteration 1370, time: 484.1045358181
Starting label LEVI, seed 65, iteration 1380, time: 493.2933859825134
Starting label LEVI, seed 65, iteration 1390, time: 502.00840425491333
Starting label LEVI, seed 65, iteration 1400, time: 509.4544954299927
Starting label LEVI, seed 65, iteration 1410, time: 518.0390717983246
Starting label LEVI, seed 65, iteration 1420, time: 527.4844839572906
Starting label LEVI, seed 65, iteration 1430, time: 534.9259467124939
submitit WARNING (2022-10-02 01:22:36,015) - Bypassing signal SIGCONT
submitit WARNING (2022-10-02 01:22:36,067) - Bypassing signal SIGTERM
Starting label LEVI, seed 65, iteration 1440, time: 544.636910200119
Starting label LEVI, seed 65, iteration 1450, time: 552.1196501255035
Starting label LEVI, seed 65, iteration 1460, time: 562.3812913894653
