submitit INFO (2022-10-02 02:24:34,982) - Starting with JobEnvironment(job_id=883680_3, hostname=joachims-compute-02.cs.cornell.edu, local_rank=0(1), node=0(1), global_rank=0(1))
submitit INFO (2022-10-02 02:24:34,982) - Loading pickle: /home/gid-cakmaks/contextual_rs/experiments/wsc_experiments/logs/883680_3/883680_3_submitted.pkl
Appending iterations to existing output!Warning: If parameters other than `iterations` have been changed, this will corrupt the output!
Starting label LEVI, seed 17, iteration 1770, time: 1573.399970293045
Starting label LEVI, seed 17, iteration 1780, time: 1591.721046447754
Starting label LEVI, seed 17, iteration 1790, time: 1606.7553312778473
Starting label LEVI, seed 17, iteration 1800, time: 1621.5852644443512
Starting label LEVI, seed 17, iteration 1810, time: 1637.1693396568298
Starting label LEVI, seed 17, iteration 1820, time: 1650.8806965351105
Starting label LEVI, seed 17, iteration 1830, time: 1668.8024191856384
Starting label LEVI, seed 17, iteration 1840, time: 1685.3090286254883
Starting label LEVI, seed 17, iteration 1850, time: 1702.7764701843262
Starting label LEVI, seed 17, iteration 1860, time: 1722.581954717636
Starting label LEVI, seed 17, iteration 1870, time: 1738.688208580017
Starting label LEVI, seed 17, iteration 1880, time: 1755.0245940685272
Starting label LEVI, seed 17, iteration 1890, time: 1772.551663160324
Starting label LEVI, seed 17, iteration 1900, time: 1790.0090353488922
Starting label LEVI, seed 17, iteration 1910, time: 1808.4010426998138
Starting label LEVI, seed 17, iteration 1920, time: 1831.567631483078
Starting label LEVI, seed 17, iteration 1930, time: 1848.606610774994
Starting label LEVI, seed 17, iteration 1940, time: 1869.4797050952911
Starting label LEVI, seed 17, iteration 1950, time: 1890.4902758598328
Starting label LEVI, seed 17, iteration 1960, time: 1907.125373840332
Starting label LEVI, seed 17, iteration 1970, time: 1926.5624370574951
Starting label LEVI, seed 17, iteration 1980, time: 1945.5041177272797
Starting label LEVI, seed 17, iteration 1990, time: 1962.3782906532288
submitit INFO (2022-10-02 02:31:24,740) - Job completed successfully
