submitit INFO (2022-10-02 00:50:04,394) - Starting with JobEnvironment(job_id=883292_9, hostname=nikola-compute-04.cs.cornell.edu, local_rank=0(1), node=0(1), global_rank=0(1))
submitit INFO (2022-10-02 00:50:04,395) - Loading pickle: /home/gid-cakmaks/contextual_rs/experiments/wsc_experiments/logs/883292_9/883292_9_submitted.pkl
Starting label LEVI, seed 69, iteration 0, time: 0.0005426406860351562
Starting label LEVI, seed 69, iteration 10, time: 2.7412984371185303
Starting label LEVI, seed 69, iteration 20, time: 5.399434804916382
Starting label LEVI, seed 69, iteration 30, time: 8.015011310577393
Starting label LEVI, seed 69, iteration 40, time: 10.64114499092102
Starting label LEVI, seed 69, iteration 50, time: 13.270143270492554
Starting label LEVI, seed 69, iteration 60, time: 16.008126735687256
Starting label LEVI, seed 69, iteration 70, time: 19.216224670410156
Starting label LEVI, seed 69, iteration 80, time: 22.48466444015503
Starting label LEVI, seed 69, iteration 90, time: 25.373081922531128
Starting label LEVI, seed 69, iteration 100, time: 28.18140983581543
Starting label LEVI, seed 69, iteration 110, time: 30.97539186477661
Starting label LEVI, seed 69, iteration 120, time: 33.81058645248413
Starting label LEVI, seed 69, iteration 130, time: 36.57095432281494
Starting label LEVI, seed 69, iteration 140, time: 39.38542652130127
Starting label LEVI, seed 69, iteration 150, time: 42.11883997917175
Starting label LEVI, seed 69, iteration 160, time: 44.915483713150024
Starting label LEVI, seed 69, iteration 170, time: 47.699105978012085
Starting label LEVI, seed 69, iteration 180, time: 50.5091335773468
Starting label LEVI, seed 69, iteration 190, time: 53.28425097465515
Starting label LEVI, seed 69, iteration 200, time: 55.9733521938324
Starting label LEVI, seed 69, iteration 210, time: 58.76081919670105
Starting label LEVI, seed 69, iteration 220, time: 61.696136713027954
Starting label LEVI, seed 69, iteration 230, time: 64.57500672340393
Starting label LEVI, seed 69, iteration 240, time: 67.38570642471313
Starting label LEVI, seed 69, iteration 250, time: 70.22588753700256
Starting label LEVI, seed 69, iteration 260, time: 73.06467723846436
Starting label LEVI, seed 69, iteration 270, time: 75.90762591362
Starting label LEVI, seed 69, iteration 280, time: 78.79335689544678
Starting label LEVI, seed 69, iteration 290, time: 81.69053745269775
Starting label LEVI, seed 69, iteration 300, time: 84.61191821098328
Starting label LEVI, seed 69, iteration 310, time: 87.55650687217712
Starting label LEVI, seed 69, iteration 320, time: 90.55541038513184
Starting label LEVI, seed 69, iteration 330, time: 93.60142874717712
Starting label LEVI, seed 69, iteration 340, time: 97.00563597679138
Starting label LEVI, seed 69, iteration 350, time: 100.50689196586609
Starting label LEVI, seed 69, iteration 360, time: 104.14810633659363
Starting label LEVI, seed 69, iteration 370, time: 107.76722693443298
Starting label LEVI, seed 69, iteration 380, time: 111.55112934112549
Starting label LEVI, seed 69, iteration 390, time: 115.34859585762024
Starting label LEVI, seed 69, iteration 400, time: 119.00884175300598
Starting label LEVI, seed 69, iteration 410, time: 122.64966034889221
Starting label LEVI, seed 69, iteration 420, time: 126.3893883228302
Starting label LEVI, seed 69, iteration 430, time: 130.13860058784485
Starting label LEVI, seed 69, iteration 440, time: 133.94735145568848
Starting label LEVI, seed 69, iteration 450, time: 137.8988037109375
Starting label LEVI, seed 69, iteration 460, time: 142.03405022621155
Starting label LEVI, seed 69, iteration 470, time: 146.17554593086243
Starting label LEVI, seed 69, iteration 480, time: 150.1229865550995
Starting label LEVI, seed 69, iteration 490, time: 154.18715357780457
Starting label LEVI, seed 69, iteration 500, time: 158.26952147483826
Starting label LEVI, seed 69, iteration 510, time: 162.53050565719604
Starting label LEVI, seed 69, iteration 520, time: 166.52327275276184
Starting label LEVI, seed 69, iteration 530, time: 171.02749514579773
Starting label LEVI, seed 69, iteration 540, time: 175.2417004108429
Starting label LEVI, seed 69, iteration 550, time: 179.67448091506958
Starting label LEVI, seed 69, iteration 560, time: 184.06793642044067
Starting label LEVI, seed 69, iteration 570, time: 188.18457221984863
Starting label LEVI, seed 69, iteration 580, time: 192.83828854560852
Starting label LEVI, seed 69, iteration 590, time: 197.3845283985138
Starting label LEVI, seed 69, iteration 600, time: 202.0103096961975
Starting label LEVI, seed 69, iteration 610, time: 206.70682215690613
Starting label LEVI, seed 69, iteration 620, time: 211.15474843978882
Starting label LEVI, seed 69, iteration 630, time: 215.85571837425232
Starting label LEVI, seed 69, iteration 640, time: 221.02782440185547
Starting label LEVI, seed 69, iteration 650, time: 225.91218400001526
Starting label LEVI, seed 69, iteration 660, time: 230.87447571754456
Starting label LEVI, seed 69, iteration 670, time: 235.8668496608734
Starting label LEVI, seed 69, iteration 680, time: 240.86704921722412
Starting label LEVI, seed 69, iteration 690, time: 245.81387329101562
Starting label LEVI, seed 69, iteration 700, time: 250.77907299995422
Starting label LEVI, seed 69, iteration 710, time: 255.80917954444885
Starting label LEVI, seed 69, iteration 720, time: 260.9543077945709
Starting label LEVI, seed 69, iteration 730, time: 265.97335410118103
Starting label LEVI, seed 69, iteration 740, time: 270.6919524669647
Starting label LEVI, seed 69, iteration 750, time: 276.0166771411896
Starting label LEVI, seed 69, iteration 760, time: 280.9740445613861
Starting label LEVI, seed 69, iteration 770, time: 286.16626048088074
Starting label LEVI, seed 69, iteration 780, time: 291.2352821826935
Starting label LEVI, seed 69, iteration 790, time: 296.33288955688477
Starting label LEVI, seed 69, iteration 800, time: 301.7305705547333
Starting label LEVI, seed 69, iteration 810, time: 306.65643334388733
Starting label LEVI, seed 69, iteration 820, time: 311.6982522010803
Starting label LEVI, seed 69, iteration 830, time: 316.9655613899231
Starting label LEVI, seed 69, iteration 840, time: 322.6698315143585
Starting label LEVI, seed 69, iteration 850, time: 327.7979085445404
Starting label LEVI, seed 69, iteration 860, time: 333.63215041160583
Starting label LEVI, seed 69, iteration 870, time: 339.62438917160034
submitit WARNING (2022-10-02 00:55:52,029) - Bypassing signal SIGCONT
submitit WARNING (2022-10-02 00:55:52,034) - Bypassing signal SIGTERM
Starting label LEVI, seed 69, iteration 880, time: 345.40181040763855
Starting label LEVI, seed 69, iteration 890, time: 350.80238342285156
Starting label LEVI, seed 69, iteration 900, time: 356.35060691833496
Starting label LEVI, seed 69, iteration 910, time: 362.06455636024475
Starting label LEVI, seed 69, iteration 920, time: 368.01996970176697
Starting label LEVI, seed 69, iteration 930, time: 373.9187982082367
