submitit INFO (2022-10-02 00:29:32,814) - Starting with JobEnvironment(job_id=883242_0, hostname=nikola-compute-02.cs.cornell.edu, local_rank=0(1), node=0(1), global_rank=0(1))
submitit INFO (2022-10-02 00:29:32,814) - Loading pickle: /home/gid-cakmaks/contextual_rs/experiments/wsc_experiments/logs/883242_0/883242_0_submitted.pkl
Starting label LEVI, seed 10, iteration 0, time: 0.0076389312744140625
Starting label LEVI, seed 10, iteration 10, time: 5.726651906967163
Starting label LEVI, seed 10, iteration 20, time: 8.442771434783936
Starting label LEVI, seed 10, iteration 30, time: 11.225931882858276
Starting label LEVI, seed 10, iteration 40, time: 14.001111268997192
Starting label LEVI, seed 10, iteration 50, time: 16.758387327194214
Starting label LEVI, seed 10, iteration 60, time: 20.77000856399536
Starting label LEVI, seed 10, iteration 70, time: 24.11108660697937
Starting label LEVI, seed 10, iteration 80, time: 27.58921718597412
Starting label LEVI, seed 10, iteration 90, time: 31.550987482070923
Starting label LEVI, seed 10, iteration 100, time: 35.214287996292114
Starting label LEVI, seed 10, iteration 110, time: 38.3740439414978
Starting label LEVI, seed 10, iteration 120, time: 41.80444598197937
Starting label LEVI, seed 10, iteration 130, time: 44.641623735427856
Starting label LEVI, seed 10, iteration 140, time: 47.55588245391846
Starting label LEVI, seed 10, iteration 150, time: 50.349443674087524
Starting label LEVI, seed 10, iteration 160, time: 53.22531509399414
Starting label LEVI, seed 10, iteration 170, time: 56.01916480064392
Starting label LEVI, seed 10, iteration 180, time: 59.56276273727417
Starting label LEVI, seed 10, iteration 190, time: 63.64466381072998
Starting label LEVI, seed 10, iteration 200, time: 67.6620683670044
Starting label LEVI, seed 10, iteration 210, time: 71.33464050292969
Starting label LEVI, seed 10, iteration 220, time: 75.60319709777832
Starting label LEVI, seed 10, iteration 230, time: 79.54050588607788
Starting label LEVI, seed 10, iteration 240, time: 82.71550130844116
Starting label LEVI, seed 10, iteration 250, time: 86.21718001365662
Starting label LEVI, seed 10, iteration 260, time: 89.39309120178223
Starting label LEVI, seed 10, iteration 270, time: 92.82324361801147
Starting label LEVI, seed 10, iteration 280, time: 96.12943863868713
Starting label LEVI, seed 10, iteration 290, time: 99.12570023536682
Starting label LEVI, seed 10, iteration 300, time: 102.38744640350342
Starting label LEVI, seed 10, iteration 310, time: 105.41390299797058
Starting label LEVI, seed 10, iteration 320, time: 108.49423265457153
Starting label LEVI, seed 10, iteration 330, time: 111.46626210212708
Starting label LEVI, seed 10, iteration 340, time: 114.42642831802368
Starting label LEVI, seed 10, iteration 350, time: 117.46481895446777
Starting label LEVI, seed 10, iteration 360, time: 120.5573902130127
Starting label LEVI, seed 10, iteration 370, time: 123.88378977775574
Starting label LEVI, seed 10, iteration 380, time: 127.24882364273071
Starting label LEVI, seed 10, iteration 390, time: 130.69410061836243
Starting label LEVI, seed 10, iteration 400, time: 134.16731142997742
Starting label LEVI, seed 10, iteration 410, time: 137.8078293800354
Starting label LEVI, seed 10, iteration 420, time: 141.5778934955597
Starting label LEVI, seed 10, iteration 430, time: 145.44626998901367
Starting label LEVI, seed 10, iteration 440, time: 149.26769542694092
Starting label LEVI, seed 10, iteration 450, time: 153.25866889953613
Starting label LEVI, seed 10, iteration 460, time: 157.04138231277466
Starting label LEVI, seed 10, iteration 470, time: 160.93980431556702
Starting label LEVI, seed 10, iteration 480, time: 164.68101716041565
Starting label LEVI, seed 10, iteration 490, time: 168.21824145317078
Starting label LEVI, seed 10, iteration 500, time: 171.99702906608582
Starting label LEVI, seed 10, iteration 510, time: 175.760901927948
Starting label LEVI, seed 10, iteration 520, time: 179.68868327140808
Starting label LEVI, seed 10, iteration 530, time: 183.5201907157898
Starting label LEVI, seed 10, iteration 540, time: 187.32803010940552
Starting label LEVI, seed 10, iteration 550, time: 191.41009998321533
Starting label LEVI, seed 10, iteration 560, time: 195.55370354652405
Starting label LEVI, seed 10, iteration 570, time: 199.59356045722961
Starting label LEVI, seed 10, iteration 580, time: 203.79574298858643
Starting label LEVI, seed 10, iteration 590, time: 207.98962116241455
Starting label LEVI, seed 10, iteration 600, time: 212.18928980827332
Starting label LEVI, seed 10, iteration 610, time: 216.78307366371155
Starting label LEVI, seed 10, iteration 620, time: 221.14945435523987
Starting label LEVI, seed 10, iteration 630, time: 225.65649962425232
Starting label LEVI, seed 10, iteration 640, time: 230.74637508392334
Starting label LEVI, seed 10, iteration 650, time: 235.8813500404358
Starting label LEVI, seed 10, iteration 660, time: 240.87904834747314
Starting label LEVI, seed 10, iteration 670, time: 245.82810044288635
Starting label LEVI, seed 10, iteration 680, time: 250.94152188301086
Starting label LEVI, seed 10, iteration 690, time: 256.26584243774414
Starting label LEVI, seed 10, iteration 700, time: 261.41912603378296
Starting label LEVI, seed 10, iteration 710, time: 266.4962673187256
Starting label LEVI, seed 10, iteration 720, time: 271.4889135360718
Starting label LEVI, seed 10, iteration 730, time: 276.47027587890625
Starting label LEVI, seed 10, iteration 740, time: 281.4653789997101
Starting label LEVI, seed 10, iteration 750, time: 286.7411398887634
Starting label LEVI, seed 10, iteration 760, time: 291.45895552635193
Starting label LEVI, seed 10, iteration 770, time: 295.8586621284485
Starting label LEVI, seed 10, iteration 780, time: 300.518443107605
Starting label LEVI, seed 10, iteration 790, time: 305.2639832496643
Starting label LEVI, seed 10, iteration 800, time: 310.256963968277
Starting label LEVI, seed 10, iteration 810, time: 315.1156303882599
Starting label LEVI, seed 10, iteration 820, time: 320.07114005088806
Starting label LEVI, seed 10, iteration 830, time: 325.0000832080841
Starting label LEVI, seed 10, iteration 840, time: 329.9275748729706
Starting label LEVI, seed 10, iteration 850, time: 335.10826349258423
Starting label LEVI, seed 10, iteration 860, time: 340.1842107772827
Starting label LEVI, seed 10, iteration 870, time: 345.38085293769836
Starting label LEVI, seed 10, iteration 880, time: 350.7047789096832
Starting label LEVI, seed 10, iteration 890, time: 356.0562512874603
Starting label LEVI, seed 10, iteration 900, time: 361.87215995788574
Starting label LEVI, seed 10, iteration 910, time: 367.0915424823761
Starting label LEVI, seed 10, iteration 920, time: 372.6606750488281
Starting label LEVI, seed 10, iteration 930, time: 377.57212114334106
Starting label LEVI, seed 10, iteration 940, time: 382.3241813182831
Starting label LEVI, seed 10, iteration 950, time: 387.0126028060913
Starting label LEVI, seed 10, iteration 960, time: 392.4186544418335
Starting label LEVI, seed 10, iteration 970, time: 397.6457302570343
Starting label LEVI, seed 10, iteration 980, time: 403.05860710144043
Starting label LEVI, seed 10, iteration 990, time: 408.3977003097534
Starting label LEVI, seed 10, iteration 1000, time: 413.95838689804077
Starting label LEVI, seed 10, iteration 1010, time: 418.955384016037
Starting label LEVI, seed 10, iteration 1020, time: 424.71178007125854
Starting label LEVI, seed 10, iteration 1030, time: 431.1062753200531
Starting label LEVI, seed 10, iteration 1040, time: 437.2697899341583
Starting label LEVI, seed 10, iteration 1050, time: 443.4325017929077
Starting label LEVI, seed 10, iteration 1060, time: 449.8429253101349
Starting label LEVI, seed 10, iteration 1070, time: 456.35863876342773
Starting label LEVI, seed 10, iteration 1080, time: 462.5553250312805
Starting label LEVI, seed 10, iteration 1090, time: 469.2113881111145
Starting label LEVI, seed 10, iteration 1100, time: 476.1837296485901
Starting label LEVI, seed 10, iteration 1110, time: 483.0962598323822
Starting label LEVI, seed 10, iteration 1120, time: 490.1746256351471
Starting label LEVI, seed 10, iteration 1130, time: 496.6528947353363
Starting label LEVI, seed 10, iteration 1140, time: 503.9734904766083
Starting label LEVI, seed 10, iteration 1150, time: 511.51604199409485
Starting label LEVI, seed 10, iteration 1160, time: 517.7394433021545
Starting label LEVI, seed 10, iteration 1170, time: 525.3280308246613
Starting label LEVI, seed 10, iteration 1180, time: 532.0741822719574
Starting label LEVI, seed 10, iteration 1190, time: 540.0713562965393
Starting label LEVI, seed 10, iteration 1200, time: 548.4110889434814
Starting label LEVI, seed 10, iteration 1210, time: 555.7896032333374
Starting label LEVI, seed 10, iteration 1220, time: 564.6212270259857
Starting label LEVI, seed 10, iteration 1230, time: 572.1341650485992
Starting label LEVI, seed 10, iteration 1240, time: 581.440370798111
Starting label LEVI, seed 10, iteration 1250, time: 589.2915441989899
Starting label LEVI, seed 10, iteration 1260, time: 597.6069416999817
Starting label LEVI, seed 10, iteration 1270, time: 606.0272707939148
Starting label LEVI, seed 10, iteration 1280, time: 616.6700603961945
Starting label LEVI, seed 10, iteration 1290, time: 626.0718743801117
Starting label LEVI, seed 10, iteration 1300, time: 635.0946040153503
Starting label LEVI, seed 10, iteration 1310, time: 645.5373601913452
Starting label LEVI, seed 10, iteration 1320, time: 656.0261895656586
Starting label LEVI, seed 10, iteration 1330, time: 666.512011051178
Starting label LEVI, seed 10, iteration 1340, time: 676.9395983219147
Starting label LEVI, seed 10, iteration 1350, time: 685.2924525737762
Starting label LEVI, seed 10, iteration 1360, time: 696.304113149643
Starting label LEVI, seed 10, iteration 1370, time: 705.7931082248688
Starting label LEVI, seed 10, iteration 1380, time: 716.9187619686127
Starting label LEVI, seed 10, iteration 1390, time: 727.1794538497925
Starting label LEVI, seed 10, iteration 1400, time: 737.7473454475403
Starting label LEVI, seed 10, iteration 1410, time: 748.5055470466614
Starting label LEVI, seed 10, iteration 1420, time: 761.1384017467499
Starting label LEVI, seed 10, iteration 1430, time: 774.068788766861
Starting label LEVI, seed 10, iteration 1440, time: 786.6866366863251
Starting label LEVI, seed 10, iteration 1450, time: 798.8011064529419
Starting label LEVI, seed 10, iteration 1460, time: 812.1002616882324
Starting label LEVI, seed 10, iteration 1470, time: 824.8386085033417
Starting label LEVI, seed 10, iteration 1480, time: 836.6214365959167
Starting label LEVI, seed 10, iteration 1490, time: 851.1307485103607
Starting label LEVI, seed 10, iteration 1500, time: 867.019561290741
Starting label LEVI, seed 10, iteration 1510, time: 882.8110184669495
Starting label LEVI, seed 10, iteration 1520, time: 897.1541423797607
Starting label LEVI, seed 10, iteration 1530, time: 912.6728973388672
Starting label LEVI, seed 10, iteration 1540, time: 926.0485491752625
Starting label LEVI, seed 10, iteration 1550, time: 941.461902141571
Starting label LEVI, seed 10, iteration 1560, time: 957.1963701248169
Starting label LEVI, seed 10, iteration 1570, time: 970.0409824848175
Starting label LEVI, seed 10, iteration 1580, time: 986.645503282547
Starting label LEVI, seed 10, iteration 1590, time: 1001.4550251960754
Starting label LEVI, seed 10, iteration 1600, time: 1018.1669754981995
Starting label LEVI, seed 10, iteration 1610, time: 1033.5569233894348
Starting label LEVI, seed 10, iteration 1620, time: 1049.3813695907593
Starting label LEVI, seed 10, iteration 1630, time: 1066.3854908943176
Starting label LEVI, seed 10, iteration 1640, time: 1080.6920762062073
Starting label LEVI, seed 10, iteration 1650, time: 1094.7492854595184
Starting label LEVI, seed 10, iteration 1660, time: 1108.307314157486
Starting label LEVI, seed 10, iteration 1670, time: 1122.7285072803497
Starting label LEVI, seed 10, iteration 1680, time: 1140.4978737831116
Starting label LEVI, seed 10, iteration 1690, time: 1155.9584629535675
Starting label LEVI, seed 10, iteration 1700, time: 1171.5117752552032
Starting label LEVI, seed 10, iteration 1710, time: 1187.3479418754578
Starting label LEVI, seed 10, iteration 1720, time: 1206.9583303928375
Starting label LEVI, seed 10, iteration 1730, time: 1226.9428391456604
Starting label LEVI, seed 10, iteration 1740, time: 1246.0948321819305
Starting label LEVI, seed 10, iteration 1750, time: 1262.18066573143
Starting label LEVI, seed 10, iteration 1760, time: 1277.2221670150757
Starting label LEVI, seed 10, iteration 1770, time: 1292.688747882843
Starting label LEVI, seed 10, iteration 1780, time: 1310.500518321991
Starting label LEVI, seed 10, iteration 1790, time: 1330.4386177062988
Starting label LEVI, seed 10, iteration 1800, time: 1350.130311012268
Starting label LEVI, seed 10, iteration 1810, time: 1368.3995893001556
Starting label LEVI, seed 10, iteration 1820, time: 1389.7170464992523
Starting label LEVI, seed 10, iteration 1830, time: 1411.063990354538
Starting label LEVI, seed 10, iteration 1840, time: 1433.891483783722
Starting label LEVI, seed 10, iteration 1850, time: 1454.525339126587
Starting label LEVI, seed 10, iteration 1860, time: 1475.9560377597809
Starting label LEVI, seed 10, iteration 1870, time: 1496.084492444992
Starting label LEVI, seed 10, iteration 1880, time: 1514.487240076065
Starting label LEVI, seed 10, iteration 1890, time: 1536.4934260845184
Starting label LEVI, seed 10, iteration 1900, time: 1555.8159086704254
Starting label LEVI, seed 10, iteration 1910, time: 1574.533343076706
submitit WARNING (2022-10-02 00:55:52,065) - Bypassing signal SIGCONT
submitit WARNING (2022-10-02 00:55:52,095) - Bypassing signal SIGTERM
Starting label LEVI, seed 10, iteration 1920, time: 1595.2524065971375
