submitit INFO (2022-10-02 00:30:02,683) - Starting with JobEnvironment(job_id=883272_5, hostname=scaglione-compute-01.tech.cornell.edu, local_rank=0(1), node=0(1), global_rank=0(1))
submitit INFO (2022-10-02 00:30:02,684) - Loading pickle: /home/gid-cakmaks/contextual_rs/experiments/wsc_experiments/logs/883272_5/883272_5_submitted.pkl
Starting label LEVI, seed 45, iteration 0, time: 0.0005445480346679688
Starting label LEVI, seed 45, iteration 10, time: 2.9841411113739014
Starting label LEVI, seed 45, iteration 20, time: 5.828094482421875
Starting label LEVI, seed 45, iteration 30, time: 8.71232271194458
Starting label LEVI, seed 45, iteration 40, time: 11.61491584777832
Starting label LEVI, seed 45, iteration 50, time: 14.484124660491943
Starting label LEVI, seed 45, iteration 60, time: 17.49942135810852
Starting label LEVI, seed 45, iteration 70, time: 20.454692840576172
Starting label LEVI, seed 45, iteration 80, time: 23.376190662384033
Starting label LEVI, seed 45, iteration 90, time: 26.34154772758484
Starting label LEVI, seed 45, iteration 100, time: 29.223058700561523
Starting label LEVI, seed 45, iteration 110, time: 32.17758345603943
Starting label LEVI, seed 45, iteration 120, time: 35.15013265609741
Starting label LEVI, seed 45, iteration 130, time: 38.14788579940796
Starting label LEVI, seed 45, iteration 140, time: 41.23779916763306
Starting label LEVI, seed 45, iteration 150, time: 44.18305993080139
Starting label LEVI, seed 45, iteration 160, time: 47.338722229003906
Starting label LEVI, seed 45, iteration 170, time: 50.6309494972229
Starting label LEVI, seed 45, iteration 180, time: 53.86123824119568
Starting label LEVI, seed 45, iteration 190, time: 57.252859115600586
Starting label LEVI, seed 45, iteration 200, time: 60.62881350517273
Starting label LEVI, seed 45, iteration 210, time: 64.06737542152405
Starting label LEVI, seed 45, iteration 220, time: 67.6291253566742
Starting label LEVI, seed 45, iteration 230, time: 70.97820806503296
Starting label LEVI, seed 45, iteration 240, time: 74.35094714164734
Starting label LEVI, seed 45, iteration 250, time: 77.80516839027405
Starting label LEVI, seed 45, iteration 260, time: 81.02568936347961
Starting label LEVI, seed 45, iteration 270, time: 84.18232917785645
Starting label LEVI, seed 45, iteration 280, time: 87.17409610748291
Starting label LEVI, seed 45, iteration 290, time: 90.30021524429321
Starting label LEVI, seed 45, iteration 300, time: 93.4456672668457
Starting label LEVI, seed 45, iteration 310, time: 96.75618934631348
Starting label LEVI, seed 45, iteration 320, time: 99.9310531616211
Starting label LEVI, seed 45, iteration 330, time: 103.25372982025146
Starting label LEVI, seed 45, iteration 340, time: 106.46177649497986
Starting label LEVI, seed 45, iteration 350, time: 109.78239440917969
Starting label LEVI, seed 45, iteration 360, time: 113.07941198348999
Starting label LEVI, seed 45, iteration 370, time: 116.45136070251465
Starting label LEVI, seed 45, iteration 380, time: 119.80405163764954
Starting label LEVI, seed 45, iteration 390, time: 123.22639012336731
Starting label LEVI, seed 45, iteration 400, time: 126.63630199432373
Starting label LEVI, seed 45, iteration 410, time: 130.05616664886475
Starting label LEVI, seed 45, iteration 420, time: 133.61120676994324
Starting label LEVI, seed 45, iteration 430, time: 137.02776956558228
Starting label LEVI, seed 45, iteration 440, time: 140.8102650642395
Starting label LEVI, seed 45, iteration 450, time: 144.35149908065796
Starting label LEVI, seed 45, iteration 460, time: 148.08828854560852
Starting label LEVI, seed 45, iteration 470, time: 151.98292326927185
Starting label LEVI, seed 45, iteration 480, time: 155.93701314926147
Starting label LEVI, seed 45, iteration 490, time: 159.72995686531067
Starting label LEVI, seed 45, iteration 500, time: 163.56374382972717
Starting label LEVI, seed 45, iteration 510, time: 167.30424213409424
Starting label LEVI, seed 45, iteration 520, time: 171.1365466117859
Starting label LEVI, seed 45, iteration 530, time: 174.8188180923462
Starting label LEVI, seed 45, iteration 540, time: 179.00670719146729
Starting label LEVI, seed 45, iteration 550, time: 183.3704686164856
Starting label LEVI, seed 45, iteration 560, time: 187.61268210411072
Starting label LEVI, seed 45, iteration 570, time: 191.87954187393188
Starting label LEVI, seed 45, iteration 580, time: 196.1034598350525
Starting label LEVI, seed 45, iteration 590, time: 200.40508222579956
Starting label LEVI, seed 45, iteration 600, time: 204.74769186973572
Starting label LEVI, seed 45, iteration 610, time: 209.3983736038208
Starting label LEVI, seed 45, iteration 620, time: 213.7763113975525
Starting label LEVI, seed 45, iteration 630, time: 218.05471682548523
Starting label LEVI, seed 45, iteration 640, time: 222.49400329589844
Starting label LEVI, seed 45, iteration 650, time: 227.4464898109436
Starting label LEVI, seed 45, iteration 660, time: 232.46084308624268
Starting label LEVI, seed 45, iteration 670, time: 237.22312092781067
Starting label LEVI, seed 45, iteration 680, time: 241.48651576042175
Starting label LEVI, seed 45, iteration 690, time: 246.78850173950195
Starting label LEVI, seed 45, iteration 700, time: 251.94083952903748
Starting label LEVI, seed 45, iteration 710, time: 257.21436405181885
Starting label LEVI, seed 45, iteration 720, time: 262.09948229789734
Starting label LEVI, seed 45, iteration 730, time: 267.9174692630768
Starting label LEVI, seed 45, iteration 740, time: 273.64393043518066
Starting label LEVI, seed 45, iteration 750, time: 279.5024800300598
Starting label LEVI, seed 45, iteration 760, time: 284.6199986934662
Starting label LEVI, seed 45, iteration 770, time: 290.76266050338745
Starting label LEVI, seed 45, iteration 780, time: 296.0269765853882
Starting label LEVI, seed 45, iteration 790, time: 302.285528421402
Starting label LEVI, seed 45, iteration 800, time: 308.39118099212646
Starting label LEVI, seed 45, iteration 810, time: 313.95977330207825
Starting label LEVI, seed 45, iteration 820, time: 320.704363822937
Starting label LEVI, seed 45, iteration 830, time: 325.74157309532166
Starting label LEVI, seed 45, iteration 840, time: 332.15699577331543
Starting label LEVI, seed 45, iteration 850, time: 338.46420764923096
Starting label LEVI, seed 45, iteration 860, time: 344.4001877307892
Starting label LEVI, seed 45, iteration 870, time: 350.18288922309875
Starting label LEVI, seed 45, iteration 880, time: 357.04267740249634
Starting label LEVI, seed 45, iteration 890, time: 362.66415214538574
Starting label LEVI, seed 45, iteration 900, time: 368.6266396045685
Starting label LEVI, seed 45, iteration 910, time: 374.75594544410706
Starting label LEVI, seed 45, iteration 920, time: 380.8155505657196
Starting label LEVI, seed 45, iteration 930, time: 387.32818365097046
Starting label LEVI, seed 45, iteration 940, time: 392.8126952648163
Starting label LEVI, seed 45, iteration 950, time: 399.46981716156006
Starting label LEVI, seed 45, iteration 960, time: 405.3944227695465
Starting label LEVI, seed 45, iteration 970, time: 412.8941400051117
Starting label LEVI, seed 45, iteration 980, time: 420.2482924461365
Starting label LEVI, seed 45, iteration 990, time: 427.4168345928192
Starting label LEVI, seed 45, iteration 1000, time: 435.452832698822
Starting label LEVI, seed 45, iteration 1010, time: 442.92938256263733
Starting label LEVI, seed 45, iteration 1020, time: 449.995064496994
Starting label LEVI, seed 45, iteration 1030, time: 456.7856547832489
Starting label LEVI, seed 45, iteration 1040, time: 464.27262115478516
Starting label LEVI, seed 45, iteration 1050, time: 471.79168343544006
Starting label LEVI, seed 45, iteration 1060, time: 479.4268765449524
Starting label LEVI, seed 45, iteration 1070, time: 487.9952507019043
Starting label LEVI, seed 45, iteration 1080, time: 496.993839263916
Starting label LEVI, seed 45, iteration 1090, time: 505.7176263332367
Starting label LEVI, seed 45, iteration 1100, time: 514.6486477851868
Starting label LEVI, seed 45, iteration 1110, time: 522.9058151245117
Starting label LEVI, seed 45, iteration 1120, time: 531.3807847499847
Starting label LEVI, seed 45, iteration 1130, time: 540.1383230686188
Starting label LEVI, seed 45, iteration 1140, time: 549.302182674408
Starting label LEVI, seed 45, iteration 1150, time: 558.4550714492798
Starting label LEVI, seed 45, iteration 1160, time: 565.6204121112823
Starting label LEVI, seed 45, iteration 1170, time: 575.0349724292755
Starting label LEVI, seed 45, iteration 1180, time: 584.1126415729523
Starting label LEVI, seed 45, iteration 1190, time: 594.0268521308899
Starting label LEVI, seed 45, iteration 1200, time: 604.0557193756104
Starting label LEVI, seed 45, iteration 1210, time: 614.0159714221954
Starting label LEVI, seed 45, iteration 1220, time: 623.992434501648
Starting label LEVI, seed 45, iteration 1230, time: 634.4423360824585
Starting label LEVI, seed 45, iteration 1240, time: 645.8286807537079
Starting label LEVI, seed 45, iteration 1250, time: 656.3036463260651
Starting label LEVI, seed 45, iteration 1260, time: 667.0089437961578
Starting label LEVI, seed 45, iteration 1270, time: 676.9743378162384
Starting label LEVI, seed 45, iteration 1280, time: 688.2620725631714
Starting label LEVI, seed 45, iteration 1290, time: 697.8438985347748
Starting label LEVI, seed 45, iteration 1300, time: 707.6955244541168
Starting label LEVI, seed 45, iteration 1310, time: 720.8177089691162
Starting label LEVI, seed 45, iteration 1320, time: 733.4492683410645
Starting label LEVI, seed 45, iteration 1330, time: 745.2866408824921
Starting label LEVI, seed 45, iteration 1340, time: 756.3863437175751
Starting label LEVI, seed 45, iteration 1350, time: 767.1675288677216
Starting label LEVI, seed 45, iteration 1360, time: 779.120331287384
Starting label LEVI, seed 45, iteration 1370, time: 791.6815783977509
Starting label LEVI, seed 45, iteration 1380, time: 805.989649772644
Starting label LEVI, seed 45, iteration 1390, time: 818.7772054672241
Starting label LEVI, seed 45, iteration 1400, time: 829.7990639209747
Starting label LEVI, seed 45, iteration 1410, time: 842.6333904266357
Starting label LEVI, seed 45, iteration 1420, time: 856.2465286254883
Starting label LEVI, seed 45, iteration 1430, time: 872.8384530544281
Starting label LEVI, seed 45, iteration 1440, time: 884.0639765262604
Starting label LEVI, seed 45, iteration 1450, time: 897.0616769790649
Starting label LEVI, seed 45, iteration 1460, time: 909.0802717208862
Starting label LEVI, seed 45, iteration 1470, time: 921.1371557712555
Starting label LEVI, seed 45, iteration 1480, time: 933.4972875118256
Starting label LEVI, seed 45, iteration 1490, time: 945.4074952602386
Starting label LEVI, seed 45, iteration 1500, time: 958.247228384018
Starting label LEVI, seed 45, iteration 1510, time: 974.7849719524384
Starting label LEVI, seed 45, iteration 1520, time: 991.9333529472351
Starting label LEVI, seed 45, iteration 1530, time: 1009.2266993522644
Starting label LEVI, seed 45, iteration 1540, time: 1022.5256967544556
Starting label LEVI, seed 45, iteration 1550, time: 1035.7110295295715
Starting label LEVI, seed 45, iteration 1560, time: 1051.4480984210968
Starting label LEVI, seed 45, iteration 1570, time: 1065.49347782135
Starting label LEVI, seed 45, iteration 1580, time: 1082.7673573493958
Starting label LEVI, seed 45, iteration 1590, time: 1099.6782569885254
Starting label LEVI, seed 45, iteration 1600, time: 1120.9042506217957
Starting label LEVI, seed 45, iteration 1610, time: 1135.7851939201355
Starting label LEVI, seed 45, iteration 1620, time: 1155.3422515392303
Starting label LEVI, seed 45, iteration 1630, time: 1172.908840417862
Starting label LEVI, seed 45, iteration 1640, time: 1193.403310060501
Starting label LEVI, seed 45, iteration 1650, time: 1209.6049718856812
Starting label LEVI, seed 45, iteration 1660, time: 1226.7519812583923
Starting label LEVI, seed 45, iteration 1670, time: 1244.6829447746277
Starting label LEVI, seed 45, iteration 1680, time: 1261.9692656993866
Starting label LEVI, seed 45, iteration 1690, time: 1285.7143704891205
Starting label LEVI, seed 45, iteration 1700, time: 1309.1304779052734
Starting label LEVI, seed 45, iteration 1710, time: 1333.0976412296295
Starting label LEVI, seed 45, iteration 1720, time: 1351.6595492362976
Starting label LEVI, seed 45, iteration 1730, time: 1375.2691433429718
Starting label LEVI, seed 45, iteration 1740, time: 1395.022337436676
Starting label LEVI, seed 45, iteration 1750, time: 1418.5147449970245
Starting label LEVI, seed 45, iteration 1760, time: 1441.8686623573303
Starting label LEVI, seed 45, iteration 1770, time: 1463.914917230606
Starting label LEVI, seed 45, iteration 1780, time: 1482.6372590065002
Starting label LEVI, seed 45, iteration 1790, time: 1501.1146075725555
Starting label LEVI, seed 45, iteration 1800, time: 1519.902113199234
Starting label LEVI, seed 45, iteration 1810, time: 1539.4453992843628
submitit WARNING (2022-10-02 00:55:52,136) - Bypassing signal SIGCONT
submitit WARNING (2022-10-02 00:55:52,164) - Bypassing signal SIGTERM
Starting label LEVI, seed 45, iteration 1820, time: 1563.7667837142944
