submitit INFO (2022-10-02 02:25:17,711) - Starting with JobEnvironment(job_id=883715_2, hostname=tripods-compute-02.cs.cornell.edu, local_rank=0(1), node=0(1), global_rank=0(1))
submitit INFO (2022-10-02 02:25:17,712) - Loading pickle: /home/gid-cakmaks/contextual_rs/experiments/wsc_experiments/logs/883715_2/883715_2_submitted.pkl
Appending iterations to existing output!Warning: If parameters other than `iterations` have been changed, this will corrupt the output!
Starting label LEVI, seed 62, iteration 1010, time: 256.32534551620483
Starting label LEVI, seed 62, iteration 1020, time: 264.50562715530396
Starting label LEVI, seed 62, iteration 1030, time: 271.3359353542328
Starting label LEVI, seed 62, iteration 1040, time: 278.59255290031433
Starting label LEVI, seed 62, iteration 1050, time: 286.7593162059784
Starting label LEVI, seed 62, iteration 1060, time: 293.6220154762268
Starting label LEVI, seed 62, iteration 1070, time: 301.9297239780426
Starting label LEVI, seed 62, iteration 1080, time: 308.55141949653625
Starting label LEVI, seed 62, iteration 1090, time: 315.5808415412903
Starting label LEVI, seed 62, iteration 1100, time: 323.13345217704773
Starting label LEVI, seed 62, iteration 1110, time: 331.5013928413391
Starting label LEVI, seed 62, iteration 1120, time: 338.56317806243896
Starting label LEVI, seed 62, iteration 1130, time: 346.3593592643738
Starting label LEVI, seed 62, iteration 1140, time: 354.0207517147064
Starting label LEVI, seed 62, iteration 1150, time: 362.9224998950958
Starting label LEVI, seed 62, iteration 1160, time: 371.52990889549255
Starting label LEVI, seed 62, iteration 1170, time: 378.70008158683777
Starting label LEVI, seed 62, iteration 1180, time: 387.4566674232483
Starting label LEVI, seed 62, iteration 1190, time: 396.5681757926941
Starting label LEVI, seed 62, iteration 1200, time: 404.64086866378784
Starting label LEVI, seed 62, iteration 1210, time: 412.3970537185669
Starting label LEVI, seed 62, iteration 1220, time: 420.9426598548889
Starting label LEVI, seed 62, iteration 1230, time: 429.6371886730194
Starting label LEVI, seed 62, iteration 1240, time: 438.92589473724365
Starting label LEVI, seed 62, iteration 1250, time: 447.04837226867676
Starting label LEVI, seed 62, iteration 1260, time: 455.66222381591797
Starting label LEVI, seed 62, iteration 1270, time: 465.7933626174927
Starting label LEVI, seed 62, iteration 1280, time: 476.5222198963165
Starting label LEVI, seed 62, iteration 1290, time: 485.01615047454834
Starting label LEVI, seed 62, iteration 1300, time: 495.31656885147095
Starting label LEVI, seed 62, iteration 1310, time: 505.8484408855438
Starting label LEVI, seed 62, iteration 1320, time: 514.8751103878021
Starting label LEVI, seed 62, iteration 1330, time: 524.7411389350891
Starting label LEVI, seed 62, iteration 1340, time: 535.5393650531769
Starting label LEVI, seed 62, iteration 1350, time: 546.4139597415924
Starting label LEVI, seed 62, iteration 1360, time: 556.4967169761658
Starting label LEVI, seed 62, iteration 1370, time: 568.7820420265198
Starting label LEVI, seed 62, iteration 1380, time: 580.342681646347
Starting label LEVI, seed 62, iteration 1390, time: 591.0853440761566
Starting label LEVI, seed 62, iteration 1400, time: 602.6582820415497
Starting label LEVI, seed 62, iteration 1410, time: 612.9010508060455
Starting label LEVI, seed 62, iteration 1420, time: 623.5906677246094
Starting label LEVI, seed 62, iteration 1430, time: 634.7113018035889
Starting label LEVI, seed 62, iteration 1440, time: 645.8924398422241
Starting label LEVI, seed 62, iteration 1450, time: 656.5452456474304
Starting label LEVI, seed 62, iteration 1460, time: 666.7277510166168
Starting label LEVI, seed 62, iteration 1470, time: 677.3885979652405
Starting label LEVI, seed 62, iteration 1480, time: 690.3499603271484
Starting label LEVI, seed 62, iteration 1490, time: 701.7761034965515
Starting label LEVI, seed 62, iteration 1500, time: 714.3041021823883
Starting label LEVI, seed 62, iteration 1510, time: 725.5704529285431
Starting label LEVI, seed 62, iteration 1520, time: 736.8312237262726
Starting label LEVI, seed 62, iteration 1530, time: 750.5026066303253
Starting label LEVI, seed 62, iteration 1540, time: 766.0366225242615
Starting label LEVI, seed 62, iteration 1550, time: 779.8739333152771
Starting label LEVI, seed 62, iteration 1560, time: 796.5463125705719
Starting label LEVI, seed 62, iteration 1570, time: 810.1082398891449
Starting label LEVI, seed 62, iteration 1580, time: 822.8034060001373
Starting label LEVI, seed 62, iteration 1590, time: 839.0058653354645
Starting label LEVI, seed 62, iteration 1600, time: 853.9276149272919
Starting label LEVI, seed 62, iteration 1610, time: 868.3515059947968
Starting label LEVI, seed 62, iteration 1620, time: 884.6060202121735
Starting label LEVI, seed 62, iteration 1630, time: 900.4277789592743
Starting label LEVI, seed 62, iteration 1640, time: 917.2830166816711
Starting label LEVI, seed 62, iteration 1650, time: 935.0837469100952
Starting label LEVI, seed 62, iteration 1660, time: 950.2794809341431
Starting label LEVI, seed 62, iteration 1670, time: 965.7046194076538
Starting label LEVI, seed 62, iteration 1680, time: 980.51487159729
Starting label LEVI, seed 62, iteration 1690, time: 996.082409620285
Starting label LEVI, seed 62, iteration 1700, time: 1011.987425327301
Starting label LEVI, seed 62, iteration 1710, time: 1028.323723077774
Starting label LEVI, seed 62, iteration 1720, time: 1047.5272023677826
Starting label LEVI, seed 62, iteration 1730, time: 1064.3274056911469
Starting label LEVI, seed 62, iteration 1740, time: 1082.420660495758
Starting label LEVI, seed 62, iteration 1750, time: 1099.2087404727936
Starting label LEVI, seed 62, iteration 1760, time: 1118.3248660564423
Starting label LEVI, seed 62, iteration 1770, time: 1135.0319924354553
Starting label LEVI, seed 62, iteration 1780, time: 1152.7701799869537
Starting label LEVI, seed 62, iteration 1790, time: 1172.39617562294
Starting label LEVI, seed 62, iteration 1800, time: 1193.6110620498657
Starting label LEVI, seed 62, iteration 1810, time: 1209.7705776691437
Starting label LEVI, seed 62, iteration 1820, time: 1232.9731123447418
Starting label LEVI, seed 62, iteration 1830, time: 1253.3777532577515
Starting label LEVI, seed 62, iteration 1840, time: 1271.9168236255646
Starting label LEVI, seed 62, iteration 1850, time: 1290.339759349823
Starting label LEVI, seed 62, iteration 1860, time: 1314.2015316486359
Starting label LEVI, seed 62, iteration 1870, time: 1335.5277299880981
Starting label LEVI, seed 62, iteration 1880, time: 1353.9737977981567
Starting label LEVI, seed 62, iteration 1890, time: 1373.5638926029205
Starting label LEVI, seed 62, iteration 1900, time: 1398.9754884243011
Starting label LEVI, seed 62, iteration 1910, time: 1421.5007939338684
Starting label LEVI, seed 62, iteration 1920, time: 1448.751481294632
Starting label LEVI, seed 62, iteration 1930, time: 1472.2663261890411
Starting label LEVI, seed 62, iteration 1940, time: 1498.6247913837433
Starting label LEVI, seed 62, iteration 1950, time: 1519.5022826194763
Starting label LEVI, seed 62, iteration 1960, time: 1545.901688337326
Starting label LEVI, seed 62, iteration 1970, time: 1566.8074369430542
Starting label LEVI, seed 62, iteration 1980, time: 1587.0171780586243
Starting label LEVI, seed 62, iteration 1990, time: 1609.45134973526
submitit INFO (2022-10-02 02:48:20,862) - Job completed successfully
