submitit INFO (2022-10-01 23:50:29,578) - Starting with JobEnvironment(job_id=883091_9, hostname=g2-compute-96.coecis.cornell.edu, local_rank=0(1), node=0(1), global_rank=0(1))
submitit INFO (2022-10-01 23:50:29,578) - Loading pickle: /home/gid-cakmaks/contextual_rs/experiments/wsc_experiments/logs/883091_9/883091_9_submitted.pkl
Starting label LEVI, seed 99, iteration 0, time: 9.989738464355469e-05
Starting label LEVI, seed 99, iteration 10, time: 1.924149751663208
Starting label LEVI, seed 99, iteration 20, time: 3.8513736724853516
Starting label LEVI, seed 99, iteration 30, time: 5.773588418960571
Starting label LEVI, seed 99, iteration 40, time: 7.738318204879761
Starting label LEVI, seed 99, iteration 50, time: 9.702100276947021
Starting label LEVI, seed 99, iteration 60, time: 11.7363600730896
Starting label LEVI, seed 99, iteration 70, time: 13.774864673614502
Starting label LEVI, seed 99, iteration 80, time: 15.716811656951904
Starting label LEVI, seed 99, iteration 90, time: 17.696016311645508
Starting label LEVI, seed 99, iteration 100, time: 19.717183828353882
Starting label LEVI, seed 99, iteration 110, time: 21.64044499397278
Starting label LEVI, seed 99, iteration 120, time: 23.65624761581421
Starting label LEVI, seed 99, iteration 130, time: 25.716432094573975
Starting label LEVI, seed 99, iteration 140, time: 27.818150520324707
Starting label LEVI, seed 99, iteration 150, time: 29.9052631855011
Starting label LEVI, seed 99, iteration 160, time: 31.974259853363037
Starting label LEVI, seed 99, iteration 170, time: 34.05506443977356
Starting label LEVI, seed 99, iteration 180, time: 36.15005850791931
Starting label LEVI, seed 99, iteration 190, time: 38.25242757797241
Starting label LEVI, seed 99, iteration 200, time: 40.32486701011658
Starting label LEVI, seed 99, iteration 210, time: 42.43422245979309
Starting label LEVI, seed 99, iteration 220, time: 44.49842858314514
Starting label LEVI, seed 99, iteration 230, time: 46.69670391082764
Starting label LEVI, seed 99, iteration 240, time: 48.803454637527466
Starting label LEVI, seed 99, iteration 250, time: 50.89982295036316
Starting label LEVI, seed 99, iteration 260, time: 52.929747581481934
Starting label LEVI, seed 99, iteration 270, time: 55.036306619644165
Starting label LEVI, seed 99, iteration 280, time: 57.13860249519348
Starting label LEVI, seed 99, iteration 290, time: 59.216615200042725
Starting label LEVI, seed 99, iteration 300, time: 61.36281132698059
Starting label LEVI, seed 99, iteration 310, time: 63.544156074523926
Starting label LEVI, seed 99, iteration 320, time: 65.72801947593689
Starting label LEVI, seed 99, iteration 330, time: 67.91299510002136
Starting label LEVI, seed 99, iteration 340, time: 70.0592896938324
Starting label LEVI, seed 99, iteration 350, time: 72.23123455047607
Starting label LEVI, seed 99, iteration 360, time: 74.43351984024048
Starting label LEVI, seed 99, iteration 370, time: 76.61937999725342
Starting label LEVI, seed 99, iteration 380, time: 78.79670929908752
Starting label LEVI, seed 99, iteration 390, time: 81.01417708396912
Starting label LEVI, seed 99, iteration 400, time: 83.30711126327515
Starting label LEVI, seed 99, iteration 410, time: 85.51568698883057
Starting label LEVI, seed 99, iteration 420, time: 87.74804973602295
Starting label LEVI, seed 99, iteration 430, time: 89.96611166000366
Starting label LEVI, seed 99, iteration 440, time: 92.24241018295288
Starting label LEVI, seed 99, iteration 450, time: 94.63546991348267
Starting label LEVI, seed 99, iteration 460, time: 97.05401873588562
Starting label LEVI, seed 99, iteration 470, time: 99.29737448692322
Starting label LEVI, seed 99, iteration 480, time: 101.73112177848816
Starting label LEVI, seed 99, iteration 490, time: 104.22383904457092
Starting label LEVI, seed 99, iteration 500, time: 106.5170042514801
Starting label LEVI, seed 99, iteration 510, time: 108.86593723297119
Starting label LEVI, seed 99, iteration 520, time: 111.23504757881165
Starting label LEVI, seed 99, iteration 530, time: 113.56335353851318
Starting label LEVI, seed 99, iteration 540, time: 115.88571572303772
Starting label LEVI, seed 99, iteration 550, time: 118.20685482025146
Starting label LEVI, seed 99, iteration 560, time: 120.59300589561462
Starting label LEVI, seed 99, iteration 570, time: 122.92267680168152
Starting label LEVI, seed 99, iteration 580, time: 125.22584700584412
Starting label LEVI, seed 99, iteration 590, time: 127.48783564567566
Starting label LEVI, seed 99, iteration 600, time: 129.78665018081665
Starting label LEVI, seed 99, iteration 610, time: 132.15882539749146
Starting label LEVI, seed 99, iteration 620, time: 134.46249771118164
Starting label LEVI, seed 99, iteration 630, time: 136.72910022735596
Starting label LEVI, seed 99, iteration 640, time: 139.09868383407593
Starting label LEVI, seed 99, iteration 650, time: 141.55316591262817
Starting label LEVI, seed 99, iteration 660, time: 143.86335682868958
Starting label LEVI, seed 99, iteration 670, time: 146.28517723083496
Starting label LEVI, seed 99, iteration 680, time: 148.6772541999817
Starting label LEVI, seed 99, iteration 690, time: 151.01306414604187
Starting label LEVI, seed 99, iteration 700, time: 153.42329454421997
Starting label LEVI, seed 99, iteration 710, time: 156.29047894477844
Starting label LEVI, seed 99, iteration 720, time: 158.92641687393188
Starting label LEVI, seed 99, iteration 730, time: 161.60831546783447
Starting label LEVI, seed 99, iteration 740, time: 164.1726315021515
Starting label LEVI, seed 99, iteration 750, time: 166.65676188468933
Starting label LEVI, seed 99, iteration 760, time: 169.23913073539734
Starting label LEVI, seed 99, iteration 770, time: 171.78631472587585
Starting label LEVI, seed 99, iteration 780, time: 174.54499554634094
Starting label LEVI, seed 99, iteration 790, time: 177.24184846878052
Starting label LEVI, seed 99, iteration 800, time: 180.09813976287842
Starting label LEVI, seed 99, iteration 810, time: 182.82717490196228
Starting label LEVI, seed 99, iteration 820, time: 185.52150321006775
Starting label LEVI, seed 99, iteration 830, time: 188.29165983200073
Starting label LEVI, seed 99, iteration 840, time: 191.1124188899994
Starting label LEVI, seed 99, iteration 850, time: 193.90554404258728
Starting label LEVI, seed 99, iteration 860, time: 196.71816062927246
Starting label LEVI, seed 99, iteration 870, time: 199.58904004096985
Starting label LEVI, seed 99, iteration 880, time: 202.52465677261353
Starting label LEVI, seed 99, iteration 890, time: 205.5083146095276
Starting label LEVI, seed 99, iteration 900, time: 208.48071551322937
Starting label LEVI, seed 99, iteration 910, time: 211.43018436431885
Starting label LEVI, seed 99, iteration 920, time: 214.27059030532837
Starting label LEVI, seed 99, iteration 930, time: 217.17760300636292
Starting label LEVI, seed 99, iteration 940, time: 220.18943285942078
Starting label LEVI, seed 99, iteration 950, time: 223.1502923965454
Starting label LEVI, seed 99, iteration 960, time: 226.08197617530823
Starting label LEVI, seed 99, iteration 970, time: 228.99603629112244
Starting label LEVI, seed 99, iteration 980, time: 232.2017707824707
Starting label LEVI, seed 99, iteration 990, time: 235.1933948993683
Starting label LEVI, seed 99, iteration 1000, time: 238.195965051651
Starting label LEVI, seed 99, iteration 1010, time: 241.2414219379425
Starting label LEVI, seed 99, iteration 1020, time: 244.36840105056763
Starting label LEVI, seed 99, iteration 1030, time: 247.50398898124695
Starting label LEVI, seed 99, iteration 1040, time: 250.81497383117676
Starting label LEVI, seed 99, iteration 1050, time: 254.1865918636322
Starting label LEVI, seed 99, iteration 1060, time: 257.6225435733795
Starting label LEVI, seed 99, iteration 1070, time: 260.88583636283875
Starting label LEVI, seed 99, iteration 1080, time: 264.1012759208679
Starting label LEVI, seed 99, iteration 1090, time: 267.19997096061707
Starting label LEVI, seed 99, iteration 1100, time: 270.5804443359375
Starting label LEVI, seed 99, iteration 1110, time: 273.75338888168335
Starting label LEVI, seed 99, iteration 1120, time: 277.16815066337585
Starting label LEVI, seed 99, iteration 1130, time: 280.417897939682
Starting label LEVI, seed 99, iteration 1140, time: 283.9618308544159
Starting label LEVI, seed 99, iteration 1150, time: 287.324147939682
Starting label LEVI, seed 99, iteration 1160, time: 290.5591530799866
Starting label LEVI, seed 99, iteration 1170, time: 293.9212656021118
Starting label LEVI, seed 99, iteration 1180, time: 297.5278708934784
Starting label LEVI, seed 99, iteration 1190, time: 301.05104637145996
Starting label LEVI, seed 99, iteration 1200, time: 304.689816236496
Starting label LEVI, seed 99, iteration 1210, time: 308.4680531024933
Starting label LEVI, seed 99, iteration 1220, time: 312.28643918037415
Starting label LEVI, seed 99, iteration 1230, time: 316.1642761230469
Starting label LEVI, seed 99, iteration 1240, time: 320.0542244911194
Starting label LEVI, seed 99, iteration 1250, time: 323.9725887775421
Starting label LEVI, seed 99, iteration 1260, time: 327.67802238464355
Starting label LEVI, seed 99, iteration 1270, time: 331.5854470729828
Starting label LEVI, seed 99, iteration 1280, time: 335.3658638000488
Starting label LEVI, seed 99, iteration 1290, time: 339.14753794670105
Starting label LEVI, seed 99, iteration 1300, time: 342.9506633281708
Starting label LEVI, seed 99, iteration 1310, time: 346.7330560684204
Starting label LEVI, seed 99, iteration 1320, time: 350.6334409713745
Starting label LEVI, seed 99, iteration 1330, time: 355.0232310295105
Starting label LEVI, seed 99, iteration 1340, time: 358.90365862846375
Starting label LEVI, seed 99, iteration 1350, time: 362.7781071662903
Starting label LEVI, seed 99, iteration 1360, time: 366.63003039360046
Starting label LEVI, seed 99, iteration 1370, time: 370.74491596221924
Starting label LEVI, seed 99, iteration 1380, time: 374.92527651786804
Starting label LEVI, seed 99, iteration 1390, time: 379.43504333496094
Starting label LEVI, seed 99, iteration 1400, time: 383.7000126838684
Starting label LEVI, seed 99, iteration 1410, time: 388.29562067985535
Starting label LEVI, seed 99, iteration 1420, time: 392.41601753234863
Starting label LEVI, seed 99, iteration 1430, time: 396.60203313827515
Starting label LEVI, seed 99, iteration 1440, time: 400.71387219429016
Starting label LEVI, seed 99, iteration 1450, time: 405.40715742111206
Starting label LEVI, seed 99, iteration 1460, time: 409.80348110198975
Starting label LEVI, seed 99, iteration 1470, time: 414.2869551181793
Starting label LEVI, seed 99, iteration 1480, time: 418.63499689102173
Starting label LEVI, seed 99, iteration 1490, time: 423.20388865470886
Starting label LEVI, seed 99, iteration 1500, time: 427.9592387676239
Starting label LEVI, seed 99, iteration 1510, time: 432.739465713501
Starting label LEVI, seed 99, iteration 1520, time: 437.1868495941162
Starting label LEVI, seed 99, iteration 1530, time: 441.5667824745178
Starting label LEVI, seed 99, iteration 1540, time: 446.1989815235138
Starting label LEVI, seed 99, iteration 1550, time: 450.9629168510437
Starting label LEVI, seed 99, iteration 1560, time: 455.6870243549347
Starting label LEVI, seed 99, iteration 1570, time: 460.7435185909271
Starting label LEVI, seed 99, iteration 1580, time: 465.55583691596985
Starting label LEVI, seed 99, iteration 1590, time: 470.5829381942749
Starting label LEVI, seed 99, iteration 1600, time: 475.5516173839569
Starting label LEVI, seed 99, iteration 1610, time: 480.4956748485565
Starting label LEVI, seed 99, iteration 1620, time: 485.5099799633026
Starting label LEVI, seed 99, iteration 1630, time: 491.03801941871643
Starting label LEVI, seed 99, iteration 1640, time: 495.97525548934937
Starting label LEVI, seed 99, iteration 1650, time: 501.00359416007996
Starting label LEVI, seed 99, iteration 1660, time: 506.1629500389099
Starting label LEVI, seed 99, iteration 1670, time: 511.3078348636627
Starting label LEVI, seed 99, iteration 1680, time: 516.7393546104431
Starting label LEVI, seed 99, iteration 1690, time: 522.4590146541595
Starting label LEVI, seed 99, iteration 1700, time: 528.124037027359
Starting label LEVI, seed 99, iteration 1710, time: 534.0401089191437
Starting label LEVI, seed 99, iteration 1720, time: 539.7933225631714
Starting label LEVI, seed 99, iteration 1730, time: 545.1872861385345
Starting label LEVI, seed 99, iteration 1740, time: 551.2387733459473
Starting label LEVI, seed 99, iteration 1750, time: 556.8235442638397
Starting label LEVI, seed 99, iteration 1760, time: 563.1698167324066
Starting label LEVI, seed 99, iteration 1770, time: 568.4038586616516
Starting label LEVI, seed 99, iteration 1780, time: 574.0187561511993
Starting label LEVI, seed 99, iteration 1790, time: 579.4472625255585
Starting label LEVI, seed 99, iteration 1800, time: 585.2191252708435
Starting label LEVI, seed 99, iteration 1810, time: 590.7179191112518
Starting label LEVI, seed 99, iteration 1820, time: 596.2961835861206
Starting label LEVI, seed 99, iteration 1830, time: 601.8673617839813
Starting label LEVI, seed 99, iteration 1840, time: 607.4091265201569
Starting label LEVI, seed 99, iteration 1850, time: 613.0516011714935
Starting label LEVI, seed 99, iteration 1860, time: 618.5704519748688
Starting label LEVI, seed 99, iteration 1870, time: 624.3720970153809
Starting label LEVI, seed 99, iteration 1880, time: 629.9740114212036
Starting label LEVI, seed 99, iteration 1890, time: 635.6709253787994
Starting label LEVI, seed 99, iteration 1900, time: 641.2243258953094
Starting label LEVI, seed 99, iteration 1910, time: 647.0478811264038
Starting label LEVI, seed 99, iteration 1920, time: 652.7443301677704
Starting label LEVI, seed 99, iteration 1930, time: 658.4376993179321
Starting label LEVI, seed 99, iteration 1940, time: 664.3105094432831
Starting label LEVI, seed 99, iteration 1950, time: 670.1554594039917
Starting label LEVI, seed 99, iteration 1960, time: 675.9322392940521
Starting label LEVI, seed 99, iteration 1970, time: 681.8441803455353
Starting label LEVI, seed 99, iteration 1980, time: 687.5259292125702
Starting label LEVI, seed 99, iteration 1990, time: 693.5648186206818
submitit INFO (2022-10-02 00:02:10,712) - Job completed successfully
