submitit INFO (2022-10-02 01:56:12,545) - Starting with JobEnvironment(job_id=883584, hostname=nikola-compute-01.cs.cornell.edu, local_rank=0(1), node=0(1), global_rank=0(1))
submitit INFO (2022-10-02 01:56:12,545) - Loading pickle: /home/gid-cakmaks/contextual_rs/experiments/wsc_experiments/logs/883584/883584_submitted.pkl
Starting label LEVI, seed 5, iteration 0, time: 0.0004029273986816406
Starting label LEVI, seed 5, iteration 10, time: 2.5481693744659424
Starting label LEVI, seed 5, iteration 20, time: 4.8566834926605225
Starting label LEVI, seed 5, iteration 30, time: 7.1845924854278564
Starting label LEVI, seed 5, iteration 40, time: 9.47192096710205
Starting label LEVI, seed 5, iteration 50, time: 11.782759189605713
Starting label LEVI, seed 5, iteration 60, time: 14.160852909088135
Starting label LEVI, seed 5, iteration 70, time: 16.53767156600952
Starting label LEVI, seed 5, iteration 80, time: 18.863847255706787
Starting label LEVI, seed 5, iteration 90, time: 21.186695337295532
Starting label LEVI, seed 5, iteration 100, time: 23.523412466049194
Starting label LEVI, seed 5, iteration 110, time: 25.78486728668213
Starting label LEVI, seed 5, iteration 120, time: 28.16596794128418
Starting label LEVI, seed 5, iteration 130, time: 30.628997564315796
Starting label LEVI, seed 5, iteration 140, time: 33.14692401885986
Starting label LEVI, seed 5, iteration 150, time: 35.616063356399536
Starting label LEVI, seed 5, iteration 160, time: 38.023290395736694
Starting label LEVI, seed 5, iteration 170, time: 40.39113187789917
Starting label LEVI, seed 5, iteration 180, time: 42.75163507461548
Starting label LEVI, seed 5, iteration 190, time: 45.46411180496216
Starting label LEVI, seed 5, iteration 200, time: 48.07041263580322
Starting label LEVI, seed 5, iteration 210, time: 50.529085874557495
Starting label LEVI, seed 5, iteration 220, time: 53.07234025001526
Starting label LEVI, seed 5, iteration 230, time: 55.54269456863403
Starting label LEVI, seed 5, iteration 240, time: 58.036579847335815
Starting label LEVI, seed 5, iteration 250, time: 60.74455904960632
Starting label LEVI, seed 5, iteration 260, time: 63.50772714614868
Starting label LEVI, seed 5, iteration 270, time: 66.24145007133484
Starting label LEVI, seed 5, iteration 280, time: 69.0506808757782
Starting label LEVI, seed 5, iteration 290, time: 71.5709171295166
Starting label LEVI, seed 5, iteration 300, time: 74.82853531837463
Starting label LEVI, seed 5, iteration 310, time: 78.08947539329529
Starting label LEVI, seed 5, iteration 320, time: 80.96668243408203
Starting label LEVI, seed 5, iteration 330, time: 84.0867371559143
Starting label LEVI, seed 5, iteration 340, time: 86.8217761516571
Starting label LEVI, seed 5, iteration 350, time: 90.02226495742798
Starting label LEVI, seed 5, iteration 360, time: 93.06341552734375
Starting label LEVI, seed 5, iteration 370, time: 96.18494915962219
Starting label LEVI, seed 5, iteration 380, time: 99.21142506599426
Starting label LEVI, seed 5, iteration 390, time: 102.3169858455658
Starting label LEVI, seed 5, iteration 400, time: 105.33642101287842
Starting label LEVI, seed 5, iteration 410, time: 107.98277997970581
Starting label LEVI, seed 5, iteration 420, time: 111.29395294189453
Starting label LEVI, seed 5, iteration 430, time: 114.90433764457703
Starting label LEVI, seed 5, iteration 440, time: 118.2694742679596
Starting label LEVI, seed 5, iteration 450, time: 122.03933024406433
Starting label LEVI, seed 5, iteration 460, time: 126.18046927452087
Starting label LEVI, seed 5, iteration 470, time: 129.72830629348755
Starting label LEVI, seed 5, iteration 480, time: 132.91137385368347
Starting label LEVI, seed 5, iteration 490, time: 136.203218460083
Starting label LEVI, seed 5, iteration 500, time: 139.0999879837036
Starting label LEVI, seed 5, iteration 510, time: 141.80088686943054
Starting label LEVI, seed 5, iteration 520, time: 144.48535990715027
Starting label LEVI, seed 5, iteration 530, time: 147.1378629207611
Starting label LEVI, seed 5, iteration 540, time: 149.73341703414917
Starting label LEVI, seed 5, iteration 550, time: 152.36524200439453
Starting label LEVI, seed 5, iteration 560, time: 154.97345185279846
Starting label LEVI, seed 5, iteration 570, time: 157.59332013130188
Starting label LEVI, seed 5, iteration 580, time: 160.18636393547058
Starting label LEVI, seed 5, iteration 590, time: 162.8415961265564
Starting label LEVI, seed 5, iteration 600, time: 165.51904010772705
Starting label LEVI, seed 5, iteration 610, time: 168.14456391334534
Starting label LEVI, seed 5, iteration 620, time: 170.8479506969452
Starting label LEVI, seed 5, iteration 630, time: 173.47821354866028
Starting label LEVI, seed 5, iteration 640, time: 176.16806721687317
Starting label LEVI, seed 5, iteration 650, time: 178.92153644561768
Starting label LEVI, seed 5, iteration 660, time: 181.50178909301758
Starting label LEVI, seed 5, iteration 670, time: 184.1354260444641
Starting label LEVI, seed 5, iteration 680, time: 186.75157570838928
Starting label LEVI, seed 5, iteration 690, time: 189.35729670524597
submitit WARNING (2022-10-02 01:59:26,637) - Bypassing signal SIGCONT
submitit WARNING (2022-10-02 01:59:26,649) - Bypassing signal SIGTERM
Starting label LEVI, seed 5, iteration 700, time: 191.99378395080566
Starting label LEVI, seed 5, iteration 710, time: 194.66921997070312
Starting label LEVI, seed 5, iteration 720, time: 197.42301201820374
Starting label LEVI, seed 5, iteration 730, time: 200.10646152496338
Starting label LEVI, seed 5, iteration 740, time: 202.81292843818665
Starting label LEVI, seed 5, iteration 750, time: 205.47140526771545
Starting label LEVI, seed 5, iteration 760, time: 208.1553499698639
Starting label LEVI, seed 5, iteration 770, time: 210.77663350105286
Starting label LEVI, seed 5, iteration 780, time: 213.452312707901
Starting label LEVI, seed 5, iteration 790, time: 216.16157960891724
Starting label LEVI, seed 5, iteration 800, time: 218.90024662017822
