submitit INFO (2022-10-02 14:53:54,426) - Starting with JobEnvironment(job_id=884650, hostname=joachims-compute-02.cs.cornell.edu, local_rank=0(1), node=0(1), global_rank=0(1))
submitit INFO (2022-10-02 14:53:54,426) - Loading pickle: /home/gid-cakmaks/contextual_rs/experiments/wsc_experiments/logs/884650/884650_submitted.pkl
Appending iterations to existing output!Warning: If parameters other than `iterations` have been changed, this will corrupt the output!
Starting label LEVI, seed 32, iteration 930, time: 3715.3548562526703
Starting label LEVI, seed 32, iteration 940, time: 3764.9417901039124
Starting label LEVI, seed 32, iteration 950, time: 3791.635227203369
Starting label LEVI, seed 32, iteration 960, time: 3837.7114293575287
Starting label LEVI, seed 32, iteration 970, time: 3887.98171710968
Starting label LEVI, seed 32, iteration 980, time: 3948.5220267772675
Starting label LEVI, seed 32, iteration 990, time: 4007.67604136467
Starting label LEVI, seed 32, iteration 1000, time: 4056.1649553775787
Starting label LEVI, seed 32, iteration 1010, time: 4071.381045103073
Starting label LEVI, seed 32, iteration 1020, time: 4083.4167971611023
Starting label LEVI, seed 32, iteration 1030, time: 4099.73756146431
Starting label LEVI, seed 32, iteration 1040, time: 4114.6456253528595
Starting label LEVI, seed 32, iteration 1050, time: 4129.976117134094
Starting label LEVI, seed 32, iteration 1060, time: 4149.176426410675
Starting label LEVI, seed 32, iteration 1070, time: 4165.530316591263
Starting label LEVI, seed 32, iteration 1080, time: 4179.979822397232
Starting label LEVI, seed 32, iteration 1090, time: 4194.299375295639
Starting label LEVI, seed 32, iteration 1100, time: 4209.627448797226
Starting label LEVI, seed 32, iteration 1110, time: 4224.285569667816
Starting label LEVI, seed 32, iteration 1120, time: 4241.982215642929
Starting label LEVI, seed 32, iteration 1130, time: 4258.257525920868
Starting label LEVI, seed 32, iteration 1140, time: 4275.976842164993
Starting label LEVI, seed 32, iteration 1150, time: 4292.504231214523
Starting label LEVI, seed 32, iteration 1160, time: 4306.185547828674
Starting label LEVI, seed 32, iteration 1170, time: 4323.593857765198
Starting label LEVI, seed 32, iteration 1180, time: 4337.053322553635
Starting label LEVI, seed 32, iteration 1190, time: 4353.9126806259155
Starting label LEVI, seed 32, iteration 1200, time: 4366.503387928009
Starting label LEVI, seed 32, iteration 1210, time: 4384.401445388794
Starting label LEVI, seed 32, iteration 1220, time: 4404.163876771927
Starting label LEVI, seed 32, iteration 1230, time: 4420.894215583801
Starting label LEVI, seed 32, iteration 1240, time: 4435.744889974594
Starting label LEVI, seed 32, iteration 1250, time: 4450.181464910507
Starting label LEVI, seed 32, iteration 1260, time: 4467.169075250626
Starting label LEVI, seed 32, iteration 1270, time: 4486.632417201996
Starting label LEVI, seed 32, iteration 1280, time: 4503.565703630447
Starting label LEVI, seed 32, iteration 1290, time: 4516.613793134689
Starting label LEVI, seed 32, iteration 1300, time: 4528.168307065964
Starting label LEVI, seed 32, iteration 1310, time: 4547.740443229675
Starting label LEVI, seed 32, iteration 1320, time: 4568.287386417389
Starting label LEVI, seed 32, iteration 1330, time: 4591.7652323246
Starting label LEVI, seed 32, iteration 1340, time: 4612.288059949875
Starting label LEVI, seed 32, iteration 1350, time: 4630.081864595413
Starting label LEVI, seed 32, iteration 1360, time: 4647.344879150391
Starting label LEVI, seed 32, iteration 1370, time: 4668.125641107559
Starting label LEVI, seed 32, iteration 1380, time: 4690.718721151352
Starting label LEVI, seed 32, iteration 1390, time: 4712.918869972229
Starting label LEVI, seed 32, iteration 1400, time: 4734.719103097916
Starting label LEVI, seed 32, iteration 1410, time: 4755.365648031235
Starting label LEVI, seed 32, iteration 1420, time: 4777.052236557007
Starting label LEVI, seed 32, iteration 1430, time: 4796.0201160907745
Starting label LEVI, seed 32, iteration 1440, time: 4815.478795051575
Starting label LEVI, seed 32, iteration 1450, time: 4835.047435283661
Starting label LEVI, seed 32, iteration 1460, time: 4857.082733631134
Starting label LEVI, seed 32, iteration 1470, time: 4878.3347771167755
Starting label LEVI, seed 32, iteration 1480, time: 4887.409090995789
Starting label LEVI, seed 32, iteration 1490, time: 4896.745095014572
Starting label LEVI, seed 32, iteration 1500, time: 4904.894444465637
Starting label LEVI, seed 32, iteration 1510, time: 4913.092829465866
Starting label LEVI, seed 32, iteration 1520, time: 4921.419894695282
Starting label LEVI, seed 32, iteration 1530, time: 4929.712220430374
Starting label LEVI, seed 32, iteration 1540, time: 4939.44416809082
Starting label LEVI, seed 32, iteration 1550, time: 4948.992010354996
Starting label LEVI, seed 32, iteration 1560, time: 4959.236527442932
Starting label LEVI, seed 32, iteration 1570, time: 4969.451447725296
Starting label LEVI, seed 32, iteration 1580, time: 4979.819527626038
Starting label LEVI, seed 32, iteration 1590, time: 4989.123731374741
Starting label LEVI, seed 32, iteration 1600, time: 4998.821894645691
Starting label LEVI, seed 32, iteration 1610, time: 5008.67013335228
Starting label LEVI, seed 32, iteration 1620, time: 5018.476513147354
Starting label LEVI, seed 32, iteration 1630, time: 5029.608144760132
Starting label LEVI, seed 32, iteration 1640, time: 5040.010293722153
Starting label LEVI, seed 32, iteration 1650, time: 5050.6669363975525
Starting label LEVI, seed 32, iteration 1660, time: 5061.789111614227
Starting label LEVI, seed 32, iteration 1670, time: 5071.674398899078
Starting label LEVI, seed 32, iteration 1680, time: 5081.9881682395935
Starting label LEVI, seed 32, iteration 1690, time: 5093.517883777618
Starting label LEVI, seed 32, iteration 1700, time: 5104.128643751144
Starting label LEVI, seed 32, iteration 1710, time: 5114.92641043663
Starting label LEVI, seed 32, iteration 1720, time: 5125.690447807312
Starting label LEVI, seed 32, iteration 1730, time: 5137.000077486038
Starting label LEVI, seed 32, iteration 1740, time: 5147.175585985184
Starting label LEVI, seed 32, iteration 1750, time: 5158.594732046127
Starting label LEVI, seed 32, iteration 1760, time: 5169.264705657959
Starting label LEVI, seed 32, iteration 1770, time: 5180.060349225998
Starting label LEVI, seed 32, iteration 1780, time: 5189.8818192481995
Starting label LEVI, seed 32, iteration 1790, time: 5200.548659563065
Starting label LEVI, seed 32, iteration 1800, time: 5211.262609004974
Starting label LEVI, seed 32, iteration 1810, time: 5222.149280548096
Starting label LEVI, seed 32, iteration 1820, time: 5232.553662538528
Starting label LEVI, seed 32, iteration 1830, time: 5242.568151712418
Starting label LEVI, seed 32, iteration 1840, time: 5252.358346223831
Starting label LEVI, seed 32, iteration 1850, time: 5263.283746242523
Starting label LEVI, seed 32, iteration 1860, time: 5273.691302537918
Starting label LEVI, seed 32, iteration 1870, time: 5284.313082456589
Starting label LEVI, seed 32, iteration 1880, time: 5294.466017007828
Starting label LEVI, seed 32, iteration 1890, time: 5304.141458272934
Starting label LEVI, seed 32, iteration 1900, time: 5314.511614561081
Starting label LEVI, seed 32, iteration 1910, time: 5325.627867937088
Starting label LEVI, seed 32, iteration 1920, time: 5336.108366012573
Starting label LEVI, seed 32, iteration 1930, time: 5347.315191745758
Starting label LEVI, seed 32, iteration 1940, time: 5357.796880483627
Starting label LEVI, seed 32, iteration 1950, time: 5368.9647562503815
Starting label LEVI, seed 32, iteration 1960, time: 5379.24555516243
Starting label LEVI, seed 32, iteration 1970, time: 5390.111768722534
Starting label LEVI, seed 32, iteration 1980, time: 5400.820681810379
Starting label LEVI, seed 32, iteration 1990, time: 5411.9271121025085
submitit INFO (2022-10-02 15:22:23,153) - Job completed successfully
