submitit INFO (2022-10-02 00:29:33,070) - Starting with JobEnvironment(job_id=883242_7, hostname=sablab-gpu-06.ece.cornell.edu, local_rank=0(1), node=0(1), global_rank=0(1))
submitit INFO (2022-10-02 00:29:33,070) - Loading pickle: /home/gid-cakmaks/contextual_rs/experiments/wsc_experiments/logs/883242_7/883242_7_submitted.pkl
Starting label LEVI, seed 17, iteration 0, time: 0.0005578994750976562
Starting label LEVI, seed 17, iteration 10, time: 2.852699041366577
Starting label LEVI, seed 17, iteration 20, time: 5.592750310897827
Starting label LEVI, seed 17, iteration 30, time: 8.416589975357056
Starting label LEVI, seed 17, iteration 40, time: 11.145049333572388
Starting label LEVI, seed 17, iteration 50, time: 13.84384274482727
Starting label LEVI, seed 17, iteration 60, time: 16.624069929122925
Starting label LEVI, seed 17, iteration 70, time: 19.49251627922058
Starting label LEVI, seed 17, iteration 80, time: 22.263364791870117
Starting label LEVI, seed 17, iteration 90, time: 25.047266006469727
Starting label LEVI, seed 17, iteration 100, time: 27.818186044692993
Starting label LEVI, seed 17, iteration 110, time: 30.63477635383606
Starting label LEVI, seed 17, iteration 120, time: 33.357447385787964
Starting label LEVI, seed 17, iteration 130, time: 36.05549621582031
Starting label LEVI, seed 17, iteration 140, time: 38.855544567108154
Starting label LEVI, seed 17, iteration 150, time: 41.61233949661255
Starting label LEVI, seed 17, iteration 160, time: 44.413087368011475
Starting label LEVI, seed 17, iteration 170, time: 47.232574701309204
Starting label LEVI, seed 17, iteration 180, time: 50.06761646270752
Starting label LEVI, seed 17, iteration 190, time: 52.86433386802673
Starting label LEVI, seed 17, iteration 200, time: 55.740596294403076
Starting label LEVI, seed 17, iteration 210, time: 58.54106092453003
Starting label LEVI, seed 17, iteration 220, time: 61.49260067939758
Starting label LEVI, seed 17, iteration 230, time: 64.40999841690063
Starting label LEVI, seed 17, iteration 240, time: 67.31785321235657
Starting label LEVI, seed 17, iteration 250, time: 70.24948000907898
Starting label LEVI, seed 17, iteration 260, time: 73.1205632686615
Starting label LEVI, seed 17, iteration 270, time: 76.07445693016052
Starting label LEVI, seed 17, iteration 280, time: 78.94290041923523
Starting label LEVI, seed 17, iteration 290, time: 81.96240305900574
Starting label LEVI, seed 17, iteration 300, time: 84.96602296829224
Starting label LEVI, seed 17, iteration 310, time: 88.09826183319092
Starting label LEVI, seed 17, iteration 320, time: 91.19950318336487
Starting label LEVI, seed 17, iteration 330, time: 94.36478424072266
Starting label LEVI, seed 17, iteration 340, time: 97.47640657424927
Starting label LEVI, seed 17, iteration 350, time: 100.63274073600769
Starting label LEVI, seed 17, iteration 360, time: 103.82353591918945
Starting label LEVI, seed 17, iteration 370, time: 107.19238138198853
Starting label LEVI, seed 17, iteration 380, time: 110.46708035469055
Starting label LEVI, seed 17, iteration 390, time: 114.08250117301941
Starting label LEVI, seed 17, iteration 400, time: 117.33010625839233
Starting label LEVI, seed 17, iteration 410, time: 120.5962963104248
Starting label LEVI, seed 17, iteration 420, time: 123.9346010684967
Starting label LEVI, seed 17, iteration 430, time: 127.23996782302856
Starting label LEVI, seed 17, iteration 440, time: 130.52205681800842
Starting label LEVI, seed 17, iteration 450, time: 133.8259620666504
Starting label LEVI, seed 17, iteration 460, time: 137.2984549999237
Starting label LEVI, seed 17, iteration 470, time: 140.83642435073853
Starting label LEVI, seed 17, iteration 480, time: 144.1776204109192
Starting label LEVI, seed 17, iteration 490, time: 147.655437707901
Starting label LEVI, seed 17, iteration 500, time: 151.09213709831238
Starting label LEVI, seed 17, iteration 510, time: 154.50347924232483
Starting label LEVI, seed 17, iteration 520, time: 158.1315176486969
Starting label LEVI, seed 17, iteration 530, time: 161.8517496585846
Starting label LEVI, seed 17, iteration 540, time: 165.5396285057068
Starting label LEVI, seed 17, iteration 550, time: 169.3809459209442
Starting label LEVI, seed 17, iteration 560, time: 173.21843266487122
Starting label LEVI, seed 17, iteration 570, time: 177.24129915237427
Starting label LEVI, seed 17, iteration 580, time: 181.31135749816895
Starting label LEVI, seed 17, iteration 590, time: 185.45136427879333
Starting label LEVI, seed 17, iteration 600, time: 189.5122573375702
Starting label LEVI, seed 17, iteration 610, time: 193.8222086429596
Starting label LEVI, seed 17, iteration 620, time: 197.94113397598267
Starting label LEVI, seed 17, iteration 630, time: 202.02472138404846
Starting label LEVI, seed 17, iteration 640, time: 206.23311734199524
Starting label LEVI, seed 17, iteration 650, time: 210.51370429992676
Starting label LEVI, seed 17, iteration 660, time: 214.45949935913086
Starting label LEVI, seed 17, iteration 670, time: 218.80523490905762
Starting label LEVI, seed 17, iteration 680, time: 223.2993938922882
Starting label LEVI, seed 17, iteration 690, time: 227.34908199310303
Starting label LEVI, seed 17, iteration 700, time: 231.82499051094055
Starting label LEVI, seed 17, iteration 710, time: 235.80210280418396
Starting label LEVI, seed 17, iteration 720, time: 240.39336347579956
Starting label LEVI, seed 17, iteration 730, time: 244.8135724067688
Starting label LEVI, seed 17, iteration 740, time: 249.51206636428833
Starting label LEVI, seed 17, iteration 750, time: 254.4074375629425
Starting label LEVI, seed 17, iteration 760, time: 258.8651285171509
Starting label LEVI, seed 17, iteration 770, time: 263.9285271167755
Starting label LEVI, seed 17, iteration 780, time: 269.1714062690735
Starting label LEVI, seed 17, iteration 790, time: 273.780499458313
Starting label LEVI, seed 17, iteration 800, time: 278.5089621543884
Starting label LEVI, seed 17, iteration 810, time: 283.5677652359009
Starting label LEVI, seed 17, iteration 820, time: 288.648770570755
Starting label LEVI, seed 17, iteration 830, time: 293.6674585342407
Starting label LEVI, seed 17, iteration 840, time: 298.84063029289246
Starting label LEVI, seed 17, iteration 850, time: 304.66703724861145
Starting label LEVI, seed 17, iteration 860, time: 310.13518142700195
Starting label LEVI, seed 17, iteration 870, time: 316.02681589126587
Starting label LEVI, seed 17, iteration 880, time: 321.7742283344269
Starting label LEVI, seed 17, iteration 890, time: 326.9234001636505
Starting label LEVI, seed 17, iteration 900, time: 332.3734962940216
Starting label LEVI, seed 17, iteration 910, time: 338.17094898223877
Starting label LEVI, seed 17, iteration 920, time: 343.9399526119232
Starting label LEVI, seed 17, iteration 930, time: 349.11224031448364
Starting label LEVI, seed 17, iteration 940, time: 354.3428707122803
Starting label LEVI, seed 17, iteration 950, time: 360.4813005924225
Starting label LEVI, seed 17, iteration 960, time: 366.9130423069
Starting label LEVI, seed 17, iteration 970, time: 372.736732006073
Starting label LEVI, seed 17, iteration 980, time: 378.5312132835388
Starting label LEVI, seed 17, iteration 990, time: 385.18186378479004
Starting label LEVI, seed 17, iteration 1000, time: 391.1594624519348
Starting label LEVI, seed 17, iteration 1010, time: 398.0701506137848
Starting label LEVI, seed 17, iteration 1020, time: 405.3006384372711
Starting label LEVI, seed 17, iteration 1030, time: 412.7764914035797
Starting label LEVI, seed 17, iteration 1040, time: 420.05295062065125
Starting label LEVI, seed 17, iteration 1050, time: 427.05988669395447
Starting label LEVI, seed 17, iteration 1060, time: 433.61086320877075
Starting label LEVI, seed 17, iteration 1070, time: 440.0983979701996
Starting label LEVI, seed 17, iteration 1080, time: 447.64853739738464
Starting label LEVI, seed 17, iteration 1090, time: 455.4342064857483
Starting label LEVI, seed 17, iteration 1100, time: 462.08289217948914
Starting label LEVI, seed 17, iteration 1110, time: 470.3797369003296
Starting label LEVI, seed 17, iteration 1120, time: 477.883909702301
Starting label LEVI, seed 17, iteration 1130, time: 484.7597212791443
Starting label LEVI, seed 17, iteration 1140, time: 491.6052987575531
Starting label LEVI, seed 17, iteration 1150, time: 499.5792291164398
Starting label LEVI, seed 17, iteration 1160, time: 506.3570644855499
Starting label LEVI, seed 17, iteration 1170, time: 513.1707813739777
Starting label LEVI, seed 17, iteration 1180, time: 520.2576062679291
Starting label LEVI, seed 17, iteration 1190, time: 528.6533184051514
Starting label LEVI, seed 17, iteration 1200, time: 535.8528389930725
Starting label LEVI, seed 17, iteration 1210, time: 545.0906953811646
Starting label LEVI, seed 17, iteration 1220, time: 554.3036375045776
Starting label LEVI, seed 17, iteration 1230, time: 563.0268194675446
Starting label LEVI, seed 17, iteration 1240, time: 571.8214018344879
Starting label LEVI, seed 17, iteration 1250, time: 580.1662509441376
Starting label LEVI, seed 17, iteration 1260, time: 588.6276988983154
Starting label LEVI, seed 17, iteration 1270, time: 597.1115384101868
Starting label LEVI, seed 17, iteration 1280, time: 605.0372660160065
Starting label LEVI, seed 17, iteration 1290, time: 616.0850307941437
Starting label LEVI, seed 17, iteration 1300, time: 626.5442895889282
Starting label LEVI, seed 17, iteration 1310, time: 637.4340000152588
Starting label LEVI, seed 17, iteration 1320, time: 647.1598613262177
Starting label LEVI, seed 17, iteration 1330, time: 659.4267911911011
Starting label LEVI, seed 17, iteration 1340, time: 671.4995799064636
Starting label LEVI, seed 17, iteration 1350, time: 680.907235622406
Starting label LEVI, seed 17, iteration 1360, time: 690.3610434532166
Starting label LEVI, seed 17, iteration 1370, time: 699.74742436409
Starting label LEVI, seed 17, iteration 1380, time: 709.5099787712097
Starting label LEVI, seed 17, iteration 1390, time: 719.6651411056519
Starting label LEVI, seed 17, iteration 1400, time: 730.0874564647675
Starting label LEVI, seed 17, iteration 1410, time: 740.1938188076019
Starting label LEVI, seed 17, iteration 1420, time: 750.8533043861389
Starting label LEVI, seed 17, iteration 1430, time: 761.5031409263611
Starting label LEVI, seed 17, iteration 1440, time: 772.167724609375
Starting label LEVI, seed 17, iteration 1450, time: 785.3595011234283
Starting label LEVI, seed 17, iteration 1460, time: 799.8991210460663
Starting label LEVI, seed 17, iteration 1470, time: 811.7814671993256
Starting label LEVI, seed 17, iteration 1480, time: 824.9840023517609
Starting label LEVI, seed 17, iteration 1490, time: 841.3670935630798
Starting label LEVI, seed 17, iteration 1500, time: 853.206666469574
Starting label LEVI, seed 17, iteration 1510, time: 864.9861793518066
Starting label LEVI, seed 17, iteration 1520, time: 878.9714951515198
Starting label LEVI, seed 17, iteration 1530, time: 893.0236213207245
Starting label LEVI, seed 17, iteration 1540, time: 906.5743944644928
Starting label LEVI, seed 17, iteration 1550, time: 919.5470221042633
Starting label LEVI, seed 17, iteration 1560, time: 933.6001119613647
Starting label LEVI, seed 17, iteration 1570, time: 947.6784453392029
Starting label LEVI, seed 17, iteration 1580, time: 961.0292637348175
Starting label LEVI, seed 17, iteration 1590, time: 974.4607529640198
Starting label LEVI, seed 17, iteration 1600, time: 988.2637763023376
Starting label LEVI, seed 17, iteration 1610, time: 1006.8594889640808
Starting label LEVI, seed 17, iteration 1620, time: 1021.5665984153748
Starting label LEVI, seed 17, iteration 1630, time: 1035.3567655086517
Starting label LEVI, seed 17, iteration 1640, time: 1054.1000213623047
Starting label LEVI, seed 17, iteration 1650, time: 1068.788364648819
Starting label LEVI, seed 17, iteration 1660, time: 1084.4551434516907
Starting label LEVI, seed 17, iteration 1670, time: 1100.6284999847412
Starting label LEVI, seed 17, iteration 1680, time: 1116.2997252941132
Starting label LEVI, seed 17, iteration 1690, time: 1134.7171382904053
Starting label LEVI, seed 17, iteration 1700, time: 1153.7419164180756
Starting label LEVI, seed 17, iteration 1710, time: 1173.2570931911469
Starting label LEVI, seed 17, iteration 1720, time: 1193.9679591655731
Starting label LEVI, seed 17, iteration 1730, time: 1211.9464745521545
Starting label LEVI, seed 17, iteration 1740, time: 1231.8369753360748
Starting label LEVI, seed 17, iteration 1750, time: 1254.5223155021667
Starting label LEVI, seed 17, iteration 1760, time: 1276.1713593006134
Starting label LEVI, seed 17, iteration 1770, time: 1294.8895134925842
Starting label LEVI, seed 17, iteration 1780, time: 1313.0132479667664
Starting label LEVI, seed 17, iteration 1790, time: 1331.4192547798157
Starting label LEVI, seed 17, iteration 1800, time: 1351.7856237888336
Starting label LEVI, seed 17, iteration 1810, time: 1374.1773793697357
Starting label LEVI, seed 17, iteration 1820, time: 1397.05286693573
Starting label LEVI, seed 17, iteration 1830, time: 1421.6847565174103
Starting label LEVI, seed 17, iteration 1840, time: 1440.4146120548248
Starting label LEVI, seed 17, iteration 1850, time: 1459.5609447956085
Starting label LEVI, seed 17, iteration 1860, time: 1479.5801811218262
Starting label LEVI, seed 17, iteration 1870, time: 1504.1921689510345
Starting label LEVI, seed 17, iteration 1880, time: 1524.815464258194
Starting label LEVI, seed 17, iteration 1890, time: 1545.4932425022125
Starting label LEVI, seed 17, iteration 1900, time: 1566.8278412818909
submitit WARNING (2022-10-02 00:55:52,141) - Bypassing signal SIGTERM
submitit WARNING (2022-10-02 00:55:52,141) - Bypassing signal SIGCONT
Starting label LEVI, seed 17, iteration 1910, time: 1587.0482592582703
