submitit INFO (2022-10-02 04:22:33,944) - Starting with JobEnvironment(job_id=884077_3, hostname=sablab-gpu-02.ece.cornell.edu, local_rank=0(1), node=0(1), global_rank=0(1))
submitit INFO (2022-10-02 04:22:33,944) - Loading pickle: /home/gid-cakmaks/contextual_rs/experiments/wsc_experiments/logs/884077_3/884077_3_submitted.pkl
Appending iterations to existing output!Warning: If parameters other than `iterations` have been changed, this will corrupt the output!
Starting label LEVI, seed 83, iteration 430, time: 255.73999309539795
Starting label LEVI, seed 83, iteration 440, time: 262.76036405563354
Starting label LEVI, seed 83, iteration 450, time: 269.88397455215454
Starting label LEVI, seed 83, iteration 460, time: 278.08676171302795
Starting label LEVI, seed 83, iteration 470, time: 285.03911900520325
Starting label LEVI, seed 83, iteration 480, time: 292.14831924438477
Starting label LEVI, seed 83, iteration 490, time: 299.11177134513855
Starting label LEVI, seed 83, iteration 500, time: 306.26530146598816
Starting label LEVI, seed 83, iteration 510, time: 313.4698793888092
Starting label LEVI, seed 83, iteration 520, time: 320.38259077072144
Starting label LEVI, seed 83, iteration 530, time: 327.707706451416
Starting label LEVI, seed 83, iteration 540, time: 336.0343542098999
Starting label LEVI, seed 83, iteration 550, time: 343.3542547225952
Starting label LEVI, seed 83, iteration 560, time: 350.6708834171295
Starting label LEVI, seed 83, iteration 570, time: 358.15049839019775
Starting label LEVI, seed 83, iteration 580, time: 365.0698845386505
Starting label LEVI, seed 83, iteration 590, time: 372.909880399704
Starting label LEVI, seed 83, iteration 600, time: 380.9204525947571
Starting label LEVI, seed 83, iteration 610, time: 388.04165506362915
Starting label LEVI, seed 83, iteration 620, time: 396.14199209213257
Starting label LEVI, seed 83, iteration 630, time: 404.36916947364807
Starting label LEVI, seed 83, iteration 640, time: 412.5169370174408
Starting label LEVI, seed 83, iteration 650, time: 419.73770475387573
Starting label LEVI, seed 83, iteration 660, time: 427.5587365627289
Starting label LEVI, seed 83, iteration 670, time: 434.681298494339
Starting label LEVI, seed 83, iteration 680, time: 442.3888008594513
Starting label LEVI, seed 83, iteration 690, time: 450.395845413208
Starting label LEVI, seed 83, iteration 700, time: 457.9070281982422
Starting label LEVI, seed 83, iteration 710, time: 466.2946901321411
Starting label LEVI, seed 83, iteration 720, time: 473.4374406337738
Starting label LEVI, seed 83, iteration 730, time: 480.77275586128235
Starting label LEVI, seed 83, iteration 740, time: 488.47114300727844
Starting label LEVI, seed 83, iteration 750, time: 496.39330077171326
Starting label LEVI, seed 83, iteration 760, time: 504.68622851371765
Starting label LEVI, seed 83, iteration 770, time: 511.96359419822693
Starting label LEVI, seed 83, iteration 780, time: 519.2190506458282
Starting label LEVI, seed 83, iteration 790, time: 526.5860254764557
Starting label LEVI, seed 83, iteration 800, time: 534.1197454929352
Starting label LEVI, seed 83, iteration 810, time: 542.3072838783264
Starting label LEVI, seed 83, iteration 820, time: 549.8182504177094
Starting label LEVI, seed 83, iteration 830, time: 556.8266596794128
Starting label LEVI, seed 83, iteration 840, time: 564.3293268680573
Starting label LEVI, seed 83, iteration 850, time: 571.7163565158844
Starting label LEVI, seed 83, iteration 860, time: 579.1822021007538
Starting label LEVI, seed 83, iteration 870, time: 586.6976010799408
Starting label LEVI, seed 83, iteration 880, time: 595.0189523696899
Starting label LEVI, seed 83, iteration 890, time: 603.8052175045013
Starting label LEVI, seed 83, iteration 900, time: 611.477685213089
Starting label LEVI, seed 83, iteration 910, time: 619.0222392082214
Starting label LEVI, seed 83, iteration 920, time: 627.243025302887
Starting label LEVI, seed 83, iteration 930, time: 635.7828786373138
Starting label LEVI, seed 83, iteration 940, time: 644.033031463623
Starting label LEVI, seed 83, iteration 950, time: 652.7333240509033
Starting label LEVI, seed 83, iteration 960, time: 660.3946702480316
Starting label LEVI, seed 83, iteration 970, time: 667.9398546218872
Starting label LEVI, seed 83, iteration 980, time: 675.6562688350677
Starting label LEVI, seed 83, iteration 990, time: 683.2461497783661
Starting label LEVI, seed 83, iteration 1000, time: 690.9607372283936
Starting label LEVI, seed 83, iteration 1010, time: 698.4887413978577
Starting label LEVI, seed 83, iteration 1020, time: 707.1137084960938
Starting label LEVI, seed 83, iteration 1030, time: 714.842791557312
Starting label LEVI, seed 83, iteration 1040, time: 722.4782114028931
Starting label LEVI, seed 83, iteration 1050, time: 730.4501333236694
Starting label LEVI, seed 83, iteration 1060, time: 738.8906695842743
Starting label LEVI, seed 83, iteration 1070, time: 747.7809743881226
Starting label LEVI, seed 83, iteration 1080, time: 756.2637479305267
Starting label LEVI, seed 83, iteration 1090, time: 765.0559709072113
Starting label LEVI, seed 83, iteration 1100, time: 774.3249359130859
Starting label LEVI, seed 83, iteration 1110, time: 783.5923089981079
Starting label LEVI, seed 83, iteration 1120, time: 792.795512676239
Starting label LEVI, seed 83, iteration 1130, time: 802.0706181526184
Starting label LEVI, seed 83, iteration 1140, time: 811.218011379242
Starting label LEVI, seed 83, iteration 1150, time: 820.2567076683044
Starting label LEVI, seed 83, iteration 1160, time: 829.0924270153046
Starting label LEVI, seed 83, iteration 1170, time: 837.5337924957275
Starting label LEVI, seed 83, iteration 1180, time: 845.5501840114594
Starting label LEVI, seed 83, iteration 1190, time: 854.4616966247559
Starting label LEVI, seed 83, iteration 1200, time: 862.9130356311798
Starting label LEVI, seed 83, iteration 1210, time: 871.3737633228302
Starting label LEVI, seed 83, iteration 1220, time: 879.9493358135223
Starting label LEVI, seed 83, iteration 1230, time: 888.1499598026276
Starting label LEVI, seed 83, iteration 1240, time: 896.5147216320038
Starting label LEVI, seed 83, iteration 1250, time: 904.7454943656921
Starting label LEVI, seed 83, iteration 1260, time: 912.9275505542755
Starting label LEVI, seed 83, iteration 1270, time: 921.0717122554779
Starting label LEVI, seed 83, iteration 1280, time: 930.1099946498871
Starting label LEVI, seed 83, iteration 1290, time: 939.0662410259247
Starting label LEVI, seed 83, iteration 1300, time: 948.0412876605988
Starting label LEVI, seed 83, iteration 1310, time: 956.4741823673248
Starting label LEVI, seed 83, iteration 1320, time: 964.7078142166138
Starting label LEVI, seed 83, iteration 1330, time: 973.465238571167
Starting label LEVI, seed 83, iteration 1340, time: 982.2417845726013
Starting label LEVI, seed 83, iteration 1350, time: 991.0103938579559
Starting label LEVI, seed 83, iteration 1360, time: 999.3504190444946
Starting label LEVI, seed 83, iteration 1370, time: 1008.0837159156799
Starting label LEVI, seed 83, iteration 1380, time: 1016.4484417438507
Starting label LEVI, seed 83, iteration 1390, time: 1026.018760919571
Starting label LEVI, seed 83, iteration 1400, time: 1034.4526920318604
Starting label LEVI, seed 83, iteration 1410, time: 1043.4706749916077
Starting label LEVI, seed 83, iteration 1420, time: 1053.091742515564
Starting label LEVI, seed 83, iteration 1430, time: 1061.8608014583588
Starting label LEVI, seed 83, iteration 1440, time: 1069.9650452136993
Starting label LEVI, seed 83, iteration 1450, time: 1078.7253930568695
Starting label LEVI, seed 83, iteration 1460, time: 1087.8195171356201
Starting label LEVI, seed 83, iteration 1470, time: 1096.1881186962128
Starting label LEVI, seed 83, iteration 1480, time: 1105.4316046237946
Starting label LEVI, seed 83, iteration 1490, time: 1113.8626050949097
Starting label LEVI, seed 83, iteration 1500, time: 1122.7623369693756
Starting label LEVI, seed 83, iteration 1510, time: 1131.136729478836
Starting label LEVI, seed 83, iteration 1520, time: 1140.6595838069916
Starting label LEVI, seed 83, iteration 1530, time: 1149.2708594799042
Starting label LEVI, seed 83, iteration 1540, time: 1158.1620416641235
Starting label LEVI, seed 83, iteration 1550, time: 1166.910514831543
Starting label LEVI, seed 83, iteration 1560, time: 1176.5396902561188
Starting label LEVI, seed 83, iteration 1570, time: 1185.094645023346
Starting label LEVI, seed 83, iteration 1580, time: 1194.606611251831
Starting label LEVI, seed 83, iteration 1590, time: 1204.0756149291992
Starting label LEVI, seed 83, iteration 1600, time: 1213.9548180103302
Starting label LEVI, seed 83, iteration 1610, time: 1222.8167469501495
Starting label LEVI, seed 83, iteration 1620, time: 1232.4385766983032
Starting label LEVI, seed 83, iteration 1630, time: 1242.2729904651642
Starting label LEVI, seed 83, iteration 1640, time: 1250.7675080299377
Starting label LEVI, seed 83, iteration 1650, time: 1259.9372246265411
Starting label LEVI, seed 83, iteration 1660, time: 1269.8108711242676
Starting label LEVI, seed 83, iteration 1670, time: 1279.6294784545898
Starting label LEVI, seed 83, iteration 1680, time: 1288.4979996681213
Starting label LEVI, seed 83, iteration 1690, time: 1296.849711894989
Starting label LEVI, seed 83, iteration 1700, time: 1305.4472169876099
Starting label LEVI, seed 83, iteration 1710, time: 1314.5282654762268
Starting label LEVI, seed 83, iteration 1720, time: 1323.9497559070587
Starting label LEVI, seed 83, iteration 1730, time: 1332.8636832237244
Starting label LEVI, seed 83, iteration 1740, time: 1341.7584857940674
Starting label LEVI, seed 83, iteration 1750, time: 1350.3768255710602
Starting label LEVI, seed 83, iteration 1760, time: 1358.9930987358093
Starting label LEVI, seed 83, iteration 1770, time: 1367.503855228424
Starting label LEVI, seed 83, iteration 1780, time: 1376.2986240386963
Starting label LEVI, seed 83, iteration 1790, time: 1385.0694901943207
Starting label LEVI, seed 83, iteration 1800, time: 1395.168921470642
Starting label LEVI, seed 83, iteration 1810, time: 1404.382388830185
Starting label LEVI, seed 83, iteration 1820, time: 1414.1939599514008
Starting label LEVI, seed 83, iteration 1830, time: 1423.1043665409088
Starting label LEVI, seed 83, iteration 1840, time: 1432.404774904251
Starting label LEVI, seed 83, iteration 1850, time: 1442.6045243740082
Starting label LEVI, seed 83, iteration 1860, time: 1452.0361139774323
Starting label LEVI, seed 83, iteration 1870, time: 1462.5556771755219
Starting label LEVI, seed 83, iteration 1880, time: 1471.8239104747772
Starting label LEVI, seed 83, iteration 1890, time: 1482.2217803001404
Starting label LEVI, seed 83, iteration 1900, time: 1491.9587607383728
Starting label LEVI, seed 83, iteration 1910, time: 1502.3566401004791
Starting label LEVI, seed 83, iteration 1920, time: 1511.8267059326172
Starting label LEVI, seed 83, iteration 1930, time: 1521.1071016788483
Starting label LEVI, seed 83, iteration 1940, time: 1530.7838823795319
Starting label LEVI, seed 83, iteration 1950, time: 1540.6924030780792
Starting label LEVI, seed 83, iteration 1960, time: 1550.0117676258087
Starting label LEVI, seed 83, iteration 1970, time: 1559.2880849838257
Starting label LEVI, seed 83, iteration 1980, time: 1568.5036070346832
Starting label LEVI, seed 83, iteration 1990, time: 1578.5929863452911
submitit INFO (2022-10-02 04:44:48,342) - Job completed successfully
