submitit INFO (2022-10-02 02:24:57,677) - Starting with JobEnvironment(job_id=883704_3, hostname=sablab-gpu-07.ece.cornell.edu, local_rank=0(1), node=0(1), global_rank=0(1))
submitit INFO (2022-10-02 02:24:57,678) - Loading pickle: /home/gid-cakmaks/contextual_rs/experiments/wsc_experiments/logs/883704_3/883704_3_submitted.pkl
Appending iterations to existing output!Warning: If parameters other than `iterations` have been changed, this will corrupt the output!
Starting label LEVI, seed 43, iteration 730, time: 1565.1401536464691
Starting label LEVI, seed 43, iteration 740, time: 1743.374163866043
Starting label LEVI, seed 43, iteration 750, time: 1772.6087987422943
Starting label LEVI, seed 43, iteration 760, time: 1776.8781688213348
Starting label LEVI, seed 43, iteration 770, time: 1781.3058352470398
Starting label LEVI, seed 43, iteration 780, time: 1784.8201866149902
Starting label LEVI, seed 43, iteration 790, time: 1789.0059778690338
Starting label LEVI, seed 43, iteration 800, time: 1793.3597176074982
Starting label LEVI, seed 43, iteration 810, time: 1797.1579320430756
Starting label LEVI, seed 43, iteration 820, time: 1801.432020187378
Starting label LEVI, seed 43, iteration 830, time: 1805.5214076042175
Starting label LEVI, seed 43, iteration 840, time: 1808.63050699234
Starting label LEVI, seed 43, iteration 850, time: 1812.0846500396729
Starting label LEVI, seed 43, iteration 860, time: 1815.374796628952
Starting label LEVI, seed 43, iteration 870, time: 1819.419676542282
Starting label LEVI, seed 43, iteration 880, time: 1823.532175064087
Starting label LEVI, seed 43, iteration 890, time: 1826.9410092830658
Starting label LEVI, seed 43, iteration 900, time: 1830.7006332874298
Starting label LEVI, seed 43, iteration 910, time: 1834.2652943134308
Starting label LEVI, seed 43, iteration 920, time: 1838.4952728748322
Starting label LEVI, seed 43, iteration 930, time: 1841.9433135986328
Starting label LEVI, seed 43, iteration 940, time: 1845.7529783248901
Starting label LEVI, seed 43, iteration 950, time: 1849.301753282547
Starting label LEVI, seed 43, iteration 960, time: 1853.1333470344543
Starting label LEVI, seed 43, iteration 970, time: 1857.6199383735657
Starting label LEVI, seed 43, iteration 980, time: 1861.9767458438873
Starting label LEVI, seed 43, iteration 990, time: 1865.8540561199188
Starting label LEVI, seed 43, iteration 1000, time: 1869.721971988678
Starting label LEVI, seed 43, iteration 1010, time: 1874.1469328403473
Starting label LEVI, seed 43, iteration 1020, time: 1878.1313319206238
Starting label LEVI, seed 43, iteration 1030, time: 1882.9907398223877
Starting label LEVI, seed 43, iteration 1040, time: 1887.8988041877747
Starting label LEVI, seed 43, iteration 1050, time: 1892.9906749725342
Starting label LEVI, seed 43, iteration 1060, time: 1897.9094469547272
Starting label LEVI, seed 43, iteration 1070, time: 1903.281281709671
Starting label LEVI, seed 43, iteration 1080, time: 1908.303214788437
Starting label LEVI, seed 43, iteration 1090, time: 1913.0432481765747
Starting label LEVI, seed 43, iteration 1100, time: 1918.2448737621307
Starting label LEVI, seed 43, iteration 1110, time: 1923.622059583664
Starting label LEVI, seed 43, iteration 1120, time: 1928.696823835373
Starting label LEVI, seed 43, iteration 1130, time: 1933.420432806015
Starting label LEVI, seed 43, iteration 1140, time: 1938.1848022937775
Starting label LEVI, seed 43, iteration 1150, time: 1944.191143989563
Starting label LEVI, seed 43, iteration 1160, time: 1948.933604478836
Starting label LEVI, seed 43, iteration 1170, time: 1955.0999977588654
Starting label LEVI, seed 43, iteration 1180, time: 1961.4107296466827
Starting label LEVI, seed 43, iteration 1190, time: 1967.6456179618835
Starting label LEVI, seed 43, iteration 1200, time: 1973.721179008484
Starting label LEVI, seed 43, iteration 1210, time: 1980.3909101486206
Starting label LEVI, seed 43, iteration 1220, time: 1997.2225413322449
Starting label LEVI, seed 43, iteration 1230, time: 2162.1030611991882
Starting label LEVI, seed 43, iteration 1240, time: 2270.2527434825897
Starting label LEVI, seed 43, iteration 1250, time: 2482.852557182312
Starting label LEVI, seed 43, iteration 1260, time: 2670.6527259349823
Starting label LEVI, seed 43, iteration 1270, time: 2844.86079955101
Starting label LEVI, seed 43, iteration 1280, time: 3049.257323741913
Starting label LEVI, seed 43, iteration 1290, time: 3148.477106332779
Starting label LEVI, seed 43, iteration 1300, time: 3161.182188510895
Starting label LEVI, seed 43, iteration 1310, time: 3174.7637457847595
Starting label LEVI, seed 43, iteration 1320, time: 3204.941552400589
Starting label LEVI, seed 43, iteration 1330, time: 3234.8825566768646
Starting label LEVI, seed 43, iteration 1340, time: 3254.9161500930786
Starting label LEVI, seed 43, iteration 1350, time: 3479.7688739299774
Starting label LEVI, seed 43, iteration 1360, time: 3560.5288739204407
Starting label LEVI, seed 43, iteration 1370, time: 3581.9519124031067
Starting label LEVI, seed 43, iteration 1380, time: 3795.084439754486
Starting label LEVI, seed 43, iteration 1390, time: 4029.1532311439514
Starting label LEVI, seed 43, iteration 1400, time: 4240.21274971962
Starting label LEVI, seed 43, iteration 1410, time: 4469.42869925499
submitit WARNING (2022-10-02 03:15:39,603) - Bypassing signal SIGTERM
submitit WARNING (2022-10-02 03:15:39,604) - Bypassing signal SIGCONT
