submitit INFO (2022-10-02 01:50:19,700) - Starting with JobEnvironment(job_id=883560_2, hostname=desa-compute-01.cs.cornell.edu, local_rank=0(1), node=0(1), global_rank=0(1))
submitit INFO (2022-10-02 01:50:19,701) - Loading pickle: /home/gid-cakmaks/contextual_rs/experiments/wsc_experiments/logs/883560_2/883560_2_submitted.pkl
Starting label LEVI, seed 42, iteration 0, time: 0.010574102401733398
Starting label LEVI, seed 42, iteration 10, time: 3.4809672832489014
Starting label LEVI, seed 42, iteration 20, time: 6.909065246582031
Starting label LEVI, seed 42, iteration 30, time: 10.382323980331421
Starting label LEVI, seed 42, iteration 40, time: 14.1919264793396
Starting label LEVI, seed 42, iteration 50, time: 17.974375247955322
Starting label LEVI, seed 42, iteration 60, time: 21.619457244873047
Starting label LEVI, seed 42, iteration 70, time: 25.30002522468567
Starting label LEVI, seed 42, iteration 80, time: 28.887505292892456
Starting label LEVI, seed 42, iteration 90, time: 32.375304222106934
Starting label LEVI, seed 42, iteration 100, time: 35.91546320915222
Starting label LEVI, seed 42, iteration 110, time: 39.20198154449463
Starting label LEVI, seed 42, iteration 120, time: 42.463793992996216
Starting label LEVI, seed 42, iteration 130, time: 45.6519455909729
Starting label LEVI, seed 42, iteration 140, time: 49.03702187538147
Starting label LEVI, seed 42, iteration 150, time: 52.68481087684631
Starting label LEVI, seed 42, iteration 160, time: 56.34000062942505
Starting label LEVI, seed 42, iteration 170, time: 60.00391721725464
Starting label LEVI, seed 42, iteration 180, time: 63.6789436340332
Starting label LEVI, seed 42, iteration 190, time: 67.31530380249023
Starting label LEVI, seed 42, iteration 200, time: 70.9884078502655
Starting label LEVI, seed 42, iteration 210, time: 74.69018697738647
Starting label LEVI, seed 42, iteration 220, time: 78.44133734703064
Starting label LEVI, seed 42, iteration 230, time: 82.38940525054932
Starting label LEVI, seed 42, iteration 240, time: 86.1214075088501
Starting label LEVI, seed 42, iteration 250, time: 89.9718828201294
Starting label LEVI, seed 42, iteration 260, time: 93.7975902557373
Starting label LEVI, seed 42, iteration 270, time: 97.72720146179199
Starting label LEVI, seed 42, iteration 280, time: 101.58363056182861
Starting label LEVI, seed 42, iteration 290, time: 105.38028907775879
Starting label LEVI, seed 42, iteration 300, time: 109.10674738883972
Starting label LEVI, seed 42, iteration 310, time: 112.7693178653717
Starting label LEVI, seed 42, iteration 320, time: 116.44077897071838
Starting label LEVI, seed 42, iteration 330, time: 120.12525939941406
Starting label LEVI, seed 42, iteration 340, time: 123.92364525794983
Starting label LEVI, seed 42, iteration 350, time: 127.68992590904236
Starting label LEVI, seed 42, iteration 360, time: 131.51447653770447
Starting label LEVI, seed 42, iteration 370, time: 135.38830471038818
Starting label LEVI, seed 42, iteration 380, time: 139.40088200569153
Starting label LEVI, seed 42, iteration 390, time: 143.3662383556366
Starting label LEVI, seed 42, iteration 400, time: 147.29271578788757
Starting label LEVI, seed 42, iteration 410, time: 151.38188815116882
Starting label LEVI, seed 42, iteration 420, time: 155.4133996963501
Starting label LEVI, seed 42, iteration 430, time: 159.36692070960999
Starting label LEVI, seed 42, iteration 440, time: 163.61531019210815
Starting label LEVI, seed 42, iteration 450, time: 167.90001392364502
Starting label LEVI, seed 42, iteration 460, time: 172.27579951286316
Starting label LEVI, seed 42, iteration 470, time: 176.6136965751648
Starting label LEVI, seed 42, iteration 480, time: 181.06544995307922
Starting label LEVI, seed 42, iteration 490, time: 185.41863560676575
Starting label LEVI, seed 42, iteration 500, time: 189.6463794708252
Starting label LEVI, seed 42, iteration 510, time: 194.17144322395325
Starting label LEVI, seed 42, iteration 520, time: 198.38946676254272
Starting label LEVI, seed 42, iteration 530, time: 202.73575854301453
Starting label LEVI, seed 42, iteration 540, time: 206.93484163284302
Starting label LEVI, seed 42, iteration 550, time: 211.0954978466034
Starting label LEVI, seed 42, iteration 560, time: 215.52803444862366
Starting label LEVI, seed 42, iteration 570, time: 219.83681201934814
Starting label LEVI, seed 42, iteration 580, time: 224.3536024093628
Starting label LEVI, seed 42, iteration 590, time: 228.78014302253723
Starting label LEVI, seed 42, iteration 600, time: 233.2958278656006
Starting label LEVI, seed 42, iteration 610, time: 237.73237013816833
Starting label LEVI, seed 42, iteration 620, time: 242.24947309494019
Starting label LEVI, seed 42, iteration 630, time: 246.8209044933319
Starting label LEVI, seed 42, iteration 640, time: 251.78471159934998
Starting label LEVI, seed 42, iteration 650, time: 256.4727020263672
Starting label LEVI, seed 42, iteration 660, time: 261.15869188308716
Starting label LEVI, seed 42, iteration 670, time: 265.678405046463
Starting label LEVI, seed 42, iteration 680, time: 270.4399085044861
Starting label LEVI, seed 42, iteration 690, time: 275.5393388271332
Starting label LEVI, seed 42, iteration 700, time: 280.44312739372253
Starting label LEVI, seed 42, iteration 710, time: 285.43458795547485
Starting label LEVI, seed 42, iteration 720, time: 290.4876503944397
submitit WARNING (2022-10-02 01:55:12,506) - Bypassing signal SIGCONT
submitit WARNING (2022-10-02 01:55:12,571) - Bypassing signal SIGTERM
Starting label LEVI, seed 42, iteration 730, time: 295.54717779159546
Starting label LEVI, seed 42, iteration 740, time: 300.30615758895874
Starting label LEVI, seed 42, iteration 750, time: 304.8805525302887
Starting label LEVI, seed 42, iteration 760, time: 309.3277521133423
Starting label LEVI, seed 42, iteration 770, time: 313.7111439704895
Starting label LEVI, seed 42, iteration 780, time: 318.0618109703064
