submitit INFO (2022-10-02 00:30:02,638) - Starting with JobEnvironment(job_id=883272_3, hostname=rush-compute-01.tech.cornell.edu, local_rank=0(1), node=0(1), global_rank=0(1))
submitit INFO (2022-10-02 00:30:02,638) - Loading pickle: /home/gid-cakmaks/contextual_rs/experiments/wsc_experiments/logs/883272_3/883272_3_submitted.pkl
Starting label LEVI, seed 43, iteration 0, time: 0.0004181861877441406
Starting label LEVI, seed 43, iteration 10, time: 2.989751100540161
Starting label LEVI, seed 43, iteration 20, time: 5.81062126159668
Starting label LEVI, seed 43, iteration 30, time: 8.610963582992554
Starting label LEVI, seed 43, iteration 40, time: 11.445109844207764
Starting label LEVI, seed 43, iteration 50, time: 14.341772079467773
Starting label LEVI, seed 43, iteration 60, time: 17.310887336730957
Starting label LEVI, seed 43, iteration 70, time: 20.226686716079712
Starting label LEVI, seed 43, iteration 80, time: 23.090539932250977
Starting label LEVI, seed 43, iteration 90, time: 25.966442346572876
Starting label LEVI, seed 43, iteration 100, time: 28.844083309173584
Starting label LEVI, seed 43, iteration 110, time: 31.72695541381836
Starting label LEVI, seed 43, iteration 120, time: 34.624024391174316
Starting label LEVI, seed 43, iteration 130, time: 37.54666304588318
Starting label LEVI, seed 43, iteration 140, time: 40.77716279029846
Starting label LEVI, seed 43, iteration 150, time: 44.09787940979004
Starting label LEVI, seed 43, iteration 160, time: 47.30493402481079
Starting label LEVI, seed 43, iteration 170, time: 50.581735134124756
Starting label LEVI, seed 43, iteration 180, time: 53.78133535385132
Starting label LEVI, seed 43, iteration 190, time: 57.13013172149658
Starting label LEVI, seed 43, iteration 200, time: 60.33618974685669
Starting label LEVI, seed 43, iteration 210, time: 63.524654388427734
Starting label LEVI, seed 43, iteration 220, time: 66.80234479904175
Starting label LEVI, seed 43, iteration 230, time: 70.04757595062256
Starting label LEVI, seed 43, iteration 240, time: 73.08081007003784
Starting label LEVI, seed 43, iteration 250, time: 76.1433367729187
Starting label LEVI, seed 43, iteration 260, time: 79.32113456726074
Starting label LEVI, seed 43, iteration 270, time: 82.54836750030518
Starting label LEVI, seed 43, iteration 280, time: 85.53755068778992
Starting label LEVI, seed 43, iteration 290, time: 88.70081973075867
Starting label LEVI, seed 43, iteration 300, time: 91.8752212524414
Starting label LEVI, seed 43, iteration 310, time: 95.2044882774353
Starting label LEVI, seed 43, iteration 320, time: 98.36692786216736
Starting label LEVI, seed 43, iteration 330, time: 101.68619751930237
Starting label LEVI, seed 43, iteration 340, time: 104.98877882957458
Starting label LEVI, seed 43, iteration 350, time: 108.37704253196716
Starting label LEVI, seed 43, iteration 360, time: 111.80164813995361
Starting label LEVI, seed 43, iteration 370, time: 115.02329921722412
Starting label LEVI, seed 43, iteration 380, time: 118.47548580169678
Starting label LEVI, seed 43, iteration 390, time: 122.19312286376953
Starting label LEVI, seed 43, iteration 400, time: 125.65055751800537
Starting label LEVI, seed 43, iteration 410, time: 129.16290402412415
Starting label LEVI, seed 43, iteration 420, time: 132.64110326766968
Starting label LEVI, seed 43, iteration 430, time: 136.16797423362732
Starting label LEVI, seed 43, iteration 440, time: 139.62076544761658
Starting label LEVI, seed 43, iteration 450, time: 143.18184232711792
Starting label LEVI, seed 43, iteration 460, time: 146.85988330841064
Starting label LEVI, seed 43, iteration 470, time: 150.65875339508057
Starting label LEVI, seed 43, iteration 480, time: 154.4306137561798
Starting label LEVI, seed 43, iteration 490, time: 158.25134778022766
Starting label LEVI, seed 43, iteration 500, time: 161.976243019104
Starting label LEVI, seed 43, iteration 510, time: 165.79275369644165
Starting label LEVI, seed 43, iteration 520, time: 169.8404824733734
Starting label LEVI, seed 43, iteration 530, time: 173.95357036590576
Starting label LEVI, seed 43, iteration 540, time: 178.02404046058655
Starting label LEVI, seed 43, iteration 550, time: 181.86739492416382
Starting label LEVI, seed 43, iteration 560, time: 186.21695399284363
Starting label LEVI, seed 43, iteration 570, time: 190.37434554100037
Starting label LEVI, seed 43, iteration 580, time: 194.56755447387695
Starting label LEVI, seed 43, iteration 590, time: 198.53741836547852
Starting label LEVI, seed 43, iteration 600, time: 202.95981884002686
Starting label LEVI, seed 43, iteration 610, time: 207.3834409713745
Starting label LEVI, seed 43, iteration 620, time: 211.4618546962738
Starting label LEVI, seed 43, iteration 630, time: 215.8541030883789
Starting label LEVI, seed 43, iteration 640, time: 220.30556774139404
Starting label LEVI, seed 43, iteration 650, time: 225.21329140663147
Starting label LEVI, seed 43, iteration 660, time: 229.99415683746338
Starting label LEVI, seed 43, iteration 670, time: 234.88602662086487
Starting label LEVI, seed 43, iteration 680, time: 239.29007697105408
Starting label LEVI, seed 43, iteration 690, time: 244.66251516342163
Starting label LEVI, seed 43, iteration 700, time: 250.3477234840393
Starting label LEVI, seed 43, iteration 710, time: 255.63681173324585
Starting label LEVI, seed 43, iteration 720, time: 260.71791648864746
Starting label LEVI, seed 43, iteration 730, time: 266.03605937957764
Starting label LEVI, seed 43, iteration 740, time: 271.3576340675354
Starting label LEVI, seed 43, iteration 750, time: 276.91120958328247
Starting label LEVI, seed 43, iteration 760, time: 282.8341419696808
Starting label LEVI, seed 43, iteration 770, time: 288.07943892478943
Starting label LEVI, seed 43, iteration 780, time: 294.0920081138611
Starting label LEVI, seed 43, iteration 790, time: 300.4253354072571
Starting label LEVI, seed 43, iteration 800, time: 305.9378113746643
Starting label LEVI, seed 43, iteration 810, time: 311.173513174057
Starting label LEVI, seed 43, iteration 820, time: 317.23986053466797
Starting label LEVI, seed 43, iteration 830, time: 323.51532316207886
Starting label LEVI, seed 43, iteration 840, time: 329.5625936985016
Starting label LEVI, seed 43, iteration 850, time: 335.58935952186584
Starting label LEVI, seed 43, iteration 860, time: 342.39494228363037
Starting label LEVI, seed 43, iteration 870, time: 348.5979905128479
Starting label LEVI, seed 43, iteration 880, time: 354.9852077960968
Starting label LEVI, seed 43, iteration 890, time: 361.33774280548096
Starting label LEVI, seed 43, iteration 900, time: 367.89834117889404
Starting label LEVI, seed 43, iteration 910, time: 374.291983127594
Starting label LEVI, seed 43, iteration 920, time: 381.2986195087433
Starting label LEVI, seed 43, iteration 930, time: 387.9172902107239
Starting label LEVI, seed 43, iteration 940, time: 394.5871784687042
Starting label LEVI, seed 43, iteration 950, time: 400.4518172740936
Starting label LEVI, seed 43, iteration 960, time: 406.9907670021057
Starting label LEVI, seed 43, iteration 970, time: 414.5065996646881
Starting label LEVI, seed 43, iteration 980, time: 421.72279810905457
Starting label LEVI, seed 43, iteration 990, time: 429.0111949443817
Starting label LEVI, seed 43, iteration 1000, time: 436.3666536808014
Starting label LEVI, seed 43, iteration 1010, time: 444.65595388412476
Starting label LEVI, seed 43, iteration 1020, time: 452.5406069755554
Starting label LEVI, seed 43, iteration 1030, time: 460.9092071056366
Starting label LEVI, seed 43, iteration 1040, time: 471.45608401298523
Starting label LEVI, seed 43, iteration 1050, time: 479.37482953071594
Starting label LEVI, seed 43, iteration 1060, time: 487.0725677013397
Starting label LEVI, seed 43, iteration 1070, time: 495.51002502441406
Starting label LEVI, seed 43, iteration 1080, time: 504.42634415626526
Starting label LEVI, seed 43, iteration 1090, time: 511.7094476222992
Starting label LEVI, seed 43, iteration 1100, time: 519.3955745697021
Starting label LEVI, seed 43, iteration 1110, time: 528.6309337615967
Starting label LEVI, seed 43, iteration 1120, time: 537.628725528717
Starting label LEVI, seed 43, iteration 1130, time: 547.6052353382111
Starting label LEVI, seed 43, iteration 1140, time: 556.078006029129
Starting label LEVI, seed 43, iteration 1150, time: 564.6384513378143
Starting label LEVI, seed 43, iteration 1160, time: 575.021642446518
Starting label LEVI, seed 43, iteration 1170, time: 585.0111455917358
Starting label LEVI, seed 43, iteration 1180, time: 595.9491956233978
Starting label LEVI, seed 43, iteration 1190, time: 607.1820948123932
Starting label LEVI, seed 43, iteration 1200, time: 616.5890219211578
Starting label LEVI, seed 43, iteration 1210, time: 627.2668762207031
Starting label LEVI, seed 43, iteration 1220, time: 638.5514750480652
Starting label LEVI, seed 43, iteration 1230, time: 650.4223675727844
Starting label LEVI, seed 43, iteration 1240, time: 663.1501178741455
Starting label LEVI, seed 43, iteration 1250, time: 673.5949094295502
Starting label LEVI, seed 43, iteration 1260, time: 683.8656697273254
Starting label LEVI, seed 43, iteration 1270, time: 694.6297128200531
Starting label LEVI, seed 43, iteration 1280, time: 707.6326563358307
Starting label LEVI, seed 43, iteration 1290, time: 720.6119608879089
Starting label LEVI, seed 43, iteration 1300, time: 732.1479196548462
Starting label LEVI, seed 43, iteration 1310, time: 745.5768404006958
Starting label LEVI, seed 43, iteration 1320, time: 758.0878636837006
Starting label LEVI, seed 43, iteration 1330, time: 771.20472407341
Starting label LEVI, seed 43, iteration 1340, time: 785.1998929977417
Starting label LEVI, seed 43, iteration 1350, time: 800.5555498600006
Starting label LEVI, seed 43, iteration 1360, time: 815.3901877403259
Starting label LEVI, seed 43, iteration 1370, time: 830.2401413917542
Starting label LEVI, seed 43, iteration 1380, time: 843.4101755619049
Starting label LEVI, seed 43, iteration 1390, time: 855.7401580810547
Starting label LEVI, seed 43, iteration 1400, time: 868.4976556301117
Starting label LEVI, seed 43, iteration 1410, time: 884.8614749908447
Starting label LEVI, seed 43, iteration 1420, time: 897.5093469619751
Starting label LEVI, seed 43, iteration 1430, time: 911.5905838012695
Starting label LEVI, seed 43, iteration 1440, time: 924.691159248352
Starting label LEVI, seed 43, iteration 1450, time: 941.8307268619537
Starting label LEVI, seed 43, iteration 1460, time: 956.5558960437775
Starting label LEVI, seed 43, iteration 1470, time: 971.3427033424377
Starting label LEVI, seed 43, iteration 1480, time: 985.2409090995789
Starting label LEVI, seed 43, iteration 1490, time: 998.8953738212585
Starting label LEVI, seed 43, iteration 1500, time: 1012.5998909473419
Starting label LEVI, seed 43, iteration 1510, time: 1030.702222585678
Starting label LEVI, seed 43, iteration 1520, time: 1048.2427072525024
Starting label LEVI, seed 43, iteration 1530, time: 1065.9783687591553
Starting label LEVI, seed 43, iteration 1540, time: 1084.9508836269379
Starting label LEVI, seed 43, iteration 1550, time: 1103.1238057613373
Starting label LEVI, seed 43, iteration 1560, time: 1122.0429499149323
Starting label LEVI, seed 43, iteration 1570, time: 1140.1751573085785
Starting label LEVI, seed 43, iteration 1580, time: 1159.7482466697693
Starting label LEVI, seed 43, iteration 1590, time: 1180.409077167511
Starting label LEVI, seed 43, iteration 1600, time: 1197.654001235962
Starting label LEVI, seed 43, iteration 1610, time: 1213.8841729164124
Starting label LEVI, seed 43, iteration 1620, time: 1235.1845433712006
Starting label LEVI, seed 43, iteration 1630, time: 1255.0532557964325
Starting label LEVI, seed 43, iteration 1640, time: 1274.033849477768
Starting label LEVI, seed 43, iteration 1650, time: 1291.482850074768
Starting label LEVI, seed 43, iteration 1660, time: 1311.6241908073425
Starting label LEVI, seed 43, iteration 1670, time: 1330.2754271030426
Starting label LEVI, seed 43, iteration 1680, time: 1354.64466381073
Starting label LEVI, seed 43, iteration 1690, time: 1373.0077629089355
Starting label LEVI, seed 43, iteration 1700, time: 1395.3527250289917
Starting label LEVI, seed 43, iteration 1710, time: 1416.1110019683838
Starting label LEVI, seed 43, iteration 1720, time: 1434.0238964557648
Starting label LEVI, seed 43, iteration 1730, time: 1455.1226115226746
Starting label LEVI, seed 43, iteration 1740, time: 1479.464946269989
Starting label LEVI, seed 43, iteration 1750, time: 1503.3329575061798
Starting label LEVI, seed 43, iteration 1760, time: 1527.2553460597992
submitit WARNING (2022-10-02 00:55:52,197) - Bypassing signal SIGTERM
submitit WARNING (2022-10-02 00:55:52,198) - Bypassing signal SIGCONT
Starting label LEVI, seed 43, iteration 1770, time: 1551.2212748527527
Starting label LEVI, seed 43, iteration 1780, time: 1569.8595705032349
