submitit INFO (2022-10-02 01:23:22,760) - Starting with JobEnvironment(job_id=883449_7, hostname=belongie-compute-01.tech.cornell.edu, local_rank=0(1), node=0(1), global_rank=0(1))
submitit INFO (2022-10-02 01:23:22,760) - Loading pickle: /home/gid-cakmaks/contextual_rs/experiments/wsc_experiments/logs/883449_7/883449_7_submitted.pkl
Starting label LEVI, seed 37, iteration 0, time: 0.00069427490234375
Starting label LEVI, seed 37, iteration 10, time: 5.086865663528442
Starting label LEVI, seed 37, iteration 20, time: 10.018727779388428
Starting label LEVI, seed 37, iteration 30, time: 14.986096382141113
Starting label LEVI, seed 37, iteration 40, time: 19.803012132644653
Starting label LEVI, seed 37, iteration 50, time: 24.750105381011963
Starting label LEVI, seed 37, iteration 60, time: 29.724205493927002
Starting label LEVI, seed 37, iteration 70, time: 34.87885141372681
Starting label LEVI, seed 37, iteration 80, time: 39.86931800842285
Starting label LEVI, seed 37, iteration 90, time: 44.9091854095459
Starting label LEVI, seed 37, iteration 100, time: 50.49884533882141
Starting label LEVI, seed 37, iteration 110, time: 55.91945791244507
Starting label LEVI, seed 37, iteration 120, time: 61.505865812301636
Starting label LEVI, seed 37, iteration 130, time: 67.20294499397278
Starting label LEVI, seed 37, iteration 140, time: 72.9335789680481
Starting label LEVI, seed 37, iteration 150, time: 79.1158037185669
Starting label LEVI, seed 37, iteration 160, time: 85.15646266937256
Starting label LEVI, seed 37, iteration 170, time: 91.6769552230835
Starting label LEVI, seed 37, iteration 180, time: 98.15278673171997
Starting label LEVI, seed 37, iteration 190, time: 104.89109969139099
Starting label LEVI, seed 37, iteration 200, time: 111.65795135498047
Starting label LEVI, seed 37, iteration 210, time: 118.1927969455719
Starting label LEVI, seed 37, iteration 220, time: 124.78898453712463
Starting label LEVI, seed 37, iteration 230, time: 131.40196824073792
Starting label LEVI, seed 37, iteration 240, time: 138.21727061271667
Starting label LEVI, seed 37, iteration 250, time: 144.79275178909302
Starting label LEVI, seed 37, iteration 260, time: 151.30591940879822
Starting label LEVI, seed 37, iteration 270, time: 157.90455436706543
Starting label LEVI, seed 37, iteration 280, time: 164.7321593761444
Starting label LEVI, seed 37, iteration 290, time: 171.54075622558594
Starting label LEVI, seed 37, iteration 300, time: 178.19174814224243
Starting label LEVI, seed 37, iteration 310, time: 185.07133436203003
Starting label LEVI, seed 37, iteration 320, time: 192.00134682655334
Starting label LEVI, seed 37, iteration 330, time: 199.14877223968506
Starting label LEVI, seed 37, iteration 340, time: 206.26010251045227
Starting label LEVI, seed 37, iteration 350, time: 213.52341413497925
Starting label LEVI, seed 37, iteration 360, time: 220.79876923561096
Starting label LEVI, seed 37, iteration 370, time: 228.31293034553528
Starting label LEVI, seed 37, iteration 380, time: 235.69384789466858
Starting label LEVI, seed 37, iteration 390, time: 242.95921516418457
Starting label LEVI, seed 37, iteration 400, time: 250.2265932559967
Starting label LEVI, seed 37, iteration 410, time: 257.9873843193054
Starting label LEVI, seed 37, iteration 420, time: 265.2126271724701
Starting label LEVI, seed 37, iteration 430, time: 272.8294758796692
Starting label LEVI, seed 37, iteration 440, time: 280.4239983558655
Starting label LEVI, seed 37, iteration 450, time: 288.31158781051636
Starting label LEVI, seed 37, iteration 460, time: 296.0942499637604
Starting label LEVI, seed 37, iteration 470, time: 303.5995075702667
Starting label LEVI, seed 37, iteration 480, time: 311.236515045166
Starting label LEVI, seed 37, iteration 490, time: 319.08717703819275
Starting label LEVI, seed 37, iteration 500, time: 326.7330734729767
Starting label LEVI, seed 37, iteration 510, time: 334.56617975234985
Starting label LEVI, seed 37, iteration 520, time: 342.4667184352875
Starting label LEVI, seed 37, iteration 530, time: 350.4467294216156
Starting label LEVI, seed 37, iteration 540, time: 358.20025610923767
Starting label LEVI, seed 37, iteration 550, time: 366.2728765010834
Starting label LEVI, seed 37, iteration 560, time: 374.2679696083069
Starting label LEVI, seed 37, iteration 570, time: 382.20292592048645
Starting label LEVI, seed 37, iteration 580, time: 389.8318018913269
Starting label LEVI, seed 37, iteration 590, time: 397.4773347377777
Starting label LEVI, seed 37, iteration 600, time: 405.19436264038086
Starting label LEVI, seed 37, iteration 610, time: 413.0959084033966
Starting label LEVI, seed 37, iteration 620, time: 420.99010157585144
Starting label LEVI, seed 37, iteration 630, time: 428.96470284461975
Starting label LEVI, seed 37, iteration 640, time: 437.0930280685425
Starting label LEVI, seed 37, iteration 650, time: 444.9713821411133
Starting label LEVI, seed 37, iteration 660, time: 452.62256956100464
Starting label LEVI, seed 37, iteration 670, time: 460.3011610507965
Starting label LEVI, seed 37, iteration 680, time: 468.06669521331787
Starting label LEVI, seed 37, iteration 690, time: 475.80611205101013
Starting label LEVI, seed 37, iteration 700, time: 483.4468493461609
Starting label LEVI, seed 37, iteration 710, time: 491.28574800491333
Starting label LEVI, seed 37, iteration 720, time: 499.16889572143555
Starting label LEVI, seed 37, iteration 730, time: 507.051634311676
Starting label LEVI, seed 37, iteration 740, time: 515.1023986339569
Starting label LEVI, seed 37, iteration 750, time: 523.3928618431091
Starting label LEVI, seed 37, iteration 760, time: 531.9535245895386
Starting label LEVI, seed 37, iteration 770, time: 540.1121385097504
Starting label LEVI, seed 37, iteration 780, time: 548.4784843921661
Starting label LEVI, seed 37, iteration 790, time: 557.0964949131012
Starting label LEVI, seed 37, iteration 800, time: 565.8262803554535
Starting label LEVI, seed 37, iteration 810, time: 574.4392156600952
Starting label LEVI, seed 37, iteration 820, time: 583.6426503658295
Starting label LEVI, seed 37, iteration 830, time: 592.786740064621
Starting label LEVI, seed 37, iteration 840, time: 601.6312048435211
Starting label LEVI, seed 37, iteration 850, time: 610.280775308609
Starting label LEVI, seed 37, iteration 860, time: 619.5497496128082
Starting label LEVI, seed 37, iteration 870, time: 628.0981435775757
Starting label LEVI, seed 37, iteration 880, time: 637.0185835361481
Starting label LEVI, seed 37, iteration 890, time: 646.1301333904266
Starting label LEVI, seed 37, iteration 900, time: 655.6058986186981
Starting label LEVI, seed 37, iteration 910, time: 664.2146875858307
Starting label LEVI, seed 37, iteration 920, time: 673.1674296855927
Starting label LEVI, seed 37, iteration 930, time: 682.0634832382202
Starting label LEVI, seed 37, iteration 940, time: 690.414891242981
Starting label LEVI, seed 37, iteration 950, time: 699.5443224906921
Starting label LEVI, seed 37, iteration 960, time: 708.1748168468475
Starting label LEVI, seed 37, iteration 970, time: 716.5306594371796
Starting label LEVI, seed 37, iteration 980, time: 725.3481688499451
Starting label LEVI, seed 37, iteration 990, time: 733.4595534801483
Starting label LEVI, seed 37, iteration 1000, time: 742.0993402004242
Starting label LEVI, seed 37, iteration 1010, time: 750.1501929759979
Starting label LEVI, seed 37, iteration 1020, time: 758.428813457489
Starting label LEVI, seed 37, iteration 1030, time: 766.7722682952881
Starting label LEVI, seed 37, iteration 1040, time: 775.207028388977
Starting label LEVI, seed 37, iteration 1050, time: 783.7681088447571
Starting label LEVI, seed 37, iteration 1060, time: 792.5628039836884
Starting label LEVI, seed 37, iteration 1070, time: 801.2913949489594
Starting label LEVI, seed 37, iteration 1080, time: 810.0187849998474
Starting label LEVI, seed 37, iteration 1090, time: 818.7057797908783
Starting label LEVI, seed 37, iteration 1100, time: 827.6163229942322
Starting label LEVI, seed 37, iteration 1110, time: 836.3468239307404
Starting label LEVI, seed 37, iteration 1120, time: 844.9248433113098
Starting label LEVI, seed 37, iteration 1130, time: 854.4346280097961
Starting label LEVI, seed 37, iteration 1140, time: 863.7193834781647
Starting label LEVI, seed 37, iteration 1150, time: 873.3364360332489
Starting label LEVI, seed 37, iteration 1160, time: 883.2398631572723
Starting label LEVI, seed 37, iteration 1170, time: 892.8813524246216
Starting label LEVI, seed 37, iteration 1180, time: 902.7338144779205
Starting label LEVI, seed 37, iteration 1190, time: 912.1041195392609
Starting label LEVI, seed 37, iteration 1200, time: 922.1684944629669
Starting label LEVI, seed 37, iteration 1210, time: 931.9407424926758
Starting label LEVI, seed 37, iteration 1220, time: 941.9933400154114
Starting label LEVI, seed 37, iteration 1230, time: 952.5514829158783
Starting label LEVI, seed 37, iteration 1240, time: 962.5847692489624
Starting label LEVI, seed 37, iteration 1250, time: 972.576080083847
Starting label LEVI, seed 37, iteration 1260, time: 982.6874635219574
Starting label LEVI, seed 37, iteration 1270, time: 992.9560272693634
Starting label LEVI, seed 37, iteration 1280, time: 1003.1689233779907
Starting label LEVI, seed 37, iteration 1290, time: 1013.7051725387573
Starting label LEVI, seed 37, iteration 1300, time: 1023.7950177192688
Starting label LEVI, seed 37, iteration 1310, time: 1033.947595357895
Starting label LEVI, seed 37, iteration 1320, time: 1044.6159114837646
Starting label LEVI, seed 37, iteration 1330, time: 1054.8342666625977
Starting label LEVI, seed 37, iteration 1340, time: 1064.8209249973297
Starting label LEVI, seed 37, iteration 1350, time: 1074.7801864147186
Starting label LEVI, seed 37, iteration 1360, time: 1084.9198622703552
Starting label LEVI, seed 37, iteration 1370, time: 1095.1799602508545
Starting label LEVI, seed 37, iteration 1380, time: 1105.6937067508698
Starting label LEVI, seed 37, iteration 1390, time: 1115.9978981018066
Starting label LEVI, seed 37, iteration 1400, time: 1126.4706528186798
Starting label LEVI, seed 37, iteration 1410, time: 1136.9037544727325
Starting label LEVI, seed 37, iteration 1420, time: 1147.0899634361267
Starting label LEVI, seed 37, iteration 1430, time: 1158.400783777237
Starting label LEVI, seed 37, iteration 1440, time: 1168.9166202545166
Starting label LEVI, seed 37, iteration 1450, time: 1179.6270051002502
Starting label LEVI, seed 37, iteration 1460, time: 1190.4158630371094
Starting label LEVI, seed 37, iteration 1470, time: 1200.815237045288
Starting label LEVI, seed 37, iteration 1480, time: 1211.4211883544922
Starting label LEVI, seed 37, iteration 1490, time: 1222.1964886188507
Starting label LEVI, seed 37, iteration 1500, time: 1232.5392680168152
Starting label LEVI, seed 37, iteration 1510, time: 1243.154274225235
Starting label LEVI, seed 37, iteration 1520, time: 1253.6268043518066
Starting label LEVI, seed 37, iteration 1530, time: 1264.7606167793274
Starting label LEVI, seed 37, iteration 1540, time: 1275.9589545726776
Starting label LEVI, seed 37, iteration 1550, time: 1286.904206752777
Starting label LEVI, seed 37, iteration 1560, time: 1298.1316385269165
Starting label LEVI, seed 37, iteration 1570, time: 1309.3097257614136
Starting label LEVI, seed 37, iteration 1580, time: 1320.5518078804016
Starting label LEVI, seed 37, iteration 1590, time: 1331.5715110301971
Starting label LEVI, seed 37, iteration 1600, time: 1342.8402194976807
Starting label LEVI, seed 37, iteration 1610, time: 1353.8974478244781
Starting label LEVI, seed 37, iteration 1620, time: 1365.2495121955872
Starting label LEVI, seed 37, iteration 1630, time: 1376.3121240139008
Starting label LEVI, seed 37, iteration 1640, time: 1387.393152475357
Starting label LEVI, seed 37, iteration 1650, time: 1398.6144378185272
Starting label LEVI, seed 37, iteration 1660, time: 1409.4662194252014
Starting label LEVI, seed 37, iteration 1670, time: 1420.1198489665985
Starting label LEVI, seed 37, iteration 1680, time: 1431.3661499023438
Starting label LEVI, seed 37, iteration 1690, time: 1442.1822926998138
Starting label LEVI, seed 37, iteration 1700, time: 1452.913122177124
Starting label LEVI, seed 37, iteration 1710, time: 1463.8459992408752
Starting label LEVI, seed 37, iteration 1720, time: 1474.7248780727386
Starting label LEVI, seed 37, iteration 1730, time: 1485.7434618473053
Starting label LEVI, seed 37, iteration 1740, time: 1496.649141550064
Starting label LEVI, seed 37, iteration 1750, time: 1508.6802127361298
Starting label LEVI, seed 37, iteration 1760, time: 1520.3348517417908
Starting label LEVI, seed 37, iteration 1770, time: 1532.1093776226044
Starting label LEVI, seed 37, iteration 1780, time: 1543.6482589244843
Starting label LEVI, seed 37, iteration 1790, time: 1555.0910494327545
submitit WARNING (2022-10-02 01:49:22,457) - Bypassing signal SIGCONT
submitit WARNING (2022-10-02 01:49:22,533) - Bypassing signal SIGTERM
Starting label LEVI, seed 37, iteration 1800, time: 1566.190675020218
Starting label LEVI, seed 37, iteration 1810, time: 1577.5744533538818
