submitit INFO (2022-10-02 00:29:42,908) - Starting with JobEnvironment(job_id=883252_0, hostname=hariharan-compute-02.cs.cornell.edu, local_rank=0(1), node=0(1), global_rank=0(1))
submitit INFO (2022-10-02 00:29:42,909) - Loading pickle: /home/gid-cakmaks/contextual_rs/experiments/wsc_experiments/logs/883252_0/883252_0_submitted.pkl
Starting label LEVI, seed 20, iteration 0, time: 0.0007414817810058594
Starting label LEVI, seed 20, iteration 10, time: 2.8804771900177
Starting label LEVI, seed 20, iteration 20, time: 5.744792699813843
Starting label LEVI, seed 20, iteration 30, time: 8.56059980392456
Starting label LEVI, seed 20, iteration 40, time: 11.497586250305176
Starting label LEVI, seed 20, iteration 50, time: 14.38645315170288
Starting label LEVI, seed 20, iteration 60, time: 17.37196683883667
Starting label LEVI, seed 20, iteration 70, time: 20.307546854019165
Starting label LEVI, seed 20, iteration 80, time: 23.269772052764893
Starting label LEVI, seed 20, iteration 90, time: 26.276675939559937
Starting label LEVI, seed 20, iteration 100, time: 29.29384756088257
Starting label LEVI, seed 20, iteration 110, time: 32.31689667701721
Starting label LEVI, seed 20, iteration 120, time: 35.297359466552734
Starting label LEVI, seed 20, iteration 130, time: 38.253328800201416
Starting label LEVI, seed 20, iteration 140, time: 41.293200969696045
Starting label LEVI, seed 20, iteration 150, time: 44.288108825683594
Starting label LEVI, seed 20, iteration 160, time: 47.36354184150696
Starting label LEVI, seed 20, iteration 170, time: 50.391393184661865
Starting label LEVI, seed 20, iteration 180, time: 54.74326729774475
Starting label LEVI, seed 20, iteration 190, time: 59.11919283866882
Starting label LEVI, seed 20, iteration 200, time: 63.30228853225708
Starting label LEVI, seed 20, iteration 210, time: 68.35450100898743
Starting label LEVI, seed 20, iteration 220, time: 73.32441282272339
Starting label LEVI, seed 20, iteration 230, time: 78.50410556793213
Starting label LEVI, seed 20, iteration 240, time: 83.38598227500916
Starting label LEVI, seed 20, iteration 250, time: 88.54961585998535
Starting label LEVI, seed 20, iteration 260, time: 91.92479491233826
Starting label LEVI, seed 20, iteration 270, time: 95.3079743385315
Starting label LEVI, seed 20, iteration 280, time: 98.68090772628784
Starting label LEVI, seed 20, iteration 290, time: 101.95582747459412
Starting label LEVI, seed 20, iteration 300, time: 105.27540993690491
Starting label LEVI, seed 20, iteration 310, time: 108.49806523323059
Starting label LEVI, seed 20, iteration 320, time: 111.6541097164154
Starting label LEVI, seed 20, iteration 330, time: 114.81158113479614
Starting label LEVI, seed 20, iteration 340, time: 117.84212708473206
Starting label LEVI, seed 20, iteration 350, time: 121.01057982444763
Starting label LEVI, seed 20, iteration 360, time: 124.20366740226746
Starting label LEVI, seed 20, iteration 370, time: 127.40884566307068
Starting label LEVI, seed 20, iteration 380, time: 130.58034372329712
Starting label LEVI, seed 20, iteration 390, time: 133.9513897895813
Starting label LEVI, seed 20, iteration 400, time: 137.1502342224121
Starting label LEVI, seed 20, iteration 410, time: 140.45315504074097
Starting label LEVI, seed 20, iteration 420, time: 143.62270784378052
Starting label LEVI, seed 20, iteration 430, time: 146.91172409057617
Starting label LEVI, seed 20, iteration 440, time: 150.2532455921173
Starting label LEVI, seed 20, iteration 450, time: 154.4255735874176
Starting label LEVI, seed 20, iteration 460, time: 158.6558985710144
Starting label LEVI, seed 20, iteration 470, time: 163.09508872032166
Starting label LEVI, seed 20, iteration 480, time: 167.51184344291687
Starting label LEVI, seed 20, iteration 490, time: 171.84742164611816
Starting label LEVI, seed 20, iteration 500, time: 176.53279995918274
Starting label LEVI, seed 20, iteration 510, time: 180.76131319999695
Starting label LEVI, seed 20, iteration 520, time: 185.1217222213745
Starting label LEVI, seed 20, iteration 530, time: 189.1259114742279
Starting label LEVI, seed 20, iteration 540, time: 193.24664545059204
Starting label LEVI, seed 20, iteration 550, time: 199.10927939414978
Starting label LEVI, seed 20, iteration 560, time: 204.46493864059448
Starting label LEVI, seed 20, iteration 570, time: 210.17246627807617
Starting label LEVI, seed 20, iteration 580, time: 215.16317415237427
Starting label LEVI, seed 20, iteration 590, time: 220.82187628746033
Starting label LEVI, seed 20, iteration 600, time: 226.13392424583435
Starting label LEVI, seed 20, iteration 610, time: 231.33425784111023
Starting label LEVI, seed 20, iteration 620, time: 236.3074848651886
Starting label LEVI, seed 20, iteration 630, time: 241.81492376327515
Starting label LEVI, seed 20, iteration 640, time: 247.12912821769714
Starting label LEVI, seed 20, iteration 650, time: 251.38136839866638
Starting label LEVI, seed 20, iteration 660, time: 256.1553122997284
Starting label LEVI, seed 20, iteration 670, time: 263.4379618167877
Starting label LEVI, seed 20, iteration 680, time: 269.4940240383148
Starting label LEVI, seed 20, iteration 690, time: 274.0756165981293
Starting label LEVI, seed 20, iteration 700, time: 278.8182671070099
Starting label LEVI, seed 20, iteration 710, time: 283.79365825653076
Starting label LEVI, seed 20, iteration 720, time: 288.8590667247772
Starting label LEVI, seed 20, iteration 730, time: 293.6205072402954
Starting label LEVI, seed 20, iteration 740, time: 298.30840373039246
Starting label LEVI, seed 20, iteration 750, time: 302.7101798057556
Starting label LEVI, seed 20, iteration 760, time: 307.3963031768799
Starting label LEVI, seed 20, iteration 770, time: 311.77220129966736
Starting label LEVI, seed 20, iteration 780, time: 316.09147238731384
Starting label LEVI, seed 20, iteration 790, time: 320.62971663475037
Starting label LEVI, seed 20, iteration 800, time: 325.9681534767151
Starting label LEVI, seed 20, iteration 810, time: 331.26300525665283
Starting label LEVI, seed 20, iteration 820, time: 335.8914940357208
Starting label LEVI, seed 20, iteration 830, time: 341.28031396865845
Starting label LEVI, seed 20, iteration 840, time: 346.087530374527
Starting label LEVI, seed 20, iteration 850, time: 351.76082944869995
Starting label LEVI, seed 20, iteration 860, time: 357.49692606925964
Starting label LEVI, seed 20, iteration 870, time: 362.62489795684814
Starting label LEVI, seed 20, iteration 880, time: 368.5505464076996
Starting label LEVI, seed 20, iteration 890, time: 374.5338683128357
Starting label LEVI, seed 20, iteration 900, time: 380.2516450881958
Starting label LEVI, seed 20, iteration 910, time: 385.5881440639496
Starting label LEVI, seed 20, iteration 920, time: 391.5260560512543
Starting label LEVI, seed 20, iteration 930, time: 397.46276211738586
Starting label LEVI, seed 20, iteration 940, time: 402.87697434425354
Starting label LEVI, seed 20, iteration 950, time: 408.50440859794617
Starting label LEVI, seed 20, iteration 960, time: 414.2412531375885
Starting label LEVI, seed 20, iteration 970, time: 419.51189064979553
Starting label LEVI, seed 20, iteration 980, time: 424.9391231536865
Starting label LEVI, seed 20, iteration 990, time: 430.6078290939331
Starting label LEVI, seed 20, iteration 1000, time: 437.0031304359436
Starting label LEVI, seed 20, iteration 1010, time: 443.45489716529846
Starting label LEVI, seed 20, iteration 1020, time: 449.46286725997925
Starting label LEVI, seed 20, iteration 1030, time: 455.66258931159973
Starting label LEVI, seed 20, iteration 1040, time: 462.6110670566559
Starting label LEVI, seed 20, iteration 1050, time: 469.7002110481262
Starting label LEVI, seed 20, iteration 1060, time: 476.3668899536133
Starting label LEVI, seed 20, iteration 1070, time: 483.3802978992462
Starting label LEVI, seed 20, iteration 1080, time: 489.80247926712036
Starting label LEVI, seed 20, iteration 1090, time: 496.34829115867615
Starting label LEVI, seed 20, iteration 1100, time: 504.31222319602966
Starting label LEVI, seed 20, iteration 1110, time: 511.1715278625488
Starting label LEVI, seed 20, iteration 1120, time: 518.4225254058838
Starting label LEVI, seed 20, iteration 1130, time: 528.0180559158325
Starting label LEVI, seed 20, iteration 1140, time: 535.2571654319763
Starting label LEVI, seed 20, iteration 1150, time: 543.7353582382202
Starting label LEVI, seed 20, iteration 1160, time: 551.1409668922424
Starting label LEVI, seed 20, iteration 1170, time: 558.7658929824829
Starting label LEVI, seed 20, iteration 1180, time: 566.1070132255554
Starting label LEVI, seed 20, iteration 1190, time: 573.3958477973938
Starting label LEVI, seed 20, iteration 1200, time: 580.6460843086243
Starting label LEVI, seed 20, iteration 1210, time: 588.644134759903
Starting label LEVI, seed 20, iteration 1220, time: 596.1742994785309
Starting label LEVI, seed 20, iteration 1230, time: 603.7500450611115
Starting label LEVI, seed 20, iteration 1240, time: 611.232527256012
Starting label LEVI, seed 20, iteration 1250, time: 620.5373270511627
Starting label LEVI, seed 20, iteration 1260, time: 630.1456487178802
Starting label LEVI, seed 20, iteration 1270, time: 637.9050011634827
Starting label LEVI, seed 20, iteration 1280, time: 646.4527397155762
Starting label LEVI, seed 20, iteration 1290, time: 655.4918808937073
Starting label LEVI, seed 20, iteration 1300, time: 663.5652112960815
Starting label LEVI, seed 20, iteration 1310, time: 673.3522236347198
Starting label LEVI, seed 20, iteration 1320, time: 681.5558657646179
Starting label LEVI, seed 20, iteration 1330, time: 691.9252223968506
Starting label LEVI, seed 20, iteration 1340, time: 700.3870859146118
Starting label LEVI, seed 20, iteration 1350, time: 709.2319374084473
Starting label LEVI, seed 20, iteration 1360, time: 718.161140203476
Starting label LEVI, seed 20, iteration 1370, time: 727.2036130428314
Starting label LEVI, seed 20, iteration 1380, time: 736.2966856956482
Starting label LEVI, seed 20, iteration 1390, time: 745.3873500823975
Starting label LEVI, seed 20, iteration 1400, time: 754.4812164306641
Starting label LEVI, seed 20, iteration 1410, time: 763.5332612991333
Starting label LEVI, seed 20, iteration 1420, time: 774.1248676776886
Starting label LEVI, seed 20, iteration 1430, time: 783.301470041275
Starting label LEVI, seed 20, iteration 1440, time: 794.6141769886017
Starting label LEVI, seed 20, iteration 1450, time: 806.7082014083862
Starting label LEVI, seed 20, iteration 1460, time: 816.5705089569092
Starting label LEVI, seed 20, iteration 1470, time: 827.9860706329346
Starting label LEVI, seed 20, iteration 1480, time: 839.8149189949036
Starting label LEVI, seed 20, iteration 1490, time: 851.6225905418396
Starting label LEVI, seed 20, iteration 1500, time: 863.3949320316315
Starting label LEVI, seed 20, iteration 1510, time: 874.014452457428
Starting label LEVI, seed 20, iteration 1520, time: 884.6658833026886
Starting label LEVI, seed 20, iteration 1530, time: 897.79856300354
Starting label LEVI, seed 20, iteration 1540, time: 911.0588927268982
Starting label LEVI, seed 20, iteration 1550, time: 925.3185477256775
Starting label LEVI, seed 20, iteration 1560, time: 938.6421477794647
Starting label LEVI, seed 20, iteration 1570, time: 950.2091705799103
Starting label LEVI, seed 20, iteration 1580, time: 961.7655222415924
Starting label LEVI, seed 20, iteration 1590, time: 973.3263306617737
Starting label LEVI, seed 20, iteration 1600, time: 987.8779435157776
Starting label LEVI, seed 20, iteration 1610, time: 1000.9024255275726
Starting label LEVI, seed 20, iteration 1620, time: 1013.3515899181366
Starting label LEVI, seed 20, iteration 1630, time: 1028.8253345489502
Starting label LEVI, seed 20, iteration 1640, time: 1042.650990486145
Starting label LEVI, seed 20, iteration 1650, time: 1057.7656552791595
Starting label LEVI, seed 20, iteration 1660, time: 1074.3308546543121
Starting label LEVI, seed 20, iteration 1670, time: 1089.1348741054535
Starting label LEVI, seed 20, iteration 1680, time: 1105.7238187789917
Starting label LEVI, seed 20, iteration 1690, time: 1120.221840620041
Starting label LEVI, seed 20, iteration 1700, time: 1136.9318633079529
Starting label LEVI, seed 20, iteration 1710, time: 1151.017644405365
Starting label LEVI, seed 20, iteration 1720, time: 1164.9469923973083
Starting label LEVI, seed 20, iteration 1730, time: 1179.3797807693481
Starting label LEVI, seed 20, iteration 1740, time: 1193.2980298995972
Starting label LEVI, seed 20, iteration 1750, time: 1210.4117941856384
Starting label LEVI, seed 20, iteration 1760, time: 1224.5559556484222
Starting label LEVI, seed 20, iteration 1770, time: 1238.2370262145996
Starting label LEVI, seed 20, iteration 1780, time: 1252.937953710556
Starting label LEVI, seed 20, iteration 1790, time: 1271.9737629890442
Starting label LEVI, seed 20, iteration 1800, time: 1291.5789239406586
Starting label LEVI, seed 20, iteration 1810, time: 1310.9746768474579
Starting label LEVI, seed 20, iteration 1820, time: 1330.2506148815155
Starting label LEVI, seed 20, iteration 1830, time: 1346.2044696807861
Starting label LEVI, seed 20, iteration 1840, time: 1365.673883676529
Starting label LEVI, seed 20, iteration 1850, time: 1386.4138448238373
Starting label LEVI, seed 20, iteration 1860, time: 1405.0227761268616
Starting label LEVI, seed 20, iteration 1870, time: 1424.159190416336
Starting label LEVI, seed 20, iteration 1880, time: 1442.789740562439
Starting label LEVI, seed 20, iteration 1890, time: 1466.6710765361786
Starting label LEVI, seed 20, iteration 1900, time: 1486.207626581192
Starting label LEVI, seed 20, iteration 1910, time: 1505.6382699012756
Starting label LEVI, seed 20, iteration 1920, time: 1526.7554244995117
Starting label LEVI, seed 20, iteration 1930, time: 1550.9889376163483
submitit WARNING (2022-10-02 00:55:52,311) - Bypassing signal SIGTERM
submitit WARNING (2022-10-02 00:55:52,311) - Bypassing signal SIGCONT
Starting label LEVI, seed 20, iteration 1940, time: 1575.391634464264
Starting label LEVI, seed 20, iteration 1950, time: 1596.6242723464966
