submitit INFO (2022-10-01 23:36:24,858) - Starting with JobEnvironment(job_id=883059_6, hostname=rush-compute-01.tech.cornell.edu, local_rank=0(1), node=0(1), global_rank=0(1))
submitit INFO (2022-10-01 23:36:24,858) - Loading pickle: /home/gid-cakmaks/contextual_rs/experiments/wsc_experiments/logs/883059_6/883059_6_submitted.pkl
Starting label LEVI, seed 36, iteration 0, time: 9.083747863769531e-05
Starting label LEVI, seed 36, iteration 10, time: 2.5320842266082764
Starting label LEVI, seed 36, iteration 20, time: 4.96295428276062
Starting label LEVI, seed 36, iteration 30, time: 7.365787029266357
Starting label LEVI, seed 36, iteration 40, time: 9.621238708496094
Starting label LEVI, seed 36, iteration 50, time: 11.928261995315552
Starting label LEVI, seed 36, iteration 60, time: 14.411905288696289
Starting label LEVI, seed 36, iteration 70, time: 16.78368592262268
Starting label LEVI, seed 36, iteration 80, time: 19.118390798568726
Starting label LEVI, seed 36, iteration 90, time: 21.43030095100403
Starting label LEVI, seed 36, iteration 100, time: 23.793461561203003
Starting label LEVI, seed 36, iteration 110, time: 26.149338483810425
Starting label LEVI, seed 36, iteration 120, time: 28.479779720306396
Starting label LEVI, seed 36, iteration 130, time: 30.863708972930908
Starting label LEVI, seed 36, iteration 140, time: 33.269700050354004
Starting label LEVI, seed 36, iteration 150, time: 35.64177131652832
Starting label LEVI, seed 36, iteration 160, time: 37.99890351295471
Starting label LEVI, seed 36, iteration 170, time: 40.43843865394592
Starting label LEVI, seed 36, iteration 180, time: 42.845760107040405
Starting label LEVI, seed 36, iteration 190, time: 45.29740762710571
Starting label LEVI, seed 36, iteration 200, time: 47.743157625198364
Starting label LEVI, seed 36, iteration 210, time: 50.20508646965027
Starting label LEVI, seed 36, iteration 220, time: 52.72511625289917
Starting label LEVI, seed 36, iteration 230, time: 55.13586902618408
Starting label LEVI, seed 36, iteration 240, time: 57.55106067657471
Starting label LEVI, seed 36, iteration 250, time: 59.967158794403076
Starting label LEVI, seed 36, iteration 260, time: 62.35972261428833
Starting label LEVI, seed 36, iteration 270, time: 64.78217315673828
Starting label LEVI, seed 36, iteration 280, time: 67.20708060264587
Starting label LEVI, seed 36, iteration 290, time: 69.68709993362427
Starting label LEVI, seed 36, iteration 300, time: 72.13078045845032
Starting label LEVI, seed 36, iteration 310, time: 74.72796368598938
Starting label LEVI, seed 36, iteration 320, time: 77.34852242469788
Starting label LEVI, seed 36, iteration 330, time: 79.95088386535645
Starting label LEVI, seed 36, iteration 340, time: 82.56463670730591
Starting label LEVI, seed 36, iteration 350, time: 85.15579199790955
Starting label LEVI, seed 36, iteration 360, time: 87.79857563972473
Starting label LEVI, seed 36, iteration 370, time: 90.66027235984802
Starting label LEVI, seed 36, iteration 380, time: 93.31956171989441
Starting label LEVI, seed 36, iteration 390, time: 96.08914637565613
Starting label LEVI, seed 36, iteration 400, time: 98.77832317352295
Starting label LEVI, seed 36, iteration 410, time: 101.56155180931091
Starting label LEVI, seed 36, iteration 420, time: 104.49643039703369
Starting label LEVI, seed 36, iteration 430, time: 107.49959111213684
Starting label LEVI, seed 36, iteration 440, time: 110.39861917495728
Starting label LEVI, seed 36, iteration 450, time: 113.17666816711426
Starting label LEVI, seed 36, iteration 460, time: 115.9146978855133
Starting label LEVI, seed 36, iteration 470, time: 118.7936098575592
Starting label LEVI, seed 36, iteration 480, time: 121.67513251304626
Starting label LEVI, seed 36, iteration 490, time: 124.60713148117065
Starting label LEVI, seed 36, iteration 500, time: 127.45766854286194
Starting label LEVI, seed 36, iteration 510, time: 130.32206892967224
Starting label LEVI, seed 36, iteration 520, time: 133.13286304473877
Starting label LEVI, seed 36, iteration 530, time: 135.91138815879822
Starting label LEVI, seed 36, iteration 540, time: 138.6068377494812
Starting label LEVI, seed 36, iteration 550, time: 141.25188493728638
Starting label LEVI, seed 36, iteration 560, time: 144.0889449119568
Starting label LEVI, seed 36, iteration 570, time: 146.9399333000183
Starting label LEVI, seed 36, iteration 580, time: 149.81918287277222
Starting label LEVI, seed 36, iteration 590, time: 152.84044122695923
Starting label LEVI, seed 36, iteration 600, time: 155.74275493621826
Starting label LEVI, seed 36, iteration 610, time: 158.70013689994812
Starting label LEVI, seed 36, iteration 620, time: 161.6715338230133
Starting label LEVI, seed 36, iteration 630, time: 164.58090043067932
Starting label LEVI, seed 36, iteration 640, time: 167.60565090179443
Starting label LEVI, seed 36, iteration 650, time: 170.56274032592773
Starting label LEVI, seed 36, iteration 660, time: 173.5064504146576
Starting label LEVI, seed 36, iteration 670, time: 176.50393342971802
Starting label LEVI, seed 36, iteration 680, time: 179.51622557640076
Starting label LEVI, seed 36, iteration 690, time: 182.46478366851807
Starting label LEVI, seed 36, iteration 700, time: 185.45445656776428
Starting label LEVI, seed 36, iteration 710, time: 188.37108421325684
Starting label LEVI, seed 36, iteration 720, time: 191.498113155365
Starting label LEVI, seed 36, iteration 730, time: 194.9303150177002
Starting label LEVI, seed 36, iteration 740, time: 197.9619791507721
Starting label LEVI, seed 36, iteration 750, time: 201.0277500152588
Starting label LEVI, seed 36, iteration 760, time: 204.1568784713745
Starting label LEVI, seed 36, iteration 770, time: 207.21222639083862
Starting label LEVI, seed 36, iteration 780, time: 210.32256507873535
Starting label LEVI, seed 36, iteration 790, time: 213.38288044929504
Starting label LEVI, seed 36, iteration 800, time: 216.457035779953
Starting label LEVI, seed 36, iteration 810, time: 219.65378785133362
Starting label LEVI, seed 36, iteration 820, time: 222.69603967666626
Starting label LEVI, seed 36, iteration 830, time: 225.7924313545227
Starting label LEVI, seed 36, iteration 840, time: 228.9530279636383
Starting label LEVI, seed 36, iteration 850, time: 232.05440711975098
Starting label LEVI, seed 36, iteration 860, time: 235.4016375541687
Starting label LEVI, seed 36, iteration 870, time: 238.4506175518036
Starting label LEVI, seed 36, iteration 880, time: 241.856769323349
Starting label LEVI, seed 36, iteration 890, time: 245.28954029083252
Starting label LEVI, seed 36, iteration 900, time: 248.53162217140198
Starting label LEVI, seed 36, iteration 910, time: 251.82615327835083
Starting label LEVI, seed 36, iteration 920, time: 255.183917760849
Starting label LEVI, seed 36, iteration 930, time: 258.445121049881
Starting label LEVI, seed 36, iteration 940, time: 261.6996283531189
Starting label LEVI, seed 36, iteration 950, time: 265.02872824668884
Starting label LEVI, seed 36, iteration 960, time: 268.1970534324646
Starting label LEVI, seed 36, iteration 970, time: 271.4502971172333
Starting label LEVI, seed 36, iteration 980, time: 274.7031955718994
Starting label LEVI, seed 36, iteration 990, time: 278.0247402191162
Starting label LEVI, seed 36, iteration 1000, time: 281.25730419158936
Starting label LEVI, seed 36, iteration 1010, time: 284.5705635547638
Starting label LEVI, seed 36, iteration 1020, time: 287.8504753112793
Starting label LEVI, seed 36, iteration 1030, time: 290.99784207344055
Starting label LEVI, seed 36, iteration 1040, time: 294.21527576446533
Starting label LEVI, seed 36, iteration 1050, time: 297.5936806201935
Starting label LEVI, seed 36, iteration 1060, time: 300.7850649356842
Starting label LEVI, seed 36, iteration 1070, time: 304.01155138015747
Starting label LEVI, seed 36, iteration 1080, time: 307.2226793766022
Starting label LEVI, seed 36, iteration 1090, time: 310.5013201236725
Starting label LEVI, seed 36, iteration 1100, time: 313.71560072898865
Starting label LEVI, seed 36, iteration 1110, time: 317.1510343551636
Starting label LEVI, seed 36, iteration 1120, time: 320.5347144603729
Starting label LEVI, seed 36, iteration 1130, time: 323.8791868686676
Starting label LEVI, seed 36, iteration 1140, time: 327.4245045185089
Starting label LEVI, seed 36, iteration 1150, time: 330.7665123939514
Starting label LEVI, seed 36, iteration 1160, time: 334.0564880371094
Starting label LEVI, seed 36, iteration 1170, time: 337.70325922966003
Starting label LEVI, seed 36, iteration 1180, time: 341.3799772262573
Starting label LEVI, seed 36, iteration 1190, time: 345.10610818862915
Starting label LEVI, seed 36, iteration 1200, time: 348.7314805984497
Starting label LEVI, seed 36, iteration 1210, time: 352.53743386268616
Starting label LEVI, seed 36, iteration 1220, time: 356.5258786678314
Starting label LEVI, seed 36, iteration 1230, time: 360.3112485408783
Starting label LEVI, seed 36, iteration 1240, time: 364.13808393478394
Starting label LEVI, seed 36, iteration 1250, time: 368.031147480011
Starting label LEVI, seed 36, iteration 1260, time: 371.89305996894836
Starting label LEVI, seed 36, iteration 1270, time: 375.8768491744995
Starting label LEVI, seed 36, iteration 1280, time: 379.8164207935333
Starting label LEVI, seed 36, iteration 1290, time: 384.0009286403656
Starting label LEVI, seed 36, iteration 1300, time: 388.2762711048126
Starting label LEVI, seed 36, iteration 1310, time: 392.30427718162537
Starting label LEVI, seed 36, iteration 1320, time: 396.66301345825195
Starting label LEVI, seed 36, iteration 1330, time: 400.72145104408264
Starting label LEVI, seed 36, iteration 1340, time: 405.05802273750305
Starting label LEVI, seed 36, iteration 1350, time: 409.0935399532318
Starting label LEVI, seed 36, iteration 1360, time: 413.3294303417206
Starting label LEVI, seed 36, iteration 1370, time: 417.53134202957153
Starting label LEVI, seed 36, iteration 1380, time: 421.74489665031433
Starting label LEVI, seed 36, iteration 1390, time: 425.9847559928894
Starting label LEVI, seed 36, iteration 1400, time: 430.6245529651642
Starting label LEVI, seed 36, iteration 1410, time: 434.96626925468445
Starting label LEVI, seed 36, iteration 1420, time: 439.47837376594543
Starting label LEVI, seed 36, iteration 1430, time: 443.8705608844757
Starting label LEVI, seed 36, iteration 1440, time: 448.41181540489197
Starting label LEVI, seed 36, iteration 1450, time: 453.2755460739136
Starting label LEVI, seed 36, iteration 1460, time: 458.08716654777527
Starting label LEVI, seed 36, iteration 1470, time: 462.50495767593384
Starting label LEVI, seed 36, iteration 1480, time: 467.0138518810272
Starting label LEVI, seed 36, iteration 1490, time: 471.5386874675751
Starting label LEVI, seed 36, iteration 1500, time: 476.18894600868225
Starting label LEVI, seed 36, iteration 1510, time: 480.6645157337189
Starting label LEVI, seed 36, iteration 1520, time: 485.36574149131775
Starting label LEVI, seed 36, iteration 1530, time: 489.81437706947327
Starting label LEVI, seed 36, iteration 1540, time: 494.4075756072998
Starting label LEVI, seed 36, iteration 1550, time: 498.79225301742554
Starting label LEVI, seed 36, iteration 1560, time: 503.4225010871887
Starting label LEVI, seed 36, iteration 1570, time: 508.05814933776855
Starting label LEVI, seed 36, iteration 1580, time: 512.6908712387085
Starting label LEVI, seed 36, iteration 1590, time: 517.2719399929047
Starting label LEVI, seed 36, iteration 1600, time: 521.9528136253357
Starting label LEVI, seed 36, iteration 1610, time: 526.9605453014374
Starting label LEVI, seed 36, iteration 1620, time: 531.6922895908356
Starting label LEVI, seed 36, iteration 1630, time: 536.732771396637
Starting label LEVI, seed 36, iteration 1640, time: 542.0817723274231
Starting label LEVI, seed 36, iteration 1650, time: 547.0649755001068
Starting label LEVI, seed 36, iteration 1660, time: 551.717339515686
Starting label LEVI, seed 36, iteration 1670, time: 556.2259681224823
Starting label LEVI, seed 36, iteration 1680, time: 560.6995325088501
Starting label LEVI, seed 36, iteration 1690, time: 565.2238073348999
Starting label LEVI, seed 36, iteration 1700, time: 569.9187760353088
Starting label LEVI, seed 36, iteration 1710, time: 574.8201611042023
Starting label LEVI, seed 36, iteration 1720, time: 579.647497177124
Starting label LEVI, seed 36, iteration 1730, time: 584.7145023345947
Starting label LEVI, seed 36, iteration 1740, time: 589.6453676223755
Starting label LEVI, seed 36, iteration 1750, time: 594.5490231513977
Starting label LEVI, seed 36, iteration 1760, time: 599.6392679214478
Starting label LEVI, seed 36, iteration 1770, time: 604.6354060173035
Starting label LEVI, seed 36, iteration 1780, time: 609.570937871933
Starting label LEVI, seed 36, iteration 1790, time: 614.434223651886
Starting label LEVI, seed 36, iteration 1800, time: 619.0842504501343
Starting label LEVI, seed 36, iteration 1810, time: 623.9821863174438
Starting label LEVI, seed 36, iteration 1820, time: 629.0335516929626
Starting label LEVI, seed 36, iteration 1830, time: 633.9136142730713
Starting label LEVI, seed 36, iteration 1840, time: 638.9698164463043
Starting label LEVI, seed 36, iteration 1850, time: 644.1674013137817
Starting label LEVI, seed 36, iteration 1860, time: 649.4418866634369
Starting label LEVI, seed 36, iteration 1870, time: 654.6553347110748
Starting label LEVI, seed 36, iteration 1880, time: 660.2292065620422
Starting label LEVI, seed 36, iteration 1890, time: 665.7087910175323
Starting label LEVI, seed 36, iteration 1900, time: 671.6224846839905
Starting label LEVI, seed 36, iteration 1910, time: 677.2815599441528
Starting label LEVI, seed 36, iteration 1920, time: 682.8589954376221
Starting label LEVI, seed 36, iteration 1930, time: 688.6794731616974
Starting label LEVI, seed 36, iteration 1940, time: 694.5697684288025
Starting label LEVI, seed 36, iteration 1950, time: 700.4381909370422
Starting label LEVI, seed 36, iteration 1960, time: 705.9936814308167
Starting label LEVI, seed 36, iteration 1970, time: 711.5705516338348
Starting label LEVI, seed 36, iteration 1980, time: 717.0526938438416
Starting label LEVI, seed 36, iteration 1990, time: 722.8696804046631
submitit INFO (2022-10-01 23:48:35,682) - Job completed successfully
