submitit INFO (2022-10-02 13:26:32,229) - Starting with JobEnvironment(job_id=884521_3, hostname=nikola-compute-04.cs.cornell.edu, local_rank=0(1), node=0(1), global_rank=0(1))
submitit INFO (2022-10-02 13:26:32,229) - Loading pickle: /home/gid-cakmaks/contextual_rs/experiments/wsc_experiments/logs/884521_3/884521_3_submitted.pkl
Appending iterations to existing output!Warning: If parameters other than `iterations` have been changed, this will corrupt the output!
Starting label LEVI, seed 3, iteration 710, time: 340.52190947532654
Starting label LEVI, seed 3, iteration 720, time: 347.1236457824707
Starting label LEVI, seed 3, iteration 730, time: 353.6828944683075
Starting label LEVI, seed 3, iteration 740, time: 360.3075649738312
Starting label LEVI, seed 3, iteration 750, time: 366.9268009662628
Starting label LEVI, seed 3, iteration 760, time: 373.5938057899475
Starting label LEVI, seed 3, iteration 770, time: 380.2785189151764
Starting label LEVI, seed 3, iteration 780, time: 387.0539638996124
Starting label LEVI, seed 3, iteration 790, time: 394.0867164134979
Starting label LEVI, seed 3, iteration 800, time: 400.96259903907776
Starting label LEVI, seed 3, iteration 810, time: 407.5348677635193
Starting label LEVI, seed 3, iteration 820, time: 413.99068212509155
Starting label LEVI, seed 3, iteration 830, time: 420.79240798950195
Starting label LEVI, seed 3, iteration 840, time: 427.5196075439453
Starting label LEVI, seed 3, iteration 850, time: 434.24355244636536
Starting label LEVI, seed 3, iteration 860, time: 440.9549150466919
Starting label LEVI, seed 3, iteration 870, time: 447.5428321361542
Starting label LEVI, seed 3, iteration 880, time: 454.19901633262634
Starting label LEVI, seed 3, iteration 890, time: 460.93217945098877
Starting label LEVI, seed 3, iteration 900, time: 467.5927128791809
Starting label LEVI, seed 3, iteration 910, time: 474.3649880886078
Starting label LEVI, seed 3, iteration 920, time: 481.0675570964813
Starting label LEVI, seed 3, iteration 930, time: 487.81862807273865
Starting label LEVI, seed 3, iteration 940, time: 494.6187210083008
Starting label LEVI, seed 3, iteration 950, time: 501.5028703212738
Starting label LEVI, seed 3, iteration 960, time: 508.3607249259949
Starting label LEVI, seed 3, iteration 970, time: 515.2971360683441
Starting label LEVI, seed 3, iteration 980, time: 521.8312478065491
Starting label LEVI, seed 3, iteration 990, time: 528.4708092212677
Starting label LEVI, seed 3, iteration 1000, time: 535.0494446754456
Starting label LEVI, seed 3, iteration 1010, time: 541.7394185066223
Starting label LEVI, seed 3, iteration 1020, time: 548.6536312103271
Starting label LEVI, seed 3, iteration 1030, time: 555.4212245941162
Starting label LEVI, seed 3, iteration 1040, time: 562.3459100723267
Starting label LEVI, seed 3, iteration 1050, time: 569.2337992191315
Starting label LEVI, seed 3, iteration 1060, time: 576.0173742771149
Starting label LEVI, seed 3, iteration 1070, time: 582.8741781711578
Starting label LEVI, seed 3, iteration 1080, time: 589.6501758098602
Starting label LEVI, seed 3, iteration 1090, time: 596.433833360672
Starting label LEVI, seed 3, iteration 1100, time: 603.3965885639191
Starting label LEVI, seed 3, iteration 1110, time: 610.5684747695923
Starting label LEVI, seed 3, iteration 1120, time: 617.9322175979614
Starting label LEVI, seed 3, iteration 1130, time: 625.1138935089111
Starting label LEVI, seed 3, iteration 1140, time: 632.0899546146393
Starting label LEVI, seed 3, iteration 1150, time: 639.2218828201294
Starting label LEVI, seed 3, iteration 1160, time: 646.0816142559052
Starting label LEVI, seed 3, iteration 1170, time: 653.0235669612885
Starting label LEVI, seed 3, iteration 1180, time: 659.7777712345123
Starting label LEVI, seed 3, iteration 1190, time: 666.7934806346893
Starting label LEVI, seed 3, iteration 1200, time: 674.4070856571198
Starting label LEVI, seed 3, iteration 1210, time: 681.8668811321259
Starting label LEVI, seed 3, iteration 1220, time: 689.3696069717407
Starting label LEVI, seed 3, iteration 1230, time: 696.6918790340424
Starting label LEVI, seed 3, iteration 1240, time: 704.2211837768555
Starting label LEVI, seed 3, iteration 1250, time: 711.5806076526642
Starting label LEVI, seed 3, iteration 1260, time: 718.8226683139801
Starting label LEVI, seed 3, iteration 1270, time: 726.0030786991119
Starting label LEVI, seed 3, iteration 1280, time: 733.2713446617126
Starting label LEVI, seed 3, iteration 1290, time: 740.4727728366852
Starting label LEVI, seed 3, iteration 1300, time: 747.9514968395233
Starting label LEVI, seed 3, iteration 1310, time: 755.2269353866577
Starting label LEVI, seed 3, iteration 1320, time: 762.1823987960815
Starting label LEVI, seed 3, iteration 1330, time: 769.4115498065948
Starting label LEVI, seed 3, iteration 1340, time: 776.7678956985474
Starting label LEVI, seed 3, iteration 1350, time: 784.2119007110596
Starting label LEVI, seed 3, iteration 1360, time: 791.7081596851349
Starting label LEVI, seed 3, iteration 1370, time: 799.2557606697083
Starting label LEVI, seed 3, iteration 1380, time: 806.7682492733002
Starting label LEVI, seed 3, iteration 1390, time: 814.5836970806122
Starting label LEVI, seed 3, iteration 1400, time: 822.1554653644562
Starting label LEVI, seed 3, iteration 1410, time: 829.7982001304626
Starting label LEVI, seed 3, iteration 1420, time: 837.5509219169617
Starting label LEVI, seed 3, iteration 1430, time: 845.3090007305145
Starting label LEVI, seed 3, iteration 1440, time: 853.4754135608673
Starting label LEVI, seed 3, iteration 1450, time: 861.7036862373352
Starting label LEVI, seed 3, iteration 1460, time: 870.0429131984711
Starting label LEVI, seed 3, iteration 1470, time: 877.7399144172668
Starting label LEVI, seed 3, iteration 1480, time: 885.6642851829529
Starting label LEVI, seed 3, iteration 1490, time: 893.2388918399811
Starting label LEVI, seed 3, iteration 1500, time: 900.9384961128235
Starting label LEVI, seed 3, iteration 1510, time: 908.8753325939178
Starting label LEVI, seed 3, iteration 1520, time: 916.8647556304932
Starting label LEVI, seed 3, iteration 1530, time: 924.896372795105
Starting label LEVI, seed 3, iteration 1540, time: 932.6522808074951
Starting label LEVI, seed 3, iteration 1550, time: 941.1053411960602
Starting label LEVI, seed 3, iteration 1560, time: 950.2068033218384
Starting label LEVI, seed 3, iteration 1570, time: 959.1976537704468
Starting label LEVI, seed 3, iteration 1580, time: 968.037100315094
Starting label LEVI, seed 3, iteration 1590, time: 977.097021818161
Starting label LEVI, seed 3, iteration 1600, time: 985.4935719966888
Starting label LEVI, seed 3, iteration 1610, time: 994.1442387104034
Starting label LEVI, seed 3, iteration 1620, time: 1003.2728617191315
Starting label LEVI, seed 3, iteration 1630, time: 1012.3118612766266
Starting label LEVI, seed 3, iteration 1640, time: 1021.0839364528656
Starting label LEVI, seed 3, iteration 1650, time: 1029.9780926704407
Starting label LEVI, seed 3, iteration 1660, time: 1039.10010099411
Starting label LEVI, seed 3, iteration 1670, time: 1048.051749944687
Starting label LEVI, seed 3, iteration 1680, time: 1057.4808592796326
Starting label LEVI, seed 3, iteration 1690, time: 1066.2498474121094
Starting label LEVI, seed 3, iteration 1700, time: 1075.0123841762543
Starting label LEVI, seed 3, iteration 1710, time: 1083.7126712799072
Starting label LEVI, seed 3, iteration 1720, time: 1093.288976430893
Starting label LEVI, seed 3, iteration 1730, time: 1102.6283781528473
Starting label LEVI, seed 3, iteration 1740, time: 1111.8696446418762
Starting label LEVI, seed 3, iteration 1750, time: 1120.7145295143127
Starting label LEVI, seed 3, iteration 1760, time: 1130.0626282691956
Starting label LEVI, seed 3, iteration 1770, time: 1138.941947221756
Starting label LEVI, seed 3, iteration 1780, time: 1148.4142491817474
Starting label LEVI, seed 3, iteration 1790, time: 1157.378478050232
Starting label LEVI, seed 3, iteration 1800, time: 1166.9768719673157
Starting label LEVI, seed 3, iteration 1810, time: 1176.014063835144
Starting label LEVI, seed 3, iteration 1820, time: 1185.379136800766
Starting label LEVI, seed 3, iteration 1830, time: 1194.9400753974915
Starting label LEVI, seed 3, iteration 1840, time: 1204.2801353931427
Starting label LEVI, seed 3, iteration 1850, time: 1213.8390638828278
Starting label LEVI, seed 3, iteration 1860, time: 1223.6126215457916
Starting label LEVI, seed 3, iteration 1870, time: 1232.5182709693909
Starting label LEVI, seed 3, iteration 1880, time: 1241.7869713306427
Starting label LEVI, seed 3, iteration 1890, time: 1251.210450410843
Starting label LEVI, seed 3, iteration 1900, time: 1260.8824269771576
Starting label LEVI, seed 3, iteration 1910, time: 1269.6108820438385
Starting label LEVI, seed 3, iteration 1920, time: 1278.1833024024963
Starting label LEVI, seed 3, iteration 1930, time: 1287.2097935676575
Starting label LEVI, seed 3, iteration 1940, time: 1297.5905592441559
Starting label LEVI, seed 3, iteration 1950, time: 1308.6854424476624
Starting label LEVI, seed 3, iteration 1960, time: 1319.3856012821198
Starting label LEVI, seed 3, iteration 1970, time: 1328.7769351005554
Starting label LEVI, seed 3, iteration 1980, time: 1338.9417705535889
Starting label LEVI, seed 3, iteration 1990, time: 1349.1860301494598
submitit INFO (2022-10-02 13:43:33,005) - Job completed successfully
