submitit INFO (2022-10-02 00:56:46,103) - Starting with JobEnvironment(job_id=883367_3, hostname=lecun.cs.cornell.edu, local_rank=0(1), node=0(1), global_rank=0(1))
submitit INFO (2022-10-02 00:56:46,104) - Loading pickle: /home/gid-cakmaks/contextual_rs/experiments/wsc_experiments/logs/883367_3/883367_3_submitted.pkl
Starting label LEVI, seed 43, iteration 0, time: 0.012371540069580078
Starting label LEVI, seed 43, iteration 10, time: 2.5277857780456543
Starting label LEVI, seed 43, iteration 20, time: 26.573320150375366
Starting label LEVI, seed 43, iteration 30, time: 49.59073495864868
Starting label LEVI, seed 43, iteration 40, time: 81.19894337654114
Starting label LEVI, seed 43, iteration 50, time: 113.7248752117157
Starting label LEVI, seed 43, iteration 60, time: 146.49913239479065
Starting label LEVI, seed 43, iteration 70, time: 179.42915868759155
Starting label LEVI, seed 43, iteration 80, time: 212.37547087669373
Starting label LEVI, seed 43, iteration 90, time: 244.76043510437012
Starting label LEVI, seed 43, iteration 100, time: 278.18868708610535
Starting label LEVI, seed 43, iteration 110, time: 310.2578091621399
Starting label LEVI, seed 43, iteration 120, time: 345.68074131011963
Starting label LEVI, seed 43, iteration 130, time: 383.0151689052582
Starting label LEVI, seed 43, iteration 140, time: 419.8056845664978
Starting label LEVI, seed 43, iteration 150, time: 458.9571678638458
Starting label LEVI, seed 43, iteration 160, time: 496.993221282959
Starting label LEVI, seed 43, iteration 170, time: 552.5390424728394
Starting label LEVI, seed 43, iteration 180, time: 608.9046716690063
Starting label LEVI, seed 43, iteration 190, time: 663.9499514102936
Starting label LEVI, seed 43, iteration 200, time: 719.7043826580048
Starting label LEVI, seed 43, iteration 210, time: 774.2058839797974
Starting label LEVI, seed 43, iteration 220, time: 829.1131765842438
Starting label LEVI, seed 43, iteration 230, time: 863.8053412437439
Starting label LEVI, seed 43, iteration 240, time: 866.9240281581879
Starting label LEVI, seed 43, iteration 250, time: 895.4979000091553
Starting label LEVI, seed 43, iteration 260, time: 899.3510231971741
Starting label LEVI, seed 43, iteration 270, time: 903.4598441123962
Starting label LEVI, seed 43, iteration 280, time: 907.7442710399628
Starting label LEVI, seed 43, iteration 290, time: 912.1957957744598
Starting label LEVI, seed 43, iteration 300, time: 915.6387846469879
Starting label LEVI, seed 43, iteration 310, time: 957.0513687133789
Starting label LEVI, seed 43, iteration 320, time: 1006.1381223201752
Starting label LEVI, seed 43, iteration 330, time: 1020.6549940109253
Starting label LEVI, seed 43, iteration 340, time: 1024.25812292099
Starting label LEVI, seed 43, iteration 350, time: 1027.98308467865
Starting label LEVI, seed 43, iteration 360, time: 1031.4918804168701
Starting label LEVI, seed 43, iteration 370, time: 1035.0682260990143
Starting label LEVI, seed 43, iteration 380, time: 1038.9791338443756
Starting label LEVI, seed 43, iteration 390, time: 1063.111257314682
Starting label LEVI, seed 43, iteration 400, time: 1092.898456811905
Starting label LEVI, seed 43, iteration 410, time: 1096.400712966919
Starting label LEVI, seed 43, iteration 420, time: 1099.9083313941956
Starting label LEVI, seed 43, iteration 430, time: 1103.8209986686707
Starting label LEVI, seed 43, iteration 440, time: 1107.6459624767303
Starting label LEVI, seed 43, iteration 450, time: 1111.453015089035
Starting label LEVI, seed 43, iteration 460, time: 1115.150787115097
Starting label LEVI, seed 43, iteration 470, time: 1119.232254266739
Starting label LEVI, seed 43, iteration 480, time: 1171.2058429718018
Starting label LEVI, seed 43, iteration 490, time: 1175.1271679401398
Starting label LEVI, seed 43, iteration 500, time: 1179.0314440727234
Starting label LEVI, seed 43, iteration 510, time: 1183.0321452617645
Starting label LEVI, seed 43, iteration 520, time: 1187.2829222679138
Starting label LEVI, seed 43, iteration 530, time: 1191.3474049568176
Starting label LEVI, seed 43, iteration 540, time: 1195.4430348873138
Starting label LEVI, seed 43, iteration 550, time: 1199.5911219120026
Starting label LEVI, seed 43, iteration 560, time: 1207.297235250473
Starting label LEVI, seed 43, iteration 570, time: 1251.763020515442
Starting label LEVI, seed 43, iteration 580, time: 1281.493382692337
Starting label LEVI, seed 43, iteration 590, time: 1334.9239270687103
Starting label LEVI, seed 43, iteration 600, time: 1361.6000399589539
Starting label LEVI, seed 43, iteration 610, time: 1380.1511063575745
Starting label LEVI, seed 43, iteration 620, time: 1411.5818839073181
Starting label LEVI, seed 43, iteration 630, time: 1416.5153341293335
Starting label LEVI, seed 43, iteration 640, time: 1421.3006958961487
Starting label LEVI, seed 43, iteration 650, time: 1426.3700697422028
Starting label LEVI, seed 43, iteration 660, time: 1441.7145385742188
Starting label LEVI, seed 43, iteration 670, time: 1483.42160820961
Starting label LEVI, seed 43, iteration 680, time: 1487.9308359622955
Starting label LEVI, seed 43, iteration 690, time: 1493.3129379749298
Starting label LEVI, seed 43, iteration 700, time: 1499.258032798767
Starting label LEVI, seed 43, iteration 710, time: 1515.3687777519226
submitit WARNING (2022-10-02 01:22:35,992) - Bypassing signal SIGTERM
submitit WARNING (2022-10-02 01:22:35,994) - Bypassing signal SIGCONT
Starting label LEVI, seed 43, iteration 720, time: 1558.024500131607
Starting label LEVI, seed 43, iteration 730, time: 1565.119440317154
