submitit INFO (2022-10-02 13:27:02,278) - Starting with JobEnvironment(job_id=884551_4, hostname=lecun.cs.cornell.edu, local_rank=0(1), node=0(1), global_rank=0(1))
submitit INFO (2022-10-02 13:27:02,278) - Loading pickle: /home/gid-cakmaks/contextual_rs/experiments/wsc_experiments/logs/884551_4/884551_4_submitted.pkl
Appending iterations to existing output!Warning: If parameters other than `iterations` have been changed, this will corrupt the output!
Starting label LEVI, seed 34, iteration 520, time: 326.91914987564087
Starting label LEVI, seed 34, iteration 530, time: 333.0278842449188
Starting label LEVI, seed 34, iteration 540, time: 339.03937554359436
Starting label LEVI, seed 34, iteration 550, time: 344.9767243862152
Starting label LEVI, seed 34, iteration 560, time: 350.86552143096924
Starting label LEVI, seed 34, iteration 570, time: 356.8449082374573
Starting label LEVI, seed 34, iteration 580, time: 362.8104121685028
Starting label LEVI, seed 34, iteration 590, time: 368.9263479709625
Starting label LEVI, seed 34, iteration 600, time: 375.21612095832825
Starting label LEVI, seed 34, iteration 610, time: 381.1420702934265
Starting label LEVI, seed 34, iteration 620, time: 387.29678225517273
Starting label LEVI, seed 34, iteration 630, time: 393.25950598716736
Starting label LEVI, seed 34, iteration 640, time: 399.2076346874237
Starting label LEVI, seed 34, iteration 650, time: 405.4028527736664
Starting label LEVI, seed 34, iteration 660, time: 411.6073648929596
Starting label LEVI, seed 34, iteration 670, time: 418.1188077926636
Starting label LEVI, seed 34, iteration 680, time: 424.77648639678955
Starting label LEVI, seed 34, iteration 690, time: 431.2142508029938
Starting label LEVI, seed 34, iteration 700, time: 438.0357758998871
Starting label LEVI, seed 34, iteration 710, time: 444.2614965438843
Starting label LEVI, seed 34, iteration 720, time: 450.9960083961487
Starting label LEVI, seed 34, iteration 730, time: 457.70789313316345
Starting label LEVI, seed 34, iteration 740, time: 464.1878778934479
Starting label LEVI, seed 34, iteration 750, time: 470.97614645957947
Starting label LEVI, seed 34, iteration 760, time: 477.3563084602356
Starting label LEVI, seed 34, iteration 770, time: 483.9796278476715
Starting label LEVI, seed 34, iteration 780, time: 490.95050978660583
Starting label LEVI, seed 34, iteration 790, time: 497.94494366645813
Starting label LEVI, seed 34, iteration 800, time: 504.88410472869873
Starting label LEVI, seed 34, iteration 810, time: 511.93597054481506
Starting label LEVI, seed 34, iteration 820, time: 518.7551953792572
Starting label LEVI, seed 34, iteration 830, time: 525.8554584980011
Starting label LEVI, seed 34, iteration 840, time: 532.4398589134216
Starting label LEVI, seed 34, iteration 850, time: 538.9921686649323
Starting label LEVI, seed 34, iteration 860, time: 545.7756216526031
Starting label LEVI, seed 34, iteration 870, time: 552.4962408542633
Starting label LEVI, seed 34, iteration 880, time: 559.0296165943146
Starting label LEVI, seed 34, iteration 890, time: 565.9808211326599
Starting label LEVI, seed 34, iteration 900, time: 572.756673336029
Starting label LEVI, seed 34, iteration 910, time: 579.4346008300781
Starting label LEVI, seed 34, iteration 920, time: 586.6595730781555
Starting label LEVI, seed 34, iteration 930, time: 593.6971609592438
Starting label LEVI, seed 34, iteration 940, time: 600.4853093624115
Starting label LEVI, seed 34, iteration 950, time: 607.7878012657166
Starting label LEVI, seed 34, iteration 960, time: 614.6620881557465
Starting label LEVI, seed 34, iteration 970, time: 621.2973430156708
Starting label LEVI, seed 34, iteration 980, time: 628.1788792610168
Starting label LEVI, seed 34, iteration 990, time: 635.1761922836304
Starting label LEVI, seed 34, iteration 1000, time: 641.6755862236023
Starting label LEVI, seed 34, iteration 1010, time: 648.1164181232452
Starting label LEVI, seed 34, iteration 1020, time: 654.4576365947723
Starting label LEVI, seed 34, iteration 1030, time: 661.2476201057434
Starting label LEVI, seed 34, iteration 1040, time: 668.1567568778992
Starting label LEVI, seed 34, iteration 1050, time: 675.0411064624786
Starting label LEVI, seed 34, iteration 1060, time: 682.1198265552521
Starting label LEVI, seed 34, iteration 1070, time: 689.161924123764
Starting label LEVI, seed 34, iteration 1080, time: 696.000812292099
Starting label LEVI, seed 34, iteration 1090, time: 703.1404299736023
Starting label LEVI, seed 34, iteration 1100, time: 710.3777668476105
Starting label LEVI, seed 34, iteration 1110, time: 718.438395023346
Starting label LEVI, seed 34, iteration 1120, time: 725.108446598053
Starting label LEVI, seed 34, iteration 1130, time: 732.1781120300293
Starting label LEVI, seed 34, iteration 1140, time: 739.5167198181152
Starting label LEVI, seed 34, iteration 1150, time: 746.4790670871735
Starting label LEVI, seed 34, iteration 1160, time: 753.5143716335297
Starting label LEVI, seed 34, iteration 1170, time: 760.1603903770447
Starting label LEVI, seed 34, iteration 1180, time: 767.1299085617065
Starting label LEVI, seed 34, iteration 1190, time: 774.5484557151794
Starting label LEVI, seed 34, iteration 1200, time: 781.7306559085846
Starting label LEVI, seed 34, iteration 1210, time: 788.8346049785614
Starting label LEVI, seed 34, iteration 1220, time: 796.4074478149414
Starting label LEVI, seed 34, iteration 1230, time: 803.6373224258423
Starting label LEVI, seed 34, iteration 1240, time: 811.0148775577545
Starting label LEVI, seed 34, iteration 1250, time: 819.1600186824799
Starting label LEVI, seed 34, iteration 1260, time: 826.7675862312317
Starting label LEVI, seed 34, iteration 1270, time: 835.6250839233398
Starting label LEVI, seed 34, iteration 1280, time: 843.2796421051025
Starting label LEVI, seed 34, iteration 1290, time: 851.8539679050446
Starting label LEVI, seed 34, iteration 1300, time: 859.7643890380859
Starting label LEVI, seed 34, iteration 1310, time: 867.3241014480591
Starting label LEVI, seed 34, iteration 1320, time: 875.5380320549011
Starting label LEVI, seed 34, iteration 1330, time: 883.016042470932
Starting label LEVI, seed 34, iteration 1340, time: 891.2089846134186
Starting label LEVI, seed 34, iteration 1350, time: 899.0679972171783
Starting label LEVI, seed 34, iteration 1360, time: 906.8880836963654
Starting label LEVI, seed 34, iteration 1370, time: 914.8708152770996
Starting label LEVI, seed 34, iteration 1380, time: 922.9721570014954
Starting label LEVI, seed 34, iteration 1390, time: 931.0393476486206
Starting label LEVI, seed 34, iteration 1400, time: 939.4758856296539
Starting label LEVI, seed 34, iteration 1410, time: 947.5315062999725
Starting label LEVI, seed 34, iteration 1420, time: 956.0380065441132
Starting label LEVI, seed 34, iteration 1430, time: 964.0604321956635
Starting label LEVI, seed 34, iteration 1440, time: 972.0043988227844
Starting label LEVI, seed 34, iteration 1450, time: 980.5536470413208
Starting label LEVI, seed 34, iteration 1460, time: 989.2814555168152
Starting label LEVI, seed 34, iteration 1470, time: 998.5191516876221
Starting label LEVI, seed 34, iteration 1480, time: 1006.6939952373505
Starting label LEVI, seed 34, iteration 1490, time: 1015.1974365711212
Starting label LEVI, seed 34, iteration 1500, time: 1024.2639439105988
Starting label LEVI, seed 34, iteration 1510, time: 1033.1638233661652
Starting label LEVI, seed 34, iteration 1520, time: 1041.7559838294983
Starting label LEVI, seed 34, iteration 1530, time: 1050.747027873993
Starting label LEVI, seed 34, iteration 1540, time: 1060.2129876613617
Starting label LEVI, seed 34, iteration 1550, time: 1070.411169052124
Starting label LEVI, seed 34, iteration 1560, time: 1079.5577096939087
Starting label LEVI, seed 34, iteration 1570, time: 1088.7083082199097
Starting label LEVI, seed 34, iteration 1580, time: 1097.905110836029
Starting label LEVI, seed 34, iteration 1590, time: 1107.330215215683
Starting label LEVI, seed 34, iteration 1600, time: 1116.5723855495453
Starting label LEVI, seed 34, iteration 1610, time: 1125.9362697601318
Starting label LEVI, seed 34, iteration 1620, time: 1135.1385478973389
Starting label LEVI, seed 34, iteration 1630, time: 1144.9863505363464
Starting label LEVI, seed 34, iteration 1640, time: 1155.4557127952576
Starting label LEVI, seed 34, iteration 1650, time: 1165.7804822921753
Starting label LEVI, seed 34, iteration 1660, time: 1174.9415366649628
Starting label LEVI, seed 34, iteration 1670, time: 1183.5545670986176
Starting label LEVI, seed 34, iteration 1680, time: 1193.8076918125153
Starting label LEVI, seed 34, iteration 1690, time: 1203.4914226531982
Starting label LEVI, seed 34, iteration 1700, time: 1213.4266817569733
Starting label LEVI, seed 34, iteration 1710, time: 1223.9447672367096
Starting label LEVI, seed 34, iteration 1720, time: 1234.1647338867188
Starting label LEVI, seed 34, iteration 1730, time: 1243.9331946372986
Starting label LEVI, seed 34, iteration 1740, time: 1254.3103098869324
Starting label LEVI, seed 34, iteration 1750, time: 1264.2840433120728
Starting label LEVI, seed 34, iteration 1760, time: 1274.6605546474457
Starting label LEVI, seed 34, iteration 1770, time: 1285.6162707805634
Starting label LEVI, seed 34, iteration 1780, time: 1295.8169317245483
Starting label LEVI, seed 34, iteration 1790, time: 1307.3204765319824
Starting label LEVI, seed 34, iteration 1800, time: 1318.8183665275574
Starting label LEVI, seed 34, iteration 1810, time: 1330.3155584335327
Starting label LEVI, seed 34, iteration 1820, time: 1341.7167558670044
Starting label LEVI, seed 34, iteration 1830, time: 1354.6450986862183
Starting label LEVI, seed 34, iteration 1840, time: 1364.9036824703217
Starting label LEVI, seed 34, iteration 1850, time: 1376.989976644516
Starting label LEVI, seed 34, iteration 1860, time: 1387.9539680480957
Starting label LEVI, seed 34, iteration 1870, time: 1398.9654169082642
Starting label LEVI, seed 34, iteration 1880, time: 1410.0531225204468
Starting label LEVI, seed 34, iteration 1890, time: 1420.591476202011
Starting label LEVI, seed 34, iteration 1900, time: 1431.8087306022644
Starting label LEVI, seed 34, iteration 1910, time: 1442.8768527507782
Starting label LEVI, seed 34, iteration 1920, time: 1453.4815654754639
Starting label LEVI, seed 34, iteration 1930, time: 1465.330219745636
Starting label LEVI, seed 34, iteration 1940, time: 1477.610562801361
Starting label LEVI, seed 34, iteration 1950, time: 1489.8501510620117
Starting label LEVI, seed 34, iteration 1960, time: 1501.272177696228
Starting label LEVI, seed 34, iteration 1970, time: 1512.1774153709412
Starting label LEVI, seed 34, iteration 1980, time: 1525.4651412963867
Starting label LEVI, seed 34, iteration 1990, time: 1538.1789610385895
submitit INFO (2022-10-02 13:47:27,630) - Job completed successfully
