submitit INFO (2022-10-02 01:14:57,018) - Starting with JobEnvironment(job_id=883387_6, hostname=davis-compute-01.cs.cornell.edu, local_rank=0(1), node=0(1), global_rank=0(1))
submitit INFO (2022-10-02 01:14:57,018) - Loading pickle: /home/gid-cakmaks/contextual_rs/experiments/wsc_experiments/logs/883387_6/883387_6_submitted.pkl
Starting label LEVI, seed 66, iteration 0, time: 0.012320280075073242
Starting label LEVI, seed 66, iteration 10, time: 2.233515501022339
Starting label LEVI, seed 66, iteration 20, time: 4.444143295288086
Starting label LEVI, seed 66, iteration 30, time: 6.708692789077759
Starting label LEVI, seed 66, iteration 40, time: 8.506529092788696
Starting label LEVI, seed 66, iteration 50, time: 10.693814754486084
Starting label LEVI, seed 66, iteration 60, time: 13.04365062713623
Starting label LEVI, seed 66, iteration 70, time: 15.324342012405396
Starting label LEVI, seed 66, iteration 80, time: 17.454798936843872
Starting label LEVI, seed 66, iteration 90, time: 19.537203550338745
Starting label LEVI, seed 66, iteration 100, time: 21.807366132736206
Starting label LEVI, seed 66, iteration 110, time: 23.825732469558716
Starting label LEVI, seed 66, iteration 120, time: 26.04567003250122
Starting label LEVI, seed 66, iteration 130, time: 28.194379806518555
Starting label LEVI, seed 66, iteration 140, time: 30.70833110809326
Starting label LEVI, seed 66, iteration 150, time: 33.01698017120361
Starting label LEVI, seed 66, iteration 160, time: 35.47533631324768
Starting label LEVI, seed 66, iteration 170, time: 37.36605906486511
Starting label LEVI, seed 66, iteration 180, time: 39.42796230316162
Starting label LEVI, seed 66, iteration 190, time: 41.54196357727051
Starting label LEVI, seed 66, iteration 200, time: 43.65920090675354
Starting label LEVI, seed 66, iteration 210, time: 45.75968265533447
Starting label LEVI, seed 66, iteration 220, time: 47.75873160362244
Starting label LEVI, seed 66, iteration 230, time: 50.18558311462402
Starting label LEVI, seed 66, iteration 240, time: 52.68175292015076
Starting label LEVI, seed 66, iteration 250, time: 55.16368556022644
Starting label LEVI, seed 66, iteration 260, time: 57.48724865913391
Starting label LEVI, seed 66, iteration 270, time: 59.80786490440369
Starting label LEVI, seed 66, iteration 280, time: 62.2849760055542
Starting label LEVI, seed 66, iteration 290, time: 64.77968406677246
Starting label LEVI, seed 66, iteration 300, time: 67.28022527694702
Starting label LEVI, seed 66, iteration 310, time: 69.9585120677948
Starting label LEVI, seed 66, iteration 320, time: 72.62695980072021
Starting label LEVI, seed 66, iteration 330, time: 75.25941872596741
Starting label LEVI, seed 66, iteration 340, time: 78.1221752166748
Starting label LEVI, seed 66, iteration 350, time: 80.9494981765747
Starting label LEVI, seed 66, iteration 360, time: 83.60167741775513
Starting label LEVI, seed 66, iteration 370, time: 86.77846908569336
Starting label LEVI, seed 66, iteration 380, time: 89.579824924469
Starting label LEVI, seed 66, iteration 390, time: 92.49415373802185
Starting label LEVI, seed 66, iteration 400, time: 95.22047328948975
Starting label LEVI, seed 66, iteration 410, time: 97.89106130599976
Starting label LEVI, seed 66, iteration 420, time: 100.48368883132935
Starting label LEVI, seed 66, iteration 430, time: 103.0806074142456
Starting label LEVI, seed 66, iteration 440, time: 105.61395764350891
Starting label LEVI, seed 66, iteration 450, time: 108.03389954566956
Starting label LEVI, seed 66, iteration 460, time: 110.48506593704224
Starting label LEVI, seed 66, iteration 470, time: 112.84835982322693
Starting label LEVI, seed 66, iteration 480, time: 115.37588286399841
Starting label LEVI, seed 66, iteration 490, time: 117.88470983505249
Starting label LEVI, seed 66, iteration 500, time: 120.14518022537231
Starting label LEVI, seed 66, iteration 510, time: 122.38380312919617
Starting label LEVI, seed 66, iteration 520, time: 124.70087814331055
Starting label LEVI, seed 66, iteration 530, time: 126.9159140586853
Starting label LEVI, seed 66, iteration 540, time: 129.28132724761963
Starting label LEVI, seed 66, iteration 550, time: 131.7953324317932
Starting label LEVI, seed 66, iteration 560, time: 134.32214641571045
Starting label LEVI, seed 66, iteration 570, time: 136.6367597579956
Starting label LEVI, seed 66, iteration 580, time: 139.00106978416443
Starting label LEVI, seed 66, iteration 590, time: 141.35111904144287
Starting label LEVI, seed 66, iteration 600, time: 143.67742681503296
Starting label LEVI, seed 66, iteration 610, time: 146.04097819328308
Starting label LEVI, seed 66, iteration 620, time: 148.3826277256012
Starting label LEVI, seed 66, iteration 630, time: 151.0299370288849
Starting label LEVI, seed 66, iteration 640, time: 153.6709499359131
Starting label LEVI, seed 66, iteration 650, time: 156.14101099967957
Starting label LEVI, seed 66, iteration 660, time: 158.50462579727173
Starting label LEVI, seed 66, iteration 670, time: 160.8655800819397
Starting label LEVI, seed 66, iteration 680, time: 163.52254939079285
Starting label LEVI, seed 66, iteration 690, time: 166.337965965271
Starting label LEVI, seed 66, iteration 700, time: 168.86860299110413
Starting label LEVI, seed 66, iteration 710, time: 171.51517963409424
Starting label LEVI, seed 66, iteration 720, time: 174.47302675247192
Starting label LEVI, seed 66, iteration 730, time: 177.381329536438
Starting label LEVI, seed 66, iteration 740, time: 180.21481013298035
Starting label LEVI, seed 66, iteration 750, time: 183.02788591384888
Starting label LEVI, seed 66, iteration 760, time: 185.89311528205872
Starting label LEVI, seed 66, iteration 770, time: 188.8838551044464
Starting label LEVI, seed 66, iteration 780, time: 191.97052121162415
Starting label LEVI, seed 66, iteration 790, time: 195.04289627075195
Starting label LEVI, seed 66, iteration 800, time: 198.33692979812622
Starting label LEVI, seed 66, iteration 810, time: 201.47580814361572
Starting label LEVI, seed 66, iteration 820, time: 204.54517531394958
Starting label LEVI, seed 66, iteration 830, time: 207.58256769180298
Starting label LEVI, seed 66, iteration 840, time: 210.58940529823303
Starting label LEVI, seed 66, iteration 850, time: 214.0360198020935
Starting label LEVI, seed 66, iteration 860, time: 217.3951313495636
Starting label LEVI, seed 66, iteration 870, time: 220.5832176208496
Starting label LEVI, seed 66, iteration 880, time: 223.93717050552368
Starting label LEVI, seed 66, iteration 890, time: 227.2830786705017
Starting label LEVI, seed 66, iteration 900, time: 230.91874861717224
Starting label LEVI, seed 66, iteration 910, time: 234.52766346931458
Starting label LEVI, seed 66, iteration 920, time: 238.2264060974121
Starting label LEVI, seed 66, iteration 930, time: 241.63119435310364
Starting label LEVI, seed 66, iteration 940, time: 245.5420229434967
Starting label LEVI, seed 66, iteration 950, time: 249.33486080169678
Starting label LEVI, seed 66, iteration 960, time: 252.47792077064514
Starting label LEVI, seed 66, iteration 970, time: 256.3770503997803
Starting label LEVI, seed 66, iteration 980, time: 260.4593551158905
Starting label LEVI, seed 66, iteration 990, time: 264.3171212673187
Starting label LEVI, seed 66, iteration 1000, time: 267.9596359729767
Starting label LEVI, seed 66, iteration 1010, time: 272.17007327079773
Starting label LEVI, seed 66, iteration 1020, time: 275.88572669029236
Starting label LEVI, seed 66, iteration 1030, time: 279.7601523399353
Starting label LEVI, seed 66, iteration 1040, time: 284.0063216686249
Starting label LEVI, seed 66, iteration 1050, time: 287.858314037323
Starting label LEVI, seed 66, iteration 1060, time: 291.61949253082275
Starting label LEVI, seed 66, iteration 1070, time: 295.47558999061584
Starting label LEVI, seed 66, iteration 1080, time: 299.5968506336212
Starting label LEVI, seed 66, iteration 1090, time: 304.11737608909607
Starting label LEVI, seed 66, iteration 1100, time: 308.8652024269104
Starting label LEVI, seed 66, iteration 1110, time: 312.8999230861664
Starting label LEVI, seed 66, iteration 1120, time: 317.0261068344116
Starting label LEVI, seed 66, iteration 1130, time: 321.2055010795593
Starting label LEVI, seed 66, iteration 1140, time: 325.6963243484497
Starting label LEVI, seed 66, iteration 1150, time: 330.1249930858612
Starting label LEVI, seed 66, iteration 1160, time: 334.59206104278564
Starting label LEVI, seed 66, iteration 1170, time: 338.92781496047974
Starting label LEVI, seed 66, iteration 1180, time: 343.3667891025543
Starting label LEVI, seed 66, iteration 1190, time: 348.02403688430786
Starting label LEVI, seed 66, iteration 1200, time: 352.6259300708771
Starting label LEVI, seed 66, iteration 1210, time: 357.22847390174866
Starting label LEVI, seed 66, iteration 1220, time: 362.425253868103
Starting label LEVI, seed 66, iteration 1230, time: 367.2905430793762
Starting label LEVI, seed 66, iteration 1240, time: 372.3628897666931
Starting label LEVI, seed 66, iteration 1250, time: 377.55968046188354
Starting label LEVI, seed 66, iteration 1260, time: 382.2649440765381
Starting label LEVI, seed 66, iteration 1270, time: 387.2716360092163
Starting label LEVI, seed 66, iteration 1280, time: 392.40528106689453
Starting label LEVI, seed 66, iteration 1290, time: 396.97768211364746
Starting label LEVI, seed 66, iteration 1300, time: 401.91298151016235
Starting label LEVI, seed 66, iteration 1310, time: 407.01703810691833
Starting label LEVI, seed 66, iteration 1320, time: 412.3175754547119
Starting label LEVI, seed 66, iteration 1330, time: 417.95407247543335
Starting label LEVI, seed 66, iteration 1340, time: 422.8624482154846
Starting label LEVI, seed 66, iteration 1350, time: 427.8978843688965
Starting label LEVI, seed 66, iteration 1360, time: 433.2486379146576
Starting label LEVI, seed 66, iteration 1370, time: 439.23138451576233
Starting label LEVI, seed 66, iteration 1380, time: 444.98666286468506
Starting label LEVI, seed 66, iteration 1390, time: 451.56390047073364
Starting label LEVI, seed 66, iteration 1400, time: 457.58221101760864
submitit WARNING (2022-10-02 01:22:36,008) - Bypassing signal SIGCONT
submitit WARNING (2022-10-02 01:22:36,091) - Bypassing signal SIGTERM
Starting label LEVI, seed 66, iteration 1410, time: 463.2294840812683
Starting label LEVI, seed 66, iteration 1420, time: 469.0089476108551
Starting label LEVI, seed 66, iteration 1430, time: 475.55179381370544
Starting label LEVI, seed 66, iteration 1440, time: 482.2343189716339
