submitit INFO (2022-10-02 00:57:12,395) - Starting with JobEnvironment(job_id=883387_0, hostname=campbell-compute-01.mae.cornell.edu, local_rank=0(1), node=0(1), global_rank=0(1))
submitit INFO (2022-10-02 00:57:12,395) - Loading pickle: /home/gid-cakmaks/contextual_rs/experiments/wsc_experiments/logs/883387_0/883387_0_submitted.pkl
Starting label LEVI, seed 60, iteration 0, time: 0.0004930496215820312
Starting label LEVI, seed 60, iteration 10, time: 2.7107081413269043
Starting label LEVI, seed 60, iteration 20, time: 5.49829363822937
Starting label LEVI, seed 60, iteration 30, time: 8.250990152359009
Starting label LEVI, seed 60, iteration 40, time: 10.939568996429443
Starting label LEVI, seed 60, iteration 50, time: 13.59160566329956
Starting label LEVI, seed 60, iteration 60, time: 16.395397663116455
Starting label LEVI, seed 60, iteration 70, time: 19.20067858695984
Starting label LEVI, seed 60, iteration 80, time: 21.97365689277649
Starting label LEVI, seed 60, iteration 90, time: 24.70856475830078
Starting label LEVI, seed 60, iteration 100, time: 27.486042976379395
Starting label LEVI, seed 60, iteration 110, time: 30.252660751342773
Starting label LEVI, seed 60, iteration 120, time: 32.979984283447266
Starting label LEVI, seed 60, iteration 130, time: 35.743643045425415
Starting label LEVI, seed 60, iteration 140, time: 38.61381721496582
Starting label LEVI, seed 60, iteration 150, time: 41.50871777534485
Starting label LEVI, seed 60, iteration 160, time: 44.31733417510986
Starting label LEVI, seed 60, iteration 170, time: 47.10878086090088
Starting label LEVI, seed 60, iteration 180, time: 50.00733757019043
Starting label LEVI, seed 60, iteration 190, time: 52.90948557853699
Starting label LEVI, seed 60, iteration 200, time: 56.03111553192139
Starting label LEVI, seed 60, iteration 210, time: 59.062883138656616
Starting label LEVI, seed 60, iteration 220, time: 62.14912152290344
Starting label LEVI, seed 60, iteration 230, time: 65.22597575187683
Starting label LEVI, seed 60, iteration 240, time: 68.40612435340881
Starting label LEVI, seed 60, iteration 250, time: 71.33995985984802
Starting label LEVI, seed 60, iteration 260, time: 74.45090079307556
Starting label LEVI, seed 60, iteration 270, time: 77.49918627738953
Starting label LEVI, seed 60, iteration 280, time: 80.4175033569336
Starting label LEVI, seed 60, iteration 290, time: 83.42556977272034
Starting label LEVI, seed 60, iteration 300, time: 86.4262924194336
Starting label LEVI, seed 60, iteration 310, time: 89.38549852371216
Starting label LEVI, seed 60, iteration 320, time: 92.41942477226257
Starting label LEVI, seed 60, iteration 330, time: 95.39931583404541
Starting label LEVI, seed 60, iteration 340, time: 98.55257987976074
Starting label LEVI, seed 60, iteration 350, time: 101.64993929862976
Starting label LEVI, seed 60, iteration 360, time: 104.78106999397278
Starting label LEVI, seed 60, iteration 370, time: 108.09691381454468
Starting label LEVI, seed 60, iteration 380, time: 111.23442602157593
Starting label LEVI, seed 60, iteration 390, time: 114.58314061164856
Starting label LEVI, seed 60, iteration 400, time: 117.81403279304504
Starting label LEVI, seed 60, iteration 410, time: 121.09564137458801
Starting label LEVI, seed 60, iteration 420, time: 124.4018325805664
Starting label LEVI, seed 60, iteration 430, time: 127.78233551979065
Starting label LEVI, seed 60, iteration 440, time: 131.21430206298828
Starting label LEVI, seed 60, iteration 450, time: 134.67425346374512
Starting label LEVI, seed 60, iteration 460, time: 138.10485672950745
Starting label LEVI, seed 60, iteration 470, time: 141.86335849761963
Starting label LEVI, seed 60, iteration 480, time: 145.30695128440857
Starting label LEVI, seed 60, iteration 490, time: 148.79631972312927
Starting label LEVI, seed 60, iteration 500, time: 152.27032160758972
Starting label LEVI, seed 60, iteration 510, time: 155.8915777206421
Starting label LEVI, seed 60, iteration 520, time: 159.71359944343567
Starting label LEVI, seed 60, iteration 530, time: 163.33306908607483
Starting label LEVI, seed 60, iteration 540, time: 167.00679445266724
Starting label LEVI, seed 60, iteration 550, time: 170.78882026672363
Starting label LEVI, seed 60, iteration 560, time: 174.53213143348694
Starting label LEVI, seed 60, iteration 570, time: 178.43685913085938
Starting label LEVI, seed 60, iteration 580, time: 182.47349095344543
Starting label LEVI, seed 60, iteration 590, time: 186.50740551948547
Starting label LEVI, seed 60, iteration 600, time: 190.32844233512878
Starting label LEVI, seed 60, iteration 610, time: 194.48037266731262
Starting label LEVI, seed 60, iteration 620, time: 198.6712782382965
Starting label LEVI, seed 60, iteration 630, time: 202.74370765686035
Starting label LEVI, seed 60, iteration 640, time: 207.1665871143341
Starting label LEVI, seed 60, iteration 650, time: 211.45288944244385
Starting label LEVI, seed 60, iteration 660, time: 215.914452791214
Starting label LEVI, seed 60, iteration 670, time: 220.2482361793518
Starting label LEVI, seed 60, iteration 680, time: 224.65637278556824
Starting label LEVI, seed 60, iteration 690, time: 229.2495880126953
Starting label LEVI, seed 60, iteration 700, time: 234.02969884872437
Starting label LEVI, seed 60, iteration 710, time: 238.86395263671875
Starting label LEVI, seed 60, iteration 720, time: 243.28351736068726
Starting label LEVI, seed 60, iteration 730, time: 247.84158873558044
Starting label LEVI, seed 60, iteration 740, time: 252.60214471817017
Starting label LEVI, seed 60, iteration 750, time: 257.24436926841736
Starting label LEVI, seed 60, iteration 760, time: 262.580050945282
Starting label LEVI, seed 60, iteration 770, time: 267.8121991157532
Starting label LEVI, seed 60, iteration 780, time: 273.27481508255005
Starting label LEVI, seed 60, iteration 790, time: 278.8456144332886
Starting label LEVI, seed 60, iteration 800, time: 284.17697620391846
Starting label LEVI, seed 60, iteration 810, time: 290.31821179389954
Starting label LEVI, seed 60, iteration 820, time: 296.8333010673523
Starting label LEVI, seed 60, iteration 830, time: 302.0981602668762
Starting label LEVI, seed 60, iteration 840, time: 307.6674509048462
Starting label LEVI, seed 60, iteration 850, time: 313.39438939094543
Starting label LEVI, seed 60, iteration 860, time: 318.40240025520325
Starting label LEVI, seed 60, iteration 870, time: 324.3355379104614
Starting label LEVI, seed 60, iteration 880, time: 330.2381489276886
Starting label LEVI, seed 60, iteration 890, time: 335.41843461990356
Starting label LEVI, seed 60, iteration 900, time: 341.1543755531311
Starting label LEVI, seed 60, iteration 910, time: 346.5835790634155
Starting label LEVI, seed 60, iteration 920, time: 353.16758131980896
Starting label LEVI, seed 60, iteration 930, time: 359.51441645622253
Starting label LEVI, seed 60, iteration 940, time: 366.23855996131897
Starting label LEVI, seed 60, iteration 950, time: 372.76679849624634
Starting label LEVI, seed 60, iteration 960, time: 379.72848320007324
Starting label LEVI, seed 60, iteration 970, time: 386.46915221214294
Starting label LEVI, seed 60, iteration 980, time: 393.7153055667877
Starting label LEVI, seed 60, iteration 990, time: 399.71614694595337
Starting label LEVI, seed 60, iteration 1000, time: 405.86598539352417
Starting label LEVI, seed 60, iteration 1010, time: 412.17321395874023
Starting label LEVI, seed 60, iteration 1020, time: 418.5388903617859
Starting label LEVI, seed 60, iteration 1030, time: 425.0743553638458
Starting label LEVI, seed 60, iteration 1040, time: 432.3567020893097
Starting label LEVI, seed 60, iteration 1050, time: 439.9191219806671
Starting label LEVI, seed 60, iteration 1060, time: 448.0242087841034
Starting label LEVI, seed 60, iteration 1070, time: 455.9905295372009
Starting label LEVI, seed 60, iteration 1080, time: 463.09181475639343
Starting label LEVI, seed 60, iteration 1090, time: 470.33092856407166
Starting label LEVI, seed 60, iteration 1100, time: 477.3693549633026
Starting label LEVI, seed 60, iteration 1110, time: 486.29562163352966
Starting label LEVI, seed 60, iteration 1120, time: 493.62299513816833
Starting label LEVI, seed 60, iteration 1130, time: 501.2426779270172
Starting label LEVI, seed 60, iteration 1140, time: 508.6110017299652
Starting label LEVI, seed 60, iteration 1150, time: 518.363333940506
Starting label LEVI, seed 60, iteration 1160, time: 528.1762008666992
Starting label LEVI, seed 60, iteration 1170, time: 537.7766683101654
Starting label LEVI, seed 60, iteration 1180, time: 548.1717021465302
Starting label LEVI, seed 60, iteration 1190, time: 556.2431757450104
Starting label LEVI, seed 60, iteration 1200, time: 564.3836641311646
Starting label LEVI, seed 60, iteration 1210, time: 574.2307605743408
Starting label LEVI, seed 60, iteration 1220, time: 584.9077727794647
Starting label LEVI, seed 60, iteration 1230, time: 594.9751863479614
Starting label LEVI, seed 60, iteration 1240, time: 606.0129630565643
Starting label LEVI, seed 60, iteration 1250, time: 615.7610008716583
Starting label LEVI, seed 60, iteration 1260, time: 626.6592600345612
Starting label LEVI, seed 60, iteration 1270, time: 636.0712397098541
Starting label LEVI, seed 60, iteration 1280, time: 647.8163697719574
Starting label LEVI, seed 60, iteration 1290, time: 659.8090934753418
Starting label LEVI, seed 60, iteration 1300, time: 670.8572957515717
Starting label LEVI, seed 60, iteration 1310, time: 684.3699624538422
Starting label LEVI, seed 60, iteration 1320, time: 695.7476432323456
Starting label LEVI, seed 60, iteration 1330, time: 709.639083147049
Starting label LEVI, seed 60, iteration 1340, time: 721.0931658744812
Starting label LEVI, seed 60, iteration 1350, time: 734.3760347366333
Starting label LEVI, seed 60, iteration 1360, time: 745.3817677497864
Starting label LEVI, seed 60, iteration 1370, time: 756.6448538303375
Starting label LEVI, seed 60, iteration 1380, time: 770.0440995693207
Starting label LEVI, seed 60, iteration 1390, time: 781.0455622673035
Starting label LEVI, seed 60, iteration 1400, time: 795.702409029007
Starting label LEVI, seed 60, iteration 1410, time: 807.8080372810364
Starting label LEVI, seed 60, iteration 1420, time: 819.4792287349701
Starting label LEVI, seed 60, iteration 1430, time: 830.5387165546417
Starting label LEVI, seed 60, iteration 1440, time: 845.0950925350189
Starting label LEVI, seed 60, iteration 1450, time: 857.5950100421906
Starting label LEVI, seed 60, iteration 1460, time: 870.6388700008392
Starting label LEVI, seed 60, iteration 1470, time: 882.9169089794159
Starting label LEVI, seed 60, iteration 1480, time: 896.0485165119171
Starting label LEVI, seed 60, iteration 1490, time: 908.8605225086212
Starting label LEVI, seed 60, iteration 1500, time: 923.0484058856964
Starting label LEVI, seed 60, iteration 1510, time: 936.9682743549347
Starting label LEVI, seed 60, iteration 1520, time: 951.227721452713
Starting label LEVI, seed 60, iteration 1530, time: 965.8759119510651
Starting label LEVI, seed 60, iteration 1540, time: 980.3665506839752
Starting label LEVI, seed 60, iteration 1550, time: 995.3892524242401
Starting label LEVI, seed 60, iteration 1560, time: 1010.5132448673248
Starting label LEVI, seed 60, iteration 1570, time: 1025.3000929355621
Starting label LEVI, seed 60, iteration 1580, time: 1040.022617340088
Starting label LEVI, seed 60, iteration 1590, time: 1055.5278098583221
Starting label LEVI, seed 60, iteration 1600, time: 1073.8408014774323
Starting label LEVI, seed 60, iteration 1610, time: 1094.0890510082245
Starting label LEVI, seed 60, iteration 1620, time: 1114.5296711921692
Starting label LEVI, seed 60, iteration 1630, time: 1131.3314490318298
Starting label LEVI, seed 60, iteration 1640, time: 1153.4537558555603
Starting label LEVI, seed 60, iteration 1650, time: 1172.3386969566345
Starting label LEVI, seed 60, iteration 1660, time: 1190.6682221889496
Starting label LEVI, seed 60, iteration 1670, time: 1208.5950348377228
Starting label LEVI, seed 60, iteration 1680, time: 1228.2535319328308
Starting label LEVI, seed 60, iteration 1690, time: 1246.4772517681122
Starting label LEVI, seed 60, iteration 1700, time: 1265.535938501358
Starting label LEVI, seed 60, iteration 1710, time: 1286.1515171527863
Starting label LEVI, seed 60, iteration 1720, time: 1308.8569366931915
Starting label LEVI, seed 60, iteration 1730, time: 1328.195207118988
Starting label LEVI, seed 60, iteration 1740, time: 1349.6994395256042
Starting label LEVI, seed 60, iteration 1750, time: 1373.3300955295563
Starting label LEVI, seed 60, iteration 1760, time: 1393.7319569587708
Starting label LEVI, seed 60, iteration 1770, time: 1414.9254100322723
Starting label LEVI, seed 60, iteration 1780, time: 1436.4529292583466
Starting label LEVI, seed 60, iteration 1790, time: 1457.989086151123
Starting label LEVI, seed 60, iteration 1800, time: 1481.0292673110962
Starting label LEVI, seed 60, iteration 1810, time: 1503.9315969944
submitit WARNING (2022-10-02 01:22:36,144) - Bypassing signal SIGTERM
submitit WARNING (2022-10-02 01:22:36,144) - Bypassing signal SIGCONT
Starting label LEVI, seed 60, iteration 1820, time: 1526.2499251365662
Starting label LEVI, seed 60, iteration 1830, time: 1548.4313180446625
