submitit INFO (2022-10-02 04:22:21,040) - Starting with JobEnvironment(job_id=884077_2, hostname=snavely-compute-01.tech.cornell.edu, local_rank=0(1), node=0(1), global_rank=0(1))
submitit INFO (2022-10-02 04:22:21,040) - Loading pickle: /home/gid-cakmaks/contextual_rs/experiments/wsc_experiments/logs/884077_2/884077_2_submitted.pkl
Appending iterations to existing output!Warning: If parameters other than `iterations` have been changed, this will corrupt the output!
Starting label LEVI, seed 82, iteration 460, time: 257.65496802330017
Starting label LEVI, seed 82, iteration 470, time: 264.1752812862396
Starting label LEVI, seed 82, iteration 480, time: 270.97308254241943
Starting label LEVI, seed 82, iteration 490, time: 277.855331659317
Starting label LEVI, seed 82, iteration 500, time: 284.7978005409241
Starting label LEVI, seed 82, iteration 510, time: 291.91836190223694
Starting label LEVI, seed 82, iteration 520, time: 298.8096868991852
Starting label LEVI, seed 82, iteration 530, time: 305.97386503219604
Starting label LEVI, seed 82, iteration 540, time: 312.9830176830292
Starting label LEVI, seed 82, iteration 550, time: 320.30140018463135
Starting label LEVI, seed 82, iteration 560, time: 327.6370587348938
Starting label LEVI, seed 82, iteration 570, time: 334.58433413505554
Starting label LEVI, seed 82, iteration 580, time: 341.5793116092682
Starting label LEVI, seed 82, iteration 590, time: 348.3789179325104
Starting label LEVI, seed 82, iteration 600, time: 355.49702858924866
Starting label LEVI, seed 82, iteration 610, time: 362.4155750274658
Starting label LEVI, seed 82, iteration 620, time: 369.25579953193665
Starting label LEVI, seed 82, iteration 630, time: 376.00631737709045
Starting label LEVI, seed 82, iteration 640, time: 382.86129903793335
Starting label LEVI, seed 82, iteration 650, time: 389.6719024181366
Starting label LEVI, seed 82, iteration 660, time: 396.37929129600525
Starting label LEVI, seed 82, iteration 670, time: 403.43139696121216
Starting label LEVI, seed 82, iteration 680, time: 410.1374933719635
Starting label LEVI, seed 82, iteration 690, time: 417.1669673919678
Starting label LEVI, seed 82, iteration 700, time: 424.1028645038605
Starting label LEVI, seed 82, iteration 710, time: 431.25670313835144
Starting label LEVI, seed 82, iteration 720, time: 438.28282380104065
Starting label LEVI, seed 82, iteration 730, time: 445.1193027496338
Starting label LEVI, seed 82, iteration 740, time: 452.15980768203735
Starting label LEVI, seed 82, iteration 750, time: 459.2417838573456
Starting label LEVI, seed 82, iteration 760, time: 466.81490898132324
Starting label LEVI, seed 82, iteration 770, time: 474.28379559516907
Starting label LEVI, seed 82, iteration 780, time: 481.5789701938629
Starting label LEVI, seed 82, iteration 790, time: 488.8450491428375
Starting label LEVI, seed 82, iteration 800, time: 496.16487526893616
Starting label LEVI, seed 82, iteration 810, time: 503.6592206954956
Starting label LEVI, seed 82, iteration 820, time: 511.13867568969727
Starting label LEVI, seed 82, iteration 830, time: 518.5941512584686
Starting label LEVI, seed 82, iteration 840, time: 526.1651935577393
Starting label LEVI, seed 82, iteration 850, time: 533.564453125
Starting label LEVI, seed 82, iteration 860, time: 540.8894777297974
Starting label LEVI, seed 82, iteration 870, time: 548.3892052173615
Starting label LEVI, seed 82, iteration 880, time: 555.7084352970123
Starting label LEVI, seed 82, iteration 890, time: 563.0373167991638
Starting label LEVI, seed 82, iteration 900, time: 570.3114583492279
Starting label LEVI, seed 82, iteration 910, time: 577.7480638027191
Starting label LEVI, seed 82, iteration 920, time: 585.3115365505219
Starting label LEVI, seed 82, iteration 930, time: 592.8194286823273
Starting label LEVI, seed 82, iteration 940, time: 600.3211114406586
Starting label LEVI, seed 82, iteration 950, time: 607.9020025730133
Starting label LEVI, seed 82, iteration 960, time: 615.3353891372681
Starting label LEVI, seed 82, iteration 970, time: 623.1866762638092
Starting label LEVI, seed 82, iteration 980, time: 630.7737648487091
Starting label LEVI, seed 82, iteration 990, time: 638.3283450603485
Starting label LEVI, seed 82, iteration 1000, time: 645.6025831699371
Starting label LEVI, seed 82, iteration 1010, time: 652.9537122249603
Starting label LEVI, seed 82, iteration 1020, time: 661.2842292785645
Starting label LEVI, seed 82, iteration 1030, time: 668.8817884922028
Starting label LEVI, seed 82, iteration 1040, time: 676.5091061592102
Starting label LEVI, seed 82, iteration 1050, time: 684.3242876529694
Starting label LEVI, seed 82, iteration 1060, time: 692.2291660308838
Starting label LEVI, seed 82, iteration 1070, time: 700.2250142097473
Starting label LEVI, seed 82, iteration 1080, time: 708.028261423111
Starting label LEVI, seed 82, iteration 1090, time: 715.9299943447113
Starting label LEVI, seed 82, iteration 1100, time: 724.1454818248749
Starting label LEVI, seed 82, iteration 1110, time: 732.2831149101257
Starting label LEVI, seed 82, iteration 1120, time: 740.2474172115326
Starting label LEVI, seed 82, iteration 1130, time: 748.4298269748688
Starting label LEVI, seed 82, iteration 1140, time: 756.6329855918884
Starting label LEVI, seed 82, iteration 1150, time: 765.05770611763
Starting label LEVI, seed 82, iteration 1160, time: 773.6071903705597
Starting label LEVI, seed 82, iteration 1170, time: 782.0216083526611
Starting label LEVI, seed 82, iteration 1180, time: 790.2822856903076
Starting label LEVI, seed 82, iteration 1190, time: 798.5563414096832
Starting label LEVI, seed 82, iteration 1200, time: 806.9781334400177
Starting label LEVI, seed 82, iteration 1210, time: 815.4548382759094
Starting label LEVI, seed 82, iteration 1220, time: 823.6149306297302
Starting label LEVI, seed 82, iteration 1230, time: 832.0226216316223
Starting label LEVI, seed 82, iteration 1240, time: 840.7659485340118
Starting label LEVI, seed 82, iteration 1250, time: 849.4251990318298
Starting label LEVI, seed 82, iteration 1260, time: 858.1409990787506
Starting label LEVI, seed 82, iteration 1270, time: 866.9050984382629
Starting label LEVI, seed 82, iteration 1280, time: 876.131594657898
Starting label LEVI, seed 82, iteration 1290, time: 885.3369154930115
Starting label LEVI, seed 82, iteration 1300, time: 894.5132777690887
Starting label LEVI, seed 82, iteration 1310, time: 903.6963815689087
Starting label LEVI, seed 82, iteration 1320, time: 913.0590028762817
Starting label LEVI, seed 82, iteration 1330, time: 922.805242061615
Starting label LEVI, seed 82, iteration 1340, time: 932.707751750946
Starting label LEVI, seed 82, iteration 1350, time: 942.5425035953522
Starting label LEVI, seed 82, iteration 1360, time: 952.1929306983948
Starting label LEVI, seed 82, iteration 1370, time: 961.3050630092621
Starting label LEVI, seed 82, iteration 1380, time: 971.008273601532
Starting label LEVI, seed 82, iteration 1390, time: 980.4139769077301
Starting label LEVI, seed 82, iteration 1400, time: 989.4473793506622
Starting label LEVI, seed 82, iteration 1410, time: 999.0827889442444
Starting label LEVI, seed 82, iteration 1420, time: 1008.2720413208008
Starting label LEVI, seed 82, iteration 1430, time: 1017.1837344169617
Starting label LEVI, seed 82, iteration 1440, time: 1026.612286567688
Starting label LEVI, seed 82, iteration 1450, time: 1035.914478302002
Starting label LEVI, seed 82, iteration 1460, time: 1045.0832335948944
Starting label LEVI, seed 82, iteration 1470, time: 1054.3764958381653
Starting label LEVI, seed 82, iteration 1480, time: 1063.6490731239319
Starting label LEVI, seed 82, iteration 1490, time: 1072.891655921936
Starting label LEVI, seed 82, iteration 1500, time: 1082.2310314178467
Starting label LEVI, seed 82, iteration 1510, time: 1091.939770936966
Starting label LEVI, seed 82, iteration 1520, time: 1101.0065898895264
Starting label LEVI, seed 82, iteration 1530, time: 1110.3240337371826
Starting label LEVI, seed 82, iteration 1540, time: 1119.6998364925385
Starting label LEVI, seed 82, iteration 1550, time: 1128.688843011856
Starting label LEVI, seed 82, iteration 1560, time: 1137.7144589424133
Starting label LEVI, seed 82, iteration 1570, time: 1146.9147584438324
Starting label LEVI, seed 82, iteration 1580, time: 1157.2988822460175
Starting label LEVI, seed 82, iteration 1590, time: 1166.9431507587433
Starting label LEVI, seed 82, iteration 1600, time: 1176.7459416389465
Starting label LEVI, seed 82, iteration 1610, time: 1186.2329688072205
Starting label LEVI, seed 82, iteration 1620, time: 1195.6252825260162
Starting label LEVI, seed 82, iteration 1630, time: 1204.7628650665283
Starting label LEVI, seed 82, iteration 1640, time: 1214.534952878952
Starting label LEVI, seed 82, iteration 1650, time: 1225.6281199455261
Starting label LEVI, seed 82, iteration 1660, time: 1236.4799301624298
Starting label LEVI, seed 82, iteration 1670, time: 1246.576110124588
Starting label LEVI, seed 82, iteration 1680, time: 1256.1524682044983
Starting label LEVI, seed 82, iteration 1690, time: 1265.899248600006
Starting label LEVI, seed 82, iteration 1700, time: 1275.5663766860962
Starting label LEVI, seed 82, iteration 1710, time: 1284.7089502811432
Starting label LEVI, seed 82, iteration 1720, time: 1294.1809508800507
Starting label LEVI, seed 82, iteration 1730, time: 1304.0315952301025
Starting label LEVI, seed 82, iteration 1740, time: 1314.2344074249268
Starting label LEVI, seed 82, iteration 1750, time: 1324.4684052467346
Starting label LEVI, seed 82, iteration 1760, time: 1334.7086780071259
Starting label LEVI, seed 82, iteration 1770, time: 1345.296555519104
Starting label LEVI, seed 82, iteration 1780, time: 1355.835444688797
Starting label LEVI, seed 82, iteration 1790, time: 1366.5616207122803
Starting label LEVI, seed 82, iteration 1800, time: 1377.6274223327637
Starting label LEVI, seed 82, iteration 1810, time: 1388.7974157333374
Starting label LEVI, seed 82, iteration 1820, time: 1400.1585869789124
Starting label LEVI, seed 82, iteration 1830, time: 1412.771164894104
Starting label LEVI, seed 82, iteration 1840, time: 1426.1008496284485
Starting label LEVI, seed 82, iteration 1850, time: 1437.0266861915588
Starting label LEVI, seed 82, iteration 1860, time: 1447.6904249191284
Starting label LEVI, seed 82, iteration 1870, time: 1458.5445148944855
Starting label LEVI, seed 82, iteration 1880, time: 1468.8589205741882
Starting label LEVI, seed 82, iteration 1890, time: 1478.7755224704742
Starting label LEVI, seed 82, iteration 1900, time: 1489.250465631485
Starting label LEVI, seed 82, iteration 1910, time: 1499.7302312850952
Starting label LEVI, seed 82, iteration 1920, time: 1509.918419122696
Starting label LEVI, seed 82, iteration 1930, time: 1521.1800937652588
Starting label LEVI, seed 82, iteration 1940, time: 1532.1612560749054
Starting label LEVI, seed 82, iteration 1950, time: 1543.9049787521362
Starting label LEVI, seed 82, iteration 1960, time: 1555.404756307602
Starting label LEVI, seed 82, iteration 1970, time: 1566.5495221614838
Starting label LEVI, seed 82, iteration 1980, time: 1578.4168734550476
Starting label LEVI, seed 82, iteration 1990, time: 1589.9760525226593
submitit INFO (2022-10-02 04:44:47,395) - Job completed successfully
