submitit INFO (2022-10-02 03:17:15,562) - Starting with JobEnvironment(job_id=883809_6, hostname=badfellow.cs.cornell.edu, local_rank=0(1), node=0(1), global_rank=0(1))
submitit INFO (2022-10-02 03:17:15,562) - Loading pickle: /home/gid-cakmaks/contextual_rs/experiments/wsc_experiments/logs/883809_6/883809_6_submitted.pkl
Starting label LEVI, seed 86, iteration 0, time: 0.011419296264648438
Starting label LEVI, seed 86, iteration 10, time: 6.157318592071533
submitit WARNING (2022-10-02 03:17:24,807) - Bypassing signal SIGCONT
submitit WARNING (2022-10-02 03:17:24,879) - Bypassing signal SIGTERM
Starting label LEVI, seed 86, iteration 20, time: 7.80021595954895
Starting label LEVI, seed 86, iteration 30, time: 9.399897336959839
Starting label LEVI, seed 86, iteration 40, time: 11.009552240371704
Starting label LEVI, seed 86, iteration 50, time: 12.633801698684692
Starting label LEVI, seed 86, iteration 60, time: 14.311985969543457
Starting label LEVI, seed 86, iteration 70, time: 15.927605152130127
Starting label LEVI, seed 86, iteration 80, time: 17.667351722717285
Starting label LEVI, seed 86, iteration 90, time: 19.904991149902344
Starting label LEVI, seed 86, iteration 100, time: 22.07874321937561
Starting label LEVI, seed 86, iteration 110, time: 23.77421545982361
Starting label LEVI, seed 86, iteration 120, time: 25.426343202590942
Starting label LEVI, seed 86, iteration 130, time: 27.10102915763855
Starting label LEVI, seed 86, iteration 140, time: 28.834580659866333
Starting label LEVI, seed 86, iteration 150, time: 30.494675397872925
Starting label LEVI, seed 86, iteration 160, time: 32.89627766609192
Starting label LEVI, seed 86, iteration 170, time: 35.26287889480591
