submitit INFO (2022-10-02 13:26:52,418) - Starting with JobEnvironment(job_id=884541_4, hostname=tripods-compute-02.cs.cornell.edu, local_rank=0(1), node=0(1), global_rank=0(1))
submitit INFO (2022-10-02 13:26:52,418) - Loading pickle: /home/gid-cakmaks/contextual_rs/experiments/wsc_experiments/logs/884541_4/884541_4_submitted.pkl
Appending iterations to existing output!Warning: If parameters other than `iterations` have been changed, this will corrupt the output!
Starting label LEVI, seed 24, iteration 610, time: 336.1063871383667
Starting label LEVI, seed 24, iteration 620, time: 343.3819954395294
Starting label LEVI, seed 24, iteration 630, time: 351.3388147354126
Starting label LEVI, seed 24, iteration 640, time: 359.14142203330994
Starting label LEVI, seed 24, iteration 650, time: 366.3010241985321
Starting label LEVI, seed 24, iteration 660, time: 373.3712148666382
Starting label LEVI, seed 24, iteration 670, time: 381.4174597263336
Starting label LEVI, seed 24, iteration 680, time: 390.26426553726196
Starting label LEVI, seed 24, iteration 690, time: 399.058260679245
Starting label LEVI, seed 24, iteration 700, time: 406.94388723373413
Starting label LEVI, seed 24, iteration 710, time: 415.03359842300415
Starting label LEVI, seed 24, iteration 720, time: 425.0364933013916
Starting label LEVI, seed 24, iteration 730, time: 433.7671959400177
Starting label LEVI, seed 24, iteration 740, time: 444.34018540382385
Starting label LEVI, seed 24, iteration 750, time: 453.78489208221436
Starting label LEVI, seed 24, iteration 760, time: 463.0151057243347
Starting label LEVI, seed 24, iteration 770, time: 472.5968496799469
Starting label LEVI, seed 24, iteration 780, time: 482.1024889945984
Starting label LEVI, seed 24, iteration 790, time: 491.55999779701233
Starting label LEVI, seed 24, iteration 800, time: 501.7082073688507
Starting label LEVI, seed 24, iteration 810, time: 511.15202593803406
Starting label LEVI, seed 24, iteration 820, time: 523.2770812511444
Starting label LEVI, seed 24, iteration 830, time: 534.3618080615997
Starting label LEVI, seed 24, iteration 840, time: 544.7730374336243
Starting label LEVI, seed 24, iteration 850, time: 554.6124768257141
Starting label LEVI, seed 24, iteration 860, time: 563.8492999076843
Starting label LEVI, seed 24, iteration 870, time: 572.9093194007874
Starting label LEVI, seed 24, iteration 880, time: 582.7989113330841
Starting label LEVI, seed 24, iteration 890, time: 595.4604001045227
Starting label LEVI, seed 24, iteration 900, time: 605.7747676372528
Starting label LEVI, seed 24, iteration 910, time: 615.1257545948029
Starting label LEVI, seed 24, iteration 920, time: 625.5722916126251
Starting label LEVI, seed 24, iteration 930, time: 636.30544090271
Starting label LEVI, seed 24, iteration 940, time: 646.8412120342255
Starting label LEVI, seed 24, iteration 950, time: 657.7161583900452
Starting label LEVI, seed 24, iteration 960, time: 667.2236731052399
Starting label LEVI, seed 24, iteration 970, time: 677.6391172409058
Starting label LEVI, seed 24, iteration 980, time: 687.2205231189728
Starting label LEVI, seed 24, iteration 990, time: 696.7150566577911
Starting label LEVI, seed 24, iteration 1000, time: 706.1077265739441
Starting label LEVI, seed 24, iteration 1010, time: 715.552491903305
Starting label LEVI, seed 24, iteration 1020, time: 725.1399700641632
Starting label LEVI, seed 24, iteration 1030, time: 734.2922878265381
Starting label LEVI, seed 24, iteration 1040, time: 742.6171152591705
Starting label LEVI, seed 24, iteration 1050, time: 750.4615581035614
Starting label LEVI, seed 24, iteration 1060, time: 758.4637408256531
Starting label LEVI, seed 24, iteration 1070, time: 767.180947303772
Starting label LEVI, seed 24, iteration 1080, time: 775.951064825058
Starting label LEVI, seed 24, iteration 1090, time: 784.545027256012
Starting label LEVI, seed 24, iteration 1100, time: 794.9964525699615
Starting label LEVI, seed 24, iteration 1110, time: 803.6911797523499
Starting label LEVI, seed 24, iteration 1120, time: 812.3106586933136
Starting label LEVI, seed 24, iteration 1130, time: 821.0869235992432
Starting label LEVI, seed 24, iteration 1140, time: 829.7130689620972
Starting label LEVI, seed 24, iteration 1150, time: 838.4920108318329
Starting label LEVI, seed 24, iteration 1160, time: 847.1150810718536
Starting label LEVI, seed 24, iteration 1170, time: 855.6236226558685
Starting label LEVI, seed 24, iteration 1180, time: 864.0554184913635
Starting label LEVI, seed 24, iteration 1190, time: 872.3278050422668
Starting label LEVI, seed 24, iteration 1200, time: 880.798957824707
Starting label LEVI, seed 24, iteration 1210, time: 889.1530992984772
Starting label LEVI, seed 24, iteration 1220, time: 897.318354845047
Starting label LEVI, seed 24, iteration 1230, time: 905.9624314308167
Starting label LEVI, seed 24, iteration 1240, time: 914.470897436142
Starting label LEVI, seed 24, iteration 1250, time: 922.9968907833099
Starting label LEVI, seed 24, iteration 1260, time: 931.7523810863495
Starting label LEVI, seed 24, iteration 1270, time: 940.234631061554
Starting label LEVI, seed 24, iteration 1280, time: 949.1268599033356
Starting label LEVI, seed 24, iteration 1290, time: 957.9763431549072
Starting label LEVI, seed 24, iteration 1300, time: 966.8178915977478
Starting label LEVI, seed 24, iteration 1310, time: 975.9319593906403
Starting label LEVI, seed 24, iteration 1320, time: 984.7188215255737
Starting label LEVI, seed 24, iteration 1330, time: 993.7656128406525
Starting label LEVI, seed 24, iteration 1340, time: 1002.5078480243683
Starting label LEVI, seed 24, iteration 1350, time: 1011.4872696399689
Starting label LEVI, seed 24, iteration 1360, time: 1020.4779024124146
Starting label LEVI, seed 24, iteration 1370, time: 1029.229680776596
Starting label LEVI, seed 24, iteration 1380, time: 1038.156881570816
Starting label LEVI, seed 24, iteration 1390, time: 1048.7739248275757
Starting label LEVI, seed 24, iteration 1400, time: 1059.7888569831848
Starting label LEVI, seed 24, iteration 1410, time: 1071.094712972641
Starting label LEVI, seed 24, iteration 1420, time: 1081.443794965744
Starting label LEVI, seed 24, iteration 1430, time: 1093.2515721321106
Starting label LEVI, seed 24, iteration 1440, time: 1104.9141099452972
Starting label LEVI, seed 24, iteration 1450, time: 1117.1996080875397
Starting label LEVI, seed 24, iteration 1460, time: 1128.5742273330688
Starting label LEVI, seed 24, iteration 1470, time: 1141.2075338363647
Starting label LEVI, seed 24, iteration 1480, time: 1151.7722389698029
Starting label LEVI, seed 24, iteration 1490, time: 1162.8872458934784
Starting label LEVI, seed 24, iteration 1500, time: 1174.1622557640076
Starting label LEVI, seed 24, iteration 1510, time: 1184.9903852939606
Starting label LEVI, seed 24, iteration 1520, time: 1197.3530926704407
Starting label LEVI, seed 24, iteration 1530, time: 1208.5899186134338
Starting label LEVI, seed 24, iteration 1540, time: 1219.753081560135
Starting label LEVI, seed 24, iteration 1550, time: 1232.1688523292542
Starting label LEVI, seed 24, iteration 1560, time: 1243.1356616020203
Starting label LEVI, seed 24, iteration 1570, time: 1254.7151472568512
Starting label LEVI, seed 24, iteration 1580, time: 1266.378765821457
Starting label LEVI, seed 24, iteration 1590, time: 1277.8224358558655
Starting label LEVI, seed 24, iteration 1600, time: 1289.5745174884796
Starting label LEVI, seed 24, iteration 1610, time: 1301.926063299179
Starting label LEVI, seed 24, iteration 1620, time: 1314.1290764808655
Starting label LEVI, seed 24, iteration 1630, time: 1328.6098630428314
Starting label LEVI, seed 24, iteration 1640, time: 1342.2322368621826
Starting label LEVI, seed 24, iteration 1650, time: 1356.5852870941162
Starting label LEVI, seed 24, iteration 1660, time: 1369.8352847099304
Starting label LEVI, seed 24, iteration 1670, time: 1383.5485379695892
Starting label LEVI, seed 24, iteration 1680, time: 1399.049001455307
Starting label LEVI, seed 24, iteration 1690, time: 1413.266023159027
Starting label LEVI, seed 24, iteration 1700, time: 1427.3277549743652
Starting label LEVI, seed 24, iteration 1710, time: 1441.3398218154907
Starting label LEVI, seed 24, iteration 1720, time: 1455.8637132644653
Starting label LEVI, seed 24, iteration 1730, time: 1468.9553067684174
Starting label LEVI, seed 24, iteration 1740, time: 1482.7180635929108
Starting label LEVI, seed 24, iteration 1750, time: 1496.7131197452545
Starting label LEVI, seed 24, iteration 1760, time: 1511.229321718216
Starting label LEVI, seed 24, iteration 1770, time: 1526.2339489459991
Starting label LEVI, seed 24, iteration 1780, time: 1537.3985154628754
Starting label LEVI, seed 24, iteration 1790, time: 1550.1547422409058
Starting label LEVI, seed 24, iteration 1800, time: 1562.7163507938385
Starting label LEVI, seed 24, iteration 1810, time: 1574.134444475174
Starting label LEVI, seed 24, iteration 1820, time: 1585.7417135238647
Starting label LEVI, seed 24, iteration 1830, time: 1597.24160861969
Starting label LEVI, seed 24, iteration 1840, time: 1609.7792792320251
Starting label LEVI, seed 24, iteration 1850, time: 1623.3255715370178
Starting label LEVI, seed 24, iteration 1860, time: 1637.2327313423157
Starting label LEVI, seed 24, iteration 1870, time: 1650.0692234039307
Starting label LEVI, seed 24, iteration 1880, time: 1662.6290571689606
Starting label LEVI, seed 24, iteration 1890, time: 1674.1271681785583
Starting label LEVI, seed 24, iteration 1900, time: 1685.7366118431091
Starting label LEVI, seed 24, iteration 1910, time: 1697.2590992450714
Starting label LEVI, seed 24, iteration 1920, time: 1710.1215689182281
Starting label LEVI, seed 24, iteration 1930, time: 1722.1765487194061
Starting label LEVI, seed 24, iteration 1940, time: 1733.728061914444
Starting label LEVI, seed 24, iteration 1950, time: 1746.2905716896057
Starting label LEVI, seed 24, iteration 1960, time: 1758.7570271492004
Starting label LEVI, seed 24, iteration 1970, time: 1769.808929681778
Starting label LEVI, seed 24, iteration 1980, time: 1782.0946912765503
Starting label LEVI, seed 24, iteration 1990, time: 1793.8612127304077
submitit INFO (2022-10-02 13:51:24,756) - Job completed successfully
