submitit INFO (2022-10-02 01:46:40,134) - Starting with JobEnvironment(job_id=883484_5, hostname=sablab-gpu-11.ece.cornell.edu, local_rank=0(1), node=0(1), global_rank=0(1))
submitit INFO (2022-10-02 01:46:40,134) - Loading pickle: /home/gid-cakmaks/contextual_rs/experiments/wsc_experiments/logs/883484_5/883484_5_submitted.pkl
Starting label LEVI, seed 95, iteration 0, time: 0.0004904270172119141
Starting label LEVI, seed 95, iteration 10, time: 4.003646612167358
Starting label LEVI, seed 95, iteration 20, time: 8.190242052078247
Starting label LEVI, seed 95, iteration 30, time: 12.433324575424194
Starting label LEVI, seed 95, iteration 40, time: 16.876266479492188
Starting label LEVI, seed 95, iteration 50, time: 21.36627459526062
Starting label LEVI, seed 95, iteration 60, time: 25.666810750961304
Starting label LEVI, seed 95, iteration 70, time: 30.048596382141113
Starting label LEVI, seed 95, iteration 80, time: 34.35117435455322
Starting label LEVI, seed 95, iteration 90, time: 38.826836347579956
Starting label LEVI, seed 95, iteration 100, time: 43.821439266204834
Starting label LEVI, seed 95, iteration 110, time: 48.984665870666504
Starting label LEVI, seed 95, iteration 120, time: 54.10718011856079
Starting label LEVI, seed 95, iteration 130, time: 58.802106618881226
Starting label LEVI, seed 95, iteration 140, time: 63.72372007369995
Starting label LEVI, seed 95, iteration 150, time: 68.76415467262268
Starting label LEVI, seed 95, iteration 160, time: 74.32018780708313
Starting label LEVI, seed 95, iteration 170, time: 79.69221544265747
Starting label LEVI, seed 95, iteration 180, time: 85.55646848678589
Starting label LEVI, seed 95, iteration 190, time: 91.58699154853821
Starting label LEVI, seed 95, iteration 200, time: 97.65970492362976
Starting label LEVI, seed 95, iteration 210, time: 103.66401886940002
Starting label LEVI, seed 95, iteration 220, time: 109.80101370811462
Starting label LEVI, seed 95, iteration 230, time: 115.90195202827454
Starting label LEVI, seed 95, iteration 240, time: 122.04695582389832
Starting label LEVI, seed 95, iteration 250, time: 128.11713647842407
Starting label LEVI, seed 95, iteration 260, time: 134.34977841377258
Starting label LEVI, seed 95, iteration 270, time: 140.53459930419922
Starting label LEVI, seed 95, iteration 280, time: 146.8085367679596
Starting label LEVI, seed 95, iteration 290, time: 153.0847647190094
submitit WARNING (2022-10-02 01:49:22,432) - Bypassing signal SIGCONT
submitit WARNING (2022-10-02 01:49:22,433) - Bypassing signal SIGTERM
Starting label LEVI, seed 95, iteration 300, time: 159.34520506858826
Starting label LEVI, seed 95, iteration 310, time: 165.47501254081726
Starting label LEVI, seed 95, iteration 320, time: 171.57469153404236
Starting label LEVI, seed 95, iteration 330, time: 177.7820179462433
Starting label LEVI, seed 95, iteration 340, time: 184.03095197677612
