submitit INFO (2022-10-02 01:50:19,518) - Starting with JobEnvironment(job_id=883560_8, hostname=lecun.cs.cornell.edu, local_rank=0(1), node=0(1), global_rank=0(1))
submitit INFO (2022-10-02 01:50:19,519) - Loading pickle: /home/gid-cakmaks/contextual_rs/experiments/wsc_experiments/logs/883560_8/883560_8_submitted.pkl
Starting label LEVI, seed 48, iteration 0, time: 0.0005307197570800781
Starting label LEVI, seed 48, iteration 10, time: 5.0213518142700195
Starting label LEVI, seed 48, iteration 20, time: 10.028271675109863
Starting label LEVI, seed 48, iteration 30, time: 14.945901155471802
Starting label LEVI, seed 48, iteration 40, time: 20.868983507156372
Starting label LEVI, seed 48, iteration 50, time: 25.97715973854065
Starting label LEVI, seed 48, iteration 60, time: 31.338321685791016
Starting label LEVI, seed 48, iteration 70, time: 36.99089217185974
Starting label LEVI, seed 48, iteration 80, time: 42.535534620285034
Starting label LEVI, seed 48, iteration 90, time: 47.98866271972656
Starting label LEVI, seed 48, iteration 100, time: 53.28130578994751
Starting label LEVI, seed 48, iteration 110, time: 58.63100290298462
Starting label LEVI, seed 48, iteration 120, time: 63.957475423812866
Starting label LEVI, seed 48, iteration 130, time: 69.02742910385132
Starting label LEVI, seed 48, iteration 140, time: 74.186532497406
Starting label LEVI, seed 48, iteration 150, time: 79.58517241477966
Starting label LEVI, seed 48, iteration 160, time: 85.16050887107849
Starting label LEVI, seed 48, iteration 170, time: 90.54230260848999
Starting label LEVI, seed 48, iteration 180, time: 95.79597735404968
Starting label LEVI, seed 48, iteration 190, time: 101.13673758506775
Starting label LEVI, seed 48, iteration 200, time: 106.58061957359314
Starting label LEVI, seed 48, iteration 210, time: 111.7439227104187
Starting label LEVI, seed 48, iteration 220, time: 116.96760845184326
Starting label LEVI, seed 48, iteration 230, time: 122.5544536113739
Starting label LEVI, seed 48, iteration 240, time: 128.0904564857483
Starting label LEVI, seed 48, iteration 250, time: 133.84725785255432
Starting label LEVI, seed 48, iteration 260, time: 139.1660614013672
Starting label LEVI, seed 48, iteration 270, time: 146.03602290153503
Starting label LEVI, seed 48, iteration 280, time: 152.60906553268433
Starting label LEVI, seed 48, iteration 290, time: 158.23614120483398
Starting label LEVI, seed 48, iteration 300, time: 163.90873217582703
Starting label LEVI, seed 48, iteration 310, time: 169.55579805374146
Starting label LEVI, seed 48, iteration 320, time: 175.26343941688538
Starting label LEVI, seed 48, iteration 330, time: 181.1118323802948
Starting label LEVI, seed 48, iteration 340, time: 186.94584703445435
Starting label LEVI, seed 48, iteration 350, time: 192.67880702018738
Starting label LEVI, seed 48, iteration 360, time: 198.3667345046997
Starting label LEVI, seed 48, iteration 370, time: 204.25139451026917
Starting label LEVI, seed 48, iteration 380, time: 210.03606963157654
Starting label LEVI, seed 48, iteration 390, time: 215.79027485847473
Starting label LEVI, seed 48, iteration 400, time: 221.8754985332489
Starting label LEVI, seed 48, iteration 410, time: 227.91807889938354
Starting label LEVI, seed 48, iteration 420, time: 233.8254373073578
Starting label LEVI, seed 48, iteration 430, time: 239.95522379875183
Starting label LEVI, seed 48, iteration 440, time: 245.91470074653625
Starting label LEVI, seed 48, iteration 450, time: 251.89215970039368
Starting label LEVI, seed 48, iteration 460, time: 257.7887616157532
Starting label LEVI, seed 48, iteration 470, time: 263.7253887653351
Starting label LEVI, seed 48, iteration 480, time: 269.8457622528076
Starting label LEVI, seed 48, iteration 490, time: 275.87560629844666
Starting label LEVI, seed 48, iteration 500, time: 282.10153007507324
Starting label LEVI, seed 48, iteration 510, time: 288.19882822036743
submitit WARNING (2022-10-02 01:55:12,571) - Bypassing signal SIGCONT
submitit WARNING (2022-10-02 01:55:12,630) - Bypassing signal SIGTERM
Starting label LEVI, seed 48, iteration 520, time: 294.3667061328888
Starting label LEVI, seed 48, iteration 530, time: 300.5341958999634
Starting label LEVI, seed 48, iteration 540, time: 306.7290096282959
Starting label LEVI, seed 48, iteration 550, time: 312.8997735977173
Starting label LEVI, seed 48, iteration 560, time: 319.126886844635
