submitit INFO (2022-10-01 23:46:45,364) - Starting with JobEnvironment(job_id=883082_4, hostname=lecun.cs.cornell.edu, local_rank=0(1), node=0(1), global_rank=0(1))
submitit INFO (2022-10-01 23:46:45,364) - Loading pickle: /home/gid-cakmaks/contextual_rs/experiments/wsc_experiments/logs/883082_4/883082_4_submitted.pkl
Starting label LEVI, seed 64, iteration 0, time: 9.799003601074219e-05
Starting label LEVI, seed 64, iteration 10, time: 2.1504263877868652
Starting label LEVI, seed 64, iteration 20, time: 4.35677433013916
Starting label LEVI, seed 64, iteration 30, time: 6.676218748092651
Starting label LEVI, seed 64, iteration 40, time: 8.774470567703247
Starting label LEVI, seed 64, iteration 50, time: 11.046345949172974
Starting label LEVI, seed 64, iteration 60, time: 13.250268936157227
Starting label LEVI, seed 64, iteration 70, time: 15.559272050857544
Starting label LEVI, seed 64, iteration 80, time: 17.669697284698486
Starting label LEVI, seed 64, iteration 90, time: 19.77016520500183
Starting label LEVI, seed 64, iteration 100, time: 22.056883096694946
Starting label LEVI, seed 64, iteration 110, time: 24.245648860931396
Starting label LEVI, seed 64, iteration 120, time: 26.33809471130371
Starting label LEVI, seed 64, iteration 130, time: 28.390872478485107
Starting label LEVI, seed 64, iteration 140, time: 30.557578086853027
Starting label LEVI, seed 64, iteration 150, time: 32.629863023757935
Starting label LEVI, seed 64, iteration 160, time: 34.71908688545227
Starting label LEVI, seed 64, iteration 170, time: 36.81839084625244
Starting label LEVI, seed 64, iteration 180, time: 38.855719804763794
Starting label LEVI, seed 64, iteration 190, time: 40.912633180618286
Starting label LEVI, seed 64, iteration 200, time: 42.96833848953247
Starting label LEVI, seed 64, iteration 210, time: 45.040727376937866
Starting label LEVI, seed 64, iteration 220, time: 47.22363352775574
Starting label LEVI, seed 64, iteration 230, time: 49.29620289802551
Starting label LEVI, seed 64, iteration 240, time: 51.401811599731445
Starting label LEVI, seed 64, iteration 250, time: 53.52441334724426
Starting label LEVI, seed 64, iteration 260, time: 55.634294748306274
Starting label LEVI, seed 64, iteration 270, time: 57.79389476776123
Starting label LEVI, seed 64, iteration 280, time: 59.904905796051025
Starting label LEVI, seed 64, iteration 290, time: 62.01995301246643
Starting label LEVI, seed 64, iteration 300, time: 64.13660788536072
Starting label LEVI, seed 64, iteration 310, time: 66.27685904502869
Starting label LEVI, seed 64, iteration 320, time: 68.28235936164856
Starting label LEVI, seed 64, iteration 330, time: 70.35108089447021
Starting label LEVI, seed 64, iteration 340, time: 72.49127507209778
Starting label LEVI, seed 64, iteration 350, time: 74.59027647972107
Starting label LEVI, seed 64, iteration 360, time: 76.68820333480835
Starting label LEVI, seed 64, iteration 370, time: 78.86539101600647
Starting label LEVI, seed 64, iteration 380, time: 81.02524137496948
Starting label LEVI, seed 64, iteration 390, time: 83.18696236610413
Starting label LEVI, seed 64, iteration 400, time: 85.33558177947998
Starting label LEVI, seed 64, iteration 410, time: 87.51400327682495
Starting label LEVI, seed 64, iteration 420, time: 89.74553966522217
Starting label LEVI, seed 64, iteration 430, time: 91.9258644580841
Starting label LEVI, seed 64, iteration 440, time: 94.15257287025452
Starting label LEVI, seed 64, iteration 450, time: 96.45717191696167
Starting label LEVI, seed 64, iteration 460, time: 98.72922968864441
Starting label LEVI, seed 64, iteration 470, time: 101.07665538787842
Starting label LEVI, seed 64, iteration 480, time: 103.38178038597107
Starting label LEVI, seed 64, iteration 490, time: 105.9000403881073
Starting label LEVI, seed 64, iteration 500, time: 108.41765546798706
Starting label LEVI, seed 64, iteration 510, time: 110.93670344352722
Starting label LEVI, seed 64, iteration 520, time: 113.47211527824402
Starting label LEVI, seed 64, iteration 530, time: 115.9544084072113
Starting label LEVI, seed 64, iteration 540, time: 118.4680426120758
Starting label LEVI, seed 64, iteration 550, time: 121.05042219161987
Starting label LEVI, seed 64, iteration 560, time: 123.51568698883057
Starting label LEVI, seed 64, iteration 570, time: 126.05912518501282
Starting label LEVI, seed 64, iteration 580, time: 128.61285853385925
Starting label LEVI, seed 64, iteration 590, time: 131.17937922477722
Starting label LEVI, seed 64, iteration 600, time: 133.8638792037964
Starting label LEVI, seed 64, iteration 610, time: 136.39022397994995
Starting label LEVI, seed 64, iteration 620, time: 138.9991478919983
Starting label LEVI, seed 64, iteration 630, time: 141.53307700157166
Starting label LEVI, seed 64, iteration 640, time: 144.21662878990173
Starting label LEVI, seed 64, iteration 650, time: 146.78256225585938
Starting label LEVI, seed 64, iteration 660, time: 149.35948634147644
Starting label LEVI, seed 64, iteration 670, time: 151.9857897758484
Starting label LEVI, seed 64, iteration 680, time: 154.6255066394806
Starting label LEVI, seed 64, iteration 690, time: 157.22239995002747
Starting label LEVI, seed 64, iteration 700, time: 159.82233047485352
Starting label LEVI, seed 64, iteration 710, time: 162.42786645889282
Starting label LEVI, seed 64, iteration 720, time: 165.13890671730042
Starting label LEVI, seed 64, iteration 730, time: 167.75041270256042
Starting label LEVI, seed 64, iteration 740, time: 170.29063725471497
Starting label LEVI, seed 64, iteration 750, time: 172.803617477417
Starting label LEVI, seed 64, iteration 760, time: 175.40142440795898
Starting label LEVI, seed 64, iteration 770, time: 177.9751591682434
Starting label LEVI, seed 64, iteration 780, time: 180.61987924575806
Starting label LEVI, seed 64, iteration 790, time: 183.21823406219482
Starting label LEVI, seed 64, iteration 800, time: 185.87757396697998
Starting label LEVI, seed 64, iteration 810, time: 188.49196815490723
Starting label LEVI, seed 64, iteration 820, time: 190.96880197525024
Starting label LEVI, seed 64, iteration 830, time: 193.53082370758057
Starting label LEVI, seed 64, iteration 840, time: 196.06739449501038
Starting label LEVI, seed 64, iteration 850, time: 198.6292634010315
Starting label LEVI, seed 64, iteration 860, time: 201.18729186058044
Starting label LEVI, seed 64, iteration 870, time: 203.7610466480255
Starting label LEVI, seed 64, iteration 880, time: 206.4606375694275
Starting label LEVI, seed 64, iteration 890, time: 209.10958409309387
Starting label LEVI, seed 64, iteration 900, time: 211.75813364982605
Starting label LEVI, seed 64, iteration 910, time: 214.36245012283325
Starting label LEVI, seed 64, iteration 920, time: 217.0127739906311
Starting label LEVI, seed 64, iteration 930, time: 219.70400977134705
Starting label LEVI, seed 64, iteration 940, time: 222.35255241394043
Starting label LEVI, seed 64, iteration 950, time: 224.9594066143036
Starting label LEVI, seed 64, iteration 960, time: 227.66726231575012
Starting label LEVI, seed 64, iteration 970, time: 230.46814060211182
Starting label LEVI, seed 64, iteration 980, time: 233.20319604873657
Starting label LEVI, seed 64, iteration 990, time: 236.0076642036438
Starting label LEVI, seed 64, iteration 1000, time: 238.7321412563324
Starting label LEVI, seed 64, iteration 1010, time: 241.36062788963318
Starting label LEVI, seed 64, iteration 1020, time: 244.09406447410583
Starting label LEVI, seed 64, iteration 1030, time: 246.88104891777039
Starting label LEVI, seed 64, iteration 1040, time: 249.64597129821777
Starting label LEVI, seed 64, iteration 1050, time: 252.36066102981567
Starting label LEVI, seed 64, iteration 1060, time: 255.16594982147217
Starting label LEVI, seed 64, iteration 1070, time: 257.7511451244354
Starting label LEVI, seed 64, iteration 1080, time: 260.4197120666504
Starting label LEVI, seed 64, iteration 1090, time: 263.0474672317505
Starting label LEVI, seed 64, iteration 1100, time: 265.6425955295563
Starting label LEVI, seed 64, iteration 1110, time: 268.41227555274963
Starting label LEVI, seed 64, iteration 1120, time: 271.2428741455078
Starting label LEVI, seed 64, iteration 1130, time: 274.3443567752838
Starting label LEVI, seed 64, iteration 1140, time: 277.27398896217346
Starting label LEVI, seed 64, iteration 1150, time: 280.1116318702698
Starting label LEVI, seed 64, iteration 1160, time: 282.9193205833435
Starting label LEVI, seed 64, iteration 1170, time: 285.68134903907776
Starting label LEVI, seed 64, iteration 1180, time: 288.4717240333557
Starting label LEVI, seed 64, iteration 1190, time: 291.2421953678131
Starting label LEVI, seed 64, iteration 1200, time: 294.163134098053
Starting label LEVI, seed 64, iteration 1210, time: 297.0978751182556
Starting label LEVI, seed 64, iteration 1220, time: 300.1794238090515
Starting label LEVI, seed 64, iteration 1230, time: 303.1888575553894
Starting label LEVI, seed 64, iteration 1240, time: 306.1058874130249
Starting label LEVI, seed 64, iteration 1250, time: 308.92533564567566
Starting label LEVI, seed 64, iteration 1260, time: 311.8100733757019
Starting label LEVI, seed 64, iteration 1270, time: 314.8924536705017
Starting label LEVI, seed 64, iteration 1280, time: 318.00385785102844
Starting label LEVI, seed 64, iteration 1290, time: 321.1923875808716
Starting label LEVI, seed 64, iteration 1300, time: 324.37029910087585
Starting label LEVI, seed 64, iteration 1310, time: 327.6366283893585
Starting label LEVI, seed 64, iteration 1320, time: 330.7306830883026
Starting label LEVI, seed 64, iteration 1330, time: 333.76860189437866
Starting label LEVI, seed 64, iteration 1340, time: 337.09262800216675
Starting label LEVI, seed 64, iteration 1350, time: 340.3549964427948
Starting label LEVI, seed 64, iteration 1360, time: 344.27272295951843
Starting label LEVI, seed 64, iteration 1370, time: 347.41727781295776
Starting label LEVI, seed 64, iteration 1380, time: 350.4777421951294
Starting label LEVI, seed 64, iteration 1390, time: 353.5118188858032
Starting label LEVI, seed 64, iteration 1400, time: 356.5291254520416
Starting label LEVI, seed 64, iteration 1410, time: 359.6316616535187
Starting label LEVI, seed 64, iteration 1420, time: 363.00068974494934
Starting label LEVI, seed 64, iteration 1430, time: 366.3477358818054
Starting label LEVI, seed 64, iteration 1440, time: 369.5647814273834
Starting label LEVI, seed 64, iteration 1450, time: 372.845157623291
Starting label LEVI, seed 64, iteration 1460, time: 376.0692341327667
Starting label LEVI, seed 64, iteration 1470, time: 379.2280764579773
Starting label LEVI, seed 64, iteration 1480, time: 382.4240758419037
Starting label LEVI, seed 64, iteration 1490, time: 386.2269833087921
Starting label LEVI, seed 64, iteration 1500, time: 389.7821044921875
Starting label LEVI, seed 64, iteration 1510, time: 393.18849539756775
Starting label LEVI, seed 64, iteration 1520, time: 396.6739809513092
Starting label LEVI, seed 64, iteration 1530, time: 400.27951288223267
Starting label LEVI, seed 64, iteration 1540, time: 404.0105402469635
Starting label LEVI, seed 64, iteration 1550, time: 407.6334071159363
Starting label LEVI, seed 64, iteration 1560, time: 411.28646898269653
Starting label LEVI, seed 64, iteration 1570, time: 415.0486464500427
Starting label LEVI, seed 64, iteration 1580, time: 418.65756487846375
Starting label LEVI, seed 64, iteration 1590, time: 422.09389877319336
Starting label LEVI, seed 64, iteration 1600, time: 425.74137783050537
Starting label LEVI, seed 64, iteration 1610, time: 429.3591630458832
Starting label LEVI, seed 64, iteration 1620, time: 433.2719352245331
Starting label LEVI, seed 64, iteration 1630, time: 436.9445753097534
Starting label LEVI, seed 64, iteration 1640, time: 440.78168535232544
Starting label LEVI, seed 64, iteration 1650, time: 444.6832432746887
Starting label LEVI, seed 64, iteration 1660, time: 448.5447337627411
Starting label LEVI, seed 64, iteration 1670, time: 452.736004114151
Starting label LEVI, seed 64, iteration 1680, time: 458.985347032547
Starting label LEVI, seed 64, iteration 1690, time: 463.1855003833771
Starting label LEVI, seed 64, iteration 1700, time: 467.21844124794006
Starting label LEVI, seed 64, iteration 1710, time: 471.3158221244812
Starting label LEVI, seed 64, iteration 1720, time: 475.2670953273773
Starting label LEVI, seed 64, iteration 1730, time: 479.21268343925476
Starting label LEVI, seed 64, iteration 1740, time: 483.05268931388855
Starting label LEVI, seed 64, iteration 1750, time: 487.05971002578735
Starting label LEVI, seed 64, iteration 1760, time: 491.17990732192993
Starting label LEVI, seed 64, iteration 1770, time: 495.25812101364136
Starting label LEVI, seed 64, iteration 1780, time: 499.2247111797333
Starting label LEVI, seed 64, iteration 1790, time: 502.83632349967957
Starting label LEVI, seed 64, iteration 1800, time: 506.57890820503235
Starting label LEVI, seed 64, iteration 1810, time: 510.668523311615
Starting label LEVI, seed 64, iteration 1820, time: 514.5685472488403
Starting label LEVI, seed 64, iteration 1830, time: 518.470686674118
Starting label LEVI, seed 64, iteration 1840, time: 522.5534272193909
Starting label LEVI, seed 64, iteration 1850, time: 526.5790591239929
Starting label LEVI, seed 64, iteration 1860, time: 530.4439351558685
Starting label LEVI, seed 64, iteration 1870, time: 534.294397354126
Starting label LEVI, seed 64, iteration 1880, time: 538.5893278121948
Starting label LEVI, seed 64, iteration 1890, time: 542.6876101493835
Starting label LEVI, seed 64, iteration 1900, time: 547.2210958003998
Starting label LEVI, seed 64, iteration 1910, time: 551.4574751853943
Starting label LEVI, seed 64, iteration 1920, time: 555.8545956611633
Starting label LEVI, seed 64, iteration 1930, time: 561.7847776412964
Starting label LEVI, seed 64, iteration 1940, time: 566.2456266880035
Starting label LEVI, seed 64, iteration 1950, time: 570.7021780014038
Starting label LEVI, seed 64, iteration 1960, time: 575.0059239864349
Starting label LEVI, seed 64, iteration 1970, time: 579.286159992218
Starting label LEVI, seed 64, iteration 1980, time: 583.3625447750092
Starting label LEVI, seed 64, iteration 1990, time: 587.5752658843994
submitit INFO (2022-10-01 23:56:39,188) - Job completed successfully
