submitit INFO (2022-10-02 01:23:22,650) - Starting with JobEnvironment(job_id=883449_4, hostname=tripods-compute-02.cs.cornell.edu, local_rank=0(1), node=0(1), global_rank=0(1))
submitit INFO (2022-10-02 01:23:22,651) - Loading pickle: /home/gid-cakmaks/contextual_rs/experiments/wsc_experiments/logs/883449_4/883449_4_submitted.pkl
Starting label LEVI, seed 34, iteration 0, time: 0.0293428897857666
Starting label LEVI, seed 34, iteration 10, time: 4.755763053894043
Starting label LEVI, seed 34, iteration 20, time: 9.60720705986023
Starting label LEVI, seed 34, iteration 30, time: 14.087435960769653
Starting label LEVI, seed 34, iteration 40, time: 18.682857513427734
Starting label LEVI, seed 34, iteration 50, time: 23.643913507461548
Starting label LEVI, seed 34, iteration 60, time: 28.26102304458618
Starting label LEVI, seed 34, iteration 70, time: 32.86994767189026
Starting label LEVI, seed 34, iteration 80, time: 37.51238822937012
Starting label LEVI, seed 34, iteration 90, time: 42.54432129859924
Starting label LEVI, seed 34, iteration 100, time: 47.96001672744751
Starting label LEVI, seed 34, iteration 110, time: 53.2379264831543
Starting label LEVI, seed 34, iteration 120, time: 58.63649010658264
Starting label LEVI, seed 34, iteration 130, time: 63.96684169769287
Starting label LEVI, seed 34, iteration 140, time: 69.23213982582092
Starting label LEVI, seed 34, iteration 150, time: 74.65273523330688
Starting label LEVI, seed 34, iteration 160, time: 80.02779078483582
Starting label LEVI, seed 34, iteration 170, time: 85.31560158729553
Starting label LEVI, seed 34, iteration 180, time: 90.62109804153442
Starting label LEVI, seed 34, iteration 190, time: 96.16951441764832
Starting label LEVI, seed 34, iteration 200, time: 101.79358077049255
Starting label LEVI, seed 34, iteration 210, time: 107.3946578502655
Starting label LEVI, seed 34, iteration 220, time: 112.98604083061218
Starting label LEVI, seed 34, iteration 230, time: 118.82782816886902
Starting label LEVI, seed 34, iteration 240, time: 124.4053783416748
Starting label LEVI, seed 34, iteration 250, time: 130.2876420021057
Starting label LEVI, seed 34, iteration 260, time: 136.09967589378357
Starting label LEVI, seed 34, iteration 270, time: 141.79169631004333
Starting label LEVI, seed 34, iteration 280, time: 147.6407687664032
Starting label LEVI, seed 34, iteration 290, time: 153.53681683540344
Starting label LEVI, seed 34, iteration 300, time: 159.50965309143066
Starting label LEVI, seed 34, iteration 310, time: 165.74730730056763
Starting label LEVI, seed 34, iteration 320, time: 171.72687602043152
Starting label LEVI, seed 34, iteration 330, time: 177.7727189064026
Starting label LEVI, seed 34, iteration 340, time: 183.88547253608704
Starting label LEVI, seed 34, iteration 350, time: 190.00468397140503
Starting label LEVI, seed 34, iteration 360, time: 196.38190031051636
Starting label LEVI, seed 34, iteration 370, time: 202.48990750312805
Starting label LEVI, seed 34, iteration 380, time: 208.71937155723572
Starting label LEVI, seed 34, iteration 390, time: 214.92867469787598
Starting label LEVI, seed 34, iteration 400, time: 221.18007469177246
Starting label LEVI, seed 34, iteration 410, time: 227.40971732139587
Starting label LEVI, seed 34, iteration 420, time: 233.84651374816895
Starting label LEVI, seed 34, iteration 430, time: 240.37374114990234
Starting label LEVI, seed 34, iteration 440, time: 246.91478443145752
Starting label LEVI, seed 34, iteration 450, time: 253.13300490379333
Starting label LEVI, seed 34, iteration 460, time: 259.7519619464874
Starting label LEVI, seed 34, iteration 470, time: 266.42464089393616
Starting label LEVI, seed 34, iteration 480, time: 273.01441407203674
Starting label LEVI, seed 34, iteration 490, time: 279.586984872818
Starting label LEVI, seed 34, iteration 500, time: 286.16938304901123
Starting label LEVI, seed 34, iteration 510, time: 292.6789960861206
Starting label LEVI, seed 34, iteration 520, time: 299.1822967529297
Starting label LEVI, seed 34, iteration 530, time: 305.87230134010315
Starting label LEVI, seed 34, iteration 540, time: 312.4067499637604
Starting label LEVI, seed 34, iteration 550, time: 318.9401502609253
Starting label LEVI, seed 34, iteration 560, time: 325.0288324356079
Starting label LEVI, seed 34, iteration 570, time: 331.5148687362671
Starting label LEVI, seed 34, iteration 580, time: 337.64071774482727
Starting label LEVI, seed 34, iteration 590, time: 344.00690841674805
Starting label LEVI, seed 34, iteration 600, time: 350.3146369457245
Starting label LEVI, seed 34, iteration 610, time: 357.08606934547424
Starting label LEVI, seed 34, iteration 620, time: 363.4101412296295
Starting label LEVI, seed 34, iteration 630, time: 369.8817472457886
Starting label LEVI, seed 34, iteration 640, time: 376.3767282962799
Starting label LEVI, seed 34, iteration 650, time: 382.5960388183594
Starting label LEVI, seed 34, iteration 660, time: 388.8177480697632
Starting label LEVI, seed 34, iteration 670, time: 395.238888502121
Starting label LEVI, seed 34, iteration 680, time: 401.5577862262726
Starting label LEVI, seed 34, iteration 690, time: 408.0055720806122
Starting label LEVI, seed 34, iteration 700, time: 414.60163378715515
Starting label LEVI, seed 34, iteration 710, time: 421.43507266044617
Starting label LEVI, seed 34, iteration 720, time: 427.97814321517944
Starting label LEVI, seed 34, iteration 730, time: 434.60559940338135
Starting label LEVI, seed 34, iteration 740, time: 441.4045684337616
Starting label LEVI, seed 34, iteration 750, time: 447.9395635128021
Starting label LEVI, seed 34, iteration 760, time: 454.41681957244873
Starting label LEVI, seed 34, iteration 770, time: 461.1792743206024
Starting label LEVI, seed 34, iteration 780, time: 467.7896056175232
Starting label LEVI, seed 34, iteration 790, time: 474.4899752140045
Starting label LEVI, seed 34, iteration 800, time: 481.35336923599243
Starting label LEVI, seed 34, iteration 810, time: 488.2838201522827
Starting label LEVI, seed 34, iteration 820, time: 495.2149541378021
Starting label LEVI, seed 34, iteration 830, time: 502.2275445461273
Starting label LEVI, seed 34, iteration 840, time: 509.1092689037323
Starting label LEVI, seed 34, iteration 850, time: 516.223711013794
Starting label LEVI, seed 34, iteration 860, time: 523.0523824691772
Starting label LEVI, seed 34, iteration 870, time: 529.9753751754761
Starting label LEVI, seed 34, iteration 880, time: 536.8709290027618
Starting label LEVI, seed 34, iteration 890, time: 543.7448120117188
Starting label LEVI, seed 34, iteration 900, time: 550.5508551597595
Starting label LEVI, seed 34, iteration 910, time: 557.5220005512238
Starting label LEVI, seed 34, iteration 920, time: 564.6639049053192
Starting label LEVI, seed 34, iteration 930, time: 571.6972410678864
Starting label LEVI, seed 34, iteration 940, time: 578.4315383434296
Starting label LEVI, seed 34, iteration 950, time: 585.2622122764587
Starting label LEVI, seed 34, iteration 960, time: 592.1942927837372
Starting label LEVI, seed 34, iteration 970, time: 599.3131411075592
Starting label LEVI, seed 34, iteration 980, time: 606.3181807994843
Starting label LEVI, seed 34, iteration 990, time: 613.5615127086639
Starting label LEVI, seed 34, iteration 1000, time: 620.6500043869019
Starting label LEVI, seed 34, iteration 1010, time: 627.5875961780548
Starting label LEVI, seed 34, iteration 1020, time: 634.7456188201904
Starting label LEVI, seed 34, iteration 1030, time: 642.6759984493256
Starting label LEVI, seed 34, iteration 1040, time: 651.4848392009735
Starting label LEVI, seed 34, iteration 1050, time: 660.0832333564758
Starting label LEVI, seed 34, iteration 1060, time: 667.968504190445
Starting label LEVI, seed 34, iteration 1070, time: 675.8333539962769
Starting label LEVI, seed 34, iteration 1080, time: 683.757898569107
Starting label LEVI, seed 34, iteration 1090, time: 692.1171975135803
Starting label LEVI, seed 34, iteration 1100, time: 699.6463916301727
Starting label LEVI, seed 34, iteration 1110, time: 707.286244392395
Starting label LEVI, seed 34, iteration 1120, time: 715.0731196403503
Starting label LEVI, seed 34, iteration 1130, time: 722.7319357395172
Starting label LEVI, seed 34, iteration 1140, time: 731.3052549362183
Starting label LEVI, seed 34, iteration 1150, time: 739.1882712841034
Starting label LEVI, seed 34, iteration 1160, time: 746.8752624988556
Starting label LEVI, seed 34, iteration 1170, time: 754.7107813358307
Starting label LEVI, seed 34, iteration 1180, time: 763.2415874004364
Starting label LEVI, seed 34, iteration 1190, time: 771.818116903305
Starting label LEVI, seed 34, iteration 1200, time: 779.5007238388062
Starting label LEVI, seed 34, iteration 1210, time: 787.7849838733673
Starting label LEVI, seed 34, iteration 1220, time: 796.0514345169067
Starting label LEVI, seed 34, iteration 1230, time: 805.5243430137634
Starting label LEVI, seed 34, iteration 1240, time: 815.7362489700317
Starting label LEVI, seed 34, iteration 1250, time: 826.6092512607574
Starting label LEVI, seed 34, iteration 1260, time: 838.7527000904083
Starting label LEVI, seed 34, iteration 1270, time: 849.0854203701019
Starting label LEVI, seed 34, iteration 1280, time: 862.6664445400238
Starting label LEVI, seed 34, iteration 1290, time: 874.946462392807
Starting label LEVI, seed 34, iteration 1300, time: 886.8678693771362
Starting label LEVI, seed 34, iteration 1310, time: 898.1112811565399
Starting label LEVI, seed 34, iteration 1320, time: 908.0569362640381
Starting label LEVI, seed 34, iteration 1330, time: 918.186758518219
Starting label LEVI, seed 34, iteration 1340, time: 930.8569676876068
Starting label LEVI, seed 34, iteration 1350, time: 940.9929745197296
Starting label LEVI, seed 34, iteration 1360, time: 952.8289766311646
Starting label LEVI, seed 34, iteration 1370, time: 962.9079179763794
Starting label LEVI, seed 34, iteration 1380, time: 973.7440690994263
Starting label LEVI, seed 34, iteration 1390, time: 984.6098170280457
Starting label LEVI, seed 34, iteration 1400, time: 996.5995664596558
Starting label LEVI, seed 34, iteration 1410, time: 1006.2074024677277
Starting label LEVI, seed 34, iteration 1420, time: 1016.669575214386
Starting label LEVI, seed 34, iteration 1430, time: 1027.3785042762756
Starting label LEVI, seed 34, iteration 1440, time: 1038.5543057918549
Starting label LEVI, seed 34, iteration 1450, time: 1049.63489985466
Starting label LEVI, seed 34, iteration 1460, time: 1061.619861125946
Starting label LEVI, seed 34, iteration 1470, time: 1073.1802740097046
Starting label LEVI, seed 34, iteration 1480, time: 1085.2680456638336
Starting label LEVI, seed 34, iteration 1490, time: 1096.5881669521332
Starting label LEVI, seed 34, iteration 1500, time: 1107.5887377262115
Starting label LEVI, seed 34, iteration 1510, time: 1119.1887736320496
Starting label LEVI, seed 34, iteration 1520, time: 1130.935882806778
Starting label LEVI, seed 34, iteration 1530, time: 1142.7997448444366
Starting label LEVI, seed 34, iteration 1540, time: 1153.9658014774323
Starting label LEVI, seed 34, iteration 1550, time: 1165.1991684436798
Starting label LEVI, seed 34, iteration 1560, time: 1177.4656636714935
Starting label LEVI, seed 34, iteration 1570, time: 1189.7235987186432
Starting label LEVI, seed 34, iteration 1580, time: 1203.9360601902008
Starting label LEVI, seed 34, iteration 1590, time: 1216.398342847824
Starting label LEVI, seed 34, iteration 1600, time: 1227.7501440048218
Starting label LEVI, seed 34, iteration 1610, time: 1239.970929145813
Starting label LEVI, seed 34, iteration 1620, time: 1250.9362907409668
Starting label LEVI, seed 34, iteration 1630, time: 1264.2783436775208
Starting label LEVI, seed 34, iteration 1640, time: 1277.8626203536987
Starting label LEVI, seed 34, iteration 1650, time: 1290.4645142555237
Starting label LEVI, seed 34, iteration 1660, time: 1302.679178237915
Starting label LEVI, seed 34, iteration 1670, time: 1316.0543100833893
Starting label LEVI, seed 34, iteration 1680, time: 1328.3617928028107
Starting label LEVI, seed 34, iteration 1690, time: 1339.5636575222015
Starting label LEVI, seed 34, iteration 1700, time: 1351.8684976100922
Starting label LEVI, seed 34, iteration 1710, time: 1362.693553686142
Starting label LEVI, seed 34, iteration 1720, time: 1374.7979686260223
Starting label LEVI, seed 34, iteration 1730, time: 1386.1360206604004
Starting label LEVI, seed 34, iteration 1740, time: 1396.448481798172
Starting label LEVI, seed 34, iteration 1750, time: 1408.8042645454407
Starting label LEVI, seed 34, iteration 1760, time: 1420.911925315857
Starting label LEVI, seed 34, iteration 1770, time: 1432.0380806922913
Starting label LEVI, seed 34, iteration 1780, time: 1442.6368033885956
Starting label LEVI, seed 34, iteration 1790, time: 1452.8863604068756
Starting label LEVI, seed 34, iteration 1800, time: 1463.4178421497345
Starting label LEVI, seed 34, iteration 1810, time: 1474.8906059265137
Starting label LEVI, seed 34, iteration 1820, time: 1485.7916972637177
Starting label LEVI, seed 34, iteration 1830, time: 1495.3485872745514
Starting label LEVI, seed 34, iteration 1840, time: 1504.376160621643
Starting label LEVI, seed 34, iteration 1850, time: 1513.985627412796
Starting label LEVI, seed 34, iteration 1860, time: 1523.011221408844
Starting label LEVI, seed 34, iteration 1870, time: 1532.5699791908264
Starting label LEVI, seed 34, iteration 1880, time: 1542.7873544692993
Starting label LEVI, seed 34, iteration 1890, time: 1551.679067850113
submitit WARNING (2022-10-02 01:49:22,508) - Bypassing signal SIGCONT
submitit WARNING (2022-10-02 01:49:22,557) - Bypassing signal SIGTERM
Starting label LEVI, seed 34, iteration 1900, time: 1560.371696472168
Starting label LEVI, seed 34, iteration 1910, time: 1570.622123003006
Starting label LEVI, seed 34, iteration 1920, time: 1580.5545105934143
