submitit INFO (2022-10-02 00:29:22,721) - Starting with JobEnvironment(job_id=883232_5, hostname=nikola-compute-04.cs.cornell.edu, local_rank=0(1), node=0(1), global_rank=0(1))
submitit INFO (2022-10-02 00:29:22,722) - Loading pickle: /home/gid-cakmaks/contextual_rs/experiments/wsc_experiments/logs/883232_5/883232_5_submitted.pkl
Starting label LEVI, seed 5, iteration 0, time: 0.0006062984466552734
Starting label LEVI, seed 5, iteration 10, time: 2.787602186203003
Starting label LEVI, seed 5, iteration 20, time: 5.461440801620483
Starting label LEVI, seed 5, iteration 30, time: 8.182308912277222
Starting label LEVI, seed 5, iteration 40, time: 10.910565614700317
Starting label LEVI, seed 5, iteration 50, time: 13.66413164138794
Starting label LEVI, seed 5, iteration 60, time: 16.481194257736206
Starting label LEVI, seed 5, iteration 70, time: 19.280800342559814
Starting label LEVI, seed 5, iteration 80, time: 22.08385467529297
Starting label LEVI, seed 5, iteration 90, time: 24.858303546905518
Starting label LEVI, seed 5, iteration 100, time: 27.760093688964844
Starting label LEVI, seed 5, iteration 110, time: 30.574908018112183
Starting label LEVI, seed 5, iteration 120, time: 33.46454215049744
Starting label LEVI, seed 5, iteration 130, time: 36.408117055892944
Starting label LEVI, seed 5, iteration 140, time: 39.38447165489197
Starting label LEVI, seed 5, iteration 150, time: 42.362144231796265
Starting label LEVI, seed 5, iteration 160, time: 45.30364370346069
Starting label LEVI, seed 5, iteration 170, time: 48.15844368934631
Starting label LEVI, seed 5, iteration 180, time: 51.03574252128601
Starting label LEVI, seed 5, iteration 190, time: 53.964595317840576
Starting label LEVI, seed 5, iteration 200, time: 56.944639921188354
Starting label LEVI, seed 5, iteration 210, time: 59.89940881729126
Starting label LEVI, seed 5, iteration 220, time: 62.908008337020874
Starting label LEVI, seed 5, iteration 230, time: 65.87599563598633
Starting label LEVI, seed 5, iteration 240, time: 68.87899851799011
Starting label LEVI, seed 5, iteration 250, time: 71.90932059288025
Starting label LEVI, seed 5, iteration 260, time: 74.88600850105286
Starting label LEVI, seed 5, iteration 270, time: 77.82969951629639
Starting label LEVI, seed 5, iteration 280, time: 80.98013424873352
Starting label LEVI, seed 5, iteration 290, time: 83.99589896202087
Starting label LEVI, seed 5, iteration 300, time: 87.03345823287964
Starting label LEVI, seed 5, iteration 310, time: 90.16203308105469
Starting label LEVI, seed 5, iteration 320, time: 93.20664238929749
Starting label LEVI, seed 5, iteration 330, time: 96.31066989898682
Starting label LEVI, seed 5, iteration 340, time: 99.44438314437866
Starting label LEVI, seed 5, iteration 350, time: 102.57805442810059
Starting label LEVI, seed 5, iteration 360, time: 105.7305006980896
Starting label LEVI, seed 5, iteration 370, time: 108.89466571807861
Starting label LEVI, seed 5, iteration 380, time: 112.11510705947876
Starting label LEVI, seed 5, iteration 390, time: 115.3600332736969
Starting label LEVI, seed 5, iteration 400, time: 118.52257442474365
Starting label LEVI, seed 5, iteration 410, time: 121.79321503639221
Starting label LEVI, seed 5, iteration 420, time: 125.0324809551239
Starting label LEVI, seed 5, iteration 430, time: 128.29345631599426
Starting label LEVI, seed 5, iteration 440, time: 131.52248573303223
Starting label LEVI, seed 5, iteration 450, time: 134.882798910141
Starting label LEVI, seed 5, iteration 460, time: 138.2924747467041
Starting label LEVI, seed 5, iteration 470, time: 141.73933362960815
Starting label LEVI, seed 5, iteration 480, time: 145.1764326095581
Starting label LEVI, seed 5, iteration 490, time: 148.61180901527405
Starting label LEVI, seed 5, iteration 500, time: 152.0472366809845
Starting label LEVI, seed 5, iteration 510, time: 155.30139422416687
Starting label LEVI, seed 5, iteration 520, time: 158.82763409614563
Starting label LEVI, seed 5, iteration 530, time: 162.26567840576172
Starting label LEVI, seed 5, iteration 540, time: 165.91816449165344
Starting label LEVI, seed 5, iteration 550, time: 169.6006052494049
Starting label LEVI, seed 5, iteration 560, time: 173.37229657173157
Starting label LEVI, seed 5, iteration 570, time: 176.97279691696167
Starting label LEVI, seed 5, iteration 580, time: 180.51624011993408
Starting label LEVI, seed 5, iteration 590, time: 184.31239867210388
Starting label LEVI, seed 5, iteration 600, time: 188.0287470817566
Starting label LEVI, seed 5, iteration 610, time: 191.69712042808533
Starting label LEVI, seed 5, iteration 620, time: 195.69919967651367
Starting label LEVI, seed 5, iteration 630, time: 199.69108510017395
Starting label LEVI, seed 5, iteration 640, time: 203.73498678207397
Starting label LEVI, seed 5, iteration 650, time: 207.80582189559937
Starting label LEVI, seed 5, iteration 660, time: 211.93415665626526
Starting label LEVI, seed 5, iteration 670, time: 216.26370644569397
Starting label LEVI, seed 5, iteration 680, time: 220.74373292922974
Starting label LEVI, seed 5, iteration 690, time: 224.86636877059937
Starting label LEVI, seed 5, iteration 700, time: 228.89479780197144
Starting label LEVI, seed 5, iteration 710, time: 232.91958856582642
Starting label LEVI, seed 5, iteration 720, time: 236.9862186908722
Starting label LEVI, seed 5, iteration 730, time: 241.9582552909851
Starting label LEVI, seed 5, iteration 740, time: 245.98463201522827
Starting label LEVI, seed 5, iteration 750, time: 250.65847969055176
Starting label LEVI, seed 5, iteration 760, time: 255.11518931388855
Starting label LEVI, seed 5, iteration 770, time: 259.67609572410583
Starting label LEVI, seed 5, iteration 780, time: 264.0455882549286
Starting label LEVI, seed 5, iteration 790, time: 268.49306559562683
Starting label LEVI, seed 5, iteration 800, time: 272.86279010772705
Starting label LEVI, seed 5, iteration 810, time: 277.17488956451416
Starting label LEVI, seed 5, iteration 820, time: 282.11362767219543
Starting label LEVI, seed 5, iteration 830, time: 287.3888132572174
Starting label LEVI, seed 5, iteration 840, time: 292.6495797634125
Starting label LEVI, seed 5, iteration 850, time: 297.825293302536
Starting label LEVI, seed 5, iteration 860, time: 302.47783946990967
Starting label LEVI, seed 5, iteration 870, time: 307.09482526779175
Starting label LEVI, seed 5, iteration 880, time: 312.4727392196655
Starting label LEVI, seed 5, iteration 890, time: 317.6551971435547
Starting label LEVI, seed 5, iteration 900, time: 322.5244896411896
Starting label LEVI, seed 5, iteration 910, time: 327.85635781288147
Starting label LEVI, seed 5, iteration 920, time: 332.7086229324341
Starting label LEVI, seed 5, iteration 930, time: 338.0233008861542
Starting label LEVI, seed 5, iteration 940, time: 343.8359172344208
Starting label LEVI, seed 5, iteration 950, time: 349.4284293651581
Starting label LEVI, seed 5, iteration 960, time: 354.80599427223206
Starting label LEVI, seed 5, iteration 970, time: 360.2362892627716
Starting label LEVI, seed 5, iteration 980, time: 365.44261622428894
Starting label LEVI, seed 5, iteration 990, time: 370.5961802005768
Starting label LEVI, seed 5, iteration 1000, time: 376.16208696365356
Starting label LEVI, seed 5, iteration 1010, time: 381.63537311553955
Starting label LEVI, seed 5, iteration 1020, time: 387.7684054374695
Starting label LEVI, seed 5, iteration 1030, time: 393.6216275691986
Starting label LEVI, seed 5, iteration 1040, time: 398.92937111854553
Starting label LEVI, seed 5, iteration 1050, time: 404.43525791168213
Starting label LEVI, seed 5, iteration 1060, time: 409.8902144432068
Starting label LEVI, seed 5, iteration 1070, time: 416.7770001888275
Starting label LEVI, seed 5, iteration 1080, time: 423.5086758136749
Starting label LEVI, seed 5, iteration 1090, time: 430.2884113788605
Starting label LEVI, seed 5, iteration 1100, time: 436.79828572273254
Starting label LEVI, seed 5, iteration 1110, time: 442.9847755432129
Starting label LEVI, seed 5, iteration 1120, time: 449.47997522354126
Starting label LEVI, seed 5, iteration 1130, time: 456.61254119873047
Starting label LEVI, seed 5, iteration 1140, time: 464.1035792827606
Starting label LEVI, seed 5, iteration 1150, time: 472.2488362789154
Starting label LEVI, seed 5, iteration 1160, time: 479.59591841697693
Starting label LEVI, seed 5, iteration 1170, time: 487.50673031806946
Starting label LEVI, seed 5, iteration 1180, time: 495.93090200424194
Starting label LEVI, seed 5, iteration 1190, time: 503.95723509788513
Starting label LEVI, seed 5, iteration 1200, time: 512.6892142295837
Starting label LEVI, seed 5, iteration 1210, time: 521.4622492790222
Starting label LEVI, seed 5, iteration 1220, time: 530.4314141273499
Starting label LEVI, seed 5, iteration 1230, time: 539.5702064037323
Starting label LEVI, seed 5, iteration 1240, time: 548.1816775798798
Starting label LEVI, seed 5, iteration 1250, time: 556.33389544487
Starting label LEVI, seed 5, iteration 1260, time: 564.0945374965668
Starting label LEVI, seed 5, iteration 1270, time: 571.6746516227722
Starting label LEVI, seed 5, iteration 1280, time: 581.0245349407196
Starting label LEVI, seed 5, iteration 1290, time: 589.1502904891968
Starting label LEVI, seed 5, iteration 1300, time: 598.6545860767365
Starting label LEVI, seed 5, iteration 1310, time: 608.1476669311523
Starting label LEVI, seed 5, iteration 1320, time: 618.4530401229858
Starting label LEVI, seed 5, iteration 1330, time: 628.9701161384583
Starting label LEVI, seed 5, iteration 1340, time: 638.1363735198975
Starting label LEVI, seed 5, iteration 1350, time: 648.823933839798
Starting label LEVI, seed 5, iteration 1360, time: 659.4796764850616
Starting label LEVI, seed 5, iteration 1370, time: 668.6739528179169
Starting label LEVI, seed 5, iteration 1380, time: 679.7722454071045
Starting label LEVI, seed 5, iteration 1390, time: 691.0015954971313
Starting label LEVI, seed 5, iteration 1400, time: 701.4875452518463
Starting label LEVI, seed 5, iteration 1410, time: 712.8383405208588
Starting label LEVI, seed 5, iteration 1420, time: 723.5398740768433
Starting label LEVI, seed 5, iteration 1430, time: 735.7079946994781
Starting label LEVI, seed 5, iteration 1440, time: 745.976131439209
Starting label LEVI, seed 5, iteration 1450, time: 756.5377519130707
Starting label LEVI, seed 5, iteration 1460, time: 767.1871626377106
Starting label LEVI, seed 5, iteration 1470, time: 782.2497572898865
Starting label LEVI, seed 5, iteration 1480, time: 792.5012249946594
Starting label LEVI, seed 5, iteration 1490, time: 805.2707901000977
Starting label LEVI, seed 5, iteration 1500, time: 817.802321434021
Starting label LEVI, seed 5, iteration 1510, time: 831.2411904335022
Starting label LEVI, seed 5, iteration 1520, time: 844.2593924999237
Starting label LEVI, seed 5, iteration 1530, time: 855.0462160110474
Starting label LEVI, seed 5, iteration 1540, time: 866.0787014961243
Starting label LEVI, seed 5, iteration 1550, time: 876.4621849060059
Starting label LEVI, seed 5, iteration 1560, time: 888.0766718387604
Starting label LEVI, seed 5, iteration 1570, time: 900.874787569046
Starting label LEVI, seed 5, iteration 1580, time: 913.1907320022583
Starting label LEVI, seed 5, iteration 1590, time: 927.7347440719604
Starting label LEVI, seed 5, iteration 1600, time: 942.6782774925232
Starting label LEVI, seed 5, iteration 1610, time: 959.4206776618958
Starting label LEVI, seed 5, iteration 1620, time: 976.5004513263702
Starting label LEVI, seed 5, iteration 1630, time: 988.0560462474823
Starting label LEVI, seed 5, iteration 1640, time: 1003.2168941497803
Starting label LEVI, seed 5, iteration 1650, time: 1016.495691537857
Starting label LEVI, seed 5, iteration 1660, time: 1032.0099110603333
Starting label LEVI, seed 5, iteration 1670, time: 1046.1446936130524
Starting label LEVI, seed 5, iteration 1680, time: 1059.7367551326752
Starting label LEVI, seed 5, iteration 1690, time: 1073.5191638469696
Starting label LEVI, seed 5, iteration 1700, time: 1087.0070612430573
Starting label LEVI, seed 5, iteration 1710, time: 1101.192500591278
Starting label LEVI, seed 5, iteration 1720, time: 1115.403889656067
Starting label LEVI, seed 5, iteration 1730, time: 1130.7495152950287
Starting label LEVI, seed 5, iteration 1740, time: 1145.1021513938904
Starting label LEVI, seed 5, iteration 1750, time: 1160.2378327846527
Starting label LEVI, seed 5, iteration 1760, time: 1176.4911451339722
Starting label LEVI, seed 5, iteration 1770, time: 1192.1383247375488
Starting label LEVI, seed 5, iteration 1780, time: 1208.8398652076721
Starting label LEVI, seed 5, iteration 1790, time: 1224.4544279575348
Starting label LEVI, seed 5, iteration 1800, time: 1241.0190110206604
Starting label LEVI, seed 5, iteration 1810, time: 1261.3107182979584
Starting label LEVI, seed 5, iteration 1820, time: 1282.5418183803558
Starting label LEVI, seed 5, iteration 1830, time: 1299.9107420444489
Starting label LEVI, seed 5, iteration 1840, time: 1322.3251323699951
Starting label LEVI, seed 5, iteration 1850, time: 1338.5828483104706
Starting label LEVI, seed 5, iteration 1860, time: 1354.4323654174805
Starting label LEVI, seed 5, iteration 1870, time: 1374.556235074997
Starting label LEVI, seed 5, iteration 1880, time: 1392.0083186626434
Starting label LEVI, seed 5, iteration 1890, time: 1411.928326368332
Starting label LEVI, seed 5, iteration 1900, time: 1430.9542968273163
Starting label LEVI, seed 5, iteration 1910, time: 1448.5161173343658
Starting label LEVI, seed 5, iteration 1920, time: 1468.7442569732666
Starting label LEVI, seed 5, iteration 1930, time: 1490.4142141342163
Starting label LEVI, seed 5, iteration 1940, time: 1509.844089269638
Starting label LEVI, seed 5, iteration 1950, time: 1531.0125422477722
Starting label LEVI, seed 5, iteration 1960, time: 1546.452171087265
Starting label LEVI, seed 5, iteration 1970, time: 1563.5106163024902
Starting label LEVI, seed 5, iteration 1980, time: 1582.6779708862305
submitit WARNING (2022-10-02 00:55:52,190) - Bypassing signal SIGTERM
submitit WARNING (2022-10-02 00:55:52,190) - Bypassing signal SIGCONT
Starting label LEVI, seed 5, iteration 1990, time: 1600.3990602493286
