submitit INFO (2022-10-02 01:49:55,872) - Starting with JobEnvironment(job_id=883523_7, hostname=nikola-compute-03.cs.cornell.edu, local_rank=0(1), node=0(1), global_rank=0(1))
submitit INFO (2022-10-02 01:49:55,873) - Loading pickle: /home/gid-cakmaks/contextual_rs/experiments/wsc_experiments/logs/883523_7/883523_7_submitted.pkl
Starting label LEVI, seed 17, iteration 0, time: 0.00033855438232421875
Starting label LEVI, seed 17, iteration 10, time: 5.333171606063843
Starting label LEVI, seed 17, iteration 20, time: 10.611607313156128
Starting label LEVI, seed 17, iteration 30, time: 15.839969396591187
Starting label LEVI, seed 17, iteration 40, time: 21.185354232788086
Starting label LEVI, seed 17, iteration 50, time: 26.75131916999817
Starting label LEVI, seed 17, iteration 60, time: 32.520204067230225
Starting label LEVI, seed 17, iteration 70, time: 37.91414785385132
Starting label LEVI, seed 17, iteration 80, time: 43.54178714752197
Starting label LEVI, seed 17, iteration 90, time: 49.10621738433838
Starting label LEVI, seed 17, iteration 100, time: 54.70393466949463
Starting label LEVI, seed 17, iteration 110, time: 60.286569118499756
Starting label LEVI, seed 17, iteration 120, time: 66.40007519721985
Starting label LEVI, seed 17, iteration 130, time: 72.25593519210815
Starting label LEVI, seed 17, iteration 140, time: 78.06401085853577
Starting label LEVI, seed 17, iteration 150, time: 84.33115911483765
Starting label LEVI, seed 17, iteration 160, time: 90.31365847587585
Starting label LEVI, seed 17, iteration 170, time: 96.43416619300842
Starting label LEVI, seed 17, iteration 180, time: 103.14315557479858
Starting label LEVI, seed 17, iteration 190, time: 109.88364434242249
Starting label LEVI, seed 17, iteration 200, time: 116.67531967163086
Starting label LEVI, seed 17, iteration 210, time: 123.66324615478516
Starting label LEVI, seed 17, iteration 220, time: 130.77602362632751
Starting label LEVI, seed 17, iteration 230, time: 137.5680058002472
Starting label LEVI, seed 17, iteration 240, time: 144.1153645515442
Starting label LEVI, seed 17, iteration 250, time: 150.9108304977417
Starting label LEVI, seed 17, iteration 260, time: 157.35347652435303
Starting label LEVI, seed 17, iteration 270, time: 163.65834784507751
Starting label LEVI, seed 17, iteration 280, time: 170.30298256874084
Starting label LEVI, seed 17, iteration 290, time: 176.74612617492676
Starting label LEVI, seed 17, iteration 300, time: 183.25090861320496
Starting label LEVI, seed 17, iteration 310, time: 189.82887053489685
Starting label LEVI, seed 17, iteration 320, time: 196.2919933795929
Starting label LEVI, seed 17, iteration 330, time: 202.90260362625122
Starting label LEVI, seed 17, iteration 340, time: 209.3867528438568
Starting label LEVI, seed 17, iteration 350, time: 216.06193208694458
Starting label LEVI, seed 17, iteration 360, time: 222.75239443778992
Starting label LEVI, seed 17, iteration 370, time: 229.3920087814331
Starting label LEVI, seed 17, iteration 380, time: 236.2247130870819
Starting label LEVI, seed 17, iteration 390, time: 242.82184743881226
Starting label LEVI, seed 17, iteration 400, time: 249.5724275112152
Starting label LEVI, seed 17, iteration 410, time: 256.5300705432892
Starting label LEVI, seed 17, iteration 420, time: 263.45778727531433
Starting label LEVI, seed 17, iteration 430, time: 270.641144990921
Starting label LEVI, seed 17, iteration 440, time: 278.13759207725525
Starting label LEVI, seed 17, iteration 450, time: 285.7356925010681
Starting label LEVI, seed 17, iteration 460, time: 293.22849702835083
Starting label LEVI, seed 17, iteration 470, time: 300.3651611804962
Starting label LEVI, seed 17, iteration 480, time: 307.66761565208435
submitit WARNING (2022-10-02 01:55:12,500) - Bypassing signal SIGCONT
submitit WARNING (2022-10-02 01:55:12,502) - Bypassing signal SIGTERM
Starting label LEVI, seed 17, iteration 490, time: 315.0547869205475
Starting label LEVI, seed 17, iteration 500, time: 322.37716698646545
Starting label LEVI, seed 17, iteration 510, time: 329.68279504776
Starting label LEVI, seed 17, iteration 520, time: 337.02531456947327
