submitit INFO (2022-10-02 02:25:27,551) - Starting with JobEnvironment(job_id=883724_8, hostname=scaglione-compute-01.tech.cornell.edu, local_rank=0(1), node=0(1), global_rank=0(1))
submitit INFO (2022-10-02 02:25:27,551) - Loading pickle: /home/gid-cakmaks/contextual_rs/experiments/wsc_experiments/logs/883724_8/883724_8_submitted.pkl
Appending iterations to existing output!Warning: If parameters other than `iterations` have been changed, this will corrupt the output!
Starting label LEVI, seed 78, iteration 420, time: 148.62366724014282
Starting label LEVI, seed 78, iteration 430, time: 152.33103203773499
Starting label LEVI, seed 78, iteration 440, time: 155.7934331893921
Starting label LEVI, seed 78, iteration 450, time: 159.58406591415405
Starting label LEVI, seed 78, iteration 460, time: 163.37620162963867
Starting label LEVI, seed 78, iteration 470, time: 167.29203462600708
Starting label LEVI, seed 78, iteration 480, time: 171.3453483581543
Starting label LEVI, seed 78, iteration 490, time: 175.0852029323578
Starting label LEVI, seed 78, iteration 500, time: 178.87458276748657
Starting label LEVI, seed 78, iteration 510, time: 182.67342615127563
Starting label LEVI, seed 78, iteration 520, time: 186.54811477661133
Starting label LEVI, seed 78, iteration 530, time: 190.49958491325378
Starting label LEVI, seed 78, iteration 540, time: 194.78225755691528
Starting label LEVI, seed 78, iteration 550, time: 198.88125920295715
Starting label LEVI, seed 78, iteration 560, time: 203.19019031524658
Starting label LEVI, seed 78, iteration 570, time: 207.3800036907196
Starting label LEVI, seed 78, iteration 580, time: 211.78125476837158
Starting label LEVI, seed 78, iteration 590, time: 215.98522996902466
Starting label LEVI, seed 78, iteration 600, time: 220.6100263595581
Starting label LEVI, seed 78, iteration 610, time: 225.16096925735474
Starting label LEVI, seed 78, iteration 620, time: 229.32687401771545
Starting label LEVI, seed 78, iteration 630, time: 234.01747298240662
Starting label LEVI, seed 78, iteration 640, time: 238.85456728935242
Starting label LEVI, seed 78, iteration 650, time: 243.68878769874573
Starting label LEVI, seed 78, iteration 660, time: 248.31137204170227
Starting label LEVI, seed 78, iteration 670, time: 252.95313787460327
Starting label LEVI, seed 78, iteration 680, time: 257.97923159599304
Starting label LEVI, seed 78, iteration 690, time: 262.6873211860657
Starting label LEVI, seed 78, iteration 700, time: 267.73537826538086
Starting label LEVI, seed 78, iteration 710, time: 272.7219159603119
Starting label LEVI, seed 78, iteration 720, time: 277.4288282394409
Starting label LEVI, seed 78, iteration 730, time: 282.78083324432373
Starting label LEVI, seed 78, iteration 740, time: 288.16735076904297
Starting label LEVI, seed 78, iteration 750, time: 293.43371653556824
Starting label LEVI, seed 78, iteration 760, time: 298.9568338394165
Starting label LEVI, seed 78, iteration 770, time: 304.1640031337738
Starting label LEVI, seed 78, iteration 780, time: 309.6414041519165
Starting label LEVI, seed 78, iteration 790, time: 315.17648363113403
Starting label LEVI, seed 78, iteration 800, time: 321.0134813785553
Starting label LEVI, seed 78, iteration 810, time: 326.63371181488037
Starting label LEVI, seed 78, iteration 820, time: 332.8798599243164
Starting label LEVI, seed 78, iteration 830, time: 338.0200936794281
Starting label LEVI, seed 78, iteration 840, time: 343.9098355770111
Starting label LEVI, seed 78, iteration 850, time: 349.81152629852295
Starting label LEVI, seed 78, iteration 860, time: 354.9844779968262
Starting label LEVI, seed 78, iteration 870, time: 361.0466730594635
Starting label LEVI, seed 78, iteration 880, time: 366.8106791973114
Starting label LEVI, seed 78, iteration 890, time: 372.3192274570465
Starting label LEVI, seed 78, iteration 900, time: 378.87672662734985
Starting label LEVI, seed 78, iteration 910, time: 384.6414499282837
Starting label LEVI, seed 78, iteration 920, time: 391.66842675209045
Starting label LEVI, seed 78, iteration 930, time: 398.0521185398102
Starting label LEVI, seed 78, iteration 940, time: 404.07448625564575
Starting label LEVI, seed 78, iteration 950, time: 409.8243453502655
Starting label LEVI, seed 78, iteration 960, time: 415.97562766075134
Starting label LEVI, seed 78, iteration 970, time: 423.28455805778503
Starting label LEVI, seed 78, iteration 980, time: 430.26268124580383
Starting label LEVI, seed 78, iteration 990, time: 436.82063126564026
Starting label LEVI, seed 78, iteration 1000, time: 444.3240370750427
Starting label LEVI, seed 78, iteration 1010, time: 450.6818537712097
Starting label LEVI, seed 78, iteration 1020, time: 457.3472807407379
Starting label LEVI, seed 78, iteration 1030, time: 463.89646434783936
Starting label LEVI, seed 78, iteration 1040, time: 470.6578140258789
Starting label LEVI, seed 78, iteration 1050, time: 479.12028312683105
Starting label LEVI, seed 78, iteration 1060, time: 486.0681972503662
Starting label LEVI, seed 78, iteration 1070, time: 493.2924094200134
Starting label LEVI, seed 78, iteration 1080, time: 500.3753385543823
Starting label LEVI, seed 78, iteration 1090, time: 508.0929346084595
Starting label LEVI, seed 78, iteration 1100, time: 516.842435836792
Starting label LEVI, seed 78, iteration 1110, time: 524.4074378013611
Starting label LEVI, seed 78, iteration 1120, time: 533.4710986614227
Starting label LEVI, seed 78, iteration 1130, time: 542.0991444587708
Starting label LEVI, seed 78, iteration 1140, time: 550.6708326339722
Starting label LEVI, seed 78, iteration 1150, time: 559.244957447052
Starting label LEVI, seed 78, iteration 1160, time: 567.7397427558899
Starting label LEVI, seed 78, iteration 1170, time: 576.3427395820618
Starting label LEVI, seed 78, iteration 1180, time: 585.1297113895416
Starting label LEVI, seed 78, iteration 1190, time: 594.0002205371857
Starting label LEVI, seed 78, iteration 1200, time: 602.9547162055969
Starting label LEVI, seed 78, iteration 1210, time: 612.0804047584534
Starting label LEVI, seed 78, iteration 1220, time: 621.1972270011902
Starting label LEVI, seed 78, iteration 1230, time: 630.0899693965912
Starting label LEVI, seed 78, iteration 1240, time: 638.9952297210693
Starting label LEVI, seed 78, iteration 1250, time: 647.5778114795685
Starting label LEVI, seed 78, iteration 1260, time: 657.6021752357483
Starting label LEVI, seed 78, iteration 1270, time: 666.1901507377625
Starting label LEVI, seed 78, iteration 1280, time: 674.68031001091
Starting label LEVI, seed 78, iteration 1290, time: 684.7395651340485
Starting label LEVI, seed 78, iteration 1300, time: 694.978357553482
Starting label LEVI, seed 78, iteration 1310, time: 705.1624441146851
Starting label LEVI, seed 78, iteration 1320, time: 715.9079024791718
Starting label LEVI, seed 78, iteration 1330, time: 726.7757318019867
Starting label LEVI, seed 78, iteration 1340, time: 737.5017211437225
Starting label LEVI, seed 78, iteration 1350, time: 746.7440586090088
Starting label LEVI, seed 78, iteration 1360, time: 758.449232339859
Starting label LEVI, seed 78, iteration 1370, time: 768.1280074119568
Starting label LEVI, seed 78, iteration 1380, time: 780.3898115158081
Starting label LEVI, seed 78, iteration 1390, time: 790.8766858577728
Starting label LEVI, seed 78, iteration 1400, time: 802.3832361698151
Starting label LEVI, seed 78, iteration 1410, time: 814.6175038814545
Starting label LEVI, seed 78, iteration 1420, time: 826.1159226894379
Starting label LEVI, seed 78, iteration 1430, time: 836.5493936538696
Starting label LEVI, seed 78, iteration 1440, time: 847.2173488140106
Starting label LEVI, seed 78, iteration 1450, time: 857.7894465923309
Starting label LEVI, seed 78, iteration 1460, time: 869.004921913147
Starting label LEVI, seed 78, iteration 1470, time: 879.780314207077
Starting label LEVI, seed 78, iteration 1480, time: 890.7656390666962
Starting label LEVI, seed 78, iteration 1490, time: 902.2453684806824
Starting label LEVI, seed 78, iteration 1500, time: 913.7250480651855
Starting label LEVI, seed 78, iteration 1510, time: 927.4120666980743
Starting label LEVI, seed 78, iteration 1520, time: 939.0951855182648
Starting label LEVI, seed 78, iteration 1530, time: 951.907977104187
Starting label LEVI, seed 78, iteration 1540, time: 966.2161538600922
Starting label LEVI, seed 78, iteration 1550, time: 980.7112355232239
Starting label LEVI, seed 78, iteration 1560, time: 994.8156788349152
Starting label LEVI, seed 78, iteration 1570, time: 1008.0398733615875
Starting label LEVI, seed 78, iteration 1580, time: 1023.0921459197998
Starting label LEVI, seed 78, iteration 1590, time: 1038.6806018352509
Starting label LEVI, seed 78, iteration 1600, time: 1055.4167935848236
Starting label LEVI, seed 78, iteration 1610, time: 1071.3639068603516
Starting label LEVI, seed 78, iteration 1620, time: 1087.608537197113
Starting label LEVI, seed 78, iteration 1630, time: 1104.6190650463104
Starting label LEVI, seed 78, iteration 1640, time: 1123.8753905296326
Starting label LEVI, seed 78, iteration 1650, time: 1140.1242043972015
Starting label LEVI, seed 78, iteration 1660, time: 1159.7120234966278
Starting label LEVI, seed 78, iteration 1670, time: 1174.7315719127655
Starting label LEVI, seed 78, iteration 1680, time: 1192.9967677593231
Starting label LEVI, seed 78, iteration 1690, time: 1210.460648059845
Starting label LEVI, seed 78, iteration 1700, time: 1229.2032251358032
Starting label LEVI, seed 78, iteration 1710, time: 1245.637375831604
Starting label LEVI, seed 78, iteration 1720, time: 1265.3788843154907
Starting label LEVI, seed 78, iteration 1730, time: 1284.745348930359
Starting label LEVI, seed 78, iteration 1740, time: 1301.2027983665466
Starting label LEVI, seed 78, iteration 1750, time: 1321.6150155067444
Starting label LEVI, seed 78, iteration 1760, time: 1343.2310791015625
Starting label LEVI, seed 78, iteration 1770, time: 1365.5344014167786
Starting label LEVI, seed 78, iteration 1780, time: 1383.0210356712341
Starting label LEVI, seed 78, iteration 1790, time: 1400.0495636463165
Starting label LEVI, seed 78, iteration 1800, time: 1417.9480555057526
Starting label LEVI, seed 78, iteration 1810, time: 1437.0838618278503
Starting label LEVI, seed 78, iteration 1820, time: 1455.9348721504211
Starting label LEVI, seed 78, iteration 1830, time: 1474.2569000720978
Starting label LEVI, seed 78, iteration 1840, time: 1492.6311864852905
Starting label LEVI, seed 78, iteration 1850, time: 1510.9133965969086
Starting label LEVI, seed 78, iteration 1860, time: 1533.4371600151062
Starting label LEVI, seed 78, iteration 1870, time: 1551.8163616657257
Starting label LEVI, seed 78, iteration 1880, time: 1575.652529001236
Starting label LEVI, seed 78, iteration 1890, time: 1598.3397734165192
Starting label LEVI, seed 78, iteration 1900, time: 1619.07293009758
Starting label LEVI, seed 78, iteration 1910, time: 1640.0142431259155
Starting label LEVI, seed 78, iteration 1920, time: 1660.999350309372
Starting label LEVI, seed 78, iteration 1930, time: 1687.1370854377747
Starting label LEVI, seed 78, iteration 1940, time: 1707.4054408073425
Starting label LEVI, seed 78, iteration 1950, time: 1728.9000911712646
Starting label LEVI, seed 78, iteration 1960, time: 1754.5645673274994
Starting label LEVI, seed 78, iteration 1970, time: 1780.4642221927643
Starting label LEVI, seed 78, iteration 1980, time: 1804.740336894989
Starting label LEVI, seed 78, iteration 1990, time: 1834.9982006549835
submitit INFO (2022-10-02 02:53:55,331) - Job completed successfully
