submitit INFO (2022-10-02 02:25:53,578) - Starting with JobEnvironment(job_id=883734_3, hostname=campbell-compute-01.mae.cornell.edu, local_rank=0(1), node=0(1), global_rank=0(1))
submitit INFO (2022-10-02 02:25:53,578) - Loading pickle: /home/gid-cakmaks/contextual_rs/experiments/wsc_experiments/logs/883734_3/883734_3_submitted.pkl
Appending iterations to existing output!Warning: If parameters other than `iterations` have been changed, this will corrupt the output!
Starting label LEVI, seed 83, iteration 210, time: 58.94786024093628
Starting label LEVI, seed 83, iteration 220, time: 62.10435128211975
Starting label LEVI, seed 83, iteration 230, time: 65.09119868278503
Starting label LEVI, seed 83, iteration 240, time: 68.04184651374817
Starting label LEVI, seed 83, iteration 250, time: 70.96758770942688
Starting label LEVI, seed 83, iteration 260, time: 73.80884456634521
Starting label LEVI, seed 83, iteration 270, time: 76.82371497154236
Starting label LEVI, seed 83, iteration 280, time: 79.76813125610352
Starting label LEVI, seed 83, iteration 290, time: 82.7479989528656
Starting label LEVI, seed 83, iteration 300, time: 85.7447361946106
Starting label LEVI, seed 83, iteration 310, time: 88.71271395683289
Starting label LEVI, seed 83, iteration 320, time: 92.23753023147583
Starting label LEVI, seed 83, iteration 330, time: 95.28374886512756
Starting label LEVI, seed 83, iteration 340, time: 98.35754227638245
Starting label LEVI, seed 83, iteration 350, time: 101.52773904800415
Starting label LEVI, seed 83, iteration 360, time: 104.60535669326782
Starting label LEVI, seed 83, iteration 370, time: 107.7897584438324
Starting label LEVI, seed 83, iteration 380, time: 110.95790815353394
Starting label LEVI, seed 83, iteration 390, time: 114.13873863220215
Starting label LEVI, seed 83, iteration 400, time: 117.38232588768005
Starting label LEVI, seed 83, iteration 410, time: 120.6550543308258
Starting label LEVI, seed 83, iteration 420, time: 124.21068739891052
Starting label LEVI, seed 83, iteration 430, time: 127.41485619544983
Starting label LEVI, seed 83, iteration 440, time: 130.7753291130066
Starting label LEVI, seed 83, iteration 450, time: 134.0707607269287
Starting label LEVI, seed 83, iteration 460, time: 137.54301810264587
Starting label LEVI, seed 83, iteration 470, time: 141.23062443733215
Starting label LEVI, seed 83, iteration 480, time: 144.76906275749207
Starting label LEVI, seed 83, iteration 490, time: 148.19956755638123
Starting label LEVI, seed 83, iteration 500, time: 151.88233470916748
Starting label LEVI, seed 83, iteration 510, time: 155.78708338737488
Starting label LEVI, seed 83, iteration 520, time: 159.4677128791809
Starting label LEVI, seed 83, iteration 530, time: 163.16297698020935
Starting label LEVI, seed 83, iteration 540, time: 166.90360808372498
Starting label LEVI, seed 83, iteration 550, time: 170.66923594474792
Starting label LEVI, seed 83, iteration 560, time: 174.4516100883484
Starting label LEVI, seed 83, iteration 570, time: 178.34005165100098
Starting label LEVI, seed 83, iteration 580, time: 182.13484501838684
Starting label LEVI, seed 83, iteration 590, time: 185.98100113868713
Starting label LEVI, seed 83, iteration 600, time: 189.58273792266846
Starting label LEVI, seed 83, iteration 610, time: 193.30554747581482
Starting label LEVI, seed 83, iteration 620, time: 197.09156370162964
Starting label LEVI, seed 83, iteration 630, time: 200.6884846687317
Starting label LEVI, seed 83, iteration 640, time: 204.59859228134155
Starting label LEVI, seed 83, iteration 650, time: 208.7517054080963
Starting label LEVI, seed 83, iteration 660, time: 212.85796928405762
Starting label LEVI, seed 83, iteration 670, time: 217.15883708000183
Starting label LEVI, seed 83, iteration 680, time: 221.67062544822693
Starting label LEVI, seed 83, iteration 690, time: 226.17906737327576
Starting label LEVI, seed 83, iteration 700, time: 230.41341733932495
Starting label LEVI, seed 83, iteration 710, time: 235.051611661911
Starting label LEVI, seed 83, iteration 720, time: 239.48320722579956
Starting label LEVI, seed 83, iteration 730, time: 243.92776226997375
Starting label LEVI, seed 83, iteration 740, time: 248.92761945724487
Starting label LEVI, seed 83, iteration 750, time: 253.59963035583496
Starting label LEVI, seed 83, iteration 760, time: 258.0468716621399
Starting label LEVI, seed 83, iteration 770, time: 262.224732875824
Starting label LEVI, seed 83, iteration 780, time: 266.48997926712036
Starting label LEVI, seed 83, iteration 790, time: 271.29192781448364
Starting label LEVI, seed 83, iteration 800, time: 275.62619376182556
Starting label LEVI, seed 83, iteration 810, time: 280.357186794281
Starting label LEVI, seed 83, iteration 820, time: 285.25048184394836
Starting label LEVI, seed 83, iteration 830, time: 290.45889925956726
Starting label LEVI, seed 83, iteration 840, time: 295.5771110057831
Starting label LEVI, seed 83, iteration 850, time: 300.8017055988312
Starting label LEVI, seed 83, iteration 860, time: 306.7172966003418
Starting label LEVI, seed 83, iteration 870, time: 312.2003252506256
Starting label LEVI, seed 83, iteration 880, time: 317.5456657409668
Starting label LEVI, seed 83, iteration 890, time: 323.3755395412445
Starting label LEVI, seed 83, iteration 900, time: 328.50292444229126
Starting label LEVI, seed 83, iteration 910, time: 333.44440841674805
Starting label LEVI, seed 83, iteration 920, time: 339.27739429473877
Starting label LEVI, seed 83, iteration 930, time: 344.48613476753235
Starting label LEVI, seed 83, iteration 940, time: 349.88752913475037
Starting label LEVI, seed 83, iteration 950, time: 356.1974358558655
Starting label LEVI, seed 83, iteration 960, time: 362.26348900794983
Starting label LEVI, seed 83, iteration 970, time: 368.4102807044983
Starting label LEVI, seed 83, iteration 980, time: 374.7213213443756
Starting label LEVI, seed 83, iteration 990, time: 380.5747780799866
Starting label LEVI, seed 83, iteration 1000, time: 386.09481406211853
Starting label LEVI, seed 83, iteration 1010, time: 392.69857573509216
Starting label LEVI, seed 83, iteration 1020, time: 399.0461845397949
Starting label LEVI, seed 83, iteration 1030, time: 405.70138788223267
Starting label LEVI, seed 83, iteration 1040, time: 412.01869320869446
Starting label LEVI, seed 83, iteration 1050, time: 419.20252799987793
Starting label LEVI, seed 83, iteration 1060, time: 425.7191581726074
Starting label LEVI, seed 83, iteration 1070, time: 431.94373774528503
Starting label LEVI, seed 83, iteration 1080, time: 438.80741333961487
Starting label LEVI, seed 83, iteration 1090, time: 444.70405292510986
Starting label LEVI, seed 83, iteration 1100, time: 451.9213123321533
Starting label LEVI, seed 83, iteration 1110, time: 458.29983162879944
Starting label LEVI, seed 83, iteration 1120, time: 464.2298448085785
Starting label LEVI, seed 83, iteration 1130, time: 470.0219144821167
Starting label LEVI, seed 83, iteration 1140, time: 476.208621263504
Starting label LEVI, seed 83, iteration 1150, time: 482.90115427970886
Starting label LEVI, seed 83, iteration 1160, time: 490.2089297771454
Starting label LEVI, seed 83, iteration 1170, time: 497.26663970947266
Starting label LEVI, seed 83, iteration 1180, time: 505.19481086730957
Starting label LEVI, seed 83, iteration 1190, time: 512.4613664150238
Starting label LEVI, seed 83, iteration 1200, time: 521.0156223773956
Starting label LEVI, seed 83, iteration 1210, time: 528.8781538009644
Starting label LEVI, seed 83, iteration 1220, time: 536.9794039726257
Starting label LEVI, seed 83, iteration 1230, time: 545.6465487480164
Starting label LEVI, seed 83, iteration 1240, time: 554.9878239631653
Starting label LEVI, seed 83, iteration 1250, time: 564.3291697502136
Starting label LEVI, seed 83, iteration 1260, time: 573.489452123642
Starting label LEVI, seed 83, iteration 1270, time: 581.1431846618652
Starting label LEVI, seed 83, iteration 1280, time: 590.2093260288239
Starting label LEVI, seed 83, iteration 1290, time: 598.93479347229
Starting label LEVI, seed 83, iteration 1300, time: 606.4926655292511
Starting label LEVI, seed 83, iteration 1310, time: 615.8820292949677
Starting label LEVI, seed 83, iteration 1320, time: 625.0567917823792
Starting label LEVI, seed 83, iteration 1330, time: 632.7068965435028
Starting label LEVI, seed 83, iteration 1340, time: 641.4415452480316
Starting label LEVI, seed 83, iteration 1350, time: 653.2431988716125
Starting label LEVI, seed 83, iteration 1360, time: 664.7817497253418
Starting label LEVI, seed 83, iteration 1370, time: 673.9269275665283
Starting label LEVI, seed 83, iteration 1380, time: 685.5756471157074
Starting label LEVI, seed 83, iteration 1390, time: 693.9716913700104
Starting label LEVI, seed 83, iteration 1400, time: 703.5405128002167
Starting label LEVI, seed 83, iteration 1410, time: 713.219197511673
Starting label LEVI, seed 83, iteration 1420, time: 722.6141624450684
Starting label LEVI, seed 83, iteration 1430, time: 734.3219695091248
Starting label LEVI, seed 83, iteration 1440, time: 747.248434305191
Starting label LEVI, seed 83, iteration 1450, time: 760.3354530334473
Starting label LEVI, seed 83, iteration 1460, time: 771.9837222099304
Starting label LEVI, seed 83, iteration 1470, time: 782.364627122879
Starting label LEVI, seed 83, iteration 1480, time: 795.9833514690399
Starting label LEVI, seed 83, iteration 1490, time: 806.9713809490204
Starting label LEVI, seed 83, iteration 1500, time: 820.666501045227
Starting label LEVI, seed 83, iteration 1510, time: 833.3421795368195
Starting label LEVI, seed 83, iteration 1520, time: 843.7593412399292
Starting label LEVI, seed 83, iteration 1530, time: 854.4035089015961
Starting label LEVI, seed 83, iteration 1540, time: 866.5166375637054
Starting label LEVI, seed 83, iteration 1550, time: 881.280074596405
Starting label LEVI, seed 83, iteration 1560, time: 893.1536819934845
Starting label LEVI, seed 83, iteration 1570, time: 908.4380116462708
Starting label LEVI, seed 83, iteration 1580, time: 924.6356558799744
Starting label LEVI, seed 83, iteration 1590, time: 938.0196578502655
Starting label LEVI, seed 83, iteration 1600, time: 951.0063998699188
Starting label LEVI, seed 83, iteration 1610, time: 962.8275785446167
Starting label LEVI, seed 83, iteration 1620, time: 976.0838372707367
Starting label LEVI, seed 83, iteration 1630, time: 991.8572776317596
Starting label LEVI, seed 83, iteration 1640, time: 1005.7503011226654
Starting label LEVI, seed 83, iteration 1650, time: 1023.0807116031647
Starting label LEVI, seed 83, iteration 1660, time: 1040.6895172595978
Starting label LEVI, seed 83, iteration 1670, time: 1053.5660710334778
Starting label LEVI, seed 83, iteration 1680, time: 1069.777860403061
Starting label LEVI, seed 83, iteration 1690, time: 1084.0102560520172
Starting label LEVI, seed 83, iteration 1700, time: 1101.305513381958
Starting label LEVI, seed 83, iteration 1710, time: 1116.3304753303528
Starting label LEVI, seed 83, iteration 1720, time: 1130.5432465076447
Starting label LEVI, seed 83, iteration 1730, time: 1145.0500395298004
Starting label LEVI, seed 83, iteration 1740, time: 1163.703017950058
Starting label LEVI, seed 83, iteration 1750, time: 1180.3718276023865
Starting label LEVI, seed 83, iteration 1760, time: 1197.428323507309
Starting label LEVI, seed 83, iteration 1770, time: 1213.5873124599457
Starting label LEVI, seed 83, iteration 1780, time: 1234.2898607254028
Starting label LEVI, seed 83, iteration 1790, time: 1251.482255935669
Starting label LEVI, seed 83, iteration 1800, time: 1268.7351863384247
Starting label LEVI, seed 83, iteration 1810, time: 1291.0642788410187
Starting label LEVI, seed 83, iteration 1820, time: 1309.919546365738
Starting label LEVI, seed 83, iteration 1830, time: 1329.887601852417
Starting label LEVI, seed 83, iteration 1840, time: 1350.5361828804016
Starting label LEVI, seed 83, iteration 1850, time: 1372.5452423095703
Starting label LEVI, seed 83, iteration 1860, time: 1395.595731973648
Starting label LEVI, seed 83, iteration 1870, time: 1420.1423223018646
Starting label LEVI, seed 83, iteration 1880, time: 1442.4513804912567
Starting label LEVI, seed 83, iteration 1890, time: 1461.5274889469147
Starting label LEVI, seed 83, iteration 1900, time: 1480.722214460373
Starting label LEVI, seed 83, iteration 1910, time: 1500.1771039962769
Starting label LEVI, seed 83, iteration 1920, time: 1520.4884083271027
Starting label LEVI, seed 83, iteration 1930, time: 1541.2420794963837
Starting label LEVI, seed 83, iteration 1940, time: 1565.9487402439117
Starting label LEVI, seed 83, iteration 1950, time: 1586.1310324668884
Starting label LEVI, seed 83, iteration 1960, time: 1606.6424651145935
Starting label LEVI, seed 83, iteration 1970, time: 1628.0041399002075
Starting label LEVI, seed 83, iteration 1980, time: 1650.1473586559296
Starting label LEVI, seed 83, iteration 1990, time: 1671.0830125808716
submitit INFO (2022-10-02 02:53:10,963) - Job completed successfully
