submitit INFO (2022-10-02 01:23:09,713) - Starting with JobEnvironment(job_id=883421_0, hostname=nikola-compute-02.cs.cornell.edu, local_rank=0(1), node=0(1), global_rank=0(1))
submitit INFO (2022-10-02 01:23:09,713) - Loading pickle: /home/gid-cakmaks/contextual_rs/experiments/wsc_experiments/logs/883421_0/883421_0_submitted.pkl
Starting label LEVI, seed 10, iteration 0, time: 0.008011579513549805
Starting label LEVI, seed 10, iteration 10, time: 6.617147922515869
Starting label LEVI, seed 10, iteration 20, time: 10.914774417877197
Starting label LEVI, seed 10, iteration 30, time: 15.046438217163086
Starting label LEVI, seed 10, iteration 40, time: 18.958295345306396
Starting label LEVI, seed 10, iteration 50, time: 23.11565089225769
Starting label LEVI, seed 10, iteration 60, time: 27.38800835609436
Starting label LEVI, seed 10, iteration 70, time: 31.574676275253296
Starting label LEVI, seed 10, iteration 80, time: 36.35481333732605
Starting label LEVI, seed 10, iteration 90, time: 40.722360372543335
Starting label LEVI, seed 10, iteration 100, time: 45.52989339828491
Starting label LEVI, seed 10, iteration 110, time: 50.52189016342163
Starting label LEVI, seed 10, iteration 120, time: 55.747228384017944
Starting label LEVI, seed 10, iteration 130, time: 61.0136661529541
Starting label LEVI, seed 10, iteration 140, time: 66.21452403068542
Starting label LEVI, seed 10, iteration 150, time: 71.37590765953064
Starting label LEVI, seed 10, iteration 160, time: 76.76668620109558
Starting label LEVI, seed 10, iteration 170, time: 82.11564564704895
Starting label LEVI, seed 10, iteration 180, time: 87.66632151603699
Starting label LEVI, seed 10, iteration 190, time: 92.91712164878845
Starting label LEVI, seed 10, iteration 200, time: 98.31605052947998
Starting label LEVI, seed 10, iteration 210, time: 103.65425181388855
Starting label LEVI, seed 10, iteration 220, time: 109.22053384780884
Starting label LEVI, seed 10, iteration 230, time: 114.85766983032227
Starting label LEVI, seed 10, iteration 240, time: 120.30906438827515
Starting label LEVI, seed 10, iteration 250, time: 125.80374145507812
Starting label LEVI, seed 10, iteration 260, time: 131.2407398223877
Starting label LEVI, seed 10, iteration 270, time: 137.07984066009521
Starting label LEVI, seed 10, iteration 280, time: 142.84048008918762
Starting label LEVI, seed 10, iteration 290, time: 148.48024988174438
Starting label LEVI, seed 10, iteration 300, time: 154.24714016914368
Starting label LEVI, seed 10, iteration 310, time: 160.4013352394104
Starting label LEVI, seed 10, iteration 320, time: 166.24843573570251
Starting label LEVI, seed 10, iteration 330, time: 172.1356725692749
Starting label LEVI, seed 10, iteration 340, time: 177.96961855888367
Starting label LEVI, seed 10, iteration 350, time: 183.89934182167053
Starting label LEVI, seed 10, iteration 360, time: 189.6922583580017
Starting label LEVI, seed 10, iteration 370, time: 195.7432360649109
Starting label LEVI, seed 10, iteration 380, time: 202.0250108242035
Starting label LEVI, seed 10, iteration 390, time: 208.12673330307007
Starting label LEVI, seed 10, iteration 400, time: 214.14090418815613
Starting label LEVI, seed 10, iteration 410, time: 220.35727310180664
Starting label LEVI, seed 10, iteration 420, time: 226.23908019065857
Starting label LEVI, seed 10, iteration 430, time: 233.06779980659485
Starting label LEVI, seed 10, iteration 440, time: 239.21372175216675
Starting label LEVI, seed 10, iteration 450, time: 245.38697957992554
Starting label LEVI, seed 10, iteration 460, time: 252.40725111961365
Starting label LEVI, seed 10, iteration 470, time: 260.16743564605713
Starting label LEVI, seed 10, iteration 480, time: 268.5935616493225
Starting label LEVI, seed 10, iteration 490, time: 276.5431263446808
Starting label LEVI, seed 10, iteration 500, time: 284.37804555892944
Starting label LEVI, seed 10, iteration 510, time: 294.2448115348816
Starting label LEVI, seed 10, iteration 520, time: 303.0369095802307
Starting label LEVI, seed 10, iteration 530, time: 311.5538606643677
Starting label LEVI, seed 10, iteration 540, time: 319.78923749923706
Starting label LEVI, seed 10, iteration 550, time: 326.4080626964569
Starting label LEVI, seed 10, iteration 560, time: 332.96968245506287
Starting label LEVI, seed 10, iteration 570, time: 339.5394678115845
Starting label LEVI, seed 10, iteration 580, time: 346.56311893463135
Starting label LEVI, seed 10, iteration 590, time: 354.66392183303833
Starting label LEVI, seed 10, iteration 600, time: 362.82634472846985
Starting label LEVI, seed 10, iteration 610, time: 372.19082403182983
Starting label LEVI, seed 10, iteration 620, time: 380.18676567077637
Starting label LEVI, seed 10, iteration 630, time: 389.19520568847656
Starting label LEVI, seed 10, iteration 640, time: 397.19518542289734
Starting label LEVI, seed 10, iteration 650, time: 405.11702370643616
Starting label LEVI, seed 10, iteration 660, time: 414.2971158027649
Starting label LEVI, seed 10, iteration 670, time: 422.05405139923096
Starting label LEVI, seed 10, iteration 680, time: 431.70214891433716
Starting label LEVI, seed 10, iteration 690, time: 441.35384488105774
Starting label LEVI, seed 10, iteration 700, time: 450.5404489040375
Starting label LEVI, seed 10, iteration 710, time: 458.74854731559753
Starting label LEVI, seed 10, iteration 720, time: 466.4402184486389
Starting label LEVI, seed 10, iteration 730, time: 474.03408789634705
Starting label LEVI, seed 10, iteration 740, time: 483.7500751018524
Starting label LEVI, seed 10, iteration 750, time: 492.48459124565125
Starting label LEVI, seed 10, iteration 760, time: 502.30845618247986
Starting label LEVI, seed 10, iteration 770, time: 511.3662941455841
Starting label LEVI, seed 10, iteration 780, time: 519.0356080532074
Starting label LEVI, seed 10, iteration 790, time: 527.5502331256866
Starting label LEVI, seed 10, iteration 800, time: 536.2545037269592
Starting label LEVI, seed 10, iteration 810, time: 544.388843536377
Starting label LEVI, seed 10, iteration 820, time: 552.0879335403442
Starting label LEVI, seed 10, iteration 830, time: 560.2809867858887
Starting label LEVI, seed 10, iteration 840, time: 568.1451659202576
Starting label LEVI, seed 10, iteration 850, time: 575.6720480918884
Starting label LEVI, seed 10, iteration 860, time: 583.1083815097809
Starting label LEVI, seed 10, iteration 870, time: 591.6098458766937
Starting label LEVI, seed 10, iteration 880, time: 600.3073403835297
Starting label LEVI, seed 10, iteration 890, time: 609.3099417686462
Starting label LEVI, seed 10, iteration 900, time: 618.3220889568329
Starting label LEVI, seed 10, iteration 910, time: 629.6899721622467
Starting label LEVI, seed 10, iteration 920, time: 638.2707986831665
Starting label LEVI, seed 10, iteration 930, time: 645.6367764472961
Starting label LEVI, seed 10, iteration 940, time: 653.83917760849
Starting label LEVI, seed 10, iteration 950, time: 660.9737322330475
Starting label LEVI, seed 10, iteration 960, time: 668.9010720252991
Starting label LEVI, seed 10, iteration 970, time: 675.9602615833282
Starting label LEVI, seed 10, iteration 980, time: 682.8442304134369
Starting label LEVI, seed 10, iteration 990, time: 690.2211992740631
Starting label LEVI, seed 10, iteration 1000, time: 698.1070182323456
Starting label LEVI, seed 10, iteration 1010, time: 705.8140778541565
Starting label LEVI, seed 10, iteration 1020, time: 713.1457366943359
Starting label LEVI, seed 10, iteration 1030, time: 720.5166435241699
Starting label LEVI, seed 10, iteration 1040, time: 728.0003645420074
Starting label LEVI, seed 10, iteration 1050, time: 735.7864005565643
Starting label LEVI, seed 10, iteration 1060, time: 743.3141796588898
Starting label LEVI, seed 10, iteration 1070, time: 750.8205151557922
Starting label LEVI, seed 10, iteration 1080, time: 759.8794114589691
Starting label LEVI, seed 10, iteration 1090, time: 768.0757908821106
Starting label LEVI, seed 10, iteration 1100, time: 776.6398315429688
Starting label LEVI, seed 10, iteration 1110, time: 784.5302653312683
Starting label LEVI, seed 10, iteration 1120, time: 793.2415838241577
Starting label LEVI, seed 10, iteration 1130, time: 802.3199143409729
Starting label LEVI, seed 10, iteration 1140, time: 811.9135391712189
Starting label LEVI, seed 10, iteration 1150, time: 820.9420022964478
Starting label LEVI, seed 10, iteration 1160, time: 830.6717162132263
Starting label LEVI, seed 10, iteration 1170, time: 841.3706007003784
Starting label LEVI, seed 10, iteration 1180, time: 850.4965717792511
Starting label LEVI, seed 10, iteration 1190, time: 862.2936477661133
Starting label LEVI, seed 10, iteration 1200, time: 873.3837933540344
Starting label LEVI, seed 10, iteration 1210, time: 883.3260676860809
Starting label LEVI, seed 10, iteration 1220, time: 892.8379049301147
Starting label LEVI, seed 10, iteration 1230, time: 902.1667122840881
Starting label LEVI, seed 10, iteration 1240, time: 911.235184431076
Starting label LEVI, seed 10, iteration 1250, time: 920.1977014541626
Starting label LEVI, seed 10, iteration 1260, time: 929.3410573005676
Starting label LEVI, seed 10, iteration 1270, time: 938.9323933124542
Starting label LEVI, seed 10, iteration 1280, time: 948.0669441223145
Starting label LEVI, seed 10, iteration 1290, time: 957.1920084953308
Starting label LEVI, seed 10, iteration 1300, time: 967.2923347949982
Starting label LEVI, seed 10, iteration 1310, time: 976.3446543216705
Starting label LEVI, seed 10, iteration 1320, time: 985.9774713516235
Starting label LEVI, seed 10, iteration 1330, time: 995.8496267795563
Starting label LEVI, seed 10, iteration 1340, time: 1005.3440568447113
Starting label LEVI, seed 10, iteration 1350, time: 1017.4881610870361
Starting label LEVI, seed 10, iteration 1360, time: 1028.3869800567627
Starting label LEVI, seed 10, iteration 1370, time: 1037.0251016616821
Starting label LEVI, seed 10, iteration 1380, time: 1045.7970924377441
Starting label LEVI, seed 10, iteration 1390, time: 1055.451952457428
Starting label LEVI, seed 10, iteration 1400, time: 1065.885276556015
Starting label LEVI, seed 10, iteration 1410, time: 1076.1702618598938
Starting label LEVI, seed 10, iteration 1420, time: 1087.5841608047485
Starting label LEVI, seed 10, iteration 1430, time: 1101.0202963352203
Starting label LEVI, seed 10, iteration 1440, time: 1110.014814376831
Starting label LEVI, seed 10, iteration 1450, time: 1119.8080656528473
Starting label LEVI, seed 10, iteration 1460, time: 1129.2933514118195
Starting label LEVI, seed 10, iteration 1470, time: 1138.7619397640228
Starting label LEVI, seed 10, iteration 1480, time: 1148.421912908554
Starting label LEVI, seed 10, iteration 1490, time: 1159.687967300415
Starting label LEVI, seed 10, iteration 1500, time: 1170.0680813789368
Starting label LEVI, seed 10, iteration 1510, time: 1180.4992785453796
Starting label LEVI, seed 10, iteration 1520, time: 1190.4704735279083
Starting label LEVI, seed 10, iteration 1530, time: 1200.417963027954
Starting label LEVI, seed 10, iteration 1540, time: 1210.475823879242
Starting label LEVI, seed 10, iteration 1550, time: 1221.2596201896667
Starting label LEVI, seed 10, iteration 1560, time: 1232.7457926273346
Starting label LEVI, seed 10, iteration 1570, time: 1245.134351015091
Starting label LEVI, seed 10, iteration 1580, time: 1254.9618389606476
Starting label LEVI, seed 10, iteration 1590, time: 1264.5789682865143
Starting label LEVI, seed 10, iteration 1600, time: 1275.2622950077057
Starting label LEVI, seed 10, iteration 1610, time: 1284.8490116596222
Starting label LEVI, seed 10, iteration 1620, time: 1295.3175175189972
Starting label LEVI, seed 10, iteration 1630, time: 1307.18261384964
Starting label LEVI, seed 10, iteration 1640, time: 1317.982317686081
Starting label LEVI, seed 10, iteration 1650, time: 1330.1762070655823
Starting label LEVI, seed 10, iteration 1660, time: 1342.886360168457
Starting label LEVI, seed 10, iteration 1670, time: 1353.316367149353
Starting label LEVI, seed 10, iteration 1680, time: 1362.7206206321716
Starting label LEVI, seed 10, iteration 1690, time: 1372.6779882907867
Starting label LEVI, seed 10, iteration 1700, time: 1381.985704421997
Starting label LEVI, seed 10, iteration 1710, time: 1391.5239100456238
Starting label LEVI, seed 10, iteration 1720, time: 1400.9975423812866
Starting label LEVI, seed 10, iteration 1730, time: 1410.7428257465363
Starting label LEVI, seed 10, iteration 1740, time: 1420.113389968872
Starting label LEVI, seed 10, iteration 1750, time: 1429.3442375659943
Starting label LEVI, seed 10, iteration 1760, time: 1438.8335175514221
Starting label LEVI, seed 10, iteration 1770, time: 1448.344155550003
Starting label LEVI, seed 10, iteration 1780, time: 1457.2410006523132
Starting label LEVI, seed 10, iteration 1790, time: 1466.3034331798553
Starting label LEVI, seed 10, iteration 1800, time: 1476.5631959438324
Starting label LEVI, seed 10, iteration 1810, time: 1485.6999826431274
Starting label LEVI, seed 10, iteration 1820, time: 1495.6611499786377
Starting label LEVI, seed 10, iteration 1830, time: 1504.8586268424988
Starting label LEVI, seed 10, iteration 1840, time: 1514.9106950759888
Starting label LEVI, seed 10, iteration 1850, time: 1524.2229325771332
Starting label LEVI, seed 10, iteration 1860, time: 1533.828222990036
Starting label LEVI, seed 10, iteration 1870, time: 1543.6607279777527
Starting label LEVI, seed 10, iteration 1880, time: 1553.4126658439636
Starting label LEVI, seed 10, iteration 1890, time: 1563.179116487503
submitit WARNING (2022-10-02 01:49:22,417) - Bypassing signal SIGCONT
submitit WARNING (2022-10-02 01:49:22,458) - Bypassing signal SIGTERM
Starting label LEVI, seed 10, iteration 1900, time: 1573.4781377315521
Starting label LEVI, seed 10, iteration 1910, time: 1583.0463416576385
Starting label LEVI, seed 10, iteration 1920, time: 1593.4454262256622
