submitit INFO (2022-10-02 03:48:07,872) - Starting with JobEnvironment(job_id=884002, hostname=g2-compute-96.coecis.cornell.edu, local_rank=0(1), node=0(1), global_rank=0(1))
submitit INFO (2022-10-02 03:48:07,872) - Loading pickle: /home/gid-cakmaks/contextual_rs/experiments/wsc_experiments/logs/884002/884002_submitted.pkl
Appending iterations to existing output!Warning: If parameters other than `iterations` have been changed, this will corrupt the output!
Starting label LEVI, seed 1, iteration 870, time: 4684.435920238495
Starting label LEVI, seed 1, iteration 880, time: 4689.778651714325
Starting label LEVI, seed 1, iteration 890, time: 4694.773275613785
Starting label LEVI, seed 1, iteration 900, time: 4699.2952201366425
Starting label LEVI, seed 1, iteration 910, time: 4704.079327583313
Starting label LEVI, seed 1, iteration 920, time: 4708.779517173767
Starting label LEVI, seed 1, iteration 930, time: 4714.79767203331
Starting label LEVI, seed 1, iteration 940, time: 4720.067285060883
Starting label LEVI, seed 1, iteration 950, time: 4725.61030292511
Starting label LEVI, seed 1, iteration 960, time: 4730.717246294022
Starting label LEVI, seed 1, iteration 970, time: 4736.586101055145
Starting label LEVI, seed 1, iteration 980, time: 4741.768017053604
Starting label LEVI, seed 1, iteration 990, time: 4747.897660970688
Starting label LEVI, seed 1, iteration 1000, time: 4753.65692782402
Starting label LEVI, seed 1, iteration 1010, time: 4759.2816751003265
Starting label LEVI, seed 1, iteration 1020, time: 4765.347625017166
Starting label LEVI, seed 1, iteration 1030, time: 4771.855635404587
Starting label LEVI, seed 1, iteration 1040, time: 4777.662805557251
Starting label LEVI, seed 1, iteration 1050, time: 4783.174424409866
Starting label LEVI, seed 1, iteration 1060, time: 4790.155590057373
Starting label LEVI, seed 1, iteration 1070, time: 4796.891995191574
Starting label LEVI, seed 1, iteration 1080, time: 4804.28008556366
Starting label LEVI, seed 1, iteration 1090, time: 4810.453805685043
Starting label LEVI, seed 1, iteration 1100, time: 4816.682503938675
Starting label LEVI, seed 1, iteration 1110, time: 4823.990610599518
Starting label LEVI, seed 1, iteration 1120, time: 4831.517226696014
Starting label LEVI, seed 1, iteration 1130, time: 4837.959178209305
Starting label LEVI, seed 1, iteration 1140, time: 4845.463868379593
Starting label LEVI, seed 1, iteration 1150, time: 4852.630423545837
Starting label LEVI, seed 1, iteration 1160, time: 4860.225784778595
Starting label LEVI, seed 1, iteration 1170, time: 4867.033881902695
Starting label LEVI, seed 1, iteration 1180, time: 4874.315523862839
Starting label LEVI, seed 1, iteration 1190, time: 4881.955885410309
Starting label LEVI, seed 1, iteration 1200, time: 4889.624370336533
Starting label LEVI, seed 1, iteration 1210, time: 4897.126137018204
Starting label LEVI, seed 1, iteration 1220, time: 4903.9055869579315
Starting label LEVI, seed 1, iteration 1230, time: 4912.0121393203735
Starting label LEVI, seed 1, iteration 1240, time: 4920.456844806671
Starting label LEVI, seed 1, iteration 1250, time: 4929.158516407013
Starting label LEVI, seed 1, iteration 1260, time: 4937.461194992065
Starting label LEVI, seed 1, iteration 1270, time: 4945.207095384598
Starting label LEVI, seed 1, iteration 1280, time: 4954.073195934296
Starting label LEVI, seed 1, iteration 1290, time: 4961.704322099686
Starting label LEVI, seed 1, iteration 1300, time: 4970.075570106506
Starting label LEVI, seed 1, iteration 1310, time: 4980.111220598221
Starting label LEVI, seed 1, iteration 1320, time: 4990.166670322418
Starting label LEVI, seed 1, iteration 1330, time: 5001.437835693359
Starting label LEVI, seed 1, iteration 1340, time: 5012.872449159622
Starting label LEVI, seed 1, iteration 1350, time: 5024.212228059769
Starting label LEVI, seed 1, iteration 1360, time: 5034.48366522789
Starting label LEVI, seed 1, iteration 1370, time: 5043.79466676712
Starting label LEVI, seed 1, iteration 1380, time: 5054.709752321243
Starting label LEVI, seed 1, iteration 1390, time: 5065.861240386963
Starting label LEVI, seed 1, iteration 1400, time: 5077.005009889603
Starting label LEVI, seed 1, iteration 1410, time: 5089.293373823166
Starting label LEVI, seed 1, iteration 1420, time: 5100.949152231216
Starting label LEVI, seed 1, iteration 1430, time: 5111.298176050186
Starting label LEVI, seed 1, iteration 1440, time: 5124.241079092026
Starting label LEVI, seed 1, iteration 1450, time: 5134.892822027206
Starting label LEVI, seed 1, iteration 1460, time: 5146.932173013687
Starting label LEVI, seed 1, iteration 1470, time: 5159.484747409821
Starting label LEVI, seed 1, iteration 1480, time: 5173.135276079178
Starting label LEVI, seed 1, iteration 1490, time: 5186.90345454216
Starting label LEVI, seed 1, iteration 1500, time: 5199.8617260456085
Starting label LEVI, seed 1, iteration 1510, time: 5212.977905511856
Starting label LEVI, seed 1, iteration 1520, time: 5226.752518892288
Starting label LEVI, seed 1, iteration 1530, time: 5240.457219839096
Starting label LEVI, seed 1, iteration 1540, time: 5255.537652015686
Starting label LEVI, seed 1, iteration 1550, time: 5271.874530792236
Starting label LEVI, seed 1, iteration 1560, time: 5287.303438901901
Starting label LEVI, seed 1, iteration 1570, time: 5304.112689971924
Starting label LEVI, seed 1, iteration 1580, time: 5317.4614243507385
Starting label LEVI, seed 1, iteration 1590, time: 5330.216735124588
Starting label LEVI, seed 1, iteration 1600, time: 5346.185259342194
Starting label LEVI, seed 1, iteration 1610, time: 5363.586615085602
Starting label LEVI, seed 1, iteration 1620, time: 5380.444270849228
Starting label LEVI, seed 1, iteration 1630, time: 5396.2374613285065
Starting label LEVI, seed 1, iteration 1640, time: 5413.627635955811
Starting label LEVI, seed 1, iteration 1650, time: 5431.522788524628
Starting label LEVI, seed 1, iteration 1660, time: 5450.68278336525
Starting label LEVI, seed 1, iteration 1670, time: 5470.693328380585
Starting label LEVI, seed 1, iteration 1680, time: 5489.692263126373
Starting label LEVI, seed 1, iteration 1690, time: 5507.009418487549
Starting label LEVI, seed 1, iteration 1700, time: 5522.489337444305
Starting label LEVI, seed 1, iteration 1710, time: 5541.682719230652
Starting label LEVI, seed 1, iteration 1720, time: 5563.094278097153
Starting label LEVI, seed 1, iteration 1730, time: 5584.03360748291
Starting label LEVI, seed 1, iteration 1740, time: 5603.962357997894
Starting label LEVI, seed 1, iteration 1750, time: 5624.732488632202
Starting label LEVI, seed 1, iteration 1760, time: 5646.535225391388
Starting label LEVI, seed 1, iteration 1770, time: 5666.002290248871
Starting label LEVI, seed 1, iteration 1780, time: 5685.690628767014
Starting label LEVI, seed 1, iteration 1790, time: 5709.81293296814
Starting label LEVI, seed 1, iteration 1800, time: 5731.845997810364
Starting label LEVI, seed 1, iteration 1810, time: 5754.147946596146
Starting label LEVI, seed 1, iteration 1820, time: 5775.394189119339
Starting label LEVI, seed 1, iteration 1830, time: 5800.033933639526
Starting label LEVI, seed 1, iteration 1840, time: 5820.4197607040405
Starting label LEVI, seed 1, iteration 1850, time: 5842.203196287155
Starting label LEVI, seed 1, iteration 1860, time: 5865.544229984283
Starting label LEVI, seed 1, iteration 1870, time: 5889.05046081543
Starting label LEVI, seed 1, iteration 1880, time: 5913.509564638138
Starting label LEVI, seed 1, iteration 1890, time: 5936.555075883865
Starting label LEVI, seed 1, iteration 1900, time: 5960.666497707367
Starting label LEVI, seed 1, iteration 1910, time: 5988.787507772446
Starting label LEVI, seed 1, iteration 1920, time: 6012.9145493507385
Starting label LEVI, seed 1, iteration 1930, time: 6036.384464502335
Starting label LEVI, seed 1, iteration 1940, time: 6064.6371784210205
Starting label LEVI, seed 1, iteration 1950, time: 6094.902948141098
Starting label LEVI, seed 1, iteration 1960, time: 6121.668687105179
Starting label LEVI, seed 1, iteration 1970, time: 6145.069222211838
Starting label LEVI, seed 1, iteration 1980, time: 6171.758245229721
Starting label LEVI, seed 1, iteration 1990, time: 6199.363907814026
submitit INFO (2022-10-02 04:13:49,319) - Job completed successfully
