submitit INFO (2022-10-02 00:16:16,793) - Starting with JobEnvironment(job_id=883191_2, hostname=scaglione-compute-01.tech.cornell.edu, local_rank=0(1), node=0(1), global_rank=0(1))
submitit INFO (2022-10-02 00:16:16,793) - Loading pickle: /home/gid-cakmaks/contextual_rs/experiments/wsc_experiments/logs/883191_2/883191_2_submitted.pkl
Starting label LEVI, seed 92, iteration 0, time: 0.00012111663818359375
Starting label LEVI, seed 92, iteration 10, time: 2.9005351066589355
Starting label LEVI, seed 92, iteration 20, time: 5.802796363830566
Starting label LEVI, seed 92, iteration 30, time: 8.652512788772583
Starting label LEVI, seed 92, iteration 40, time: 11.563926219940186
Starting label LEVI, seed 92, iteration 50, time: 14.475296020507812
Starting label LEVI, seed 92, iteration 60, time: 17.52466583251953
Starting label LEVI, seed 92, iteration 70, time: 20.419466257095337
Starting label LEVI, seed 92, iteration 80, time: 23.39164423942566
Starting label LEVI, seed 92, iteration 90, time: 26.292167901992798
Starting label LEVI, seed 92, iteration 100, time: 29.29015564918518
Starting label LEVI, seed 92, iteration 110, time: 32.17736291885376
Starting label LEVI, seed 92, iteration 120, time: 35.09433674812317
Starting label LEVI, seed 92, iteration 130, time: 38.04151153564453
Starting label LEVI, seed 92, iteration 140, time: 41.13823342323303
Starting label LEVI, seed 92, iteration 150, time: 44.069610834121704
Starting label LEVI, seed 92, iteration 160, time: 46.88460683822632
Starting label LEVI, seed 92, iteration 170, time: 49.89674234390259
Starting label LEVI, seed 92, iteration 180, time: 52.93160080909729
Starting label LEVI, seed 92, iteration 190, time: 55.96721267700195
Starting label LEVI, seed 92, iteration 200, time: 58.97675943374634
Starting label LEVI, seed 92, iteration 210, time: 62.06187915802002
Starting label LEVI, seed 92, iteration 220, time: 65.21376442909241
Starting label LEVI, seed 92, iteration 230, time: 68.31576919555664
Starting label LEVI, seed 92, iteration 240, time: 71.40389823913574
Starting label LEVI, seed 92, iteration 250, time: 74.5038366317749
Starting label LEVI, seed 92, iteration 260, time: 77.53967070579529
Starting label LEVI, seed 92, iteration 270, time: 80.56368279457092
Starting label LEVI, seed 92, iteration 280, time: 83.64202380180359
Starting label LEVI, seed 92, iteration 290, time: 86.72270822525024
Starting label LEVI, seed 92, iteration 300, time: 89.84247660636902
Starting label LEVI, seed 92, iteration 310, time: 93.05885863304138
Starting label LEVI, seed 92, iteration 320, time: 96.16127300262451
Starting label LEVI, seed 92, iteration 330, time: 99.29370427131653
Starting label LEVI, seed 92, iteration 340, time: 102.48189115524292
Starting label LEVI, seed 92, iteration 350, time: 105.58708381652832
Starting label LEVI, seed 92, iteration 360, time: 108.74031591415405
Starting label LEVI, seed 92, iteration 370, time: 111.86230874061584
Starting label LEVI, seed 92, iteration 380, time: 115.02924609184265
Starting label LEVI, seed 92, iteration 390, time: 118.30873274803162
Starting label LEVI, seed 92, iteration 400, time: 121.52188372612
Starting label LEVI, seed 92, iteration 410, time: 124.7331006526947
Starting label LEVI, seed 92, iteration 420, time: 127.93725609779358
Starting label LEVI, seed 92, iteration 430, time: 131.18233799934387
Starting label LEVI, seed 92, iteration 440, time: 134.52611446380615
Starting label LEVI, seed 92, iteration 450, time: 137.77993178367615
Starting label LEVI, seed 92, iteration 460, time: 141.25867295265198
Starting label LEVI, seed 92, iteration 470, time: 144.69247031211853
Starting label LEVI, seed 92, iteration 480, time: 148.12222361564636
Starting label LEVI, seed 92, iteration 490, time: 151.42775177955627
Starting label LEVI, seed 92, iteration 500, time: 154.98487758636475
Starting label LEVI, seed 92, iteration 510, time: 158.36392521858215
Starting label LEVI, seed 92, iteration 520, time: 161.77984356880188
Starting label LEVI, seed 92, iteration 530, time: 165.18282890319824
Starting label LEVI, seed 92, iteration 540, time: 168.64158606529236
Starting label LEVI, seed 92, iteration 550, time: 172.3319549560547
Starting label LEVI, seed 92, iteration 560, time: 176.19126296043396
Starting label LEVI, seed 92, iteration 570, time: 179.9687056541443
Starting label LEVI, seed 92, iteration 580, time: 183.55516982078552
Starting label LEVI, seed 92, iteration 590, time: 187.20195412635803
Starting label LEVI, seed 92, iteration 600, time: 190.91514897346497
Starting label LEVI, seed 92, iteration 610, time: 194.86480355262756
Starting label LEVI, seed 92, iteration 620, time: 198.63380551338196
Starting label LEVI, seed 92, iteration 630, time: 202.5544183254242
Starting label LEVI, seed 92, iteration 640, time: 206.2611963748932
Starting label LEVI, seed 92, iteration 650, time: 210.1086549758911
Starting label LEVI, seed 92, iteration 660, time: 213.72103548049927
Starting label LEVI, seed 92, iteration 670, time: 217.40779185295105
Starting label LEVI, seed 92, iteration 680, time: 221.11843848228455
Starting label LEVI, seed 92, iteration 690, time: 225.00187063217163
Starting label LEVI, seed 92, iteration 700, time: 228.91955709457397
Starting label LEVI, seed 92, iteration 710, time: 232.69052004814148
Starting label LEVI, seed 92, iteration 720, time: 236.49027562141418
Starting label LEVI, seed 92, iteration 730, time: 240.51915860176086
Starting label LEVI, seed 92, iteration 740, time: 244.51854801177979
Starting label LEVI, seed 92, iteration 750, time: 248.45447850227356
Starting label LEVI, seed 92, iteration 760, time: 252.3316490650177
Starting label LEVI, seed 92, iteration 770, time: 256.13019347190857
Starting label LEVI, seed 92, iteration 780, time: 259.95151257514954
Starting label LEVI, seed 92, iteration 790, time: 263.7760212421417
Starting label LEVI, seed 92, iteration 800, time: 267.4614448547363
Starting label LEVI, seed 92, iteration 810, time: 271.2061951160431
Starting label LEVI, seed 92, iteration 820, time: 274.93056178092957
Starting label LEVI, seed 92, iteration 830, time: 278.6421172618866
Starting label LEVI, seed 92, iteration 840, time: 282.5299482345581
Starting label LEVI, seed 92, iteration 850, time: 286.20367074012756
Starting label LEVI, seed 92, iteration 860, time: 289.95191526412964
Starting label LEVI, seed 92, iteration 870, time: 293.7586979866028
Starting label LEVI, seed 92, iteration 880, time: 297.64078640937805
Starting label LEVI, seed 92, iteration 890, time: 301.40724539756775
Starting label LEVI, seed 92, iteration 900, time: 305.3531804084778
Starting label LEVI, seed 92, iteration 910, time: 309.2317099571228
Starting label LEVI, seed 92, iteration 920, time: 312.9734420776367
Starting label LEVI, seed 92, iteration 930, time: 316.7244129180908
Starting label LEVI, seed 92, iteration 940, time: 320.28464460372925
Starting label LEVI, seed 92, iteration 950, time: 323.77690172195435
Starting label LEVI, seed 92, iteration 960, time: 327.30837059020996
Starting label LEVI, seed 92, iteration 970, time: 330.954550743103
Starting label LEVI, seed 92, iteration 980, time: 334.72124791145325
Starting label LEVI, seed 92, iteration 990, time: 338.44354152679443
Starting label LEVI, seed 92, iteration 1000, time: 342.04117584228516
Starting label LEVI, seed 92, iteration 1010, time: 345.7271854877472
Starting label LEVI, seed 92, iteration 1020, time: 349.39141488075256
Starting label LEVI, seed 92, iteration 1030, time: 353.4834690093994
Starting label LEVI, seed 92, iteration 1040, time: 357.44746017456055
Starting label LEVI, seed 92, iteration 1050, time: 361.30119252204895
Starting label LEVI, seed 92, iteration 1060, time: 365.21962213516235
Starting label LEVI, seed 92, iteration 1070, time: 369.2439703941345
Starting label LEVI, seed 92, iteration 1080, time: 373.19999170303345
Starting label LEVI, seed 92, iteration 1090, time: 377.2283880710602
Starting label LEVI, seed 92, iteration 1100, time: 381.1301996707916
Starting label LEVI, seed 92, iteration 1110, time: 385.07196021080017
Starting label LEVI, seed 92, iteration 1120, time: 389.07036304473877
Starting label LEVI, seed 92, iteration 1130, time: 393.0312738418579
Starting label LEVI, seed 92, iteration 1140, time: 396.95660519599915
Starting label LEVI, seed 92, iteration 1150, time: 401.0298001766205
Starting label LEVI, seed 92, iteration 1160, time: 405.053875207901
Starting label LEVI, seed 92, iteration 1170, time: 409.2490863800049
Starting label LEVI, seed 92, iteration 1180, time: 413.2305450439453
Starting label LEVI, seed 92, iteration 1190, time: 417.17735290527344
Starting label LEVI, seed 92, iteration 1200, time: 421.2945804595947
Starting label LEVI, seed 92, iteration 1210, time: 425.40398144721985
Starting label LEVI, seed 92, iteration 1220, time: 429.52692317962646
Starting label LEVI, seed 92, iteration 1230, time: 433.94908928871155
Starting label LEVI, seed 92, iteration 1240, time: 438.20356798171997
Starting label LEVI, seed 92, iteration 1250, time: 442.2989127635956
Starting label LEVI, seed 92, iteration 1260, time: 446.3756206035614
Starting label LEVI, seed 92, iteration 1270, time: 450.56094193458557
Starting label LEVI, seed 92, iteration 1280, time: 454.6553637981415
Starting label LEVI, seed 92, iteration 1290, time: 458.89261651039124
Starting label LEVI, seed 92, iteration 1300, time: 463.18065309524536
Starting label LEVI, seed 92, iteration 1310, time: 467.4946277141571
Starting label LEVI, seed 92, iteration 1320, time: 471.90289282798767
Starting label LEVI, seed 92, iteration 1330, time: 476.12004590034485
Starting label LEVI, seed 92, iteration 1340, time: 480.644079208374
Starting label LEVI, seed 92, iteration 1350, time: 484.967280626297
Starting label LEVI, seed 92, iteration 1360, time: 489.3565573692322
Starting label LEVI, seed 92, iteration 1370, time: 493.8855402469635
Starting label LEVI, seed 92, iteration 1380, time: 498.3847575187683
Starting label LEVI, seed 92, iteration 1390, time: 502.8007218837738
Starting label LEVI, seed 92, iteration 1400, time: 507.2699704170227
Starting label LEVI, seed 92, iteration 1410, time: 511.85074949264526
Starting label LEVI, seed 92, iteration 1420, time: 516.4060974121094
Starting label LEVI, seed 92, iteration 1430, time: 521.0806856155396
Starting label LEVI, seed 92, iteration 1440, time: 526.0530502796173
Starting label LEVI, seed 92, iteration 1450, time: 530.6117925643921
Starting label LEVI, seed 92, iteration 1460, time: 535.3089098930359
Starting label LEVI, seed 92, iteration 1470, time: 540.0205638408661
Starting label LEVI, seed 92, iteration 1480, time: 544.7127604484558
Starting label LEVI, seed 92, iteration 1490, time: 549.2990145683289
Starting label LEVI, seed 92, iteration 1500, time: 553.8997182846069
Starting label LEVI, seed 92, iteration 1510, time: 558.5247049331665
Starting label LEVI, seed 92, iteration 1520, time: 563.0415515899658
Starting label LEVI, seed 92, iteration 1530, time: 567.4266440868378
Starting label LEVI, seed 92, iteration 1540, time: 571.7330811023712
Starting label LEVI, seed 92, iteration 1550, time: 576.1859645843506
Starting label LEVI, seed 92, iteration 1560, time: 580.7842853069305
Starting label LEVI, seed 92, iteration 1570, time: 585.4729356765747
Starting label LEVI, seed 92, iteration 1580, time: 590.0719649791718
Starting label LEVI, seed 92, iteration 1590, time: 594.5293290615082
Starting label LEVI, seed 92, iteration 1600, time: 599.0870480537415
Starting label LEVI, seed 92, iteration 1610, time: 603.5838360786438
Starting label LEVI, seed 92, iteration 1620, time: 608.161951303482
Starting label LEVI, seed 92, iteration 1630, time: 612.7592277526855
Starting label LEVI, seed 92, iteration 1640, time: 617.5101687908173
Starting label LEVI, seed 92, iteration 1650, time: 622.2849366664886
Starting label LEVI, seed 92, iteration 1660, time: 627.0635669231415
Starting label LEVI, seed 92, iteration 1670, time: 631.9958577156067
Starting label LEVI, seed 92, iteration 1680, time: 636.9047944545746
Starting label LEVI, seed 92, iteration 1690, time: 641.7054872512817
Starting label LEVI, seed 92, iteration 1700, time: 646.1919839382172
Starting label LEVI, seed 92, iteration 1710, time: 650.7575633525848
Starting label LEVI, seed 92, iteration 1720, time: 655.2376523017883
Starting label LEVI, seed 92, iteration 1730, time: 659.8139765262604
Starting label LEVI, seed 92, iteration 1740, time: 664.5562510490417
Starting label LEVI, seed 92, iteration 1750, time: 669.1167447566986
Starting label LEVI, seed 92, iteration 1760, time: 674.2494807243347
Starting label LEVI, seed 92, iteration 1770, time: 679.271731376648
Starting label LEVI, seed 92, iteration 1780, time: 684.2635545730591
Starting label LEVI, seed 92, iteration 1790, time: 689.4313468933105
Starting label LEVI, seed 92, iteration 1800, time: 694.6561450958252
Starting label LEVI, seed 92, iteration 1810, time: 699.5183494091034
Starting label LEVI, seed 92, iteration 1820, time: 704.5353784561157
Starting label LEVI, seed 92, iteration 1830, time: 709.6781663894653
Starting label LEVI, seed 92, iteration 1840, time: 714.9824147224426
Starting label LEVI, seed 92, iteration 1850, time: 719.9529554843903
Starting label LEVI, seed 92, iteration 1860, time: 724.9231271743774
Starting label LEVI, seed 92, iteration 1870, time: 730.3430478572845
Starting label LEVI, seed 92, iteration 1880, time: 735.5052764415741
Starting label LEVI, seed 92, iteration 1890, time: 740.9420866966248
Starting label LEVI, seed 92, iteration 1900, time: 746.1489644050598
Starting label LEVI, seed 92, iteration 1910, time: 751.3864231109619
Starting label LEVI, seed 92, iteration 1920, time: 756.9094488620758
Starting label LEVI, seed 92, iteration 1930, time: 762.2727227210999
Starting label LEVI, seed 92, iteration 1940, time: 767.648806810379
submitit WARNING (2022-10-02 00:29:08,121) - Bypassing signal SIGCONT
submitit WARNING (2022-10-02 00:29:08,202) - Bypassing signal SIGTERM
Starting label LEVI, seed 92, iteration 1950, time: 773.1403479576111
Starting label LEVI, seed 92, iteration 1960, time: 778.6644961833954
Starting label LEVI, seed 92, iteration 1970, time: 784.2607626914978
Starting label LEVI, seed 92, iteration 1980, time: 789.705376625061
Starting label LEVI, seed 92, iteration 1990, time: 795.1089992523193
