submitit INFO (2022-10-02 13:26:42,316) - Starting with JobEnvironment(job_id=884531_3, hostname=sablab-gpu-07.ece.cornell.edu, local_rank=0(1), node=0(1), global_rank=0(1))
submitit INFO (2022-10-02 13:26:42,316) - Loading pickle: /home/gid-cakmaks/contextual_rs/experiments/wsc_experiments/logs/884531_3/884531_3_submitted.pkl
Appending iterations to existing output!Warning: If parameters other than `iterations` have been changed, this will corrupt the output!
Starting label LEVI, seed 13, iteration 520, time: 336.7302529811859
Starting label LEVI, seed 13, iteration 530, time: 499.84462785720825
Starting label LEVI, seed 13, iteration 540, time: 504.7531154155731
Starting label LEVI, seed 13, iteration 550, time: 509.61765599250793
Starting label LEVI, seed 13, iteration 560, time: 514.5050930976868
Starting label LEVI, seed 13, iteration 570, time: 519.7473165988922
Starting label LEVI, seed 13, iteration 580, time: 524.8011078834534
Starting label LEVI, seed 13, iteration 590, time: 529.7070260047913
Starting label LEVI, seed 13, iteration 600, time: 666.6621172428131
Starting label LEVI, seed 13, iteration 610, time: 877.4435806274414
Starting label LEVI, seed 13, iteration 620, time: 1073.656653881073
Starting label LEVI, seed 13, iteration 630, time: 1272.1295659542084
Starting label LEVI, seed 13, iteration 640, time: 1485.2306444644928
Starting label LEVI, seed 13, iteration 650, time: 1643.6861691474915
Starting label LEVI, seed 13, iteration 660, time: 1884.4960188865662
Starting label LEVI, seed 13, iteration 670, time: 2031.4981198310852
Starting label LEVI, seed 13, iteration 680, time: 2319.988932132721
Starting label LEVI, seed 13, iteration 690, time: 2546.9613881111145
Starting label LEVI, seed 13, iteration 700, time: 2653.653653383255
Starting label LEVI, seed 13, iteration 710, time: 2800.969708442688
Starting label LEVI, seed 13, iteration 720, time: 3060.7302873134613
Starting label LEVI, seed 13, iteration 730, time: 3372.6251769065857
Starting label LEVI, seed 13, iteration 740, time: 3642.3212599754333
submitit INFO (2022-10-02 14:24:41,683) - Job has timed out. Ran 58 minutes out of requested 60 minutes.
submitit WARNING (2022-10-02 14:24:41,696) - Caught signal SIGUSR2 on sablab-gpu-07.ece.cornell.edu: this job is timed-out.
submitit INFO (2022-10-02 14:24:41,696) - Job not requeued because: timed-out and not checkpointable.
submitit WARNING (2022-10-02 14:24:41,696) - Bypassing signal SIGCONT
submitit ERROR (2022-10-02 14:24:41,727) - Submitted job triggered an exception
