submitit INFO (2022-10-02 00:30:37,807) - Starting with JobEnvironment(job_id=883292_0, hostname=campbell-compute-01.mae.cornell.edu, local_rank=0(1), node=0(1), global_rank=0(1))
submitit INFO (2022-10-02 00:30:37,808) - Loading pickle: /home/gid-cakmaks/contextual_rs/experiments/wsc_experiments/logs/883292_0/883292_0_submitted.pkl
Starting label LEVI, seed 60, iteration 0, time: 0.015444517135620117
Starting label LEVI, seed 60, iteration 10, time: 11.526254177093506
Starting label LEVI, seed 60, iteration 20, time: 14.380261898040771
Starting label LEVI, seed 60, iteration 30, time: 17.190613985061646
Starting label LEVI, seed 60, iteration 40, time: 19.949225902557373
Starting label LEVI, seed 60, iteration 50, time: 22.659488439559937
Starting label LEVI, seed 60, iteration 60, time: 25.50244903564453
Starting label LEVI, seed 60, iteration 70, time: 28.420601844787598
Starting label LEVI, seed 60, iteration 80, time: 31.285956859588623
Starting label LEVI, seed 60, iteration 90, time: 34.10873889923096
Starting label LEVI, seed 60, iteration 100, time: 36.97596883773804
Starting label LEVI, seed 60, iteration 110, time: 39.81669473648071
Starting label LEVI, seed 60, iteration 120, time: 42.62627291679382
Starting label LEVI, seed 60, iteration 130, time: 45.46950173377991
Starting label LEVI, seed 60, iteration 140, time: 48.432156801223755
Starting label LEVI, seed 60, iteration 150, time: 51.39988660812378
Starting label LEVI, seed 60, iteration 160, time: 55.177807569503784
Starting label LEVI, seed 60, iteration 170, time: 58.0297954082489
Starting label LEVI, seed 60, iteration 180, time: 76.96434664726257
Starting label LEVI, seed 60, iteration 190, time: 97.88193845748901
Starting label LEVI, seed 60, iteration 200, time: 118.9705581665039
Starting label LEVI, seed 60, iteration 210, time: 152.7394094467163
Starting label LEVI, seed 60, iteration 220, time: 207.15009951591492
Starting label LEVI, seed 60, iteration 230, time: 258.3104622364044
Starting label LEVI, seed 60, iteration 240, time: 299.12990736961365
Starting label LEVI, seed 60, iteration 250, time: 329.32686734199524
Starting label LEVI, seed 60, iteration 260, time: 369.17221999168396
Starting label LEVI, seed 60, iteration 270, time: 390.9835932254791
Starting label LEVI, seed 60, iteration 280, time: 394.07302498817444
Starting label LEVI, seed 60, iteration 290, time: 397.2152225971222
Starting label LEVI, seed 60, iteration 300, time: 400.3946478366852
Starting label LEVI, seed 60, iteration 310, time: 403.5222020149231
Starting label LEVI, seed 60, iteration 320, time: 406.67361426353455
Starting label LEVI, seed 60, iteration 330, time: 409.78646874427795
Starting label LEVI, seed 60, iteration 340, time: 413.1480782032013
Starting label LEVI, seed 60, iteration 350, time: 416.39648056030273
Starting label LEVI, seed 60, iteration 360, time: 419.67441391944885
Starting label LEVI, seed 60, iteration 370, time: 423.1673445701599
Starting label LEVI, seed 60, iteration 380, time: 426.4935779571533
Starting label LEVI, seed 60, iteration 390, time: 429.957181930542
Starting label LEVI, seed 60, iteration 400, time: 433.35867404937744
Starting label LEVI, seed 60, iteration 410, time: 436.8321621417999
Starting label LEVI, seed 60, iteration 420, time: 440.25291442871094
Starting label LEVI, seed 60, iteration 430, time: 443.81665682792664
Starting label LEVI, seed 60, iteration 440, time: 447.43335485458374
Starting label LEVI, seed 60, iteration 450, time: 451.0583715438843
Starting label LEVI, seed 60, iteration 460, time: 454.6356420516968
Starting label LEVI, seed 60, iteration 470, time: 458.3821041584015
Starting label LEVI, seed 60, iteration 480, time: 462.1272826194763
Starting label LEVI, seed 60, iteration 490, time: 466.03007769584656
Starting label LEVI, seed 60, iteration 500, time: 469.8383231163025
Starting label LEVI, seed 60, iteration 510, time: 473.60989475250244
Starting label LEVI, seed 60, iteration 520, time: 477.620876789093
Starting label LEVI, seed 60, iteration 530, time: 481.3788540363312
Starting label LEVI, seed 60, iteration 540, time: 485.16201066970825
Starting label LEVI, seed 60, iteration 550, time: 489.1560318470001
Starting label LEVI, seed 60, iteration 560, time: 493.1440896987915
Starting label LEVI, seed 60, iteration 570, time: 497.31647658348083
Starting label LEVI, seed 60, iteration 580, time: 501.49532771110535
Starting label LEVI, seed 60, iteration 590, time: 505.7402653694153
Starting label LEVI, seed 60, iteration 600, time: 509.7970395088196
Starting label LEVI, seed 60, iteration 610, time: 514.1491174697876
Starting label LEVI, seed 60, iteration 620, time: 518.8235304355621
Starting label LEVI, seed 60, iteration 630, time: 523.17533826828
Starting label LEVI, seed 60, iteration 640, time: 527.7678577899933
Starting label LEVI, seed 60, iteration 650, time: 532.1403169631958
Starting label LEVI, seed 60, iteration 660, time: 536.9109206199646
Starting label LEVI, seed 60, iteration 670, time: 541.6260282993317
Starting label LEVI, seed 60, iteration 680, time: 546.2999083995819
Starting label LEVI, seed 60, iteration 690, time: 553.6222767829895
Starting label LEVI, seed 60, iteration 700, time: 564.0507824420929
Starting label LEVI, seed 60, iteration 710, time: 569.6110661029816
Starting label LEVI, seed 60, iteration 720, time: 574.6844437122345
Starting label LEVI, seed 60, iteration 730, time: 579.6558983325958
Starting label LEVI, seed 60, iteration 740, time: 585.2286262512207
Starting label LEVI, seed 60, iteration 750, time: 590.533769607544
Starting label LEVI, seed 60, iteration 760, time: 596.558141708374
Starting label LEVI, seed 60, iteration 770, time: 602.7860460281372
Starting label LEVI, seed 60, iteration 780, time: 608.9264626502991
Starting label LEVI, seed 60, iteration 790, time: 615.0294516086578
Starting label LEVI, seed 60, iteration 800, time: 621.2042272090912
Starting label LEVI, seed 60, iteration 810, time: 627.9226455688477
Starting label LEVI, seed 60, iteration 820, time: 634.8090074062347
Starting label LEVI, seed 60, iteration 830, time: 640.9102666378021
Starting label LEVI, seed 60, iteration 840, time: 647.9155426025391
Starting label LEVI, seed 60, iteration 850, time: 654.5426032543182
Starting label LEVI, seed 60, iteration 860, time: 660.1806778907776
Starting label LEVI, seed 60, iteration 870, time: 666.8246054649353
Starting label LEVI, seed 60, iteration 880, time: 673.5152740478516
Starting label LEVI, seed 60, iteration 890, time: 679.3122313022614
Starting label LEVI, seed 60, iteration 900, time: 686.0743553638458
Starting label LEVI, seed 60, iteration 910, time: 692.2062027454376
Starting label LEVI, seed 60, iteration 920, time: 699.319498538971
Starting label LEVI, seed 60, iteration 930, time: 706.444352388382
Starting label LEVI, seed 60, iteration 940, time: 713.9078493118286
Starting label LEVI, seed 60, iteration 950, time: 721.1238029003143
Starting label LEVI, seed 60, iteration 960, time: 728.6279532909393
Starting label LEVI, seed 60, iteration 970, time: 735.8574206829071
Starting label LEVI, seed 60, iteration 980, time: 743.8360459804535
Starting label LEVI, seed 60, iteration 990, time: 750.5554406642914
Starting label LEVI, seed 60, iteration 1000, time: 757.4115586280823
Starting label LEVI, seed 60, iteration 1010, time: 764.4660437107086
Starting label LEVI, seed 60, iteration 1020, time: 771.4711344242096
Starting label LEVI, seed 60, iteration 1030, time: 778.5495047569275
Starting label LEVI, seed 60, iteration 1040, time: 786.6560752391815
Starting label LEVI, seed 60, iteration 1050, time: 794.8887348175049
Starting label LEVI, seed 60, iteration 1060, time: 803.7284514904022
Starting label LEVI, seed 60, iteration 1070, time: 812.3247330188751
Starting label LEVI, seed 60, iteration 1080, time: 820.0607268810272
Starting label LEVI, seed 60, iteration 1090, time: 827.8219182491302
Starting label LEVI, seed 60, iteration 1100, time: 835.3633186817169
Starting label LEVI, seed 60, iteration 1110, time: 845.1128814220428
Starting label LEVI, seed 60, iteration 1120, time: 852.861216545105
Starting label LEVI, seed 60, iteration 1130, time: 861.1518197059631
Starting label LEVI, seed 60, iteration 1140, time: 869.1573033332825
Starting label LEVI, seed 60, iteration 1150, time: 879.4038181304932
Starting label LEVI, seed 60, iteration 1160, time: 889.9841551780701
Starting label LEVI, seed 60, iteration 1170, time: 900.1862668991089
Starting label LEVI, seed 60, iteration 1180, time: 911.5286164283752
Starting label LEVI, seed 60, iteration 1190, time: 920.1241989135742
Starting label LEVI, seed 60, iteration 1200, time: 928.8939025402069
Starting label LEVI, seed 60, iteration 1210, time: 939.6508584022522
Starting label LEVI, seed 60, iteration 1220, time: 950.9864461421967
Starting label LEVI, seed 60, iteration 1230, time: 961.826290845871
Starting label LEVI, seed 60, iteration 1240, time: 973.697984457016
Starting label LEVI, seed 60, iteration 1250, time: 984.477775812149
Starting label LEVI, seed 60, iteration 1260, time: 999.1042213439941
Starting label LEVI, seed 60, iteration 1270, time: 1020.8640806674957
Starting label LEVI, seed 60, iteration 1280, time: 1053.816859960556
Starting label LEVI, seed 60, iteration 1290, time: 1106.8984715938568
Starting label LEVI, seed 60, iteration 1300, time: 1142.190584897995
Starting label LEVI, seed 60, iteration 1310, time: 1160.5836412906647
Starting label LEVI, seed 60, iteration 1320, time: 1202.3506784439087
Starting label LEVI, seed 60, iteration 1330, time: 1267.4255774021149
Starting label LEVI, seed 60, iteration 1340, time: 1286.8952872753143
Starting label LEVI, seed 60, iteration 1350, time: 1377.7983067035675
Starting label LEVI, seed 60, iteration 1360, time: 1400.045917749405
Starting label LEVI, seed 60, iteration 1370, time: 1424.4706320762634
Starting label LEVI, seed 60, iteration 1380, time: 1453.164249420166
Starting label LEVI, seed 60, iteration 1390, time: 1493.4531812667847
submitit WARNING (2022-10-02 00:55:52,475) - Bypassing signal SIGTERM
submitit WARNING (2022-10-02 00:55:52,480) - Bypassing signal SIGCONT
