submitit INFO (2022-10-02 00:29:42,851) - Starting with JobEnvironment(job_id=883252_7, hostname=harpo.cs.cornell.edu, local_rank=0(1), node=0(1), global_rank=0(1))
submitit INFO (2022-10-02 00:29:42,852) - Loading pickle: /home/gid-cakmaks/contextual_rs/experiments/wsc_experiments/logs/883252_7/883252_7_submitted.pkl
Starting label LEVI, seed 27, iteration 0, time: 0.0008442401885986328
Starting label LEVI, seed 27, iteration 10, time: 3.0982666015625
Starting label LEVI, seed 27, iteration 20, time: 6.175699234008789
Starting label LEVI, seed 27, iteration 30, time: 9.305536031723022
Starting label LEVI, seed 27, iteration 40, time: 12.461061954498291
Starting label LEVI, seed 27, iteration 50, time: 15.573174953460693
Starting label LEVI, seed 27, iteration 60, time: 18.79836130142212
Starting label LEVI, seed 27, iteration 70, time: 21.934539794921875
Starting label LEVI, seed 27, iteration 80, time: 25.131506204605103
Starting label LEVI, seed 27, iteration 90, time: 28.35544204711914
Starting label LEVI, seed 27, iteration 100, time: 31.528127193450928
Starting label LEVI, seed 27, iteration 110, time: 34.69856095314026
Starting label LEVI, seed 27, iteration 120, time: 37.88960647583008
Starting label LEVI, seed 27, iteration 130, time: 41.081297874450684
Starting label LEVI, seed 27, iteration 140, time: 44.41843605041504
Starting label LEVI, seed 27, iteration 150, time: 47.6003475189209
Starting label LEVI, seed 27, iteration 160, time: 50.82233953475952
Starting label LEVI, seed 27, iteration 170, time: 54.56092309951782
Starting label LEVI, seed 27, iteration 180, time: 58.85836672782898
Starting label LEVI, seed 27, iteration 190, time: 62.92193341255188
Starting label LEVI, seed 27, iteration 200, time: 66.76832175254822
Starting label LEVI, seed 27, iteration 210, time: 70.51917362213135
Starting label LEVI, seed 27, iteration 220, time: 74.02153396606445
Starting label LEVI, seed 27, iteration 230, time: 77.51730036735535
Starting label LEVI, seed 27, iteration 240, time: 81.01368761062622
Starting label LEVI, seed 27, iteration 250, time: 84.41976881027222
Starting label LEVI, seed 27, iteration 260, time: 87.80034470558167
Starting label LEVI, seed 27, iteration 270, time: 91.21454906463623
Starting label LEVI, seed 27, iteration 280, time: 94.62725949287415
Starting label LEVI, seed 27, iteration 290, time: 98.03346705436707
Starting label LEVI, seed 27, iteration 300, time: 101.46621632575989
Starting label LEVI, seed 27, iteration 310, time: 105.01891827583313
Starting label LEVI, seed 27, iteration 320, time: 108.46262216567993
Starting label LEVI, seed 27, iteration 330, time: 111.97929811477661
Starting label LEVI, seed 27, iteration 340, time: 115.49689960479736
Starting label LEVI, seed 27, iteration 350, time: 118.95475006103516
Starting label LEVI, seed 27, iteration 360, time: 122.39641880989075
Starting label LEVI, seed 27, iteration 370, time: 125.94800877571106
Starting label LEVI, seed 27, iteration 380, time: 129.41338896751404
Starting label LEVI, seed 27, iteration 390, time: 133.02346658706665
Starting label LEVI, seed 27, iteration 400, time: 136.66730904579163
Starting label LEVI, seed 27, iteration 410, time: 140.26136112213135
Starting label LEVI, seed 27, iteration 420, time: 143.88671946525574
Starting label LEVI, seed 27, iteration 430, time: 147.51459288597107
Starting label LEVI, seed 27, iteration 440, time: 151.18168711662292
Starting label LEVI, seed 27, iteration 450, time: 154.95574688911438
Starting label LEVI, seed 27, iteration 460, time: 158.81894779205322
Starting label LEVI, seed 27, iteration 470, time: 162.80977940559387
Starting label LEVI, seed 27, iteration 480, time: 166.63925218582153
Starting label LEVI, seed 27, iteration 490, time: 170.38216423988342
Starting label LEVI, seed 27, iteration 500, time: 174.23225855827332
Starting label LEVI, seed 27, iteration 510, time: 178.23582410812378
Starting label LEVI, seed 27, iteration 520, time: 182.03213763237
Starting label LEVI, seed 27, iteration 530, time: 186.13790559768677
Starting label LEVI, seed 27, iteration 540, time: 190.16766691207886
Starting label LEVI, seed 27, iteration 550, time: 194.04805517196655
Starting label LEVI, seed 27, iteration 560, time: 198.13849020004272
Starting label LEVI, seed 27, iteration 570, time: 202.54505014419556
Starting label LEVI, seed 27, iteration 580, time: 207.34186124801636
Starting label LEVI, seed 27, iteration 590, time: 211.97113752365112
Starting label LEVI, seed 27, iteration 600, time: 216.75588512420654
Starting label LEVI, seed 27, iteration 610, time: 221.2253565788269
Starting label LEVI, seed 27, iteration 620, time: 225.36118268966675
Starting label LEVI, seed 27, iteration 630, time: 229.9109878540039
Starting label LEVI, seed 27, iteration 640, time: 234.55813217163086
Starting label LEVI, seed 27, iteration 650, time: 239.15963220596313
Starting label LEVI, seed 27, iteration 660, time: 244.1014015674591
Starting label LEVI, seed 27, iteration 670, time: 250.0043818950653
Starting label LEVI, seed 27, iteration 680, time: 255.8731608390808
Starting label LEVI, seed 27, iteration 690, time: 261.69904017448425
Starting label LEVI, seed 27, iteration 700, time: 266.8955600261688
Starting label LEVI, seed 27, iteration 710, time: 272.06562423706055
Starting label LEVI, seed 27, iteration 720, time: 277.3172228336334
Starting label LEVI, seed 27, iteration 730, time: 283.12967586517334
Starting label LEVI, seed 27, iteration 740, time: 289.1104323863983
Starting label LEVI, seed 27, iteration 750, time: 294.87849736213684
Starting label LEVI, seed 27, iteration 760, time: 300.61787152290344
Starting label LEVI, seed 27, iteration 770, time: 306.1050832271576
Starting label LEVI, seed 27, iteration 780, time: 311.6389763355255
Starting label LEVI, seed 27, iteration 790, time: 318.28284978866577
Starting label LEVI, seed 27, iteration 800, time: 324.2272238731384
Starting label LEVI, seed 27, iteration 810, time: 330.35146713256836
Starting label LEVI, seed 27, iteration 820, time: 336.70274567604065
Starting label LEVI, seed 27, iteration 830, time: 343.1282820701599
Starting label LEVI, seed 27, iteration 840, time: 349.81377696990967
Starting label LEVI, seed 27, iteration 850, time: 356.4070887565613
Starting label LEVI, seed 27, iteration 860, time: 362.84276008605957
Starting label LEVI, seed 27, iteration 870, time: 369.47287034988403
Starting label LEVI, seed 27, iteration 880, time: 376.4294168949127
Starting label LEVI, seed 27, iteration 890, time: 383.8553161621094
Starting label LEVI, seed 27, iteration 900, time: 391.4000437259674
Starting label LEVI, seed 27, iteration 910, time: 398.37586736679077
Starting label LEVI, seed 27, iteration 920, time: 405.63289618492126
Starting label LEVI, seed 27, iteration 930, time: 412.5859251022339
Starting label LEVI, seed 27, iteration 940, time: 419.7531747817993
Starting label LEVI, seed 27, iteration 950, time: 427.02540469169617
Starting label LEVI, seed 27, iteration 960, time: 433.74573850631714
Starting label LEVI, seed 27, iteration 970, time: 440.7988209724426
Starting label LEVI, seed 27, iteration 980, time: 447.20339155197144
Starting label LEVI, seed 27, iteration 990, time: 454.18234872817993
Starting label LEVI, seed 27, iteration 1000, time: 460.9883954524994
Starting label LEVI, seed 27, iteration 1010, time: 468.6946949958801
Starting label LEVI, seed 27, iteration 1020, time: 476.41744470596313
Starting label LEVI, seed 27, iteration 1030, time: 484.7966859340668
Starting label LEVI, seed 27, iteration 1040, time: 493.0411765575409
Starting label LEVI, seed 27, iteration 1050, time: 501.49788641929626
Starting label LEVI, seed 27, iteration 1060, time: 509.5927538871765
Starting label LEVI, seed 27, iteration 1070, time: 518.1293206214905
Starting label LEVI, seed 27, iteration 1080, time: 525.282514333725
Starting label LEVI, seed 27, iteration 1090, time: 533.5414597988129
Starting label LEVI, seed 27, iteration 1100, time: 543.1958520412445
Starting label LEVI, seed 27, iteration 1110, time: 551.7631058692932
Starting label LEVI, seed 27, iteration 1120, time: 560.460705280304
Starting label LEVI, seed 27, iteration 1130, time: 567.9925978183746
Starting label LEVI, seed 27, iteration 1140, time: 576.4139099121094
Starting label LEVI, seed 27, iteration 1150, time: 584.704051733017
Starting label LEVI, seed 27, iteration 1160, time: 594.1563184261322
Starting label LEVI, seed 27, iteration 1170, time: 603.7200808525085
Starting label LEVI, seed 27, iteration 1180, time: 613.7187213897705
Starting label LEVI, seed 27, iteration 1190, time: 623.2088253498077
Starting label LEVI, seed 27, iteration 1200, time: 632.7515249252319
Starting label LEVI, seed 27, iteration 1210, time: 642.0961694717407
Starting label LEVI, seed 27, iteration 1220, time: 651.4678092002869
Starting label LEVI, seed 27, iteration 1230, time: 661.4869360923767
Starting label LEVI, seed 27, iteration 1240, time: 671.132571220398
Starting label LEVI, seed 27, iteration 1250, time: 681.0651545524597
Starting label LEVI, seed 27, iteration 1260, time: 690.6067681312561
Starting label LEVI, seed 27, iteration 1270, time: 701.44198346138
Starting label LEVI, seed 27, iteration 1280, time: 712.2106025218964
Starting label LEVI, seed 27, iteration 1290, time: 721.1299593448639
Starting label LEVI, seed 27, iteration 1300, time: 733.6712577342987
Starting label LEVI, seed 27, iteration 1310, time: 744.3809571266174
Starting label LEVI, seed 27, iteration 1320, time: 754.145051240921
Starting label LEVI, seed 27, iteration 1330, time: 764.5080542564392
Starting label LEVI, seed 27, iteration 1340, time: 775.9488255977631
Starting label LEVI, seed 27, iteration 1350, time: 787.3699967861176
Starting label LEVI, seed 27, iteration 1360, time: 798.9308469295502
Starting label LEVI, seed 27, iteration 1370, time: 810.9195296764374
Starting label LEVI, seed 27, iteration 1380, time: 822.6360478401184
Starting label LEVI, seed 27, iteration 1390, time: 834.7228825092316
Starting label LEVI, seed 27, iteration 1400, time: 845.387448310852
Starting label LEVI, seed 27, iteration 1410, time: 857.8436923027039
Starting label LEVI, seed 27, iteration 1420, time: 870.3411092758179
Starting label LEVI, seed 27, iteration 1430, time: 882.4825491905212
Starting label LEVI, seed 27, iteration 1440, time: 893.8017876148224
Starting label LEVI, seed 27, iteration 1450, time: 906.8895983695984
Starting label LEVI, seed 27, iteration 1460, time: 920.6739513874054
Starting label LEVI, seed 27, iteration 1470, time: 934.9168164730072
Starting label LEVI, seed 27, iteration 1480, time: 947.0040013790131
Starting label LEVI, seed 27, iteration 1490, time: 959.1681089401245
Starting label LEVI, seed 27, iteration 1500, time: 973.6763327121735
Starting label LEVI, seed 27, iteration 1510, time: 985.6197729110718
Starting label LEVI, seed 27, iteration 1520, time: 998.0551726818085
Starting label LEVI, seed 27, iteration 1530, time: 1014.2095899581909
Starting label LEVI, seed 27, iteration 1540, time: 1029.5647194385529
Starting label LEVI, seed 27, iteration 1550, time: 1043.8152236938477
Starting label LEVI, seed 27, iteration 1560, time: 1061.6216804981232
Starting label LEVI, seed 27, iteration 1570, time: 1075.09703207016
Starting label LEVI, seed 27, iteration 1580, time: 1091.08553814888
Starting label LEVI, seed 27, iteration 1590, time: 1107.4300937652588
Starting label LEVI, seed 27, iteration 1600, time: 1120.58846950531
Starting label LEVI, seed 27, iteration 1610, time: 1134.4333248138428
Starting label LEVI, seed 27, iteration 1620, time: 1150.797037601471
Starting label LEVI, seed 27, iteration 1630, time: 1168.4925019741058
Starting label LEVI, seed 27, iteration 1640, time: 1187.144334077835
Starting label LEVI, seed 27, iteration 1650, time: 1205.4735927581787
Starting label LEVI, seed 27, iteration 1660, time: 1224.7182941436768
Starting label LEVI, seed 27, iteration 1670, time: 1242.9094870090485
Starting label LEVI, seed 27, iteration 1680, time: 1261.286139011383
Starting label LEVI, seed 27, iteration 1690, time: 1279.3460912704468
Starting label LEVI, seed 27, iteration 1700, time: 1295.0902037620544
Starting label LEVI, seed 27, iteration 1710, time: 1315.1344594955444
Starting label LEVI, seed 27, iteration 1720, time: 1336.7139332294464
Starting label LEVI, seed 27, iteration 1730, time: 1356.3811128139496
Starting label LEVI, seed 27, iteration 1740, time: 1373.4489459991455
Starting label LEVI, seed 27, iteration 1750, time: 1394.721347808838
Starting label LEVI, seed 27, iteration 1760, time: 1412.2953705787659
Starting label LEVI, seed 27, iteration 1770, time: 1429.6258113384247
Starting label LEVI, seed 27, iteration 1780, time: 1447.95703458786
Starting label LEVI, seed 27, iteration 1790, time: 1465.5420358181
Starting label LEVI, seed 27, iteration 1800, time: 1483.8262929916382
Starting label LEVI, seed 27, iteration 1810, time: 1502.2063817977905
Starting label LEVI, seed 27, iteration 1820, time: 1520.9441294670105
Starting label LEVI, seed 27, iteration 1830, time: 1544.6786987781525
Starting label LEVI, seed 27, iteration 1840, time: 1565.501335144043
submitit WARNING (2022-10-02 00:55:52,124) - Bypassing signal SIGTERM
submitit WARNING (2022-10-02 00:55:52,125) - Bypassing signal SIGCONT
Starting label LEVI, seed 27, iteration 1850, time: 1590.2461757659912
