submitit INFO (2022-10-02 01:49:55,931) - Starting with JobEnvironment(job_id=883523_8, hostname=sablab-gpu-02.ece.cornell.edu, local_rank=0(1), node=0(1), global_rank=0(1))
submitit INFO (2022-10-02 01:49:55,931) - Loading pickle: /home/gid-cakmaks/contextual_rs/experiments/wsc_experiments/logs/883523_8/883523_8_submitted.pkl
Starting label LEVI, seed 18, iteration 0, time: 0.0004551410675048828
Starting label LEVI, seed 18, iteration 10, time: 4.926113843917847
Starting label LEVI, seed 18, iteration 20, time: 9.887683391571045
Starting label LEVI, seed 18, iteration 30, time: 15.038270950317383
Starting label LEVI, seed 18, iteration 40, time: 20.231731414794922
Starting label LEVI, seed 18, iteration 50, time: 25.60213875770569
Starting label LEVI, seed 18, iteration 60, time: 30.8202862739563
Starting label LEVI, seed 18, iteration 70, time: 36.28233551979065
Starting label LEVI, seed 18, iteration 80, time: 41.566848039627075
Starting label LEVI, seed 18, iteration 90, time: 46.84252953529358
Starting label LEVI, seed 18, iteration 100, time: 52.355916261672974
Starting label LEVI, seed 18, iteration 110, time: 57.91296720504761
Starting label LEVI, seed 18, iteration 120, time: 63.21216654777527
Starting label LEVI, seed 18, iteration 130, time: 68.50461292266846
Starting label LEVI, seed 18, iteration 140, time: 73.74197936058044
Starting label LEVI, seed 18, iteration 150, time: 78.87231993675232
Starting label LEVI, seed 18, iteration 160, time: 83.94112658500671
Starting label LEVI, seed 18, iteration 170, time: 89.32069230079651
Starting label LEVI, seed 18, iteration 180, time: 94.9316177368164
Starting label LEVI, seed 18, iteration 190, time: 100.55814671516418
Starting label LEVI, seed 18, iteration 200, time: 106.29283666610718
Starting label LEVI, seed 18, iteration 210, time: 112.09124517440796
Starting label LEVI, seed 18, iteration 220, time: 117.76977300643921
Starting label LEVI, seed 18, iteration 230, time: 123.82710337638855
Starting label LEVI, seed 18, iteration 240, time: 129.726243019104
Starting label LEVI, seed 18, iteration 250, time: 135.71176958084106
Starting label LEVI, seed 18, iteration 260, time: 141.84082412719727
Starting label LEVI, seed 18, iteration 270, time: 148.02016425132751
Starting label LEVI, seed 18, iteration 280, time: 154.16661953926086
Starting label LEVI, seed 18, iteration 290, time: 160.10627007484436
Starting label LEVI, seed 18, iteration 300, time: 166.50964903831482
Starting label LEVI, seed 18, iteration 310, time: 172.82814002037048
Starting label LEVI, seed 18, iteration 320, time: 179.06003284454346
Starting label LEVI, seed 18, iteration 330, time: 185.44193172454834
Starting label LEVI, seed 18, iteration 340, time: 191.66108536720276
Starting label LEVI, seed 18, iteration 350, time: 197.87967467308044
Starting label LEVI, seed 18, iteration 360, time: 204.09142875671387
Starting label LEVI, seed 18, iteration 370, time: 210.17219185829163
Starting label LEVI, seed 18, iteration 380, time: 216.09146356582642
Starting label LEVI, seed 18, iteration 390, time: 222.12539744377136
Starting label LEVI, seed 18, iteration 400, time: 227.8562309741974
Starting label LEVI, seed 18, iteration 410, time: 233.67710781097412
Starting label LEVI, seed 18, iteration 420, time: 239.45052337646484
Starting label LEVI, seed 18, iteration 430, time: 245.607563495636
Starting label LEVI, seed 18, iteration 440, time: 251.73486828804016
Starting label LEVI, seed 18, iteration 450, time: 257.7098808288574
Starting label LEVI, seed 18, iteration 460, time: 263.7917971611023
Starting label LEVI, seed 18, iteration 470, time: 269.721693277359
Starting label LEVI, seed 18, iteration 480, time: 275.75661444664
Starting label LEVI, seed 18, iteration 490, time: 281.8705589771271
Starting label LEVI, seed 18, iteration 500, time: 287.907354593277
Starting label LEVI, seed 18, iteration 510, time: 293.9783992767334
Starting label LEVI, seed 18, iteration 520, time: 300.08364510536194
Starting label LEVI, seed 18, iteration 530, time: 306.165714263916
Starting label LEVI, seed 18, iteration 540, time: 312.48034167289734
submitit WARNING (2022-10-02 01:55:12,456) - Bypassing signal SIGCONT
submitit WARNING (2022-10-02 01:55:12,461) - Bypassing signal SIGTERM
Starting label LEVI, seed 18, iteration 550, time: 318.7206931114197
Starting label LEVI, seed 18, iteration 560, time: 324.8677351474762
Starting label LEVI, seed 18, iteration 570, time: 331.35475492477417
Starting label LEVI, seed 18, iteration 580, time: 337.68509244918823
