submitit INFO (2022-10-02 02:25:37,509) - Starting with JobEnvironment(job_id=883734_2, hostname=badfellow.cs.cornell.edu, local_rank=0(1), node=0(1), global_rank=0(1))
submitit INFO (2022-10-02 02:25:37,509) - Loading pickle: /home/gid-cakmaks/contextual_rs/experiments/wsc_experiments/logs/883734_2/883734_2_submitted.pkl
Appending iterations to existing output!Warning: If parameters other than `iterations` have been changed, this will corrupt the output!
Starting label LEVI, seed 82, iteration 310, time: 92.69383788108826
Starting label LEVI, seed 82, iteration 320, time: 98.7885468006134
Starting label LEVI, seed 82, iteration 330, time: 100.55530714988708
Starting label LEVI, seed 82, iteration 340, time: 102.25094223022461
Starting label LEVI, seed 82, iteration 350, time: 103.95883321762085
Starting label LEVI, seed 82, iteration 360, time: 105.67371845245361
Starting label LEVI, seed 82, iteration 370, time: 107.51861667633057
Starting label LEVI, seed 82, iteration 380, time: 109.3338942527771
Starting label LEVI, seed 82, iteration 390, time: 111.09204530715942
Starting label LEVI, seed 82, iteration 400, time: 112.80704522132874
Starting label LEVI, seed 82, iteration 410, time: 114.71277689933777
Starting label LEVI, seed 82, iteration 420, time: 116.50823283195496
Starting label LEVI, seed 82, iteration 430, time: 118.31891560554504
Starting label LEVI, seed 82, iteration 440, time: 120.7137668132782
Starting label LEVI, seed 82, iteration 450, time: 123.04378414154053
Starting label LEVI, seed 82, iteration 460, time: 124.90643215179443
Starting label LEVI, seed 82, iteration 470, time: 126.7118752002716
Starting label LEVI, seed 82, iteration 480, time: 128.59254264831543
Starting label LEVI, seed 82, iteration 490, time: 130.38698172569275
Starting label LEVI, seed 82, iteration 500, time: 132.29366850852966
Starting label LEVI, seed 82, iteration 510, time: 134.1389033794403
Starting label LEVI, seed 82, iteration 520, time: 136.09559106826782
Starting label LEVI, seed 82, iteration 530, time: 138.22234511375427
Starting label LEVI, seed 82, iteration 540, time: 140.2891354560852
Starting label LEVI, seed 82, iteration 550, time: 142.2225103378296
Starting label LEVI, seed 82, iteration 560, time: 144.26568865776062
Starting label LEVI, seed 82, iteration 570, time: 146.35935425758362
Starting label LEVI, seed 82, iteration 580, time: 148.52664709091187
Starting label LEVI, seed 82, iteration 590, time: 150.54385089874268
Starting label LEVI, seed 82, iteration 600, time: 152.93125891685486
Starting label LEVI, seed 82, iteration 610, time: 155.30215191841125
Starting label LEVI, seed 82, iteration 620, time: 157.50294280052185
Starting label LEVI, seed 82, iteration 630, time: 159.7796483039856
Starting label LEVI, seed 82, iteration 640, time: 162.007985830307
Starting label LEVI, seed 82, iteration 650, time: 164.3689124584198
Starting label LEVI, seed 82, iteration 660, time: 166.8238492012024
Starting label LEVI, seed 82, iteration 670, time: 169.07913970947266
Starting label LEVI, seed 82, iteration 680, time: 171.50517058372498
Starting label LEVI, seed 82, iteration 690, time: 173.9812729358673
Starting label LEVI, seed 82, iteration 700, time: 176.40664863586426
Starting label LEVI, seed 82, iteration 710, time: 179.04116034507751
Starting label LEVI, seed 82, iteration 720, time: 181.4493408203125
Starting label LEVI, seed 82, iteration 730, time: 183.99655961990356
Starting label LEVI, seed 82, iteration 740, time: 186.6454894542694
Starting label LEVI, seed 82, iteration 750, time: 189.41391849517822
Starting label LEVI, seed 82, iteration 760, time: 191.99478554725647
Starting label LEVI, seed 82, iteration 770, time: 194.83668398857117
Starting label LEVI, seed 82, iteration 780, time: 197.50158667564392
Starting label LEVI, seed 82, iteration 790, time: 200.25348782539368
Starting label LEVI, seed 82, iteration 800, time: 203.0274302959442
Starting label LEVI, seed 82, iteration 810, time: 205.8080518245697
Starting label LEVI, seed 82, iteration 820, time: 208.78397464752197
Starting label LEVI, seed 82, iteration 830, time: 211.2529170513153
Starting label LEVI, seed 82, iteration 840, time: 214.17873978614807
Starting label LEVI, seed 82, iteration 850, time: 217.07386112213135
Starting label LEVI, seed 82, iteration 860, time: 220.07478713989258
Starting label LEVI, seed 82, iteration 870, time: 223.11285376548767
Starting label LEVI, seed 82, iteration 880, time: 225.77092266082764
Starting label LEVI, seed 82, iteration 890, time: 228.68994235992432
Starting label LEVI, seed 82, iteration 900, time: 231.91118788719177
Starting label LEVI, seed 82, iteration 910, time: 234.99415516853333
Starting label LEVI, seed 82, iteration 920, time: 238.27282905578613
Starting label LEVI, seed 82, iteration 930, time: 241.5555980205536
Starting label LEVI, seed 82, iteration 940, time: 245.27063655853271
Starting label LEVI, seed 82, iteration 950, time: 248.57586526870728
Starting label LEVI, seed 82, iteration 960, time: 252.06253743171692
Starting label LEVI, seed 82, iteration 970, time: 255.5792591571808
Starting label LEVI, seed 82, iteration 980, time: 259.1001925468445
Starting label LEVI, seed 82, iteration 990, time: 262.5491511821747
Starting label LEVI, seed 82, iteration 1000, time: 266.1203463077545
Starting label LEVI, seed 82, iteration 1010, time: 269.8239846229553
Starting label LEVI, seed 82, iteration 1020, time: 273.6155469417572
Starting label LEVI, seed 82, iteration 1030, time: 277.72216176986694
Starting label LEVI, seed 82, iteration 1040, time: 281.4575181007385
Starting label LEVI, seed 82, iteration 1050, time: 284.93785548210144
Starting label LEVI, seed 82, iteration 1060, time: 287.8911395072937
Starting label LEVI, seed 82, iteration 1070, time: 291.35307478904724
Starting label LEVI, seed 82, iteration 1080, time: 294.73542737960815
Starting label LEVI, seed 82, iteration 1090, time: 298.0775372982025
Starting label LEVI, seed 82, iteration 1100, time: 301.5087389945984
Starting label LEVI, seed 82, iteration 1110, time: 305.053102016449
Starting label LEVI, seed 82, iteration 1120, time: 308.65378618240356
Starting label LEVI, seed 82, iteration 1130, time: 312.2333891391754
Starting label LEVI, seed 82, iteration 1140, time: 315.6086277961731
Starting label LEVI, seed 82, iteration 1150, time: 318.430362701416
Starting label LEVI, seed 82, iteration 1160, time: 321.83662009239197
Starting label LEVI, seed 82, iteration 1170, time: 325.6422121524811
Starting label LEVI, seed 82, iteration 1180, time: 329.420716047287
Starting label LEVI, seed 82, iteration 1190, time: 333.07372093200684
Starting label LEVI, seed 82, iteration 1200, time: 336.37626552581787
Starting label LEVI, seed 82, iteration 1210, time: 340.2965741157532
Starting label LEVI, seed 82, iteration 1220, time: 344.4202778339386
Starting label LEVI, seed 82, iteration 1230, time: 348.65926861763
Starting label LEVI, seed 82, iteration 1240, time: 352.32922196388245
Starting label LEVI, seed 82, iteration 1250, time: 355.810462474823
Starting label LEVI, seed 82, iteration 1260, time: 359.83297657966614
Starting label LEVI, seed 82, iteration 1270, time: 364.09246587753296
Starting label LEVI, seed 82, iteration 1280, time: 368.8601529598236
Starting label LEVI, seed 82, iteration 1290, time: 372.6644995212555
Starting label LEVI, seed 82, iteration 1300, time: 377.3225953578949
Starting label LEVI, seed 82, iteration 1310, time: 381.84424901008606
Starting label LEVI, seed 82, iteration 1320, time: 386.6908028125763
Starting label LEVI, seed 82, iteration 1330, time: 391.3632688522339
Starting label LEVI, seed 82, iteration 1340, time: 395.68553829193115
Starting label LEVI, seed 82, iteration 1350, time: 400.1156806945801
Starting label LEVI, seed 82, iteration 1360, time: 404.47294330596924
Starting label LEVI, seed 82, iteration 1370, time: 409.0838508605957
Starting label LEVI, seed 82, iteration 1380, time: 414.6752219200134
Starting label LEVI, seed 82, iteration 1390, time: 420.01551699638367
Starting label LEVI, seed 82, iteration 1400, time: 424.4621183872223
Starting label LEVI, seed 82, iteration 1410, time: 429.3840403556824
Starting label LEVI, seed 82, iteration 1420, time: 433.69897198677063
Starting label LEVI, seed 82, iteration 1430, time: 438.63517904281616
Starting label LEVI, seed 82, iteration 1440, time: 444.08927631378174
Starting label LEVI, seed 82, iteration 1450, time: 450.4441692829132
Starting label LEVI, seed 82, iteration 1460, time: 456.82880187034607
Starting label LEVI, seed 82, iteration 1470, time: 463.174382686615
Starting label LEVI, seed 82, iteration 1480, time: 469.58279371261597
Starting label LEVI, seed 82, iteration 1490, time: 475.9659161567688
Starting label LEVI, seed 82, iteration 1500, time: 482.38593769073486
Starting label LEVI, seed 82, iteration 1510, time: 488.87777972221375
Starting label LEVI, seed 82, iteration 1520, time: 495.28860425949097
Starting label LEVI, seed 82, iteration 1530, time: 500.98016357421875
Starting label LEVI, seed 82, iteration 1540, time: 506.8004205226898
Starting label LEVI, seed 82, iteration 1550, time: 512.616512298584
Starting label LEVI, seed 82, iteration 1560, time: 518.3955862522125
Starting label LEVI, seed 82, iteration 1570, time: 524.9453434944153
Starting label LEVI, seed 82, iteration 1580, time: 529.9632976055145
Starting label LEVI, seed 82, iteration 1590, time: 536.107649564743
Starting label LEVI, seed 82, iteration 1600, time: 542.7681608200073
Starting label LEVI, seed 82, iteration 1610, time: 548.2645964622498
Starting label LEVI, seed 82, iteration 1620, time: 553.2060079574585
Starting label LEVI, seed 82, iteration 1630, time: 558.1277310848236
Starting label LEVI, seed 82, iteration 1640, time: 564.5471425056458
Starting label LEVI, seed 82, iteration 1650, time: 569.6631791591644
Starting label LEVI, seed 82, iteration 1660, time: 574.9090127944946
Starting label LEVI, seed 82, iteration 1670, time: 581.3288269042969
Starting label LEVI, seed 82, iteration 1680, time: 586.5583012104034
Starting label LEVI, seed 82, iteration 1690, time: 593.1826124191284
Starting label LEVI, seed 82, iteration 1700, time: 600.0908257961273
Starting label LEVI, seed 82, iteration 1710, time: 607.4433555603027
Starting label LEVI, seed 82, iteration 1720, time: 614.9744012355804
Starting label LEVI, seed 82, iteration 1730, time: 622.3295876979828
Starting label LEVI, seed 82, iteration 1740, time: 628.4878461360931
Starting label LEVI, seed 82, iteration 1750, time: 636.3405668735504
Starting label LEVI, seed 82, iteration 1760, time: 644.2052550315857
Starting label LEVI, seed 82, iteration 1770, time: 653.0108070373535
Starting label LEVI, seed 82, iteration 1780, time: 661.3474051952362
Starting label LEVI, seed 82, iteration 1790, time: 667.9636285305023
Starting label LEVI, seed 82, iteration 1800, time: 673.9655530452728
Starting label LEVI, seed 82, iteration 1810, time: 682.060385465622
Starting label LEVI, seed 82, iteration 1820, time: 688.5435712337494
Starting label LEVI, seed 82, iteration 1830, time: 696.5578882694244
Starting label LEVI, seed 82, iteration 1840, time: 705.0646090507507
Starting label LEVI, seed 82, iteration 1850, time: 712.1115159988403
Starting label LEVI, seed 82, iteration 1860, time: 720.5041327476501
Starting label LEVI, seed 82, iteration 1870, time: 729.7071766853333
Starting label LEVI, seed 82, iteration 1880, time: 739.0800127983093
Starting label LEVI, seed 82, iteration 1890, time: 748.5467412471771
Starting label LEVI, seed 82, iteration 1900, time: 758.2078881263733
Starting label LEVI, seed 82, iteration 1910, time: 768.0419952869415
Starting label LEVI, seed 82, iteration 1920, time: 776.1417379379272
Starting label LEVI, seed 82, iteration 1930, time: 784.5556192398071
Starting label LEVI, seed 82, iteration 1940, time: 795.2630088329315
Starting label LEVI, seed 82, iteration 1950, time: 805.5261871814728
Starting label LEVI, seed 82, iteration 1960, time: 814.1086599826813
Starting label LEVI, seed 82, iteration 1970, time: 824.67467045784
Starting label LEVI, seed 82, iteration 1980, time: 836.4120860099792
Starting label LEVI, seed 82, iteration 1990, time: 847.2184665203094
submitit INFO (2022-10-02 02:38:24,644) - Job completed successfully
