submitit INFO (2022-10-02 01:23:09,516) - Starting with JobEnvironment(job_id=883419_1, hostname=sablab-gpu-07.ece.cornell.edu, local_rank=0(1), node=0(1), global_rank=0(1))
submitit INFO (2022-10-02 01:23:09,516) - Loading pickle: /home/gid-cakmaks/contextual_rs/experiments/wsc_experiments/logs/883419_1/883419_1_submitted.pkl
Starting label LEVI, seed 1, iteration 0, time: 0.031792640686035156
Starting label LEVI, seed 1, iteration 10, time: 90.03210783004761
Starting label LEVI, seed 1, iteration 20, time: 179.2374348640442
Starting label LEVI, seed 1, iteration 30, time: 262.76844334602356
Starting label LEVI, seed 1, iteration 40, time: 339.1266140937805
Starting label LEVI, seed 1, iteration 50, time: 371.7393651008606
Starting label LEVI, seed 1, iteration 60, time: 375.1181411743164
Starting label LEVI, seed 1, iteration 70, time: 378.819908618927
Starting label LEVI, seed 1, iteration 80, time: 382.47008538246155
Starting label LEVI, seed 1, iteration 90, time: 385.9654664993286
Starting label LEVI, seed 1, iteration 100, time: 389.78616523742676
Starting label LEVI, seed 1, iteration 110, time: 393.70224165916443
Starting label LEVI, seed 1, iteration 120, time: 397.6527543067932
Starting label LEVI, seed 1, iteration 130, time: 401.49018716812134
Starting label LEVI, seed 1, iteration 140, time: 405.36490082740784
Starting label LEVI, seed 1, iteration 150, time: 409.446754693985
Starting label LEVI, seed 1, iteration 160, time: 425.42663407325745
Starting label LEVI, seed 1, iteration 170, time: 512.9302911758423
Starting label LEVI, seed 1, iteration 180, time: 517.1003577709198
Starting label LEVI, seed 1, iteration 190, time: 521.2669608592987
Starting label LEVI, seed 1, iteration 200, time: 525.6562638282776
Starting label LEVI, seed 1, iteration 210, time: 530.0442731380463
Starting label LEVI, seed 1, iteration 220, time: 534.4509515762329
Starting label LEVI, seed 1, iteration 230, time: 538.8553171157837
Starting label LEVI, seed 1, iteration 240, time: 543.1397714614868
Starting label LEVI, seed 1, iteration 250, time: 547.3867025375366
Starting label LEVI, seed 1, iteration 260, time: 551.6237816810608
Starting label LEVI, seed 1, iteration 270, time: 556.1434810161591
Starting label LEVI, seed 1, iteration 280, time: 560.6818330287933
Starting label LEVI, seed 1, iteration 290, time: 565.1402711868286
Starting label LEVI, seed 1, iteration 300, time: 569.620444059372
Starting label LEVI, seed 1, iteration 310, time: 574.07754778862
Starting label LEVI, seed 1, iteration 320, time: 578.6572325229645
Starting label LEVI, seed 1, iteration 330, time: 583.349538564682
Starting label LEVI, seed 1, iteration 340, time: 587.9325168132782
Starting label LEVI, seed 1, iteration 350, time: 592.6006727218628
Starting label LEVI, seed 1, iteration 360, time: 597.2353203296661
Starting label LEVI, seed 1, iteration 370, time: 601.9222679138184
Starting label LEVI, seed 1, iteration 380, time: 664.3570327758789
Starting label LEVI, seed 1, iteration 390, time: 769.0139615535736
Starting label LEVI, seed 1, iteration 400, time: 879.7086627483368
Starting label LEVI, seed 1, iteration 410, time: 884.2555174827576
Starting label LEVI, seed 1, iteration 420, time: 888.830010175705
Starting label LEVI, seed 1, iteration 430, time: 893.4418423175812
Starting label LEVI, seed 1, iteration 440, time: 897.9472920894623
Starting label LEVI, seed 1, iteration 450, time: 902.5068533420563
Starting label LEVI, seed 1, iteration 460, time: 907.2366292476654
Starting label LEVI, seed 1, iteration 470, time: 911.9033164978027
Starting label LEVI, seed 1, iteration 480, time: 916.5697634220123
Starting label LEVI, seed 1, iteration 490, time: 921.3870139122009
Starting label LEVI, seed 1, iteration 500, time: 926.0977346897125
Starting label LEVI, seed 1, iteration 510, time: 930.6922347545624
Starting label LEVI, seed 1, iteration 520, time: 935.2569644451141
Starting label LEVI, seed 1, iteration 530, time: 939.8208065032959
Starting label LEVI, seed 1, iteration 540, time: 944.3795545101166
Starting label LEVI, seed 1, iteration 550, time: 948.9833323955536
Starting label LEVI, seed 1, iteration 560, time: 953.5567455291748
Starting label LEVI, seed 1, iteration 570, time: 957.9690144062042
Starting label LEVI, seed 1, iteration 580, time: 962.4873285293579
Starting label LEVI, seed 1, iteration 590, time: 967.4254755973816
Starting label LEVI, seed 1, iteration 600, time: 972.0871467590332
Starting label LEVI, seed 1, iteration 610, time: 977.0920031070709
Starting label LEVI, seed 1, iteration 620, time: 981.932427406311
Starting label LEVI, seed 1, iteration 630, time: 986.8580272197723
Starting label LEVI, seed 1, iteration 640, time: 991.6762616634369
Starting label LEVI, seed 1, iteration 650, time: 996.4703326225281
Starting label LEVI, seed 1, iteration 660, time: 1001.3986315727234
Starting label LEVI, seed 1, iteration 670, time: 1006.2495565414429
Starting label LEVI, seed 1, iteration 680, time: 1011.0134530067444
Starting label LEVI, seed 1, iteration 690, time: 1015.9905350208282
Starting label LEVI, seed 1, iteration 700, time: 1021.0068910121918
Starting label LEVI, seed 1, iteration 710, time: 1026.0414671897888
Starting label LEVI, seed 1, iteration 720, time: 1031.2297911643982
Starting label LEVI, seed 1, iteration 730, time: 1036.4399983882904
Starting label LEVI, seed 1, iteration 740, time: 1041.6998167037964
Starting label LEVI, seed 1, iteration 750, time: 1046.8774819374084
Starting label LEVI, seed 1, iteration 760, time: 1052.2030901908875
Starting label LEVI, seed 1, iteration 770, time: 1057.489248752594
Starting label LEVI, seed 1, iteration 780, time: 1062.6620290279388
Starting label LEVI, seed 1, iteration 790, time: 1068.1023519039154
Starting label LEVI, seed 1, iteration 800, time: 1073.4853975772858
Starting label LEVI, seed 1, iteration 810, time: 1078.9246053695679
Starting label LEVI, seed 1, iteration 820, time: 1084.164584159851
Starting label LEVI, seed 1, iteration 830, time: 1089.3422973155975
Starting label LEVI, seed 1, iteration 840, time: 1094.720409154892
Starting label LEVI, seed 1, iteration 850, time: 1100.0124542713165
Starting label LEVI, seed 1, iteration 860, time: 1104.9998424053192
Starting label LEVI, seed 1, iteration 870, time: 1109.9567561149597
Starting label LEVI, seed 1, iteration 880, time: 1114.8565876483917
Starting label LEVI, seed 1, iteration 890, time: 1120.378863811493
Starting label LEVI, seed 1, iteration 900, time: 1125.8509092330933
Starting label LEVI, seed 1, iteration 910, time: 1131.4157831668854
Starting label LEVI, seed 1, iteration 920, time: 1137.1240985393524
Starting label LEVI, seed 1, iteration 930, time: 1142.6563439369202
Starting label LEVI, seed 1, iteration 940, time: 1148.1277329921722
Starting label LEVI, seed 1, iteration 950, time: 1153.66357588768
Starting label LEVI, seed 1, iteration 960, time: 1159.2822923660278
Starting label LEVI, seed 1, iteration 970, time: 1165.0437071323395
Starting label LEVI, seed 1, iteration 980, time: 1238.4504127502441
Starting label LEVI, seed 1, iteration 990, time: 1427.9336972236633
Starting label LEVI, seed 1, iteration 1000, time: 1522.704253911972
submitit WARNING (2022-10-02 01:49:22,554) - Bypassing signal SIGTERM
submitit WARNING (2022-10-02 01:49:22,555) - Bypassing signal SIGCONT
