submitit INFO (2022-10-02 00:29:22,677) - Starting with JobEnvironment(job_id=883232_3, hostname=nikola-compute-03.cs.cornell.edu, local_rank=0(1), node=0(1), global_rank=0(1))
submitit INFO (2022-10-02 00:29:22,677) - Loading pickle: /home/gid-cakmaks/contextual_rs/experiments/wsc_experiments/logs/883232_3/883232_3_submitted.pkl
Starting label LEVI, seed 3, iteration 0, time: 0.008301973342895508
Starting label LEVI, seed 3, iteration 10, time: 3.342205286026001
Starting label LEVI, seed 3, iteration 20, time: 6.750044584274292
Starting label LEVI, seed 3, iteration 30, time: 10.144144535064697
Starting label LEVI, seed 3, iteration 40, time: 13.530542850494385
Starting label LEVI, seed 3, iteration 50, time: 16.74716830253601
Starting label LEVI, seed 3, iteration 60, time: 19.792266607284546
Starting label LEVI, seed 3, iteration 70, time: 22.730324268341064
Starting label LEVI, seed 3, iteration 80, time: 25.69632315635681
Starting label LEVI, seed 3, iteration 90, time: 30.15092945098877
Starting label LEVI, seed 3, iteration 100, time: 34.63134288787842
Starting label LEVI, seed 3, iteration 110, time: 38.88284254074097
Starting label LEVI, seed 3, iteration 120, time: 44.72662591934204
Starting label LEVI, seed 3, iteration 130, time: 50.734554290771484
Starting label LEVI, seed 3, iteration 140, time: 56.30424523353577
Starting label LEVI, seed 3, iteration 150, time: 61.98258972167969
Starting label LEVI, seed 3, iteration 160, time: 66.67470502853394
Starting label LEVI, seed 3, iteration 170, time: 72.7418122291565
Starting label LEVI, seed 3, iteration 180, time: 78.33032822608948
Starting label LEVI, seed 3, iteration 190, time: 83.31051588058472
Starting label LEVI, seed 3, iteration 200, time: 89.06886029243469
Starting label LEVI, seed 3, iteration 210, time: 92.65278434753418
Starting label LEVI, seed 3, iteration 220, time: 96.03519320487976
Starting label LEVI, seed 3, iteration 230, time: 100.65863490104675
Starting label LEVI, seed 3, iteration 240, time: 104.91753697395325
Starting label LEVI, seed 3, iteration 250, time: 109.23077654838562
Starting label LEVI, seed 3, iteration 260, time: 113.39792060852051
Starting label LEVI, seed 3, iteration 270, time: 118.24543786048889
Starting label LEVI, seed 3, iteration 280, time: 122.22842955589294
Starting label LEVI, seed 3, iteration 290, time: 126.35483837127686
Starting label LEVI, seed 3, iteration 300, time: 130.1750431060791
Starting label LEVI, seed 3, iteration 310, time: 133.6055896282196
Starting label LEVI, seed 3, iteration 320, time: 138.07886457443237
Starting label LEVI, seed 3, iteration 330, time: 142.74249053001404
Starting label LEVI, seed 3, iteration 340, time: 145.87510704994202
Starting label LEVI, seed 3, iteration 350, time: 149.1198854446411
Starting label LEVI, seed 3, iteration 360, time: 152.29884934425354
Starting label LEVI, seed 3, iteration 370, time: 155.58740639686584
Starting label LEVI, seed 3, iteration 380, time: 158.94389939308167
Starting label LEVI, seed 3, iteration 390, time: 163.5500771999359
Starting label LEVI, seed 3, iteration 400, time: 169.192542552948
Starting label LEVI, seed 3, iteration 410, time: 175.11577367782593
Starting label LEVI, seed 3, iteration 420, time: 179.64730429649353
Starting label LEVI, seed 3, iteration 430, time: 185.87846636772156
Starting label LEVI, seed 3, iteration 440, time: 191.33634400367737
Starting label LEVI, seed 3, iteration 450, time: 196.8750879764557
Starting label LEVI, seed 3, iteration 460, time: 202.25923347473145
Starting label LEVI, seed 3, iteration 470, time: 207.71184372901917
Starting label LEVI, seed 3, iteration 480, time: 213.3649501800537
Starting label LEVI, seed 3, iteration 490, time: 218.35308814048767
Starting label LEVI, seed 3, iteration 500, time: 224.0547332763672
Starting label LEVI, seed 3, iteration 510, time: 229.1747317314148
Starting label LEVI, seed 3, iteration 520, time: 234.3621575832367
Starting label LEVI, seed 3, iteration 530, time: 240.04674553871155
Starting label LEVI, seed 3, iteration 540, time: 245.0811047554016
Starting label LEVI, seed 3, iteration 550, time: 250.81352519989014
Starting label LEVI, seed 3, iteration 560, time: 257.19415831565857
Starting label LEVI, seed 3, iteration 570, time: 263.2772054672241
Starting label LEVI, seed 3, iteration 580, time: 268.7591428756714
Starting label LEVI, seed 3, iteration 590, time: 274.04608941078186
Starting label LEVI, seed 3, iteration 600, time: 280.286639213562
Starting label LEVI, seed 3, iteration 610, time: 287.284903049469
Starting label LEVI, seed 3, iteration 620, time: 292.9881069660187
Starting label LEVI, seed 3, iteration 630, time: 298.20328521728516
Starting label LEVI, seed 3, iteration 640, time: 304.48898553848267
Starting label LEVI, seed 3, iteration 650, time: 311.87994933128357
Starting label LEVI, seed 3, iteration 660, time: 318.1230149269104
Starting label LEVI, seed 3, iteration 670, time: 325.5118086338043
Starting label LEVI, seed 3, iteration 680, time: 332.0728316307068
Starting label LEVI, seed 3, iteration 690, time: 339.62952995300293
Starting label LEVI, seed 3, iteration 700, time: 346.09241700172424
Starting label LEVI, seed 3, iteration 710, time: 352.9936730861664
Starting label LEVI, seed 3, iteration 720, time: 360.1779978275299
Starting label LEVI, seed 3, iteration 730, time: 366.1749336719513
Starting label LEVI, seed 3, iteration 740, time: 372.8291115760803
Starting label LEVI, seed 3, iteration 750, time: 379.79751205444336
Starting label LEVI, seed 3, iteration 760, time: 385.8862178325653
Starting label LEVI, seed 3, iteration 770, time: 393.2315809726715
Starting label LEVI, seed 3, iteration 780, time: 400.7571303844452
Starting label LEVI, seed 3, iteration 790, time: 407.3911483287811
Starting label LEVI, seed 3, iteration 800, time: 413.54314732551575
Starting label LEVI, seed 3, iteration 810, time: 419.0602216720581
Starting label LEVI, seed 3, iteration 820, time: 426.46072793006897
Starting label LEVI, seed 3, iteration 830, time: 433.27077412605286
Starting label LEVI, seed 3, iteration 840, time: 438.96555376052856
Starting label LEVI, seed 3, iteration 850, time: 444.9180688858032
Starting label LEVI, seed 3, iteration 860, time: 451.6860246658325
Starting label LEVI, seed 3, iteration 870, time: 458.8004939556122
Starting label LEVI, seed 3, iteration 880, time: 464.72684717178345
Starting label LEVI, seed 3, iteration 890, time: 470.43297266960144
Starting label LEVI, seed 3, iteration 900, time: 476.89226269721985
Starting label LEVI, seed 3, iteration 910, time: 483.9131462574005
Starting label LEVI, seed 3, iteration 920, time: 489.9974374771118
Starting label LEVI, seed 3, iteration 930, time: 496.0208592414856
Starting label LEVI, seed 3, iteration 940, time: 501.9197452068329
Starting label LEVI, seed 3, iteration 950, time: 508.62439799308777
Starting label LEVI, seed 3, iteration 960, time: 516.2218677997589
Starting label LEVI, seed 3, iteration 970, time: 523.3978872299194
Starting label LEVI, seed 3, iteration 980, time: 530.0754117965698
Starting label LEVI, seed 3, iteration 990, time: 539.0539307594299
Starting label LEVI, seed 3, iteration 1000, time: 545.8394565582275
Starting label LEVI, seed 3, iteration 1010, time: 553.3741717338562
Starting label LEVI, seed 3, iteration 1020, time: 560.0196027755737
Starting label LEVI, seed 3, iteration 1030, time: 568.3505909442902
Starting label LEVI, seed 3, iteration 1040, time: 575.7035398483276
Starting label LEVI, seed 3, iteration 1050, time: 583.8450808525085
Starting label LEVI, seed 3, iteration 1060, time: 591.9351856708527
Starting label LEVI, seed 3, iteration 1070, time: 598.6753373146057
Starting label LEVI, seed 3, iteration 1080, time: 606.3830618858337
Starting label LEVI, seed 3, iteration 1090, time: 612.4726936817169
Starting label LEVI, seed 3, iteration 1100, time: 619.9076788425446
Starting label LEVI, seed 3, iteration 1110, time: 628.0368752479553
Starting label LEVI, seed 3, iteration 1120, time: 634.7499732971191
Starting label LEVI, seed 3, iteration 1130, time: 642.4951219558716
Starting label LEVI, seed 3, iteration 1140, time: 649.0570685863495
Starting label LEVI, seed 3, iteration 1150, time: 657.3952658176422
Starting label LEVI, seed 3, iteration 1160, time: 664.4477941989899
Starting label LEVI, seed 3, iteration 1170, time: 671.0868420600891
Starting label LEVI, seed 3, iteration 1180, time: 678.7062077522278
Starting label LEVI, seed 3, iteration 1190, time: 686.2613780498505
Starting label LEVI, seed 3, iteration 1200, time: 693.5216450691223
Starting label LEVI, seed 3, iteration 1210, time: 701.4785301685333
Starting label LEVI, seed 3, iteration 1220, time: 711.36545753479
Starting label LEVI, seed 3, iteration 1230, time: 722.3641510009766
Starting label LEVI, seed 3, iteration 1240, time: 733.4352331161499
Starting label LEVI, seed 3, iteration 1250, time: 742.8550486564636
Starting label LEVI, seed 3, iteration 1260, time: 753.6159009933472
Starting label LEVI, seed 3, iteration 1270, time: 761.1975860595703
Starting label LEVI, seed 3, iteration 1280, time: 768.6918783187866
Starting label LEVI, seed 3, iteration 1290, time: 780.0955057144165
Starting label LEVI, seed 3, iteration 1300, time: 789.1212611198425
Starting label LEVI, seed 3, iteration 1310, time: 799.6576516628265
Starting label LEVI, seed 3, iteration 1320, time: 810.1969714164734
Starting label LEVI, seed 3, iteration 1330, time: 822.5665416717529
Starting label LEVI, seed 3, iteration 1340, time: 832.8967797756195
Starting label LEVI, seed 3, iteration 1350, time: 843.3442416191101
Starting label LEVI, seed 3, iteration 1360, time: 852.9274370670319
Starting label LEVI, seed 3, iteration 1370, time: 861.6863951683044
Starting label LEVI, seed 3, iteration 1380, time: 873.2438416481018
Starting label LEVI, seed 3, iteration 1390, time: 883.9921221733093
Starting label LEVI, seed 3, iteration 1400, time: 897.3300521373749
Starting label LEVI, seed 3, iteration 1410, time: 908.0742220878601
Starting label LEVI, seed 3, iteration 1420, time: 922.8454327583313
Starting label LEVI, seed 3, iteration 1430, time: 936.3865065574646
Starting label LEVI, seed 3, iteration 1440, time: 948.4241211414337
Starting label LEVI, seed 3, iteration 1450, time: 963.9821939468384
Starting label LEVI, seed 3, iteration 1460, time: 976.7261941432953
Starting label LEVI, seed 3, iteration 1470, time: 988.6328482627869
Starting label LEVI, seed 3, iteration 1480, time: 999.1360955238342
Starting label LEVI, seed 3, iteration 1490, time: 1009.0103626251221
Starting label LEVI, seed 3, iteration 1500, time: 1021.5676600933075
Starting label LEVI, seed 3, iteration 1510, time: 1039.1255342960358
Starting label LEVI, seed 3, iteration 1520, time: 1053.517094373703
Starting label LEVI, seed 3, iteration 1530, time: 1068.110060453415
Starting label LEVI, seed 3, iteration 1540, time: 1082.5176794528961
Starting label LEVI, seed 3, iteration 1550, time: 1097.7719774246216
Starting label LEVI, seed 3, iteration 1560, time: 1116.1019990444183
Starting label LEVI, seed 3, iteration 1570, time: 1132.5552787780762
Starting label LEVI, seed 3, iteration 1580, time: 1148.3816559314728
Starting label LEVI, seed 3, iteration 1590, time: 1163.4095821380615
Starting label LEVI, seed 3, iteration 1600, time: 1179.053679227829
Starting label LEVI, seed 3, iteration 1610, time: 1194.4184503555298
Starting label LEVI, seed 3, iteration 1620, time: 1207.5657374858856
Starting label LEVI, seed 3, iteration 1630, time: 1221.5710530281067
Starting label LEVI, seed 3, iteration 1640, time: 1235.885948896408
Starting label LEVI, seed 3, iteration 1650, time: 1249.0876760482788
Starting label LEVI, seed 3, iteration 1660, time: 1262.3239934444427
Starting label LEVI, seed 3, iteration 1670, time: 1278.223495721817
Starting label LEVI, seed 3, iteration 1680, time: 1294.2107405662537
Starting label LEVI, seed 3, iteration 1690, time: 1308.2708523273468
Starting label LEVI, seed 3, iteration 1700, time: 1323.0853538513184
Starting label LEVI, seed 3, iteration 1710, time: 1339.5780310630798
Starting label LEVI, seed 3, iteration 1720, time: 1352.2920088768005
Starting label LEVI, seed 3, iteration 1730, time: 1364.9966876506805
Starting label LEVI, seed 3, iteration 1740, time: 1379.2257685661316
Starting label LEVI, seed 3, iteration 1750, time: 1394.463904619217
Starting label LEVI, seed 3, iteration 1760, time: 1408.378182888031
Starting label LEVI, seed 3, iteration 1770, time: 1424.1761527061462
Starting label LEVI, seed 3, iteration 1780, time: 1437.9692213535309
Starting label LEVI, seed 3, iteration 1790, time: 1455.15878367424
Starting label LEVI, seed 3, iteration 1800, time: 1471.8074452877045
Starting label LEVI, seed 3, iteration 1810, time: 1486.9326376914978
Starting label LEVI, seed 3, iteration 1820, time: 1503.8681943416595
Starting label LEVI, seed 3, iteration 1830, time: 1520.184806585312
Starting label LEVI, seed 3, iteration 1840, time: 1535.7491374015808
Starting label LEVI, seed 3, iteration 1850, time: 1550.187556028366
Starting label LEVI, seed 3, iteration 1860, time: 1566.6433591842651
Starting label LEVI, seed 3, iteration 1870, time: 1582.9878604412079
submitit WARNING (2022-10-02 00:55:52,156) - Bypassing signal SIGTERM
submitit WARNING (2022-10-02 00:55:52,157) - Bypassing signal SIGCONT
Starting label LEVI, seed 3, iteration 1880, time: 1600.992598772049
