submitit INFO (2022-10-02 00:53:29,694) - Starting with JobEnvironment(job_id=883293_9, hostname=tripods-compute-02.cs.cornell.edu, local_rank=0(1), node=0(1), global_rank=0(1))
submitit INFO (2022-10-02 00:53:29,695) - Loading pickle: /home/gid-cakmaks/contextual_rs/experiments/wsc_experiments/logs/883293_9/883293_9_submitted.pkl
Starting label LEVI, seed 79, iteration 0, time: 0.0007293224334716797
Starting label LEVI, seed 79, iteration 10, time: 3.7841076850891113
Starting label LEVI, seed 79, iteration 20, time: 7.518664360046387
Starting label LEVI, seed 79, iteration 30, time: 11.1256742477417
Starting label LEVI, seed 79, iteration 40, time: 14.840306520462036
Starting label LEVI, seed 79, iteration 50, time: 18.505448579788208
Starting label LEVI, seed 79, iteration 60, time: 22.32073426246643
Starting label LEVI, seed 79, iteration 70, time: 26.026814699172974
Starting label LEVI, seed 79, iteration 80, time: 29.713478326797485
Starting label LEVI, seed 79, iteration 90, time: 32.86226558685303
Starting label LEVI, seed 79, iteration 100, time: 35.95074915885925
Starting label LEVI, seed 79, iteration 110, time: 39.0955765247345
Starting label LEVI, seed 79, iteration 120, time: 42.33949828147888
Starting label LEVI, seed 79, iteration 130, time: 45.49874567985535
Starting label LEVI, seed 79, iteration 140, time: 48.80287718772888
Starting label LEVI, seed 79, iteration 150, time: 53.39745044708252
Starting label LEVI, seed 79, iteration 160, time: 58.22663354873657
Starting label LEVI, seed 79, iteration 170, time: 62.96051073074341
Starting label LEVI, seed 79, iteration 180, time: 68.42319226264954
Starting label LEVI, seed 79, iteration 190, time: 73.00612092018127
Starting label LEVI, seed 79, iteration 200, time: 77.40614366531372
Starting label LEVI, seed 79, iteration 210, time: 81.91807150840759
Starting label LEVI, seed 79, iteration 220, time: 85.35799074172974
Starting label LEVI, seed 79, iteration 230, time: 88.80490684509277
Starting label LEVI, seed 79, iteration 240, time: 92.40150690078735
Starting label LEVI, seed 79, iteration 250, time: 95.73395800590515
Starting label LEVI, seed 79, iteration 260, time: 99.10310792922974
Starting label LEVI, seed 79, iteration 270, time: 102.4336633682251
Starting label LEVI, seed 79, iteration 280, time: 105.80099725723267
Starting label LEVI, seed 79, iteration 290, time: 109.24618530273438
Starting label LEVI, seed 79, iteration 300, time: 112.68844389915466
Starting label LEVI, seed 79, iteration 310, time: 116.22950267791748
Starting label LEVI, seed 79, iteration 320, time: 119.72763228416443
Starting label LEVI, seed 79, iteration 330, time: 123.21876525878906
Starting label LEVI, seed 79, iteration 340, time: 126.74750208854675
Starting label LEVI, seed 79, iteration 350, time: 130.2157416343689
Starting label LEVI, seed 79, iteration 360, time: 133.72314405441284
Starting label LEVI, seed 79, iteration 370, time: 137.512291431427
submitit WARNING (2022-10-02 00:55:52,040) - Bypassing signal SIGCONT
submitit WARNING (2022-10-02 00:55:52,149) - Bypassing signal SIGTERM
Starting label LEVI, seed 79, iteration 380, time: 141.193017244339
Starting label LEVI, seed 79, iteration 390, time: 144.94547700881958
Starting label LEVI, seed 79, iteration 400, time: 148.75371527671814
Starting label LEVI, seed 79, iteration 410, time: 152.36360883712769
Starting label LEVI, seed 79, iteration 420, time: 156.1855742931366
Starting label LEVI, seed 79, iteration 430, time: 160.07205939292908
Starting label LEVI, seed 79, iteration 440, time: 163.9604663848877
Starting label LEVI, seed 79, iteration 450, time: 167.8783302307129
