submitit INFO (2022-10-02 00:29:52,717) - Starting with JobEnvironment(job_id=883262_4, hostname=lecun.cs.cornell.edu, local_rank=0(1), node=0(1), global_rank=0(1))
submitit INFO (2022-10-02 00:29:52,717) - Loading pickle: /home/gid-cakmaks/contextual_rs/experiments/wsc_experiments/logs/883262_4/883262_4_submitted.pkl
Starting label LEVI, seed 34, iteration 0, time: 0.00048279762268066406
Starting label LEVI, seed 34, iteration 10, time: 2.3892688751220703
Starting label LEVI, seed 34, iteration 20, time: 4.713473081588745
Starting label LEVI, seed 34, iteration 30, time: 7.097479581832886
Starting label LEVI, seed 34, iteration 40, time: 9.49850583076477
Starting label LEVI, seed 34, iteration 50, time: 11.881155014038086
Starting label LEVI, seed 34, iteration 60, time: 14.276376724243164
Starting label LEVI, seed 34, iteration 70, time: 16.6437029838562
Starting label LEVI, seed 34, iteration 80, time: 19.007832527160645
Starting label LEVI, seed 34, iteration 90, time: 21.320271730422974
Starting label LEVI, seed 34, iteration 100, time: 23.7304949760437
Starting label LEVI, seed 34, iteration 110, time: 26.1422700881958
Starting label LEVI, seed 34, iteration 120, time: 28.627001762390137
Starting label LEVI, seed 34, iteration 130, time: 31.007091760635376
Starting label LEVI, seed 34, iteration 140, time: 33.482170820236206
Starting label LEVI, seed 34, iteration 150, time: 35.93265461921692
Starting label LEVI, seed 34, iteration 160, time: 38.39360308647156
Starting label LEVI, seed 34, iteration 170, time: 40.778236627578735
Starting label LEVI, seed 34, iteration 180, time: 43.241501331329346
Starting label LEVI, seed 34, iteration 190, time: 45.83881902694702
Starting label LEVI, seed 34, iteration 200, time: 48.44726061820984
Starting label LEVI, seed 34, iteration 210, time: 51.049339294433594
Starting label LEVI, seed 34, iteration 220, time: 53.752182722091675
Starting label LEVI, seed 34, iteration 230, time: 56.366302728652954
Starting label LEVI, seed 34, iteration 240, time: 59.033429861068726
Starting label LEVI, seed 34, iteration 250, time: 61.59793972969055
Starting label LEVI, seed 34, iteration 260, time: 64.32042837142944
Starting label LEVI, seed 34, iteration 270, time: 66.94503450393677
Starting label LEVI, seed 34, iteration 280, time: 69.58147764205933
Starting label LEVI, seed 34, iteration 290, time: 72.0893657207489
Starting label LEVI, seed 34, iteration 300, time: 74.61578583717346
Starting label LEVI, seed 34, iteration 310, time: 77.26200723648071
Starting label LEVI, seed 34, iteration 320, time: 79.81889629364014
Starting label LEVI, seed 34, iteration 330, time: 82.33908867835999
Starting label LEVI, seed 34, iteration 340, time: 84.86110544204712
Starting label LEVI, seed 34, iteration 350, time: 87.42009449005127
Starting label LEVI, seed 34, iteration 360, time: 89.88273429870605
Starting label LEVI, seed 34, iteration 370, time: 92.47714352607727
Starting label LEVI, seed 34, iteration 380, time: 95.08516097068787
Starting label LEVI, seed 34, iteration 390, time: 97.69570899009705
Starting label LEVI, seed 34, iteration 400, time: 100.31364297866821
Starting label LEVI, seed 34, iteration 410, time: 102.8925449848175
Starting label LEVI, seed 34, iteration 420, time: 105.49789357185364
Starting label LEVI, seed 34, iteration 430, time: 108.2356584072113
Starting label LEVI, seed 34, iteration 440, time: 111.06146955490112
Starting label LEVI, seed 34, iteration 450, time: 113.87375807762146
Starting label LEVI, seed 34, iteration 460, time: 116.67219591140747
Starting label LEVI, seed 34, iteration 470, time: 119.563152551651
Starting label LEVI, seed 34, iteration 480, time: 122.46360182762146
Starting label LEVI, seed 34, iteration 490, time: 125.28497862815857
Starting label LEVI, seed 34, iteration 500, time: 128.14853858947754
Starting label LEVI, seed 34, iteration 510, time: 131.14596033096313
Starting label LEVI, seed 34, iteration 520, time: 134.1608283519745
Starting label LEVI, seed 34, iteration 530, time: 137.11102652549744
Starting label LEVI, seed 34, iteration 540, time: 140.20836973190308
Starting label LEVI, seed 34, iteration 550, time: 143.31370425224304
Starting label LEVI, seed 34, iteration 560, time: 146.14646530151367
Starting label LEVI, seed 34, iteration 570, time: 149.22172379493713
Starting label LEVI, seed 34, iteration 580, time: 152.4070212841034
Starting label LEVI, seed 34, iteration 590, time: 155.62672662734985
Starting label LEVI, seed 34, iteration 600, time: 158.7793447971344
Starting label LEVI, seed 34, iteration 610, time: 162.01366686820984
Starting label LEVI, seed 34, iteration 620, time: 165.3915843963623
Starting label LEVI, seed 34, iteration 630, time: 169.0511531829834
Starting label LEVI, seed 34, iteration 640, time: 172.55195832252502
Starting label LEVI, seed 34, iteration 650, time: 175.9059293270111
Starting label LEVI, seed 34, iteration 660, time: 179.43998265266418
Starting label LEVI, seed 34, iteration 670, time: 183.0370066165924
Starting label LEVI, seed 34, iteration 680, time: 186.61800360679626
Starting label LEVI, seed 34, iteration 690, time: 190.5088827610016
Starting label LEVI, seed 34, iteration 700, time: 194.08697128295898
Starting label LEVI, seed 34, iteration 710, time: 197.79842686653137
Starting label LEVI, seed 34, iteration 720, time: 201.48326325416565
Starting label LEVI, seed 34, iteration 730, time: 205.03884077072144
Starting label LEVI, seed 34, iteration 740, time: 209.06681299209595
Starting label LEVI, seed 34, iteration 750, time: 213.05523347854614
Starting label LEVI, seed 34, iteration 760, time: 217.2675518989563
Starting label LEVI, seed 34, iteration 770, time: 221.2242455482483
Starting label LEVI, seed 34, iteration 780, time: 226.4888617992401
Starting label LEVI, seed 34, iteration 790, time: 231.24841213226318
Starting label LEVI, seed 34, iteration 800, time: 236.0678153038025
Starting label LEVI, seed 34, iteration 810, time: 240.81596088409424
Starting label LEVI, seed 34, iteration 820, time: 245.04299139976501
Starting label LEVI, seed 34, iteration 830, time: 249.89025020599365
Starting label LEVI, seed 34, iteration 840, time: 254.583744764328
Starting label LEVI, seed 34, iteration 850, time: 259.11035227775574
Starting label LEVI, seed 34, iteration 860, time: 264.12528586387634
Starting label LEVI, seed 34, iteration 870, time: 269.28433060646057
Starting label LEVI, seed 34, iteration 880, time: 274.3571364879608
Starting label LEVI, seed 34, iteration 890, time: 279.26239132881165
Starting label LEVI, seed 34, iteration 900, time: 284.42936062812805
Starting label LEVI, seed 34, iteration 910, time: 289.70537209510803
Starting label LEVI, seed 34, iteration 920, time: 295.0972969532013
Starting label LEVI, seed 34, iteration 930, time: 300.68929862976074
Starting label LEVI, seed 34, iteration 940, time: 305.60644793510437
Starting label LEVI, seed 34, iteration 950, time: 310.9671845436096
Starting label LEVI, seed 34, iteration 960, time: 316.1907482147217
Starting label LEVI, seed 34, iteration 970, time: 322.10754227638245
Starting label LEVI, seed 34, iteration 980, time: 328.0320484638214
Starting label LEVI, seed 34, iteration 990, time: 334.1394443511963
Starting label LEVI, seed 34, iteration 1000, time: 340.24893498420715
Starting label LEVI, seed 34, iteration 1010, time: 347.0173330307007
Starting label LEVI, seed 34, iteration 1020, time: 352.7517976760864
Starting label LEVI, seed 34, iteration 1030, time: 358.501592874527
Starting label LEVI, seed 34, iteration 1040, time: 364.01218342781067
Starting label LEVI, seed 34, iteration 1050, time: 369.3481786251068
Starting label LEVI, seed 34, iteration 1060, time: 376.0776541233063
Starting label LEVI, seed 34, iteration 1070, time: 381.5107686519623
Starting label LEVI, seed 34, iteration 1080, time: 387.3484332561493
Starting label LEVI, seed 34, iteration 1090, time: 393.39751052856445
Starting label LEVI, seed 34, iteration 1100, time: 400.56154108047485
Starting label LEVI, seed 34, iteration 1110, time: 407.80062532424927
Starting label LEVI, seed 34, iteration 1120, time: 413.83927273750305
Starting label LEVI, seed 34, iteration 1130, time: 421.04480600357056
Starting label LEVI, seed 34, iteration 1140, time: 427.44788360595703
Starting label LEVI, seed 34, iteration 1150, time: 435.31982374191284
Starting label LEVI, seed 34, iteration 1160, time: 441.7248947620392
Starting label LEVI, seed 34, iteration 1170, time: 449.33846712112427
Starting label LEVI, seed 34, iteration 1180, time: 456.6110689640045
Starting label LEVI, seed 34, iteration 1190, time: 464.43692684173584
Starting label LEVI, seed 34, iteration 1200, time: 472.65403389930725
Starting label LEVI, seed 34, iteration 1210, time: 479.7024540901184
Starting label LEVI, seed 34, iteration 1220, time: 487.2805051803589
Starting label LEVI, seed 34, iteration 1230, time: 495.52970838546753
Starting label LEVI, seed 34, iteration 1240, time: 504.5267741680145
Starting label LEVI, seed 34, iteration 1250, time: 513.9803047180176
Starting label LEVI, seed 34, iteration 1260, time: 523.500979423523
Starting label LEVI, seed 34, iteration 1270, time: 531.3790080547333
Starting label LEVI, seed 34, iteration 1280, time: 540.0308067798615
Starting label LEVI, seed 34, iteration 1290, time: 549.8899710178375
Starting label LEVI, seed 34, iteration 1300, time: 557.9854736328125
Starting label LEVI, seed 34, iteration 1310, time: 568.0524263381958
Starting label LEVI, seed 34, iteration 1320, time: 577.4107403755188
Starting label LEVI, seed 34, iteration 1330, time: 585.8180487155914
Starting label LEVI, seed 34, iteration 1340, time: 595.0868813991547
Starting label LEVI, seed 34, iteration 1350, time: 603.3722014427185
Starting label LEVI, seed 34, iteration 1360, time: 614.0460879802704
Starting label LEVI, seed 34, iteration 1370, time: 625.2303504943848
Starting label LEVI, seed 34, iteration 1380, time: 634.057657957077
Starting label LEVI, seed 34, iteration 1390, time: 644.160968542099
Starting label LEVI, seed 34, iteration 1400, time: 654.1911609172821
Starting label LEVI, seed 34, iteration 1410, time: 666.4535205364227
Starting label LEVI, seed 34, iteration 1420, time: 677.9788489341736
Starting label LEVI, seed 34, iteration 1430, time: 687.5507023334503
Starting label LEVI, seed 34, iteration 1440, time: 699.1123852729797
Starting label LEVI, seed 34, iteration 1450, time: 708.8607182502747
Starting label LEVI, seed 34, iteration 1460, time: 720.8940334320068
Starting label LEVI, seed 34, iteration 1470, time: 732.7105610370636
Starting label LEVI, seed 34, iteration 1480, time: 745.6144132614136
Starting label LEVI, seed 34, iteration 1490, time: 758.0495738983154
Starting label LEVI, seed 34, iteration 1500, time: 768.5121884346008
Starting label LEVI, seed 34, iteration 1510, time: 781.5783784389496
Starting label LEVI, seed 34, iteration 1520, time: 793.382381439209
Starting label LEVI, seed 34, iteration 1530, time: 807.0752501487732
Starting label LEVI, seed 34, iteration 1540, time: 819.9371328353882
Starting label LEVI, seed 34, iteration 1550, time: 833.6159811019897
Starting label LEVI, seed 34, iteration 1560, time: 847.6521360874176
Starting label LEVI, seed 34, iteration 1570, time: 861.1408421993256
Starting label LEVI, seed 34, iteration 1580, time: 874.7761104106903
Starting label LEVI, seed 34, iteration 1590, time: 887.8230755329132
Starting label LEVI, seed 34, iteration 1600, time: 902.660005569458
Starting label LEVI, seed 34, iteration 1610, time: 916.4194965362549
Starting label LEVI, seed 34, iteration 1620, time: 930.6074378490448
Starting label LEVI, seed 34, iteration 1630, time: 946.0580418109894
Starting label LEVI, seed 34, iteration 1640, time: 961.4432425498962
Starting label LEVI, seed 34, iteration 1650, time: 975.6067757606506
Starting label LEVI, seed 34, iteration 1660, time: 991.0839831829071
Starting label LEVI, seed 34, iteration 1670, time: 1007.8908944129944
Starting label LEVI, seed 34, iteration 1680, time: 1024.4215421676636
Starting label LEVI, seed 34, iteration 1690, time: 1042.3096723556519
Starting label LEVI, seed 34, iteration 1700, time: 1058.1028561592102
Starting label LEVI, seed 34, iteration 1710, time: 1074.8952198028564
Starting label LEVI, seed 34, iteration 1720, time: 1093.209481716156
Starting label LEVI, seed 34, iteration 1730, time: 1111.5119123458862
Starting label LEVI, seed 34, iteration 1740, time: 1126.5269725322723
Starting label LEVI, seed 34, iteration 1750, time: 1143.4927263259888
Starting label LEVI, seed 34, iteration 1760, time: 1160.7590124607086
Starting label LEVI, seed 34, iteration 1770, time: 1180.2744462490082
Starting label LEVI, seed 34, iteration 1780, time: 1195.1669976711273
Starting label LEVI, seed 34, iteration 1790, time: 1216.051691532135
Starting label LEVI, seed 34, iteration 1800, time: 1236.31063580513
Starting label LEVI, seed 34, iteration 1810, time: 1254.0435178279877
Starting label LEVI, seed 34, iteration 1820, time: 1273.654701948166
Starting label LEVI, seed 34, iteration 1830, time: 1292.3072640895844
Starting label LEVI, seed 34, iteration 1840, time: 1313.7888486385345
Starting label LEVI, seed 34, iteration 1850, time: 1334.4007728099823
Starting label LEVI, seed 34, iteration 1860, time: 1357.2439098358154
Starting label LEVI, seed 34, iteration 1870, time: 1373.754289150238
Starting label LEVI, seed 34, iteration 1880, time: 1393.6753857135773
Starting label LEVI, seed 34, iteration 1890, time: 1410.4102909564972
Starting label LEVI, seed 34, iteration 1900, time: 1427.7889261245728
Starting label LEVI, seed 34, iteration 1910, time: 1447.210298538208
Starting label LEVI, seed 34, iteration 1920, time: 1464.5776104927063
Starting label LEVI, seed 34, iteration 1930, time: 1487.4633564949036
Starting label LEVI, seed 34, iteration 1940, time: 1510.7137320041656
Starting label LEVI, seed 34, iteration 1950, time: 1536.7880067825317
Starting label LEVI, seed 34, iteration 1960, time: 1553.837391614914
submitit WARNING (2022-10-02 00:55:52,022) - Bypassing signal SIGTERM
submitit WARNING (2022-10-02 00:55:52,022) - Bypassing signal SIGCONT
Starting label LEVI, seed 34, iteration 1970, time: 1577.3382351398468
