submitit INFO (2022-10-02 01:36:32,908) - Starting with JobEnvironment(job_id=883479_4, hostname=compling-compute-02.compling.cornell.edu, local_rank=0(1), node=0(1), global_rank=0(1))
submitit INFO (2022-10-02 01:36:32,908) - Loading pickle: /home/gid-cakmaks/contextual_rs/experiments/wsc_experiments/logs/883479_4/883479_4_submitted.pkl
Starting label LEVI, seed 64, iteration 0, time: 0.0003521442413330078
Starting label LEVI, seed 64, iteration 10, time: 2.754890203475952
Starting label LEVI, seed 64, iteration 20, time: 5.566378593444824
Starting label LEVI, seed 64, iteration 30, time: 8.318063974380493
Starting label LEVI, seed 64, iteration 40, time: 11.035539388656616
Starting label LEVI, seed 64, iteration 50, time: 13.91157841682434
Starting label LEVI, seed 64, iteration 60, time: 16.512966871261597
Starting label LEVI, seed 64, iteration 70, time: 19.15645933151245
Starting label LEVI, seed 64, iteration 80, time: 21.708041191101074
Starting label LEVI, seed 64, iteration 90, time: 24.336617708206177
Starting label LEVI, seed 64, iteration 100, time: 27.0167818069458
Starting label LEVI, seed 64, iteration 110, time: 29.62415051460266
Starting label LEVI, seed 64, iteration 120, time: 32.48166227340698
Starting label LEVI, seed 64, iteration 130, time: 35.338035106658936
Starting label LEVI, seed 64, iteration 140, time: 38.136202812194824
Starting label LEVI, seed 64, iteration 150, time: 41.17409896850586
Starting label LEVI, seed 64, iteration 160, time: 44.137471199035645
Starting label LEVI, seed 64, iteration 170, time: 47.049992084503174
Starting label LEVI, seed 64, iteration 180, time: 50.27958106994629
Starting label LEVI, seed 64, iteration 190, time: 53.41168999671936
Starting label LEVI, seed 64, iteration 200, time: 56.648756980895996
Starting label LEVI, seed 64, iteration 210, time: 59.96343183517456
Starting label LEVI, seed 64, iteration 220, time: 63.20840811729431
Starting label LEVI, seed 64, iteration 230, time: 66.72832179069519
Starting label LEVI, seed 64, iteration 240, time: 70.24735283851624
Starting label LEVI, seed 64, iteration 250, time: 73.79118251800537
Starting label LEVI, seed 64, iteration 260, time: 77.20087194442749
Starting label LEVI, seed 64, iteration 270, time: 80.7663733959198
Starting label LEVI, seed 64, iteration 280, time: 84.28910994529724
Starting label LEVI, seed 64, iteration 290, time: 87.58270907402039
Starting label LEVI, seed 64, iteration 300, time: 91.10645365715027
Starting label LEVI, seed 64, iteration 310, time: 94.5275948047638
Starting label LEVI, seed 64, iteration 320, time: 98.06572580337524
Starting label LEVI, seed 64, iteration 330, time: 101.63581395149231
Starting label LEVI, seed 64, iteration 340, time: 105.23397970199585
Starting label LEVI, seed 64, iteration 350, time: 108.85687780380249
Starting label LEVI, seed 64, iteration 360, time: 112.52364706993103
Starting label LEVI, seed 64, iteration 370, time: 116.15274214744568
Starting label LEVI, seed 64, iteration 380, time: 119.89866828918457
Starting label LEVI, seed 64, iteration 390, time: 123.46761226654053
Starting label LEVI, seed 64, iteration 400, time: 127.03171443939209
Starting label LEVI, seed 64, iteration 410, time: 130.55557465553284
Starting label LEVI, seed 64, iteration 420, time: 134.049955368042
Starting label LEVI, seed 64, iteration 430, time: 137.56256771087646
Starting label LEVI, seed 64, iteration 440, time: 140.9778950214386
Starting label LEVI, seed 64, iteration 450, time: 144.41521072387695
Starting label LEVI, seed 64, iteration 460, time: 147.89249753952026
Starting label LEVI, seed 64, iteration 470, time: 151.33745169639587
Starting label LEVI, seed 64, iteration 480, time: 154.87145042419434
Starting label LEVI, seed 64, iteration 490, time: 158.39938378334045
Starting label LEVI, seed 64, iteration 500, time: 161.92902612686157
Starting label LEVI, seed 64, iteration 510, time: 165.39669513702393
Starting label LEVI, seed 64, iteration 520, time: 168.90805888175964
Starting label LEVI, seed 64, iteration 530, time: 172.40963768959045
Starting label LEVI, seed 64, iteration 540, time: 175.90947222709656
Starting label LEVI, seed 64, iteration 550, time: 179.39889073371887
Starting label LEVI, seed 64, iteration 560, time: 182.9384365081787
Starting label LEVI, seed 64, iteration 570, time: 186.47621369361877
Starting label LEVI, seed 64, iteration 580, time: 189.9851577281952
Starting label LEVI, seed 64, iteration 590, time: 193.54028606414795
Starting label LEVI, seed 64, iteration 600, time: 197.0009410381317
Starting label LEVI, seed 64, iteration 610, time: 200.4968764781952
Starting label LEVI, seed 64, iteration 620, time: 204.1175034046173
Starting label LEVI, seed 64, iteration 630, time: 207.75367665290833
Starting label LEVI, seed 64, iteration 640, time: 211.4807403087616
Starting label LEVI, seed 64, iteration 650, time: 215.08406686782837
Starting label LEVI, seed 64, iteration 660, time: 218.71613001823425
Starting label LEVI, seed 64, iteration 670, time: 222.32903957366943
Starting label LEVI, seed 64, iteration 680, time: 226.02405548095703
Starting label LEVI, seed 64, iteration 690, time: 229.77544379234314
Starting label LEVI, seed 64, iteration 700, time: 233.5688235759735
Starting label LEVI, seed 64, iteration 710, time: 237.25622057914734
Starting label LEVI, seed 64, iteration 720, time: 240.81459951400757
Starting label LEVI, seed 64, iteration 730, time: 244.3845512866974
Starting label LEVI, seed 64, iteration 740, time: 247.93645548820496
Starting label LEVI, seed 64, iteration 750, time: 251.4115915298462
Starting label LEVI, seed 64, iteration 760, time: 255.08753752708435
Starting label LEVI, seed 64, iteration 770, time: 258.7412464618683
Starting label LEVI, seed 64, iteration 780, time: 262.2856469154358
Starting label LEVI, seed 64, iteration 790, time: 266.05557084083557
Starting label LEVI, seed 64, iteration 800, time: 269.73834896087646
Starting label LEVI, seed 64, iteration 810, time: 273.38721227645874
Starting label LEVI, seed 64, iteration 820, time: 277.0793254375458
Starting label LEVI, seed 64, iteration 830, time: 280.71241307258606
Starting label LEVI, seed 64, iteration 840, time: 284.373339176178
Starting label LEVI, seed 64, iteration 850, time: 288.0119836330414
Starting label LEVI, seed 64, iteration 860, time: 291.58801674842834
Starting label LEVI, seed 64, iteration 870, time: 295.26572251319885
Starting label LEVI, seed 64, iteration 880, time: 298.8932454586029
Starting label LEVI, seed 64, iteration 890, time: 302.4768545627594
Starting label LEVI, seed 64, iteration 900, time: 305.9836347103119
Starting label LEVI, seed 64, iteration 910, time: 309.467746257782
Starting label LEVI, seed 64, iteration 920, time: 313.0476243495941
Starting label LEVI, seed 64, iteration 930, time: 316.4586019515991
Starting label LEVI, seed 64, iteration 940, time: 319.7505466938019
Starting label LEVI, seed 64, iteration 950, time: 323.01166677474976
Starting label LEVI, seed 64, iteration 960, time: 326.31606125831604
Starting label LEVI, seed 64, iteration 970, time: 329.75464963912964
Starting label LEVI, seed 64, iteration 980, time: 333.181547164917
Starting label LEVI, seed 64, iteration 990, time: 336.6201446056366
Starting label LEVI, seed 64, iteration 1000, time: 340.111533164978
Starting label LEVI, seed 64, iteration 1010, time: 343.53613090515137
Starting label LEVI, seed 64, iteration 1020, time: 347.0599715709686
Starting label LEVI, seed 64, iteration 1030, time: 350.5297751426697
Starting label LEVI, seed 64, iteration 1040, time: 354.0605659484863
Starting label LEVI, seed 64, iteration 1050, time: 357.55412673950195
Starting label LEVI, seed 64, iteration 1060, time: 361.0650110244751
Starting label LEVI, seed 64, iteration 1070, time: 364.4878442287445
Starting label LEVI, seed 64, iteration 1080, time: 368.1327087879181
Starting label LEVI, seed 64, iteration 1090, time: 371.63894987106323
Starting label LEVI, seed 64, iteration 1100, time: 375.211138010025
Starting label LEVI, seed 64, iteration 1110, time: 378.8182101249695
Starting label LEVI, seed 64, iteration 1120, time: 382.28608417510986
Starting label LEVI, seed 64, iteration 1130, time: 385.9059009552002
Starting label LEVI, seed 64, iteration 1140, time: 389.49048376083374
Starting label LEVI, seed 64, iteration 1150, time: 393.34585666656494
Starting label LEVI, seed 64, iteration 1160, time: 397.2432200908661
Starting label LEVI, seed 64, iteration 1170, time: 401.0882818698883
Starting label LEVI, seed 64, iteration 1180, time: 405.24460673332214
Starting label LEVI, seed 64, iteration 1190, time: 409.28462314605713
Starting label LEVI, seed 64, iteration 1200, time: 413.41871905326843
Starting label LEVI, seed 64, iteration 1210, time: 417.5021028518677
Starting label LEVI, seed 64, iteration 1220, time: 421.28563594818115
Starting label LEVI, seed 64, iteration 1230, time: 425.1518623828888
Starting label LEVI, seed 64, iteration 1240, time: 428.9846477508545
Starting label LEVI, seed 64, iteration 1250, time: 432.8826632499695
Starting label LEVI, seed 64, iteration 1260, time: 436.99950551986694
Starting label LEVI, seed 64, iteration 1270, time: 441.137158870697
Starting label LEVI, seed 64, iteration 1280, time: 445.3030626773834
Starting label LEVI, seed 64, iteration 1290, time: 449.4686436653137
Starting label LEVI, seed 64, iteration 1300, time: 453.658846616745
Starting label LEVI, seed 64, iteration 1310, time: 457.9499578475952
Starting label LEVI, seed 64, iteration 1320, time: 462.1638789176941
Starting label LEVI, seed 64, iteration 1330, time: 466.49569964408875
Starting label LEVI, seed 64, iteration 1340, time: 470.75829911231995
Starting label LEVI, seed 64, iteration 1350, time: 475.0864038467407
Starting label LEVI, seed 64, iteration 1360, time: 479.4557580947876
Starting label LEVI, seed 64, iteration 1370, time: 483.78640031814575
Starting label LEVI, seed 64, iteration 1380, time: 488.7178370952606
Starting label LEVI, seed 64, iteration 1390, time: 493.40860533714294
Starting label LEVI, seed 64, iteration 1400, time: 498.0922119617462
Starting label LEVI, seed 64, iteration 1410, time: 502.7924757003784
Starting label LEVI, seed 64, iteration 1420, time: 507.5006911754608
Starting label LEVI, seed 64, iteration 1430, time: 512.320992231369
Starting label LEVI, seed 64, iteration 1440, time: 517.2094333171844
Starting label LEVI, seed 64, iteration 1450, time: 521.9635517597198
Starting label LEVI, seed 64, iteration 1460, time: 526.74245429039
Starting label LEVI, seed 64, iteration 1470, time: 531.4947550296783
Starting label LEVI, seed 64, iteration 1480, time: 536.4019396305084
Starting label LEVI, seed 64, iteration 1490, time: 541.3389134407043
Starting label LEVI, seed 64, iteration 1500, time: 546.2219793796539
Starting label LEVI, seed 64, iteration 1510, time: 551.2290923595428
Starting label LEVI, seed 64, iteration 1520, time: 556.239667892456
Starting label LEVI, seed 64, iteration 1530, time: 561.1068370342255
Starting label LEVI, seed 64, iteration 1540, time: 566.2991056442261
Starting label LEVI, seed 64, iteration 1550, time: 571.6762912273407
Starting label LEVI, seed 64, iteration 1560, time: 576.7405648231506
Starting label LEVI, seed 64, iteration 1570, time: 582.0271711349487
Starting label LEVI, seed 64, iteration 1580, time: 587.1092801094055
Starting label LEVI, seed 64, iteration 1590, time: 592.257078409195
Starting label LEVI, seed 64, iteration 1600, time: 597.4728622436523
Starting label LEVI, seed 64, iteration 1610, time: 602.8441562652588
Starting label LEVI, seed 64, iteration 1620, time: 608.231822013855
Starting label LEVI, seed 64, iteration 1630, time: 613.0985808372498
Starting label LEVI, seed 64, iteration 1640, time: 618.1604866981506
Starting label LEVI, seed 64, iteration 1650, time: 623.8352167606354
Starting label LEVI, seed 64, iteration 1660, time: 629.6464951038361
Starting label LEVI, seed 64, iteration 1670, time: 635.2223839759827
Starting label LEVI, seed 64, iteration 1680, time: 640.7418911457062
Starting label LEVI, seed 64, iteration 1690, time: 646.4720647335052
Starting label LEVI, seed 64, iteration 1700, time: 652.2013750076294
Starting label LEVI, seed 64, iteration 1710, time: 657.6430637836456
Starting label LEVI, seed 64, iteration 1720, time: 663.1186401844025
Starting label LEVI, seed 64, iteration 1730, time: 668.5582885742188
Starting label LEVI, seed 64, iteration 1740, time: 673.8795404434204
Starting label LEVI, seed 64, iteration 1750, time: 678.9731440544128
Starting label LEVI, seed 64, iteration 1760, time: 684.0470132827759
Starting label LEVI, seed 64, iteration 1770, time: 689.3906891345978
Starting label LEVI, seed 64, iteration 1780, time: 694.9469020366669
Starting label LEVI, seed 64, iteration 1790, time: 700.4663701057434
Starting label LEVI, seed 64, iteration 1800, time: 705.7393498420715
Starting label LEVI, seed 64, iteration 1810, time: 710.8626248836517
Starting label LEVI, seed 64, iteration 1820, time: 716.5715687274933
Starting label LEVI, seed 64, iteration 1830, time: 721.4844720363617
Starting label LEVI, seed 64, iteration 1840, time: 726.6543383598328
Starting label LEVI, seed 64, iteration 1850, time: 731.6409299373627
Starting label LEVI, seed 64, iteration 1860, time: 736.5571930408478
Starting label LEVI, seed 64, iteration 1870, time: 741.6521656513214
Starting label LEVI, seed 64, iteration 1880, time: 746.8100583553314
Starting label LEVI, seed 64, iteration 1890, time: 751.4377815723419
Starting label LEVI, seed 64, iteration 1900, time: 756.244343996048
Starting label LEVI, seed 64, iteration 1910, time: 760.9542143344879
Starting label LEVI, seed 64, iteration 1920, time: 766.1294634342194
submitit WARNING (2022-10-02 01:49:22,462) - Bypassing signal SIGCONT
submitit WARNING (2022-10-02 01:49:22,498) - Bypassing signal SIGTERM
Starting label LEVI, seed 64, iteration 1930, time: 770.9814810752869
Starting label LEVI, seed 64, iteration 1940, time: 775.5489821434021
Starting label LEVI, seed 64, iteration 1950, time: 780.1680181026459
Starting label LEVI, seed 64, iteration 1960, time: 784.8022899627686
Starting label LEVI, seed 64, iteration 1970, time: 789.4769868850708
Starting label LEVI, seed 64, iteration 1980, time: 794.0200235843658
