submitit INFO (2022-10-02 02:24:47,637) - Starting with JobEnvironment(job_id=883698_2, hostname=nikola-compute-04.cs.cornell.edu, local_rank=0(1), node=0(1), global_rank=0(1))
submitit INFO (2022-10-02 02:24:47,637) - Loading pickle: /home/gid-cakmaks/contextual_rs/experiments/wsc_experiments/logs/883698_2/883698_2_submitted.pkl
Appending iterations to existing output!Warning: If parameters other than `iterations` have been changed, this will corrupt the output!
Starting label LEVI, seed 34, iteration 1700, time: 1585.2953536510468
Starting label LEVI, seed 34, iteration 1710, time: 1603.724112033844
Starting label LEVI, seed 34, iteration 1720, time: 1618.1906523704529
Starting label LEVI, seed 34, iteration 1730, time: 1635.8162274360657
Starting label LEVI, seed 34, iteration 1740, time: 1650.3563075065613
Starting label LEVI, seed 34, iteration 1750, time: 1664.8776268959045
Starting label LEVI, seed 34, iteration 1760, time: 1683.1577632427216
Starting label LEVI, seed 34, iteration 1770, time: 1701.9537789821625
Starting label LEVI, seed 34, iteration 1780, time: 1721.1990461349487
Starting label LEVI, seed 34, iteration 1790, time: 1739.9523510932922
Starting label LEVI, seed 34, iteration 1800, time: 1757.6766564846039
Starting label LEVI, seed 34, iteration 1810, time: 1774.9463138580322
Starting label LEVI, seed 34, iteration 1820, time: 1795.5503296852112
Starting label LEVI, seed 34, iteration 1830, time: 1814.7765655517578
Starting label LEVI, seed 34, iteration 1840, time: 1831.7770459651947
Starting label LEVI, seed 34, iteration 1850, time: 1852.2920167446136
Starting label LEVI, seed 34, iteration 1860, time: 1871.2458543777466
Starting label LEVI, seed 34, iteration 1870, time: 1889.081923007965
Starting label LEVI, seed 34, iteration 1880, time: 1908.7442519664764
Starting label LEVI, seed 34, iteration 1890, time: 1925.4319014549255
Starting label LEVI, seed 34, iteration 1900, time: 1942.2718777656555
Starting label LEVI, seed 34, iteration 1910, time: 1962.2820768356323
Starting label LEVI, seed 34, iteration 1920, time: 1978.1700930595398
Starting label LEVI, seed 34, iteration 1930, time: 1997.8451189994812
Starting label LEVI, seed 34, iteration 1940, time: 2018.4745247364044
Starting label LEVI, seed 34, iteration 1950, time: 2035.7519183158875
Starting label LEVI, seed 34, iteration 1960, time: 2053.4816908836365
Starting label LEVI, seed 34, iteration 1970, time: 2070.3480870723724
Starting label LEVI, seed 34, iteration 1980, time: 2093.02015209198
Starting label LEVI, seed 34, iteration 1990, time: 2116.023504972458
submitit INFO (2022-10-02 02:34:01,518) - Job completed successfully
