submitit INFO (2022-10-02 01:20:47,716) - Starting with JobEnvironment(job_id=883390_9, hostname=sablab-gpu-06.ece.cornell.edu, local_rank=0(1), node=0(1), global_rank=0(1))
submitit INFO (2022-10-02 01:20:47,716) - Loading pickle: /home/gid-cakmaks/contextual_rs/experiments/wsc_experiments/logs/883390_9/883390_9_submitted.pkl
Starting label LEVI, seed 79, iteration 0, time: 0.003631591796875
Starting label LEVI, seed 79, iteration 10, time: 3.341097593307495
Starting label LEVI, seed 79, iteration 20, time: 6.878012418746948
Starting label LEVI, seed 79, iteration 30, time: 10.275136709213257
Starting label LEVI, seed 79, iteration 40, time: 13.79585576057434
Starting label LEVI, seed 79, iteration 50, time: 17.244913339614868
Starting label LEVI, seed 79, iteration 60, time: 20.86152935028076
Starting label LEVI, seed 79, iteration 70, time: 23.900087356567383
Starting label LEVI, seed 79, iteration 80, time: 27.511640787124634
Starting label LEVI, seed 79, iteration 90, time: 31.160757064819336
Starting label LEVI, seed 79, iteration 100, time: 34.762614250183105
Starting label LEVI, seed 79, iteration 110, time: 38.37472891807556
Starting label LEVI, seed 79, iteration 120, time: 41.61753797531128
Starting label LEVI, seed 79, iteration 130, time: 45.08841419219971
Starting label LEVI, seed 79, iteration 140, time: 48.80098533630371
Starting label LEVI, seed 79, iteration 150, time: 52.35987973213196
Starting label LEVI, seed 79, iteration 160, time: 55.849382162094116
Starting label LEVI, seed 79, iteration 170, time: 59.07358145713806
Starting label LEVI, seed 79, iteration 180, time: 62.6571991443634
Starting label LEVI, seed 79, iteration 190, time: 66.29456996917725
Starting label LEVI, seed 79, iteration 200, time: 69.90676784515381
Starting label LEVI, seed 79, iteration 210, time: 73.20608711242676
Starting label LEVI, seed 79, iteration 220, time: 76.71258592605591
Starting label LEVI, seed 79, iteration 230, time: 80.42450428009033
Starting label LEVI, seed 79, iteration 240, time: 84.18990802764893
Starting label LEVI, seed 79, iteration 250, time: 87.9008936882019
Starting label LEVI, seed 79, iteration 260, time: 91.22972536087036
Starting label LEVI, seed 79, iteration 270, time: 94.82524299621582
Starting label LEVI, seed 79, iteration 280, time: 98.56648397445679
Starting label LEVI, seed 79, iteration 290, time: 102.35786318778992
submitit WARNING (2022-10-02 01:22:36,002) - Bypassing signal SIGCONT
submitit WARNING (2022-10-02 01:22:36,004) - Bypassing signal SIGTERM
Starting label LEVI, seed 79, iteration 300, time: 106.18156027793884
Starting label LEVI, seed 79, iteration 310, time: 109.63547849655151
Starting label LEVI, seed 79, iteration 320, time: 113.54869413375854
Starting label LEVI, seed 79, iteration 330, time: 117.42284655570984
Starting label LEVI, seed 79, iteration 340, time: 121.35290861129761
Starting label LEVI, seed 79, iteration 350, time: 125.21475505828857
Starting label LEVI, seed 79, iteration 360, time: 128.8686728477478
Starting label LEVI, seed 79, iteration 370, time: 132.78685474395752
