submitit INFO (2022-10-02 00:43:10,248) - Starting with JobEnvironment(job_id=883292_4, hostname=compling-compute-02.compling.cornell.edu, local_rank=0(1), node=0(1), global_rank=0(1))
submitit INFO (2022-10-02 00:43:10,249) - Loading pickle: /home/gid-cakmaks/contextual_rs/experiments/wsc_experiments/logs/883292_4/883292_4_submitted.pkl
Starting label LEVI, seed 64, iteration 0, time: 0.0003504753112792969
Starting label LEVI, seed 64, iteration 10, time: 2.01833438873291
Starting label LEVI, seed 64, iteration 20, time: 3.5865232944488525
Starting label LEVI, seed 64, iteration 30, time: 5.196568727493286
Starting label LEVI, seed 64, iteration 40, time: 6.773099660873413
Starting label LEVI, seed 64, iteration 50, time: 8.359405994415283
Starting label LEVI, seed 64, iteration 60, time: 9.992243766784668
Starting label LEVI, seed 64, iteration 70, time: 11.584405660629272
Starting label LEVI, seed 64, iteration 80, time: 13.192270278930664
Starting label LEVI, seed 64, iteration 90, time: 14.83772349357605
Starting label LEVI, seed 64, iteration 100, time: 16.41477918624878
Starting label LEVI, seed 64, iteration 110, time: 18.037981271743774
Starting label LEVI, seed 64, iteration 120, time: 19.673316955566406
Starting label LEVI, seed 64, iteration 130, time: 21.322724103927612
Starting label LEVI, seed 64, iteration 140, time: 23.052134037017822
Starting label LEVI, seed 64, iteration 150, time: 24.666568756103516
Starting label LEVI, seed 64, iteration 160, time: 26.308315992355347
Starting label LEVI, seed 64, iteration 170, time: 27.958999633789062
Starting label LEVI, seed 64, iteration 180, time: 29.79812526702881
Starting label LEVI, seed 64, iteration 190, time: 31.62181568145752
Starting label LEVI, seed 64, iteration 200, time: 33.47069215774536
Starting label LEVI, seed 64, iteration 210, time: 35.303006410598755
Starting label LEVI, seed 64, iteration 220, time: 37.27948617935181
Starting label LEVI, seed 64, iteration 230, time: 39.22006893157959
Starting label LEVI, seed 64, iteration 240, time: 41.213194608688354
Starting label LEVI, seed 64, iteration 250, time: 43.233957052230835
Starting label LEVI, seed 64, iteration 260, time: 45.13339972496033
Starting label LEVI, seed 64, iteration 270, time: 46.938133001327515
Starting label LEVI, seed 64, iteration 280, time: 48.76330256462097
Starting label LEVI, seed 64, iteration 290, time: 50.542519092559814
Starting label LEVI, seed 64, iteration 300, time: 52.35366368293762
Starting label LEVI, seed 64, iteration 310, time: 54.18075680732727
Starting label LEVI, seed 64, iteration 320, time: 55.84645080566406
Starting label LEVI, seed 64, iteration 330, time: 57.53978776931763
Starting label LEVI, seed 64, iteration 340, time: 59.26160645484924
Starting label LEVI, seed 64, iteration 350, time: 61.02257442474365
Starting label LEVI, seed 64, iteration 360, time: 62.80668663978577
Starting label LEVI, seed 64, iteration 370, time: 64.62208914756775
Starting label LEVI, seed 64, iteration 380, time: 66.41776514053345
Starting label LEVI, seed 64, iteration 390, time: 68.24853372573853
Starting label LEVI, seed 64, iteration 400, time: 70.24594950675964
Starting label LEVI, seed 64, iteration 410, time: 72.24773263931274
Starting label LEVI, seed 64, iteration 420, time: 74.13576602935791
Starting label LEVI, seed 64, iteration 430, time: 76.18920946121216
Starting label LEVI, seed 64, iteration 440, time: 78.18495202064514
Starting label LEVI, seed 64, iteration 450, time: 80.19980430603027
Starting label LEVI, seed 64, iteration 460, time: 82.15893983840942
Starting label LEVI, seed 64, iteration 470, time: 84.17719841003418
Starting label LEVI, seed 64, iteration 480, time: 86.1825065612793
Starting label LEVI, seed 64, iteration 490, time: 88.25422787666321
Starting label LEVI, seed 64, iteration 500, time: 90.37630915641785
Starting label LEVI, seed 64, iteration 510, time: 92.48356318473816
Starting label LEVI, seed 64, iteration 520, time: 94.73183536529541
Starting label LEVI, seed 64, iteration 530, time: 97.12519073486328
Starting label LEVI, seed 64, iteration 540, time: 99.39587473869324
Starting label LEVI, seed 64, iteration 550, time: 101.78151822090149
Starting label LEVI, seed 64, iteration 560, time: 104.06382393836975
Starting label LEVI, seed 64, iteration 570, time: 106.43587303161621
Starting label LEVI, seed 64, iteration 580, time: 108.83425569534302
Starting label LEVI, seed 64, iteration 590, time: 111.23858284950256
Starting label LEVI, seed 64, iteration 600, time: 113.4442298412323
Starting label LEVI, seed 64, iteration 610, time: 115.7778046131134
Starting label LEVI, seed 64, iteration 620, time: 118.2409782409668
Starting label LEVI, seed 64, iteration 630, time: 120.59534645080566
Starting label LEVI, seed 64, iteration 640, time: 122.99196243286133
Starting label LEVI, seed 64, iteration 650, time: 125.44799590110779
Starting label LEVI, seed 64, iteration 660, time: 127.81002402305603
Starting label LEVI, seed 64, iteration 670, time: 130.28730082511902
Starting label LEVI, seed 64, iteration 680, time: 132.71381974220276
Starting label LEVI, seed 64, iteration 690, time: 135.17466497421265
Starting label LEVI, seed 64, iteration 700, time: 137.83732104301453
Starting label LEVI, seed 64, iteration 710, time: 140.5198028087616
Starting label LEVI, seed 64, iteration 720, time: 143.01539707183838
Starting label LEVI, seed 64, iteration 730, time: 145.68375372886658
Starting label LEVI, seed 64, iteration 740, time: 147.99871182441711
Starting label LEVI, seed 64, iteration 750, time: 150.67637014389038
Starting label LEVI, seed 64, iteration 760, time: 153.12709093093872
Starting label LEVI, seed 64, iteration 770, time: 155.49006628990173
Starting label LEVI, seed 64, iteration 780, time: 158.08137273788452
Starting label LEVI, seed 64, iteration 790, time: 160.51949000358582
Starting label LEVI, seed 64, iteration 800, time: 163.28226375579834
Starting label LEVI, seed 64, iteration 810, time: 165.9419345855713
Starting label LEVI, seed 64, iteration 820, time: 168.45360326766968
Starting label LEVI, seed 64, iteration 830, time: 170.98992395401
Starting label LEVI, seed 64, iteration 840, time: 173.5656988620758
Starting label LEVI, seed 64, iteration 850, time: 176.0686662197113
Starting label LEVI, seed 64, iteration 860, time: 178.99228477478027
Starting label LEVI, seed 64, iteration 870, time: 182.06097841262817
Starting label LEVI, seed 64, iteration 880, time: 184.81592464447021
Starting label LEVI, seed 64, iteration 890, time: 187.52591514587402
Starting label LEVI, seed 64, iteration 900, time: 190.47775506973267
Starting label LEVI, seed 64, iteration 910, time: 193.48540091514587
Starting label LEVI, seed 64, iteration 920, time: 196.98804593086243
Starting label LEVI, seed 64, iteration 930, time: 200.09797406196594
Starting label LEVI, seed 64, iteration 940, time: 203.01840209960938
Starting label LEVI, seed 64, iteration 950, time: 206.39124584197998
Starting label LEVI, seed 64, iteration 960, time: 209.61575317382812
Starting label LEVI, seed 64, iteration 970, time: 212.54092264175415
Starting label LEVI, seed 64, iteration 980, time: 215.7236680984497
Starting label LEVI, seed 64, iteration 990, time: 218.4615044593811
Starting label LEVI, seed 64, iteration 1000, time: 221.3523406982422
Starting label LEVI, seed 64, iteration 1010, time: 224.61951971054077
Starting label LEVI, seed 64, iteration 1020, time: 227.83723187446594
Starting label LEVI, seed 64, iteration 1030, time: 230.80972504615784
Starting label LEVI, seed 64, iteration 1040, time: 234.13405299186707
Starting label LEVI, seed 64, iteration 1050, time: 237.64007353782654
Starting label LEVI, seed 64, iteration 1060, time: 240.5946445465088
Starting label LEVI, seed 64, iteration 1070, time: 243.4686598777771
Starting label LEVI, seed 64, iteration 1080, time: 246.6752905845642
Starting label LEVI, seed 64, iteration 1090, time: 250.05994582176208
Starting label LEVI, seed 64, iteration 1100, time: 253.00309562683105
Starting label LEVI, seed 64, iteration 1110, time: 256.26696252822876
Starting label LEVI, seed 64, iteration 1120, time: 259.8071446418762
Starting label LEVI, seed 64, iteration 1130, time: 263.4756028652191
Starting label LEVI, seed 64, iteration 1140, time: 267.24663829803467
Starting label LEVI, seed 64, iteration 1150, time: 270.6210856437683
Starting label LEVI, seed 64, iteration 1160, time: 274.4184060096741
Starting label LEVI, seed 64, iteration 1170, time: 278.2231149673462
Starting label LEVI, seed 64, iteration 1180, time: 281.95620703697205
Starting label LEVI, seed 64, iteration 1190, time: 285.27032566070557
Starting label LEVI, seed 64, iteration 1200, time: 289.3372747898102
Starting label LEVI, seed 64, iteration 1210, time: 292.9586534500122
Starting label LEVI, seed 64, iteration 1220, time: 296.72555208206177
Starting label LEVI, seed 64, iteration 1230, time: 300.2838385105133
Starting label LEVI, seed 64, iteration 1240, time: 304.7422704696655
Starting label LEVI, seed 64, iteration 1250, time: 308.4974637031555
Starting label LEVI, seed 64, iteration 1260, time: 312.45444321632385
Starting label LEVI, seed 64, iteration 1270, time: 316.23298954963684
Starting label LEVI, seed 64, iteration 1280, time: 319.97283935546875
Starting label LEVI, seed 64, iteration 1290, time: 323.79399132728577
Starting label LEVI, seed 64, iteration 1300, time: 327.6596899032593
Starting label LEVI, seed 64, iteration 1310, time: 331.48752641677856
Starting label LEVI, seed 64, iteration 1320, time: 335.97991394996643
Starting label LEVI, seed 64, iteration 1330, time: 340.55415201187134
Starting label LEVI, seed 64, iteration 1340, time: 345.1238775253296
Starting label LEVI, seed 64, iteration 1350, time: 349.8433406352997
Starting label LEVI, seed 64, iteration 1360, time: 354.37669253349304
Starting label LEVI, seed 64, iteration 1370, time: 359.39364314079285
Starting label LEVI, seed 64, iteration 1380, time: 363.32006072998047
Starting label LEVI, seed 64, iteration 1390, time: 368.3874309062958
Starting label LEVI, seed 64, iteration 1400, time: 373.466566324234
Starting label LEVI, seed 64, iteration 1410, time: 377.6755328178406
Starting label LEVI, seed 64, iteration 1420, time: 382.89477920532227
Starting label LEVI, seed 64, iteration 1430, time: 387.9628665447235
Starting label LEVI, seed 64, iteration 1440, time: 393.50819087028503
Starting label LEVI, seed 64, iteration 1450, time: 398.2869975566864
Starting label LEVI, seed 64, iteration 1460, time: 403.83066058158875
Starting label LEVI, seed 64, iteration 1470, time: 409.79598903656006
Starting label LEVI, seed 64, iteration 1480, time: 416.0240876674652
Starting label LEVI, seed 64, iteration 1490, time: 422.06698751449585
Starting label LEVI, seed 64, iteration 1500, time: 427.2671377658844
Starting label LEVI, seed 64, iteration 1510, time: 432.5326247215271
Starting label LEVI, seed 64, iteration 1520, time: 437.83155059814453
Starting label LEVI, seed 64, iteration 1530, time: 443.10323572158813
Starting label LEVI, seed 64, iteration 1540, time: 448.34706568717957
Starting label LEVI, seed 64, iteration 1550, time: 454.015202999115
Starting label LEVI, seed 64, iteration 1560, time: 460.0972318649292
Starting label LEVI, seed 64, iteration 1570, time: 466.86297273635864
Starting label LEVI, seed 64, iteration 1580, time: 473.35428524017334
Starting label LEVI, seed 64, iteration 1590, time: 480.1109480857849
Starting label LEVI, seed 64, iteration 1600, time: 485.75664496421814
Starting label LEVI, seed 64, iteration 1610, time: 491.5728614330292
Starting label LEVI, seed 64, iteration 1620, time: 498.8286395072937
Starting label LEVI, seed 64, iteration 1630, time: 505.36753582954407
Starting label LEVI, seed 64, iteration 1640, time: 512.374701499939
Starting label LEVI, seed 64, iteration 1650, time: 518.4044120311737
Starting label LEVI, seed 64, iteration 1660, time: 525.4272055625916
Starting label LEVI, seed 64, iteration 1670, time: 531.6925611495972
Starting label LEVI, seed 64, iteration 1680, time: 538.8050892353058
Starting label LEVI, seed 64, iteration 1690, time: 545.3547012805939
Starting label LEVI, seed 64, iteration 1700, time: 551.8077561855316
Starting label LEVI, seed 64, iteration 1710, time: 558.3991734981537
Starting label LEVI, seed 64, iteration 1720, time: 564.7806973457336
Starting label LEVI, seed 64, iteration 1730, time: 571.4953973293304
Starting label LEVI, seed 64, iteration 1740, time: 579.5070431232452
Starting label LEVI, seed 64, iteration 1750, time: 586.6597301959991
Starting label LEVI, seed 64, iteration 1760, time: 593.93878865242
Starting label LEVI, seed 64, iteration 1770, time: 601.4630229473114
Starting label LEVI, seed 64, iteration 1780, time: 609.3573045730591
Starting label LEVI, seed 64, iteration 1790, time: 616.6481204032898
Starting label LEVI, seed 64, iteration 1800, time: 624.435640335083
Starting label LEVI, seed 64, iteration 1810, time: 634.5429468154907
Starting label LEVI, seed 64, iteration 1820, time: 642.6593706607819
Starting label LEVI, seed 64, iteration 1830, time: 650.2552049160004
Starting label LEVI, seed 64, iteration 1840, time: 657.3831911087036
Starting label LEVI, seed 64, iteration 1850, time: 664.2510144710541
Starting label LEVI, seed 64, iteration 1860, time: 673.9796621799469
Starting label LEVI, seed 64, iteration 1870, time: 683.7066824436188
Starting label LEVI, seed 64, iteration 1880, time: 691.4756200313568
Starting label LEVI, seed 64, iteration 1890, time: 700.631284236908
Starting label LEVI, seed 64, iteration 1900, time: 710.6535122394562
Starting label LEVI, seed 64, iteration 1910, time: 720.7033672332764
Starting label LEVI, seed 64, iteration 1920, time: 731.3301665782928
Starting label LEVI, seed 64, iteration 1930, time: 742.0269079208374
Starting label LEVI, seed 64, iteration 1940, time: 750.0281352996826
Starting label LEVI, seed 64, iteration 1950, time: 758.470330953598
submitit WARNING (2022-10-02 00:55:52,050) - Bypassing signal SIGCONT
submitit WARNING (2022-10-02 00:55:52,085) - Bypassing signal SIGTERM
Starting label LEVI, seed 64, iteration 1960, time: 766.8826441764832
Starting label LEVI, seed 64, iteration 1970, time: 777.4747495651245
Starting label LEVI, seed 64, iteration 1980, time: 788.6595816612244
