submitit INFO (2022-10-02 01:50:19,527) - Starting with JobEnvironment(job_id=883560_3, hostname=lecun.cs.cornell.edu, local_rank=0(1), node=0(1), global_rank=0(1))
submitit INFO (2022-10-02 01:50:19,528) - Loading pickle: /home/gid-cakmaks/contextual_rs/experiments/wsc_experiments/logs/883560_3/883560_3_submitted.pkl
Starting label LEVI, seed 43, iteration 0, time: 0.0003936290740966797
Starting label LEVI, seed 43, iteration 10, time: 4.09714937210083
Starting label LEVI, seed 43, iteration 20, time: 8.134514331817627
Starting label LEVI, seed 43, iteration 30, time: 12.36495304107666
Starting label LEVI, seed 43, iteration 40, time: 16.458423614501953
Starting label LEVI, seed 43, iteration 50, time: 20.665022611618042
Starting label LEVI, seed 43, iteration 60, time: 24.71714448928833
Starting label LEVI, seed 43, iteration 70, time: 28.87866997718811
Starting label LEVI, seed 43, iteration 80, time: 33.03335690498352
Starting label LEVI, seed 43, iteration 90, time: 38.27785778045654
Starting label LEVI, seed 43, iteration 100, time: 42.672054290771484
Starting label LEVI, seed 43, iteration 110, time: 47.99717402458191
Starting label LEVI, seed 43, iteration 120, time: 52.37754011154175
Starting label LEVI, seed 43, iteration 130, time: 56.431705713272095
Starting label LEVI, seed 43, iteration 140, time: 60.59268522262573
Starting label LEVI, seed 43, iteration 150, time: 65.47473239898682
Starting label LEVI, seed 43, iteration 160, time: 70.0917136669159
Starting label LEVI, seed 43, iteration 170, time: 74.59016060829163
Starting label LEVI, seed 43, iteration 180, time: 79.31769227981567
Starting label LEVI, seed 43, iteration 190, time: 83.90362787246704
Starting label LEVI, seed 43, iteration 200, time: 88.65057110786438
Starting label LEVI, seed 43, iteration 210, time: 93.47775769233704
Starting label LEVI, seed 43, iteration 220, time: 98.16633605957031
Starting label LEVI, seed 43, iteration 230, time: 103.40781545639038
Starting label LEVI, seed 43, iteration 240, time: 108.28507590293884
Starting label LEVI, seed 43, iteration 250, time: 113.19730830192566
Starting label LEVI, seed 43, iteration 260, time: 118.07279872894287
Starting label LEVI, seed 43, iteration 270, time: 122.86318230628967
Starting label LEVI, seed 43, iteration 280, time: 127.64913654327393
Starting label LEVI, seed 43, iteration 290, time: 132.3962459564209
Starting label LEVI, seed 43, iteration 300, time: 137.46823287010193
Starting label LEVI, seed 43, iteration 310, time: 142.46430277824402
Starting label LEVI, seed 43, iteration 320, time: 147.40184140205383
Starting label LEVI, seed 43, iteration 330, time: 152.63610982894897
Starting label LEVI, seed 43, iteration 340, time: 157.85502791404724
Starting label LEVI, seed 43, iteration 350, time: 163.0362253189087
Starting label LEVI, seed 43, iteration 360, time: 168.29999995231628
Starting label LEVI, seed 43, iteration 370, time: 173.53262853622437
Starting label LEVI, seed 43, iteration 380, time: 179.01531171798706
Starting label LEVI, seed 43, iteration 390, time: 185.639657497406
Starting label LEVI, seed 43, iteration 400, time: 190.8018925189972
Starting label LEVI, seed 43, iteration 410, time: 196.1467604637146
Starting label LEVI, seed 43, iteration 420, time: 201.46525263786316
Starting label LEVI, seed 43, iteration 430, time: 206.98274493217468
Starting label LEVI, seed 43, iteration 440, time: 212.49604392051697
Starting label LEVI, seed 43, iteration 450, time: 217.91980004310608
Starting label LEVI, seed 43, iteration 460, time: 223.1157910823822
Starting label LEVI, seed 43, iteration 470, time: 228.44990396499634
Starting label LEVI, seed 43, iteration 480, time: 233.95861315727234
Starting label LEVI, seed 43, iteration 490, time: 239.49363780021667
Starting label LEVI, seed 43, iteration 500, time: 245.16611433029175
Starting label LEVI, seed 43, iteration 510, time: 250.7606885433197
Starting label LEVI, seed 43, iteration 520, time: 256.1895525455475
Starting label LEVI, seed 43, iteration 530, time: 261.7019417285919
Starting label LEVI, seed 43, iteration 540, time: 267.2583167552948
Starting label LEVI, seed 43, iteration 550, time: 272.5190076828003
Starting label LEVI, seed 43, iteration 560, time: 278.0421164035797
Starting label LEVI, seed 43, iteration 570, time: 283.62903785705566
Starting label LEVI, seed 43, iteration 580, time: 289.00451254844666
submitit WARNING (2022-10-02 01:55:12,570) - Bypassing signal SIGCONT
submitit WARNING (2022-10-02 01:55:12,635) - Bypassing signal SIGTERM
Starting label LEVI, seed 43, iteration 590, time: 295.2403085231781
Starting label LEVI, seed 43, iteration 600, time: 303.61277866363525
Starting label LEVI, seed 43, iteration 610, time: 309.3855745792389
Starting label LEVI, seed 43, iteration 620, time: 314.92295122146606
Starting label LEVI, seed 43, iteration 630, time: 320.1510970592499
