submitit INFO (2022-10-02 04:34:36,766) - Starting with JobEnvironment(job_id=884079_9, hostname=lecun.cs.cornell.edu, local_rank=0(1), node=0(1), global_rank=0(1))
submitit INFO (2022-10-02 04:34:36,766) - Loading pickle: /home/gid-cakmaks/contextual_rs/experiments/wsc_experiments/logs/884079_9/884079_9_submitted.pkl
Appending iterations to existing output!Warning: If parameters other than `iterations` have been changed, this will corrupt the output!
Starting label LEVI, seed 99, iteration 260, time: 129.07201170921326
Starting label LEVI, seed 99, iteration 270, time: 134.01285815238953
Starting label LEVI, seed 99, iteration 280, time: 138.88506484031677
Starting label LEVI, seed 99, iteration 290, time: 143.76566362380981
Starting label LEVI, seed 99, iteration 300, time: 148.82609105110168
Starting label LEVI, seed 99, iteration 310, time: 153.962886095047
Starting label LEVI, seed 99, iteration 320, time: 158.96714043617249
Starting label LEVI, seed 99, iteration 330, time: 164.06681847572327
Starting label LEVI, seed 99, iteration 340, time: 169.35850143432617
Starting label LEVI, seed 99, iteration 350, time: 174.4075813293457
Starting label LEVI, seed 99, iteration 360, time: 179.31007480621338
Starting label LEVI, seed 99, iteration 370, time: 184.08861470222473
Starting label LEVI, seed 99, iteration 380, time: 188.992835521698
Starting label LEVI, seed 99, iteration 390, time: 194.10800576210022
Starting label LEVI, seed 99, iteration 400, time: 199.6772346496582
Starting label LEVI, seed 99, iteration 410, time: 204.98889207839966
Starting label LEVI, seed 99, iteration 420, time: 210.35792636871338
Starting label LEVI, seed 99, iteration 430, time: 215.6606056690216
Starting label LEVI, seed 99, iteration 440, time: 221.00315713882446
Starting label LEVI, seed 99, iteration 450, time: 226.11484122276306
Starting label LEVI, seed 99, iteration 460, time: 231.2308521270752
Starting label LEVI, seed 99, iteration 470, time: 236.4877233505249
Starting label LEVI, seed 99, iteration 480, time: 241.745920419693
Starting label LEVI, seed 99, iteration 490, time: 247.08334732055664
Starting label LEVI, seed 99, iteration 500, time: 252.18992567062378
Starting label LEVI, seed 99, iteration 510, time: 258.2374258041382
Starting label LEVI, seed 99, iteration 520, time: 263.5228271484375
Starting label LEVI, seed 99, iteration 530, time: 268.88668036460876
Starting label LEVI, seed 99, iteration 540, time: 274.382595539093
Starting label LEVI, seed 99, iteration 550, time: 279.7064542770386
Starting label LEVI, seed 99, iteration 560, time: 284.9726438522339
Starting label LEVI, seed 99, iteration 570, time: 290.1645350456238
Starting label LEVI, seed 99, iteration 580, time: 295.36040711402893
Starting label LEVI, seed 99, iteration 590, time: 300.6924388408661
Starting label LEVI, seed 99, iteration 600, time: 305.985280752182
Starting label LEVI, seed 99, iteration 610, time: 311.55876088142395
Starting label LEVI, seed 99, iteration 620, time: 316.9260952472687
Starting label LEVI, seed 99, iteration 630, time: 322.0948739051819
Starting label LEVI, seed 99, iteration 640, time: 327.2643644809723
Starting label LEVI, seed 99, iteration 650, time: 335.42165303230286
Starting label LEVI, seed 99, iteration 660, time: 340.7076847553253
Starting label LEVI, seed 99, iteration 670, time: 347.2071912288666
Starting label LEVI, seed 99, iteration 680, time: 352.6026315689087
Starting label LEVI, seed 99, iteration 690, time: 359.5958023071289
Starting label LEVI, seed 99, iteration 700, time: 364.9932816028595
Starting label LEVI, seed 99, iteration 710, time: 370.2609028816223
Starting label LEVI, seed 99, iteration 720, time: 375.57661652565
Starting label LEVI, seed 99, iteration 730, time: 380.7999572753906
Starting label LEVI, seed 99, iteration 740, time: 385.98754239082336
Starting label LEVI, seed 99, iteration 750, time: 391.16273856163025
Starting label LEVI, seed 99, iteration 760, time: 396.41794300079346
Starting label LEVI, seed 99, iteration 770, time: 401.72589135169983
Starting label LEVI, seed 99, iteration 780, time: 406.9461176395416
Starting label LEVI, seed 99, iteration 790, time: 412.19873452186584
Starting label LEVI, seed 99, iteration 800, time: 417.4460275173187
Starting label LEVI, seed 99, iteration 810, time: 422.7104432582855
Starting label LEVI, seed 99, iteration 820, time: 427.9507222175598
Starting label LEVI, seed 99, iteration 830, time: 433.2001609802246
Starting label LEVI, seed 99, iteration 840, time: 438.4157841205597
Starting label LEVI, seed 99, iteration 850, time: 443.7468538284302
Starting label LEVI, seed 99, iteration 860, time: 448.9876868724823
Starting label LEVI, seed 99, iteration 870, time: 454.34203934669495
Starting label LEVI, seed 99, iteration 880, time: 459.7612602710724
Starting label LEVI, seed 99, iteration 890, time: 465.25346279144287
Starting label LEVI, seed 99, iteration 900, time: 472.3817343711853
Starting label LEVI, seed 99, iteration 910, time: 478.4808373451233
Starting label LEVI, seed 99, iteration 920, time: 483.9661867618561
Starting label LEVI, seed 99, iteration 930, time: 489.4877574443817
Starting label LEVI, seed 99, iteration 940, time: 495.0678162574768
Starting label LEVI, seed 99, iteration 950, time: 500.8372745513916
Starting label LEVI, seed 99, iteration 960, time: 506.551958322525
Starting label LEVI, seed 99, iteration 970, time: 512.2269563674927
Starting label LEVI, seed 99, iteration 980, time: 517.8482065200806
Starting label LEVI, seed 99, iteration 990, time: 523.3672037124634
Starting label LEVI, seed 99, iteration 1000, time: 529.0487279891968
Starting label LEVI, seed 99, iteration 1010, time: 534.6882297992706
Starting label LEVI, seed 99, iteration 1020, time: 540.2503559589386
Starting label LEVI, seed 99, iteration 1030, time: 545.8626489639282
Starting label LEVI, seed 99, iteration 1040, time: 551.337384223938
Starting label LEVI, seed 99, iteration 1050, time: 556.8927383422852
Starting label LEVI, seed 99, iteration 1060, time: 562.3405594825745
Starting label LEVI, seed 99, iteration 1070, time: 567.7159576416016
Starting label LEVI, seed 99, iteration 1080, time: 573.1992783546448
Starting label LEVI, seed 99, iteration 1090, time: 578.5585231781006
Starting label LEVI, seed 99, iteration 1100, time: 584.0481169223785
Starting label LEVI, seed 99, iteration 1110, time: 589.5292732715607
Starting label LEVI, seed 99, iteration 1120, time: 595.293475151062
Starting label LEVI, seed 99, iteration 1130, time: 600.7629261016846
Starting label LEVI, seed 99, iteration 1140, time: 606.2294907569885
Starting label LEVI, seed 99, iteration 1150, time: 611.6817071437836
Starting label LEVI, seed 99, iteration 1160, time: 617.4819808006287
Starting label LEVI, seed 99, iteration 1170, time: 623.4538979530334
Starting label LEVI, seed 99, iteration 1180, time: 630.1083064079285
Starting label LEVI, seed 99, iteration 1190, time: 637.2079932689667
Starting label LEVI, seed 99, iteration 1200, time: 642.7951347827911
Starting label LEVI, seed 99, iteration 1210, time: 648.6078209877014
Starting label LEVI, seed 99, iteration 1220, time: 655.0255215167999
Starting label LEVI, seed 99, iteration 1230, time: 660.9830849170685
Starting label LEVI, seed 99, iteration 1240, time: 667.1905403137207
Starting label LEVI, seed 99, iteration 1250, time: 673.2934489250183
Starting label LEVI, seed 99, iteration 1260, time: 679.6266529560089
Starting label LEVI, seed 99, iteration 1270, time: 685.7594232559204
Starting label LEVI, seed 99, iteration 1280, time: 691.8206584453583
Starting label LEVI, seed 99, iteration 1290, time: 697.783941745758
Starting label LEVI, seed 99, iteration 1300, time: 704.1369488239288
Starting label LEVI, seed 99, iteration 1310, time: 710.4833467006683
Starting label LEVI, seed 99, iteration 1320, time: 716.8972752094269
Starting label LEVI, seed 99, iteration 1330, time: 723.2606008052826
Starting label LEVI, seed 99, iteration 1340, time: 730.1900582313538
Starting label LEVI, seed 99, iteration 1350, time: 736.5045113563538
Starting label LEVI, seed 99, iteration 1360, time: 743.0287973880768
Starting label LEVI, seed 99, iteration 1370, time: 749.6868026256561
Starting label LEVI, seed 99, iteration 1380, time: 757.0134460926056
Starting label LEVI, seed 99, iteration 1390, time: 763.548018693924
Starting label LEVI, seed 99, iteration 1400, time: 770.0794558525085
Starting label LEVI, seed 99, iteration 1410, time: 776.582117319107
Starting label LEVI, seed 99, iteration 1420, time: 783.2183353900909
Starting label LEVI, seed 99, iteration 1430, time: 789.5426971912384
Starting label LEVI, seed 99, iteration 1440, time: 795.7972321510315
Starting label LEVI, seed 99, iteration 1450, time: 802.1410713195801
Starting label LEVI, seed 99, iteration 1460, time: 808.6069533824921
Starting label LEVI, seed 99, iteration 1470, time: 814.9546022415161
Starting label LEVI, seed 99, iteration 1480, time: 821.5428202152252
Starting label LEVI, seed 99, iteration 1490, time: 828.1654875278473
Starting label LEVI, seed 99, iteration 1500, time: 834.8460540771484
Starting label LEVI, seed 99, iteration 1510, time: 841.6404511928558
Starting label LEVI, seed 99, iteration 1520, time: 848.3829131126404
Starting label LEVI, seed 99, iteration 1530, time: 855.2006855010986
Starting label LEVI, seed 99, iteration 1540, time: 862.0407259464264
Starting label LEVI, seed 99, iteration 1550, time: 868.7217090129852
Starting label LEVI, seed 99, iteration 1560, time: 875.2543847560883
Starting label LEVI, seed 99, iteration 1570, time: 882.3220853805542
Starting label LEVI, seed 99, iteration 1580, time: 889.2126607894897
Starting label LEVI, seed 99, iteration 1590, time: 898.2874426841736
Starting label LEVI, seed 99, iteration 1600, time: 905.1218802928925
Starting label LEVI, seed 99, iteration 1610, time: 912.0671410560608
Starting label LEVI, seed 99, iteration 1620, time: 919.2295639514923
Starting label LEVI, seed 99, iteration 1630, time: 926.574259519577
Starting label LEVI, seed 99, iteration 1640, time: 933.7517294883728
Starting label LEVI, seed 99, iteration 1650, time: 940.9917161464691
Starting label LEVI, seed 99, iteration 1660, time: 947.912520647049
Starting label LEVI, seed 99, iteration 1670, time: 955.122889995575
Starting label LEVI, seed 99, iteration 1680, time: 962.0370190143585
Starting label LEVI, seed 99, iteration 1690, time: 969.4162294864655
Starting label LEVI, seed 99, iteration 1700, time: 977.1134965419769
Starting label LEVI, seed 99, iteration 1710, time: 984.469673871994
Starting label LEVI, seed 99, iteration 1720, time: 991.7680082321167
Starting label LEVI, seed 99, iteration 1730, time: 999.2613079547882
Starting label LEVI, seed 99, iteration 1740, time: 1006.6351690292358
Starting label LEVI, seed 99, iteration 1750, time: 1013.9455280303955
Starting label LEVI, seed 99, iteration 1760, time: 1021.6218240261078
Starting label LEVI, seed 99, iteration 1770, time: 1030.2824590206146
Starting label LEVI, seed 99, iteration 1780, time: 1038.1301529407501
Starting label LEVI, seed 99, iteration 1790, time: 1045.8191516399384
Starting label LEVI, seed 99, iteration 1800, time: 1053.277820110321
Starting label LEVI, seed 99, iteration 1810, time: 1060.6858541965485
Starting label LEVI, seed 99, iteration 1820, time: 1068.2670018672943
Starting label LEVI, seed 99, iteration 1830, time: 1075.828544139862
Starting label LEVI, seed 99, iteration 1840, time: 1083.106415271759
Starting label LEVI, seed 99, iteration 1850, time: 1090.6487789154053
Starting label LEVI, seed 99, iteration 1860, time: 1098.284737586975
Starting label LEVI, seed 99, iteration 1870, time: 1105.589819431305
Starting label LEVI, seed 99, iteration 1880, time: 1112.873411655426
Starting label LEVI, seed 99, iteration 1890, time: 1120.1524727344513
Starting label LEVI, seed 99, iteration 1900, time: 1127.650565624237
Starting label LEVI, seed 99, iteration 1910, time: 1135.0101306438446
Starting label LEVI, seed 99, iteration 1920, time: 1142.6538195610046
Starting label LEVI, seed 99, iteration 1930, time: 1150.2405033111572
Starting label LEVI, seed 99, iteration 1940, time: 1157.6657559871674
Starting label LEVI, seed 99, iteration 1950, time: 1164.8531229496002
Starting label LEVI, seed 99, iteration 1960, time: 1172.197569847107
Starting label LEVI, seed 99, iteration 1970, time: 1179.6980390548706
Starting label LEVI, seed 99, iteration 1980, time: 1187.271162033081
Starting label LEVI, seed 99, iteration 1990, time: 1194.8776195049286
submitit INFO (2022-10-02 04:52:31,551) - Job completed successfully
