submitit INFO (2022-10-02 03:17:15,312) - Starting with JobEnvironment(job_id=883809_3, hostname=g2-compute-96.coecis.cornell.edu, local_rank=0(1), node=0(1), global_rank=0(1))
submitit INFO (2022-10-02 03:17:15,312) - Loading pickle: /home/gid-cakmaks/contextual_rs/experiments/wsc_experiments/logs/883809_3/883809_3_submitted.pkl
Appending iterations to existing output!Warning: If parameters other than `iterations` have been changed, this will corrupt the output!
Starting label LEVI, seed 83, iteration 50, time: 35.46889853477478
Starting label LEVI, seed 83, iteration 60, time: 37.90516448020935
Starting label LEVI, seed 83, iteration 70, time: 40.22741436958313
Starting label LEVI, seed 83, iteration 80, time: 42.532185554504395
submitit WARNING (2022-10-02 03:17:24,764) - Bypassing signal SIGCONT
submitit WARNING (2022-10-02 03:17:24,806) - Bypassing signal SIGTERM
Starting label LEVI, seed 83, iteration 90, time: 44.89221525192261
Starting label LEVI, seed 83, iteration 100, time: 47.18906903266907
Starting label LEVI, seed 83, iteration 110, time: 49.60095715522766
Starting label LEVI, seed 83, iteration 120, time: 52.05319285392761
Starting label LEVI, seed 83, iteration 130, time: 54.45936036109924
Starting label LEVI, seed 83, iteration 140, time: 56.92011642456055
Starting label LEVI, seed 83, iteration 150, time: 59.36359477043152
Starting label LEVI, seed 83, iteration 160, time: 61.89638900756836
Starting label LEVI, seed 83, iteration 170, time: 64.37722849845886
Starting label LEVI, seed 83, iteration 180, time: 66.79510951042175
Starting label LEVI, seed 83, iteration 190, time: 69.28691029548645
Starting label LEVI, seed 83, iteration 200, time: 71.73029685020447
