submitit INFO (2022-10-02 02:00:30,881) - Starting with JobEnvironment(job_id=883594_1, hostname=nikola-compute-02.cs.cornell.edu, local_rank=0(1), node=0(1), global_rank=0(1))
submitit INFO (2022-10-02 02:00:30,881) - Loading pickle: /home/gid-cakmaks/contextual_rs/experiments/wsc_experiments/logs/883594_1/883594_1_submitted.pkl
Appending iterations to existing output!Warning: If parameters other than `iterations` have been changed, this will corrupt the output!
Starting label LEVI, seed 16, iteration 790, time: 210.12123465538025
Starting label LEVI, seed 16, iteration 800, time: 213.24501943588257
Starting label LEVI, seed 16, iteration 810, time: 216.10712838172913
Starting label LEVI, seed 16, iteration 820, time: 219.00505590438843
Starting label LEVI, seed 16, iteration 830, time: 221.90161561965942
Starting label LEVI, seed 16, iteration 840, time: 224.82322216033936
Starting label LEVI, seed 16, iteration 850, time: 227.82613396644592
Starting label LEVI, seed 16, iteration 860, time: 230.73989915847778
Starting label LEVI, seed 16, iteration 870, time: 233.72791504859924
Starting label LEVI, seed 16, iteration 880, time: 236.71826672554016
Starting label LEVI, seed 16, iteration 890, time: 239.64697289466858
Starting label LEVI, seed 16, iteration 900, time: 242.7031877040863
Starting label LEVI, seed 16, iteration 910, time: 245.80563855171204
Starting label LEVI, seed 16, iteration 920, time: 248.8403081893921
Starting label LEVI, seed 16, iteration 930, time: 251.97078490257263
Starting label LEVI, seed 16, iteration 940, time: 254.99496507644653
Starting label LEVI, seed 16, iteration 950, time: 258.08874797821045
Starting label LEVI, seed 16, iteration 960, time: 261.11075925827026
Starting label LEVI, seed 16, iteration 970, time: 264.2219920158386
Starting label LEVI, seed 16, iteration 980, time: 267.3510174751282
Starting label LEVI, seed 16, iteration 990, time: 270.41190004348755
Starting label LEVI, seed 16, iteration 1000, time: 273.5458037853241
Starting label LEVI, seed 16, iteration 1010, time: 276.5857982635498
Starting label LEVI, seed 16, iteration 1020, time: 279.74419379234314
Starting label LEVI, seed 16, iteration 1030, time: 282.9054868221283
Starting label LEVI, seed 16, iteration 1040, time: 285.9874105453491
submitit WARNING (2022-10-02 02:01:49,589) - Bypassing signal SIGCONT
submitit WARNING (2022-10-02 02:01:49,631) - Bypassing signal SIGTERM
Starting label LEVI, seed 16, iteration 1050, time: 289.2263877391815
Starting label LEVI, seed 16, iteration 1060, time: 292.29231882095337
Starting label LEVI, seed 16, iteration 1070, time: 295.4465055465698
Starting label LEVI, seed 16, iteration 1080, time: 298.6036047935486
Starting label LEVI, seed 16, iteration 1090, time: 301.84759998321533
Starting label LEVI, seed 16, iteration 1100, time: 305.1000699996948
Starting label LEVI, seed 16, iteration 1110, time: 308.34679532051086
Starting label LEVI, seed 16, iteration 1120, time: 311.56872177124023
Starting label LEVI, seed 16, iteration 1130, time: 314.72272086143494
